[2025-09-01T06:58:06.535+0000] {local_task_job_runner.py:120} INFO - ::group::Pre task execution logs
[2025-09-01T06:58:06.563+0000] {taskinstance.py:2076} INFO - Dependencies all met for dep_context=non-requeueable deps ti=<TaskInstance: stock_detail_dag.run_stock_details scheduled__2025-09-01T06:57:00+00:00 [queued]>
[2025-09-01T06:58:06.572+0000] {taskinstance.py:2076} INFO - Dependencies all met for dep_context=requeueable deps ti=<TaskInstance: stock_detail_dag.run_stock_details scheduled__2025-09-01T06:57:00+00:00 [queued]>
[2025-09-01T06:58:06.572+0000] {taskinstance.py:2306} INFO - Starting attempt 1 of 2
[2025-09-01T06:58:06.585+0000] {taskinstance.py:2330} INFO - Executing <Task(BashOperator): run_stock_details> on 2025-09-01 06:57:00+00:00
[2025-09-01T06:58:06.593+0000] {standard_task_runner.py:63} INFO - Started process 2275726 to run task
[2025-09-01T06:58:06.597+0000] {standard_task_runner.py:90} INFO - Running: ['***', 'tasks', 'run', 'stock_detail_dag', 'run_stock_details', 'scheduled__2025-09-01T06:57:00+00:00', '--job-id', '38569', '--raw', '--subdir', 'DAGS_FOLDER/stock_detail/dags.py', '--cfg-path', '/tmp/tmpxuhmbseo']
[2025-09-01T06:58:06.599+0000] {standard_task_runner.py:91} INFO - Job 38569: Subtask run_stock_details
[2025-09-01T06:58:06.655+0000] {task_command.py:426} INFO - Running <TaskInstance: stock_detail_dag.run_stock_details scheduled__2025-09-01T06:57:00+00:00 [running]> on host 1877907bc043
[2025-09-01T06:58:06.756+0000] {taskinstance.py:2648} INFO - Exporting env vars: AIRFLOW_CTX_DAG_OWNER='***' AIRFLOW_CTX_DAG_ID='stock_detail_dag' AIRFLOW_CTX_TASK_ID='run_stock_details' AIRFLOW_CTX_EXECUTION_DATE='2025-09-01T06:57:00+00:00' AIRFLOW_CTX_TRY_NUMBER='1' AIRFLOW_CTX_DAG_RUN_ID='scheduled__2025-09-01T06:57:00+00:00'
[2025-09-01T06:58:06.757+0000] {taskinstance.py:430} INFO - ::endgroup::
[2025-09-01T06:58:06.772+0000] {subprocess.py:63} INFO - Tmp dir root location: /tmp
[2025-09-01T06:58:06.772+0000] {subprocess.py:75} INFO - Running command: ['/usr/bin/bash', '-c', 'python3 /opt/***/dags/stock_detail/stockdetail.py']
[2025-09-01T06:58:06.784+0000] {subprocess.py:86} INFO - Output:
[2025-09-01T07:02:12.638+0000] {subprocess.py:93} INFO - Thử 1/3 lỗi MBB124022: HTTPSConnectionPool(host='restv2.fireant.vn', port=443): Max retries exceeded with url: /symbols/MBB124022/historical-quotes?startDate=2025-08-31&endDate=2025-09-01&offset=0&limit=30 (Caused by NameResolutionError("<urllib3.connection.HTTPSConnection object at 0x7f364d544bb0>: Failed to resolve 'restv2.fireant.vn' ([Errno -2] Name or service not known)"))
[2025-09-01T07:02:12.639+0000] {subprocess.py:93} INFO - Thử 1/3 lỗi TCX124012: HTTPSConnectionPool(host='restv2.fireant.vn', port=443): Max retries exceeded with url: /symbols/TCX124012/historical-quotes?startDate=2025-08-31&endDate=2025-09-01&offset=0&limit=30 (Caused by NameResolutionError("<urllib3.connection.HTTPSConnection object at 0x7f364dd2b400>: Failed to resolve 'restv2.fireant.vn' ([Errno -2] Name or service not known)"))
[2025-09-01T07:02:12.639+0000] {subprocess.py:93} INFO - Thử 1/3 lỗi TCX124013: HTTPSConnectionPool(host='restv2.fireant.vn', port=443): Max retries exceeded with url: /symbols/TCX124013/historical-quotes?startDate=2025-08-31&endDate=2025-09-01&offset=0&limit=30 (Caused by NameResolutionError("<urllib3.connection.HTTPSConnection object at 0x7f364d574640>: Failed to resolve 'restv2.fireant.vn' ([Errno -2] Name or service not known)"))
[2025-09-01T07:02:12.640+0000] {subprocess.py:93} INFO - Thử 1/3 lỗi TDP124010: HTTPSConnectionPool(host='restv2.fireant.vn', port=443): Max retries exceeded with url: /symbols/TDP124010/historical-quotes?startDate=2025-08-31&endDate=2025-09-01&offset=0&limit=30 (Caused by NameResolutionError("<urllib3.connection.HTTPSConnection object at 0x7f365ac31930>: Failed to resolve 'restv2.fireant.vn' ([Errno -2] Name or service not known)"))
[2025-09-01T07:02:12.640+0000] {subprocess.py:93} INFO - Thử 1/3 lỗi VBA122001: HTTPSConnectionPool(host='restv2.fireant.vn', port=443): Max retries exceeded with url: /symbols/VBA122001/historical-quotes?startDate=2025-08-31&endDate=2025-09-01&offset=0&limit=30 (Caused by NameResolutionError("<urllib3.connection.HTTPSConnection object at 0x7f364d9e1480>: Failed to resolve 'restv2.fireant.vn' ([Errno -2] Name or service not known)"))
[2025-09-01T07:02:12.640+0000] {subprocess.py:93} INFO - Thử 1/3 lỗi KLB124009: HTTPSConnectionPool(host='restv2.fireant.vn', port=443): Max retries exceeded with url: /symbols/KLB124009/fundamental (Caused by NameResolutionError("<urllib3.connection.HTTPSConnection object at 0x7f364ddef160>: Failed to resolve 'restv2.fireant.vn' ([Errno -2] Name or service not known)"))
[2025-09-01T07:02:12.640+0000] {subprocess.py:93} INFO - Thử 1/3 lỗi KLB125015: HTTPSConnectionPool(host='restv2.fireant.vn', port=443): Max retries exceeded with url: /symbols/KLB125015/fundamental (Caused by NameResolutionError("<urllib3.connection.HTTPSConnection object at 0x7f365ac32170>: Failed to resolve 'restv2.fireant.vn' ([Errno -2] Name or service not known)"))
[2025-09-01T07:02:12.641+0000] {subprocess.py:93} INFO - Thử 1/3 lỗi LPB125006: HTTPSConnectionPool(host='restv2.fireant.vn', port=443): Max retries exceeded with url: /symbols/LPB125006/fundamental (Caused by NameResolutionError("<urllib3.connection.HTTPSConnection object at 0x7f364d9f02b0>: Failed to resolve 'restv2.fireant.vn' ([Errno -2] Name or service not known)"))
[2025-09-01T07:02:12.641+0000] {subprocess.py:93} INFO - Thử 1/3 lỗi VHM121025: HTTPSConnectionPool(host='restv2.fireant.vn', port=443): Max retries exceeded with url: /symbols/VHM121025/historical-quotes?startDate=2025-08-31&endDate=2025-09-01&offset=0&limit=30 (Caused by NameResolutionError("<urllib3.connection.HTTPSConnection object at 0x7f364dd8f010>: Failed to resolve 'restv2.fireant.vn' ([Errno -2] Name or service not known)"))
[2025-09-01T07:02:12.641+0000] {subprocess.py:93} INFO - Thử 1/3 lỗi VBB124007: HTTPSConnectionPool(host='restv2.fireant.vn', port=443): Max retries exceeded with url: /symbols/VBB124007/historical-quotes?startDate=2025-08-31&endDate=2025-09-01&offset=0&limit=30 (Caused by NameResolutionError("<urllib3.connection.HTTPSConnection object at 0x7f364dd8c580>: Failed to resolve 'restv2.fireant.vn' ([Errno -2] Name or service not known)"))
[2025-09-01T07:02:12.642+0000] {subprocess.py:93} INFO - Thử 1/3 lỗi VBB123017: HTTPSConnectionPool(host='restv2.fireant.vn', port=443): Max retries exceeded with url: /symbols/VBB123017/historical-quotes?startDate=2025-08-31&endDate=2025-09-01&offset=0&limit=30 (Caused by NameResolutionError("<urllib3.connection.HTTPSConnection object at 0x7f364d99ded0>: Failed to resolve 'restv2.fireant.vn' ([Errno -2] Name or service not known)"))
[2025-09-01T07:02:12.642+0000] {subprocess.py:93} INFO - Thử 1/3 lỗi LPB125007: HTTPSConnectionPool(host='restv2.fireant.vn', port=443): Max retries exceeded with url: /symbols/LPB125007/fundamental (Caused by NameResolutionError("<urllib3.connection.HTTPSConnection object at 0x7f364d593340>: Failed to resolve 'restv2.fireant.vn' ([Errno -2] Name or service not known)"))
[2025-09-01T07:02:12.642+0000] {subprocess.py:93} INFO - Thử 1/3 lỗi MSN123009: HTTPSConnectionPool(host='restv2.fireant.vn', port=443): Max retries exceeded with url: /symbols/MSN123009/historical-quotes?startDate=2025-08-31&endDate=2025-09-01&offset=0&limit=30 (Caused by NameResolutionError("<urllib3.connection.HTTPSConnection object at 0x7f364d511240>: Failed to resolve 'restv2.fireant.vn' ([Errno -2] Name or service not known)"))
[2025-09-01T07:02:12.643+0000] {subprocess.py:93} INFO - Thử 1/3 lỗi MBB125008: HTTPSConnectionPool(host='restv2.fireant.vn', port=443): Max retries exceeded with url: /symbols/MBB125008/fundamental (Caused by NameResolutionError("<urllib3.connection.HTTPSConnection object at 0x7f364d546050>: Failed to resolve 'restv2.fireant.vn' ([Errno -2] Name or service not known)"))
[2025-09-01T07:02:12.643+0000] {subprocess.py:93} INFO - Thử 1/3 lỗi NPM123024: HTTPSConnectionPool(host='restv2.fireant.vn', port=443): Max retries exceeded with url: /symbols/NPM123024/historical-quotes?startDate=2025-08-31&endDate=2025-09-01&offset=0&limit=30 (Caused by NameResolutionError("<urllib3.connection.HTTPSConnection object at 0x7f364dd8c7f0>: Failed to resolve 'restv2.fireant.vn' ([Errno -2] Name or service not known)"))
[2025-09-01T07:02:12.643+0000] {subprocess.py:93} INFO - Thử 1/3 lỗi SHB125010: HTTPSConnectionPool(host='restv2.fireant.vn', port=443): Max retries exceeded with url: /symbols/SHB125010/fundamental (Caused by NameResolutionError("<urllib3.connection.HTTPSConnection object at 0x7f364d985f00>: Failed to resolve 'restv2.fireant.vn' ([Errno -2] Name or service not known)"))
[2025-09-01T07:02:12.643+0000] {subprocess.py:93} INFO - Thử 1/3 lỗi LPB123016: HTTPSConnectionPool(host='restv2.fireant.vn', port=443): Max retries exceeded with url: /symbols/LPB123016/historical-quotes?startDate=2025-08-31&endDate=2025-09-01&offset=0&limit=30 (Caused by NameResolutionError("<urllib3.connection.HTTPSConnection object at 0x7f364d9f3a60>: Failed to resolve 'restv2.fireant.vn' ([Errno -2] Name or service not known)"))
[2025-09-01T07:02:12.643+0000] {subprocess.py:93} INFO - Thử 1/3 lỗi VIC123028: HTTPSConnectionPool(host='restv2.fireant.vn', port=443): Max retries exceeded with url: /symbols/VIC123028/historical-quotes?startDate=2025-08-31&endDate=2025-09-01&offset=0&limit=30 (Caused by NameResolutionError("<urllib3.connection.HTTPSConnection object at 0x7f365ac30a90>: Failed to resolve 'restv2.fireant.vn' ([Errno -2] Name or service not known)"))
[2025-09-01T07:02:12.644+0000] {subprocess.py:93} INFO - Thử 1/3 lỗi VBA124019: HTTPSConnectionPool(host='restv2.fireant.vn', port=443): Max retries exceeded with url: /symbols/VBA124019/historical-quotes?startDate=2025-08-31&endDate=2025-09-01&offset=0&limit=30 (Caused by NameResolutionError("<urllib3.connection.HTTPSConnection object at 0x7f364d9e2ec0>: Failed to resolve 'restv2.fireant.vn' ([Errno -2] Name or service not known)"))
[2025-09-01T07:02:12.644+0000] {subprocess.py:93} INFO - Thử 1/3 lỗi VIC123029: HTTPSConnectionPool(host='restv2.fireant.vn', port=443): Max retries exceeded with url: /symbols/VIC123029/historical-quotes?startDate=2025-08-31&endDate=2025-09-01&offset=0&limit=30 (Caused by NameResolutionError("<urllib3.connection.HTTPSConnection object at 0x7f364ddeee60>: Failed to resolve 'restv2.fireant.vn' ([Errno -2] Name or service not known)"))
[2025-09-01T07:02:12.644+0000] {subprocess.py:93} INFO - Thử 1/3 lỗi MSN123010: HTTPSConnectionPool(host='restv2.fireant.vn', port=443): Max retries exceeded with url: /symbols/MSN123010/historical-quotes?startDate=2025-08-31&endDate=2025-09-01&offset=0&limit=30 (Caused by NameResolutionError("<urllib3.connection.HTTPSConnection object at 0x7f364d576320>: Failed to resolve 'restv2.fireant.vn' ([Errno -2] Name or service not known)"))
[2025-09-01T07:02:12.644+0000] {subprocess.py:93} INFO - ✅ Đã lưu 2084 bản ghi vào history_data.stock_details
[2025-09-01T07:02:12.779+0000] {subprocess.py:97} INFO - Command exited with return code 0
[2025-09-01T07:02:12.780+0000] {taskinstance.py:441} INFO - ::group::Post task execution logs
[2025-09-01T07:02:12.809+0000] {taskinstance.py:1206} INFO - Marking task as SUCCESS. dag_id=stock_detail_dag, task_id=run_stock_details, run_id=scheduled__2025-09-01T06:57:00+00:00, execution_date=20250901T065700, start_date=20250901T065806, end_date=20250901T070212
[2025-09-01T07:02:12.853+0000] {local_task_job_runner.py:240} INFO - Task exited with return code 0
[2025-09-01T07:02:12.879+0000] {taskinstance.py:3498} INFO - 0 downstream tasks scheduled from follow-on schedule check
[2025-09-01T07:02:12.880+0000] {local_task_job_runner.py:222} INFO - ::endgroup::
