[2025-08-11T03:06:10.255+0000] {local_task_job_runner.py:120} INFO - ::group::Pre task execution logs
[2025-08-11T03:06:10.276+0000] {taskinstance.py:2076} INFO - Dependencies all met for dep_context=non-requeueable deps ti=<TaskInstance: run_all_alerts_and_save_to_postgres.run_alert_intraday scheduled__2025-08-11T02:50:00+00:00 [queued]>
[2025-08-11T03:06:10.284+0000] {taskinstance.py:2076} INFO - Dependencies all met for dep_context=requeueable deps ti=<TaskInstance: run_all_alerts_and_save_to_postgres.run_alert_intraday scheduled__2025-08-11T02:50:00+00:00 [queued]>
[2025-08-11T03:06:10.284+0000] {taskinstance.py:2306} INFO - Starting attempt 3 of 3
[2025-08-11T03:06:10.294+0000] {taskinstance.py:2330} INFO - Executing <Task(PythonOperator): run_alert_intraday> on 2025-08-11 02:50:00+00:00
[2025-08-11T03:06:10.301+0000] {standard_task_runner.py:63} INFO - Started process 315072 to run task
[2025-08-11T03:06:10.304+0000] {standard_task_runner.py:90} INFO - Running: ['***', 'tasks', 'run', 'run_all_alerts_and_save_to_postgres', 'run_alert_intraday', 'scheduled__2025-08-11T02:50:00+00:00', '--job-id', '4526', '--raw', '--subdir', 'DAGS_FOLDER/alert_to_db/alert_all_to_postgres_dag.py', '--cfg-path', '/tmp/tmpmr3zx7sm']
[2025-08-11T03:06:10.306+0000] {standard_task_runner.py:91} INFO - Job 4526: Subtask run_alert_intraday
[2025-08-11T03:06:10.361+0000] {task_command.py:426} INFO - Running <TaskInstance: run_all_alerts_and_save_to_postgres.run_alert_intraday scheduled__2025-08-11T02:50:00+00:00 [running]> on host 1877907bc043
[2025-08-11T03:06:10.498+0000] {taskinstance.py:2648} INFO - Exporting env vars: AIRFLOW_CTX_DAG_OWNER='alert_system' AIRFLOW_CTX_DAG_ID='run_all_alerts_and_save_to_postgres' AIRFLOW_CTX_TASK_ID='run_alert_intraday' AIRFLOW_CTX_EXECUTION_DATE='2025-08-11T02:50:00+00:00' AIRFLOW_CTX_TRY_NUMBER='3' AIRFLOW_CTX_DAG_RUN_ID='scheduled__2025-08-11T02:50:00+00:00'
[2025-08-11T03:06:10.499+0000] {taskinstance.py:430} INFO - ::endgroup::
[2025-08-11T03:06:10.519+0000] {logging_mixin.py:188} INFO - [INFO] Running script: /opt/***/dags/alert_to_db/alert_scripts/Alert_Intraday.py
[2025-08-11T03:06:14.036+0000] {logging_mixin.py:188} INFO - [ERROR] Alert_Intraday.py failed:
2025-08-11 03:06:12,834 - <BrokerConnection client_id=kafka-python-2.2.15, node_id=bootstrap-0 host=kafka.videv.cloud:9092 <connecting> [IPv4 ('104.21.89.52', 9092)]>: connecting to kafka.videv.cloud:9092 [('104.21.89.52', 9092) IPv4]
Traceback (most recent call last):
  File "/opt/***/dags/alert_to_db/alert_scripts/Alert_Intraday.py", line 40, in <module>
    consumer = KafkaConsumer(
  File "/home/***/.local/lib/python3.10/site-packages/kafka/consumer/group.py", line 387, in __init__
    self._client = self.config['kafka_client'](metrics=self._metrics, **self.config)
  File "/home/***/.local/lib/python3.10/site-packages/kafka/client_async.py", line 262, in __init__
    self.config['api_version'] = self.check_version()
  File "/home/***/.local/lib/python3.10/site-packages/kafka/client_async.py", line 1074, in check_version
    raise Errors.NoBrokersAvailable()
kafka.errors.NoBrokersAvailable: NoBrokersAvailable
[2025-08-11T03:06:14.037+0000] {taskinstance.py:441} INFO - ::group::Post task execution logs
[2025-08-11T03:06:14.037+0000] {taskinstance.py:2905} ERROR - Task failed with exception
Traceback (most recent call last):
  File "/home/airflow/.local/lib/python3.10/site-packages/airflow/models/taskinstance.py", line 465, in _execute_task
    result = _execute_callable(context=context, **execute_callable_kwargs)
  File "/home/airflow/.local/lib/python3.10/site-packages/airflow/models/taskinstance.py", line 432, in _execute_callable
    return execute_callable(context=context, **execute_callable_kwargs)
  File "/home/airflow/.local/lib/python3.10/site-packages/airflow/models/baseoperator.py", line 400, in wrapper
    return func(self, *args, **kwargs)
  File "/home/airflow/.local/lib/python3.10/site-packages/airflow/operators/python.py", line 235, in execute
    return_value = self.execute_callable()
  File "/home/airflow/.local/lib/python3.10/site-packages/airflow/operators/python.py", line 252, in execute_callable
    return self.python_callable(*self.op_args, **self.op_kwargs)
  File "/opt/airflow/dags/alert_to_db/alert_all_to_postgres_dag.py", line 20, in run_alert_script
    result = subprocess.run(
  File "/usr/local/lib/python3.10/subprocess.py", line 526, in run
    raise CalledProcessError(retcode, process.args,
subprocess.CalledProcessError: Command '['python', '/opt/airflow/dags/alert_to_db/alert_scripts/Alert_Intraday.py']' returned non-zero exit status 1.
[2025-08-11T03:06:14.052+0000] {taskinstance.py:1206} INFO - Marking task as FAILED. dag_id=run_all_alerts_and_save_to_postgres, task_id=run_alert_intraday, run_id=scheduled__2025-08-11T02:50:00+00:00, execution_date=20250811T025000, start_date=20250811T030610, end_date=20250811T030614
[2025-08-11T03:06:14.071+0000] {standard_task_runner.py:110} ERROR - Failed to execute job 4526 for task run_alert_intraday (Command '['python', '/opt/airflow/dags/alert_to_db/alert_scripts/Alert_Intraday.py']' returned non-zero exit status 1.; 315072)
[2025-08-11T03:06:14.088+0000] {local_task_job_runner.py:240} INFO - Task exited with return code 1
[2025-08-11T03:06:14.133+0000] {taskinstance.py:3498} INFO - 0 downstream tasks scheduled from follow-on schedule check
[2025-08-11T03:06:14.140+0000] {local_task_job_runner.py:222} INFO - ::endgroup::
