[2025-09-01T06:06:01.255+0000] {local_task_job_runner.py:120} INFO - ::group::Pre task execution logs
[2025-09-01T06:06:01.311+0000] {taskinstance.py:2076} INFO - Dependencies all met for dep_context=non-requeueable deps ti=<TaskInstance: crypto_collector_dag.run_crypto_collector scheduled__2025-09-01T06:05:00+00:00 [queued]>
[2025-09-01T06:06:01.324+0000] {taskinstance.py:2076} INFO - Dependencies all met for dep_context=requeueable deps ti=<TaskInstance: crypto_collector_dag.run_crypto_collector scheduled__2025-09-01T06:05:00+00:00 [queued]>
[2025-09-01T06:06:01.325+0000] {taskinstance.py:2306} INFO - Starting attempt 1 of 2
[2025-09-01T06:06:01.344+0000] {taskinstance.py:2330} INFO - Executing <Task(BashOperator): run_crypto_collector> on 2025-09-01 06:05:00+00:00
[2025-09-01T06:06:01.354+0000] {standard_task_runner.py:63} INFO - Started process 2264759 to run task
[2025-09-01T06:06:01.359+0000] {standard_task_runner.py:90} INFO - Running: ['***', 'tasks', 'run', 'crypto_collector_dag', 'run_crypto_collector', 'scheduled__2025-09-01T06:05:00+00:00', '--job-id', '38391', '--raw', '--subdir', 'DAGS_FOLDER/crawl_crypto/dags_crypto.py', '--cfg-path', '/tmp/tmp5exlv4pb']
[2025-09-01T06:06:01.361+0000] {standard_task_runner.py:91} INFO - Job 38391: Subtask run_crypto_collector
[2025-09-01T06:06:01.491+0000] {task_command.py:426} INFO - Running <TaskInstance: crypto_collector_dag.run_crypto_collector scheduled__2025-09-01T06:05:00+00:00 [running]> on host 1877907bc043
[2025-09-01T06:06:01.679+0000] {taskinstance.py:2648} INFO - Exporting env vars: AIRFLOW_CTX_DAG_OWNER='***' AIRFLOW_CTX_DAG_ID='crypto_collector_dag' AIRFLOW_CTX_TASK_ID='run_crypto_collector' AIRFLOW_CTX_EXECUTION_DATE='2025-09-01T06:05:00+00:00' AIRFLOW_CTX_TRY_NUMBER='1' AIRFLOW_CTX_DAG_RUN_ID='scheduled__2025-09-01T06:05:00+00:00'
[2025-09-01T06:06:01.681+0000] {taskinstance.py:430} INFO - ::endgroup::
[2025-09-01T06:06:01.735+0000] {subprocess.py:63} INFO - Tmp dir root location: /tmp
[2025-09-01T06:06:01.737+0000] {subprocess.py:75} INFO - Running command: ['/usr/bin/bash', '-c', 'python3 /opt/***/dags/crawl_crypto/crawl_data_crypto.py']
[2025-09-01T06:06:01.764+0000] {subprocess.py:86} INFO - Output:
[2025-09-01T06:06:09.380+0000] {subprocess.py:93} INFO - 🔹 Kết nối DB...
[2025-09-01T06:06:09.381+0000] {subprocess.py:93} INFO - 🔹 Lấy top 100 crypto...
[2025-09-01T06:06:09.381+0000] {subprocess.py:93} INFO - Top 100: ['ETHUSDT', 'BTCUSDT', 'USDCUSDT', 'SOLUSDT', 'FDUSDUSDT', 'XRPUSDT', 'DOGEUSDT', 'LINKUSDT', 'BNBUSDT', 'TRUMPUSDT', 'USD1USDT', 'TRXUSDT', 'POLUSDT', 'SUIUSDT', 'ADAUSDT', 'PLUMEUSDT', 'DOLOUSDT', 'ENAUSDT', 'PEPEUSDT', 'FORMUSDT', 'MITOUSDT', 'LRCUSDT', 'BONKUSDT', 'ARBUSDT', 'PENGUUSDT', 'AVAXUSDT', 'UNIUSDT', 'BIOUSDT', 'PYTHUSDT', 'LTCUSDT', 'AAVEUSDT', 'HBARUSDT', 'CUSDT', 'IDEXUSDT', 'DOTUSDT', 'AXSUSDT', 'CFXUSDT', 'MAVUSDT', 'RAYUSDT', 'NEARUSDT', 'SKLUSDT', 'XLMUSDT', 'PAXGUSDT', 'PENDLEUSDT', 'LDOUSDT', 'SEIUSDT', 'OPUSDT', 'ONDOUSDT', 'WIFUSDT', 'FLOWUSDT', 'WLDUSDT', 'KERNELUSDT', 'BCHUSDT', 'QTUMUSDT', 'ETHFIUSDT', 'NMRUSDT', 'ENSUSDT', 'SUSDT', 'FLOKIUSDT', 'ZRXUSDT', 'RLCUSDT', 'BERAUSDT', 'CRVUSDT', 'SYRUPUSDT', 'TREEUSDT', 'APTUSDT', 'TAOUSDT', 'FILUSDT', 'SHIBUSDT', 'ICPUSDT', 'TIAUSDT', 'TONUSDT', 'GALAUSDT', 'NEIROUSDT', 'INJUSDT', 'MDTUSDT', 'ETCUSDT', 'PNUTUSDT', 'VIRTUALUSDT', 'EURUSDT', 'BFUSDUSDT', 'CYBERUSDT', 'FETUSDT', 'JOEUSDT', 'ARKMUSDT', 'RUNEUSDT', 'NEOUSDT', 'CAKEUSDT', 'MEMEUSDT', 'WUSDT', 'ALGOUSDT', 'OMUSDT', 'XUSDUSDT', 'WBTCUSDT', 'SPKUSDT', 'REDUSDT', 'AIUSDT', 'RENDERUSDT', 'PROVEUSDT', 'BBUSDT']
[2025-09-01T06:06:09.382+0000] {subprocess.py:93} INFO - 🔹 Lưu lịch sử giá vào DB bằng threading...
[2025-09-01T06:06:09.382+0000] {subprocess.py:93} INFO - ✅ TRUMPUSDT: thêm 1 dòng mới
[2025-09-01T06:06:09.383+0000] {subprocess.py:93} INFO - 1/100 TRUMPUSDT lưu OK
[2025-09-01T06:06:09.383+0000] {subprocess.py:93} INFO - ✅ BNBUSDT: thêm 1 dòng mới
[2025-09-01T06:06:09.383+0000] {subprocess.py:93} INFO - 2/100 BNBUSDT lưu OK
[2025-09-01T06:06:09.384+0000] {subprocess.py:93} INFO - ✅ ETHUSDT: thêm 1 dòng mới
[2025-09-01T06:06:09.384+0000] {subprocess.py:93} INFO - 3/100 ETHUSDT lưu OK
[2025-09-01T06:06:09.384+0000] {subprocess.py:93} INFO - 4/100 USD1USDT lỗi: relation "cryptocurrency.usd1usdt" does not exist
[2025-09-01T06:06:09.385+0000] {subprocess.py:93} INFO - LINE 1: SELECT MAX(time) FROM cryptocurrency.usd1usdt;
[2025-09-01T06:06:09.385+0000] {subprocess.py:93} INFO -                               ^
[2025-09-01T06:06:09.385+0000] {subprocess.py:93} INFO - 
[2025-09-01T06:06:09.386+0000] {subprocess.py:93} INFO - ✅ TRXUSDT: thêm 1 dòng mới
[2025-09-01T06:06:09.386+0000] {subprocess.py:93} INFO - 5/100 TRXUSDT lưu OK
[2025-09-01T06:06:09.386+0000] {subprocess.py:93} INFO - ✅ BTCUSDT: thêm 1 dòng mới
[2025-09-01T06:06:09.387+0000] {subprocess.py:93} INFO - ✅ DOGEUSDT: thêm 1 dòng mới
[2025-09-01T06:06:09.387+0000] {subprocess.py:93} INFO - ✅ FDUSDUSDT: thêm 1 dòng mới
[2025-09-01T06:06:09.388+0000] {subprocess.py:93} INFO - ✅ USDCUSDT: thêm 1 dòng mới
[2025-09-01T06:06:09.388+0000] {subprocess.py:93} INFO - 6/100 BTCUSDT lưu OK
[2025-09-01T06:06:09.389+0000] {subprocess.py:93} INFO - 7/100 DOGEUSDT lưu OK
[2025-09-01T06:06:09.389+0000] {subprocess.py:93} INFO - 8/100 FDUSDUSDT lưu OK
[2025-09-01T06:06:09.390+0000] {subprocess.py:93} INFO - 9/100 USDCUSDT lưu OK
[2025-09-01T06:06:09.390+0000] {subprocess.py:93} INFO - ✅ SOLUSDT: thêm 1 dòng mới
[2025-09-01T06:06:09.391+0000] {subprocess.py:93} INFO - 10/100 SOLUSDT lưu OK
[2025-09-01T06:06:09.391+0000] {subprocess.py:93} INFO - ✅ XRPUSDT: thêm 1 dòng mới
[2025-09-01T06:06:09.391+0000] {subprocess.py:93} INFO - 11/100 XRPUSDT lưu OK
[2025-09-01T06:06:09.392+0000] {subprocess.py:93} INFO - ✅ LINKUSDT: thêm 1 dòng mới
[2025-09-01T06:06:09.392+0000] {subprocess.py:93} INFO - 12/100 LINKUSDT lưu OK
[2025-09-01T06:06:09.392+0000] {subprocess.py:93} INFO - ✅ ADAUSDT: thêm 1 dòng mới
[2025-09-01T06:06:09.392+0000] {subprocess.py:93} INFO - 13/100 ADAUSDT lưu OK
[2025-09-01T06:06:09.393+0000] {subprocess.py:93} INFO - ✅ POLUSDT: thêm 1 dòng mới
[2025-09-01T06:06:09.393+0000] {subprocess.py:93} INFO - 14/100 POLUSDT lưu OK
[2025-09-01T06:06:09.394+0000] {subprocess.py:93} INFO - ✅ SUIUSDT: thêm 1 dòng mới
[2025-09-01T06:06:09.394+0000] {subprocess.py:93} INFO - 15/100 SUIUSDT lưu OK
[2025-09-01T06:06:09.394+0000] {subprocess.py:93} INFO - 16/100 DOLOUSDT lỗi: relation "cryptocurrency.dolousdt" does not exist
[2025-09-01T06:06:09.395+0000] {subprocess.py:93} INFO - LINE 1: SELECT MAX(time) FROM cryptocurrency.dolousdt;
[2025-09-01T06:06:09.395+0000] {subprocess.py:93} INFO -                               ^
[2025-09-01T06:06:09.395+0000] {subprocess.py:93} INFO - 
[2025-09-01T06:06:09.396+0000] {subprocess.py:93} INFO - 17/100 FORMUSDT lỗi: relation "cryptocurrency.formusdt" does not exist
[2025-09-01T06:06:09.396+0000] {subprocess.py:93} INFO - LINE 1: SELECT MAX(time) FROM cryptocurrency.formusdt;
[2025-09-01T06:06:09.396+0000] {subprocess.py:93} INFO -                               ^
[2025-09-01T06:06:09.397+0000] {subprocess.py:93} INFO - 
[2025-09-01T06:06:09.397+0000] {subprocess.py:93} INFO - ✅ ENAUSDT: thêm 1 dòng mới
[2025-09-01T06:06:09.397+0000] {subprocess.py:93} INFO - 18/100 ENAUSDT lưu OK
[2025-09-01T06:06:09.398+0000] {subprocess.py:93} INFO - 19/100 MITOUSDT lỗi: relation "cryptocurrency.mitousdt" does not exist
[2025-09-01T06:06:09.398+0000] {subprocess.py:93} INFO - LINE 1: SELECT MAX(time) FROM cryptocurrency.mitousdt;
[2025-09-01T06:06:09.398+0000] {subprocess.py:93} INFO -                               ^
[2025-09-01T06:06:09.399+0000] {subprocess.py:93} INFO - 
[2025-09-01T06:06:09.399+0000] {subprocess.py:93} INFO - ✅ PEPEUSDT: thêm 1 dòng mới
[2025-09-01T06:06:09.399+0000] {subprocess.py:93} INFO - 20/100 PEPEUSDT lưu OK
[2025-09-01T06:06:09.400+0000] {subprocess.py:93} INFO - ✅ LRCUSDT: thêm 1 dòng mới
[2025-09-01T06:06:09.400+0000] {subprocess.py:93} INFO - 21/100 LRCUSDT lưu OK
[2025-09-01T06:06:09.400+0000] {subprocess.py:93} INFO - 22/100 PLUMEUSDT lỗi: relation "cryptocurrency.plumeusdt" does not exist
[2025-09-01T06:06:09.401+0000] {subprocess.py:93} INFO - LINE 1: SELECT MAX(time) FROM cryptocurrency.plumeusdt;
[2025-09-01T06:06:09.401+0000] {subprocess.py:93} INFO -                               ^
[2025-09-01T06:06:09.402+0000] {subprocess.py:93} INFO - 
[2025-09-01T06:06:09.402+0000] {subprocess.py:93} INFO - ✅ PENGUUSDT: thêm 1 dòng mới
[2025-09-01T06:06:09.402+0000] {subprocess.py:93} INFO - 23/100 PENGUUSDT lưu OK
[2025-09-01T06:06:09.403+0000] {subprocess.py:93} INFO - ✅ ARBUSDT: thêm 1 dòng mới
[2025-09-01T06:06:09.403+0000] {subprocess.py:93} INFO - 24/100 ARBUSDT lưu OK
[2025-09-01T06:06:09.403+0000] {subprocess.py:93} INFO - ✅ BONKUSDT: thêm 1 dòng mới
[2025-09-01T06:06:09.404+0000] {subprocess.py:93} INFO - 25/100 BONKUSDT lưu OK
[2025-09-01T06:06:09.404+0000] {subprocess.py:93} INFO - ✅ UNIUSDT: thêm 1 dòng mới
[2025-09-01T06:06:09.404+0000] {subprocess.py:93} INFO - 26/100 UNIUSDT lưu OK
[2025-09-01T06:06:09.405+0000] {subprocess.py:93} INFO - 27/100 BIOUSDT lỗi: relation "cryptocurrency.biousdt" does not exist
[2025-09-01T06:06:09.405+0000] {subprocess.py:93} INFO - LINE 1: SELECT MAX(time) FROM cryptocurrency.biousdt;
[2025-09-01T06:06:09.405+0000] {subprocess.py:93} INFO -                               ^
[2025-09-01T06:06:09.406+0000] {subprocess.py:93} INFO - 
[2025-09-01T06:06:09.406+0000] {subprocess.py:93} INFO - ✅ LTCUSDT: thêm 1 dòng mới
[2025-09-01T06:06:09.406+0000] {subprocess.py:93} INFO - 28/100 LTCUSDT lưu OK
[2025-09-01T06:06:09.406+0000] {subprocess.py:93} INFO - ✅ AAVEUSDT: thêm 1 dòng mới
[2025-09-01T06:06:09.407+0000] {subprocess.py:93} INFO - 29/100 AAVEUSDT lưu OK
[2025-09-01T06:06:09.407+0000] {subprocess.py:93} INFO - 30/100 AXSUSDT lỗi: relation "cryptocurrency.axsusdt" does not exist
[2025-09-01T06:06:09.407+0000] {subprocess.py:93} INFO - LINE 1: SELECT MAX(time) FROM cryptocurrency.axsusdt;
[2025-09-01T06:06:09.408+0000] {subprocess.py:93} INFO -                               ^
[2025-09-01T06:06:09.408+0000] {subprocess.py:93} INFO - 
[2025-09-01T06:06:09.408+0000] {subprocess.py:93} INFO - 31/100 PYTHUSDT lỗi: relation "cryptocurrency.pythusdt" does not exist
[2025-09-01T06:06:09.409+0000] {subprocess.py:93} INFO - LINE 1: SELECT MAX(time) FROM cryptocurrency.pythusdt;
[2025-09-01T06:06:09.409+0000] {subprocess.py:93} INFO -                               ^
[2025-09-01T06:06:09.409+0000] {subprocess.py:93} INFO - 
[2025-09-01T06:06:09.409+0000] {subprocess.py:93} INFO - ✅ DOTUSDT: thêm 1 dòng mới
[2025-09-01T06:06:09.410+0000] {subprocess.py:93} INFO - 32/100 DOTUSDT lưu OK
[2025-09-01T06:06:09.410+0000] {subprocess.py:93} INFO - ✅ CFXUSDT: thêm 1 dòng mới
[2025-09-01T06:06:09.410+0000] {subprocess.py:93} INFO - 33/100 CFXUSDT lưu OK
[2025-09-01T06:06:09.411+0000] {subprocess.py:93} INFO - 34/100 IDEXUSDT lỗi: relation "cryptocurrency.idexusdt" does not exist
[2025-09-01T06:06:09.411+0000] {subprocess.py:93} INFO - LINE 1: SELECT MAX(time) FROM cryptocurrency.idexusdt;
[2025-09-01T06:06:09.411+0000] {subprocess.py:93} INFO -                               ^
[2025-09-01T06:06:09.412+0000] {subprocess.py:93} INFO - 
[2025-09-01T06:06:09.412+0000] {subprocess.py:93} INFO - 35/100 CUSDT lỗi: relation "cryptocurrency.cusdt" does not exist
[2025-09-01T06:06:09.412+0000] {subprocess.py:93} INFO - LINE 1: SELECT MAX(time) FROM cryptocurrency.cusdt;
[2025-09-01T06:06:09.413+0000] {subprocess.py:93} INFO -                               ^
[2025-09-01T06:06:09.413+0000] {subprocess.py:93} INFO - 
[2025-09-01T06:06:09.413+0000] {subprocess.py:93} INFO - ✅ AVAXUSDT: thêm 1 dòng mới
[2025-09-01T06:06:09.414+0000] {subprocess.py:93} INFO - 36/100 AVAXUSDT lưu OK
[2025-09-01T06:06:09.414+0000] {subprocess.py:93} INFO - ✅ HBARUSDT: thêm 1 dòng mới
[2025-09-01T06:06:09.415+0000] {subprocess.py:93} INFO - 37/100 HBARUSDT lưu OK
[2025-09-01T06:06:09.415+0000] {subprocess.py:93} INFO - ✅ MAVUSDT: thêm 1 dòng mới
[2025-09-01T06:06:09.415+0000] {subprocess.py:93} INFO - 38/100 MAVUSDT lưu OK
[2025-09-01T06:06:09.416+0000] {subprocess.py:93} INFO - ✅ RAYUSDT: thêm 1 dòng mới
[2025-09-01T06:06:09.416+0000] {subprocess.py:93} INFO - 39/100 RAYUSDT lưu OK
[2025-09-01T06:06:09.417+0000] {subprocess.py:93} INFO - ✅ LDOUSDT: thêm 1 dòng mới
[2025-09-01T06:06:09.418+0000] {subprocess.py:93} INFO - 40/100 LDOUSDT lưu OK
[2025-09-01T06:06:09.419+0000] {subprocess.py:93} INFO - ✅ PENDLEUSDT: thêm 1 dòng mới
[2025-09-01T06:06:09.419+0000] {subprocess.py:93} INFO - 41/100 PENDLEUSDT lưu OK
[2025-09-01T06:06:09.420+0000] {subprocess.py:93} INFO - ✅ XLMUSDT: thêm 1 dòng mới
[2025-09-01T06:06:09.421+0000] {subprocess.py:93} INFO - 42/100 XLMUSDT lưu OK
[2025-09-01T06:06:09.422+0000] {subprocess.py:93} INFO - ✅ ONDOUSDT: thêm 1 dòng mới
[2025-09-01T06:06:09.423+0000] {subprocess.py:93} INFO - 43/100 ONDOUSDT lưu OK
[2025-09-01T06:06:09.424+0000] {subprocess.py:93} INFO - ✅ SKLUSDT: thêm 1 dòng mới
[2025-09-01T06:06:09.425+0000] {subprocess.py:93} INFO - 44/100 SKLUSDT lưu OK
[2025-09-01T06:06:09.426+0000] {subprocess.py:93} INFO - 45/100 PAXGUSDT lỗi: relation "cryptocurrency.paxgusdt" does not exist
[2025-09-01T06:06:09.427+0000] {subprocess.py:93} INFO - LINE 1: SELECT MAX(time) FROM cryptocurrency.paxgusdt;
[2025-09-01T06:06:09.428+0000] {subprocess.py:93} INFO -                               ^
[2025-09-01T06:06:09.428+0000] {subprocess.py:93} INFO - 
[2025-09-01T06:06:09.429+0000] {subprocess.py:93} INFO - ✅ SEIUSDT: thêm 1 dòng mới
[2025-09-01T06:06:09.429+0000] {subprocess.py:93} INFO - 46/100 SEIUSDT lưu OK
[2025-09-01T06:06:09.430+0000] {subprocess.py:93} INFO - ✅ WLDUSDT: thêm 1 dòng mới
[2025-09-01T06:06:09.431+0000] {subprocess.py:93} INFO - 47/100 WLDUSDT lưu OK
[2025-09-01T06:06:09.432+0000] {subprocess.py:93} INFO - ✅ WIFUSDT: thêm 1 dòng mới
[2025-09-01T06:06:09.433+0000] {subprocess.py:93} INFO - ✅ NEARUSDT: thêm 1 dòng mới
[2025-09-01T06:06:09.434+0000] {subprocess.py:93} INFO - 48/100 KERNELUSDT lỗi: relation "cryptocurrency.kernelusdt" does not exist
[2025-09-01T06:06:09.434+0000] {subprocess.py:93} INFO - LINE 1: SELECT MAX(time) FROM cryptocurrency.kernelusdt;
[2025-09-01T06:06:09.435+0000] {subprocess.py:93} INFO -                               ^
[2025-09-01T06:06:09.436+0000] {subprocess.py:93} INFO - 
[2025-09-01T06:06:09.436+0000] {subprocess.py:93} INFO - 49/100 NEARUSDT lưu OK
[2025-09-01T06:06:09.437+0000] {subprocess.py:93} INFO - 50/100 WIFUSDT lưu OK
[2025-09-01T06:06:09.438+0000] {subprocess.py:93} INFO - 51/100 FLOWUSDT lỗi: relation "cryptocurrency.flowusdt" does not exist
[2025-09-01T06:06:09.439+0000] {subprocess.py:93} INFO - LINE 1: SELECT MAX(time) FROM cryptocurrency.flowusdt;
[2025-09-01T06:06:09.439+0000] {subprocess.py:93} INFO -                               ^
[2025-09-01T06:06:09.440+0000] {subprocess.py:93} INFO - 
[2025-09-01T06:06:09.441+0000] {subprocess.py:93} INFO - ✅ OPUSDT: thêm 1 dòng mới
[2025-09-01T06:06:09.441+0000] {subprocess.py:93} INFO - 52/100 OPUSDT lưu OK
[2025-09-01T06:06:09.442+0000] {subprocess.py:93} INFO - ✅ BCHUSDT: thêm 1 dòng mới
[2025-09-01T06:06:09.443+0000] {subprocess.py:93} INFO - 53/100 BCHUSDT lưu OK
[2025-09-01T06:06:09.443+0000] {subprocess.py:93} INFO - 54/100 QTUMUSDT lỗi: relation "cryptocurrency.qtumusdt" does not exist
[2025-09-01T06:06:09.444+0000] {subprocess.py:93} INFO - LINE 1: SELECT MAX(time) FROM cryptocurrency.qtumusdt;
[2025-09-01T06:06:09.445+0000] {subprocess.py:93} INFO -                               ^
[2025-09-01T06:06:09.445+0000] {subprocess.py:93} INFO - 
[2025-09-01T06:06:09.446+0000] {subprocess.py:93} INFO - 55/100 ZRXUSDT lỗi: relation "cryptocurrency.zrxusdt" does not exist
[2025-09-01T06:06:09.447+0000] {subprocess.py:93} INFO - LINE 1: SELECT MAX(time) FROM cryptocurrency.zrxusdt;
[2025-09-01T06:06:09.447+0000] {subprocess.py:93} INFO -                               ^
[2025-09-01T06:06:09.448+0000] {subprocess.py:93} INFO - 
[2025-09-01T06:06:09.449+0000] {subprocess.py:93} INFO - 56/100 RLCUSDT lỗi: relation "cryptocurrency.rlcusdt" does not exist
[2025-09-01T06:06:09.449+0000] {subprocess.py:93} INFO - LINE 1: SELECT MAX(time) FROM cryptocurrency.rlcusdt;
[2025-09-01T06:06:09.450+0000] {subprocess.py:93} INFO -                               ^
[2025-09-01T06:06:09.451+0000] {subprocess.py:93} INFO - 
[2025-09-01T06:06:09.452+0000] {subprocess.py:93} INFO - ✅ ENSUSDT: thêm 1 dòng mới
[2025-09-01T06:06:09.452+0000] {subprocess.py:93} INFO - 57/100 ENSUSDT lưu OK
[2025-09-01T06:06:09.453+0000] {subprocess.py:93} INFO - ✅ FLOKIUSDT: thêm 1 dòng mới
[2025-09-01T06:06:09.453+0000] {subprocess.py:93} INFO - ✅ SUSDT: thêm 1 dòng mới
[2025-09-01T06:06:09.454+0000] {subprocess.py:93} INFO - 58/100 FLOKIUSDT lưu OK
[2025-09-01T06:06:09.455+0000] {subprocess.py:93} INFO - ✅ CRVUSDT: thêm 1 dòng mới
[2025-09-01T06:06:09.456+0000] {subprocess.py:93} INFO - 59/100 NMRUSDT lỗi: relation "cryptocurrency.nmrusdt" does not exist
[2025-09-01T06:06:09.456+0000] {subprocess.py:93} INFO - LINE 1: SELECT MAX(time) FROM cryptocurrency.nmrusdt;
[2025-09-01T06:06:09.457+0000] {subprocess.py:93} INFO -                               ^
[2025-09-01T06:06:09.457+0000] {subprocess.py:93} INFO - 
[2025-09-01T06:06:09.458+0000] {subprocess.py:93} INFO - 60/100 SUSDT lưu OK
[2025-09-01T06:06:09.459+0000] {subprocess.py:93} INFO - 61/100 CRVUSDT lưu OK
[2025-09-01T06:06:09.460+0000] {subprocess.py:93} INFO - ✅ ETHFIUSDT: thêm 1 dòng mới
[2025-09-01T06:06:09.460+0000] {subprocess.py:93} INFO - ✅ BERAUSDT: thêm 1 dòng mới
[2025-09-01T06:06:09.461+0000] {subprocess.py:93} INFO - 62/100 ETHFIUSDT lưu OK
[2025-09-01T06:06:09.462+0000] {subprocess.py:93} INFO - 63/100 BERAUSDT lưu OK
[2025-09-01T06:06:09.462+0000] {subprocess.py:93} INFO - ✅ SYRUPUSDT: thêm 1 dòng mới
[2025-09-01T06:06:09.463+0000] {subprocess.py:93} INFO - 64/100 SYRUPUSDT lưu OK
[2025-09-01T06:06:09.464+0000] {subprocess.py:93} INFO - ✅ APTUSDT: thêm 1 dòng mới
[2025-09-01T06:06:09.464+0000] {subprocess.py:93} INFO - 65/100 APTUSDT lưu OK
[2025-09-01T06:06:09.465+0000] {subprocess.py:93} INFO - ✅ TAOUSDT: thêm 1 dòng mới
[2025-09-01T06:06:09.465+0000] {subprocess.py:93} INFO - 66/100 TAOUSDT lưu OK
[2025-09-01T06:06:09.466+0000] {subprocess.py:93} INFO - ✅ TONUSDT: thêm 1 dòng mới
[2025-09-01T06:06:09.467+0000] {subprocess.py:93} INFO - 67/100 TONUSDT lưu OK
[2025-09-01T06:06:09.468+0000] {subprocess.py:93} INFO - ✅ GALAUSDT: thêm 1 dòng mới
[2025-09-01T06:06:09.468+0000] {subprocess.py:93} INFO - 68/100 GALAUSDT lưu OK
[2025-09-01T06:06:09.469+0000] {subprocess.py:93} INFO - ✅ NEIROUSDT: thêm 1 dòng mới
[2025-09-01T06:06:09.469+0000] {subprocess.py:93} INFO - 69/100 NEIROUSDT lưu OK
[2025-09-01T06:06:09.470+0000] {subprocess.py:93} INFO - ✅ INJUSDT: thêm 1 dòng mới
[2025-09-01T06:06:09.471+0000] {subprocess.py:93} INFO - 70/100 INJUSDT lưu OK
[2025-09-01T06:06:09.471+0000] {subprocess.py:93} INFO - 71/100 TREEUSDT lỗi: relation "cryptocurrency.treeusdt" does not exist
[2025-09-01T06:06:09.472+0000] {subprocess.py:93} INFO - LINE 1: SELECT MAX(time) FROM cryptocurrency.treeusdt;
[2025-09-01T06:06:09.473+0000] {subprocess.py:93} INFO -                               ^
[2025-09-01T06:06:09.473+0000] {subprocess.py:93} INFO - 
[2025-09-01T06:06:09.474+0000] {subprocess.py:93} INFO - ✅ FILUSDT: thêm 1 dòng mới
[2025-09-01T06:06:09.475+0000] {subprocess.py:93} INFO - 72/100 FILUSDT lưu OK
[2025-09-01T06:06:09.475+0000] {subprocess.py:93} INFO - ✅ MDTUSDT: thêm 1 dòng mới
[2025-09-01T06:06:09.476+0000] {subprocess.py:93} INFO - 73/100 MDTUSDT lưu OK
[2025-09-01T06:06:09.476+0000] {subprocess.py:93} INFO - ✅ ETCUSDT: thêm 1 dòng mới
[2025-09-01T06:06:09.477+0000] {subprocess.py:93} INFO - 74/100 ETCUSDT lưu OK
[2025-09-01T06:06:09.478+0000] {subprocess.py:93} INFO - ✅ SHIBUSDT: thêm 1 dòng mới
[2025-09-01T06:06:09.478+0000] {subprocess.py:93} INFO - 75/100 SHIBUSDT lưu OK
[2025-09-01T06:06:09.479+0000] {subprocess.py:93} INFO - ✅ ICPUSDT: thêm 1 dòng mới
[2025-09-01T06:06:09.480+0000] {subprocess.py:93} INFO - 76/100 ICPUSDT lưu OK
[2025-09-01T06:06:09.480+0000] {subprocess.py:93} INFO - ✅ TIAUSDT: thêm 1 dòng mới
[2025-09-01T06:06:09.481+0000] {subprocess.py:93} INFO - 77/100 TIAUSDT lưu OK
[2025-09-01T06:06:09.482+0000] {subprocess.py:93} INFO - ✅ PNUTUSDT: thêm 1 dòng mới
[2025-09-01T06:06:09.482+0000] {subprocess.py:93} INFO - 78/100 PNUTUSDT lưu OK
[2025-09-01T06:06:09.483+0000] {subprocess.py:93} INFO - ✅ EURUSDT: thêm 1 dòng mới
[2025-09-01T06:06:09.483+0000] {subprocess.py:93} INFO - 79/100 EURUSDT lưu OK
[2025-09-01T06:06:09.484+0000] {subprocess.py:93} INFO - ✅ BFUSDUSDT: thêm 1 dòng mới
[2025-09-01T06:06:09.485+0000] {subprocess.py:93} INFO - 80/100 BFUSDUSDT lưu OK
[2025-09-01T06:06:09.485+0000] {subprocess.py:93} INFO - ✅ VIRTUALUSDT: thêm 1 dòng mới
[2025-09-01T06:06:09.486+0000] {subprocess.py:93} INFO - 81/100 VIRTUALUSDT lưu OK
[2025-09-01T06:06:09.487+0000] {subprocess.py:93} INFO - ✅ ARKMUSDT: thêm 1 dòng mới
[2025-09-01T06:06:09.487+0000] {subprocess.py:93} INFO - 82/100 ARKMUSDT lưu OK
[2025-09-01T06:06:09.488+0000] {subprocess.py:93} INFO - 83/100 JOEUSDT lỗi: relation "cryptocurrency.joeusdt" does not exist
[2025-09-01T06:06:09.489+0000] {subprocess.py:93} INFO - LINE 1: SELECT MAX(time) FROM cryptocurrency.joeusdt;
[2025-09-01T06:06:09.489+0000] {subprocess.py:93} INFO -                               ^
[2025-09-01T06:06:09.490+0000] {subprocess.py:93} INFO - 
[2025-09-01T06:06:09.490+0000] {subprocess.py:93} INFO - 84/100 MEMEUSDT lỗi: relation "cryptocurrency.memeusdt" does not exist
[2025-09-01T06:06:09.491+0000] {subprocess.py:93} INFO - LINE 1: SELECT MAX(time) FROM cryptocurrency.memeusdt;
[2025-09-01T06:06:09.492+0000] {subprocess.py:93} INFO -                               ^
[2025-09-01T06:06:09.492+0000] {subprocess.py:93} INFO - 
[2025-09-01T06:06:10.046+0000] {subprocess.py:93} INFO - 85/100 WUSDT lỗi: relation "cryptocurrency.wusdt" does not exist
[2025-09-01T06:06:10.047+0000] {subprocess.py:93} INFO - LINE 1: SELECT MAX(time) FROM cryptocurrency.wusdt;
[2025-09-01T06:06:10.048+0000] {subprocess.py:93} INFO -                               ^
[2025-09-01T06:06:10.049+0000] {subprocess.py:93} INFO - 
[2025-09-01T06:06:10.050+0000] {subprocess.py:93} INFO - 86/100 CYBERUSDT lỗi: relation "cryptocurrency.cyberusdt" does not exist
[2025-09-01T06:06:10.050+0000] {subprocess.py:93} INFO - LINE 1: SELECT MAX(time) FROM cryptocurrency.cyberusdt;
[2025-09-01T06:06:10.051+0000] {subprocess.py:93} INFO -                               ^
[2025-09-01T06:06:10.052+0000] {subprocess.py:93} INFO - 
[2025-09-01T06:06:10.053+0000] {subprocess.py:93} INFO - 87/100 NEOUSDT lỗi: relation "cryptocurrency.neousdt" does not exist
[2025-09-01T06:06:10.053+0000] {subprocess.py:93} INFO - LINE 1: SELECT MAX(time) FROM cryptocurrency.neousdt;
[2025-09-01T06:06:10.054+0000] {subprocess.py:93} INFO -                               ^
[2025-09-01T06:06:10.055+0000] {subprocess.py:93} INFO - 
[2025-09-01T06:06:10.056+0000] {subprocess.py:93} INFO - 88/100 RUNEUSDT lỗi: relation "cryptocurrency.runeusdt" does not exist
[2025-09-01T06:06:10.056+0000] {subprocess.py:93} INFO - LINE 1: SELECT MAX(time) FROM cryptocurrency.runeusdt;
[2025-09-01T06:06:10.057+0000] {subprocess.py:93} INFO -                               ^
[2025-09-01T06:06:10.058+0000] {subprocess.py:93} INFO - 
[2025-09-01T06:06:10.059+0000] {subprocess.py:93} INFO - ✅ CAKEUSDT: thêm 1 dòng mới
[2025-09-01T06:06:10.060+0000] {subprocess.py:93} INFO - 89/100 CAKEUSDT lưu OK
[2025-09-01T06:06:10.061+0000] {subprocess.py:93} INFO - ✅ OMUSDT: thêm 1 dòng mới
[2025-09-01T06:06:10.062+0000] {subprocess.py:93} INFO - 90/100 OMUSDT lưu OK
[2025-09-01T06:06:10.063+0000] {subprocess.py:93} INFO - ✅ ALGOUSDT: thêm 1 dòng mới
[2025-09-01T06:06:10.064+0000] {subprocess.py:93} INFO - 91/100 ALGOUSDT lưu OK
[2025-09-01T06:06:10.064+0000] {subprocess.py:93} INFO - ✅ FETUSDT: thêm 1 dòng mới
[2025-09-01T06:06:10.065+0000] {subprocess.py:93} INFO - 92/100 FETUSDT lưu OK
[2025-09-01T06:06:10.066+0000] {subprocess.py:93} INFO - 93/100 REDUSDT lỗi: relation "cryptocurrency.redusdt" does not exist
[2025-09-01T06:06:10.067+0000] {subprocess.py:93} INFO - LINE 1: SELECT MAX(time) FROM cryptocurrency.redusdt;
[2025-09-01T06:06:10.068+0000] {subprocess.py:93} INFO -                               ^
[2025-09-01T06:06:10.068+0000] {subprocess.py:93} INFO - 
[2025-09-01T06:06:10.069+0000] {subprocess.py:93} INFO - 94/100 AIUSDT lỗi: relation "cryptocurrency.aiusdt" does not exist
[2025-09-01T06:06:10.070+0000] {subprocess.py:93} INFO - LINE 1: SELECT MAX(time) FROM cryptocurrency.aiusdt;
[2025-09-01T06:06:10.071+0000] {subprocess.py:93} INFO -                               ^
[2025-09-01T06:06:10.071+0000] {subprocess.py:93} INFO - 
[2025-09-01T06:06:10.072+0000] {subprocess.py:93} INFO - ✅ PROVEUSDT: thêm 1 dòng mới
[2025-09-01T06:06:10.073+0000] {subprocess.py:93} INFO - 95/100 PROVEUSDT lưu OK
[2025-09-01T06:06:10.074+0000] {subprocess.py:93} INFO - ✅ SPKUSDT: thêm 1 dòng mới
[2025-09-01T06:06:10.074+0000] {subprocess.py:93} INFO - 96/100 SPKUSDT lưu OK
[2025-09-01T06:06:10.075+0000] {subprocess.py:93} INFO - ✅ XUSDUSDT: thêm 1 dòng mới
[2025-09-01T06:06:10.076+0000] {subprocess.py:93} INFO - 97/100 XUSDUSDT lưu OK
[2025-09-01T06:06:10.077+0000] {subprocess.py:93} INFO - 98/100 WBTCUSDT lỗi: relation "cryptocurrency.wbtcusdt" does not exist
[2025-09-01T06:06:10.078+0000] {subprocess.py:93} INFO - LINE 1: SELECT MAX(time) FROM cryptocurrency.wbtcusdt;
[2025-09-01T06:06:10.079+0000] {subprocess.py:93} INFO -                               ^
[2025-09-01T06:06:10.079+0000] {subprocess.py:93} INFO - 
[2025-09-01T06:06:10.080+0000] {subprocess.py:93} INFO - ✅ RENDERUSDT: thêm 1 dòng mới
[2025-09-01T06:06:10.081+0000] {subprocess.py:93} INFO - 99/100 RENDERUSDT lưu OK
[2025-09-01T06:06:10.082+0000] {subprocess.py:93} INFO - 100/100 BBUSDT lỗi: relation "cryptocurrency.bbusdt" does not exist
[2025-09-01T06:06:10.082+0000] {subprocess.py:93} INFO - LINE 1: SELECT MAX(time) FROM cryptocurrency.bbusdt;
[2025-09-01T06:06:10.083+0000] {subprocess.py:93} INFO -                               ^
[2025-09-01T06:06:10.084+0000] {subprocess.py:93} INFO - 
[2025-09-01T06:06:10.346+0000] {subprocess.py:97} INFO - Command exited with return code 0
[2025-09-01T06:06:10.348+0000] {taskinstance.py:441} INFO - ::group::Post task execution logs
[2025-09-01T06:06:10.403+0000] {taskinstance.py:1206} INFO - Marking task as SUCCESS. dag_id=crypto_collector_dag, task_id=run_crypto_collector, run_id=scheduled__2025-09-01T06:05:00+00:00, execution_date=20250901T060500, start_date=20250901T060601, end_date=20250901T060610
[2025-09-01T06:06:10.451+0000] {local_task_job_runner.py:240} INFO - Task exited with return code 0
[2025-09-01T06:06:10.472+0000] {local_task_job_runner.py:222} INFO - ::endgroup::
