[2025-09-04T06:05:02.066+0000] {local_task_job_runner.py:120} INFO - ::group::Pre task execution logs
[2025-09-04T06:05:02.120+0000] {taskinstance.py:2076} INFO - Dependencies all met for dep_context=non-requeueable deps ti=<TaskInstance: crypto_collector_dag.run_crypto_collector scheduled__2025-09-04T06:04:00+00:00 [queued]>
[2025-09-04T06:05:02.136+0000] {taskinstance.py:2076} INFO - Dependencies all met for dep_context=requeueable deps ti=<TaskInstance: crypto_collector_dag.run_crypto_collector scheduled__2025-09-04T06:04:00+00:00 [queued]>
[2025-09-04T06:05:02.136+0000] {taskinstance.py:2306} INFO - Starting attempt 1 of 2
[2025-09-04T06:05:02.161+0000] {taskinstance.py:2330} INFO - Executing <Task(BashOperator): run_crypto_collector> on 2025-09-04 06:04:00+00:00
[2025-09-04T06:05:02.175+0000] {standard_task_runner.py:63} INFO - Started process 2922576 to run task
[2025-09-04T06:05:02.181+0000] {standard_task_runner.py:90} INFO - Running: ['***', 'tasks', 'run', 'crypto_collector_dag', 'run_crypto_collector', 'scheduled__2025-09-04T06:04:00+00:00', '--job-id', '94027', '--raw', '--subdir', 'DAGS_FOLDER/crawl_crypto/dags_crypto.py', '--cfg-path', '/tmp/tmptkuroyf6']
[2025-09-04T06:05:02.183+0000] {standard_task_runner.py:91} INFO - Job 94027: Subtask run_crypto_collector
[2025-09-04T06:05:02.325+0000] {task_command.py:426} INFO - Running <TaskInstance: crypto_collector_dag.run_crypto_collector scheduled__2025-09-04T06:04:00+00:00 [running]> on host 1877907bc043
[2025-09-04T06:05:02.564+0000] {taskinstance.py:2648} INFO - Exporting env vars: AIRFLOW_CTX_DAG_OWNER='***' AIRFLOW_CTX_DAG_ID='crypto_collector_dag' AIRFLOW_CTX_TASK_ID='run_crypto_collector' AIRFLOW_CTX_EXECUTION_DATE='2025-09-04T06:04:00+00:00' AIRFLOW_CTX_TRY_NUMBER='1' AIRFLOW_CTX_DAG_RUN_ID='scheduled__2025-09-04T06:04:00+00:00'
[2025-09-04T06:05:02.566+0000] {taskinstance.py:430} INFO - ::endgroup::
[2025-09-04T06:05:02.625+0000] {subprocess.py:63} INFO - Tmp dir root location: /tmp
[2025-09-04T06:05:02.632+0000] {subprocess.py:75} INFO - Running command: ['/usr/bin/bash', '-c', 'python3 /opt/***/dags/crawl_crypto/crawl_data_crypto.py']
[2025-09-04T06:05:02.665+0000] {subprocess.py:86} INFO - Output:
[2025-09-04T06:05:17.291+0000] {subprocess.py:93} INFO - 🔹 Kết nối DB...
[2025-09-04T06:05:17.292+0000] {subprocess.py:93} INFO - 🔹 Lấy top 100 crypto...
[2025-09-04T06:05:17.293+0000] {subprocess.py:93} INFO - Top 100: ['ETHUSDT', 'USDCUSDT', 'BTCUSDT', 'SOLUSDT', 'FDUSDUSDT', 'WLFIUSDT', 'XRPUSDT', 'DOGEUSDT', 'ENAUSDT', 'BNBUSDT', 'AVAXUSDT', 'SUIUSDT', 'LINKUSDT', 'TRXUSDT', 'BCHUSDT', 'ADAUSDT', 'SOMIUSDT', 'PEPEUSDT', 'PENGUUSDT', 'ARBUSDT', 'AAVEUSDT', 'TREEUSDT', 'UNIUSDT', 'LTCUSDT', 'SYRUPUSDT', 'ONDOUSDT', 'SEIUSDT', 'HBARUSDT', 'TRUMPUSDT', 'WLDUSDT', 'USD1USDT', 'PAXGUSDT', 'PYTHUSDT', 'BONKUSDT', 'PROVEUSDT', 'POLUSDT', 'TUTUSDT', 'LDOUSDT', 'VIRTUALUSDT', 'XLMUSDT', 'WIFUSDT', 'DOTUSDT', 'PENDLEUSDT', 'BIOUSDT', 'FORMUSDT', 'DOLOUSDT', 'SPKUSDT', 'NEARUSDT', 'EURUSDT', 'ETHFIUSDT', 'TONUSDT', 'BAKEUSDT', 'CRVUSDT', 'FILUSDT', 'TAOUSDT', 'MKRUSDT', 'OPUSDT', 'CUSDT', 'MAVUSDT', 'XUSDUSDT', 'APTUSDT', 'SUSDT', 'SHIBUSDT', 'LPTUSDT', 'PLUMEUSDT', 'FETUSDT', 'TIAUSDT', 'SHELLUSDT', 'QTUMUSDT', 'HIFIUSDT', 'CFXUSDT', 'EIGENUSDT', 'MEMEUSDT', 'AIXBTUSDT', 'INJUSDT', 'HFTUSDT', 'SKLUSDT', 'NEIROUSDT', 'RLCUSDT', 'ICPUSDT', 'PNUTUSDT', 'RESOLVUSDT', 'SANTOSUSDT', 'CAKEUSDT', 'FLOKIUSDT', 'RAYUSDT', 'TOWNSUSDT', 'NMRUSDT', 'GALAUSDT', 'MITOUSDT', 'IOUSDT', 'ETCUSDT', 'WUSDT', 'A2ZUSDT', 'OMUSDT', 'NEWTUSDT', 'JUPUSDT', 'RENDERUSDT', 'REDUSDT', 'ATOMUSDT']
[2025-09-04T06:05:17.293+0000] {subprocess.py:93} INFO - 🔹 Lưu lịch sử giá vào DB bằng threading...
[2025-09-04T06:05:17.294+0000] {subprocess.py:93} INFO - 1/100 WLFIUSDT lỗi: relation "cryptocurrency.wlfiusdt" does not exist
[2025-09-04T06:05:17.294+0000] {subprocess.py:93} INFO - LINE 1: SELECT MAX(time) FROM cryptocurrency.wlfiusdt;
[2025-09-04T06:05:17.295+0000] {subprocess.py:93} INFO -                               ^
[2025-09-04T06:05:17.295+0000] {subprocess.py:93} INFO - 
[2025-09-04T06:05:17.295+0000] {subprocess.py:93} INFO - ✅ FDUSDUSDT: thêm 1 dòng mới
[2025-09-04T06:05:17.296+0000] {subprocess.py:93} INFO - ✅ ETHUSDT: thêm 1 dòng mới
[2025-09-04T06:05:17.296+0000] {subprocess.py:93} INFO - 2/100 ETHUSDT lưu OK
[2025-09-04T06:05:17.297+0000] {subprocess.py:93} INFO - 3/100 FDUSDUSDT lưu OK
[2025-09-04T06:05:17.297+0000] {subprocess.py:93} INFO - ✅ BTCUSDT: thêm 1 dòng mới
[2025-09-04T06:05:17.298+0000] {subprocess.py:93} INFO - 4/100 BTCUSDT lưu OK
[2025-09-04T06:05:17.298+0000] {subprocess.py:93} INFO - ✅ USDCUSDT: thêm 1 dòng mới
[2025-09-04T06:05:17.299+0000] {subprocess.py:93} INFO - ✅ SOLUSDT: thêm 1 dòng mới
[2025-09-04T06:05:17.299+0000] {subprocess.py:93} INFO - 5/100 USDCUSDT lưu OK
[2025-09-04T06:05:17.300+0000] {subprocess.py:93} INFO - 6/100 SOLUSDT lưu OK
[2025-09-04T06:05:17.300+0000] {subprocess.py:93} INFO - ✅ XRPUSDT: thêm 1 dòng mới
[2025-09-04T06:05:17.301+0000] {subprocess.py:93} INFO - 7/100 XRPUSDT lưu OK
[2025-09-04T06:05:17.301+0000] {subprocess.py:93} INFO - ✅ TRXUSDT: thêm 1 dòng mới
[2025-09-04T06:05:17.302+0000] {subprocess.py:93} INFO - 8/100 TRXUSDT lưu OK
[2025-09-04T06:05:17.302+0000] {subprocess.py:93} INFO - ✅ BNBUSDT: thêm 1 dòng mới
[2025-09-04T06:05:17.302+0000] {subprocess.py:93} INFO - 9/100 BNBUSDT lưu OK
[2025-09-04T06:05:17.303+0000] {subprocess.py:93} INFO - ✅ AVAXUSDT: thêm 1 dòng mới
[2025-09-04T06:05:17.303+0000] {subprocess.py:93} INFO - 10/100 AVAXUSDT lưu OK
[2025-09-04T06:05:17.304+0000] {subprocess.py:93} INFO - ✅ ADAUSDT: thêm 1 dòng mới
[2025-09-04T06:05:17.304+0000] {subprocess.py:93} INFO - 11/100 ADAUSDT lưu OK
[2025-09-04T06:05:17.305+0000] {subprocess.py:93} INFO - ✅ BCHUSDT: thêm 1 dòng mới
[2025-09-04T06:05:17.305+0000] {subprocess.py:93} INFO - 12/100 SOMIUSDT lỗi: relation "cryptocurrency.somiusdt" does not exist
[2025-09-04T06:05:17.306+0000] {subprocess.py:93} INFO - LINE 1: SELECT MAX(time) FROM cryptocurrency.somiusdt;
[2025-09-04T06:05:17.306+0000] {subprocess.py:93} INFO -                               ^
[2025-09-04T06:05:17.307+0000] {subprocess.py:93} INFO - 
[2025-09-04T06:05:17.308+0000] {subprocess.py:93} INFO - ✅ SUIUSDT: thêm 1 dòng mới
[2025-09-04T06:05:17.308+0000] {subprocess.py:93} INFO - 13/100 SUIUSDT lưu OK
[2025-09-04T06:05:17.308+0000] {subprocess.py:93} INFO - 14/100 BCHUSDT lưu OK
[2025-09-04T06:05:17.309+0000] {subprocess.py:93} INFO - ✅ DOGEUSDT: thêm 1 dòng mới
[2025-09-04T06:05:17.309+0000] {subprocess.py:93} INFO - 15/100 DOGEUSDT lưu OK
[2025-09-04T06:05:17.310+0000] {subprocess.py:93} INFO - ✅ ENAUSDT: thêm 1 dòng mới
[2025-09-04T06:05:17.310+0000] {subprocess.py:93} INFO - 16/100 ENAUSDT lưu OK
[2025-09-04T06:05:17.311+0000] {subprocess.py:93} INFO - ✅ PENGUUSDT: thêm 1 dòng mới
[2025-09-04T06:05:17.311+0000] {subprocess.py:93} INFO - 17/100 PENGUUSDT lưu OK
[2025-09-04T06:05:17.312+0000] {subprocess.py:93} INFO - ✅ ARBUSDT: thêm 1 dòng mới
[2025-09-04T06:05:17.312+0000] {subprocess.py:93} INFO - 18/100 ARBUSDT lưu OK
[2025-09-04T06:05:17.313+0000] {subprocess.py:93} INFO - ✅ SEIUSDT: thêm 1 dòng mới
[2025-09-04T06:05:17.313+0000] {subprocess.py:93} INFO - ✅ UNIUSDT: thêm 1 dòng mới
[2025-09-04T06:05:17.313+0000] {subprocess.py:93} INFO - ✅ SYRUPUSDT: thêm 1 dòng mới
[2025-09-04T06:05:17.314+0000] {subprocess.py:93} INFO - 19/100 TREEUSDT lỗi: relation "cryptocurrency.treeusdt" does not exist
[2025-09-04T06:05:17.314+0000] {subprocess.py:93} INFO - LINE 1: SELECT MAX(time) FROM cryptocurrency.treeusdt;
[2025-09-04T06:05:17.315+0000] {subprocess.py:93} INFO -                               ^
[2025-09-04T06:05:17.315+0000] {subprocess.py:93} INFO - 
[2025-09-04T06:05:17.316+0000] {subprocess.py:93} INFO - 20/100 SEIUSDT lưu OK
[2025-09-04T06:05:17.316+0000] {subprocess.py:93} INFO - 21/100 SYRUPUSDT lưu OK
[2025-09-04T06:05:17.317+0000] {subprocess.py:93} INFO - 22/100 UNIUSDT lưu OK
[2025-09-04T06:05:17.317+0000] {subprocess.py:93} INFO - ✅ HBARUSDT: thêm 1 dòng mới
[2025-09-04T06:05:17.317+0000] {subprocess.py:93} INFO - 23/100 HBARUSDT lưu OK
[2025-09-04T06:05:17.318+0000] {subprocess.py:93} INFO - ✅ AAVEUSDT: thêm 1 dòng mới
[2025-09-04T06:05:17.318+0000] {subprocess.py:93} INFO - ✅ LTCUSDT: thêm 1 dòng mới
[2025-09-04T06:05:17.319+0000] {subprocess.py:93} INFO - 24/100 AAVEUSDT lưu OK
[2025-09-04T06:05:17.319+0000] {subprocess.py:93} INFO - 25/100 LTCUSDT lưu OK
[2025-09-04T06:05:17.320+0000] {subprocess.py:93} INFO - ✅ PEPEUSDT: thêm 1 dòng mới
[2025-09-04T06:05:17.320+0000] {subprocess.py:93} INFO - 26/100 PEPEUSDT lưu OK
[2025-09-04T06:05:17.321+0000] {subprocess.py:93} INFO - ✅ LINKUSDT: thêm 1 dòng mới
[2025-09-04T06:05:17.321+0000] {subprocess.py:93} INFO - ✅ ONDOUSDT: thêm 1 dòng mới
[2025-09-04T06:05:17.322+0000] {subprocess.py:93} INFO - 27/100 LINKUSDT lưu OK
[2025-09-04T06:05:17.322+0000] {subprocess.py:93} INFO - 28/100 ONDOUSDT lưu OK
[2025-09-04T06:05:17.322+0000] {subprocess.py:93} INFO - ✅ WLDUSDT: thêm 1 dòng mới
[2025-09-04T06:05:17.323+0000] {subprocess.py:93} INFO - 29/100 WLDUSDT lưu OK
[2025-09-04T06:05:17.323+0000] {subprocess.py:93} INFO - ✅ TRUMPUSDT: thêm 1 dòng mới
[2025-09-04T06:05:17.324+0000] {subprocess.py:93} INFO - 30/100 TRUMPUSDT lưu OK
[2025-09-04T06:05:17.324+0000] {subprocess.py:93} INFO - 31/100 USD1USDT lỗi: relation "cryptocurrency.usd1usdt" does not exist
[2025-09-04T06:05:17.325+0000] {subprocess.py:93} INFO - LINE 1: SELECT MAX(time) FROM cryptocurrency.usd1usdt;
[2025-09-04T06:05:17.325+0000] {subprocess.py:93} INFO -                               ^
[2025-09-04T06:05:17.325+0000] {subprocess.py:93} INFO - 
[2025-09-04T06:05:17.326+0000] {subprocess.py:93} INFO - 32/100 PYTHUSDT lỗi: relation "cryptocurrency.pythusdt" does not exist
[2025-09-04T06:05:17.326+0000] {subprocess.py:93} INFO - LINE 1: SELECT MAX(time) FROM cryptocurrency.pythusdt;
[2025-09-04T06:05:17.326+0000] {subprocess.py:93} INFO -                               ^
[2025-09-04T06:05:17.327+0000] {subprocess.py:93} INFO - 
[2025-09-04T06:05:17.327+0000] {subprocess.py:93} INFO - 33/100 TUTUSDT lỗi: relation "cryptocurrency.tutusdt" does not exist
[2025-09-04T06:05:17.328+0000] {subprocess.py:93} INFO - LINE 1: SELECT MAX(time) FROM cryptocurrency.tutusdt;
[2025-09-04T06:05:17.328+0000] {subprocess.py:93} INFO -                               ^
[2025-09-04T06:05:17.328+0000] {subprocess.py:93} INFO - 
[2025-09-04T06:05:17.329+0000] {subprocess.py:93} INFO - ✅ LDOUSDT: thêm 1 dòng mới
[2025-09-04T06:05:17.329+0000] {subprocess.py:93} INFO - 34/100 LDOUSDT lưu OK
[2025-09-04T06:05:17.330+0000] {subprocess.py:93} INFO - ✅ BONKUSDT: thêm 1 dòng mới
[2025-09-04T06:05:17.330+0000] {subprocess.py:93} INFO - 35/100 BONKUSDT lưu OK
[2025-09-04T06:05:17.331+0000] {subprocess.py:93} INFO - 36/100 PAXGUSDT lỗi: relation "cryptocurrency.paxgusdt" does not exist
[2025-09-04T06:05:17.331+0000] {subprocess.py:93} INFO - LINE 1: SELECT MAX(time) FROM cryptocurrency.paxgusdt;
[2025-09-04T06:05:17.332+0000] {subprocess.py:93} INFO -                               ^
[2025-09-04T06:05:17.332+0000] {subprocess.py:93} INFO - 
[2025-09-04T06:05:17.332+0000] {subprocess.py:93} INFO - ✅ PROVEUSDT: thêm 1 dòng mới
[2025-09-04T06:05:17.333+0000] {subprocess.py:93} INFO - 37/100 PROVEUSDT lưu OK
[2025-09-04T06:05:17.333+0000] {subprocess.py:93} INFO - ✅ POLUSDT: thêm 1 dòng mới
[2025-09-04T06:05:17.334+0000] {subprocess.py:93} INFO - 38/100 POLUSDT lưu OK
[2025-09-04T06:05:17.334+0000] {subprocess.py:93} INFO - ✅ VIRTUALUSDT: thêm 1 dòng mới
[2025-09-04T06:05:17.335+0000] {subprocess.py:93} INFO - 39/100 VIRTUALUSDT lưu OK
[2025-09-04T06:05:17.335+0000] {subprocess.py:93} INFO - ✅ DOTUSDT: thêm 1 dòng mới
[2025-09-04T06:05:17.336+0000] {subprocess.py:93} INFO - 40/100 DOTUSDT lưu OK
[2025-09-04T06:05:17.336+0000] {subprocess.py:93} INFO - ✅ XLMUSDT: thêm 1 dòng mới
[2025-09-04T06:05:17.337+0000] {subprocess.py:93} INFO - 41/100 XLMUSDT lưu OK
[2025-09-04T06:05:17.337+0000] {subprocess.py:93} INFO - 42/100 FORMUSDT lỗi: relation "cryptocurrency.formusdt" does not exist
[2025-09-04T06:05:17.337+0000] {subprocess.py:93} INFO - LINE 1: SELECT MAX(time) FROM cryptocurrency.formusdt;
[2025-09-04T06:05:17.338+0000] {subprocess.py:93} INFO -                               ^
[2025-09-04T06:05:17.338+0000] {subprocess.py:93} INFO - 
[2025-09-04T06:05:17.339+0000] {subprocess.py:93} INFO - ✅ WIFUSDT: thêm 1 dòng mới
[2025-09-04T06:05:17.339+0000] {subprocess.py:93} INFO - 43/100 WIFUSDT lưu OK
[2025-09-04T06:05:17.340+0000] {subprocess.py:93} INFO - 44/100 BIOUSDT lỗi: relation "cryptocurrency.biousdt" does not exist
[2025-09-04T06:05:17.340+0000] {subprocess.py:93} INFO - LINE 1: SELECT MAX(time) FROM cryptocurrency.biousdt;
[2025-09-04T06:05:17.341+0000] {subprocess.py:93} INFO -                               ^
[2025-09-04T06:05:17.341+0000] {subprocess.py:93} INFO - 
[2025-09-04T06:05:17.341+0000] {subprocess.py:93} INFO - 45/100 DOLOUSDT lỗi: relation "cryptocurrency.dolousdt" does not exist
[2025-09-04T06:05:17.342+0000] {subprocess.py:93} INFO - LINE 1: SELECT MAX(time) FROM cryptocurrency.dolousdt;
[2025-09-04T06:05:17.342+0000] {subprocess.py:93} INFO -                               ^
[2025-09-04T06:05:17.343+0000] {subprocess.py:93} INFO - 
[2025-09-04T06:05:17.343+0000] {subprocess.py:93} INFO - ✅ PENDLEUSDT: thêm 1 dòng mới
[2025-09-04T06:05:17.344+0000] {subprocess.py:93} INFO - ✅ NEARUSDT: thêm 1 dòng mới
[2025-09-04T06:05:17.344+0000] {subprocess.py:93} INFO - 46/100 PENDLEUSDT lưu OK
[2025-09-04T06:05:17.345+0000] {subprocess.py:93} INFO - 47/100 NEARUSDT lưu OK
[2025-09-04T06:05:17.345+0000] {subprocess.py:93} INFO - ✅ SPKUSDT: thêm 1 dòng mới
[2025-09-04T06:05:17.345+0000] {subprocess.py:93} INFO - 48/100 SPKUSDT lưu OK
[2025-09-04T06:05:17.346+0000] {subprocess.py:93} INFO - 49/100 BAKEUSDT lỗi: relation "cryptocurrency.bakeusdt" does not exist
[2025-09-04T06:05:17.346+0000] {subprocess.py:93} INFO - LINE 1: SELECT MAX(time) FROM cryptocurrency.bakeusdt;
[2025-09-04T06:05:17.347+0000] {subprocess.py:93} INFO -                               ^
[2025-09-04T06:05:17.347+0000] {subprocess.py:93} INFO - 
[2025-09-04T06:05:17.348+0000] {subprocess.py:93} INFO - ✅ ETHFIUSDT: thêm 1 dòng mới
[2025-09-04T06:05:17.348+0000] {subprocess.py:93} INFO - 50/100 ETHFIUSDT lưu OK
[2025-09-04T06:05:17.349+0000] {subprocess.py:93} INFO - ✅ TONUSDT: thêm 1 dòng mới
[2025-09-04T06:05:17.349+0000] {subprocess.py:93} INFO - 51/100 TONUSDT lưu OK
[2025-09-04T06:05:17.349+0000] {subprocess.py:93} INFO - ✅ FILUSDT: thêm 1 dòng mới
[2025-09-04T06:05:17.350+0000] {subprocess.py:93} INFO - 52/100 FILUSDT lưu OK
[2025-09-04T06:05:17.350+0000] {subprocess.py:93} INFO - ✅ EURUSDT: thêm 1 dòng mới
[2025-09-04T06:05:17.351+0000] {subprocess.py:93} INFO - 53/100 EURUSDT lưu OK
[2025-09-04T06:05:17.351+0000] {subprocess.py:93} INFO - ✅ TAOUSDT: thêm 1 dòng mới
[2025-09-04T06:05:17.352+0000] {subprocess.py:93} INFO - 54/100 TAOUSDT lưu OK
[2025-09-04T06:05:17.352+0000] {subprocess.py:93} INFO - 55/100 MKRUSDT lỗi: relation "cryptocurrency.mkrusdt" does not exist
[2025-09-04T06:05:17.353+0000] {subprocess.py:93} INFO - LINE 1: SELECT MAX(time) FROM cryptocurrency.mkrusdt;
[2025-09-04T06:05:17.354+0000] {subprocess.py:93} INFO -                               ^
[2025-09-04T06:05:17.354+0000] {subprocess.py:93} INFO - 
[2025-09-04T06:05:17.355+0000] {subprocess.py:93} INFO - ✅ OPUSDT: thêm 1 dòng mới
[2025-09-04T06:05:17.355+0000] {subprocess.py:93} INFO - 56/100 OPUSDT lưu OK
[2025-09-04T06:05:17.356+0000] {subprocess.py:93} INFO - ✅ CRVUSDT: thêm 1 dòng mới
[2025-09-04T06:05:17.356+0000] {subprocess.py:93} INFO - 57/100 CRVUSDT lưu OK
[2025-09-04T06:05:17.357+0000] {subprocess.py:93} INFO - 58/100 CUSDT lỗi: relation "cryptocurrency.cusdt" does not exist
[2025-09-04T06:05:17.358+0000] {subprocess.py:93} INFO - LINE 1: SELECT MAX(time) FROM cryptocurrency.cusdt;
[2025-09-04T06:05:17.358+0000] {subprocess.py:93} INFO -                               ^
[2025-09-04T06:05:17.359+0000] {subprocess.py:93} INFO - 
[2025-09-04T06:05:17.359+0000] {subprocess.py:93} INFO - ✅ SHIBUSDT: thêm 1 dòng mới
[2025-09-04T06:05:17.360+0000] {subprocess.py:93} INFO - 59/100 SHIBUSDT lưu OK
[2025-09-04T06:05:17.360+0000] {subprocess.py:93} INFO - ✅ XUSDUSDT: thêm 1 dòng mới
[2025-09-04T06:05:17.361+0000] {subprocess.py:93} INFO - 60/100 XUSDUSDT lưu OK
[2025-09-04T06:05:17.361+0000] {subprocess.py:93} INFO - ✅ MAVUSDT: thêm 1 dòng mới
[2025-09-04T06:05:17.362+0000] {subprocess.py:93} INFO - 61/100 MAVUSDT lưu OK
[2025-09-04T06:05:17.362+0000] {subprocess.py:93} INFO - 62/100 LPTUSDT lỗi: relation "cryptocurrency.lptusdt" does not exist
[2025-09-04T06:05:17.363+0000] {subprocess.py:93} INFO - LINE 1: SELECT MAX(time) FROM cryptocurrency.lptusdt;
[2025-09-04T06:05:17.363+0000] {subprocess.py:93} INFO -                               ^
[2025-09-04T06:05:17.364+0000] {subprocess.py:93} INFO - 
[2025-09-04T06:05:17.364+0000] {subprocess.py:93} INFO - ✅ SUSDT: thêm 1 dòng mới
[2025-09-04T06:05:17.365+0000] {subprocess.py:93} INFO - 63/100 SUSDT lưu OK
[2025-09-04T06:05:17.365+0000] {subprocess.py:93} INFO - 64/100 PLUMEUSDT lỗi: relation "cryptocurrency.plumeusdt" does not exist
[2025-09-04T06:05:17.366+0000] {subprocess.py:93} INFO - LINE 1: SELECT MAX(time) FROM cryptocurrency.plumeusdt;
[2025-09-04T06:05:17.366+0000] {subprocess.py:93} INFO -                               ^
[2025-09-04T06:05:17.367+0000] {subprocess.py:93} INFO - 
[2025-09-04T06:05:17.367+0000] {subprocess.py:93} INFO - ✅ FETUSDT: thêm 1 dòng mới
[2025-09-04T06:05:17.368+0000] {subprocess.py:93} INFO - 65/100 FETUSDT lưu OK
[2025-09-04T06:05:17.368+0000] {subprocess.py:93} INFO - ✅ APTUSDT: thêm 1 dòng mới
[2025-09-04T06:05:17.369+0000] {subprocess.py:93} INFO - 66/100 APTUSDT lưu OK
[2025-09-04T06:05:17.369+0000] {subprocess.py:93} INFO - 67/100 HFTUSDT lỗi: relation "cryptocurrency.hftusdt" does not exist
[2025-09-04T06:05:17.370+0000] {subprocess.py:93} INFO - LINE 1: SELECT MAX(time) FROM cryptocurrency.hftusdt;
[2025-09-04T06:05:17.370+0000] {subprocess.py:93} INFO -                               ^
[2025-09-04T06:05:17.371+0000] {subprocess.py:93} INFO - 
[2025-09-04T06:05:17.371+0000] {subprocess.py:93} INFO - ✅ TIAUSDT: thêm 1 dòng mới
[2025-09-04T06:05:17.372+0000] {subprocess.py:93} INFO - 68/100 TIAUSDT lưu OK
[2025-09-04T06:05:17.372+0000] {subprocess.py:93} INFO - 69/100 SHELLUSDT lỗi: relation "cryptocurrency.shellusdt" does not exist
[2025-09-04T06:05:17.373+0000] {subprocess.py:93} INFO - LINE 1: SELECT MAX(time) FROM cryptocurrency.shellusdt;
[2025-09-04T06:05:17.373+0000] {subprocess.py:93} INFO -                               ^
[2025-09-04T06:05:17.374+0000] {subprocess.py:93} INFO - 
[2025-09-04T06:05:17.374+0000] {subprocess.py:93} INFO - 70/100 AIXBTUSDT lỗi: relation "cryptocurrency.aixbtusdt" does not exist
[2025-09-04T06:05:17.375+0000] {subprocess.py:93} INFO - LINE 1: SELECT MAX(time) FROM cryptocurrency.aixbtusdt;
[2025-09-04T06:05:17.375+0000] {subprocess.py:93} INFO -                               ^
[2025-09-04T06:05:17.376+0000] {subprocess.py:93} INFO - 
[2025-09-04T06:05:17.376+0000] {subprocess.py:93} INFO - ✅ EIGENUSDT: thêm 1 dòng mới
[2025-09-04T06:05:17.377+0000] {subprocess.py:93} INFO - 71/100 EIGENUSDT lưu OK
[2025-09-04T06:05:17.377+0000] {subprocess.py:93} INFO - 72/100 HIFIUSDT lỗi: relation "cryptocurrency.hifiusdt" does not exist
[2025-09-04T06:05:17.378+0000] {subprocess.py:93} INFO - LINE 1: SELECT MAX(time) FROM cryptocurrency.hifiusdt;
[2025-09-04T06:05:17.378+0000] {subprocess.py:93} INFO -                               ^
[2025-09-04T06:05:17.379+0000] {subprocess.py:93} INFO - 
[2025-09-04T06:05:17.379+0000] {subprocess.py:93} INFO - 73/100 QTUMUSDT lỗi: relation "cryptocurrency.qtumusdt" does not exist
[2025-09-04T06:05:17.380+0000] {subprocess.py:93} INFO - LINE 1: SELECT MAX(time) FROM cryptocurrency.qtumusdt;
[2025-09-04T06:05:17.380+0000] {subprocess.py:93} INFO -                               ^
[2025-09-04T06:05:17.381+0000] {subprocess.py:93} INFO - 
[2025-09-04T06:05:17.382+0000] {subprocess.py:93} INFO - ✅ INJUSDT: thêm 1 dòng mới
[2025-09-04T06:05:17.382+0000] {subprocess.py:93} INFO - 74/100 INJUSDT lưu OK
[2025-09-04T06:05:17.383+0000] {subprocess.py:93} INFO - 75/100 MEMEUSDT lỗi: relation "cryptocurrency.memeusdt" does not exist
[2025-09-04T06:05:17.383+0000] {subprocess.py:93} INFO - LINE 1: SELECT MAX(time) FROM cryptocurrency.memeusdt;
[2025-09-04T06:05:17.384+0000] {subprocess.py:93} INFO -                               ^
[2025-09-04T06:05:17.384+0000] {subprocess.py:93} INFO - 
[2025-09-04T06:05:17.385+0000] {subprocess.py:93} INFO - ✅ CFXUSDT: thêm 1 dòng mới
[2025-09-04T06:05:17.385+0000] {subprocess.py:93} INFO - 76/100 CFXUSDT lưu OK
[2025-09-04T06:05:17.386+0000] {subprocess.py:93} INFO - 77/100 RESOLVUSDT lỗi: relation "cryptocurrency.resolvusdt" does not exist
[2025-09-04T06:05:17.386+0000] {subprocess.py:93} INFO - LINE 1: SELECT MAX(time) FROM cryptocurrency.resolvusdt;
[2025-09-04T06:05:17.387+0000] {subprocess.py:93} INFO -                               ^
[2025-09-04T06:05:17.387+0000] {subprocess.py:93} INFO - 
[2025-09-04T06:05:17.388+0000] {subprocess.py:93} INFO - ✅ SKLUSDT: thêm 1 dòng mới
[2025-09-04T06:05:17.388+0000] {subprocess.py:93} INFO - 78/100 SKLUSDT lưu OK
[2025-09-04T06:05:17.389+0000] {subprocess.py:93} INFO - 79/100 RLCUSDT lỗi: relation "cryptocurrency.rlcusdt" does not exist
[2025-09-04T06:05:17.389+0000] {subprocess.py:93} INFO - LINE 1: SELECT MAX(time) FROM cryptocurrency.rlcusdt;
[2025-09-04T06:05:17.390+0000] {subprocess.py:93} INFO -                               ^
[2025-09-04T06:05:17.390+0000] {subprocess.py:93} INFO - 
[2025-09-04T06:05:17.391+0000] {subprocess.py:93} INFO - ✅ RAYUSDT: thêm 1 dòng mới
[2025-09-04T06:05:22.026+0000] {subprocess.py:93} INFO - 80/100 RAYUSDT lưu OK
[2025-09-04T06:05:22.027+0000] {subprocess.py:93} INFO - ✅ PNUTUSDT: thêm 1 dòng mới
[2025-09-04T06:05:22.028+0000] {subprocess.py:93} INFO - 81/100 PNUTUSDT lưu OK
[2025-09-04T06:05:22.029+0000] {subprocess.py:93} INFO - ✅ CAKEUSDT: thêm 1 dòng mới
[2025-09-04T06:05:22.030+0000] {subprocess.py:93} INFO - 82/100 CAKEUSDT lưu OK
[2025-09-04T06:05:22.030+0000] {subprocess.py:93} INFO - ✅ ICPUSDT: thêm 1 dòng mới
[2025-09-04T06:05:22.031+0000] {subprocess.py:93} INFO - 83/100 ICPUSDT lưu OK
[2025-09-04T06:05:22.032+0000] {subprocess.py:93} INFO - ✅ NEIROUSDT: thêm 1 dòng mới
[2025-09-04T06:05:22.033+0000] {subprocess.py:93} INFO - 84/100 NEIROUSDT lưu OK
[2025-09-04T06:05:22.034+0000] {subprocess.py:93} INFO - ✅ SANTOSUSDT: thêm 1 dòng mới
[2025-09-04T06:05:22.034+0000] {subprocess.py:93} INFO - 85/100 SANTOSUSDT lưu OK
[2025-09-04T06:05:22.035+0000] {subprocess.py:93} INFO - ✅ FLOKIUSDT: thêm 1 dòng mới
[2025-09-04T06:05:22.036+0000] {subprocess.py:93} INFO - 86/100 FLOKIUSDT lưu OK
[2025-09-04T06:05:22.036+0000] {subprocess.py:93} INFO - 87/100 NMRUSDT lỗi: relation "cryptocurrency.nmrusdt" does not exist
[2025-09-04T06:05:22.037+0000] {subprocess.py:93} INFO - LINE 1: SELECT MAX(time) FROM cryptocurrency.nmrusdt;
[2025-09-04T06:05:22.038+0000] {subprocess.py:93} INFO -                               ^
[2025-09-04T06:05:22.038+0000] {subprocess.py:93} INFO - 
[2025-09-04T06:05:22.039+0000] {subprocess.py:93} INFO - ✅ TOWNSUSDT: thêm 1 dòng mới
[2025-09-04T06:05:22.040+0000] {subprocess.py:93} INFO - 88/100 TOWNSUSDT lưu OK
[2025-09-04T06:05:22.041+0000] {subprocess.py:93} INFO - ✅ OMUSDT: thêm 1 dòng mới
[2025-09-04T06:05:22.043+0000] {subprocess.py:93} INFO - 89/100 OMUSDT lưu OK
[2025-09-04T06:05:22.044+0000] {subprocess.py:93} INFO - 90/100 IOUSDT lỗi: relation "cryptocurrency.iousdt" does not exist
[2025-09-04T06:05:22.044+0000] {subprocess.py:93} INFO - LINE 1: SELECT MAX(time) FROM cryptocurrency.iousdt;
[2025-09-04T06:05:22.045+0000] {subprocess.py:93} INFO -                               ^
[2025-09-04T06:05:22.046+0000] {subprocess.py:93} INFO - 
[2025-09-04T06:05:22.047+0000] {subprocess.py:93} INFO - ✅ ETCUSDT: thêm 1 dòng mới
[2025-09-04T06:05:22.048+0000] {subprocess.py:93} INFO - 91/100 ETCUSDT lưu OK
[2025-09-04T06:05:22.048+0000] {subprocess.py:93} INFO - ✅ GALAUSDT: thêm 1 dòng mới
[2025-09-04T06:05:22.049+0000] {subprocess.py:93} INFO - 92/100 GALAUSDT lưu OK
[2025-09-04T06:05:22.050+0000] {subprocess.py:93} INFO - 93/100 WUSDT lỗi: relation "cryptocurrency.wusdt" does not exist
[2025-09-04T06:05:22.051+0000] {subprocess.py:93} INFO - LINE 1: SELECT MAX(time) FROM cryptocurrency.wusdt;
[2025-09-04T06:05:22.051+0000] {subprocess.py:93} INFO -                               ^
[2025-09-04T06:05:22.052+0000] {subprocess.py:93} INFO - 
[2025-09-04T06:05:22.053+0000] {subprocess.py:93} INFO - 94/100 MITOUSDT lỗi: relation "cryptocurrency.mitousdt" does not exist
[2025-09-04T06:05:22.054+0000] {subprocess.py:93} INFO - LINE 1: SELECT MAX(time) FROM cryptocurrency.mitousdt;
[2025-09-04T06:05:22.054+0000] {subprocess.py:93} INFO -                               ^
[2025-09-04T06:05:22.055+0000] {subprocess.py:93} INFO - 
[2025-09-04T06:05:22.056+0000] {subprocess.py:93} INFO - ✅ A2ZUSDT: thêm 1 dòng mới
[2025-09-04T06:05:22.057+0000] {subprocess.py:93} INFO - 95/100 A2ZUSDT lưu OK
[2025-09-04T06:05:22.057+0000] {subprocess.py:93} INFO - 96/100 NEWTUSDT lỗi: relation "cryptocurrency.newtusdt" does not exist
[2025-09-04T06:05:22.058+0000] {subprocess.py:93} INFO - LINE 1: SELECT MAX(time) FROM cryptocurrency.newtusdt;
[2025-09-04T06:05:22.059+0000] {subprocess.py:93} INFO -                               ^
[2025-09-04T06:05:22.059+0000] {subprocess.py:93} INFO - 
[2025-09-04T06:05:22.060+0000] {subprocess.py:93} INFO - ✅ RENDERUSDT: thêm 1 dòng mới
[2025-09-04T06:05:22.061+0000] {subprocess.py:93} INFO - 97/100 RENDERUSDT lưu OK
[2025-09-04T06:05:22.062+0000] {subprocess.py:93} INFO - 98/100 JUPUSDT lỗi: relation "cryptocurrency.jupusdt" does not exist
[2025-09-04T06:05:22.062+0000] {subprocess.py:93} INFO - LINE 1: SELECT MAX(time) FROM cryptocurrency.jupusdt;
[2025-09-04T06:05:22.063+0000] {subprocess.py:93} INFO -                               ^
[2025-09-04T06:05:22.064+0000] {subprocess.py:93} INFO - 
[2025-09-04T06:05:22.064+0000] {subprocess.py:93} INFO - 99/100 ATOMUSDT lỗi: relation "cryptocurrency.atomusdt" does not exist
[2025-09-04T06:05:22.065+0000] {subprocess.py:93} INFO - LINE 1: SELECT MAX(time) FROM cryptocurrency.atomusdt;
[2025-09-04T06:05:22.066+0000] {subprocess.py:93} INFO -                               ^
[2025-09-04T06:05:22.067+0000] {subprocess.py:93} INFO - 
[2025-09-04T06:05:22.067+0000] {subprocess.py:93} INFO - 100/100 REDUSDT lỗi: relation "cryptocurrency.redusdt" does not exist
[2025-09-04T06:05:22.068+0000] {subprocess.py:93} INFO - LINE 1: SELECT MAX(time) FROM cryptocurrency.redusdt;
[2025-09-04T06:05:22.069+0000] {subprocess.py:93} INFO -                               ^
[2025-09-04T06:05:22.070+0000] {subprocess.py:93} INFO - 
[2025-09-04T06:05:22.282+0000] {subprocess.py:97} INFO - Command exited with return code 0
[2025-09-04T06:05:22.284+0000] {taskinstance.py:441} INFO - ::group::Post task execution logs
[2025-09-04T06:05:22.383+0000] {taskinstance.py:1206} INFO - Marking task as SUCCESS. dag_id=crypto_collector_dag, task_id=run_crypto_collector, run_id=scheduled__2025-09-04T06:04:00+00:00, execution_date=20250904T060400, start_date=20250904T060502, end_date=20250904T060522
[2025-09-04T06:05:22.431+0000] {local_task_job_runner.py:240} INFO - Task exited with return code 0
[2025-09-04T06:05:22.463+0000] {taskinstance.py:3498} INFO - 0 downstream tasks scheduled from follow-on schedule check
[2025-09-04T06:05:22.464+0000] {local_task_job_runner.py:222} INFO - ::endgroup::
