[2025-09-03T16:06:02.123+0000] {local_task_job_runner.py:120} INFO - ::group::Pre task execution logs
[2025-09-03T16:06:02.148+0000] {taskinstance.py:2076} INFO - Dependencies all met for dep_context=non-requeueable deps ti=<TaskInstance: foreign_1_live.save_foreign_1 scheduled__2025-09-03T16:05:00+00:00 [queued]>
[2025-09-03T16:06:02.157+0000] {taskinstance.py:2076} INFO - Dependencies all met for dep_context=requeueable deps ti=<TaskInstance: foreign_1_live.save_foreign_1 scheduled__2025-09-03T16:05:00+00:00 [queued]>
[2025-09-03T16:06:02.158+0000] {taskinstance.py:2306} INFO - Starting attempt 1 of 11
[2025-09-03T16:06:02.170+0000] {taskinstance.py:2330} INFO - Executing <Task(PythonOperator): save_foreign_1> on 2025-09-03 16:05:00+00:00
[2025-09-03T16:06:02.178+0000] {standard_task_runner.py:63} INFO - Started process 2802625 to run task
[2025-09-03T16:06:02.182+0000] {standard_task_runner.py:90} INFO - Running: ['***', 'tasks', 'run', 'foreign_1_live', 'save_foreign_1', 'scheduled__2025-09-03T16:05:00+00:00', '--job-id', '85086', '--raw', '--subdir', 'DAGS_FOLDER/dag_foreign_1_live.py', '--cfg-path', '/tmp/tmpmeyc9n6y']
[2025-09-03T16:06:02.184+0000] {standard_task_runner.py:91} INFO - Job 85086: Subtask save_foreign_1
[2025-09-03T16:06:02.232+0000] {task_command.py:426} INFO - Running <TaskInstance: foreign_1_live.save_foreign_1 scheduled__2025-09-03T16:05:00+00:00 [running]> on host 1877907bc043
[2025-09-03T16:06:02.384+0000] {taskinstance.py:2648} INFO - Exporting env vars: AIRFLOW_CTX_DAG_OWNER='***' AIRFLOW_CTX_DAG_ID='foreign_1_live' AIRFLOW_CTX_TASK_ID='save_foreign_1' AIRFLOW_CTX_EXECUTION_DATE='2025-09-03T16:05:00+00:00' AIRFLOW_CTX_TRY_NUMBER='1' AIRFLOW_CTX_DAG_RUN_ID='scheduled__2025-09-03T16:05:00+00:00'
[2025-09-03T16:06:02.386+0000] {taskinstance.py:430} INFO - ::endgroup::
[2025-09-03T16:06:02.399+0000] {foreign_1.py:18} INFO - Kết nối DB
[2025-09-03T16:06:03.956+0000] {foreign_1.py:28} INFO - Đã lưu foreign_ALL
[2025-09-03T16:06:03.957+0000] {foreign_1.py:18} INFO - Kết nối DB
[2025-09-03T16:06:04.308+0000] {foreign_1.py:28} INFO - Đã lưu foreign_HOSE
[2025-09-03T16:06:04.309+0000] {foreign_1.py:18} INFO - Kết nối DB
[2025-09-03T16:06:04.808+0000] {foreign_1.py:28} INFO - Đã lưu foreign_HNX
[2025-09-03T16:06:04.809+0000] {foreign_1.py:18} INFO - Kết nối DB
[2025-09-03T16:06:05.207+0000] {foreign_1.py:28} INFO - Đã lưu foreign_UPCOM
[2025-09-03T16:06:05.208+0000] {python.py:237} INFO - Done. Returned value was: None
[2025-09-03T16:06:05.209+0000] {taskinstance.py:441} INFO - ::group::Post task execution logs
[2025-09-03T16:06:05.223+0000] {taskinstance.py:1206} INFO - Marking task as SUCCESS. dag_id=foreign_1_live, task_id=save_foreign_1, run_id=scheduled__2025-09-03T16:05:00+00:00, execution_date=20250903T160500, start_date=20250903T160602, end_date=20250903T160605
[2025-09-03T16:06:05.282+0000] {local_task_job_runner.py:240} INFO - Task exited with return code 0
[2025-09-03T16:06:05.323+0000] {taskinstance.py:3498} INFO - 4 downstream tasks scheduled from follow-on schedule check
[2025-09-03T16:06:05.324+0000] {local_task_job_runner.py:222} INFO - ::endgroup::
