[2025-08-07T07:03:23.510+0000] {local_task_job_runner.py:120} INFO - ::group::Pre task execution logs
[2025-08-07T07:03:23.554+0000] {taskinstance.py:2076} INFO - Dependencies all met for dep_context=non-requeueable deps ti=<TaskInstance: run_all_alerts_and_save_to_postgres.run_alert_intraday scheduled__2025-08-06T14:50:00+00:00 [queued]>
[2025-08-07T07:03:23.566+0000] {taskinstance.py:2076} INFO - Dependencies all met for dep_context=requeueable deps ti=<TaskInstance: run_all_alerts_and_save_to_postgres.run_alert_intraday scheduled__2025-08-06T14:50:00+00:00 [queued]>
[2025-08-07T07:03:23.567+0000] {taskinstance.py:2306} INFO - Starting attempt 1 of 3
[2025-08-07T07:03:23.582+0000] {taskinstance.py:2330} INFO - Executing <Task(PythonOperator): run_alert_intraday> on 2025-08-06 14:50:00+00:00
[2025-08-07T07:03:23.588+0000] {standard_task_runner.py:63} INFO - Started process 136592 to run task
[2025-08-07T07:03:23.594+0000] {standard_task_runner.py:90} INFO - Running: ['***', 'tasks', 'run', 'run_all_alerts_and_save_to_postgres', 'run_alert_intraday', 'scheduled__2025-08-06T14:50:00+00:00', '--job-id', '2674', '--raw', '--subdir', 'DAGS_FOLDER/alert to db/alert_all_to_postgres_dag.py', '--cfg-path', '/tmp/tmp02ijn93y']
[2025-08-07T07:03:23.595+0000] {standard_task_runner.py:91} INFO - Job 2674: Subtask run_alert_intraday
[2025-08-07T07:03:23.656+0000] {task_command.py:426} INFO - Running <TaskInstance: run_all_alerts_and_save_to_postgres.run_alert_intraday scheduled__2025-08-06T14:50:00+00:00 [running]> on host 1877907bc043
[2025-08-07T07:03:23.742+0000] {taskinstance.py:2648} INFO - Exporting env vars: AIRFLOW_CTX_DAG_OWNER='alert_system' AIRFLOW_CTX_DAG_ID='run_all_alerts_and_save_to_postgres' AIRFLOW_CTX_TASK_ID='run_alert_intraday' AIRFLOW_CTX_EXECUTION_DATE='2025-08-06T14:50:00+00:00' AIRFLOW_CTX_TRY_NUMBER='1' AIRFLOW_CTX_DAG_RUN_ID='scheduled__2025-08-06T14:50:00+00:00'
[2025-08-07T07:03:23.743+0000] {taskinstance.py:430} INFO - ::endgroup::
[2025-08-07T07:03:23.857+0000] {taskinstance.py:441} INFO - ::group::Post task execution logs
[2025-08-07T07:03:23.858+0000] {taskinstance.py:2905} ERROR - Task failed with exception
Traceback (most recent call last):
  File "/home/airflow/.local/lib/python3.10/site-packages/airflow/models/taskinstance.py", line 465, in _execute_task
    result = _execute_callable(context=context, **execute_callable_kwargs)
  File "/home/airflow/.local/lib/python3.10/site-packages/airflow/models/taskinstance.py", line 432, in _execute_callable
    return execute_callable(context=context, **execute_callable_kwargs)
  File "/home/airflow/.local/lib/python3.10/site-packages/airflow/models/baseoperator.py", line 400, in wrapper
    return func(self, *args, **kwargs)
  File "/home/airflow/.local/lib/python3.10/site-packages/airflow/operators/python.py", line 235, in execute
    return_value = self.execute_callable()
  File "/home/airflow/.local/lib/python3.10/site-packages/airflow/operators/python.py", line 252, in execute_callable
    return self.python_callable(*self.op_args, **self.op_kwargs)
  File "/opt/airflow/dags/alert to db/alert_all_to_postgres_dag.py", line 40, in run_alert_script
    result = subprocess.run(['python', script_path], check=True, capture_output=True, text=True)
  File "/usr/local/lib/python3.10/subprocess.py", line 526, in run
    raise CalledProcessError(retcode, process.args,
subprocess.CalledProcessError: Command '['python', '/opt/airflow/dags/alert_scripts/Alert_Intraday.py']' returned non-zero exit status 2.
[2025-08-07T07:03:23.868+0000] {taskinstance.py:1206} INFO - Marking task as UP_FOR_RETRY. dag_id=run_all_alerts_and_save_to_postgres, task_id=run_alert_intraday, run_id=scheduled__2025-08-06T14:50:00+00:00, execution_date=20250806T145000, start_date=20250807T070323, end_date=20250807T070323
[2025-08-07T07:03:23.878+0000] {standard_task_runner.py:110} ERROR - Failed to execute job 2674 for task run_alert_intraday (Command '['python', '/opt/airflow/dags/alert_scripts/Alert_Intraday.py']' returned non-zero exit status 2.; 136592)
[2025-08-07T07:03:23.925+0000] {local_task_job_runner.py:240} INFO - Task exited with return code 1
[2025-08-07T07:03:23.954+0000] {taskinstance.py:3498} INFO - 0 downstream tasks scheduled from follow-on schedule check
[2025-08-07T07:03:23.956+0000] {local_task_job_runner.py:222} INFO - ::endgroup::
[2025-08-07T07:09:28.238+0000] {local_task_job_runner.py:120} INFO - ::group::Pre task execution logs
[2025-08-07T07:09:28.263+0000] {taskinstance.py:2076} INFO - Dependencies all met for dep_context=non-requeueable deps ti=<TaskInstance: run_all_alerts_and_save_to_postgres.run_alert_intraday scheduled__2025-08-06T14:50:00+00:00 [queued]>
[2025-08-07T07:09:28.273+0000] {taskinstance.py:2076} INFO - Dependencies all met for dep_context=requeueable deps ti=<TaskInstance: run_all_alerts_and_save_to_postgres.run_alert_intraday scheduled__2025-08-06T14:50:00+00:00 [queued]>
[2025-08-07T07:09:28.273+0000] {taskinstance.py:2306} INFO - Starting attempt 1 of 3
[2025-08-07T07:09:28.286+0000] {taskinstance.py:2330} INFO - Executing <Task(PythonOperator): run_alert_intraday> on 2025-08-06 14:50:00+00:00
[2025-08-07T07:09:28.293+0000] {standard_task_runner.py:63} INFO - Started process 136725 to run task
[2025-08-07T07:09:28.298+0000] {standard_task_runner.py:90} INFO - Running: ['***', 'tasks', 'run', 'run_all_alerts_and_save_to_postgres', 'run_alert_intraday', 'scheduled__2025-08-06T14:50:00+00:00', '--job-id', '2695', '--raw', '--subdir', 'DAGS_FOLDER/alert to db/alert_scripts/alert_all_to_postgres_dag.py', '--cfg-path', '/tmp/tmpxe84vvop']
[2025-08-07T07:09:28.299+0000] {standard_task_runner.py:91} INFO - Job 2695: Subtask run_alert_intraday
[2025-08-07T07:09:28.363+0000] {task_command.py:426} INFO - Running <TaskInstance: run_all_alerts_and_save_to_postgres.run_alert_intraday scheduled__2025-08-06T14:50:00+00:00 [running]> on host 1877907bc043
[2025-08-07T07:09:28.455+0000] {taskinstance.py:2648} INFO - Exporting env vars: AIRFLOW_CTX_DAG_OWNER='alert_system' AIRFLOW_CTX_DAG_ID='run_all_alerts_and_save_to_postgres' AIRFLOW_CTX_TASK_ID='run_alert_intraday' AIRFLOW_CTX_EXECUTION_DATE='2025-08-06T14:50:00+00:00' AIRFLOW_CTX_TRY_NUMBER='1' AIRFLOW_CTX_DAG_RUN_ID='scheduled__2025-08-06T14:50:00+00:00'
[2025-08-07T07:09:28.456+0000] {taskinstance.py:430} INFO - ::endgroup::
[2025-08-07T07:09:28.564+0000] {taskinstance.py:441} INFO - ::group::Post task execution logs
[2025-08-07T07:09:28.565+0000] {taskinstance.py:2905} ERROR - Task failed with exception
Traceback (most recent call last):
  File "/home/airflow/.local/lib/python3.10/site-packages/airflow/models/taskinstance.py", line 465, in _execute_task
    result = _execute_callable(context=context, **execute_callable_kwargs)
  File "/home/airflow/.local/lib/python3.10/site-packages/airflow/models/taskinstance.py", line 432, in _execute_callable
    return execute_callable(context=context, **execute_callable_kwargs)
  File "/home/airflow/.local/lib/python3.10/site-packages/airflow/models/baseoperator.py", line 400, in wrapper
    return func(self, *args, **kwargs)
  File "/home/airflow/.local/lib/python3.10/site-packages/airflow/operators/python.py", line 235, in execute
    return_value = self.execute_callable()
  File "/home/airflow/.local/lib/python3.10/site-packages/airflow/operators/python.py", line 252, in execute_callable
    return self.python_callable(*self.op_args, **self.op_kwargs)
  File "/opt/airflow/dags/alert to db/alert_scripts/alert_all_to_postgres_dag.py", line 40, in run_alert_script
    result = subprocess.run(['python', script_path], check=True, capture_output=True, text=True)
  File "/usr/local/lib/python3.10/subprocess.py", line 526, in run
    raise CalledProcessError(retcode, process.args,
subprocess.CalledProcessError: Command '['python', '/opt/airflow/dags/alert_scripts/Alert_Intraday.py']' returned non-zero exit status 2.
[2025-08-07T07:09:28.576+0000] {taskinstance.py:1206} INFO - Marking task as UP_FOR_RETRY. dag_id=run_all_alerts_and_save_to_postgres, task_id=run_alert_intraday, run_id=scheduled__2025-08-06T14:50:00+00:00, execution_date=20250806T145000, start_date=20250807T070928, end_date=20250807T070928
[2025-08-07T07:09:28.588+0000] {standard_task_runner.py:110} ERROR - Failed to execute job 2695 for task run_alert_intraday (Command '['python', '/opt/airflow/dags/alert_scripts/Alert_Intraday.py']' returned non-zero exit status 2.; 136725)
[2025-08-07T07:09:28.630+0000] {local_task_job_runner.py:240} INFO - Task exited with return code 1
[2025-08-07T07:09:28.645+0000] {local_task_job_runner.py:222} INFO - ::endgroup::
[2025-08-07T07:28:44.467+0000] {local_task_job_runner.py:120} INFO - ::group::Pre task execution logs
[2025-08-07T07:28:44.508+0000] {taskinstance.py:2076} INFO - Dependencies all met for dep_context=non-requeueable deps ti=<TaskInstance: run_all_alerts_and_save_to_postgres.run_alert_intraday scheduled__2025-08-06T14:50:00+00:00 [queued]>
[2025-08-07T07:28:44.521+0000] {taskinstance.py:2076} INFO - Dependencies all met for dep_context=requeueable deps ti=<TaskInstance: run_all_alerts_and_save_to_postgres.run_alert_intraday scheduled__2025-08-06T14:50:00+00:00 [queued]>
[2025-08-07T07:28:44.521+0000] {taskinstance.py:2306} INFO - Starting attempt 1 of 3
[2025-08-07T07:28:44.538+0000] {taskinstance.py:2330} INFO - Executing <Task(PythonOperator): run_alert_intraday> on 2025-08-06 14:50:00+00:00
[2025-08-07T07:28:44.546+0000] {standard_task_runner.py:63} INFO - Started process 137043 to run task
[2025-08-07T07:28:44.551+0000] {standard_task_runner.py:90} INFO - Running: ['***', 'tasks', 'run', 'run_all_alerts_and_save_to_postgres', 'run_alert_intraday', 'scheduled__2025-08-06T14:50:00+00:00', '--job-id', '2718', '--raw', '--subdir', 'DAGS_FOLDER/alert to db/alert_all_to_postgres_dag.py', '--cfg-path', '/tmp/tmpsw1a25hv']
[2025-08-07T07:28:44.552+0000] {standard_task_runner.py:91} INFO - Job 2718: Subtask run_alert_intraday
[2025-08-07T07:28:44.606+0000] {task_command.py:426} INFO - Running <TaskInstance: run_all_alerts_and_save_to_postgres.run_alert_intraday scheduled__2025-08-06T14:50:00+00:00 [running]> on host 1877907bc043
[2025-08-07T07:28:44.703+0000] {taskinstance.py:2648} INFO - Exporting env vars: AIRFLOW_CTX_DAG_OWNER='alert_system' AIRFLOW_CTX_DAG_ID='run_all_alerts_and_save_to_postgres' AIRFLOW_CTX_TASK_ID='run_alert_intraday' AIRFLOW_CTX_EXECUTION_DATE='2025-08-06T14:50:00+00:00' AIRFLOW_CTX_TRY_NUMBER='1' AIRFLOW_CTX_DAG_RUN_ID='scheduled__2025-08-06T14:50:00+00:00'
[2025-08-07T07:28:44.704+0000] {taskinstance.py:430} INFO - ::endgroup::
[2025-08-07T07:28:44.818+0000] {taskinstance.py:441} INFO - ::group::Post task execution logs
[2025-08-07T07:28:44.819+0000] {taskinstance.py:2905} ERROR - Task failed with exception
Traceback (most recent call last):
  File "/home/airflow/.local/lib/python3.10/site-packages/airflow/models/taskinstance.py", line 465, in _execute_task
    result = _execute_callable(context=context, **execute_callable_kwargs)
  File "/home/airflow/.local/lib/python3.10/site-packages/airflow/models/taskinstance.py", line 432, in _execute_callable
    return execute_callable(context=context, **execute_callable_kwargs)
  File "/home/airflow/.local/lib/python3.10/site-packages/airflow/models/baseoperator.py", line 400, in wrapper
    return func(self, *args, **kwargs)
  File "/home/airflow/.local/lib/python3.10/site-packages/airflow/operators/python.py", line 235, in execute
    return_value = self.execute_callable()
  File "/home/airflow/.local/lib/python3.10/site-packages/airflow/operators/python.py", line 252, in execute_callable
    return self.python_callable(*self.op_args, **self.op_kwargs)
  File "/opt/airflow/dags/alert to db/alert_all_to_postgres_dag.py", line 40, in run_alert_script
    result = subprocess.run(['python', script_path], check=True, capture_output=True, text=True)
  File "/usr/local/lib/python3.10/subprocess.py", line 526, in run
    raise CalledProcessError(retcode, process.args,
subprocess.CalledProcessError: Command '['python', '/opt/airflow/dags/alert_scripts/Alert_Intraday.py']' returned non-zero exit status 2.
[2025-08-07T07:28:44.829+0000] {taskinstance.py:1206} INFO - Marking task as UP_FOR_RETRY. dag_id=run_all_alerts_and_save_to_postgres, task_id=run_alert_intraday, run_id=scheduled__2025-08-06T14:50:00+00:00, execution_date=20250806T145000, start_date=20250807T072844, end_date=20250807T072844
[2025-08-07T07:28:44.841+0000] {standard_task_runner.py:110} ERROR - Failed to execute job 2718 for task run_alert_intraday (Command '['python', '/opt/airflow/dags/alert_scripts/Alert_Intraday.py']' returned non-zero exit status 2.; 137043)
[2025-08-07T07:28:44.883+0000] {local_task_job_runner.py:240} INFO - Task exited with return code 1
[2025-08-07T07:28:44.911+0000] {taskinstance.py:3498} INFO - 0 downstream tasks scheduled from follow-on schedule check
[2025-08-07T07:28:44.913+0000] {local_task_job_runner.py:222} INFO - ::endgroup::
[2025-08-07T07:40:00.115+0000] {local_task_job_runner.py:120} INFO - ::group::Pre task execution logs
[2025-08-07T07:40:00.144+0000] {taskinstance.py:2076} INFO - Dependencies all met for dep_context=non-requeueable deps ti=<TaskInstance: run_all_alerts_and_save_to_postgres.run_alert_intraday scheduled__2025-08-06T14:50:00+00:00 [queued]>
[2025-08-07T07:40:00.153+0000] {taskinstance.py:2076} INFO - Dependencies all met for dep_context=requeueable deps ti=<TaskInstance: run_all_alerts_and_save_to_postgres.run_alert_intraday scheduled__2025-08-06T14:50:00+00:00 [queued]>
[2025-08-07T07:40:00.153+0000] {taskinstance.py:2306} INFO - Starting attempt 1 of 3
[2025-08-07T07:40:00.167+0000] {taskinstance.py:2330} INFO - Executing <Task(PythonOperator): run_alert_intraday> on 2025-08-06 14:50:00+00:00
[2025-08-07T07:40:00.173+0000] {standard_task_runner.py:63} INFO - Started process 137238 to run task
[2025-08-07T07:40:00.176+0000] {standard_task_runner.py:90} INFO - Running: ['***', 'tasks', 'run', 'run_all_alerts_and_save_to_postgres', 'run_alert_intraday', 'scheduled__2025-08-06T14:50:00+00:00', '--job-id', '2736', '--raw', '--subdir', 'DAGS_FOLDER/alert to db/alert_all_to_postgres_dag.py', '--cfg-path', '/tmp/tmpyx02mei8']
[2025-08-07T07:40:00.178+0000] {standard_task_runner.py:91} INFO - Job 2736: Subtask run_alert_intraday
[2025-08-07T07:40:00.236+0000] {task_command.py:426} INFO - Running <TaskInstance: run_all_alerts_and_save_to_postgres.run_alert_intraday scheduled__2025-08-06T14:50:00+00:00 [running]> on host 1877907bc043
[2025-08-07T07:40:00.327+0000] {taskinstance.py:2648} INFO - Exporting env vars: AIRFLOW_CTX_DAG_OWNER='alert_system' AIRFLOW_CTX_DAG_ID='run_all_alerts_and_save_to_postgres' AIRFLOW_CTX_TASK_ID='run_alert_intraday' AIRFLOW_CTX_EXECUTION_DATE='2025-08-06T14:50:00+00:00' AIRFLOW_CTX_TRY_NUMBER='1' AIRFLOW_CTX_DAG_RUN_ID='scheduled__2025-08-06T14:50:00+00:00'
[2025-08-07T07:40:00.327+0000] {taskinstance.py:430} INFO - ::endgroup::
[2025-08-07T07:40:00.430+0000] {logging_mixin.py:188} INFO - [ERROR] Alert_Intraday.py failed:
python: can't open file '/www/server/***/dags/alert to db/alert_scripts/Alert_Intraday.py': [Errno 2] No such file or directory
[2025-08-07T07:40:00.430+0000] {taskinstance.py:441} INFO - ::group::Post task execution logs
[2025-08-07T07:40:00.431+0000] {taskinstance.py:2905} ERROR - Task failed with exception
Traceback (most recent call last):
  File "/home/airflow/.local/lib/python3.10/site-packages/airflow/models/taskinstance.py", line 465, in _execute_task
    result = _execute_callable(context=context, **execute_callable_kwargs)
  File "/home/airflow/.local/lib/python3.10/site-packages/airflow/models/taskinstance.py", line 432, in _execute_callable
    return execute_callable(context=context, **execute_callable_kwargs)
  File "/home/airflow/.local/lib/python3.10/site-packages/airflow/models/baseoperator.py", line 400, in wrapper
    return func(self, *args, **kwargs)
  File "/home/airflow/.local/lib/python3.10/site-packages/airflow/operators/python.py", line 235, in execute
    return_value = self.execute_callable()
  File "/home/airflow/.local/lib/python3.10/site-packages/airflow/operators/python.py", line 252, in execute_callable
    return self.python_callable(*self.op_args, **self.op_kwargs)
  File "/opt/airflow/dags/alert to db/alert_all_to_postgres_dag.py", line 40, in run_alert_script
    result = subprocess.run(['python', script_path], check=True, capture_output=True, text=True)
  File "/usr/local/lib/python3.10/subprocess.py", line 526, in run
    raise CalledProcessError(retcode, process.args,
subprocess.CalledProcessError: Command '['python', '/www/server/airflow/dags/alert to db/alert_scripts/Alert_Intraday.py']' returned non-zero exit status 2.
[2025-08-07T07:40:00.441+0000] {taskinstance.py:1206} INFO - Marking task as UP_FOR_RETRY. dag_id=run_all_alerts_and_save_to_postgres, task_id=run_alert_intraday, run_id=scheduled__2025-08-06T14:50:00+00:00, execution_date=20250806T145000, start_date=20250807T074000, end_date=20250807T074000
[2025-08-07T07:40:00.453+0000] {standard_task_runner.py:110} ERROR - Failed to execute job 2736 for task run_alert_intraday (Command '['python', '/www/server/airflow/dags/alert to db/alert_scripts/Alert_Intraday.py']' returned non-zero exit status 2.; 137238)
[2025-08-07T07:40:00.469+0000] {local_task_job_runner.py:240} INFO - Task exited with return code 1
[2025-08-07T07:40:00.481+0000] {local_task_job_runner.py:222} INFO - ::endgroup::
[2025-08-07T07:45:41.380+0000] {local_task_job_runner.py:120} INFO - ::group::Pre task execution logs
[2025-08-07T07:45:41.409+0000] {taskinstance.py:2076} INFO - Dependencies all met for dep_context=non-requeueable deps ti=<TaskInstance: run_all_alerts_and_save_to_postgres.run_alert_intraday scheduled__2025-08-06T14:50:00+00:00 [queued]>
[2025-08-07T07:45:41.418+0000] {taskinstance.py:2076} INFO - Dependencies all met for dep_context=requeueable deps ti=<TaskInstance: run_all_alerts_and_save_to_postgres.run_alert_intraday scheduled__2025-08-06T14:50:00+00:00 [queued]>
[2025-08-07T07:45:41.418+0000] {taskinstance.py:2306} INFO - Starting attempt 1 of 3
[2025-08-07T07:45:41.432+0000] {taskinstance.py:2330} INFO - Executing <Task(PythonOperator): run_alert_intraday> on 2025-08-06 14:50:00+00:00
[2025-08-07T07:45:41.439+0000] {standard_task_runner.py:63} INFO - Started process 137372 to run task
[2025-08-07T07:45:41.443+0000] {standard_task_runner.py:90} INFO - Running: ['***', 'tasks', 'run', 'run_all_alerts_and_save_to_postgres', 'run_alert_intraday', 'scheduled__2025-08-06T14:50:00+00:00', '--job-id', '2755', '--raw', '--subdir', 'DAGS_FOLDER/alert to db/alert_all_to_postgres_dag.py', '--cfg-path', '/tmp/tmpyeogayaw']
[2025-08-07T07:45:41.445+0000] {standard_task_runner.py:91} INFO - Job 2755: Subtask run_alert_intraday
[2025-08-07T07:45:41.501+0000] {task_command.py:426} INFO - Running <TaskInstance: run_all_alerts_and_save_to_postgres.run_alert_intraday scheduled__2025-08-06T14:50:00+00:00 [running]> on host 1877907bc043
[2025-08-07T07:45:41.602+0000] {taskinstance.py:2648} INFO - Exporting env vars: AIRFLOW_CTX_DAG_OWNER='alert_system' AIRFLOW_CTX_DAG_ID='run_all_alerts_and_save_to_postgres' AIRFLOW_CTX_TASK_ID='run_alert_intraday' AIRFLOW_CTX_EXECUTION_DATE='2025-08-06T14:50:00+00:00' AIRFLOW_CTX_TRY_NUMBER='1' AIRFLOW_CTX_DAG_RUN_ID='scheduled__2025-08-06T14:50:00+00:00'
[2025-08-07T07:45:41.603+0000] {taskinstance.py:430} INFO - ::endgroup::
[2025-08-07T07:45:41.617+0000] {logging_mixin.py:188} INFO - Running script: /www/server/***/dags/alert to db/alert_scripts/Alert_Intraday.py
[2025-08-07T07:45:41.731+0000] {logging_mixin.py:188} INFO - [ERROR] Alert_Intraday.py failed with stderr:
python: can't open file '/www/server/***/dags/alert to db/alert_scripts/Alert_Intraday.py': [Errno 2] No such file or directory
[2025-08-07T07:45:41.731+0000] {taskinstance.py:441} INFO - ::group::Post task execution logs
[2025-08-07T07:45:41.732+0000] {taskinstance.py:2905} ERROR - Task failed with exception
Traceback (most recent call last):
  File "/home/airflow/.local/lib/python3.10/site-packages/airflow/models/taskinstance.py", line 465, in _execute_task
    result = _execute_callable(context=context, **execute_callable_kwargs)
  File "/home/airflow/.local/lib/python3.10/site-packages/airflow/models/taskinstance.py", line 432, in _execute_callable
    return execute_callable(context=context, **execute_callable_kwargs)
  File "/home/airflow/.local/lib/python3.10/site-packages/airflow/models/baseoperator.py", line 400, in wrapper
    return func(self, *args, **kwargs)
  File "/home/airflow/.local/lib/python3.10/site-packages/airflow/operators/python.py", line 235, in execute
    return_value = self.execute_callable()
  File "/home/airflow/.local/lib/python3.10/site-packages/airflow/operators/python.py", line 252, in execute_callable
    return self.python_callable(*self.op_args, **self.op_kwargs)
  File "/opt/airflow/dags/alert to db/alert_all_to_postgres_dag.py", line 41, in run_alert_script
    result = subprocess.run(
  File "/usr/local/lib/python3.10/subprocess.py", line 526, in run
    raise CalledProcessError(retcode, process.args,
subprocess.CalledProcessError: Command '['python', '/www/server/airflow/dags/alert to db/alert_scripts/Alert_Intraday.py']' returned non-zero exit status 2.
[2025-08-07T07:45:41.743+0000] {taskinstance.py:1206} INFO - Marking task as UP_FOR_RETRY. dag_id=run_all_alerts_and_save_to_postgres, task_id=run_alert_intraday, run_id=scheduled__2025-08-06T14:50:00+00:00, execution_date=20250806T145000, start_date=20250807T074541, end_date=20250807T074541
[2025-08-07T07:45:41.756+0000] {standard_task_runner.py:110} ERROR - Failed to execute job 2755 for task run_alert_intraday (Command '['python', '/www/server/airflow/dags/alert to db/alert_scripts/Alert_Intraday.py']' returned non-zero exit status 2.; 137372)
[2025-08-07T07:45:41.775+0000] {local_task_job_runner.py:240} INFO - Task exited with return code 1
[2025-08-07T07:45:41.804+0000] {taskinstance.py:3498} INFO - 0 downstream tasks scheduled from follow-on schedule check
[2025-08-07T07:45:41.805+0000] {local_task_job_runner.py:222} INFO - ::endgroup::
[2025-08-07T07:49:45.498+0000] {local_task_job_runner.py:120} INFO - ::group::Pre task execution logs
[2025-08-07T07:49:45.533+0000] {taskinstance.py:2076} INFO - Dependencies all met for dep_context=non-requeueable deps ti=<TaskInstance: run_all_alerts_and_save_to_postgres.run_alert_intraday scheduled__2025-08-06T14:50:00+00:00 [queued]>
[2025-08-07T07:49:45.546+0000] {taskinstance.py:2076} INFO - Dependencies all met for dep_context=requeueable deps ti=<TaskInstance: run_all_alerts_and_save_to_postgres.run_alert_intraday scheduled__2025-08-06T14:50:00+00:00 [queued]>
[2025-08-07T07:49:45.547+0000] {taskinstance.py:2306} INFO - Starting attempt 1 of 3
[2025-08-07T07:49:45.565+0000] {taskinstance.py:2330} INFO - Executing <Task(PythonOperator): run_alert_intraday> on 2025-08-06 14:50:00+00:00
[2025-08-07T07:49:45.573+0000] {standard_task_runner.py:63} INFO - Started process 137459 to run task
[2025-08-07T07:49:45.578+0000] {standard_task_runner.py:90} INFO - Running: ['***', 'tasks', 'run', 'run_all_alerts_and_save_to_postgres', 'run_alert_intraday', 'scheduled__2025-08-06T14:50:00+00:00', '--job-id', '2769', '--raw', '--subdir', 'DAGS_FOLDER/alert to db/alert_scripts/alert_all_to_postgres_dag.py', '--cfg-path', '/tmp/tmppic10vbl']
[2025-08-07T07:49:45.579+0000] {standard_task_runner.py:91} INFO - Job 2769: Subtask run_alert_intraday
[2025-08-07T07:49:45.634+0000] {task_command.py:426} INFO - Running <TaskInstance: run_all_alerts_and_save_to_postgres.run_alert_intraday scheduled__2025-08-06T14:50:00+00:00 [running]> on host 1877907bc043
[2025-08-07T07:49:45.726+0000] {taskinstance.py:2648} INFO - Exporting env vars: AIRFLOW_CTX_DAG_OWNER='alert_system' AIRFLOW_CTX_DAG_ID='run_all_alerts_and_save_to_postgres' AIRFLOW_CTX_TASK_ID='run_alert_intraday' AIRFLOW_CTX_EXECUTION_DATE='2025-08-06T14:50:00+00:00' AIRFLOW_CTX_TRY_NUMBER='1' AIRFLOW_CTX_DAG_RUN_ID='scheduled__2025-08-06T14:50:00+00:00'
[2025-08-07T07:49:45.726+0000] {taskinstance.py:430} INFO - ::endgroup::
[2025-08-07T07:49:45.741+0000] {logging_mixin.py:188} INFO - Running script: /www/server/***/dags/alert to db/alert_scripts/Alert_Intraday.py
[2025-08-07T07:49:45.832+0000] {logging_mixin.py:188} INFO - [ERROR] Alert_Intraday.py failed with stderr:
python: can't open file '/www/server/***/dags/alert to db/alert_scripts/Alert_Intraday.py': [Errno 2] No such file or directory
[2025-08-07T07:49:45.832+0000] {taskinstance.py:441} INFO - ::group::Post task execution logs
[2025-08-07T07:49:45.833+0000] {taskinstance.py:2905} ERROR - Task failed with exception
Traceback (most recent call last):
  File "/home/airflow/.local/lib/python3.10/site-packages/airflow/models/taskinstance.py", line 465, in _execute_task
    result = _execute_callable(context=context, **execute_callable_kwargs)
  File "/home/airflow/.local/lib/python3.10/site-packages/airflow/models/taskinstance.py", line 432, in _execute_callable
    return execute_callable(context=context, **execute_callable_kwargs)
  File "/home/airflow/.local/lib/python3.10/site-packages/airflow/models/baseoperator.py", line 400, in wrapper
    return func(self, *args, **kwargs)
  File "/home/airflow/.local/lib/python3.10/site-packages/airflow/operators/python.py", line 235, in execute
    return_value = self.execute_callable()
  File "/home/airflow/.local/lib/python3.10/site-packages/airflow/operators/python.py", line 252, in execute_callable
    return self.python_callable(*self.op_args, **self.op_kwargs)
  File "/opt/airflow/dags/alert to db/alert_scripts/alert_all_to_postgres_dag.py", line 41, in run_alert_script
    result = subprocess.run(
  File "/usr/local/lib/python3.10/subprocess.py", line 526, in run
    raise CalledProcessError(retcode, process.args,
subprocess.CalledProcessError: Command '['python', '/www/server/airflow/dags/alert to db/alert_scripts/Alert_Intraday.py']' returned non-zero exit status 2.
[2025-08-07T07:49:45.842+0000] {taskinstance.py:1206} INFO - Marking task as UP_FOR_RETRY. dag_id=run_all_alerts_and_save_to_postgres, task_id=run_alert_intraday, run_id=scheduled__2025-08-06T14:50:00+00:00, execution_date=20250806T145000, start_date=20250807T074945, end_date=20250807T074945
[2025-08-07T07:49:45.853+0000] {standard_task_runner.py:110} ERROR - Failed to execute job 2769 for task run_alert_intraday (Command '['python', '/www/server/airflow/dags/alert to db/alert_scripts/Alert_Intraday.py']' returned non-zero exit status 2.; 137459)
[2025-08-07T07:49:45.870+0000] {local_task_job_runner.py:240} INFO - Task exited with return code 1
[2025-08-07T07:49:45.893+0000] {taskinstance.py:3498} INFO - 0 downstream tasks scheduled from follow-on schedule check
[2025-08-07T07:49:45.894+0000] {local_task_job_runner.py:222} INFO - ::endgroup::
[2025-08-07T08:14:44.328+0000] {local_task_job_runner.py:120} INFO - ::group::Pre task execution logs
[2025-08-07T08:14:44.359+0000] {taskinstance.py:2076} INFO - Dependencies all met for dep_context=non-requeueable deps ti=<TaskInstance: run_all_alerts_and_save_to_postgres.run_alert_intraday scheduled__2025-08-06T14:50:00+00:00 [queued]>
[2025-08-07T08:14:44.369+0000] {taskinstance.py:2076} INFO - Dependencies all met for dep_context=requeueable deps ti=<TaskInstance: run_all_alerts_and_save_to_postgres.run_alert_intraday scheduled__2025-08-06T14:50:00+00:00 [queued]>
[2025-08-07T08:14:44.369+0000] {taskinstance.py:2306} INFO - Starting attempt 1 of 3
[2025-08-07T08:14:44.383+0000] {taskinstance.py:2330} INFO - Executing <Task(PythonOperator): run_alert_intraday> on 2025-08-06 14:50:00+00:00
[2025-08-07T08:14:44.390+0000] {standard_task_runner.py:63} INFO - Started process 137843 to run task
[2025-08-07T08:14:44.395+0000] {standard_task_runner.py:90} INFO - Running: ['***', 'tasks', 'run', 'run_all_alerts_and_save_to_postgres', 'run_alert_intraday', 'scheduled__2025-08-06T14:50:00+00:00', '--job-id', '2789', '--raw', '--subdir', 'DAGS_FOLDER/alert_to_db/alert_all_to_postgres_dag.py', '--cfg-path', '/tmp/tmpzelpwx25']
[2025-08-07T08:14:44.396+0000] {standard_task_runner.py:91} INFO - Job 2789: Subtask run_alert_intraday
[2025-08-07T08:14:44.452+0000] {task_command.py:426} INFO - Running <TaskInstance: run_all_alerts_and_save_to_postgres.run_alert_intraday scheduled__2025-08-06T14:50:00+00:00 [running]> on host 1877907bc043
[2025-08-07T08:14:44.557+0000] {taskinstance.py:2648} INFO - Exporting env vars: AIRFLOW_CTX_DAG_OWNER='alert_system' AIRFLOW_CTX_DAG_ID='run_all_alerts_and_save_to_postgres' AIRFLOW_CTX_TASK_ID='run_alert_intraday' AIRFLOW_CTX_EXECUTION_DATE='2025-08-06T14:50:00+00:00' AIRFLOW_CTX_TRY_NUMBER='1' AIRFLOW_CTX_DAG_RUN_ID='scheduled__2025-08-06T14:50:00+00:00'
[2025-08-07T08:14:44.558+0000] {taskinstance.py:430} INFO - ::endgroup::
[2025-08-07T08:14:44.580+0000] {logging_mixin.py:188} INFO - Running script: /www/server/***/dags/alert to db/alert_scripts/Alert_Intraday.py
[2025-08-07T08:14:44.693+0000] {logging_mixin.py:188} INFO - [ERROR] Alert_Intraday.py failed with stderr:
python: can't open file '/www/server/***/dags/alert to db/alert_scripts/Alert_Intraday.py': [Errno 2] No such file or directory
[2025-08-07T08:14:44.693+0000] {taskinstance.py:441} INFO - ::group::Post task execution logs
[2025-08-07T08:14:44.694+0000] {taskinstance.py:2905} ERROR - Task failed with exception
Traceback (most recent call last):
  File "/home/airflow/.local/lib/python3.10/site-packages/airflow/models/taskinstance.py", line 465, in _execute_task
    result = _execute_callable(context=context, **execute_callable_kwargs)
  File "/home/airflow/.local/lib/python3.10/site-packages/airflow/models/taskinstance.py", line 432, in _execute_callable
    return execute_callable(context=context, **execute_callable_kwargs)
  File "/home/airflow/.local/lib/python3.10/site-packages/airflow/models/baseoperator.py", line 400, in wrapper
    return func(self, *args, **kwargs)
  File "/home/airflow/.local/lib/python3.10/site-packages/airflow/operators/python.py", line 235, in execute
    return_value = self.execute_callable()
  File "/home/airflow/.local/lib/python3.10/site-packages/airflow/operators/python.py", line 252, in execute_callable
    return self.python_callable(*self.op_args, **self.op_kwargs)
  File "/opt/airflow/dags/alert_to_db/alert_all_to_postgres_dag.py", line 41, in run_alert_script
    result = subprocess.run(
  File "/usr/local/lib/python3.10/subprocess.py", line 526, in run
    raise CalledProcessError(retcode, process.args,
subprocess.CalledProcessError: Command '['python', '/www/server/airflow/dags/alert to db/alert_scripts/Alert_Intraday.py']' returned non-zero exit status 2.
[2025-08-07T08:14:44.706+0000] {taskinstance.py:1206} INFO - Marking task as UP_FOR_RETRY. dag_id=run_all_alerts_and_save_to_postgres, task_id=run_alert_intraday, run_id=scheduled__2025-08-06T14:50:00+00:00, execution_date=20250806T145000, start_date=20250807T081444, end_date=20250807T081444
[2025-08-07T08:14:44.721+0000] {standard_task_runner.py:110} ERROR - Failed to execute job 2789 for task run_alert_intraday (Command '['python', '/www/server/airflow/dags/alert to db/alert_scripts/Alert_Intraday.py']' returned non-zero exit status 2.; 137843)
[2025-08-07T08:14:44.767+0000] {local_task_job_runner.py:240} INFO - Task exited with return code 1
[2025-08-07T08:14:44.796+0000] {taskinstance.py:3498} INFO - 0 downstream tasks scheduled from follow-on schedule check
[2025-08-07T08:14:44.798+0000] {local_task_job_runner.py:222} INFO - ::endgroup::
[2025-08-07T08:57:34.114+0000] {local_task_job_runner.py:120} INFO - ::group::Pre task execution logs
[2025-08-07T08:57:34.144+0000] {taskinstance.py:2076} INFO - Dependencies all met for dep_context=non-requeueable deps ti=<TaskInstance: run_all_alerts_and_save_to_postgres.run_alert_intraday scheduled__2025-08-06T14:50:00+00:00 [queued]>
[2025-08-07T08:57:34.153+0000] {taskinstance.py:2076} INFO - Dependencies all met for dep_context=requeueable deps ti=<TaskInstance: run_all_alerts_and_save_to_postgres.run_alert_intraday scheduled__2025-08-06T14:50:00+00:00 [queued]>
[2025-08-07T08:57:34.154+0000] {taskinstance.py:2306} INFO - Starting attempt 1 of 3
[2025-08-07T08:57:34.167+0000] {taskinstance.py:2330} INFO - Executing <Task(PythonOperator): run_alert_intraday> on 2025-08-06 14:50:00+00:00
[2025-08-07T08:57:34.173+0000] {standard_task_runner.py:63} INFO - Started process 138492 to run task
[2025-08-07T08:57:34.177+0000] {standard_task_runner.py:90} INFO - Running: ['***', 'tasks', 'run', 'run_all_alerts_and_save_to_postgres', 'run_alert_intraday', 'scheduled__2025-08-06T14:50:00+00:00', '--job-id', '2822', '--raw', '--subdir', 'DAGS_FOLDER/alert_to_db/alert_all_to_postgres_dag.py', '--cfg-path', '/tmp/tmp3706rwuf']
[2025-08-07T08:57:34.178+0000] {standard_task_runner.py:91} INFO - Job 2822: Subtask run_alert_intraday
[2025-08-07T08:57:34.234+0000] {task_command.py:426} INFO - Running <TaskInstance: run_all_alerts_and_save_to_postgres.run_alert_intraday scheduled__2025-08-06T14:50:00+00:00 [running]> on host 1877907bc043
[2025-08-07T08:57:34.329+0000] {taskinstance.py:2648} INFO - Exporting env vars: AIRFLOW_CTX_DAG_OWNER='alert_system' AIRFLOW_CTX_DAG_ID='run_all_alerts_and_save_to_postgres' AIRFLOW_CTX_TASK_ID='run_alert_intraday' AIRFLOW_CTX_EXECUTION_DATE='2025-08-06T14:50:00+00:00' AIRFLOW_CTX_TRY_NUMBER='1' AIRFLOW_CTX_DAG_RUN_ID='scheduled__2025-08-06T14:50:00+00:00'
[2025-08-07T08:57:34.329+0000] {taskinstance.py:430} INFO - ::endgroup::
[2025-08-07T08:57:34.344+0000] {logging_mixin.py:188} INFO - Running script: /www/server/***/dags/alert_to_db/alert_scripts/Alert_Intraday.py
[2025-08-07T08:57:34.432+0000] {logging_mixin.py:188} INFO - [ERROR] Alert_Intraday.py failed with stderr:
python: can't open file '/www/server/***/dags/alert_to_db/alert_scripts/Alert_Intraday.py': [Errno 2] No such file or directory
[2025-08-07T08:57:34.432+0000] {taskinstance.py:441} INFO - ::group::Post task execution logs
[2025-08-07T08:57:34.433+0000] {taskinstance.py:2905} ERROR - Task failed with exception
Traceback (most recent call last):
  File "/home/airflow/.local/lib/python3.10/site-packages/airflow/models/taskinstance.py", line 465, in _execute_task
    result = _execute_callable(context=context, **execute_callable_kwargs)
  File "/home/airflow/.local/lib/python3.10/site-packages/airflow/models/taskinstance.py", line 432, in _execute_callable
    return execute_callable(context=context, **execute_callable_kwargs)
  File "/home/airflow/.local/lib/python3.10/site-packages/airflow/models/baseoperator.py", line 400, in wrapper
    return func(self, *args, **kwargs)
  File "/home/airflow/.local/lib/python3.10/site-packages/airflow/operators/python.py", line 235, in execute
    return_value = self.execute_callable()
  File "/home/airflow/.local/lib/python3.10/site-packages/airflow/operators/python.py", line 252, in execute_callable
    return self.python_callable(*self.op_args, **self.op_kwargs)
  File "/opt/airflow/dags/alert_to_db/alert_all_to_postgres_dag.py", line 41, in run_alert_script
    result = subprocess.run(
  File "/usr/local/lib/python3.10/subprocess.py", line 526, in run
    raise CalledProcessError(retcode, process.args,
subprocess.CalledProcessError: Command '['python', '/www/server/airflow/dags/alert_to_db/alert_scripts/Alert_Intraday.py']' returned non-zero exit status 2.
[2025-08-07T08:57:34.443+0000] {taskinstance.py:1206} INFO - Marking task as UP_FOR_RETRY. dag_id=run_all_alerts_and_save_to_postgres, task_id=run_alert_intraday, run_id=scheduled__2025-08-06T14:50:00+00:00, execution_date=20250806T145000, start_date=20250807T085734, end_date=20250807T085734
[2025-08-07T08:57:34.454+0000] {standard_task_runner.py:110} ERROR - Failed to execute job 2822 for task run_alert_intraday (Command '['python', '/www/server/airflow/dags/alert_to_db/alert_scripts/Alert_Intraday.py']' returned non-zero exit status 2.; 138492)
[2025-08-07T08:57:34.469+0000] {local_task_job_runner.py:240} INFO - Task exited with return code 1
[2025-08-07T08:57:34.486+0000] {local_task_job_runner.py:222} INFO - ::endgroup::
