[2025-08-09T02:06:11.583+0000] {local_task_job_runner.py:120} INFO - ::group::Pre task execution logs
[2025-08-09T02:06:11.611+0000] {taskinstance.py:2076} INFO - Dependencies all met for dep_context=non-requeueable deps ti=<TaskInstance: run_all_alerts_and_save_to_postgres.run_alert_intraday scheduled__2025-08-09T01:50:00+00:00 [queued]>
[2025-08-09T02:06:11.621+0000] {taskinstance.py:2076} INFO - Dependencies all met for dep_context=requeueable deps ti=<TaskInstance: run_all_alerts_and_save_to_postgres.run_alert_intraday scheduled__2025-08-09T01:50:00+00:00 [queued]>
[2025-08-09T02:06:11.621+0000] {taskinstance.py:2306} INFO - Starting attempt 3 of 3
[2025-08-09T02:06:11.633+0000] {taskinstance.py:2330} INFO - Executing <Task(PythonOperator): run_alert_intraday> on 2025-08-09 01:50:00+00:00
[2025-08-09T02:06:11.641+0000] {standard_task_runner.py:63} INFO - Started process 217720 to run task
[2025-08-09T02:06:11.646+0000] {standard_task_runner.py:90} INFO - Running: ['***', 'tasks', 'run', 'run_all_alerts_and_save_to_postgres', 'run_alert_intraday', 'scheduled__2025-08-09T01:50:00+00:00', '--job-id', '3630', '--raw', '--subdir', 'DAGS_FOLDER/alert_to_db/alert_all_to_postgres_dag.py', '--cfg-path', '/tmp/tmp7gy_h4a0']
[2025-08-09T02:06:11.647+0000] {standard_task_runner.py:91} INFO - Job 3630: Subtask run_alert_intraday
[2025-08-09T02:06:11.703+0000] {task_command.py:426} INFO - Running <TaskInstance: run_all_alerts_and_save_to_postgres.run_alert_intraday scheduled__2025-08-09T01:50:00+00:00 [running]> on host 1877907bc043
[2025-08-09T02:06:11.818+0000] {taskinstance.py:2648} INFO - Exporting env vars: AIRFLOW_CTX_DAG_OWNER='alert_system' AIRFLOW_CTX_DAG_ID='run_all_alerts_and_save_to_postgres' AIRFLOW_CTX_TASK_ID='run_alert_intraday' AIRFLOW_CTX_EXECUTION_DATE='2025-08-09T01:50:00+00:00' AIRFLOW_CTX_TRY_NUMBER='3' AIRFLOW_CTX_DAG_RUN_ID='scheduled__2025-08-09T01:50:00+00:00'
[2025-08-09T02:06:11.819+0000] {taskinstance.py:430} INFO - ::endgroup::
[2025-08-09T02:06:11.835+0000] {logging_mixin.py:188} INFO - [INFO] Running script: /opt/***/dags/alert_to_db/alert_scripts/Alert_Intraday.py
[2025-08-09T02:06:15.189+0000] {logging_mixin.py:188} INFO - [ERROR] Alert_Intraday.py failed:
2025-08-09 02:06:14,907 - <BrokerConnection client_id=kafka-python-2.2.15, node_id=bootstrap-0 host=kafka.videv.cloud:9092 <connecting> [IPv4 ('104.21.89.52', 9092)]>: connecting to kafka.videv.cloud:9092 [('104.21.89.52', 9092) IPv4]
Traceback (most recent call last):
  File "/opt/***/dags/alert_to_db/alert_scripts/Alert_Intraday.py", line 40, in <module>
    consumer = KafkaConsumer(
  File "/home/***/.local/lib/python3.10/site-packages/kafka/consumer/group.py", line 387, in __init__
    self._client = self.config['kafka_client'](metrics=self._metrics, **self.config)
  File "/home/***/.local/lib/python3.10/site-packages/kafka/client_async.py", line 262, in __init__
    self.config['api_version'] = self.check_version()
  File "/home/***/.local/lib/python3.10/site-packages/kafka/client_async.py", line 1074, in check_version
    raise Errors.NoBrokersAvailable()
kafka.errors.NoBrokersAvailable: NoBrokersAvailable
[2025-08-09T02:06:15.189+0000] {taskinstance.py:441} INFO - ::group::Post task execution logs
[2025-08-09T02:06:15.190+0000] {taskinstance.py:2905} ERROR - Task failed with exception
Traceback (most recent call last):
  File "/home/airflow/.local/lib/python3.10/site-packages/airflow/models/taskinstance.py", line 465, in _execute_task
    result = _execute_callable(context=context, **execute_callable_kwargs)
  File "/home/airflow/.local/lib/python3.10/site-packages/airflow/models/taskinstance.py", line 432, in _execute_callable
    return execute_callable(context=context, **execute_callable_kwargs)
  File "/home/airflow/.local/lib/python3.10/site-packages/airflow/models/baseoperator.py", line 400, in wrapper
    return func(self, *args, **kwargs)
  File "/home/airflow/.local/lib/python3.10/site-packages/airflow/operators/python.py", line 235, in execute
    return_value = self.execute_callable()
  File "/home/airflow/.local/lib/python3.10/site-packages/airflow/operators/python.py", line 252, in execute_callable
    return self.python_callable(*self.op_args, **self.op_kwargs)
  File "/opt/airflow/dags/alert_to_db/alert_all_to_postgres_dag.py", line 20, in run_alert_script
    result = subprocess.run(
  File "/usr/local/lib/python3.10/subprocess.py", line 526, in run
    raise CalledProcessError(retcode, process.args,
subprocess.CalledProcessError: Command '['python', '/opt/airflow/dags/alert_to_db/alert_scripts/Alert_Intraday.py']' returned non-zero exit status 1.
[2025-08-09T02:06:15.203+0000] {taskinstance.py:1206} INFO - Marking task as FAILED. dag_id=run_all_alerts_and_save_to_postgres, task_id=run_alert_intraday, run_id=scheduled__2025-08-09T01:50:00+00:00, execution_date=20250809T015000, start_date=20250809T020611, end_date=20250809T020615
[2025-08-09T02:06:15.221+0000] {standard_task_runner.py:110} ERROR - Failed to execute job 3630 for task run_alert_intraday (Command '['python', '/opt/airflow/dags/alert_to_db/alert_scripts/Alert_Intraday.py']' returned non-zero exit status 1.; 217720)
[2025-08-09T02:06:15.267+0000] {local_task_job_runner.py:240} INFO - Task exited with return code 1
[2025-08-09T02:06:15.315+0000] {taskinstance.py:3498} INFO - 0 downstream tasks scheduled from follow-on schedule check
[2025-08-09T02:06:15.321+0000] {local_task_job_runner.py:222} INFO - ::endgroup::
