[2025-09-03T15:07:19.944+0000] {local_task_job_runner.py:120} INFO - ::group::Pre task execution logs
[2025-09-03T15:07:19.970+0000] {taskinstance.py:2076} INFO - Dependencies all met for dep_context=non-requeueable deps ti=<TaskInstance: foreign_1_live.save_foreign_1 scheduled__2025-09-03T12:03:00+00:00 [queued]>
[2025-09-03T15:07:19.978+0000] {taskinstance.py:2076} INFO - Dependencies all met for dep_context=requeueable deps ti=<TaskInstance: foreign_1_live.save_foreign_1 scheduled__2025-09-03T12:03:00+00:00 [queued]>
[2025-09-03T15:07:19.979+0000] {taskinstance.py:2306} INFO - Starting attempt 1 of 11
[2025-09-03T15:07:19.991+0000] {taskinstance.py:2330} INFO - Executing <Task(PythonOperator): save_foreign_1> on 2025-09-03 12:03:00+00:00
[2025-09-03T15:07:20.001+0000] {standard_task_runner.py:63} INFO - Started process 2777012 to run task
[2025-09-03T15:07:20.007+0000] {standard_task_runner.py:90} INFO - Running: ['***', 'tasks', 'run', 'foreign_1_live', 'save_foreign_1', 'scheduled__2025-09-03T12:03:00+00:00', '--job-id', '78228', '--raw', '--subdir', 'DAGS_FOLDER/dag_foreign_1_live.py', '--cfg-path', '/tmp/tmp0zy7mru1']
[2025-09-03T15:07:20.010+0000] {standard_task_runner.py:91} INFO - Job 78228: Subtask save_foreign_1
[2025-09-03T15:07:20.067+0000] {task_command.py:426} INFO - Running <TaskInstance: foreign_1_live.save_foreign_1 scheduled__2025-09-03T12:03:00+00:00 [running]> on host 1877907bc043
[2025-09-03T15:07:20.170+0000] {taskinstance.py:2648} INFO - Exporting env vars: AIRFLOW_CTX_DAG_OWNER='***' AIRFLOW_CTX_DAG_ID='foreign_1_live' AIRFLOW_CTX_TASK_ID='save_foreign_1' AIRFLOW_CTX_EXECUTION_DATE='2025-09-03T12:03:00+00:00' AIRFLOW_CTX_TRY_NUMBER='1' AIRFLOW_CTX_DAG_RUN_ID='scheduled__2025-09-03T12:03:00+00:00'
[2025-09-03T15:07:20.172+0000] {taskinstance.py:430} INFO - ::endgroup::
[2025-09-03T15:07:20.188+0000] {foreign_1.py:18} INFO - Kết nối DB
[2025-09-03T15:07:20.710+0000] {foreign_1.py:28} INFO - Đã lưu foreign_ALL
[2025-09-03T15:07:20.712+0000] {foreign_1.py:18} INFO - Kết nối DB
[2025-09-03T15:07:21.390+0000] {foreign_1.py:28} INFO - Đã lưu foreign_HOSE
[2025-09-03T15:07:21.392+0000] {foreign_1.py:18} INFO - Kết nối DB
[2025-09-03T15:07:21.924+0000] {foreign_1.py:28} INFO - Đã lưu foreign_HNX
[2025-09-03T15:07:21.926+0000] {foreign_1.py:18} INFO - Kết nối DB
[2025-09-03T15:07:22.531+0000] {foreign_1.py:28} INFO - Đã lưu foreign_UPCOM
[2025-09-03T15:07:22.532+0000] {python.py:237} INFO - Done. Returned value was: None
[2025-09-03T15:07:22.533+0000] {taskinstance.py:441} INFO - ::group::Post task execution logs
[2025-09-03T15:07:22.546+0000] {taskinstance.py:1206} INFO - Marking task as SUCCESS. dag_id=foreign_1_live, task_id=save_foreign_1, run_id=scheduled__2025-09-03T12:03:00+00:00, execution_date=20250903T120300, start_date=20250903T150719, end_date=20250903T150722
[2025-09-03T15:07:22.585+0000] {local_task_job_runner.py:240} INFO - Task exited with return code 0
[2025-09-03T15:07:22.625+0000] {taskinstance.py:3498} INFO - 4 downstream tasks scheduled from follow-on schedule check
[2025-09-03T15:07:22.627+0000] {local_task_job_runner.py:222} INFO - ::endgroup::
