[2025-09-01T10:26:20.521+0000] {local_task_job_runner.py:120} INFO - ::group::Pre task execution logs
[2025-09-01T10:26:20.550+0000] {taskinstance.py:2076} INFO - Dependencies all met for dep_context=non-requeueable deps ti=<TaskInstance: market_table_foreign.activity_HNX scheduled__2025-08-31T17:20:00+00:00 [queued]>
[2025-09-01T10:26:20.560+0000] {taskinstance.py:2076} INFO - Dependencies all met for dep_context=requeueable deps ti=<TaskInstance: market_table_foreign.activity_HNX scheduled__2025-08-31T17:20:00+00:00 [queued]>
[2025-09-01T10:26:20.561+0000] {taskinstance.py:2306} INFO - Starting attempt 1 of 11
[2025-09-01T10:26:20.575+0000] {taskinstance.py:2330} INFO - Executing <Task(PythonOperator): activity_HNX> on 2025-08-31 17:20:00+00:00
[2025-09-01T10:26:20.583+0000] {standard_task_runner.py:63} INFO - Started process 2318235 to run task
[2025-09-01T10:26:20.587+0000] {standard_task_runner.py:90} INFO - Running: ['***', 'tasks', 'run', 'market_table_foreign', 'activity_HNX', 'scheduled__2025-08-31T17:20:00+00:00', '--job-id', '42206', '--raw', '--subdir', 'DAGS_FOLDER/dag_market_live.py', '--cfg-path', '/tmp/tmpf8ea7gw6']
[2025-09-01T10:26:20.590+0000] {standard_task_runner.py:91} INFO - Job 42206: Subtask activity_HNX
[2025-09-01T10:26:20.643+0000] {task_command.py:426} INFO - Running <TaskInstance: market_table_foreign.activity_HNX scheduled__2025-08-31T17:20:00+00:00 [running]> on host 1877907bc043
[2025-09-01T10:26:20.743+0000] {taskinstance.py:2648} INFO - Exporting env vars: AIRFLOW_CTX_DAG_OWNER='***' AIRFLOW_CTX_DAG_ID='market_table_foreign' AIRFLOW_CTX_TASK_ID='activity_HNX' AIRFLOW_CTX_EXECUTION_DATE='2025-08-31T17:20:00+00:00' AIRFLOW_CTX_TRY_NUMBER='1' AIRFLOW_CTX_DAG_RUN_ID='scheduled__2025-08-31T17:20:00+00:00'
[2025-09-01T10:26:20.744+0000] {taskinstance.py:430} INFO - ::endgroup::
[2025-09-01T10:26:20.761+0000] {activity_HNX.py:17} INFO - Kết nối DB
[2025-09-01T10:26:21.091+0000] {activity_HNX.py:55} ERROR - Lỗi lưu activity_HNX
Traceback (most recent call last):
  File "/opt/airflow/dags/utils/market_data/activity_HNX.py", line 35, in activity_HNX
    point=float(dfindex.loc[dfindex['symbol']=='HNXIndex','point'].values[0])
IndexError: index 0 is out of bounds for axis 0 with size 0
[2025-09-01T10:26:21.093+0000] {python.py:237} INFO - Done. Returned value was: None
[2025-09-01T10:26:21.094+0000] {taskinstance.py:441} INFO - ::group::Post task execution logs
[2025-09-01T10:26:21.107+0000] {taskinstance.py:1206} INFO - Marking task as SUCCESS. dag_id=market_table_foreign, task_id=activity_HNX, run_id=scheduled__2025-08-31T17:20:00+00:00, execution_date=20250831T172000, start_date=20250901T102620, end_date=20250901T102621
[2025-09-01T10:26:21.160+0000] {local_task_job_runner.py:240} INFO - Task exited with return code 0
[2025-09-01T10:26:21.172+0000] {local_task_job_runner.py:222} INFO - ::endgroup::
[2025-09-01T10:27:27.587+0000] {local_task_job_runner.py:120} INFO - ::group::Pre task execution logs
[2025-09-01T10:27:27.615+0000] {taskinstance.py:2076} INFO - Dependencies all met for dep_context=non-requeueable deps ti=<TaskInstance: market_table_foreign.activity_HNX scheduled__2025-08-31T17:20:00+00:00 [queued]>
[2025-09-01T10:27:27.624+0000] {taskinstance.py:2076} INFO - Dependencies all met for dep_context=requeueable deps ti=<TaskInstance: market_table_foreign.activity_HNX scheduled__2025-08-31T17:20:00+00:00 [queued]>
[2025-09-01T10:27:27.624+0000] {taskinstance.py:2306} INFO - Starting attempt 1 of 11
[2025-09-01T10:27:27.636+0000] {taskinstance.py:2330} INFO - Executing <Task(PythonOperator): activity_HNX> on 2025-08-31 17:20:00+00:00
[2025-09-01T10:27:27.644+0000] {standard_task_runner.py:63} INFO - Started process 2319062 to run task
[2025-09-01T10:27:27.648+0000] {standard_task_runner.py:90} INFO - Running: ['***', 'tasks', 'run', 'market_table_foreign', 'activity_HNX', 'scheduled__2025-08-31T17:20:00+00:00', '--job-id', '42460', '--raw', '--subdir', 'DAGS_FOLDER/dag_market_live.py', '--cfg-path', '/tmp/tmpl2qrmbq3']
[2025-09-01T10:27:27.652+0000] {standard_task_runner.py:91} INFO - Job 42460: Subtask activity_HNX
[2025-09-01T10:27:27.708+0000] {task_command.py:426} INFO - Running <TaskInstance: market_table_foreign.activity_HNX scheduled__2025-08-31T17:20:00+00:00 [running]> on host 1877907bc043
[2025-09-01T10:27:27.803+0000] {taskinstance.py:2648} INFO - Exporting env vars: AIRFLOW_CTX_DAG_OWNER='***' AIRFLOW_CTX_DAG_ID='market_table_foreign' AIRFLOW_CTX_TASK_ID='activity_HNX' AIRFLOW_CTX_EXECUTION_DATE='2025-08-31T17:20:00+00:00' AIRFLOW_CTX_TRY_NUMBER='1' AIRFLOW_CTX_DAG_RUN_ID='scheduled__2025-08-31T17:20:00+00:00'
[2025-09-01T10:27:27.804+0000] {taskinstance.py:430} INFO - ::endgroup::
[2025-09-01T10:27:27.818+0000] {activity_HNX.py:17} INFO - Kết nối DB
[2025-09-01T10:27:27.981+0000] {activity_HNX.py:55} ERROR - Lỗi lưu activity_HNX
Traceback (most recent call last):
  File "/opt/airflow/dags/utils/market_data/activity_HNX.py", line 35, in activity_HNX
    point=float(dfindex.loc[dfindex['symbol']=='HNXIndex','point'].values[0])
IndexError: index 0 is out of bounds for axis 0 with size 0
[2025-09-01T10:27:27.982+0000] {python.py:237} INFO - Done. Returned value was: None
[2025-09-01T10:27:27.983+0000] {taskinstance.py:441} INFO - ::group::Post task execution logs
[2025-09-01T10:27:27.995+0000] {taskinstance.py:1206} INFO - Marking task as SUCCESS. dag_id=market_table_foreign, task_id=activity_HNX, run_id=scheduled__2025-08-31T17:20:00+00:00, execution_date=20250831T172000, start_date=20250901T102727, end_date=20250901T102727
[2025-09-01T10:27:28.021+0000] {local_task_job_runner.py:240} INFO - Task exited with return code 0
[2025-09-01T10:27:28.049+0000] {taskinstance.py:3498} INFO - 0 downstream tasks scheduled from follow-on schedule check
[2025-09-01T10:27:28.050+0000] {local_task_job_runner.py:222} INFO - ::endgroup::
