[2025-09-05T21:57:01.520+0000] {local_task_job_runner.py:120} INFO - ::group::Pre task execution logs
[2025-09-05T21:57:01.549+0000] {taskinstance.py:2076} INFO - Dependencies all met for dep_context=non-requeueable deps ti=<TaskInstance: crypto_collector_dag.run_crypto_collector scheduled__2025-09-05T21:56:00+00:00 [queued]>
[2025-09-05T21:57:01.559+0000] {taskinstance.py:2076} INFO - Dependencies all met for dep_context=requeueable deps ti=<TaskInstance: crypto_collector_dag.run_crypto_collector scheduled__2025-09-05T21:56:00+00:00 [queued]>
[2025-09-05T21:57:01.560+0000] {taskinstance.py:2306} INFO - Starting attempt 1 of 2
[2025-09-05T21:57:01.575+0000] {taskinstance.py:2330} INFO - Executing <Task(BashOperator): run_crypto_collector> on 2025-09-05 21:56:00+00:00
[2025-09-05T21:57:01.583+0000] {standard_task_runner.py:63} INFO - Started process 72720 to run task
[2025-09-05T21:57:01.587+0000] {standard_task_runner.py:90} INFO - Running: ['***', 'tasks', 'run', 'crypto_collector_dag', 'run_crypto_collector', 'scheduled__2025-09-05T21:56:00+00:00', '--job-id', '121442', '--raw', '--subdir', 'DAGS_FOLDER/crawl_crypto/dags_crypto.py', '--cfg-path', '/tmp/tmp7xb3xc4u']
[2025-09-05T21:57:01.588+0000] {standard_task_runner.py:91} INFO - Job 121442: Subtask run_crypto_collector
[2025-09-05T21:57:01.648+0000] {task_command.py:426} INFO - Running <TaskInstance: crypto_collector_dag.run_crypto_collector scheduled__2025-09-05T21:56:00+00:00 [running]> on host d4d2fe648a81
[2025-09-05T21:57:01.766+0000] {taskinstance.py:2648} INFO - Exporting env vars: AIRFLOW_CTX_DAG_OWNER='***' AIRFLOW_CTX_DAG_ID='crypto_collector_dag' AIRFLOW_CTX_TASK_ID='run_crypto_collector' AIRFLOW_CTX_EXECUTION_DATE='2025-09-05T21:56:00+00:00' AIRFLOW_CTX_TRY_NUMBER='1' AIRFLOW_CTX_DAG_RUN_ID='scheduled__2025-09-05T21:56:00+00:00'
[2025-09-05T21:57:01.767+0000] {taskinstance.py:430} INFO - ::endgroup::
[2025-09-05T21:57:01.780+0000] {subprocess.py:63} INFO - Tmp dir root location: /tmp
[2025-09-05T21:57:01.781+0000] {subprocess.py:75} INFO - Running command: ['/usr/bin/bash', '-c', 'python3 /opt/***/dags/crawl_crypto/crawl_data_crypto.py']
[2025-09-05T21:57:01.795+0000] {subprocess.py:86} INFO - Output:
[2025-09-05T21:57:07.942+0000] {subprocess.py:93} INFO - 🔹 Kết nối DB...
[2025-09-05T21:57:07.943+0000] {subprocess.py:93} INFO - 🔹 Lấy top 100 crypto...
[2025-09-05T21:57:07.943+0000] {subprocess.py:93} INFO - Top 100: ['ETHUSDT', 'BTCUSDT', 'USDCUSDT', 'SOLUSDT', 'FDUSDUSDT', 'XRPUSDT', 'DOGEUSDT', 'ENAUSDT', 'WLFIUSDT', 'LINKUSDT', 'TRXUSDT', 'SUIUSDT', 'ADAUSDT', 'BNBUSDT', 'BCHUSDT', 'REDUSDT', 'PEPEUSDT', 'SOMIUSDT', 'AVAXUSDT', 'ARBUSDT', 'PENGUUSDT', 'BIOUSDT', 'AAVEUSDT', 'SEIUSDT', 'LTCUSDT', 'UNIUSDT', 'WLDUSDT', 'BONKUSDT', 'HBARUSDT', 'USD1USDT', 'WIFUSDT', 'NEARUSDT', 'EIGENUSDT', 'SYRUPUSDT', 'EURUSDT', 'ONDOUSDT', 'TRUMPUSDT', 'POLUSDT', 'LDOUSDT', 'DOTUSDT', 'ETHFIUSDT', 'XLMUSDT', 'FILUSDT', 'PNUTUSDT', 'CRVUSDT', 'SHIBUSDT', 'PENDLEUSDT', 'DOLOUSDT', 'AUSDT', 'PAXGUSDT', 'NEIROUSDT', 'OPUSDT', 'APTUSDT', 'TAOUSDT', 'XUSDUSDT', 'TONUSDT', 'SUSDT', 'PYTHUSDT', 'HFTUSDT', 'VIRTUALUSDT', 'PARTIUSDT', 'TIAUSDT', 'TREEUSDT', 'FLOKIUSDT', 'INJUSDT', 'MITOUSDT', 'RAYUSDT', 'GALAUSDT', 'MKRUSDT', 'ETCUSDT', 'MEMEUSDT', 'FETUSDT', 'RUNEUSDT', 'ALPINEUSDT', 'ICPUSDT', 'BBUSDT', 'SPKUSDT', 'ATOMUSDT', 'CFXUSDT', 'BERAUSDT', 'QTUMUSDT', 'MAVUSDT', 'JUPUSDT', 'ARKMUSDT', 'MANAUSDT', 'ARUSDT', 'BFUSDUSDT', 'RENDERUSDT', 'ORDIUSDT', 'USDPUSDT', 'OMUSDT', 'NMRUSDT', 'ALGOUSDT', 'VETUSDT', 'PLUMEUSDT', 'TURBOUSDT', 'SANDUSDT', 'NILUSDT', 'HOMEUSDT', 'CAKEUSDT']
[2025-09-05T21:57:07.943+0000] {subprocess.py:93} INFO - 🔹 Lưu lịch sử giá vào DB bằng threading...
[2025-09-05T21:57:07.944+0000] {subprocess.py:93} INFO - ✅ ETHUSDT: thêm 1 dòng mới
[2025-09-05T21:57:07.944+0000] {subprocess.py:93} INFO - 1/100 ETHUSDT lưu OK
[2025-09-05T21:57:07.944+0000] {subprocess.py:93} INFO - ✅ USDCUSDT: thêm 1 dòng mới
[2025-09-05T21:57:07.944+0000] {subprocess.py:93} INFO - ✅ BTCUSDT: thêm 1 dòng mới
[2025-09-05T21:57:07.945+0000] {subprocess.py:93} INFO - 2/100 USDCUSDT lưu OK
[2025-09-05T21:57:07.945+0000] {subprocess.py:93} INFO - 3/100 BTCUSDT lưu OK
[2025-09-05T21:57:07.945+0000] {subprocess.py:93} INFO - 4/100 WLFIUSDT lỗi: relation "cryptocurrency.wlfiusdt" does not exist
[2025-09-05T21:57:07.945+0000] {subprocess.py:93} INFO - LINE 1: SELECT MAX(time) FROM cryptocurrency.wlfiusdt;
[2025-09-05T21:57:07.945+0000] {subprocess.py:93} INFO -                               ^
[2025-09-05T21:57:07.945+0000] {subprocess.py:93} INFO - 
[2025-09-05T21:57:07.946+0000] {subprocess.py:93} INFO - ✅ LINKUSDT: thêm 1 dòng mới
[2025-09-05T21:57:07.946+0000] {subprocess.py:93} INFO - 5/100 LINKUSDT lưu OK
[2025-09-05T21:57:07.946+0000] {subprocess.py:93} INFO - ✅ SOLUSDT: thêm 1 dòng mới
[2025-09-05T21:57:07.946+0000] {subprocess.py:93} INFO - 6/100 SOLUSDT lưu OK
[2025-09-05T21:57:07.946+0000] {subprocess.py:93} INFO - ✅ XRPUSDT: thêm 1 dòng mới
[2025-09-05T21:57:07.947+0000] {subprocess.py:93} INFO - 7/100 XRPUSDT lưu OK
[2025-09-05T21:57:07.947+0000] {subprocess.py:93} INFO - ✅ FDUSDUSDT: thêm 1 dòng mới
[2025-09-05T21:57:07.947+0000] {subprocess.py:93} INFO - 8/100 FDUSDUSDT lưu OK
[2025-09-05T21:57:07.947+0000] {subprocess.py:93} INFO - ✅ ENAUSDT: thêm 1 dòng mới
[2025-09-05T21:57:07.947+0000] {subprocess.py:93} INFO - 9/100 ENAUSDT lưu OK
[2025-09-05T21:57:07.948+0000] {subprocess.py:93} INFO - ✅ DOGEUSDT: thêm 1 dòng mới
[2025-09-05T21:57:07.948+0000] {subprocess.py:93} INFO - 10/100 DOGEUSDT lưu OK
[2025-09-05T21:57:07.948+0000] {subprocess.py:93} INFO - ✅ TRXUSDT: thêm 1 dòng mới
[2025-09-05T21:57:07.948+0000] {subprocess.py:93} INFO - 11/100 TRXUSDT lưu OK
[2025-09-05T21:57:07.948+0000] {subprocess.py:93} INFO - ✅ BNBUSDT: thêm 1 dòng mới
[2025-09-05T21:57:07.948+0000] {subprocess.py:93} INFO - ✅ ADAUSDT: thêm 1 dòng mới
[2025-09-05T21:57:07.949+0000] {subprocess.py:93} INFO - 12/100 BNBUSDT lưu OK
[2025-09-05T21:57:07.949+0000] {subprocess.py:93} INFO - 13/100 ADAUSDT lưu OK
[2025-09-05T21:57:07.949+0000] {subprocess.py:93} INFO - ✅ SUIUSDT: thêm 1 dòng mới
[2025-09-05T21:57:07.949+0000] {subprocess.py:93} INFO - 14/100 SUIUSDT lưu OK
[2025-09-05T21:57:07.949+0000] {subprocess.py:93} INFO - ✅ BCHUSDT: thêm 1 dòng mới
[2025-09-05T21:57:07.950+0000] {subprocess.py:93} INFO - 15/100 REDUSDT lỗi: relation "cryptocurrency.redusdt" does not exist
[2025-09-05T21:57:07.950+0000] {subprocess.py:93} INFO - LINE 1: SELECT MAX(time) FROM cryptocurrency.redusdt;
[2025-09-05T21:57:07.950+0000] {subprocess.py:93} INFO -                               ^
[2025-09-05T21:57:07.950+0000] {subprocess.py:93} INFO - 
[2025-09-05T21:57:07.950+0000] {subprocess.py:93} INFO - 16/100 BCHUSDT lưu OK
[2025-09-05T21:57:07.951+0000] {subprocess.py:93} INFO - ✅ PEPEUSDT: thêm 1 dòng mới
[2025-09-05T21:57:07.951+0000] {subprocess.py:93} INFO - 17/100 PEPEUSDT lưu OK
[2025-09-05T21:57:07.951+0000] {subprocess.py:93} INFO - ✅ AVAXUSDT: thêm 1 dòng mới
[2025-09-05T21:57:07.951+0000] {subprocess.py:93} INFO - 18/100 AVAXUSDT lưu OK
[2025-09-05T21:57:07.951+0000] {subprocess.py:93} INFO - 19/100 SOMIUSDT lỗi: relation "cryptocurrency.somiusdt" does not exist
[2025-09-05T21:57:07.951+0000] {subprocess.py:93} INFO - LINE 1: SELECT MAX(time) FROM cryptocurrency.somiusdt;
[2025-09-05T21:57:07.952+0000] {subprocess.py:93} INFO -                               ^
[2025-09-05T21:57:07.952+0000] {subprocess.py:93} INFO - 
[2025-09-05T21:57:07.952+0000] {subprocess.py:93} INFO - ✅ ARBUSDT: thêm 1 dòng mới
[2025-09-05T21:57:07.952+0000] {subprocess.py:93} INFO - 20/100 ARBUSDT lưu OK
[2025-09-05T21:57:07.952+0000] {subprocess.py:93} INFO - ✅ PENGUUSDT: thêm 1 dòng mới
[2025-09-05T21:57:07.953+0000] {subprocess.py:93} INFO - 21/100 PENGUUSDT lưu OK
[2025-09-05T21:57:07.953+0000] {subprocess.py:93} INFO - 22/100 BIOUSDT lỗi: relation "cryptocurrency.biousdt" does not exist
[2025-09-05T21:57:07.953+0000] {subprocess.py:93} INFO - LINE 1: SELECT MAX(time) FROM cryptocurrency.biousdt;
[2025-09-05T21:57:07.953+0000] {subprocess.py:93} INFO -                               ^
[2025-09-05T21:57:07.953+0000] {subprocess.py:93} INFO - 
[2025-09-05T21:57:07.953+0000] {subprocess.py:93} INFO - ✅ SEIUSDT: thêm 1 dòng mới
[2025-09-05T21:57:07.954+0000] {subprocess.py:93} INFO - 23/100 SEIUSDT lưu OK
[2025-09-05T21:57:07.954+0000] {subprocess.py:93} INFO - ✅ LTCUSDT: thêm 1 dòng mới
[2025-09-05T21:57:07.954+0000] {subprocess.py:93} INFO - 24/100 LTCUSDT lưu OK
[2025-09-05T21:57:07.954+0000] {subprocess.py:93} INFO - ✅ AAVEUSDT: thêm 1 dòng mới
[2025-09-05T21:57:07.954+0000] {subprocess.py:93} INFO - 25/100 AAVEUSDT lưu OK
[2025-09-05T21:57:07.955+0000] {subprocess.py:93} INFO - ✅ UNIUSDT: thêm 1 dòng mới
[2025-09-05T21:57:07.955+0000] {subprocess.py:93} INFO - 26/100 UNIUSDT lưu OK
[2025-09-05T21:57:07.955+0000] {subprocess.py:93} INFO - 27/100 USD1USDT lỗi: relation "cryptocurrency.usd1usdt" does not exist
[2025-09-05T21:57:07.955+0000] {subprocess.py:93} INFO - LINE 1: SELECT MAX(time) FROM cryptocurrency.usd1usdt;
[2025-09-05T21:57:07.955+0000] {subprocess.py:93} INFO -                               ^
[2025-09-05T21:57:07.956+0000] {subprocess.py:93} INFO - 
[2025-09-05T21:57:07.956+0000] {subprocess.py:93} INFO - ✅ WLDUSDT: thêm 1 dòng mới
[2025-09-05T21:57:07.956+0000] {subprocess.py:93} INFO - 28/100 WLDUSDT lưu OK
[2025-09-05T21:57:07.956+0000] {subprocess.py:93} INFO - ✅ HBARUSDT: thêm 1 dòng mới
[2025-09-05T21:57:07.956+0000] {subprocess.py:93} INFO - 29/100 HBARUSDT lưu OK
[2025-09-05T21:57:07.956+0000] {subprocess.py:93} INFO - ✅ BONKUSDT: thêm 1 dòng mới
[2025-09-05T21:57:07.957+0000] {subprocess.py:93} INFO - 30/100 BONKUSDT lưu OK
[2025-09-05T21:57:07.957+0000] {subprocess.py:93} INFO - ✅ WIFUSDT: thêm 1 dòng mới
[2025-09-05T21:57:07.957+0000] {subprocess.py:93} INFO - 31/100 WIFUSDT lưu OK
[2025-09-05T21:57:07.957+0000] {subprocess.py:93} INFO - ✅ NEARUSDT: thêm 1 dòng mới
[2025-09-05T21:57:07.957+0000] {subprocess.py:93} INFO - 32/100 NEARUSDT lưu OK
[2025-09-05T21:57:07.958+0000] {subprocess.py:93} INFO - ✅ ONDOUSDT: thêm 1 dòng mới
[2025-09-05T21:57:07.958+0000] {subprocess.py:93} INFO - 33/100 ONDOUSDT lưu OK
[2025-09-05T21:57:07.958+0000] {subprocess.py:93} INFO - ✅ DOTUSDT: thêm 1 dòng mới
[2025-09-05T21:57:07.958+0000] {subprocess.py:93} INFO - 34/100 DOTUSDT lưu OK
[2025-09-05T21:57:07.958+0000] {subprocess.py:93} INFO - ✅ SYRUPUSDT: thêm 1 dòng mới
[2025-09-05T21:57:07.959+0000] {subprocess.py:93} INFO - 35/100 SYRUPUSDT lưu OK
[2025-09-05T21:57:07.959+0000] {subprocess.py:93} INFO - ✅ EIGENUSDT: thêm 1 dòng mới
[2025-09-05T21:57:07.959+0000] {subprocess.py:93} INFO - 36/100 EIGENUSDT lưu OK
[2025-09-05T21:57:07.959+0000] {subprocess.py:93} INFO - ✅ EURUSDT: thêm 1 dòng mới
[2025-09-05T21:57:07.959+0000] {subprocess.py:93} INFO - 37/100 EURUSDT lưu OK
[2025-09-05T21:57:07.959+0000] {subprocess.py:93} INFO - ✅ POLUSDT: thêm 1 dòng mới
[2025-09-05T21:57:07.960+0000] {subprocess.py:93} INFO - 38/100 POLUSDT lưu OK
[2025-09-05T21:57:07.960+0000] {subprocess.py:93} INFO - ✅ ETHFIUSDT: thêm 1 dòng mới
[2025-09-05T21:57:07.960+0000] {subprocess.py:93} INFO - 39/100 ETHFIUSDT lưu OK
[2025-09-05T21:57:07.960+0000] {subprocess.py:93} INFO - ✅ LDOUSDT: thêm 1 dòng mới
[2025-09-05T21:57:07.960+0000] {subprocess.py:93} INFO - 40/100 LDOUSDT lưu OK
[2025-09-05T21:57:07.961+0000] {subprocess.py:93} INFO - ✅ TRUMPUSDT: thêm 1 dòng mới
[2025-09-05T21:57:07.961+0000] {subprocess.py:93} INFO - 41/100 TRUMPUSDT lưu OK
[2025-09-05T21:57:07.961+0000] {subprocess.py:93} INFO - ✅ XLMUSDT: thêm 1 dòng mới
[2025-09-05T21:57:07.961+0000] {subprocess.py:93} INFO - 42/100 XLMUSDT lưu OK
[2025-09-05T21:57:07.961+0000] {subprocess.py:93} INFO - ✅ FILUSDT: thêm 1 dòng mới
[2025-09-05T21:57:07.961+0000] {subprocess.py:93} INFO - 43/100 FILUSDT lưu OK
[2025-09-05T21:57:07.962+0000] {subprocess.py:93} INFO - ✅ PNUTUSDT: thêm 1 dòng mới
[2025-09-05T21:57:07.962+0000] {subprocess.py:93} INFO - 44/100 PNUTUSDT lưu OK
[2025-09-05T21:57:07.962+0000] {subprocess.py:93} INFO - ✅ CRVUSDT: thêm 1 dòng mới
[2025-09-05T21:57:07.962+0000] {subprocess.py:93} INFO - 45/100 CRVUSDT lưu OK
[2025-09-05T21:57:07.962+0000] {subprocess.py:93} INFO - ✅ SHIBUSDT: thêm 1 dòng mới
[2025-09-05T21:57:07.963+0000] {subprocess.py:93} INFO - ✅ OPUSDT: thêm 1 dòng mới
[2025-09-05T21:57:07.963+0000] {subprocess.py:93} INFO - 46/100 SHIBUSDT lưu OK
[2025-09-05T21:57:07.963+0000] {subprocess.py:93} INFO - 47/100 OPUSDT lưu OK
[2025-09-05T21:57:07.963+0000] {subprocess.py:93} INFO - 48/100 DOLOUSDT lỗi: relation "cryptocurrency.dolousdt" does not exist
[2025-09-05T21:57:07.963+0000] {subprocess.py:93} INFO - LINE 1: SELECT MAX(time) FROM cryptocurrency.dolousdt;
[2025-09-05T21:57:07.964+0000] {subprocess.py:93} INFO -                               ^
[2025-09-05T21:57:07.964+0000] {subprocess.py:93} INFO - 
[2025-09-05T21:57:07.964+0000] {subprocess.py:93} INFO - ✅ PENDLEUSDT: thêm 1 dòng mới
[2025-09-05T21:57:07.964+0000] {subprocess.py:93} INFO - 49/100 PENDLEUSDT lưu OK
[2025-09-05T21:57:07.964+0000] {subprocess.py:93} INFO - ✅ NEIROUSDT: thêm 1 dòng mới
[2025-09-05T21:57:07.964+0000] {subprocess.py:93} INFO - 50/100 AUSDT lỗi: relation "cryptocurrency.ausdt" does not exist
[2025-09-05T21:57:07.965+0000] {subprocess.py:93} INFO - LINE 1: SELECT MAX(time) FROM cryptocurrency.ausdt;
[2025-09-05T21:57:07.965+0000] {subprocess.py:93} INFO -                               ^
[2025-09-05T21:57:07.965+0000] {subprocess.py:93} INFO - 
[2025-09-05T21:57:07.965+0000] {subprocess.py:93} INFO - 51/100 NEIROUSDT lưu OK
[2025-09-05T21:57:07.965+0000] {subprocess.py:93} INFO - 52/100 PAXGUSDT lỗi: relation "cryptocurrency.paxgusdt" does not exist
[2025-09-05T21:57:07.966+0000] {subprocess.py:93} INFO - LINE 1: SELECT MAX(time) FROM cryptocurrency.paxgusdt;
[2025-09-05T21:57:07.966+0000] {subprocess.py:93} INFO -                               ^
[2025-09-05T21:57:07.966+0000] {subprocess.py:93} INFO - 
[2025-09-05T21:57:07.966+0000] {subprocess.py:93} INFO - ✅ APTUSDT: thêm 1 dòng mới
[2025-09-05T21:57:07.966+0000] {subprocess.py:93} INFO - 53/100 APTUSDT lưu OK
[2025-09-05T21:57:07.966+0000] {subprocess.py:93} INFO - ✅ TAOUSDT: thêm 1 dòng mới
[2025-09-05T21:57:07.967+0000] {subprocess.py:93} INFO - 54/100 TAOUSDT lưu OK
[2025-09-05T21:57:07.967+0000] {subprocess.py:93} INFO - ✅ XUSDUSDT: thêm 1 dòng mới
[2025-09-05T21:57:07.967+0000] {subprocess.py:93} INFO - 55/100 XUSDUSDT lưu OK
[2025-09-05T21:57:07.967+0000] {subprocess.py:93} INFO - ✅ SUSDT: thêm 1 dòng mới
[2025-09-05T21:57:07.967+0000] {subprocess.py:93} INFO - 56/100 SUSDT lưu OK
[2025-09-05T21:57:07.968+0000] {subprocess.py:93} INFO - 57/100 PYTHUSDT lỗi: relation "cryptocurrency.pythusdt" does not exist
[2025-09-05T21:57:07.968+0000] {subprocess.py:93} INFO - LINE 1: SELECT MAX(time) FROM cryptocurrency.pythusdt;
[2025-09-05T21:57:07.968+0000] {subprocess.py:93} INFO -                               ^
[2025-09-05T21:57:07.968+0000] {subprocess.py:93} INFO - 
[2025-09-05T21:57:07.968+0000] {subprocess.py:93} INFO - 58/100 PARTIUSDT lỗi: relation "cryptocurrency.partiusdt" does not exist
[2025-09-05T21:57:07.968+0000] {subprocess.py:93} INFO - LINE 1: SELECT MAX(time) FROM cryptocurrency.partiusdt;
[2025-09-05T21:57:07.969+0000] {subprocess.py:93} INFO -                               ^
[2025-09-05T21:57:07.969+0000] {subprocess.py:93} INFO - 
[2025-09-05T21:57:07.969+0000] {subprocess.py:93} INFO - 59/100 HFTUSDT lỗi: relation "cryptocurrency.hftusdt" does not exist
[2025-09-05T21:57:07.969+0000] {subprocess.py:93} INFO - LINE 1: SELECT MAX(time) FROM cryptocurrency.hftusdt;
[2025-09-05T21:57:07.969+0000] {subprocess.py:93} INFO -                               ^
[2025-09-05T21:57:07.970+0000] {subprocess.py:93} INFO - 
[2025-09-05T21:57:07.970+0000] {subprocess.py:93} INFO - ✅ TONUSDT: thêm 1 dòng mới
[2025-09-05T21:57:07.970+0000] {subprocess.py:93} INFO - 60/100 TONUSDT lưu OK
[2025-09-05T21:57:07.970+0000] {subprocess.py:93} INFO - ✅ TIAUSDT: thêm 1 dòng mới
[2025-09-05T21:57:07.970+0000] {subprocess.py:93} INFO - 61/100 TIAUSDT lưu OK
[2025-09-05T21:57:07.970+0000] {subprocess.py:93} INFO - 62/100 TREEUSDT lỗi: relation "cryptocurrency.treeusdt" does not exist
[2025-09-05T21:57:07.971+0000] {subprocess.py:93} INFO - LINE 1: SELECT MAX(time) FROM cryptocurrency.treeusdt;
[2025-09-05T21:57:07.971+0000] {subprocess.py:93} INFO -                               ^
[2025-09-05T21:57:07.971+0000] {subprocess.py:93} INFO - 
[2025-09-05T21:57:07.971+0000] {subprocess.py:93} INFO - ✅ VIRTUALUSDT: thêm 1 dòng mới
[2025-09-05T21:57:07.971+0000] {subprocess.py:93} INFO - 63/100 VIRTUALUSDT lưu OK
[2025-09-05T21:57:07.972+0000] {subprocess.py:93} INFO - ✅ FLOKIUSDT: thêm 1 dòng mới
[2025-09-05T21:57:07.972+0000] {subprocess.py:93} INFO - 64/100 FLOKIUSDT lưu OK
[2025-09-05T21:57:07.972+0000] {subprocess.py:93} INFO - ✅ INJUSDT: thêm 1 dòng mới
[2025-09-05T21:57:07.972+0000] {subprocess.py:93} INFO - 65/100 INJUSDT lưu OK
[2025-09-05T21:57:07.972+0000] {subprocess.py:93} INFO - 66/100 MITOUSDT lỗi: relation "cryptocurrency.mitousdt" does not exist
[2025-09-05T21:57:07.972+0000] {subprocess.py:93} INFO - LINE 1: SELECT MAX(time) FROM cryptocurrency.mitousdt;
[2025-09-05T21:57:07.973+0000] {subprocess.py:93} INFO -                               ^
[2025-09-05T21:57:07.973+0000] {subprocess.py:93} INFO - 
[2025-09-05T21:57:07.973+0000] {subprocess.py:93} INFO - ✅ GALAUSDT: thêm 1 dòng mới
[2025-09-05T21:57:07.973+0000] {subprocess.py:93} INFO - 67/100 GALAUSDT lưu OK
[2025-09-05T21:57:07.973+0000] {subprocess.py:93} INFO - ✅ ETCUSDT: thêm 1 dòng mới
[2025-09-05T21:57:07.974+0000] {subprocess.py:93} INFO - 68/100 ETCUSDT lưu OK
[2025-09-05T21:57:07.974+0000] {subprocess.py:93} INFO - 69/100 MKRUSDT lỗi: relation "cryptocurrency.mkrusdt" does not exist
[2025-09-05T21:57:07.974+0000] {subprocess.py:93} INFO - LINE 1: SELECT MAX(time) FROM cryptocurrency.mkrusdt;
[2025-09-05T21:57:07.974+0000] {subprocess.py:93} INFO -                               ^
[2025-09-05T21:57:07.974+0000] {subprocess.py:93} INFO - 
[2025-09-05T21:57:07.974+0000] {subprocess.py:93} INFO - 70/100 BBUSDT lỗi: relation "cryptocurrency.bbusdt" does not exist
[2025-09-05T21:57:07.975+0000] {subprocess.py:93} INFO - LINE 1: SELECT MAX(time) FROM cryptocurrency.bbusdt;
[2025-09-05T21:57:07.975+0000] {subprocess.py:93} INFO -                               ^
[2025-09-05T21:57:07.975+0000] {subprocess.py:93} INFO - 
[2025-09-05T21:57:07.975+0000] {subprocess.py:93} INFO - ✅ RAYUSDT: thêm 1 dòng mới
[2025-09-05T21:57:07.975+0000] {subprocess.py:93} INFO - 71/100 RAYUSDT lưu OK
[2025-09-05T21:57:07.976+0000] {subprocess.py:93} INFO - 72/100 RUNEUSDT lỗi: relation "cryptocurrency.runeusdt" does not exist
[2025-09-05T21:57:07.976+0000] {subprocess.py:93} INFO - LINE 1: SELECT MAX(time) FROM cryptocurrency.runeusdt;
[2025-09-05T21:57:07.976+0000] {subprocess.py:93} INFO -                               ^
[2025-09-05T21:57:07.976+0000] {subprocess.py:93} INFO - 
[2025-09-05T21:57:07.976+0000] {subprocess.py:93} INFO - ✅ FETUSDT: thêm 1 dòng mới
[2025-09-05T21:57:07.976+0000] {subprocess.py:93} INFO - 73/100 FETUSDT lưu OK
[2025-09-05T21:57:07.977+0000] {subprocess.py:93} INFO - ✅ ICPUSDT: thêm 1 dòng mới
[2025-09-05T21:57:07.977+0000] {subprocess.py:93} INFO - 74/100 MEMEUSDT lỗi: relation "cryptocurrency.memeusdt" does not exist
[2025-09-05T21:57:07.977+0000] {subprocess.py:93} INFO - LINE 1: SELECT MAX(time) FROM cryptocurrency.memeusdt;
[2025-09-05T21:57:07.977+0000] {subprocess.py:93} INFO -                               ^
[2025-09-05T21:57:07.977+0000] {subprocess.py:93} INFO - 
[2025-09-05T21:57:07.978+0000] {subprocess.py:93} INFO - 75/100 ICPUSDT lưu OK
[2025-09-05T21:57:07.978+0000] {subprocess.py:93} INFO - ✅ ALPINEUSDT: thêm 1 dòng mới
[2025-09-05T21:57:07.978+0000] {subprocess.py:93} INFO - 76/100 ALPINEUSDT lưu OK
[2025-09-05T21:57:07.978+0000] {subprocess.py:93} INFO - ✅ SPKUSDT: thêm 1 dòng mới
[2025-09-05T21:57:07.978+0000] {subprocess.py:93} INFO - 77/100 SPKUSDT lưu OK
[2025-09-05T21:57:07.979+0000] {subprocess.py:93} INFO - ✅ CFXUSDT: thêm 1 dòng mới
[2025-09-05T21:57:07.979+0000] {subprocess.py:93} INFO - 78/100 CFXUSDT lưu OK
[2025-09-05T21:57:07.979+0000] {subprocess.py:93} INFO - ✅ BERAUSDT: thêm 1 dòng mới
[2025-09-05T21:57:07.979+0000] {subprocess.py:93} INFO - 79/100 BERAUSDT lưu OK
[2025-09-05T21:57:07.979+0000] {subprocess.py:93} INFO - 80/100 ATOMUSDT lỗi: relation "cryptocurrency.atomusdt" does not exist
[2025-09-05T21:57:07.979+0000] {subprocess.py:93} INFO - LINE 1: SELECT MAX(time) FROM cryptocurrency.atomusdt;
[2025-09-05T21:57:07.980+0000] {subprocess.py:93} INFO -                               ^
[2025-09-05T21:57:07.980+0000] {subprocess.py:93} INFO - 
[2025-09-05T21:57:07.980+0000] {subprocess.py:93} INFO - 81/100 JUPUSDT lỗi: relation "cryptocurrency.jupusdt" does not exist
[2025-09-05T21:57:07.980+0000] {subprocess.py:93} INFO - LINE 1: SELECT MAX(time) FROM cryptocurrency.jupusdt;
[2025-09-05T21:57:07.980+0000] {subprocess.py:93} INFO -                               ^
[2025-09-05T21:57:07.980+0000] {subprocess.py:93} INFO - 
[2025-09-05T21:57:07.981+0000] {subprocess.py:93} INFO - ✅ MAVUSDT: thêm 1 dòng mới
[2025-09-05T21:57:07.981+0000] {subprocess.py:93} INFO - 82/100 MAVUSDT lưu OK
[2025-09-05T21:57:07.981+0000] {subprocess.py:93} INFO - ✅ ARUSDT: thêm 1 dòng mới
[2025-09-05T21:57:07.981+0000] {subprocess.py:93} INFO - 83/100 ARUSDT lưu OK
[2025-09-05T21:57:07.981+0000] {subprocess.py:93} INFO - 84/100 MANAUSDT lỗi: relation "cryptocurrency.manausdt" does not exist
[2025-09-05T21:57:07.982+0000] {subprocess.py:93} INFO - LINE 1: SELECT MAX(time) FROM cryptocurrency.manausdt;
[2025-09-05T21:57:07.982+0000] {subprocess.py:93} INFO -                               ^
[2025-09-05T21:57:07.982+0000] {subprocess.py:93} INFO - 
[2025-09-05T21:57:08.626+0000] {subprocess.py:93} INFO - 85/100 QTUMUSDT lỗi: relation "cryptocurrency.qtumusdt" does not exist
[2025-09-05T21:57:08.626+0000] {subprocess.py:93} INFO - LINE 1: SELECT MAX(time) FROM cryptocurrency.qtumusdt;
[2025-09-05T21:57:08.627+0000] {subprocess.py:93} INFO -                               ^
[2025-09-05T21:57:08.627+0000] {subprocess.py:93} INFO - 
[2025-09-05T21:57:08.627+0000] {subprocess.py:93} INFO - ✅ ARKMUSDT: thêm 1 dòng mới
[2025-09-05T21:57:08.627+0000] {subprocess.py:93} INFO - 86/100 ARKMUSDT lưu OK
[2025-09-05T21:57:08.627+0000] {subprocess.py:93} INFO - ✅ BFUSDUSDT: thêm 1 dòng mới
[2025-09-05T21:57:08.628+0000] {subprocess.py:93} INFO - 87/100 BFUSDUSDT lưu OK
[2025-09-05T21:57:08.628+0000] {subprocess.py:93} INFO - ✅ RENDERUSDT: thêm 1 dòng mới
[2025-09-05T21:57:08.628+0000] {subprocess.py:93} INFO - 88/100 RENDERUSDT lưu OK
[2025-09-05T21:57:08.628+0000] {subprocess.py:93} INFO - ✅ ORDIUSDT: thêm 1 dòng mới
[2025-09-05T21:57:08.628+0000] {subprocess.py:93} INFO - 89/100 USDPUSDT lỗi: relation "cryptocurrency.usdpusdt" does not exist
[2025-09-05T21:57:08.628+0000] {subprocess.py:93} INFO - LINE 1: SELECT MAX(time) FROM cryptocurrency.usdpusdt;
[2025-09-05T21:57:08.629+0000] {subprocess.py:93} INFO -                               ^
[2025-09-05T21:57:08.629+0000] {subprocess.py:93} INFO - 
[2025-09-05T21:57:08.629+0000] {subprocess.py:93} INFO - 90/100 ORDIUSDT lưu OK
[2025-09-05T21:57:08.629+0000] {subprocess.py:93} INFO - ✅ OMUSDT: thêm 1 dòng mới
[2025-09-05T21:57:08.629+0000] {subprocess.py:93} INFO - 91/100 OMUSDT lưu OK
[2025-09-05T21:57:08.629+0000] {subprocess.py:93} INFO - ✅ ALGOUSDT: thêm 1 dòng mới
[2025-09-05T21:57:08.629+0000] {subprocess.py:93} INFO - 92/100 ALGOUSDT lưu OK
[2025-09-05T21:57:08.630+0000] {subprocess.py:93} INFO - 93/100 VETUSDT lỗi: relation "cryptocurrency.vetusdt" does not exist
[2025-09-05T21:57:08.630+0000] {subprocess.py:93} INFO - LINE 1: SELECT MAX(time) FROM cryptocurrency.vetusdt;
[2025-09-05T21:57:08.630+0000] {subprocess.py:93} INFO -                               ^
[2025-09-05T21:57:08.630+0000] {subprocess.py:93} INFO - 
[2025-09-05T21:57:08.630+0000] {subprocess.py:93} INFO - 94/100 NMRUSDT lỗi: relation "cryptocurrency.nmrusdt" does not exist
[2025-09-05T21:57:08.630+0000] {subprocess.py:93} INFO - LINE 1: SELECT MAX(time) FROM cryptocurrency.nmrusdt;
[2025-09-05T21:57:08.631+0000] {subprocess.py:93} INFO -                               ^
[2025-09-05T21:57:08.631+0000] {subprocess.py:93} INFO - 
[2025-09-05T21:57:08.631+0000] {subprocess.py:93} INFO - 95/100 PLUMEUSDT lỗi: relation "cryptocurrency.plumeusdt" does not exist
[2025-09-05T21:57:08.631+0000] {subprocess.py:93} INFO - LINE 1: SELECT MAX(time) FROM cryptocurrency.plumeusdt;
[2025-09-05T21:57:08.631+0000] {subprocess.py:93} INFO -                               ^
[2025-09-05T21:57:08.631+0000] {subprocess.py:93} INFO - 
[2025-09-05T21:57:08.632+0000] {subprocess.py:93} INFO - 96/100 TURBOUSDT lỗi: relation "cryptocurrency.turbousdt" does not exist
[2025-09-05T21:57:08.632+0000] {subprocess.py:93} INFO - LINE 1: SELECT MAX(time) FROM cryptocurrency.turbousdt;
[2025-09-05T21:57:08.632+0000] {subprocess.py:93} INFO -                               ^
[2025-09-05T21:57:08.632+0000] {subprocess.py:93} INFO - 
[2025-09-05T21:57:08.632+0000] {subprocess.py:93} INFO - 97/100 SANDUSDT lỗi: relation "cryptocurrency.sandusdt" does not exist
[2025-09-05T21:57:08.632+0000] {subprocess.py:93} INFO - LINE 1: SELECT MAX(time) FROM cryptocurrency.sandusdt;
[2025-09-05T21:57:08.632+0000] {subprocess.py:93} INFO -                               ^
[2025-09-05T21:57:08.633+0000] {subprocess.py:93} INFO - 
[2025-09-05T21:57:08.633+0000] {subprocess.py:93} INFO - 98/100 HOMEUSDT lỗi: relation "cryptocurrency.homeusdt" does not exist
[2025-09-05T21:57:08.633+0000] {subprocess.py:93} INFO - LINE 1: SELECT MAX(time) FROM cryptocurrency.homeusdt;
[2025-09-05T21:57:08.633+0000] {subprocess.py:93} INFO -                               ^
[2025-09-05T21:57:08.633+0000] {subprocess.py:93} INFO - 
[2025-09-05T21:57:08.634+0000] {subprocess.py:93} INFO - 99/100 NILUSDT lỗi: relation "cryptocurrency.nilusdt" does not exist
[2025-09-05T21:57:08.634+0000] {subprocess.py:93} INFO - LINE 1: SELECT MAX(time) FROM cryptocurrency.nilusdt;
[2025-09-05T21:57:08.634+0000] {subprocess.py:93} INFO -                               ^
[2025-09-05T21:57:08.634+0000] {subprocess.py:93} INFO - 
[2025-09-05T21:57:08.634+0000] {subprocess.py:93} INFO - ✅ CAKEUSDT: thêm 1 dòng mới
[2025-09-05T21:57:08.634+0000] {subprocess.py:93} INFO - 100/100 CAKEUSDT lưu OK
[2025-09-05T21:57:08.764+0000] {subprocess.py:97} INFO - Command exited with return code 0
[2025-09-05T21:57:08.765+0000] {taskinstance.py:441} INFO - ::group::Post task execution logs
[2025-09-05T21:57:08.793+0000] {taskinstance.py:1206} INFO - Marking task as SUCCESS. dag_id=crypto_collector_dag, task_id=run_crypto_collector, run_id=scheduled__2025-09-05T21:56:00+00:00, execution_date=20250905T215600, start_date=20250905T215701, end_date=20250905T215708
[2025-09-05T21:57:08.831+0000] {local_task_job_runner.py:240} INFO - Task exited with return code 0
[2025-09-05T21:57:08.856+0000] {taskinstance.py:3498} INFO - 0 downstream tasks scheduled from follow-on schedule check
[2025-09-05T21:57:08.857+0000] {local_task_job_runner.py:222} INFO - ::endgroup::
