[2025-09-06T06:22:01.040+0000] {local_task_job_runner.py:120} INFO - ::group::Pre task execution logs
[2025-09-06T06:22:01.223+0000] {taskinstance.py:2076} INFO - Dependencies all met for dep_context=non-requeueable deps ti=<TaskInstance: liquidity.save_liquidity scheduled__2025-09-06T06:21:00+00:00 [queued]>
[2025-09-06T06:22:01.230+0000] {taskinstance.py:2076} INFO - Dependencies all met for dep_context=requeueable deps ti=<TaskInstance: liquidity.save_liquidity scheduled__2025-09-06T06:21:00+00:00 [queued]>
[2025-09-06T06:22:01.230+0000] {taskinstance.py:2306} INFO - Starting attempt 1 of 11
[2025-09-06T06:22:01.241+0000] {taskinstance.py:2330} INFO - Executing <Task(PythonOperator): save_liquidity> on 2025-09-06 06:21:00+00:00
[2025-09-06T06:22:01.248+0000] {standard_task_runner.py:63} INFO - Started process 134066 to run task
[2025-09-06T06:22:01.252+0000] {standard_task_runner.py:90} INFO - Running: ['***', 'tasks', 'run', 'liquidity', 'save_liquidity', 'scheduled__2025-09-06T06:21:00+00:00', '--job-id', '127013', '--raw', '--subdir', 'DAGS_FOLDER/dag_liquidity.py', '--cfg-path', '/tmp/tmpfcyc50_3']
[2025-09-06T06:22:01.255+0000] {standard_task_runner.py:91} INFO - Job 127013: Subtask save_liquidity
[2025-09-06T06:22:01.312+0000] {task_command.py:426} INFO - Running <TaskInstance: liquidity.save_liquidity scheduled__2025-09-06T06:21:00+00:00 [running]> on host d4d2fe648a81
[2025-09-06T06:22:01.423+0000] {taskinstance.py:2648} INFO - Exporting env vars: AIRFLOW_CTX_DAG_OWNER='***' AIRFLOW_CTX_DAG_ID='liquidity' AIRFLOW_CTX_TASK_ID='save_liquidity' AIRFLOW_CTX_EXECUTION_DATE='2025-09-06T06:21:00+00:00' AIRFLOW_CTX_TRY_NUMBER='1' AIRFLOW_CTX_DAG_RUN_ID='scheduled__2025-09-06T06:21:00+00:00'
[2025-09-06T06:22:01.425+0000] {taskinstance.py:430} INFO - ::endgroup::
[2025-09-06T06:22:01.817+0000] {liquidity.py:95} ERROR - Lỗi lưu liquidity_ALL
Traceback (most recent call last):
  File "/opt/airflow/dags/utils/market_history/liquidity/liquidity.py", line 84, in save_liquidity
    data=liquidity(realsymbol)
  File "/opt/airflow/dags/utils/market_history/liquidity/liquidity.py", line 56, in liquidity
    data = response.json()[0]
IndexError: list index out of range
[2025-09-06T06:22:02.158+0000] {liquidity.py:95} ERROR - Lỗi lưu liquidity_HOSE
Traceback (most recent call last):
  File "/opt/airflow/dags/utils/market_history/liquidity/liquidity.py", line 84, in save_liquidity
    data=liquidity(realsymbol)
  File "/opt/airflow/dags/utils/market_history/liquidity/liquidity.py", line 56, in liquidity
    data = response.json()[0]
IndexError: list index out of range
[2025-09-06T06:22:02.506+0000] {liquidity.py:95} ERROR - Lỗi lưu liquidity_HNX
Traceback (most recent call last):
  File "/opt/airflow/dags/utils/market_history/liquidity/liquidity.py", line 84, in save_liquidity
    data=liquidity(realsymbol)
  File "/opt/airflow/dags/utils/market_history/liquidity/liquidity.py", line 56, in liquidity
    data = response.json()[0]
IndexError: list index out of range
[2025-09-06T06:22:02.851+0000] {liquidity.py:95} ERROR - Lỗi lưu liquidity_UPCOM
Traceback (most recent call last):
  File "/opt/airflow/dags/utils/market_history/liquidity/liquidity.py", line 84, in save_liquidity
    data=liquidity(realsymbol)
  File "/opt/airflow/dags/utils/market_history/liquidity/liquidity.py", line 56, in liquidity
    data = response.json()[0]
IndexError: list index out of range
[2025-09-06T06:22:02.853+0000] {python.py:237} INFO - Done. Returned value was: None
[2025-09-06T06:22:02.854+0000] {taskinstance.py:441} INFO - ::group::Post task execution logs
[2025-09-06T06:22:02.866+0000] {taskinstance.py:1206} INFO - Marking task as SUCCESS. dag_id=liquidity, task_id=save_liquidity, run_id=scheduled__2025-09-06T06:21:00+00:00, execution_date=20250906T062100, start_date=20250906T062201, end_date=20250906T062202
[2025-09-06T06:22:02.909+0000] {local_task_job_runner.py:240} INFO - Task exited with return code 0
[2025-09-06T06:22:02.938+0000] {taskinstance.py:3498} INFO - 0 downstream tasks scheduled from follow-on schedule check
[2025-09-06T06:22:02.940+0000] {local_task_job_runner.py:222} INFO - ::endgroup::
