[2025-09-05T07:52:02.361+0000] {local_task_job_runner.py:120} INFO - ::group::Pre task execution logs
[2025-09-05T07:52:02.398+0000] {taskinstance.py:2076} INFO - Dependencies all met for dep_context=non-requeueable deps ti=<TaskInstance: activity.activity_HOSE scheduled__2025-09-05T07:51:00+00:00 [queued]>
[2025-09-05T07:52:02.411+0000] {taskinstance.py:2076} INFO - Dependencies all met for dep_context=requeueable deps ti=<TaskInstance: activity.activity_HOSE scheduled__2025-09-05T07:51:00+00:00 [queued]>
[2025-09-05T07:52:02.413+0000] {taskinstance.py:2306} INFO - Starting attempt 1 of 11
[2025-09-05T07:52:02.432+0000] {taskinstance.py:2330} INFO - Executing <Task(PythonOperator): activity_HOSE> on 2025-09-05 07:51:00+00:00
[2025-09-05T07:52:02.441+0000] {standard_task_runner.py:63} INFO - Started process 3154210 to run task
[2025-09-05T07:52:02.445+0000] {standard_task_runner.py:90} INFO - Running: ['***', 'tasks', 'run', 'activity', 'activity_HOSE', 'scheduled__2025-09-05T07:51:00+00:00', '--job-id', '111919', '--raw', '--subdir', 'DAGS_FOLDER/dag_activity.py', '--cfg-path', '/tmp/tmp5jwvctr1']
[2025-09-05T07:52:02.448+0000] {standard_task_runner.py:91} INFO - Job 111919: Subtask activity_HOSE
[2025-09-05T07:52:02.502+0000] {task_command.py:426} INFO - Running <TaskInstance: activity.activity_HOSE scheduled__2025-09-05T07:51:00+00:00 [running]> on host 1877907bc043
[2025-09-05T07:52:02.597+0000] {taskinstance.py:2648} INFO - Exporting env vars: AIRFLOW_CTX_DAG_OWNER='***' AIRFLOW_CTX_DAG_ID='activity' AIRFLOW_CTX_TASK_ID='activity_HOSE' AIRFLOW_CTX_EXECUTION_DATE='2025-09-05T07:51:00+00:00' AIRFLOW_CTX_TRY_NUMBER='1' AIRFLOW_CTX_DAG_RUN_ID='scheduled__2025-09-05T07:51:00+00:00'
[2025-09-05T07:52:02.599+0000] {taskinstance.py:430} INFO - ::endgroup::
[2025-09-05T07:52:02.619+0000] {activity_HOSE.py:17} INFO - Kết nối DB
[2025-09-05T07:52:02.682+0000] {activity_HOSE.py:55} ERROR - Lỗi lưu activity_HOSE
Traceback (most recent call last):
  File "/opt/airflow/dags/utils/market_data/activity/activity_HOSE.py", line 18, in activity_HOSE
    df = pd.read_sql('SELECT * FROM "history_data"."eboard_table"', con=enginedb).sort_values(by='symbol',ascending=True)
  File "/home/airflow/.local/lib/python3.10/site-packages/pandas/core/frame.py", line 6944, in sort_values
    k = self._get_label_or_level_values(by[0], axis=axis)
  File "/home/airflow/.local/lib/python3.10/site-packages/pandas/core/generic.py", line 1844, in _get_label_or_level_values
    raise KeyError(key)
KeyError: 'symbol'
[2025-09-05T07:52:02.705+0000] {python.py:237} INFO - Done. Returned value was: None
[2025-09-05T07:52:02.706+0000] {taskinstance.py:441} INFO - ::group::Post task execution logs
[2025-09-05T07:52:02.727+0000] {taskinstance.py:1206} INFO - Marking task as SUCCESS. dag_id=activity, task_id=activity_HOSE, run_id=scheduled__2025-09-05T07:51:00+00:00, execution_date=20250905T075100, start_date=20250905T075202, end_date=20250905T075202
[2025-09-05T07:52:02.780+0000] {local_task_job_runner.py:240} INFO - Task exited with return code 0
[2025-09-05T07:52:02.791+0000] {local_task_job_runner.py:222} INFO - ::endgroup::
