[2025-08-26T10:44:00.545+0000] {local_task_job_runner.py:120} INFO - ::group::Pre task execution logs
[2025-08-26T10:44:00.566+0000] {taskinstance.py:2076} INFO - Dependencies all met for dep_context=non-requeueable deps ti=<TaskInstance: crypto_collector_dag.run_crypto_collector scheduled__2025-08-26T10:43:00+00:00 [queued]>
[2025-08-26T10:44:00.573+0000] {taskinstance.py:2076} INFO - Dependencies all met for dep_context=requeueable deps ti=<TaskInstance: crypto_collector_dag.run_crypto_collector scheduled__2025-08-26T10:43:00+00:00 [queued]>
[2025-08-26T10:44:00.573+0000] {taskinstance.py:2306} INFO - Starting attempt 1 of 2
[2025-08-26T10:44:00.582+0000] {taskinstance.py:2330} INFO - Executing <Task(BashOperator): run_crypto_collector> on 2025-08-26 10:43:00+00:00
[2025-08-26T10:44:00.588+0000] {standard_task_runner.py:63} INFO - Started process 1361070 to run task
[2025-08-26T10:44:00.591+0000] {standard_task_runner.py:90} INFO - Running: ['***', 'tasks', 'run', 'crypto_collector_dag', 'run_crypto_collector', 'scheduled__2025-08-26T10:43:00+00:00', '--job-id', '26169', '--raw', '--subdir', 'DAGS_FOLDER/crawl_crypto/dags_crypto.py', '--cfg-path', '/tmp/tmp76ngyxv5']
[2025-08-26T10:44:00.593+0000] {standard_task_runner.py:91} INFO - Job 26169: Subtask run_crypto_collector
[2025-08-26T10:44:00.640+0000] {task_command.py:426} INFO - Running <TaskInstance: crypto_collector_dag.run_crypto_collector scheduled__2025-08-26T10:43:00+00:00 [running]> on host 1877907bc043
[2025-08-26T10:44:00.726+0000] {taskinstance.py:2648} INFO - Exporting env vars: AIRFLOW_CTX_DAG_OWNER='***' AIRFLOW_CTX_DAG_ID='crypto_collector_dag' AIRFLOW_CTX_TASK_ID='run_crypto_collector' AIRFLOW_CTX_EXECUTION_DATE='2025-08-26T10:43:00+00:00' AIRFLOW_CTX_TRY_NUMBER='1' AIRFLOW_CTX_DAG_RUN_ID='scheduled__2025-08-26T10:43:00+00:00'
[2025-08-26T10:44:00.727+0000] {taskinstance.py:430} INFO - ::endgroup::
[2025-08-26T10:44:00.740+0000] {subprocess.py:63} INFO - Tmp dir root location: /tmp
[2025-08-26T10:44:00.741+0000] {subprocess.py:75} INFO - Running command: ['/usr/bin/bash', '-c', 'python3 /opt/***/dags/crawl_crypto/crawl_data_crypto.py']
[2025-08-26T10:44:00.751+0000] {subprocess.py:86} INFO - Output:
[2025-08-26T10:44:06.758+0000] {subprocess.py:93} INFO - 🔹 Kết nối DB...
[2025-08-26T10:44:06.758+0000] {subprocess.py:93} INFO - 🔹 Lấy top 100 crypto...
[2025-08-26T10:44:06.759+0000] {subprocess.py:93} INFO - Top 100: ['ETHUSDT', 'USDCUSDT', 'BTCUSDT', 'SOLUSDT', 'FDUSDUSDT', 'XRPUSDT', 'DOGEUSDT', 'TRXUSDT', 'BNBUSDT', 'LINKUSDT', 'SUIUSDT', 'ADAUSDT', 'PEPEUSDT', 'ENAUSDT', 'BIOUSDT', 'ARBUSDT', 'UNIUSDT', 'SPKUSDT', 'AVAXUSDT', 'LTCUSDT', 'PENGUUSDT', 'AAVEUSDT', 'WLDUSDT', 'PLUMEUSDT', 'HBARUSDT', 'WIFUSDT', 'ONTUSDT', 'TAOUSDT', 'BONKUSDT', 'DOTUSDT', 'OPUSDT', 'SEIUSDT', 'CRVUSDT', 'LDOUSDT', 'NEARUSDT', 'EDUUSDT', 'ONDOUSDT', 'TRUMPUSDT', 'MEMEUSDT', 'ETHFIUSDT', 'SUSDT', 'FILUSDT', 'MAVUSDT', 'ETCUSDT', 'APTUSDT', 'XLMUSDT', 'EURUSDT', 'XUSDUSDT', 'SHIBUSDT', 'FLOKIUSDT', 'VIRTUALUSDT', 'QTUMUSDT', 'TIAUSDT', 'PNUTUSDT', 'PENDLEUSDT', 'VETUSDT', 'BERAUSDT', 'TONUSDT', 'BCHUSDT', 'RAYUSDT', 'ALGOUSDT', 'DIAUSDT', 'POLUSDT', 'NEIROUSDT', 'NEOUSDT', 'CUSDT', 'ICPUSDT', 'GALAUSDT', 'HAEDALUSDT', 'BOMEUSDT', 'FETUSDT', 'ATOMUSDT', 'JSTUSDT', 'RENDERUSDT', 'CAKEUSDT', 'INJUSDT', 'SYRUPUSDT', 'IOSTUSDT', 'EIGENUSDT', 'WBTCUSDT', 'CFXUSDT', 'RUNEUSDT', 'ORDIUSDT', 'SAHARAUSDT', 'ENSUSDT', 'SANDUSDT', 'TREEUSDT', 'PARTIUSDT', 'ARKMUSDT', 'PAXGUSDT', 'OGNUSDT', 'CYBERUSDT', 'OMUSDT', 'JUPUSDT', 'WBETHUSDT', 'PROVEUSDT', 'TRBUSDT', 'CTSIUSDT', 'AIXBTUSDT', 'GPSUSDT']
[2025-08-26T10:44:06.759+0000] {subprocess.py:93} INFO - 🔹 Lưu lịch sử giá vào DB bằng threading...
[2025-08-26T10:44:06.759+0000] {subprocess.py:93} INFO - ✅ DOGEUSDT: thêm 1 dòng mới
[2025-08-26T10:44:06.760+0000] {subprocess.py:93} INFO - 1/100 DOGEUSDT lưu OK
[2025-08-26T10:44:06.760+0000] {subprocess.py:93} INFO - ✅ SOLUSDT: thêm 1 dòng mới
[2025-08-26T10:44:06.760+0000] {subprocess.py:93} INFO - 2/100 SOLUSDT lưu OK
[2025-08-26T10:44:06.760+0000] {subprocess.py:93} INFO - ✅ USDCUSDT: thêm 1 dòng mới
[2025-08-26T10:44:06.761+0000] {subprocess.py:93} INFO - 3/100 USDCUSDT lưu OK
[2025-08-26T10:44:06.761+0000] {subprocess.py:93} INFO - ✅ ETHUSDT: thêm 1 dòng mới
[2025-08-26T10:44:06.761+0000] {subprocess.py:93} INFO - 4/100 ETHUSDT lưu OK
[2025-08-26T10:44:06.761+0000] {subprocess.py:93} INFO - ✅ TRXUSDT: thêm 1 dòng mới
[2025-08-26T10:44:06.762+0000] {subprocess.py:93} INFO - 5/100 TRXUSDT lưu OK
[2025-08-26T10:44:06.762+0000] {subprocess.py:93} INFO - ✅ BNBUSDT: thêm 1 dòng mới
[2025-08-26T10:44:06.762+0000] {subprocess.py:93} INFO - 6/100 BNBUSDT lưu OK
[2025-08-26T10:44:06.762+0000] {subprocess.py:93} INFO - ✅ LINKUSDT: thêm 1 dòng mới
[2025-08-26T10:44:06.762+0000] {subprocess.py:93} INFO - 7/100 LINKUSDT lưu OK
[2025-08-26T10:44:06.763+0000] {subprocess.py:93} INFO - ✅ XRPUSDT: thêm 1 dòng mới
[2025-08-26T10:44:06.763+0000] {subprocess.py:93} INFO - 8/100 XRPUSDT lưu OK
[2025-08-26T10:44:06.763+0000] {subprocess.py:93} INFO - ✅ SUIUSDT: thêm 1 dòng mới
[2025-08-26T10:44:06.763+0000] {subprocess.py:93} INFO - 9/100 SUIUSDT lưu OK
[2025-08-26T10:44:06.764+0000] {subprocess.py:93} INFO - ✅ BTCUSDT: thêm 1 dòng mới
[2025-08-26T10:44:06.764+0000] {subprocess.py:93} INFO - 10/100 BTCUSDT lưu OK
[2025-08-26T10:44:06.764+0000] {subprocess.py:93} INFO - ✅ PEPEUSDT: thêm 1 dòng mới
[2025-08-26T10:44:06.764+0000] {subprocess.py:93} INFO - 11/100 PEPEUSDT lưu OK
[2025-08-26T10:44:06.765+0000] {subprocess.py:93} INFO - ✅ ADAUSDT: thêm 1 dòng mới
[2025-08-26T10:44:06.765+0000] {subprocess.py:93} INFO - 12/100 ADAUSDT lưu OK
[2025-08-26T10:44:06.765+0000] {subprocess.py:93} INFO - ✅ ENAUSDT: thêm 1 dòng mới
[2025-08-26T10:44:06.765+0000] {subprocess.py:93} INFO - 13/100 ENAUSDT lưu OK
[2025-08-26T10:44:06.765+0000] {subprocess.py:93} INFO - 14/100 BIOUSDT lỗi: relation "cryptocurrency.biousdt" does not exist
[2025-08-26T10:44:06.766+0000] {subprocess.py:93} INFO - LINE 1: SELECT MAX(time) FROM cryptocurrency.biousdt;
[2025-08-26T10:44:06.766+0000] {subprocess.py:93} INFO -                               ^
[2025-08-26T10:44:06.766+0000] {subprocess.py:93} INFO - 
[2025-08-26T10:44:06.766+0000] {subprocess.py:93} INFO - ✅ FDUSDUSDT: thêm 1 dòng mới
[2025-08-26T10:44:06.767+0000] {subprocess.py:93} INFO - 15/100 FDUSDUSDT lưu OK
[2025-08-26T10:44:06.767+0000] {subprocess.py:93} INFO - ✅ ARBUSDT: thêm 1 dòng mới
[2025-08-26T10:44:06.767+0000] {subprocess.py:93} INFO - 16/100 ARBUSDT lưu OK
[2025-08-26T10:44:06.767+0000] {subprocess.py:93} INFO - ✅ UNIUSDT: thêm 1 dòng mới
[2025-08-26T10:44:06.767+0000] {subprocess.py:93} INFO - 17/100 UNIUSDT lưu OK
[2025-08-26T10:44:06.768+0000] {subprocess.py:93} INFO - ✅ SPKUSDT: thêm 1 dòng mới
[2025-08-26T10:44:06.768+0000] {subprocess.py:93} INFO - 18/100 SPKUSDT lưu OK
[2025-08-26T10:44:06.768+0000] {subprocess.py:93} INFO - ✅ AVAXUSDT: thêm 1 dòng mới
[2025-08-26T10:44:06.768+0000] {subprocess.py:93} INFO - 19/100 AVAXUSDT lưu OK
[2025-08-26T10:44:06.768+0000] {subprocess.py:93} INFO - ✅ AAVEUSDT: thêm 1 dòng mới
[2025-08-26T10:44:06.769+0000] {subprocess.py:93} INFO - 20/100 AAVEUSDT lưu OK
[2025-08-26T10:44:06.769+0000] {subprocess.py:93} INFO - ✅ PENGUUSDT: thêm 1 dòng mới
[2025-08-26T10:44:06.769+0000] {subprocess.py:93} INFO - 21/100 PENGUUSDT lưu OK
[2025-08-26T10:44:06.769+0000] {subprocess.py:93} INFO - ✅ LTCUSDT: thêm 1 dòng mới
[2025-08-26T10:44:06.769+0000] {subprocess.py:93} INFO - 22/100 LTCUSDT lưu OK
[2025-08-26T10:44:06.770+0000] {subprocess.py:93} INFO - ✅ WLDUSDT: thêm 1 dòng mới
[2025-08-26T10:44:06.770+0000] {subprocess.py:93} INFO - 23/100 WLDUSDT lưu OK
[2025-08-26T10:44:06.770+0000] {subprocess.py:93} INFO - 24/100 PLUMEUSDT lỗi: relation "cryptocurrency.plumeusdt" does not exist
[2025-08-26T10:44:06.770+0000] {subprocess.py:93} INFO - LINE 1: SELECT MAX(time) FROM cryptocurrency.plumeusdt;
[2025-08-26T10:44:06.771+0000] {subprocess.py:93} INFO -                               ^
[2025-08-26T10:44:06.771+0000] {subprocess.py:93} INFO - 
[2025-08-26T10:44:06.771+0000] {subprocess.py:93} INFO - 25/100 ONTUSDT lỗi: relation "cryptocurrency.ontusdt" does not exist
[2025-08-26T10:44:06.771+0000] {subprocess.py:93} INFO - LINE 1: SELECT MAX(time) FROM cryptocurrency.ontusdt;
[2025-08-26T10:44:06.771+0000] {subprocess.py:93} INFO -                               ^
[2025-08-26T10:44:06.772+0000] {subprocess.py:93} INFO - 
[2025-08-26T10:44:06.772+0000] {subprocess.py:93} INFO - ✅ HBARUSDT: thêm 1 dòng mới
[2025-08-26T10:44:06.772+0000] {subprocess.py:93} INFO - 26/100 HBARUSDT lưu OK
[2025-08-26T10:44:06.772+0000] {subprocess.py:93} INFO - ✅ BONKUSDT: thêm 1 dòng mới
[2025-08-26T10:44:06.773+0000] {subprocess.py:93} INFO - 27/100 BONKUSDT lưu OK
[2025-08-26T10:44:06.773+0000] {subprocess.py:93} INFO - ✅ WIFUSDT: thêm 1 dòng mới
[2025-08-26T10:44:06.773+0000] {subprocess.py:93} INFO - 28/100 WIFUSDT lưu OK
[2025-08-26T10:44:06.773+0000] {subprocess.py:93} INFO - ✅ TAOUSDT: thêm 1 dòng mới
[2025-08-26T10:44:06.774+0000] {subprocess.py:93} INFO - 29/100 TAOUSDT lưu OK
[2025-08-26T10:44:06.774+0000] {subprocess.py:93} INFO - ✅ OPUSDT: thêm 1 dòng mới
[2025-08-26T10:44:06.774+0000] {subprocess.py:93} INFO - 30/100 OPUSDT lưu OK
[2025-08-26T10:44:06.774+0000] {subprocess.py:93} INFO - ✅ DOTUSDT: thêm 1 dòng mới
[2025-08-26T10:44:06.774+0000] {subprocess.py:93} INFO - 31/100 DOTUSDT lưu OK
[2025-08-26T10:44:06.775+0000] {subprocess.py:93} INFO - ✅ CRVUSDT: thêm 1 dòng mới
[2025-08-26T10:44:06.775+0000] {subprocess.py:93} INFO - 32/100 CRVUSDT lưu OK
[2025-08-26T10:44:06.775+0000] {subprocess.py:93} INFO - ✅ LDOUSDT: thêm 1 dòng mới
[2025-08-26T10:44:06.775+0000] {subprocess.py:93} INFO - 33/100 LDOUSDT lưu OK
[2025-08-26T10:44:06.776+0000] {subprocess.py:93} INFO - ✅ SEIUSDT: thêm 1 dòng mới
[2025-08-26T10:44:06.776+0000] {subprocess.py:93} INFO - 34/100 SEIUSDT lưu OK
[2025-08-26T10:44:06.776+0000] {subprocess.py:93} INFO - ✅ NEARUSDT: thêm 1 dòng mới
[2025-08-26T10:44:06.776+0000] {subprocess.py:93} INFO - 35/100 NEARUSDT lưu OK
[2025-08-26T10:44:06.776+0000] {subprocess.py:93} INFO - 36/100 MEMEUSDT lỗi: relation "cryptocurrency.memeusdt" does not exist
[2025-08-26T10:44:06.777+0000] {subprocess.py:93} INFO - LINE 1: SELECT MAX(time) FROM cryptocurrency.memeusdt;
[2025-08-26T10:44:06.777+0000] {subprocess.py:93} INFO -                               ^
[2025-08-26T10:44:06.777+0000] {subprocess.py:93} INFO - 
[2025-08-26T10:44:06.777+0000] {subprocess.py:93} INFO - ✅ ONDOUSDT: thêm 1 dòng mới
[2025-08-26T10:44:06.777+0000] {subprocess.py:93} INFO - 37/100 ONDOUSDT lưu OK
[2025-08-26T10:44:06.778+0000] {subprocess.py:93} INFO - ✅ TRUMPUSDT: thêm 1 dòng mới
[2025-08-26T10:44:06.778+0000] {subprocess.py:93} INFO - 38/100 TRUMPUSDT lưu OK
[2025-08-26T10:44:06.778+0000] {subprocess.py:93} INFO - 39/100 EDUUSDT lỗi: relation "cryptocurrency.eduusdt" does not exist
[2025-08-26T10:44:06.778+0000] {subprocess.py:93} INFO - LINE 1: SELECT MAX(time) FROM cryptocurrency.eduusdt;
[2025-08-26T10:44:06.779+0000] {subprocess.py:93} INFO -                               ^
[2025-08-26T10:44:06.779+0000] {subprocess.py:93} INFO - 
[2025-08-26T10:44:06.779+0000] {subprocess.py:93} INFO - ✅ ETHFIUSDT: thêm 1 dòng mới
[2025-08-26T10:44:06.779+0000] {subprocess.py:93} INFO - 40/100 ETHFIUSDT lưu OK
[2025-08-26T10:44:06.779+0000] {subprocess.py:93} INFO - ✅ FILUSDT: thêm 1 dòng mới
[2025-08-26T10:44:06.780+0000] {subprocess.py:93} INFO - 41/100 FILUSDT lưu OK
[2025-08-26T10:44:06.780+0000] {subprocess.py:93} INFO - ✅ SUSDT: thêm 1 dòng mới
[2025-08-26T10:44:06.780+0000] {subprocess.py:93} INFO - 42/100 SUSDT lưu OK
[2025-08-26T10:44:06.780+0000] {subprocess.py:93} INFO - ✅ MAVUSDT: thêm 1 dòng mới
[2025-08-26T10:44:06.781+0000] {subprocess.py:93} INFO - 43/100 MAVUSDT lưu OK
[2025-08-26T10:44:06.781+0000] {subprocess.py:93} INFO - ✅ APTUSDT: thêm 1 dòng mới
[2025-08-26T10:44:06.781+0000] {subprocess.py:93} INFO - 44/100 APTUSDT lưu OK
[2025-08-26T10:44:06.781+0000] {subprocess.py:93} INFO - ✅ ETCUSDT: thêm 1 dòng mới
[2025-08-26T10:44:06.782+0000] {subprocess.py:93} INFO - 45/100 ETCUSDT lưu OK
[2025-08-26T10:44:06.782+0000] {subprocess.py:93} INFO - ✅ XLMUSDT: thêm 1 dòng mới
[2025-08-26T10:44:06.782+0000] {subprocess.py:93} INFO - 46/100 XLMUSDT lưu OK
[2025-08-26T10:44:06.782+0000] {subprocess.py:93} INFO - ✅ EURUSDT: thêm 1 dòng mới
[2025-08-26T10:44:06.782+0000] {subprocess.py:93} INFO - 47/100 EURUSDT lưu OK
[2025-08-26T10:44:06.783+0000] {subprocess.py:93} INFO - ✅ XUSDUSDT: thêm 1 dòng mới
[2025-08-26T10:44:06.783+0000] {subprocess.py:93} INFO - 48/100 XUSDUSDT lưu OK
[2025-08-26T10:44:06.783+0000] {subprocess.py:93} INFO - ✅ SHIBUSDT: thêm 1 dòng mới
[2025-08-26T10:44:06.783+0000] {subprocess.py:93} INFO - 49/100 SHIBUSDT lưu OK
[2025-08-26T10:44:06.783+0000] {subprocess.py:93} INFO - ✅ FLOKIUSDT: thêm 1 dòng mới
[2025-08-26T10:44:06.784+0000] {subprocess.py:93} INFO - 50/100 FLOKIUSDT lưu OK
[2025-08-26T10:44:06.784+0000] {subprocess.py:93} INFO - 51/100 QTUMUSDT lỗi: relation "cryptocurrency.qtumusdt" does not exist
[2025-08-26T10:44:06.784+0000] {subprocess.py:93} INFO - LINE 1: SELECT MAX(time) FROM cryptocurrency.qtumusdt;
[2025-08-26T10:44:06.784+0000] {subprocess.py:93} INFO -                               ^
[2025-08-26T10:44:06.784+0000] {subprocess.py:93} INFO - 
[2025-08-26T10:44:06.785+0000] {subprocess.py:93} INFO - ✅ VIRTUALUSDT: thêm 1 dòng mới
[2025-08-26T10:44:06.785+0000] {subprocess.py:93} INFO - 52/100 VIRTUALUSDT lưu OK
[2025-08-26T10:44:06.785+0000] {subprocess.py:93} INFO - ✅ TIAUSDT: thêm 1 dòng mới
[2025-08-26T10:44:06.785+0000] {subprocess.py:93} INFO - 53/100 TIAUSDT lưu OK
[2025-08-26T10:44:06.785+0000] {subprocess.py:93} INFO - ✅ PENDLEUSDT: thêm 1 dòng mới
[2025-08-26T10:44:06.786+0000] {subprocess.py:93} INFO - 54/100 PENDLEUSDT lưu OK
[2025-08-26T10:44:06.786+0000] {subprocess.py:93} INFO - 55/100 VETUSDT lỗi: relation "cryptocurrency.vetusdt" does not exist
[2025-08-26T10:44:06.786+0000] {subprocess.py:93} INFO - LINE 1: SELECT MAX(time) FROM cryptocurrency.vetusdt;
[2025-08-26T10:44:06.786+0000] {subprocess.py:93} INFO -                               ^
[2025-08-26T10:44:06.786+0000] {subprocess.py:93} INFO - 
[2025-08-26T10:44:06.787+0000] {subprocess.py:93} INFO - ✅ TONUSDT: thêm 1 dòng mới
[2025-08-26T10:44:06.787+0000] {subprocess.py:93} INFO - 56/100 TONUSDT lưu OK
[2025-08-26T10:44:06.787+0000] {subprocess.py:93} INFO - ✅ BERAUSDT: thêm 1 dòng mới
[2025-08-26T10:44:06.787+0000] {subprocess.py:93} INFO - 57/100 BERAUSDT lưu OK
[2025-08-26T10:44:06.788+0000] {subprocess.py:93} INFO - ✅ RAYUSDT: thêm 1 dòng mới
[2025-08-26T10:44:06.788+0000] {subprocess.py:93} INFO - 58/100 RAYUSDT lưu OK
[2025-08-26T10:44:06.788+0000] {subprocess.py:93} INFO - ✅ BCHUSDT: thêm 1 dòng mới
[2025-08-26T10:44:06.788+0000] {subprocess.py:93} INFO - 59/100 BCHUSDT lưu OK
[2025-08-26T10:44:06.788+0000] {subprocess.py:93} INFO - ✅ ALGOUSDT: thêm 1 dòng mới
[2025-08-26T10:44:06.789+0000] {subprocess.py:93} INFO - 60/100 ALGOUSDT lưu OK
[2025-08-26T10:44:06.789+0000] {subprocess.py:93} INFO - 61/100 DIAUSDT lỗi: relation "cryptocurrency.diausdt" does not exist
[2025-08-26T10:44:06.789+0000] {subprocess.py:93} INFO - LINE 1: SELECT MAX(time) FROM cryptocurrency.diausdt;
[2025-08-26T10:44:06.789+0000] {subprocess.py:93} INFO -                               ^
[2025-08-26T10:44:06.789+0000] {subprocess.py:93} INFO - 
[2025-08-26T10:44:06.790+0000] {subprocess.py:93} INFO - ✅ PNUTUSDT: thêm 1 dòng mới
[2025-08-26T10:44:06.790+0000] {subprocess.py:93} INFO - 62/100 PNUTUSDT lưu OK
[2025-08-26T10:44:06.790+0000] {subprocess.py:93} INFO - ✅ POLUSDT: thêm 1 dòng mới
[2025-08-26T10:44:06.790+0000] {subprocess.py:93} INFO - 63/100 POLUSDT lưu OK
[2025-08-26T10:44:06.790+0000] {subprocess.py:93} INFO - ✅ NEIROUSDT: thêm 1 dòng mới
[2025-08-26T10:44:06.791+0000] {subprocess.py:93} INFO - 64/100 NEIROUSDT lưu OK
[2025-08-26T10:44:06.791+0000] {subprocess.py:93} INFO - 65/100 NEOUSDT lỗi: relation "cryptocurrency.neousdt" does not exist
[2025-08-26T10:44:06.791+0000] {subprocess.py:93} INFO - LINE 1: SELECT MAX(time) FROM cryptocurrency.neousdt;
[2025-08-26T10:44:06.791+0000] {subprocess.py:93} INFO -                               ^
[2025-08-26T10:44:06.791+0000] {subprocess.py:93} INFO - 
[2025-08-26T10:44:06.792+0000] {subprocess.py:93} INFO - 66/100 CUSDT lỗi: relation "cryptocurrency.cusdt" does not exist
[2025-08-26T10:44:06.792+0000] {subprocess.py:93} INFO - LINE 1: SELECT MAX(time) FROM cryptocurrency.cusdt;
[2025-08-26T10:44:06.792+0000] {subprocess.py:93} INFO -                               ^
[2025-08-26T10:44:06.792+0000] {subprocess.py:93} INFO - 
[2025-08-26T10:44:06.793+0000] {subprocess.py:93} INFO - ✅ ICPUSDT: thêm 1 dòng mới
[2025-08-26T10:44:06.793+0000] {subprocess.py:93} INFO - 67/100 ICPUSDT lưu OK
[2025-08-26T10:44:06.793+0000] {subprocess.py:93} INFO - 68/100 HAEDALUSDT lỗi: relation "cryptocurrency.haedalusdt" does not exist
[2025-08-26T10:44:06.793+0000] {subprocess.py:93} INFO - LINE 1: SELECT MAX(time) FROM cryptocurrency.haedalusdt;
[2025-08-26T10:44:06.793+0000] {subprocess.py:93} INFO -                               ^
[2025-08-26T10:44:06.794+0000] {subprocess.py:93} INFO - 
[2025-08-26T10:44:06.794+0000] {subprocess.py:93} INFO - ✅ GALAUSDT: thêm 1 dòng mới
[2025-08-26T10:44:06.794+0000] {subprocess.py:93} INFO - 69/100 GALAUSDT lưu OK
[2025-08-26T10:44:06.794+0000] {subprocess.py:93} INFO - 70/100 BOMEUSDT lỗi: relation "cryptocurrency.bomeusdt" does not exist
[2025-08-26T10:44:06.794+0000] {subprocess.py:93} INFO - LINE 1: SELECT MAX(time) FROM cryptocurrency.bomeusdt;
[2025-08-26T10:44:06.795+0000] {subprocess.py:93} INFO -                               ^
[2025-08-26T10:44:06.795+0000] {subprocess.py:93} INFO - 
[2025-08-26T10:44:06.795+0000] {subprocess.py:93} INFO - 71/100 ATOMUSDT lỗi: relation "cryptocurrency.atomusdt" does not exist
[2025-08-26T10:44:06.795+0000] {subprocess.py:93} INFO - LINE 1: SELECT MAX(time) FROM cryptocurrency.atomusdt;
[2025-08-26T10:44:06.795+0000] {subprocess.py:93} INFO -                               ^
[2025-08-26T10:44:06.796+0000] {subprocess.py:93} INFO - 
[2025-08-26T10:44:06.796+0000] {subprocess.py:93} INFO - ✅ FETUSDT: thêm 1 dòng mới
[2025-08-26T10:44:06.796+0000] {subprocess.py:93} INFO - 72/100 FETUSDT lưu OK
[2025-08-26T10:44:06.796+0000] {subprocess.py:93} INFO - 73/100 JSTUSDT lỗi: relation "cryptocurrency.jstusdt" does not exist
[2025-08-26T10:44:06.796+0000] {subprocess.py:93} INFO - LINE 1: SELECT MAX(time) FROM cryptocurrency.jstusdt;
[2025-08-26T10:44:06.797+0000] {subprocess.py:93} INFO -                               ^
[2025-08-26T10:44:06.797+0000] {subprocess.py:93} INFO - 
[2025-08-26T10:44:06.797+0000] {subprocess.py:93} INFO - ✅ RENDERUSDT: thêm 1 dòng mới
[2025-08-26T10:44:06.797+0000] {subprocess.py:93} INFO - 74/100 RENDERUSDT lưu OK
[2025-08-26T10:44:06.797+0000] {subprocess.py:93} INFO - ✅ INJUSDT: thêm 1 dòng mới
[2025-08-26T10:44:06.798+0000] {subprocess.py:93} INFO - 75/100 INJUSDT lưu OK
[2025-08-26T10:44:06.798+0000] {subprocess.py:93} INFO - ✅ CAKEUSDT: thêm 1 dòng mới
[2025-08-26T10:44:06.798+0000] {subprocess.py:93} INFO - 76/100 CAKEUSDT lưu OK
[2025-08-26T10:44:06.798+0000] {subprocess.py:93} INFO - ✅ SYRUPUSDT: thêm 1 dòng mới
[2025-08-26T10:44:06.799+0000] {subprocess.py:93} INFO - 77/100 SYRUPUSDT lưu OK
[2025-08-26T10:44:06.799+0000] {subprocess.py:93} INFO - 78/100 IOSTUSDT lỗi: relation "cryptocurrency.iostusdt" does not exist
[2025-08-26T10:44:06.799+0000] {subprocess.py:93} INFO - LINE 1: SELECT MAX(time) FROM cryptocurrency.iostusdt;
[2025-08-26T10:44:06.799+0000] {subprocess.py:93} INFO -                               ^
[2025-08-26T10:44:06.799+0000] {subprocess.py:93} INFO - 
[2025-08-26T10:44:06.800+0000] {subprocess.py:93} INFO - ✅ EIGENUSDT: thêm 1 dòng mới
[2025-08-26T10:44:06.800+0000] {subprocess.py:93} INFO - 79/100 EIGENUSDT lưu OK
[2025-08-26T10:44:06.800+0000] {subprocess.py:93} INFO - ✅ CFXUSDT: thêm 1 dòng mới
[2025-08-26T10:44:06.800+0000] {subprocess.py:93} INFO - 80/100 CFXUSDT lưu OK
[2025-08-26T10:44:06.800+0000] {subprocess.py:93} INFO - 81/100 RUNEUSDT lỗi: relation "cryptocurrency.runeusdt" does not exist
[2025-08-26T10:44:06.801+0000] {subprocess.py:93} INFO - LINE 1: SELECT MAX(time) FROM cryptocurrency.runeusdt;
[2025-08-26T10:44:06.801+0000] {subprocess.py:93} INFO -                               ^
[2025-08-26T10:44:06.801+0000] {subprocess.py:93} INFO - 
[2025-08-26T10:44:06.801+0000] {subprocess.py:93} INFO - 82/100 WBTCUSDT lỗi: relation "cryptocurrency.wbtcusdt" does not exist
[2025-08-26T10:44:06.801+0000] {subprocess.py:93} INFO - LINE 1: SELECT MAX(time) FROM cryptocurrency.wbtcusdt;
[2025-08-26T10:44:06.802+0000] {subprocess.py:93} INFO -                               ^
[2025-08-26T10:44:06.802+0000] {subprocess.py:93} INFO - 
[2025-08-26T10:44:06.802+0000] {subprocess.py:93} INFO - ✅ ORDIUSDT: thêm 1 dòng mới
[2025-08-26T10:44:06.802+0000] {subprocess.py:93} INFO - 83/100 ORDIUSDT lưu OK
[2025-08-26T10:44:06.802+0000] {subprocess.py:93} INFO - 84/100 SAHARAUSDT lỗi: relation "cryptocurrency.saharausdt" does not exist
[2025-08-26T10:44:06.803+0000] {subprocess.py:93} INFO - LINE 1: SELECT MAX(time) FROM cryptocurrency.saharausdt;
[2025-08-26T10:44:06.803+0000] {subprocess.py:93} INFO -                               ^
[2025-08-26T10:44:06.803+0000] {subprocess.py:93} INFO - 
[2025-08-26T10:44:06.803+0000] {subprocess.py:93} INFO - 85/100 SANDUSDT lỗi: relation "cryptocurrency.sandusdt" does not exist
[2025-08-26T10:44:06.804+0000] {subprocess.py:93} INFO - LINE 1: SELECT MAX(time) FROM cryptocurrency.sandusdt;
[2025-08-26T10:44:06.804+0000] {subprocess.py:93} INFO -                               ^
[2025-08-26T10:44:06.804+0000] {subprocess.py:93} INFO - 
[2025-08-26T10:44:07.321+0000] {subprocess.py:93} INFO - 86/100 TREEUSDT lỗi: relation "cryptocurrency.treeusdt" does not exist
[2025-08-26T10:44:07.321+0000] {subprocess.py:93} INFO - LINE 1: SELECT MAX(time) FROM cryptocurrency.treeusdt;
[2025-08-26T10:44:07.321+0000] {subprocess.py:93} INFO -                               ^
[2025-08-26T10:44:07.322+0000] {subprocess.py:93} INFO - 
[2025-08-26T10:44:07.322+0000] {subprocess.py:93} INFO - 87/100 PARTIUSDT lỗi: relation "cryptocurrency.partiusdt" does not exist
[2025-08-26T10:44:07.322+0000] {subprocess.py:93} INFO - LINE 1: SELECT MAX(time) FROM cryptocurrency.partiusdt;
[2025-08-26T10:44:07.322+0000] {subprocess.py:93} INFO -                               ^
[2025-08-26T10:44:07.322+0000] {subprocess.py:93} INFO - 
[2025-08-26T10:44:07.323+0000] {subprocess.py:93} INFO - ✅ ENSUSDT: thêm 1 dòng mới
[2025-08-26T10:44:07.323+0000] {subprocess.py:93} INFO - 88/100 ENSUSDT lưu OK
[2025-08-26T10:44:07.323+0000] {subprocess.py:93} INFO - ✅ ARKMUSDT: thêm 1 dòng mới
[2025-08-26T10:44:07.323+0000] {subprocess.py:93} INFO - 89/100 ARKMUSDT lưu OK
[2025-08-26T10:44:07.324+0000] {subprocess.py:93} INFO - 90/100 CYBERUSDT lỗi: relation "cryptocurrency.cyberusdt" does not exist
[2025-08-26T10:44:07.324+0000] {subprocess.py:93} INFO - LINE 1: SELECT MAX(time) FROM cryptocurrency.cyberusdt;
[2025-08-26T10:44:07.324+0000] {subprocess.py:93} INFO -                               ^
[2025-08-26T10:44:07.324+0000] {subprocess.py:93} INFO - 
[2025-08-26T10:44:07.324+0000] {subprocess.py:93} INFO - 91/100 PAXGUSDT lỗi: relation "cryptocurrency.paxgusdt" does not exist
[2025-08-26T10:44:07.325+0000] {subprocess.py:93} INFO - LINE 1: SELECT MAX(time) FROM cryptocurrency.paxgusdt;
[2025-08-26T10:44:07.325+0000] {subprocess.py:93} INFO -                               ^
[2025-08-26T10:44:07.325+0000] {subprocess.py:93} INFO - 
[2025-08-26T10:44:07.326+0000] {subprocess.py:93} INFO - 92/100 JUPUSDT lỗi: relation "cryptocurrency.jupusdt" does not exist
[2025-08-26T10:44:07.326+0000] {subprocess.py:93} INFO - LINE 1: SELECT MAX(time) FROM cryptocurrency.jupusdt;
[2025-08-26T10:44:07.326+0000] {subprocess.py:93} INFO -                               ^
[2025-08-26T10:44:07.326+0000] {subprocess.py:93} INFO - 
[2025-08-26T10:44:07.326+0000] {subprocess.py:93} INFO - ✅ OGNUSDT: thêm 1 dòng mới
[2025-08-26T10:44:07.327+0000] {subprocess.py:93} INFO - 93/100 OGNUSDT lưu OK
[2025-08-26T10:44:07.327+0000] {subprocess.py:93} INFO - 94/100 WBETHUSDT lỗi: relation "cryptocurrency.wbethusdt" does not exist
[2025-08-26T10:44:07.327+0000] {subprocess.py:93} INFO - LINE 1: SELECT MAX(time) FROM cryptocurrency.wbethusdt;
[2025-08-26T10:44:07.327+0000] {subprocess.py:93} INFO -                               ^
[2025-08-26T10:44:07.328+0000] {subprocess.py:93} INFO - 
[2025-08-26T10:44:07.328+0000] {subprocess.py:93} INFO - ✅ OMUSDT: thêm 1 dòng mới
[2025-08-26T10:44:07.328+0000] {subprocess.py:93} INFO - 95/100 OMUSDT lưu OK
[2025-08-26T10:44:07.328+0000] {subprocess.py:93} INFO - 96/100 TRBUSDT lỗi: relation "cryptocurrency.trbusdt" does not exist
[2025-08-26T10:44:07.328+0000] {subprocess.py:93} INFO - LINE 1: SELECT MAX(time) FROM cryptocurrency.trbusdt;
[2025-08-26T10:44:07.329+0000] {subprocess.py:93} INFO -                               ^
[2025-08-26T10:44:07.329+0000] {subprocess.py:93} INFO - 
[2025-08-26T10:44:07.329+0000] {subprocess.py:93} INFO - 97/100 AIXBTUSDT lỗi: relation "cryptocurrency.aixbtusdt" does not exist
[2025-08-26T10:44:07.329+0000] {subprocess.py:93} INFO - LINE 1: SELECT MAX(time) FROM cryptocurrency.aixbtusdt;
[2025-08-26T10:44:07.329+0000] {subprocess.py:93} INFO -                               ^
[2025-08-26T10:44:07.330+0000] {subprocess.py:93} INFO - 
[2025-08-26T10:44:07.330+0000] {subprocess.py:93} INFO - 98/100 GPSUSDT lỗi: relation "cryptocurrency.gpsusdt" does not exist
[2025-08-26T10:44:07.330+0000] {subprocess.py:93} INFO - LINE 1: SELECT MAX(time) FROM cryptocurrency.gpsusdt;
[2025-08-26T10:44:07.330+0000] {subprocess.py:93} INFO -                               ^
[2025-08-26T10:44:07.330+0000] {subprocess.py:93} INFO - 
[2025-08-26T10:44:07.331+0000] {subprocess.py:93} INFO - ✅ PROVEUSDT: thêm 1 dòng mới
[2025-08-26T10:44:07.331+0000] {subprocess.py:93} INFO - 99/100 PROVEUSDT lưu OK
[2025-08-26T10:44:07.331+0000] {subprocess.py:93} INFO - ✅ CTSIUSDT: thêm 1 dòng mới
[2025-08-26T10:44:07.331+0000] {subprocess.py:93} INFO - 100/100 CTSIUSDT lưu OK
[2025-08-26T10:44:07.402+0000] {subprocess.py:97} INFO - Command exited with return code 0
[2025-08-26T10:44:07.403+0000] {taskinstance.py:441} INFO - ::group::Post task execution logs
[2025-08-26T10:44:07.429+0000] {taskinstance.py:1206} INFO - Marking task as SUCCESS. dag_id=crypto_collector_dag, task_id=run_crypto_collector, run_id=scheduled__2025-08-26T10:43:00+00:00, execution_date=20250826T104300, start_date=20250826T104400, end_date=20250826T104407
[2025-08-26T10:44:07.473+0000] {local_task_job_runner.py:240} INFO - Task exited with return code 0
[2025-08-26T10:44:07.484+0000] {local_task_job_runner.py:222} INFO - ::endgroup::
