[2025-09-08T03:31:02.160+0000] {local_task_job_runner.py:120} INFO - ::group::Pre task execution logs
[2025-09-08T03:31:02.196+0000] {taskinstance.py:2076} INFO - Dependencies all met for dep_context=non-requeueable deps ti=<TaskInstance: foreign_1_live.save_foreign_1 scheduled__2025-09-08T03:30:00+00:00 [queued]>
[2025-09-08T03:31:02.207+0000] {taskinstance.py:2076} INFO - Dependencies all met for dep_context=requeueable deps ti=<TaskInstance: foreign_1_live.save_foreign_1 scheduled__2025-09-08T03:30:00+00:00 [queued]>
[2025-09-08T03:31:02.208+0000] {taskinstance.py:2306} INFO - Starting attempt 1 of 11
[2025-09-08T03:31:02.223+0000] {taskinstance.py:2330} INFO - Executing <Task(PythonOperator): save_foreign_1> on 2025-09-08 03:30:00+00:00
[2025-09-08T03:31:02.243+0000] {standard_task_runner.py:63} INFO - Started process 307302 to run task
[2025-09-08T03:31:02.253+0000] {standard_task_runner.py:90} INFO - Running: ['***', 'tasks', 'run', 'foreign_1_live', 'save_foreign_1', 'scheduled__2025-09-08T03:30:00+00:00', '--job-id', '157178', '--raw', '--subdir', 'DAGS_FOLDER/dag_foreign_1_live.py', '--cfg-path', '/tmp/tmpb_kaqvl7']
[2025-09-08T03:31:02.260+0000] {standard_task_runner.py:91} INFO - Job 157178: Subtask save_foreign_1
[2025-09-08T03:31:02.354+0000] {task_command.py:426} INFO - Running <TaskInstance: foreign_1_live.save_foreign_1 scheduled__2025-09-08T03:30:00+00:00 [running]> on host 8d9cea3aac78
[2025-09-08T03:31:02.464+0000] {taskinstance.py:2648} INFO - Exporting env vars: AIRFLOW_CTX_DAG_OWNER='***' AIRFLOW_CTX_DAG_ID='foreign_1_live' AIRFLOW_CTX_TASK_ID='save_foreign_1' AIRFLOW_CTX_EXECUTION_DATE='2025-09-08T03:30:00+00:00' AIRFLOW_CTX_TRY_NUMBER='1' AIRFLOW_CTX_DAG_RUN_ID='scheduled__2025-09-08T03:30:00+00:00'
[2025-09-08T03:31:02.466+0000] {taskinstance.py:430} INFO - ::endgroup::
[2025-09-08T03:31:02.480+0000] {foreign_1.py:18} INFO - Kết nối DB
[2025-09-08T03:31:03.237+0000] {foreign_1.py:28} INFO - Đã lưu foreign_ALL
[2025-09-08T03:31:03.238+0000] {foreign_1.py:18} INFO - Kết nối DB
[2025-09-08T03:31:03.745+0000] {foreign_1.py:28} INFO - Đã lưu foreign_HOSE
[2025-09-08T03:31:03.747+0000] {foreign_1.py:18} INFO - Kết nối DB
[2025-09-08T03:31:04.509+0000] {foreign_1.py:28} INFO - Đã lưu foreign_HNX
[2025-09-08T03:31:04.510+0000] {foreign_1.py:18} INFO - Kết nối DB
[2025-09-08T03:31:04.897+0000] {foreign_1.py:28} INFO - Đã lưu foreign_UPCOM
[2025-09-08T03:31:04.898+0000] {python.py:237} INFO - Done. Returned value was: None
[2025-09-08T03:31:04.899+0000] {taskinstance.py:441} INFO - ::group::Post task execution logs
[2025-09-08T03:31:04.914+0000] {taskinstance.py:1206} INFO - Marking task as SUCCESS. dag_id=foreign_1_live, task_id=save_foreign_1, run_id=scheduled__2025-09-08T03:30:00+00:00, execution_date=20250908T033000, start_date=20250908T033102, end_date=20250908T033104
[2025-09-08T03:31:04.957+0000] {local_task_job_runner.py:240} INFO - Task exited with return code 0
[2025-09-08T03:31:04.985+0000] {taskinstance.py:3503} INFO - 4 downstream tasks scheduled from follow-on schedule check
[2025-09-08T03:31:04.986+0000] {local_task_job_runner.py:222} INFO - ::endgroup::
