[2025-09-07T02:09:01.666+0000] {local_task_job_runner.py:120} INFO - ::group::Pre task execution logs
[2025-09-07T02:09:01.920+0000] {taskinstance.py:2076} INFO - Dependencies all met for dep_context=non-requeueable deps ti=<TaskInstance: liquidity.save_liquidity scheduled__2025-09-07T02:08:00+00:00 [queued]>
[2025-09-07T02:09:01.931+0000] {taskinstance.py:2076} INFO - Dependencies all met for dep_context=requeueable deps ti=<TaskInstance: liquidity.save_liquidity scheduled__2025-09-07T02:08:00+00:00 [queued]>
[2025-09-07T02:09:01.931+0000] {taskinstance.py:2306} INFO - Starting attempt 1 of 11
[2025-09-07T02:09:01.947+0000] {taskinstance.py:2330} INFO - Executing <Task(PythonOperator): save_liquidity> on 2025-09-07 02:08:00+00:00
[2025-09-07T02:09:01.956+0000] {standard_task_runner.py:63} INFO - Started process 123914 to run task
[2025-09-07T02:09:01.959+0000] {standard_task_runner.py:90} INFO - Running: ['***', 'tasks', 'run', 'liquidity', 'save_liquidity', 'scheduled__2025-09-07T02:08:00+00:00', '--job-id', '140115', '--raw', '--subdir', 'DAGS_FOLDER/dag_liquidity.py', '--cfg-path', '/tmp/tmp1yuc0up5']
[2025-09-07T02:09:01.963+0000] {standard_task_runner.py:91} INFO - Job 140115: Subtask save_liquidity
[2025-09-07T02:09:02.015+0000] {task_command.py:426} INFO - Running <TaskInstance: liquidity.save_liquidity scheduled__2025-09-07T02:08:00+00:00 [running]> on host 8d9cea3aac78
[2025-09-07T02:09:02.111+0000] {taskinstance.py:2648} INFO - Exporting env vars: AIRFLOW_CTX_DAG_OWNER='***' AIRFLOW_CTX_DAG_ID='liquidity' AIRFLOW_CTX_TASK_ID='save_liquidity' AIRFLOW_CTX_EXECUTION_DATE='2025-09-07T02:08:00+00:00' AIRFLOW_CTX_TRY_NUMBER='1' AIRFLOW_CTX_DAG_RUN_ID='scheduled__2025-09-07T02:08:00+00:00'
[2025-09-07T02:09:02.112+0000] {taskinstance.py:430} INFO - ::endgroup::
[2025-09-07T02:09:02.414+0000] {liquidity.py:95} ERROR - Lỗi lưu liquidity_ALL
Traceback (most recent call last):
  File "/opt/airflow/dags/utils/market_history/liquidity/liquidity.py", line 84, in save_liquidity
    data=liquidity(realsymbol)
  File "/opt/airflow/dags/utils/market_history/liquidity/liquidity.py", line 56, in liquidity
    data = response.json()[0]
IndexError: list index out of range
[2025-09-07T02:09:02.571+0000] {liquidity.py:95} ERROR - Lỗi lưu liquidity_HOSE
Traceback (most recent call last):
  File "/opt/airflow/dags/utils/market_history/liquidity/liquidity.py", line 84, in save_liquidity
    data=liquidity(realsymbol)
  File "/opt/airflow/dags/utils/market_history/liquidity/liquidity.py", line 56, in liquidity
    data = response.json()[0]
IndexError: list index out of range
[2025-09-07T02:09:02.747+0000] {liquidity.py:95} ERROR - Lỗi lưu liquidity_HNX
Traceback (most recent call last):
  File "/opt/airflow/dags/utils/market_history/liquidity/liquidity.py", line 84, in save_liquidity
    data=liquidity(realsymbol)
  File "/opt/airflow/dags/utils/market_history/liquidity/liquidity.py", line 56, in liquidity
    data = response.json()[0]
IndexError: list index out of range
[2025-09-07T02:09:02.953+0000] {liquidity.py:95} ERROR - Lỗi lưu liquidity_UPCOM
Traceback (most recent call last):
  File "/opt/airflow/dags/utils/market_history/liquidity/liquidity.py", line 84, in save_liquidity
    data=liquidity(realsymbol)
  File "/opt/airflow/dags/utils/market_history/liquidity/liquidity.py", line 56, in liquidity
    data = response.json()[0]
IndexError: list index out of range
[2025-09-07T02:09:02.954+0000] {python.py:237} INFO - Done. Returned value was: None
[2025-09-07T02:09:02.955+0000] {taskinstance.py:441} INFO - ::group::Post task execution logs
[2025-09-07T02:09:02.970+0000] {taskinstance.py:1206} INFO - Marking task as SUCCESS. dag_id=liquidity, task_id=save_liquidity, run_id=scheduled__2025-09-07T02:08:00+00:00, execution_date=20250907T020800, start_date=20250907T020901, end_date=20250907T020902
[2025-09-07T02:09:03.015+0000] {local_task_job_runner.py:240} INFO - Task exited with return code 0
[2025-09-07T02:09:03.048+0000] {taskinstance.py:3503} INFO - 0 downstream tasks scheduled from follow-on schedule check
[2025-09-07T02:09:03.050+0000] {local_task_job_runner.py:222} INFO - ::endgroup::
