[2025-09-02T07:14:02.193+0000] {local_task_job_runner.py:120} INFO - ::group::Pre task execution logs
[2025-09-02T07:14:02.218+0000] {taskinstance.py:2076} INFO - Dependencies all met for dep_context=non-requeueable deps ti=<TaskInstance: market_table_foreign.activity_UPCOM scheduled__2025-09-02T07:13:00+00:00 [queued]>
[2025-09-02T07:14:02.231+0000] {taskinstance.py:2076} INFO - Dependencies all met for dep_context=requeueable deps ti=<TaskInstance: market_table_foreign.activity_UPCOM scheduled__2025-09-02T07:13:00+00:00 [queued]>
[2025-09-02T07:14:02.232+0000] {taskinstance.py:2306} INFO - Starting attempt 1 of 11
[2025-09-02T07:14:02.252+0000] {taskinstance.py:2330} INFO - Executing <Task(PythonOperator): activity_UPCOM> on 2025-09-02 07:13:00+00:00
[2025-09-02T07:14:02.261+0000] {standard_task_runner.py:63} INFO - Started process 2497071 to run task
[2025-09-02T07:14:02.266+0000] {standard_task_runner.py:90} INFO - Running: ['***', 'tasks', 'run', 'market_table_foreign', 'activity_UPCOM', 'scheduled__2025-09-02T07:13:00+00:00', '--job-id', '54856', '--raw', '--subdir', 'DAGS_FOLDER/dag_market_live.py', '--cfg-path', '/tmp/tmpmzrv10bh']
[2025-09-02T07:14:02.269+0000] {standard_task_runner.py:91} INFO - Job 54856: Subtask activity_UPCOM
[2025-09-02T07:14:02.320+0000] {task_command.py:426} INFO - Running <TaskInstance: market_table_foreign.activity_UPCOM scheduled__2025-09-02T07:13:00+00:00 [running]> on host 1877907bc043
[2025-09-02T07:14:02.431+0000] {taskinstance.py:2648} INFO - Exporting env vars: AIRFLOW_CTX_DAG_OWNER='***' AIRFLOW_CTX_DAG_ID='market_table_foreign' AIRFLOW_CTX_TASK_ID='activity_UPCOM' AIRFLOW_CTX_EXECUTION_DATE='2025-09-02T07:13:00+00:00' AIRFLOW_CTX_TRY_NUMBER='1' AIRFLOW_CTX_DAG_RUN_ID='scheduled__2025-09-02T07:13:00+00:00'
[2025-09-02T07:14:02.433+0000] {taskinstance.py:430} INFO - ::endgroup::
[2025-09-02T07:14:02.469+0000] {activity_UPCOM.py:17} INFO - Kết nối DB
[2025-09-02T07:14:02.671+0000] {activity_UPCOM.py:55} ERROR - Lỗi lưu activity_UPCOM
Traceback (most recent call last):
  File "/opt/airflow/dags/utils/market_data/activity_UPCOM.py", line 35, in activity_UPCOM
    point=float(dfindex.loc[dfindex['symbol']=='UpcomIndex','point'].values[0])
IndexError: index 0 is out of bounds for axis 0 with size 0
[2025-09-02T07:14:02.672+0000] {python.py:237} INFO - Done. Returned value was: None
[2025-09-02T07:14:02.673+0000] {taskinstance.py:441} INFO - ::group::Post task execution logs
[2025-09-02T07:14:02.686+0000] {taskinstance.py:1206} INFO - Marking task as SUCCESS. dag_id=market_table_foreign, task_id=activity_UPCOM, run_id=scheduled__2025-09-02T07:13:00+00:00, execution_date=20250902T071300, start_date=20250902T071402, end_date=20250902T071402
[2025-09-02T07:14:02.718+0000] {local_task_job_runner.py:240} INFO - Task exited with return code 0
[2025-09-02T07:14:02.751+0000] {taskinstance.py:3498} INFO - 0 downstream tasks scheduled from follow-on schedule check
[2025-09-02T07:14:02.752+0000] {local_task_job_runner.py:222} INFO - ::endgroup::
