[2025-09-01T10:26:22.655+0000] {local_task_job_runner.py:120} INFO - ::group::Pre task execution logs
[2025-09-01T10:26:22.680+0000] {taskinstance.py:2076} INFO - Dependencies all met for dep_context=non-requeueable deps ti=<TaskInstance: market_table_foreign.foreign_HNX scheduled__2025-08-31T17:21:00+00:00 [queued]>
[2025-09-01T10:26:22.693+0000] {taskinstance.py:2076} INFO - Dependencies all met for dep_context=requeueable deps ti=<TaskInstance: market_table_foreign.foreign_HNX scheduled__2025-08-31T17:21:00+00:00 [queued]>
[2025-09-01T10:26:22.694+0000] {taskinstance.py:2306} INFO - Starting attempt 1 of 11
[2025-09-01T10:26:22.712+0000] {taskinstance.py:2330} INFO - Executing <Task(PythonOperator): foreign_HNX> on 2025-08-31 17:21:00+00:00
[2025-09-01T10:26:22.721+0000] {standard_task_runner.py:63} INFO - Started process 2318287 to run task
[2025-09-01T10:26:22.726+0000] {standard_task_runner.py:90} INFO - Running: ['***', 'tasks', 'run', 'market_table_foreign', 'foreign_HNX', 'scheduled__2025-08-31T17:21:00+00:00', '--job-id', '42228', '--raw', '--subdir', 'DAGS_FOLDER/dag_market_live.py', '--cfg-path', '/tmp/tmpajsm40j4']
[2025-09-01T10:26:22.729+0000] {standard_task_runner.py:91} INFO - Job 42228: Subtask foreign_HNX
[2025-09-01T10:26:22.785+0000] {task_command.py:426} INFO - Running <TaskInstance: market_table_foreign.foreign_HNX scheduled__2025-08-31T17:21:00+00:00 [running]> on host 1877907bc043
[2025-09-01T10:26:22.884+0000] {taskinstance.py:2648} INFO - Exporting env vars: AIRFLOW_CTX_DAG_OWNER='***' AIRFLOW_CTX_DAG_ID='market_table_foreign' AIRFLOW_CTX_TASK_ID='foreign_HNX' AIRFLOW_CTX_EXECUTION_DATE='2025-08-31T17:21:00+00:00' AIRFLOW_CTX_TRY_NUMBER='1' AIRFLOW_CTX_DAG_RUN_ID='scheduled__2025-08-31T17:21:00+00:00'
[2025-09-01T10:26:22.886+0000] {taskinstance.py:430} INFO - ::endgroup::
[2025-09-01T10:26:22.902+0000] {foreign_HNX.py:17} INFO - Kết nối DB
[2025-09-01T10:26:23.312+0000] {foreign_HNX.py:42} INFO - Đã lưu foreign_HNX
[2025-09-01T10:26:23.313+0000] {python.py:237} INFO - Done. Returned value was: None
[2025-09-01T10:26:23.314+0000] {taskinstance.py:441} INFO - ::group::Post task execution logs
[2025-09-01T10:26:23.328+0000] {taskinstance.py:1206} INFO - Marking task as SUCCESS. dag_id=market_table_foreign, task_id=foreign_HNX, run_id=scheduled__2025-08-31T17:21:00+00:00, execution_date=20250831T172100, start_date=20250901T102622, end_date=20250901T102623
[2025-09-01T10:26:23.378+0000] {local_task_job_runner.py:240} INFO - Task exited with return code 0
[2025-09-01T10:26:23.390+0000] {local_task_job_runner.py:222} INFO - ::endgroup::
[2025-09-01T10:27:30.375+0000] {local_task_job_runner.py:120} INFO - ::group::Pre task execution logs
[2025-09-01T10:27:30.399+0000] {taskinstance.py:2076} INFO - Dependencies all met for dep_context=non-requeueable deps ti=<TaskInstance: market_table_foreign.foreign_HNX scheduled__2025-08-31T17:21:00+00:00 [queued]>
[2025-09-01T10:27:30.407+0000] {taskinstance.py:2076} INFO - Dependencies all met for dep_context=requeueable deps ti=<TaskInstance: market_table_foreign.foreign_HNX scheduled__2025-08-31T17:21:00+00:00 [queued]>
[2025-09-01T10:27:30.407+0000] {taskinstance.py:2306} INFO - Starting attempt 1 of 11
[2025-09-01T10:27:30.419+0000] {taskinstance.py:2330} INFO - Executing <Task(PythonOperator): foreign_HNX> on 2025-08-31 17:21:00+00:00
[2025-09-01T10:27:30.427+0000] {standard_task_runner.py:63} INFO - Started process 2319080 to run task
[2025-09-01T10:27:30.431+0000] {standard_task_runner.py:90} INFO - Running: ['***', 'tasks', 'run', 'market_table_foreign', 'foreign_HNX', 'scheduled__2025-08-31T17:21:00+00:00', '--job-id', '42462', '--raw', '--subdir', 'DAGS_FOLDER/dag_market_live.py', '--cfg-path', '/tmp/tmpmx1tk8ge']
[2025-09-01T10:27:30.434+0000] {standard_task_runner.py:91} INFO - Job 42462: Subtask foreign_HNX
[2025-09-01T10:27:30.485+0000] {task_command.py:426} INFO - Running <TaskInstance: market_table_foreign.foreign_HNX scheduled__2025-08-31T17:21:00+00:00 [running]> on host 1877907bc043
[2025-09-01T10:27:30.579+0000] {taskinstance.py:2648} INFO - Exporting env vars: AIRFLOW_CTX_DAG_OWNER='***' AIRFLOW_CTX_DAG_ID='market_table_foreign' AIRFLOW_CTX_TASK_ID='foreign_HNX' AIRFLOW_CTX_EXECUTION_DATE='2025-08-31T17:21:00+00:00' AIRFLOW_CTX_TRY_NUMBER='1' AIRFLOW_CTX_DAG_RUN_ID='scheduled__2025-08-31T17:21:00+00:00'
[2025-09-01T10:27:30.580+0000] {taskinstance.py:430} INFO - ::endgroup::
[2025-09-01T10:27:30.593+0000] {foreign_HNX.py:17} INFO - Kết nối DB
[2025-09-01T10:27:30.941+0000] {foreign_HNX.py:42} INFO - Đã lưu foreign_HNX
[2025-09-01T10:27:30.942+0000] {python.py:237} INFO - Done. Returned value was: None
[2025-09-01T10:27:30.943+0000] {taskinstance.py:441} INFO - ::group::Post task execution logs
[2025-09-01T10:27:30.960+0000] {taskinstance.py:1206} INFO - Marking task as SUCCESS. dag_id=market_table_foreign, task_id=foreign_HNX, run_id=scheduled__2025-08-31T17:21:00+00:00, execution_date=20250831T172100, start_date=20250901T102730, end_date=20250901T102730
[2025-09-01T10:27:31.004+0000] {local_task_job_runner.py:240} INFO - Task exited with return code 0
[2025-09-01T10:27:31.025+0000] {taskinstance.py:3498} INFO - 0 downstream tasks scheduled from follow-on schedule check
[2025-09-01T10:27:31.026+0000] {local_task_job_runner.py:222} INFO - ::endgroup::
