[2025-09-05T03:12:01.640+0000] {local_task_job_runner.py:120} INFO - ::group::Pre task execution logs
[2025-09-05T03:12:01.673+0000] {taskinstance.py:2076} INFO - Dependencies all met for dep_context=non-requeueable deps ti=<TaskInstance: liquidity.save_liquidity scheduled__2025-09-05T03:11:00+00:00 [queued]>
[2025-09-05T03:12:01.684+0000] {taskinstance.py:2076} INFO - Dependencies all met for dep_context=requeueable deps ti=<TaskInstance: liquidity.save_liquidity scheduled__2025-09-05T03:11:00+00:00 [queued]>
[2025-09-05T03:12:01.685+0000] {taskinstance.py:2306} INFO - Starting attempt 1 of 11
[2025-09-05T03:12:01.700+0000] {taskinstance.py:2330} INFO - Executing <Task(PythonOperator): save_liquidity> on 2025-09-05 03:11:00+00:00
[2025-09-05T03:12:01.708+0000] {standard_task_runner.py:63} INFO - Started process 3095620 to run task
[2025-09-05T03:12:01.712+0000] {standard_task_runner.py:90} INFO - Running: ['***', 'tasks', 'run', 'liquidity', 'save_liquidity', 'scheduled__2025-09-05T03:11:00+00:00', '--job-id', '108215', '--raw', '--subdir', 'DAGS_FOLDER/dag_liquidity.py', '--cfg-path', '/tmp/tmpedy04_i7']
[2025-09-05T03:12:01.715+0000] {standard_task_runner.py:91} INFO - Job 108215: Subtask save_liquidity
[2025-09-05T03:12:01.773+0000] {task_command.py:426} INFO - Running <TaskInstance: liquidity.save_liquidity scheduled__2025-09-05T03:11:00+00:00 [running]> on host 1877907bc043
[2025-09-05T03:12:01.881+0000] {taskinstance.py:2648} INFO - Exporting env vars: AIRFLOW_CTX_DAG_OWNER='***' AIRFLOW_CTX_DAG_ID='liquidity' AIRFLOW_CTX_TASK_ID='save_liquidity' AIRFLOW_CTX_EXECUTION_DATE='2025-09-05T03:11:00+00:00' AIRFLOW_CTX_TRY_NUMBER='1' AIRFLOW_CTX_DAG_RUN_ID='scheduled__2025-09-05T03:11:00+00:00'
[2025-09-05T03:12:01.882+0000] {taskinstance.py:430} INFO - ::endgroup::
[2025-09-05T03:12:02.344+0000] {liquidity.py:93} INFO - Đã lưu liquidity_ALL
[2025-09-05T03:12:02.753+0000] {liquidity.py:93} INFO - Đã lưu liquidity_HOSE
[2025-09-05T03:12:03.157+0000] {liquidity.py:93} INFO - Đã lưu liquidity_HNX
[2025-09-05T03:12:03.572+0000] {liquidity.py:93} INFO - Đã lưu liquidity_UPCOM
[2025-09-05T03:12:03.573+0000] {python.py:237} INFO - Done. Returned value was: None
[2025-09-05T03:12:03.574+0000] {taskinstance.py:441} INFO - ::group::Post task execution logs
[2025-09-05T03:12:03.590+0000] {taskinstance.py:1206} INFO - Marking task as SUCCESS. dag_id=liquidity, task_id=save_liquidity, run_id=scheduled__2025-09-05T03:11:00+00:00, execution_date=20250905T031100, start_date=20250905T031201, end_date=20250905T031203
[2025-09-05T03:12:03.650+0000] {local_task_job_runner.py:240} INFO - Task exited with return code 0
[2025-09-05T03:12:03.682+0000] {taskinstance.py:3498} INFO - 0 downstream tasks scheduled from follow-on schedule check
[2025-09-05T03:12:03.685+0000] {local_task_job_runner.py:222} INFO - ::endgroup::
