[2025-08-18T15:33:35.270+0000] {local_task_job_runner.py:120} INFO - ::group::Pre task execution logs
[2025-08-18T15:33:35.297+0000] {taskinstance.py:2076} INFO - Dependencies all met for dep_context=non-requeueable deps ti=<TaskInstance: crypto_collector_dag.run_crypto_collector scheduled__2025-08-18T15:32:00+00:00 [queued]>
[2025-08-18T15:33:35.306+0000] {taskinstance.py:2076} INFO - Dependencies all met for dep_context=requeueable deps ti=<TaskInstance: crypto_collector_dag.run_crypto_collector scheduled__2025-08-18T15:32:00+00:00 [queued]>
[2025-08-18T15:33:35.306+0000] {taskinstance.py:2306} INFO - Starting attempt 1 of 2
[2025-08-18T15:33:35.319+0000] {taskinstance.py:2330} INFO - Executing <Task(BashOperator): run_crypto_collector> on 2025-08-18 15:32:00+00:00
[2025-08-18T15:33:35.326+0000] {standard_task_runner.py:63} INFO - Started process 186082 to run task
[2025-08-18T15:33:35.329+0000] {standard_task_runner.py:90} INFO - Running: ['***', 'tasks', 'run', 'crypto_collector_dag', 'run_crypto_collector', 'scheduled__2025-08-18T15:32:00+00:00', '--job-id', '9652', '--raw', '--subdir', 'DAGS_FOLDER/crawl_crypto/dags_crypto.py', '--cfg-path', '/tmp/tmps6feh0za']
[2025-08-18T15:33:35.331+0000] {standard_task_runner.py:91} INFO - Job 9652: Subtask run_crypto_collector
[2025-08-18T15:33:35.386+0000] {task_command.py:426} INFO - Running <TaskInstance: crypto_collector_dag.run_crypto_collector scheduled__2025-08-18T15:32:00+00:00 [running]> on host 1877907bc043
[2025-08-18T15:33:35.488+0000] {taskinstance.py:2648} INFO - Exporting env vars: AIRFLOW_CTX_DAG_OWNER='***' AIRFLOW_CTX_DAG_ID='crypto_collector_dag' AIRFLOW_CTX_TASK_ID='run_crypto_collector' AIRFLOW_CTX_EXECUTION_DATE='2025-08-18T15:32:00+00:00' AIRFLOW_CTX_TRY_NUMBER='1' AIRFLOW_CTX_DAG_RUN_ID='scheduled__2025-08-18T15:32:00+00:00'
[2025-08-18T15:33:35.489+0000] {taskinstance.py:430} INFO - ::endgroup::
[2025-08-18T15:33:35.502+0000] {subprocess.py:63} INFO - Tmp dir root location: /tmp
[2025-08-18T15:33:35.503+0000] {subprocess.py:75} INFO - Running command: ['/usr/bin/bash', '-c', 'python3 /opt/***/dags/crawl_crypto/crawl_data_crypto.py']
[2025-08-18T15:33:35.515+0000] {subprocess.py:86} INFO - Output:
[2025-08-18T15:34:17.552+0000] {subprocess.py:93} INFO - 🔹 Kết nối DB...
[2025-08-18T15:34:17.552+0000] {subprocess.py:93} INFO - 🔹 Lấy top 100 crypto...
[2025-08-18T15:34:17.553+0000] {subprocess.py:93} INFO - Top 100: ['ETHUSDT', 'USDCUSDT', 'BTCUSDT', 'SOLUSDT', 'FDUSDUSDT', 'XRPUSDT', 'DOGEUSDT', 'LINKUSDT', 'ADAUSDT', 'SUIUSDT', 'PROVEUSDT', 'BNBUSDT', 'TRXUSDT', 'ARBUSDT', 'ENAUSDT', 'PEPEUSDT', 'AVAXUSDT', 'BIOUSDT', 'UNIUSDT', 'TOWNSUSDT', 'LTCUSDT', 'PENGUUSDT', 'SEIUSDT', 'HBARUSDT', 'AEURUSDT', 'TRUMPUSDT', 'SKLUSDT', 'DOTUSDT', 'POLUSDT', 'AAVEUSDT', 'NEARUSDT', 'BONKUSDT', 'CRVUSDT', 'BFUSDUSDT', 'WIFUSDT', 'WLDUSDT', 'INJUSDT', 'VIRTUALUSDT', 'XLMUSDT', 'LDOUSDT', 'APTUSDT', 'SUSDT', 'TAOUSDT', 'TONUSDT', 'FETUSDT', 'OPUSDT', 'ONDOUSDT', 'API3USDT', 'FLOKIUSDT', 'PENDLEUSDT', 'PONDUSDT', 'ALPINEUSDT', 'ETHFIUSDT', 'EPICUSDT', 'TIAUSDT', 'NEIROUSDT', 'RAYUSDT', 'PLUMEUSDT', 'PNUTUSDT', 'BCHUSDT', 'EURUSDT', 'SHIBUSDT', 'FILUSDT', 'ETCUSDT', 'CYBERUSDT', 'ALGOUSDT', 'MEMEUSDT', 'EIGENUSDT', 'GALAUSDT', 'MAGICUSDT', 'CTSIUSDT', 'XUSDUSDT', 'RENDERUSDT', 'SPKUSDT', 'ICPUSDT', 'CAKEUSDT', 'VETUSDT', 'TSTUSDT', 'JUVUSDT', 'CFXUSDT', 'ORDIUSDT', 'RUNEUSDT', 'ASRUSDT', 'OGUSDT', 'MAVUSDT', 'ARKMUSDT', 'ATOMUSDT', 'BERAUSDT', 'MDTUSDT', 'PAXGUSDT', 'OMUSDT', 'ENSUSDT', 'AIXBTUSDT', 'MKRUSDT', 'SYRUPUSDT', 'WBTCUSDT', 'FUNUSDT', 'ZKUSDT', 'JUPUSDT', 'PORTOUSDT']
[2025-08-18T15:34:17.553+0000] {subprocess.py:93} INFO - 🔹 Lưu lịch sử giá vào DB bằng threading...
[2025-08-18T15:34:17.553+0000] {subprocess.py:93} INFO - ✅ BTCUSDT: thêm 2 dòng mới
[2025-08-18T15:34:17.553+0000] {subprocess.py:93} INFO - 1/100 BTCUSDT lưu OK
[2025-08-18T15:34:17.554+0000] {subprocess.py:93} INFO - ✅ USDCUSDT: thêm 2 dòng mới
[2025-08-18T15:34:17.554+0000] {subprocess.py:93} INFO - 2/100 USDCUSDT lưu OK
[2025-08-18T15:34:17.554+0000] {subprocess.py:93} INFO - ✅ SUIUSDT: thêm 2 dòng mới
[2025-08-18T15:34:17.554+0000] {subprocess.py:93} INFO - 3/100 SUIUSDT lưu OK
[2025-08-18T15:34:17.555+0000] {subprocess.py:93} INFO - ✅ ADAUSDT: thêm 2 dòng mới
[2025-08-18T15:34:17.555+0000] {subprocess.py:93} INFO - 4/100 ADAUSDT lưu OK
[2025-08-18T15:34:17.555+0000] {subprocess.py:93} INFO - ✅ LINKUSDT: thêm 2 dòng mới
[2025-08-18T15:34:17.555+0000] {subprocess.py:93} INFO - 5/100 LINKUSDT lưu OK
[2025-08-18T15:34:17.556+0000] {subprocess.py:93} INFO - ✅ FDUSDUSDT: thêm 2 dòng mới
[2025-08-18T15:34:17.556+0000] {subprocess.py:93} INFO - 6/100 FDUSDUSDT lưu OK
[2025-08-18T15:34:17.556+0000] {subprocess.py:93} INFO - ✅ ETHUSDT: thêm 2 dòng mới
[2025-08-18T15:34:17.556+0000] {subprocess.py:93} INFO - 7/100 ETHUSDT lưu OK
[2025-08-18T15:34:17.556+0000] {subprocess.py:93} INFO - ✅ SOLUSDT: thêm 2 dòng mới
[2025-08-18T15:34:17.557+0000] {subprocess.py:93} INFO - 8/100 SOLUSDT lưu OK
[2025-08-18T15:34:17.557+0000] {subprocess.py:93} INFO - ✅ XRPUSDT: thêm 2 dòng mới
[2025-08-18T15:34:17.557+0000] {subprocess.py:93} INFO - ✅ DOGEUSDT: thêm 2 dòng mới
[2025-08-18T15:34:17.557+0000] {subprocess.py:93} INFO - 9/100 XRPUSDT lưu OK
[2025-08-18T15:34:17.558+0000] {subprocess.py:93} INFO - 10/100 DOGEUSDT lưu OK
[2025-08-18T15:34:17.558+0000] {subprocess.py:93} INFO - ✅ PROVEUSDT: thêm 2 dòng mới
[2025-08-18T15:34:17.558+0000] {subprocess.py:93} INFO - 11/100 PROVEUSDT lưu OK
[2025-08-18T15:34:17.558+0000] {subprocess.py:93} INFO - ✅ BNBUSDT: thêm 2 dòng mới
[2025-08-18T15:34:17.558+0000] {subprocess.py:93} INFO - 12/100 BNBUSDT lưu OK
[2025-08-18T15:34:17.559+0000] {subprocess.py:93} INFO - ✅ PEPEUSDT: thêm 2 dòng mới
[2025-08-18T15:34:17.559+0000] {subprocess.py:93} INFO - 13/100 PEPEUSDT lưu OK
[2025-08-18T15:34:17.559+0000] {subprocess.py:93} INFO - ✅ TRXUSDT: thêm 2 dòng mới
[2025-08-18T15:34:17.559+0000] {subprocess.py:93} INFO - ✅ ENAUSDT: thêm 2 dòng mới
[2025-08-18T15:34:17.560+0000] {subprocess.py:93} INFO - 14/100 TRXUSDT lưu OK
[2025-08-18T15:34:17.560+0000] {subprocess.py:93} INFO - 15/100 ENAUSDT lưu OK
[2025-08-18T15:34:17.560+0000] {subprocess.py:93} INFO - ✅ ARBUSDT: thêm 2 dòng mới
[2025-08-18T15:34:17.560+0000] {subprocess.py:93} INFO - 16/100 ARBUSDT lưu OK
[2025-08-18T15:34:17.560+0000] {subprocess.py:93} INFO - ✅ UNIUSDT: thêm 2 dòng mới
[2025-08-18T15:34:17.561+0000] {subprocess.py:93} INFO - 17/100 UNIUSDT lưu OK
[2025-08-18T15:34:17.561+0000] {subprocess.py:93} INFO - 18/100 BIOUSDT lỗi: relation "cryptocurrency.biousdt" does not exist
[2025-08-18T15:34:17.561+0000] {subprocess.py:93} INFO - LINE 1: SELECT MAX(time) FROM cryptocurrency.biousdt;
[2025-08-18T15:34:17.561+0000] {subprocess.py:93} INFO -                               ^
[2025-08-18T15:34:17.561+0000] {subprocess.py:93} INFO - 
[2025-08-18T15:34:17.562+0000] {subprocess.py:93} INFO - ✅ TOWNSUSDT: thêm 2 dòng mới
[2025-08-18T15:34:17.562+0000] {subprocess.py:93} INFO - 19/100 TOWNSUSDT lưu OK
[2025-08-18T15:34:17.562+0000] {subprocess.py:93} INFO - ✅ AVAXUSDT: thêm 2 dòng mới
[2025-08-18T15:34:17.562+0000] {subprocess.py:93} INFO - 20/100 AVAXUSDT lưu OK
[2025-08-18T15:34:17.563+0000] {subprocess.py:93} INFO - ✅ LTCUSDT: thêm 2 dòng mới
[2025-08-18T15:34:17.563+0000] {subprocess.py:93} INFO - 21/100 LTCUSDT lưu OK
[2025-08-18T15:34:17.563+0000] {subprocess.py:93} INFO - ✅ DOTUSDT: thêm 2 dòng mới
[2025-08-18T15:34:17.563+0000] {subprocess.py:93} INFO - 22/100 DOTUSDT lưu OK
[2025-08-18T15:34:17.563+0000] {subprocess.py:93} INFO - ✅ PENGUUSDT: thêm 2 dòng mới
[2025-08-18T15:34:17.564+0000] {subprocess.py:93} INFO - 23/100 PENGUUSDT lưu OK
[2025-08-18T15:34:17.564+0000] {subprocess.py:93} INFO - ✅ HBARUSDT: thêm 2 dòng mới
[2025-08-18T15:34:17.564+0000] {subprocess.py:93} INFO - 24/100 HBARUSDT lưu OK
[2025-08-18T15:34:17.564+0000] {subprocess.py:93} INFO - 25/100 AEURUSDT lỗi: relation "cryptocurrency.aeurusdt" does not exist
[2025-08-18T15:34:17.565+0000] {subprocess.py:93} INFO - LINE 1: SELECT MAX(time) FROM cryptocurrency.aeurusdt;
[2025-08-18T15:34:17.565+0000] {subprocess.py:93} INFO -                               ^
[2025-08-18T15:34:17.565+0000] {subprocess.py:93} INFO - 
[2025-08-18T15:34:17.565+0000] {subprocess.py:93} INFO - ✅ SEIUSDT: thêm 2 dòng mới
[2025-08-18T15:34:17.565+0000] {subprocess.py:93} INFO - 26/100 SEIUSDT lưu OK
[2025-08-18T15:34:17.566+0000] {subprocess.py:93} INFO - ✅ SKLUSDT: thêm 2 dòng mới
[2025-08-18T15:34:17.566+0000] {subprocess.py:93} INFO - 27/100 SKLUSDT lưu OK
[2025-08-18T15:34:17.566+0000] {subprocess.py:93} INFO - ✅ POLUSDT: thêm 2 dòng mới
[2025-08-18T15:34:17.566+0000] {subprocess.py:93} INFO - 28/100 POLUSDT lưu OK
[2025-08-18T15:34:17.566+0000] {subprocess.py:93} INFO - ✅ AAVEUSDT: thêm 2 dòng mới
[2025-08-18T15:34:17.567+0000] {subprocess.py:93} INFO - 29/100 AAVEUSDT lưu OK
[2025-08-18T15:34:17.567+0000] {subprocess.py:93} INFO - ✅ TRUMPUSDT: thêm 2 dòng mới
[2025-08-18T15:34:17.567+0000] {subprocess.py:93} INFO - 30/100 TRUMPUSDT lưu OK
[2025-08-18T15:34:17.567+0000] {subprocess.py:93} INFO - ✅ NEARUSDT: thêm 2 dòng mới
[2025-08-18T15:34:17.568+0000] {subprocess.py:93} INFO - 31/100 NEARUSDT lưu OK
[2025-08-18T15:34:17.568+0000] {subprocess.py:93} INFO - ✅ BONKUSDT: thêm 2 dòng mới
[2025-08-18T15:34:17.568+0000] {subprocess.py:93} INFO - 32/100 BONKUSDT lưu OK
[2025-08-18T15:34:17.568+0000] {subprocess.py:93} INFO - ✅ CRVUSDT: thêm 4 dòng mới
[2025-08-18T15:34:17.568+0000] {subprocess.py:93} INFO - 33/100 CRVUSDT lưu OK
[2025-08-18T15:34:17.569+0000] {subprocess.py:93} INFO - ✅ BFUSDUSDT: thêm 2 dòng mới
[2025-08-18T15:34:17.569+0000] {subprocess.py:93} INFO - 34/100 BFUSDUSDT lưu OK
[2025-08-18T15:34:17.569+0000] {subprocess.py:93} INFO - ✅ WIFUSDT: thêm 4 dòng mới
[2025-08-18T15:34:17.569+0000] {subprocess.py:93} INFO - 35/100 WIFUSDT lưu OK
[2025-08-18T15:34:17.570+0000] {subprocess.py:93} INFO - ✅ WLDUSDT: thêm 4 dòng mới
[2025-08-18T15:34:17.570+0000] {subprocess.py:93} INFO - 36/100 WLDUSDT lưu OK
[2025-08-18T15:34:17.570+0000] {subprocess.py:93} INFO - ✅ TONUSDT: thêm 2 dòng mới
[2025-08-18T15:34:17.570+0000] {subprocess.py:93} INFO - 37/100 TONUSDT lưu OK
[2025-08-18T15:34:17.570+0000] {subprocess.py:93} INFO - ✅ OPUSDT: thêm 2 dòng mới
[2025-08-18T15:34:17.571+0000] {subprocess.py:93} INFO - 38/100 OPUSDT lưu OK
[2025-08-18T15:34:17.571+0000] {subprocess.py:93} INFO - ✅ ONDOUSDT: thêm 2 dòng mới
[2025-08-18T15:34:17.571+0000] {subprocess.py:93} INFO - 39/100 ONDOUSDT lưu OK
[2025-08-18T15:34:17.571+0000] {subprocess.py:93} INFO - ✅ API3USDT: thêm 2 dòng mới
[2025-08-18T15:34:17.571+0000] {subprocess.py:93} INFO - 40/100 API3USDT lưu OK
[2025-08-18T15:34:17.572+0000] {subprocess.py:93} INFO - ✅ FLOKIUSDT: thêm 2 dòng mới
[2025-08-18T15:34:17.572+0000] {subprocess.py:93} INFO - 41/100 FLOKIUSDT lưu OK
[2025-08-18T15:34:17.572+0000] {subprocess.py:93} INFO - ✅ PENDLEUSDT: thêm 2 dòng mới
[2025-08-18T15:34:17.572+0000] {subprocess.py:93} INFO - 42/100 PENDLEUSDT lưu OK
[2025-08-18T15:34:17.573+0000] {subprocess.py:93} INFO - 43/100 PONDUSDT lỗi: relation "cryptocurrency.pondusdt" does not exist
[2025-08-18T15:34:17.573+0000] {subprocess.py:93} INFO - LINE 1: SELECT MAX(time) FROM cryptocurrency.pondusdt;
[2025-08-18T15:34:17.573+0000] {subprocess.py:93} INFO -                               ^
[2025-08-18T15:34:17.573+0000] {subprocess.py:93} INFO - 
[2025-08-18T15:34:17.573+0000] {subprocess.py:93} INFO - ✅ ALPINEUSDT: thêm 2 dòng mới
[2025-08-18T15:34:17.574+0000] {subprocess.py:93} INFO - 44/100 ALPINEUSDT lưu OK
[2025-08-18T15:34:17.574+0000] {subprocess.py:93} INFO - ✅ ETHFIUSDT: thêm 2 dòng mới
[2025-08-18T15:34:17.574+0000] {subprocess.py:93} INFO - 45/100 ETHFIUSDT lưu OK
[2025-08-18T15:34:17.574+0000] {subprocess.py:93} INFO - ✅ FETUSDT: thêm 2 dòng mới
[2025-08-18T15:34:17.575+0000] {subprocess.py:93} INFO - 46/100 FETUSDT lưu OK
[2025-08-18T15:34:17.575+0000] {subprocess.py:93} INFO - ✅ EPICUSDT: thêm 2 dòng mới
[2025-08-18T15:34:17.575+0000] {subprocess.py:93} INFO - 47/100 EPICUSDT lưu OK
[2025-08-18T15:34:17.575+0000] {subprocess.py:93} INFO - ✅ TIAUSDT: thêm 2 dòng mới
[2025-08-18T15:34:17.575+0000] {subprocess.py:93} INFO - 48/100 TIAUSDT lưu OK
[2025-08-18T15:34:17.576+0000] {subprocess.py:93} INFO - ✅ RAYUSDT: thêm 2 dòng mới
[2025-08-18T15:34:17.576+0000] {subprocess.py:93} INFO - 49/100 RAYUSDT lưu OK
[2025-08-18T15:34:17.576+0000] {subprocess.py:93} INFO - 50/100 PLUMEUSDT lỗi: relation "cryptocurrency.plumeusdt" does not exist
[2025-08-18T15:34:17.576+0000] {subprocess.py:93} INFO - LINE 1: SELECT MAX(time) FROM cryptocurrency.plumeusdt;
[2025-08-18T15:34:17.576+0000] {subprocess.py:93} INFO -                               ^
[2025-08-18T15:34:17.577+0000] {subprocess.py:93} INFO - 
[2025-08-18T15:34:17.577+0000] {subprocess.py:93} INFO - ✅ PNUTUSDT: thêm 2 dòng mới
[2025-08-18T15:34:17.577+0000] {subprocess.py:93} INFO - 51/100 PNUTUSDT lưu OK
[2025-08-18T15:34:17.577+0000] {subprocess.py:93} INFO - ✅ BCHUSDT: thêm 2 dòng mới
[2025-08-18T15:34:17.577+0000] {subprocess.py:93} INFO - 52/100 BCHUSDT lưu OK
[2025-08-18T15:34:17.578+0000] {subprocess.py:93} INFO - ✅ EURUSDT: thêm 2 dòng mới
[2025-08-18T15:34:17.578+0000] {subprocess.py:93} INFO - 53/100 EURUSDT lưu OK
[2025-08-18T15:34:17.578+0000] {subprocess.py:93} INFO - ✅ LDOUSDT: thêm 2 dòng mới
[2025-08-18T15:34:17.578+0000] {subprocess.py:93} INFO - 54/100 LDOUSDT lưu OK
[2025-08-18T15:34:17.579+0000] {subprocess.py:93} INFO - ✅ SHIBUSDT: thêm 2 dòng mới
[2025-08-18T15:34:17.579+0000] {subprocess.py:93} INFO - 55/100 SHIBUSDT lưu OK
[2025-08-18T15:34:17.579+0000] {subprocess.py:93} INFO - ✅ FILUSDT: thêm 2 dòng mới
[2025-08-18T15:34:17.579+0000] {subprocess.py:93} INFO - 56/100 FILUSDT lưu OK
[2025-08-18T15:34:17.579+0000] {subprocess.py:93} INFO - ✅ NEIROUSDT: thêm 2 dòng mới
[2025-08-18T15:34:17.580+0000] {subprocess.py:93} INFO - 57/100 NEIROUSDT lưu OK
[2025-08-18T15:34:17.580+0000] {subprocess.py:93} INFO - ✅ ALGOUSDT: thêm 2 dòng mới
[2025-08-18T15:34:17.580+0000] {subprocess.py:93} INFO - 58/100 ALGOUSDT lưu OK
[2025-08-18T15:34:17.580+0000] {subprocess.py:93} INFO - 59/100 CYBERUSDT lỗi: relation "cryptocurrency.cyberusdt" does not exist
[2025-08-18T15:34:17.580+0000] {subprocess.py:93} INFO - LINE 1: SELECT MAX(time) FROM cryptocurrency.cyberusdt;
[2025-08-18T15:34:17.581+0000] {subprocess.py:93} INFO -                               ^
[2025-08-18T15:34:17.581+0000] {subprocess.py:93} INFO - 
[2025-08-18T15:34:17.581+0000] {subprocess.py:93} INFO - 60/100 MEMEUSDT lỗi: relation "cryptocurrency.memeusdt" does not exist
[2025-08-18T15:34:17.581+0000] {subprocess.py:93} INFO - LINE 1: SELECT MAX(time) FROM cryptocurrency.memeusdt;
[2025-08-18T15:34:17.581+0000] {subprocess.py:93} INFO -                               ^
[2025-08-18T15:34:17.582+0000] {subprocess.py:93} INFO - 
[2025-08-18T15:34:17.582+0000] {subprocess.py:93} INFO - ✅ EIGENUSDT: thêm 2 dòng mới
[2025-08-18T15:34:17.582+0000] {subprocess.py:93} INFO - 61/100 EIGENUSDT lưu OK
[2025-08-18T15:34:17.582+0000] {subprocess.py:93} INFO - ✅ GALAUSDT: thêm 2 dòng mới
[2025-08-18T15:34:17.583+0000] {subprocess.py:93} INFO - 62/100 GALAUSDT lưu OK
[2025-08-18T15:34:17.583+0000] {subprocess.py:93} INFO - ✅ MAGICUSDT: thêm 2 dòng mới
[2025-08-18T15:34:17.583+0000] {subprocess.py:93} INFO - 63/100 MAGICUSDT lưu OK
[2025-08-18T15:34:17.583+0000] {subprocess.py:93} INFO - ✅ CTSIUSDT: thêm 2 dòng mới
[2025-08-18T15:34:17.584+0000] {subprocess.py:93} INFO - 64/100 CTSIUSDT lưu OK
[2025-08-18T15:34:17.584+0000] {subprocess.py:93} INFO - ✅ XUSDUSDT: thêm 2 dòng mới
[2025-08-18T15:34:17.584+0000] {subprocess.py:93} INFO - 65/100 XUSDUSDT lưu OK
[2025-08-18T15:34:17.585+0000] {subprocess.py:93} INFO - ✅ RENDERUSDT: thêm 2 dòng mới
[2025-08-18T15:34:17.585+0000] {subprocess.py:93} INFO - 66/100 RENDERUSDT lưu OK
[2025-08-18T15:34:17.585+0000] {subprocess.py:93} INFO - ✅ SPKUSDT: thêm 2 dòng mới
[2025-08-18T15:34:17.586+0000] {subprocess.py:93} INFO - 67/100 SPKUSDT lưu OK
[2025-08-18T15:34:17.586+0000] {subprocess.py:93} INFO - ✅ ICPUSDT: thêm 2 dòng mới
[2025-08-18T15:34:17.586+0000] {subprocess.py:93} INFO - 68/100 ICPUSDT lưu OK
[2025-08-18T15:34:17.586+0000] {subprocess.py:93} INFO - ✅ CAKEUSDT: thêm 2 dòng mới
[2025-08-18T15:34:17.587+0000] {subprocess.py:93} INFO - 69/100 CAKEUSDT lưu OK
[2025-08-18T15:34:17.587+0000] {subprocess.py:93} INFO - 70/100 VETUSDT lỗi: relation "cryptocurrency.vetusdt" does not exist
[2025-08-18T15:34:17.587+0000] {subprocess.py:93} INFO - LINE 1: SELECT MAX(time) FROM cryptocurrency.vetusdt;
[2025-08-18T15:34:17.587+0000] {subprocess.py:93} INFO -                               ^
[2025-08-18T15:34:17.587+0000] {subprocess.py:93} INFO - 
[2025-08-18T15:34:17.588+0000] {subprocess.py:93} INFO - ✅ TSTUSDT: thêm 2 dòng mới
[2025-08-18T15:34:17.588+0000] {subprocess.py:93} INFO - 71/100 TSTUSDT lưu OK
[2025-08-18T15:34:17.588+0000] {subprocess.py:93} INFO - ✅ JUVUSDT: thêm 2 dòng mới
[2025-08-18T15:34:17.588+0000] {subprocess.py:93} INFO - 72/100 JUVUSDT lưu OK
[2025-08-18T15:34:17.588+0000] {subprocess.py:93} INFO - ✅ CFXUSDT: thêm 2 dòng mới
[2025-08-18T15:34:17.589+0000] {subprocess.py:93} INFO - 73/100 CFXUSDT lưu OK
[2025-08-18T15:34:17.589+0000] {subprocess.py:93} INFO - ✅ ORDIUSDT: thêm 2 dòng mới
[2025-08-18T15:34:17.589+0000] {subprocess.py:93} INFO - 74/100 ORDIUSDT lưu OK
[2025-08-18T15:34:17.589+0000] {subprocess.py:93} INFO - 75/100 RUNEUSDT lỗi: relation "cryptocurrency.runeusdt" does not exist
[2025-08-18T15:34:17.590+0000] {subprocess.py:93} INFO - LINE 1: SELECT MAX(time) FROM cryptocurrency.runeusdt;
[2025-08-18T15:34:17.590+0000] {subprocess.py:93} INFO -                               ^
[2025-08-18T15:34:17.590+0000] {subprocess.py:93} INFO - 
[2025-08-18T15:34:17.590+0000] {subprocess.py:93} INFO - ✅ ASRUSDT: thêm 2 dòng mới
[2025-08-18T15:34:17.590+0000] {subprocess.py:93} INFO - 76/100 ASRUSDT lưu OK
[2025-08-18T15:34:17.591+0000] {subprocess.py:93} INFO - ✅ OGUSDT: thêm 2 dòng mới
[2025-08-18T15:34:17.591+0000] {subprocess.py:93} INFO - 77/100 OGUSDT lưu OK
[2025-08-18T15:34:17.591+0000] {subprocess.py:93} INFO - ✅ MAVUSDT: thêm 2 dòng mới
[2025-08-18T15:34:17.591+0000] {subprocess.py:93} INFO - 78/100 MAVUSDT lưu OK
[2025-08-18T15:34:17.591+0000] {subprocess.py:93} INFO - ✅ ARKMUSDT: thêm 2 dòng mới
[2025-08-18T15:34:17.592+0000] {subprocess.py:93} INFO - 79/100 ARKMUSDT lưu OK
[2025-08-18T15:34:17.592+0000] {subprocess.py:93} INFO - 80/100 ATOMUSDT lỗi: relation "cryptocurrency.atomusdt" does not exist
[2025-08-18T15:34:17.592+0000] {subprocess.py:93} INFO - LINE 1: SELECT MAX(time) FROM cryptocurrency.atomusdt;
[2025-08-18T15:34:17.592+0000] {subprocess.py:93} INFO -                               ^
[2025-08-18T15:34:17.592+0000] {subprocess.py:93} INFO - 
[2025-08-18T15:34:17.593+0000] {subprocess.py:93} INFO - ✅ BERAUSDT: thêm 2 dòng mới
[2025-08-18T15:34:17.593+0000] {subprocess.py:93} INFO - 81/100 BERAUSDT lưu OK
[2025-08-18T15:34:17.593+0000] {subprocess.py:93} INFO - ✅ MDTUSDT: thêm 3 dòng mới
[2025-08-18T15:34:17.593+0000] {subprocess.py:93} INFO - 82/100 MDTUSDT lưu OK
[2025-08-18T15:34:17.594+0000] {subprocess.py:93} INFO - 83/100 PAXGUSDT lỗi: relation "cryptocurrency.paxgusdt" does not exist
[2025-08-18T15:34:17.594+0000] {subprocess.py:93} INFO - LINE 1: SELECT MAX(time) FROM cryptocurrency.paxgusdt;
[2025-08-18T15:34:17.594+0000] {subprocess.py:93} INFO -                               ^
[2025-08-18T15:34:17.594+0000] {subprocess.py:93} INFO - 
[2025-08-18T15:34:17.594+0000] {subprocess.py:93} INFO - ✅ OMUSDT: thêm 2 dòng mới
[2025-08-18T15:34:17.595+0000] {subprocess.py:93} INFO - 84/100 OMUSDT lưu OK
[2025-08-18T15:34:17.595+0000] {subprocess.py:93} INFO - ✅ ENSUSDT: thêm 2 dòng mới
[2025-08-18T15:34:17.595+0000] {subprocess.py:93} INFO - 85/100 ENSUSDT lưu OK
[2025-08-18T15:34:17.595+0000] {subprocess.py:93} INFO - 86/100 AIXBTUSDT lỗi: relation "cryptocurrency.aixbtusdt" does not exist
[2025-08-18T15:34:17.596+0000] {subprocess.py:93} INFO - LINE 1: SELECT MAX(time) FROM cryptocurrency.aixbtusdt;
[2025-08-18T15:34:17.596+0000] {subprocess.py:93} INFO -                               ^
[2025-08-18T15:34:17.596+0000] {subprocess.py:93} INFO - 
[2025-08-18T15:34:17.596+0000] {subprocess.py:93} INFO - 87/100 MKRUSDT lỗi: relation "cryptocurrency.mkrusdt" does not exist
[2025-08-18T15:34:17.596+0000] {subprocess.py:93} INFO - LINE 1: SELECT MAX(time) FROM cryptocurrency.mkrusdt;
[2025-08-18T15:34:17.597+0000] {subprocess.py:93} INFO -                               ^
[2025-08-18T15:34:17.597+0000] {subprocess.py:93} INFO - 
[2025-08-18T15:34:17.597+0000] {subprocess.py:93} INFO - ✅ SYRUPUSDT: thêm 3 dòng mới
[2025-08-18T15:34:17.597+0000] {subprocess.py:93} INFO - 88/100 SYRUPUSDT lưu OK
[2025-08-18T15:34:17.597+0000] {subprocess.py:93} INFO - ✅ ETCUSDT: thêm 3 dòng mới
[2025-08-18T15:34:17.598+0000] {subprocess.py:93} INFO - 89/100 ETCUSDT lưu OK
[2025-08-18T15:34:17.598+0000] {subprocess.py:93} INFO - 90/100 FUNUSDT lỗi: relation "cryptocurrency.funusdt" does not exist
[2025-08-18T15:34:17.598+0000] {subprocess.py:93} INFO - LINE 1: SELECT MAX(time) FROM cryptocurrency.funusdt;
[2025-08-18T15:34:17.598+0000] {subprocess.py:93} INFO -                               ^
[2025-08-18T15:34:17.599+0000] {subprocess.py:93} INFO - 
[2025-08-18T15:34:17.599+0000] {subprocess.py:93} INFO - ✅ PORTOUSDT: thêm 3 dòng mới
[2025-08-18T15:34:17.599+0000] {subprocess.py:93} INFO - 91/100 PORTOUSDT lưu OK
[2025-08-18T15:34:17.599+0000] {subprocess.py:93} INFO - 92/100 JUPUSDT lỗi: relation "cryptocurrency.jupusdt" does not exist
[2025-08-18T15:34:17.599+0000] {subprocess.py:93} INFO - LINE 1: SELECT MAX(time) FROM cryptocurrency.jupusdt;
[2025-08-18T15:34:17.600+0000] {subprocess.py:93} INFO -                               ^
[2025-08-18T15:34:17.600+0000] {subprocess.py:93} INFO - 
[2025-08-18T15:34:17.600+0000] {subprocess.py:93} INFO - 93/100 WBTCUSDT lỗi: relation "cryptocurrency.wbtcusdt" does not exist
[2025-08-18T15:34:17.600+0000] {subprocess.py:93} INFO - LINE 1: SELECT MAX(time) FROM cryptocurrency.wbtcusdt;
[2025-08-18T15:34:17.600+0000] {subprocess.py:93} INFO -                               ^
[2025-08-18T15:34:17.601+0000] {subprocess.py:93} INFO - 
[2025-08-18T15:35:49.177+0000] {subprocess.py:93} INFO - 94/100 ZKUSDT lỗi: relation "cryptocurrency.zkusdt" does not exist
[2025-08-18T15:35:49.178+0000] {subprocess.py:93} INFO - LINE 1: SELECT MAX(time) FROM cryptocurrency.zkusdt;
[2025-08-18T15:35:49.178+0000] {subprocess.py:93} INFO -                               ^
[2025-08-18T15:35:49.178+0000] {subprocess.py:93} INFO - 
[2025-08-18T15:35:49.178+0000] {subprocess.py:93} INFO - ✅ TAOUSDT: thêm 2 dòng mới
[2025-08-18T15:35:49.179+0000] {subprocess.py:93} INFO - 95/100 TAOUSDT lưu OK
[2025-08-18T15:35:49.179+0000] {subprocess.py:93} INFO - 96/100 VIRTUALUSDT lỗi: connection to server at "videv.cloud" (27.74.74.29), port 5432 failed: Connection timed out
[2025-08-18T15:35:49.179+0000] {subprocess.py:93} INFO - 	Is the server running on that host and accepting TCP/IP connections?
[2025-08-18T15:35:49.179+0000] {subprocess.py:93} INFO - 
[2025-08-18T15:35:49.180+0000] {subprocess.py:93} INFO - 97/100 APTUSDT lỗi: connection to server at "videv.cloud" (27.74.74.29), port 5432 failed: Connection timed out
[2025-08-18T15:35:49.180+0000] {subprocess.py:93} INFO - 	Is the server running on that host and accepting TCP/IP connections?
[2025-08-18T15:35:49.180+0000] {subprocess.py:93} INFO - 
[2025-08-18T15:35:49.181+0000] {subprocess.py:93} INFO - 98/100 SUSDT lỗi: connection to server at "videv.cloud" (27.74.74.29), port 5432 failed: Connection timed out
[2025-08-18T15:35:49.181+0000] {subprocess.py:93} INFO - 	Is the server running on that host and accepting TCP/IP connections?
[2025-08-18T15:35:49.181+0000] {subprocess.py:93} INFO - 
[2025-08-18T15:35:49.181+0000] {subprocess.py:93} INFO - 99/100 INJUSDT lỗi: connection to server at "videv.cloud" (27.74.74.29), port 5432 failed: Connection timed out
[2025-08-18T15:35:49.182+0000] {subprocess.py:93} INFO - 	Is the server running on that host and accepting TCP/IP connections?
[2025-08-18T15:35:49.182+0000] {subprocess.py:93} INFO - 
[2025-08-18T15:35:49.182+0000] {subprocess.py:93} INFO - 100/100 XLMUSDT lỗi: connection to server at "videv.cloud" (27.74.74.29), port 5432 failed: Connection timed out
[2025-08-18T15:35:49.182+0000] {subprocess.py:93} INFO - 	Is the server running on that host and accepting TCP/IP connections?
[2025-08-18T15:35:49.183+0000] {subprocess.py:93} INFO - 
[2025-08-18T15:35:49.293+0000] {subprocess.py:97} INFO - Command exited with return code 0
[2025-08-18T15:35:49.294+0000] {taskinstance.py:441} INFO - ::group::Post task execution logs
[2025-08-18T15:35:49.326+0000] {taskinstance.py:1206} INFO - Marking task as SUCCESS. dag_id=crypto_collector_dag, task_id=run_crypto_collector, run_id=scheduled__2025-08-18T15:32:00+00:00, execution_date=20250818T153200, start_date=20250818T153335, end_date=20250818T153549
[2025-08-18T15:35:49.359+0000] {local_task_job_runner.py:240} INFO - Task exited with return code 0
[2025-08-18T15:35:49.385+0000] {taskinstance.py:3498} INFO - 0 downstream tasks scheduled from follow-on schedule check
[2025-08-18T15:35:49.386+0000] {local_task_job_runner.py:222} INFO - ::endgroup::
