[2025-09-08T04:50:01.956+0000] {local_task_job_runner.py:120} INFO - ::group::Pre task execution logs
[2025-09-08T04:50:01.985+0000] {taskinstance.py:2076} INFO - Dependencies all met for dep_context=non-requeueable deps ti=<TaskInstance: liquidity.save_liquidity scheduled__2025-09-08T04:49:00+00:00 [queued]>
[2025-09-08T04:50:01.994+0000] {taskinstance.py:2076} INFO - Dependencies all met for dep_context=requeueable deps ti=<TaskInstance: liquidity.save_liquidity scheduled__2025-09-08T04:49:00+00:00 [queued]>
[2025-09-08T04:50:01.995+0000] {taskinstance.py:2306} INFO - Starting attempt 1 of 11
[2025-09-08T04:50:02.008+0000] {taskinstance.py:2330} INFO - Executing <Task(PythonOperator): save_liquidity> on 2025-09-08 04:49:00+00:00
[2025-09-08T04:50:02.017+0000] {standard_task_runner.py:63} INFO - Started process 317379 to run task
[2025-09-08T04:50:02.021+0000] {standard_task_runner.py:90} INFO - Running: ['***', 'tasks', 'run', 'liquidity', 'save_liquidity', 'scheduled__2025-09-08T04:49:00+00:00', '--job-id', '158305', '--raw', '--subdir', 'DAGS_FOLDER/dag_liquidity.py', '--cfg-path', '/tmp/tmpeouceuhd']
[2025-09-08T04:50:02.024+0000] {standard_task_runner.py:91} INFO - Job 158305: Subtask save_liquidity
[2025-09-08T04:50:02.079+0000] {task_command.py:426} INFO - Running <TaskInstance: liquidity.save_liquidity scheduled__2025-09-08T04:49:00+00:00 [running]> on host 8d9cea3aac78
[2025-09-08T04:50:02.385+0000] {taskinstance.py:2648} INFO - Exporting env vars: AIRFLOW_CTX_DAG_OWNER='***' AIRFLOW_CTX_DAG_ID='liquidity' AIRFLOW_CTX_TASK_ID='save_liquidity' AIRFLOW_CTX_EXECUTION_DATE='2025-09-08T04:49:00+00:00' AIRFLOW_CTX_TRY_NUMBER='1' AIRFLOW_CTX_DAG_RUN_ID='scheduled__2025-09-08T04:49:00+00:00'
[2025-09-08T04:50:02.386+0000] {taskinstance.py:430} INFO - ::endgroup::
[2025-09-08T04:50:02.825+0000] {liquidity.py:93} INFO - Đã lưu liquidity_ALL
[2025-09-08T04:50:03.318+0000] {liquidity.py:93} INFO - Đã lưu liquidity_HOSE
[2025-09-08T04:50:03.754+0000] {liquidity.py:93} INFO - Đã lưu liquidity_HNX
[2025-09-08T04:50:04.965+0000] {liquidity.py:93} INFO - Đã lưu liquidity_UPCOM
[2025-09-08T04:50:04.965+0000] {python.py:237} INFO - Done. Returned value was: None
[2025-09-08T04:50:04.966+0000] {taskinstance.py:441} INFO - ::group::Post task execution logs
[2025-09-08T04:50:04.982+0000] {taskinstance.py:1206} INFO - Marking task as SUCCESS. dag_id=liquidity, task_id=save_liquidity, run_id=scheduled__2025-09-08T04:49:00+00:00, execution_date=20250908T044900, start_date=20250908T045001, end_date=20250908T045004
[2025-09-08T04:50:05.040+0000] {local_task_job_runner.py:240} INFO - Task exited with return code 0
[2025-09-08T04:50:05.056+0000] {local_task_job_runner.py:222} INFO - ::endgroup::
