[2025-08-23T02:20:00.787+0000] {local_task_job_runner.py:120} INFO - ::group::Pre task execution logs
[2025-08-23T02:20:00.809+0000] {taskinstance.py:2076} INFO - Dependencies all met for dep_context=non-requeueable deps ti=<TaskInstance: crypto_collector_dag.run_crypto_collector scheduled__2025-08-23T02:19:00+00:00 [queued]>
[2025-08-23T02:20:00.816+0000] {taskinstance.py:2076} INFO - Dependencies all met for dep_context=requeueable deps ti=<TaskInstance: crypto_collector_dag.run_crypto_collector scheduled__2025-08-23T02:19:00+00:00 [queued]>
[2025-08-23T02:20:00.816+0000] {taskinstance.py:2306} INFO - Starting attempt 1 of 2
[2025-08-23T02:20:00.826+0000] {taskinstance.py:2330} INFO - Executing <Task(BashOperator): run_crypto_collector> on 2025-08-23 02:19:00+00:00
[2025-08-23T02:20:00.832+0000] {standard_task_runner.py:63} INFO - Started process 864914 to run task
[2025-08-23T02:20:00.837+0000] {standard_task_runner.py:90} INFO - Running: ['***', 'tasks', 'run', 'crypto_collector_dag', 'run_crypto_collector', 'scheduled__2025-08-23T02:19:00+00:00', '--job-id', '19488', '--raw', '--subdir', 'DAGS_FOLDER/crawl_crypto/dags_crypto.py', '--cfg-path', '/tmp/tmpe9_9qaeu']
[2025-08-23T02:20:00.839+0000] {standard_task_runner.py:91} INFO - Job 19488: Subtask run_crypto_collector
[2025-08-23T02:20:00.892+0000] {task_command.py:426} INFO - Running <TaskInstance: crypto_collector_dag.run_crypto_collector scheduled__2025-08-23T02:19:00+00:00 [running]> on host 1877907bc043
[2025-08-23T02:20:00.983+0000] {taskinstance.py:2648} INFO - Exporting env vars: AIRFLOW_CTX_DAG_OWNER='***' AIRFLOW_CTX_DAG_ID='crypto_collector_dag' AIRFLOW_CTX_TASK_ID='run_crypto_collector' AIRFLOW_CTX_EXECUTION_DATE='2025-08-23T02:19:00+00:00' AIRFLOW_CTX_TRY_NUMBER='1' AIRFLOW_CTX_DAG_RUN_ID='scheduled__2025-08-23T02:19:00+00:00'
[2025-08-23T02:20:00.984+0000] {taskinstance.py:430} INFO - ::endgroup::
[2025-08-23T02:20:00.997+0000] {subprocess.py:63} INFO - Tmp dir root location: /tmp
[2025-08-23T02:20:00.998+0000] {subprocess.py:75} INFO - Running command: ['/usr/bin/bash', '-c', 'python3 /opt/***/dags/crawl_crypto/crawl_data_crypto.py']
[2025-08-23T02:20:01.012+0000] {subprocess.py:86} INFO - Output:
[2025-08-23T02:20:07.006+0000] {subprocess.py:93} INFO - 🔹 Kết nối DB...
[2025-08-23T02:20:07.006+0000] {subprocess.py:93} INFO - 🔹 Lấy top 100 crypto...
[2025-08-23T02:20:07.006+0000] {subprocess.py:93} INFO - Top 100: ['ETHUSDT', 'USDCUSDT', 'BTCUSDT', 'SOLUSDT', 'FDUSDUSDT', 'XRPUSDT', 'DOGEUSDT', 'LINKUSDT', 'BNBUSDT', 'ADAUSDT', 'ENAUSDT', 'SUIUSDT', 'BIOUSDT', 'PEPEUSDT', 'TRXUSDT', 'ARBUSDT', 'UNIUSDT', 'AVAXUSDT', 'PENGUUSDT', 'AAVEUSDT', 'AEURUSDT', 'MEMEUSDT', 'LDOUSDT', 'TRUMPUSDT', 'ETCUSDT', 'LTCUSDT', 'SEIUSDT', 'HBARUSDT', 'WIFUSDT', 'BONKUSDT', 'ETHFIUSDT', 'DOTUSDT', 'XLMUSDT', 'NEARUSDT', 'SUSDT', 'WLDUSDT', 'PENDLEUSDT', 'SHIBUSDT', 'OPUSDT', 'CRVUSDT', 'BBUSDT', 'ONDOUSDT', 'BCHUSDT', 'EURUSDT', 'TAOUSDT', 'APTUSDT', 'VIRTUALUSDT', 'TONUSDT', 'FLOKIUSDT', 'SKLUSDT', 'FILUSDT', 'PLUMEUSDT', 'TIAUSDT', 'EIGENUSDT', 'BANDUSDT', 'PNUTUSDT', 'INJUSDT', 'FETUSDT', 'ENSUSDT', 'API3USDT', 'POLUSDT', 'GALAUSDT', 'CFXUSDT', 'NEIROUSDT', 'RAYUSDT', 'CAKEUSDT', 'TKOUSDT', 'BFUSDUSDT', 'VETUSDT', 'ATOMUSDT', 'CYBERUSDT', 'RUNEUSDT', 'ICPUSDT', 'ALGOUSDT', 'MKRUSDT', 'ASRUSDT', 'KERNELUSDT', 'QTUMUSDT', 'RENDERUSDT', 'XUSDUSDT', 'NEOUSDT', 'ORDIUSDT', 'OMNIUSDT', 'BOMEUSDT', 'PHAUSDT', 'JUPUSDT', 'SSVUSDT', 'UMAUSDT', 'PROVEUSDT', 'SPKUSDT', 'HUMAUSDT', 'OMUSDT', 'SYRUPUSDT', 'STRKUSDT', 'PEOPLEUSDT', 'WBETHUSDT', 'AIXBTUSDT', 'ACHUSDT', 'WBTCUSDT', 'ARKMUSDT']
[2025-08-23T02:20:07.007+0000] {subprocess.py:93} INFO - 🔹 Lưu lịch sử giá vào DB bằng threading...
[2025-08-23T02:20:07.007+0000] {subprocess.py:93} INFO - ✅ USDCUSDT: thêm 1 dòng mới
[2025-08-23T02:20:07.007+0000] {subprocess.py:93} INFO - 1/100 USDCUSDT lưu OK
[2025-08-23T02:20:07.007+0000] {subprocess.py:93} INFO - ✅ ETHUSDT: thêm 1 dòng mới
[2025-08-23T02:20:07.008+0000] {subprocess.py:93} INFO - 2/100 ETHUSDT lưu OK
[2025-08-23T02:20:07.008+0000] {subprocess.py:93} INFO - ✅ SOLUSDT: thêm 1 dòng mới
[2025-08-23T02:20:07.008+0000] {subprocess.py:93} INFO - ✅ BTCUSDT: thêm 1 dòng mới
[2025-08-23T02:20:07.008+0000] {subprocess.py:93} INFO - 3/100 SOLUSDT lưu OK
[2025-08-23T02:20:07.009+0000] {subprocess.py:93} INFO - 4/100 BTCUSDT lưu OK
[2025-08-23T02:20:07.009+0000] {subprocess.py:93} INFO - ✅ BNBUSDT: thêm 1 dòng mới
[2025-08-23T02:20:07.009+0000] {subprocess.py:93} INFO - 5/100 BNBUSDT lưu OK
[2025-08-23T02:20:07.010+0000] {subprocess.py:93} INFO - ✅ DOGEUSDT: thêm 1 dòng mới
[2025-08-23T02:20:07.010+0000] {subprocess.py:93} INFO - 6/100 DOGEUSDT lưu OK
[2025-08-23T02:20:07.010+0000] {subprocess.py:93} INFO - ✅ ADAUSDT: thêm 1 dòng mới
[2025-08-23T02:20:07.011+0000] {subprocess.py:93} INFO - 7/100 ADAUSDT lưu OK
[2025-08-23T02:20:07.011+0000] {subprocess.py:93} INFO - ✅ XRPUSDT: thêm 1 dòng mới
[2025-08-23T02:20:07.011+0000] {subprocess.py:93} INFO - 8/100 XRPUSDT lưu OK
[2025-08-23T02:20:07.012+0000] {subprocess.py:93} INFO - ✅ LINKUSDT: thêm 1 dòng mới
[2025-08-23T02:20:07.012+0000] {subprocess.py:93} INFO - 9/100 LINKUSDT lưu OK
[2025-08-23T02:20:07.012+0000] {subprocess.py:93} INFO - ✅ FDUSDUSDT: thêm 1 dòng mới
[2025-08-23T02:20:07.012+0000] {subprocess.py:93} INFO - 10/100 FDUSDUSDT lưu OK
[2025-08-23T02:20:07.013+0000] {subprocess.py:93} INFO - ✅ ENAUSDT: thêm 1 dòng mới
[2025-08-23T02:20:07.013+0000] {subprocess.py:93} INFO - 11/100 ENAUSDT lưu OK
[2025-08-23T02:20:07.013+0000] {subprocess.py:93} INFO - ✅ SUIUSDT: thêm 1 dòng mới
[2025-08-23T02:20:07.014+0000] {subprocess.py:93} INFO - 12/100 SUIUSDT lưu OK
[2025-08-23T02:20:07.014+0000] {subprocess.py:93} INFO - ✅ PEPEUSDT: thêm 1 dòng mới
[2025-08-23T02:20:07.014+0000] {subprocess.py:93} INFO - 13/100 PEPEUSDT lưu OK
[2025-08-23T02:20:07.014+0000] {subprocess.py:93} INFO - ✅ TRXUSDT: thêm 1 dòng mới
[2025-08-23T02:20:07.015+0000] {subprocess.py:93} INFO - 14/100 BIOUSDT lỗi: relation "cryptocurrency.biousdt" does not exist
[2025-08-23T02:20:07.015+0000] {subprocess.py:93} INFO - LINE 1: SELECT MAX(time) FROM cryptocurrency.biousdt;
[2025-08-23T02:20:07.015+0000] {subprocess.py:93} INFO -                               ^
[2025-08-23T02:20:07.016+0000] {subprocess.py:93} INFO - 
[2025-08-23T02:20:07.016+0000] {subprocess.py:93} INFO - 15/100 TRXUSDT lưu OK
[2025-08-23T02:20:07.016+0000] {subprocess.py:93} INFO - ✅ PENGUUSDT: thêm 1 dòng mới
[2025-08-23T02:20:07.017+0000] {subprocess.py:93} INFO - 16/100 PENGUUSDT lưu OK
[2025-08-23T02:20:07.017+0000] {subprocess.py:93} INFO - ✅ AVAXUSDT: thêm 1 dòng mới
[2025-08-23T02:20:07.017+0000] {subprocess.py:93} INFO - 17/100 AVAXUSDT lưu OK
[2025-08-23T02:20:07.018+0000] {subprocess.py:93} INFO - ✅ ARBUSDT: thêm 1 dòng mới
[2025-08-23T02:20:07.018+0000] {subprocess.py:93} INFO - 18/100 ARBUSDT lưu OK
[2025-08-23T02:20:07.018+0000] {subprocess.py:93} INFO - ✅ UNIUSDT: thêm 1 dòng mới
[2025-08-23T02:20:07.018+0000] {subprocess.py:93} INFO - 19/100 AEURUSDT lỗi: relation "cryptocurrency.aeurusdt" does not exist
[2025-08-23T02:20:07.019+0000] {subprocess.py:93} INFO - LINE 1: SELECT MAX(time) FROM cryptocurrency.aeurusdt;
[2025-08-23T02:20:07.019+0000] {subprocess.py:93} INFO -                               ^
[2025-08-23T02:20:07.019+0000] {subprocess.py:93} INFO - 
[2025-08-23T02:20:07.020+0000] {subprocess.py:93} INFO - 20/100 UNIUSDT lưu OK
[2025-08-23T02:20:07.020+0000] {subprocess.py:93} INFO - ✅ AAVEUSDT: thêm 1 dòng mới
[2025-08-23T02:20:07.020+0000] {subprocess.py:93} INFO - 21/100 AAVEUSDT lưu OK
[2025-08-23T02:20:07.020+0000] {subprocess.py:93} INFO - 22/100 MEMEUSDT lỗi: relation "cryptocurrency.memeusdt" does not exist
[2025-08-23T02:20:07.021+0000] {subprocess.py:93} INFO - LINE 1: SELECT MAX(time) FROM cryptocurrency.memeusdt;
[2025-08-23T02:20:07.021+0000] {subprocess.py:93} INFO -                               ^
[2025-08-23T02:20:07.021+0000] {subprocess.py:93} INFO - 
[2025-08-23T02:20:07.022+0000] {subprocess.py:93} INFO - ✅ TRUMPUSDT: thêm 1 dòng mới
[2025-08-23T02:20:07.022+0000] {subprocess.py:93} INFO - ✅ LDOUSDT: thêm 1 dòng mới
[2025-08-23T02:20:07.022+0000] {subprocess.py:93} INFO - 23/100 TRUMPUSDT lưu OK
[2025-08-23T02:20:07.023+0000] {subprocess.py:93} INFO - 24/100 LDOUSDT lưu OK
[2025-08-23T02:20:07.023+0000] {subprocess.py:93} INFO - ✅ ETCUSDT: thêm 1 dòng mới
[2025-08-23T02:20:07.023+0000] {subprocess.py:93} INFO - 25/100 ETCUSDT lưu OK
[2025-08-23T02:20:07.023+0000] {subprocess.py:93} INFO - ✅ LTCUSDT: thêm 1 dòng mới
[2025-08-23T02:20:07.024+0000] {subprocess.py:93} INFO - 26/100 LTCUSDT lưu OK
[2025-08-23T02:20:07.024+0000] {subprocess.py:93} INFO - ✅ HBARUSDT: thêm 1 dòng mới
[2025-08-23T02:20:07.024+0000] {subprocess.py:93} INFO - 27/100 HBARUSDT lưu OK
[2025-08-23T02:20:07.025+0000] {subprocess.py:93} INFO - ✅ ETHFIUSDT: thêm 1 dòng mới
[2025-08-23T02:20:07.025+0000] {subprocess.py:93} INFO - 28/100 ETHFIUSDT lưu OK
[2025-08-23T02:20:07.025+0000] {subprocess.py:93} INFO - ✅ WIFUSDT: thêm 1 dòng mới
[2025-08-23T02:20:07.025+0000] {subprocess.py:93} INFO - ✅ SEIUSDT: thêm 1 dòng mới
[2025-08-23T02:20:07.026+0000] {subprocess.py:93} INFO - 29/100 WIFUSDT lưu OK
[2025-08-23T02:20:07.026+0000] {subprocess.py:93} INFO - 30/100 SEIUSDT lưu OK
[2025-08-23T02:20:07.026+0000] {subprocess.py:93} INFO - ✅ BONKUSDT: thêm 1 dòng mới
[2025-08-23T02:20:07.027+0000] {subprocess.py:93} INFO - 31/100 BONKUSDT lưu OK
[2025-08-23T02:20:07.027+0000] {subprocess.py:93} INFO - ✅ DOTUSDT: thêm 1 dòng mới
[2025-08-23T02:20:07.027+0000] {subprocess.py:93} INFO - 32/100 DOTUSDT lưu OK
[2025-08-23T02:20:07.028+0000] {subprocess.py:93} INFO - ✅ XLMUSDT: thêm 1 dòng mới
[2025-08-23T02:20:07.028+0000] {subprocess.py:93} INFO - 33/100 XLMUSDT lưu OK
[2025-08-23T02:20:07.028+0000] {subprocess.py:93} INFO - ✅ NEARUSDT: thêm 1 dòng mới
[2025-08-23T02:20:07.028+0000] {subprocess.py:93} INFO - 34/100 NEARUSDT lưu OK
[2025-08-23T02:20:07.029+0000] {subprocess.py:93} INFO - ✅ SUSDT: thêm 1 dòng mới
[2025-08-23T02:20:07.029+0000] {subprocess.py:93} INFO - 35/100 SUSDT lưu OK
[2025-08-23T02:20:07.029+0000] {subprocess.py:93} INFO - ✅ OPUSDT: thêm 1 dòng mới
[2025-08-23T02:20:07.030+0000] {subprocess.py:93} INFO - 36/100 OPUSDT lưu OK
[2025-08-23T02:20:07.030+0000] {subprocess.py:93} INFO - ✅ WLDUSDT: thêm 1 dòng mới
[2025-08-23T02:20:07.030+0000] {subprocess.py:93} INFO - 37/100 WLDUSDT lưu OK
[2025-08-23T02:20:07.030+0000] {subprocess.py:93} INFO - ✅ CRVUSDT: thêm 1 dòng mới
[2025-08-23T02:20:07.031+0000] {subprocess.py:93} INFO - 38/100 CRVUSDT lưu OK
[2025-08-23T02:20:07.031+0000] {subprocess.py:93} INFO - ✅ SHIBUSDT: thêm 1 dòng mới
[2025-08-23T02:20:07.031+0000] {subprocess.py:93} INFO - 39/100 SHIBUSDT lưu OK
[2025-08-23T02:20:07.032+0000] {subprocess.py:93} INFO - 40/100 BBUSDT lỗi: relation "cryptocurrency.bbusdt" does not exist
[2025-08-23T02:20:07.032+0000] {subprocess.py:93} INFO - LINE 1: SELECT MAX(time) FROM cryptocurrency.bbusdt;
[2025-08-23T02:20:07.032+0000] {subprocess.py:93} INFO -                               ^
[2025-08-23T02:20:07.032+0000] {subprocess.py:93} INFO - 
[2025-08-23T02:20:07.033+0000] {subprocess.py:93} INFO - ✅ PENDLEUSDT: thêm 1 dòng mới
[2025-08-23T02:20:07.033+0000] {subprocess.py:93} INFO - 41/100 PENDLEUSDT lưu OK
[2025-08-23T02:20:07.033+0000] {subprocess.py:93} INFO - ✅ ONDOUSDT: thêm 1 dòng mới
[2025-08-23T02:20:07.034+0000] {subprocess.py:93} INFO - 42/100 ONDOUSDT lưu OK
[2025-08-23T02:20:07.034+0000] {subprocess.py:93} INFO - ✅ BCHUSDT: thêm 1 dòng mới
[2025-08-23T02:20:07.034+0000] {subprocess.py:93} INFO - 43/100 BCHUSDT lưu OK
[2025-08-23T02:20:07.034+0000] {subprocess.py:93} INFO - ✅ EURUSDT: thêm 1 dòng mới
[2025-08-23T02:20:07.035+0000] {subprocess.py:93} INFO - 44/100 EURUSDT lưu OK
[2025-08-23T02:20:07.035+0000] {subprocess.py:93} INFO - ✅ TAOUSDT: thêm 1 dòng mới
[2025-08-23T02:20:07.035+0000] {subprocess.py:93} INFO - 45/100 TAOUSDT lưu OK
[2025-08-23T02:20:07.036+0000] {subprocess.py:93} INFO - ✅ APTUSDT: thêm 1 dòng mới
[2025-08-23T02:20:07.036+0000] {subprocess.py:93} INFO - 46/100 APTUSDT lưu OK
[2025-08-23T02:20:07.036+0000] {subprocess.py:93} INFO - ✅ TONUSDT: thêm 1 dòng mới
[2025-08-23T02:20:07.037+0000] {subprocess.py:93} INFO - 47/100 TONUSDT lưu OK
[2025-08-23T02:20:07.037+0000] {subprocess.py:93} INFO - ✅ VIRTUALUSDT: thêm 1 dòng mới
[2025-08-23T02:20:07.037+0000] {subprocess.py:93} INFO - ✅ FLOKIUSDT: thêm 1 dòng mới
[2025-08-23T02:20:07.037+0000] {subprocess.py:93} INFO - ✅ SKLUSDT: thêm 1 dòng mới
[2025-08-23T02:20:07.038+0000] {subprocess.py:93} INFO - 48/100 VIRTUALUSDT lưu OK
[2025-08-23T02:20:07.038+0000] {subprocess.py:93} INFO - 49/100 FLOKIUSDT lưu OK
[2025-08-23T02:20:07.038+0000] {subprocess.py:93} INFO - 50/100 SKLUSDT lưu OK
[2025-08-23T02:20:07.039+0000] {subprocess.py:93} INFO - ✅ FILUSDT: thêm 1 dòng mới
[2025-08-23T02:20:07.039+0000] {subprocess.py:93} INFO - 51/100 FILUSDT lưu OK
[2025-08-23T02:20:07.039+0000] {subprocess.py:93} INFO - ✅ EIGENUSDT: thêm 1 dòng mới
[2025-08-23T02:20:07.040+0000] {subprocess.py:93} INFO - 52/100 PLUMEUSDT lỗi: relation "cryptocurrency.plumeusdt" does not exist
[2025-08-23T02:20:07.040+0000] {subprocess.py:93} INFO - LINE 1: SELECT MAX(time) FROM cryptocurrency.plumeusdt;
[2025-08-23T02:20:07.040+0000] {subprocess.py:93} INFO -                               ^
[2025-08-23T02:20:07.040+0000] {subprocess.py:93} INFO - 
[2025-08-23T02:20:07.041+0000] {subprocess.py:93} INFO - 53/100 EIGENUSDT lưu OK
[2025-08-23T02:20:07.041+0000] {subprocess.py:93} INFO - ✅ TIAUSDT: thêm 1 dòng mới
[2025-08-23T02:20:07.041+0000] {subprocess.py:93} INFO - 54/100 TIAUSDT lưu OK
[2025-08-23T02:20:07.042+0000] {subprocess.py:93} INFO - 55/100 BANDUSDT lỗi: relation "cryptocurrency.bandusdt" does not exist
[2025-08-23T02:20:07.042+0000] {subprocess.py:93} INFO - LINE 1: SELECT MAX(time) FROM cryptocurrency.bandusdt;
[2025-08-23T02:20:07.042+0000] {subprocess.py:93} INFO -                               ^
[2025-08-23T02:20:07.043+0000] {subprocess.py:93} INFO - 
[2025-08-23T02:20:07.043+0000] {subprocess.py:93} INFO - ✅ PNUTUSDT: thêm 1 dòng mới
[2025-08-23T02:20:07.043+0000] {subprocess.py:93} INFO - 56/100 PNUTUSDT lưu OK
[2025-08-23T02:20:07.043+0000] {subprocess.py:93} INFO - ✅ INJUSDT: thêm 1 dòng mới
[2025-08-23T02:20:07.044+0000] {subprocess.py:93} INFO - 57/100 INJUSDT lưu OK
[2025-08-23T02:20:07.044+0000] {subprocess.py:93} INFO - ✅ CFXUSDT: thêm 1 dòng mới
[2025-08-23T02:20:07.044+0000] {subprocess.py:93} INFO - 58/100 CFXUSDT lưu OK
[2025-08-23T02:20:07.045+0000] {subprocess.py:93} INFO - ✅ API3USDT: thêm 1 dòng mới
[2025-08-23T02:20:07.045+0000] {subprocess.py:93} INFO - 59/100 API3USDT lưu OK
[2025-08-23T02:20:07.045+0000] {subprocess.py:93} INFO - ✅ POLUSDT: thêm 1 dòng mới
[2025-08-23T02:20:07.045+0000] {subprocess.py:93} INFO - 60/100 POLUSDT lưu OK
[2025-08-23T02:20:07.046+0000] {subprocess.py:93} INFO - ✅ GALAUSDT: thêm 1 dòng mới
[2025-08-23T02:20:07.046+0000] {subprocess.py:93} INFO - ✅ ENSUSDT: thêm 1 dòng mới
[2025-08-23T02:20:07.046+0000] {subprocess.py:93} INFO - 61/100 GALAUSDT lưu OK
[2025-08-23T02:20:07.047+0000] {subprocess.py:93} INFO - 62/100 ENSUSDT lưu OK
[2025-08-23T02:20:07.047+0000] {subprocess.py:93} INFO - ✅ FETUSDT: thêm 1 dòng mới
[2025-08-23T02:20:07.047+0000] {subprocess.py:93} INFO - 63/100 FETUSDT lưu OK
[2025-08-23T02:20:07.048+0000] {subprocess.py:93} INFO - ✅ NEIROUSDT: thêm 1 dòng mới
[2025-08-23T02:20:07.048+0000] {subprocess.py:93} INFO - 64/100 NEIROUSDT lưu OK
[2025-08-23T02:20:07.048+0000] {subprocess.py:93} INFO - ✅ RAYUSDT: thêm 1 dòng mới
[2025-08-23T02:20:07.048+0000] {subprocess.py:93} INFO - 65/100 RAYUSDT lưu OK
[2025-08-23T02:20:07.049+0000] {subprocess.py:93} INFO - ✅ CAKEUSDT: thêm 1 dòng mới
[2025-08-23T02:20:07.049+0000] {subprocess.py:93} INFO - 66/100 CAKEUSDT lưu OK
[2025-08-23T02:20:07.049+0000] {subprocess.py:93} INFO - 67/100 TKOUSDT lỗi: relation "cryptocurrency.tkousdt" does not exist
[2025-08-23T02:20:07.050+0000] {subprocess.py:93} INFO - LINE 1: SELECT MAX(time) FROM cryptocurrency.tkousdt;
[2025-08-23T02:20:07.050+0000] {subprocess.py:93} INFO -                               ^
[2025-08-23T02:20:07.050+0000] {subprocess.py:93} INFO - 
[2025-08-23T02:20:07.050+0000] {subprocess.py:93} INFO - ✅ BFUSDUSDT: thêm 1 dòng mới
[2025-08-23T02:20:07.051+0000] {subprocess.py:93} INFO - 68/100 BFUSDUSDT lưu OK
[2025-08-23T02:20:07.051+0000] {subprocess.py:93} INFO - ✅ ICPUSDT: thêm 1 dòng mới
[2025-08-23T02:20:07.051+0000] {subprocess.py:93} INFO - 69/100 ICPUSDT lưu OK
[2025-08-23T02:20:07.052+0000] {subprocess.py:93} INFO - 70/100 VETUSDT lỗi: relation "cryptocurrency.vetusdt" does not exist
[2025-08-23T02:20:07.052+0000] {subprocess.py:93} INFO - LINE 1: SELECT MAX(time) FROM cryptocurrency.vetusdt;
[2025-08-23T02:20:07.052+0000] {subprocess.py:93} INFO -                               ^
[2025-08-23T02:20:07.053+0000] {subprocess.py:93} INFO - 
[2025-08-23T02:20:07.053+0000] {subprocess.py:93} INFO - 71/100 ATOMUSDT lỗi: relation "cryptocurrency.atomusdt" does not exist
[2025-08-23T02:20:07.053+0000] {subprocess.py:93} INFO - LINE 1: SELECT MAX(time) FROM cryptocurrency.atomusdt;
[2025-08-23T02:20:07.053+0000] {subprocess.py:93} INFO -                               ^
[2025-08-23T02:20:07.054+0000] {subprocess.py:93} INFO - 
[2025-08-23T02:20:07.054+0000] {subprocess.py:93} INFO - 72/100 CYBERUSDT lỗi: relation "cryptocurrency.cyberusdt" does not exist
[2025-08-23T02:20:07.054+0000] {subprocess.py:93} INFO - LINE 1: SELECT MAX(time) FROM cryptocurrency.cyberusdt;
[2025-08-23T02:20:07.055+0000] {subprocess.py:93} INFO -                               ^
[2025-08-23T02:20:07.055+0000] {subprocess.py:93} INFO - 
[2025-08-23T02:20:07.055+0000] {subprocess.py:93} INFO - 73/100 RUNEUSDT lỗi: relation "cryptocurrency.runeusdt" does not exist
[2025-08-23T02:20:07.055+0000] {subprocess.py:93} INFO - LINE 1: SELECT MAX(time) FROM cryptocurrency.runeusdt;
[2025-08-23T02:20:07.056+0000] {subprocess.py:93} INFO -                               ^
[2025-08-23T02:20:07.056+0000] {subprocess.py:93} INFO - 
[2025-08-23T02:20:07.056+0000] {subprocess.py:93} INFO - ✅ ALGOUSDT: thêm 1 dòng mới
[2025-08-23T02:20:07.057+0000] {subprocess.py:93} INFO - 74/100 ALGOUSDT lưu OK
[2025-08-23T02:20:07.057+0000] {subprocess.py:93} INFO - 75/100 KERNELUSDT lỗi: relation "cryptocurrency.kernelusdt" does not exist
[2025-08-23T02:20:07.057+0000] {subprocess.py:93} INFO - LINE 1: SELECT MAX(time) FROM cryptocurrency.kernelusdt;
[2025-08-23T02:20:07.057+0000] {subprocess.py:93} INFO -                               ^
[2025-08-23T02:20:07.058+0000] {subprocess.py:93} INFO - 
[2025-08-23T02:20:07.058+0000] {subprocess.py:93} INFO - 76/100 QTUMUSDT lỗi: relation "cryptocurrency.qtumusdt" does not exist
[2025-08-23T02:20:07.058+0000] {subprocess.py:93} INFO - LINE 1: SELECT MAX(time) FROM cryptocurrency.qtumusdt;
[2025-08-23T02:20:07.059+0000] {subprocess.py:93} INFO -                               ^
[2025-08-23T02:20:07.059+0000] {subprocess.py:93} INFO - 
[2025-08-23T02:20:07.059+0000] {subprocess.py:93} INFO - 77/100 MKRUSDT lỗi: relation "cryptocurrency.mkrusdt" does not exist
[2025-08-23T02:20:07.060+0000] {subprocess.py:93} INFO - LINE 1: SELECT MAX(time) FROM cryptocurrency.mkrusdt;
[2025-08-23T02:20:07.060+0000] {subprocess.py:93} INFO -                               ^
[2025-08-23T02:20:07.060+0000] {subprocess.py:93} INFO - 
[2025-08-23T02:20:07.060+0000] {subprocess.py:93} INFO - ✅ ASRUSDT: thêm 1 dòng mới
[2025-08-23T02:20:07.061+0000] {subprocess.py:93} INFO - 78/100 ASRUSDT lưu OK
[2025-08-23T02:20:07.061+0000] {subprocess.py:93} INFO - ✅ RENDERUSDT: thêm 1 dòng mới
[2025-08-23T02:20:07.061+0000] {subprocess.py:93} INFO - 79/100 RENDERUSDT lưu OK
[2025-08-23T02:20:07.062+0000] {subprocess.py:93} INFO - ✅ XUSDUSDT: thêm 1 dòng mới
[2025-08-23T02:20:07.062+0000] {subprocess.py:93} INFO - 80/100 XUSDUSDT lưu OK
[2025-08-23T02:20:07.062+0000] {subprocess.py:93} INFO - 81/100 NEOUSDT lỗi: relation "cryptocurrency.neousdt" does not exist
[2025-08-23T02:20:07.062+0000] {subprocess.py:93} INFO - LINE 1: SELECT MAX(time) FROM cryptocurrency.neousdt;
[2025-08-23T02:20:07.063+0000] {subprocess.py:93} INFO -                               ^
[2025-08-23T02:20:07.063+0000] {subprocess.py:93} INFO - 
[2025-08-23T02:20:07.063+0000] {subprocess.py:93} INFO - ✅ ORDIUSDT: thêm 1 dòng mới
[2025-08-23T02:20:07.064+0000] {subprocess.py:93} INFO - 82/100 ORDIUSDT lưu OK
[2025-08-23T02:20:07.064+0000] {subprocess.py:93} INFO - 83/100 BOMEUSDT lỗi: relation "cryptocurrency.bomeusdt" does not exist
[2025-08-23T02:20:07.064+0000] {subprocess.py:93} INFO - LINE 1: SELECT MAX(time) FROM cryptocurrency.bomeusdt;
[2025-08-23T02:20:07.064+0000] {subprocess.py:93} INFO -                               ^
[2025-08-23T02:20:07.065+0000] {subprocess.py:93} INFO - 
[2025-08-23T02:20:07.065+0000] {subprocess.py:93} INFO - 84/100 OMNIUSDT lỗi: relation "cryptocurrency.omniusdt" does not exist
[2025-08-23T02:20:07.065+0000] {subprocess.py:93} INFO - LINE 1: SELECT MAX(time) FROM cryptocurrency.omniusdt;
[2025-08-23T02:20:07.066+0000] {subprocess.py:93} INFO -                               ^
[2025-08-23T02:20:07.066+0000] {subprocess.py:93} INFO - 
[2025-08-23T02:20:07.066+0000] {subprocess.py:93} INFO - 85/100 UMAUSDT lỗi: relation "cryptocurrency.umausdt" does not exist
[2025-08-23T02:20:07.066+0000] {subprocess.py:93} INFO - LINE 1: SELECT MAX(time) FROM cryptocurrency.umausdt;
[2025-08-23T02:20:07.067+0000] {subprocess.py:93} INFO -                               ^
[2025-08-23T02:20:07.067+0000] {subprocess.py:93} INFO - 
[2025-08-23T02:20:07.067+0000] {subprocess.py:93} INFO - 86/100 SSVUSDT lỗi: relation "cryptocurrency.ssvusdt" does not exist
[2025-08-23T02:20:07.068+0000] {subprocess.py:93} INFO - LINE 1: SELECT MAX(time) FROM cryptocurrency.ssvusdt;
[2025-08-23T02:20:07.068+0000] {subprocess.py:93} INFO -                               ^
[2025-08-23T02:20:07.068+0000] {subprocess.py:93} INFO - 
[2025-08-23T02:20:07.615+0000] {subprocess.py:93} INFO - 87/100 JUPUSDT lỗi: relation "cryptocurrency.jupusdt" does not exist
[2025-08-23T02:20:07.615+0000] {subprocess.py:93} INFO - LINE 1: SELECT MAX(time) FROM cryptocurrency.jupusdt;
[2025-08-23T02:20:07.616+0000] {subprocess.py:93} INFO -                               ^
[2025-08-23T02:20:07.616+0000] {subprocess.py:93} INFO - 
[2025-08-23T02:20:07.616+0000] {subprocess.py:93} INFO - 88/100 PHAUSDT lỗi: relation "cryptocurrency.phausdt" does not exist
[2025-08-23T02:20:07.616+0000] {subprocess.py:93} INFO - LINE 1: SELECT MAX(time) FROM cryptocurrency.phausdt;
[2025-08-23T02:20:07.617+0000] {subprocess.py:93} INFO -                               ^
[2025-08-23T02:20:07.617+0000] {subprocess.py:93} INFO - 
[2025-08-23T02:20:07.617+0000] {subprocess.py:93} INFO - ✅ SPKUSDT: thêm 1 dòng mới
[2025-08-23T02:20:07.617+0000] {subprocess.py:93} INFO - 89/100 SPKUSDT lưu OK
[2025-08-23T02:20:07.617+0000] {subprocess.py:93} INFO - ✅ PROVEUSDT: thêm 1 dòng mới
[2025-08-23T02:20:07.618+0000] {subprocess.py:93} INFO - 90/100 PROVEUSDT lưu OK
[2025-08-23T02:20:07.618+0000] {subprocess.py:93} INFO - 91/100 HUMAUSDT lỗi: relation "cryptocurrency.humausdt" does not exist
[2025-08-23T02:20:07.618+0000] {subprocess.py:93} INFO - LINE 1: SELECT MAX(time) FROM cryptocurrency.humausdt;
[2025-08-23T02:20:07.618+0000] {subprocess.py:93} INFO -                               ^
[2025-08-23T02:20:07.619+0000] {subprocess.py:93} INFO - 
[2025-08-23T02:20:07.619+0000] {subprocess.py:93} INFO - ✅ OMUSDT: thêm 1 dòng mới
[2025-08-23T02:20:07.619+0000] {subprocess.py:93} INFO - 92/100 OMUSDT lưu OK
[2025-08-23T02:20:07.620+0000] {subprocess.py:93} INFO - ✅ SYRUPUSDT: thêm 1 dòng mới
[2025-08-23T02:20:07.620+0000] {subprocess.py:93} INFO - 93/100 SYRUPUSDT lưu OK
[2025-08-23T02:20:07.620+0000] {subprocess.py:93} INFO - 94/100 WBETHUSDT lỗi: relation "cryptocurrency.wbethusdt" does not exist
[2025-08-23T02:20:07.620+0000] {subprocess.py:93} INFO - LINE 1: SELECT MAX(time) FROM cryptocurrency.wbethusdt;
[2025-08-23T02:20:07.620+0000] {subprocess.py:93} INFO -                               ^
[2025-08-23T02:20:07.621+0000] {subprocess.py:93} INFO - 
[2025-08-23T02:20:07.621+0000] {subprocess.py:93} INFO - 95/100 STRKUSDT lỗi: relation "cryptocurrency.strkusdt" does not exist
[2025-08-23T02:20:07.621+0000] {subprocess.py:93} INFO - LINE 1: SELECT MAX(time) FROM cryptocurrency.strkusdt;
[2025-08-23T02:20:07.621+0000] {subprocess.py:93} INFO -                               ^
[2025-08-23T02:20:07.622+0000] {subprocess.py:93} INFO - 
[2025-08-23T02:20:07.622+0000] {subprocess.py:93} INFO - 96/100 AIXBTUSDT lỗi: relation "cryptocurrency.aixbtusdt" does not exist
[2025-08-23T02:20:07.622+0000] {subprocess.py:93} INFO - LINE 1: SELECT MAX(time) FROM cryptocurrency.aixbtusdt;
[2025-08-23T02:20:07.622+0000] {subprocess.py:93} INFO -                               ^
[2025-08-23T02:20:07.622+0000] {subprocess.py:93} INFO - 
[2025-08-23T02:20:07.623+0000] {subprocess.py:93} INFO - 97/100 ACHUSDT lỗi: relation "cryptocurrency.achusdt" does not exist
[2025-08-23T02:20:07.623+0000] {subprocess.py:93} INFO - LINE 1: SELECT MAX(time) FROM cryptocurrency.achusdt;
[2025-08-23T02:20:07.623+0000] {subprocess.py:93} INFO -                               ^
[2025-08-23T02:20:07.623+0000] {subprocess.py:93} INFO - 
[2025-08-23T02:20:07.623+0000] {subprocess.py:93} INFO - 98/100 PEOPLEUSDT lỗi: relation "cryptocurrency.peopleusdt" does not exist
[2025-08-23T02:20:07.624+0000] {subprocess.py:93} INFO - LINE 1: SELECT MAX(time) FROM cryptocurrency.peopleusdt;
[2025-08-23T02:20:07.624+0000] {subprocess.py:93} INFO -                               ^
[2025-08-23T02:20:07.624+0000] {subprocess.py:93} INFO - 
[2025-08-23T02:20:07.624+0000] {subprocess.py:93} INFO - 99/100 WBTCUSDT lỗi: relation "cryptocurrency.wbtcusdt" does not exist
[2025-08-23T02:20:07.624+0000] {subprocess.py:93} INFO - LINE 1: SELECT MAX(time) FROM cryptocurrency.wbtcusdt;
[2025-08-23T02:20:07.625+0000] {subprocess.py:93} INFO -                               ^
[2025-08-23T02:20:07.625+0000] {subprocess.py:93} INFO - 
[2025-08-23T02:20:07.625+0000] {subprocess.py:93} INFO - ✅ ARKMUSDT: thêm 1 dòng mới
[2025-08-23T02:20:07.625+0000] {subprocess.py:93} INFO - 100/100 ARKMUSDT lưu OK
[2025-08-23T02:20:07.726+0000] {subprocess.py:97} INFO - Command exited with return code 0
[2025-08-23T02:20:07.727+0000] {taskinstance.py:441} INFO - ::group::Post task execution logs
[2025-08-23T02:20:07.755+0000] {taskinstance.py:1206} INFO - Marking task as SUCCESS. dag_id=crypto_collector_dag, task_id=run_crypto_collector, run_id=scheduled__2025-08-23T02:19:00+00:00, execution_date=20250823T021900, start_date=20250823T022000, end_date=20250823T022007
[2025-08-23T02:20:07.798+0000] {local_task_job_runner.py:240} INFO - Task exited with return code 0
[2025-08-23T02:20:07.824+0000] {taskinstance.py:3498} INFO - 0 downstream tasks scheduled from follow-on schedule check
[2025-08-23T02:20:07.826+0000] {local_task_job_runner.py:222} INFO - ::endgroup::
