[2025-09-05T07:49:02.390+0000] {local_task_job_runner.py:120} INFO - ::group::Pre task execution logs
[2025-09-05T07:49:02.415+0000] {taskinstance.py:2076} INFO - Dependencies all met for dep_context=non-requeueable deps ti=<TaskInstance: activity.activity_HNX scheduled__2025-09-05T07:48:00+00:00 [queued]>
[2025-09-05T07:49:02.424+0000] {taskinstance.py:2076} INFO - Dependencies all met for dep_context=requeueable deps ti=<TaskInstance: activity.activity_HNX scheduled__2025-09-05T07:48:00+00:00 [queued]>
[2025-09-05T07:49:02.424+0000] {taskinstance.py:2306} INFO - Starting attempt 1 of 11
[2025-09-05T07:49:02.436+0000] {taskinstance.py:2330} INFO - Executing <Task(PythonOperator): activity_HNX> on 2025-09-05 07:48:00+00:00
[2025-09-05T07:49:02.444+0000] {standard_task_runner.py:63} INFO - Started process 3153577 to run task
[2025-09-05T07:49:02.450+0000] {standard_task_runner.py:90} INFO - Running: ['***', 'tasks', 'run', 'activity', 'activity_HNX', 'scheduled__2025-09-05T07:48:00+00:00', '--job-id', '111874', '--raw', '--subdir', 'DAGS_FOLDER/dag_activity.py', '--cfg-path', '/tmp/tmpvawxvwzo']
[2025-09-05T07:49:02.453+0000] {standard_task_runner.py:91} INFO - Job 111874: Subtask activity_HNX
[2025-09-05T07:49:02.508+0000] {task_command.py:426} INFO - Running <TaskInstance: activity.activity_HNX scheduled__2025-09-05T07:48:00+00:00 [running]> on host 1877907bc043
[2025-09-05T07:49:02.614+0000] {taskinstance.py:2648} INFO - Exporting env vars: AIRFLOW_CTX_DAG_OWNER='***' AIRFLOW_CTX_DAG_ID='activity' AIRFLOW_CTX_TASK_ID='activity_HNX' AIRFLOW_CTX_EXECUTION_DATE='2025-09-05T07:48:00+00:00' AIRFLOW_CTX_TRY_NUMBER='1' AIRFLOW_CTX_DAG_RUN_ID='scheduled__2025-09-05T07:48:00+00:00'
[2025-09-05T07:49:02.615+0000] {taskinstance.py:430} INFO - ::endgroup::
[2025-09-05T07:49:02.634+0000] {activity_HNX.py:17} INFO - Kết nối DB
[2025-09-05T07:49:02.695+0000] {activity_HNX.py:55} ERROR - Lỗi lưu activity_HNX
Traceback (most recent call last):
  File "/opt/airflow/dags/utils/market_data/activity/activity_HNX.py", line 18, in activity_HNX
    df = pd.read_sql('SELECT * FROM "history_data"."eboard_table"', con=enginedb).sort_values(by='symbol',ascending=True)
  File "/home/airflow/.local/lib/python3.10/site-packages/pandas/core/frame.py", line 6944, in sort_values
    k = self._get_label_or_level_values(by[0], axis=axis)
  File "/home/airflow/.local/lib/python3.10/site-packages/pandas/core/generic.py", line 1844, in _get_label_or_level_values
    raise KeyError(key)
KeyError: 'symbol'
[2025-09-05T07:49:02.703+0000] {python.py:237} INFO - Done. Returned value was: None
[2025-09-05T07:49:02.704+0000] {taskinstance.py:441} INFO - ::group::Post task execution logs
[2025-09-05T07:49:02.721+0000] {taskinstance.py:1206} INFO - Marking task as SUCCESS. dag_id=activity, task_id=activity_HNX, run_id=scheduled__2025-09-05T07:48:00+00:00, execution_date=20250905T074800, start_date=20250905T074902, end_date=20250905T074902
[2025-09-05T07:49:02.781+0000] {local_task_job_runner.py:240} INFO - Task exited with return code 0
[2025-09-05T07:49:02.803+0000] {local_task_job_runner.py:222} INFO - ::endgroup::
