[2025-09-01T10:26:02.369+0000] {local_task_job_runner.py:120} INFO - ::group::Pre task execution logs
[2025-09-01T10:26:02.393+0000] {taskinstance.py:2076} INFO - Dependencies all met for dep_context=non-requeueable deps ti=<TaskInstance: market_table_foreign.foreign_HNX scheduled__2025-08-31T17:08:00+00:00 [queued]>
[2025-09-01T10:26:02.402+0000] {taskinstance.py:2076} INFO - Dependencies all met for dep_context=requeueable deps ti=<TaskInstance: market_table_foreign.foreign_HNX scheduled__2025-08-31T17:08:00+00:00 [queued]>
[2025-09-01T10:26:02.402+0000] {taskinstance.py:2306} INFO - Starting attempt 1 of 11
[2025-09-01T10:26:02.414+0000] {taskinstance.py:2330} INFO - Executing <Task(PythonOperator): foreign_HNX> on 2025-08-31 17:08:00+00:00
[2025-09-01T10:26:02.421+0000] {standard_task_runner.py:63} INFO - Started process 2317946 to run task
[2025-09-01T10:26:02.428+0000] {standard_task_runner.py:90} INFO - Running: ['***', 'tasks', 'run', 'market_table_foreign', 'foreign_HNX', 'scheduled__2025-08-31T17:08:00+00:00', '--job-id', '42123', '--raw', '--subdir', 'DAGS_FOLDER/dag_market_live.py', '--cfg-path', '/tmp/tmpqfilpvf_']
[2025-09-01T10:26:02.432+0000] {standard_task_runner.py:91} INFO - Job 42123: Subtask foreign_HNX
[2025-09-01T10:26:02.489+0000] {task_command.py:426} INFO - Running <TaskInstance: market_table_foreign.foreign_HNX scheduled__2025-08-31T17:08:00+00:00 [running]> on host 1877907bc043
[2025-09-01T10:26:02.587+0000] {taskinstance.py:2648} INFO - Exporting env vars: AIRFLOW_CTX_DAG_OWNER='***' AIRFLOW_CTX_DAG_ID='market_table_foreign' AIRFLOW_CTX_TASK_ID='foreign_HNX' AIRFLOW_CTX_EXECUTION_DATE='2025-08-31T17:08:00+00:00' AIRFLOW_CTX_TRY_NUMBER='1' AIRFLOW_CTX_DAG_RUN_ID='scheduled__2025-08-31T17:08:00+00:00'
[2025-09-01T10:26:02.588+0000] {taskinstance.py:430} INFO - ::endgroup::
[2025-09-01T10:26:02.602+0000] {foreign_HNX.py:17} INFO - Kết nối DB
[2025-09-01T10:26:02.907+0000] {foreign_HNX.py:42} INFO - Đã lưu foreign_HNX
[2025-09-01T10:26:02.908+0000] {python.py:237} INFO - Done. Returned value was: None
[2025-09-01T10:26:02.909+0000] {taskinstance.py:441} INFO - ::group::Post task execution logs
[2025-09-01T10:26:02.921+0000] {taskinstance.py:1206} INFO - Marking task as SUCCESS. dag_id=market_table_foreign, task_id=foreign_HNX, run_id=scheduled__2025-08-31T17:08:00+00:00, execution_date=20250831T170800, start_date=20250901T102602, end_date=20250901T102602
[2025-09-01T10:26:02.959+0000] {local_task_job_runner.py:240} INFO - Task exited with return code 0
[2025-09-01T10:26:02.983+0000] {taskinstance.py:3498} INFO - 0 downstream tasks scheduled from follow-on schedule check
[2025-09-01T10:26:02.985+0000] {local_task_job_runner.py:222} INFO - ::endgroup::
[2025-09-01T10:27:08.671+0000] {local_task_job_runner.py:120} INFO - ::group::Pre task execution logs
[2025-09-01T10:27:08.698+0000] {taskinstance.py:2076} INFO - Dependencies all met for dep_context=non-requeueable deps ti=<TaskInstance: market_table_foreign.foreign_HNX scheduled__2025-08-31T17:08:00+00:00 [queued]>
[2025-09-01T10:27:08.708+0000] {taskinstance.py:2076} INFO - Dependencies all met for dep_context=requeueable deps ti=<TaskInstance: market_table_foreign.foreign_HNX scheduled__2025-08-31T17:08:00+00:00 [queued]>
[2025-09-01T10:27:08.708+0000] {taskinstance.py:2306} INFO - Starting attempt 1 of 11
[2025-09-01T10:27:08.722+0000] {taskinstance.py:2330} INFO - Executing <Task(PythonOperator): foreign_HNX> on 2025-08-31 17:08:00+00:00
[2025-09-01T10:27:08.731+0000] {standard_task_runner.py:63} INFO - Started process 2318767 to run task
[2025-09-01T10:27:08.735+0000] {standard_task_runner.py:90} INFO - Running: ['***', 'tasks', 'run', 'market_table_foreign', 'foreign_HNX', 'scheduled__2025-08-31T17:08:00+00:00', '--job-id', '42364', '--raw', '--subdir', 'DAGS_FOLDER/dag_market_live.py', '--cfg-path', '/tmp/tmpziaxr826']
[2025-09-01T10:27:08.738+0000] {standard_task_runner.py:91} INFO - Job 42364: Subtask foreign_HNX
[2025-09-01T10:27:08.791+0000] {task_command.py:426} INFO - Running <TaskInstance: market_table_foreign.foreign_HNX scheduled__2025-08-31T17:08:00+00:00 [running]> on host 1877907bc043
[2025-09-01T10:27:08.885+0000] {taskinstance.py:2648} INFO - Exporting env vars: AIRFLOW_CTX_DAG_OWNER='***' AIRFLOW_CTX_DAG_ID='market_table_foreign' AIRFLOW_CTX_TASK_ID='foreign_HNX' AIRFLOW_CTX_EXECUTION_DATE='2025-08-31T17:08:00+00:00' AIRFLOW_CTX_TRY_NUMBER='1' AIRFLOW_CTX_DAG_RUN_ID='scheduled__2025-08-31T17:08:00+00:00'
[2025-09-01T10:27:08.886+0000] {taskinstance.py:430} INFO - ::endgroup::
[2025-09-01T10:27:08.900+0000] {foreign_HNX.py:17} INFO - Kết nối DB
[2025-09-01T10:27:09.233+0000] {foreign_HNX.py:42} INFO - Đã lưu foreign_HNX
[2025-09-01T10:27:09.234+0000] {python.py:237} INFO - Done. Returned value was: None
[2025-09-01T10:27:09.234+0000] {taskinstance.py:441} INFO - ::group::Post task execution logs
[2025-09-01T10:27:09.247+0000] {taskinstance.py:1206} INFO - Marking task as SUCCESS. dag_id=market_table_foreign, task_id=foreign_HNX, run_id=scheduled__2025-08-31T17:08:00+00:00, execution_date=20250831T170800, start_date=20250901T102708, end_date=20250901T102709
[2025-09-01T10:27:09.308+0000] {local_task_job_runner.py:240} INFO - Task exited with return code 0
[2025-09-01T10:27:09.331+0000] {taskinstance.py:3498} INFO - 0 downstream tasks scheduled from follow-on schedule check
[2025-09-01T10:27:09.332+0000] {local_task_job_runner.py:222} INFO - ::endgroup::
