[2025-09-05T07:19:01.725+0000] {local_task_job_runner.py:120} INFO - ::group::Pre task execution logs
[2025-09-05T07:19:01.755+0000] {taskinstance.py:2076} INFO - Dependencies all met for dep_context=non-requeueable deps ti=<TaskInstance: update_stock_history.run_get_py scheduled__2025-09-05T07:18:00+00:00 [queued]>
[2025-09-05T07:19:01.766+0000] {taskinstance.py:2076} INFO - Dependencies all met for dep_context=requeueable deps ti=<TaskInstance: update_stock_history.run_get_py scheduled__2025-09-05T07:18:00+00:00 [queued]>
[2025-09-05T07:19:01.766+0000] {taskinstance.py:2306} INFO - Starting attempt 1 of 2
[2025-09-05T07:19:01.782+0000] {taskinstance.py:2330} INFO - Executing <Task(BashOperator): run_get_py> on 2025-09-05 07:18:00+00:00
[2025-09-05T07:19:01.788+0000] {standard_task_runner.py:63} INFO - Started process 3147295 to run task
[2025-09-05T07:19:01.795+0000] {standard_task_runner.py:90} INFO - Running: ['***', 'tasks', 'run', 'update_stock_history', 'run_get_py', 'scheduled__2025-09-05T07:18:00+00:00', '--job-id', '111475', '--raw', '--subdir', 'DAGS_FOLDER/crawlchart/dags.py', '--cfg-path', '/tmp/tmpc9w76nkf']
[2025-09-05T07:19:01.796+0000] {standard_task_runner.py:91} INFO - Job 111475: Subtask run_get_py
[2025-09-05T07:19:01.857+0000] {task_command.py:426} INFO - Running <TaskInstance: update_stock_history.run_get_py scheduled__2025-09-05T07:18:00+00:00 [running]> on host 1877907bc043
[2025-09-05T07:19:01.966+0000] {taskinstance.py:2648} INFO - Exporting env vars: AIRFLOW_CTX_DAG_OWNER='***' AIRFLOW_CTX_DAG_ID='update_stock_history' AIRFLOW_CTX_TASK_ID='run_get_py' AIRFLOW_CTX_EXECUTION_DATE='2025-09-05T07:18:00+00:00' AIRFLOW_CTX_TRY_NUMBER='1' AIRFLOW_CTX_DAG_RUN_ID='scheduled__2025-09-05T07:18:00+00:00'
[2025-09-05T07:19:01.967+0000] {taskinstance.py:430} INFO - ::endgroup::
[2025-09-05T07:19:01.983+0000] {subprocess.py:63} INFO - Tmp dir root location: /tmp
[2025-09-05T07:19:01.984+0000] {subprocess.py:75} INFO - Running command: ['/usr/bin/bash', '-c', 'python3 /opt/***/dags/crawlchart/get.py']
[2025-09-05T07:19:01.997+0000] {subprocess.py:86} INFO - Output:
[2025-09-05T07:23:44.188+0000] {subprocess.py:93} INFO - 🚀 Bắt đầu cập nhật dữ liệu...
[2025-09-05T07:23:44.189+0000] {subprocess.py:93} INFO - 
[2025-09-05T07:23:44.189+0000] {subprocess.py:93} INFO - 📋 Kết quả cập nhật:
[2025-09-05T07:23:44.189+0000] {subprocess.py:93} INFO - ⚠️ Không có dữ liệu cho UPCOM Small Index
[2025-09-05T07:23:44.189+0000] {subprocess.py:93} INFO - ✅ Đã lưu VNFINSELECT vào bảng VNFINSELECT
[2025-09-05T07:23:44.190+0000] {subprocess.py:93} INFO - ✅ Đã lưu VNFINLEAD vào bảng VNFINLEAD
[2025-09-05T07:23:44.190+0000] {subprocess.py:93} INFO - ❌ Lỗi khi xử lý UPCOM Medium Index: Response ended prematurely
[2025-09-05T07:23:44.190+0000] {subprocess.py:93} INFO - ❌ Lỗi khi xử lý UPCOM Large Index: Response ended prematurely
[2025-09-05T07:23:44.190+0000] {subprocess.py:93} INFO - ✅ Đã lưu HNX Construction Index vào bảng HNX Construction Index
[2025-09-05T07:23:44.191+0000] {subprocess.py:93} INFO - ✅ Đã lưu VNENE vào bảng VNENE
[2025-09-05T07:23:44.191+0000] {subprocess.py:93} INFO - ❌ Lỗi khi xử lý HNX Large Cap Index: Response ended prematurely
[2025-09-05T07:23:44.191+0000] {subprocess.py:93} INFO - ✅ Đã lưu HNXUpcomIndex vào bảng UpcomIndex
[2025-09-05T07:23:44.191+0000] {subprocess.py:93} INFO - ❌ Lỗi khi xử lý VNDIAMOND: Response ended prematurely
[2025-09-05T07:23:44.191+0000] {subprocess.py:93} INFO - ✅ Đã lưu VN100 vào bảng VN100
[2025-09-05T07:23:44.192+0000] {subprocess.py:93} INFO - ✅ Đã lưu HNX30 vào bảng HNX30
[2025-09-05T07:23:44.192+0000] {subprocess.py:93} INFO - ❌ Lỗi khi xử lý HNXIndex: Response ended prematurely
[2025-09-05T07:23:44.192+0000] {subprocess.py:93} INFO - ❌ Lỗi khi xử lý VN30: Response ended prematurely
[2025-09-05T07:23:44.192+0000] {subprocess.py:93} INFO - ❌ Lỗi khi xử lý HNX Mid/Small Cap Index: Response ended prematurely
[2025-09-05T07:23:44.192+0000] {subprocess.py:93} INFO - ✅ Đã lưu VNCONS vào bảng VNCONS
[2025-09-05T07:23:44.193+0000] {subprocess.py:93} INFO - ❌ Lỗi khi xử lý HNX Financials Index: Response ended prematurely
[2025-09-05T07:23:44.193+0000] {subprocess.py:93} INFO - ✅ Đã lưu VNHEAL vào bảng VNHEAL
[2025-09-05T07:23:44.193+0000] {subprocess.py:93} INFO - ❌ Lỗi khi xử lý HNX Manufacturing Index: Response ended prematurely
[2025-09-05T07:23:44.193+0000] {subprocess.py:93} INFO - ❌ Lỗi khi xử lý VNINDEX: Expecting value: line 1 column 1 (char 0)
[2025-09-05T07:23:44.193+0000] {subprocess.py:93} INFO - ❌ Lỗi khi xử lý VNMAT: Response ended prematurely
[2025-09-05T07:23:44.194+0000] {subprocess.py:93} INFO - ✅ Đã lưu VNX50 vào bảng VNX50
[2025-09-05T07:23:44.194+0000] {subprocess.py:93} INFO - ❌ Lỗi khi xử lý VNMIDCAP: Response ended prematurely
[2025-09-05T07:23:44.194+0000] {subprocess.py:93} INFO - ❌ Lỗi khi xử lý VNFIN: Response ended prematurely
[2025-09-05T07:23:44.194+0000] {subprocess.py:93} INFO - ❌ Lỗi khi xử lý VNALLSHARE: Response ended prematurely
[2025-09-05T07:23:44.194+0000] {subprocess.py:93} INFO - ❌ Lỗi khi xử lý VNIND: Response ended prematurely
[2025-09-05T07:23:44.194+0000] {subprocess.py:93} INFO - ❌ Lỗi khi xử lý VNSMALLCAP: Response ended prematurely
[2025-09-05T07:23:44.195+0000] {subprocess.py:93} INFO - ❌ Lỗi khi xử lý VNUTI: Response ended prematurely
[2025-09-05T07:23:44.195+0000] {subprocess.py:93} INFO - ❌ Lỗi khi xử lý VNCOND: Response ended prematurely
[2025-09-05T07:23:44.195+0000] {subprocess.py:93} INFO - ❌ Lỗi khi xử lý VNREAL: Response ended prematurely
[2025-09-05T07:23:44.195+0000] {subprocess.py:93} INFO - ❌ Lỗi khi xử lý VNSI: Response ended prematurely
[2025-09-05T07:23:44.195+0000] {subprocess.py:93} INFO - ❌ Lỗi khi xử lý VNIT: Response ended prematurely
[2025-09-05T07:23:44.196+0000] {subprocess.py:93} INFO - ✅ Đã hoàn tất cập nhật dữ liệu vào cơ sở dữ liệu.
[2025-09-05T07:23:44.324+0000] {subprocess.py:97} INFO - Command exited with return code 0
[2025-09-05T07:23:44.325+0000] {taskinstance.py:441} INFO - ::group::Post task execution logs
[2025-09-05T07:23:44.352+0000] {taskinstance.py:1206} INFO - Marking task as SUCCESS. dag_id=update_stock_history, task_id=run_get_py, run_id=scheduled__2025-09-05T07:18:00+00:00, execution_date=20250905T071800, start_date=20250905T071901, end_date=20250905T072344
[2025-09-05T07:23:44.388+0000] {local_task_job_runner.py:240} INFO - Task exited with return code 0
[2025-09-05T07:23:44.409+0000] {taskinstance.py:3498} INFO - 0 downstream tasks scheduled from follow-on schedule check
[2025-09-05T07:23:44.410+0000] {local_task_job_runner.py:222} INFO - ::endgroup::
