[2025-08-25T15:42:00.870+0000] {local_task_job_runner.py:120} INFO - ::group::Pre task execution logs
[2025-08-25T15:42:00.893+0000] {taskinstance.py:2076} INFO - Dependencies all met for dep_context=non-requeueable deps ti=<TaskInstance: crypto_collector_dag.run_crypto_collector scheduled__2025-08-25T15:41:00+00:00 [queued]>
[2025-08-25T15:42:00.901+0000] {taskinstance.py:2076} INFO - Dependencies all met for dep_context=requeueable deps ti=<TaskInstance: crypto_collector_dag.run_crypto_collector scheduled__2025-08-25T15:41:00+00:00 [queued]>
[2025-08-25T15:42:00.901+0000] {taskinstance.py:2306} INFO - Starting attempt 1 of 2
[2025-08-25T15:42:00.911+0000] {taskinstance.py:2330} INFO - Executing <Task(BashOperator): run_crypto_collector> on 2025-08-25 15:41:00+00:00
[2025-08-25T15:42:00.918+0000] {standard_task_runner.py:63} INFO - Started process 1227168 to run task
[2025-08-25T15:42:00.922+0000] {standard_task_runner.py:90} INFO - Running: ['***', 'tasks', 'run', 'crypto_collector_dag', 'run_crypto_collector', 'scheduled__2025-08-25T15:41:00+00:00', '--job-id', '24099', '--raw', '--subdir', 'DAGS_FOLDER/crawl_crypto/dags_crypto.py', '--cfg-path', '/tmp/tmpm311rjif']
[2025-08-25T15:42:00.924+0000] {standard_task_runner.py:91} INFO - Job 24099: Subtask run_crypto_collector
[2025-08-25T15:42:00.976+0000] {task_command.py:426} INFO - Running <TaskInstance: crypto_collector_dag.run_crypto_collector scheduled__2025-08-25T15:41:00+00:00 [running]> on host 1877907bc043
[2025-08-25T15:42:01.067+0000] {taskinstance.py:2648} INFO - Exporting env vars: AIRFLOW_CTX_DAG_OWNER='***' AIRFLOW_CTX_DAG_ID='crypto_collector_dag' AIRFLOW_CTX_TASK_ID='run_crypto_collector' AIRFLOW_CTX_EXECUTION_DATE='2025-08-25T15:41:00+00:00' AIRFLOW_CTX_TRY_NUMBER='1' AIRFLOW_CTX_DAG_RUN_ID='scheduled__2025-08-25T15:41:00+00:00'
[2025-08-25T15:42:01.068+0000] {taskinstance.py:430} INFO - ::endgroup::
[2025-08-25T15:42:01.091+0000] {subprocess.py:63} INFO - Tmp dir root location: /tmp
[2025-08-25T15:42:01.092+0000] {subprocess.py:75} INFO - Running command: ['/usr/bin/bash', '-c', 'python3 /opt/***/dags/crawl_crypto/crawl_data_crypto.py']
[2025-08-25T15:42:01.107+0000] {subprocess.py:86} INFO - Output:
[2025-08-25T15:42:06.560+0000] {subprocess.py:93} INFO - 🔹 Kết nối DB...
[2025-08-25T15:42:06.561+0000] {subprocess.py:93} INFO - 🔹 Lấy top 100 crypto...
[2025-08-25T15:42:06.561+0000] {subprocess.py:93} INFO - Top 100: ['ETHUSDT', 'BTCUSDT', 'USDCUSDT', 'SOLUSDT', 'XRPUSDT', 'DOGEUSDT', 'FDUSDUSDT', 'ADAUSDT', 'TRXUSDT', 'SUIUSDT', 'BNBUSDT', 'LINKUSDT', 'PEPEUSDT', 'BIOUSDT', 'ENAUSDT', 'ARBUSDT', 'AVAXUSDT', 'LTCUSDT', 'UNIUSDT', 'PENGUUSDT', 'AAVEUSDT', 'MEMEUSDT', 'ONTUSDT', 'HBARUSDT', 'WIFUSDT', 'PLUMEUSDT', 'SEIUSDT', 'WLDUSDT', 'BONKUSDT', 'SPKUSDT', 'DOTUSDT', 'NEOUSDT', 'QTUMUSDT', 'NEARUSDT', 'LDOUSDT', 'OPUSDT', 'ETHFIUSDT', 'FILUSDT', 'TRUMPUSDT', 'PENDLEUSDT', 'CRVUSDT', 'VETUSDT', 'ONDOUSDT', 'XLMUSDT', 'APTUSDT', 'SUSDT', 'VIRTUALUSDT', 'TAOUSDT', 'FLOKIUSDT', 'SHIBUSDT', 'EURUSDT', 'PNUTUSDT', 'RAYUSDT', 'ETCUSDT', 'BOMEUSDT', 'ALGOUSDT', 'TIAUSDT', 'POLUSDT', 'BCHUSDT', 'NEIROUSDT', 'EIGENUSDT', 'TONUSDT', 'GALAUSDT', 'CFXUSDT', 'IOSTUSDT', 'XUSDUSDT', 'INJUSDT', 'AEURUSDT', 'MAVUSDT', 'RUNEUSDT', 'ATOMUSDT', 'ONGUSDT', 'JSTUSDT', 'ICPUSDT', 'FETUSDT', 'SLFUSDT', 'SYRUPUSDT', 'CAKEUSDT', 'ORDIUSDT', 'RENDERUSDT', 'ENSUSDT', 'ZKUSDT', 'JUPUSDT', 'OGNUSDT', 'WBTCUSDT', 'SPELLUSDT', 'GASUSDT', 'OMUSDT', 'MKRUSDT', 'WBETHUSDT', 'STRKUSDT', 'ARKMUSDT', 'HOOKUSDT', 'TREEUSDT', 'SAHARAUSDT', 'IOUSDT', 'THETAUSDT', 'PEOPLEUSDT', 'AUCTIONUSDT', 'RADUSDT']
[2025-08-25T15:42:06.562+0000] {subprocess.py:93} INFO - 🔹 Lưu lịch sử giá vào DB bằng threading...
[2025-08-25T15:42:06.562+0000] {subprocess.py:93} INFO - ✅ FDUSDUSDT: thêm 1 dòng mới
[2025-08-25T15:42:06.562+0000] {subprocess.py:93} INFO - 1/100 FDUSDUSDT lưu OK
[2025-08-25T15:42:06.563+0000] {subprocess.py:93} INFO - ✅ DOGEUSDT: thêm 1 dòng mới
[2025-08-25T15:42:06.563+0000] {subprocess.py:93} INFO - ✅ XRPUSDT: thêm 1 dòng mới
[2025-08-25T15:42:06.563+0000] {subprocess.py:93} INFO - ✅ TRXUSDT: thêm 1 dòng mới
[2025-08-25T15:42:06.564+0000] {subprocess.py:93} INFO - 2/100 DOGEUSDT lưu OK
[2025-08-25T15:42:06.564+0000] {subprocess.py:93} INFO - 3/100 XRPUSDT lưu OK
[2025-08-25T15:42:06.564+0000] {subprocess.py:93} INFO - ✅ SUIUSDT: thêm 1 dòng mới
[2025-08-25T15:42:06.564+0000] {subprocess.py:93} INFO - 4/100 SUIUSDT lưu OK
[2025-08-25T15:42:06.565+0000] {subprocess.py:93} INFO - 5/100 TRXUSDT lưu OK
[2025-08-25T15:42:06.565+0000] {subprocess.py:93} INFO - ✅ ADAUSDT: thêm 1 dòng mới
[2025-08-25T15:42:06.565+0000] {subprocess.py:93} INFO - 6/100 ADAUSDT lưu OK
[2025-08-25T15:42:06.566+0000] {subprocess.py:93} INFO - ✅ BTCUSDT: thêm 1 dòng mới
[2025-08-25T15:42:06.566+0000] {subprocess.py:93} INFO - ✅ ETHUSDT: thêm 1 dòng mới
[2025-08-25T15:42:06.566+0000] {subprocess.py:93} INFO - 7/100 ETHUSDT lưu OK
[2025-08-25T15:42:06.567+0000] {subprocess.py:93} INFO - 8/100 BTCUSDT lưu OK
[2025-08-25T15:42:06.567+0000] {subprocess.py:93} INFO - ✅ USDCUSDT: thêm 1 dòng mới
[2025-08-25T15:42:06.567+0000] {subprocess.py:93} INFO - 9/100 USDCUSDT lưu OK
[2025-08-25T15:42:06.567+0000] {subprocess.py:93} INFO - ✅ SOLUSDT: thêm 1 dòng mới
[2025-08-25T15:42:06.568+0000] {subprocess.py:93} INFO - 10/100 SOLUSDT lưu OK
[2025-08-25T15:42:06.568+0000] {subprocess.py:93} INFO - 11/100 BIOUSDT lỗi: relation "cryptocurrency.biousdt" does not exist
[2025-08-25T15:42:06.568+0000] {subprocess.py:93} INFO - LINE 1: SELECT MAX(time) FROM cryptocurrency.biousdt;
[2025-08-25T15:42:06.568+0000] {subprocess.py:93} INFO -                               ^
[2025-08-25T15:42:06.569+0000] {subprocess.py:93} INFO - 
[2025-08-25T15:42:06.569+0000] {subprocess.py:93} INFO - ✅ BNBUSDT: thêm 1 dòng mới
[2025-08-25T15:42:06.569+0000] {subprocess.py:93} INFO - 12/100 BNBUSDT lưu OK
[2025-08-25T15:42:06.570+0000] {subprocess.py:93} INFO - ✅ ENAUSDT: thêm 1 dòng mới
[2025-08-25T15:42:06.570+0000] {subprocess.py:93} INFO - 13/100 ENAUSDT lưu OK
[2025-08-25T15:42:06.570+0000] {subprocess.py:93} INFO - ✅ UNIUSDT: thêm 1 dòng mới
[2025-08-25T15:42:06.571+0000] {subprocess.py:93} INFO - ✅ PEPEUSDT: thêm 1 dòng mới
[2025-08-25T15:42:06.571+0000] {subprocess.py:93} INFO - 14/100 UNIUSDT lưu OK
[2025-08-25T15:42:06.571+0000] {subprocess.py:93} INFO - 15/100 PEPEUSDT lưu OK
[2025-08-25T15:42:06.571+0000] {subprocess.py:93} INFO - ✅ PENGUUSDT: thêm 1 dòng mới
[2025-08-25T15:42:06.572+0000] {subprocess.py:93} INFO - 16/100 PENGUUSDT lưu OK
[2025-08-25T15:42:06.572+0000] {subprocess.py:93} INFO - ✅ ARBUSDT: thêm 1 dòng mới
[2025-08-25T15:42:06.572+0000] {subprocess.py:93} INFO - 17/100 ARBUSDT lưu OK
[2025-08-25T15:42:06.573+0000] {subprocess.py:93} INFO - ✅ LINKUSDT: thêm 1 dòng mới
[2025-08-25T15:42:06.573+0000] {subprocess.py:93} INFO - 18/100 LINKUSDT lưu OK
[2025-08-25T15:42:06.574+0000] {subprocess.py:93} INFO - ✅ AVAXUSDT: thêm 1 dòng mới
[2025-08-25T15:42:06.575+0000] {subprocess.py:93} INFO - 19/100 AVAXUSDT lưu OK
[2025-08-25T15:42:06.575+0000] {subprocess.py:93} INFO - 20/100 ONTUSDT lỗi: relation "cryptocurrency.ontusdt" does not exist
[2025-08-25T15:42:06.576+0000] {subprocess.py:93} INFO - LINE 1: SELECT MAX(time) FROM cryptocurrency.ontusdt;
[2025-08-25T15:42:06.576+0000] {subprocess.py:93} INFO -                               ^
[2025-08-25T15:42:06.576+0000] {subprocess.py:93} INFO - 
[2025-08-25T15:42:06.577+0000] {subprocess.py:93} INFO - ✅ AAVEUSDT: thêm 1 dòng mới
[2025-08-25T15:42:06.577+0000] {subprocess.py:93} INFO - 21/100 AAVEUSDT lưu OK
[2025-08-25T15:42:06.577+0000] {subprocess.py:93} INFO - 22/100 MEMEUSDT lỗi: relation "cryptocurrency.memeusdt" does not exist
[2025-08-25T15:42:06.578+0000] {subprocess.py:93} INFO - LINE 1: SELECT MAX(time) FROM cryptocurrency.memeusdt;
[2025-08-25T15:42:06.578+0000] {subprocess.py:93} INFO -                               ^
[2025-08-25T15:42:06.578+0000] {subprocess.py:93} INFO - 
[2025-08-25T15:42:06.579+0000] {subprocess.py:93} INFO - ✅ WIFUSDT: thêm 1 dòng mới
[2025-08-25T15:42:06.579+0000] {subprocess.py:93} INFO - 23/100 WIFUSDT lưu OK
[2025-08-25T15:42:06.579+0000] {subprocess.py:93} INFO - ✅ WLDUSDT: thêm 1 dòng mới
[2025-08-25T15:42:06.580+0000] {subprocess.py:93} INFO - 24/100 WLDUSDT lưu OK
[2025-08-25T15:42:06.580+0000] {subprocess.py:93} INFO - ✅ SEIUSDT: thêm 1 dòng mới
[2025-08-25T15:42:06.580+0000] {subprocess.py:93} INFO - 25/100 SEIUSDT lưu OK
[2025-08-25T15:42:06.581+0000] {subprocess.py:93} INFO - ✅ HBARUSDT: thêm 1 dòng mới
[2025-08-25T15:42:06.581+0000] {subprocess.py:93} INFO - 26/100 HBARUSDT lưu OK
[2025-08-25T15:42:06.581+0000] {subprocess.py:93} INFO - ✅ BONKUSDT: thêm 1 dòng mới
[2025-08-25T15:42:06.582+0000] {subprocess.py:93} INFO - 27/100 BONKUSDT lưu OK
[2025-08-25T15:42:06.582+0000] {subprocess.py:93} INFO - 28/100 PLUMEUSDT lỗi: relation "cryptocurrency.plumeusdt" does not exist
[2025-08-25T15:42:06.582+0000] {subprocess.py:93} INFO - LINE 1: SELECT MAX(time) FROM cryptocurrency.plumeusdt;
[2025-08-25T15:42:06.583+0000] {subprocess.py:93} INFO -                               ^
[2025-08-25T15:42:06.583+0000] {subprocess.py:93} INFO - 
[2025-08-25T15:42:06.583+0000] {subprocess.py:93} INFO - ✅ SPKUSDT: thêm 1 dòng mới
[2025-08-25T15:42:06.584+0000] {subprocess.py:93} INFO - 29/100 SPKUSDT lưu OK
[2025-08-25T15:42:06.584+0000] {subprocess.py:93} INFO - ✅ DOTUSDT: thêm 1 dòng mới
[2025-08-25T15:42:06.584+0000] {subprocess.py:93} INFO - 30/100 DOTUSDT lưu OK
[2025-08-25T15:42:06.585+0000] {subprocess.py:93} INFO - 31/100 QTUMUSDT lỗi: relation "cryptocurrency.qtumusdt" does not exist
[2025-08-25T15:42:06.585+0000] {subprocess.py:93} INFO - LINE 1: SELECT MAX(time) FROM cryptocurrency.qtumusdt;
[2025-08-25T15:42:06.585+0000] {subprocess.py:93} INFO -                               ^
[2025-08-25T15:42:06.586+0000] {subprocess.py:93} INFO - 
[2025-08-25T15:42:06.586+0000] {subprocess.py:93} INFO - 32/100 NEOUSDT lỗi: relation "cryptocurrency.neousdt" does not exist
[2025-08-25T15:42:06.586+0000] {subprocess.py:93} INFO - LINE 1: SELECT MAX(time) FROM cryptocurrency.neousdt;
[2025-08-25T15:42:06.586+0000] {subprocess.py:93} INFO -                               ^
[2025-08-25T15:42:06.587+0000] {subprocess.py:93} INFO - 
[2025-08-25T15:42:06.587+0000] {subprocess.py:93} INFO - ✅ LDOUSDT: thêm 1 dòng mới
[2025-08-25T15:42:06.587+0000] {subprocess.py:93} INFO - 33/100 LDOUSDT lưu OK
[2025-08-25T15:42:06.588+0000] {subprocess.py:93} INFO - ✅ OPUSDT: thêm 1 dòng mới
[2025-08-25T15:42:06.588+0000] {subprocess.py:93} INFO - 34/100 OPUSDT lưu OK
[2025-08-25T15:42:06.588+0000] {subprocess.py:93} INFO - ✅ NEARUSDT: thêm 1 dòng mới
[2025-08-25T15:42:06.589+0000] {subprocess.py:93} INFO - 35/100 NEARUSDT lưu OK
[2025-08-25T15:42:06.589+0000] {subprocess.py:93} INFO - ✅ ETHFIUSDT: thêm 1 dòng mới
[2025-08-25T15:42:06.589+0000] {subprocess.py:93} INFO - 36/100 ETHFIUSDT lưu OK
[2025-08-25T15:42:06.589+0000] {subprocess.py:93} INFO - ✅ FILUSDT: thêm 1 dòng mới
[2025-08-25T15:42:06.590+0000] {subprocess.py:93} INFO - 37/100 FILUSDT lưu OK
[2025-08-25T15:42:06.590+0000] {subprocess.py:93} INFO - ✅ TRUMPUSDT: thêm 1 dòng mới
[2025-08-25T15:42:06.590+0000] {subprocess.py:93} INFO - 38/100 TRUMPUSDT lưu OK
[2025-08-25T15:42:06.591+0000] {subprocess.py:93} INFO - ✅ PENDLEUSDT: thêm 1 dòng mới
[2025-08-25T15:42:06.591+0000] {subprocess.py:93} INFO - 39/100 PENDLEUSDT lưu OK
[2025-08-25T15:42:06.591+0000] {subprocess.py:93} INFO - ✅ LTCUSDT: thêm 1 dòng mới
[2025-08-25T15:42:06.591+0000] {subprocess.py:93} INFO - 40/100 LTCUSDT lưu OK
[2025-08-25T15:42:06.592+0000] {subprocess.py:93} INFO - 41/100 VETUSDT lỗi: relation "cryptocurrency.vetusdt" does not exist
[2025-08-25T15:42:06.592+0000] {subprocess.py:93} INFO - LINE 1: SELECT MAX(time) FROM cryptocurrency.vetusdt;
[2025-08-25T15:42:06.592+0000] {subprocess.py:93} INFO -                               ^
[2025-08-25T15:42:06.593+0000] {subprocess.py:93} INFO - 
[2025-08-25T15:42:06.593+0000] {subprocess.py:93} INFO - ✅ CRVUSDT: thêm 1 dòng mới
[2025-08-25T15:42:06.593+0000] {subprocess.py:93} INFO - 42/100 CRVUSDT lưu OK
[2025-08-25T15:42:06.593+0000] {subprocess.py:93} INFO - ✅ ONDOUSDT: thêm 1 dòng mới
[2025-08-25T15:42:06.594+0000] {subprocess.py:93} INFO - 43/100 ONDOUSDT lưu OK
[2025-08-25T15:42:06.594+0000] {subprocess.py:93} INFO - ✅ XLMUSDT: thêm 1 dòng mới
[2025-08-25T15:42:06.594+0000] {subprocess.py:93} INFO - 44/100 XLMUSDT lưu OK
[2025-08-25T15:42:06.595+0000] {subprocess.py:93} INFO - ✅ VIRTUALUSDT: thêm 1 dòng mới
[2025-08-25T15:42:06.595+0000] {subprocess.py:93} INFO - 45/100 VIRTUALUSDT lưu OK
[2025-08-25T15:42:06.595+0000] {subprocess.py:93} INFO - ✅ APTUSDT: thêm 1 dòng mới
[2025-08-25T15:42:06.595+0000] {subprocess.py:93} INFO - 46/100 APTUSDT lưu OK
[2025-08-25T15:42:06.596+0000] {subprocess.py:93} INFO - ✅ SUSDT: thêm 1 dòng mới
[2025-08-25T15:42:06.596+0000] {subprocess.py:93} INFO - 47/100 SUSDT lưu OK
[2025-08-25T15:42:06.596+0000] {subprocess.py:93} INFO - ✅ TAOUSDT: thêm 1 dòng mới
[2025-08-25T15:42:06.597+0000] {subprocess.py:93} INFO - 48/100 TAOUSDT lưu OK
[2025-08-25T15:42:06.597+0000] {subprocess.py:93} INFO - ✅ FLOKIUSDT: thêm 1 dòng mới
[2025-08-25T15:42:06.597+0000] {subprocess.py:93} INFO - 49/100 FLOKIUSDT lưu OK
[2025-08-25T15:42:06.597+0000] {subprocess.py:93} INFO - ✅ SHIBUSDT: thêm 1 dòng mới
[2025-08-25T15:42:06.598+0000] {subprocess.py:93} INFO - 50/100 SHIBUSDT lưu OK
[2025-08-25T15:42:06.598+0000] {subprocess.py:93} INFO - ✅ EURUSDT: thêm 1 dòng mới
[2025-08-25T15:42:06.598+0000] {subprocess.py:93} INFO - 51/100 EURUSDT lưu OK
[2025-08-25T15:42:06.599+0000] {subprocess.py:93} INFO - ✅ PNUTUSDT: thêm 1 dòng mới
[2025-08-25T15:42:06.599+0000] {subprocess.py:93} INFO - 52/100 PNUTUSDT lưu OK
[2025-08-25T15:42:06.599+0000] {subprocess.py:93} INFO - ✅ RAYUSDT: thêm 1 dòng mới
[2025-08-25T15:42:06.599+0000] {subprocess.py:93} INFO - 53/100 RAYUSDT lưu OK
[2025-08-25T15:42:06.600+0000] {subprocess.py:93} INFO - 54/100 BOMEUSDT lỗi: relation "cryptocurrency.bomeusdt" does not exist
[2025-08-25T15:42:06.600+0000] {subprocess.py:93} INFO - LINE 1: SELECT MAX(time) FROM cryptocurrency.bomeusdt;
[2025-08-25T15:42:06.600+0000] {subprocess.py:93} INFO -                               ^
[2025-08-25T15:42:06.601+0000] {subprocess.py:93} INFO - 
[2025-08-25T15:42:06.601+0000] {subprocess.py:93} INFO - ✅ ALGOUSDT: thêm 1 dòng mới
[2025-08-25T15:42:06.601+0000] {subprocess.py:93} INFO - 55/100 ALGOUSDT lưu OK
[2025-08-25T15:42:06.601+0000] {subprocess.py:93} INFO - ✅ ETCUSDT: thêm 1 dòng mới
[2025-08-25T15:42:06.602+0000] {subprocess.py:93} INFO - 56/100 ETCUSDT lưu OK
[2025-08-25T15:42:06.602+0000] {subprocess.py:93} INFO - ✅ BCHUSDT: thêm 1 dòng mới
[2025-08-25T15:42:06.602+0000] {subprocess.py:93} INFO - 57/100 BCHUSDT lưu OK
[2025-08-25T15:42:06.603+0000] {subprocess.py:93} INFO - ✅ TIAUSDT: thêm 1 dòng mới
[2025-08-25T15:42:06.603+0000] {subprocess.py:93} INFO - 58/100 TIAUSDT lưu OK
[2025-08-25T15:42:06.603+0000] {subprocess.py:93} INFO - ✅ NEIROUSDT: thêm 1 dòng mới
[2025-08-25T15:42:06.603+0000] {subprocess.py:93} INFO - 59/100 NEIROUSDT lưu OK
[2025-08-25T15:42:06.604+0000] {subprocess.py:93} INFO - ✅ POLUSDT: thêm 1 dòng mới
[2025-08-25T15:42:06.604+0000] {subprocess.py:93} INFO - 60/100 POLUSDT lưu OK
[2025-08-25T15:42:06.604+0000] {subprocess.py:93} INFO - ✅ EIGENUSDT: thêm 1 dòng mới
[2025-08-25T15:42:06.604+0000] {subprocess.py:93} INFO - 61/100 EIGENUSDT lưu OK
[2025-08-25T15:42:06.605+0000] {subprocess.py:93} INFO - ✅ TONUSDT: thêm 1 dòng mới
[2025-08-25T15:42:06.605+0000] {subprocess.py:93} INFO - 62/100 TONUSDT lưu OK
[2025-08-25T15:42:06.605+0000] {subprocess.py:93} INFO - ✅ GALAUSDT: thêm 1 dòng mới
[2025-08-25T15:42:06.606+0000] {subprocess.py:93} INFO - 63/100 GALAUSDT lưu OK
[2025-08-25T15:42:06.606+0000] {subprocess.py:93} INFO - ✅ CFXUSDT: thêm 1 dòng mới
[2025-08-25T15:42:06.606+0000] {subprocess.py:93} INFO - 64/100 CFXUSDT lưu OK
[2025-08-25T15:42:06.606+0000] {subprocess.py:93} INFO - 65/100 IOSTUSDT lỗi: relation "cryptocurrency.iostusdt" does not exist
[2025-08-25T15:42:06.607+0000] {subprocess.py:93} INFO - LINE 1: SELECT MAX(time) FROM cryptocurrency.iostusdt;
[2025-08-25T15:42:06.607+0000] {subprocess.py:93} INFO -                               ^
[2025-08-25T15:42:06.607+0000] {subprocess.py:93} INFO - 
[2025-08-25T15:42:06.608+0000] {subprocess.py:93} INFO - ✅ XUSDUSDT: thêm 1 dòng mới
[2025-08-25T15:42:06.608+0000] {subprocess.py:93} INFO - 66/100 XUSDUSDT lưu OK
[2025-08-25T15:42:06.608+0000] {subprocess.py:93} INFO - ✅ INJUSDT: thêm 1 dòng mới
[2025-08-25T15:42:06.608+0000] {subprocess.py:93} INFO - 67/100 INJUSDT lưu OK
[2025-08-25T15:42:06.609+0000] {subprocess.py:93} INFO - 68/100 AEURUSDT lỗi: relation "cryptocurrency.aeurusdt" does not exist
[2025-08-25T15:42:06.609+0000] {subprocess.py:93} INFO - LINE 1: SELECT MAX(time) FROM cryptocurrency.aeurusdt;
[2025-08-25T15:42:06.609+0000] {subprocess.py:93} INFO -                               ^
[2025-08-25T15:42:06.610+0000] {subprocess.py:93} INFO - 
[2025-08-25T15:42:06.610+0000] {subprocess.py:93} INFO - ✅ MAVUSDT: thêm 1 dòng mới
[2025-08-25T15:42:06.610+0000] {subprocess.py:93} INFO - 69/100 MAVUSDT lưu OK
[2025-08-25T15:42:06.610+0000] {subprocess.py:93} INFO - 70/100 RUNEUSDT lỗi: relation "cryptocurrency.runeusdt" does not exist
[2025-08-25T15:42:06.611+0000] {subprocess.py:93} INFO - LINE 1: SELECT MAX(time) FROM cryptocurrency.runeusdt;
[2025-08-25T15:42:06.611+0000] {subprocess.py:93} INFO -                               ^
[2025-08-25T15:42:06.611+0000] {subprocess.py:93} INFO - 
[2025-08-25T15:42:06.612+0000] {subprocess.py:93} INFO - 71/100 ATOMUSDT lỗi: relation "cryptocurrency.atomusdt" does not exist
[2025-08-25T15:42:06.612+0000] {subprocess.py:93} INFO - LINE 1: SELECT MAX(time) FROM cryptocurrency.atomusdt;
[2025-08-25T15:42:06.612+0000] {subprocess.py:93} INFO -                               ^
[2025-08-25T15:42:06.613+0000] {subprocess.py:93} INFO - 
[2025-08-25T15:42:06.613+0000] {subprocess.py:93} INFO - 72/100 ONGUSDT lỗi: relation "cryptocurrency.ongusdt" does not exist
[2025-08-25T15:42:06.613+0000] {subprocess.py:93} INFO - LINE 1: SELECT MAX(time) FROM cryptocurrency.ongusdt;
[2025-08-25T15:42:06.613+0000] {subprocess.py:93} INFO -                               ^
[2025-08-25T15:42:06.614+0000] {subprocess.py:93} INFO - 
[2025-08-25T15:42:06.614+0000] {subprocess.py:93} INFO - 73/100 JSTUSDT lỗi: relation "cryptocurrency.jstusdt" does not exist
[2025-08-25T15:42:06.614+0000] {subprocess.py:93} INFO - LINE 1: SELECT MAX(time) FROM cryptocurrency.jstusdt;
[2025-08-25T15:42:06.615+0000] {subprocess.py:93} INFO -                               ^
[2025-08-25T15:42:06.615+0000] {subprocess.py:93} INFO - 
[2025-08-25T15:42:06.615+0000] {subprocess.py:93} INFO - ✅ ICPUSDT: thêm 1 dòng mới
[2025-08-25T15:42:06.615+0000] {subprocess.py:93} INFO - 74/100 ICPUSDT lưu OK
[2025-08-25T15:42:06.616+0000] {subprocess.py:93} INFO - ✅ FETUSDT: thêm 1 dòng mới
[2025-08-25T15:42:06.616+0000] {subprocess.py:93} INFO - 75/100 FETUSDT lưu OK
[2025-08-25T15:42:06.616+0000] {subprocess.py:93} INFO - 76/100 SLFUSDT lỗi: relation "cryptocurrency.slfusdt" does not exist
[2025-08-25T15:42:06.616+0000] {subprocess.py:93} INFO - LINE 1: SELECT MAX(time) FROM cryptocurrency.slfusdt;
[2025-08-25T15:42:06.617+0000] {subprocess.py:93} INFO -                               ^
[2025-08-25T15:42:06.617+0000] {subprocess.py:93} INFO - 
[2025-08-25T15:42:06.617+0000] {subprocess.py:93} INFO - ✅ SYRUPUSDT: thêm 1 dòng mới
[2025-08-25T15:42:06.618+0000] {subprocess.py:93} INFO - 77/100 SYRUPUSDT lưu OK
[2025-08-25T15:42:06.618+0000] {subprocess.py:93} INFO - ✅ CAKEUSDT: thêm 1 dòng mới
[2025-08-25T15:42:06.618+0000] {subprocess.py:93} INFO - 78/100 CAKEUSDT lưu OK
[2025-08-25T15:42:06.618+0000] {subprocess.py:93} INFO - ✅ ORDIUSDT: thêm 1 dòng mới
[2025-08-25T15:42:06.619+0000] {subprocess.py:93} INFO - 79/100 ORDIUSDT lưu OK
[2025-08-25T15:42:06.619+0000] {subprocess.py:93} INFO - ✅ RENDERUSDT: thêm 1 dòng mới
[2025-08-25T15:42:06.619+0000] {subprocess.py:93} INFO - 80/100 RENDERUSDT lưu OK
[2025-08-25T15:42:06.620+0000] {subprocess.py:93} INFO - ✅ ENSUSDT: thêm 1 dòng mới
[2025-08-25T15:42:06.620+0000] {subprocess.py:93} INFO - 81/100 ENSUSDT lưu OK
[2025-08-25T15:42:06.620+0000] {subprocess.py:93} INFO - 82/100 ZKUSDT lỗi: relation "cryptocurrency.zkusdt" does not exist
[2025-08-25T15:42:06.620+0000] {subprocess.py:93} INFO - LINE 1: SELECT MAX(time) FROM cryptocurrency.zkusdt;
[2025-08-25T15:42:06.621+0000] {subprocess.py:93} INFO -                               ^
[2025-08-25T15:42:06.621+0000] {subprocess.py:93} INFO - 
[2025-08-25T15:42:06.621+0000] {subprocess.py:93} INFO - 83/100 SPELLUSDT lỗi: relation "cryptocurrency.spellusdt" does not exist
[2025-08-25T15:42:06.622+0000] {subprocess.py:93} INFO - LINE 1: SELECT MAX(time) FROM cryptocurrency.spellusdt;
[2025-08-25T15:42:06.622+0000] {subprocess.py:93} INFO -                               ^
[2025-08-25T15:42:06.622+0000] {subprocess.py:93} INFO - 
[2025-08-25T15:42:06.622+0000] {subprocess.py:93} INFO - 84/100 JUPUSDT lỗi: relation "cryptocurrency.jupusdt" does not exist
[2025-08-25T15:42:06.623+0000] {subprocess.py:93} INFO - LINE 1: SELECT MAX(time) FROM cryptocurrency.jupusdt;
[2025-08-25T15:42:06.623+0000] {subprocess.py:93} INFO -                               ^
[2025-08-25T15:42:06.623+0000] {subprocess.py:93} INFO - 
[2025-08-25T15:42:06.624+0000] {subprocess.py:93} INFO - ✅ OGNUSDT: thêm 1 dòng mới
[2025-08-25T15:42:06.624+0000] {subprocess.py:93} INFO - 85/100 WBTCUSDT lỗi: relation "cryptocurrency.wbtcusdt" does not exist
[2025-08-25T15:42:06.624+0000] {subprocess.py:93} INFO - LINE 1: SELECT MAX(time) FROM cryptocurrency.wbtcusdt;
[2025-08-25T15:42:06.624+0000] {subprocess.py:93} INFO -                               ^
[2025-08-25T15:42:06.625+0000] {subprocess.py:93} INFO - 
[2025-08-25T15:42:06.625+0000] {subprocess.py:93} INFO - 86/100 OGNUSDT lưu OK
[2025-08-25T15:42:06.987+0000] {subprocess.py:93} INFO - 87/100 GASUSDT lỗi: relation "cryptocurrency.gasusdt" does not exist
[2025-08-25T15:42:06.988+0000] {subprocess.py:93} INFO - LINE 1: SELECT MAX(time) FROM cryptocurrency.gasusdt;
[2025-08-25T15:42:06.988+0000] {subprocess.py:93} INFO -                               ^
[2025-08-25T15:42:06.988+0000] {subprocess.py:93} INFO - 
[2025-08-25T15:42:06.988+0000] {subprocess.py:93} INFO - ✅ OMUSDT: thêm 1 dòng mới
[2025-08-25T15:42:06.989+0000] {subprocess.py:93} INFO - 88/100 OMUSDT lưu OK
[2025-08-25T15:42:06.989+0000] {subprocess.py:93} INFO - 89/100 WBETHUSDT lỗi: relation "cryptocurrency.wbethusdt" does not exist
[2025-08-25T15:42:06.989+0000] {subprocess.py:93} INFO - LINE 1: SELECT MAX(time) FROM cryptocurrency.wbethusdt;
[2025-08-25T15:42:06.989+0000] {subprocess.py:93} INFO -                               ^
[2025-08-25T15:42:06.990+0000] {subprocess.py:93} INFO - 
[2025-08-25T15:42:06.990+0000] {subprocess.py:93} INFO - 90/100 MKRUSDT lỗi: relation "cryptocurrency.mkrusdt" does not exist
[2025-08-25T15:42:06.990+0000] {subprocess.py:93} INFO - LINE 1: SELECT MAX(time) FROM cryptocurrency.mkrusdt;
[2025-08-25T15:42:06.990+0000] {subprocess.py:93} INFO -                               ^
[2025-08-25T15:42:06.990+0000] {subprocess.py:93} INFO - 
[2025-08-25T15:42:06.991+0000] {subprocess.py:93} INFO - 91/100 STRKUSDT lỗi: relation "cryptocurrency.strkusdt" does not exist
[2025-08-25T15:42:06.991+0000] {subprocess.py:93} INFO - LINE 1: SELECT MAX(time) FROM cryptocurrency.strkusdt;
[2025-08-25T15:42:06.991+0000] {subprocess.py:93} INFO -                               ^
[2025-08-25T15:42:06.992+0000] {subprocess.py:93} INFO - 
[2025-08-25T15:42:06.992+0000] {subprocess.py:93} INFO - 92/100 HOOKUSDT lỗi: relation "cryptocurrency.hookusdt" does not exist
[2025-08-25T15:42:06.992+0000] {subprocess.py:93} INFO - LINE 1: SELECT MAX(time) FROM cryptocurrency.hookusdt;
[2025-08-25T15:42:06.992+0000] {subprocess.py:93} INFO -                               ^
[2025-08-25T15:42:06.993+0000] {subprocess.py:93} INFO - 
[2025-08-25T15:42:06.993+0000] {subprocess.py:93} INFO - 93/100 TREEUSDT lỗi: relation "cryptocurrency.treeusdt" does not exist
[2025-08-25T15:42:06.993+0000] {subprocess.py:93} INFO - LINE 1: SELECT MAX(time) FROM cryptocurrency.treeusdt;
[2025-08-25T15:42:06.993+0000] {subprocess.py:93} INFO -                               ^
[2025-08-25T15:42:06.993+0000] {subprocess.py:93} INFO - 
[2025-08-25T15:42:06.994+0000] {subprocess.py:93} INFO - ✅ ARKMUSDT: thêm 1 dòng mới
[2025-08-25T15:42:06.994+0000] {subprocess.py:93} INFO - 94/100 ARKMUSDT lưu OK
[2025-08-25T15:42:06.994+0000] {subprocess.py:93} INFO - 95/100 SAHARAUSDT lỗi: relation "cryptocurrency.saharausdt" does not exist
[2025-08-25T15:42:06.994+0000] {subprocess.py:93} INFO - LINE 1: SELECT MAX(time) FROM cryptocurrency.saharausdt;
[2025-08-25T15:42:06.994+0000] {subprocess.py:93} INFO -                               ^
[2025-08-25T15:42:06.995+0000] {subprocess.py:93} INFO - 
[2025-08-25T15:42:06.995+0000] {subprocess.py:93} INFO - 96/100 IOUSDT lỗi: relation "cryptocurrency.iousdt" does not exist
[2025-08-25T15:42:06.995+0000] {subprocess.py:93} INFO - LINE 1: SELECT MAX(time) FROM cryptocurrency.iousdt;
[2025-08-25T15:42:06.995+0000] {subprocess.py:93} INFO -                               ^
[2025-08-25T15:42:06.995+0000] {subprocess.py:93} INFO - 
[2025-08-25T15:42:06.996+0000] {subprocess.py:93} INFO - 97/100 THETAUSDT lỗi: relation "cryptocurrency.thetausdt" does not exist
[2025-08-25T15:42:06.996+0000] {subprocess.py:93} INFO - LINE 1: SELECT MAX(time) FROM cryptocurrency.thetausdt;
[2025-08-25T15:42:06.996+0000] {subprocess.py:93} INFO -                               ^
[2025-08-25T15:42:06.996+0000] {subprocess.py:93} INFO - 
[2025-08-25T15:42:06.997+0000] {subprocess.py:93} INFO - 98/100 AUCTIONUSDT lỗi: relation "cryptocurrency.auctionusdt" does not exist
[2025-08-25T15:42:06.997+0000] {subprocess.py:93} INFO - LINE 1: SELECT MAX(time) FROM cryptocurrency.auctionusdt;
[2025-08-25T15:42:06.997+0000] {subprocess.py:93} INFO -                               ^
[2025-08-25T15:42:06.997+0000] {subprocess.py:93} INFO - 
[2025-08-25T15:42:06.997+0000] {subprocess.py:93} INFO - 99/100 PEOPLEUSDT lỗi: relation "cryptocurrency.peopleusdt" does not exist
[2025-08-25T15:42:06.998+0000] {subprocess.py:93} INFO - LINE 1: SELECT MAX(time) FROM cryptocurrency.peopleusdt;
[2025-08-25T15:42:06.998+0000] {subprocess.py:93} INFO -                               ^
[2025-08-25T15:42:06.998+0000] {subprocess.py:93} INFO - 
[2025-08-25T15:42:06.998+0000] {subprocess.py:93} INFO - 100/100 RADUSDT lỗi: relation "cryptocurrency.radusdt" does not exist
[2025-08-25T15:42:06.998+0000] {subprocess.py:93} INFO - LINE 1: SELECT MAX(time) FROM cryptocurrency.radusdt;
[2025-08-25T15:42:06.999+0000] {subprocess.py:93} INFO -                               ^
[2025-08-25T15:42:06.999+0000] {subprocess.py:93} INFO - 
[2025-08-25T15:42:07.103+0000] {subprocess.py:97} INFO - Command exited with return code 0
[2025-08-25T15:42:07.104+0000] {taskinstance.py:441} INFO - ::group::Post task execution logs
[2025-08-25T15:42:07.142+0000] {taskinstance.py:1206} INFO - Marking task as SUCCESS. dag_id=crypto_collector_dag, task_id=run_crypto_collector, run_id=scheduled__2025-08-25T15:41:00+00:00, execution_date=20250825T154100, start_date=20250825T154200, end_date=20250825T154207
[2025-08-25T15:42:07.196+0000] {local_task_job_runner.py:240} INFO - Task exited with return code 0
[2025-08-25T15:42:07.222+0000] {taskinstance.py:3498} INFO - 0 downstream tasks scheduled from follow-on schedule check
[2025-08-25T15:42:07.224+0000] {local_task_job_runner.py:222} INFO - ::endgroup::
