[2025-08-27T08:04:15.545+0000] {local_task_job_runner.py:120} INFO - ::group::Pre task execution logs
[2025-08-27T08:04:15.565+0000] {taskinstance.py:2076} INFO - Dependencies all met for dep_context=non-requeueable deps ti=<TaskInstance: crypto_collector_dag.run_crypto_collector scheduled__2025-08-27T08:03:00+00:00 [queued]>
[2025-08-27T08:04:15.572+0000] {taskinstance.py:2076} INFO - Dependencies all met for dep_context=requeueable deps ti=<TaskInstance: crypto_collector_dag.run_crypto_collector scheduled__2025-08-27T08:03:00+00:00 [queued]>
[2025-08-27T08:04:15.572+0000] {taskinstance.py:2306} INFO - Starting attempt 1 of 2
[2025-08-27T08:04:15.582+0000] {taskinstance.py:2330} INFO - Executing <Task(BashOperator): run_crypto_collector> on 2025-08-27 08:03:00+00:00
[2025-08-27T08:04:15.588+0000] {standard_task_runner.py:63} INFO - Started process 1500666 to run task
[2025-08-27T08:04:15.591+0000] {standard_task_runner.py:90} INFO - Running: ['***', 'tasks', 'run', 'crypto_collector_dag', 'run_crypto_collector', 'scheduled__2025-08-27T08:03:00+00:00', '--job-id', '28261', '--raw', '--subdir', 'DAGS_FOLDER/crawl_crypto/dags_crypto.py', '--cfg-path', '/tmp/tmppj2p0tfm']
[2025-08-27T08:04:15.593+0000] {standard_task_runner.py:91} INFO - Job 28261: Subtask run_crypto_collector
[2025-08-27T08:04:15.667+0000] {task_command.py:426} INFO - Running <TaskInstance: crypto_collector_dag.run_crypto_collector scheduled__2025-08-27T08:03:00+00:00 [running]> on host 1877907bc043
[2025-08-27T08:04:15.815+0000] {taskinstance.py:2648} INFO - Exporting env vars: AIRFLOW_CTX_DAG_OWNER='***' AIRFLOW_CTX_DAG_ID='crypto_collector_dag' AIRFLOW_CTX_TASK_ID='run_crypto_collector' AIRFLOW_CTX_EXECUTION_DATE='2025-08-27T08:03:00+00:00' AIRFLOW_CTX_TRY_NUMBER='1' AIRFLOW_CTX_DAG_RUN_ID='scheduled__2025-08-27T08:03:00+00:00'
[2025-08-27T08:04:15.816+0000] {taskinstance.py:430} INFO - ::endgroup::
[2025-08-27T08:04:15.836+0000] {subprocess.py:63} INFO - Tmp dir root location: /tmp
[2025-08-27T08:04:15.837+0000] {subprocess.py:75} INFO - Running command: ['/usr/bin/bash', '-c', 'python3 /opt/***/dags/crawl_crypto/crawl_data_crypto.py']
[2025-08-27T08:04:15.851+0000] {subprocess.py:86} INFO - Output:
[2025-08-27T08:04:32.503+0000] {subprocess.py:93} INFO - 🔹 Kết nối DB...
[2025-08-27T08:04:32.504+0000] {subprocess.py:93} INFO - 🔹 Lấy top 100 crypto...
[2025-08-27T08:04:32.504+0000] {subprocess.py:93} INFO - Top 100: ['ETHUSDT', 'USDCUSDT', 'BTCUSDT', 'SOLUSDT', 'XRPUSDT', 'FDUSDUSDT', 'DOGEUSDT', 'LINKUSDT', 'TRXUSDT', 'SUIUSDT', 'ADAUSDT', 'BNBUSDT', 'NMRUSDT', 'ENAUSDT', 'PEPEUSDT', 'ARBUSDT', 'UNIUSDT', 'BIOUSDT', 'AVAXUSDT', 'XLMUSDT', 'AAVEUSDT', 'PLUMEUSDT', 'BERAUSDT', 'LTCUSDT', 'PENGUUSDT', 'PENDLEUSDT', 'LPTUSDT', 'BCHUSDT', 'MEMEUSDT', 'HBARUSDT', 'WLDUSDT', 'TRUMPUSDT', 'ETHFIUSDT', 'CKBUSDT', 'BONKUSDT', 'SEIUSDT', 'WIFUSDT', 'NEARUSDT', 'OPUSDT', 'SYRUPUSDT', 'CRVUSDT', 'ONDOUSDT', 'LDOUSDT', 'DOTUSDT', 'NTRNUSDT', 'EURUSDT', 'SNXUSDT', 'APTUSDT', 'SUSDT', 'QTUMUSDT', 'TAOUSDT', 'SHIBUSDT', 'USD1USDT', 'FILUSDT', 'FLOKIUSDT', 'PNUTUSDT', 'TONUSDT', 'SPKUSDT', 'TIAUSDT', 'EDUUSDT', 'RAYUSDT', 'ETCUSDT', 'VIRTUALUSDT', 'POLUSDT', 'BOMEUSDT', 'NEOUSDT', 'NEIROUSDT', 'MAGICUSDT', 'INJUSDT', 'MKRUSDT', 'BBUSDT', 'PARTIUSDT', 'MOVRUSDT', 'ONTUSDT', 'RLCUSDT', 'MAVUSDT', 'BFUSDUSDT', 'VETUSDT', 'CFXUSDT', 'WBTCUSDT', 'IDUSDT', 'GALAUSDT', 'ALGOUSDT', 'EIGENUSDT', 'JUPUSDT', 'RESOLVUSDT', 'RUNEUSDT', 'ICPUSDT', 'ATOMUSDT', 'RENDERUSDT', 'CTSIUSDT', 'ORDIUSDT', 'XUSDUSDT', 'ARKMUSDT', 'KERNELUSDT', 'CAKEUSDT', 'FETUSDT', 'AIUSDT', 'JSTUSDT', 'HYPERUSDT']
[2025-08-27T08:04:32.505+0000] {subprocess.py:93} INFO - 🔹 Lưu lịch sử giá vào DB bằng threading...
[2025-08-27T08:04:32.505+0000] {subprocess.py:93} INFO - ✅ XRPUSDT: thêm 1 dòng mới
[2025-08-27T08:04:32.506+0000] {subprocess.py:93} INFO - ✅ LINKUSDT: thêm 1 dòng mới
[2025-08-27T08:04:32.506+0000] {subprocess.py:93} INFO - ✅ USDCUSDT: thêm 1 dòng mới
[2025-08-27T08:04:32.506+0000] {subprocess.py:93} INFO - ✅ SUIUSDT: thêm 1 dòng mới
[2025-08-27T08:04:32.507+0000] {subprocess.py:93} INFO - ✅ BTCUSDT: thêm 1 dòng mới
[2025-08-27T08:04:32.507+0000] {subprocess.py:93} INFO - ✅ FDUSDUSDT: thêm 1 dòng mới
[2025-08-27T08:04:32.508+0000] {subprocess.py:93} INFO - ✅ TRXUSDT: thêm 1 dòng mới
[2025-08-27T08:04:32.508+0000] {subprocess.py:93} INFO - ✅ DOGEUSDT: thêm 1 dòng mới
[2025-08-27T08:04:32.509+0000] {subprocess.py:93} INFO - ✅ ETHUSDT: thêm 1 dòng mới
[2025-08-27T08:04:32.509+0000] {subprocess.py:93} INFO - 1/100 SUIUSDT lưu OK
[2025-08-27T08:04:32.509+0000] {subprocess.py:93} INFO - 2/100 XRPUSDT lưu OK
[2025-08-27T08:04:32.510+0000] {subprocess.py:93} INFO - 3/100 TRXUSDT lưu OK
[2025-08-27T08:04:32.510+0000] {subprocess.py:93} INFO - 4/100 DOGEUSDT lưu OK
[2025-08-27T08:04:32.511+0000] {subprocess.py:93} INFO - 5/100 BTCUSDT lưu OK
[2025-08-27T08:04:32.511+0000] {subprocess.py:93} INFO - 6/100 USDCUSDT lưu OK
[2025-08-27T08:04:32.511+0000] {subprocess.py:93} INFO - ✅ SOLUSDT: thêm 1 dòng mới
[2025-08-27T08:04:32.512+0000] {subprocess.py:93} INFO - 7/100 LINKUSDT lưu OK
[2025-08-27T08:04:32.512+0000] {subprocess.py:93} INFO - 8/100 FDUSDUSDT lưu OK
[2025-08-27T08:04:32.512+0000] {subprocess.py:93} INFO - 9/100 ETHUSDT lưu OK
[2025-08-27T08:04:32.513+0000] {subprocess.py:93} INFO - 10/100 SOLUSDT lưu OK
[2025-08-27T08:04:32.513+0000] {subprocess.py:93} INFO - 11/100 NMRUSDT lỗi: relation "cryptocurrency.nmrusdt" does not exist
[2025-08-27T08:04:32.513+0000] {subprocess.py:93} INFO - LINE 1: SELECT MAX(time) FROM cryptocurrency.nmrusdt;
[2025-08-27T08:04:32.514+0000] {subprocess.py:93} INFO -                               ^
[2025-08-27T08:04:32.514+0000] {subprocess.py:93} INFO - 
[2025-08-27T08:04:32.515+0000] {subprocess.py:93} INFO - 12/100 BIOUSDT lỗi: relation "cryptocurrency.biousdt" does not exist
[2025-08-27T08:04:32.515+0000] {subprocess.py:93} INFO - LINE 1: SELECT MAX(time) FROM cryptocurrency.biousdt;
[2025-08-27T08:04:32.515+0000] {subprocess.py:93} INFO -                               ^
[2025-08-27T08:04:32.516+0000] {subprocess.py:93} INFO - 
[2025-08-27T08:04:32.516+0000] {subprocess.py:93} INFO - ⏩ PEPEUSDT: không có dữ liệu mới, skip.
[2025-08-27T08:04:32.516+0000] {subprocess.py:93} INFO - ⏩ ARBUSDT: không có dữ liệu mới, skip.
[2025-08-27T08:04:32.517+0000] {subprocess.py:93} INFO - ✅ BNBUSDT: thêm 1 dòng mới
[2025-08-27T08:04:32.517+0000] {subprocess.py:93} INFO - 13/100 PEPEUSDT lưu OK
[2025-08-27T08:04:32.517+0000] {subprocess.py:93} INFO - 14/100 BNBUSDT lưu OK
[2025-08-27T08:04:32.518+0000] {subprocess.py:93} INFO - 15/100 ARBUSDT lưu OK
[2025-08-27T08:04:32.518+0000] {subprocess.py:93} INFO - ✅ AVAXUSDT: thêm 1 dòng mới
[2025-08-27T08:04:32.519+0000] {subprocess.py:93} INFO - 16/100 AVAXUSDT lưu OK
[2025-08-27T08:04:32.519+0000] {subprocess.py:93} INFO - ✅ ENAUSDT: thêm 1 dòng mới
[2025-08-27T08:04:32.519+0000] {subprocess.py:93} INFO - 17/100 ENAUSDT lưu OK
[2025-08-27T08:04:32.519+0000] {subprocess.py:93} INFO - ✅ ADAUSDT: thêm 1 dòng mới
[2025-08-27T08:04:32.520+0000] {subprocess.py:93} INFO - ✅ XLMUSDT: thêm 1 dòng mới
[2025-08-27T08:04:32.520+0000] {subprocess.py:93} INFO - 18/100 ADAUSDT lưu OK
[2025-08-27T08:04:32.520+0000] {subprocess.py:93} INFO - 19/100 XLMUSDT lưu OK
[2025-08-27T08:04:32.521+0000] {subprocess.py:93} INFO - ✅ UNIUSDT: thêm 1 dòng mới
[2025-08-27T08:04:32.521+0000] {subprocess.py:93} INFO - 20/100 UNIUSDT lưu OK
[2025-08-27T08:04:32.521+0000] {subprocess.py:93} INFO - ⏩ PENGUUSDT: không có dữ liệu mới, skip.
[2025-08-27T08:04:32.521+0000] {subprocess.py:93} INFO - 21/100 PENGUUSDT lưu OK
[2025-08-27T08:04:32.522+0000] {subprocess.py:93} INFO - ⏩ HBARUSDT: không có dữ liệu mới, skip.
[2025-08-27T08:04:32.522+0000] {subprocess.py:93} INFO - ⏩ AAVEUSDT: không có dữ liệu mới, skip.
[2025-08-27T08:04:32.522+0000] {subprocess.py:93} INFO - ⏩ BCHUSDT: không có dữ liệu mới, skip.
[2025-08-27T08:04:32.522+0000] {subprocess.py:93} INFO - 22/100 HBARUSDT lưu OK
[2025-08-27T08:04:32.523+0000] {subprocess.py:93} INFO - 23/100 BCHUSDT lưu OK
[2025-08-27T08:04:32.523+0000] {subprocess.py:93} INFO - 24/100 AAVEUSDT lưu OK
[2025-08-27T08:04:32.523+0000] {subprocess.py:93} INFO - 25/100 MEMEUSDT lỗi: relation "cryptocurrency.memeusdt" does not exist
[2025-08-27T08:04:32.523+0000] {subprocess.py:93} INFO - LINE 1: SELECT MAX(time) FROM cryptocurrency.memeusdt;
[2025-08-27T08:04:32.524+0000] {subprocess.py:93} INFO -                               ^
[2025-08-27T08:04:32.524+0000] {subprocess.py:93} INFO - 
[2025-08-27T08:04:32.524+0000] {subprocess.py:93} INFO - 26/100 PLUMEUSDT lỗi: relation "cryptocurrency.plumeusdt" does not exist
[2025-08-27T08:04:32.525+0000] {subprocess.py:93} INFO - LINE 1: SELECT MAX(time) FROM cryptocurrency.plumeusdt;
[2025-08-27T08:04:32.525+0000] {subprocess.py:93} INFO -                               ^
[2025-08-27T08:04:32.526+0000] {subprocess.py:93} INFO - 
[2025-08-27T08:04:32.526+0000] {subprocess.py:93} INFO - ⏩ LTCUSDT: không có dữ liệu mới, skip.
[2025-08-27T08:04:32.526+0000] {subprocess.py:93} INFO - 27/100 LTCUSDT lưu OK
[2025-08-27T08:04:32.527+0000] {subprocess.py:93} INFO - ⏩ PENDLEUSDT: không có dữ liệu mới, skip.
[2025-08-27T08:04:32.527+0000] {subprocess.py:93} INFO - 28/100 LPTUSDT lỗi: relation "cryptocurrency.lptusdt" does not exist
[2025-08-27T08:04:32.528+0000] {subprocess.py:93} INFO - LINE 1: SELECT MAX(time) FROM cryptocurrency.lptusdt;
[2025-08-27T08:04:32.528+0000] {subprocess.py:93} INFO -                               ^
[2025-08-27T08:04:32.528+0000] {subprocess.py:93} INFO - 
[2025-08-27T08:04:32.529+0000] {subprocess.py:93} INFO - 29/100 PENDLEUSDT lưu OK
[2025-08-27T08:04:32.529+0000] {subprocess.py:93} INFO - ✅ BERAUSDT: thêm 1 dòng mới
[2025-08-27T08:04:32.529+0000] {subprocess.py:93} INFO - 30/100 BERAUSDT lưu OK
[2025-08-27T08:04:32.529+0000] {subprocess.py:93} INFO - ⏩ WLDUSDT: không có dữ liệu mới, skip.
[2025-08-27T08:04:32.530+0000] {subprocess.py:93} INFO - 31/100 WLDUSDT lưu OK
[2025-08-27T08:04:32.530+0000] {subprocess.py:93} INFO - ⏩ ETHFIUSDT: không có dữ liệu mới, skip.
[2025-08-27T08:04:32.530+0000] {subprocess.py:93} INFO - ⏩ SYRUPUSDT: không có dữ liệu mới, skip.
[2025-08-27T08:04:32.530+0000] {subprocess.py:93} INFO - ⏩ TRUMPUSDT: không có dữ liệu mới, skip.
[2025-08-27T08:04:32.531+0000] {subprocess.py:93} INFO - 32/100 ETHFIUSDT lưu OK
[2025-08-27T08:04:32.531+0000] {subprocess.py:93} INFO - 33/100 SYRUPUSDT lưu OK
[2025-08-27T08:04:32.531+0000] {subprocess.py:93} INFO - 34/100 TRUMPUSDT lưu OK
[2025-08-27T08:04:32.531+0000] {subprocess.py:93} INFO - ⏩ SEIUSDT: không có dữ liệu mới, skip.
[2025-08-27T08:04:32.532+0000] {subprocess.py:93} INFO - 35/100 SEIUSDT lưu OK
[2025-08-27T08:04:32.532+0000] {subprocess.py:93} INFO - 36/100 CKBUSDT lỗi: relation "cryptocurrency.ckbusdt" does not exist
[2025-08-27T08:04:32.533+0000] {subprocess.py:93} INFO - LINE 1: SELECT MAX(time) FROM cryptocurrency.ckbusdt;
[2025-08-27T08:04:32.533+0000] {subprocess.py:93} INFO -                               ^
[2025-08-27T08:04:32.533+0000] {subprocess.py:93} INFO - 
[2025-08-27T08:04:32.533+0000] {subprocess.py:93} INFO - ⏩ BONKUSDT: không có dữ liệu mới, skip.
[2025-08-27T08:04:32.534+0000] {subprocess.py:93} INFO - 37/100 BONKUSDT lưu OK
[2025-08-27T08:04:32.534+0000] {subprocess.py:93} INFO - ⏩ NEARUSDT: không có dữ liệu mới, skip.
[2025-08-27T08:04:32.534+0000] {subprocess.py:93} INFO - 38/100 NEARUSDT lưu OK
[2025-08-27T08:04:32.535+0000] {subprocess.py:93} INFO - ⏩ OPUSDT: không có dữ liệu mới, skip.
[2025-08-27T08:04:32.535+0000] {subprocess.py:93} INFO - 39/100 OPUSDT lưu OK
[2025-08-27T08:04:32.535+0000] {subprocess.py:93} INFO - ⏩ WIFUSDT: không có dữ liệu mới, skip.
[2025-08-27T08:04:32.536+0000] {subprocess.py:93} INFO - 40/100 WIFUSDT lưu OK
[2025-08-27T08:04:32.536+0000] {subprocess.py:93} INFO - ⏩ LDOUSDT: không có dữ liệu mới, skip.
[2025-08-27T08:04:32.536+0000] {subprocess.py:93} INFO - 41/100 NTRNUSDT lỗi: relation "cryptocurrency.ntrnusdt" does not exist
[2025-08-27T08:04:32.536+0000] {subprocess.py:93} INFO - LINE 1: SELECT MAX(time) FROM cryptocurrency.ntrnusdt;
[2025-08-27T08:04:32.537+0000] {subprocess.py:93} INFO -                               ^
[2025-08-27T08:04:32.537+0000] {subprocess.py:93} INFO - 
[2025-08-27T08:04:32.537+0000] {subprocess.py:93} INFO - 42/100 SNXUSDT lỗi: relation "cryptocurrency.snxusdt" does not exist
[2025-08-27T08:04:32.537+0000] {subprocess.py:93} INFO - LINE 1: SELECT MAX(time) FROM cryptocurrency.snxusdt;
[2025-08-27T08:04:32.538+0000] {subprocess.py:93} INFO -                               ^
[2025-08-27T08:04:32.538+0000] {subprocess.py:93} INFO - 
[2025-08-27T08:04:32.538+0000] {subprocess.py:93} INFO - 43/100 QTUMUSDT lỗi: relation "cryptocurrency.qtumusdt" does not exist
[2025-08-27T08:04:32.538+0000] {subprocess.py:93} INFO - LINE 1: SELECT MAX(time) FROM cryptocurrency.qtumusdt;
[2025-08-27T08:04:32.539+0000] {subprocess.py:93} INFO -                               ^
[2025-08-27T08:04:32.539+0000] {subprocess.py:93} INFO - 
[2025-08-27T08:04:32.539+0000] {subprocess.py:93} INFO - ⏩ DOTUSDT: không có dữ liệu mới, skip.
[2025-08-27T08:04:32.540+0000] {subprocess.py:93} INFO - ⏩ EURUSDT: không có dữ liệu mới, skip.
[2025-08-27T08:04:32.540+0000] {subprocess.py:93} INFO - 44/100 LDOUSDT lưu OK
[2025-08-27T08:04:32.540+0000] {subprocess.py:93} INFO - 45/100 DOTUSDT lưu OK
[2025-08-27T08:04:32.540+0000] {subprocess.py:93} INFO - 46/100 EURUSDT lưu OK
[2025-08-27T08:04:32.541+0000] {subprocess.py:93} INFO - ⏩ SUSDT: không có dữ liệu mới, skip.
[2025-08-27T08:04:32.541+0000] {subprocess.py:93} INFO - ⏩ APTUSDT: không có dữ liệu mới, skip.
[2025-08-27T08:04:32.541+0000] {subprocess.py:93} INFO - 47/100 APTUSDT lưu OK
[2025-08-27T08:04:32.541+0000] {subprocess.py:93} INFO - ⏩ CRVUSDT: không có dữ liệu mới, skip.
[2025-08-27T08:04:32.542+0000] {subprocess.py:93} INFO - 48/100 SUSDT lưu OK
[2025-08-27T08:04:32.542+0000] {subprocess.py:93} INFO - 49/100 CRVUSDT lưu OK
[2025-08-27T08:04:32.542+0000] {subprocess.py:93} INFO - ⏩ ONDOUSDT: không có dữ liệu mới, skip.
[2025-08-27T08:04:32.543+0000] {subprocess.py:93} INFO - 50/100 ONDOUSDT lưu OK
[2025-08-27T08:04:32.543+0000] {subprocess.py:93} INFO - ⏩ PNUTUSDT: không có dữ liệu mới, skip.
[2025-08-27T08:04:32.543+0000] {subprocess.py:93} INFO - ⏩ FILUSDT: không có dữ liệu mới, skip.
[2025-08-27T08:04:32.543+0000] {subprocess.py:93} INFO - ⏩ FLOKIUSDT: không có dữ liệu mới, skip.
[2025-08-27T08:04:32.544+0000] {subprocess.py:93} INFO - ⏩ SHIBUSDT: không có dữ liệu mới, skip.
[2025-08-27T08:04:32.544+0000] {subprocess.py:93} INFO - ⏩ SPKUSDT: không có dữ liệu mới, skip.
[2025-08-27T08:04:32.544+0000] {subprocess.py:93} INFO - ⏩ TONUSDT: không có dữ liệu mới, skip.
[2025-08-27T08:04:32.545+0000] {subprocess.py:93} INFO - ⏩ TIAUSDT: không có dữ liệu mới, skip.
[2025-08-27T08:04:32.545+0000] {subprocess.py:93} INFO - ⏩ TAOUSDT: không có dữ liệu mới, skip.
[2025-08-27T08:04:32.546+0000] {subprocess.py:93} INFO - 51/100 USD1USDT lỗi: relation "cryptocurrency.usd1usdt" does not exist
[2025-08-27T08:04:32.546+0000] {subprocess.py:93} INFO - LINE 1: SELECT MAX(time) FROM cryptocurrency.usd1usdt;
[2025-08-27T08:04:32.547+0000] {subprocess.py:93} INFO -                               ^
[2025-08-27T08:04:32.547+0000] {subprocess.py:93} INFO - 
[2025-08-27T08:04:32.547+0000] {subprocess.py:93} INFO - 52/100 PNUTUSDT lưu OK
[2025-08-27T08:04:32.548+0000] {subprocess.py:93} INFO - 53/100 SHIBUSDT lưu OK
[2025-08-27T08:04:32.548+0000] {subprocess.py:93} INFO - 54/100 FLOKIUSDT lưu OK
[2025-08-27T08:04:32.548+0000] {subprocess.py:93} INFO - 55/100 TIAUSDT lưu OK
[2025-08-27T08:04:32.549+0000] {subprocess.py:93} INFO - 56/100 EDUUSDT lỗi: relation "cryptocurrency.eduusdt" does not exist
[2025-08-27T08:04:32.549+0000] {subprocess.py:93} INFO - LINE 1: SELECT MAX(time) FROM cryptocurrency.eduusdt;
[2025-08-27T08:04:32.549+0000] {subprocess.py:93} INFO -                               ^
[2025-08-27T08:04:32.550+0000] {subprocess.py:93} INFO - 
[2025-08-27T08:04:32.550+0000] {subprocess.py:93} INFO - 57/100 SPKUSDT lưu OK
[2025-08-27T08:04:32.551+0000] {subprocess.py:93} INFO - 58/100 TAOUSDT lưu OK
[2025-08-27T08:04:32.551+0000] {subprocess.py:93} INFO - 59/100 TONUSDT lưu OK
[2025-08-27T08:04:32.551+0000] {subprocess.py:93} INFO - 60/100 FILUSDT lưu OK
[2025-08-27T08:04:32.552+0000] {subprocess.py:93} INFO - ⏩ RAYUSDT: không có dữ liệu mới, skip.
[2025-08-27T08:04:32.552+0000] {subprocess.py:93} INFO - ⏩ ETCUSDT: không có dữ liệu mới, skip.
[2025-08-27T08:04:32.552+0000] {subprocess.py:93} INFO - ⏩ NEIROUSDT: không có dữ liệu mới, skip.
[2025-08-27T08:04:32.553+0000] {subprocess.py:93} INFO - ⏩ MAGICUSDT: không có dữ liệu mới, skip.
[2025-08-27T08:04:32.553+0000] {subprocess.py:93} INFO - ⏩ INJUSDT: không có dữ liệu mới, skip.
[2025-08-27T08:04:32.554+0000] {subprocess.py:93} INFO - ⏩ VIRTUALUSDT: không có dữ liệu mới, skip.
[2025-08-27T08:04:32.554+0000] {subprocess.py:93} INFO - ⏩ POLUSDT: không có dữ liệu mới, skip.
[2025-08-27T08:04:32.554+0000] {subprocess.py:93} INFO - 61/100 RAYUSDT lưu OK
[2025-08-27T08:04:32.555+0000] {subprocess.py:93} INFO - 62/100 NEOUSDT lỗi: relation "cryptocurrency.neousdt" does not exist
[2025-08-27T08:04:32.555+0000] {subprocess.py:93} INFO - LINE 1: SELECT MAX(time) FROM cryptocurrency.neousdt;
[2025-08-27T08:04:32.555+0000] {subprocess.py:93} INFO -                               ^
[2025-08-27T08:04:32.556+0000] {subprocess.py:93} INFO - 
[2025-08-27T08:04:32.556+0000] {subprocess.py:93} INFO - 63/100 ETCUSDT lưu OK
[2025-08-27T08:04:32.556+0000] {subprocess.py:93} INFO - 64/100 MKRUSDT lỗi: relation "cryptocurrency.mkrusdt" does not exist
[2025-08-27T08:04:32.557+0000] {subprocess.py:93} INFO - LINE 1: SELECT MAX(time) FROM cryptocurrency.mkrusdt;
[2025-08-27T08:04:32.557+0000] {subprocess.py:93} INFO -                               ^
[2025-08-27T08:04:32.557+0000] {subprocess.py:93} INFO - 
[2025-08-27T08:04:32.558+0000] {subprocess.py:93} INFO - 65/100 NEIROUSDT lưu OK
[2025-08-27T08:04:32.558+0000] {subprocess.py:93} INFO - 66/100 INJUSDT lưu OK
[2025-08-27T08:04:32.558+0000] {subprocess.py:93} INFO - 67/100 MAGICUSDT lưu OK
[2025-08-27T08:04:32.559+0000] {subprocess.py:93} INFO - 68/100 BOMEUSDT lỗi: relation "cryptocurrency.bomeusdt" does not exist
[2025-08-27T08:04:32.559+0000] {subprocess.py:93} INFO - LINE 1: SELECT MAX(time) FROM cryptocurrency.bomeusdt;
[2025-08-27T08:04:32.559+0000] {subprocess.py:93} INFO -                               ^
[2025-08-27T08:04:32.560+0000] {subprocess.py:93} INFO - 
[2025-08-27T08:04:32.560+0000] {subprocess.py:93} INFO - 69/100 VIRTUALUSDT lưu OK
[2025-08-27T08:04:32.560+0000] {subprocess.py:93} INFO - 70/100 POLUSDT lưu OK
[2025-08-27T08:04:32.561+0000] {subprocess.py:93} INFO - ⏩ MAVUSDT: không có dữ liệu mới, skip.
[2025-08-27T08:04:32.561+0000] {subprocess.py:93} INFO - ⏩ CFXUSDT: không có dữ liệu mới, skip.
[2025-08-27T08:04:32.561+0000] {subprocess.py:93} INFO - 71/100 RLCUSDT lỗi: relation "cryptocurrency.rlcusdt" does not exist
[2025-08-27T08:04:32.562+0000] {subprocess.py:93} INFO - LINE 1: SELECT MAX(time) FROM cryptocurrency.rlcusdt;
[2025-08-27T08:04:32.562+0000] {subprocess.py:93} INFO -                               ^
[2025-08-27T08:04:32.562+0000] {subprocess.py:93} INFO - 
[2025-08-27T08:04:32.563+0000] {subprocess.py:93} INFO - 72/100 ONTUSDT lỗi: relation "cryptocurrency.ontusdt" does not exist
[2025-08-27T08:04:32.563+0000] {subprocess.py:93} INFO - LINE 1: SELECT MAX(time) FROM cryptocurrency.ontusdt;
[2025-08-27T08:04:32.563+0000] {subprocess.py:93} INFO -                               ^
[2025-08-27T08:04:32.564+0000] {subprocess.py:93} INFO - 
[2025-08-27T08:04:32.564+0000] {subprocess.py:93} INFO - 73/100 MAVUSDT lưu OK
[2025-08-27T08:04:32.564+0000] {subprocess.py:93} INFO - 74/100 CFXUSDT lưu OK
[2025-08-27T08:04:32.565+0000] {subprocess.py:93} INFO - 75/100 VETUSDT lỗi: relation "cryptocurrency.vetusdt" does not exist
[2025-08-27T08:04:32.565+0000] {subprocess.py:93} INFO - LINE 1: SELECT MAX(time) FROM cryptocurrency.vetusdt;
[2025-08-27T08:04:32.565+0000] {subprocess.py:93} INFO -                               ^
[2025-08-27T08:04:32.566+0000] {subprocess.py:93} INFO - 
[2025-08-27T08:04:32.566+0000] {subprocess.py:93} INFO - 76/100 PARTIUSDT lỗi: relation "cryptocurrency.partiusdt" does not exist
[2025-08-27T08:04:32.566+0000] {subprocess.py:93} INFO - LINE 1: SELECT MAX(time) FROM cryptocurrency.partiusdt;
[2025-08-27T08:04:32.567+0000] {subprocess.py:93} INFO -                               ^
[2025-08-27T08:04:32.567+0000] {subprocess.py:93} INFO - 
[2025-08-27T08:04:34.502+0000] {subprocess.py:93} INFO - 77/100 WBTCUSDT lỗi: relation "cryptocurrency.wbtcusdt" does not exist
[2025-08-27T08:04:34.503+0000] {subprocess.py:93} INFO - LINE 1: SELECT MAX(time) FROM cryptocurrency.wbtcusdt;
[2025-08-27T08:04:34.503+0000] {subprocess.py:93} INFO -                               ^
[2025-08-27T08:04:34.503+0000] {subprocess.py:93} INFO - 
[2025-08-27T08:04:34.503+0000] {subprocess.py:93} INFO - 78/100 MOVRUSDT lỗi: relation "cryptocurrency.movrusdt" does not exist
[2025-08-27T08:04:34.504+0000] {subprocess.py:93} INFO - LINE 1: SELECT MAX(time) FROM cryptocurrency.movrusdt;
[2025-08-27T08:04:34.504+0000] {subprocess.py:93} INFO -                               ^
[2025-08-27T08:04:34.504+0000] {subprocess.py:93} INFO - 
[2025-08-27T08:04:34.504+0000] {subprocess.py:93} INFO - 79/100 BBUSDT lỗi: relation "cryptocurrency.bbusdt" does not exist
[2025-08-27T08:04:34.505+0000] {subprocess.py:93} INFO - LINE 1: SELECT MAX(time) FROM cryptocurrency.bbusdt;
[2025-08-27T08:04:34.505+0000] {subprocess.py:93} INFO -                               ^
[2025-08-27T08:04:34.505+0000] {subprocess.py:93} INFO - 
[2025-08-27T08:04:34.505+0000] {subprocess.py:93} INFO - ✅ BFUSDUSDT: thêm 28 dòng mới
[2025-08-27T08:04:34.505+0000] {subprocess.py:93} INFO - 80/100 BFUSDUSDT lưu OK
[2025-08-27T08:04:34.506+0000] {subprocess.py:93} INFO - 81/100 IDUSDT lỗi: relation "cryptocurrency.idusdt" does not exist
[2025-08-27T08:04:34.506+0000] {subprocess.py:93} INFO - LINE 1: SELECT MAX(time) FROM cryptocurrency.idusdt;
[2025-08-27T08:04:34.506+0000] {subprocess.py:93} INFO -                               ^
[2025-08-27T08:04:34.506+0000] {subprocess.py:93} INFO - 
[2025-08-27T08:04:34.507+0000] {subprocess.py:93} INFO - 82/100 ALGOUSDT lỗi: connection to server at "videv.cloud" (27.74.74.29), port 5432 failed: FATAL:  remaining connection slots are reserved for roles with the SUPERUSER attribute
[2025-08-27T08:04:34.507+0000] {subprocess.py:93} INFO - 
[2025-08-27T08:04:34.507+0000] {subprocess.py:93} INFO - 83/100 RESOLVUSDT lỗi: connection to server at "videv.cloud" (27.74.74.29), port 5432 failed: FATAL:  remaining connection slots are reserved for roles with the SUPERUSER attribute
[2025-08-27T08:04:34.507+0000] {subprocess.py:93} INFO - 
[2025-08-27T08:04:34.507+0000] {subprocess.py:93} INFO - 84/100 JUPUSDT lỗi: connection to server at "videv.cloud" (27.74.74.29), port 5432 failed: FATAL:  remaining connection slots are reserved for roles with the SUPERUSER attribute
[2025-08-27T08:04:34.508+0000] {subprocess.py:93} INFO - 
[2025-08-27T08:04:34.508+0000] {subprocess.py:93} INFO - 85/100 GALAUSDT lỗi: connection to server at "videv.cloud" (27.74.74.29), port 5432 failed: FATAL:  remaining connection slots are reserved for roles with the SUPERUSER attribute
[2025-08-27T08:04:34.508+0000] {subprocess.py:93} INFO - 
[2025-08-27T08:04:34.508+0000] {subprocess.py:93} INFO - 86/100 RUNEUSDT lỗi: connection to server at "videv.cloud" (27.74.74.29), port 5432 failed: FATAL:  remaining connection slots are reserved for roles with the SUPERUSER attribute
[2025-08-27T08:04:34.509+0000] {subprocess.py:93} INFO - 
[2025-08-27T08:04:34.509+0000] {subprocess.py:93} INFO - 87/100 ICPUSDT lỗi: connection to server at "videv.cloud" (27.74.74.29), port 5432 failed: FATAL:  remaining connection slots are reserved for roles with the SUPERUSER attribute
[2025-08-27T08:04:34.509+0000] {subprocess.py:93} INFO - 
[2025-08-27T08:04:34.509+0000] {subprocess.py:93} INFO - 88/100 ATOMUSDT lỗi: relation "cryptocurrency.atomusdt" does not exist
[2025-08-27T08:04:34.509+0000] {subprocess.py:93} INFO - LINE 1: SELECT MAX(time) FROM cryptocurrency.atomusdt;
[2025-08-27T08:04:34.510+0000] {subprocess.py:93} INFO -                               ^
[2025-08-27T08:04:34.510+0000] {subprocess.py:93} INFO - 
[2025-08-27T08:04:34.510+0000] {subprocess.py:93} INFO - ⏩ RENDERUSDT: không có dữ liệu mới, skip.
[2025-08-27T08:04:34.511+0000] {subprocess.py:93} INFO - 89/100 RENDERUSDT lưu OK
[2025-08-27T08:04:34.511+0000] {subprocess.py:93} INFO - ⏩ EIGENUSDT: không có dữ liệu mới, skip.
[2025-08-27T08:04:34.511+0000] {subprocess.py:93} INFO - ✅ CTSIUSDT: thêm 28 dòng mới
[2025-08-27T08:04:34.511+0000] {subprocess.py:93} INFO - 90/100 EIGENUSDT lưu OK
[2025-08-27T08:04:34.511+0000] {subprocess.py:93} INFO - 91/100 CTSIUSDT lưu OK
[2025-08-27T08:04:34.512+0000] {subprocess.py:93} INFO - 92/100 CAKEUSDT lỗi: connection to server at "videv.cloud" (27.74.74.29), port 5432 failed: FATAL:  remaining connection slots are reserved for roles with the SUPERUSER attribute
[2025-08-27T08:04:34.512+0000] {subprocess.py:93} INFO - 
[2025-08-27T08:04:34.512+0000] {subprocess.py:93} INFO - 93/100 AIUSDT lỗi: connection to server at "videv.cloud" (27.74.74.29), port 5432 failed: FATAL:  remaining connection slots are reserved for roles with the SUPERUSER attribute
[2025-08-27T08:04:34.512+0000] {subprocess.py:93} INFO - 
[2025-08-27T08:04:34.512+0000] {subprocess.py:93} INFO - 94/100 JSTUSDT lỗi: relation "cryptocurrency.jstusdt" does not exist
[2025-08-27T08:04:34.513+0000] {subprocess.py:93} INFO - LINE 1: SELECT MAX(time) FROM cryptocurrency.jstusdt;
[2025-08-27T08:04:34.513+0000] {subprocess.py:93} INFO -                               ^
[2025-08-27T08:04:34.513+0000] {subprocess.py:93} INFO - 
[2025-08-27T08:04:34.513+0000] {subprocess.py:93} INFO - ⏩ ARKMUSDT: không có dữ liệu mới, skip.
[2025-08-27T08:04:34.513+0000] {subprocess.py:93} INFO - 95/100 HYPERUSDT lỗi: relation "cryptocurrency.hyperusdt" does not exist
[2025-08-27T08:04:34.514+0000] {subprocess.py:93} INFO - LINE 1: SELECT MAX(time) FROM cryptocurrency.hyperusdt;
[2025-08-27T08:04:34.514+0000] {subprocess.py:93} INFO -                               ^
[2025-08-27T08:04:34.514+0000] {subprocess.py:93} INFO - 
[2025-08-27T08:04:34.514+0000] {subprocess.py:93} INFO - 96/100 KERNELUSDT lỗi: relation "cryptocurrency.kernelusdt" does not exist
[2025-08-27T08:04:34.515+0000] {subprocess.py:93} INFO - LINE 1: SELECT MAX(time) FROM cryptocurrency.kernelusdt;
[2025-08-27T08:04:34.515+0000] {subprocess.py:93} INFO -                               ^
[2025-08-27T08:04:34.515+0000] {subprocess.py:93} INFO - 
[2025-08-27T08:04:34.515+0000] {subprocess.py:93} INFO - 97/100 ARKMUSDT lưu OK
[2025-08-27T08:04:34.515+0000] {subprocess.py:93} INFO - ✅ FETUSDT: thêm 28 dòng mới
[2025-08-27T08:04:34.516+0000] {subprocess.py:93} INFO - ✅ XUSDUSDT: thêm 28 dòng mới
[2025-08-27T08:04:34.516+0000] {subprocess.py:93} INFO - 98/100 FETUSDT lưu OK
[2025-08-27T08:04:34.516+0000] {subprocess.py:93} INFO - 99/100 XUSDUSDT lưu OK
[2025-08-27T08:04:34.516+0000] {subprocess.py:93} INFO - ✅ ORDIUSDT: thêm 28 dòng mới
[2025-08-27T08:04:34.516+0000] {subprocess.py:93} INFO - 100/100 ORDIUSDT lưu OK
[2025-08-27T08:04:34.620+0000] {subprocess.py:97} INFO - Command exited with return code 0
[2025-08-27T08:04:34.621+0000] {taskinstance.py:441} INFO - ::group::Post task execution logs
[2025-08-27T08:04:34.652+0000] {taskinstance.py:1206} INFO - Marking task as SUCCESS. dag_id=crypto_collector_dag, task_id=run_crypto_collector, run_id=scheduled__2025-08-27T08:03:00+00:00, execution_date=20250827T080300, start_date=20250827T080415, end_date=20250827T080434
[2025-08-27T08:04:34.697+0000] {local_task_job_runner.py:240} INFO - Task exited with return code 0
[2025-08-27T08:04:34.721+0000] {taskinstance.py:3498} INFO - 0 downstream tasks scheduled from follow-on schedule check
[2025-08-27T08:04:34.722+0000] {local_task_job_runner.py:222} INFO - ::endgroup::
