[2025-09-01T10:25:52.452+0000] {local_task_job_runner.py:120} INFO - ::group::Pre task execution logs
[2025-09-01T10:25:52.480+0000] {taskinstance.py:2076} INFO - Dependencies all met for dep_context=non-requeueable deps ti=<TaskInstance: market_table_foreign.activity_HNX scheduled__2025-08-31T17:01:00+00:00 [queued]>
[2025-09-01T10:25:52.488+0000] {taskinstance.py:2076} INFO - Dependencies all met for dep_context=requeueable deps ti=<TaskInstance: market_table_foreign.activity_HNX scheduled__2025-08-31T17:01:00+00:00 [queued]>
[2025-09-01T10:25:52.488+0000] {taskinstance.py:2306} INFO - Starting attempt 1 of 11
[2025-09-01T10:25:52.499+0000] {taskinstance.py:2330} INFO - Executing <Task(PythonOperator): activity_HNX> on 2025-08-31 17:01:00+00:00
[2025-09-01T10:25:52.518+0000] {standard_task_runner.py:63} INFO - Started process 2317710 to run task
[2025-09-01T10:25:52.522+0000] {standard_task_runner.py:90} INFO - Running: ['***', 'tasks', 'run', 'market_table_foreign', 'activity_HNX', 'scheduled__2025-08-31T17:01:00+00:00', '--job-id', '42064', '--raw', '--subdir', 'DAGS_FOLDER/dag_market_live.py', '--cfg-path', '/tmp/tmpt0a92ihd']
[2025-09-01T10:25:52.525+0000] {standard_task_runner.py:91} INFO - Job 42064: Subtask activity_HNX
[2025-09-01T10:25:52.583+0000] {task_command.py:426} INFO - Running <TaskInstance: market_table_foreign.activity_HNX scheduled__2025-08-31T17:01:00+00:00 [running]> on host 1877907bc043
[2025-09-01T10:25:52.671+0000] {taskinstance.py:2648} INFO - Exporting env vars: AIRFLOW_CTX_DAG_OWNER='***' AIRFLOW_CTX_DAG_ID='market_table_foreign' AIRFLOW_CTX_TASK_ID='activity_HNX' AIRFLOW_CTX_EXECUTION_DATE='2025-08-31T17:01:00+00:00' AIRFLOW_CTX_TRY_NUMBER='1' AIRFLOW_CTX_DAG_RUN_ID='scheduled__2025-08-31T17:01:00+00:00'
[2025-09-01T10:25:52.672+0000] {taskinstance.py:430} INFO - ::endgroup::
[2025-09-01T10:25:52.686+0000] {activity_HNX.py:17} INFO - Kết nối DB
[2025-09-01T10:25:52.885+0000] {activity_HNX.py:55} ERROR - Lỗi lưu activity_HNX
Traceback (most recent call last):
  File "/opt/airflow/dags/utils/market_data/activity_HNX.py", line 35, in activity_HNX
    point=float(dfindex.loc[dfindex['symbol']=='HNXIndex','point'].values[0])
IndexError: index 0 is out of bounds for axis 0 with size 0
[2025-09-01T10:25:52.887+0000] {python.py:237} INFO - Done. Returned value was: None
[2025-09-01T10:25:52.889+0000] {taskinstance.py:441} INFO - ::group::Post task execution logs
[2025-09-01T10:25:52.905+0000] {taskinstance.py:1206} INFO - Marking task as SUCCESS. dag_id=market_table_foreign, task_id=activity_HNX, run_id=scheduled__2025-08-31T17:01:00+00:00, execution_date=20250831T170100, start_date=20250901T102552, end_date=20250901T102552
[2025-09-01T10:25:52.974+0000] {local_task_job_runner.py:240} INFO - Task exited with return code 0
[2025-09-01T10:25:52.994+0000] {taskinstance.py:3498} INFO - 0 downstream tasks scheduled from follow-on schedule check
[2025-09-01T10:25:52.996+0000] {local_task_job_runner.py:222} INFO - ::endgroup::
[2025-09-01T10:26:58.932+0000] {local_task_job_runner.py:120} INFO - ::group::Pre task execution logs
[2025-09-01T10:26:58.964+0000] {taskinstance.py:2076} INFO - Dependencies all met for dep_context=non-requeueable deps ti=<TaskInstance: market_table_foreign.activity_HNX scheduled__2025-08-31T17:01:00+00:00 [queued]>
[2025-09-01T10:26:58.974+0000] {taskinstance.py:2076} INFO - Dependencies all met for dep_context=requeueable deps ti=<TaskInstance: market_table_foreign.activity_HNX scheduled__2025-08-31T17:01:00+00:00 [queued]>
[2025-09-01T10:26:58.975+0000] {taskinstance.py:2306} INFO - Starting attempt 1 of 11
[2025-09-01T10:26:58.989+0000] {taskinstance.py:2330} INFO - Executing <Task(PythonOperator): activity_HNX> on 2025-08-31 17:01:00+00:00
[2025-09-01T10:26:58.996+0000] {standard_task_runner.py:63} INFO - Started process 2318519 to run task
[2025-09-01T10:26:59.001+0000] {standard_task_runner.py:90} INFO - Running: ['***', 'tasks', 'run', 'market_table_foreign', 'activity_HNX', 'scheduled__2025-08-31T17:01:00+00:00', '--job-id', '42306', '--raw', '--subdir', 'DAGS_FOLDER/dag_market_live.py', '--cfg-path', '/tmp/tmpf33ge0n0']
[2025-09-01T10:26:59.004+0000] {standard_task_runner.py:91} INFO - Job 42306: Subtask activity_HNX
[2025-09-01T10:26:59.063+0000] {task_command.py:426} INFO - Running <TaskInstance: market_table_foreign.activity_HNX scheduled__2025-08-31T17:01:00+00:00 [running]> on host 1877907bc043
[2025-09-01T10:26:59.159+0000] {taskinstance.py:2648} INFO - Exporting env vars: AIRFLOW_CTX_DAG_OWNER='***' AIRFLOW_CTX_DAG_ID='market_table_foreign' AIRFLOW_CTX_TASK_ID='activity_HNX' AIRFLOW_CTX_EXECUTION_DATE='2025-08-31T17:01:00+00:00' AIRFLOW_CTX_TRY_NUMBER='1' AIRFLOW_CTX_DAG_RUN_ID='scheduled__2025-08-31T17:01:00+00:00'
[2025-09-01T10:26:59.160+0000] {taskinstance.py:430} INFO - ::endgroup::
[2025-09-01T10:26:59.173+0000] {activity_HNX.py:17} INFO - Kết nối DB
[2025-09-01T10:26:59.400+0000] {activity_HNX.py:55} ERROR - Lỗi lưu activity_HNX
Traceback (most recent call last):
  File "/opt/airflow/dags/utils/market_data/activity_HNX.py", line 35, in activity_HNX
    point=float(dfindex.loc[dfindex['symbol']=='HNXIndex','point'].values[0])
IndexError: index 0 is out of bounds for axis 0 with size 0
[2025-09-01T10:26:59.401+0000] {python.py:237} INFO - Done. Returned value was: None
[2025-09-01T10:26:59.403+0000] {taskinstance.py:441} INFO - ::group::Post task execution logs
[2025-09-01T10:26:59.417+0000] {taskinstance.py:1206} INFO - Marking task as SUCCESS. dag_id=market_table_foreign, task_id=activity_HNX, run_id=scheduled__2025-08-31T17:01:00+00:00, execution_date=20250831T170100, start_date=20250901T102658, end_date=20250901T102659
[2025-09-01T10:26:59.453+0000] {local_task_job_runner.py:240} INFO - Task exited with return code 0
[2025-09-01T10:26:59.483+0000] {taskinstance.py:3498} INFO - 0 downstream tasks scheduled from follow-on schedule check
[2025-09-01T10:26:59.484+0000] {local_task_job_runner.py:222} INFO - ::endgroup::
