[2025-07-22T11:50:51.010+0000] {local_task_job_runner.py:120} INFO - ::group::Pre task execution logs
[2025-07-22T11:50:51.033+0000] {taskinstance.py:2076} INFO - Dependencies all met for dep_context=non-requeueable deps ti=<TaskInstance: news_pipeline.add_postgre scheduled__2025-07-20T03:00:00+00:00 [queued]>
[2025-07-22T11:50:51.041+0000] {taskinstance.py:2076} INFO - Dependencies all met for dep_context=requeueable deps ti=<TaskInstance: news_pipeline.add_postgre scheduled__2025-07-20T03:00:00+00:00 [queued]>
[2025-07-22T11:50:51.041+0000] {taskinstance.py:2306} INFO - Starting attempt 1 of 11
[2025-07-22T11:50:51.053+0000] {taskinstance.py:2330} INFO - Executing <Task(PythonOperator): add_postgre> on 2025-07-20 03:00:00+00:00
[2025-07-22T11:50:51.059+0000] {standard_task_runner.py:63} INFO - Started process 983 to run task
[2025-07-22T11:50:51.064+0000] {standard_task_runner.py:90} INFO - Running: ['***', 'tasks', 'run', 'news_pipeline', 'add_postgre', 'scheduled__2025-07-20T03:00:00+00:00', '--job-id', '23', '--raw', '--subdir', 'DAGS_FOLDER/dag_news.py', '--cfg-path', '/tmp/tmpnn7qonkb']
[2025-07-22T11:50:51.065+0000] {standard_task_runner.py:91} INFO - Job 23: Subtask add_postgre
[2025-07-22T11:50:51.117+0000] {task_command.py:426} INFO - Running <TaskInstance: news_pipeline.add_postgre scheduled__2025-07-20T03:00:00+00:00 [running]> on host 6b7e6caedd73
[2025-07-22T11:50:51.224+0000] {taskinstance.py:2648} INFO - Exporting env vars: AIRFLOW_CTX_DAG_OWNER='***' AIRFLOW_CTX_DAG_ID='news_pipeline' AIRFLOW_CTX_TASK_ID='add_postgre' AIRFLOW_CTX_EXECUTION_DATE='2025-07-20T03:00:00+00:00' AIRFLOW_CTX_TRY_NUMBER='1' AIRFLOW_CTX_DAG_RUN_ID='scheduled__2025-07-20T03:00:00+00:00'
[2025-07-22T11:50:51.226+0000] {taskinstance.py:430} INFO - ::endgroup::
[2025-07-22T11:50:51.780+0000] {add_postgre.py:13} INFO - ✅ Kết nối PostgreSQL thành công.
[2025-07-22T11:50:51.919+0000] {logger.py:11} INFO - ====== WebDriver manager ======
[2025-07-22T11:50:52.031+0000] {logger.py:11} INFO - Get LATEST chromedriver version for google-chrome
[2025-07-22T11:50:52.304+0000] {logger.py:11} INFO - Get LATEST chromedriver version for google-chrome
[2025-07-22T11:50:52.517+0000] {logger.py:11} INFO - There is no [linux64] chromedriver "138.0.7204.157" for browser google-chrome "138.0.7204" in cache
[2025-07-22T11:50:52.517+0000] {logger.py:11} INFO - Get LATEST chromedriver version for google-chrome
[2025-07-22T11:50:53.147+0000] {logger.py:11} INFO - WebDriver version 138.0.7204.157 selected
[2025-07-22T11:50:53.153+0000] {logger.py:11} INFO - Modern chrome version https://storage.googleapis.com/chrome-for-testing-public/138.0.7204.157/linux64/chromedriver-linux64.zip
[2025-07-22T11:50:53.153+0000] {logger.py:11} INFO - About to download new driver from https://storage.googleapis.com/chrome-for-testing-public/138.0.7204.157/linux64/chromedriver-linux64.zip
[2025-07-22T11:50:53.379+0000] {logger.py:11} INFO - Driver downloading response is 200
[2025-07-22T11:50:59.827+0000] {logger.py:11} INFO - Get LATEST chromedriver version for google-chrome
[2025-07-22T11:51:00.089+0000] {logger.py:11} INFO - Driver has been saved in cache [/root/.wdm/drivers/chromedriver/linux64/138.0.7204.157]
[2025-07-22T11:51:51.725+0000] {local_task_job_runner.py:310} WARNING - State of this instance has been externally set to None. Terminating instance.
[2025-07-22T11:51:51.727+0000] {local_task_job_runner.py:222} INFO - ::endgroup::
[2025-07-22T11:51:51.735+0000] {process_utils.py:132} INFO - Sending 15 to group 983. PIDs of all processes in the group: [1589, 1595, 1604, 1605, 1640, 1642, 1729, 1737, 1869, 1941, 1973, 1635, 983]
[2025-07-22T11:51:51.735+0000] {process_utils.py:87} INFO - Sending the signal 15 to group 983
[2025-07-22T11:51:51.737+0000] {taskinstance.py:2611} ERROR - Received SIGTERM. Terminating subprocesses.
[2025-07-22T11:51:51.738+0000] {taskinstance.py:441} INFO - ::group::Post task execution logs
[2025-07-22T11:51:51.745+0000] {process_utils.py:80} INFO - Process psutil.Process(pid=1737, status='terminated', started='11:51:00') (1737) terminated with exit code None
[2025-07-22T11:51:51.745+0000] {process_utils.py:80} INFO - Process psutil.Process(pid=1973, status='terminated', started='11:51:03') (1973) terminated with exit code None
[2025-07-22T11:51:51.752+0000] {taskinstance.py:2905} ERROR - Task failed with exception
Traceback (most recent call last):
  File "/home/airflow/.local/lib/python3.10/site-packages/airflow/models/taskinstance.py", line 465, in _execute_task
    result = _execute_callable(context=context, **execute_callable_kwargs)
  File "/home/airflow/.local/lib/python3.10/site-packages/airflow/models/taskinstance.py", line 432, in _execute_callable
    return execute_callable(context=context, **execute_callable_kwargs)
  File "/home/airflow/.local/lib/python3.10/site-packages/airflow/models/baseoperator.py", line 400, in wrapper
    return func(self, *args, **kwargs)
  File "/home/airflow/.local/lib/python3.10/site-packages/airflow/operators/python.py", line 235, in execute
    return_value = self.execute_callable()
  File "/home/airflow/.local/lib/python3.10/site-packages/airflow/operators/python.py", line 252, in execute_callable
    return self.python_callable(*self.op_args, **self.op_kwargs)
  File "/opt/airflow/dags/utils/new_pipeline/add_postgre.py", line 16, in add_postgres
    df=tintuc()
  File "/opt/airflow/dags/utils/new_pipeline/merge.py", line 9, in tintuc
    df1=vietstock()
  File "/opt/airflow/dags/utils/new_pipeline/vietstock_ngay.py", line 62, in vietstock
    time.sleep(10)
  File "/home/airflow/.local/lib/python3.10/site-packages/airflow/models/taskinstance.py", line 2613, in signal_handler
    raise AirflowTaskTerminated("Task received SIGTERM signal")
airflow.exceptions.AirflowTaskTerminated: Task received SIGTERM signal
[2025-07-22T11:51:51.757+0000] {taskinstance.py:1206} INFO - Marking task as UP_FOR_RETRY. dag_id=news_pipeline, task_id=add_postgre, run_id=scheduled__2025-07-20T03:00:00+00:00, execution_date=20250720T030000, start_date=20250722T115051, end_date=20250722T115151
[2025-07-22T11:51:51.759+0000] {process_utils.py:80} INFO - Process psutil.Process(pid=1604, status='terminated', started='11:50:59') (1604) terminated with exit code None
[2025-07-22T11:51:51.760+0000] {process_utils.py:80} INFO - Process psutil.Process(pid=1605, status='terminated', started='11:50:59') (1605) terminated with exit code None
[2025-07-22T11:51:51.772+0000] {standard_task_runner.py:110} ERROR - Failed to execute job 23 for task add_postgre ((psycopg2.errors.ForeignKeyViolation) insert or update on table "task_fail" violates foreign key constraint "task_fail_ti_fkey"
DETAIL:  Key (dag_id, task_id, run_id, map_index)=(news_pipeline, add_postgre, scheduled__2025-07-20T03:00:00+00:00, -1) is not present in table "task_instance".

[SQL: INSERT INTO task_fail (task_id, dag_id, run_id, map_index, start_date, end_date, duration) VALUES (%(task_id)s, %(dag_id)s, %(run_id)s, %(map_index)s, %(start_date)s, %(end_date)s, %(duration)s) RETURNING task_fail.id]
[parameters: {'task_id': 'add_postgre', 'dag_id': 'news_pipeline', 'run_id': 'scheduled__2025-07-20T03:00:00+00:00', 'map_index': -1, 'start_date': datetime.datetime(2025, 7, 22, 11, 50, 51, 34155, tzinfo=Timezone('UTC')), 'end_date': datetime.datetime(2025, 7, 22, 11, 51, 51, 756827, tzinfo=Timezone('UTC')), 'duration': 60}]
(Background on this error at: https://sqlalche.me/e/14/gkpj); 983)
[2025-07-22T11:51:51.774+0000] {process_utils.py:80} INFO - Process psutil.Process(pid=1589, status='terminated', started='11:50:59') (1589) terminated with exit code None
[2025-07-22T11:51:51.801+0000] {process_utils.py:80} INFO - Process psutil.Process(pid=983, status='terminated', exitcode=1, started='11:50:50') (983) terminated with exit code 1
[2025-07-22T11:51:51.801+0000] {process_utils.py:80} INFO - Process psutil.Process(pid=1595, status='terminated', started='11:50:59') (1595) terminated with exit code None
[2025-07-22T11:51:51.802+0000] {process_utils.py:80} INFO - Process psutil.Process(pid=1941, status='terminated', started='11:51:02') (1941) terminated with exit code None
[2025-07-22T11:51:51.802+0000] {process_utils.py:80} INFO - Process psutil.Process(pid=1642, status='terminated', started='11:50:59') (1642) terminated with exit code None
[2025-07-22T11:51:51.803+0000] {process_utils.py:80} INFO - Process psutil.Process(pid=1640, status='terminated', started='11:50:59') (1640) terminated with exit code None
[2025-07-22T11:51:51.803+0000] {process_utils.py:80} INFO - Process psutil.Process(pid=1635, status='terminated', started='11:50:59') (1635) terminated with exit code None
[2025-07-22T11:51:51.804+0000] {process_utils.py:80} INFO - Process psutil.Process(pid=1869, status='terminated', started='11:51:01') (1869) terminated with exit code None
[2025-07-22T11:51:51.804+0000] {process_utils.py:80} INFO - Process psutil.Process(pid=1729, status='terminated', started='11:51:00') (1729) terminated with exit code None
