[2025-09-05T23:00:02.262+0000] {local_task_job_runner.py:120} INFO - ::group::Pre task execution logs
[2025-09-05T23:00:02.295+0000] {taskinstance.py:2076} INFO - Dependencies all met for dep_context=non-requeueable deps ti=<TaskInstance: foreign_1_live.save_foreign_1 scheduled__2025-09-05T22:59:00+00:00 [queued]>
[2025-09-05T23:00:02.306+0000] {taskinstance.py:2076} INFO - Dependencies all met for dep_context=requeueable deps ti=<TaskInstance: foreign_1_live.save_foreign_1 scheduled__2025-09-05T22:59:00+00:00 [queued]>
[2025-09-05T23:00:02.306+0000] {taskinstance.py:2306} INFO - Starting attempt 1 of 11
[2025-09-05T23:00:02.323+0000] {taskinstance.py:2330} INFO - Executing <Task(PythonOperator): save_foreign_1> on 2025-09-05 22:59:00+00:00
[2025-09-05T23:00:02.332+0000] {standard_task_runner.py:63} INFO - Started process 80401 to run task
[2025-09-05T23:00:02.336+0000] {standard_task_runner.py:90} INFO - Running: ['***', 'tasks', 'run', 'foreign_1_live', 'save_foreign_1', 'scheduled__2025-09-05T22:59:00+00:00', '--job-id', '122141', '--raw', '--subdir', 'DAGS_FOLDER/dag_foreign_1_live.py', '--cfg-path', '/tmp/tmpx8e2v51z']
[2025-09-05T23:00:02.339+0000] {standard_task_runner.py:91} INFO - Job 122141: Subtask save_foreign_1
[2025-09-05T23:00:02.390+0000] {task_command.py:426} INFO - Running <TaskInstance: foreign_1_live.save_foreign_1 scheduled__2025-09-05T22:59:00+00:00 [running]> on host d4d2fe648a81
[2025-09-05T23:00:02.498+0000] {taskinstance.py:2648} INFO - Exporting env vars: AIRFLOW_CTX_DAG_OWNER='***' AIRFLOW_CTX_DAG_ID='foreign_1_live' AIRFLOW_CTX_TASK_ID='save_foreign_1' AIRFLOW_CTX_EXECUTION_DATE='2025-09-05T22:59:00+00:00' AIRFLOW_CTX_TRY_NUMBER='1' AIRFLOW_CTX_DAG_RUN_ID='scheduled__2025-09-05T22:59:00+00:00'
[2025-09-05T23:00:02.499+0000] {taskinstance.py:430} INFO - ::endgroup::
[2025-09-05T23:00:02.517+0000] {foreign_1.py:18} INFO - Kết nối DB
[2025-09-05T23:00:03.110+0000] {foreign_1.py:28} INFO - Đã lưu foreign_ALL
[2025-09-05T23:00:03.111+0000] {foreign_1.py:18} INFO - Kết nối DB
[2025-09-05T23:00:03.689+0000] {foreign_1.py:28} INFO - Đã lưu foreign_HOSE
[2025-09-05T23:00:03.691+0000] {foreign_1.py:18} INFO - Kết nối DB
[2025-09-05T23:00:04.241+0000] {foreign_1.py:28} INFO - Đã lưu foreign_HNX
[2025-09-05T23:00:04.242+0000] {foreign_1.py:18} INFO - Kết nối DB
[2025-09-05T23:00:04.746+0000] {foreign_1.py:28} INFO - Đã lưu foreign_UPCOM
[2025-09-05T23:00:04.747+0000] {python.py:237} INFO - Done. Returned value was: None
[2025-09-05T23:00:04.747+0000] {taskinstance.py:441} INFO - ::group::Post task execution logs
[2025-09-05T23:00:04.765+0000] {taskinstance.py:1206} INFO - Marking task as SUCCESS. dag_id=foreign_1_live, task_id=save_foreign_1, run_id=scheduled__2025-09-05T22:59:00+00:00, execution_date=20250905T225900, start_date=20250905T230002, end_date=20250905T230004
[2025-09-05T23:00:04.836+0000] {local_task_job_runner.py:240} INFO - Task exited with return code 0
[2025-09-05T23:00:04.910+0000] {taskinstance.py:3498} INFO - 4 downstream tasks scheduled from follow-on schedule check
[2025-09-05T23:00:04.914+0000] {local_task_job_runner.py:222} INFO - ::endgroup::
