[2025-09-08T03:32:01.591+0000] {local_task_job_runner.py:120} INFO - ::group::Pre task execution logs
[2025-09-08T03:32:01.617+0000] {taskinstance.py:2076} INFO - Dependencies all met for dep_context=non-requeueable deps ti=<TaskInstance: foreign_1_live.save_foreign_1 scheduled__2025-09-08T03:31:00+00:00 [queued]>
[2025-09-08T03:32:01.625+0000] {taskinstance.py:2076} INFO - Dependencies all met for dep_context=requeueable deps ti=<TaskInstance: foreign_1_live.save_foreign_1 scheduled__2025-09-08T03:31:00+00:00 [queued]>
[2025-09-08T03:32:01.626+0000] {taskinstance.py:2306} INFO - Starting attempt 1 of 11
[2025-09-08T03:32:01.639+0000] {taskinstance.py:2330} INFO - Executing <Task(PythonOperator): save_foreign_1> on 2025-09-08 03:31:00+00:00
[2025-09-08T03:32:01.647+0000] {standard_task_runner.py:63} INFO - Started process 307355 to run task
[2025-09-08T03:32:01.651+0000] {standard_task_runner.py:90} INFO - Running: ['***', 'tasks', 'run', 'foreign_1_live', 'save_foreign_1', 'scheduled__2025-09-08T03:31:00+00:00', '--job-id', '157190', '--raw', '--subdir', 'DAGS_FOLDER/dag_foreign_1_live.py', '--cfg-path', '/tmp/tmp097orv5j']
[2025-09-08T03:32:01.654+0000] {standard_task_runner.py:91} INFO - Job 157190: Subtask save_foreign_1
[2025-09-08T03:32:01.709+0000] {task_command.py:426} INFO - Running <TaskInstance: foreign_1_live.save_foreign_1 scheduled__2025-09-08T03:31:00+00:00 [running]> on host 8d9cea3aac78
[2025-09-08T03:32:01.803+0000] {taskinstance.py:2648} INFO - Exporting env vars: AIRFLOW_CTX_DAG_OWNER='***' AIRFLOW_CTX_DAG_ID='foreign_1_live' AIRFLOW_CTX_TASK_ID='save_foreign_1' AIRFLOW_CTX_EXECUTION_DATE='2025-09-08T03:31:00+00:00' AIRFLOW_CTX_TRY_NUMBER='1' AIRFLOW_CTX_DAG_RUN_ID='scheduled__2025-09-08T03:31:00+00:00'
[2025-09-08T03:32:01.804+0000] {taskinstance.py:430} INFO - ::endgroup::
[2025-09-08T03:32:01.818+0000] {foreign_1.py:18} INFO - Kết nối DB
[2025-09-08T03:32:02.273+0000] {foreign_1.py:28} INFO - Đã lưu foreign_ALL
[2025-09-08T03:32:02.275+0000] {foreign_1.py:18} INFO - Kết nối DB
[2025-09-08T03:32:02.905+0000] {foreign_1.py:28} INFO - Đã lưu foreign_HOSE
[2025-09-08T03:32:02.906+0000] {foreign_1.py:18} INFO - Kết nối DB
[2025-09-08T03:32:06.467+0000] {foreign_1.py:28} INFO - Đã lưu foreign_HNX
[2025-09-08T03:32:06.468+0000] {foreign_1.py:18} INFO - Kết nối DB
[2025-09-08T03:32:07.197+0000] {foreign_1.py:28} INFO - Đã lưu foreign_UPCOM
[2025-09-08T03:32:07.198+0000] {python.py:237} INFO - Done. Returned value was: None
[2025-09-08T03:32:07.199+0000] {taskinstance.py:441} INFO - ::group::Post task execution logs
[2025-09-08T03:32:07.214+0000] {taskinstance.py:1206} INFO - Marking task as SUCCESS. dag_id=foreign_1_live, task_id=save_foreign_1, run_id=scheduled__2025-09-08T03:31:00+00:00, execution_date=20250908T033100, start_date=20250908T033201, end_date=20250908T033207
[2025-09-08T03:32:07.367+0000] {local_task_job_runner.py:240} INFO - Task exited with return code 0
[2025-09-08T03:32:07.395+0000] {taskinstance.py:3503} INFO - 4 downstream tasks scheduled from follow-on schedule check
[2025-09-08T03:32:07.396+0000] {local_task_job_runner.py:222} INFO - ::endgroup::
