[2025-09-05T09:21:01.505+0000] {local_task_job_runner.py:120} INFO - ::group::Pre task execution logs
[2025-09-05T09:21:01.533+0000] {taskinstance.py:2076} INFO - Dependencies all met for dep_context=non-requeueable deps ti=<TaskInstance: crypto_collector_dag.run_crypto_collector scheduled__2025-09-05T09:20:00+00:00 [queued]>
[2025-09-05T09:21:01.543+0000] {taskinstance.py:2076} INFO - Dependencies all met for dep_context=requeueable deps ti=<TaskInstance: crypto_collector_dag.run_crypto_collector scheduled__2025-09-05T09:20:00+00:00 [queued]>
[2025-09-05T09:21:01.543+0000] {taskinstance.py:2306} INFO - Starting attempt 1 of 2
[2025-09-05T09:21:01.556+0000] {taskinstance.py:2330} INFO - Executing <Task(BashOperator): run_crypto_collector> on 2025-09-05 09:20:00+00:00
[2025-09-05T09:21:01.561+0000] {standard_task_runner.py:63} INFO - Started process 3177945 to run task
[2025-09-05T09:21:01.566+0000] {standard_task_runner.py:90} INFO - Running: ['***', 'tasks', 'run', 'crypto_collector_dag', 'run_crypto_collector', 'scheduled__2025-09-05T09:20:00+00:00', '--job-id', '113062', '--raw', '--subdir', 'DAGS_FOLDER/crawl_crypto/dags_crypto.py', '--cfg-path', '/tmp/tmp65zj19ra']
[2025-09-05T09:21:01.567+0000] {standard_task_runner.py:91} INFO - Job 113062: Subtask run_crypto_collector
[2025-09-05T09:21:01.624+0000] {task_command.py:426} INFO - Running <TaskInstance: crypto_collector_dag.run_crypto_collector scheduled__2025-09-05T09:20:00+00:00 [running]> on host 1877907bc043
[2025-09-05T09:21:01.734+0000] {taskinstance.py:2648} INFO - Exporting env vars: AIRFLOW_CTX_DAG_OWNER='***' AIRFLOW_CTX_DAG_ID='crypto_collector_dag' AIRFLOW_CTX_TASK_ID='run_crypto_collector' AIRFLOW_CTX_EXECUTION_DATE='2025-09-05T09:20:00+00:00' AIRFLOW_CTX_TRY_NUMBER='1' AIRFLOW_CTX_DAG_RUN_ID='scheduled__2025-09-05T09:20:00+00:00'
[2025-09-05T09:21:01.735+0000] {taskinstance.py:430} INFO - ::endgroup::
[2025-09-05T09:21:01.750+0000] {subprocess.py:63} INFO - Tmp dir root location: /tmp
[2025-09-05T09:21:01.751+0000] {subprocess.py:75} INFO - Running command: ['/usr/bin/bash', '-c', 'python3 /opt/***/dags/crawl_crypto/crawl_data_crypto.py']
[2025-09-05T09:21:01.764+0000] {subprocess.py:86} INFO - Output:
[2025-09-05T09:21:09.202+0000] {subprocess.py:93} INFO - 🔹 Kết nối DB...
[2025-09-05T09:21:09.203+0000] {subprocess.py:93} INFO - 🔹 Lấy top 100 crypto...
[2025-09-05T09:21:09.203+0000] {subprocess.py:93} INFO - Top 100: ['ETHUSDT', 'BTCUSDT', 'USDCUSDT', 'SOLUSDT', 'WLFIUSDT', 'FDUSDUSDT', 'XRPUSDT', 'ENAUSDT', 'DOGEUSDT', 'LINKUSDT', 'TRXUSDT', 'SOMIUSDT', 'BNBUSDT', 'SUIUSDT', 'ADAUSDT', 'REDUSDT', 'AVAXUSDT', 'BCHUSDT', 'AAVEUSDT', 'PEPEUSDT', 'ARBUSDT', 'PENGUUSDT', 'USD1USDT', 'HBARUSDT', 'UNIUSDT', 'LTCUSDT', 'POLUSDT', 'SEIUSDT', 'BONKUSDT', 'WLDUSDT', 'SYRUPUSDT', 'ALPINEUSDT', 'SPKUSDT', 'LDOUSDT', 'BIOUSDT', 'DOLOUSDT', 'ONDOUSDT', 'TREEUSDT', 'TRUMPUSDT', 'EURUSDT', 'MITOUSDT', 'XLMUSDT', 'WIFUSDT', 'XUSDUSDT', 'QTUMUSDT', 'NEARUSDT', 'ETHFIUSDT', 'TONUSDT', 'PAXGUSDT', 'MKRUSDT', 'AUSDT', 'PYTHUSDT', 'PENDLEUSDT', 'CRVUSDT', 'DOTUSDT', 'FILUSDT', 'SUSDT', 'SHIBUSDT', 'PNUTUSDT', 'TAOUSDT', 'VIRTUALUSDT', 'GPSUSDT', 'TIAUSDT', 'APTUSDT', 'EIGENUSDT', 'OPUSDT', 'PUNDIXUSDT', 'FETUSDT', 'MEMEUSDT', 'NEIROUSDT', 'PARTIUSDT', 'ETCUSDT', 'ICPUSDT', 'BFUSDUSDT', 'HIFIUSDT', 'MAVUSDT', 'CFXUSDT', 'FLOKIUSDT', 'PLUMEUSDT', 'NMRUSDT', 'INJUSDT', 'RAYUSDT', 'GALAUSDT', 'BERAUSDT', 'NEWTUSDT', 'HFTUSDT', 'ARKMUSDT', 'FORMUSDT', 'SHELLUSDT', 'BAKEUSDT', 'ATOMUSDT', 'STRKUSDT', 'RENDERUSDT', 'BBUSDT', 'VETUSDT', 'SKLUSDT', 'IOUSDT', 'JUPUSDT', 'WBTCUSDT', 'TOWNSUSDT']
[2025-09-05T09:21:09.204+0000] {subprocess.py:93} INFO - 🔹 Lưu lịch sử giá vào DB bằng threading...
[2025-09-05T09:21:09.204+0000] {subprocess.py:93} INFO - 1/100 WLFIUSDT lỗi: relation "cryptocurrency.wlfiusdt" does not exist
[2025-09-05T09:21:09.204+0000] {subprocess.py:93} INFO - LINE 1: SELECT MAX(time) FROM cryptocurrency.wlfiusdt;
[2025-09-05T09:21:09.205+0000] {subprocess.py:93} INFO -                               ^
[2025-09-05T09:21:09.205+0000] {subprocess.py:93} INFO - 
[2025-09-05T09:21:09.205+0000] {subprocess.py:93} INFO - ✅ SOLUSDT: thêm 1 dòng mới
[2025-09-05T09:21:09.205+0000] {subprocess.py:93} INFO - ✅ XRPUSDT: thêm 1 dòng mới
[2025-09-05T09:21:09.206+0000] {subprocess.py:93} INFO - 2/100 SOLUSDT lưu OK
[2025-09-05T09:21:09.206+0000] {subprocess.py:93} INFO - 3/100 XRPUSDT lưu OK
[2025-09-05T09:21:09.206+0000] {subprocess.py:93} INFO - ✅ DOGEUSDT: thêm 1 dòng mới
[2025-09-05T09:21:09.206+0000] {subprocess.py:93} INFO - 4/100 DOGEUSDT lưu OK
[2025-09-05T09:21:09.207+0000] {subprocess.py:93} INFO - ✅ FDUSDUSDT: thêm 1 dòng mới
[2025-09-05T09:21:09.207+0000] {subprocess.py:93} INFO - ✅ LINKUSDT: thêm 1 dòng mới
[2025-09-05T09:21:09.207+0000] {subprocess.py:93} INFO - 5/100 FDUSDUSDT lưu OK
[2025-09-05T09:21:09.208+0000] {subprocess.py:93} INFO - 6/100 LINKUSDT lưu OK
[2025-09-05T09:21:09.208+0000] {subprocess.py:93} INFO - ✅ ENAUSDT: thêm 1 dòng mới
[2025-09-05T09:21:09.208+0000] {subprocess.py:93} INFO - 7/100 ENAUSDT lưu OK
[2025-09-05T09:21:09.208+0000] {subprocess.py:93} INFO - ✅ BTCUSDT: thêm 1 dòng mới
[2025-09-05T09:21:09.208+0000] {subprocess.py:93} INFO - 8/100 BTCUSDT lưu OK
[2025-09-05T09:21:09.209+0000] {subprocess.py:93} INFO - ✅ ETHUSDT: thêm 1 dòng mới
[2025-09-05T09:21:09.209+0000] {subprocess.py:93} INFO - 9/100 ETHUSDT lưu OK
[2025-09-05T09:21:09.209+0000] {subprocess.py:93} INFO - ✅ USDCUSDT: thêm 1 dòng mới
[2025-09-05T09:21:09.209+0000] {subprocess.py:93} INFO - 10/100 USDCUSDT lưu OK
[2025-09-05T09:21:09.210+0000] {subprocess.py:93} INFO - ✅ BNBUSDT: thêm 1 dòng mới
[2025-09-05T09:21:09.210+0000] {subprocess.py:93} INFO - 11/100 BNBUSDT lưu OK
[2025-09-05T09:21:09.210+0000] {subprocess.py:93} INFO - 12/100 REDUSDT lỗi: relation "cryptocurrency.redusdt" does not exist
[2025-09-05T09:21:09.210+0000] {subprocess.py:93} INFO - LINE 1: SELECT MAX(time) FROM cryptocurrency.redusdt;
[2025-09-05T09:21:09.211+0000] {subprocess.py:93} INFO -                               ^
[2025-09-05T09:21:09.211+0000] {subprocess.py:93} INFO - 
[2025-09-05T09:21:09.211+0000] {subprocess.py:93} INFO - ✅ AAVEUSDT: thêm 1 dòng mới
[2025-09-05T09:21:09.211+0000] {subprocess.py:93} INFO - 13/100 AAVEUSDT lưu OK
[2025-09-05T09:21:09.212+0000] {subprocess.py:93} INFO - ✅ BCHUSDT: thêm 1 dòng mới
[2025-09-05T09:21:09.212+0000] {subprocess.py:93} INFO - 14/100 BCHUSDT lưu OK
[2025-09-05T09:21:09.212+0000] {subprocess.py:93} INFO - ✅ ADAUSDT: thêm 1 dòng mới
[2025-09-05T09:21:09.212+0000] {subprocess.py:93} INFO - 15/100 ADAUSDT lưu OK
[2025-09-05T09:21:09.212+0000] {subprocess.py:93} INFO - ✅ SUIUSDT: thêm 1 dòng mới
[2025-09-05T09:21:09.213+0000] {subprocess.py:93} INFO - 16/100 SUIUSDT lưu OK
[2025-09-05T09:21:09.213+0000] {subprocess.py:93} INFO - ✅ PEPEUSDT: thêm 1 dòng mới
[2025-09-05T09:21:09.213+0000] {subprocess.py:93} INFO - 17/100 PEPEUSDT lưu OK
[2025-09-05T09:21:09.213+0000] {subprocess.py:93} INFO - ✅ AVAXUSDT: thêm 1 dòng mới
[2025-09-05T09:21:09.214+0000] {subprocess.py:93} INFO - 18/100 AVAXUSDT lưu OK
[2025-09-05T09:21:09.214+0000] {subprocess.py:93} INFO - ✅ TRXUSDT: thêm 1 dòng mới
[2025-09-05T09:21:09.214+0000] {subprocess.py:93} INFO - 19/100 TRXUSDT lưu OK
[2025-09-05T09:21:09.214+0000] {subprocess.py:93} INFO - ✅ ARBUSDT: thêm 1 dòng mới
[2025-09-05T09:21:09.214+0000] {subprocess.py:93} INFO - 20/100 ARBUSDT lưu OK
[2025-09-05T09:21:09.215+0000] {subprocess.py:93} INFO - 21/100 SOMIUSDT lỗi: relation "cryptocurrency.somiusdt" does not exist
[2025-09-05T09:21:09.215+0000] {subprocess.py:93} INFO - LINE 1: SELECT MAX(time) FROM cryptocurrency.somiusdt;
[2025-09-05T09:21:09.215+0000] {subprocess.py:93} INFO -                               ^
[2025-09-05T09:21:09.215+0000] {subprocess.py:93} INFO - 
[2025-09-05T09:21:09.216+0000] {subprocess.py:93} INFO - ✅ PENGUUSDT: thêm 1 dòng mới
[2025-09-05T09:21:09.216+0000] {subprocess.py:93} INFO - 22/100 PENGUUSDT lưu OK
[2025-09-05T09:21:09.216+0000] {subprocess.py:93} INFO - ✅ UNIUSDT: thêm 1 dòng mới
[2025-09-05T09:21:09.216+0000] {subprocess.py:93} INFO - 23/100 UNIUSDT lưu OK
[2025-09-05T09:21:09.216+0000] {subprocess.py:93} INFO - ✅ POLUSDT: thêm 1 dòng mới
[2025-09-05T09:21:09.217+0000] {subprocess.py:93} INFO - 24/100 POLUSDT lưu OK
[2025-09-05T09:21:09.217+0000] {subprocess.py:93} INFO - ✅ SEIUSDT: thêm 1 dòng mới
[2025-09-05T09:21:09.217+0000] {subprocess.py:93} INFO - 25/100 SEIUSDT lưu OK
[2025-09-05T09:21:09.217+0000] {subprocess.py:93} INFO - ✅ HBARUSDT: thêm 1 dòng mới
[2025-09-05T09:21:09.218+0000] {subprocess.py:93} INFO - 26/100 HBARUSDT lưu OK
[2025-09-05T09:21:09.218+0000] {subprocess.py:93} INFO - 27/100 USD1USDT lỗi: relation "cryptocurrency.usd1usdt" does not exist
[2025-09-05T09:21:09.218+0000] {subprocess.py:93} INFO - LINE 1: SELECT MAX(time) FROM cryptocurrency.usd1usdt;
[2025-09-05T09:21:09.218+0000] {subprocess.py:93} INFO -                               ^
[2025-09-05T09:21:09.218+0000] {subprocess.py:93} INFO - 
[2025-09-05T09:21:09.219+0000] {subprocess.py:93} INFO - ✅ WLDUSDT: thêm 1 dòng mới
[2025-09-05T09:21:09.219+0000] {subprocess.py:93} INFO - 28/100 WLDUSDT lưu OK
[2025-09-05T09:21:09.219+0000] {subprocess.py:93} INFO - ✅ BONKUSDT: thêm 1 dòng mới
[2025-09-05T09:21:09.219+0000] {subprocess.py:93} INFO - 29/100 BONKUSDT lưu OK
[2025-09-05T09:21:09.220+0000] {subprocess.py:93} INFO - ✅ ALPINEUSDT: thêm 1 dòng mới
[2025-09-05T09:21:09.220+0000] {subprocess.py:93} INFO - 30/100 ALPINEUSDT lưu OK
[2025-09-05T09:21:09.220+0000] {subprocess.py:93} INFO - ✅ SPKUSDT: thêm 1 dòng mới
[2025-09-05T09:21:09.220+0000] {subprocess.py:93} INFO - 31/100 SPKUSDT lưu OK
[2025-09-05T09:21:09.220+0000] {subprocess.py:93} INFO - ✅ LTCUSDT: thêm 1 dòng mới
[2025-09-05T09:21:09.221+0000] {subprocess.py:93} INFO - 32/100 LTCUSDT lưu OK
[2025-09-05T09:21:09.221+0000] {subprocess.py:93} INFO - ✅ LDOUSDT: thêm 1 dòng mới
[2025-09-05T09:21:09.221+0000] {subprocess.py:93} INFO - 33/100 LDOUSDT lưu OK
[2025-09-05T09:21:09.221+0000] {subprocess.py:93} INFO - 34/100 DOLOUSDT lỗi: relation "cryptocurrency.dolousdt" does not exist
[2025-09-05T09:21:09.222+0000] {subprocess.py:93} INFO - LINE 1: SELECT MAX(time) FROM cryptocurrency.dolousdt;
[2025-09-05T09:21:09.222+0000] {subprocess.py:93} INFO -                               ^
[2025-09-05T09:21:09.222+0000] {subprocess.py:93} INFO - 
[2025-09-05T09:21:09.222+0000] {subprocess.py:93} INFO - 35/100 BIOUSDT lỗi: relation "cryptocurrency.biousdt" does not exist
[2025-09-05T09:21:09.222+0000] {subprocess.py:93} INFO - LINE 1: SELECT MAX(time) FROM cryptocurrency.biousdt;
[2025-09-05T09:21:09.223+0000] {subprocess.py:93} INFO -                               ^
[2025-09-05T09:21:09.223+0000] {subprocess.py:93} INFO - 
[2025-09-05T09:21:09.223+0000] {subprocess.py:93} INFO - ✅ EURUSDT: thêm 1 dòng mới
[2025-09-05T09:21:09.223+0000] {subprocess.py:93} INFO - 36/100 EURUSDT lưu OK
[2025-09-05T09:21:09.224+0000] {subprocess.py:93} INFO - 37/100 TREEUSDT lỗi: relation "cryptocurrency.treeusdt" does not exist
[2025-09-05T09:21:09.224+0000] {subprocess.py:93} INFO - LINE 1: SELECT MAX(time) FROM cryptocurrency.treeusdt;
[2025-09-05T09:21:09.224+0000] {subprocess.py:93} INFO -                               ^
[2025-09-05T09:21:09.224+0000] {subprocess.py:93} INFO - 
[2025-09-05T09:21:09.224+0000] {subprocess.py:93} INFO - ✅ TRUMPUSDT: thêm 1 dòng mới
[2025-09-05T09:21:09.225+0000] {subprocess.py:93} INFO - 38/100 TRUMPUSDT lưu OK
[2025-09-05T09:21:09.225+0000] {subprocess.py:93} INFO - ✅ WIFUSDT: thêm 1 dòng mới
[2025-09-05T09:21:09.225+0000] {subprocess.py:93} INFO - 39/100 WIFUSDT lưu OK
[2025-09-05T09:21:09.225+0000] {subprocess.py:93} INFO - ✅ XLMUSDT: thêm 1 dòng mới
[2025-09-05T09:21:09.226+0000] {subprocess.py:93} INFO - 40/100 XLMUSDT lưu OK
[2025-09-05T09:21:09.226+0000] {subprocess.py:93} INFO - ✅ ONDOUSDT: thêm 1 dòng mới
[2025-09-05T09:21:09.226+0000] {subprocess.py:93} INFO - 41/100 ONDOUSDT lưu OK
[2025-09-05T09:21:09.226+0000] {subprocess.py:93} INFO - 42/100 MITOUSDT lỗi: relation "cryptocurrency.mitousdt" does not exist
[2025-09-05T09:21:09.226+0000] {subprocess.py:93} INFO - LINE 1: SELECT MAX(time) FROM cryptocurrency.mitousdt;
[2025-09-05T09:21:09.227+0000] {subprocess.py:93} INFO -                               ^
[2025-09-05T09:21:09.227+0000] {subprocess.py:93} INFO - 
[2025-09-05T09:21:09.227+0000] {subprocess.py:93} INFO - ✅ SYRUPUSDT: thêm 1 dòng mới
[2025-09-05T09:21:09.227+0000] {subprocess.py:93} INFO - 43/100 SYRUPUSDT lưu OK
[2025-09-05T09:21:09.228+0000] {subprocess.py:93} INFO - 44/100 QTUMUSDT lỗi: relation "cryptocurrency.qtumusdt" does not exist
[2025-09-05T09:21:09.228+0000] {subprocess.py:93} INFO - LINE 1: SELECT MAX(time) FROM cryptocurrency.qtumusdt;
[2025-09-05T09:21:09.228+0000] {subprocess.py:93} INFO -                               ^
[2025-09-05T09:21:09.229+0000] {subprocess.py:93} INFO - 
[2025-09-05T09:21:09.229+0000] {subprocess.py:93} INFO - ✅ NEARUSDT: thêm 1 dòng mới
[2025-09-05T09:21:09.229+0000] {subprocess.py:93} INFO - 45/100 NEARUSDT lưu OK
[2025-09-05T09:21:09.230+0000] {subprocess.py:93} INFO - ✅ XUSDUSDT: thêm 1 dòng mới
[2025-09-05T09:21:09.230+0000] {subprocess.py:93} INFO - 46/100 XUSDUSDT lưu OK
[2025-09-05T09:21:09.230+0000] {subprocess.py:93} INFO - ✅ ETHFIUSDT: thêm 1 dòng mới
[2025-09-05T09:21:09.231+0000] {subprocess.py:93} INFO - 47/100 ETHFIUSDT lưu OK
[2025-09-05T09:21:09.231+0000] {subprocess.py:93} INFO - 48/100 AUSDT lỗi: relation "cryptocurrency.ausdt" does not exist
[2025-09-05T09:21:09.231+0000] {subprocess.py:93} INFO - LINE 1: SELECT MAX(time) FROM cryptocurrency.ausdt;
[2025-09-05T09:21:09.232+0000] {subprocess.py:93} INFO -                               ^
[2025-09-05T09:21:09.232+0000] {subprocess.py:93} INFO - 
[2025-09-05T09:21:09.232+0000] {subprocess.py:93} INFO - 49/100 MKRUSDT lỗi: relation "cryptocurrency.mkrusdt" does not exist
[2025-09-05T09:21:09.232+0000] {subprocess.py:93} INFO - LINE 1: SELECT MAX(time) FROM cryptocurrency.mkrusdt;
[2025-09-05T09:21:09.233+0000] {subprocess.py:93} INFO -                               ^
[2025-09-05T09:21:09.233+0000] {subprocess.py:93} INFO - 
[2025-09-05T09:21:09.233+0000] {subprocess.py:93} INFO - 50/100 PAXGUSDT lỗi: relation "cryptocurrency.paxgusdt" does not exist
[2025-09-05T09:21:09.234+0000] {subprocess.py:93} INFO - LINE 1: SELECT MAX(time) FROM cryptocurrency.paxgusdt;
[2025-09-05T09:21:09.234+0000] {subprocess.py:93} INFO -                               ^
[2025-09-05T09:21:09.234+0000] {subprocess.py:93} INFO - 
[2025-09-05T09:21:09.235+0000] {subprocess.py:93} INFO - ✅ PENDLEUSDT: thêm 1 dòng mới
[2025-09-05T09:21:09.235+0000] {subprocess.py:93} INFO - 51/100 PENDLEUSDT lưu OK
[2025-09-05T09:21:09.235+0000] {subprocess.py:93} INFO - ✅ TONUSDT: thêm 1 dòng mới
[2025-09-05T09:21:09.236+0000] {subprocess.py:93} INFO - 52/100 TONUSDT lưu OK
[2025-09-05T09:21:09.236+0000] {subprocess.py:93} INFO - 53/100 PYTHUSDT lỗi: relation "cryptocurrency.pythusdt" does not exist
[2025-09-05T09:21:09.236+0000] {subprocess.py:93} INFO - LINE 1: SELECT MAX(time) FROM cryptocurrency.pythusdt;
[2025-09-05T09:21:09.236+0000] {subprocess.py:93} INFO -                               ^
[2025-09-05T09:21:09.237+0000] {subprocess.py:93} INFO - 
[2025-09-05T09:21:09.237+0000] {subprocess.py:93} INFO - ✅ SUSDT: thêm 1 dòng mới
[2025-09-05T09:21:09.237+0000] {subprocess.py:93} INFO - 54/100 SUSDT lưu OK
[2025-09-05T09:21:09.238+0000] {subprocess.py:93} INFO - ✅ CRVUSDT: thêm 1 dòng mới
[2025-09-05T09:21:09.238+0000] {subprocess.py:93} INFO - 55/100 CRVUSDT lưu OK
[2025-09-05T09:21:09.238+0000] {subprocess.py:93} INFO - ✅ DOTUSDT: thêm 1 dòng mới
[2025-09-05T09:21:09.239+0000] {subprocess.py:93} INFO - 56/100 DOTUSDT lưu OK
[2025-09-05T09:21:09.239+0000] {subprocess.py:93} INFO - ✅ FILUSDT: thêm 1 dòng mới
[2025-09-05T09:21:09.239+0000] {subprocess.py:93} INFO - 57/100 FILUSDT lưu OK
[2025-09-05T09:21:09.240+0000] {subprocess.py:93} INFO - ✅ SHIBUSDT: thêm 1 dòng mới
[2025-09-05T09:21:09.240+0000] {subprocess.py:93} INFO - 58/100 SHIBUSDT lưu OK
[2025-09-05T09:21:09.240+0000] {subprocess.py:93} INFO - ✅ PNUTUSDT: thêm 1 dòng mới
[2025-09-05T09:21:09.240+0000] {subprocess.py:93} INFO - 59/100 PNUTUSDT lưu OK
[2025-09-05T09:21:09.241+0000] {subprocess.py:93} INFO - ✅ TAOUSDT: thêm 1 dòng mới
[2025-09-05T09:21:09.241+0000] {subprocess.py:93} INFO - 60/100 TAOUSDT lưu OK
[2025-09-05T09:21:09.241+0000] {subprocess.py:93} INFO - ✅ VIRTUALUSDT: thêm 1 dòng mới
[2025-09-05T09:21:09.242+0000] {subprocess.py:93} INFO - 61/100 VIRTUALUSDT lưu OK
[2025-09-05T09:21:09.242+0000] {subprocess.py:93} INFO - 62/100 GPSUSDT lỗi: relation "cryptocurrency.gpsusdt" does not exist
[2025-09-05T09:21:09.242+0000] {subprocess.py:93} INFO - LINE 1: SELECT MAX(time) FROM cryptocurrency.gpsusdt;
[2025-09-05T09:21:09.243+0000] {subprocess.py:93} INFO -                               ^
[2025-09-05T09:21:09.243+0000] {subprocess.py:93} INFO - 
[2025-09-05T09:21:09.243+0000] {subprocess.py:93} INFO - ✅ TIAUSDT: thêm 1 dòng mới
[2025-09-05T09:21:09.244+0000] {subprocess.py:93} INFO - 63/100 TIAUSDT lưu OK
[2025-09-05T09:21:09.244+0000] {subprocess.py:93} INFO - ✅ APTUSDT: thêm 1 dòng mới
[2025-09-05T09:21:09.244+0000] {subprocess.py:93} INFO - 64/100 APTUSDT lưu OK
[2025-09-05T09:21:09.244+0000] {subprocess.py:93} INFO - ✅ OPUSDT: thêm 1 dòng mới
[2025-09-05T09:21:09.245+0000] {subprocess.py:93} INFO - 65/100 OPUSDT lưu OK
[2025-09-05T09:21:09.245+0000] {subprocess.py:93} INFO - ✅ EIGENUSDT: thêm 1 dòng mới
[2025-09-05T09:21:09.245+0000] {subprocess.py:93} INFO - 66/100 EIGENUSDT lưu OK
[2025-09-05T09:21:09.246+0000] {subprocess.py:93} INFO - ✅ FETUSDT: thêm 1 dòng mới
[2025-09-05T09:21:09.246+0000] {subprocess.py:93} INFO - 67/100 FETUSDT lưu OK
[2025-09-05T09:21:09.246+0000] {subprocess.py:93} INFO - ✅ NEIROUSDT: thêm 1 dòng mới
[2025-09-05T09:21:09.246+0000] {subprocess.py:93} INFO - 68/100 NEIROUSDT lưu OK
[2025-09-05T09:21:09.247+0000] {subprocess.py:93} INFO - 69/100 PARTIUSDT lỗi: relation "cryptocurrency.partiusdt" does not exist
[2025-09-05T09:21:09.247+0000] {subprocess.py:93} INFO - LINE 1: SELECT MAX(time) FROM cryptocurrency.partiusdt;
[2025-09-05T09:21:09.247+0000] {subprocess.py:93} INFO -                               ^
[2025-09-05T09:21:09.248+0000] {subprocess.py:93} INFO - 
[2025-09-05T09:21:09.248+0000] {subprocess.py:93} INFO - 70/100 MEMEUSDT lỗi: relation "cryptocurrency.memeusdt" does not exist
[2025-09-05T09:21:09.248+0000] {subprocess.py:93} INFO - LINE 1: SELECT MAX(time) FROM cryptocurrency.memeusdt;
[2025-09-05T09:21:09.249+0000] {subprocess.py:93} INFO -                               ^
[2025-09-05T09:21:09.249+0000] {subprocess.py:93} INFO - 
[2025-09-05T09:21:09.249+0000] {subprocess.py:93} INFO - ✅ BFUSDUSDT: thêm 1 dòng mới
[2025-09-05T09:21:09.249+0000] {subprocess.py:93} INFO - 71/100 BFUSDUSDT lưu OK
[2025-09-05T09:21:09.250+0000] {subprocess.py:93} INFO - ✅ ETCUSDT: thêm 1 dòng mới
[2025-09-05T09:21:09.250+0000] {subprocess.py:93} INFO - 72/100 ETCUSDT lưu OK
[2025-09-05T09:21:09.250+0000] {subprocess.py:93} INFO - 73/100 HIFIUSDT lỗi: relation "cryptocurrency.hifiusdt" does not exist
[2025-09-05T09:21:09.251+0000] {subprocess.py:93} INFO - LINE 1: SELECT MAX(time) FROM cryptocurrency.hifiusdt;
[2025-09-05T09:21:09.251+0000] {subprocess.py:93} INFO -                               ^
[2025-09-05T09:21:09.251+0000] {subprocess.py:93} INFO - 
[2025-09-05T09:21:09.252+0000] {subprocess.py:93} INFO - 74/100 PUNDIXUSDT lỗi: relation "cryptocurrency.pundixusdt" does not exist
[2025-09-05T09:21:09.252+0000] {subprocess.py:93} INFO - LINE 1: SELECT MAX(time) FROM cryptocurrency.pundixusdt;
[2025-09-05T09:21:09.252+0000] {subprocess.py:93} INFO -                               ^
[2025-09-05T09:21:09.252+0000] {subprocess.py:93} INFO - 
[2025-09-05T09:21:09.253+0000] {subprocess.py:93} INFO - ✅ ICPUSDT: thêm 1 dòng mới
[2025-09-05T09:21:09.253+0000] {subprocess.py:93} INFO - 75/100 ICPUSDT lưu OK
[2025-09-05T09:21:09.253+0000] {subprocess.py:93} INFO - ✅ MAVUSDT: thêm 1 dòng mới
[2025-09-05T09:21:09.254+0000] {subprocess.py:93} INFO - 76/100 MAVUSDT lưu OK
[2025-09-05T09:21:09.254+0000] {subprocess.py:93} INFO - ✅ CFXUSDT: thêm 1 dòng mới
[2025-09-05T09:21:09.254+0000] {subprocess.py:93} INFO - 77/100 CFXUSDT lưu OK
[2025-09-05T09:21:09.254+0000] {subprocess.py:93} INFO - ✅ FLOKIUSDT: thêm 1 dòng mới
[2025-09-05T09:21:09.255+0000] {subprocess.py:93} INFO - 78/100 FLOKIUSDT lưu OK
[2025-09-05T09:21:09.255+0000] {subprocess.py:93} INFO - 79/100 PLUMEUSDT lỗi: relation "cryptocurrency.plumeusdt" does not exist
[2025-09-05T09:21:09.255+0000] {subprocess.py:93} INFO - LINE 1: SELECT MAX(time) FROM cryptocurrency.plumeusdt;
[2025-09-05T09:21:09.256+0000] {subprocess.py:93} INFO -                               ^
[2025-09-05T09:21:09.256+0000] {subprocess.py:93} INFO - 
[2025-09-05T09:21:09.256+0000] {subprocess.py:93} INFO - 80/100 NMRUSDT lỗi: relation "cryptocurrency.nmrusdt" does not exist
[2025-09-05T09:21:09.257+0000] {subprocess.py:93} INFO - LINE 1: SELECT MAX(time) FROM cryptocurrency.nmrusdt;
[2025-09-05T09:21:09.257+0000] {subprocess.py:93} INFO -                               ^
[2025-09-05T09:21:09.257+0000] {subprocess.py:93} INFO - 
[2025-09-05T09:21:09.257+0000] {subprocess.py:93} INFO - ✅ RAYUSDT: thêm 1 dòng mới
[2025-09-05T09:21:09.258+0000] {subprocess.py:93} INFO - 81/100 RAYUSDT lưu OK
[2025-09-05T09:21:09.258+0000] {subprocess.py:93} INFO - ✅ INJUSDT: thêm 1 dòng mới
[2025-09-05T09:21:09.258+0000] {subprocess.py:93} INFO - 82/100 INJUSDT lưu OK
[2025-09-05T09:21:09.259+0000] {subprocess.py:93} INFO - 83/100 HFTUSDT lỗi: relation "cryptocurrency.hftusdt" does not exist
[2025-09-05T09:21:09.259+0000] {subprocess.py:93} INFO - LINE 1: SELECT MAX(time) FROM cryptocurrency.hftusdt;
[2025-09-05T09:21:09.259+0000] {subprocess.py:93} INFO -                               ^
[2025-09-05T09:21:09.260+0000] {subprocess.py:93} INFO - 
[2025-09-05T09:21:10.007+0000] {subprocess.py:93} INFO - ✅ ARKMUSDT: thêm 1 dòng mới
[2025-09-05T09:21:10.009+0000] {subprocess.py:93} INFO - 84/100 ARKMUSDT lưu OK
[2025-09-05T09:21:10.009+0000] {subprocess.py:93} INFO - 85/100 NEWTUSDT lỗi: relation "cryptocurrency.newtusdt" does not exist
[2025-09-05T09:21:10.009+0000] {subprocess.py:93} INFO - LINE 1: SELECT MAX(time) FROM cryptocurrency.newtusdt;
[2025-09-05T09:21:10.010+0000] {subprocess.py:93} INFO -                               ^
[2025-09-05T09:21:10.010+0000] {subprocess.py:93} INFO - 
[2025-09-05T09:21:10.010+0000] {subprocess.py:93} INFO - 86/100 FORMUSDT lỗi: relation "cryptocurrency.formusdt" does not exist
[2025-09-05T09:21:10.010+0000] {subprocess.py:93} INFO - LINE 1: SELECT MAX(time) FROM cryptocurrency.formusdt;
[2025-09-05T09:21:10.011+0000] {subprocess.py:93} INFO -                               ^
[2025-09-05T09:21:10.011+0000] {subprocess.py:93} INFO - 
[2025-09-05T09:21:10.011+0000] {subprocess.py:93} INFO - ✅ GALAUSDT: thêm 1 dòng mới
[2025-09-05T09:21:10.011+0000] {subprocess.py:93} INFO - 87/100 GALAUSDT lưu OK
[2025-09-05T09:21:10.011+0000] {subprocess.py:93} INFO - ✅ BERAUSDT: thêm 1 dòng mới
[2025-09-05T09:21:10.012+0000] {subprocess.py:93} INFO - 88/100 BERAUSDT lưu OK
[2025-09-05T09:21:10.012+0000] {subprocess.py:93} INFO - 89/100 SHELLUSDT lỗi: relation "cryptocurrency.shellusdt" does not exist
[2025-09-05T09:21:10.012+0000] {subprocess.py:93} INFO - LINE 1: SELECT MAX(time) FROM cryptocurrency.shellusdt;
[2025-09-05T09:21:10.012+0000] {subprocess.py:93} INFO -                               ^
[2025-09-05T09:21:10.013+0000] {subprocess.py:93} INFO - 
[2025-09-05T09:21:10.013+0000] {subprocess.py:93} INFO - 90/100 BAKEUSDT lỗi: relation "cryptocurrency.bakeusdt" does not exist
[2025-09-05T09:21:10.013+0000] {subprocess.py:93} INFO - LINE 1: SELECT MAX(time) FROM cryptocurrency.bakeusdt;
[2025-09-05T09:21:10.013+0000] {subprocess.py:93} INFO -                               ^
[2025-09-05T09:21:10.013+0000] {subprocess.py:93} INFO - 
[2025-09-05T09:21:10.014+0000] {subprocess.py:93} INFO - 91/100 ATOMUSDT lỗi: relation "cryptocurrency.atomusdt" does not exist
[2025-09-05T09:21:10.014+0000] {subprocess.py:93} INFO - LINE 1: SELECT MAX(time) FROM cryptocurrency.atomusdt;
[2025-09-05T09:21:10.014+0000] {subprocess.py:93} INFO -                               ^
[2025-09-05T09:21:10.014+0000] {subprocess.py:93} INFO - 
[2025-09-05T09:21:10.014+0000] {subprocess.py:93} INFO - 92/100 STRKUSDT lỗi: relation "cryptocurrency.strkusdt" does not exist
[2025-09-05T09:21:10.015+0000] {subprocess.py:93} INFO - LINE 1: SELECT MAX(time) FROM cryptocurrency.strkusdt;
[2025-09-05T09:21:10.015+0000] {subprocess.py:93} INFO -                               ^
[2025-09-05T09:21:10.015+0000] {subprocess.py:93} INFO - 
[2025-09-05T09:21:10.015+0000] {subprocess.py:93} INFO - 93/100 BBUSDT lỗi: relation "cryptocurrency.bbusdt" does not exist
[2025-09-05T09:21:10.015+0000] {subprocess.py:93} INFO - LINE 1: SELECT MAX(time) FROM cryptocurrency.bbusdt;
[2025-09-05T09:21:10.016+0000] {subprocess.py:93} INFO -                               ^
[2025-09-05T09:21:10.016+0000] {subprocess.py:93} INFO - 
[2025-09-05T09:21:10.016+0000] {subprocess.py:93} INFO - ✅ RENDERUSDT: thêm 1 dòng mới
[2025-09-05T09:21:10.016+0000] {subprocess.py:93} INFO - 94/100 RENDERUSDT lưu OK
[2025-09-05T09:21:10.016+0000] {subprocess.py:93} INFO - 95/100 VETUSDT lỗi: relation "cryptocurrency.vetusdt" does not exist
[2025-09-05T09:21:10.017+0000] {subprocess.py:93} INFO - LINE 1: SELECT MAX(time) FROM cryptocurrency.vetusdt;
[2025-09-05T09:21:10.017+0000] {subprocess.py:93} INFO -                               ^
[2025-09-05T09:21:10.017+0000] {subprocess.py:93} INFO - 
[2025-09-05T09:21:10.017+0000] {subprocess.py:93} INFO - 96/100 JUPUSDT lỗi: relation "cryptocurrency.jupusdt" does not exist
[2025-09-05T09:21:10.017+0000] {subprocess.py:93} INFO - LINE 1: SELECT MAX(time) FROM cryptocurrency.jupusdt;
[2025-09-05T09:21:10.018+0000] {subprocess.py:93} INFO -                               ^
[2025-09-05T09:21:10.018+0000] {subprocess.py:93} INFO - 
[2025-09-05T09:21:10.018+0000] {subprocess.py:93} INFO - ✅ SKLUSDT: thêm 1 dòng mới
[2025-09-05T09:21:10.018+0000] {subprocess.py:93} INFO - 97/100 SKLUSDT lưu OK
[2025-09-05T09:21:10.018+0000] {subprocess.py:93} INFO - 98/100 IOUSDT lỗi: relation "cryptocurrency.iousdt" does not exist
[2025-09-05T09:21:10.018+0000] {subprocess.py:93} INFO - LINE 1: SELECT MAX(time) FROM cryptocurrency.iousdt;
[2025-09-05T09:21:10.019+0000] {subprocess.py:93} INFO -                               ^
[2025-09-05T09:21:10.019+0000] {subprocess.py:93} INFO - 
[2025-09-05T09:21:10.019+0000] {subprocess.py:93} INFO - ✅ TOWNSUSDT: thêm 1 dòng mới
[2025-09-05T09:21:10.019+0000] {subprocess.py:93} INFO - 99/100 TOWNSUSDT lưu OK
[2025-09-05T09:21:10.019+0000] {subprocess.py:93} INFO - 100/100 WBTCUSDT lỗi: relation "cryptocurrency.wbtcusdt" does not exist
[2025-09-05T09:21:10.020+0000] {subprocess.py:93} INFO - LINE 1: SELECT MAX(time) FROM cryptocurrency.wbtcusdt;
[2025-09-05T09:21:10.020+0000] {subprocess.py:93} INFO -                               ^
[2025-09-05T09:21:10.020+0000] {subprocess.py:93} INFO - 
[2025-09-05T09:21:10.101+0000] {subprocess.py:97} INFO - Command exited with return code 0
[2025-09-05T09:21:10.102+0000] {taskinstance.py:441} INFO - ::group::Post task execution logs
[2025-09-05T09:21:10.127+0000] {taskinstance.py:1206} INFO - Marking task as SUCCESS. dag_id=crypto_collector_dag, task_id=run_crypto_collector, run_id=scheduled__2025-09-05T09:20:00+00:00, execution_date=20250905T092000, start_date=20250905T092101, end_date=20250905T092110
[2025-09-05T09:21:10.173+0000] {local_task_job_runner.py:240} INFO - Task exited with return code 0
[2025-09-05T09:21:10.201+0000] {taskinstance.py:3498} INFO - 0 downstream tasks scheduled from follow-on schedule check
[2025-09-05T09:21:10.203+0000] {local_task_job_runner.py:222} INFO - ::endgroup::
