[2025-09-08T03:36:02.200+0000] {local_task_job_runner.py:120} INFO - ::group::Pre task execution logs
[2025-09-08T03:36:02.243+0000] {taskinstance.py:2076} INFO - Dependencies all met for dep_context=non-requeueable deps ti=<TaskInstance: foreign_1_live.save_foreign_1 scheduled__2025-09-08T03:35:00+00:00 [queued]>
[2025-09-08T03:36:02.256+0000] {taskinstance.py:2076} INFO - Dependencies all met for dep_context=requeueable deps ti=<TaskInstance: foreign_1_live.save_foreign_1 scheduled__2025-09-08T03:35:00+00:00 [queued]>
[2025-09-08T03:36:02.256+0000] {taskinstance.py:2306} INFO - Starting attempt 1 of 11
[2025-09-08T03:36:02.280+0000] {taskinstance.py:2330} INFO - Executing <Task(PythonOperator): save_foreign_1> on 2025-09-08 03:35:00+00:00
[2025-09-08T03:36:02.291+0000] {standard_task_runner.py:63} INFO - Started process 307954 to run task
[2025-09-08T03:36:02.295+0000] {standard_task_runner.py:90} INFO - Running: ['***', 'tasks', 'run', 'foreign_1_live', 'save_foreign_1', 'scheduled__2025-09-08T03:35:00+00:00', '--job-id', '157257', '--raw', '--subdir', 'DAGS_FOLDER/dag_foreign_1_live.py', '--cfg-path', '/tmp/tmp9w5rhz46']
[2025-09-08T03:36:02.299+0000] {standard_task_runner.py:91} INFO - Job 157257: Subtask save_foreign_1
[2025-09-08T03:36:02.353+0000] {task_command.py:426} INFO - Running <TaskInstance: foreign_1_live.save_foreign_1 scheduled__2025-09-08T03:35:00+00:00 [running]> on host 8d9cea3aac78
[2025-09-08T03:36:02.456+0000] {taskinstance.py:2648} INFO - Exporting env vars: AIRFLOW_CTX_DAG_OWNER='***' AIRFLOW_CTX_DAG_ID='foreign_1_live' AIRFLOW_CTX_TASK_ID='save_foreign_1' AIRFLOW_CTX_EXECUTION_DATE='2025-09-08T03:35:00+00:00' AIRFLOW_CTX_TRY_NUMBER='1' AIRFLOW_CTX_DAG_RUN_ID='scheduled__2025-09-08T03:35:00+00:00'
[2025-09-08T03:36:02.457+0000] {taskinstance.py:430} INFO - ::endgroup::
[2025-09-08T03:36:02.472+0000] {foreign_1.py:18} INFO - Kết nối DB
[2025-09-08T03:36:06.082+0000] {foreign_1.py:28} INFO - Đã lưu foreign_ALL
[2025-09-08T03:36:06.084+0000] {foreign_1.py:18} INFO - Kết nối DB
[2025-09-08T03:36:06.457+0000] {foreign_1.py:28} INFO - Đã lưu foreign_HOSE
[2025-09-08T03:36:06.458+0000] {foreign_1.py:18} INFO - Kết nối DB
[2025-09-08T03:36:06.948+0000] {foreign_1.py:28} INFO - Đã lưu foreign_HNX
[2025-09-08T03:36:06.950+0000] {foreign_1.py:18} INFO - Kết nối DB
[2025-09-08T03:36:07.506+0000] {foreign_1.py:28} INFO - Đã lưu foreign_UPCOM
[2025-09-08T03:36:07.507+0000] {python.py:237} INFO - Done. Returned value was: None
[2025-09-08T03:36:07.508+0000] {taskinstance.py:441} INFO - ::group::Post task execution logs
[2025-09-08T03:36:07.523+0000] {taskinstance.py:1206} INFO - Marking task as SUCCESS. dag_id=foreign_1_live, task_id=save_foreign_1, run_id=scheduled__2025-09-08T03:35:00+00:00, execution_date=20250908T033500, start_date=20250908T033602, end_date=20250908T033607
[2025-09-08T03:36:07.569+0000] {local_task_job_runner.py:240} INFO - Task exited with return code 0
[2025-09-08T03:36:07.606+0000] {taskinstance.py:3503} INFO - 4 downstream tasks scheduled from follow-on schedule check
[2025-09-08T03:36:07.607+0000] {local_task_job_runner.py:222} INFO - ::endgroup::
