[2025-09-05T07:47:02.492+0000] {local_task_job_runner.py:120} INFO - ::group::Pre task execution logs
[2025-09-05T07:47:02.516+0000] {taskinstance.py:2076} INFO - Dependencies all met for dep_context=non-requeueable deps ti=<TaskInstance: activity.activity_HOSE scheduled__2025-09-05T07:46:00+00:00 [queued]>
[2025-09-05T07:47:02.524+0000] {taskinstance.py:2076} INFO - Dependencies all met for dep_context=requeueable deps ti=<TaskInstance: activity.activity_HOSE scheduled__2025-09-05T07:46:00+00:00 [queued]>
[2025-09-05T07:47:02.524+0000] {taskinstance.py:2306} INFO - Starting attempt 1 of 11
[2025-09-05T07:47:02.536+0000] {taskinstance.py:2330} INFO - Executing <Task(PythonOperator): activity_HOSE> on 2025-09-05 07:46:00+00:00
[2025-09-05T07:47:02.544+0000] {standard_task_runner.py:63} INFO - Started process 3153164 to run task
[2025-09-05T07:47:02.548+0000] {standard_task_runner.py:90} INFO - Running: ['***', 'tasks', 'run', 'activity', 'activity_HOSE', 'scheduled__2025-09-05T07:46:00+00:00', '--job-id', '111853', '--raw', '--subdir', 'DAGS_FOLDER/dag_activity.py', '--cfg-path', '/tmp/tmp6m7pochc']
[2025-09-05T07:47:02.551+0000] {standard_task_runner.py:91} INFO - Job 111853: Subtask activity_HOSE
[2025-09-05T07:47:02.612+0000] {task_command.py:426} INFO - Running <TaskInstance: activity.activity_HOSE scheduled__2025-09-05T07:46:00+00:00 [running]> on host 1877907bc043
[2025-09-05T07:47:02.725+0000] {taskinstance.py:2648} INFO - Exporting env vars: AIRFLOW_CTX_DAG_OWNER='***' AIRFLOW_CTX_DAG_ID='activity' AIRFLOW_CTX_TASK_ID='activity_HOSE' AIRFLOW_CTX_EXECUTION_DATE='2025-09-05T07:46:00+00:00' AIRFLOW_CTX_TRY_NUMBER='1' AIRFLOW_CTX_DAG_RUN_ID='scheduled__2025-09-05T07:46:00+00:00'
[2025-09-05T07:47:02.726+0000] {taskinstance.py:430} INFO - ::endgroup::
[2025-09-05T07:47:02.743+0000] {activity_HOSE.py:17} INFO - Kết nối DB
[2025-09-05T07:47:02.789+0000] {activity_HOSE.py:55} ERROR - Lỗi lưu activity_HOSE
Traceback (most recent call last):
  File "/opt/airflow/dags/utils/market_data/activity/activity_HOSE.py", line 18, in activity_HOSE
    df = pd.read_sql('SELECT * FROM "history_data"."eboard_table"', con=enginedb).sort_values(by='symbol',ascending=True)
  File "/home/airflow/.local/lib/python3.10/site-packages/pandas/core/frame.py", line 6944, in sort_values
    k = self._get_label_or_level_values(by[0], axis=axis)
  File "/home/airflow/.local/lib/python3.10/site-packages/pandas/core/generic.py", line 1844, in _get_label_or_level_values
    raise KeyError(key)
KeyError: 'symbol'
[2025-09-05T07:47:02.794+0000] {python.py:237} INFO - Done. Returned value was: None
[2025-09-05T07:47:02.795+0000] {taskinstance.py:441} INFO - ::group::Post task execution logs
[2025-09-05T07:47:02.806+0000] {taskinstance.py:1206} INFO - Marking task as SUCCESS. dag_id=activity, task_id=activity_HOSE, run_id=scheduled__2025-09-05T07:46:00+00:00, execution_date=20250905T074600, start_date=20250905T074702, end_date=20250905T074702
[2025-09-05T07:47:02.840+0000] {local_task_job_runner.py:240} INFO - Task exited with return code 0
[2025-09-05T07:47:02.866+0000] {taskinstance.py:3498} INFO - 0 downstream tasks scheduled from follow-on schedule check
[2025-09-05T07:47:02.867+0000] {local_task_job_runner.py:222} INFO - ::endgroup::
