[2025-08-18T20:48:01.590+0000] {local_task_job_runner.py:120} INFO - ::group::Pre task execution logs
[2025-08-18T20:48:01.616+0000] {taskinstance.py:2076} INFO - Dependencies all met for dep_context=non-requeueable deps ti=<TaskInstance: crypto_collector_dag.run_crypto_collector scheduled__2025-08-18T20:47:00+00:00 [queued]>
[2025-08-18T20:48:01.626+0000] {taskinstance.py:2076} INFO - Dependencies all met for dep_context=requeueable deps ti=<TaskInstance: crypto_collector_dag.run_crypto_collector scheduled__2025-08-18T20:47:00+00:00 [queued]>
[2025-08-18T20:48:01.626+0000] {taskinstance.py:2306} INFO - Starting attempt 1 of 2
[2025-08-18T20:48:01.638+0000] {taskinstance.py:2330} INFO - Executing <Task(BashOperator): run_crypto_collector> on 2025-08-18 20:47:00+00:00
[2025-08-18T20:48:01.645+0000] {standard_task_runner.py:63} INFO - Started process 213437 to run task
[2025-08-18T20:48:01.649+0000] {standard_task_runner.py:90} INFO - Running: ['***', 'tasks', 'run', 'crypto_collector_dag', 'run_crypto_collector', 'scheduled__2025-08-18T20:47:00+00:00', '--job-id', '9955', '--raw', '--subdir', 'DAGS_FOLDER/crawl_crypto/dags_crypto.py', '--cfg-path', '/tmp/tmp4r1sj1c4']
[2025-08-18T20:48:01.650+0000] {standard_task_runner.py:91} INFO - Job 9955: Subtask run_crypto_collector
[2025-08-18T20:48:01.720+0000] {task_command.py:426} INFO - Running <TaskInstance: crypto_collector_dag.run_crypto_collector scheduled__2025-08-18T20:47:00+00:00 [running]> on host 1877907bc043
[2025-08-18T20:48:01.874+0000] {taskinstance.py:2648} INFO - Exporting env vars: AIRFLOW_CTX_DAG_OWNER='***' AIRFLOW_CTX_DAG_ID='crypto_collector_dag' AIRFLOW_CTX_TASK_ID='run_crypto_collector' AIRFLOW_CTX_EXECUTION_DATE='2025-08-18T20:47:00+00:00' AIRFLOW_CTX_TRY_NUMBER='1' AIRFLOW_CTX_DAG_RUN_ID='scheduled__2025-08-18T20:47:00+00:00'
[2025-08-18T20:48:01.875+0000] {taskinstance.py:430} INFO - ::endgroup::
[2025-08-18T20:48:01.903+0000] {subprocess.py:63} INFO - Tmp dir root location: /tmp
[2025-08-18T20:48:01.904+0000] {subprocess.py:75} INFO - Running command: ['/usr/bin/bash', '-c', 'python3 /opt/***/dags/crawl_crypto/crawl_data_crypto.py']
[2025-08-18T20:48:01.921+0000] {subprocess.py:86} INFO - Output:
[2025-08-18T20:49:10.095+0000] {subprocess.py:93} INFO - 🔹 Kết nối DB...
[2025-08-18T20:49:10.096+0000] {subprocess.py:93} INFO - 🔹 Lấy top 100 crypto...
[2025-08-18T20:49:10.096+0000] {subprocess.py:93} INFO - Top 100: ['ETHUSDT', 'USDCUSDT', 'BTCUSDT', 'SOLUSDT', 'FDUSDUSDT', 'XRPUSDT', 'DOGEUSDT', 'LINKUSDT', 'ADAUSDT', 'PROVEUSDT', 'SUIUSDT', 'BNBUSDT', 'TRXUSDT', 'ENAUSDT', 'ARBUSDT', 'TOWNSUSDT', 'PEPEUSDT', 'BIOUSDT', 'UNIUSDT', 'AVAXUSDT', 'AEURUSDT', 'PENGUUSDT', 'SEIUSDT', 'LTCUSDT', 'HBARUSDT', 'POLUSDT', 'PLUMEUSDT', 'CRVUSDT', 'TRUMPUSDT', 'AAVEUSDT', 'BFUSDUSDT', 'DOTUSDT', 'NEARUSDT', 'WLDUSDT', 'BONKUSDT', 'WIFUSDT', 'INJUSDT', 'XLMUSDT', 'SUSDT', 'SKLUSDT', 'VIRTUALUSDT', 'LDOUSDT', 'TAOUSDT', 'APTUSDT', 'API3USDT', 'TONUSDT', 'OPUSDT', 'FLOKIUSDT', 'PENDLEUSDT', 'MEMEUSDT', 'ONDOUSDT', 'FETUSDT', 'ETHFIUSDT', 'PONDUSDT', 'EURUSDT', 'BCHUSDT', 'RAYUSDT', 'PNUTUSDT', 'TIAUSDT', 'EPICUSDT', 'ALPINEUSDT', 'SHIBUSDT', 'NEIROUSDT', 'ETCUSDT', 'ALGOUSDT', 'MAGICUSDT', 'FILUSDT', 'EIGENUSDT', 'GALAUSDT', 'CYBERUSDT', 'XUSDUSDT', 'RENDERUSDT', 'CTSIUSDT', 'JUVUSDT', 'ASRUSDT', 'SPKUSDT', 'CAKEUSDT', 'TSTUSDT', 'VETUSDT', 'ICPUSDT', 'OGUSDT', 'PAXGUSDT', 'CFXUSDT', 'RUNEUSDT', 'BERAUSDT', 'MDTUSDT', 'ORDIUSDT', 'MAVUSDT', 'WBTCUSDT', 'MKRUSDT', 'ATOMUSDT', 'SYRUPUSDT', 'ARKMUSDT', 'ENSUSDT', 'OMUSDT', 'AIXBTUSDT', 'RESOLVUSDT', 'LAYERUSDT', 'WCTUSDT', 'FUNUSDT']
[2025-08-18T20:49:10.096+0000] {subprocess.py:93} INFO - 🔹 Lưu lịch sử giá vào DB bằng threading...
[2025-08-18T20:49:10.097+0000] {subprocess.py:93} INFO - ✅ FDUSDUSDT: thêm 1 dòng mới
[2025-08-18T20:49:10.097+0000] {subprocess.py:93} INFO - ✅ ETHUSDT: thêm 1 dòng mới
[2025-08-18T20:49:10.097+0000] {subprocess.py:93} INFO - 1/100 FDUSDUSDT lưu OK
[2025-08-18T20:49:10.098+0000] {subprocess.py:93} INFO - 2/100 ETHUSDT lưu OK
[2025-08-18T20:49:10.098+0000] {subprocess.py:93} INFO - ✅ SOLUSDT: thêm 1 dòng mới
[2025-08-18T20:49:10.098+0000] {subprocess.py:93} INFO - ✅ USDCUSDT: thêm 1 dòng mới
[2025-08-18T20:49:10.099+0000] {subprocess.py:93} INFO - 3/100 SOLUSDT lưu OK
[2025-08-18T20:49:10.099+0000] {subprocess.py:93} INFO - 4/100 USDCUSDT lưu OK
[2025-08-18T20:49:10.099+0000] {subprocess.py:93} INFO - ✅ BTCUSDT: thêm 1 dòng mới
[2025-08-18T20:49:10.099+0000] {subprocess.py:93} INFO - 5/100 BTCUSDT lưu OK
[2025-08-18T20:49:10.100+0000] {subprocess.py:93} INFO - ✅ XRPUSDT: thêm 1 dòng mới
[2025-08-18T20:49:10.100+0000] {subprocess.py:93} INFO - 6/100 XRPUSDT lưu OK
[2025-08-18T20:49:10.100+0000] {subprocess.py:93} INFO - ✅ ADAUSDT: thêm 1 dòng mới
[2025-08-18T20:49:10.100+0000] {subprocess.py:93} INFO - 7/100 ADAUSDT lưu OK
[2025-08-18T20:49:10.101+0000] {subprocess.py:93} INFO - ✅ PROVEUSDT: thêm 1 dòng mới
[2025-08-18T20:49:10.101+0000] {subprocess.py:93} INFO - 8/100 PROVEUSDT lưu OK
[2025-08-18T20:49:10.101+0000] {subprocess.py:93} INFO - ✅ LINKUSDT: thêm 1 dòng mới
[2025-08-18T20:49:10.102+0000] {subprocess.py:93} INFO - 9/100 LINKUSDT lưu OK
[2025-08-18T20:49:10.102+0000] {subprocess.py:93} INFO - ✅ DOGEUSDT: thêm 1 dòng mới
[2025-08-18T20:49:10.102+0000] {subprocess.py:93} INFO - 10/100 DOGEUSDT lưu OK
[2025-08-18T20:49:10.102+0000] {subprocess.py:93} INFO - ✅ AVAXUSDT: thêm 1 dòng mới
[2025-08-18T20:49:10.103+0000] {subprocess.py:93} INFO - 11/100 AVAXUSDT lưu OK
[2025-08-18T20:49:10.103+0000] {subprocess.py:93} INFO - ✅ UNIUSDT: thêm 1 dòng mới
[2025-08-18T20:49:10.103+0000] {subprocess.py:93} INFO - 12/100 UNIUSDT lưu OK
[2025-08-18T20:49:10.103+0000] {subprocess.py:93} INFO - ✅ TRXUSDT: thêm 1 dòng mới
[2025-08-18T20:49:10.104+0000] {subprocess.py:93} INFO - 13/100 TRXUSDT lưu OK
[2025-08-18T20:49:10.104+0000] {subprocess.py:93} INFO - 14/100 AEURUSDT lỗi: relation "cryptocurrency.aeurusdt" does not exist
[2025-08-18T20:49:10.104+0000] {subprocess.py:93} INFO - LINE 1: SELECT MAX(time) FROM cryptocurrency.aeurusdt;
[2025-08-18T20:49:10.104+0000] {subprocess.py:93} INFO -                               ^
[2025-08-18T20:49:10.105+0000] {subprocess.py:93} INFO - 
[2025-08-18T20:49:10.105+0000] {subprocess.py:93} INFO - ⚠️ ARBUSDT lỗi lần 1/3: HTTPSConnectionPool(host='api.binance.com', port=443): Max retries exceeded with url: /api/v3/klines?symbol=ARBUSDT&interval=1m&limit=100 (Caused by ConnectTimeoutError(<urllib3.connection.HTTPSConnection object at 0x7fe90eb82860>, 'Connection to api.binance.com timed out. (connect timeout=15)'))
[2025-08-18T20:49:10.105+0000] {subprocess.py:93} INFO - ⚠️ ENAUSDT lỗi lần 1/3: HTTPSConnectionPool(host='api.binance.com', port=443): Max retries exceeded with url: /api/v3/klines?symbol=ENAUSDT&interval=1m&limit=100 (Caused by ConnectTimeoutError(<urllib3.connection.HTTPSConnection object at 0x7fe90eb4c550>, 'Connection to api.binance.com timed out. (connect timeout=15)'))
[2025-08-18T20:49:10.105+0000] {subprocess.py:93} INFO - ⚠️ TOWNSUSDT lỗi lần 1/3: HTTPSConnectionPool(host='api.binance.com', port=443): Max retries exceeded with url: /api/v3/klines?symbol=TOWNSUSDT&interval=1m&limit=100 (Caused by ConnectTimeoutError(<urllib3.connection.HTTPSConnection object at 0x7fe90eb832e0>, 'Connection to api.binance.com timed out. (connect timeout=15)'))
[2025-08-18T20:49:10.106+0000] {subprocess.py:93} INFO - ⚠️ PEPEUSDT lỗi lần 1/3: HTTPSConnectionPool(host='api.binance.com', port=443): Max retries exceeded with url: /api/v3/klines?symbol=PEPEUSDT&interval=1m&limit=100 (Caused by ConnectTimeoutError(<urllib3.connection.HTTPSConnection object at 0x7fe90eb82380>, 'Connection to api.binance.com timed out. (connect timeout=15)'))
[2025-08-18T20:49:10.106+0000] {subprocess.py:93} INFO - ⚠️ BIOUSDT lỗi lần 1/3: HTTPSConnectionPool(host='api.binance.com', port=443): Max retries exceeded with url: /api/v3/klines?symbol=BIOUSDT&interval=1m&limit=100 (Caused by ConnectTimeoutError(<urllib3.connection.HTTPSConnection object at 0x7fe90eb822c0>, 'Connection to api.binance.com timed out. (connect timeout=15)'))
[2025-08-18T20:49:10.106+0000] {subprocess.py:93} INFO - ✅ BNBUSDT: thêm 1 dòng mới
[2025-08-18T20:49:10.107+0000] {subprocess.py:93} INFO - 15/100 BNBUSDT lưu OK
[2025-08-18T20:49:10.107+0000] {subprocess.py:93} INFO - ✅ SUIUSDT: thêm 1 dòng mới
[2025-08-18T20:49:10.107+0000] {subprocess.py:93} INFO - 16/100 SUIUSDT lưu OK
[2025-08-18T20:49:10.107+0000] {subprocess.py:93} INFO - ✅ POLUSDT: thêm 1 dòng mới
[2025-08-18T20:49:10.108+0000] {subprocess.py:93} INFO - 17/100 POLUSDT lưu OK
[2025-08-18T20:49:10.108+0000] {subprocess.py:93} INFO - ✅ HBARUSDT: thêm 1 dòng mới
[2025-08-18T20:49:10.108+0000] {subprocess.py:93} INFO - 18/100 HBARUSDT lưu OK
[2025-08-18T20:49:10.108+0000] {subprocess.py:93} INFO - ✅ ENAUSDT: thêm 1 dòng mới
[2025-08-18T20:49:10.109+0000] {subprocess.py:93} INFO - 19/100 ENAUSDT lưu OK
[2025-08-18T20:49:10.109+0000] {subprocess.py:93} INFO - ✅ TRUMPUSDT: thêm 1 dòng mới
[2025-08-18T20:49:10.109+0000] {subprocess.py:93} INFO - 20/100 TRUMPUSDT lưu OK
[2025-08-18T20:49:10.109+0000] {subprocess.py:93} INFO - ✅ AAVEUSDT: thêm 1 dòng mới
[2025-08-18T20:49:10.110+0000] {subprocess.py:93} INFO - 21/100 AAVEUSDT lưu OK
[2025-08-18T20:49:10.110+0000] {subprocess.py:93} INFO - ✅ BFUSDUSDT: thêm 1 dòng mới
[2025-08-18T20:49:10.110+0000] {subprocess.py:93} INFO - 22/100 BFUSDUSDT lưu OK
[2025-08-18T20:49:10.111+0000] {subprocess.py:93} INFO - ✅ SEIUSDT: thêm 1 dòng mới
[2025-08-18T20:49:10.111+0000] {subprocess.py:93} INFO - 23/100 SEIUSDT lưu OK
[2025-08-18T20:49:10.111+0000] {subprocess.py:93} INFO - ✅ PENGUUSDT: thêm 1 dòng mới
[2025-08-18T20:49:10.111+0000] {subprocess.py:93} INFO - 24/100 PENGUUSDT lưu OK
[2025-08-18T20:49:10.112+0000] {subprocess.py:93} INFO - ⚠️ LTCUSDT lỗi lần 1/3: HTTPSConnectionPool(host='api.binance.com', port=443): Max retries exceeded with url: /api/v3/klines?symbol=LTCUSDT&interval=1m&limit=100 (Caused by ConnectTimeoutError(<urllib3.connection.HTTPSConnection object at 0x7fe90eb4df60>, 'Connection to api.binance.com timed out. (connect timeout=15)'))
[2025-08-18T20:49:10.112+0000] {subprocess.py:93} INFO - ✅ LTCUSDT: thêm 1 dòng mới
[2025-08-18T20:49:10.112+0000] {subprocess.py:93} INFO - 25/100 LTCUSDT lưu OK
[2025-08-18T20:49:10.112+0000] {subprocess.py:93} INFO - ⚠️ TOWNSUSDT lỗi lần 2/3: HTTPSConnectionPool(host='api.binance.com', port=443): Max retries exceeded with url: /api/v3/klines?symbol=TOWNSUSDT&interval=1m&limit=100 (Caused by ConnectTimeoutError(<urllib3.connection.HTTPSConnection object at 0x7fe90eb4f760>, 'Connection to api.binance.com timed out. (connect timeout=15)'))
[2025-08-18T20:49:10.113+0000] {subprocess.py:93} INFO - ⚠️ ARBUSDT lỗi lần 2/3: HTTPSConnectionPool(host='api.binance.com', port=443): Max retries exceeded with url: /api/v3/klines?symbol=ARBUSDT&interval=1m&limit=100 (Caused by ConnectTimeoutError(<urllib3.connection.HTTPSConnection object at 0x7fe90eb83670>, 'Connection to api.binance.com timed out. (connect timeout=15)'))
[2025-08-18T20:49:10.113+0000] {subprocess.py:93} INFO - ⚠️ BIOUSDT lỗi lần 2/3: HTTPSConnectionPool(host='api.binance.com', port=443): Max retries exceeded with url: /api/v3/klines?symbol=BIOUSDT&interval=1m&limit=100 (Caused by ConnectTimeoutError(<urllib3.connection.HTTPSConnection object at 0x7fe90d76c9a0>, 'Connection to api.binance.com timed out. (connect timeout=15)'))
[2025-08-18T20:49:10.113+0000] {subprocess.py:93} INFO - ⚠️ PEPEUSDT lỗi lần 2/3: HTTPSConnectionPool(host='api.binance.com', port=443): Max retries exceeded with url: /api/v3/klines?symbol=PEPEUSDT&interval=1m&limit=100 (Caused by ConnectTimeoutError(<urllib3.connection.HTTPSConnection object at 0x7fe90eb79630>, 'Connection to api.binance.com timed out. (connect timeout=15)'))
[2025-08-18T20:49:10.113+0000] {subprocess.py:93} INFO - ✅ PEPEUSDT: thêm 1 dòng mới
[2025-08-18T20:49:10.114+0000] {subprocess.py:93} INFO - 26/100 PEPEUSDT lưu OK
[2025-08-18T20:49:10.114+0000] {subprocess.py:93} INFO - ✅ WIFUSDT: thêm 1 dòng mới
[2025-08-18T20:49:10.114+0000] {subprocess.py:93} INFO - 27/100 WIFUSDT lưu OK
[2025-08-18T20:49:10.114+0000] {subprocess.py:93} INFO - ✅ INJUSDT: thêm 1 dòng mới
[2025-08-18T20:49:10.115+0000] {subprocess.py:93} INFO - 28/100 INJUSDT lưu OK
[2025-08-18T20:49:10.115+0000] {subprocess.py:93} INFO - ✅ XLMUSDT: thêm 1 dòng mới
[2025-08-18T20:49:10.115+0000] {subprocess.py:93} INFO - 29/100 XLMUSDT lưu OK
[2025-08-18T20:49:10.115+0000] {subprocess.py:93} INFO - ✅ SUSDT: thêm 1 dòng mới
[2025-08-18T20:49:10.116+0000] {subprocess.py:93} INFO - 30/100 SUSDT lưu OK
[2025-08-18T20:49:10.116+0000] {subprocess.py:93} INFO - ✅ SKLUSDT: thêm 1 dòng mới
[2025-08-18T20:49:10.116+0000] {subprocess.py:93} INFO - 31/100 SKLUSDT lưu OK
[2025-08-18T20:49:10.117+0000] {subprocess.py:93} INFO - ✅ VIRTUALUSDT: thêm 1 dòng mới
[2025-08-18T20:49:10.117+0000] {subprocess.py:93} INFO - 32/100 VIRTUALUSDT lưu OK
[2025-08-18T20:49:10.117+0000] {subprocess.py:93} INFO - ⚠️ BIOUSDT lỗi lần 3/3: HTTPSConnectionPool(host='api.binance.com', port=443): Max retries exceeded with url: /api/v3/klines?symbol=BIOUSDT&interval=1m&limit=100 (Caused by ConnectTimeoutError(<urllib3.connection.HTTPSConnection object at 0x7fe90eb4e710>, 'Connection to api.binance.com timed out. (connect timeout=15)'))
[2025-08-18T20:49:10.117+0000] {subprocess.py:93} INFO - ⚠️ ARBUSDT lỗi lần 3/3: HTTPSConnectionPool(host='api.binance.com', port=443): Max retries exceeded with url: /api/v3/klines?symbol=ARBUSDT&interval=1m&limit=100 (Caused by ConnectTimeoutError(<urllib3.connection.HTTPSConnection object at 0x7fe90d76cac0>, 'Connection to api.binance.com timed out. (connect timeout=15)'))
[2025-08-18T20:49:10.118+0000] {subprocess.py:93} INFO - ✅ TOWNSUSDT: thêm 1 dòng mới
[2025-08-18T20:49:10.118+0000] {subprocess.py:93} INFO - 33/100 TOWNSUSDT lưu OK
[2025-08-18T20:49:10.118+0000] {subprocess.py:93} INFO - ✅ TAOUSDT: thêm 1 dòng mới
[2025-08-18T20:49:10.118+0000] {subprocess.py:93} INFO - 34/100 TAOUSDT lưu OK
[2025-08-18T20:49:10.119+0000] {subprocess.py:93} INFO - ✅ DOTUSDT: thêm 1 dòng mới
[2025-08-18T20:49:10.119+0000] {subprocess.py:93} INFO - 35/100 DOTUSDT lưu OK
[2025-08-18T20:49:10.119+0000] {subprocess.py:93} INFO - ✅ CRVUSDT: thêm 1 dòng mới
[2025-08-18T20:49:10.119+0000] {subprocess.py:93} INFO - 36/100 CRVUSDT lưu OK
[2025-08-18T20:49:10.120+0000] {subprocess.py:93} INFO - ✅ API3USDT: thêm 1 dòng mới
[2025-08-18T20:49:10.120+0000] {subprocess.py:93} INFO - 37/100 API3USDT lưu OK
[2025-08-18T20:49:10.120+0000] {subprocess.py:93} INFO - 38/100 BIOUSDT bỏ qua (fail)
[2025-08-18T20:49:10.120+0000] {subprocess.py:93} INFO - 39/100 ARBUSDT bỏ qua (fail)
[2025-08-18T20:49:10.121+0000] {subprocess.py:93} INFO - ✅ TONUSDT: thêm 1 dòng mới
[2025-08-18T20:49:10.121+0000] {subprocess.py:93} INFO - 40/100 TONUSDT lưu OK
[2025-08-18T20:49:10.121+0000] {subprocess.py:93} INFO - ⚠️ OPUSDT lỗi lần 1/3: HTTPSConnectionPool(host='api.binance.com', port=443): Max retries exceeded with url: /api/v3/klines?symbol=OPUSDT&interval=1m&limit=100 (Caused by ConnectTimeoutError(<urllib3.connection.HTTPSConnection object at 0x7fe90eb7bbe0>, 'Connection to api.binance.com timed out. (connect timeout=15)'))
[2025-08-18T20:50:41.977+0000] {subprocess.py:93} INFO - ⚠️ PENDLEUSDT lỗi lần 1/3: HTTPSConnectionPool(host='api.binance.com', port=443): Max retries exceeded with url: /api/v3/klines?symbol=PENDLEUSDT&interval=1m&limit=100 (Caused by ConnectTimeoutError(<urllib3.connection.HTTPSConnection object at 0x7fe90eb38fa0>, 'Connection to api.binance.com timed out. (connect timeout=15)'))
[2025-08-18T20:50:41.978+0000] {subprocess.py:93} INFO - ⚠️ FLOKIUSDT lỗi lần 1/3: HTTPSConnectionPool(host='api.binance.com', port=443): Max retries exceeded with url: /api/v3/klines?symbol=FLOKIUSDT&interval=1m&limit=100 (Caused by ConnectTimeoutError(<urllib3.connection.HTTPSConnection object at 0x7fe90eb3a3b0>, 'Connection to api.binance.com timed out. (connect timeout=15)'))
[2025-08-18T20:50:41.978+0000] {subprocess.py:93} INFO - ✅ OPUSDT: thêm 2 dòng mới
[2025-08-18T20:50:41.978+0000] {subprocess.py:93} INFO - 41/100 OPUSDT lưu OK
[2025-08-18T20:50:41.979+0000] {subprocess.py:93} INFO - ✅ PENDLEUSDT: thêm 2 dòng mới
[2025-08-18T20:50:41.979+0000] {subprocess.py:93} INFO - 42/100 PENDLEUSDT lưu OK
[2025-08-18T20:50:41.979+0000] {subprocess.py:93} INFO - ✅ FETUSDT: thêm 2 dòng mới
[2025-08-18T20:50:41.980+0000] {subprocess.py:93} INFO - 43/100 FETUSDT lưu OK
[2025-08-18T20:50:41.980+0000] {subprocess.py:93} INFO - ✅ ETHFIUSDT: thêm 2 dòng mới
[2025-08-18T20:50:41.980+0000] {subprocess.py:93} INFO - 44/100 ETHFIUSDT lưu OK
[2025-08-18T20:50:41.981+0000] {subprocess.py:93} INFO - 45/100 PONDUSDT lỗi: relation "cryptocurrency.pondusdt" does not exist
[2025-08-18T20:50:41.981+0000] {subprocess.py:93} INFO - LINE 1: SELECT MAX(time) FROM cryptocurrency.pondusdt;
[2025-08-18T20:50:41.981+0000] {subprocess.py:93} INFO -                               ^
[2025-08-18T20:50:41.982+0000] {subprocess.py:93} INFO - 
[2025-08-18T20:50:41.982+0000] {subprocess.py:93} INFO - ✅ EURUSDT: thêm 2 dòng mới
[2025-08-18T20:50:41.982+0000] {subprocess.py:93} INFO - 46/100 EURUSDT lưu OK
[2025-08-18T20:50:41.982+0000] {subprocess.py:93} INFO - ✅ BCHUSDT: thêm 2 dòng mới
[2025-08-18T20:50:41.983+0000] {subprocess.py:93} INFO - 47/100 BCHUSDT lưu OK
[2025-08-18T20:50:41.983+0000] {subprocess.py:93} INFO - ✅ RAYUSDT: thêm 2 dòng mới
[2025-08-18T20:50:41.983+0000] {subprocess.py:93} INFO - 48/100 RAYUSDT lưu OK
[2025-08-18T20:50:41.984+0000] {subprocess.py:93} INFO - ✅ PNUTUSDT: thêm 2 dòng mới
[2025-08-18T20:50:41.984+0000] {subprocess.py:93} INFO - 49/100 PNUTUSDT lưu OK
[2025-08-18T20:50:41.984+0000] {subprocess.py:93} INFO - ✅ TIAUSDT: thêm 2 dòng mới
[2025-08-18T20:50:41.985+0000] {subprocess.py:93} INFO - 50/100 TIAUSDT lưu OK
[2025-08-18T20:50:41.985+0000] {subprocess.py:93} INFO - ✅ EPICUSDT: thêm 2 dòng mới
[2025-08-18T20:50:41.985+0000] {subprocess.py:93} INFO - 51/100 EPICUSDT lưu OK
[2025-08-18T20:50:41.986+0000] {subprocess.py:93} INFO - ✅ ALPINEUSDT: thêm 2 dòng mới
[2025-08-18T20:50:41.986+0000] {subprocess.py:93} INFO - 52/100 ALPINEUSDT lưu OK
[2025-08-18T20:50:41.986+0000] {subprocess.py:93} INFO - ✅ ONDOUSDT: thêm 2 dòng mới
[2025-08-18T20:50:41.987+0000] {subprocess.py:93} INFO - 53/100 ONDOUSDT lưu OK
[2025-08-18T20:50:41.987+0000] {subprocess.py:93} INFO - ✅ SHIBUSDT: thêm 2 dòng mới
[2025-08-18T20:50:41.987+0000] {subprocess.py:93} INFO - 54/100 SHIBUSDT lưu OK
[2025-08-18T20:50:41.987+0000] {subprocess.py:93} INFO - ✅ LDOUSDT: thêm 1 dòng mới
[2025-08-18T20:50:41.988+0000] {subprocess.py:93} INFO - 55/100 LDOUSDT lưu OK
[2025-08-18T20:50:41.988+0000] {subprocess.py:93} INFO - ✅ ETCUSDT: thêm 2 dòng mới
[2025-08-18T20:50:41.988+0000] {subprocess.py:93} INFO - 56/100 ETCUSDT lưu OK
[2025-08-18T20:50:41.989+0000] {subprocess.py:93} INFO - ✅ ALGOUSDT: thêm 2 dòng mới
[2025-08-18T20:50:41.989+0000] {subprocess.py:93} INFO - 57/100 ALGOUSDT lưu OK
[2025-08-18T20:50:41.989+0000] {subprocess.py:93} INFO - ✅ FILUSDT: thêm 2 dòng mới
[2025-08-18T20:50:41.990+0000] {subprocess.py:93} INFO - 58/100 FILUSDT lưu OK
[2025-08-18T20:50:41.990+0000] {subprocess.py:93} INFO - ✅ MAGICUSDT: thêm 2 dòng mới
[2025-08-18T20:50:41.990+0000] {subprocess.py:93} INFO - 59/100 MAGICUSDT lưu OK
[2025-08-18T20:50:41.991+0000] {subprocess.py:93} INFO - ✅ NEIROUSDT: thêm 2 dòng mới
[2025-08-18T20:50:41.991+0000] {subprocess.py:93} INFO - 60/100 NEIROUSDT lưu OK
[2025-08-18T20:50:41.991+0000] {subprocess.py:93} INFO - ✅ EIGENUSDT: thêm 2 dòng mới
[2025-08-18T20:50:41.992+0000] {subprocess.py:93} INFO - 61/100 EIGENUSDT lưu OK
[2025-08-18T20:50:41.992+0000] {subprocess.py:93} INFO - ✅ GALAUSDT: thêm 2 dòng mới
[2025-08-18T20:50:41.992+0000] {subprocess.py:93} INFO - 62/100 GALAUSDT lưu OK
[2025-08-18T20:50:41.993+0000] {subprocess.py:93} INFO - 63/100 CYBERUSDT lỗi: relation "cryptocurrency.cyberusdt" does not exist
[2025-08-18T20:50:41.993+0000] {subprocess.py:93} INFO - LINE 1: SELECT MAX(time) FROM cryptocurrency.cyberusdt;
[2025-08-18T20:50:41.993+0000] {subprocess.py:93} INFO -                               ^
[2025-08-18T20:50:41.993+0000] {subprocess.py:93} INFO - 
[2025-08-18T20:50:41.994+0000] {subprocess.py:93} INFO - ✅ XUSDUSDT: thêm 2 dòng mới
[2025-08-18T20:50:41.994+0000] {subprocess.py:93} INFO - 64/100 XUSDUSDT lưu OK
[2025-08-18T20:50:41.994+0000] {subprocess.py:93} INFO - ✅ RENDERUSDT: thêm 2 dòng mới
[2025-08-18T20:50:41.995+0000] {subprocess.py:93} INFO - 65/100 RENDERUSDT lưu OK
[2025-08-18T20:50:41.995+0000] {subprocess.py:93} INFO - ✅ CTSIUSDT: thêm 2 dòng mới
[2025-08-18T20:50:41.995+0000] {subprocess.py:93} INFO - 66/100 CTSIUSDT lưu OK
[2025-08-18T20:50:41.996+0000] {subprocess.py:93} INFO - ✅ JUVUSDT: thêm 2 dòng mới
[2025-08-18T20:50:41.996+0000] {subprocess.py:93} INFO - 67/100 JUVUSDT lưu OK
[2025-08-18T20:50:41.996+0000] {subprocess.py:93} INFO - ✅ ASRUSDT: thêm 2 dòng mới
[2025-08-18T20:50:41.996+0000] {subprocess.py:93} INFO - 68/100 ASRUSDT lưu OK
[2025-08-18T20:50:41.997+0000] {subprocess.py:93} INFO - ✅ SPKUSDT: thêm 2 dòng mới
[2025-08-18T20:50:41.997+0000] {subprocess.py:93} INFO - 69/100 SPKUSDT lưu OK
[2025-08-18T20:50:41.997+0000] {subprocess.py:93} INFO - ✅ CAKEUSDT: thêm 2 dòng mới
[2025-08-18T20:50:41.998+0000] {subprocess.py:93} INFO - 70/100 CAKEUSDT lưu OK
[2025-08-18T20:50:41.998+0000] {subprocess.py:93} INFO - ✅ TSTUSDT: thêm 2 dòng mới
[2025-08-18T20:50:41.998+0000] {subprocess.py:93} INFO - 71/100 TSTUSDT lưu OK
[2025-08-18T20:50:41.998+0000] {subprocess.py:93} INFO - 72/100 VETUSDT lỗi: relation "cryptocurrency.vetusdt" does not exist
[2025-08-18T20:50:41.999+0000] {subprocess.py:93} INFO - LINE 1: SELECT MAX(time) FROM cryptocurrency.vetusdt;
[2025-08-18T20:50:41.999+0000] {subprocess.py:93} INFO -                               ^
[2025-08-18T20:50:41.999+0000] {subprocess.py:93} INFO - 
[2025-08-18T20:50:42.000+0000] {subprocess.py:93} INFO - ✅ ICPUSDT: thêm 2 dòng mới
[2025-08-18T20:50:42.000+0000] {subprocess.py:93} INFO - 73/100 ICPUSDT lưu OK
[2025-08-18T20:50:42.000+0000] {subprocess.py:93} INFO - ✅ OGUSDT: thêm 2 dòng mới
[2025-08-18T20:50:42.001+0000] {subprocess.py:93} INFO - 74/100 OGUSDT lưu OK
[2025-08-18T20:50:42.001+0000] {subprocess.py:93} INFO - 75/100 PAXGUSDT lỗi: relation "cryptocurrency.paxgusdt" does not exist
[2025-08-18T20:50:42.001+0000] {subprocess.py:93} INFO - LINE 1: SELECT MAX(time) FROM cryptocurrency.paxgusdt;
[2025-08-18T20:50:42.001+0000] {subprocess.py:93} INFO -                               ^
[2025-08-18T20:50:42.002+0000] {subprocess.py:93} INFO - 
[2025-08-18T20:50:42.002+0000] {subprocess.py:93} INFO - ✅ CFXUSDT: thêm 2 dòng mới
[2025-08-18T20:50:42.002+0000] {subprocess.py:93} INFO - 76/100 PLUMEUSDT lỗi: relation "cryptocurrency.plumeusdt" does not exist
[2025-08-18T20:50:42.003+0000] {subprocess.py:93} INFO - LINE 1: SELECT MAX(time) FROM cryptocurrency.plumeusdt;
[2025-08-18T20:50:42.003+0000] {subprocess.py:93} INFO -                               ^
[2025-08-18T20:50:42.003+0000] {subprocess.py:93} INFO - 
[2025-08-18T20:50:42.003+0000] {subprocess.py:93} INFO - 77/100 CFXUSDT lưu OK
[2025-08-18T20:50:42.004+0000] {subprocess.py:93} INFO - ✅ BERAUSDT: thêm 2 dòng mới
[2025-08-18T20:50:42.004+0000] {subprocess.py:93} INFO - 78/100 RUNEUSDT lỗi: relation "cryptocurrency.runeusdt" does not exist
[2025-08-18T20:50:42.004+0000] {subprocess.py:93} INFO - LINE 1: SELECT MAX(time) FROM cryptocurrency.runeusdt;
[2025-08-18T20:50:42.005+0000] {subprocess.py:93} INFO -                               ^
[2025-08-18T20:50:42.005+0000] {subprocess.py:93} INFO - 
[2025-08-18T20:50:42.005+0000] {subprocess.py:93} INFO - 79/100 BERAUSDT lưu OK
[2025-08-18T20:50:42.005+0000] {subprocess.py:93} INFO - ✅ MDTUSDT: thêm 2 dòng mới
[2025-08-18T20:50:42.006+0000] {subprocess.py:93} INFO - 80/100 MDTUSDT lưu OK
[2025-08-18T20:50:42.006+0000] {subprocess.py:93} INFO - ✅ ORDIUSDT: thêm 2 dòng mới
[2025-08-18T20:50:42.006+0000] {subprocess.py:93} INFO - 81/100 ORDIUSDT lưu OK
[2025-08-18T20:50:42.007+0000] {subprocess.py:93} INFO - 82/100 WBTCUSDT lỗi: relation "cryptocurrency.wbtcusdt" does not exist
[2025-08-18T20:50:42.007+0000] {subprocess.py:93} INFO - LINE 1: SELECT MAX(time) FROM cryptocurrency.wbtcusdt;
[2025-08-18T20:50:42.007+0000] {subprocess.py:93} INFO -                               ^
[2025-08-18T20:50:42.007+0000] {subprocess.py:93} INFO - 
[2025-08-18T20:50:42.008+0000] {subprocess.py:93} INFO - ✅ MAVUSDT: thêm 2 dòng mới
[2025-08-18T20:50:42.008+0000] {subprocess.py:93} INFO - 83/100 MAVUSDT lưu OK
[2025-08-18T20:50:42.008+0000] {subprocess.py:93} INFO - 84/100 ATOMUSDT lỗi: relation "cryptocurrency.atomusdt" does not exist
[2025-08-18T20:50:42.009+0000] {subprocess.py:93} INFO - LINE 1: SELECT MAX(time) FROM cryptocurrency.atomusdt;
[2025-08-18T20:50:42.009+0000] {subprocess.py:93} INFO -                               ^
[2025-08-18T20:50:42.009+0000] {subprocess.py:93} INFO - 
[2025-08-18T20:50:42.010+0000] {subprocess.py:93} INFO - 85/100 MKRUSDT lỗi: relation "cryptocurrency.mkrusdt" does not exist
[2025-08-18T20:50:42.010+0000] {subprocess.py:93} INFO - LINE 1: SELECT MAX(time) FROM cryptocurrency.mkrusdt;
[2025-08-18T20:50:42.010+0000] {subprocess.py:93} INFO -                               ^
[2025-08-18T20:50:42.011+0000] {subprocess.py:93} INFO - 
[2025-08-18T20:50:42.011+0000] {subprocess.py:93} INFO - ✅ SYRUPUSDT: thêm 2 dòng mới
[2025-08-18T20:50:42.011+0000] {subprocess.py:93} INFO - 86/100 SYRUPUSDT lưu OK
[2025-08-18T20:50:42.012+0000] {subprocess.py:93} INFO - ✅ ARKMUSDT: thêm 2 dòng mới
[2025-08-18T20:50:42.012+0000] {subprocess.py:93} INFO - 87/100 ARKMUSDT lưu OK
[2025-08-18T20:50:42.012+0000] {subprocess.py:93} INFO - ✅ OMUSDT: thêm 2 dòng mới
[2025-08-18T20:50:42.013+0000] {subprocess.py:93} INFO - 88/100 OMUSDT lưu OK
[2025-08-18T20:50:42.013+0000] {subprocess.py:93} INFO - ✅ ENSUSDT: thêm 2 dòng mới
[2025-08-18T20:50:42.013+0000] {subprocess.py:93} INFO - 89/100 ENSUSDT lưu OK
[2025-08-18T20:50:42.014+0000] {subprocess.py:93} INFO - 90/100 RESOLVUSDT lỗi: relation "cryptocurrency.resolvusdt" does not exist
[2025-08-18T20:50:42.014+0000] {subprocess.py:93} INFO - LINE 1: SELECT MAX(time) FROM cryptocurrency.resolvusdt;
[2025-08-18T20:50:42.014+0000] {subprocess.py:93} INFO -                               ^
[2025-08-18T20:50:42.015+0000] {subprocess.py:93} INFO - 
[2025-08-18T20:50:42.015+0000] {subprocess.py:93} INFO - 91/100 AIXBTUSDT lỗi: relation "cryptocurrency.aixbtusdt" does not exist
[2025-08-18T20:50:42.015+0000] {subprocess.py:93} INFO - LINE 1: SELECT MAX(time) FROM cryptocurrency.aixbtusdt;
[2025-08-18T20:50:42.016+0000] {subprocess.py:93} INFO -                               ^
[2025-08-18T20:50:42.016+0000] {subprocess.py:93} INFO - 
[2025-08-18T20:50:42.016+0000] {subprocess.py:93} INFO - 92/100 LAYERUSDT lỗi: relation "cryptocurrency.layerusdt" does not exist
[2025-08-18T20:50:42.016+0000] {subprocess.py:93} INFO - LINE 1: SELECT MAX(time) FROM cryptocurrency.layerusdt;
[2025-08-18T20:50:42.017+0000] {subprocess.py:93} INFO -                               ^
[2025-08-18T20:50:42.017+0000] {subprocess.py:93} INFO - 
[2025-08-18T20:50:42.017+0000] {subprocess.py:93} INFO - 93/100 MEMEUSDT lỗi: relation "cryptocurrency.memeusdt" does not exist
[2025-08-18T20:50:42.018+0000] {subprocess.py:93} INFO - LINE 1: SELECT MAX(time) FROM cryptocurrency.memeusdt;
[2025-08-18T20:50:42.018+0000] {subprocess.py:93} INFO -                               ^
[2025-08-18T20:50:42.019+0000] {subprocess.py:93} INFO - 
[2025-08-18T20:50:42.019+0000] {subprocess.py:93} INFO - 94/100 FUNUSDT lỗi: relation "cryptocurrency.funusdt" does not exist
[2025-08-18T20:50:42.019+0000] {subprocess.py:93} INFO - LINE 1: SELECT MAX(time) FROM cryptocurrency.funusdt;
[2025-08-18T20:50:42.019+0000] {subprocess.py:93} INFO -                               ^
[2025-08-18T20:50:42.020+0000] {subprocess.py:93} INFO - 
[2025-08-18T20:50:42.020+0000] {subprocess.py:93} INFO - ✅ NEARUSDT: thêm 1 dòng mới
[2025-08-18T20:50:42.020+0000] {subprocess.py:93} INFO - 95/100 NEARUSDT lưu OK
[2025-08-18T20:50:42.021+0000] {subprocess.py:93} INFO - ✅ WLDUSDT: thêm 1 dòng mới
[2025-08-18T20:50:42.021+0000] {subprocess.py:93} INFO - 96/100 WLDUSDT lưu OK
[2025-08-18T20:50:42.021+0000] {subprocess.py:93} INFO - ⚠️ WCTUSDT lỗi lần 1/3: HTTPSConnectionPool(host='api.binance.com', port=443): Max retries exceeded with url: /api/v3/klines?symbol=WCTUSDT&interval=1m&limit=100 (Caused by ConnectTimeoutError(<urllib3.connection.HTTPSConnection object at 0x7fe90eb79030>, 'Connection to api.binance.com timed out. (connect timeout=15)'))
[2025-08-18T20:50:42.021+0000] {subprocess.py:93} INFO - 97/100 WCTUSDT lỗi: relation "cryptocurrency.wctusdt" does not exist
[2025-08-18T20:50:42.022+0000] {subprocess.py:93} INFO - LINE 1: SELECT MAX(time) FROM cryptocurrency.wctusdt;
[2025-08-18T20:50:42.022+0000] {subprocess.py:93} INFO -                               ^
[2025-08-18T20:50:42.022+0000] {subprocess.py:93} INFO - 
[2025-08-18T20:50:42.023+0000] {subprocess.py:93} INFO - ✅ FLOKIUSDT: thêm 2 dòng mới
[2025-08-18T20:50:42.023+0000] {subprocess.py:93} INFO - 98/100 FLOKIUSDT lưu OK
[2025-08-18T20:50:42.023+0000] {subprocess.py:93} INFO - ✅ APTUSDT: thêm 1 dòng mới
[2025-08-18T20:50:42.023+0000] {subprocess.py:93} INFO - 99/100 APTUSDT lưu OK
[2025-08-18T20:50:42.024+0000] {subprocess.py:93} INFO - 100/100 BONKUSDT lỗi: connection to server at "videv.cloud" (27.74.74.29), port 5432 failed: Connection timed out
[2025-08-18T20:50:42.024+0000] {subprocess.py:93} INFO - 	Is the server running on that host and accepting TCP/IP connections?
[2025-08-18T20:50:42.024+0000] {subprocess.py:93} INFO - 
[2025-08-18T20:50:42.108+0000] {subprocess.py:97} INFO - Command exited with return code 0
[2025-08-18T20:50:42.109+0000] {taskinstance.py:441} INFO - ::group::Post task execution logs
[2025-08-18T20:50:42.140+0000] {taskinstance.py:1206} INFO - Marking task as SUCCESS. dag_id=crypto_collector_dag, task_id=run_crypto_collector, run_id=scheduled__2025-08-18T20:47:00+00:00, execution_date=20250818T204700, start_date=20250818T204801, end_date=20250818T205042
[2025-08-18T20:50:42.188+0000] {local_task_job_runner.py:240} INFO - Task exited with return code 0
[2025-08-18T20:50:42.213+0000] {taskinstance.py:3498} INFO - 0 downstream tasks scheduled from follow-on schedule check
[2025-08-18T20:50:42.214+0000] {local_task_job_runner.py:222} INFO - ::endgroup::
