[2025-09-01T17:07:01.522+0000] {local_task_job_runner.py:120} INFO - ::group::Pre task execution logs
[2025-09-01T17:07:01.551+0000] {taskinstance.py:2076} INFO - Dependencies all met for dep_context=non-requeueable deps ti=<TaskInstance: market_table_foreign.activity_UPCOM scheduled__2025-09-01T17:06:00+00:00 [queued]>
[2025-09-01T17:07:01.559+0000] {taskinstance.py:2076} INFO - Dependencies all met for dep_context=requeueable deps ti=<TaskInstance: market_table_foreign.activity_UPCOM scheduled__2025-09-01T17:06:00+00:00 [queued]>
[2025-09-01T17:07:01.560+0000] {taskinstance.py:2306} INFO - Starting attempt 1 of 11
[2025-09-01T17:07:01.572+0000] {taskinstance.py:2330} INFO - Executing <Task(PythonOperator): activity_UPCOM> on 2025-09-01 17:06:00+00:00
[2025-09-01T17:07:01.580+0000] {standard_task_runner.py:63} INFO - Started process 2365811 to run task
[2025-09-01T17:07:01.584+0000] {standard_task_runner.py:90} INFO - Running: ['***', 'tasks', 'run', 'market_table_foreign', 'activity_UPCOM', 'scheduled__2025-09-01T17:06:00+00:00', '--job-id', '46456', '--raw', '--subdir', 'DAGS_FOLDER/dag_market_live.py', '--cfg-path', '/tmp/tmpqurhrdj0']
[2025-09-01T17:07:01.588+0000] {standard_task_runner.py:91} INFO - Job 46456: Subtask activity_UPCOM
[2025-09-01T17:07:01.643+0000] {task_command.py:426} INFO - Running <TaskInstance: market_table_foreign.activity_UPCOM scheduled__2025-09-01T17:06:00+00:00 [running]> on host 1877907bc043
[2025-09-01T17:07:01.746+0000] {taskinstance.py:2648} INFO - Exporting env vars: AIRFLOW_CTX_DAG_OWNER='***' AIRFLOW_CTX_DAG_ID='market_table_foreign' AIRFLOW_CTX_TASK_ID='activity_UPCOM' AIRFLOW_CTX_EXECUTION_DATE='2025-09-01T17:06:00+00:00' AIRFLOW_CTX_TRY_NUMBER='1' AIRFLOW_CTX_DAG_RUN_ID='scheduled__2025-09-01T17:06:00+00:00'
[2025-09-01T17:07:01.747+0000] {taskinstance.py:430} INFO - ::endgroup::
[2025-09-01T17:07:01.761+0000] {activity_UPCOM.py:17} INFO - Kết nối DB
[2025-09-01T17:07:02.045+0000] {activity_UPCOM.py:55} ERROR - Lỗi lưu activity_UPCOM
Traceback (most recent call last):
  File "/opt/airflow/dags/utils/market_data/activity_UPCOM.py", line 35, in activity_UPCOM
    point=float(dfindex.loc[dfindex['symbol']=='UpcomIndex','point'].values[0])
IndexError: index 0 is out of bounds for axis 0 with size 0
[2025-09-01T17:07:02.047+0000] {python.py:237} INFO - Done. Returned value was: None
[2025-09-01T17:07:02.048+0000] {taskinstance.py:441} INFO - ::group::Post task execution logs
[2025-09-01T17:07:02.060+0000] {taskinstance.py:1206} INFO - Marking task as SUCCESS. dag_id=market_table_foreign, task_id=activity_UPCOM, run_id=scheduled__2025-09-01T17:06:00+00:00, execution_date=20250901T170600, start_date=20250901T170701, end_date=20250901T170702
[2025-09-01T17:07:02.117+0000] {local_task_job_runner.py:240} INFO - Task exited with return code 0
[2025-09-01T17:07:02.153+0000] {taskinstance.py:3498} INFO - 0 downstream tasks scheduled from follow-on schedule check
[2025-09-01T17:07:02.156+0000] {local_task_job_runner.py:222} INFO - ::endgroup::
