[2025-09-03T21:31:01.547+0000] {local_task_job_runner.py:120} INFO - ::group::Pre task execution logs
[2025-09-03T21:31:01.574+0000] {taskinstance.py:2076} INFO - Dependencies all met for dep_context=non-requeueable deps ti=<TaskInstance: foreign_1_live.save_foreign_1 scheduled__2025-09-03T21:30:00+00:00 [queued]>
[2025-09-03T21:31:01.583+0000] {taskinstance.py:2076} INFO - Dependencies all met for dep_context=requeueable deps ti=<TaskInstance: foreign_1_live.save_foreign_1 scheduled__2025-09-03T21:30:00+00:00 [queued]>
[2025-09-03T21:31:01.584+0000] {taskinstance.py:2306} INFO - Starting attempt 1 of 11
[2025-09-03T21:31:01.597+0000] {taskinstance.py:2330} INFO - Executing <Task(PythonOperator): save_foreign_1> on 2025-09-03 21:30:00+00:00
[2025-09-03T21:31:01.605+0000] {standard_task_runner.py:63} INFO - Started process 2840623 to run task
[2025-09-03T21:31:01.610+0000] {standard_task_runner.py:90} INFO - Running: ['***', 'tasks', 'run', 'foreign_1_live', 'save_foreign_1', 'scheduled__2025-09-03T21:30:00+00:00', '--job-id', '88342', '--raw', '--subdir', 'DAGS_FOLDER/dag_foreign_1_live.py', '--cfg-path', '/tmp/tmptm96nstf']
[2025-09-03T21:31:01.613+0000] {standard_task_runner.py:91} INFO - Job 88342: Subtask save_foreign_1
[2025-09-03T21:31:01.691+0000] {task_command.py:426} INFO - Running <TaskInstance: foreign_1_live.save_foreign_1 scheduled__2025-09-03T21:30:00+00:00 [running]> on host 1877907bc043
[2025-09-03T21:31:01.808+0000] {taskinstance.py:2648} INFO - Exporting env vars: AIRFLOW_CTX_DAG_OWNER='***' AIRFLOW_CTX_DAG_ID='foreign_1_live' AIRFLOW_CTX_TASK_ID='save_foreign_1' AIRFLOW_CTX_EXECUTION_DATE='2025-09-03T21:30:00+00:00' AIRFLOW_CTX_TRY_NUMBER='1' AIRFLOW_CTX_DAG_RUN_ID='scheduled__2025-09-03T21:30:00+00:00'
[2025-09-03T21:31:01.809+0000] {taskinstance.py:430} INFO - ::endgroup::
[2025-09-03T21:31:01.822+0000] {foreign_1.py:18} INFO - Kết nối DB
[2025-09-03T21:31:02.161+0000] {foreign_1.py:28} INFO - Đã lưu foreign_ALL
[2025-09-03T21:31:02.163+0000] {foreign_1.py:18} INFO - Kết nối DB
[2025-09-03T21:31:02.524+0000] {foreign_1.py:28} INFO - Đã lưu foreign_HOSE
[2025-09-03T21:31:02.525+0000] {foreign_1.py:18} INFO - Kết nối DB
[2025-09-03T21:31:02.896+0000] {foreign_1.py:28} INFO - Đã lưu foreign_HNX
[2025-09-03T21:31:02.897+0000] {foreign_1.py:18} INFO - Kết nối DB
[2025-09-03T21:31:03.247+0000] {foreign_1.py:28} INFO - Đã lưu foreign_UPCOM
[2025-09-03T21:31:03.248+0000] {python.py:237} INFO - Done. Returned value was: None
[2025-09-03T21:31:03.248+0000] {taskinstance.py:441} INFO - ::group::Post task execution logs
[2025-09-03T21:31:03.263+0000] {taskinstance.py:1206} INFO - Marking task as SUCCESS. dag_id=foreign_1_live, task_id=save_foreign_1, run_id=scheduled__2025-09-03T21:30:00+00:00, execution_date=20250903T213000, start_date=20250903T213101, end_date=20250903T213103
[2025-09-03T21:31:03.306+0000] {local_task_job_runner.py:240} INFO - Task exited with return code 0
[2025-09-03T21:31:03.347+0000] {taskinstance.py:3498} INFO - 4 downstream tasks scheduled from follow-on schedule check
[2025-09-03T21:31:03.348+0000] {local_task_job_runner.py:222} INFO - ::endgroup::
