[2025-09-06T17:01:02.452+0000] {local_task_job_runner.py:120} INFO - ::group::Pre task execution logs
[2025-09-06T17:01:02.504+0000] {taskinstance.py:2076} INFO - Dependencies all met for dep_context=non-requeueable deps ti=<TaskInstance: foreign_1D.save_foreign_1D scheduled__2025-09-05T17:01:00+00:00 [queued]>
[2025-09-06T17:01:02.520+0000] {taskinstance.py:2076} INFO - Dependencies all met for dep_context=requeueable deps ti=<TaskInstance: foreign_1D.save_foreign_1D scheduled__2025-09-05T17:01:00+00:00 [queued]>
[2025-09-06T17:01:02.521+0000] {taskinstance.py:2306} INFO - Starting attempt 1 of 11
[2025-09-06T17:01:02.553+0000] {taskinstance.py:2330} INFO - Executing <Task(PythonOperator): save_foreign_1D> on 2025-09-05 17:01:00+00:00
[2025-09-06T17:01:02.565+0000] {standard_task_runner.py:63} INFO - Started process 58245 to run task
[2025-09-06T17:01:02.568+0000] {standard_task_runner.py:90} INFO - Running: ['***', 'tasks', 'run', 'foreign_1D', 'save_foreign_1D', 'scheduled__2025-09-05T17:01:00+00:00', '--job-id', '134079', '--raw', '--subdir', 'DAGS_FOLDER/dag_foreign_1D.py', '--cfg-path', '/tmp/tmp9sog6p4p']
[2025-09-06T17:01:02.572+0000] {standard_task_runner.py:91} INFO - Job 134079: Subtask save_foreign_1D
[2025-09-06T17:01:02.620+0000] {task_command.py:426} INFO - Running <TaskInstance: foreign_1D.save_foreign_1D scheduled__2025-09-05T17:01:00+00:00 [running]> on host 8d9cea3aac78
[2025-09-06T17:01:02.713+0000] {taskinstance.py:2648} INFO - Exporting env vars: AIRFLOW_CTX_DAG_OWNER='***' AIRFLOW_CTX_DAG_ID='foreign_1D' AIRFLOW_CTX_TASK_ID='save_foreign_1D' AIRFLOW_CTX_EXECUTION_DATE='2025-09-05T17:01:00+00:00' AIRFLOW_CTX_TRY_NUMBER='1' AIRFLOW_CTX_DAG_RUN_ID='scheduled__2025-09-05T17:01:00+00:00'
[2025-09-06T17:01:02.715+0000] {taskinstance.py:430} INFO - ::endgroup::
[2025-09-06T17:01:02.728+0000] {foreign_1D.py:18} INFO - Kết nối DB
[2025-09-06T17:01:03.255+0000] {foreign_1D.py:28} INFO - Đã lưu foreign_ALL
[2025-09-06T17:01:03.256+0000] {foreign_1D.py:18} INFO - Kết nối DB
[2025-09-06T17:01:03.801+0000] {foreign_1D.py:28} INFO - Đã lưu foreign_HOSE
[2025-09-06T17:01:03.802+0000] {foreign_1D.py:18} INFO - Kết nối DB
[2025-09-06T17:01:04.166+0000] {foreign_1D.py:28} INFO - Đã lưu foreign_HNX
[2025-09-06T17:01:04.167+0000] {foreign_1D.py:18} INFO - Kết nối DB
[2025-09-06T17:01:04.632+0000] {foreign_1D.py:28} INFO - Đã lưu foreign_UPCOM
[2025-09-06T17:01:04.632+0000] {python.py:237} INFO - Done. Returned value was: None
[2025-09-06T17:01:04.633+0000] {taskinstance.py:441} INFO - ::group::Post task execution logs
[2025-09-06T17:01:04.647+0000] {taskinstance.py:1206} INFO - Marking task as SUCCESS. dag_id=foreign_1D, task_id=save_foreign_1D, run_id=scheduled__2025-09-05T17:01:00+00:00, execution_date=20250905T170100, start_date=20250906T170102, end_date=20250906T170104
[2025-09-06T17:01:04.707+0000] {local_task_job_runner.py:240} INFO - Task exited with return code 0
[2025-09-06T17:01:04.737+0000] {taskinstance.py:3503} INFO - 0 downstream tasks scheduled from follow-on schedule check
[2025-09-06T17:01:04.738+0000] {local_task_job_runner.py:222} INFO - ::endgroup::
[2025-09-11T08:54:33.965+0000] {local_task_job_runner.py:120} INFO - ::group::Pre task execution logs
[2025-09-11T08:54:34.193+0000] {taskinstance.py:2076} INFO - Dependencies all met for dep_context=non-requeueable deps ti=<TaskInstance: foreign_1D.save_foreign_1D scheduled__2025-09-05T17:01:00+00:00 [queued]>
[2025-09-11T08:54:34.202+0000] {taskinstance.py:2076} INFO - Dependencies all met for dep_context=requeueable deps ti=<TaskInstance: foreign_1D.save_foreign_1D scheduled__2025-09-05T17:01:00+00:00 [queued]>
[2025-09-11T08:54:34.202+0000] {taskinstance.py:2306} INFO - Starting attempt 1 of 11
[2025-09-11T08:54:34.216+0000] {taskinstance.py:2330} INFO - Executing <Task(PythonOperator): save_foreign_1D> on 2025-09-05 17:01:00+00:00
[2025-09-11T08:54:34.223+0000] {standard_task_runner.py:63} INFO - Started process 159 to run task
[2025-09-11T08:54:34.227+0000] {standard_task_runner.py:90} INFO - Running: ['***', 'tasks', 'run', 'foreign_1D', 'save_foreign_1D', 'scheduled__2025-09-05T17:01:00+00:00', '--job-id', '12', '--raw', '--subdir', 'DAGS_FOLDER/dag_foreign_1D.py', '--cfg-path', '/tmp/tmp8ulh7d72']
[2025-09-11T08:54:34.233+0000] {standard_task_runner.py:91} INFO - Job 12: Subtask save_foreign_1D
[2025-09-11T08:54:34.304+0000] {task_command.py:426} INFO - Running <TaskInstance: foreign_1D.save_foreign_1D scheduled__2025-09-05T17:01:00+00:00 [running]> on host bcef7b61446d
[2025-09-11T08:54:34.399+0000] {taskinstance.py:2648} INFO - Exporting env vars: AIRFLOW_CTX_DAG_OWNER='***' AIRFLOW_CTX_DAG_ID='foreign_1D' AIRFLOW_CTX_TASK_ID='save_foreign_1D' AIRFLOW_CTX_EXECUTION_DATE='2025-09-05T17:01:00+00:00' AIRFLOW_CTX_TRY_NUMBER='1' AIRFLOW_CTX_DAG_RUN_ID='scheduled__2025-09-05T17:01:00+00:00'
[2025-09-11T08:54:34.401+0000] {taskinstance.py:430} INFO - ::endgroup::
[2025-09-11T08:54:34.424+0000] {foreign_1D.py:18} INFO - Kết nối DB
[2025-09-11T08:54:36.333+0000] {foreign_1D.py:28} INFO - Đã lưu foreign_ALL
[2025-09-11T08:54:36.334+0000] {foreign_1D.py:18} INFO - Kết nối DB
[2025-09-11T08:54:36.986+0000] {foreign_1D.py:28} INFO - Đã lưu foreign_HOSE
[2025-09-11T08:54:36.988+0000] {foreign_1D.py:18} INFO - Kết nối DB
[2025-09-11T08:54:37.387+0000] {foreign_1D.py:28} INFO - Đã lưu foreign_HNX
[2025-09-11T08:54:37.388+0000] {foreign_1D.py:18} INFO - Kết nối DB
[2025-09-11T08:54:53.525+0000] {foreign_1D.py:28} INFO - Đã lưu foreign_UPCOM
[2025-09-11T08:54:53.526+0000] {python.py:237} INFO - Done. Returned value was: None
[2025-09-11T08:54:53.526+0000] {taskinstance.py:441} INFO - ::group::Post task execution logs
[2025-09-11T08:54:53.541+0000] {taskinstance.py:1206} INFO - Marking task as SUCCESS. dag_id=foreign_1D, task_id=save_foreign_1D, run_id=scheduled__2025-09-05T17:01:00+00:00, execution_date=20250905T170100, start_date=20250911T085434, end_date=20250911T085453
[2025-09-11T08:54:53.607+0000] {local_task_job_runner.py:240} INFO - Task exited with return code 0
[2025-09-11T08:54:53.628+0000] {taskinstance.py:3503} INFO - 0 downstream tasks scheduled from follow-on schedule check
[2025-09-11T08:54:53.629+0000] {local_task_job_runner.py:222} INFO - ::endgroup::
