[2025-09-05T03:24:01.741+0000] {local_task_job_runner.py:120} INFO - ::group::Pre task execution logs
[2025-09-05T03:24:02.047+0000] {taskinstance.py:2076} INFO - Dependencies all met for dep_context=non-requeueable deps ti=<TaskInstance: liquidity.save_liquidity scheduled__2025-09-05T03:23:00+00:00 [queued]>
[2025-09-05T03:24:02.057+0000] {taskinstance.py:2076} INFO - Dependencies all met for dep_context=requeueable deps ti=<TaskInstance: liquidity.save_liquidity scheduled__2025-09-05T03:23:00+00:00 [queued]>
[2025-09-05T03:24:02.058+0000] {taskinstance.py:2306} INFO - Starting attempt 1 of 11
[2025-09-05T03:24:02.073+0000] {taskinstance.py:2330} INFO - Executing <Task(PythonOperator): save_liquidity> on 2025-09-05 03:23:00+00:00
[2025-09-05T03:24:02.082+0000] {standard_task_runner.py:63} INFO - Started process 3098128 to run task
[2025-09-05T03:24:02.088+0000] {standard_task_runner.py:90} INFO - Running: ['***', 'tasks', 'run', 'liquidity', 'save_liquidity', 'scheduled__2025-09-05T03:23:00+00:00', '--job-id', '108371', '--raw', '--subdir', 'DAGS_FOLDER/dag_liquidity.py', '--cfg-path', '/tmp/tmpuzqonip8']
[2025-09-05T03:24:02.092+0000] {standard_task_runner.py:91} INFO - Job 108371: Subtask save_liquidity
[2025-09-05T03:24:02.157+0000] {task_command.py:426} INFO - Running <TaskInstance: liquidity.save_liquidity scheduled__2025-09-05T03:23:00+00:00 [running]> on host 1877907bc043
[2025-09-05T03:24:02.311+0000] {taskinstance.py:2648} INFO - Exporting env vars: AIRFLOW_CTX_DAG_OWNER='***' AIRFLOW_CTX_DAG_ID='liquidity' AIRFLOW_CTX_TASK_ID='save_liquidity' AIRFLOW_CTX_EXECUTION_DATE='2025-09-05T03:23:00+00:00' AIRFLOW_CTX_TRY_NUMBER='1' AIRFLOW_CTX_DAG_RUN_ID='scheduled__2025-09-05T03:23:00+00:00'
[2025-09-05T03:24:02.314+0000] {taskinstance.py:430} INFO - ::endgroup::
[2025-09-05T03:24:02.616+0000] {liquidity.py:93} INFO - Đã lưu liquidity_ALL
[2025-09-05T03:24:03.035+0000] {liquidity.py:93} INFO - Đã lưu liquidity_HOSE
[2025-09-05T03:24:03.467+0000] {liquidity.py:93} INFO - Đã lưu liquidity_HNX
[2025-09-05T03:24:03.865+0000] {liquidity.py:93} INFO - Đã lưu liquidity_UPCOM
[2025-09-05T03:24:03.867+0000] {python.py:237} INFO - Done. Returned value was: None
[2025-09-05T03:24:03.868+0000] {taskinstance.py:441} INFO - ::group::Post task execution logs
[2025-09-05T03:24:03.883+0000] {taskinstance.py:1206} INFO - Marking task as SUCCESS. dag_id=liquidity, task_id=save_liquidity, run_id=scheduled__2025-09-05T03:23:00+00:00, execution_date=20250905T032300, start_date=20250905T032402, end_date=20250905T032403
[2025-09-05T03:24:03.944+0000] {local_task_job_runner.py:240} INFO - Task exited with return code 0
[2025-09-05T03:24:03.970+0000] {taskinstance.py:3498} INFO - 0 downstream tasks scheduled from follow-on schedule check
[2025-09-05T03:24:03.972+0000] {local_task_job_runner.py:222} INFO - ::endgroup::
