[2025-08-13T02:00:01.035+0000] {local_task_job_runner.py:120} INFO - ::group::Pre task execution logs
[2025-08-13T02:00:01.069+0000] {taskinstance.py:2076} INFO - Dependencies all met for dep_context=non-requeueable deps ti=<TaskInstance: stock_streaming.streaming_stock scheduled__2025-08-12T02:00:00+00:00 [queued]>
[2025-08-13T02:00:01.079+0000] {taskinstance.py:2076} INFO - Dependencies all met for dep_context=requeueable deps ti=<TaskInstance: stock_streaming.streaming_stock scheduled__2025-08-12T02:00:00+00:00 [queued]>
[2025-08-13T02:00:01.080+0000] {taskinstance.py:2306} INFO - Starting attempt 1 of 2
[2025-08-13T02:00:01.094+0000] {taskinstance.py:2330} INFO - Executing <Task(PythonOperator): streaming_stock> on 2025-08-12 02:00:00+00:00
[2025-08-13T02:00:01.101+0000] {standard_task_runner.py:63} INFO - Started process 372989 to run task
[2025-08-13T02:00:01.105+0000] {standard_task_runner.py:90} INFO - Running: ['***', 'tasks', 'run', 'stock_streaming', 'streaming_stock', 'scheduled__2025-08-12T02:00:00+00:00', '--job-id', '5818', '--raw', '--subdir', 'DAGS_FOLDER/dags_streamingstock/dags_streaming_stock.py', '--cfg-path', '/tmp/tmp9oi9k8u_']
[2025-08-13T02:00:01.107+0000] {standard_task_runner.py:91} INFO - Job 5818: Subtask streaming_stock
[2025-08-13T02:00:01.160+0000] {task_command.py:426} INFO - Running <TaskInstance: stock_streaming.streaming_stock scheduled__2025-08-12T02:00:00+00:00 [running]> on host 1877907bc043
[2025-08-13T02:00:01.259+0000] {taskinstance.py:2648} INFO - Exporting env vars: AIRFLOW_CTX_DAG_OWNER='videv' AIRFLOW_CTX_DAG_ID='stock_streaming' AIRFLOW_CTX_TASK_ID='streaming_stock' AIRFLOW_CTX_EXECUTION_DATE='2025-08-12T02:00:00+00:00' AIRFLOW_CTX_TRY_NUMBER='1' AIRFLOW_CTX_DAG_RUN_ID='scheduled__2025-08-12T02:00:00+00:00'
[2025-08-13T02:00:01.260+0000] {taskinstance.py:430} INFO - ::endgroup::
[2025-08-13T02:00:01.273+0000] {logging_mixin.py:188} INFO - 🚀 Starting streaming_stock.py at 2025-08-13 02:00:01.273058
[2025-08-13T08:00:36.330+0000] {local_task_job_runner.py:120} INFO - ::group::Pre task execution logs
[2025-08-13T08:00:36.350+0000] {taskinstance.py:2066} INFO - Dependencies not met for <TaskInstance: stock_streaming.streaming_stock scheduled__2025-08-12T02:00:00+00:00 [running]>, dependency 'Task Instance State' FAILED: Task is in the 'running' state.
[2025-08-13T08:00:36.350+0000] {taskinstance.py:2066} INFO - Dependencies not met for <TaskInstance: stock_streaming.streaming_stock scheduled__2025-08-12T02:00:00+00:00 [running]>, dependency 'Task Instance Not Running' FAILED: Task is in the running state
[2025-08-13T08:00:36.358+0000] {local_task_job_runner.py:163} INFO - Task is not able to be run
[2025-08-13T15:00:14.407+0000] {logging_mixin.py:188} INFO - 🛑 Reached 15:00, stopping script...
[2025-08-13T15:00:14.408+0000] {python.py:237} INFO - Done. Returned value was: None
[2025-08-13T15:00:14.410+0000] {taskinstance.py:441} INFO - ::group::Post task execution logs
[2025-08-13T15:00:14.429+0000] {taskinstance.py:1206} INFO - Marking task as SUCCESS. dag_id=stock_streaming, task_id=streaming_stock, run_id=scheduled__2025-08-12T02:00:00+00:00, execution_date=20250812T020000, start_date=20250813T020001, end_date=20250813T150014
[2025-08-13T15:00:14.478+0000] {local_task_job_runner.py:240} INFO - Task exited with return code 0
[2025-08-13T15:00:14.510+0000] {taskinstance.py:3498} INFO - 0 downstream tasks scheduled from follow-on schedule check
[2025-08-13T15:00:14.511+0000] {local_task_job_runner.py:222} INFO - ::endgroup::
