[2025-09-05T03:40:01.926+0000] {local_task_job_runner.py:120} INFO - ::group::Pre task execution logs
[2025-09-05T03:40:02.180+0000] {taskinstance.py:2076} INFO - Dependencies all met for dep_context=non-requeueable deps ti=<TaskInstance: liquidity.save_liquidity scheduled__2025-09-05T03:39:00+00:00 [queued]>
[2025-09-05T03:40:02.190+0000] {taskinstance.py:2076} INFO - Dependencies all met for dep_context=requeueable deps ti=<TaskInstance: liquidity.save_liquidity scheduled__2025-09-05T03:39:00+00:00 [queued]>
[2025-09-05T03:40:02.191+0000] {taskinstance.py:2306} INFO - Starting attempt 1 of 11
[2025-09-05T03:40:02.206+0000] {taskinstance.py:2330} INFO - Executing <Task(PythonOperator): save_liquidity> on 2025-09-05 03:39:00+00:00
[2025-09-05T03:40:02.214+0000] {standard_task_runner.py:63} INFO - Started process 3101485 to run task
[2025-09-05T03:40:02.219+0000] {standard_task_runner.py:90} INFO - Running: ['***', 'tasks', 'run', 'liquidity', 'save_liquidity', 'scheduled__2025-09-05T03:39:00+00:00', '--job-id', '108587', '--raw', '--subdir', 'DAGS_FOLDER/dag_liquidity.py', '--cfg-path', '/tmp/tmp8ou6mthh']
[2025-09-05T03:40:02.222+0000] {standard_task_runner.py:91} INFO - Job 108587: Subtask save_liquidity
[2025-09-05T03:40:02.278+0000] {task_command.py:426} INFO - Running <TaskInstance: liquidity.save_liquidity scheduled__2025-09-05T03:39:00+00:00 [running]> on host 1877907bc043
[2025-09-05T03:40:02.381+0000] {taskinstance.py:2648} INFO - Exporting env vars: AIRFLOW_CTX_DAG_OWNER='***' AIRFLOW_CTX_DAG_ID='liquidity' AIRFLOW_CTX_TASK_ID='save_liquidity' AIRFLOW_CTX_EXECUTION_DATE='2025-09-05T03:39:00+00:00' AIRFLOW_CTX_TRY_NUMBER='1' AIRFLOW_CTX_DAG_RUN_ID='scheduled__2025-09-05T03:39:00+00:00'
[2025-09-05T03:40:02.382+0000] {taskinstance.py:430} INFO - ::endgroup::
[2025-09-05T03:40:02.858+0000] {liquidity.py:93} INFO - Đã lưu liquidity_ALL
[2025-09-05T03:40:03.049+0000] {liquidity.py:93} INFO - Đã lưu liquidity_HOSE
[2025-09-05T03:40:03.402+0000] {liquidity.py:93} INFO - Đã lưu liquidity_HNX
[2025-09-05T03:40:03.633+0000] {liquidity.py:93} INFO - Đã lưu liquidity_UPCOM
[2025-09-05T03:40:03.634+0000] {python.py:237} INFO - Done. Returned value was: None
[2025-09-05T03:40:03.635+0000] {taskinstance.py:441} INFO - ::group::Post task execution logs
[2025-09-05T03:40:03.647+0000] {taskinstance.py:1206} INFO - Marking task as SUCCESS. dag_id=liquidity, task_id=save_liquidity, run_id=scheduled__2025-09-05T03:39:00+00:00, execution_date=20250905T033900, start_date=20250905T034002, end_date=20250905T034003
[2025-09-05T03:40:03.675+0000] {local_task_job_runner.py:240} INFO - Task exited with return code 0
[2025-09-05T03:40:03.707+0000] {taskinstance.py:3498} INFO - 0 downstream tasks scheduled from follow-on schedule check
[2025-09-05T03:40:03.709+0000] {local_task_job_runner.py:222} INFO - ::endgroup::
