[2025-09-01T10:25:58.166+0000] {local_task_job_runner.py:120} INFO - ::group::Pre task execution logs
[2025-09-01T10:25:58.191+0000] {taskinstance.py:2076} INFO - Dependencies all met for dep_context=non-requeueable deps ti=<TaskInstance: market_table_foreign.activity_UPCOM scheduled__2025-08-31T17:06:00+00:00 [queued]>
[2025-09-01T10:25:58.199+0000] {taskinstance.py:2076} INFO - Dependencies all met for dep_context=requeueable deps ti=<TaskInstance: market_table_foreign.activity_UPCOM scheduled__2025-08-31T17:06:00+00:00 [queued]>
[2025-09-01T10:25:58.200+0000] {taskinstance.py:2306} INFO - Starting attempt 1 of 11
[2025-09-01T10:25:58.211+0000] {taskinstance.py:2330} INFO - Executing <Task(PythonOperator): activity_UPCOM> on 2025-08-31 17:06:00+00:00
[2025-09-01T10:25:58.219+0000] {standard_task_runner.py:63} INFO - Started process 2317835 to run task
[2025-09-01T10:25:58.223+0000] {standard_task_runner.py:90} INFO - Running: ['***', 'tasks', 'run', 'market_table_foreign', 'activity_UPCOM', 'scheduled__2025-08-31T17:06:00+00:00', '--job-id', '42103', '--raw', '--subdir', 'DAGS_FOLDER/dag_market_live.py', '--cfg-path', '/tmp/tmpbub90khd']
[2025-09-01T10:25:58.226+0000] {standard_task_runner.py:91} INFO - Job 42103: Subtask activity_UPCOM
[2025-09-01T10:25:58.274+0000] {task_command.py:426} INFO - Running <TaskInstance: market_table_foreign.activity_UPCOM scheduled__2025-08-31T17:06:00+00:00 [running]> on host 1877907bc043
[2025-09-01T10:25:58.366+0000] {taskinstance.py:2648} INFO - Exporting env vars: AIRFLOW_CTX_DAG_OWNER='***' AIRFLOW_CTX_DAG_ID='market_table_foreign' AIRFLOW_CTX_TASK_ID='activity_UPCOM' AIRFLOW_CTX_EXECUTION_DATE='2025-08-31T17:06:00+00:00' AIRFLOW_CTX_TRY_NUMBER='1' AIRFLOW_CTX_DAG_RUN_ID='scheduled__2025-08-31T17:06:00+00:00'
[2025-09-01T10:25:58.368+0000] {taskinstance.py:430} INFO - ::endgroup::
[2025-09-01T10:25:58.382+0000] {activity_UPCOM.py:17} INFO - Kết nối DB
[2025-09-01T10:25:58.660+0000] {activity_UPCOM.py:55} ERROR - Lỗi lưu activity_UPCOM
Traceback (most recent call last):
  File "/opt/airflow/dags/utils/market_data/activity_UPCOM.py", line 35, in activity_UPCOM
    point=float(dfindex.loc[dfindex['symbol']=='UpcomIndex','point'].values[0])
IndexError: index 0 is out of bounds for axis 0 with size 0
[2025-09-01T10:25:58.662+0000] {python.py:237} INFO - Done. Returned value was: None
[2025-09-01T10:25:58.663+0000] {taskinstance.py:441} INFO - ::group::Post task execution logs
[2025-09-01T10:25:58.676+0000] {taskinstance.py:1206} INFO - Marking task as SUCCESS. dag_id=market_table_foreign, task_id=activity_UPCOM, run_id=scheduled__2025-08-31T17:06:00+00:00, execution_date=20250831T170600, start_date=20250901T102558, end_date=20250901T102558
[2025-09-01T10:25:58.715+0000] {local_task_job_runner.py:240} INFO - Task exited with return code 0
[2025-09-01T10:25:58.736+0000] {taskinstance.py:3498} INFO - 0 downstream tasks scheduled from follow-on schedule check
[2025-09-01T10:25:58.737+0000] {local_task_job_runner.py:222} INFO - ::endgroup::
[2025-09-01T10:27:06.627+0000] {local_task_job_runner.py:120} INFO - ::group::Pre task execution logs
[2025-09-01T10:27:06.652+0000] {taskinstance.py:2076} INFO - Dependencies all met for dep_context=non-requeueable deps ti=<TaskInstance: market_table_foreign.activity_UPCOM scheduled__2025-08-31T17:06:00+00:00 [queued]>
[2025-09-01T10:27:06.660+0000] {taskinstance.py:2076} INFO - Dependencies all met for dep_context=requeueable deps ti=<TaskInstance: market_table_foreign.activity_UPCOM scheduled__2025-08-31T17:06:00+00:00 [queued]>
[2025-09-01T10:27:06.661+0000] {taskinstance.py:2306} INFO - Starting attempt 1 of 11
[2025-09-01T10:27:06.676+0000] {taskinstance.py:2330} INFO - Executing <Task(PythonOperator): activity_UPCOM> on 2025-08-31 17:06:00+00:00
[2025-09-01T10:27:06.687+0000] {standard_task_runner.py:63} INFO - Started process 2318727 to run task
[2025-09-01T10:27:06.690+0000] {standard_task_runner.py:90} INFO - Running: ['***', 'tasks', 'run', 'market_table_foreign', 'activity_UPCOM', 'scheduled__2025-08-31T17:06:00+00:00', '--job-id', '42344', '--raw', '--subdir', 'DAGS_FOLDER/dag_market_live.py', '--cfg-path', '/tmp/tmplovfi_4g']
[2025-09-01T10:27:06.693+0000] {standard_task_runner.py:91} INFO - Job 42344: Subtask activity_UPCOM
[2025-09-01T10:27:06.748+0000] {task_command.py:426} INFO - Running <TaskInstance: market_table_foreign.activity_UPCOM scheduled__2025-08-31T17:06:00+00:00 [running]> on host 1877907bc043
[2025-09-01T10:27:06.842+0000] {taskinstance.py:2648} INFO - Exporting env vars: AIRFLOW_CTX_DAG_OWNER='***' AIRFLOW_CTX_DAG_ID='market_table_foreign' AIRFLOW_CTX_TASK_ID='activity_UPCOM' AIRFLOW_CTX_EXECUTION_DATE='2025-08-31T17:06:00+00:00' AIRFLOW_CTX_TRY_NUMBER='1' AIRFLOW_CTX_DAG_RUN_ID='scheduled__2025-08-31T17:06:00+00:00'
[2025-09-01T10:27:06.843+0000] {taskinstance.py:430} INFO - ::endgroup::
[2025-09-01T10:27:06.857+0000] {activity_UPCOM.py:17} INFO - Kết nối DB
[2025-09-01T10:27:07.129+0000] {activity_UPCOM.py:55} ERROR - Lỗi lưu activity_UPCOM
Traceback (most recent call last):
  File "/opt/airflow/dags/utils/market_data/activity_UPCOM.py", line 35, in activity_UPCOM
    point=float(dfindex.loc[dfindex['symbol']=='UpcomIndex','point'].values[0])
IndexError: index 0 is out of bounds for axis 0 with size 0
[2025-09-01T10:27:07.130+0000] {python.py:237} INFO - Done. Returned value was: None
[2025-09-01T10:27:07.130+0000] {taskinstance.py:441} INFO - ::group::Post task execution logs
[2025-09-01T10:27:07.141+0000] {taskinstance.py:1206} INFO - Marking task as SUCCESS. dag_id=market_table_foreign, task_id=activity_UPCOM, run_id=scheduled__2025-08-31T17:06:00+00:00, execution_date=20250831T170600, start_date=20250901T102706, end_date=20250901T102707
[2025-09-01T10:27:07.184+0000] {local_task_job_runner.py:240} INFO - Task exited with return code 0
[2025-09-01T10:27:07.204+0000] {taskinstance.py:3498} INFO - 0 downstream tasks scheduled from follow-on schedule check
[2025-09-01T10:27:07.206+0000] {local_task_job_runner.py:222} INFO - ::endgroup::
