[2025-08-19T23:36:01.431+0000] {local_task_job_runner.py:120} INFO - ::group::Pre task execution logs
[2025-08-19T23:36:01.453+0000] {taskinstance.py:2076} INFO - Dependencies all met for dep_context=non-requeueable deps ti=<TaskInstance: crypto_collector_dag.run_crypto_collector scheduled__2025-08-19T23:35:00+00:00 [queued]>
[2025-08-19T23:36:01.464+0000] {taskinstance.py:2076} INFO - Dependencies all met for dep_context=requeueable deps ti=<TaskInstance: crypto_collector_dag.run_crypto_collector scheduled__2025-08-19T23:35:00+00:00 [queued]>
[2025-08-19T23:36:01.464+0000] {taskinstance.py:2306} INFO - Starting attempt 1 of 2
[2025-08-19T23:36:01.477+0000] {taskinstance.py:2330} INFO - Executing <Task(BashOperator): run_crypto_collector> on 2025-08-19 23:35:00+00:00
[2025-08-19T23:36:01.483+0000] {standard_task_runner.py:63} INFO - Started process 369485 to run task
[2025-08-19T23:36:01.489+0000] {standard_task_runner.py:90} INFO - Running: ['***', 'tasks', 'run', 'crypto_collector_dag', 'run_crypto_collector', 'scheduled__2025-08-19T23:35:00+00:00', '--job-id', '12237', '--raw', '--subdir', 'DAGS_FOLDER/crawl_crypto/dags_crypto.py', '--cfg-path', '/tmp/tmph40krf_8']
[2025-08-19T23:36:01.490+0000] {standard_task_runner.py:91} INFO - Job 12237: Subtask run_crypto_collector
[2025-08-19T23:36:01.548+0000] {task_command.py:426} INFO - Running <TaskInstance: crypto_collector_dag.run_crypto_collector scheduled__2025-08-19T23:35:00+00:00 [running]> on host 1877907bc043
[2025-08-19T23:36:01.640+0000] {taskinstance.py:2648} INFO - Exporting env vars: AIRFLOW_CTX_DAG_OWNER='***' AIRFLOW_CTX_DAG_ID='crypto_collector_dag' AIRFLOW_CTX_TASK_ID='run_crypto_collector' AIRFLOW_CTX_EXECUTION_DATE='2025-08-19T23:35:00+00:00' AIRFLOW_CTX_TRY_NUMBER='1' AIRFLOW_CTX_DAG_RUN_ID='scheduled__2025-08-19T23:35:00+00:00'
[2025-08-19T23:36:01.641+0000] {taskinstance.py:430} INFO - ::endgroup::
[2025-08-19T23:36:01.655+0000] {subprocess.py:63} INFO - Tmp dir root location: /tmp
[2025-08-19T23:36:01.655+0000] {subprocess.py:75} INFO - Running command: ['/usr/bin/bash', '-c', 'python3 /opt/***/dags/crawl_crypto/crawl_data_crypto.py']
[2025-08-19T23:36:01.667+0000] {subprocess.py:86} INFO - Output:
[2025-08-19T23:36:08.013+0000] {subprocess.py:93} INFO - 🔹 Kết nối DB...
[2025-08-19T23:36:08.014+0000] {subprocess.py:93} INFO - 🔹 Lấy top 100 crypto...
[2025-08-19T23:36:08.014+0000] {subprocess.py:93} INFO - Top 100: ['ETHUSDT', 'USDCUSDT', 'BTCUSDT', 'SOLUSDT', 'XRPUSDT', 'FDUSDUSDT', 'PROVEUSDT', 'DOGEUSDT', 'ADAUSDT', 'LINKUSDT', 'TRXUSDT', 'BNBUSDT', 'SUIUSDT', 'TOWNSUSDT', 'ENAUSDT', 'API3USDT', 'PEPEUSDT', 'PENGUUSDT', 'AEURUSDT', 'ARBUSDT', 'AVAXUSDT', 'UNIUSDT', 'BIOUSDT', 'LTCUSDT', 'SEIUSDT', 'HBARUSDT', 'PLUMEUSDT', 'CRVUSDT', 'TRUMPUSDT', 'POLUSDT', 'TONUSDT', 'WLDUSDT', 'SUSDT', 'BONKUSDT', 'AAVEUSDT', 'APTUSDT', 'WIFUSDT', 'NEARUSDT', 'DOTUSDT', 'RADUSDT', 'XLMUSDT', 'TAOUSDT', '1INCHUSDT', 'LDOUSDT', 'FLOKIUSDT', 'OPUSDT', 'ETHFIUSDT', 'UMAUSDT', 'ONDOUSDT', 'INJUSDT', 'VIRTUALUSDT', 'SHIBUSDT', 'UTKUSDT', 'OGUSDT', 'PENDLEUSDT', 'EURUSDT', 'NEIROUSDT', 'CFXUSDT', 'BCHUSDT', 'TIAUSDT', 'PNUTUSDT', 'ETCUSDT', 'FILUSDT', 'WBTCUSDT', 'ALGOUSDT', 'EPICUSDT', 'OGNUSDT', 'RAREUSDT', 'GALAUSDT', 'SPKUSDT', 'RAYUSDT', 'BERAUSDT', 'AUDIOUSDT', 'CAKEUSDT', 'EIGENUSDT', 'ICPUSDT', 'FETUSDT', 'XUSDUSDT', 'RENDERUSDT', 'BFUSDUSDT', 'ACAUSDT', 'IOUSDT', 'RUNEUSDT', 'KERNELUSDT', 'VETUSDT', 'MEMEUSDT', 'MAVUSDT', 'SKLUSDT', 'ALPINEUSDT', 'ASRUSDT', 'APEUSDT', 'DIAUSDT', 'ATOMUSDT', 'CTSIUSDT', 'SYRUPUSDT', 'AIXBTUSDT', 'PHAUSDT', 'CYBERUSDT', 'ENSUSDT', 'ARUSDT']
[2025-08-19T23:36:08.015+0000] {subprocess.py:93} INFO - 🔹 Lưu lịch sử giá vào DB bằng threading...
[2025-08-19T23:36:08.015+0000] {subprocess.py:93} INFO - ✅ ETHUSDT: thêm 1 dòng mới
[2025-08-19T23:36:08.015+0000] {subprocess.py:93} INFO - 1/100 ETHUSDT lưu OK
[2025-08-19T23:36:08.015+0000] {subprocess.py:93} INFO - ✅ ADAUSDT: thêm 1 dòng mới
[2025-08-19T23:36:08.015+0000] {subprocess.py:93} INFO - 2/100 ADAUSDT lưu OK
[2025-08-19T23:36:08.016+0000] {subprocess.py:93} INFO - ✅ XRPUSDT: thêm 1 dòng mới
[2025-08-19T23:36:08.016+0000] {subprocess.py:93} INFO - 3/100 XRPUSDT lưu OK
[2025-08-19T23:36:08.016+0000] {subprocess.py:93} INFO - ✅ USDCUSDT: thêm 1 dòng mới
[2025-08-19T23:36:08.016+0000] {subprocess.py:93} INFO - 4/100 USDCUSDT lưu OK
[2025-08-19T23:36:08.017+0000] {subprocess.py:93} INFO - ✅ SOLUSDT: thêm 1 dòng mới
[2025-08-19T23:36:08.017+0000] {subprocess.py:93} INFO - 5/100 SOLUSDT lưu OK
[2025-08-19T23:36:08.017+0000] {subprocess.py:93} INFO - ✅ PROVEUSDT: thêm 1 dòng mới
[2025-08-19T23:36:08.017+0000] {subprocess.py:93} INFO - 6/100 PROVEUSDT lưu OK
[2025-08-19T23:36:08.018+0000] {subprocess.py:93} INFO - ✅ LINKUSDT: thêm 1 dòng mới
[2025-08-19T23:36:08.018+0000] {subprocess.py:93} INFO - 7/100 LINKUSDT lưu OK
[2025-08-19T23:36:08.018+0000] {subprocess.py:93} INFO - ✅ BTCUSDT: thêm 1 dòng mới
[2025-08-19T23:36:08.018+0000] {subprocess.py:93} INFO - 8/100 BTCUSDT lưu OK
[2025-08-19T23:36:08.018+0000] {subprocess.py:93} INFO - ✅ FDUSDUSDT: thêm 1 dòng mới
[2025-08-19T23:36:08.019+0000] {subprocess.py:93} INFO - 9/100 FDUSDUSDT lưu OK
[2025-08-19T23:36:08.019+0000] {subprocess.py:93} INFO - ✅ DOGEUSDT: thêm 1 dòng mới
[2025-08-19T23:36:08.019+0000] {subprocess.py:93} INFO - 10/100 DOGEUSDT lưu OK
[2025-08-19T23:36:08.019+0000] {subprocess.py:93} INFO - ✅ TRXUSDT: thêm 1 dòng mới
[2025-08-19T23:36:08.019+0000] {subprocess.py:93} INFO - 11/100 TRXUSDT lưu OK
[2025-08-19T23:36:08.020+0000] {subprocess.py:93} INFO - ✅ BNBUSDT: thêm 1 dòng mới
[2025-08-19T23:36:08.020+0000] {subprocess.py:93} INFO - 12/100 BNBUSDT lưu OK
[2025-08-19T23:36:08.020+0000] {subprocess.py:93} INFO - ✅ SUIUSDT: thêm 1 dòng mới
[2025-08-19T23:36:08.020+0000] {subprocess.py:93} INFO - 13/100 SUIUSDT lưu OK
[2025-08-19T23:36:08.020+0000] {subprocess.py:93} INFO - ✅ TOWNSUSDT: thêm 1 dòng mới
[2025-08-19T23:36:08.021+0000] {subprocess.py:93} INFO - 14/100 TOWNSUSDT lưu OK
[2025-08-19T23:36:08.021+0000] {subprocess.py:93} INFO - ✅ PENGUUSDT: thêm 1 dòng mới
[2025-08-19T23:36:08.021+0000] {subprocess.py:93} INFO - 15/100 PENGUUSDT lưu OK
[2025-08-19T23:36:08.021+0000] {subprocess.py:93} INFO - 16/100 AEURUSDT lỗi: relation "cryptocurrency.aeurusdt" does not exist
[2025-08-19T23:36:08.021+0000] {subprocess.py:93} INFO - LINE 1: SELECT MAX(time) FROM cryptocurrency.aeurusdt;
[2025-08-19T23:36:08.022+0000] {subprocess.py:93} INFO -                               ^
[2025-08-19T23:36:08.022+0000] {subprocess.py:93} INFO - 
[2025-08-19T23:36:08.022+0000] {subprocess.py:93} INFO - ✅ ENAUSDT: thêm 1 dòng mới
[2025-08-19T23:36:08.022+0000] {subprocess.py:93} INFO - ✅ PEPEUSDT: thêm 1 dòng mới
[2025-08-19T23:36:08.023+0000] {subprocess.py:93} INFO - 17/100 ENAUSDT lưu OK
[2025-08-19T23:36:08.023+0000] {subprocess.py:93} INFO - 18/100 PEPEUSDT lưu OK
[2025-08-19T23:36:08.023+0000] {subprocess.py:93} INFO - ✅ ARBUSDT: thêm 1 dòng mới
[2025-08-19T23:36:08.023+0000] {subprocess.py:93} INFO - 19/100 ARBUSDT lưu OK
[2025-08-19T23:36:08.023+0000] {subprocess.py:93} INFO - ✅ API3USDT: thêm 1 dòng mới
[2025-08-19T23:36:08.024+0000] {subprocess.py:93} INFO - 20/100 API3USDT lưu OK
[2025-08-19T23:36:08.024+0000] {subprocess.py:93} INFO - ✅ AVAXUSDT: thêm 1 dòng mới
[2025-08-19T23:36:08.024+0000] {subprocess.py:93} INFO - 21/100 AVAXUSDT lưu OK
[2025-08-19T23:36:08.024+0000] {subprocess.py:93} INFO - ✅ UNIUSDT: thêm 1 dòng mới
[2025-08-19T23:36:08.024+0000] {subprocess.py:93} INFO - 22/100 UNIUSDT lưu OK
[2025-08-19T23:36:08.025+0000] {subprocess.py:93} INFO - 23/100 BIOUSDT lỗi: relation "cryptocurrency.biousdt" does not exist
[2025-08-19T23:36:08.025+0000] {subprocess.py:93} INFO - LINE 1: SELECT MAX(time) FROM cryptocurrency.biousdt;
[2025-08-19T23:36:08.025+0000] {subprocess.py:93} INFO -                               ^
[2025-08-19T23:36:08.025+0000] {subprocess.py:93} INFO - 
[2025-08-19T23:36:08.025+0000] {subprocess.py:93} INFO - ✅ LTCUSDT: thêm 1 dòng mới
[2025-08-19T23:36:08.026+0000] {subprocess.py:93} INFO - 24/100 LTCUSDT lưu OK
[2025-08-19T23:36:08.026+0000] {subprocess.py:93} INFO - ✅ CRVUSDT: thêm 1 dòng mới
[2025-08-19T23:36:08.026+0000] {subprocess.py:93} INFO - 25/100 CRVUSDT lưu OK
[2025-08-19T23:36:08.026+0000] {subprocess.py:93} INFO - ✅ HBARUSDT: thêm 1 dòng mới
[2025-08-19T23:36:08.026+0000] {subprocess.py:93} INFO - ✅ SEIUSDT: thêm 1 dòng mới
[2025-08-19T23:36:08.027+0000] {subprocess.py:93} INFO - 26/100 HBARUSDT lưu OK
[2025-08-19T23:36:08.027+0000] {subprocess.py:93} INFO - 27/100 SEIUSDT lưu OK
[2025-08-19T23:36:08.027+0000] {subprocess.py:93} INFO - ✅ POLUSDT: thêm 1 dòng mới
[2025-08-19T23:36:08.027+0000] {subprocess.py:93} INFO - 28/100 POLUSDT lưu OK
[2025-08-19T23:36:08.028+0000] {subprocess.py:93} INFO - ✅ TRUMPUSDT: thêm 1 dòng mới
[2025-08-19T23:36:08.028+0000] {subprocess.py:93} INFO - 29/100 TRUMPUSDT lưu OK
[2025-08-19T23:36:08.028+0000] {subprocess.py:93} INFO - 30/100 PLUMEUSDT lỗi: relation "cryptocurrency.plumeusdt" does not exist
[2025-08-19T23:36:08.028+0000] {subprocess.py:93} INFO - LINE 1: SELECT MAX(time) FROM cryptocurrency.plumeusdt;
[2025-08-19T23:36:08.028+0000] {subprocess.py:93} INFO -                               ^
[2025-08-19T23:36:08.029+0000] {subprocess.py:93} INFO - 
[2025-08-19T23:36:08.029+0000] {subprocess.py:93} INFO - ✅ TONUSDT: thêm 1 dòng mới
[2025-08-19T23:36:08.029+0000] {subprocess.py:93} INFO - 31/100 TONUSDT lưu OK
[2025-08-19T23:36:08.029+0000] {subprocess.py:93} INFO - ✅ WLDUSDT: thêm 1 dòng mới
[2025-08-19T23:36:08.030+0000] {subprocess.py:93} INFO - 32/100 WLDUSDT lưu OK
[2025-08-19T23:36:08.030+0000] {subprocess.py:93} INFO - ✅ SUSDT: thêm 1 dòng mới
[2025-08-19T23:36:08.030+0000] {subprocess.py:93} INFO - 33/100 SUSDT lưu OK
[2025-08-19T23:36:08.030+0000] {subprocess.py:93} INFO - ✅ BONKUSDT: thêm 1 dòng mới
[2025-08-19T23:36:08.031+0000] {subprocess.py:93} INFO - ✅ AAVEUSDT: thêm 1 dòng mới
[2025-08-19T23:36:08.031+0000] {subprocess.py:93} INFO - 34/100 BONKUSDT lưu OK
[2025-08-19T23:36:08.031+0000] {subprocess.py:93} INFO - 35/100 AAVEUSDT lưu OK
[2025-08-19T23:36:08.031+0000] {subprocess.py:93} INFO - ✅ APTUSDT: thêm 1 dòng mới
[2025-08-19T23:36:08.031+0000] {subprocess.py:93} INFO - 36/100 APTUSDT lưu OK
[2025-08-19T23:36:08.032+0000] {subprocess.py:93} INFO - ✅ WIFUSDT: thêm 1 dòng mới
[2025-08-19T23:36:08.032+0000] {subprocess.py:93} INFO - 37/100 RADUSDT lỗi: relation "cryptocurrency.radusdt" does not exist
[2025-08-19T23:36:08.032+0000] {subprocess.py:93} INFO - LINE 1: SELECT MAX(time) FROM cryptocurrency.radusdt;
[2025-08-19T23:36:08.032+0000] {subprocess.py:93} INFO -                               ^
[2025-08-19T23:36:08.032+0000] {subprocess.py:93} INFO - 
[2025-08-19T23:36:08.033+0000] {subprocess.py:93} INFO - 38/100 WIFUSDT lưu OK
[2025-08-19T23:36:08.033+0000] {subprocess.py:93} INFO - ✅ XLMUSDT: thêm 1 dòng mới
[2025-08-19T23:36:08.033+0000] {subprocess.py:93} INFO - 39/100 XLMUSDT lưu OK
[2025-08-19T23:36:08.033+0000] {subprocess.py:93} INFO - ✅ DOTUSDT: thêm 1 dòng mới
[2025-08-19T23:36:08.033+0000] {subprocess.py:93} INFO - 40/100 DOTUSDT lưu OK
[2025-08-19T23:36:08.034+0000] {subprocess.py:93} INFO - ✅ NEARUSDT: thêm 1 dòng mới
[2025-08-19T23:36:08.034+0000] {subprocess.py:93} INFO - 41/100 NEARUSDT lưu OK
[2025-08-19T23:36:08.034+0000] {subprocess.py:93} INFO - ✅ TAOUSDT: thêm 1 dòng mới
[2025-08-19T23:36:08.034+0000] {subprocess.py:93} INFO - 42/100 TAOUSDT lưu OK
[2025-08-19T23:36:08.034+0000] {subprocess.py:93} INFO - ✅ ETHFIUSDT: thêm 1 dòng mới
[2025-08-19T23:36:08.035+0000] {subprocess.py:93} INFO - 43/100 ETHFIUSDT lưu OK
[2025-08-19T23:36:08.035+0000] {subprocess.py:93} INFO - 44/100 1INCHUSDT lỗi: trailing junk after numeric literal at or near ".1i"
[2025-08-19T23:36:08.035+0000] {subprocess.py:93} INFO - LINE 1: SELECT MAX(time) FROM cryptocurrency.1inchusdt;
[2025-08-19T23:36:08.035+0000] {subprocess.py:93} INFO -                                             ^
[2025-08-19T23:36:08.035+0000] {subprocess.py:93} INFO - 
[2025-08-19T23:36:08.036+0000] {subprocess.py:93} INFO - ✅ FLOKIUSDT: thêm 1 dòng mới
[2025-08-19T23:36:08.036+0000] {subprocess.py:93} INFO - 45/100 FLOKIUSDT lưu OK
[2025-08-19T23:36:08.036+0000] {subprocess.py:93} INFO - ✅ OPUSDT: thêm 1 dòng mới
[2025-08-19T23:36:08.036+0000] {subprocess.py:93} INFO - 46/100 OPUSDT lưu OK
[2025-08-19T23:36:08.037+0000] {subprocess.py:93} INFO - ✅ ONDOUSDT: thêm 1 dòng mới
[2025-08-19T23:36:08.037+0000] {subprocess.py:93} INFO - 47/100 ONDOUSDT lưu OK
[2025-08-19T23:36:08.037+0000] {subprocess.py:93} INFO - ✅ INJUSDT: thêm 1 dòng mới
[2025-08-19T23:36:08.037+0000] {subprocess.py:93} INFO - 48/100 UMAUSDT lỗi: relation "cryptocurrency.umausdt" does not exist
[2025-08-19T23:36:08.037+0000] {subprocess.py:93} INFO - LINE 1: SELECT MAX(time) FROM cryptocurrency.umausdt;
[2025-08-19T23:36:08.038+0000] {subprocess.py:93} INFO -                               ^
[2025-08-19T23:36:08.038+0000] {subprocess.py:93} INFO - 
[2025-08-19T23:36:08.038+0000] {subprocess.py:93} INFO - 49/100 INJUSDT lưu OK
[2025-08-19T23:36:08.038+0000] {subprocess.py:93} INFO - ✅ SHIBUSDT: thêm 1 dòng mới
[2025-08-19T23:36:08.038+0000] {subprocess.py:93} INFO - 50/100 SHIBUSDT lưu OK
[2025-08-19T23:36:08.039+0000] {subprocess.py:93} INFO - ✅ VIRTUALUSDT: thêm 1 dòng mới
[2025-08-19T23:36:08.039+0000] {subprocess.py:93} INFO - 51/100 VIRTUALUSDT lưu OK
[2025-08-19T23:36:08.039+0000] {subprocess.py:93} INFO - 52/100 UTKUSDT lỗi: relation "cryptocurrency.utkusdt" does not exist
[2025-08-19T23:36:08.039+0000] {subprocess.py:93} INFO - LINE 1: SELECT MAX(time) FROM cryptocurrency.utkusdt;
[2025-08-19T23:36:08.039+0000] {subprocess.py:93} INFO -                               ^
[2025-08-19T23:36:08.040+0000] {subprocess.py:93} INFO - 
[2025-08-19T23:36:08.040+0000] {subprocess.py:93} INFO - ✅ LDOUSDT: thêm 1 dòng mới
[2025-08-19T23:36:08.040+0000] {subprocess.py:93} INFO - 53/100 LDOUSDT lưu OK
[2025-08-19T23:36:08.040+0000] {subprocess.py:93} INFO - ✅ TIAUSDT: thêm 1 dòng mới
[2025-08-19T23:36:08.040+0000] {subprocess.py:93} INFO - 54/100 TIAUSDT lưu OK
[2025-08-19T23:36:08.041+0000] {subprocess.py:93} INFO - ✅ OGUSDT: thêm 1 dòng mới
[2025-08-19T23:36:08.041+0000] {subprocess.py:93} INFO - 55/100 OGUSDT lưu OK
[2025-08-19T23:36:08.041+0000] {subprocess.py:93} INFO - ✅ FILUSDT: thêm 1 dòng mới
[2025-08-19T23:36:08.041+0000] {subprocess.py:93} INFO - 56/100 FILUSDT lưu OK
[2025-08-19T23:36:08.041+0000] {subprocess.py:93} INFO - ✅ PENDLEUSDT: thêm 1 dòng mới
[2025-08-19T23:36:08.042+0000] {subprocess.py:93} INFO - 57/100 PENDLEUSDT lưu OK
[2025-08-19T23:36:08.042+0000] {subprocess.py:93} INFO - ✅ EURUSDT: thêm 1 dòng mới
[2025-08-19T23:36:08.042+0000] {subprocess.py:93} INFO - 58/100 EURUSDT lưu OK
[2025-08-19T23:36:08.042+0000] {subprocess.py:93} INFO - ✅ NEIROUSDT: thêm 1 dòng mới
[2025-08-19T23:36:08.042+0000] {subprocess.py:93} INFO - 59/100 NEIROUSDT lưu OK
[2025-08-19T23:36:08.043+0000] {subprocess.py:93} INFO - ✅ BCHUSDT: thêm 1 dòng mới
[2025-08-19T23:36:08.043+0000] {subprocess.py:93} INFO - 60/100 BCHUSDT lưu OK
[2025-08-19T23:36:08.043+0000] {subprocess.py:93} INFO - ✅ CFXUSDT: thêm 1 dòng mới
[2025-08-19T23:36:08.043+0000] {subprocess.py:93} INFO - 61/100 CFXUSDT lưu OK
[2025-08-19T23:36:08.043+0000] {subprocess.py:93} INFO - ✅ PNUTUSDT: thêm 1 dòng mới
[2025-08-19T23:36:08.044+0000] {subprocess.py:93} INFO - 62/100 PNUTUSDT lưu OK
[2025-08-19T23:36:08.044+0000] {subprocess.py:93} INFO - ✅ ETCUSDT: thêm 1 dòng mới
[2025-08-19T23:36:08.044+0000] {subprocess.py:93} INFO - 63/100 ETCUSDT lưu OK
[2025-08-19T23:36:08.044+0000] {subprocess.py:93} INFO - 64/100 WBTCUSDT lỗi: relation "cryptocurrency.wbtcusdt" does not exist
[2025-08-19T23:36:08.044+0000] {subprocess.py:93} INFO - LINE 1: SELECT MAX(time) FROM cryptocurrency.wbtcusdt;
[2025-08-19T23:36:08.045+0000] {subprocess.py:93} INFO -                               ^
[2025-08-19T23:36:08.045+0000] {subprocess.py:93} INFO - 
[2025-08-19T23:36:08.045+0000] {subprocess.py:93} INFO - ✅ ALGOUSDT: thêm 1 dòng mới
[2025-08-19T23:36:08.045+0000] {subprocess.py:93} INFO - 65/100 ALGOUSDT lưu OK
[2025-08-19T23:36:08.045+0000] {subprocess.py:93} INFO - 66/100 AUDIOUSDT lỗi: relation "cryptocurrency.audiousdt" does not exist
[2025-08-19T23:36:08.046+0000] {subprocess.py:93} INFO - LINE 1: SELECT MAX(time) FROM cryptocurrency.audiousdt;
[2025-08-19T23:36:08.046+0000] {subprocess.py:93} INFO -                               ^
[2025-08-19T23:36:08.046+0000] {subprocess.py:93} INFO - 
[2025-08-19T23:36:08.046+0000] {subprocess.py:93} INFO - ✅ OGNUSDT: thêm 1 dòng mới
[2025-08-19T23:36:08.047+0000] {subprocess.py:93} INFO - 67/100 OGNUSDT lưu OK
[2025-08-19T23:36:08.047+0000] {subprocess.py:93} INFO - ✅ EPICUSDT: thêm 1 dòng mới
[2025-08-19T23:36:08.047+0000] {subprocess.py:93} INFO - 68/100 EPICUSDT lưu OK
[2025-08-19T23:36:08.047+0000] {subprocess.py:93} INFO - ✅ CAKEUSDT: thêm 1 dòng mới
[2025-08-19T23:36:08.047+0000] {subprocess.py:93} INFO - 69/100 CAKEUSDT lưu OK
[2025-08-19T23:36:08.048+0000] {subprocess.py:93} INFO - ✅ RAREUSDT: thêm 1 dòng mới
[2025-08-19T23:36:08.048+0000] {subprocess.py:93} INFO - 70/100 RAREUSDT lưu OK
[2025-08-19T23:36:08.048+0000] {subprocess.py:93} INFO - ✅ SPKUSDT: thêm 1 dòng mới
[2025-08-19T23:36:08.048+0000] {subprocess.py:93} INFO - 71/100 SPKUSDT lưu OK
[2025-08-19T23:36:08.048+0000] {subprocess.py:93} INFO - ✅ RAYUSDT: thêm 1 dòng mới
[2025-08-19T23:36:08.048+0000] {subprocess.py:93} INFO - 72/100 RAYUSDT lưu OK
[2025-08-19T23:36:08.049+0000] {subprocess.py:93} INFO - ✅ GALAUSDT: thêm 1 dòng mới
[2025-08-19T23:36:08.049+0000] {subprocess.py:93} INFO - 73/100 GALAUSDT lưu OK
[2025-08-19T23:36:08.049+0000] {subprocess.py:93} INFO - ✅ BERAUSDT: thêm 1 dòng mới
[2025-08-19T23:36:08.049+0000] {subprocess.py:93} INFO - 74/100 BERAUSDT lưu OK
[2025-08-19T23:36:08.049+0000] {subprocess.py:93} INFO - ✅ EIGENUSDT: thêm 1 dòng mới
[2025-08-19T23:36:08.050+0000] {subprocess.py:93} INFO - 75/100 EIGENUSDT lưu OK
[2025-08-19T23:36:08.050+0000] {subprocess.py:93} INFO - ✅ ICPUSDT: thêm 1 dòng mới
[2025-08-19T23:36:08.050+0000] {subprocess.py:93} INFO - 76/100 ICPUSDT lưu OK
[2025-08-19T23:36:08.050+0000] {subprocess.py:93} INFO - ✅ FETUSDT: thêm 1 dòng mới
[2025-08-19T23:36:08.050+0000] {subprocess.py:93} INFO - 77/100 FETUSDT lưu OK
[2025-08-19T23:36:08.050+0000] {subprocess.py:93} INFO - ✅ XUSDUSDT: thêm 1 dòng mới
[2025-08-19T23:36:08.051+0000] {subprocess.py:93} INFO - 78/100 XUSDUSDT lưu OK
[2025-08-19T23:36:08.051+0000] {subprocess.py:93} INFO - ✅ RENDERUSDT: thêm 1 dòng mới
[2025-08-19T23:36:08.051+0000] {subprocess.py:93} INFO - 79/100 RENDERUSDT lưu OK
[2025-08-19T23:36:08.051+0000] {subprocess.py:93} INFO - ✅ ACAUSDT: thêm 1 dòng mới
[2025-08-19T23:36:08.051+0000] {subprocess.py:93} INFO - 80/100 ACAUSDT lưu OK
[2025-08-19T23:36:08.051+0000] {subprocess.py:93} INFO - 81/100 RUNEUSDT lỗi: relation "cryptocurrency.runeusdt" does not exist
[2025-08-19T23:36:08.052+0000] {subprocess.py:93} INFO - LINE 1: SELECT MAX(time) FROM cryptocurrency.runeusdt;
[2025-08-19T23:36:08.052+0000] {subprocess.py:93} INFO -                               ^
[2025-08-19T23:36:08.052+0000] {subprocess.py:93} INFO - 
[2025-08-19T23:36:08.052+0000] {subprocess.py:93} INFO - ✅ BFUSDUSDT: thêm 1 dòng mới
[2025-08-19T23:36:08.052+0000] {subprocess.py:93} INFO - 82/100 BFUSDUSDT lưu OK
[2025-08-19T23:36:08.053+0000] {subprocess.py:93} INFO - 83/100 IOUSDT lỗi: relation "cryptocurrency.iousdt" does not exist
[2025-08-19T23:36:08.053+0000] {subprocess.py:93} INFO - LINE 1: SELECT MAX(time) FROM cryptocurrency.iousdt;
[2025-08-19T23:36:08.053+0000] {subprocess.py:93} INFO -                               ^
[2025-08-19T23:36:08.053+0000] {subprocess.py:93} INFO - 
[2025-08-19T23:36:08.053+0000] {subprocess.py:93} INFO - 84/100 VETUSDT lỗi: relation "cryptocurrency.vetusdt" does not exist
[2025-08-19T23:36:08.053+0000] {subprocess.py:93} INFO - LINE 1: SELECT MAX(time) FROM cryptocurrency.vetusdt;
[2025-08-19T23:36:08.054+0000] {subprocess.py:93} INFO -                               ^
[2025-08-19T23:36:08.054+0000] {subprocess.py:93} INFO - 
[2025-08-19T23:36:08.054+0000] {subprocess.py:93} INFO - 85/100 KERNELUSDT lỗi: relation "cryptocurrency.kernelusdt" does not exist
[2025-08-19T23:36:08.054+0000] {subprocess.py:93} INFO - LINE 1: SELECT MAX(time) FROM cryptocurrency.kernelusdt;
[2025-08-19T23:36:08.054+0000] {subprocess.py:93} INFO -                               ^
[2025-08-19T23:36:08.055+0000] {subprocess.py:93} INFO - 
[2025-08-19T23:36:08.055+0000] {subprocess.py:93} INFO - ✅ MAVUSDT: thêm 1 dòng mới
[2025-08-19T23:36:08.055+0000] {subprocess.py:93} INFO - 86/100 MAVUSDT lưu OK
[2025-08-19T23:36:08.055+0000] {subprocess.py:93} INFO - 87/100 MEMEUSDT lỗi: relation "cryptocurrency.memeusdt" does not exist
[2025-08-19T23:36:08.055+0000] {subprocess.py:93} INFO - LINE 1: SELECT MAX(time) FROM cryptocurrency.memeusdt;
[2025-08-19T23:36:08.055+0000] {subprocess.py:93} INFO -                               ^
[2025-08-19T23:36:08.056+0000] {subprocess.py:93} INFO - 
[2025-08-19T23:36:08.056+0000] {subprocess.py:93} INFO - ✅ SKLUSDT: thêm 1 dòng mới
[2025-08-19T23:36:08.056+0000] {subprocess.py:93} INFO - 88/100 SKLUSDT lưu OK
[2025-08-19T23:36:08.056+0000] {subprocess.py:93} INFO - ✅ ALPINEUSDT: thêm 1 dòng mới
[2025-08-19T23:36:08.056+0000] {subprocess.py:93} INFO - 89/100 ALPINEUSDT lưu OK
[2025-08-19T23:36:08.056+0000] {subprocess.py:93} INFO - ✅ ASRUSDT: thêm 1 dòng mới
[2025-08-19T23:36:08.057+0000] {subprocess.py:93} INFO - 90/100 ASRUSDT lưu OK
[2025-08-19T23:36:08.057+0000] {subprocess.py:93} INFO - 91/100 APEUSDT lỗi: relation "cryptocurrency.apeusdt" does not exist
[2025-08-19T23:36:08.057+0000] {subprocess.py:93} INFO - LINE 1: SELECT MAX(time) FROM cryptocurrency.apeusdt;
[2025-08-19T23:36:08.057+0000] {subprocess.py:93} INFO -                               ^
[2025-08-19T23:36:08.057+0000] {subprocess.py:93} INFO - 
[2025-08-19T23:36:08.194+0000] {subprocess.py:93} INFO - 92/100 DIAUSDT lỗi: relation "cryptocurrency.diausdt" does not exist
[2025-08-19T23:36:08.195+0000] {subprocess.py:93} INFO - LINE 1: SELECT MAX(time) FROM cryptocurrency.diausdt;
[2025-08-19T23:36:08.195+0000] {subprocess.py:93} INFO -                               ^
[2025-08-19T23:36:08.195+0000] {subprocess.py:93} INFO - 
[2025-08-19T23:36:08.195+0000] {subprocess.py:93} INFO - 93/100 ATOMUSDT lỗi: relation "cryptocurrency.atomusdt" does not exist
[2025-08-19T23:36:08.195+0000] {subprocess.py:93} INFO - LINE 1: SELECT MAX(time) FROM cryptocurrency.atomusdt;
[2025-08-19T23:36:08.196+0000] {subprocess.py:93} INFO -                               ^
[2025-08-19T23:36:08.196+0000] {subprocess.py:93} INFO - 
[2025-08-19T23:36:08.196+0000] {subprocess.py:93} INFO - ✅ CTSIUSDT: thêm 1 dòng mới
[2025-08-19T23:36:08.196+0000] {subprocess.py:93} INFO - 94/100 CTSIUSDT lưu OK
[2025-08-19T23:36:08.196+0000] {subprocess.py:93} INFO - 95/100 AIXBTUSDT lỗi: relation "cryptocurrency.aixbtusdt" does not exist
[2025-08-19T23:36:08.197+0000] {subprocess.py:93} INFO - LINE 1: SELECT MAX(time) FROM cryptocurrency.aixbtusdt;
[2025-08-19T23:36:08.197+0000] {subprocess.py:93} INFO -                               ^
[2025-08-19T23:36:08.197+0000] {subprocess.py:93} INFO - 
[2025-08-19T23:36:08.197+0000] {subprocess.py:93} INFO - 96/100 CYBERUSDT lỗi: relation "cryptocurrency.cyberusdt" does not exist
[2025-08-19T23:36:08.198+0000] {subprocess.py:93} INFO - LINE 1: SELECT MAX(time) FROM cryptocurrency.cyberusdt;
[2025-08-19T23:36:08.198+0000] {subprocess.py:93} INFO -                               ^
[2025-08-19T23:36:08.198+0000] {subprocess.py:93} INFO - 
[2025-08-19T23:36:08.198+0000] {subprocess.py:93} INFO - ✅ SYRUPUSDT: thêm 1 dòng mới
[2025-08-19T23:36:08.198+0000] {subprocess.py:93} INFO - 97/100 SYRUPUSDT lưu OK
[2025-08-19T23:36:08.199+0000] {subprocess.py:93} INFO - 98/100 PHAUSDT lỗi: relation "cryptocurrency.phausdt" does not exist
[2025-08-19T23:36:08.199+0000] {subprocess.py:93} INFO - LINE 1: SELECT MAX(time) FROM cryptocurrency.phausdt;
[2025-08-19T23:36:08.199+0000] {subprocess.py:93} INFO -                               ^
[2025-08-19T23:36:08.199+0000] {subprocess.py:93} INFO - 
[2025-08-19T23:36:08.199+0000] {subprocess.py:93} INFO - ✅ ENSUSDT: thêm 1 dòng mới
[2025-08-19T23:36:08.199+0000] {subprocess.py:93} INFO - 99/100 ENSUSDT lưu OK
[2025-08-19T23:36:08.200+0000] {subprocess.py:93} INFO - ✅ ARUSDT: thêm 1 dòng mới
[2025-08-19T23:36:08.200+0000] {subprocess.py:93} INFO - 100/100 ARUSDT lưu OK
[2025-08-19T23:36:08.301+0000] {subprocess.py:97} INFO - Command exited with return code 0
[2025-08-19T23:36:08.302+0000] {taskinstance.py:441} INFO - ::group::Post task execution logs
[2025-08-19T23:36:08.326+0000] {taskinstance.py:1206} INFO - Marking task as SUCCESS. dag_id=crypto_collector_dag, task_id=run_crypto_collector, run_id=scheduled__2025-08-19T23:35:00+00:00, execution_date=20250819T233500, start_date=20250819T233601, end_date=20250819T233608
[2025-08-19T23:36:08.365+0000] {local_task_job_runner.py:240} INFO - Task exited with return code 0
[2025-08-19T23:36:08.392+0000] {taskinstance.py:3498} INFO - 0 downstream tasks scheduled from follow-on schedule check
[2025-08-19T23:36:08.394+0000] {local_task_job_runner.py:222} INFO - ::endgroup::
