[2025-09-05T15:37:01.319+0000] {local_task_job_runner.py:120} INFO - ::group::Pre task execution logs
[2025-09-05T15:37:01.347+0000] {taskinstance.py:2076} INFO - Dependencies all met for dep_context=non-requeueable deps ti=<TaskInstance: foreign_1_live.save_foreign_1 scheduled__2025-09-05T15:36:00+00:00 [queued]>
[2025-09-05T15:37:01.357+0000] {taskinstance.py:2076} INFO - Dependencies all met for dep_context=requeueable deps ti=<TaskInstance: foreign_1_live.save_foreign_1 scheduled__2025-09-05T15:36:00+00:00 [queued]>
[2025-09-05T15:37:01.358+0000] {taskinstance.py:2306} INFO - Starting attempt 1 of 11
[2025-09-05T15:37:01.373+0000] {taskinstance.py:2330} INFO - Executing <Task(PythonOperator): save_foreign_1> on 2025-09-05 15:36:00+00:00
[2025-09-05T15:37:01.382+0000] {standard_task_runner.py:63} INFO - Started process 21823 to run task
[2025-09-05T15:37:01.386+0000] {standard_task_runner.py:90} INFO - Running: ['***', 'tasks', 'run', 'foreign_1_live', 'save_foreign_1', 'scheduled__2025-09-05T15:36:00+00:00', '--job-id', '117245', '--raw', '--subdir', 'DAGS_FOLDER/dag_foreign_1_live.py', '--cfg-path', '/tmp/tmpoug4biur']
[2025-09-05T15:37:01.389+0000] {standard_task_runner.py:91} INFO - Job 117245: Subtask save_foreign_1
[2025-09-05T15:37:01.447+0000] {task_command.py:426} INFO - Running <TaskInstance: foreign_1_live.save_foreign_1 scheduled__2025-09-05T15:36:00+00:00 [running]> on host d4d2fe648a81
[2025-09-05T15:37:01.554+0000] {taskinstance.py:2648} INFO - Exporting env vars: AIRFLOW_CTX_DAG_OWNER='***' AIRFLOW_CTX_DAG_ID='foreign_1_live' AIRFLOW_CTX_TASK_ID='save_foreign_1' AIRFLOW_CTX_EXECUTION_DATE='2025-09-05T15:36:00+00:00' AIRFLOW_CTX_TRY_NUMBER='1' AIRFLOW_CTX_DAG_RUN_ID='scheduled__2025-09-05T15:36:00+00:00'
[2025-09-05T15:37:01.555+0000] {taskinstance.py:430} INFO - ::endgroup::
[2025-09-05T15:37:01.571+0000] {foreign_1.py:18} INFO - Kết nối DB
[2025-09-05T15:37:02.058+0000] {foreign_1.py:28} INFO - Đã lưu foreign_ALL
[2025-09-05T15:37:02.059+0000] {foreign_1.py:18} INFO - Kết nối DB
[2025-09-05T15:37:02.405+0000] {foreign_1.py:28} INFO - Đã lưu foreign_HOSE
[2025-09-05T15:37:02.406+0000] {foreign_1.py:18} INFO - Kết nối DB
[2025-09-05T15:37:02.807+0000] {foreign_1.py:28} INFO - Đã lưu foreign_HNX
[2025-09-05T15:37:02.808+0000] {foreign_1.py:18} INFO - Kết nối DB
[2025-09-05T15:37:03.217+0000] {foreign_1.py:28} INFO - Đã lưu foreign_UPCOM
[2025-09-05T15:37:03.218+0000] {python.py:237} INFO - Done. Returned value was: None
[2025-09-05T15:37:03.219+0000] {taskinstance.py:441} INFO - ::group::Post task execution logs
[2025-09-05T15:37:03.237+0000] {taskinstance.py:1206} INFO - Marking task as SUCCESS. dag_id=foreign_1_live, task_id=save_foreign_1, run_id=scheduled__2025-09-05T15:36:00+00:00, execution_date=20250905T153600, start_date=20250905T153701, end_date=20250905T153703
[2025-09-05T15:37:03.284+0000] {local_task_job_runner.py:240} INFO - Task exited with return code 0
[2025-09-05T15:37:03.330+0000] {taskinstance.py:3498} INFO - 4 downstream tasks scheduled from follow-on schedule check
[2025-09-05T15:37:03.332+0000] {local_task_job_runner.py:222} INFO - ::endgroup::
