[2025-09-01T10:26:33.083+0000] {local_task_job_runner.py:120} INFO - ::group::Pre task execution logs
[2025-09-01T10:26:33.115+0000] {taskinstance.py:2076} INFO - Dependencies all met for dep_context=non-requeueable deps ti=<TaskInstance: market_table_foreign.activity_UPCOM scheduled__2025-08-31T17:28:00+00:00 [queued]>
[2025-09-01T10:26:33.126+0000] {taskinstance.py:2076} INFO - Dependencies all met for dep_context=requeueable deps ti=<TaskInstance: market_table_foreign.activity_UPCOM scheduled__2025-08-31T17:28:00+00:00 [queued]>
[2025-09-01T10:26:33.126+0000] {taskinstance.py:2306} INFO - Starting attempt 1 of 11
[2025-09-01T10:26:33.141+0000] {taskinstance.py:2330} INFO - Executing <Task(PythonOperator): activity_UPCOM> on 2025-08-31 17:28:00+00:00
[2025-09-01T10:26:33.149+0000] {standard_task_runner.py:63} INFO - Started process 2318451 to run task
[2025-09-01T10:26:33.153+0000] {standard_task_runner.py:90} INFO - Running: ['***', 'tasks', 'run', 'market_table_foreign', 'activity_UPCOM', 'scheduled__2025-08-31T17:28:00+00:00', '--job-id', '42280', '--raw', '--subdir', 'DAGS_FOLDER/dag_market_live.py', '--cfg-path', '/tmp/tmpxf1uktgk']
[2025-09-01T10:26:33.157+0000] {standard_task_runner.py:91} INFO - Job 42280: Subtask activity_UPCOM
[2025-09-01T10:26:33.215+0000] {task_command.py:426} INFO - Running <TaskInstance: market_table_foreign.activity_UPCOM scheduled__2025-08-31T17:28:00+00:00 [running]> on host 1877907bc043
[2025-09-01T10:26:33.315+0000] {taskinstance.py:2648} INFO - Exporting env vars: AIRFLOW_CTX_DAG_OWNER='***' AIRFLOW_CTX_DAG_ID='market_table_foreign' AIRFLOW_CTX_TASK_ID='activity_UPCOM' AIRFLOW_CTX_EXECUTION_DATE='2025-08-31T17:28:00+00:00' AIRFLOW_CTX_TRY_NUMBER='1' AIRFLOW_CTX_DAG_RUN_ID='scheduled__2025-08-31T17:28:00+00:00'
[2025-09-01T10:26:33.316+0000] {taskinstance.py:430} INFO - ::endgroup::
[2025-09-01T10:26:33.332+0000] {activity_UPCOM.py:17} INFO - Kết nối DB
[2025-09-01T10:26:33.667+0000] {activity_UPCOM.py:55} ERROR - Lỗi lưu activity_UPCOM
Traceback (most recent call last):
  File "/opt/airflow/dags/utils/market_data/activity_UPCOM.py", line 35, in activity_UPCOM
    point=float(dfindex.loc[dfindex['symbol']=='UpcomIndex','point'].values[0])
IndexError: index 0 is out of bounds for axis 0 with size 0
[2025-09-01T10:26:33.668+0000] {python.py:237} INFO - Done. Returned value was: None
[2025-09-01T10:26:33.669+0000] {taskinstance.py:441} INFO - ::group::Post task execution logs
[2025-09-01T10:26:33.684+0000] {taskinstance.py:1206} INFO - Marking task as SUCCESS. dag_id=market_table_foreign, task_id=activity_UPCOM, run_id=scheduled__2025-08-31T17:28:00+00:00, execution_date=20250831T172800, start_date=20250901T102633, end_date=20250901T102633
[2025-09-01T10:26:33.726+0000] {local_task_job_runner.py:240} INFO - Task exited with return code 0
[2025-09-01T10:26:33.749+0000] {taskinstance.py:3498} INFO - 0 downstream tasks scheduled from follow-on schedule check
[2025-09-01T10:26:33.750+0000] {local_task_job_runner.py:222} INFO - ::endgroup::
[2025-09-01T10:27:40.644+0000] {local_task_job_runner.py:120} INFO - ::group::Pre task execution logs
[2025-09-01T10:27:40.670+0000] {taskinstance.py:2076} INFO - Dependencies all met for dep_context=non-requeueable deps ti=<TaskInstance: market_table_foreign.activity_UPCOM scheduled__2025-08-31T17:28:00+00:00 [queued]>
[2025-09-01T10:27:40.679+0000] {taskinstance.py:2076} INFO - Dependencies all met for dep_context=requeueable deps ti=<TaskInstance: market_table_foreign.activity_UPCOM scheduled__2025-08-31T17:28:00+00:00 [queued]>
[2025-09-01T10:27:40.679+0000] {taskinstance.py:2306} INFO - Starting attempt 1 of 11
[2025-09-01T10:27:40.690+0000] {taskinstance.py:2330} INFO - Executing <Task(PythonOperator): activity_UPCOM> on 2025-08-31 17:28:00+00:00
[2025-09-01T10:27:40.698+0000] {standard_task_runner.py:63} INFO - Started process 2319248 to run task
[2025-09-01T10:27:40.702+0000] {standard_task_runner.py:90} INFO - Running: ['***', 'tasks', 'run', 'market_table_foreign', 'activity_UPCOM', 'scheduled__2025-08-31T17:28:00+00:00', '--job-id', '42521', '--raw', '--subdir', 'DAGS_FOLDER/dag_market_live.py', '--cfg-path', '/tmp/tmp6q43ckdm']
[2025-09-01T10:27:40.705+0000] {standard_task_runner.py:91} INFO - Job 42521: Subtask activity_UPCOM
[2025-09-01T10:27:40.757+0000] {task_command.py:426} INFO - Running <TaskInstance: market_table_foreign.activity_UPCOM scheduled__2025-08-31T17:28:00+00:00 [running]> on host 1877907bc043
[2025-09-01T10:27:40.852+0000] {taskinstance.py:2648} INFO - Exporting env vars: AIRFLOW_CTX_DAG_OWNER='***' AIRFLOW_CTX_DAG_ID='market_table_foreign' AIRFLOW_CTX_TASK_ID='activity_UPCOM' AIRFLOW_CTX_EXECUTION_DATE='2025-08-31T17:28:00+00:00' AIRFLOW_CTX_TRY_NUMBER='1' AIRFLOW_CTX_DAG_RUN_ID='scheduled__2025-08-31T17:28:00+00:00'
[2025-09-01T10:27:40.853+0000] {taskinstance.py:430} INFO - ::endgroup::
[2025-09-01T10:27:40.868+0000] {activity_UPCOM.py:17} INFO - Kết nối DB
[2025-09-01T10:27:41.157+0000] {activity_UPCOM.py:55} ERROR - Lỗi lưu activity_UPCOM
Traceback (most recent call last):
  File "/opt/airflow/dags/utils/market_data/activity_UPCOM.py", line 35, in activity_UPCOM
    point=float(dfindex.loc[dfindex['symbol']=='UpcomIndex','point'].values[0])
IndexError: index 0 is out of bounds for axis 0 with size 0
[2025-09-01T10:27:41.158+0000] {python.py:237} INFO - Done. Returned value was: None
[2025-09-01T10:27:41.159+0000] {taskinstance.py:441} INFO - ::group::Post task execution logs
[2025-09-01T10:27:41.171+0000] {taskinstance.py:1206} INFO - Marking task as SUCCESS. dag_id=market_table_foreign, task_id=activity_UPCOM, run_id=scheduled__2025-08-31T17:28:00+00:00, execution_date=20250831T172800, start_date=20250901T102740, end_date=20250901T102741
[2025-09-01T10:27:41.235+0000] {local_task_job_runner.py:240} INFO - Task exited with return code 0
[2025-09-01T10:27:41.264+0000] {taskinstance.py:3498} INFO - 0 downstream tasks scheduled from follow-on schedule check
[2025-09-01T10:27:41.265+0000] {local_task_job_runner.py:222} INFO - ::endgroup::
