[2025-09-06T07:31:02.060+0000] {local_task_job_runner.py:120} INFO - ::group::Pre task execution logs
[2025-09-06T07:31:02.283+0000] {taskinstance.py:2076} INFO - Dependencies all met for dep_context=non-requeueable deps ti=<TaskInstance: liquidity.save_liquidity scheduled__2025-09-06T07:30:00+00:00 [queued]>
[2025-09-06T07:31:02.292+0000] {taskinstance.py:2076} INFO - Dependencies all met for dep_context=requeueable deps ti=<TaskInstance: liquidity.save_liquidity scheduled__2025-09-06T07:30:00+00:00 [queued]>
[2025-09-06T07:31:02.293+0000] {taskinstance.py:2306} INFO - Starting attempt 1 of 11
[2025-09-06T07:31:02.308+0000] {taskinstance.py:2330} INFO - Executing <Task(PythonOperator): save_liquidity> on 2025-09-06 07:30:00+00:00
[2025-09-06T07:31:02.317+0000] {standard_task_runner.py:63} INFO - Started process 142462 to run task
[2025-09-06T07:31:02.321+0000] {standard_task_runner.py:90} INFO - Running: ['***', 'tasks', 'run', 'liquidity', 'save_liquidity', 'scheduled__2025-09-06T07:30:00+00:00', '--job-id', '127774', '--raw', '--subdir', 'DAGS_FOLDER/dag_liquidity.py', '--cfg-path', '/tmp/tmpxibno5gw']
[2025-09-06T07:31:02.324+0000] {standard_task_runner.py:91} INFO - Job 127774: Subtask save_liquidity
[2025-09-06T07:31:02.379+0000] {task_command.py:426} INFO - Running <TaskInstance: liquidity.save_liquidity scheduled__2025-09-06T07:30:00+00:00 [running]> on host d4d2fe648a81
[2025-09-06T07:31:02.478+0000] {taskinstance.py:2648} INFO - Exporting env vars: AIRFLOW_CTX_DAG_OWNER='***' AIRFLOW_CTX_DAG_ID='liquidity' AIRFLOW_CTX_TASK_ID='save_liquidity' AIRFLOW_CTX_EXECUTION_DATE='2025-09-06T07:30:00+00:00' AIRFLOW_CTX_TRY_NUMBER='1' AIRFLOW_CTX_DAG_RUN_ID='scheduled__2025-09-06T07:30:00+00:00'
[2025-09-06T07:31:02.479+0000] {taskinstance.py:430} INFO - ::endgroup::
[2025-09-06T07:31:02.803+0000] {liquidity.py:95} ERROR - Lỗi lưu liquidity_ALL
Traceback (most recent call last):
  File "/opt/airflow/dags/utils/market_history/liquidity/liquidity.py", line 84, in save_liquidity
    data=liquidity(realsymbol)
  File "/opt/airflow/dags/utils/market_history/liquidity/liquidity.py", line 56, in liquidity
    data = response.json()[0]
IndexError: list index out of range
[2025-09-06T07:31:02.975+0000] {liquidity.py:95} ERROR - Lỗi lưu liquidity_HOSE
Traceback (most recent call last):
  File "/opt/airflow/dags/utils/market_history/liquidity/liquidity.py", line 84, in save_liquidity
    data=liquidity(realsymbol)
  File "/opt/airflow/dags/utils/market_history/liquidity/liquidity.py", line 56, in liquidity
    data = response.json()[0]
IndexError: list index out of range
[2025-09-06T07:31:03.196+0000] {liquidity.py:95} ERROR - Lỗi lưu liquidity_HNX
Traceback (most recent call last):
  File "/opt/airflow/dags/utils/market_history/liquidity/liquidity.py", line 84, in save_liquidity
    data=liquidity(realsymbol)
  File "/opt/airflow/dags/utils/market_history/liquidity/liquidity.py", line 56, in liquidity
    data = response.json()[0]
IndexError: list index out of range
[2025-09-06T07:31:03.381+0000] {liquidity.py:95} ERROR - Lỗi lưu liquidity_UPCOM
Traceback (most recent call last):
  File "/opt/airflow/dags/utils/market_history/liquidity/liquidity.py", line 84, in save_liquidity
    data=liquidity(realsymbol)
  File "/opt/airflow/dags/utils/market_history/liquidity/liquidity.py", line 56, in liquidity
    data = response.json()[0]
IndexError: list index out of range
[2025-09-06T07:31:03.383+0000] {python.py:237} INFO - Done. Returned value was: None
[2025-09-06T07:31:03.384+0000] {taskinstance.py:441} INFO - ::group::Post task execution logs
[2025-09-06T07:31:03.395+0000] {taskinstance.py:1206} INFO - Marking task as SUCCESS. dag_id=liquidity, task_id=save_liquidity, run_id=scheduled__2025-09-06T07:30:00+00:00, execution_date=20250906T073000, start_date=20250906T073102, end_date=20250906T073103
[2025-09-06T07:31:03.456+0000] {local_task_job_runner.py:240} INFO - Task exited with return code 0
[2025-09-06T07:31:03.487+0000] {taskinstance.py:3498} INFO - 0 downstream tasks scheduled from follow-on schedule check
[2025-09-06T07:31:03.489+0000] {local_task_job_runner.py:222} INFO - ::endgroup::
