[2025-09-01T10:26:32.864+0000] {local_task_job_runner.py:120} INFO - ::group::Pre task execution logs
[2025-09-01T10:26:32.891+0000] {taskinstance.py:2076} INFO - Dependencies all met for dep_context=non-requeueable deps ti=<TaskInstance: market_table_foreign.foreign_ALL scheduled__2025-08-31T17:28:00+00:00 [queued]>
[2025-09-01T10:26:32.901+0000] {taskinstance.py:2076} INFO - Dependencies all met for dep_context=requeueable deps ti=<TaskInstance: market_table_foreign.foreign_ALL scheduled__2025-08-31T17:28:00+00:00 [queued]>
[2025-09-01T10:26:32.901+0000] {taskinstance.py:2306} INFO - Starting attempt 1 of 11
[2025-09-01T10:26:32.914+0000] {taskinstance.py:2330} INFO - Executing <Task(PythonOperator): foreign_ALL> on 2025-08-31 17:28:00+00:00
[2025-09-01T10:26:32.924+0000] {standard_task_runner.py:63} INFO - Started process 2318446 to run task
[2025-09-01T10:26:32.928+0000] {standard_task_runner.py:90} INFO - Running: ['***', 'tasks', 'run', 'market_table_foreign', 'foreign_ALL', 'scheduled__2025-08-31T17:28:00+00:00', '--job-id', '42276', '--raw', '--subdir', 'DAGS_FOLDER/dag_market_live.py', '--cfg-path', '/tmp/tmphikujmcl']
[2025-09-01T10:26:32.932+0000] {standard_task_runner.py:91} INFO - Job 42276: Subtask foreign_ALL
[2025-09-01T10:26:32.995+0000] {task_command.py:426} INFO - Running <TaskInstance: market_table_foreign.foreign_ALL scheduled__2025-08-31T17:28:00+00:00 [running]> on host 1877907bc043
[2025-09-01T10:26:33.102+0000] {taskinstance.py:2648} INFO - Exporting env vars: AIRFLOW_CTX_DAG_OWNER='***' AIRFLOW_CTX_DAG_ID='market_table_foreign' AIRFLOW_CTX_TASK_ID='foreign_ALL' AIRFLOW_CTX_EXECUTION_DATE='2025-08-31T17:28:00+00:00' AIRFLOW_CTX_TRY_NUMBER='1' AIRFLOW_CTX_DAG_RUN_ID='scheduled__2025-08-31T17:28:00+00:00'
[2025-09-01T10:26:33.103+0000] {taskinstance.py:430} INFO - ::endgroup::
[2025-09-01T10:26:33.119+0000] {foreign_ALL.py:17} INFO - Kết nối DB
[2025-09-01T10:26:33.448+0000] {foreign_ALL.py:42} INFO - Đã lưu foreign_ALL
[2025-09-01T10:26:33.450+0000] {python.py:237} INFO - Done. Returned value was: None
[2025-09-01T10:26:33.451+0000] {taskinstance.py:441} INFO - ::group::Post task execution logs
[2025-09-01T10:26:33.468+0000] {taskinstance.py:1206} INFO - Marking task as SUCCESS. dag_id=market_table_foreign, task_id=foreign_ALL, run_id=scheduled__2025-08-31T17:28:00+00:00, execution_date=20250831T172800, start_date=20250901T102632, end_date=20250901T102633
[2025-09-01T10:26:33.504+0000] {local_task_job_runner.py:240} INFO - Task exited with return code 0
[2025-09-01T10:26:33.535+0000] {taskinstance.py:3498} INFO - 0 downstream tasks scheduled from follow-on schedule check
[2025-09-01T10:26:33.536+0000] {local_task_job_runner.py:222} INFO - ::endgroup::
[2025-09-01T10:27:40.657+0000] {local_task_job_runner.py:120} INFO - ::group::Pre task execution logs
[2025-09-01T10:27:40.682+0000] {taskinstance.py:2076} INFO - Dependencies all met for dep_context=non-requeueable deps ti=<TaskInstance: market_table_foreign.foreign_ALL scheduled__2025-08-31T17:28:00+00:00 [queued]>
[2025-09-01T10:27:40.691+0000] {taskinstance.py:2076} INFO - Dependencies all met for dep_context=requeueable deps ti=<TaskInstance: market_table_foreign.foreign_ALL scheduled__2025-08-31T17:28:00+00:00 [queued]>
[2025-09-01T10:27:40.692+0000] {taskinstance.py:2306} INFO - Starting attempt 1 of 11
[2025-09-01T10:27:40.705+0000] {taskinstance.py:2330} INFO - Executing <Task(PythonOperator): foreign_ALL> on 2025-08-31 17:28:00+00:00
[2025-09-01T10:27:40.714+0000] {standard_task_runner.py:63} INFO - Started process 2319249 to run task
[2025-09-01T10:27:40.719+0000] {standard_task_runner.py:90} INFO - Running: ['***', 'tasks', 'run', 'market_table_foreign', 'foreign_ALL', 'scheduled__2025-08-31T17:28:00+00:00', '--job-id', '42522', '--raw', '--subdir', 'DAGS_FOLDER/dag_market_live.py', '--cfg-path', '/tmp/tmp7zlkgl3n']
[2025-09-01T10:27:40.723+0000] {standard_task_runner.py:91} INFO - Job 42522: Subtask foreign_ALL
[2025-09-01T10:27:40.773+0000] {task_command.py:426} INFO - Running <TaskInstance: market_table_foreign.foreign_ALL scheduled__2025-08-31T17:28:00+00:00 [running]> on host 1877907bc043
[2025-09-01T10:27:40.870+0000] {taskinstance.py:2648} INFO - Exporting env vars: AIRFLOW_CTX_DAG_OWNER='***' AIRFLOW_CTX_DAG_ID='market_table_foreign' AIRFLOW_CTX_TASK_ID='foreign_ALL' AIRFLOW_CTX_EXECUTION_DATE='2025-08-31T17:28:00+00:00' AIRFLOW_CTX_TRY_NUMBER='1' AIRFLOW_CTX_DAG_RUN_ID='scheduled__2025-08-31T17:28:00+00:00'
[2025-09-01T10:27:40.872+0000] {taskinstance.py:430} INFO - ::endgroup::
[2025-09-01T10:27:40.886+0000] {foreign_ALL.py:17} INFO - Kết nối DB
[2025-09-01T10:27:41.237+0000] {foreign_ALL.py:42} INFO - Đã lưu foreign_ALL
[2025-09-01T10:27:41.238+0000] {python.py:237} INFO - Done. Returned value was: None
[2025-09-01T10:27:41.239+0000] {taskinstance.py:441} INFO - ::group::Post task execution logs
[2025-09-01T10:27:41.252+0000] {taskinstance.py:1206} INFO - Marking task as SUCCESS. dag_id=market_table_foreign, task_id=foreign_ALL, run_id=scheduled__2025-08-31T17:28:00+00:00, execution_date=20250831T172800, start_date=20250901T102740, end_date=20250901T102741
[2025-09-01T10:27:41.291+0000] {local_task_job_runner.py:240} INFO - Task exited with return code 0
[2025-09-01T10:27:41.307+0000] {local_task_job_runner.py:222} INFO - ::endgroup::
