[2025-09-03T14:45:35.303+0000] {local_task_job_runner.py:120} INFO - ::group::Pre task execution logs
[2025-09-03T14:45:35.330+0000] {taskinstance.py:2076} INFO - Dependencies all met for dep_context=non-requeueable deps ti=<TaskInstance: foreign_1_live.save_foreign_1 scheduled__2025-09-02T17:02:00+00:00 [queued]>
[2025-09-03T14:45:35.339+0000] {taskinstance.py:2076} INFO - Dependencies all met for dep_context=requeueable deps ti=<TaskInstance: foreign_1_live.save_foreign_1 scheduled__2025-09-02T17:02:00+00:00 [queued]>
[2025-09-03T14:45:35.339+0000] {taskinstance.py:2306} INFO - Starting attempt 1 of 11
[2025-09-03T14:45:35.351+0000] {taskinstance.py:2330} INFO - Executing <Task(PythonOperator): save_foreign_1> on 2025-09-02 17:02:00+00:00
[2025-09-03T14:45:35.359+0000] {standard_task_runner.py:63} INFO - Started process 2758026 to run task
[2025-09-03T14:45:35.363+0000] {standard_task_runner.py:90} INFO - Running: ['***', 'tasks', 'run', 'foreign_1_live', 'save_foreign_1', 'scheduled__2025-09-02T17:02:00+00:00', '--job-id', '72536', '--raw', '--subdir', 'DAGS_FOLDER/dag_foreign_1_live.py', '--cfg-path', '/tmp/tmpbe26qmib']
[2025-09-03T14:45:35.366+0000] {standard_task_runner.py:91} INFO - Job 72536: Subtask save_foreign_1
[2025-09-03T14:45:35.417+0000] {task_command.py:426} INFO - Running <TaskInstance: foreign_1_live.save_foreign_1 scheduled__2025-09-02T17:02:00+00:00 [running]> on host 1877907bc043
[2025-09-03T14:45:35.529+0000] {taskinstance.py:2648} INFO - Exporting env vars: AIRFLOW_CTX_DAG_OWNER='***' AIRFLOW_CTX_DAG_ID='foreign_1_live' AIRFLOW_CTX_TASK_ID='save_foreign_1' AIRFLOW_CTX_EXECUTION_DATE='2025-09-02T17:02:00+00:00' AIRFLOW_CTX_TRY_NUMBER='1' AIRFLOW_CTX_DAG_RUN_ID='scheduled__2025-09-02T17:02:00+00:00'
[2025-09-03T14:45:35.531+0000] {taskinstance.py:430} INFO - ::endgroup::
[2025-09-03T14:45:35.559+0000] {foreign_1.py:18} INFO - Kết nối DB
[2025-09-03T14:45:35.952+0000] {foreign_1.py:28} INFO - Đã lưu foreign_ALL
[2025-09-03T14:45:35.954+0000] {foreign_1.py:18} INFO - Kết nối DB
[2025-09-03T14:45:36.326+0000] {foreign_1.py:28} INFO - Đã lưu foreign_HOSE
[2025-09-03T14:45:36.327+0000] {foreign_1.py:18} INFO - Kết nối DB
[2025-09-03T14:45:36.672+0000] {foreign_1.py:28} INFO - Đã lưu foreign_HNX
[2025-09-03T14:45:36.674+0000] {foreign_1.py:18} INFO - Kết nối DB
[2025-09-03T14:45:37.024+0000] {foreign_1.py:28} INFO - Đã lưu foreign_UPCOM
[2025-09-03T14:45:37.024+0000] {python.py:237} INFO - Done. Returned value was: None
[2025-09-03T14:45:37.025+0000] {taskinstance.py:441} INFO - ::group::Post task execution logs
[2025-09-03T14:45:37.040+0000] {taskinstance.py:1206} INFO - Marking task as SUCCESS. dag_id=foreign_1_live, task_id=save_foreign_1, run_id=scheduled__2025-09-02T17:02:00+00:00, execution_date=20250902T170200, start_date=20250903T144535, end_date=20250903T144537
[2025-09-03T14:45:37.100+0000] {local_task_job_runner.py:240} INFO - Task exited with return code 0
[2025-09-03T14:45:37.132+0000] {taskinstance.py:3498} INFO - 4 downstream tasks scheduled from follow-on schedule check
[2025-09-03T14:45:37.133+0000] {local_task_job_runner.py:222} INFO - ::endgroup::
[2025-09-11T08:54:33.881+0000] {local_task_job_runner.py:120} INFO - ::group::Pre task execution logs
[2025-09-11T08:54:33.911+0000] {taskinstance.py:2076} INFO - Dependencies all met for dep_context=non-requeueable deps ti=<TaskInstance: foreign_1_live.save_foreign_1 scheduled__2025-09-02T17:02:00+00:00 [queued]>
[2025-09-11T08:54:33.920+0000] {taskinstance.py:2076} INFO - Dependencies all met for dep_context=requeueable deps ti=<TaskInstance: foreign_1_live.save_foreign_1 scheduled__2025-09-02T17:02:00+00:00 [queued]>
[2025-09-11T08:54:33.920+0000] {taskinstance.py:2306} INFO - Starting attempt 1 of 11
[2025-09-11T08:54:34.144+0000] {taskinstance.py:2330} INFO - Executing <Task(PythonOperator): save_foreign_1> on 2025-09-02 17:02:00+00:00
[2025-09-11T08:54:34.152+0000] {standard_task_runner.py:63} INFO - Started process 153 to run task
[2025-09-11T08:54:34.156+0000] {standard_task_runner.py:90} INFO - Running: ['***', 'tasks', 'run', 'foreign_1_live', 'save_foreign_1', 'scheduled__2025-09-02T17:02:00+00:00', '--job-id', '6', '--raw', '--subdir', 'DAGS_FOLDER/dag_foreign_1_live.py', '--cfg-path', '/tmp/tmp2eiqsf45']
[2025-09-11T08:54:34.159+0000] {standard_task_runner.py:91} INFO - Job 6: Subtask save_foreign_1
[2025-09-11T08:54:34.216+0000] {task_command.py:426} INFO - Running <TaskInstance: foreign_1_live.save_foreign_1 scheduled__2025-09-02T17:02:00+00:00 [running]> on host bcef7b61446d
[2025-09-11T08:54:34.319+0000] {taskinstance.py:2648} INFO - Exporting env vars: AIRFLOW_CTX_DAG_OWNER='***' AIRFLOW_CTX_DAG_ID='foreign_1_live' AIRFLOW_CTX_TASK_ID='save_foreign_1' AIRFLOW_CTX_EXECUTION_DATE='2025-09-02T17:02:00+00:00' AIRFLOW_CTX_TRY_NUMBER='1' AIRFLOW_CTX_DAG_RUN_ID='scheduled__2025-09-02T17:02:00+00:00'
[2025-09-11T08:54:34.321+0000] {taskinstance.py:430} INFO - ::endgroup::
[2025-09-11T08:54:34.334+0000] {foreign_1.py:18} INFO - Kết nối DB
[2025-09-11T08:54:34.731+0000] {foreign_1.py:28} INFO - Đã lưu foreign_ALL
[2025-09-11T08:54:34.732+0000] {foreign_1.py:18} INFO - Kết nối DB
[2025-09-11T08:54:35.256+0000] {foreign_1.py:28} INFO - Đã lưu foreign_HOSE
[2025-09-11T08:54:35.257+0000] {foreign_1.py:18} INFO - Kết nối DB
[2025-09-11T08:54:35.661+0000] {foreign_1.py:28} INFO - Đã lưu foreign_HNX
[2025-09-11T08:54:35.663+0000] {foreign_1.py:18} INFO - Kết nối DB
[2025-09-11T08:54:36.066+0000] {foreign_1.py:28} INFO - Đã lưu foreign_UPCOM
[2025-09-11T08:54:36.067+0000] {python.py:237} INFO - Done. Returned value was: None
[2025-09-11T08:54:36.068+0000] {taskinstance.py:441} INFO - ::group::Post task execution logs
[2025-09-11T08:54:36.079+0000] {taskinstance.py:1206} INFO - Marking task as SUCCESS. dag_id=foreign_1_live, task_id=save_foreign_1, run_id=scheduled__2025-09-02T17:02:00+00:00, execution_date=20250902T170200, start_date=20250911T085433, end_date=20250911T085436
[2025-09-11T08:54:36.134+0000] {local_task_job_runner.py:240} INFO - Task exited with return code 0
[2025-09-11T08:54:36.151+0000] {local_task_job_runner.py:222} INFO - ::endgroup::
