[2025-09-02T00:41:01.809+0000] {local_task_job_runner.py:120} INFO - ::group::Pre task execution logs
[2025-09-02T00:41:01.845+0000] {taskinstance.py:2076} INFO - Dependencies all met for dep_context=non-requeueable deps ti=<TaskInstance: market_table_foreign.activity_UPCOM scheduled__2025-09-02T00:40:00+00:00 [queued]>
[2025-09-02T00:41:01.861+0000] {taskinstance.py:2076} INFO - Dependencies all met for dep_context=requeueable deps ti=<TaskInstance: market_table_foreign.activity_UPCOM scheduled__2025-09-02T00:40:00+00:00 [queued]>
[2025-09-02T00:41:01.862+0000] {taskinstance.py:2306} INFO - Starting attempt 1 of 11
[2025-09-02T00:41:01.885+0000] {taskinstance.py:2330} INFO - Executing <Task(PythonOperator): activity_UPCOM> on 2025-09-02 00:40:00+00:00
[2025-09-02T00:41:01.894+0000] {standard_task_runner.py:63} INFO - Started process 2417548 to run task
[2025-09-02T00:41:01.899+0000] {standard_task_runner.py:90} INFO - Running: ['***', 'tasks', 'run', 'market_table_foreign', 'activity_UPCOM', 'scheduled__2025-09-02T00:40:00+00:00', '--job-id', '50554', '--raw', '--subdir', 'DAGS_FOLDER/dag_market_live.py', '--cfg-path', '/tmp/tmp7m3a489s']
[2025-09-02T00:41:01.902+0000] {standard_task_runner.py:91} INFO - Job 50554: Subtask activity_UPCOM
[2025-09-02T00:41:01.961+0000] {task_command.py:426} INFO - Running <TaskInstance: market_table_foreign.activity_UPCOM scheduled__2025-09-02T00:40:00+00:00 [running]> on host 1877907bc043
[2025-09-02T00:41:02.069+0000] {taskinstance.py:2648} INFO - Exporting env vars: AIRFLOW_CTX_DAG_OWNER='***' AIRFLOW_CTX_DAG_ID='market_table_foreign' AIRFLOW_CTX_TASK_ID='activity_UPCOM' AIRFLOW_CTX_EXECUTION_DATE='2025-09-02T00:40:00+00:00' AIRFLOW_CTX_TRY_NUMBER='1' AIRFLOW_CTX_DAG_RUN_ID='scheduled__2025-09-02T00:40:00+00:00'
[2025-09-02T00:41:02.071+0000] {taskinstance.py:430} INFO - ::endgroup::
[2025-09-02T00:41:02.093+0000] {activity_UPCOM.py:17} INFO - Kết nối DB
[2025-09-02T00:41:02.277+0000] {activity_UPCOM.py:55} ERROR - Lỗi lưu activity_UPCOM
Traceback (most recent call last):
  File "/opt/airflow/dags/utils/market_data/activity_UPCOM.py", line 35, in activity_UPCOM
    point=float(dfindex.loc[dfindex['symbol']=='UpcomIndex','point'].values[0])
IndexError: index 0 is out of bounds for axis 0 with size 0
[2025-09-02T00:41:02.279+0000] {python.py:237} INFO - Done. Returned value was: None
[2025-09-02T00:41:02.279+0000] {taskinstance.py:441} INFO - ::group::Post task execution logs
[2025-09-02T00:41:02.291+0000] {taskinstance.py:1206} INFO - Marking task as SUCCESS. dag_id=market_table_foreign, task_id=activity_UPCOM, run_id=scheduled__2025-09-02T00:40:00+00:00, execution_date=20250902T004000, start_date=20250902T004101, end_date=20250902T004102
[2025-09-02T00:41:02.317+0000] {local_task_job_runner.py:240} INFO - Task exited with return code 0
[2025-09-02T00:41:02.343+0000] {taskinstance.py:3498} INFO - 0 downstream tasks scheduled from follow-on schedule check
[2025-09-02T00:41:02.344+0000] {local_task_job_runner.py:222} INFO - ::endgroup::
