[2025-09-08T04:09:01.530+0000] {local_task_job_runner.py:120} INFO - ::group::Pre task execution logs
[2025-09-08T04:09:01.557+0000] {taskinstance.py:2076} INFO - Dependencies all met for dep_context=non-requeueable deps ti=<TaskInstance: foreign_1_live.save_foreign_1 scheduled__2025-09-08T04:08:00+00:00 [queued]>
[2025-09-08T04:09:01.566+0000] {taskinstance.py:2076} INFO - Dependencies all met for dep_context=requeueable deps ti=<TaskInstance: foreign_1_live.save_foreign_1 scheduled__2025-09-08T04:08:00+00:00 [queued]>
[2025-09-08T04:09:01.567+0000] {taskinstance.py:2306} INFO - Starting attempt 1 of 11
[2025-09-08T04:09:01.581+0000] {taskinstance.py:2330} INFO - Executing <Task(PythonOperator): save_foreign_1> on 2025-09-08 04:08:00+00:00
[2025-09-08T04:09:01.589+0000] {standard_task_runner.py:63} INFO - Started process 312115 to run task
[2025-09-08T04:09:01.593+0000] {standard_task_runner.py:90} INFO - Running: ['***', 'tasks', 'run', 'foreign_1_live', 'save_foreign_1', 'scheduled__2025-09-08T04:08:00+00:00', '--job-id', '157720', '--raw', '--subdir', 'DAGS_FOLDER/dag_foreign_1_live.py', '--cfg-path', '/tmp/tmp1r5_ppa4']
[2025-09-08T04:09:01.596+0000] {standard_task_runner.py:91} INFO - Job 157720: Subtask save_foreign_1
[2025-09-08T04:09:01.649+0000] {task_command.py:426} INFO - Running <TaskInstance: foreign_1_live.save_foreign_1 scheduled__2025-09-08T04:08:00+00:00 [running]> on host 8d9cea3aac78
[2025-09-08T04:09:02.053+0000] {taskinstance.py:2648} INFO - Exporting env vars: AIRFLOW_CTX_DAG_OWNER='***' AIRFLOW_CTX_DAG_ID='foreign_1_live' AIRFLOW_CTX_TASK_ID='save_foreign_1' AIRFLOW_CTX_EXECUTION_DATE='2025-09-08T04:08:00+00:00' AIRFLOW_CTX_TRY_NUMBER='1' AIRFLOW_CTX_DAG_RUN_ID='scheduled__2025-09-08T04:08:00+00:00'
[2025-09-08T04:09:02.054+0000] {taskinstance.py:430} INFO - ::endgroup::
[2025-09-08T04:09:02.068+0000] {foreign_1.py:18} INFO - Kết nối DB
[2025-09-08T04:09:02.725+0000] {foreign_1.py:28} INFO - Đã lưu foreign_ALL
[2025-09-08T04:09:02.727+0000] {foreign_1.py:18} INFO - Kết nối DB
[2025-09-08T04:09:03.220+0000] {foreign_1.py:28} INFO - Đã lưu foreign_HOSE
[2025-09-08T04:09:03.222+0000] {foreign_1.py:18} INFO - Kết nối DB
[2025-09-08T04:09:03.743+0000] {foreign_1.py:28} INFO - Đã lưu foreign_HNX
[2025-09-08T04:09:03.744+0000] {foreign_1.py:18} INFO - Kết nối DB
[2025-09-08T04:09:04.407+0000] {foreign_1.py:28} INFO - Đã lưu foreign_UPCOM
[2025-09-08T04:09:04.408+0000] {python.py:237} INFO - Done. Returned value was: None
[2025-09-08T04:09:04.409+0000] {taskinstance.py:441} INFO - ::group::Post task execution logs
[2025-09-08T04:09:04.423+0000] {taskinstance.py:1206} INFO - Marking task as SUCCESS. dag_id=foreign_1_live, task_id=save_foreign_1, run_id=scheduled__2025-09-08T04:08:00+00:00, execution_date=20250908T040800, start_date=20250908T040901, end_date=20250908T040904
[2025-09-08T04:09:04.494+0000] {local_task_job_runner.py:240} INFO - Task exited with return code 0
[2025-09-08T04:09:04.715+0000] {taskinstance.py:3503} INFO - 4 downstream tasks scheduled from follow-on schedule check
[2025-09-08T04:09:04.716+0000] {local_task_job_runner.py:222} INFO - ::endgroup::
