[2025-09-05T21:26:01.660+0000] {local_task_job_runner.py:120} INFO - ::group::Pre task execution logs
[2025-09-05T21:26:01.682+0000] {taskinstance.py:2076} INFO - Dependencies all met for dep_context=non-requeueable deps ti=<TaskInstance: foreign_1_live.save_foreign_1 scheduled__2025-09-05T21:25:00+00:00 [queued]>
[2025-09-05T21:26:01.690+0000] {taskinstance.py:2076} INFO - Dependencies all met for dep_context=requeueable deps ti=<TaskInstance: foreign_1_live.save_foreign_1 scheduled__2025-09-05T21:25:00+00:00 [queued]>
[2025-09-05T21:26:01.690+0000] {taskinstance.py:2306} INFO - Starting attempt 1 of 11
[2025-09-05T21:26:01.701+0000] {taskinstance.py:2330} INFO - Executing <Task(PythonOperator): save_foreign_1> on 2025-09-05 21:25:00+00:00
[2025-09-05T21:26:01.710+0000] {standard_task_runner.py:63} INFO - Started process 69004 to run task
[2025-09-05T21:26:01.714+0000] {standard_task_runner.py:90} INFO - Running: ['***', 'tasks', 'run', 'foreign_1_live', 'save_foreign_1', 'scheduled__2025-09-05T21:25:00+00:00', '--job-id', '121103', '--raw', '--subdir', 'DAGS_FOLDER/dag_foreign_1_live.py', '--cfg-path', '/tmp/tmp25n9m7ta']
[2025-09-05T21:26:01.717+0000] {standard_task_runner.py:91} INFO - Job 121103: Subtask save_foreign_1
[2025-09-05T21:26:01.770+0000] {task_command.py:426} INFO - Running <TaskInstance: foreign_1_live.save_foreign_1 scheduled__2025-09-05T21:25:00+00:00 [running]> on host d4d2fe648a81
[2025-09-05T21:26:01.863+0000] {taskinstance.py:2648} INFO - Exporting env vars: AIRFLOW_CTX_DAG_OWNER='***' AIRFLOW_CTX_DAG_ID='foreign_1_live' AIRFLOW_CTX_TASK_ID='save_foreign_1' AIRFLOW_CTX_EXECUTION_DATE='2025-09-05T21:25:00+00:00' AIRFLOW_CTX_TRY_NUMBER='1' AIRFLOW_CTX_DAG_RUN_ID='scheduled__2025-09-05T21:25:00+00:00'
[2025-09-05T21:26:01.864+0000] {taskinstance.py:430} INFO - ::endgroup::
[2025-09-05T21:26:01.877+0000] {foreign_1.py:18} INFO - Kết nối DB
[2025-09-05T21:26:02.513+0000] {foreign_1.py:28} INFO - Đã lưu foreign_ALL
[2025-09-05T21:26:02.515+0000] {foreign_1.py:18} INFO - Kết nối DB
[2025-09-05T21:26:03.205+0000] {foreign_1.py:28} INFO - Đã lưu foreign_HOSE
[2025-09-05T21:26:03.207+0000] {foreign_1.py:18} INFO - Kết nối DB
[2025-09-05T21:26:03.835+0000] {foreign_1.py:28} INFO - Đã lưu foreign_HNX
[2025-09-05T21:26:03.837+0000] {foreign_1.py:18} INFO - Kết nối DB
[2025-09-05T21:26:04.426+0000] {foreign_1.py:28} INFO - Đã lưu foreign_UPCOM
[2025-09-05T21:26:04.427+0000] {python.py:237} INFO - Done. Returned value was: None
[2025-09-05T21:26:04.427+0000] {taskinstance.py:441} INFO - ::group::Post task execution logs
[2025-09-05T21:26:04.440+0000] {taskinstance.py:1206} INFO - Marking task as SUCCESS. dag_id=foreign_1_live, task_id=save_foreign_1, run_id=scheduled__2025-09-05T21:25:00+00:00, execution_date=20250905T212500, start_date=20250905T212601, end_date=20250905T212604
[2025-09-05T21:26:04.495+0000] {local_task_job_runner.py:240} INFO - Task exited with return code 0
[2025-09-05T21:26:04.519+0000] {taskinstance.py:3498} INFO - 0 downstream tasks scheduled from follow-on schedule check
[2025-09-05T21:26:04.520+0000] {local_task_job_runner.py:222} INFO - ::endgroup::
