[2025-09-05T05:33:01.992+0000] {local_task_job_runner.py:120} INFO - ::group::Pre task execution logs
[2025-09-05T05:33:02.020+0000] {taskinstance.py:2076} INFO - Dependencies all met for dep_context=non-requeueable deps ti=<TaskInstance: foreign_1_live.save_foreign_1 scheduled__2025-09-05T05:32:00+00:00 [queued]>
[2025-09-05T05:33:02.030+0000] {taskinstance.py:2076} INFO - Dependencies all met for dep_context=requeueable deps ti=<TaskInstance: foreign_1_live.save_foreign_1 scheduled__2025-09-05T05:32:00+00:00 [queued]>
[2025-09-05T05:33:02.031+0000] {taskinstance.py:2306} INFO - Starting attempt 1 of 11
[2025-09-05T05:33:02.047+0000] {taskinstance.py:2330} INFO - Executing <Task(PythonOperator): save_foreign_1> on 2025-09-05 05:32:00+00:00
[2025-09-05T05:33:02.055+0000] {standard_task_runner.py:63} INFO - Started process 3125129 to run task
[2025-09-05T05:33:02.059+0000] {standard_task_runner.py:90} INFO - Running: ['***', 'tasks', 'run', 'foreign_1_live', 'save_foreign_1', 'scheduled__2025-09-05T05:32:00+00:00', '--job-id', '110082', '--raw', '--subdir', 'DAGS_FOLDER/dag_foreign_1_live.py', '--cfg-path', '/tmp/tmpc1bhte8p']
[2025-09-05T05:33:02.062+0000] {standard_task_runner.py:91} INFO - Job 110082: Subtask save_foreign_1
[2025-09-05T05:33:02.156+0000] {task_command.py:426} INFO - Running <TaskInstance: foreign_1_live.save_foreign_1 scheduled__2025-09-05T05:32:00+00:00 [running]> on host 1877907bc043
[2025-09-05T05:33:02.278+0000] {taskinstance.py:2648} INFO - Exporting env vars: AIRFLOW_CTX_DAG_OWNER='***' AIRFLOW_CTX_DAG_ID='foreign_1_live' AIRFLOW_CTX_TASK_ID='save_foreign_1' AIRFLOW_CTX_EXECUTION_DATE='2025-09-05T05:32:00+00:00' AIRFLOW_CTX_TRY_NUMBER='1' AIRFLOW_CTX_DAG_RUN_ID='scheduled__2025-09-05T05:32:00+00:00'
[2025-09-05T05:33:02.279+0000] {taskinstance.py:430} INFO - ::endgroup::
[2025-09-05T05:33:02.296+0000] {foreign_1.py:18} INFO - Kết nối DB
[2025-09-05T05:33:02.794+0000] {foreign_1.py:28} INFO - Đã lưu foreign_ALL
[2025-09-05T05:33:02.795+0000] {foreign_1.py:18} INFO - Kết nối DB
[2025-09-05T05:33:03.341+0000] {foreign_1.py:28} INFO - Đã lưu foreign_HOSE
[2025-09-05T05:33:03.342+0000] {foreign_1.py:18} INFO - Kết nối DB
[2025-09-05T05:33:03.864+0000] {foreign_1.py:28} INFO - Đã lưu foreign_HNX
[2025-09-05T05:33:03.866+0000] {foreign_1.py:18} INFO - Kết nối DB
[2025-09-05T05:33:04.204+0000] {foreign_1.py:28} INFO - Đã lưu foreign_UPCOM
[2025-09-05T05:33:04.205+0000] {python.py:237} INFO - Done. Returned value was: None
[2025-09-05T05:33:04.206+0000] {taskinstance.py:441} INFO - ::group::Post task execution logs
[2025-09-05T05:33:04.220+0000] {taskinstance.py:1206} INFO - Marking task as SUCCESS. dag_id=foreign_1_live, task_id=save_foreign_1, run_id=scheduled__2025-09-05T05:32:00+00:00, execution_date=20250905T053200, start_date=20250905T053302, end_date=20250905T053304
[2025-09-05T05:33:04.277+0000] {local_task_job_runner.py:240} INFO - Task exited with return code 0
[2025-09-05T05:33:04.316+0000] {taskinstance.py:3498} INFO - 4 downstream tasks scheduled from follow-on schedule check
[2025-09-05T05:33:04.317+0000] {local_task_job_runner.py:222} INFO - ::endgroup::
