[2025-08-30T18:41:01.305+0000] {local_task_job_runner.py:120} INFO - ::group::Pre task execution logs
[2025-08-30T18:41:01.335+0000] {taskinstance.py:2076} INFO - Dependencies all met for dep_context=non-requeueable deps ti=<TaskInstance: crypto_collector_dag.run_crypto_collector scheduled__2025-08-30T18:40:00+00:00 [queued]>
[2025-08-30T18:41:01.346+0000] {taskinstance.py:2076} INFO - Dependencies all met for dep_context=requeueable deps ti=<TaskInstance: crypto_collector_dag.run_crypto_collector scheduled__2025-08-30T18:40:00+00:00 [queued]>
[2025-08-30T18:41:01.347+0000] {taskinstance.py:2306} INFO - Starting attempt 1 of 2
[2025-08-30T18:41:01.361+0000] {taskinstance.py:2330} INFO - Executing <Task(BashOperator): run_crypto_collector> on 2025-08-30 18:40:00+00:00
[2025-08-30T18:41:01.369+0000] {standard_task_runner.py:63} INFO - Started process 2044677 to run task
[2025-08-30T18:41:01.374+0000] {standard_task_runner.py:90} INFO - Running: ['***', 'tasks', 'run', 'crypto_collector_dag', 'run_crypto_collector', 'scheduled__2025-08-30T18:40:00+00:00', '--job-id', '35621', '--raw', '--subdir', 'DAGS_FOLDER/crawl_crypto/dags_crypto.py', '--cfg-path', '/tmp/tmpr00v528g']
[2025-08-30T18:41:01.375+0000] {standard_task_runner.py:91} INFO - Job 35621: Subtask run_crypto_collector
[2025-08-30T18:41:01.431+0000] {task_command.py:426} INFO - Running <TaskInstance: crypto_collector_dag.run_crypto_collector scheduled__2025-08-30T18:40:00+00:00 [running]> on host 1877907bc043
[2025-08-30T18:41:01.527+0000] {taskinstance.py:2648} INFO - Exporting env vars: AIRFLOW_CTX_DAG_OWNER='***' AIRFLOW_CTX_DAG_ID='crypto_collector_dag' AIRFLOW_CTX_TASK_ID='run_crypto_collector' AIRFLOW_CTX_EXECUTION_DATE='2025-08-30T18:40:00+00:00' AIRFLOW_CTX_TRY_NUMBER='1' AIRFLOW_CTX_DAG_RUN_ID='scheduled__2025-08-30T18:40:00+00:00'
[2025-08-30T18:41:01.528+0000] {taskinstance.py:430} INFO - ::endgroup::
[2025-08-30T18:41:01.542+0000] {subprocess.py:63} INFO - Tmp dir root location: /tmp
[2025-08-30T18:41:01.543+0000] {subprocess.py:75} INFO - Running command: ['/usr/bin/bash', '-c', 'python3 /opt/***/dags/crawl_crypto/crawl_data_crypto.py']
[2025-08-30T18:41:01.555+0000] {subprocess.py:86} INFO - Output:
[2025-08-30T18:41:07.522+0000] {subprocess.py:93} INFO - 🔹 Kết nối DB...
[2025-08-30T18:41:07.522+0000] {subprocess.py:93} INFO - 🔹 Lấy top 100 crypto...
[2025-08-30T18:41:07.523+0000] {subprocess.py:93} INFO - Top 100: ['ETHUSDT', 'BTCUSDT', 'USDCUSDT', 'SOLUSDT', 'FDUSDUSDT', 'XRPUSDT', 'DOGEUSDT', 'PYTHUSDT', 'SUIUSDT', 'BNBUSDT', 'ENAUSDT', 'TRXUSDT', 'ADAUSDT', 'BONKUSDT', 'LINKUSDT', 'PEPEUSDT', 'PLUMEUSDT', 'CFXUSDT', 'DOLOUSDT', 'SKLUSDT', 'PENGUUSDT', 'ARBUSDT', 'AAVEUSDT', 'REDUSDT', 'AVAXUSDT', 'BIOUSDT', 'LTCUSDT', 'QTUMUSDT', 'UNIUSDT', 'HBARUSDT', 'MITOUSDT', 'USD1USDT', 'MAVUSDT', 'WUSDT', 'POLUSDT', 'BCHUSDT', 'XLMUSDT', 'SEIUSDT', 'DOTUSDT', 'TONUSDT', 'HOOKUSDT', 'WIFUSDT', 'RAYUSDT', 'SYRUPUSDT', 'LDOUSDT', 'TRUMPUSDT', 'ONDOUSDT', 'BBUSDT', 'OPUSDT', 'APTUSDT', 'SPKUSDT', 'PENDLEUSDT', 'TOWNSUSDT', 'PNUTUSDT', 'SUSDT', 'BERAUSDT', 'NEARUSDT', 'TREEUSDT', 'TAOUSDT', 'MEMEUSDT', 'ETHFIUSDT', 'NEOUSDT', 'FORMUSDT', 'SHIBUSDT', 'OMUSDT', 'MAGICUSDT', 'WLDUSDT', 'OGNUSDT', 'FLOKIUSDT', 'CUSDT', 'LPTUSDT', 'NEIROUSDT', 'TIAUSDT', 'ONTUSDT', 'FILUSDT', 'NMRUSDT', 'PAXGUSDT', 'CRVUSDT', 'CYBERUSDT', 'PROVEUSDT', 'CATIUSDT', 'EURUSDT', 'INJUSDT', 'XUSDUSDT', 'BFUSDUSDT', 'VIRTUALUSDT', 'KAITOUSDT', 'RENDERUSDT', 'NTRNUSDT', 'JUPUSDT', 'ETCUSDT', 'ICPUSDT', 'CITYUSDT', 'ORDIUSDT', 'AIUSDT', 'GALAUSDT', 'ALGOUSDT', 'A2ZUSDT', 'CAKEUSDT', 'ATOMUSDT']
[2025-08-30T18:41:07.523+0000] {subprocess.py:93} INFO - 🔹 Lưu lịch sử giá vào DB bằng threading...
[2025-08-30T18:41:07.523+0000] {subprocess.py:93} INFO - ✅ FDUSDUSDT: thêm 1 dòng mới
[2025-08-30T18:41:07.523+0000] {subprocess.py:93} INFO - ✅ DOGEUSDT: thêm 1 dòng mới
[2025-08-30T18:41:07.523+0000] {subprocess.py:93} INFO - ✅ ETHUSDT: thêm 1 dòng mới
[2025-08-30T18:41:07.524+0000] {subprocess.py:93} INFO - 1/100 ETHUSDT lưu OK
[2025-08-30T18:41:07.524+0000] {subprocess.py:93} INFO - 2/100 FDUSDUSDT lưu OK
[2025-08-30T18:41:07.524+0000] {subprocess.py:93} INFO - 3/100 DOGEUSDT lưu OK
[2025-08-30T18:41:07.524+0000] {subprocess.py:93} INFO - ✅ XRPUSDT: thêm 1 dòng mới
[2025-08-30T18:41:07.525+0000] {subprocess.py:93} INFO - ✅ BTCUSDT: thêm 1 dòng mới
[2025-08-30T18:41:07.525+0000] {subprocess.py:93} INFO - 4/100 XRPUSDT lưu OK
[2025-08-30T18:41:07.525+0000] {subprocess.py:93} INFO - 5/100 BTCUSDT lưu OK
[2025-08-30T18:41:07.525+0000] {subprocess.py:93} INFO - ✅ SUIUSDT: thêm 1 dòng mới
[2025-08-30T18:41:07.525+0000] {subprocess.py:93} INFO - 6/100 SUIUSDT lưu OK
[2025-08-30T18:41:07.526+0000] {subprocess.py:93} INFO - ✅ SOLUSDT: thêm 1 dòng mới
[2025-08-30T18:41:07.526+0000] {subprocess.py:93} INFO - 7/100 SOLUSDT lưu OK
[2025-08-30T18:41:07.526+0000] {subprocess.py:93} INFO - 8/100 PYTHUSDT lỗi: relation "cryptocurrency.pythusdt" does not exist
[2025-08-30T18:41:07.526+0000] {subprocess.py:93} INFO - LINE 1: SELECT MAX(time) FROM cryptocurrency.pythusdt;
[2025-08-30T18:41:07.527+0000] {subprocess.py:93} INFO -                               ^
[2025-08-30T18:41:07.527+0000] {subprocess.py:93} INFO - 
[2025-08-30T18:41:07.527+0000] {subprocess.py:93} INFO - ✅ BNBUSDT: thêm 1 dòng mới
[2025-08-30T18:41:07.527+0000] {subprocess.py:93} INFO - 9/100 BNBUSDT lưu OK
[2025-08-30T18:41:07.527+0000] {subprocess.py:93} INFO - ✅ USDCUSDT: thêm 1 dòng mới
[2025-08-30T18:41:07.528+0000] {subprocess.py:93} INFO - 10/100 USDCUSDT lưu OK
[2025-08-30T18:41:07.528+0000] {subprocess.py:93} INFO - ✅ TRXUSDT: thêm 1 dòng mới
[2025-08-30T18:41:07.528+0000] {subprocess.py:93} INFO - ✅ ENAUSDT: thêm 1 dòng mới
[2025-08-30T18:41:07.528+0000] {subprocess.py:93} INFO - 11/100 TRXUSDT lưu OK
[2025-08-30T18:41:07.529+0000] {subprocess.py:93} INFO - 12/100 ENAUSDT lưu OK
[2025-08-30T18:41:07.529+0000] {subprocess.py:93} INFO - ✅ PEPEUSDT: thêm 1 dòng mới
[2025-08-30T18:41:07.529+0000] {subprocess.py:93} INFO - ✅ BONKUSDT: thêm 1 dòng mới
[2025-08-30T18:41:07.529+0000] {subprocess.py:93} INFO - 13/100 PEPEUSDT lưu OK
[2025-08-30T18:41:07.529+0000] {subprocess.py:93} INFO - 14/100 BONKUSDT lưu OK
[2025-08-30T18:41:07.530+0000] {subprocess.py:93} INFO - 15/100 DOLOUSDT lỗi: relation "cryptocurrency.dolousdt" does not exist
[2025-08-30T18:41:07.530+0000] {subprocess.py:93} INFO - LINE 1: SELECT MAX(time) FROM cryptocurrency.dolousdt;
[2025-08-30T18:41:07.530+0000] {subprocess.py:93} INFO -                               ^
[2025-08-30T18:41:07.530+0000] {subprocess.py:93} INFO - 
[2025-08-30T18:41:07.531+0000] {subprocess.py:93} INFO - ✅ LINKUSDT: thêm 1 dòng mới
[2025-08-30T18:41:07.531+0000] {subprocess.py:93} INFO - 16/100 LINKUSDT lưu OK
[2025-08-30T18:41:07.531+0000] {subprocess.py:93} INFO - ✅ ADAUSDT: thêm 1 dòng mới
[2025-08-30T18:41:07.531+0000] {subprocess.py:93} INFO - 17/100 ADAUSDT lưu OK
[2025-08-30T18:41:07.531+0000] {subprocess.py:93} INFO - 18/100 PLUMEUSDT lỗi: relation "cryptocurrency.plumeusdt" does not exist
[2025-08-30T18:41:07.532+0000] {subprocess.py:93} INFO - LINE 1: SELECT MAX(time) FROM cryptocurrency.plumeusdt;
[2025-08-30T18:41:07.532+0000] {subprocess.py:93} INFO -                               ^
[2025-08-30T18:41:07.532+0000] {subprocess.py:93} INFO - 
[2025-08-30T18:41:07.532+0000] {subprocess.py:93} INFO - ✅ CFXUSDT: thêm 1 dòng mới
[2025-08-30T18:41:07.532+0000] {subprocess.py:93} INFO - ✅ SKLUSDT: thêm 1 dòng mới
[2025-08-30T18:41:07.533+0000] {subprocess.py:93} INFO - 19/100 CFXUSDT lưu OK
[2025-08-30T18:41:07.533+0000] {subprocess.py:93} INFO - 20/100 SKLUSDT lưu OK
[2025-08-30T18:41:07.533+0000] {subprocess.py:93} INFO - ✅ PENGUUSDT: thêm 1 dòng mới
[2025-08-30T18:41:07.533+0000] {subprocess.py:93} INFO - 21/100 PENGUUSDT lưu OK
[2025-08-30T18:41:07.533+0000] {subprocess.py:93} INFO - ✅ ARBUSDT: thêm 1 dòng mới
[2025-08-30T18:41:07.534+0000] {subprocess.py:93} INFO - 22/100 ARBUSDT lưu OK
[2025-08-30T18:41:07.534+0000] {subprocess.py:93} INFO - ✅ LTCUSDT: thêm 1 dòng mới
[2025-08-30T18:41:07.534+0000] {subprocess.py:93} INFO - 23/100 REDUSDT lỗi: relation "cryptocurrency.redusdt" does not exist
[2025-08-30T18:41:07.534+0000] {subprocess.py:93} INFO - LINE 1: SELECT MAX(time) FROM cryptocurrency.redusdt;
[2025-08-30T18:41:07.534+0000] {subprocess.py:93} INFO -                               ^
[2025-08-30T18:41:07.535+0000] {subprocess.py:93} INFO - 
[2025-08-30T18:41:07.535+0000] {subprocess.py:93} INFO - ✅ AAVEUSDT: thêm 1 dòng mới
[2025-08-30T18:41:07.535+0000] {subprocess.py:93} INFO - 24/100 LTCUSDT lưu OK
[2025-08-30T18:41:07.535+0000] {subprocess.py:93} INFO - 25/100 AAVEUSDT lưu OK
[2025-08-30T18:41:07.535+0000] {subprocess.py:93} INFO - 26/100 BIOUSDT lỗi: relation "cryptocurrency.biousdt" does not exist
[2025-08-30T18:41:07.536+0000] {subprocess.py:93} INFO - LINE 1: SELECT MAX(time) FROM cryptocurrency.biousdt;
[2025-08-30T18:41:07.536+0000] {subprocess.py:93} INFO -                               ^
[2025-08-30T18:41:07.536+0000] {subprocess.py:93} INFO - 
[2025-08-30T18:41:07.536+0000] {subprocess.py:93} INFO - 27/100 QTUMUSDT lỗi: relation "cryptocurrency.qtumusdt" does not exist
[2025-08-30T18:41:07.536+0000] {subprocess.py:93} INFO - LINE 1: SELECT MAX(time) FROM cryptocurrency.qtumusdt;
[2025-08-30T18:41:07.537+0000] {subprocess.py:93} INFO -                               ^
[2025-08-30T18:41:07.537+0000] {subprocess.py:93} INFO - 
[2025-08-30T18:41:07.537+0000] {subprocess.py:93} INFO - ✅ AVAXUSDT: thêm 1 dòng mới
[2025-08-30T18:41:07.537+0000] {subprocess.py:93} INFO - 28/100 AVAXUSDT lưu OK
[2025-08-30T18:41:07.537+0000] {subprocess.py:93} INFO - ✅ UNIUSDT: thêm 1 dòng mới
[2025-08-30T18:41:07.538+0000] {subprocess.py:93} INFO - 29/100 UNIUSDT lưu OK
[2025-08-30T18:41:07.538+0000] {subprocess.py:93} INFO - ✅ HBARUSDT: thêm 1 dòng mới
[2025-08-30T18:41:07.538+0000] {subprocess.py:93} INFO - 30/100 HBARUSDT lưu OK
[2025-08-30T18:41:07.538+0000] {subprocess.py:93} INFO - 31/100 MITOUSDT lỗi: relation "cryptocurrency.mitousdt" does not exist
[2025-08-30T18:41:07.538+0000] {subprocess.py:93} INFO - LINE 1: SELECT MAX(time) FROM cryptocurrency.mitousdt;
[2025-08-30T18:41:07.539+0000] {subprocess.py:93} INFO -                               ^
[2025-08-30T18:41:07.539+0000] {subprocess.py:93} INFO - 
[2025-08-30T18:41:07.539+0000] {subprocess.py:93} INFO - 32/100 USD1USDT lỗi: relation "cryptocurrency.usd1usdt" does not exist
[2025-08-30T18:41:07.539+0000] {subprocess.py:93} INFO - LINE 1: SELECT MAX(time) FROM cryptocurrency.usd1usdt;
[2025-08-30T18:41:07.539+0000] {subprocess.py:93} INFO -                               ^
[2025-08-30T18:41:07.540+0000] {subprocess.py:93} INFO - 
[2025-08-30T18:41:07.540+0000] {subprocess.py:93} INFO - ✅ MAVUSDT: thêm 1 dòng mới
[2025-08-30T18:41:07.540+0000] {subprocess.py:93} INFO - ✅ WIFUSDT: thêm 1 dòng mới
[2025-08-30T18:41:07.540+0000] {subprocess.py:93} INFO - 33/100 MAVUSDT lưu OK
[2025-08-30T18:41:07.540+0000] {subprocess.py:93} INFO - 34/100 WIFUSDT lưu OK
[2025-08-30T18:41:07.541+0000] {subprocess.py:93} INFO - 35/100 WUSDT lỗi: relation "cryptocurrency.wusdt" does not exist
[2025-08-30T18:41:07.541+0000] {subprocess.py:93} INFO - LINE 1: SELECT MAX(time) FROM cryptocurrency.wusdt;
[2025-08-30T18:41:07.541+0000] {subprocess.py:93} INFO -                               ^
[2025-08-30T18:41:07.541+0000] {subprocess.py:93} INFO - 
[2025-08-30T18:41:07.541+0000] {subprocess.py:93} INFO - ✅ BCHUSDT: thêm 1 dòng mới
[2025-08-30T18:41:07.542+0000] {subprocess.py:93} INFO - 36/100 BCHUSDT lưu OK
[2025-08-30T18:41:07.542+0000] {subprocess.py:93} INFO - ✅ SEIUSDT: thêm 1 dòng mới
[2025-08-30T18:41:07.542+0000] {subprocess.py:93} INFO - 37/100 SEIUSDT lưu OK
[2025-08-30T18:41:07.542+0000] {subprocess.py:93} INFO - ✅ POLUSDT: thêm 1 dòng mới
[2025-08-30T18:41:07.542+0000] {subprocess.py:93} INFO - 38/100 POLUSDT lưu OK
[2025-08-30T18:41:07.543+0000] {subprocess.py:93} INFO - ✅ DOTUSDT: thêm 1 dòng mới
[2025-08-30T18:41:07.543+0000] {subprocess.py:93} INFO - 39/100 DOTUSDT lưu OK
[2025-08-30T18:41:07.543+0000] {subprocess.py:93} INFO - ✅ TONUSDT: thêm 1 dòng mới
[2025-08-30T18:41:07.543+0000] {subprocess.py:93} INFO - 40/100 TONUSDT lưu OK
[2025-08-30T18:41:07.543+0000] {subprocess.py:93} INFO - ✅ XLMUSDT: thêm 1 dòng mới
[2025-08-30T18:41:07.544+0000] {subprocess.py:93} INFO - 41/100 XLMUSDT lưu OK
[2025-08-30T18:41:07.544+0000] {subprocess.py:93} INFO - 42/100 HOOKUSDT lỗi: relation "cryptocurrency.hookusdt" does not exist
[2025-08-30T18:41:07.544+0000] {subprocess.py:93} INFO - LINE 1: SELECT MAX(time) FROM cryptocurrency.hookusdt;
[2025-08-30T18:41:07.544+0000] {subprocess.py:93} INFO -                               ^
[2025-08-30T18:41:07.545+0000] {subprocess.py:93} INFO - 
[2025-08-30T18:41:07.545+0000] {subprocess.py:93} INFO - ✅ RAYUSDT: thêm 1 dòng mới
[2025-08-30T18:41:07.545+0000] {subprocess.py:93} INFO - 43/100 RAYUSDT lưu OK
[2025-08-30T18:41:07.545+0000] {subprocess.py:93} INFO - ✅ SYRUPUSDT: thêm 1 dòng mới
[2025-08-30T18:41:07.545+0000] {subprocess.py:93} INFO - 44/100 SYRUPUSDT lưu OK
[2025-08-30T18:41:07.546+0000] {subprocess.py:93} INFO - 45/100 BBUSDT lỗi: relation "cryptocurrency.bbusdt" does not exist
[2025-08-30T18:41:07.546+0000] {subprocess.py:93} INFO - LINE 1: SELECT MAX(time) FROM cryptocurrency.bbusdt;
[2025-08-30T18:41:07.546+0000] {subprocess.py:93} INFO -                               ^
[2025-08-30T18:41:07.546+0000] {subprocess.py:93} INFO - 
[2025-08-30T18:41:07.546+0000] {subprocess.py:93} INFO - ✅ TRUMPUSDT: thêm 1 dòng mới
[2025-08-30T18:41:07.547+0000] {subprocess.py:93} INFO - 46/100 TRUMPUSDT lưu OK
[2025-08-30T18:41:07.547+0000] {subprocess.py:93} INFO - ✅ LDOUSDT: thêm 1 dòng mới
[2025-08-30T18:41:07.547+0000] {subprocess.py:93} INFO - 47/100 LDOUSDT lưu OK
[2025-08-30T18:41:07.547+0000] {subprocess.py:93} INFO - ✅ ONDOUSDT: thêm 1 dòng mới
[2025-08-30T18:41:07.547+0000] {subprocess.py:93} INFO - 48/100 ONDOUSDT lưu OK
[2025-08-30T18:41:07.548+0000] {subprocess.py:93} INFO - ✅ APTUSDT: thêm 1 dòng mới
[2025-08-30T18:41:07.548+0000] {subprocess.py:93} INFO - ✅ OPUSDT: thêm 1 dòng mới
[2025-08-30T18:41:07.548+0000] {subprocess.py:93} INFO - 49/100 APTUSDT lưu OK
[2025-08-30T18:41:07.548+0000] {subprocess.py:93} INFO - 50/100 OPUSDT lưu OK
[2025-08-30T18:41:07.548+0000] {subprocess.py:93} INFO - ✅ SPKUSDT: thêm 1 dòng mới
[2025-08-30T18:41:07.549+0000] {subprocess.py:93} INFO - 51/100 SPKUSDT lưu OK
[2025-08-30T18:41:07.549+0000] {subprocess.py:93} INFO - ✅ PENDLEUSDT: thêm 1 dòng mới
[2025-08-30T18:41:07.549+0000] {subprocess.py:93} INFO - 52/100 PENDLEUSDT lưu OK
[2025-08-30T18:41:07.549+0000] {subprocess.py:93} INFO - ✅ TOWNSUSDT: thêm 1 dòng mới
[2025-08-30T18:41:07.550+0000] {subprocess.py:93} INFO - 53/100 TOWNSUSDT lưu OK
[2025-08-30T18:41:07.550+0000] {subprocess.py:93} INFO - ✅ SUSDT: thêm 1 dòng mới
[2025-08-30T18:41:07.550+0000] {subprocess.py:93} INFO - 54/100 SUSDT lưu OK
[2025-08-30T18:41:07.550+0000] {subprocess.py:93} INFO - ✅ NEARUSDT: thêm 1 dòng mới
[2025-08-30T18:41:07.550+0000] {subprocess.py:93} INFO - ✅ BERAUSDT: thêm 1 dòng mới
[2025-08-30T18:41:07.551+0000] {subprocess.py:93} INFO - 55/100 NEARUSDT lưu OK
[2025-08-30T18:41:07.551+0000] {subprocess.py:93} INFO - 56/100 BERAUSDT lưu OK
[2025-08-30T18:41:07.551+0000] {subprocess.py:93} INFO - ✅ PNUTUSDT: thêm 1 dòng mới
[2025-08-30T18:41:07.551+0000] {subprocess.py:93} INFO - 57/100 PNUTUSDT lưu OK
[2025-08-30T18:41:07.552+0000] {subprocess.py:93} INFO - 58/100 MEMEUSDT lỗi: relation "cryptocurrency.memeusdt" does not exist
[2025-08-30T18:41:07.552+0000] {subprocess.py:93} INFO - LINE 1: SELECT MAX(time) FROM cryptocurrency.memeusdt;
[2025-08-30T18:41:07.552+0000] {subprocess.py:93} INFO -                               ^
[2025-08-30T18:41:07.552+0000] {subprocess.py:93} INFO - 
[2025-08-30T18:41:07.553+0000] {subprocess.py:93} INFO - 59/100 TREEUSDT lỗi: relation "cryptocurrency.treeusdt" does not exist
[2025-08-30T18:41:07.553+0000] {subprocess.py:93} INFO - LINE 1: SELECT MAX(time) FROM cryptocurrency.treeusdt;
[2025-08-30T18:41:07.553+0000] {subprocess.py:93} INFO -                               ^
[2025-08-30T18:41:07.553+0000] {subprocess.py:93} INFO - 
[2025-08-30T18:41:07.553+0000] {subprocess.py:93} INFO - ✅ TAOUSDT: thêm 1 dòng mới
[2025-08-30T18:41:07.554+0000] {subprocess.py:93} INFO - 60/100 TAOUSDT lưu OK
[2025-08-30T18:41:07.554+0000] {subprocess.py:93} INFO - ✅ ETHFIUSDT: thêm 1 dòng mới
[2025-08-30T18:41:07.554+0000] {subprocess.py:93} INFO - 61/100 NEOUSDT lỗi: relation "cryptocurrency.neousdt" does not exist
[2025-08-30T18:41:07.554+0000] {subprocess.py:93} INFO - LINE 1: SELECT MAX(time) FROM cryptocurrency.neousdt;
[2025-08-30T18:41:07.555+0000] {subprocess.py:93} INFO -                               ^
[2025-08-30T18:41:07.555+0000] {subprocess.py:93} INFO - 
[2025-08-30T18:41:07.555+0000] {subprocess.py:93} INFO - 62/100 ETHFIUSDT lưu OK
[2025-08-30T18:41:07.555+0000] {subprocess.py:93} INFO - 63/100 FORMUSDT lỗi: relation "cryptocurrency.formusdt" does not exist
[2025-08-30T18:41:07.556+0000] {subprocess.py:93} INFO - LINE 1: SELECT MAX(time) FROM cryptocurrency.formusdt;
[2025-08-30T18:41:07.556+0000] {subprocess.py:93} INFO -                               ^
[2025-08-30T18:41:07.556+0000] {subprocess.py:93} INFO - 
[2025-08-30T18:41:07.556+0000] {subprocess.py:93} INFO - 64/100 LPTUSDT lỗi: relation "cryptocurrency.lptusdt" does not exist
[2025-08-30T18:41:07.556+0000] {subprocess.py:93} INFO - LINE 1: SELECT MAX(time) FROM cryptocurrency.lptusdt;
[2025-08-30T18:41:07.557+0000] {subprocess.py:93} INFO -                               ^
[2025-08-30T18:41:07.557+0000] {subprocess.py:93} INFO - 
[2025-08-30T18:41:07.557+0000] {subprocess.py:93} INFO - ✅ OMUSDT: thêm 1 dòng mới
[2025-08-30T18:41:07.557+0000] {subprocess.py:93} INFO - 65/100 OMUSDT lưu OK
[2025-08-30T18:41:07.558+0000] {subprocess.py:93} INFO - ✅ FLOKIUSDT: thêm 1 dòng mới
[2025-08-30T18:41:07.558+0000] {subprocess.py:93} INFO - ✅ SHIBUSDT: thêm 1 dòng mới
[2025-08-30T18:41:07.558+0000] {subprocess.py:93} INFO - 66/100 FLOKIUSDT lưu OK
[2025-08-30T18:41:07.558+0000] {subprocess.py:93} INFO - 67/100 SHIBUSDT lưu OK
[2025-08-30T18:41:07.559+0000] {subprocess.py:93} INFO - ✅ NEIROUSDT: thêm 1 dòng mới
[2025-08-30T18:41:07.559+0000] {subprocess.py:93} INFO - 68/100 NEIROUSDT lưu OK
[2025-08-30T18:41:07.559+0000] {subprocess.py:93} INFO - ✅ WLDUSDT: thêm 1 dòng mới
[2025-08-30T18:41:07.559+0000] {subprocess.py:93} INFO - 69/100 WLDUSDT lưu OK
[2025-08-30T18:41:07.560+0000] {subprocess.py:93} INFO - ✅ TIAUSDT: thêm 1 dòng mới
[2025-08-30T18:41:07.560+0000] {subprocess.py:93} INFO - 70/100 TIAUSDT lưu OK
[2025-08-30T18:41:07.560+0000] {subprocess.py:93} INFO - 71/100 CUSDT lỗi: relation "cryptocurrency.cusdt" does not exist
[2025-08-30T18:41:07.560+0000] {subprocess.py:93} INFO - LINE 1: SELECT MAX(time) FROM cryptocurrency.cusdt;
[2025-08-30T18:41:07.561+0000] {subprocess.py:93} INFO -                               ^
[2025-08-30T18:41:07.561+0000] {subprocess.py:93} INFO - 
[2025-08-30T18:41:07.561+0000] {subprocess.py:93} INFO - ✅ OGNUSDT: thêm 1 dòng mới
[2025-08-30T18:41:07.561+0000] {subprocess.py:93} INFO - 72/100 OGNUSDT lưu OK
[2025-08-30T18:41:07.562+0000] {subprocess.py:93} INFO - ✅ MAGICUSDT: thêm 1 dòng mới
[2025-08-30T18:41:07.562+0000] {subprocess.py:93} INFO - 73/100 MAGICUSDT lưu OK
[2025-08-30T18:41:07.562+0000] {subprocess.py:93} INFO - 74/100 ONTUSDT lỗi: relation "cryptocurrency.ontusdt" does not exist
[2025-08-30T18:41:07.562+0000] {subprocess.py:93} INFO - LINE 1: SELECT MAX(time) FROM cryptocurrency.ontusdt;
[2025-08-30T18:41:07.563+0000] {subprocess.py:93} INFO -                               ^
[2025-08-30T18:41:07.563+0000] {subprocess.py:93} INFO - 
[2025-08-30T18:41:07.563+0000] {subprocess.py:93} INFO - ✅ FILUSDT: thêm 1 dòng mới
[2025-08-30T18:41:07.563+0000] {subprocess.py:93} INFO - 75/100 FILUSDT lưu OK
[2025-08-30T18:41:07.564+0000] {subprocess.py:93} INFO - 76/100 NMRUSDT lỗi: relation "cryptocurrency.nmrusdt" does not exist
[2025-08-30T18:41:07.564+0000] {subprocess.py:93} INFO - LINE 1: SELECT MAX(time) FROM cryptocurrency.nmrusdt;
[2025-08-30T18:41:07.564+0000] {subprocess.py:93} INFO -                               ^
[2025-08-30T18:41:07.564+0000] {subprocess.py:93} INFO - 
[2025-08-30T18:41:07.564+0000] {subprocess.py:93} INFO - 77/100 PAXGUSDT lỗi: relation "cryptocurrency.paxgusdt" does not exist
[2025-08-30T18:41:07.565+0000] {subprocess.py:93} INFO - LINE 1: SELECT MAX(time) FROM cryptocurrency.paxgusdt;
[2025-08-30T18:41:07.565+0000] {subprocess.py:93} INFO -                               ^
[2025-08-30T18:41:07.565+0000] {subprocess.py:93} INFO - 
[2025-08-30T18:41:07.565+0000] {subprocess.py:93} INFO - ✅ XUSDUSDT: thêm 1 dòng mới
[2025-08-30T18:41:07.566+0000] {subprocess.py:93} INFO - 78/100 XUSDUSDT lưu OK
[2025-08-30T18:41:07.566+0000] {subprocess.py:93} INFO - ✅ EURUSDT: thêm 1 dòng mới
[2025-08-30T18:41:07.566+0000] {subprocess.py:93} INFO - 79/100 EURUSDT lưu OK
[2025-08-30T18:41:07.566+0000] {subprocess.py:93} INFO - ✅ CRVUSDT: thêm 1 dòng mới
[2025-08-30T18:41:07.567+0000] {subprocess.py:93} INFO - 80/100 CATIUSDT lỗi: relation "cryptocurrency.catiusdt" does not exist
[2025-08-30T18:41:07.567+0000] {subprocess.py:93} INFO - LINE 1: SELECT MAX(time) FROM cryptocurrency.catiusdt;
[2025-08-30T18:41:07.567+0000] {subprocess.py:93} INFO -                               ^
[2025-08-30T18:41:07.567+0000] {subprocess.py:93} INFO - 
[2025-08-30T18:41:07.568+0000] {subprocess.py:93} INFO - 81/100 CRVUSDT lưu OK
[2025-08-30T18:41:08.414+0000] {subprocess.py:93} INFO - 82/100 CYBERUSDT lỗi: relation "cryptocurrency.cyberusdt" does not exist
[2025-08-30T18:41:08.415+0000] {subprocess.py:93} INFO - LINE 1: SELECT MAX(time) FROM cryptocurrency.cyberusdt;
[2025-08-30T18:41:08.415+0000] {subprocess.py:93} INFO -                               ^
[2025-08-30T18:41:08.415+0000] {subprocess.py:93} INFO - 
[2025-08-30T18:41:08.416+0000] {subprocess.py:93} INFO - ✅ INJUSDT: thêm 1 dòng mới
[2025-08-30T18:41:08.416+0000] {subprocess.py:93} INFO - 83/100 INJUSDT lưu OK
[2025-08-30T18:41:08.416+0000] {subprocess.py:93} INFO - ✅ PROVEUSDT: thêm 1 dòng mới
[2025-08-30T18:41:08.416+0000] {subprocess.py:93} INFO - 84/100 PROVEUSDT lưu OK
[2025-08-30T18:41:08.417+0000] {subprocess.py:93} INFO - ✅ BFUSDUSDT: thêm 1 dòng mới
[2025-08-30T18:41:08.417+0000] {subprocess.py:93} INFO - 85/100 BFUSDUSDT lưu OK
[2025-08-30T18:41:08.417+0000] {subprocess.py:93} INFO - ✅ VIRTUALUSDT: thêm 1 dòng mới
[2025-08-30T18:41:08.417+0000] {subprocess.py:93} INFO - 86/100 VIRTUALUSDT lưu OK
[2025-08-30T18:41:08.418+0000] {subprocess.py:93} INFO - 87/100 NTRNUSDT lỗi: relation "cryptocurrency.ntrnusdt" does not exist
[2025-08-30T18:41:08.418+0000] {subprocess.py:93} INFO - LINE 1: SELECT MAX(time) FROM cryptocurrency.ntrnusdt;
[2025-08-30T18:41:08.418+0000] {subprocess.py:93} INFO -                               ^
[2025-08-30T18:41:08.418+0000] {subprocess.py:93} INFO - 
[2025-08-30T18:41:08.419+0000] {subprocess.py:93} INFO - 88/100 JUPUSDT lỗi: relation "cryptocurrency.jupusdt" does not exist
[2025-08-30T18:41:08.419+0000] {subprocess.py:93} INFO - LINE 1: SELECT MAX(time) FROM cryptocurrency.jupusdt;
[2025-08-30T18:41:08.419+0000] {subprocess.py:93} INFO -                               ^
[2025-08-30T18:41:08.419+0000] {subprocess.py:93} INFO - 
[2025-08-30T18:41:08.420+0000] {subprocess.py:93} INFO - 89/100 KAITOUSDT lỗi: relation "cryptocurrency.kaitousdt" does not exist
[2025-08-30T18:41:08.420+0000] {subprocess.py:93} INFO - LINE 1: SELECT MAX(time) FROM cryptocurrency.kaitousdt;
[2025-08-30T18:41:08.420+0000] {subprocess.py:93} INFO -                               ^
[2025-08-30T18:41:08.421+0000] {subprocess.py:93} INFO - 
[2025-08-30T18:41:08.421+0000] {subprocess.py:93} INFO - ✅ RENDERUSDT: thêm 1 dòng mới
[2025-08-30T18:41:08.421+0000] {subprocess.py:93} INFO - 90/100 RENDERUSDT lưu OK
[2025-08-30T18:41:08.422+0000] {subprocess.py:93} INFO - ✅ ICPUSDT: thêm 1 dòng mới
[2025-08-30T18:41:08.422+0000] {subprocess.py:93} INFO - 91/100 ICPUSDT lưu OK
[2025-08-30T18:41:08.422+0000] {subprocess.py:93} INFO - 92/100 CITYUSDT lỗi: relation "cryptocurrency.cityusdt" does not exist
[2025-08-30T18:41:08.422+0000] {subprocess.py:93} INFO - LINE 1: SELECT MAX(time) FROM cryptocurrency.cityusdt;
[2025-08-30T18:41:08.423+0000] {subprocess.py:93} INFO -                               ^
[2025-08-30T18:41:08.423+0000] {subprocess.py:93} INFO - 
[2025-08-30T18:41:08.423+0000] {subprocess.py:93} INFO - ✅ ETCUSDT: thêm 1 dòng mới
[2025-08-30T18:41:08.423+0000] {subprocess.py:93} INFO - 93/100 ETCUSDT lưu OK
[2025-08-30T18:41:08.424+0000] {subprocess.py:93} INFO - ✅ ORDIUSDT: thêm 1 dòng mới
[2025-08-30T18:41:08.424+0000] {subprocess.py:93} INFO - 94/100 ORDIUSDT lưu OK
[2025-08-30T18:41:08.424+0000] {subprocess.py:93} INFO - 95/100 AIUSDT lỗi: relation "cryptocurrency.aiusdt" does not exist
[2025-08-30T18:41:08.424+0000] {subprocess.py:93} INFO - LINE 1: SELECT MAX(time) FROM cryptocurrency.aiusdt;
[2025-08-30T18:41:08.425+0000] {subprocess.py:93} INFO -                               ^
[2025-08-30T18:41:08.425+0000] {subprocess.py:93} INFO - 
[2025-08-30T18:41:08.425+0000] {subprocess.py:93} INFO - ✅ GALAUSDT: thêm 1 dòng mới
[2025-08-30T18:41:08.425+0000] {subprocess.py:93} INFO - 96/100 GALAUSDT lưu OK
[2025-08-30T18:41:08.426+0000] {subprocess.py:93} INFO - ✅ A2ZUSDT: thêm 1 dòng mới
[2025-08-30T18:41:08.426+0000] {subprocess.py:93} INFO - 97/100 A2ZUSDT lưu OK
[2025-08-30T18:41:08.426+0000] {subprocess.py:93} INFO - ✅ ALGOUSDT: thêm 1 dòng mới
[2025-08-30T18:41:08.426+0000] {subprocess.py:93} INFO - 98/100 ALGOUSDT lưu OK
[2025-08-30T18:41:08.427+0000] {subprocess.py:93} INFO - ✅ CAKEUSDT: thêm 1 dòng mới
[2025-08-30T18:41:08.427+0000] {subprocess.py:93} INFO - 99/100 CAKEUSDT lưu OK
[2025-08-30T18:41:08.427+0000] {subprocess.py:93} INFO - 100/100 ATOMUSDT lỗi: relation "cryptocurrency.atomusdt" does not exist
[2025-08-30T18:41:08.427+0000] {subprocess.py:93} INFO - LINE 1: SELECT MAX(time) FROM cryptocurrency.atomusdt;
[2025-08-30T18:41:08.428+0000] {subprocess.py:93} INFO -                               ^
[2025-08-30T18:41:08.428+0000] {subprocess.py:93} INFO - 
[2025-08-30T18:41:08.537+0000] {subprocess.py:97} INFO - Command exited with return code 0
[2025-08-30T18:41:08.539+0000] {taskinstance.py:441} INFO - ::group::Post task execution logs
[2025-08-30T18:41:08.568+0000] {taskinstance.py:1206} INFO - Marking task as SUCCESS. dag_id=crypto_collector_dag, task_id=run_crypto_collector, run_id=scheduled__2025-08-30T18:40:00+00:00, execution_date=20250830T184000, start_date=20250830T184101, end_date=20250830T184108
[2025-08-30T18:41:08.617+0000] {local_task_job_runner.py:240} INFO - Task exited with return code 0
[2025-08-30T18:41:08.642+0000] {taskinstance.py:3498} INFO - 0 downstream tasks scheduled from follow-on schedule check
[2025-08-30T18:41:08.643+0000] {local_task_job_runner.py:222} INFO - ::endgroup::
