[2025-09-01T04:41:01.922+0000] {local_task_job_runner.py:120} INFO - ::group::Pre task execution logs
[2025-09-01T04:41:01.997+0000] {taskinstance.py:2076} INFO - Dependencies all met for dep_context=non-requeueable deps ti=<TaskInstance: update_stock_history.run_get_py scheduled__2025-09-01T04:40:00+00:00 [queued]>
[2025-09-01T04:41:02.023+0000] {taskinstance.py:2076} INFO - Dependencies all met for dep_context=requeueable deps ti=<TaskInstance: update_stock_history.run_get_py scheduled__2025-09-01T04:40:00+00:00 [queued]>
[2025-09-01T04:41:02.024+0000] {taskinstance.py:2306} INFO - Starting attempt 1 of 2
[2025-09-01T04:41:02.057+0000] {taskinstance.py:2330} INFO - Executing <Task(BashOperator): run_get_py> on 2025-09-01 04:40:00+00:00
[2025-09-01T04:41:02.080+0000] {standard_task_runner.py:90} INFO - Running: ['***', 'tasks', 'run', 'update_stock_history', 'run_get_py', 'scheduled__2025-09-01T04:40:00+00:00', '--job-id', '38097', '--raw', '--subdir', 'DAGS_FOLDER/crawlchart/dags.py', '--cfg-path', '/tmp/tmpexbsl9o7']
[2025-09-01T04:41:02.077+0000] {standard_task_runner.py:63} INFO - Started process 2247242 to run task
[2025-09-01T04:41:02.082+0000] {standard_task_runner.py:91} INFO - Job 38097: Subtask run_get_py
[2025-09-01T04:41:02.265+0000] {task_command.py:426} INFO - Running <TaskInstance: update_stock_history.run_get_py scheduled__2025-09-01T04:40:00+00:00 [running]> on host 1877907bc043
[2025-09-01T04:41:02.556+0000] {taskinstance.py:2648} INFO - Exporting env vars: AIRFLOW_CTX_DAG_OWNER='***' AIRFLOW_CTX_DAG_ID='update_stock_history' AIRFLOW_CTX_TASK_ID='run_get_py' AIRFLOW_CTX_EXECUTION_DATE='2025-09-01T04:40:00+00:00' AIRFLOW_CTX_TRY_NUMBER='1' AIRFLOW_CTX_DAG_RUN_ID='scheduled__2025-09-01T04:40:00+00:00'
[2025-09-01T04:41:02.558+0000] {taskinstance.py:430} INFO - ::endgroup::
[2025-09-01T04:41:02.607+0000] {subprocess.py:63} INFO - Tmp dir root location: /tmp
[2025-09-01T04:41:02.609+0000] {subprocess.py:75} INFO - Running command: ['/usr/bin/bash', '-c', 'python3 /opt/***/dags/crawlchart/get.py']
[2025-09-01T04:41:02.647+0000] {subprocess.py:86} INFO - Output:
[2025-09-01T04:42:17.636+0000] {subprocess.py:93} INFO - 🚀 Bắt đầu cập nhật dữ liệu...
[2025-09-01T04:42:17.636+0000] {subprocess.py:93} INFO - 
[2025-09-01T04:42:17.636+0000] {subprocess.py:93} INFO - 📋 Kết quả cập nhật:
[2025-09-01T04:42:17.637+0000] {subprocess.py:93} INFO - ⚠️ Không có dữ liệu cho UPCOM Small Index
[2025-09-01T04:42:17.637+0000] {subprocess.py:93} INFO - ✅ Đã lưu VNDIAMOND vào bảng VNDIAMOND
[2025-09-01T04:42:17.637+0000] {subprocess.py:93} INFO - ✅ Đã lưu VNFINLEAD vào bảng VNFINLEAD
[2025-09-01T04:42:17.638+0000] {subprocess.py:93} INFO - ✅ Đã lưu VNFINSELECT vào bảng VNFINSELECT
[2025-09-01T04:42:17.638+0000] {subprocess.py:93} INFO - ✅ Đã lưu HNXUpcomIndex vào bảng UpcomIndex
[2025-09-01T04:42:17.638+0000] {subprocess.py:93} INFO - ✅ Đã lưu HNX Large Cap Index vào bảng HNX Large Cap Index
[2025-09-01T04:42:17.638+0000] {subprocess.py:93} INFO - ✅ Đã lưu HNX Financials Index vào bảng HNX Financials Index
[2025-09-01T04:42:17.639+0000] {subprocess.py:93} INFO - ✅ Đã lưu VN100 vào bảng VN100
[2025-09-01T04:42:17.639+0000] {subprocess.py:93} INFO - ✅ Đã lưu HNX Manufacturing Index vào bảng HNX Manufacturing Index
[2025-09-01T04:42:17.639+0000] {subprocess.py:93} INFO - ✅ Đã lưu HNX Construction Index vào bảng HNX Construction Index
[2025-09-01T04:42:17.639+0000] {subprocess.py:93} INFO - ✅ Đã lưu VNFIN vào bảng VNFIN
[2025-09-01T04:42:17.640+0000] {subprocess.py:93} INFO - ✅ Đã lưu VNALLSHARE vào bảng VNALLSHARE
[2025-09-01T04:42:17.640+0000] {subprocess.py:93} INFO - ✅ Đã lưu VNENE vào bảng VNENE
[2025-09-01T04:42:17.640+0000] {subprocess.py:93} INFO - ✅ Đã lưu VNCONS vào bảng VNCONS
[2025-09-01T04:42:17.640+0000] {subprocess.py:93} INFO - ✅ Đã lưu HNX Mid/Small Cap Index vào bảng HNX Mid/Small Cap Index
[2025-09-01T04:42:17.640+0000] {subprocess.py:93} INFO - ✅ Đã lưu VNCOND vào bảng VNCOND
[2025-09-01T04:42:17.641+0000] {subprocess.py:93} INFO - ✅ Đã lưu VN30 vào bảng VN30
[2025-09-01T04:42:17.641+0000] {subprocess.py:93} INFO - ✅ Đã lưu UPCOM Large Index vào bảng UPCOM Large Index
[2025-09-01T04:42:17.641+0000] {subprocess.py:93} INFO - ✅ Đã lưu HNX30 vào bảng HNX30
[2025-09-01T04:42:17.641+0000] {subprocess.py:93} INFO - ✅ Đã lưu HNXIndex vào bảng HNXIndex
[2025-09-01T04:42:17.642+0000] {subprocess.py:93} INFO - ✅ Đã lưu UPCOM Medium Index vào bảng UPCOM Medium Index
[2025-09-01T04:42:17.642+0000] {subprocess.py:93} INFO - ✅ Đã lưu VNHEAL vào bảng VNHEAL
[2025-09-01T04:42:17.642+0000] {subprocess.py:93} INFO - ✅ Đã lưu VNIND vào bảng VNIND
[2025-09-01T04:42:17.642+0000] {subprocess.py:93} INFO - ✅ Đã lưu VNINDEX vào bảng VNINDEX
[2025-09-01T04:42:17.642+0000] {subprocess.py:93} INFO - ✅ Đã lưu VNX50 vào bảng VNX50
[2025-09-01T04:42:17.643+0000] {subprocess.py:93} INFO - ✅ Đã lưu VNIT vào bảng VNIT
[2025-09-01T04:42:17.643+0000] {subprocess.py:93} INFO - ✅ Đã lưu VNMAT vào bảng VNMAT
[2025-09-01T04:42:17.643+0000] {subprocess.py:93} INFO - ✅ Đã lưu VNREAL vào bảng VNREAL
[2025-09-01T04:42:17.643+0000] {subprocess.py:93} INFO - ✅ Đã lưu VNSMALLCAP vào bảng VNSMALLCAP
[2025-09-01T04:42:17.644+0000] {subprocess.py:93} INFO - ✅ Đã lưu VNUTI vào bảng VNUTI
[2025-09-01T04:42:17.644+0000] {subprocess.py:93} INFO - ✅ Đã lưu VNMIDCAP vào bảng VNMIDCAP
[2025-09-01T04:42:17.644+0000] {subprocess.py:93} INFO - ✅ Đã lưu VNSI vào bảng VNSI
[2025-09-01T04:42:17.644+0000] {subprocess.py:93} INFO - ✅ Đã hoàn tất cập nhật dữ liệu vào cơ sở dữ liệu.
[2025-09-01T04:42:17.793+0000] {subprocess.py:97} INFO - Command exited with return code 0
[2025-09-01T04:42:17.794+0000] {taskinstance.py:441} INFO - ::group::Post task execution logs
[2025-09-01T04:42:17.819+0000] {taskinstance.py:1206} INFO - Marking task as SUCCESS. dag_id=update_stock_history, task_id=run_get_py, run_id=scheduled__2025-09-01T04:40:00+00:00, execution_date=20250901T044000, start_date=20250901T044101, end_date=20250901T044217
[2025-09-01T04:42:17.875+0000] {local_task_job_runner.py:240} INFO - Task exited with return code 0
[2025-09-01T04:42:17.899+0000] {taskinstance.py:3498} INFO - 0 downstream tasks scheduled from follow-on schedule check
[2025-09-01T04:42:17.900+0000] {local_task_job_runner.py:222} INFO - ::endgroup::
