[2025-09-01T10:26:33.198+0000] {local_task_job_runner.py:120} INFO - ::group::Pre task execution logs
[2025-09-01T10:26:33.224+0000] {taskinstance.py:2076} INFO - Dependencies all met for dep_context=non-requeueable deps ti=<TaskInstance: market_table_foreign.activity_UPCOM scheduled__2025-08-31T17:29:00+00:00 [queued]>
[2025-09-01T10:26:33.233+0000] {taskinstance.py:2076} INFO - Dependencies all met for dep_context=requeueable deps ti=<TaskInstance: market_table_foreign.activity_UPCOM scheduled__2025-08-31T17:29:00+00:00 [queued]>
[2025-09-01T10:26:33.234+0000] {taskinstance.py:2306} INFO - Starting attempt 1 of 11
[2025-09-01T10:26:33.247+0000] {taskinstance.py:2330} INFO - Executing <Task(PythonOperator): activity_UPCOM> on 2025-08-31 17:29:00+00:00
[2025-09-01T10:26:33.255+0000] {standard_task_runner.py:63} INFO - Started process 2318457 to run task
[2025-09-01T10:26:33.259+0000] {standard_task_runner.py:90} INFO - Running: ['***', 'tasks', 'run', 'market_table_foreign', 'activity_UPCOM', 'scheduled__2025-08-31T17:29:00+00:00', '--job-id', '42285', '--raw', '--subdir', 'DAGS_FOLDER/dag_market_live.py', '--cfg-path', '/tmp/tmpv9vowv1q']
[2025-09-01T10:26:33.263+0000] {standard_task_runner.py:91} INFO - Job 42285: Subtask activity_UPCOM
[2025-09-01T10:26:33.320+0000] {task_command.py:426} INFO - Running <TaskInstance: market_table_foreign.activity_UPCOM scheduled__2025-08-31T17:29:00+00:00 [running]> on host 1877907bc043
[2025-09-01T10:26:33.420+0000] {taskinstance.py:2648} INFO - Exporting env vars: AIRFLOW_CTX_DAG_OWNER='***' AIRFLOW_CTX_DAG_ID='market_table_foreign' AIRFLOW_CTX_TASK_ID='activity_UPCOM' AIRFLOW_CTX_EXECUTION_DATE='2025-08-31T17:29:00+00:00' AIRFLOW_CTX_TRY_NUMBER='1' AIRFLOW_CTX_DAG_RUN_ID='scheduled__2025-08-31T17:29:00+00:00'
[2025-09-01T10:26:33.421+0000] {taskinstance.py:430} INFO - ::endgroup::
[2025-09-01T10:26:33.439+0000] {activity_UPCOM.py:17} INFO - Kết nối DB
[2025-09-01T10:26:33.720+0000] {activity_UPCOM.py:55} ERROR - Lỗi lưu activity_UPCOM
Traceback (most recent call last):
  File "/opt/airflow/dags/utils/market_data/activity_UPCOM.py", line 35, in activity_UPCOM
    point=float(dfindex.loc[dfindex['symbol']=='UpcomIndex','point'].values[0])
IndexError: index 0 is out of bounds for axis 0 with size 0
[2025-09-01T10:26:33.722+0000] {python.py:237} INFO - Done. Returned value was: None
[2025-09-01T10:26:33.724+0000] {taskinstance.py:441} INFO - ::group::Post task execution logs
[2025-09-01T10:26:33.740+0000] {taskinstance.py:1206} INFO - Marking task as SUCCESS. dag_id=market_table_foreign, task_id=activity_UPCOM, run_id=scheduled__2025-08-31T17:29:00+00:00, execution_date=20250831T172900, start_date=20250901T102633, end_date=20250901T102633
[2025-09-01T10:26:33.792+0000] {local_task_job_runner.py:240} INFO - Task exited with return code 0
[2025-09-01T10:26:33.823+0000] {taskinstance.py:3498} INFO - 0 downstream tasks scheduled from follow-on schedule check
[2025-09-01T10:26:33.824+0000] {local_task_job_runner.py:222} INFO - ::endgroup::
[2025-09-01T10:27:42.149+0000] {local_task_job_runner.py:120} INFO - ::group::Pre task execution logs
[2025-09-01T10:27:42.175+0000] {taskinstance.py:2076} INFO - Dependencies all met for dep_context=non-requeueable deps ti=<TaskInstance: market_table_foreign.activity_UPCOM scheduled__2025-08-31T17:29:00+00:00 [queued]>
[2025-09-01T10:27:42.184+0000] {taskinstance.py:2076} INFO - Dependencies all met for dep_context=requeueable deps ti=<TaskInstance: market_table_foreign.activity_UPCOM scheduled__2025-08-31T17:29:00+00:00 [queued]>
[2025-09-01T10:27:42.184+0000] {taskinstance.py:2306} INFO - Starting attempt 1 of 11
[2025-09-01T10:27:42.197+0000] {taskinstance.py:2330} INFO - Executing <Task(PythonOperator): activity_UPCOM> on 2025-08-31 17:29:00+00:00
[2025-09-01T10:27:42.206+0000] {standard_task_runner.py:63} INFO - Started process 2319273 to run task
[2025-09-01T10:27:42.210+0000] {standard_task_runner.py:90} INFO - Running: ['***', 'tasks', 'run', 'market_table_foreign', 'activity_UPCOM', 'scheduled__2025-08-31T17:29:00+00:00', '--job-id', '42527', '--raw', '--subdir', 'DAGS_FOLDER/dag_market_live.py', '--cfg-path', '/tmp/tmpsy6pr4xh']
[2025-09-01T10:27:42.213+0000] {standard_task_runner.py:91} INFO - Job 42527: Subtask activity_UPCOM
[2025-09-01T10:27:42.266+0000] {task_command.py:426} INFO - Running <TaskInstance: market_table_foreign.activity_UPCOM scheduled__2025-08-31T17:29:00+00:00 [running]> on host 1877907bc043
[2025-09-01T10:27:42.364+0000] {taskinstance.py:2648} INFO - Exporting env vars: AIRFLOW_CTX_DAG_OWNER='***' AIRFLOW_CTX_DAG_ID='market_table_foreign' AIRFLOW_CTX_TASK_ID='activity_UPCOM' AIRFLOW_CTX_EXECUTION_DATE='2025-08-31T17:29:00+00:00' AIRFLOW_CTX_TRY_NUMBER='1' AIRFLOW_CTX_DAG_RUN_ID='scheduled__2025-08-31T17:29:00+00:00'
[2025-09-01T10:27:42.365+0000] {taskinstance.py:430} INFO - ::endgroup::
[2025-09-01T10:27:42.381+0000] {activity_UPCOM.py:17} INFO - Kết nối DB
[2025-09-01T10:27:42.640+0000] {activity_UPCOM.py:55} ERROR - Lỗi lưu activity_UPCOM
Traceback (most recent call last):
  File "/opt/airflow/dags/utils/market_data/activity_UPCOM.py", line 35, in activity_UPCOM
    point=float(dfindex.loc[dfindex['symbol']=='UpcomIndex','point'].values[0])
IndexError: index 0 is out of bounds for axis 0 with size 0
[2025-09-01T10:27:42.641+0000] {python.py:237} INFO - Done. Returned value was: None
[2025-09-01T10:27:42.643+0000] {taskinstance.py:441} INFO - ::group::Post task execution logs
[2025-09-01T10:27:42.656+0000] {taskinstance.py:1206} INFO - Marking task as SUCCESS. dag_id=market_table_foreign, task_id=activity_UPCOM, run_id=scheduled__2025-08-31T17:29:00+00:00, execution_date=20250831T172900, start_date=20250901T102742, end_date=20250901T102742
[2025-09-01T10:27:42.702+0000] {local_task_job_runner.py:240} INFO - Task exited with return code 0
[2025-09-01T10:27:42.721+0000] {taskinstance.py:3498} INFO - 0 downstream tasks scheduled from follow-on schedule check
[2025-09-01T10:27:42.721+0000] {local_task_job_runner.py:222} INFO - ::endgroup::
