[2025-09-03T15:09:04.983+0000] {local_task_job_runner.py:120} INFO - ::group::Pre task execution logs
[2025-09-03T15:09:05.019+0000] {taskinstance.py:2076} INFO - Dependencies all met for dep_context=non-requeueable deps ti=<TaskInstance: foreign_1_live.save_foreign_1 scheduled__2025-09-03T13:42:00+00:00 [queued]>
[2025-09-03T15:09:05.039+0000] {taskinstance.py:2076} INFO - Dependencies all met for dep_context=requeueable deps ti=<TaskInstance: foreign_1_live.save_foreign_1 scheduled__2025-09-03T13:42:00+00:00 [queued]>
[2025-09-03T15:09:05.039+0000] {taskinstance.py:2306} INFO - Starting attempt 1 of 11
[2025-09-03T15:09:05.058+0000] {taskinstance.py:2330} INFO - Executing <Task(PythonOperator): save_foreign_1> on 2025-09-03 13:42:00+00:00
[2025-09-03T15:09:05.068+0000] {standard_task_runner.py:63} INFO - Started process 2778627 to run task
[2025-09-03T15:09:05.072+0000] {standard_task_runner.py:90} INFO - Running: ['***', 'tasks', 'run', 'foreign_1_live', 'save_foreign_1', 'scheduled__2025-09-03T13:42:00+00:00', '--job-id', '78710', '--raw', '--subdir', 'DAGS_FOLDER/dag_foreign_1_live.py', '--cfg-path', '/tmp/tmp7rl0fol2']
[2025-09-03T15:09:05.075+0000] {standard_task_runner.py:91} INFO - Job 78710: Subtask save_foreign_1
[2025-09-03T15:09:05.134+0000] {task_command.py:426} INFO - Running <TaskInstance: foreign_1_live.save_foreign_1 scheduled__2025-09-03T13:42:00+00:00 [running]> on host 1877907bc043
[2025-09-03T15:09:05.244+0000] {taskinstance.py:2648} INFO - Exporting env vars: AIRFLOW_CTX_DAG_OWNER='***' AIRFLOW_CTX_DAG_ID='foreign_1_live' AIRFLOW_CTX_TASK_ID='save_foreign_1' AIRFLOW_CTX_EXECUTION_DATE='2025-09-03T13:42:00+00:00' AIRFLOW_CTX_TRY_NUMBER='1' AIRFLOW_CTX_DAG_RUN_ID='scheduled__2025-09-03T13:42:00+00:00'
[2025-09-03T15:09:05.245+0000] {taskinstance.py:430} INFO - ::endgroup::
[2025-09-03T15:09:05.259+0000] {foreign_1.py:18} INFO - Kết nối DB
[2025-09-03T15:09:05.779+0000] {foreign_1.py:28} INFO - Đã lưu foreign_ALL
[2025-09-03T15:09:05.780+0000] {foreign_1.py:18} INFO - Kết nối DB
[2025-09-03T15:09:06.248+0000] {foreign_1.py:28} INFO - Đã lưu foreign_HOSE
[2025-09-03T15:09:06.252+0000] {foreign_1.py:18} INFO - Kết nối DB
[2025-09-03T15:09:06.774+0000] {foreign_1.py:28} INFO - Đã lưu foreign_HNX
[2025-09-03T15:09:06.776+0000] {foreign_1.py:18} INFO - Kết nối DB
[2025-09-03T15:09:07.297+0000] {foreign_1.py:28} INFO - Đã lưu foreign_UPCOM
[2025-09-03T15:09:07.297+0000] {python.py:237} INFO - Done. Returned value was: None
[2025-09-03T15:09:07.298+0000] {taskinstance.py:441} INFO - ::group::Post task execution logs
[2025-09-03T15:09:07.312+0000] {taskinstance.py:1206} INFO - Marking task as SUCCESS. dag_id=foreign_1_live, task_id=save_foreign_1, run_id=scheduled__2025-09-03T13:42:00+00:00, execution_date=20250903T134200, start_date=20250903T150905, end_date=20250903T150907
[2025-09-03T15:09:07.371+0000] {local_task_job_runner.py:240} INFO - Task exited with return code 0
[2025-09-03T15:09:07.385+0000] {local_task_job_runner.py:222} INFO - ::endgroup::
