[2025-08-17T12:52:13.444+0000] {local_task_job_runner.py:120} INFO - ::group::Pre task execution logs
[2025-08-17T12:52:13.471+0000] {taskinstance.py:2076} INFO - Dependencies all met for dep_context=non-requeueable deps ti=<TaskInstance: crypto_collector_dag.run_crypto_collector scheduled__2025-08-17T12:49:00+00:00 [queued]>
[2025-08-17T12:52:13.480+0000] {taskinstance.py:2076} INFO - Dependencies all met for dep_context=requeueable deps ti=<TaskInstance: crypto_collector_dag.run_crypto_collector scheduled__2025-08-17T12:49:00+00:00 [queued]>
[2025-08-17T12:52:13.481+0000] {taskinstance.py:2306} INFO - Starting attempt 2 of 2
[2025-08-17T12:52:13.494+0000] {taskinstance.py:2330} INFO - Executing <Task(BashOperator): run_crypto_collector> on 2025-08-17 12:49:00+00:00
[2025-08-17T12:52:13.501+0000] {standard_task_runner.py:63} INFO - Started process 54658 to run task
[2025-08-17T12:52:13.505+0000] {standard_task_runner.py:90} INFO - Running: ['***', 'tasks', 'run', 'crypto_collector_dag', 'run_crypto_collector', 'scheduled__2025-08-17T12:49:00+00:00', '--job-id', '7463', '--raw', '--subdir', 'DAGS_FOLDER/crawl_crypto/dags_crypto.py', '--cfg-path', '/tmp/tmp9ytpukap']
[2025-08-17T12:52:13.507+0000] {standard_task_runner.py:91} INFO - Job 7463: Subtask run_crypto_collector
[2025-08-17T12:52:13.570+0000] {task_command.py:426} INFO - Running <TaskInstance: crypto_collector_dag.run_crypto_collector scheduled__2025-08-17T12:49:00+00:00 [running]> on host 1877907bc043
[2025-08-17T12:52:13.674+0000] {taskinstance.py:2648} INFO - Exporting env vars: AIRFLOW_CTX_DAG_OWNER='***' AIRFLOW_CTX_DAG_ID='crypto_collector_dag' AIRFLOW_CTX_TASK_ID='run_crypto_collector' AIRFLOW_CTX_EXECUTION_DATE='2025-08-17T12:49:00+00:00' AIRFLOW_CTX_TRY_NUMBER='2' AIRFLOW_CTX_DAG_RUN_ID='scheduled__2025-08-17T12:49:00+00:00'
[2025-08-17T12:52:13.675+0000] {taskinstance.py:430} INFO - ::endgroup::
[2025-08-17T12:52:13.690+0000] {subprocess.py:63} INFO - Tmp dir root location: /tmp
[2025-08-17T12:52:13.691+0000] {subprocess.py:75} INFO - Running command: ['/usr/bin/bash', '-c', 'python3 /opt/***/dags/crawl_crypto/crawl_data_crypto.py']
[2025-08-17T12:52:13.703+0000] {subprocess.py:86} INFO - Output:
[2025-08-17T12:53:08.480+0000] {subprocess.py:93} INFO - 🔹 Kết nối DB...
[2025-08-17T12:53:08.481+0000] {subprocess.py:93} INFO - 🔹 Lấy top 100 crypto...
[2025-08-17T12:53:08.481+0000] {subprocess.py:93} INFO - Top 100: ['ETHUSDT', 'USDCUSDT', 'BTCUSDT', 'SOLUSDT', 'ADAUSDT', 'DOGEUSDT', 'LINKUSDT', 'FDUSDUSDT', 'XRPUSDT', 'TRXUSDT', 'PROVEUSDT', 'BNBUSDT', 'ENAUSDT', 'SUIUSDT', 'ARBUSDT', 'CTSIUSDT', 'PEPEUSDT', 'LTCUSDT', 'UNIUSDT', 'AVAXUSDT', 'SEIUSDT', 'TRUMPUSDT', 'TSTUSDT', 'PENGUUSDT', 'ALPINEUSDT', 'SKLUSDT', 'SUSDT', 'ASRUSDT', 'BFUSDUSDT', 'AAVEUSDT', 'HBARUSDT', 'CYBERUSDT', 'PONDUSDT', 'LDOUSDT', 'EPICUSDT', 'WLDUSDT', 'NEARUSDT', 'OGUSDT', 'CRVUSDT', 'CHRUSDT', 'BONKUSDT', 'MAVUSDT', 'TOWNSUSDT', 'WIFUSDT', 'APTUSDT', 'OPUSDT', 'OGNUSDT', 'XLMUSDT', 'DOTUSDT', 'RAYUSDT', 'BERAUSDT', 'LPTUSDT', 'API3USDT', 'FLOKIUSDT', 'INJUSDT', 'MOVRUSDT', 'TONUSDT', 'ONDOUSDT', 'GALAUSDT', 'BCHUSDT', 'EIGENUSDT', 'PENDLEUSDT', 'ETHFIUSDT', 'CELRUSDT', 'TAOUSDT', 'TIAUSDT', 'PORTOUSDT', 'NMRUSDT', 'BANDUSDT', 'NEIROUSDT', 'BATUSDT', 'BBUSDT', 'XUSDUSDT', 'VIRTUALUSDT', 'BIOUSDT', 'FILUSDT', 'RENDERUSDT', 'ALGOUSDT', 'CAKEUSDT', 'FETUSDT', 'POLUSDT', 'ETCUSDT', 'STRKUSDT', 'SPKUSDT', 'ZKUSDT', 'ICPUSDT', 'SYRUPUSDT', 'LRCUSDT', 'LAUSDT', 'ERAUSDT', 'SHIBUSDT', 'PNUTUSDT', 'HOTUSDT', 'EURUSDT', 'MKRUSDT', 'ENSUSDT', 'TREEUSDT', 'VETUSDT', 'CFXUSDT', 'ARKMUSDT']
[2025-08-17T12:53:08.481+0000] {subprocess.py:93} INFO - 🔹 Lưu lịch sử giá vào DB bằng threading...
[2025-08-17T12:53:08.482+0000] {subprocess.py:93} INFO - ⚠️ BTCUSDT lỗi lần 1/3: HTTPSConnectionPool(host='api.binance.com', port=443): Max retries exceeded with url: /api/v3/klines?symbol=BTCUSDT&interval=1m&limit=100 (Caused by ConnectTimeoutError(<urllib3.connection.HTTPSConnection object at 0x7f94fdb7e2f0>, 'Connection to api.binance.com timed out. (connect timeout=15)'))
[2025-08-17T12:53:08.482+0000] {subprocess.py:93} INFO - ⚠️ USDCUSDT lỗi lần 1/3: HTTPSConnectionPool(host='api.binance.com', port=443): Max retries exceeded with url: /api/v3/klines?symbol=USDCUSDT&interval=1m&limit=100 (Caused by ConnectTimeoutError(<urllib3.connection.HTTPSConnection object at 0x7f94fdb7de40>, 'Connection to api.binance.com timed out. (connect timeout=15)'))
[2025-08-17T12:53:08.482+0000] {subprocess.py:93} INFO - ⚠️ ADAUSDT lỗi lần 1/3: HTTPSConnectionPool(host='api.binance.com', port=443): Max retries exceeded with url: /api/v3/klines?symbol=ADAUSDT&interval=1m&limit=100 (Caused by ConnectTimeoutError(<urllib3.connection.HTTPSConnection object at 0x7f94fdb4b610>, 'Connection to api.binance.com timed out. (connect timeout=15)'))
[2025-08-17T12:53:08.483+0000] {subprocess.py:93} INFO - ⚠️ SOLUSDT lỗi lần 1/3: HTTPSConnectionPool(host='api.binance.com', port=443): Max retries exceeded with url: /api/v3/klines?symbol=SOLUSDT&interval=1m&limit=100 (Caused by ConnectTimeoutError(<urllib3.connection.HTTPSConnection object at 0x7f94fdb7d510>, 'Connection to api.binance.com timed out. (connect timeout=15)'))
[2025-08-17T12:53:08.483+0000] {subprocess.py:93} INFO - ⚠️ DOGEUSDT lỗi lần 1/3: HTTPSConnectionPool(host='api.binance.com', port=443): Max retries exceeded with url: /api/v3/klines?symbol=DOGEUSDT&interval=1m&limit=100 (Caused by ConnectTimeoutError(<urllib3.connection.HTTPSConnection object at 0x7f94fdb4a020>, 'Connection to api.binance.com timed out. (connect timeout=15)'))
[2025-08-17T12:53:08.483+0000] {subprocess.py:93} INFO - ⚠️ LINKUSDT lỗi lần 1/3: HTTPSConnectionPool(host='api.binance.com', port=443): Max retries exceeded with url: /api/v3/klines?symbol=LINKUSDT&interval=1m&limit=100 (Caused by ConnectTimeoutError(<urllib3.connection.HTTPSConnection object at 0x7f94fdb4b430>, 'Connection to api.binance.com timed out. (connect timeout=15)'))
[2025-08-17T12:53:08.483+0000] {subprocess.py:93} INFO - ⚠️ FDUSDUSDT lỗi lần 1/3: HTTPSConnectionPool(host='api.binance.com', port=443): Max retries exceeded with url: /api/v3/klines?symbol=FDUSDUSDT&interval=1m&limit=100 (Caused by ConnectTimeoutError(<urllib3.connection.HTTPSConnection object at 0x7f94fdb4aaa0>, 'Connection to api.binance.com timed out. (connect timeout=15)'))
[2025-08-17T12:53:08.484+0000] {subprocess.py:93} INFO - ⚠️ XRPUSDT lỗi lần 1/3: HTTPSConnectionPool(host='api.binance.com', port=443): Max retries exceeded with url: /api/v3/klines?symbol=XRPUSDT&interval=1m&limit=100 (Caused by ConnectTimeoutError(<urllib3.connection.HTTPSConnection object at 0x7f94fdb494b0>, 'Connection to api.binance.com timed out. (connect timeout=15)'))
[2025-08-17T12:53:08.484+0000] {subprocess.py:93} INFO - ⚠️ TRXUSDT lỗi lần 1/3: HTTPSConnectionPool(host='api.binance.com', port=443): Max retries exceeded with url: /api/v3/klines?symbol=TRXUSDT&interval=1m&limit=100 (Caused by ConnectTimeoutError(<urllib3.connection.HTTPSConnection object at 0x7f94fdb75d50>, 'Connection to api.binance.com timed out. (connect timeout=15)'))
[2025-08-17T12:53:08.484+0000] {subprocess.py:93} INFO - ✅ ETHUSDT: thêm 19 dòng mới
[2025-08-17T12:53:08.485+0000] {subprocess.py:93} INFO - 1/100 ETHUSDT lưu OK
[2025-08-17T12:53:08.485+0000] {subprocess.py:93} INFO - ⚠️ SOLUSDT lỗi lần 2/3: HTTPSConnectionPool(host='api.binance.com', port=443): Max retries exceeded with url: /api/v3/klines?symbol=SOLUSDT&interval=1m&limit=100 (Caused by ConnectTimeoutError(<urllib3.connection.HTTPSConnection object at 0x7f94fdb7cd90>, 'Connection to api.binance.com timed out. (connect timeout=15)'))
[2025-08-17T12:53:08.485+0000] {subprocess.py:93} INFO - ⚠️ USDCUSDT lỗi lần 2/3: HTTPSConnectionPool(host='api.binance.com', port=443): Max retries exceeded with url: /api/v3/klines?symbol=USDCUSDT&interval=1m&limit=100 (Caused by ConnectTimeoutError(<urllib3.connection.HTTPSConnection object at 0x7f94fdb77490>, 'Connection to api.binance.com timed out. (connect timeout=15)'))
[2025-08-17T12:53:08.485+0000] {subprocess.py:93} INFO - ⚠️ FDUSDUSDT lỗi lần 2/3: HTTPSConnectionPool(host='api.binance.com', port=443): Max retries exceeded with url: /api/v3/klines?symbol=FDUSDUSDT&interval=1m&limit=100 (Caused by ConnectTimeoutError(<urllib3.connection.HTTPSConnection object at 0x7f94fdb7eaa0>, 'Connection to api.binance.com timed out. (connect timeout=15)'))
[2025-08-17T12:53:08.486+0000] {subprocess.py:93} INFO - ⚠️ DOGEUSDT lỗi lần 2/3: HTTPSConnectionPool(host='api.binance.com', port=443): Max retries exceeded with url: /api/v3/klines?symbol=DOGEUSDT&interval=1m&limit=100 (Caused by ConnectTimeoutError(<urllib3.connection.HTTPSConnection object at 0x7f94fdb7cc40>, 'Connection to api.binance.com timed out. (connect timeout=15)'))
[2025-08-17T12:53:08.486+0000] {subprocess.py:93} INFO - ⚠️ LINKUSDT lỗi lần 2/3: HTTPSConnectionPool(host='api.binance.com', port=443): Max retries exceeded with url: /api/v3/klines?symbol=LINKUSDT&interval=1m&limit=100 (Caused by ConnectTimeoutError(<urllib3.connection.HTTPSConnection object at 0x7f94fdb7f190>, 'Connection to api.binance.com timed out. (connect timeout=15)'))
[2025-08-17T12:53:08.486+0000] {subprocess.py:93} INFO - ⚠️ XRPUSDT lỗi lần 2/3: HTTPSConnectionPool(host='api.binance.com', port=443): Max retries exceeded with url: /api/v3/klines?symbol=XRPUSDT&interval=1m&limit=100 (Caused by ConnectTimeoutError(<urllib3.connection.HTTPSConnection object at 0x7f94fc7f8ac0>, 'Connection to api.binance.com timed out. (connect timeout=15)'))
[2025-08-17T12:53:08.486+0000] {subprocess.py:93} INFO - ⚠️ TRXUSDT lỗi lần 2/3: HTTPSConnectionPool(host='api.binance.com', port=443): Max retries exceeded with url: /api/v3/klines?symbol=TRXUSDT&interval=1m&limit=100 (Caused by ConnectTimeoutError(<urllib3.connection.HTTPSConnection object at 0x7f94fc7f9270>, 'Connection to api.binance.com timed out. (connect timeout=15)'))
[2025-08-17T12:53:08.487+0000] {subprocess.py:93} INFO - ✅ BTCUSDT: thêm 11 dòng mới
[2025-08-17T12:53:08.487+0000] {subprocess.py:93} INFO - 2/100 BTCUSDT lưu OK
[2025-08-17T12:53:08.487+0000] {subprocess.py:93} INFO - ✅ PROVEUSDT: thêm 11 dòng mới
[2025-08-17T12:53:08.487+0000] {subprocess.py:93} INFO - 3/100 PROVEUSDT lưu OK
[2025-08-17T12:53:08.488+0000] {subprocess.py:93} INFO - ✅ BNBUSDT: thêm 11 dòng mới
[2025-08-17T12:53:08.488+0000] {subprocess.py:93} INFO - 4/100 BNBUSDT lưu OK
[2025-08-17T12:53:08.488+0000] {subprocess.py:93} INFO - ⚠️ SOLUSDT lỗi lần 3/3: HTTPSConnectionPool(host='api.binance.com', port=443): Max retries exceeded with url: /api/v3/klines?symbol=SOLUSDT&interval=1m&limit=100 (Caused by ConnectTimeoutError(<urllib3.connection.HTTPSConnection object at 0x7f94fc7f8400>, 'Connection to api.binance.com timed out. (connect timeout=15)'))
[2025-08-17T12:53:08.489+0000] {subprocess.py:93} INFO - ⚠️ USDCUSDT lỗi lần 3/3: HTTPSConnectionPool(host='api.binance.com', port=443): Max retries exceeded with url: /api/v3/klines?symbol=USDCUSDT&interval=1m&limit=100 (Caused by ConnectTimeoutError(<urllib3.connection.HTTPSConnection object at 0x7f94fc7f97e0>, 'Connection to api.binance.com timed out. (connect timeout=15)'))
[2025-08-17T12:53:08.489+0000] {subprocess.py:93} INFO - ⚠️ FDUSDUSDT lỗi lần 3/3: HTTPSConnectionPool(host='api.binance.com', port=443): Max retries exceeded with url: /api/v3/klines?symbol=FDUSDUSDT&interval=1m&limit=100 (Caused by ConnectTimeoutError(<urllib3.connection.HTTPSConnection object at 0x7f94fdb7cdc0>, 'Connection to api.binance.com timed out. (connect timeout=15)'))
[2025-08-17T12:53:08.489+0000] {subprocess.py:93} INFO - ⚠️ TRXUSDT lỗi lần 3/3: HTTPSConnectionPool(host='api.binance.com', port=443): Max retries exceeded with url: /api/v3/klines?symbol=TRXUSDT&interval=1m&limit=100 (Caused by ConnectTimeoutError(<urllib3.connection.HTTPSConnection object at 0x7f94fc7fb910>, 'Connection to api.binance.com timed out. (connect timeout=15)'))
[2025-08-17T12:54:16.812+0000] {subprocess.py:93} INFO - ⚠️ DOGEUSDT lỗi lần 3/3: HTTPSConnectionPool(host='api.binance.com', port=443): Max retries exceeded with url: /api/v3/klines?symbol=DOGEUSDT&interval=1m&limit=100 (Caused by ConnectTimeoutError(<urllib3.connection.HTTPSConnection object at 0x7f94fc7fa2c0>, 'Connection to api.binance.com timed out. (connect timeout=15)'))
[2025-08-17T12:54:16.812+0000] {subprocess.py:93} INFO - ⚠️ XRPUSDT lỗi lần 3/3: HTTPSConnectionPool(host='api.binance.com', port=443): Max retries exceeded with url: /api/v3/klines?symbol=XRPUSDT&interval=1m&limit=100 (Caused by ConnectTimeoutError(<urllib3.connection.HTTPSConnection object at 0x7f94fc7fa9b0>, 'Connection to api.binance.com timed out. (connect timeout=15)'))
[2025-08-17T12:54:16.813+0000] {subprocess.py:93} INFO - ⚠️ LINKUSDT lỗi lần 3/3: HTTPSConnectionPool(host='api.binance.com', port=443): Max retries exceeded with url: /api/v3/klines?symbol=LINKUSDT&interval=1m&limit=100 (Caused by ConnectTimeoutError(<urllib3.connection.HTTPSConnection object at 0x7f94fc7fb730>, 'Connection to api.binance.com timed out. (connect timeout=15)'))
[2025-08-17T12:54:16.813+0000] {subprocess.py:93} INFO - 5/100 SOLUSDT bỏ qua (fail)
[2025-08-17T12:54:16.813+0000] {subprocess.py:93} INFO - 6/100 USDCUSDT bỏ qua (fail)
[2025-08-17T12:54:16.813+0000] {subprocess.py:93} INFO - 7/100 DOGEUSDT bỏ qua (fail)
[2025-08-17T12:54:16.814+0000] {subprocess.py:93} INFO - 8/100 TRXUSDT bỏ qua (fail)
[2025-08-17T12:54:16.814+0000] {subprocess.py:93} INFO - 9/100 XRPUSDT bỏ qua (fail)
[2025-08-17T12:54:16.814+0000] {subprocess.py:93} INFO - 10/100 LINKUSDT bỏ qua (fail)
[2025-08-17T12:54:16.814+0000] {subprocess.py:93} INFO - 11/100 FDUSDUSDT bỏ qua (fail)
[2025-08-17T12:54:16.815+0000] {subprocess.py:93} INFO - ⚠️ ARBUSDT lỗi lần 1/3: HTTPSConnectionPool(host='api.binance.com', port=443): Max retries exceeded with url: /api/v3/klines?symbol=ARBUSDT&interval=1m&limit=100 (Caused by ConnectTimeoutError(<urllib3.connection.HTTPSConnection object at 0x7f94fdb755d0>, 'Connection to api.binance.com timed out. (connect timeout=15)'))
[2025-08-17T12:54:16.815+0000] {subprocess.py:93} INFO - ⚠️ CTSIUSDT lỗi lần 1/3: HTTPSConnectionPool(host='api.binance.com', port=443): Max retries exceeded with url: /api/v3/klines?symbol=CTSIUSDT&interval=1m&limit=100 (Caused by ConnectTimeoutError(<urllib3.connection.HTTPSConnection object at 0x7f94fc7fbc70>, 'Connection to api.binance.com timed out. (connect timeout=15)'))
[2025-08-17T12:54:16.815+0000] {subprocess.py:93} INFO - ⚠️ UNIUSDT lỗi lần 1/3: HTTPSConnectionPool(host='api.binance.com', port=443): Max retries exceeded with url: /api/v3/klines?symbol=UNIUSDT&interval=1m&limit=100 (Caused by ConnectTimeoutError(<urllib3.connection.HTTPSConnection object at 0x7f94fc7fa080>, 'Connection to api.binance.com timed out. (connect timeout=15)'))
[2025-08-17T12:54:16.815+0000] {subprocess.py:93} INFO - ⚠️ LTCUSDT lỗi lần 1/3: HTTPSConnectionPool(host='api.binance.com', port=443): Max retries exceeded with url: /api/v3/klines?symbol=LTCUSDT&interval=1m&limit=100 (Caused by ConnectTimeoutError(<urllib3.connection.HTTPSConnection object at 0x7f94fc7652d0>, 'Connection to api.binance.com timed out. (connect timeout=15)'))
[2025-08-17T12:54:16.816+0000] {subprocess.py:93} INFO - ⚠️ PEPEUSDT lỗi lần 1/3: HTTPSConnectionPool(host='api.binance.com', port=443): Max retries exceeded with url: /api/v3/klines?symbol=PEPEUSDT&interval=1m&limit=100 (Caused by ConnectTimeoutError(<urllib3.connection.HTTPSConnection object at 0x7f94fc7fae60>, 'Connection to api.binance.com timed out. (connect timeout=15)'))
[2025-08-17T12:54:16.816+0000] {subprocess.py:93} INFO - ⚠️ AVAXUSDT lỗi lần 1/3: HTTPSConnectionPool(host='api.binance.com', port=443): Max retries exceeded with url: /api/v3/klines?symbol=AVAXUSDT&interval=1m&limit=100 (Caused by ConnectTimeoutError(<urllib3.connection.HTTPSConnection object at 0x7f94fc7f8280>, 'Connection to api.binance.com timed out. (connect timeout=15)'))
[2025-08-17T12:54:16.816+0000] {subprocess.py:93} INFO - ⚠️ SEIUSDT lỗi lần 1/3: HTTPSConnectionPool(host='api.binance.com', port=443): Max retries exceeded with url: /api/v3/klines?symbol=SEIUSDT&interval=1m&limit=100 (Caused by ConnectTimeoutError(<urllib3.connection.HTTPSConnection object at 0x7f94fc7fae90>, 'Connection to api.binance.com timed out. (connect timeout=15)'))
[2025-08-17T12:54:16.816+0000] {subprocess.py:93} INFO - ✅ UNIUSDT: thêm 89 dòng mới
[2025-08-17T12:54:16.817+0000] {subprocess.py:93} INFO - 12/100 UNIUSDT lưu OK
[2025-08-17T12:54:16.817+0000] {subprocess.py:93} INFO - ✅ TRUMPUSDT: thêm 20 dòng mới
[2025-08-17T12:54:16.817+0000] {subprocess.py:93} INFO - 13/100 TRUMPUSDT lưu OK
[2025-08-17T12:54:16.817+0000] {subprocess.py:93} INFO - ⚠️ PEPEUSDT lỗi lần 2/3: HTTPSConnectionPool(host='api.binance.com', port=443): Max retries exceeded with url: /api/v3/klines?symbol=PEPEUSDT&interval=1m&limit=100 (Caused by ConnectTimeoutError(<urllib3.connection.HTTPSConnection object at 0x7f94fc766290>, 'Connection to api.binance.com timed out. (connect timeout=15)'))
[2025-08-17T12:54:16.817+0000] {subprocess.py:93} INFO - ⚠️ AVAXUSDT lỗi lần 2/3: HTTPSConnectionPool(host='api.binance.com', port=443): Max retries exceeded with url: /api/v3/klines?symbol=AVAXUSDT&interval=1m&limit=100 (Caused by ConnectTimeoutError(<urllib3.connection.HTTPSConnection object at 0x7f94fc7660b0>, 'Connection to api.binance.com timed out. (connect timeout=15)'))
[2025-08-17T12:54:16.818+0000] {subprocess.py:93} INFO - ⚠️ LTCUSDT lỗi lần 2/3: HTTPSConnectionPool(host='api.binance.com', port=443): Max retries exceeded with url: /api/v3/klines?symbol=LTCUSDT&interval=1m&limit=100 (Caused by ConnectTimeoutError(<urllib3.connection.HTTPSConnection object at 0x7f94fc7fa020>, 'Connection to api.binance.com timed out. (connect timeout=15)'))
[2025-08-17T12:54:16.818+0000] {subprocess.py:93} INFO - ⚠️ ARBUSDT lỗi lần 2/3: HTTPSConnectionPool(host='api.binance.com', port=443): Max retries exceeded with url: /api/v3/klines?symbol=ARBUSDT&interval=1m&limit=100 (Caused by ConnectTimeoutError(<urllib3.connection.HTTPSConnection object at 0x7f94fc7fa4d0>, 'Connection to api.binance.com timed out. (connect timeout=15)'))
[2025-08-17T12:54:16.818+0000] {subprocess.py:93} INFO - ⚠️ SEIUSDT lỗi lần 2/3: HTTPSConnectionPool(host='api.binance.com', port=443): Max retries exceeded with url: /api/v3/klines?symbol=SEIUSDT&interval=1m&limit=100 (Caused by ConnectTimeoutError(<urllib3.connection.HTTPSConnection object at 0x7f94fc766590>, 'Connection to api.binance.com timed out. (connect timeout=15)'))
[2025-08-17T12:54:16.818+0000] {subprocess.py:93} INFO - ⚠️ CTSIUSDT lỗi lần 2/3: HTTPSConnectionPool(host='api.binance.com', port=443): Max retries exceeded with url: /api/v3/klines?symbol=CTSIUSDT&interval=1m&limit=100 (Caused by ConnectTimeoutError(<urllib3.connection.HTTPSConnection object at 0x7f94fc7655a0>, 'Connection to api.binance.com timed out. (connect timeout=15)'))
[2025-08-17T12:54:16.819+0000] {subprocess.py:93} INFO - ⚠️ ARBUSDT lỗi lần 3/3: HTTPSConnectionPool(host='api.binance.com', port=443): Max retries exceeded with url: /api/v3/klines?symbol=ARBUSDT&interval=1m&limit=100 (Caused by ConnectTimeoutError(<urllib3.connection.HTTPSConnection object at 0x7f94fc778100>, 'Connection to api.binance.com timed out. (connect timeout=15)'))
[2025-08-17T12:54:16.819+0000] {subprocess.py:93} INFO - ⚠️ LTCUSDT lỗi lần 3/3: HTTPSConnectionPool(host='api.binance.com', port=443): Max retries exceeded with url: /api/v3/klines?symbol=LTCUSDT&interval=1m&limit=100 (Caused by ConnectTimeoutError(<urllib3.connection.HTTPSConnection object at 0x7f94fc767280>, 'Connection to api.binance.com timed out. (connect timeout=15)'))
[2025-08-17T12:54:16.819+0000] {subprocess.py:93} INFO - ⚠️ CTSIUSDT lỗi lần 3/3: HTTPSConnectionPool(host='api.binance.com', port=443): Max retries exceeded with url: /api/v3/klines?symbol=CTSIUSDT&interval=1m&limit=100 (Caused by ConnectTimeoutError(<urllib3.connection.HTTPSConnection object at 0x7f94fc7f95a0>, 'Connection to api.binance.com timed out. (connect timeout=15)'))
[2025-08-17T12:54:16.819+0000] {subprocess.py:93} INFO - ⚠️ AVAXUSDT lỗi lần 3/3: HTTPSConnectionPool(host='api.binance.com', port=443): Max retries exceeded with url: /api/v3/klines?symbol=AVAXUSDT&interval=1m&limit=100 (Caused by ConnectTimeoutError(<urllib3.connection.HTTPSConnection object at 0x7f94fc7f9810>, 'Connection to api.binance.com timed out. (connect timeout=15)'))
[2025-08-17T12:54:16.820+0000] {subprocess.py:93} INFO - ⚠️ SEIUSDT lỗi lần 3/3: HTTPSConnectionPool(host='api.binance.com', port=443): Max retries exceeded with url: /api/v3/klines?symbol=SEIUSDT&interval=1m&limit=100 (Caused by ConnectTimeoutError(<urllib3.connection.HTTPSConnection object at 0x7f94fc7f8400>, 'Connection to api.binance.com timed out. (connect timeout=15)'))
[2025-08-17T12:54:16.820+0000] {subprocess.py:93} INFO - 14/100 ARBUSDT bỏ qua (fail)
[2025-08-17T12:54:16.820+0000] {subprocess.py:93} INFO - 15/100 LTCUSDT bỏ qua (fail)
[2025-08-17T12:54:16.820+0000] {subprocess.py:93} INFO - 16/100 CTSIUSDT bỏ qua (fail)
[2025-08-17T12:54:16.820+0000] {subprocess.py:93} INFO - 17/100 AVAXUSDT bỏ qua (fail)
[2025-08-17T12:54:16.821+0000] {subprocess.py:93} INFO - 18/100 SEIUSDT bỏ qua (fail)
[2025-08-17T12:54:16.821+0000] {subprocess.py:93} INFO - ⚠️ PENGUUSDT lỗi lần 1/3: HTTPSConnectionPool(host='api.binance.com', port=443): Max retries exceeded with url: /api/v3/klines?symbol=PENGUUSDT&interval=1m&limit=100 (Caused by ConnectTimeoutError(<urllib3.connection.HTTPSConnection object at 0x7f94fc7fa680>, 'Connection to api.binance.com timed out. (connect timeout=15)'))
[2025-08-17T12:54:16.821+0000] {subprocess.py:93} INFO - ⚠️ SKLUSDT lỗi lần 1/3: HTTPSConnectionPool(host='api.binance.com', port=443): Max retries exceeded with url: /api/v3/klines?symbol=SKLUSDT&interval=1m&limit=100 (Caused by ConnectTimeoutError(<urllib3.connection.HTTPSConnection object at 0x7f94fc765960>, 'Connection to api.binance.com timed out. (connect timeout=15)'))
[2025-08-17T12:56:40.620+0000] {subprocess.py:93} INFO - ⚠️ ALPINEUSDT lỗi lần 1/3: HTTPSConnectionPool(host='api.binance.com', port=443): Max retries exceeded with url: /api/v3/klines?symbol=ALPINEUSDT&interval=1m&limit=100 (Caused by ConnectTimeoutError(<urllib3.connection.HTTPSConnection object at 0x7f94fc7655a0>, 'Connection to api.binance.com timed out. (connect timeout=15)'))
[2025-08-17T12:56:40.620+0000] {subprocess.py:93} INFO - ⚠️ ASRUSDT lỗi lần 1/3: HTTPSConnectionPool(host='api.binance.com', port=443): Max retries exceeded with url: /api/v3/klines?symbol=ASRUSDT&interval=1m&limit=100 (Caused by ConnectTimeoutError(<urllib3.connection.HTTPSConnection object at 0x7f94fc7fa710>, 'Connection to api.binance.com timed out. (connect timeout=15)'))
[2025-08-17T12:56:40.621+0000] {subprocess.py:93} INFO - ⚠️ SUSDT lỗi lần 1/3: HTTPSConnectionPool(host='api.binance.com', port=443): Max retries exceeded with url: /api/v3/klines?symbol=SUSDT&interval=1m&limit=100 (Caused by ConnectTimeoutError(<urllib3.connection.HTTPSConnection object at 0x7f94fc7f9570>, 'Connection to api.binance.com timed out. (connect timeout=15)'))
[2025-08-17T12:56:40.621+0000] {subprocess.py:93} INFO - ⚠️ SKLUSDT lỗi lần 2/3: HTTPSConnectionPool(host='api.binance.com', port=443): Max retries exceeded with url: /api/v3/klines?symbol=SKLUSDT&interval=1m&limit=100 (Caused by ConnectTimeoutError(<urllib3.connection.HTTPSConnection object at 0x7f94fc766860>, 'Connection to api.binance.com timed out. (connect timeout=15)'))
[2025-08-17T12:56:40.622+0000] {subprocess.py:93} INFO - ⚠️ ASRUSDT lỗi lần 2/3: HTTPSConnectionPool(host='api.binance.com', port=443): Max retries exceeded with url: /api/v3/klines?symbol=ASRUSDT&interval=1m&limit=100 (Caused by ConnectTimeoutError(<urllib3.connection.HTTPSConnection object at 0x7f94fdb490f0>, 'Connection to api.binance.com timed out. (connect timeout=15)'))
[2025-08-17T12:56:40.622+0000] {subprocess.py:93} INFO - ⚠️ ALPINEUSDT lỗi lần 2/3: HTTPSConnectionPool(host='api.binance.com', port=443): Max retries exceeded with url: /api/v3/klines?symbol=ALPINEUSDT&interval=1m&limit=100 (Caused by ConnectTimeoutError(<urllib3.connection.HTTPSConnection object at 0x7f94fc765fc0>, 'Connection to api.binance.com timed out. (connect timeout=15)'))
[2025-08-17T12:56:40.622+0000] {subprocess.py:93} INFO - ✅ ASRUSDT: thêm 12 dòng mới
[2025-08-17T12:56:40.623+0000] {subprocess.py:93} INFO - 19/100 ASRUSDT lưu OK
[2025-08-17T12:56:40.623+0000] {subprocess.py:93} INFO - 20/100 ADAUSDT lỗi: connection to server at "videv.cloud" (27.74.74.29), port 5432 failed: Connection timed out
[2025-08-17T12:56:40.623+0000] {subprocess.py:93} INFO - 	Is the server running on that host and accepting TCP/IP connections?
[2025-08-17T12:56:40.624+0000] {subprocess.py:93} INFO - 
[2025-08-17T12:56:40.624+0000] {subprocess.py:93} INFO - ⚠️ ALPINEUSDT lỗi lần 3/3: HTTPSConnectionPool(host='api.binance.com', port=443): Max retries exceeded with url: /api/v3/klines?symbol=ALPINEUSDT&interval=1m&limit=100 (Caused by ConnectTimeoutError(<urllib3.connection.HTTPSConnection object at 0x7f94fc7fa5f0>, 'Connection to api.binance.com timed out. (connect timeout=15)'))
[2025-08-17T12:56:40.624+0000] {subprocess.py:93} INFO - ✅ SUSDT: thêm 12 dòng mới
[2025-08-17T12:56:40.625+0000] {subprocess.py:93} INFO - 21/100 SUSDT lưu OK
[2025-08-17T12:56:40.625+0000] {subprocess.py:93} INFO - ✅ SKLUSDT: thêm 12 dòng mới
[2025-08-17T12:56:40.625+0000] {subprocess.py:93} INFO - 22/100 SKLUSDT lưu OK
[2025-08-17T12:56:40.626+0000] {subprocess.py:93} INFO - ✅ HBARUSDT: thêm 11 dòng mới
[2025-08-17T12:56:40.626+0000] {subprocess.py:93} INFO - 23/100 HBARUSDT lưu OK
[2025-08-17T12:56:40.626+0000] {subprocess.py:93} INFO - 24/100 CYBERUSDT lỗi: relation "cryptocurrency.cyberusdt" does not exist
[2025-08-17T12:56:40.627+0000] {subprocess.py:93} INFO - LINE 1: SELECT MAX(time) FROM cryptocurrency.cyberusdt;
[2025-08-17T12:56:40.627+0000] {subprocess.py:93} INFO -                               ^
[2025-08-17T12:56:40.627+0000] {subprocess.py:93} INFO - 
[2025-08-17T12:56:40.628+0000] {subprocess.py:93} INFO - 25/100 ALPINEUSDT bỏ qua (fail)
[2025-08-17T12:56:40.628+0000] {subprocess.py:93} INFO - ⚠️ BFUSDUSDT lỗi lần 1/3: HTTPSConnectionPool(host='api.binance.com', port=443): Max retries exceeded with url: /api/v3/klines?symbol=BFUSDUSDT&interval=1m&limit=100 (Caused by ConnectTimeoutError(<urllib3.connection.HTTPSConnection object at 0x7f94fc7f9960>, 'Connection to api.binance.com timed out. (connect timeout=15)'))
[2025-08-17T12:56:40.628+0000] {subprocess.py:93} INFO - ✅ EPICUSDT: thêm 11 dòng mới
[2025-08-17T12:56:40.629+0000] {subprocess.py:93} INFO - 26/100 EPICUSDT lưu OK
[2025-08-17T12:56:40.629+0000] {subprocess.py:93} INFO - ✅ LDOUSDT: thêm 20 dòng mới
[2025-08-17T12:56:40.629+0000] {subprocess.py:93} INFO - 27/100 LDOUSDT lưu OK
[2025-08-17T12:56:40.630+0000] {subprocess.py:93} INFO - 28/100 SUIUSDT lỗi: connection to server at "videv.cloud" (27.74.74.29), port 5432 failed: Connection timed out
[2025-08-17T12:56:40.630+0000] {subprocess.py:93} INFO - 	Is the server running on that host and accepting TCP/IP connections?
[2025-08-17T12:56:40.630+0000] {subprocess.py:93} INFO - 
[2025-08-17T12:56:40.631+0000] {subprocess.py:93} INFO - 29/100 ENAUSDT lỗi: connection to server at "videv.cloud" (27.74.74.29), port 5432 failed: Connection timed out
[2025-08-17T12:56:40.631+0000] {subprocess.py:93} INFO - 	Is the server running on that host and accepting TCP/IP connections?
[2025-08-17T12:56:40.631+0000] {subprocess.py:93} INFO - 
[2025-08-17T12:56:40.632+0000] {subprocess.py:93} INFO - ⚠️ BFUSDUSDT lỗi lần 2/3: HTTPSConnectionPool(host='api.binance.com', port=443): Max retries exceeded with url: /api/v3/klines?symbol=BFUSDUSDT&interval=1m&limit=100 (Caused by ConnectTimeoutError(<urllib3.connection.HTTPSConnection object at 0x7f94fc7668f0>, 'Connection to api.binance.com timed out. (connect timeout=15)'))
[2025-08-17T12:56:40.632+0000] {subprocess.py:93} INFO - ⚠️ WLDUSDT lỗi lần 1/3: HTTPSConnectionPool(host='api.binance.com', port=443): Max retries exceeded with url: /api/v3/klines?symbol=WLDUSDT&interval=1m&limit=100 (Caused by ConnectTimeoutError(<urllib3.connection.HTTPSConnection object at 0x7f94fc765870>, 'Connection to api.binance.com timed out. (connect timeout=15)'))
[2025-08-17T12:56:40.632+0000] {subprocess.py:93} INFO - ⚠️ NEARUSDT lỗi lần 1/3: HTTPSConnectionPool(host='api.binance.com', port=443): Max retries exceeded with url: /api/v3/klines?symbol=NEARUSDT&interval=1m&limit=100 (Caused by ConnectTimeoutError(<urllib3.connection.HTTPSConnection object at 0x7f94fc7664a0>, 'Connection to api.binance.com timed out. (connect timeout=15)'))
[2025-08-17T12:56:40.633+0000] {subprocess.py:93} INFO - ⚠️ BFUSDUSDT lỗi lần 3/3: HTTPSConnectionPool(host='api.binance.com', port=443): Max retries exceeded with url: /api/v3/klines?symbol=BFUSDUSDT&interval=1m&limit=100 (Caused by ConnectTimeoutError(<urllib3.connection.HTTPSConnection object at 0x7f94fc765900>, 'Connection to api.binance.com timed out. (connect timeout=15)'))
[2025-08-17T12:56:40.633+0000] {subprocess.py:93} INFO - 30/100 BFUSDUSDT bỏ qua (fail)
[2025-08-17T12:56:40.633+0000] {subprocess.py:93} INFO - 31/100 PONDUSDT lỗi: relation "cryptocurrency.pondusdt" does not exist
[2025-08-17T12:56:40.634+0000] {subprocess.py:93} INFO - LINE 1: SELECT MAX(time) FROM cryptocurrency.pondusdt;
[2025-08-17T12:56:40.634+0000] {subprocess.py:93} INFO -                               ^
[2025-08-17T12:56:40.634+0000] {subprocess.py:93} INFO - 
[2025-08-17T12:56:40.635+0000] {subprocess.py:93} INFO - ✅ WLDUSDT: thêm 12 dòng mới
[2025-08-17T12:56:40.635+0000] {subprocess.py:93} INFO - 32/100 WLDUSDT lưu OK
[2025-08-17T12:56:40.635+0000] {subprocess.py:93} INFO - ✅ BONKUSDT: thêm 12 dòng mới
[2025-08-17T12:56:40.636+0000] {subprocess.py:93} INFO - 33/100 BONKUSDT lưu OK
[2025-08-17T12:56:40.636+0000] {subprocess.py:93} INFO - ✅ TOWNSUSDT: thêm 20 dòng mới
[2025-08-17T12:56:40.636+0000] {subprocess.py:93} INFO - 34/100 TOWNSUSDT lưu OK
[2025-08-17T12:56:40.636+0000] {subprocess.py:93} INFO - ✅ WIFUSDT: thêm 12 dòng mới
[2025-08-17T12:56:40.637+0000] {subprocess.py:93} INFO - 35/100 WIFUSDT lưu OK
[2025-08-17T12:56:40.637+0000] {subprocess.py:93} INFO - ⚠️ CHRUSDT lỗi lần 1/3: HTTPSConnectionPool(host='api.binance.com', port=443): Max retries exceeded with url: /api/v3/klines?symbol=CHRUSDT&interval=1m&limit=100 (Caused by ConnectTimeoutError(<urllib3.connection.HTTPSConnection object at 0x7f94fc765810>, 'Connection to api.binance.com timed out. (connect timeout=15)'))
[2025-08-17T12:56:40.637+0000] {subprocess.py:93} INFO - ✅ CHRUSDT: thêm 12 dòng mới
[2025-08-17T12:56:40.638+0000] {subprocess.py:93} INFO - 36/100 CHRUSDT lưu OK
[2025-08-17T12:56:40.638+0000] {subprocess.py:93} INFO - ✅ MAVUSDT: thêm 20 dòng mới
[2025-08-17T12:56:40.638+0000] {subprocess.py:93} INFO - 37/100 MAVUSDT lưu OK
[2025-08-17T12:56:40.639+0000] {subprocess.py:93} INFO - 38/100 TSTUSDT lỗi: connection to server at "videv.cloud" (27.74.74.29), port 5432 failed: Connection timed out
[2025-08-17T12:56:40.639+0000] {subprocess.py:93} INFO - 	Is the server running on that host and accepting TCP/IP connections?
[2025-08-17T12:56:40.639+0000] {subprocess.py:93} INFO - 
[2025-08-17T12:56:40.640+0000] {subprocess.py:93} INFO - ✅ OGNUSDT: thêm 20 dòng mới
[2025-08-17T12:56:40.640+0000] {subprocess.py:93} INFO - 39/100 OGNUSDT lưu OK
[2025-08-17T12:56:40.640+0000] {subprocess.py:93} INFO - 40/100 PEPEUSDT lỗi: connection to server at "videv.cloud" (27.74.74.29), port 5432 failed: Connection timed out
[2025-08-17T12:56:40.641+0000] {subprocess.py:93} INFO - 	Is the server running on that host and accepting TCP/IP connections?
[2025-08-17T12:56:40.641+0000] {subprocess.py:93} INFO - 
[2025-08-17T12:56:40.641+0000] {subprocess.py:93} INFO - ✅ XLMUSDT: thêm 21 dòng mới
[2025-08-17T12:56:40.642+0000] {subprocess.py:93} INFO - 41/100 XLMUSDT lưu OK
[2025-08-17T12:56:40.642+0000] {subprocess.py:93} INFO - ⚠️ RAYUSDT lỗi lần 1/3: HTTPSConnectionPool(host='api.binance.com', port=443): Max retries exceeded with url: /api/v3/klines?symbol=RAYUSDT&interval=1m&limit=100 (Caused by ConnectTimeoutError(<urllib3.connection.HTTPSConnection object at 0x7f94fdb34670>, 'Connection to api.binance.com timed out. (connect timeout=15)'))
[2025-08-17T12:56:40.642+0000] {subprocess.py:93} INFO - ✅ OGUSDT: thêm 20 dòng mới
[2025-08-17T12:56:40.643+0000] {subprocess.py:93} INFO - 42/100 OGUSDT lưu OK
[2025-08-17T12:56:40.643+0000] {subprocess.py:93} INFO - 43/100 LPTUSDT lỗi: relation "cryptocurrency.lptusdt" does not exist
[2025-08-17T12:56:40.643+0000] {subprocess.py:93} INFO - LINE 1: SELECT MAX(time) FROM cryptocurrency.lptusdt;
[2025-08-17T12:56:40.644+0000] {subprocess.py:93} INFO -                               ^
[2025-08-17T12:56:40.644+0000] {subprocess.py:93} INFO - 
[2025-08-17T12:56:40.644+0000] {subprocess.py:93} INFO - ⚠️ BERAUSDT lỗi lần 1/3: HTTPSConnectionPool(host='api.binance.com', port=443): Max retries exceeded with url: /api/v3/klines?symbol=BERAUSDT&interval=1m&limit=100 (Caused by ConnectTimeoutError(<urllib3.connection.HTTPSConnection object at 0x7f94fc764340>, 'Connection to api.binance.com timed out. (connect timeout=15)'))
[2025-08-17T12:56:40.644+0000] {subprocess.py:93} INFO - 44/100 PENGUUSDT lỗi: connection to server at "videv.cloud" (27.74.74.29), port 5432 failed: Connection timed out
[2025-08-17T12:56:40.645+0000] {subprocess.py:93} INFO - 	Is the server running on that host and accepting TCP/IP connections?
[2025-08-17T12:56:40.645+0000] {subprocess.py:93} INFO - 
[2025-08-17T12:56:40.645+0000] {subprocess.py:93} INFO - ⚠️ API3USDT lỗi lần 1/3: HTTPSConnectionPool(host='api.binance.com', port=443): Max retries exceeded with url: /api/v3/klines?symbol=API3USDT&interval=1m&limit=100 (Caused by ConnectTimeoutError(<urllib3.connection.HTTPSConnection object at 0x7f94fc765090>, 'Connection to api.binance.com timed out. (connect timeout=15)'))
[2025-08-17T12:56:40.646+0000] {subprocess.py:93} INFO - ⚠️ BERAUSDT lỗi lần 2/3: HTTPSConnectionPool(host='api.binance.com', port=443): Max retries exceeded with url: /api/v3/klines?symbol=BERAUSDT&interval=1m&limit=100 (Caused by ConnectTimeoutError(<urllib3.connection.HTTPSConnection object at 0x7f94fc7661d0>, 'Connection to api.binance.com timed out. (connect timeout=15)'))
[2025-08-17T12:58:35.631+0000] {subprocess.py:93} INFO - ✅ FLOKIUSDT: thêm 11 dòng mới
[2025-08-17T12:58:35.632+0000] {subprocess.py:93} INFO - 45/100 FLOKIUSDT lưu OK
[2025-08-17T12:58:35.632+0000] {subprocess.py:93} INFO - ✅ APTUSDT: thêm 20 dòng mới
[2025-08-17T12:58:35.633+0000] {subprocess.py:93} INFO - 46/100 APTUSDT lưu OK
[2025-08-17T12:58:35.633+0000] {subprocess.py:93} INFO - 47/100 MOVRUSDT lỗi: relation "cryptocurrency.movrusdt" does not exist
[2025-08-17T12:58:35.633+0000] {subprocess.py:93} INFO - LINE 1: SELECT MAX(time) FROM cryptocurrency.movrusdt;
[2025-08-17T12:58:35.634+0000] {subprocess.py:93} INFO -                               ^
[2025-08-17T12:58:35.634+0000] {subprocess.py:93} INFO - 
[2025-08-17T12:58:35.634+0000] {subprocess.py:93} INFO - ✅ TONUSDT: thêm 11 dòng mới
[2025-08-17T12:58:35.635+0000] {subprocess.py:93} INFO - 48/100 TONUSDT lưu OK
[2025-08-17T12:58:35.635+0000] {subprocess.py:93} INFO - ⚠️ API3USDT lỗi lần 2/3: HTTPSConnectionPool(host='api.binance.com', port=443): Max retries exceeded with url: /api/v3/klines?symbol=API3USDT&interval=1m&limit=100 (Caused by ConnectTimeoutError(<urllib3.connection.HTTPSConnection object at 0x7f94fc767df0>, 'Connection to api.binance.com timed out. (connect timeout=15)'))
[2025-08-17T12:58:35.635+0000] {subprocess.py:93} INFO - ✅ ONDOUSDT: thêm 11 dòng mới
[2025-08-17T12:58:35.636+0000] {subprocess.py:93} INFO - 49/100 ONDOUSDT lưu OK
[2025-08-17T12:58:35.636+0000] {subprocess.py:93} INFO - ⚠️ INJUSDT lỗi lần 1/3: HTTPSConnectionPool(host='api.binance.com', port=443): Max retries exceeded with url: /api/v3/klines?symbol=INJUSDT&interval=1m&limit=100 (Caused by ConnectTimeoutError(<urllib3.connection.HTTPSConnection object at 0x7f94fc764790>, 'Connection to api.binance.com timed out. (connect timeout=15)'))
[2025-08-17T12:58:35.636+0000] {subprocess.py:93} INFO - ⚠️ BERAUSDT lỗi lần 3/3: HTTPSConnectionPool(host='api.binance.com', port=443): Max retries exceeded with url: /api/v3/klines?symbol=BERAUSDT&interval=1m&limit=100 (Caused by ConnectTimeoutError(<urllib3.connection.HTTPSConnection object at 0x7f94fdb36da0>, 'Connection to api.binance.com timed out. (connect timeout=15)'))
[2025-08-17T12:58:35.637+0000] {subprocess.py:93} INFO - 50/100 BERAUSDT bỏ qua (fail)
[2025-08-17T12:58:35.637+0000] {subprocess.py:93} INFO - ✅ OPUSDT: thêm 20 dòng mới
[2025-08-17T12:58:35.637+0000] {subprocess.py:93} INFO - 51/100 OPUSDT lưu OK
[2025-08-17T12:58:35.638+0000] {subprocess.py:93} INFO - ✅ INJUSDT: thêm 46 dòng mới
[2025-08-17T12:58:35.638+0000] {subprocess.py:93} INFO - 52/100 INJUSDT lưu OK
[2025-08-17T12:58:35.638+0000] {subprocess.py:93} INFO - 53/100 AAVEUSDT lỗi: connection to server at "videv.cloud" (27.74.74.29), port 5432 failed: Connection timed out
[2025-08-17T12:58:35.639+0000] {subprocess.py:93} INFO - 	Is the server running on that host and accepting TCP/IP connections?
[2025-08-17T12:58:35.639+0000] {subprocess.py:93} INFO - 
[2025-08-17T12:58:35.639+0000] {subprocess.py:93} INFO - ⚠️ API3USDT lỗi lần 3/3: HTTPSConnectionPool(host='api.binance.com', port=443): Max retries exceeded with url: /api/v3/klines?symbol=API3USDT&interval=1m&limit=100 (Caused by ConnectTimeoutError(<urllib3.connection.HTTPSConnection object at 0x7f94fc764fd0>, 'Connection to api.binance.com timed out. (connect timeout=15)'))
[2025-08-17T12:58:35.640+0000] {subprocess.py:93} INFO - 54/100 API3USDT bỏ qua (fail)
[2025-08-17T12:58:35.640+0000] {subprocess.py:93} INFO - ⚠️ BCHUSDT lỗi lần 1/3: HTTPSConnectionPool(host='api.binance.com', port=443): Max retries exceeded with url: /api/v3/klines?symbol=BCHUSDT&interval=1m&limit=100 (Caused by ConnectTimeoutError(<urllib3.connection.HTTPSConnection object at 0x7f94fc7fba00>, 'Connection to api.binance.com timed out. (connect timeout=15)'))
[2025-08-17T12:58:35.640+0000] {subprocess.py:93} INFO - ⚠️ PENDLEUSDT lỗi lần 1/3: HTTPSConnectionPool(host='api.binance.com', port=443): Max retries exceeded with url: /api/v3/klines?symbol=PENDLEUSDT&interval=1m&limit=100 (Caused by ConnectTimeoutError(<urllib3.connection.HTTPSConnection object at 0x7f94fdb37d30>, 'Connection to api.binance.com timed out. (connect timeout=15)'))
[2025-08-17T12:58:35.641+0000] {subprocess.py:93} INFO - ⚠️ ETHFIUSDT lỗi lần 1/3: HTTPSConnectionPool(host='api.binance.com', port=443): Max retries exceeded with url: /api/v3/klines?symbol=ETHFIUSDT&interval=1m&limit=100 (Caused by ConnectTimeoutError(<urllib3.connection.HTTPSConnection object at 0x7f94fc765000>, 'Connection to api.binance.com timed out. (connect timeout=15)'))
[2025-08-17T12:58:35.641+0000] {subprocess.py:93} INFO - 55/100 CRVUSDT lỗi: connection to server at "videv.cloud" (27.74.74.29), port 5432 failed: Connection timed out
[2025-08-17T12:58:35.641+0000] {subprocess.py:93} INFO - 	Is the server running on that host and accepting TCP/IP connections?
[2025-08-17T12:58:35.642+0000] {subprocess.py:93} INFO - 
[2025-08-17T12:58:35.642+0000] {subprocess.py:93} INFO - ⚠️ CELRUSDT lỗi lần 1/3: HTTPSConnectionPool(host='api.binance.com', port=443): Max retries exceeded with url: /api/v3/klines?symbol=CELRUSDT&interval=1m&limit=100 (Caused by ConnectTimeoutError(<urllib3.connection.HTTPSConnection object at 0x7f94fc764a00>, 'Connection to api.binance.com timed out. (connect timeout=15)'))
[2025-08-17T12:58:35.642+0000] {subprocess.py:93} INFO - 56/100 NEARUSDT lỗi: connection to server at "videv.cloud" (27.74.74.29), port 5432 failed: Connection timed out
[2025-08-17T12:58:35.643+0000] {subprocess.py:93} INFO - 	Is the server running on that host and accepting TCP/IP connections?
[2025-08-17T12:58:35.643+0000] {subprocess.py:93} INFO - 
[2025-08-17T12:58:35.643+0000] {subprocess.py:93} INFO - ⚠️ BCHUSDT lỗi lần 2/3: HTTPSConnectionPool(host='api.binance.com', port=443): Max retries exceeded with url: /api/v3/klines?symbol=BCHUSDT&interval=1m&limit=100 (Caused by ConnectTimeoutError(<urllib3.connection.HTTPSConnection object at 0x7f94fc766a70>, 'Connection to api.binance.com timed out. (connect timeout=15)'))
[2025-08-17T12:58:35.644+0000] {subprocess.py:93} INFO - ✅ RAYUSDT: thêm 27 dòng mới
[2025-08-17T12:58:35.644+0000] {subprocess.py:93} INFO - 57/100 RAYUSDT lưu OK
[2025-08-17T12:58:35.644+0000] {subprocess.py:93} INFO - ⚠️ TAOUSDT lỗi lần 1/3: HTTPSConnectionPool(host='api.binance.com', port=443): Max retries exceeded with url: /api/v3/klines?symbol=TAOUSDT&interval=1m&limit=100 (Caused by ConnectTimeoutError(<urllib3.connection.HTTPSConnection object at 0x7f94fdb343d0>, 'Connection to api.binance.com timed out. (connect timeout=15)'))
[2025-08-17T12:58:35.645+0000] {subprocess.py:93} INFO - ✅ CELRUSDT: thêm 12 dòng mới
[2025-08-17T12:58:35.645+0000] {subprocess.py:93} INFO - 58/100 CELRUSDT lưu OK
[2025-08-17T12:58:35.645+0000] {subprocess.py:93} INFO - 59/100 NMRUSDT lỗi: relation "cryptocurrency.nmrusdt" does not exist
[2025-08-17T12:58:35.646+0000] {subprocess.py:93} INFO - LINE 1: SELECT MAX(time) FROM cryptocurrency.nmrusdt;
[2025-08-17T12:58:35.646+0000] {subprocess.py:93} INFO -                               ^
[2025-08-17T12:58:35.646+0000] {subprocess.py:93} INFO - 
[2025-08-17T12:58:35.647+0000] {subprocess.py:93} INFO - 60/100 BANDUSDT lỗi: relation "cryptocurrency.bandusdt" does not exist
[2025-08-17T12:58:35.647+0000] {subprocess.py:93} INFO - LINE 1: SELECT MAX(time) FROM cryptocurrency.bandusdt;
[2025-08-17T12:58:35.647+0000] {subprocess.py:93} INFO -                               ^
[2025-08-17T12:58:35.648+0000] {subprocess.py:93} INFO - 
[2025-08-17T12:58:35.648+0000] {subprocess.py:93} INFO - ⚠️ TIAUSDT lỗi lần 1/3: HTTPSConnectionPool(host='api.binance.com', port=443): Max retries exceeded with url: /api/v3/klines?symbol=TIAUSDT&interval=1m&limit=100 (Caused by ConnectTimeoutError(<urllib3.connection.HTTPSConnection object at 0x7f94fc7fa2f0>, 'Connection to api.binance.com timed out. (connect timeout=15)'))
[2025-08-17T12:58:35.648+0000] {subprocess.py:93} INFO - ⚠️ PORTOUSDT lỗi lần 1/3: HTTPSConnectionPool(host='api.binance.com', port=443): Max retries exceeded with url: /api/v3/klines?symbol=PORTOUSDT&interval=1m&limit=100 (Caused by ConnectTimeoutError(<urllib3.connection.HTTPSConnection object at 0x7f94fc766e30>, 'Connection to api.binance.com timed out. (connect timeout=15)'))
[2025-08-17T12:58:35.648+0000] {subprocess.py:93} INFO - ⚠️ BCHUSDT lỗi lần 3/3: HTTPSConnectionPool(host='api.binance.com', port=443): Max retries exceeded with url: /api/v3/klines?symbol=BCHUSDT&interval=1m&limit=100 (Caused by ConnectTimeoutError(<urllib3.connection.HTTPSConnection object at 0x7f94fc7fb070>, 'Connection to api.binance.com timed out. (connect timeout=15)'))
[2025-08-17T12:58:35.649+0000] {subprocess.py:93} INFO - 61/100 BCHUSDT bỏ qua (fail)
[2025-08-17T12:58:35.649+0000] {subprocess.py:93} INFO - ⚠️ TAOUSDT lỗi lần 2/3: HTTPSConnectionPool(host='api.binance.com', port=443): Max retries exceeded with url: /api/v3/klines?symbol=TAOUSDT&interval=1m&limit=100 (Caused by ConnectTimeoutError(<urllib3.connection.HTTPSConnection object at 0x7f94fc7fb3a0>, 'Connection to api.binance.com timed out. (connect timeout=15)'))
[2025-08-17T12:58:35.649+0000] {subprocess.py:93} INFO - ⚠️ TIAUSDT lỗi lần 2/3: HTTPSConnectionPool(host='api.binance.com', port=443): Max retries exceeded with url: /api/v3/klines?symbol=TIAUSDT&interval=1m&limit=100 (Caused by ConnectTimeoutError(<urllib3.connection.HTTPSConnection object at 0x7f94fdb35db0>, 'Connection to api.binance.com timed out. (connect timeout=15)'))
[2025-08-17T12:58:35.650+0000] {subprocess.py:93} INFO - 62/100 DOTUSDT lỗi: connection to server at "videv.cloud" (27.74.74.29), port 5432 failed: Connection timed out
[2025-08-17T12:58:35.650+0000] {subprocess.py:93} INFO - 	Is the server running on that host and accepting TCP/IP connections?
[2025-08-17T12:58:35.650+0000] {subprocess.py:93} INFO - 
[2025-08-17T12:58:35.651+0000] {subprocess.py:93} INFO - ⚠️ TAOUSDT lỗi lần 3/3: HTTPSConnectionPool(host='api.binance.com', port=443): Max retries exceeded with url: /api/v3/klines?symbol=TAOUSDT&interval=1m&limit=100 (Caused by ConnectTimeoutError(<urllib3.connection.HTTPSConnection object at 0x7f94fc7f8e50>, 'Connection to api.binance.com timed out. (connect timeout=15)'))
[2025-08-17T12:58:35.651+0000] {subprocess.py:93} INFO - 63/100 TAOUSDT bỏ qua (fail)
[2025-08-17T12:58:35.651+0000] {subprocess.py:93} INFO - ⚠️ TIAUSDT lỗi lần 3/3: HTTPSConnectionPool(host='api.binance.com', port=443): Max retries exceeded with url: /api/v3/klines?symbol=TIAUSDT&interval=1m&limit=100 (Caused by ConnectTimeoutError(<urllib3.connection.HTTPSConnection object at 0x7f94fc7fb760>, 'Connection to api.binance.com timed out. (connect timeout=15)'))
[2025-08-17T12:58:35.652+0000] {subprocess.py:93} INFO - 64/100 TIAUSDT bỏ qua (fail)
[2025-08-17T12:58:35.652+0000] {subprocess.py:93} INFO - ⚠️ BBUSDT lỗi lần 1/3: HTTPSConnectionPool(host='api.binance.com', port=443): Max retries exceeded with url: /api/v3/klines?symbol=BBUSDT&interval=1m&limit=100 (Caused by ConnectTimeoutError(<urllib3.connection.HTTPSConnection object at 0x7f94fdb343d0>, 'Connection to api.binance.com timed out. (connect timeout=15)'))
[2025-08-17T12:58:35.652+0000] {subprocess.py:93} INFO - ⚠️ XUSDUSDT lỗi lần 1/3: HTTPSConnectionPool(host='api.binance.com', port=443): Max retries exceeded with url: /api/v3/klines?symbol=XUSDUSDT&interval=1m&limit=100 (Caused by ConnectTimeoutError(<urllib3.connection.HTTPSConnection object at 0x7f94fc7665f0>, 'Connection to api.binance.com timed out. (connect timeout=15)'))
[2025-08-17T13:00:19.429+0000] {subprocess.py:93} INFO - ⚠️ VIRTUALUSDT lỗi lần 1/3: HTTPSConnectionPool(host='api.binance.com', port=443): Max retries exceeded with url: /api/v3/klines?symbol=VIRTUALUSDT&interval=1m&limit=100 (Caused by ConnectTimeoutError(<urllib3.connection.HTTPSConnection object at 0x7f94fdb7c3d0>, 'Connection to api.binance.com timed out. (connect timeout=15)'))
[2025-08-17T13:00:19.430+0000] {subprocess.py:93} INFO - ✅ VIRTUALUSDT: thêm 12 dòng mới
[2025-08-17T13:00:19.430+0000] {subprocess.py:93} INFO - 65/100 VIRTUALUSDT lưu OK
[2025-08-17T13:00:19.431+0000] {subprocess.py:93} INFO - ⚠️ XUSDUSDT lỗi lần 2/3: HTTPSConnectionPool(host='api.binance.com', port=443): Max retries exceeded with url: /api/v3/klines?symbol=XUSDUSDT&interval=1m&limit=100 (Caused by ConnectTimeoutError(<urllib3.connection.HTTPSConnection object at 0x7f94fc7f9480>, 'Connection to api.binance.com timed out. (connect timeout=15)'))
[2025-08-17T13:00:19.431+0000] {subprocess.py:93} INFO - ✅ BATUSDT: thêm 11 dòng mới
[2025-08-17T13:00:19.432+0000] {subprocess.py:93} INFO - 66/100 BATUSDT lưu OK
[2025-08-17T13:00:19.432+0000] {subprocess.py:93} INFO - ✅ FILUSDT: thêm 13 dòng mới
[2025-08-17T13:00:19.432+0000] {subprocess.py:93} INFO - 67/100 FILUSDT lưu OK
[2025-08-17T13:00:19.433+0000] {subprocess.py:93} INFO - ⚠️ XUSDUSDT lỗi lần 3/3: HTTPSConnectionPool(host='api.binance.com', port=443): Max retries exceeded with url: /api/v3/klines?symbol=XUSDUSDT&interval=1m&limit=100 (Caused by ConnectTimeoutError(<urllib3.connection.HTTPSConnection object at 0x7f94fc764400>, 'Connection to api.binance.com timed out. (connect timeout=15)'))
[2025-08-17T13:00:19.433+0000] {subprocess.py:93} INFO - 68/100 XUSDUSDT bỏ qua (fail)
[2025-08-17T13:00:19.434+0000] {subprocess.py:93} INFO - 69/100 EIGENUSDT lỗi: connection to server at "videv.cloud" (27.74.74.29), port 5432 failed: Connection timed out
[2025-08-17T13:00:19.434+0000] {subprocess.py:93} INFO - 	Is the server running on that host and accepting TCP/IP connections?
[2025-08-17T13:00:19.434+0000] {subprocess.py:93} INFO - 
[2025-08-17T13:00:19.435+0000] {subprocess.py:93} INFO - 70/100 GALAUSDT lỗi: connection to server at "videv.cloud" (27.74.74.29), port 5432 failed: Connection timed out
[2025-08-17T13:00:19.435+0000] {subprocess.py:93} INFO - 	Is the server running on that host and accepting TCP/IP connections?
[2025-08-17T13:00:19.435+0000] {subprocess.py:93} INFO - 
[2025-08-17T13:00:19.436+0000] {subprocess.py:93} INFO - 71/100 BIOUSDT lỗi: relation "cryptocurrency.biousdt" does not exist
[2025-08-17T13:00:19.436+0000] {subprocess.py:93} INFO - LINE 1: SELECT MAX(time) FROM cryptocurrency.biousdt;
[2025-08-17T13:00:19.436+0000] {subprocess.py:93} INFO -                               ^
[2025-08-17T13:00:19.437+0000] {subprocess.py:93} INFO - 
[2025-08-17T13:00:19.437+0000] {subprocess.py:93} INFO - ⚠️ RENDERUSDT lỗi lần 1/3: HTTPSConnectionPool(host='api.binance.com', port=443): Max retries exceeded with url: /api/v3/klines?symbol=RENDERUSDT&interval=1m&limit=100 (Caused by ConnectTimeoutError(<urllib3.connection.HTTPSConnection object at 0x7f94fc7f8fa0>, 'Connection to api.binance.com timed out. (connect timeout=15)'))
[2025-08-17T13:00:19.438+0000] {subprocess.py:93} INFO - ⚠️ ALGOUSDT lỗi lần 1/3: HTTPSConnectionPool(host='api.binance.com', port=443): Max retries exceeded with url: /api/v3/klines?symbol=ALGOUSDT&interval=1m&limit=100 (Caused by ConnectTimeoutError(<urllib3.connection.HTTPSConnection object at 0x7f94fc7fbcd0>, 'Connection to api.binance.com timed out. (connect timeout=15)'))
[2025-08-17T13:00:19.438+0000] {subprocess.py:93} INFO - ⚠️ CAKEUSDT lỗi lần 1/3: HTTPSConnectionPool(host='api.binance.com', port=443): Max retries exceeded with url: /api/v3/klines?symbol=CAKEUSDT&interval=1m&limit=100 (Caused by ConnectTimeoutError(<urllib3.connection.HTTPSConnection object at 0x7f94fdb7d8d0>, 'Connection to api.binance.com timed out. (connect timeout=15)'))
[2025-08-17T13:00:19.438+0000] {subprocess.py:93} INFO - 72/100 ETHFIUSDT lỗi: connection to server at "videv.cloud" (27.74.74.29), port 5432 failed: Connection timed out
[2025-08-17T13:00:19.439+0000] {subprocess.py:93} INFO - 	Is the server running on that host and accepting TCP/IP connections?
[2025-08-17T13:00:19.439+0000] {subprocess.py:93} INFO - 
[2025-08-17T13:00:19.439+0000] {subprocess.py:93} INFO - 73/100 PENDLEUSDT lỗi: connection to server at "videv.cloud" (27.74.74.29), port 5432 failed: Connection timed out
[2025-08-17T13:00:19.440+0000] {subprocess.py:93} INFO - 	Is the server running on that host and accepting TCP/IP connections?
[2025-08-17T13:00:19.440+0000] {subprocess.py:93} INFO - 
[2025-08-17T13:00:19.440+0000] {subprocess.py:93} INFO - ⚠️ POLUSDT lỗi lần 1/3: HTTPSConnectionPool(host='api.binance.com', port=443): Max retries exceeded with url: /api/v3/klines?symbol=POLUSDT&interval=1m&limit=100 (Caused by ConnectTimeoutError(<urllib3.connection.HTTPSConnection object at 0x7f94fdb35330>, 'Connection to api.binance.com timed out. (connect timeout=15)'))
[2025-08-17T13:00:19.441+0000] {subprocess.py:93} INFO - ✅ CAKEUSDT: thêm 22 dòng mới
[2025-08-17T13:00:19.441+0000] {subprocess.py:93} INFO - 74/100 CAKEUSDT lưu OK
[2025-08-17T13:00:19.442+0000] {subprocess.py:93} INFO - ⚠️ ALGOUSDT lỗi lần 2/3: HTTPSConnectionPool(host='api.binance.com', port=443): Max retries exceeded with url: /api/v3/klines?symbol=ALGOUSDT&interval=1m&limit=100 (Caused by ConnectTimeoutError(<urllib3.connection.HTTPSConnection object at 0x7f94fdb7c2e0>, 'Connection to api.binance.com timed out. (connect timeout=15)'))
[2025-08-17T13:00:19.442+0000] {subprocess.py:93} INFO - ✅ POLUSDT: thêm 12 dòng mới
[2025-08-17T13:00:19.442+0000] {subprocess.py:93} INFO - 75/100 POLUSDT lưu OK
[2025-08-17T13:00:19.443+0000] {subprocess.py:93} INFO - ✅ ALGOUSDT: thêm 22 dòng mới
[2025-08-17T13:00:19.443+0000] {subprocess.py:93} INFO - 76/100 ALGOUSDT lưu OK
[2025-08-17T13:00:19.443+0000] {subprocess.py:93} INFO - ⚠️ ETCUSDT lỗi lần 1/3: HTTPSConnectionPool(host='api.binance.com', port=443): Max retries exceeded with url: /api/v3/klines?symbol=ETCUSDT&interval=1m&limit=100 (Caused by ConnectTimeoutError(<urllib3.connection.HTTPSConnection object at 0x7f94fc7fa020>, 'Connection to api.binance.com timed out. (connect timeout=15)'))
[2025-08-17T13:00:19.444+0000] {subprocess.py:93} INFO - ⚠️ STRKUSDT lỗi lần 1/3: HTTPSConnectionPool(host='api.binance.com', port=443): Max retries exceeded with url: /api/v3/klines?symbol=STRKUSDT&interval=1m&limit=100 (Caused by ConnectTimeoutError(<urllib3.connection.HTTPSConnection object at 0x7f94fc766bf0>, 'Connection to api.binance.com timed out. (connect timeout=15)'))
[2025-08-17T13:00:19.444+0000] {subprocess.py:93} INFO - ⚠️ SPKUSDT lỗi lần 1/3: HTTPSConnectionPool(host='api.binance.com', port=443): Max retries exceeded with url: /api/v3/klines?symbol=SPKUSDT&interval=1m&limit=100 (Caused by ConnectTimeoutError(<urllib3.connection.HTTPSConnection object at 0x7f94fc7f8f70>, 'Connection to api.binance.com timed out. (connect timeout=15)'))
[2025-08-17T13:00:19.444+0000] {subprocess.py:93} INFO - 77/100 NEIROUSDT lỗi: connection to server at "videv.cloud" (27.74.74.29), port 5432 failed: Connection timed out
[2025-08-17T13:00:19.445+0000] {subprocess.py:93} INFO - 	Is the server running on that host and accepting TCP/IP connections?
[2025-08-17T13:00:19.445+0000] {subprocess.py:93} INFO - 
[2025-08-17T13:00:19.446+0000] {subprocess.py:93} INFO - ⚠️ ZKUSDT lỗi lần 1/3: HTTPSConnectionPool(host='api.binance.com', port=443): Max retries exceeded with url: /api/v3/klines?symbol=ZKUSDT&interval=1m&limit=100 (Caused by ConnectTimeoutError(<urllib3.connection.HTTPSConnection object at 0x7f94fc7fbfd0>, 'Connection to api.binance.com timed out. (connect timeout=15)'))
[2025-08-17T13:00:19.446+0000] {subprocess.py:93} INFO - ⚠️ ICPUSDT lỗi lần 1/3: HTTPSConnectionPool(host='api.binance.com', port=443): Max retries exceeded with url: /api/v3/klines?symbol=ICPUSDT&interval=1m&limit=100 (Caused by ConnectTimeoutError(<urllib3.connection.HTTPSConnection object at 0x7f94fc7fa5f0>, 'Connection to api.binance.com timed out. (connect timeout=15)'))
[2025-08-17T13:00:19.446+0000] {subprocess.py:93} INFO - 78/100 PORTOUSDT lỗi: connection to server at "videv.cloud" (27.74.74.29), port 5432 failed: Connection timed out
[2025-08-17T13:00:19.447+0000] {subprocess.py:93} INFO - 	Is the server running on that host and accepting TCP/IP connections?
[2025-08-17T13:00:19.447+0000] {subprocess.py:93} INFO - 
[2025-08-17T13:00:19.447+0000] {subprocess.py:93} INFO - ⚠️ STRKUSDT lỗi lần 2/3: HTTPSConnectionPool(host='api.binance.com', port=443): Max retries exceeded with url: /api/v3/klines?symbol=STRKUSDT&interval=1m&limit=100 (Caused by ConnectTimeoutError(<urllib3.connection.HTTPSConnection object at 0x7f94fdb35ff0>, 'Connection to api.binance.com timed out. (connect timeout=15)'))
[2025-08-17T13:00:19.448+0000] {subprocess.py:93} INFO - ⚠️ ETCUSDT lỗi lần 2/3: HTTPSConnectionPool(host='api.binance.com', port=443): Max retries exceeded with url: /api/v3/klines?symbol=ETCUSDT&interval=1m&limit=100 (Caused by ConnectTimeoutError(<urllib3.connection.HTTPSConnection object at 0x7f94fdb37e20>, 'Connection to api.binance.com timed out. (connect timeout=15)'))
[2025-08-17T13:00:19.448+0000] {subprocess.py:93} INFO - ⚠️ SYRUPUSDT lỗi lần 1/3: HTTPSConnectionPool(host='api.binance.com', port=443): Max retries exceeded with url: /api/v3/klines?symbol=SYRUPUSDT&interval=1m&limit=100 (Caused by ConnectTimeoutError(<urllib3.connection.HTTPSConnection object at 0x7f94fc7677c0>, 'Connection to api.binance.com timed out. (connect timeout=15)'))
[2025-08-17T13:00:19.448+0000] {subprocess.py:93} INFO - ⚠️ ZKUSDT lỗi lần 2/3: HTTPSConnectionPool(host='api.binance.com', port=443): Max retries exceeded with url: /api/v3/klines?symbol=ZKUSDT&interval=1m&limit=100 (Caused by ConnectTimeoutError(<urllib3.connection.HTTPSConnection object at 0x7f94fdb343d0>, 'Connection to api.binance.com timed out. (connect timeout=15)'))
[2025-08-17T13:00:19.449+0000] {subprocess.py:93} INFO - ⚠️ ICPUSDT lỗi lần 2/3: HTTPSConnectionPool(host='api.binance.com', port=443): Max retries exceeded with url: /api/v3/klines?symbol=ICPUSDT&interval=1m&limit=100 (Caused by ConnectTimeoutError(<urllib3.connection.HTTPSConnection object at 0x7f94fc7f91b0>, 'Connection to api.binance.com timed out. (connect timeout=15)'))
[2025-08-17T13:00:19.449+0000] {subprocess.py:93} INFO - ⚠️ LRCUSDT lỗi lần 1/3: HTTPSConnectionPool(host='api.binance.com', port=443): Max retries exceeded with url: /api/v3/klines?symbol=LRCUSDT&interval=1m&limit=100 (Caused by ConnectTimeoutError(<urllib3.connection.HTTPSConnection object at 0x7f94fc765210>, 'Connection to api.binance.com timed out. (connect timeout=15)'))
[2025-08-17T13:01:40.072+0000] {subprocess.py:93} INFO - ⚠️ STRKUSDT lỗi lần 3/3: HTTPSConnectionPool(host='api.binance.com', port=443): Max retries exceeded with url: /api/v3/klines?symbol=STRKUSDT&interval=1m&limit=100 (Caused by ConnectTimeoutError(<urllib3.connection.HTTPSConnection object at 0x7f94fc7670d0>, 'Connection to api.binance.com timed out. (connect timeout=15)'))
[2025-08-17T13:01:40.073+0000] {subprocess.py:93} INFO - ⚠️ ETCUSDT lỗi lần 3/3: HTTPSConnectionPool(host='api.binance.com', port=443): Max retries exceeded with url: /api/v3/klines?symbol=ETCUSDT&interval=1m&limit=100 (Caused by ConnectTimeoutError(<urllib3.connection.HTTPSConnection object at 0x7f94fc7656f0>, 'Connection to api.binance.com timed out. (connect timeout=15)'))
[2025-08-17T13:01:40.073+0000] {subprocess.py:93} INFO - 79/100 STRKUSDT bỏ qua (fail)
[2025-08-17T13:01:40.074+0000] {subprocess.py:93} INFO - 80/100 ETCUSDT bỏ qua (fail)
[2025-08-17T13:01:40.074+0000] {subprocess.py:93} INFO - 81/100 ZKUSDT lỗi: relation "cryptocurrency.zkusdt" does not exist
[2025-08-17T13:01:40.075+0000] {subprocess.py:93} INFO - LINE 1: SELECT MAX(time) FROM cryptocurrency.zkusdt;
[2025-08-17T13:01:40.075+0000] {subprocess.py:93} INFO -                               ^
[2025-08-17T13:01:40.075+0000] {subprocess.py:93} INFO - 
[2025-08-17T13:01:40.076+0000] {subprocess.py:93} INFO - ⚠️ ICPUSDT lỗi lần 3/3: HTTPSConnectionPool(host='api.binance.com', port=443): Max retries exceeded with url: /api/v3/klines?symbol=ICPUSDT&interval=1m&limit=100 (Caused by ConnectTimeoutError(<urllib3.connection.HTTPSConnection object at 0x7f94fdb36ad0>, 'Connection to api.binance.com timed out. (connect timeout=15)'))
[2025-08-17T13:01:40.076+0000] {subprocess.py:93} INFO - ⚠️ LRCUSDT lỗi lần 2/3: HTTPSConnectionPool(host='api.binance.com', port=443): Max retries exceeded with url: /api/v3/klines?symbol=LRCUSDT&interval=1m&limit=100 (Caused by ConnectTimeoutError(<urllib3.connection.HTTPSConnection object at 0x7f94fc7fb8b0>, 'Connection to api.binance.com timed out. (connect timeout=15)'))
[2025-08-17T13:01:40.076+0000] {subprocess.py:93} INFO - 82/100 ICPUSDT bỏ qua (fail)
[2025-08-17T13:01:40.077+0000] {subprocess.py:93} INFO - 83/100 BBUSDT lỗi: connection to server at "videv.cloud" (27.74.74.29), port 5432 failed: Connection timed out
[2025-08-17T13:01:40.077+0000] {subprocess.py:93} INFO - 	Is the server running on that host and accepting TCP/IP connections?
[2025-08-17T13:01:40.077+0000] {subprocess.py:93} INFO - 
[2025-08-17T13:01:40.078+0000] {subprocess.py:93} INFO - ⚠️ ERAUSDT lỗi lần 1/3: HTTPSConnectionPool(host='api.binance.com', port=443): Max retries exceeded with url: /api/v3/klines?symbol=ERAUSDT&interval=1m&limit=100 (Caused by ConnectTimeoutError(<urllib3.connection.HTTPSConnection object at 0x7f94fdb7d840>, 'Connection to api.binance.com timed out. (connect timeout=15)'))
[2025-08-17T13:01:40.078+0000] {subprocess.py:93} INFO - ⚠️ SHIBUSDT lỗi lần 1/3: HTTPSConnectionPool(host='api.binance.com', port=443): Max retries exceeded with url: /api/v3/klines?symbol=SHIBUSDT&interval=1m&limit=100 (Caused by ConnectTimeoutError(<urllib3.connection.HTTPSConnection object at 0x7f94fc7678b0>, 'Connection to api.binance.com timed out. (connect timeout=15)'))
[2025-08-17T13:01:40.078+0000] {subprocess.py:93} INFO - ⚠️ PNUTUSDT lỗi lần 1/3: HTTPSConnectionPool(host='api.binance.com', port=443): Max retries exceeded with url: /api/v3/klines?symbol=PNUTUSDT&interval=1m&limit=100 (Caused by ConnectTimeoutError(<urllib3.connection.HTTPSConnection object at 0x7f94fc767f70>, 'Connection to api.binance.com timed out. (connect timeout=15)'))
[2025-08-17T13:01:40.079+0000] {subprocess.py:93} INFO - ⚠️ LRCUSDT lỗi lần 3/3: HTTPSConnectionPool(host='api.binance.com', port=443): Max retries exceeded with url: /api/v3/klines?symbol=LRCUSDT&interval=1m&limit=100 (Caused by ConnectTimeoutError(<urllib3.connection.HTTPSConnection object at 0x7f94fc7faec0>, 'Connection to api.binance.com timed out. (connect timeout=15)'))
[2025-08-17T13:01:40.079+0000] {subprocess.py:93} INFO - ⚠️ HOTUSDT lỗi lần 1/3: HTTPSConnectionPool(host='api.binance.com', port=443): Max retries exceeded with url: /api/v3/klines?symbol=HOTUSDT&interval=1m&limit=100 (Caused by ConnectTimeoutError(<urllib3.connection.HTTPSConnection object at 0x7f94fc7fb6a0>, 'Connection to api.binance.com timed out. (connect timeout=15)'))
[2025-08-17T13:01:40.079+0000] {subprocess.py:93} INFO - 84/100 LRCUSDT bỏ qua (fail)
[2025-08-17T13:01:40.080+0000] {subprocess.py:93} INFO - ⚠️ ERAUSDT lỗi lần 2/3: HTTPSConnectionPool(host='api.binance.com', port=443): Max retries exceeded with url: /api/v3/klines?symbol=ERAUSDT&interval=1m&limit=100 (Caused by ConnectTimeoutError(<urllib3.connection.HTTPSConnection object at 0x7f94fdb373d0>, 'Connection to api.binance.com timed out. (connect timeout=15)'))
[2025-08-17T13:01:40.080+0000] {subprocess.py:93} INFO - 85/100 HOTUSDT lỗi: relation "cryptocurrency.hotusdt" does not exist
[2025-08-17T13:01:40.080+0000] {subprocess.py:93} INFO - LINE 1: SELECT MAX(time) FROM cryptocurrency.hotusdt;
[2025-08-17T13:01:40.081+0000] {subprocess.py:93} INFO -                               ^
[2025-08-17T13:01:40.081+0000] {subprocess.py:93} INFO - 
[2025-08-17T13:01:40.081+0000] {subprocess.py:93} INFO - ✅ PNUTUSDT: thêm 12 dòng mới
[2025-08-17T13:01:40.082+0000] {subprocess.py:93} INFO - 86/100 PNUTUSDT lưu OK
[2025-08-17T13:01:40.082+0000] {subprocess.py:93} INFO - ⚠️ SHIBUSDT lỗi lần 2/3: HTTPSConnectionPool(host='api.binance.com', port=443): Max retries exceeded with url: /api/v3/klines?symbol=SHIBUSDT&interval=1m&limit=100 (Caused by ConnectTimeoutError(<urllib3.connection.HTTPSConnection object at 0x7f94fc7f9060>, 'Connection to api.binance.com timed out. (connect timeout=15)'))
[2025-08-17T13:01:40.082+0000] {subprocess.py:93} INFO - ✅ SHIBUSDT: thêm 30 dòng mới
[2025-08-17T13:01:40.083+0000] {subprocess.py:93} INFO - 87/100 SHIBUSDT lưu OK
[2025-08-17T13:01:40.083+0000] {subprocess.py:93} INFO - 88/100 TREEUSDT lỗi: relation "cryptocurrency.treeusdt" does not exist
[2025-08-17T13:01:40.083+0000] {subprocess.py:93} INFO - LINE 1: SELECT MAX(time) FROM cryptocurrency.treeusdt;
[2025-08-17T13:01:40.084+0000] {subprocess.py:93} INFO -                               ^
[2025-08-17T13:01:40.084+0000] {subprocess.py:93} INFO - 
[2025-08-17T13:01:40.084+0000] {subprocess.py:93} INFO - ⚠️ EURUSDT lỗi lần 1/3: HTTPSConnectionPool(host='api.binance.com', port=443): Max retries exceeded with url: /api/v3/klines?symbol=EURUSDT&interval=1m&limit=100 (Caused by ConnectTimeoutError(<urllib3.connection.HTTPSConnection object at 0x7f94fc764370>, 'Connection to api.binance.com timed out. (connect timeout=15)'))
[2025-08-17T13:01:40.085+0000] {subprocess.py:93} INFO - ⚠️ ERAUSDT lỗi lần 3/3: HTTPSConnectionPool(host='api.binance.com', port=443): Max retries exceeded with url: /api/v3/klines?symbol=ERAUSDT&interval=1m&limit=100 (Caused by ConnectTimeoutError(<urllib3.connection.HTTPSConnection object at 0x7f94fdb35db0>, 'Connection to api.binance.com timed out. (connect timeout=15)'))
[2025-08-17T13:01:40.085+0000] {subprocess.py:93} INFO - ⚠️ MKRUSDT lỗi lần 1/3: HTTPSConnectionPool(host='api.binance.com', port=443): Max retries exceeded with url: /api/v3/klines?symbol=MKRUSDT&interval=1m&limit=100 (Caused by ConnectTimeoutError(<urllib3.connection.HTTPSConnection object at 0x7f94fc7fb670>, 'Connection to api.binance.com timed out. (connect timeout=15)'))
[2025-08-17T13:01:40.085+0000] {subprocess.py:93} INFO - 89/100 ERAUSDT bỏ qua (fail)
[2025-08-17T13:01:40.086+0000] {subprocess.py:93} INFO - ⚠️ ENSUSDT lỗi lần 1/3: HTTPSConnectionPool(host='api.binance.com', port=443): Max retries exceeded with url: /api/v3/klines?symbol=ENSUSDT&interval=1m&limit=100 (Caused by ConnectTimeoutError(<urllib3.connection.HTTPSConnection object at 0x7f94fc7face0>, 'Connection to api.binance.com timed out. (connect timeout=15)'))
[2025-08-17T13:01:40.086+0000] {subprocess.py:93} INFO - ⚠️ VETUSDT lỗi lần 1/3: HTTPSConnectionPool(host='api.binance.com', port=443): Max retries exceeded with url: /api/v3/klines?symbol=VETUSDT&interval=1m&limit=100 (Caused by ConnectTimeoutError(<urllib3.connection.HTTPSConnection object at 0x7f94fdb343a0>, 'Connection to api.binance.com timed out. (connect timeout=15)'))
[2025-08-17T13:01:40.086+0000] {subprocess.py:93} INFO - ⚠️ EURUSDT lỗi lần 2/3: HTTPSConnectionPool(host='api.binance.com', port=443): Max retries exceeded with url: /api/v3/klines?symbol=EURUSDT&interval=1m&limit=100 (Caused by ConnectTimeoutError(<urllib3.connection.HTTPSConnection object at 0x7f94fc7f8fd0>, 'Connection to api.binance.com timed out. (connect timeout=15)'))
[2025-08-17T13:01:40.087+0000] {subprocess.py:93} INFO - 90/100 FETUSDT lỗi: connection to server at "videv.cloud" (27.74.74.29), port 5432 failed: Connection timed out
[2025-08-17T13:01:40.087+0000] {subprocess.py:93} INFO - 	Is the server running on that host and accepting TCP/IP connections?
[2025-08-17T13:01:40.087+0000] {subprocess.py:93} INFO - 
[2025-08-17T13:01:40.088+0000] {subprocess.py:93} INFO - ⚠️ CFXUSDT lỗi lần 1/3: HTTPSConnectionPool(host='api.binance.com', port=443): Max retries exceeded with url: /api/v3/klines?symbol=CFXUSDT&interval=1m&limit=100 (Caused by ConnectTimeoutError(<urllib3.connection.HTTPSConnection object at 0x7f94fc764790>, 'Connection to api.binance.com timed out. (connect timeout=15)'))
[2025-08-17T13:01:40.088+0000] {subprocess.py:93} INFO - ⚠️ MKRUSDT lỗi lần 2/3: HTTPSConnectionPool(host='api.binance.com', port=443): Max retries exceeded with url: /api/v3/klines?symbol=MKRUSDT&interval=1m&limit=100 (Caused by ConnectTimeoutError(<urllib3.connection.HTTPSConnection object at 0x7f94fc7652a0>, 'Connection to api.binance.com timed out. (connect timeout=15)'))
[2025-08-17T13:01:40.088+0000] {subprocess.py:93} INFO - 91/100 RENDERUSDT lỗi: connection to server at "videv.cloud" (27.74.74.29), port 5432 failed: Connection timed out
[2025-08-17T13:01:40.089+0000] {subprocess.py:93} INFO - 	Is the server running on that host and accepting TCP/IP connections?
[2025-08-17T13:01:40.089+0000] {subprocess.py:93} INFO - 
[2025-08-17T13:01:40.089+0000] {subprocess.py:93} INFO - ⚠️ VETUSDT lỗi lần 2/3: HTTPSConnectionPool(host='api.binance.com', port=443): Max retries exceeded with url: /api/v3/klines?symbol=VETUSDT&interval=1m&limit=100 (Caused by ConnectTimeoutError(<urllib3.connection.HTTPSConnection object at 0x7f94fc7fab30>, 'Connection to api.binance.com timed out. (connect timeout=15)'))
[2025-08-17T13:02:34.684+0000] {subprocess.py:93} INFO - ⚠️ ARKMUSDT lỗi lần 1/3: HTTPSConnectionPool(host='api.binance.com', port=443): Max retries exceeded with url: /api/v3/klines?symbol=ARKMUSDT&interval=1m&limit=100 (Caused by ConnectTimeoutError(<urllib3.connection.HTTPSConnection object at 0x7f94fc7faf80>, 'Connection to api.binance.com timed out. (connect timeout=15)'))
[2025-08-17T13:02:34.685+0000] {subprocess.py:93} INFO - ✅ ARKMUSDT: thêm 22 dòng mới
[2025-08-17T13:02:34.685+0000] {subprocess.py:93} INFO - 92/100 ARKMUSDT lưu OK
[2025-08-17T13:02:34.685+0000] {subprocess.py:93} INFO - ⚠️ MKRUSDT lỗi lần 3/3: HTTPSConnectionPool(host='api.binance.com', port=443): Max retries exceeded with url: /api/v3/klines?symbol=MKRUSDT&interval=1m&limit=100 (Caused by ConnectTimeoutError(<urllib3.connection.HTTPSConnection object at 0x7f94fdb7db70>, 'Connection to api.binance.com timed out. (connect timeout=15)'))
[2025-08-17T13:02:34.686+0000] {subprocess.py:93} INFO - 93/100 VETUSDT lỗi: relation "cryptocurrency.vetusdt" does not exist
[2025-08-17T13:02:34.686+0000] {subprocess.py:93} INFO - LINE 1: SELECT MAX(time) FROM cryptocurrency.vetusdt;
[2025-08-17T13:02:34.686+0000] {subprocess.py:93} INFO -                               ^
[2025-08-17T13:02:34.686+0000] {subprocess.py:93} INFO - 
[2025-08-17T13:02:34.687+0000] {subprocess.py:93} INFO - ✅ CFXUSDT: thêm 13 dòng mới
[2025-08-17T13:02:34.687+0000] {subprocess.py:93} INFO - 94/100 CFXUSDT lưu OK
[2025-08-17T13:02:34.687+0000] {subprocess.py:93} INFO - 95/100 MKRUSDT bỏ qua (fail)
[2025-08-17T13:02:34.687+0000] {subprocess.py:93} INFO - ✅ ENSUSDT: thêm 13 dòng mới
[2025-08-17T13:02:34.687+0000] {subprocess.py:93} INFO - 96/100 ENSUSDT lưu OK
[2025-08-17T13:02:34.688+0000] {subprocess.py:93} INFO - ✅ EURUSDT: thêm 23 dòng mới
[2025-08-17T13:02:34.688+0000] {subprocess.py:93} INFO - 97/100 EURUSDT lưu OK
[2025-08-17T13:02:34.688+0000] {subprocess.py:93} INFO - 98/100 SPKUSDT lỗi: connection to server at "videv.cloud" (27.74.74.29), port 5432 failed: Connection timed out
[2025-08-17T13:02:34.688+0000] {subprocess.py:93} INFO - 	Is the server running on that host and accepting TCP/IP connections?
[2025-08-17T13:02:34.689+0000] {subprocess.py:93} INFO - 
[2025-08-17T13:02:34.689+0000] {subprocess.py:93} INFO - 99/100 SYRUPUSDT lỗi: connection to server at "videv.cloud" (27.74.74.29), port 5432 failed: Connection timed out
[2025-08-17T13:02:34.689+0000] {subprocess.py:93} INFO - 	Is the server running on that host and accepting TCP/IP connections?
[2025-08-17T13:02:34.689+0000] {subprocess.py:93} INFO - 
[2025-08-17T13:02:34.689+0000] {subprocess.py:93} INFO - 100/100 LAUSDT lỗi: connection to server at "videv.cloud" (27.74.74.29), port 5432 failed: Connection timed out
[2025-08-17T13:02:34.690+0000] {subprocess.py:93} INFO - 	Is the server running on that host and accepting TCP/IP connections?
[2025-08-17T13:02:34.690+0000] {subprocess.py:93} INFO - 
[2025-08-17T13:02:34.855+0000] {subprocess.py:97} INFO - Command exited with return code 0
[2025-08-17T13:02:34.856+0000] {taskinstance.py:441} INFO - ::group::Post task execution logs
[2025-08-17T13:02:34.889+0000] {taskinstance.py:1206} INFO - Marking task as SUCCESS. dag_id=crypto_collector_dag, task_id=run_crypto_collector, run_id=scheduled__2025-08-17T12:49:00+00:00, execution_date=20250817T124900, start_date=20250817T125213, end_date=20250817T130234
[2025-08-17T13:02:34.924+0000] {local_task_job_runner.py:240} INFO - Task exited with return code 0
[2025-08-17T13:02:34.952+0000] {taskinstance.py:3498} INFO - 0 downstream tasks scheduled from follow-on schedule check
[2025-08-17T13:02:34.954+0000] {local_task_job_runner.py:222} INFO - ::endgroup::
