[2025-09-05T07:32:01.537+0000] {local_task_job_runner.py:120} INFO - ::group::Pre task execution logs
[2025-09-05T07:32:01.563+0000] {taskinstance.py:2076} INFO - Dependencies all met for dep_context=non-requeueable deps ti=<TaskInstance: foreign_1_live.save_foreign_1 scheduled__2025-09-05T07:31:00+00:00 [queued]>
[2025-09-05T07:32:01.573+0000] {taskinstance.py:2076} INFO - Dependencies all met for dep_context=requeueable deps ti=<TaskInstance: foreign_1_live.save_foreign_1 scheduled__2025-09-05T07:31:00+00:00 [queued]>
[2025-09-05T07:32:01.574+0000] {taskinstance.py:2306} INFO - Starting attempt 1 of 11
[2025-09-05T07:32:01.589+0000] {taskinstance.py:2330} INFO - Executing <Task(PythonOperator): save_foreign_1> on 2025-09-05 07:31:00+00:00
[2025-09-05T07:32:01.598+0000] {standard_task_runner.py:63} INFO - Started process 3150030 to run task
[2025-09-05T07:32:01.602+0000] {standard_task_runner.py:90} INFO - Running: ['***', 'tasks', 'run', 'foreign_1_live', 'save_foreign_1', 'scheduled__2025-09-05T07:31:00+00:00', '--job-id', '111656', '--raw', '--subdir', 'DAGS_FOLDER/dag_foreign_1_live.py', '--cfg-path', '/tmp/tmpsiv9f_ex']
[2025-09-05T07:32:01.605+0000] {standard_task_runner.py:91} INFO - Job 111656: Subtask save_foreign_1
[2025-09-05T07:32:01.659+0000] {task_command.py:426} INFO - Running <TaskInstance: foreign_1_live.save_foreign_1 scheduled__2025-09-05T07:31:00+00:00 [running]> on host 1877907bc043
[2025-09-05T07:32:01.761+0000] {taskinstance.py:2648} INFO - Exporting env vars: AIRFLOW_CTX_DAG_OWNER='***' AIRFLOW_CTX_DAG_ID='foreign_1_live' AIRFLOW_CTX_TASK_ID='save_foreign_1' AIRFLOW_CTX_EXECUTION_DATE='2025-09-05T07:31:00+00:00' AIRFLOW_CTX_TRY_NUMBER='1' AIRFLOW_CTX_DAG_RUN_ID='scheduled__2025-09-05T07:31:00+00:00'
[2025-09-05T07:32:01.762+0000] {taskinstance.py:430} INFO - ::endgroup::
[2025-09-05T07:32:01.778+0000] {foreign_1.py:18} INFO - Kết nối DB
[2025-09-05T07:32:02.942+0000] {foreign_1.py:28} INFO - Đã lưu foreign_ALL
[2025-09-05T07:32:02.943+0000] {foreign_1.py:18} INFO - Kết nối DB
[2025-09-05T07:32:04.626+0000] {foreign_1.py:28} INFO - Đã lưu foreign_HOSE
[2025-09-05T07:32:04.627+0000] {foreign_1.py:18} INFO - Kết nối DB
[2025-09-05T07:32:05.605+0000] {foreign_1.py:28} INFO - Đã lưu foreign_HNX
[2025-09-05T07:32:05.607+0000] {foreign_1.py:18} INFO - Kết nối DB
[2025-09-05T07:32:09.545+0000] {foreign_1.py:28} INFO - Đã lưu foreign_UPCOM
[2025-09-05T07:32:09.546+0000] {python.py:237} INFO - Done. Returned value was: None
[2025-09-05T07:32:09.547+0000] {taskinstance.py:441} INFO - ::group::Post task execution logs
[2025-09-05T07:32:09.564+0000] {taskinstance.py:1206} INFO - Marking task as SUCCESS. dag_id=foreign_1_live, task_id=save_foreign_1, run_id=scheduled__2025-09-05T07:31:00+00:00, execution_date=20250905T073100, start_date=20250905T073201, end_date=20250905T073209
[2025-09-05T07:32:09.643+0000] {local_task_job_runner.py:240} INFO - Task exited with return code 0
[2025-09-05T07:32:09.684+0000] {taskinstance.py:3498} INFO - 4 downstream tasks scheduled from follow-on schedule check
[2025-09-05T07:32:09.686+0000] {local_task_job_runner.py:222} INFO - ::endgroup::
