[2025-08-19T22:24:01.362+0000] {local_task_job_runner.py:120} INFO - ::group::Pre task execution logs
[2025-08-19T22:24:01.382+0000] {taskinstance.py:2076} INFO - Dependencies all met for dep_context=non-requeueable deps ti=<TaskInstance: crypto_collector_dag.run_crypto_collector scheduled__2025-08-19T22:23:00+00:00 [queued]>
[2025-08-19T22:24:01.389+0000] {taskinstance.py:2076} INFO - Dependencies all met for dep_context=requeueable deps ti=<TaskInstance: crypto_collector_dag.run_crypto_collector scheduled__2025-08-19T22:23:00+00:00 [queued]>
[2025-08-19T22:24:01.389+0000] {taskinstance.py:2306} INFO - Starting attempt 1 of 2
[2025-08-19T22:24:01.399+0000] {taskinstance.py:2330} INFO - Executing <Task(BashOperator): run_crypto_collector> on 2025-08-19 22:23:00+00:00
[2025-08-19T22:24:01.405+0000] {standard_task_runner.py:63} INFO - Started process 363014 to run task
[2025-08-19T22:24:01.409+0000] {standard_task_runner.py:90} INFO - Running: ['***', 'tasks', 'run', 'crypto_collector_dag', 'run_crypto_collector', 'scheduled__2025-08-19T22:23:00+00:00', '--job-id', '12165', '--raw', '--subdir', 'DAGS_FOLDER/crawl_crypto/dags_crypto.py', '--cfg-path', '/tmp/tmpokkrdv5o']
[2025-08-19T22:24:01.411+0000] {standard_task_runner.py:91} INFO - Job 12165: Subtask run_crypto_collector
[2025-08-19T22:24:01.459+0000] {task_command.py:426} INFO - Running <TaskInstance: crypto_collector_dag.run_crypto_collector scheduled__2025-08-19T22:23:00+00:00 [running]> on host 1877907bc043
[2025-08-19T22:24:01.604+0000] {taskinstance.py:2648} INFO - Exporting env vars: AIRFLOW_CTX_DAG_OWNER='***' AIRFLOW_CTX_DAG_ID='crypto_collector_dag' AIRFLOW_CTX_TASK_ID='run_crypto_collector' AIRFLOW_CTX_EXECUTION_DATE='2025-08-19T22:23:00+00:00' AIRFLOW_CTX_TRY_NUMBER='1' AIRFLOW_CTX_DAG_RUN_ID='scheduled__2025-08-19T22:23:00+00:00'
[2025-08-19T22:24:01.605+0000] {taskinstance.py:430} INFO - ::endgroup::
[2025-08-19T22:24:01.624+0000] {subprocess.py:63} INFO - Tmp dir root location: /tmp
[2025-08-19T22:24:01.625+0000] {subprocess.py:75} INFO - Running command: ['/usr/bin/bash', '-c', 'python3 /opt/***/dags/crawl_crypto/crawl_data_crypto.py']
[2025-08-19T22:24:01.638+0000] {subprocess.py:86} INFO - Output:
[2025-08-19T22:24:07.850+0000] {subprocess.py:93} INFO - 🔹 Kết nối DB...
[2025-08-19T22:24:07.851+0000] {subprocess.py:93} INFO - 🔹 Lấy top 100 crypto...
[2025-08-19T22:24:07.851+0000] {subprocess.py:93} INFO - Top 100: ['ETHUSDT', 'USDCUSDT', 'BTCUSDT', 'SOLUSDT', 'XRPUSDT', 'PROVEUSDT', 'FDUSDUSDT', 'DOGEUSDT', 'LINKUSDT', 'ADAUSDT', 'TRXUSDT', 'BNBUSDT', 'TOWNSUSDT', 'SUIUSDT', 'ENAUSDT', 'API3USDT', 'PEPEUSDT', 'PENGUUSDT', 'ARBUSDT', 'AEURUSDT', 'AVAXUSDT', 'UNIUSDT', 'BIOUSDT', 'LTCUSDT', 'SEIUSDT', 'POLUSDT', 'PLUMEUSDT', 'CRVUSDT', 'HBARUSDT', 'TRUMPUSDT', 'TONUSDT', 'WLDUSDT', 'SUSDT', 'BONKUSDT', 'AAVEUSDT', 'APTUSDT', 'WIFUSDT', 'NEARUSDT', 'DOTUSDT', 'RADUSDT', 'XLMUSDT', '1INCHUSDT', 'FLOKIUSDT', 'ETHFIUSDT', 'LDOUSDT', 'OPUSDT', 'TAOUSDT', 'INJUSDT', 'ONDOUSDT', 'VIRTUALUSDT', 'UMAUSDT', 'SHIBUSDT', 'UTKUSDT', 'OGUSDT', 'EURUSDT', 'PENDLEUSDT', 'NEIROUSDT', 'CFXUSDT', 'BCHUSDT', 'TIAUSDT', 'PNUTUSDT', 'ETCUSDT', 'FILUSDT', 'WBTCUSDT', 'ALGOUSDT', 'SPKUSDT', 'RAYUSDT', 'GALAUSDT', 'EPICUSDT', 'RAREUSDT', 'OGNUSDT', 'EIGENUSDT', 'CAKEUSDT', 'BERAUSDT', 'AUDIOUSDT', 'ICPUSDT', 'XUSDUSDT', 'FETUSDT', 'RENDERUSDT', 'BFUSDUSDT', 'ACAUSDT', 'MEMEUSDT', 'IOUSDT', 'KERNELUSDT', 'RUNEUSDT', 'VETUSDT', 'MAVUSDT', 'ALPINEUSDT', 'SKLUSDT', 'ASRUSDT', 'APEUSDT', 'DIAUSDT', 'ATOMUSDT', 'CTSIUSDT', 'AIXBTUSDT', 'ARUSDT', 'SYRUPUSDT', 'PHAUSDT', 'CYBERUSDT', 'ENSUSDT']
[2025-08-19T22:24:07.851+0000] {subprocess.py:93} INFO - 🔹 Lưu lịch sử giá vào DB bằng threading...
[2025-08-19T22:24:07.851+0000] {subprocess.py:93} INFO - ✅ ETHUSDT: thêm 1 dòng mới
[2025-08-19T22:24:07.852+0000] {subprocess.py:93} INFO - 1/100 ETHUSDT lưu OK
[2025-08-19T22:24:07.852+0000] {subprocess.py:93} INFO - ✅ USDCUSDT: thêm 1 dòng mới
[2025-08-19T22:24:07.852+0000] {subprocess.py:93} INFO - 2/100 USDCUSDT lưu OK
[2025-08-19T22:24:07.852+0000] {subprocess.py:93} INFO - ✅ BTCUSDT: thêm 1 dòng mới
[2025-08-19T22:24:07.853+0000] {subprocess.py:93} INFO - 3/100 BTCUSDT lưu OK
[2025-08-19T22:24:07.853+0000] {subprocess.py:93} INFO - ✅ SOLUSDT: thêm 1 dòng mới
[2025-08-19T22:24:07.853+0000] {subprocess.py:93} INFO - ✅ FDUSDUSDT: thêm 1 dòng mới
[2025-08-19T22:24:07.854+0000] {subprocess.py:93} INFO - 4/100 SOLUSDT lưu OK
[2025-08-19T22:24:07.854+0000] {subprocess.py:93} INFO - 5/100 FDUSDUSDT lưu OK
[2025-08-19T22:24:07.854+0000] {subprocess.py:93} INFO - ✅ LINKUSDT: thêm 1 dòng mới
[2025-08-19T22:24:07.854+0000] {subprocess.py:93} INFO - 6/100 LINKUSDT lưu OK
[2025-08-19T22:24:07.855+0000] {subprocess.py:93} INFO - ✅ XRPUSDT: thêm 1 dòng mới
[2025-08-19T22:24:07.855+0000] {subprocess.py:93} INFO - 7/100 XRPUSDT lưu OK
[2025-08-19T22:24:07.855+0000] {subprocess.py:93} INFO - ✅ ADAUSDT: thêm 1 dòng mới
[2025-08-19T22:24:07.855+0000] {subprocess.py:93} INFO - 8/100 ADAUSDT lưu OK
[2025-08-19T22:24:07.855+0000] {subprocess.py:93} INFO - ✅ DOGEUSDT: thêm 1 dòng mới
[2025-08-19T22:24:07.856+0000] {subprocess.py:93} INFO - 9/100 DOGEUSDT lưu OK
[2025-08-19T22:24:07.856+0000] {subprocess.py:93} INFO - ✅ PROVEUSDT: thêm 1 dòng mới
[2025-08-19T22:24:07.856+0000] {subprocess.py:93} INFO - 10/100 PROVEUSDT lưu OK
[2025-08-19T22:24:07.856+0000] {subprocess.py:93} INFO - ✅ TRXUSDT: thêm 1 dòng mới
[2025-08-19T22:24:07.857+0000] {subprocess.py:93} INFO - 11/100 TRXUSDT lưu OK
[2025-08-19T22:24:07.857+0000] {subprocess.py:93} INFO - ✅ BNBUSDT: thêm 1 dòng mới
[2025-08-19T22:24:07.857+0000] {subprocess.py:93} INFO - 12/100 BNBUSDT lưu OK
[2025-08-19T22:24:07.857+0000] {subprocess.py:93} INFO - ✅ API3USDT: thêm 1 dòng mới
[2025-08-19T22:24:07.857+0000] {subprocess.py:93} INFO - 13/100 API3USDT lưu OK
[2025-08-19T22:24:07.858+0000] {subprocess.py:93} INFO - ✅ TOWNSUSDT: thêm 1 dòng mới
[2025-08-19T22:24:07.858+0000] {subprocess.py:93} INFO - ✅ ENAUSDT: thêm 1 dòng mới
[2025-08-19T22:24:07.858+0000] {subprocess.py:93} INFO - 14/100 TOWNSUSDT lưu OK
[2025-08-19T22:24:07.858+0000] {subprocess.py:93} INFO - 15/100 ENAUSDT lưu OK
[2025-08-19T22:24:07.859+0000] {subprocess.py:93} INFO - ✅ PEPEUSDT: thêm 1 dòng mới
[2025-08-19T22:24:07.859+0000] {subprocess.py:93} INFO - 16/100 PEPEUSDT lưu OK
[2025-08-19T22:24:07.859+0000] {subprocess.py:93} INFO - ✅ SUIUSDT: thêm 1 dòng mới
[2025-08-19T22:24:07.860+0000] {subprocess.py:93} INFO - 17/100 SUIUSDT lưu OK
[2025-08-19T22:24:07.860+0000] {subprocess.py:93} INFO - ✅ ARBUSDT: thêm 1 dòng mới
[2025-08-19T22:24:07.860+0000] {subprocess.py:93} INFO - 18/100 ARBUSDT lưu OK
[2025-08-19T22:24:07.860+0000] {subprocess.py:93} INFO - 19/100 AEURUSDT lỗi: relation "cryptocurrency.aeurusdt" does not exist
[2025-08-19T22:24:07.861+0000] {subprocess.py:93} INFO - LINE 1: SELECT MAX(time) FROM cryptocurrency.aeurusdt;
[2025-08-19T22:24:07.861+0000] {subprocess.py:93} INFO -                               ^
[2025-08-19T22:24:07.861+0000] {subprocess.py:93} INFO - 
[2025-08-19T22:24:07.861+0000] {subprocess.py:93} INFO - ✅ PENGUUSDT: thêm 1 dòng mới
[2025-08-19T22:24:07.861+0000] {subprocess.py:93} INFO - 20/100 PENGUUSDT lưu OK
[2025-08-19T22:24:07.862+0000] {subprocess.py:93} INFO - ✅ AVAXUSDT: thêm 1 dòng mới
[2025-08-19T22:24:07.862+0000] {subprocess.py:93} INFO - 21/100 AVAXUSDT lưu OK
[2025-08-19T22:24:07.862+0000] {subprocess.py:93} INFO - ✅ SEIUSDT: thêm 1 dòng mới
[2025-08-19T22:24:07.862+0000] {subprocess.py:93} INFO - 22/100 SEIUSDT lưu OK
[2025-08-19T22:24:07.862+0000] {subprocess.py:93} INFO - ✅ LTCUSDT: thêm 1 dòng mới
[2025-08-19T22:24:07.863+0000] {subprocess.py:93} INFO - 23/100 LTCUSDT lưu OK
[2025-08-19T22:24:07.863+0000] {subprocess.py:93} INFO - ✅ POLUSDT: thêm 1 dòng mới
[2025-08-19T22:24:07.863+0000] {subprocess.py:93} INFO - 24/100 POLUSDT lưu OK
[2025-08-19T22:24:07.863+0000] {subprocess.py:93} INFO - ✅ TRUMPUSDT: thêm 1 dòng mới
[2025-08-19T22:24:07.863+0000] {subprocess.py:93} INFO - 25/100 TRUMPUSDT lưu OK
[2025-08-19T22:24:07.864+0000] {subprocess.py:93} INFO - ✅ CRVUSDT: thêm 1 dòng mới
[2025-08-19T22:24:07.864+0000] {subprocess.py:93} INFO - 26/100 CRVUSDT lưu OK
[2025-08-19T22:24:07.864+0000] {subprocess.py:93} INFO - 27/100 BIOUSDT lỗi: relation "cryptocurrency.biousdt" does not exist
[2025-08-19T22:24:07.864+0000] {subprocess.py:93} INFO - LINE 1: SELECT MAX(time) FROM cryptocurrency.biousdt;
[2025-08-19T22:24:07.864+0000] {subprocess.py:93} INFO -                               ^
[2025-08-19T22:24:07.865+0000] {subprocess.py:93} INFO - 
[2025-08-19T22:24:07.865+0000] {subprocess.py:93} INFO - ✅ UNIUSDT: thêm 1 dòng mới
[2025-08-19T22:24:07.865+0000] {subprocess.py:93} INFO - 28/100 UNIUSDT lưu OK
[2025-08-19T22:24:07.865+0000] {subprocess.py:93} INFO - ✅ HBARUSDT: thêm 1 dòng mới
[2025-08-19T22:24:07.865+0000] {subprocess.py:93} INFO - 29/100 HBARUSDT lưu OK
[2025-08-19T22:24:07.866+0000] {subprocess.py:93} INFO - 30/100 PLUMEUSDT lỗi: relation "cryptocurrency.plumeusdt" does not exist
[2025-08-19T22:24:07.866+0000] {subprocess.py:93} INFO - LINE 1: SELECT MAX(time) FROM cryptocurrency.plumeusdt;
[2025-08-19T22:24:07.866+0000] {subprocess.py:93} INFO -                               ^
[2025-08-19T22:24:07.866+0000] {subprocess.py:93} INFO - 
[2025-08-19T22:24:07.867+0000] {subprocess.py:93} INFO - ✅ TONUSDT: thêm 1 dòng mới
[2025-08-19T22:24:07.867+0000] {subprocess.py:93} INFO - 31/100 TONUSDT lưu OK
[2025-08-19T22:24:07.867+0000] {subprocess.py:93} INFO - ✅ WLDUSDT: thêm 1 dòng mới
[2025-08-19T22:24:07.867+0000] {subprocess.py:93} INFO - 32/100 WLDUSDT lưu OK
[2025-08-19T22:24:07.867+0000] {subprocess.py:93} INFO - ✅ SUSDT: thêm 1 dòng mới
[2025-08-19T22:24:07.868+0000] {subprocess.py:93} INFO - 33/100 SUSDT lưu OK
[2025-08-19T22:24:07.868+0000] {subprocess.py:93} INFO - ✅ APTUSDT: thêm 1 dòng mới
[2025-08-19T22:24:07.868+0000] {subprocess.py:93} INFO - 34/100 APTUSDT lưu OK
[2025-08-19T22:24:07.868+0000] {subprocess.py:93} INFO - 35/100 RADUSDT lỗi: relation "cryptocurrency.radusdt" does not exist
[2025-08-19T22:24:07.868+0000] {subprocess.py:93} INFO - LINE 1: SELECT MAX(time) FROM cryptocurrency.radusdt;
[2025-08-19T22:24:07.869+0000] {subprocess.py:93} INFO -                               ^
[2025-08-19T22:24:07.869+0000] {subprocess.py:93} INFO - 
[2025-08-19T22:24:07.869+0000] {subprocess.py:93} INFO - ✅ BONKUSDT: thêm 1 dòng mới
[2025-08-19T22:24:07.869+0000] {subprocess.py:93} INFO - 36/100 BONKUSDT lưu OK
[2025-08-19T22:24:07.869+0000] {subprocess.py:93} INFO - ✅ WIFUSDT: thêm 1 dòng mới
[2025-08-19T22:24:07.870+0000] {subprocess.py:93} INFO - 37/100 WIFUSDT lưu OK
[2025-08-19T22:24:07.870+0000] {subprocess.py:93} INFO - ✅ DOTUSDT: thêm 1 dòng mới
[2025-08-19T22:24:07.870+0000] {subprocess.py:93} INFO - 38/100 DOTUSDT lưu OK
[2025-08-19T22:24:07.870+0000] {subprocess.py:93} INFO - ✅ NEARUSDT: thêm 1 dòng mới
[2025-08-19T22:24:07.870+0000] {subprocess.py:93} INFO - 39/100 NEARUSDT lưu OK
[2025-08-19T22:24:07.871+0000] {subprocess.py:93} INFO - ✅ AAVEUSDT: thêm 1 dòng mới
[2025-08-19T22:24:07.871+0000] {subprocess.py:93} INFO - 40/100 AAVEUSDT lưu OK
[2025-08-19T22:24:07.871+0000] {subprocess.py:93} INFO - 41/100 1INCHUSDT lỗi: trailing junk after numeric literal at or near ".1i"
[2025-08-19T22:24:07.871+0000] {subprocess.py:93} INFO - LINE 1: SELECT MAX(time) FROM cryptocurrency.1inchusdt;
[2025-08-19T22:24:07.871+0000] {subprocess.py:93} INFO -                                             ^
[2025-08-19T22:24:07.872+0000] {subprocess.py:93} INFO - 
[2025-08-19T22:24:07.872+0000] {subprocess.py:93} INFO - ✅ XLMUSDT: thêm 1 dòng mới
[2025-08-19T22:24:07.872+0000] {subprocess.py:93} INFO - 42/100 XLMUSDT lưu OK
[2025-08-19T22:24:07.872+0000] {subprocess.py:93} INFO - ✅ FLOKIUSDT: thêm 1 dòng mới
[2025-08-19T22:24:07.872+0000] {subprocess.py:93} INFO - 43/100 FLOKIUSDT lưu OK
[2025-08-19T22:24:07.873+0000] {subprocess.py:93} INFO - ✅ LDOUSDT: thêm 1 dòng mới
[2025-08-19T22:24:07.873+0000] {subprocess.py:93} INFO - 44/100 LDOUSDT lưu OK
[2025-08-19T22:24:07.873+0000] {subprocess.py:93} INFO - ✅ OPUSDT: thêm 1 dòng mới
[2025-08-19T22:24:07.873+0000] {subprocess.py:93} INFO - 45/100 OPUSDT lưu OK
[2025-08-19T22:24:07.873+0000] {subprocess.py:93} INFO - ✅ ETHFIUSDT: thêm 1 dòng mới
[2025-08-19T22:24:07.874+0000] {subprocess.py:93} INFO - 46/100 ETHFIUSDT lưu OK
[2025-08-19T22:24:07.874+0000] {subprocess.py:93} INFO - ✅ TAOUSDT: thêm 1 dòng mới
[2025-08-19T22:24:07.874+0000] {subprocess.py:93} INFO - 47/100 TAOUSDT lưu OK
[2025-08-19T22:24:07.874+0000] {subprocess.py:93} INFO - 48/100 UMAUSDT lỗi: relation "cryptocurrency.umausdt" does not exist
[2025-08-19T22:24:07.874+0000] {subprocess.py:93} INFO - LINE 1: SELECT MAX(time) FROM cryptocurrency.umausdt;
[2025-08-19T22:24:07.875+0000] {subprocess.py:93} INFO -                               ^
[2025-08-19T22:24:07.875+0000] {subprocess.py:93} INFO - 
[2025-08-19T22:24:07.875+0000] {subprocess.py:93} INFO - ✅ INJUSDT: thêm 1 dòng mới
[2025-08-19T22:24:07.875+0000] {subprocess.py:93} INFO - 49/100 INJUSDT lưu OK
[2025-08-19T22:24:07.875+0000] {subprocess.py:93} INFO - ✅ OGUSDT: thêm 1 dòng mới
[2025-08-19T22:24:07.876+0000] {subprocess.py:93} INFO - 50/100 OGUSDT lưu OK
[2025-08-19T22:24:07.876+0000] {subprocess.py:93} INFO - ✅ PENDLEUSDT: thêm 1 dòng mới
[2025-08-19T22:24:07.876+0000] {subprocess.py:93} INFO - 51/100 PENDLEUSDT lưu OK
[2025-08-19T22:24:07.876+0000] {subprocess.py:93} INFO - ✅ ONDOUSDT: thêm 1 dòng mới
[2025-08-19T22:24:07.876+0000] {subprocess.py:93} INFO - 52/100 ONDOUSDT lưu OK
[2025-08-19T22:24:07.877+0000] {subprocess.py:93} INFO - ✅ VIRTUALUSDT: thêm 1 dòng mới
[2025-08-19T22:24:07.877+0000] {subprocess.py:93} INFO - 53/100 VIRTUALUSDT lưu OK
[2025-08-19T22:24:07.877+0000] {subprocess.py:93} INFO - ✅ SHIBUSDT: thêm 1 dòng mới
[2025-08-19T22:24:07.877+0000] {subprocess.py:93} INFO - 54/100 SHIBUSDT lưu OK
[2025-08-19T22:24:07.877+0000] {subprocess.py:93} INFO - 55/100 UTKUSDT lỗi: relation "cryptocurrency.utkusdt" does not exist
[2025-08-19T22:24:07.878+0000] {subprocess.py:93} INFO - LINE 1: SELECT MAX(time) FROM cryptocurrency.utkusdt;
[2025-08-19T22:24:07.878+0000] {subprocess.py:93} INFO -                               ^
[2025-08-19T22:24:07.878+0000] {subprocess.py:93} INFO - 
[2025-08-19T22:24:07.878+0000] {subprocess.py:93} INFO - ✅ EURUSDT: thêm 1 dòng mới
[2025-08-19T22:24:07.878+0000] {subprocess.py:93} INFO - 56/100 EURUSDT lưu OK
[2025-08-19T22:24:07.879+0000] {subprocess.py:93} INFO - ✅ NEIROUSDT: thêm 1 dòng mới
[2025-08-19T22:24:07.879+0000] {subprocess.py:93} INFO - 57/100 NEIROUSDT lưu OK
[2025-08-19T22:24:07.879+0000] {subprocess.py:93} INFO - ✅ CFXUSDT: thêm 1 dòng mới
[2025-08-19T22:24:07.879+0000] {subprocess.py:93} INFO - 58/100 CFXUSDT lưu OK
[2025-08-19T22:24:07.879+0000] {subprocess.py:93} INFO - ✅ BCHUSDT: thêm 1 dòng mới
[2025-08-19T22:24:07.880+0000] {subprocess.py:93} INFO - 59/100 BCHUSDT lưu OK
[2025-08-19T22:24:07.880+0000] {subprocess.py:93} INFO - ✅ PNUTUSDT: thêm 1 dòng mới
[2025-08-19T22:24:07.880+0000] {subprocess.py:93} INFO - 60/100 PNUTUSDT lưu OK
[2025-08-19T22:24:07.880+0000] {subprocess.py:93} INFO - ✅ TIAUSDT: thêm 1 dòng mới
[2025-08-19T22:24:07.880+0000] {subprocess.py:93} INFO - 61/100 TIAUSDT lưu OK
[2025-08-19T22:24:07.880+0000] {subprocess.py:93} INFO - ✅ ETCUSDT: thêm 1 dòng mới
[2025-08-19T22:24:07.881+0000] {subprocess.py:93} INFO - 62/100 ETCUSDT lưu OK
[2025-08-19T22:24:07.881+0000] {subprocess.py:93} INFO - 63/100 WBTCUSDT lỗi: relation "cryptocurrency.wbtcusdt" does not exist
[2025-08-19T22:24:07.881+0000] {subprocess.py:93} INFO - LINE 1: SELECT MAX(time) FROM cryptocurrency.wbtcusdt;
[2025-08-19T22:24:07.881+0000] {subprocess.py:93} INFO -                               ^
[2025-08-19T22:24:07.881+0000] {subprocess.py:93} INFO - 
[2025-08-19T22:24:07.882+0000] {subprocess.py:93} INFO - ✅ FILUSDT: thêm 1 dòng mới
[2025-08-19T22:24:07.882+0000] {subprocess.py:93} INFO - 64/100 FILUSDT lưu OK
[2025-08-19T22:24:07.882+0000] {subprocess.py:93} INFO - ✅ ALGOUSDT: thêm 1 dòng mới
[2025-08-19T22:24:07.882+0000] {subprocess.py:93} INFO - 65/100 ALGOUSDT lưu OK
[2025-08-19T22:24:07.882+0000] {subprocess.py:93} INFO - ✅ SPKUSDT: thêm 1 dòng mới
[2025-08-19T22:24:07.883+0000] {subprocess.py:93} INFO - 66/100 SPKUSDT lưu OK
[2025-08-19T22:24:07.883+0000] {subprocess.py:93} INFO - ✅ RAYUSDT: thêm 1 dòng mới
[2025-08-19T22:24:07.883+0000] {subprocess.py:93} INFO - 67/100 RAYUSDT lưu OK
[2025-08-19T22:24:07.883+0000] {subprocess.py:93} INFO - ✅ GALAUSDT: thêm 1 dòng mới
[2025-08-19T22:24:07.883+0000] {subprocess.py:93} INFO - 68/100 GALAUSDT lưu OK
[2025-08-19T22:24:07.884+0000] {subprocess.py:93} INFO - ✅ EPICUSDT: thêm 1 dòng mới
[2025-08-19T22:24:07.884+0000] {subprocess.py:93} INFO - 69/100 EPICUSDT lưu OK
[2025-08-19T22:24:07.884+0000] {subprocess.py:93} INFO - ✅ RAREUSDT: thêm 1 dòng mới
[2025-08-19T22:24:07.884+0000] {subprocess.py:93} INFO - 70/100 RAREUSDT lưu OK
[2025-08-19T22:24:07.884+0000] {subprocess.py:93} INFO - ✅ OGNUSDT: thêm 1 dòng mới
[2025-08-19T22:24:07.885+0000] {subprocess.py:93} INFO - 71/100 OGNUSDT lưu OK
[2025-08-19T22:24:07.885+0000] {subprocess.py:93} INFO - ✅ EIGENUSDT: thêm 1 dòng mới
[2025-08-19T22:24:07.885+0000] {subprocess.py:93} INFO - 72/100 EIGENUSDT lưu OK
[2025-08-19T22:24:07.885+0000] {subprocess.py:93} INFO - ✅ CAKEUSDT: thêm 1 dòng mới
[2025-08-19T22:24:07.885+0000] {subprocess.py:93} INFO - 73/100 CAKEUSDT lưu OK
[2025-08-19T22:24:07.886+0000] {subprocess.py:93} INFO - ✅ BFUSDUSDT: thêm 1 dòng mới
[2025-08-19T22:24:07.886+0000] {subprocess.py:93} INFO - 74/100 BFUSDUSDT lưu OK
[2025-08-19T22:24:07.886+0000] {subprocess.py:93} INFO - ✅ BERAUSDT: thêm 1 dòng mới
[2025-08-19T22:24:07.886+0000] {subprocess.py:93} INFO - 75/100 BERAUSDT lưu OK
[2025-08-19T22:24:07.886+0000] {subprocess.py:93} INFO - 76/100 AUDIOUSDT lỗi: relation "cryptocurrency.audiousdt" does not exist
[2025-08-19T22:24:07.887+0000] {subprocess.py:93} INFO - LINE 1: SELECT MAX(time) FROM cryptocurrency.audiousdt;
[2025-08-19T22:24:07.887+0000] {subprocess.py:93} INFO -                               ^
[2025-08-19T22:24:07.887+0000] {subprocess.py:93} INFO - 
[2025-08-19T22:24:07.887+0000] {subprocess.py:93} INFO - ✅ ICPUSDT: thêm 1 dòng mới
[2025-08-19T22:24:07.887+0000] {subprocess.py:93} INFO - 77/100 ICPUSDT lưu OK
[2025-08-19T22:24:07.887+0000] {subprocess.py:93} INFO - ✅ XUSDUSDT: thêm 1 dòng mới
[2025-08-19T22:24:07.888+0000] {subprocess.py:93} INFO - 78/100 XUSDUSDT lưu OK
[2025-08-19T22:24:07.888+0000] {subprocess.py:93} INFO - ✅ FETUSDT: thêm 1 dòng mới
[2025-08-19T22:24:07.888+0000] {subprocess.py:93} INFO - ✅ RENDERUSDT: thêm 1 dòng mới
[2025-08-19T22:24:07.888+0000] {subprocess.py:93} INFO - 79/100 FETUSDT lưu OK
[2025-08-19T22:24:07.888+0000] {subprocess.py:93} INFO - 80/100 RENDERUSDT lưu OK
[2025-08-19T22:24:07.889+0000] {subprocess.py:93} INFO - ✅ ACAUSDT: thêm 1 dòng mới
[2025-08-19T22:24:07.889+0000] {subprocess.py:93} INFO - 81/100 MEMEUSDT lỗi: relation "cryptocurrency.memeusdt" does not exist
[2025-08-19T22:24:07.889+0000] {subprocess.py:93} INFO - LINE 1: SELECT MAX(time) FROM cryptocurrency.memeusdt;
[2025-08-19T22:24:07.889+0000] {subprocess.py:93} INFO -                               ^
[2025-08-19T22:24:07.889+0000] {subprocess.py:93} INFO - 
[2025-08-19T22:24:07.890+0000] {subprocess.py:93} INFO - 82/100 ACAUSDT lưu OK
[2025-08-19T22:24:07.890+0000] {subprocess.py:93} INFO - 83/100 IOUSDT lỗi: relation "cryptocurrency.iousdt" does not exist
[2025-08-19T22:24:07.890+0000] {subprocess.py:93} INFO - LINE 1: SELECT MAX(time) FROM cryptocurrency.iousdt;
[2025-08-19T22:24:07.890+0000] {subprocess.py:93} INFO -                               ^
[2025-08-19T22:24:07.890+0000] {subprocess.py:93} INFO - 
[2025-08-19T22:24:07.891+0000] {subprocess.py:93} INFO - 84/100 KERNELUSDT lỗi: relation "cryptocurrency.kernelusdt" does not exist
[2025-08-19T22:24:07.891+0000] {subprocess.py:93} INFO - LINE 1: SELECT MAX(time) FROM cryptocurrency.kernelusdt;
[2025-08-19T22:24:07.891+0000] {subprocess.py:93} INFO -                               ^
[2025-08-19T22:24:07.891+0000] {subprocess.py:93} INFO - 
[2025-08-19T22:24:07.891+0000] {subprocess.py:93} INFO - 85/100 RUNEUSDT lỗi: relation "cryptocurrency.runeusdt" does not exist
[2025-08-19T22:24:07.892+0000] {subprocess.py:93} INFO - LINE 1: SELECT MAX(time) FROM cryptocurrency.runeusdt;
[2025-08-19T22:24:07.892+0000] {subprocess.py:93} INFO -                               ^
[2025-08-19T22:24:07.892+0000] {subprocess.py:93} INFO - 
[2025-08-19T22:24:07.892+0000] {subprocess.py:93} INFO - 86/100 VETUSDT lỗi: relation "cryptocurrency.vetusdt" does not exist
[2025-08-19T22:24:07.892+0000] {subprocess.py:93} INFO - LINE 1: SELECT MAX(time) FROM cryptocurrency.vetusdt;
[2025-08-19T22:24:07.892+0000] {subprocess.py:93} INFO -                               ^
[2025-08-19T22:24:07.893+0000] {subprocess.py:93} INFO - 
[2025-08-19T22:24:07.893+0000] {subprocess.py:93} INFO - ✅ MAVUSDT: thêm 1 dòng mới
[2025-08-19T22:24:07.893+0000] {subprocess.py:93} INFO - 87/100 MAVUSDT lưu OK
[2025-08-19T22:24:07.893+0000] {subprocess.py:93} INFO - ✅ ALPINEUSDT: thêm 1 dòng mới
[2025-08-19T22:24:07.893+0000] {subprocess.py:93} INFO - 88/100 ALPINEUSDT lưu OK
[2025-08-19T22:24:07.894+0000] {subprocess.py:93} INFO - ✅ ASRUSDT: thêm 1 dòng mới
[2025-08-19T22:24:07.894+0000] {subprocess.py:93} INFO - 89/100 ASRUSDT lưu OK
[2025-08-19T22:24:07.894+0000] {subprocess.py:93} INFO - ✅ SKLUSDT: thêm 1 dòng mới
[2025-08-19T22:24:07.894+0000] {subprocess.py:93} INFO - 90/100 SKLUSDT lưu OK
[2025-08-19T22:24:07.894+0000] {subprocess.py:93} INFO - 91/100 ATOMUSDT lỗi: relation "cryptocurrency.atomusdt" does not exist
[2025-08-19T22:24:07.895+0000] {subprocess.py:93} INFO - LINE 1: SELECT MAX(time) FROM cryptocurrency.atomusdt;
[2025-08-19T22:24:07.895+0000] {subprocess.py:93} INFO -                               ^
[2025-08-19T22:24:07.895+0000] {subprocess.py:93} INFO - 
[2025-08-19T22:24:08.158+0000] {subprocess.py:93} INFO - 92/100 DIAUSDT lỗi: relation "cryptocurrency.diausdt" does not exist
[2025-08-19T22:24:08.158+0000] {subprocess.py:93} INFO - LINE 1: SELECT MAX(time) FROM cryptocurrency.diausdt;
[2025-08-19T22:24:08.159+0000] {subprocess.py:93} INFO -                               ^
[2025-08-19T22:24:08.159+0000] {subprocess.py:93} INFO - 
[2025-08-19T22:24:08.159+0000] {subprocess.py:93} INFO - 93/100 APEUSDT lỗi: relation "cryptocurrency.apeusdt" does not exist
[2025-08-19T22:24:08.159+0000] {subprocess.py:93} INFO - LINE 1: SELECT MAX(time) FROM cryptocurrency.apeusdt;
[2025-08-19T22:24:08.160+0000] {subprocess.py:93} INFO -                               ^
[2025-08-19T22:24:08.160+0000] {subprocess.py:93} INFO - 
[2025-08-19T22:24:08.160+0000] {subprocess.py:93} INFO - ✅ CTSIUSDT: thêm 1 dòng mới
[2025-08-19T22:24:08.160+0000] {subprocess.py:93} INFO - 94/100 CTSIUSDT lưu OK
[2025-08-19T22:24:08.160+0000] {subprocess.py:93} INFO - ✅ ARUSDT: thêm 1 dòng mới
[2025-08-19T22:24:08.161+0000] {subprocess.py:93} INFO - 95/100 ARUSDT lưu OK
[2025-08-19T22:24:08.161+0000] {subprocess.py:93} INFO - 96/100 AIXBTUSDT lỗi: relation "cryptocurrency.aixbtusdt" does not exist
[2025-08-19T22:24:08.162+0000] {subprocess.py:93} INFO - LINE 1: SELECT MAX(time) FROM cryptocurrency.aixbtusdt;
[2025-08-19T22:24:08.162+0000] {subprocess.py:93} INFO -                               ^
[2025-08-19T22:24:08.162+0000] {subprocess.py:93} INFO - 
[2025-08-19T22:24:08.162+0000] {subprocess.py:93} INFO - ✅ SYRUPUSDT: thêm 1 dòng mới
[2025-08-19T22:24:08.162+0000] {subprocess.py:93} INFO - 97/100 SYRUPUSDT lưu OK
[2025-08-19T22:24:08.163+0000] {subprocess.py:93} INFO - 98/100 PHAUSDT lỗi: relation "cryptocurrency.phausdt" does not exist
[2025-08-19T22:24:08.163+0000] {subprocess.py:93} INFO - LINE 1: SELECT MAX(time) FROM cryptocurrency.phausdt;
[2025-08-19T22:24:08.163+0000] {subprocess.py:93} INFO -                               ^
[2025-08-19T22:24:08.163+0000] {subprocess.py:93} INFO - 
[2025-08-19T22:24:08.164+0000] {subprocess.py:93} INFO - 99/100 CYBERUSDT lỗi: relation "cryptocurrency.cyberusdt" does not exist
[2025-08-19T22:24:08.164+0000] {subprocess.py:93} INFO - LINE 1: SELECT MAX(time) FROM cryptocurrency.cyberusdt;
[2025-08-19T22:24:08.164+0000] {subprocess.py:93} INFO -                               ^
[2025-08-19T22:24:08.164+0000] {subprocess.py:93} INFO - 
[2025-08-19T22:24:08.164+0000] {subprocess.py:93} INFO - ✅ ENSUSDT: thêm 1 dòng mới
[2025-08-19T22:24:08.165+0000] {subprocess.py:93} INFO - 100/100 ENSUSDT lưu OK
[2025-08-19T22:24:08.281+0000] {subprocess.py:97} INFO - Command exited with return code 0
[2025-08-19T22:24:08.282+0000] {taskinstance.py:441} INFO - ::group::Post task execution logs
[2025-08-19T22:24:08.309+0000] {taskinstance.py:1206} INFO - Marking task as SUCCESS. dag_id=crypto_collector_dag, task_id=run_crypto_collector, run_id=scheduled__2025-08-19T22:23:00+00:00, execution_date=20250819T222300, start_date=20250819T222401, end_date=20250819T222408
[2025-08-19T22:24:08.331+0000] {local_task_job_runner.py:240} INFO - Task exited with return code 0
[2025-08-19T22:24:08.349+0000] {taskinstance.py:3498} INFO - 0 downstream tasks scheduled from follow-on schedule check
[2025-08-19T22:24:08.350+0000] {local_task_job_runner.py:222} INFO - ::endgroup::
