[2025-09-03T14:45:35.037+0000] {local_task_job_runner.py:120} INFO - ::group::Pre task execution logs
[2025-09-03T14:45:35.071+0000] {taskinstance.py:2076} INFO - Dependencies all met for dep_context=non-requeueable deps ti=<TaskInstance: foreign_1_live.save_foreign_1 scheduled__2025-09-02T17:01:00+00:00 [queued]>
[2025-09-03T14:45:35.081+0000] {taskinstance.py:2076} INFO - Dependencies all met for dep_context=requeueable deps ti=<TaskInstance: foreign_1_live.save_foreign_1 scheduled__2025-09-02T17:01:00+00:00 [queued]>
[2025-09-03T14:45:35.082+0000] {taskinstance.py:2306} INFO - Starting attempt 1 of 11
[2025-09-03T14:45:35.096+0000] {taskinstance.py:2330} INFO - Executing <Task(PythonOperator): save_foreign_1> on 2025-09-02 17:01:00+00:00
[2025-09-03T14:45:35.104+0000] {standard_task_runner.py:63} INFO - Started process 2758022 to run task
[2025-09-03T14:45:35.109+0000] {standard_task_runner.py:90} INFO - Running: ['***', 'tasks', 'run', 'foreign_1_live', 'save_foreign_1', 'scheduled__2025-09-02T17:01:00+00:00', '--job-id', '72534', '--raw', '--subdir', 'DAGS_FOLDER/dag_foreign_1_live.py', '--cfg-path', '/tmp/tmpn8u75stu']
[2025-09-03T14:45:35.112+0000] {standard_task_runner.py:91} INFO - Job 72534: Subtask save_foreign_1
[2025-09-03T14:45:35.166+0000] {task_command.py:426} INFO - Running <TaskInstance: foreign_1_live.save_foreign_1 scheduled__2025-09-02T17:01:00+00:00 [running]> on host 1877907bc043
[2025-09-03T14:45:35.257+0000] {taskinstance.py:2648} INFO - Exporting env vars: AIRFLOW_CTX_DAG_OWNER='***' AIRFLOW_CTX_DAG_ID='foreign_1_live' AIRFLOW_CTX_TASK_ID='save_foreign_1' AIRFLOW_CTX_EXECUTION_DATE='2025-09-02T17:01:00+00:00' AIRFLOW_CTX_TRY_NUMBER='1' AIRFLOW_CTX_DAG_RUN_ID='scheduled__2025-09-02T17:01:00+00:00'
[2025-09-03T14:45:35.258+0000] {taskinstance.py:430} INFO - ::endgroup::
[2025-09-03T14:45:35.274+0000] {foreign_1.py:18} INFO - Kết nối DB
[2025-09-03T14:45:35.642+0000] {foreign_1.py:28} INFO - Đã lưu foreign_ALL
[2025-09-03T14:45:35.644+0000] {foreign_1.py:18} INFO - Kết nối DB
[2025-09-03T14:45:36.081+0000] {foreign_1.py:28} INFO - Đã lưu foreign_HOSE
[2025-09-03T14:45:36.083+0000] {foreign_1.py:18} INFO - Kết nối DB
[2025-09-03T14:45:36.540+0000] {foreign_1.py:28} INFO - Đã lưu foreign_HNX
[2025-09-03T14:45:36.542+0000] {foreign_1.py:18} INFO - Kết nối DB
[2025-09-03T14:45:36.880+0000] {foreign_1.py:28} INFO - Đã lưu foreign_UPCOM
[2025-09-03T14:45:36.881+0000] {python.py:237} INFO - Done. Returned value was: None
[2025-09-03T14:45:36.882+0000] {taskinstance.py:441} INFO - ::group::Post task execution logs
[2025-09-03T14:45:36.893+0000] {taskinstance.py:1206} INFO - Marking task as SUCCESS. dag_id=foreign_1_live, task_id=save_foreign_1, run_id=scheduled__2025-09-02T17:01:00+00:00, execution_date=20250902T170100, start_date=20250903T144535, end_date=20250903T144536
[2025-09-03T14:45:37.085+0000] {local_task_job_runner.py:240} INFO - Task exited with return code 0
[2025-09-03T14:45:37.119+0000] {taskinstance.py:3498} INFO - 4 downstream tasks scheduled from follow-on schedule check
[2025-09-03T14:45:37.121+0000] {local_task_job_runner.py:222} INFO - ::endgroup::
[2025-09-11T08:54:33.933+0000] {local_task_job_runner.py:120} INFO - ::group::Pre task execution logs
[2025-09-11T08:54:33.963+0000] {taskinstance.py:2076} INFO - Dependencies all met for dep_context=non-requeueable deps ti=<TaskInstance: foreign_1_live.save_foreign_1 scheduled__2025-09-02T17:01:00+00:00 [queued]>
[2025-09-11T08:54:33.973+0000] {taskinstance.py:2076} INFO - Dependencies all met for dep_context=requeueable deps ti=<TaskInstance: foreign_1_live.save_foreign_1 scheduled__2025-09-02T17:01:00+00:00 [queued]>
[2025-09-11T08:54:33.973+0000] {taskinstance.py:2306} INFO - Starting attempt 1 of 11
[2025-09-11T08:54:34.204+0000] {taskinstance.py:2330} INFO - Executing <Task(PythonOperator): save_foreign_1> on 2025-09-02 17:01:00+00:00
[2025-09-11T08:54:34.211+0000] {standard_task_runner.py:63} INFO - Started process 156 to run task
[2025-09-11T08:54:34.215+0000] {standard_task_runner.py:90} INFO - Running: ['***', 'tasks', 'run', 'foreign_1_live', 'save_foreign_1', 'scheduled__2025-09-02T17:01:00+00:00', '--job-id', '11', '--raw', '--subdir', 'DAGS_FOLDER/dag_foreign_1_live.py', '--cfg-path', '/tmp/tmp95c9cdrv']
[2025-09-11T08:54:34.219+0000] {standard_task_runner.py:91} INFO - Job 11: Subtask save_foreign_1
[2025-09-11T08:54:34.277+0000] {task_command.py:426} INFO - Running <TaskInstance: foreign_1_live.save_foreign_1 scheduled__2025-09-02T17:01:00+00:00 [running]> on host bcef7b61446d
[2025-09-11T08:54:34.369+0000] {taskinstance.py:2648} INFO - Exporting env vars: AIRFLOW_CTX_DAG_OWNER='***' AIRFLOW_CTX_DAG_ID='foreign_1_live' AIRFLOW_CTX_TASK_ID='save_foreign_1' AIRFLOW_CTX_EXECUTION_DATE='2025-09-02T17:01:00+00:00' AIRFLOW_CTX_TRY_NUMBER='1' AIRFLOW_CTX_DAG_RUN_ID='scheduled__2025-09-02T17:01:00+00:00'
[2025-09-11T08:54:34.370+0000] {taskinstance.py:430} INFO - ::endgroup::
[2025-09-11T08:54:34.384+0000] {foreign_1.py:18} INFO - Kết nối DB
[2025-09-11T08:54:34.983+0000] {foreign_1.py:28} INFO - Đã lưu foreign_ALL
[2025-09-11T08:54:34.984+0000] {foreign_1.py:18} INFO - Kết nối DB
[2025-09-11T08:54:35.572+0000] {foreign_1.py:28} INFO - Đã lưu foreign_HOSE
[2025-09-11T08:54:35.573+0000] {foreign_1.py:18} INFO - Kết nối DB
[2025-09-11T08:54:35.950+0000] {foreign_1.py:28} INFO - Đã lưu foreign_HNX
[2025-09-11T08:54:35.951+0000] {foreign_1.py:18} INFO - Kết nối DB
[2025-09-11T08:54:36.411+0000] {foreign_1.py:28} INFO - Đã lưu foreign_UPCOM
[2025-09-11T08:54:36.412+0000] {python.py:237} INFO - Done. Returned value was: None
[2025-09-11T08:54:36.413+0000] {taskinstance.py:441} INFO - ::group::Post task execution logs
[2025-09-11T08:54:36.426+0000] {taskinstance.py:1206} INFO - Marking task as SUCCESS. dag_id=foreign_1_live, task_id=save_foreign_1, run_id=scheduled__2025-09-02T17:01:00+00:00, execution_date=20250902T170100, start_date=20250911T085433, end_date=20250911T085436
[2025-09-11T08:54:36.474+0000] {local_task_job_runner.py:240} INFO - Task exited with return code 0
[2025-09-11T08:54:36.500+0000] {taskinstance.py:3503} INFO - 4 downstream tasks scheduled from follow-on schedule check
[2025-09-11T08:54:36.502+0000] {local_task_job_runner.py:222} INFO - ::endgroup::
