[2025-08-17T10:58:50.859+0000] {local_task_job_runner.py:120} INFO - ::group::Pre task execution logs
[2025-08-17T10:58:50.881+0000] {taskinstance.py:2076} INFO - Dependencies all met for dep_context=non-requeueable deps ti=<TaskInstance: crypto_collector_dag.run_crypto_collector scheduled__2025-08-17T10:57:00+00:00 [queued]>
[2025-08-17T10:58:50.889+0000] {taskinstance.py:2076} INFO - Dependencies all met for dep_context=requeueable deps ti=<TaskInstance: crypto_collector_dag.run_crypto_collector scheduled__2025-08-17T10:57:00+00:00 [queued]>
[2025-08-17T10:58:50.889+0000] {taskinstance.py:2306} INFO - Starting attempt 1 of 2
[2025-08-17T10:58:50.900+0000] {taskinstance.py:2330} INFO - Executing <Task(BashOperator): run_crypto_collector> on 2025-08-17 10:57:00+00:00
[2025-08-17T10:58:50.907+0000] {standard_task_runner.py:63} INFO - Started process 52075 to run task
[2025-08-17T10:58:50.911+0000] {standard_task_runner.py:90} INFO - Running: ['***', 'tasks', 'run', 'crypto_collector_dag', 'run_crypto_collector', 'scheduled__2025-08-17T10:57:00+00:00', '--job-id', '7448', '--raw', '--subdir', 'DAGS_FOLDER/crawl_crypto/dags_crypto.py', '--cfg-path', '/tmp/tmpgnd_wm24']
[2025-08-17T10:58:50.912+0000] {standard_task_runner.py:91} INFO - Job 7448: Subtask run_crypto_collector
[2025-08-17T10:58:50.966+0000] {task_command.py:426} INFO - Running <TaskInstance: crypto_collector_dag.run_crypto_collector scheduled__2025-08-17T10:57:00+00:00 [running]> on host 1877907bc043
[2025-08-17T10:58:51.081+0000] {taskinstance.py:2648} INFO - Exporting env vars: AIRFLOW_CTX_DAG_OWNER='***' AIRFLOW_CTX_DAG_ID='crypto_collector_dag' AIRFLOW_CTX_TASK_ID='run_crypto_collector' AIRFLOW_CTX_EXECUTION_DATE='2025-08-17T10:57:00+00:00' AIRFLOW_CTX_TRY_NUMBER='1' AIRFLOW_CTX_DAG_RUN_ID='scheduled__2025-08-17T10:57:00+00:00'
[2025-08-17T10:58:51.082+0000] {taskinstance.py:430} INFO - ::endgroup::
[2025-08-17T10:58:51.098+0000] {subprocess.py:63} INFO - Tmp dir root location: /tmp
[2025-08-17T10:58:51.099+0000] {subprocess.py:75} INFO - Running command: ['/usr/bin/bash', '-c', 'python3 /opt/***/dags/crawl_crypto/crawl_data_crypto.py']
[2025-08-17T10:58:51.115+0000] {subprocess.py:86} INFO - Output:
[2025-08-17T10:59:51.451+0000] {subprocess.py:93} INFO - 🔹 Kết nối DB...
[2025-08-17T10:59:51.451+0000] {subprocess.py:93} INFO - 🔹 Lấy top 100 crypto...
[2025-08-17T10:59:51.452+0000] {subprocess.py:93} INFO - Top 100: ['ETHUSDT', 'USDCUSDT', 'BTCUSDT', 'SOLUSDT', 'ADAUSDT', 'DOGEUSDT', 'LINKUSDT', 'FDUSDUSDT', 'XRPUSDT', 'TRXUSDT', 'BNBUSDT', 'PROVEUSDT', 'ENAUSDT', 'SUIUSDT', 'CTSIUSDT', 'ARBUSDT', 'PEPEUSDT', 'UNIUSDT', 'LTCUSDT', 'AVAXUSDT', 'PENGUUSDT', 'TSTUSDT', 'ALPINEUSDT', 'SKLUSDT', 'SEIUSDT', 'SUSDT', 'BFUSDUSDT', 'HBARUSDT', 'API3USDT', 'TRUMPUSDT', 'AAVEUSDT', 'LDOUSDT', 'EPICUSDT', 'WLDUSDT', 'CYBERUSDT', 'OGUSDT', 'NEARUSDT', 'WIFUSDT', 'PONDUSDT', 'BONKUSDT', 'CRVUSDT', 'CHRUSDT', 'MAVUSDT', 'TOWNSUSDT', 'XLMUSDT', 'OPUSDT', 'OGNUSDT', 'BERAUSDT', 'RAYUSDT', 'DOTUSDT', 'APTUSDT', 'LPTUSDT', 'ASRUSDT', 'FLOKIUSDT', 'TONUSDT', 'LRCUSDT', 'CELRUSDT', 'GALAUSDT', 'BCHUSDT', 'ONDOUSDT', 'MOVRUSDT', 'XUSDUSDT', 'INJUSDT', 'EIGENUSDT', 'ETHFIUSDT', 'PENDLEUSDT', 'PORTOUSDT', 'TIAUSDT', 'TAOUSDT', 'BANDUSDT', 'NMRUSDT', 'BATUSDT', 'NEIROUSDT', 'ETCUSDT', 'BBUSDT', 'RENDERUSDT', 'ALGOUSDT', 'BIOUSDT', 'FILUSDT', 'CAKEUSDT', 'LAUSDT', 'FETUSDT', 'SYRUPUSDT', 'SPKUSDT', 'STRKUSDT', 'VIRTUALUSDT', 'POLUSDT', 'ERAUSDT', 'SHIBUSDT', 'ICPUSDT', 'PNUTUSDT', 'CFXUSDT', 'EURUSDT', 'MDTUSDT', 'HOTUSDT', 'ARKMUSDT', 'ENSUSDT', 'TREEUSDT', 'ZKUSDT', 'VETUSDT']
[2025-08-17T10:59:51.452+0000] {subprocess.py:93} INFO - 🔹 Lưu lịch sử giá vào DB bằng threading...
[2025-08-17T10:59:51.452+0000] {subprocess.py:93} INFO - ✅ ADAUSDT: thêm 7 dòng mới
[2025-08-17T10:59:51.453+0000] {subprocess.py:93} INFO - 1/100 ADAUSDT lưu OK
[2025-08-17T10:59:51.453+0000] {subprocess.py:93} INFO - ✅ USDCUSDT: thêm 6 dòng mới
[2025-08-17T10:59:51.453+0000] {subprocess.py:93} INFO - 2/100 USDCUSDT lưu OK
[2025-08-17T10:59:51.454+0000] {subprocess.py:93} INFO - ⚠️ SOLUSDT lỗi lần 1/3: HTTPSConnectionPool(host='api.binance.com', port=443): Max retries exceeded with url: /api/v3/klines?symbol=SOLUSDT&interval=1m&limit=100 (Caused by ConnectTimeoutError(<urllib3.connection.HTTPSConnection object at 0x7fcc6d4fadd0>, 'Connection to api.binance.com timed out. (connect timeout=15)'))
[2025-08-17T10:59:51.454+0000] {subprocess.py:93} INFO - ⚠️ ETHUSDT lỗi lần 1/3: HTTPSConnectionPool(host='api.binance.com', port=443): Max retries exceeded with url: /api/v3/klines?symbol=ETHUSDT&interval=1m&limit=100 (Caused by ConnectTimeoutError(<urllib3.connection.HTTPSConnection object at 0x7fcc6d4f8b50>, 'Connection to api.binance.com timed out. (connect timeout=15)'))
[2025-08-17T10:59:51.454+0000] {subprocess.py:93} INFO - ⚠️ DOGEUSDT lỗi lần 1/3: HTTPSConnectionPool(host='api.binance.com', port=443): Max retries exceeded with url: /api/v3/klines?symbol=DOGEUSDT&interval=1m&limit=100 (Caused by ConnectTimeoutError(<urllib3.connection.HTTPSConnection object at 0x7fcc6d4f6aa0>, 'Connection to api.binance.com timed out. (connect timeout=15)'))
[2025-08-17T10:59:51.455+0000] {subprocess.py:93} INFO - ⚠️ LINKUSDT lỗi lần 1/3: HTTPSConnectionPool(host='api.binance.com', port=443): Max retries exceeded with url: /api/v3/klines?symbol=LINKUSDT&interval=1m&limit=100 (Caused by ConnectTimeoutError(<urllib3.connection.HTTPSConnection object at 0x7fcc6d4f7610>, 'Connection to api.binance.com timed out. (connect timeout=15)'))
[2025-08-17T10:59:51.455+0000] {subprocess.py:93} INFO - ⚠️ BTCUSDT lỗi lần 1/3: HTTPSConnectionPool(host='api.binance.com', port=443): Max retries exceeded with url: /api/v3/klines?symbol=BTCUSDT&interval=1m&limit=100 (Caused by ConnectTimeoutError(<urllib3.connection.HTTPSConnection object at 0x7fcc6d4f9d20>, 'Connection to api.binance.com timed out. (connect timeout=15)'))
[2025-08-17T10:59:51.455+0000] {subprocess.py:93} INFO - ⚠️ FDUSDUSDT lỗi lần 1/3: HTTPSConnectionPool(host='api.binance.com', port=443): Max retries exceeded with url: /api/v3/klines?symbol=FDUSDUSDT&interval=1m&limit=100 (Caused by ConnectTimeoutError(<urllib3.connection.HTTPSConnection object at 0x7fcc6d4f6c80>, 'Connection to api.binance.com timed out. (connect timeout=15)'))
[2025-08-17T10:59:51.455+0000] {subprocess.py:93} INFO - ⚠️ XRPUSDT lỗi lần 1/3: HTTPSConnectionPool(host='api.binance.com', port=443): Max retries exceeded with url: /api/v3/klines?symbol=XRPUSDT&interval=1m&limit=100 (Caused by ConnectTimeoutError(<urllib3.connection.HTTPSConnection object at 0x7fcc6d4f54b0>, 'Connection to api.binance.com timed out. (connect timeout=15)'))
[2025-08-17T10:59:51.456+0000] {subprocess.py:93} INFO - ⚠️ TRXUSDT lỗi lần 1/3: HTTPSConnectionPool(host='api.binance.com', port=443): Max retries exceeded with url: /api/v3/klines?symbol=TRXUSDT&interval=1m&limit=100 (Caused by ConnectTimeoutError(<urllib3.connection.HTTPSConnection object at 0x7fcc6d51dd50>, 'Connection to api.binance.com timed out. (connect timeout=15)'))
[2025-08-17T10:59:51.456+0000] {subprocess.py:93} INFO - ⚠️ PROVEUSDT lỗi lần 1/3: HTTPSConnectionPool(host='api.binance.com', port=443): Max retries exceeded with url: /api/v3/klines?symbol=PROVEUSDT&interval=1m&limit=100 (Caused by ConnectTimeoutError(<urllib3.connection.HTTPSConnection object at 0x7fcc6d4f8d60>, 'Connection to api.binance.com timed out. (connect timeout=15)'))
[2025-08-17T10:59:51.456+0000] {subprocess.py:93} INFO - ✅ PROVEUSDT: thêm 7 dòng mới
[2025-08-17T10:59:51.457+0000] {subprocess.py:93} INFO - 3/100 PROVEUSDT lưu OK
[2025-08-17T10:59:51.457+0000] {subprocess.py:93} INFO - ⚠️ LINKUSDT lỗi lần 2/3: HTTPSConnectionPool(host='api.binance.com', port=443): Max retries exceeded with url: /api/v3/klines?symbol=LINKUSDT&interval=1m&limit=100 (Caused by ConnectTimeoutError(<urllib3.connection.HTTPSConnection object at 0x7fcc6d51f700>, 'Connection to api.binance.com timed out. (connect timeout=15)'))
[2025-08-17T10:59:51.457+0000] {subprocess.py:93} INFO - ⚠️ DOGEUSDT lỗi lần 2/3: HTTPSConnectionPool(host='api.binance.com', port=443): Max retries exceeded with url: /api/v3/klines?symbol=DOGEUSDT&interval=1m&limit=100 (Caused by ConnectTimeoutError(<urllib3.connection.HTTPSConnection object at 0x7fcc6d4f8970>, 'Connection to api.binance.com timed out. (connect timeout=15)'))
[2025-08-17T10:59:51.457+0000] {subprocess.py:93} INFO - ⚠️ SOLUSDT lỗi lần 2/3: HTTPSConnectionPool(host='api.binance.com', port=443): Max retries exceeded with url: /api/v3/klines?symbol=SOLUSDT&interval=1m&limit=100 (Caused by ConnectTimeoutError(<urllib3.connection.HTTPSConnection object at 0x7fcc6d51c160>, 'Connection to api.binance.com timed out. (connect timeout=15)'))
[2025-08-17T10:59:51.458+0000] {subprocess.py:93} INFO - ⚠️ XRPUSDT lỗi lần 2/3: HTTPSConnectionPool(host='api.binance.com', port=443): Max retries exceeded with url: /api/v3/klines?symbol=XRPUSDT&interval=1m&limit=100 (Caused by ConnectTimeoutError(<urllib3.connection.HTTPSConnection object at 0x7fcc6c1518a0>, 'Connection to api.binance.com timed out. (connect timeout=15)'))
[2025-08-17T10:59:51.458+0000] {subprocess.py:93} INFO - ⚠️ ETHUSDT lỗi lần 2/3: HTTPSConnectionPool(host='api.binance.com', port=443): Max retries exceeded with url: /api/v3/klines?symbol=ETHUSDT&interval=1m&limit=100 (Caused by ConnectTimeoutError(<urllib3.connection.HTTPSConnection object at 0x7fcc6d4fb910>, 'Connection to api.binance.com timed out. (connect timeout=15)'))
[2025-08-17T10:59:51.458+0000] {subprocess.py:93} INFO - ⚠️ BTCUSDT lỗi lần 2/3: HTTPSConnectionPool(host='api.binance.com', port=443): Max retries exceeded with url: /api/v3/klines?symbol=BTCUSDT&interval=1m&limit=100 (Caused by ConnectTimeoutError(<urllib3.connection.HTTPSConnection object at 0x7fcc6d51f400>, 'Connection to api.binance.com timed out. (connect timeout=15)'))
[2025-08-17T10:59:51.459+0000] {subprocess.py:93} INFO - ⚠️ FDUSDUSDT lỗi lần 2/3: HTTPSConnectionPool(host='api.binance.com', port=443): Max retries exceeded with url: /api/v3/klines?symbol=FDUSDUSDT&interval=1m&limit=100 (Caused by ConnectTimeoutError(<urllib3.connection.HTTPSConnection object at 0x7fcc6c150940>, 'Connection to api.binance.com timed out. (connect timeout=15)'))
[2025-08-17T10:59:51.459+0000] {subprocess.py:93} INFO - ⚠️ TRXUSDT lỗi lần 2/3: HTTPSConnectionPool(host='api.binance.com', port=443): Max retries exceeded with url: /api/v3/klines?symbol=TRXUSDT&interval=1m&limit=100 (Caused by ConnectTimeoutError(<urllib3.connection.HTTPSConnection object at 0x7fcc6c1515a0>, 'Connection to api.binance.com timed out. (connect timeout=15)'))
[2025-08-17T10:59:51.459+0000] {subprocess.py:93} INFO - ✅ ENAUSDT: thêm 7 dòng mới
[2025-08-17T10:59:51.459+0000] {subprocess.py:93} INFO - 4/100 ENAUSDT lưu OK
[2025-08-17T10:59:51.460+0000] {subprocess.py:93} INFO - ✅ SOLUSDT: thêm 13 dòng mới
[2025-08-17T10:59:51.460+0000] {subprocess.py:93} INFO - 5/100 SOLUSDT lưu OK
[2025-08-17T10:59:51.460+0000] {subprocess.py:93} INFO - ✅ ETHUSDT: thêm 8 dòng mới
[2025-08-17T10:59:51.460+0000] {subprocess.py:93} INFO - 6/100 ETHUSDT lưu OK
[2025-08-17T10:59:51.461+0000] {subprocess.py:93} INFO - ✅ FDUSDUSDT: thêm 7 dòng mới
[2025-08-17T10:59:51.461+0000] {subprocess.py:93} INFO - 7/100 FDUSDUSDT lưu OK
[2025-08-17T10:59:51.461+0000] {subprocess.py:93} INFO - ✅ BNBUSDT: thêm 7 dòng mới
[2025-08-17T10:59:51.461+0000] {subprocess.py:93} INFO - 8/100 BNBUSDT lưu OK
[2025-08-17T10:59:51.462+0000] {subprocess.py:93} INFO - ⚠️ SUIUSDT lỗi lần 1/3: HTTPSConnectionPool(host='api.binance.com', port=443): Max retries exceeded with url: /api/v3/klines?symbol=SUIUSDT&interval=1m&limit=100 (Caused by ConnectTimeoutError(<urllib3.connection.HTTPSConnection object at 0x7fcc6d4f8e50>, 'Connection to api.binance.com timed out. (connect timeout=15)'))
[2025-08-17T10:59:51.462+0000] {subprocess.py:93} INFO - ✅ UNIUSDT: thêm 7 dòng mới
[2025-08-17T10:59:51.462+0000] {subprocess.py:93} INFO - 9/100 UNIUSDT lưu OK
[2025-08-17T10:59:51.463+0000] {subprocess.py:93} INFO - ⚠️ BTCUSDT lỗi lần 3/3: HTTPSConnectionPool(host='api.binance.com', port=443): Max retries exceeded with url: /api/v3/klines?symbol=BTCUSDT&interval=1m&limit=100 (Caused by ConnectTimeoutError(<urllib3.connection.HTTPSConnection object at 0x7fcc6c16c760>, 'Connection to api.binance.com timed out. (connect timeout=15)'))
[2025-08-17T10:59:51.463+0000] {subprocess.py:93} INFO - 10/100 BTCUSDT bỏ qua (fail)
[2025-08-17T10:59:51.463+0000] {subprocess.py:93} INFO - ✅ LTCUSDT: thêm 7 dòng mới
[2025-08-17T10:59:51.463+0000] {subprocess.py:93} INFO - 11/100 LTCUSDT lưu OK
[2025-08-17T11:02:16.163+0000] {subprocess.py:93} INFO - ✅ AVAXUSDT: thêm 7 dòng mới
[2025-08-17T11:02:16.164+0000] {subprocess.py:93} INFO - 12/100 AVAXUSDT lưu OK
[2025-08-17T11:02:16.164+0000] {subprocess.py:93} INFO - ⚠️ CTSIUSDT lỗi lần 1/3: HTTPSConnectionPool(host='api.binance.com', port=443): Max retries exceeded with url: /api/v3/klines?symbol=CTSIUSDT&interval=1m&limit=100 (Caused by ConnectTimeoutError(<urllib3.connection.HTTPSConnection object at 0x7fcc6c16e2f0>, 'Connection to api.binance.com timed out. (connect timeout=15)'))
[2025-08-17T11:02:16.165+0000] {subprocess.py:93} INFO - ⚠️ ARBUSDT lỗi lần 1/3: HTTPSConnectionPool(host='api.binance.com', port=443): Max retries exceeded with url: /api/v3/klines?symbol=ARBUSDT&interval=1m&limit=100 (Caused by ConnectTimeoutError(<urllib3.connection.HTTPSConnection object at 0x7fcc6c16e590>, 'Connection to api.binance.com timed out. (connect timeout=15)'))
[2025-08-17T11:02:16.165+0000] {subprocess.py:93} INFO - ⚠️ PEPEUSDT lỗi lần 1/3: HTTPSConnectionPool(host='api.binance.com', port=443): Max retries exceeded with url: /api/v3/klines?symbol=PEPEUSDT&interval=1m&limit=100 (Caused by ConnectTimeoutError(<urllib3.connection.HTTPSConnection object at 0x7fcc6c16ca60>, 'Connection to api.binance.com timed out. (connect timeout=15)'))
[2025-08-17T11:02:16.165+0000] {subprocess.py:93} INFO - ✅ CTSIUSDT: thêm 7 dòng mới
[2025-08-17T11:02:16.165+0000] {subprocess.py:93} INFO - 13/100 CTSIUSDT lưu OK
[2025-08-17T11:02:16.166+0000] {subprocess.py:93} INFO - ✅ TSTUSDT: thêm 7 dòng mới
[2025-08-17T11:02:16.166+0000] {subprocess.py:93} INFO - 14/100 TSTUSDT lưu OK
[2025-08-17T11:02:16.166+0000] {subprocess.py:93} INFO - ⚠️ SUIUSDT lỗi lần 2/3: HTTPSConnectionPool(host='api.binance.com', port=443): Max retries exceeded with url: /api/v3/klines?symbol=SUIUSDT&interval=1m&limit=100 (Caused by ConnectTimeoutError(<urllib3.connection.HTTPSConnection object at 0x7fcc6c16fb20>, 'Connection to api.binance.com timed out. (connect timeout=15)'))
[2025-08-17T11:02:16.166+0000] {subprocess.py:93} INFO - ✅ DOGEUSDT: thêm 7 dòng mới
[2025-08-17T11:02:16.167+0000] {subprocess.py:93} INFO - 15/100 DOGEUSDT lưu OK
[2025-08-17T11:02:16.167+0000] {subprocess.py:93} INFO - ✅ SEIUSDT: thêm 8 dòng mới
[2025-08-17T11:02:16.167+0000] {subprocess.py:93} INFO - 16/100 SEIUSDT lưu OK
[2025-08-17T11:02:16.167+0000] {subprocess.py:93} INFO - ✅ SKLUSDT: thêm 7 dòng mới
[2025-08-17T11:02:16.168+0000] {subprocess.py:93} INFO - 17/100 SKLUSDT lưu OK
[2025-08-17T11:02:16.168+0000] {subprocess.py:93} INFO - ✅ LINKUSDT: thêm 13 dòng mới
[2025-08-17T11:02:16.168+0000] {subprocess.py:93} INFO - 18/100 LINKUSDT lưu OK
[2025-08-17T11:02:16.168+0000] {subprocess.py:93} INFO - ✅ XRPUSDT: thêm 13 dòng mới
[2025-08-17T11:02:16.169+0000] {subprocess.py:93} INFO - 19/100 XRPUSDT lưu OK
[2025-08-17T11:02:16.169+0000] {subprocess.py:93} INFO - ✅ TRXUSDT: thêm 13 dòng mới
[2025-08-17T11:02:16.169+0000] {subprocess.py:93} INFO - 20/100 TRXUSDT lưu OK
[2025-08-17T11:02:16.169+0000] {subprocess.py:93} INFO - ⚠️ ALPINEUSDT lỗi lần 1/3: HTTPSConnectionPool(host='api.binance.com', port=443): Max retries exceeded with url: /api/v3/klines?symbol=ALPINEUSDT&interval=1m&limit=100 (Caused by ConnectTimeoutError(<urllib3.connection.HTTPSConnection object at 0x7fcc6d4fb010>, 'Connection to api.binance.com timed out. (connect timeout=15)'))
[2025-08-17T11:02:16.170+0000] {subprocess.py:93} INFO - ✅ ARBUSDT: thêm 7 dòng mới
[2025-08-17T11:02:16.170+0000] {subprocess.py:93} INFO - 21/100 ARBUSDT lưu OK
[2025-08-17T11:02:16.170+0000] {subprocess.py:93} INFO - ✅ PEPEUSDT: thêm 7 dòng mới
[2025-08-17T11:02:16.171+0000] {subprocess.py:93} INFO - 22/100 PEPEUSDT lưu OK
[2025-08-17T11:02:16.171+0000] {subprocess.py:93} INFO - ✅ LDOUSDT: thêm 8 dòng mới
[2025-08-17T11:02:16.171+0000] {subprocess.py:93} INFO - 23/100 LDOUSDT lưu OK
[2025-08-17T11:02:16.171+0000] {subprocess.py:93} INFO - ⚠️ SUIUSDT lỗi lần 3/3: HTTPSConnectionPool(host='api.binance.com', port=443): Max retries exceeded with url: /api/v3/klines?symbol=SUIUSDT&interval=1m&limit=100 (Caused by ConnectTimeoutError(<urllib3.connection.HTTPSConnection object at 0x7fcc6c152ad0>, 'Connection to api.binance.com timed out. (connect timeout=15)'))
[2025-08-17T11:02:16.172+0000] {subprocess.py:93} INFO - ⚠️ SUSDT lỗi lần 1/3: HTTPSConnectionPool(host='api.binance.com', port=443): Max retries exceeded with url: /api/v3/klines?symbol=SUSDT&interval=1m&limit=100 (Caused by ConnectTimeoutError(<urllib3.connection.HTTPSConnection object at 0x7fcc6c16f100>, 'Connection to api.binance.com timed out. (connect timeout=15)'))
[2025-08-17T11:02:16.172+0000] {subprocess.py:93} INFO - ⚠️ BFUSDUSDT lỗi lần 1/3: HTTPSConnectionPool(host='api.binance.com', port=443): Max retries exceeded with url: /api/v3/klines?symbol=BFUSDUSDT&interval=1m&limit=100 (Caused by ConnectTimeoutError(<urllib3.connection.HTTPSConnection object at 0x7fcc6c16c7c0>, 'Connection to api.binance.com timed out. (connect timeout=15)'))
[2025-08-17T11:02:16.172+0000] {subprocess.py:93} INFO - 24/100 SUIUSDT bỏ qua (fail)
[2025-08-17T11:02:16.172+0000] {subprocess.py:93} INFO - ⚠️ EPICUSDT lỗi lần 1/3: HTTPSConnectionPool(host='api.binance.com', port=443): Max retries exceeded with url: /api/v3/klines?symbol=EPICUSDT&interval=1m&limit=100 (Caused by ConnectTimeoutError(<urllib3.connection.HTTPSConnection object at 0x7fcc6d199f60>, 'Connection to api.binance.com timed out. (connect timeout=15)'))
[2025-08-17T11:02:16.173+0000] {subprocess.py:93} INFO - ⚠️ ALPINEUSDT lỗi lần 2/3: HTTPSConnectionPool(host='api.binance.com', port=443): Max retries exceeded with url: /api/v3/klines?symbol=ALPINEUSDT&interval=1m&limit=100 (Caused by ConnectTimeoutError(<urllib3.connection.HTTPSConnection object at 0x7fcc6d199810>, 'Connection to api.binance.com timed out. (connect timeout=15)'))
[2025-08-17T11:02:16.173+0000] {subprocess.py:93} INFO - ✅ AAVEUSDT: thêm 8 dòng mới
[2025-08-17T11:02:16.173+0000] {subprocess.py:93} INFO - 25/100 AAVEUSDT lưu OK
[2025-08-17T11:02:16.173+0000] {subprocess.py:93} INFO - 26/100 CYBERUSDT lỗi: relation "cryptocurrency.cyberusdt" does not exist
[2025-08-17T11:02:16.174+0000] {subprocess.py:93} INFO - LINE 1: SELECT MAX(time) FROM cryptocurrency.cyberusdt;
[2025-08-17T11:02:16.174+0000] {subprocess.py:93} INFO -                               ^
[2025-08-17T11:02:16.174+0000] {subprocess.py:93} INFO - 
[2025-08-17T11:02:16.174+0000] {subprocess.py:93} INFO - ⚠️ WLDUSDT lỗi lần 1/3: HTTPSConnectionPool(host='api.binance.com', port=443): Max retries exceeded with url: /api/v3/klines?symbol=WLDUSDT&interval=1m&limit=100 (Caused by ConnectTimeoutError(<urllib3.connection.HTTPSConnection object at 0x7fcc6d199420>, 'Connection to api.binance.com timed out. (connect timeout=15)'))
[2025-08-17T11:02:16.175+0000] {subprocess.py:93} INFO - ⚠️ SUSDT lỗi lần 2/3: HTTPSConnectionPool(host='api.binance.com', port=443): Max retries exceeded with url: /api/v3/klines?symbol=SUSDT&interval=1m&limit=100 (Caused by ConnectTimeoutError(<urllib3.connection.HTTPSConnection object at 0x7fcc6d1990c0>, 'Connection to api.binance.com timed out. (connect timeout=15)'))
[2025-08-17T11:02:16.175+0000] {subprocess.py:93} INFO - ⚠️ BFUSDUSDT lỗi lần 2/3: HTTPSConnectionPool(host='api.binance.com', port=443): Max retries exceeded with url: /api/v3/klines?symbol=BFUSDUSDT&interval=1m&limit=100 (Caused by ConnectTimeoutError(<urllib3.connection.HTTPSConnection object at 0x7fcc6d19a530>, 'Connection to api.binance.com timed out. (connect timeout=15)'))
[2025-08-17T11:02:16.175+0000] {subprocess.py:93} INFO - ✅ BFUSDUSDT: thêm 8 dòng mới
[2025-08-17T11:02:16.175+0000] {subprocess.py:93} INFO - 27/100 BFUSDUSDT lưu OK
[2025-08-17T11:02:16.176+0000] {subprocess.py:93} INFO - ✅ SUSDT: thêm 8 dòng mới
[2025-08-17T11:02:16.176+0000] {subprocess.py:93} INFO - 28/100 SUSDT lưu OK
[2025-08-17T11:02:16.176+0000] {subprocess.py:93} INFO - ✅ API3USDT: thêm 8 dòng mới
[2025-08-17T11:02:16.176+0000] {subprocess.py:93} INFO - 29/100 API3USDT lưu OK
[2025-08-17T11:02:16.177+0000] {subprocess.py:93} INFO - ✅ HBARUSDT: thêm 13 dòng mới
[2025-08-17T11:02:16.177+0000] {subprocess.py:93} INFO - 30/100 HBARUSDT lưu OK
[2025-08-17T11:02:16.177+0000] {subprocess.py:93} INFO - ✅ WLDUSDT: thêm 13 dòng mới
[2025-08-17T11:02:16.177+0000] {subprocess.py:93} INFO - 31/100 WLDUSDT lưu OK
[2025-08-17T11:02:16.178+0000] {subprocess.py:93} INFO - 32/100 PONDUSDT lỗi: relation "cryptocurrency.pondusdt" does not exist
[2025-08-17T11:02:16.178+0000] {subprocess.py:93} INFO - LINE 1: SELECT MAX(time) FROM cryptocurrency.pondusdt;
[2025-08-17T11:02:16.178+0000] {subprocess.py:93} INFO -                               ^
[2025-08-17T11:02:16.178+0000] {subprocess.py:93} INFO - 
[2025-08-17T11:02:16.179+0000] {subprocess.py:93} INFO - ✅ CRVUSDT: thêm 7 dòng mới
[2025-08-17T11:02:16.179+0000] {subprocess.py:93} INFO - 33/100 CRVUSDT lưu OK
[2025-08-17T11:02:16.179+0000] {subprocess.py:93} INFO - ⚠️ EPICUSDT lỗi lần 2/3: HTTPSConnectionPool(host='api.binance.com', port=443): Max retries exceeded with url: /api/v3/klines?symbol=EPICUSDT&interval=1m&limit=100 (Caused by ConnectTimeoutError(<urllib3.connection.HTTPSConnection object at 0x7fcc6d4dcdf0>, 'Connection to api.binance.com timed out. (connect timeout=15)'))
[2025-08-17T11:02:16.179+0000] {subprocess.py:93} INFO - ✅ ALPINEUSDT: thêm 8 dòng mới
[2025-08-17T11:02:16.180+0000] {subprocess.py:93} INFO - 34/100 ALPINEUSDT lưu OK
[2025-08-17T11:02:16.180+0000] {subprocess.py:93} INFO - ✅ TOWNSUSDT: thêm 7 dòng mới
[2025-08-17T11:02:16.180+0000] {subprocess.py:93} INFO - 35/100 TOWNSUSDT lưu OK
[2025-08-17T11:02:16.180+0000] {subprocess.py:93} INFO - ✅ XLMUSDT: thêm 7 dòng mới
[2025-08-17T11:02:16.181+0000] {subprocess.py:93} INFO - 36/100 XLMUSDT lưu OK
[2025-08-17T11:02:16.181+0000] {subprocess.py:93} INFO - ✅ OPUSDT: thêm 12 dòng mới
[2025-08-17T11:02:16.181+0000] {subprocess.py:93} INFO - 37/100 OPUSDT lưu OK
[2025-08-17T11:02:16.181+0000] {subprocess.py:93} INFO - ✅ EPICUSDT: thêm 7 dòng mới
[2025-08-17T11:02:16.182+0000] {subprocess.py:93} INFO - 38/100 EPICUSDT lưu OK
[2025-08-17T11:02:16.182+0000] {subprocess.py:93} INFO - ✅ BERAUSDT: thêm 12 dòng mới
[2025-08-17T11:02:16.182+0000] {subprocess.py:93} INFO - 39/100 BERAUSDT lưu OK
[2025-08-17T11:02:16.182+0000] {subprocess.py:93} INFO - ⚠️ MAVUSDT lỗi lần 1/3: HTTPSConnectionPool(host='api.binance.com', port=443): Max retries exceeded with url: /api/v3/klines?symbol=MAVUSDT&interval=1m&limit=100 (Caused by ConnectTimeoutError(<urllib3.connection.HTTPSConnection object at 0x7fcc6c1539a0>, 'Connection to api.binance.com timed out. (connect timeout=15)'))
[2025-08-17T11:02:16.183+0000] {subprocess.py:93} INFO - ✅ RAYUSDT: thêm 7 dòng mới
[2025-08-17T11:02:16.183+0000] {subprocess.py:93} INFO - 40/100 RAYUSDT lưu OK
[2025-08-17T11:02:16.183+0000] {subprocess.py:93} INFO - ✅ DOTUSDT: thêm 8 dòng mới
[2025-08-17T11:02:16.183+0000] {subprocess.py:93} INFO - 41/100 DOTUSDT lưu OK
[2025-08-17T11:02:16.184+0000] {subprocess.py:93} INFO - ⚠️ MAVUSDT lỗi lần 2/3: HTTPSConnectionPool(host='api.binance.com', port=443): Max retries exceeded with url: /api/v3/klines?symbol=MAVUSDT&interval=1m&limit=100 (Caused by ConnectTimeoutError(<urllib3.connection.HTTPSConnection object at 0x7fcc6d4ddd80>, 'Connection to api.binance.com timed out. (connect timeout=15)'))
[2025-08-17T11:02:16.184+0000] {subprocess.py:93} INFO - ⚠️ MAVUSDT lỗi lần 3/3: HTTPSConnectionPool(host='api.binance.com', port=443): Max retries exceeded with url: /api/v3/klines?symbol=MAVUSDT&interval=1m&limit=100 (Caused by ConnectTimeoutError(<urllib3.connection.HTTPSConnection object at 0x7fcc6c150e20>, 'Connection to api.binance.com timed out. (connect timeout=15)'))
[2025-08-17T11:02:16.184+0000] {subprocess.py:93} INFO - 42/100 MAVUSDT bỏ qua (fail)
[2025-08-17T11:02:16.184+0000] {subprocess.py:93} INFO - 43/100 LPTUSDT lỗi: relation "cryptocurrency.lptusdt" does not exist
[2025-08-17T11:02:16.185+0000] {subprocess.py:93} INFO - LINE 1: SELECT MAX(time) FROM cryptocurrency.lptusdt;
[2025-08-17T11:02:16.185+0000] {subprocess.py:93} INFO -                               ^
[2025-08-17T11:02:16.185+0000] {subprocess.py:93} INFO - 
[2025-08-17T11:02:16.186+0000] {subprocess.py:93} INFO - 44/100 PENGUUSDT lỗi: connection to server at "videv.cloud" (27.74.74.29), port 5432 failed: Connection timed out
[2025-08-17T11:02:16.186+0000] {subprocess.py:93} INFO - 	Is the server running on that host and accepting TCP/IP connections?
[2025-08-17T11:02:16.186+0000] {subprocess.py:93} INFO - 
[2025-08-17T11:02:16.186+0000] {subprocess.py:93} INFO - ✅ ASRUSDT: thêm 8 dòng mới
[2025-08-17T11:02:16.187+0000] {subprocess.py:93} INFO - 45/100 ASRUSDT lưu OK
[2025-08-17T11:02:16.187+0000] {subprocess.py:93} INFO - ✅ TONUSDT: thêm 8 dòng mới
[2025-08-17T11:02:16.187+0000] {subprocess.py:93} INFO - 46/100 TONUSDT lưu OK
[2025-08-17T11:04:20.239+0000] {subprocess.py:93} INFO - ⚠️ FLOKIUSDT lỗi lần 1/3: HTTPSConnectionPool(host='api.binance.com', port=443): Max retries exceeded with url: /api/v3/klines?symbol=FLOKIUSDT&interval=1m&limit=100 (Caused by ConnectTimeoutError(<urllib3.connection.HTTPSConnection object at 0x7fcc6c153160>, 'Connection to api.binance.com timed out. (connect timeout=15)'))
[2025-08-17T11:04:20.240+0000] {subprocess.py:93} INFO - 47/100 TRUMPUSDT lỗi: connection to server at "videv.cloud" (27.74.74.29), port 5432 failed: Connection timed out
[2025-08-17T11:04:20.240+0000] {subprocess.py:93} INFO - 	Is the server running on that host and accepting TCP/IP connections?
[2025-08-17T11:04:20.241+0000] {subprocess.py:93} INFO - 
[2025-08-17T11:04:20.241+0000] {subprocess.py:93} INFO - ⚠️ FLOKIUSDT lỗi lần 2/3: HTTPSConnectionPool(host='api.binance.com', port=443): Max retries exceeded with url: /api/v3/klines?symbol=FLOKIUSDT&interval=1m&limit=100 (Caused by ConnectTimeoutError(<urllib3.connection.HTTPSConnection object at 0x7fcc6d4dead0>, 'Connection to api.binance.com timed out. (connect timeout=15)'))
[2025-08-17T11:04:20.241+0000] {subprocess.py:93} INFO - ⚠️ CELRUSDT lỗi lần 1/3: HTTPSConnectionPool(host='api.binance.com', port=443): Max retries exceeded with url: /api/v3/klines?symbol=CELRUSDT&interval=1m&limit=100 (Caused by ConnectTimeoutError(<urllib3.connection.HTTPSConnection object at 0x7fcc6c153100>, 'Connection to api.binance.com timed out. (connect timeout=15)'))
[2025-08-17T11:04:20.241+0000] {subprocess.py:93} INFO - 48/100 NEARUSDT lỗi: connection to server at "videv.cloud" (27.74.74.29), port 5432 failed: Connection timed out
[2025-08-17T11:04:20.242+0000] {subprocess.py:93} INFO - 	Is the server running on that host and accepting TCP/IP connections?
[2025-08-17T11:04:20.242+0000] {subprocess.py:93} INFO - 
[2025-08-17T11:04:20.242+0000] {subprocess.py:93} INFO - ✅ GALAUSDT: thêm 8 dòng mới
[2025-08-17T11:04:20.243+0000] {subprocess.py:93} INFO - 49/100 GALAUSDT lưu OK
[2025-08-17T11:04:20.243+0000] {subprocess.py:93} INFO - ✅ BCHUSDT: thêm 8 dòng mới
[2025-08-17T11:04:20.243+0000] {subprocess.py:93} INFO - 50/100 BCHUSDT lưu OK
[2025-08-17T11:04:20.244+0000] {subprocess.py:93} INFO - ✅ ONDOUSDT: thêm 8 dòng mới
[2025-08-17T11:04:20.244+0000] {subprocess.py:93} INFO - 51/100 ONDOUSDT lưu OK
[2025-08-17T11:04:20.244+0000] {subprocess.py:93} INFO - ⚠️ FLOKIUSDT lỗi lần 3/3: HTTPSConnectionPool(host='api.binance.com', port=443): Max retries exceeded with url: /api/v3/klines?symbol=FLOKIUSDT&interval=1m&limit=100 (Caused by ConnectTimeoutError(<urllib3.connection.HTTPSConnection object at 0x7fcc6c150c70>, 'Connection to api.binance.com timed out. (connect timeout=15)'))
[2025-08-17T11:04:20.244+0000] {subprocess.py:93} INFO - 52/100 WIFUSDT lỗi: connection to server at "videv.cloud" (27.74.74.29), port 5432 failed: Connection timed out
[2025-08-17T11:04:20.245+0000] {subprocess.py:93} INFO - 	Is the server running on that host and accepting TCP/IP connections?
[2025-08-17T11:04:20.245+0000] {subprocess.py:93} INFO - 
[2025-08-17T11:04:20.245+0000] {subprocess.py:93} INFO - 53/100 OGUSDT lỗi: connection to server at "videv.cloud" (27.74.74.29), port 5432 failed: Connection timed out
[2025-08-17T11:04:20.245+0000] {subprocess.py:93} INFO - 	Is the server running on that host and accepting TCP/IP connections?
[2025-08-17T11:04:20.246+0000] {subprocess.py:93} INFO - 
[2025-08-17T11:04:20.246+0000] {subprocess.py:93} INFO - 54/100 MOVRUSDT lỗi: relation "cryptocurrency.movrusdt" does not exist
[2025-08-17T11:04:20.246+0000] {subprocess.py:93} INFO - LINE 1: SELECT MAX(time) FROM cryptocurrency.movrusdt;
[2025-08-17T11:04:20.247+0000] {subprocess.py:93} INFO -                               ^
[2025-08-17T11:04:20.247+0000] {subprocess.py:93} INFO - 
[2025-08-17T11:04:20.247+0000] {subprocess.py:93} INFO - ✅ INJUSDT: thêm 8 dòng mới
[2025-08-17T11:04:20.247+0000] {subprocess.py:93} INFO - 55/100 INJUSDT lưu OK
[2025-08-17T11:04:20.248+0000] {subprocess.py:93} INFO - ✅ EIGENUSDT: thêm 8 dòng mới
[2025-08-17T11:04:20.248+0000] {subprocess.py:93} INFO - 56/100 EIGENUSDT lưu OK
[2025-08-17T11:04:20.248+0000] {subprocess.py:93} INFO - 57/100 FLOKIUSDT bỏ qua (fail)
[2025-08-17T11:04:20.249+0000] {subprocess.py:93} INFO - 58/100 BONKUSDT lỗi: connection to server at "videv.cloud" (27.74.74.29), port 5432 failed: Connection timed out
[2025-08-17T11:04:20.249+0000] {subprocess.py:93} INFO - 	Is the server running on that host and accepting TCP/IP connections?
[2025-08-17T11:04:20.249+0000] {subprocess.py:93} INFO - 
[2025-08-17T11:04:20.249+0000] {subprocess.py:93} INFO - 59/100 CHRUSDT lỗi: connection to server at "videv.cloud" (27.74.74.29), port 5432 failed: Connection timed out
[2025-08-17T11:04:20.250+0000] {subprocess.py:93} INFO - 	Is the server running on that host and accepting TCP/IP connections?
[2025-08-17T11:04:20.250+0000] {subprocess.py:93} INFO - 
[2025-08-17T11:04:20.250+0000] {subprocess.py:93} INFO - ✅ TAOUSDT: thêm 8 dòng mới
[2025-08-17T11:04:20.251+0000] {subprocess.py:93} INFO - 60/100 TAOUSDT lưu OK
[2025-08-17T11:04:20.251+0000] {subprocess.py:93} INFO - ✅ ETHFIUSDT: thêm 8 dòng mới
[2025-08-17T11:04:20.251+0000] {subprocess.py:93} INFO - 61/100 ETHFIUSDT lưu OK
[2025-08-17T11:04:20.251+0000] {subprocess.py:93} INFO - 62/100 OGNUSDT lỗi: connection to server at "videv.cloud" (27.74.74.29), port 5432 failed: Connection timed out
[2025-08-17T11:04:20.252+0000] {subprocess.py:93} INFO - 	Is the server running on that host and accepting TCP/IP connections?
[2025-08-17T11:04:20.252+0000] {subprocess.py:93} INFO - 
[2025-08-17T11:04:20.252+0000] {subprocess.py:93} INFO - ⚠️ PORTOUSDT lỗi lần 1/3: HTTPSConnectionPool(host='api.binance.com', port=443): Max retries exceeded with url: /api/v3/klines?symbol=PORTOUSDT&interval=1m&limit=100 (Caused by ConnectTimeoutError(<urllib3.connection.HTTPSConnection object at 0x7fcc6d4df190>, 'Connection to api.binance.com timed out. (connect timeout=15)'))
[2025-08-17T11:04:20.253+0000] {subprocess.py:93} INFO - ✅ PENDLEUSDT: thêm 8 dòng mới
[2025-08-17T11:04:20.253+0000] {subprocess.py:93} INFO - 63/100 PENDLEUSDT lưu OK
[2025-08-17T11:04:20.253+0000] {subprocess.py:93} INFO - ✅ BATUSDT: thêm 9 dòng mới
[2025-08-17T11:04:20.253+0000] {subprocess.py:93} INFO - 64/100 BATUSDT lưu OK
[2025-08-17T11:04:20.254+0000] {subprocess.py:93} INFO - ⚠️ NMRUSDT lỗi lần 1/3: HTTPSConnectionPool(host='api.binance.com', port=443): Max retries exceeded with url: /api/v3/klines?symbol=NMRUSDT&interval=1m&limit=100 (Caused by ConnectTimeoutError(<urllib3.connection.HTTPSConnection object at 0x7fcc6d51cd90>, 'Connection to api.binance.com timed out. (connect timeout=15)'))
[2025-08-17T11:04:20.254+0000] {subprocess.py:93} INFO - 65/100 APTUSDT lỗi: connection to server at "videv.cloud" (27.74.74.29), port 5432 failed: Connection timed out
[2025-08-17T11:04:20.254+0000] {subprocess.py:93} INFO - 	Is the server running on that host and accepting TCP/IP connections?
[2025-08-17T11:04:20.255+0000] {subprocess.py:93} INFO - 
[2025-08-17T11:04:20.255+0000] {subprocess.py:93} INFO - ⚠️ PORTOUSDT lỗi lần 2/3: HTTPSConnectionPool(host='api.binance.com', port=443): Max retries exceeded with url: /api/v3/klines?symbol=PORTOUSDT&interval=1m&limit=100 (Caused by ConnectTimeoutError(<urllib3.connection.HTTPSConnection object at 0x7fcc6d4de920>, 'Connection to api.binance.com timed out. (connect timeout=15)'))
[2025-08-17T11:04:20.255+0000] {subprocess.py:93} INFO - ⚠️ NMRUSDT lỗi lần 2/3: HTTPSConnectionPool(host='api.binance.com', port=443): Max retries exceeded with url: /api/v3/klines?symbol=NMRUSDT&interval=1m&limit=100 (Caused by ConnectTimeoutError(<urllib3.connection.HTTPSConnection object at 0x7fcc6c152f20>, 'Connection to api.binance.com timed out. (connect timeout=15)'))
[2025-08-17T11:04:20.256+0000] {subprocess.py:93} INFO - ✅ PORTOUSDT: thêm 9 dòng mới
[2025-08-17T11:04:20.256+0000] {subprocess.py:93} INFO - 66/100 PORTOUSDT lưu OK
[2025-08-17T11:04:20.256+0000] {subprocess.py:93} INFO - ⚠️ BBUSDT lỗi lần 1/3: HTTPSConnectionPool(host='api.binance.com', port=443): Max retries exceeded with url: /api/v3/klines?symbol=BBUSDT&interval=1m&limit=100 (Caused by ConnectTimeoutError(<urllib3.connection.HTTPSConnection object at 0x7fcc6c150160>, 'Connection to api.binance.com timed out. (connect timeout=15)'))
[2025-08-17T11:04:20.256+0000] {subprocess.py:93} INFO - 67/100 BBUSDT lỗi: relation "cryptocurrency.bbusdt" does not exist
[2025-08-17T11:04:20.257+0000] {subprocess.py:93} INFO - LINE 1: SELECT MAX(time) FROM cryptocurrency.bbusdt;
[2025-08-17T11:04:20.257+0000] {subprocess.py:93} INFO -                               ^
[2025-08-17T11:04:20.257+0000] {subprocess.py:93} INFO - 
[2025-08-17T11:04:20.258+0000] {subprocess.py:93} INFO - ✅ CELRUSDT: thêm 8 dòng mới
[2025-08-17T11:04:20.258+0000] {subprocess.py:93} INFO - 68/100 CELRUSDT lưu OK
[2025-08-17T11:04:20.258+0000] {subprocess.py:93} INFO - ⚠️ RENDERUSDT lỗi lần 1/3: HTTPSConnectionPool(host='api.binance.com', port=443): Max retries exceeded with url: /api/v3/klines?symbol=RENDERUSDT&interval=1m&limit=100 (Caused by ConnectTimeoutError(<urllib3.connection.HTTPSConnection object at 0x7fcc6c1512d0>, 'Connection to api.binance.com timed out. (connect timeout=15)'))
[2025-08-17T11:04:20.258+0000] {subprocess.py:93} INFO - ⚠️ NMRUSDT lỗi lần 3/3: HTTPSConnectionPool(host='api.binance.com', port=443): Max retries exceeded with url: /api/v3/klines?symbol=NMRUSDT&interval=1m&limit=100 (Caused by ConnectTimeoutError(<urllib3.connection.HTTPSConnection object at 0x7fcc6d4dd6f0>, 'Connection to api.binance.com timed out. (connect timeout=15)'))
[2025-08-17T11:04:20.259+0000] {subprocess.py:93} INFO - 69/100 NMRUSDT bỏ qua (fail)
[2025-08-17T11:04:20.259+0000] {subprocess.py:93} INFO - ⚠️ ALGOUSDT lỗi lần 1/3: HTTPSConnectionPool(host='api.binance.com', port=443): Max retries exceeded with url: /api/v3/klines?symbol=ALGOUSDT&interval=1m&limit=100 (Caused by ConnectTimeoutError(<urllib3.connection.HTTPSConnection object at 0x7fcc6d51f280>, 'Connection to api.binance.com timed out. (connect timeout=15)'))
[2025-08-17T11:04:20.259+0000] {subprocess.py:93} INFO - ⚠️ BIOUSDT lỗi lần 1/3: HTTPSConnectionPool(host='api.binance.com', port=443): Max retries exceeded with url: /api/v3/klines?symbol=BIOUSDT&interval=1m&limit=100 (Caused by ConnectTimeoutError(<urllib3.connection.HTTPSConnection object at 0x7fcc6d19a1d0>, 'Connection to api.binance.com timed out. (connect timeout=15)'))
[2025-08-17T11:04:20.260+0000] {subprocess.py:93} INFO - ✅ ALGOUSDT: thêm 8 dòng mới
[2025-08-17T11:04:20.260+0000] {subprocess.py:93} INFO - 70/100 ALGOUSDT lưu OK
[2025-08-17T11:04:20.260+0000] {subprocess.py:93} INFO - 71/100 BIOUSDT lỗi: relation "cryptocurrency.biousdt" does not exist
[2025-08-17T11:04:20.261+0000] {subprocess.py:93} INFO - LINE 1: SELECT MAX(time) FROM cryptocurrency.biousdt;
[2025-08-17T11:04:20.261+0000] {subprocess.py:93} INFO -                               ^
[2025-08-17T11:04:20.261+0000] {subprocess.py:93} INFO - 
[2025-08-17T11:04:20.261+0000] {subprocess.py:93} INFO - ✅ CAKEUSDT: thêm 15 dòng mới
[2025-08-17T11:04:20.262+0000] {subprocess.py:93} INFO - 72/100 CAKEUSDT lưu OK
[2025-08-17T11:04:20.262+0000] {subprocess.py:93} INFO - ⚠️ FILUSDT lỗi lần 1/3: HTTPSConnectionPool(host='api.binance.com', port=443): Max retries exceeded with url: /api/v3/klines?symbol=FILUSDT&interval=1m&limit=100 (Caused by ConnectTimeoutError(<urllib3.connection.HTTPSConnection object at 0x7fcc6d4df070>, 'Connection to api.binance.com timed out. (connect timeout=15)'))
[2025-08-17T11:04:20.262+0000] {subprocess.py:93} INFO - ✅ LAUSDT: thêm 9 dòng mới
[2025-08-17T11:04:20.263+0000] {subprocess.py:93} INFO - 73/100 LAUSDT lưu OK
[2025-08-17T11:04:20.263+0000] {subprocess.py:93} INFO - ✅ FETUSDT: thêm 9 dòng mới
[2025-08-17T11:04:20.263+0000] {subprocess.py:93} INFO - 74/100 FETUSDT lưu OK
[2025-08-17T11:04:20.263+0000] {subprocess.py:93} INFO - ✅ FILUSDT: thêm 15 dòng mới
[2025-08-17T11:04:20.264+0000] {subprocess.py:93} INFO - 75/100 FILUSDT lưu OK
[2025-08-17T11:04:20.264+0000] {subprocess.py:93} INFO - 76/100 BANDUSDT lỗi: relation "cryptocurrency.bandusdt" does not exist
[2025-08-17T11:04:20.264+0000] {subprocess.py:93} INFO - LINE 1: SELECT MAX(time) FROM cryptocurrency.bandusdt;
[2025-08-17T11:04:20.265+0000] {subprocess.py:93} INFO -                               ^
[2025-08-17T11:04:20.265+0000] {subprocess.py:93} INFO - 
[2025-08-17T11:04:20.265+0000] {subprocess.py:93} INFO - ✅ RENDERUSDT: thêm 9 dòng mới
[2025-08-17T11:04:20.265+0000] {subprocess.py:93} INFO - 77/100 RENDERUSDT lưu OK
[2025-08-17T11:04:20.266+0000] {subprocess.py:93} INFO - ✅ VIRTUALUSDT: thêm 9 dòng mới
[2025-08-17T11:04:20.266+0000] {subprocess.py:93} INFO - 78/100 VIRTUALUSDT lưu OK
[2025-08-17T11:04:20.266+0000] {subprocess.py:93} INFO - ✅ ERAUSDT: thêm 9 dòng mới
[2025-08-17T11:04:20.267+0000] {subprocess.py:93} INFO - 79/100 ERAUSDT lưu OK
[2025-08-17T11:06:41.721+0000] {subprocess.py:93} INFO - ⚠️ SYRUPUSDT lỗi lần 1/3: HTTPSConnectionPool(host='api.binance.com', port=443): Max retries exceeded with url: /api/v3/klines?symbol=SYRUPUSDT&interval=1m&limit=100 (Caused by ConnectTimeoutError(<urllib3.connection.HTTPSConnection object at 0x7fcc6c1513f0>, 'Connection to api.binance.com timed out. (connect timeout=15)'))
[2025-08-17T11:06:41.722+0000] {subprocess.py:93} INFO - ⚠️ STRKUSDT lỗi lần 1/3: HTTPSConnectionPool(host='api.binance.com', port=443): Max retries exceeded with url: /api/v3/klines?symbol=STRKUSDT&interval=1m&limit=100 (Caused by ConnectTimeoutError(<urllib3.connection.HTTPSConnection object at 0x7fcc6d4dcfd0>, 'Connection to api.binance.com timed out. (connect timeout=15)'))
[2025-08-17T11:06:41.722+0000] {subprocess.py:93} INFO - 80/100 LRCUSDT lỗi: connection to server at "videv.cloud" (27.74.74.29), port 5432 failed: Connection timed out
[2025-08-17T11:06:41.723+0000] {subprocess.py:93} INFO - 	Is the server running on that host and accepting TCP/IP connections?
[2025-08-17T11:06:41.723+0000] {subprocess.py:93} INFO - 
[2025-08-17T11:06:41.723+0000] {subprocess.py:93} INFO - ⚠️ POLUSDT lỗi lần 1/3: HTTPSConnectionPool(host='api.binance.com', port=443): Max retries exceeded with url: /api/v3/klines?symbol=POLUSDT&interval=1m&limit=100 (Caused by ConnectTimeoutError(<urllib3.connection.HTTPSConnection object at 0x7fcc6d4ddfc0>, 'Connection to api.binance.com timed out. (connect timeout=15)'))
[2025-08-17T11:06:41.724+0000] {subprocess.py:93} INFO - ⚠️ SHIBUSDT lỗi lần 1/3: HTTPSConnectionPool(host='api.binance.com', port=443): Max retries exceeded with url: /api/v3/klines?symbol=SHIBUSDT&interval=1m&limit=100 (Caused by ConnectTimeoutError(<urllib3.connection.HTTPSConnection object at 0x7fcc6c151c90>, 'Connection to api.binance.com timed out. (connect timeout=15)'))
[2025-08-17T11:06:41.724+0000] {subprocess.py:93} INFO - ⚠️ SYRUPUSDT lỗi lần 2/3: HTTPSConnectionPool(host='api.binance.com', port=443): Max retries exceeded with url: /api/v3/klines?symbol=SYRUPUSDT&interval=1m&limit=100 (Caused by ConnectTimeoutError(<urllib3.connection.HTTPSConnection object at 0x7fcc6d4dd510>, 'Connection to api.binance.com timed out. (connect timeout=15)'))
[2025-08-17T11:06:41.724+0000] {subprocess.py:93} INFO - ✅ SYRUPUSDT: thêm 9 dòng mới
[2025-08-17T11:06:41.725+0000] {subprocess.py:93} INFO - 81/100 SYRUPUSDT lưu OK
[2025-08-17T11:06:41.725+0000] {subprocess.py:93} INFO - ⚠️ STRKUSDT lỗi lần 2/3: HTTPSConnectionPool(host='api.binance.com', port=443): Max retries exceeded with url: /api/v3/klines?symbol=STRKUSDT&interval=1m&limit=100 (Caused by ConnectTimeoutError(<urllib3.connection.HTTPSConnection object at 0x7fcc6d19bdc0>, 'Connection to api.binance.com timed out. (connect timeout=15)'))
[2025-08-17T11:06:41.725+0000] {subprocess.py:93} INFO - ✅ PNUTUSDT: thêm 9 dòng mới
[2025-08-17T11:06:41.726+0000] {subprocess.py:93} INFO - 82/100 PNUTUSDT lưu OK
[2025-08-17T11:06:41.726+0000] {subprocess.py:93} INFO - ⚠️ POLUSDT lỗi lần 2/3: HTTPSConnectionPool(host='api.binance.com', port=443): Max retries exceeded with url: /api/v3/klines?symbol=POLUSDT&interval=1m&limit=100 (Caused by ConnectTimeoutError(<urllib3.connection.HTTPSConnection object at 0x7fcc6d1982b0>, 'Connection to api.binance.com timed out. (connect timeout=15)'))
[2025-08-17T11:06:41.726+0000] {subprocess.py:93} INFO - ✅ POLUSDT: thêm 15 dòng mới
[2025-08-17T11:06:41.726+0000] {subprocess.py:93} INFO - 83/100 POLUSDT lưu OK
[2025-08-17T11:06:41.727+0000] {subprocess.py:93} INFO - ⚠️ SHIBUSDT lỗi lần 2/3: HTTPSConnectionPool(host='api.binance.com', port=443): Max retries exceeded with url: /api/v3/klines?symbol=SHIBUSDT&interval=1m&limit=100 (Caused by ConnectTimeoutError(<urllib3.connection.HTTPSConnection object at 0x7fcc6d199300>, 'Connection to api.binance.com timed out. (connect timeout=15)'))
[2025-08-17T11:06:41.727+0000] {subprocess.py:93} INFO - 84/100 STRKUSDT lỗi: relation "cryptocurrency.strkusdt" does not exist
[2025-08-17T11:06:41.727+0000] {subprocess.py:93} INFO - LINE 1: SELECT MAX(time) FROM cryptocurrency.strkusdt;
[2025-08-17T11:06:41.728+0000] {subprocess.py:93} INFO -                               ^
[2025-08-17T11:06:41.728+0000] {subprocess.py:93} INFO - 
[2025-08-17T11:06:41.728+0000] {subprocess.py:93} INFO - ✅ SHIBUSDT: thêm 15 dòng mới
[2025-08-17T11:06:41.729+0000] {subprocess.py:93} INFO - 85/100 SHIBUSDT lưu OK
[2025-08-17T11:06:41.729+0000] {subprocess.py:93} INFO - 86/100 HOTUSDT lỗi: relation "cryptocurrency.hotusdt" does not exist
[2025-08-17T11:06:41.729+0000] {subprocess.py:93} INFO - LINE 1: SELECT MAX(time) FROM cryptocurrency.hotusdt;
[2025-08-17T11:06:41.729+0000] {subprocess.py:93} INFO -                               ^
[2025-08-17T11:06:41.730+0000] {subprocess.py:93} INFO - 
[2025-08-17T11:06:41.730+0000] {subprocess.py:93} INFO - ✅ ARKMUSDT: thêm 14 dòng mới
[2025-08-17T11:06:41.730+0000] {subprocess.py:93} INFO - 87/100 ARKMUSDT lưu OK
[2025-08-17T11:06:41.731+0000] {subprocess.py:93} INFO - ✅ ENSUSDT: thêm 9 dòng mới
[2025-08-17T11:06:41.731+0000] {subprocess.py:93} INFO - 88/100 ENSUSDT lưu OK
[2025-08-17T11:06:41.731+0000] {subprocess.py:93} INFO - ✅ MDTUSDT: thêm 9 dòng mới
[2025-08-17T11:06:41.732+0000] {subprocess.py:93} INFO - 89/100 MDTUSDT lưu OK
[2025-08-17T11:06:41.732+0000] {subprocess.py:93} INFO - 90/100 TREEUSDT lỗi: relation "cryptocurrency.treeusdt" does not exist
[2025-08-17T11:06:41.732+0000] {subprocess.py:93} INFO - LINE 1: SELECT MAX(time) FROM cryptocurrency.treeusdt;
[2025-08-17T11:06:41.732+0000] {subprocess.py:93} INFO -                               ^
[2025-08-17T11:06:41.733+0000] {subprocess.py:93} INFO - 
[2025-08-17T11:06:41.733+0000] {subprocess.py:93} INFO - 91/100 ZKUSDT lỗi: relation "cryptocurrency.zkusdt" does not exist
[2025-08-17T11:06:41.733+0000] {subprocess.py:93} INFO - LINE 1: SELECT MAX(time) FROM cryptocurrency.zkusdt;
[2025-08-17T11:06:41.734+0000] {subprocess.py:93} INFO -                               ^
[2025-08-17T11:06:41.734+0000] {subprocess.py:93} INFO - 
[2025-08-17T11:06:41.734+0000] {subprocess.py:93} INFO - ⚠️ EURUSDT lỗi lần 1/3: HTTPSConnectionPool(host='api.binance.com', port=443): Max retries exceeded with url: /api/v3/klines?symbol=EURUSDT&interval=1m&limit=100 (Caused by ConnectTimeoutError(<urllib3.connection.HTTPSConnection object at 0x7fcc6d4dfb80>, 'Connection to api.binance.com timed out. (connect timeout=15)'))
[2025-08-17T11:06:41.734+0000] {subprocess.py:93} INFO - 92/100 XUSDUSDT lỗi: connection to server at "videv.cloud" (27.74.74.29), port 5432 failed: Connection timed out
[2025-08-17T11:06:41.735+0000] {subprocess.py:93} INFO - 	Is the server running on that host and accepting TCP/IP connections?
[2025-08-17T11:06:41.735+0000] {subprocess.py:93} INFO - 
[2025-08-17T11:06:41.735+0000] {subprocess.py:93} INFO - 93/100 TIAUSDT lỗi: connection to server at "videv.cloud" (27.74.74.29), port 5432 failed: Connection timed out
[2025-08-17T11:06:41.736+0000] {subprocess.py:93} INFO - 	Is the server running on that host and accepting TCP/IP connections?
[2025-08-17T11:06:41.736+0000] {subprocess.py:93} INFO - 
[2025-08-17T11:06:41.736+0000] {subprocess.py:93} INFO - ✅ EURUSDT: thêm 10 dòng mới
[2025-08-17T11:06:41.736+0000] {subprocess.py:93} INFO - 94/100 EURUSDT lưu OK
[2025-08-17T11:06:41.737+0000] {subprocess.py:93} INFO - ✅ CFXUSDT: thêm 9 dòng mới
[2025-08-17T11:06:41.737+0000] {subprocess.py:93} INFO - 95/100 CFXUSDT lưu OK
[2025-08-17T11:06:41.737+0000] {subprocess.py:93} INFO - 96/100 NEIROUSDT lỗi: connection to server at "videv.cloud" (27.74.74.29), port 5432 failed: Connection timed out
[2025-08-17T11:06:41.738+0000] {subprocess.py:93} INFO - 	Is the server running on that host and accepting TCP/IP connections?
[2025-08-17T11:06:41.738+0000] {subprocess.py:93} INFO - 
[2025-08-17T11:06:41.738+0000] {subprocess.py:93} INFO - 97/100 ETCUSDT lỗi: connection to server at "videv.cloud" (27.74.74.29), port 5432 failed: Connection timed out
[2025-08-17T11:06:41.738+0000] {subprocess.py:93} INFO - 	Is the server running on that host and accepting TCP/IP connections?
[2025-08-17T11:06:41.739+0000] {subprocess.py:93} INFO - 
[2025-08-17T11:06:41.739+0000] {subprocess.py:93} INFO - 98/100 VETUSDT lỗi: relation "cryptocurrency.vetusdt" does not exist
[2025-08-17T11:06:41.739+0000] {subprocess.py:93} INFO - LINE 1: SELECT MAX(time) FROM cryptocurrency.vetusdt;
[2025-08-17T11:06:41.740+0000] {subprocess.py:93} INFO -                               ^
[2025-08-17T11:06:41.740+0000] {subprocess.py:93} INFO - 
[2025-08-17T11:06:41.740+0000] {subprocess.py:93} INFO - 99/100 SPKUSDT lỗi: connection to server at "videv.cloud" (27.74.74.29), port 5432 failed: Connection timed out
[2025-08-17T11:06:41.741+0000] {subprocess.py:93} INFO - 	Is the server running on that host and accepting TCP/IP connections?
[2025-08-17T11:06:41.741+0000] {subprocess.py:93} INFO - 
[2025-08-17T11:06:41.741+0000] {subprocess.py:93} INFO - 100/100 ICPUSDT lỗi: connection to server at "videv.cloud" (27.74.74.29), port 5432 failed: Connection timed out
[2025-08-17T11:06:41.741+0000] {subprocess.py:93} INFO - 	Is the server running on that host and accepting TCP/IP connections?
[2025-08-17T11:06:41.742+0000] {subprocess.py:93} INFO - 
[2025-08-17T11:06:41.893+0000] {subprocess.py:97} INFO - Command exited with return code 0
[2025-08-17T11:06:41.894+0000] {taskinstance.py:441} INFO - ::group::Post task execution logs
[2025-08-17T11:06:41.928+0000] {taskinstance.py:1206} INFO - Marking task as SUCCESS. dag_id=crypto_collector_dag, task_id=run_crypto_collector, run_id=scheduled__2025-08-17T10:57:00+00:00, execution_date=20250817T105700, start_date=20250817T105850, end_date=20250817T110641
[2025-08-17T11:06:41.986+0000] {local_task_job_runner.py:240} INFO - Task exited with return code 0
[2025-08-17T11:06:42.015+0000] {taskinstance.py:3498} INFO - 0 downstream tasks scheduled from follow-on schedule check
[2025-08-17T11:06:42.016+0000] {local_task_job_runner.py:222} INFO - ::endgroup::
