[2025-08-24T09:29:00.486+0000] {local_task_job_runner.py:120} INFO - ::group::Pre task execution logs
[2025-08-24T09:29:00.515+0000] {taskinstance.py:2076} INFO - Dependencies all met for dep_context=non-requeueable deps ti=<TaskInstance: crypto_collector_dag.run_crypto_collector scheduled__2025-08-24T09:28:00+00:00 [queued]>
[2025-08-24T09:29:00.525+0000] {taskinstance.py:2076} INFO - Dependencies all met for dep_context=requeueable deps ti=<TaskInstance: crypto_collector_dag.run_crypto_collector scheduled__2025-08-24T09:28:00+00:00 [queued]>
[2025-08-24T09:29:00.526+0000] {taskinstance.py:2306} INFO - Starting attempt 1 of 2
[2025-08-24T09:29:00.539+0000] {taskinstance.py:2330} INFO - Executing <Task(BashOperator): run_crypto_collector> on 2025-08-24 09:28:00+00:00
[2025-08-24T09:29:00.545+0000] {standard_task_runner.py:63} INFO - Started process 1032907 to run task
[2025-08-24T09:29:00.549+0000] {standard_task_runner.py:90} INFO - Running: ['***', 'tasks', 'run', 'crypto_collector_dag', 'run_crypto_collector', 'scheduled__2025-08-24T09:28:00+00:00', '--job-id', '21357', '--raw', '--subdir', 'DAGS_FOLDER/crawl_crypto/dags_crypto.py', '--cfg-path', '/tmp/tmple2ci0tc']
[2025-08-24T09:29:00.551+0000] {standard_task_runner.py:91} INFO - Job 21357: Subtask run_crypto_collector
[2025-08-24T09:29:00.602+0000] {task_command.py:426} INFO - Running <TaskInstance: crypto_collector_dag.run_crypto_collector scheduled__2025-08-24T09:28:00+00:00 [running]> on host 1877907bc043
[2025-08-24T09:29:00.692+0000] {taskinstance.py:2648} INFO - Exporting env vars: AIRFLOW_CTX_DAG_OWNER='***' AIRFLOW_CTX_DAG_ID='crypto_collector_dag' AIRFLOW_CTX_TASK_ID='run_crypto_collector' AIRFLOW_CTX_EXECUTION_DATE='2025-08-24T09:28:00+00:00' AIRFLOW_CTX_TRY_NUMBER='1' AIRFLOW_CTX_DAG_RUN_ID='scheduled__2025-08-24T09:28:00+00:00'
[2025-08-24T09:29:00.693+0000] {taskinstance.py:430} INFO - ::endgroup::
[2025-08-24T09:29:00.706+0000] {subprocess.py:63} INFO - Tmp dir root location: /tmp
[2025-08-24T09:29:00.707+0000] {subprocess.py:75} INFO - Running command: ['/usr/bin/bash', '-c', 'python3 /opt/***/dags/crawl_crypto/crawl_data_crypto.py']
[2025-08-24T09:29:00.719+0000] {subprocess.py:86} INFO - Output:
[2025-08-24T09:29:07.550+0000] {subprocess.py:93} INFO - 🔹 Kết nối DB...
[2025-08-24T09:29:07.551+0000] {subprocess.py:93} INFO - 🔹 Lấy top 100 crypto...
[2025-08-24T09:29:07.551+0000] {subprocess.py:93} INFO - Top 100: ['ETHUSDT', 'BTCUSDT', 'USDCUSDT', 'SOLUSDT', 'FDUSDUSDT', 'XRPUSDT', 'DOGEUSDT', 'BNBUSDT', 'AVAXUSDT', 'AAVEUSDT', 'LINKUSDT', 'BIOUSDT', 'ENAUSDT', 'TRXUSDT', 'SUIUSDT', 'ADAUSDT', 'PEPEUSDT', 'ARBUSDT', 'MEMEUSDT', 'UNIUSDT', 'PENGUUSDT', 'BOMEUSDT', 'PLUMEUSDT', 'TRUMPUSDT', 'OPUSDT', 'WCTUSDT', 'LTCUSDT', 'SEIUSDT', 'DOTUSDT', 'PENDLEUSDT', 'DOGSUSDT', 'WLDUSDT', 'SYRUPUSDT', 'WIFUSDT', 'ETCUSDT', 'LDOUSDT', 'RADUSDT', 'RAYUSDT', 'BONKUSDT', 'BCHUSDT', 'UMAUSDT', 'HBARUSDT', 'CRVUSDT', 'FILUSDT', 'ONDOUSDT', 'HAEDALUSDT', 'SPELLUSDT', 'BERAUSDT', 'SHELLUSDT', 'ETHFIUSDT', 'XLMUSDT', 'MAVUSDT', 'TONUSDT', 'APTUSDT', 'NEARUSDT', '1000SATSUSDT', 'BANDUSDT', 'SUSDT', 'FLOKIUSDT', 'PNUTUSDT', 'FORTHUSDT', 'ASRUSDT', 'NEIROUSDT', 'OGUSDT', 'SHIBUSDT', 'TIAUSDT', 'GALAUSDT', 'POLUSDT', 'EIGENUSDT', 'ZROUSDT', 'BBUSDT', 'MKRUSDT', 'USUALUSDT', 'TAOUSDT', 'SNXUSDT', 'AUCTIONUSDT', 'ATOMUSDT', 'QTUMUSDT', 'VETUSDT', 'CFXUSDT', 'EURUSDT', 'VIRTUALUSDT', 'KERNELUSDT', 'API3USDT', 'ORDIUSDT', 'SKLUSDT', 'FETUSDT', 'CAKEUSDT', 'ZKUSDT', 'INJUSDT', 'NEOUSDT', 'ACMUSDT', 'PEOPLEUSDT', 'ICPUSDT', 'JUPUSDT', 'CYBERUSDT', 'SPKUSDT', 'TKOUSDT', 'MUBARAKUSDT', 'RENDERUSDT']
[2025-08-24T09:29:07.551+0000] {subprocess.py:93} INFO - 🔹 Lưu lịch sử giá vào DB bằng threading...
[2025-08-24T09:29:07.552+0000] {subprocess.py:93} INFO - ✅ BTCUSDT: thêm 1 dòng mới
[2025-08-24T09:29:07.552+0000] {subprocess.py:93} INFO - ✅ ETHUSDT: thêm 1 dòng mới
[2025-08-24T09:29:07.552+0000] {subprocess.py:93} INFO - 1/100 BTCUSDT lưu OK
[2025-08-24T09:29:07.552+0000] {subprocess.py:93} INFO - 2/100 ETHUSDT lưu OK
[2025-08-24T09:29:07.553+0000] {subprocess.py:93} INFO - ✅ AAVEUSDT: thêm 1 dòng mới
[2025-08-24T09:29:07.553+0000] {subprocess.py:93} INFO - 3/100 AAVEUSDT lưu OK
[2025-08-24T09:29:07.553+0000] {subprocess.py:93} INFO - ✅ AVAXUSDT: thêm 1 dòng mới
[2025-08-24T09:29:07.553+0000] {subprocess.py:93} INFO - 4/100 AVAXUSDT lưu OK
[2025-08-24T09:29:07.553+0000] {subprocess.py:93} INFO - ✅ USDCUSDT: thêm 1 dòng mới
[2025-08-24T09:29:07.554+0000] {subprocess.py:93} INFO - 5/100 USDCUSDT lưu OK
[2025-08-24T09:29:07.554+0000] {subprocess.py:93} INFO - ✅ SOLUSDT: thêm 1 dòng mới
[2025-08-24T09:29:07.554+0000] {subprocess.py:93} INFO - ✅ XRPUSDT: thêm 1 dòng mới
[2025-08-24T09:29:07.554+0000] {subprocess.py:93} INFO - 6/100 SOLUSDT lưu OK
[2025-08-24T09:29:07.554+0000] {subprocess.py:93} INFO - 7/100 XRPUSDT lưu OK
[2025-08-24T09:29:07.555+0000] {subprocess.py:93} INFO - ✅ BNBUSDT: thêm 1 dòng mới
[2025-08-24T09:29:07.555+0000] {subprocess.py:93} INFO - 8/100 BNBUSDT lưu OK
[2025-08-24T09:29:07.555+0000] {subprocess.py:93} INFO - ✅ DOGEUSDT: thêm 1 dòng mới
[2025-08-24T09:29:07.555+0000] {subprocess.py:93} INFO - 9/100 DOGEUSDT lưu OK
[2025-08-24T09:29:07.555+0000] {subprocess.py:93} INFO - ✅ FDUSDUSDT: thêm 1 dòng mới
[2025-08-24T09:29:07.555+0000] {subprocess.py:93} INFO - 10/100 FDUSDUSDT lưu OK
[2025-08-24T09:29:07.556+0000] {subprocess.py:93} INFO - 11/100 MEMEUSDT lỗi: relation "cryptocurrency.memeusdt" does not exist
[2025-08-24T09:29:07.556+0000] {subprocess.py:93} INFO - LINE 1: SELECT MAX(time) FROM cryptocurrency.memeusdt;
[2025-08-24T09:29:07.556+0000] {subprocess.py:93} INFO -                               ^
[2025-08-24T09:29:07.556+0000] {subprocess.py:93} INFO - 
[2025-08-24T09:29:07.556+0000] {subprocess.py:93} INFO - 12/100 BIOUSDT lỗi: relation "cryptocurrency.biousdt" does not exist
[2025-08-24T09:29:07.557+0000] {subprocess.py:93} INFO - LINE 1: SELECT MAX(time) FROM cryptocurrency.biousdt;
[2025-08-24T09:29:07.557+0000] {subprocess.py:93} INFO -                               ^
[2025-08-24T09:29:07.557+0000] {subprocess.py:93} INFO - 
[2025-08-24T09:29:07.557+0000] {subprocess.py:93} INFO - ✅ ENAUSDT: thêm 1 dòng mới
[2025-08-24T09:29:07.557+0000] {subprocess.py:93} INFO - 13/100 ENAUSDT lưu OK
[2025-08-24T09:29:07.557+0000] {subprocess.py:93} INFO - ✅ TRXUSDT: thêm 1 dòng mới
[2025-08-24T09:29:07.558+0000] {subprocess.py:93} INFO - 14/100 TRXUSDT lưu OK
[2025-08-24T09:29:07.558+0000] {subprocess.py:93} INFO - ✅ LINKUSDT: thêm 1 dòng mới
[2025-08-24T09:29:07.558+0000] {subprocess.py:93} INFO - 15/100 LINKUSDT lưu OK
[2025-08-24T09:29:07.558+0000] {subprocess.py:93} INFO - ✅ ARBUSDT: thêm 1 dòng mới
[2025-08-24T09:29:07.558+0000] {subprocess.py:93} INFO - 16/100 ARBUSDT lưu OK
[2025-08-24T09:29:07.559+0000] {subprocess.py:93} INFO - ✅ PEPEUSDT: thêm 1 dòng mới
[2025-08-24T09:29:07.559+0000] {subprocess.py:93} INFO - 17/100 PEPEUSDT lưu OK
[2025-08-24T09:29:07.559+0000] {subprocess.py:93} INFO - ✅ SUIUSDT: thêm 1 dòng mới
[2025-08-24T09:29:07.559+0000] {subprocess.py:93} INFO - 18/100 SUIUSDT lưu OK
[2025-08-24T09:29:07.559+0000] {subprocess.py:93} INFO - ✅ PENGUUSDT: thêm 1 dòng mới
[2025-08-24T09:29:07.559+0000] {subprocess.py:93} INFO - 19/100 PENGUUSDT lưu OK
[2025-08-24T09:29:07.560+0000] {subprocess.py:93} INFO - ✅ UNIUSDT: thêm 1 dòng mới
[2025-08-24T09:29:07.560+0000] {subprocess.py:93} INFO - 20/100 UNIUSDT lưu OK
[2025-08-24T09:29:07.560+0000] {subprocess.py:93} INFO - ✅ ADAUSDT: thêm 1 dòng mới
[2025-08-24T09:29:07.560+0000] {subprocess.py:93} INFO - 21/100 ADAUSDT lưu OK
[2025-08-24T09:29:07.560+0000] {subprocess.py:93} INFO - 22/100 BOMEUSDT lỗi: relation "cryptocurrency.bomeusdt" does not exist
[2025-08-24T09:29:07.561+0000] {subprocess.py:93} INFO - LINE 1: SELECT MAX(time) FROM cryptocurrency.bomeusdt;
[2025-08-24T09:29:07.561+0000] {subprocess.py:93} INFO -                               ^
[2025-08-24T09:29:07.561+0000] {subprocess.py:93} INFO - 
[2025-08-24T09:29:07.561+0000] {subprocess.py:93} INFO - ✅ TRUMPUSDT: thêm 1 dòng mới
[2025-08-24T09:29:07.561+0000] {subprocess.py:93} INFO - 23/100 TRUMPUSDT lưu OK
[2025-08-24T09:29:07.561+0000] {subprocess.py:93} INFO - ✅ LTCUSDT: thêm 1 dòng mới
[2025-08-24T09:29:07.562+0000] {subprocess.py:93} INFO - 24/100 LTCUSDT lưu OK
[2025-08-24T09:29:07.562+0000] {subprocess.py:93} INFO - 25/100 PLUMEUSDT lỗi: relation "cryptocurrency.plumeusdt" does not exist
[2025-08-24T09:29:07.562+0000] {subprocess.py:93} INFO - LINE 1: SELECT MAX(time) FROM cryptocurrency.plumeusdt;
[2025-08-24T09:29:07.562+0000] {subprocess.py:93} INFO -                               ^
[2025-08-24T09:29:07.562+0000] {subprocess.py:93} INFO - 
[2025-08-24T09:29:07.562+0000] {subprocess.py:93} INFO - ✅ SEIUSDT: thêm 1 dòng mới
[2025-08-24T09:29:07.563+0000] {subprocess.py:93} INFO - 26/100 SEIUSDT lưu OK
[2025-08-24T09:29:07.563+0000] {subprocess.py:93} INFO - ✅ DOTUSDT: thêm 1 dòng mới
[2025-08-24T09:29:07.563+0000] {subprocess.py:93} INFO - 27/100 DOTUSDT lưu OK
[2025-08-24T09:29:07.563+0000] {subprocess.py:93} INFO - ✅ OPUSDT: thêm 1 dòng mới
[2025-08-24T09:29:07.563+0000] {subprocess.py:93} INFO - 28/100 OPUSDT lưu OK
[2025-08-24T09:29:07.564+0000] {subprocess.py:93} INFO - ✅ PENDLEUSDT: thêm 1 dòng mới
[2025-08-24T09:29:07.564+0000] {subprocess.py:93} INFO - 29/100 PENDLEUSDT lưu OK
[2025-08-24T09:29:07.564+0000] {subprocess.py:93} INFO - 30/100 WCTUSDT lỗi: relation "cryptocurrency.wctusdt" does not exist
[2025-08-24T09:29:07.564+0000] {subprocess.py:93} INFO - LINE 1: SELECT MAX(time) FROM cryptocurrency.wctusdt;
[2025-08-24T09:29:07.564+0000] {subprocess.py:93} INFO -                               ^
[2025-08-24T09:29:07.564+0000] {subprocess.py:93} INFO - 
[2025-08-24T09:29:07.565+0000] {subprocess.py:93} INFO - 31/100 DOGSUSDT lỗi: relation "cryptocurrency.dogsusdt" does not exist
[2025-08-24T09:29:07.565+0000] {subprocess.py:93} INFO - LINE 1: SELECT MAX(time) FROM cryptocurrency.dogsusdt;
[2025-08-24T09:29:07.565+0000] {subprocess.py:93} INFO -                               ^
[2025-08-24T09:29:07.565+0000] {subprocess.py:93} INFO - 
[2025-08-24T09:29:07.565+0000] {subprocess.py:93} INFO - ✅ WLDUSDT: thêm 1 dòng mới
[2025-08-24T09:29:07.565+0000] {subprocess.py:93} INFO - 32/100 WLDUSDT lưu OK
[2025-08-24T09:29:07.566+0000] {subprocess.py:93} INFO - ✅ WIFUSDT: thêm 1 dòng mới
[2025-08-24T09:29:07.566+0000] {subprocess.py:93} INFO - 33/100 WIFUSDT lưu OK
[2025-08-24T09:29:07.566+0000] {subprocess.py:93} INFO - ✅ SYRUPUSDT: thêm 1 dòng mới
[2025-08-24T09:29:07.566+0000] {subprocess.py:93} INFO - 34/100 SYRUPUSDT lưu OK
[2025-08-24T09:29:07.566+0000] {subprocess.py:93} INFO - ✅ ETCUSDT: thêm 1 dòng mới
[2025-08-24T09:29:07.567+0000] {subprocess.py:93} INFO - 35/100 ETCUSDT lưu OK
[2025-08-24T09:29:07.567+0000] {subprocess.py:93} INFO - 36/100 RADUSDT lỗi: relation "cryptocurrency.radusdt" does not exist
[2025-08-24T09:29:07.567+0000] {subprocess.py:93} INFO - LINE 1: SELECT MAX(time) FROM cryptocurrency.radusdt;
[2025-08-24T09:29:07.567+0000] {subprocess.py:93} INFO -                               ^
[2025-08-24T09:29:07.567+0000] {subprocess.py:93} INFO - 
[2025-08-24T09:29:07.567+0000] {subprocess.py:93} INFO - ✅ LDOUSDT: thêm 1 dòng mới
[2025-08-24T09:29:07.568+0000] {subprocess.py:93} INFO - 37/100 LDOUSDT lưu OK
[2025-08-24T09:29:07.568+0000] {subprocess.py:93} INFO - ✅ BCHUSDT: thêm 1 dòng mới
[2025-08-24T09:29:07.568+0000] {subprocess.py:93} INFO - 38/100 BCHUSDT lưu OK
[2025-08-24T09:29:07.568+0000] {subprocess.py:93} INFO - ✅ RAYUSDT: thêm 1 dòng mới
[2025-08-24T09:29:07.568+0000] {subprocess.py:93} INFO - 39/100 RAYUSDT lưu OK
[2025-08-24T09:29:07.569+0000] {subprocess.py:93} INFO - ✅ CRVUSDT: thêm 1 dòng mới
[2025-08-24T09:29:07.569+0000] {subprocess.py:93} INFO - 40/100 CRVUSDT lưu OK
[2025-08-24T09:29:07.569+0000] {subprocess.py:93} INFO - ✅ HBARUSDT: thêm 1 dòng mới
[2025-08-24T09:29:07.569+0000] {subprocess.py:93} INFO - 41/100 HBARUSDT lưu OK
[2025-08-24T09:29:07.569+0000] {subprocess.py:93} INFO - ✅ FILUSDT: thêm 1 dòng mới
[2025-08-24T09:29:07.570+0000] {subprocess.py:93} INFO - 42/100 FILUSDT lưu OK
[2025-08-24T09:29:07.570+0000] {subprocess.py:93} INFO - 43/100 UMAUSDT lỗi: relation "cryptocurrency.umausdt" does not exist
[2025-08-24T09:29:07.570+0000] {subprocess.py:93} INFO - LINE 1: SELECT MAX(time) FROM cryptocurrency.umausdt;
[2025-08-24T09:29:07.570+0000] {subprocess.py:93} INFO -                               ^
[2025-08-24T09:29:07.570+0000] {subprocess.py:93} INFO - 
[2025-08-24T09:29:07.570+0000] {subprocess.py:93} INFO - ✅ ONDOUSDT: thêm 1 dòng mới
[2025-08-24T09:29:07.571+0000] {subprocess.py:93} INFO - 44/100 ONDOUSDT lưu OK
[2025-08-24T09:29:07.571+0000] {subprocess.py:93} INFO - ✅ BONKUSDT: thêm 1 dòng mới
[2025-08-24T09:29:07.571+0000] {subprocess.py:93} INFO - 45/100 BONKUSDT lưu OK
[2025-08-24T09:29:07.571+0000] {subprocess.py:93} INFO - 46/100 HAEDALUSDT lỗi: relation "cryptocurrency.haedalusdt" does not exist
[2025-08-24T09:29:07.571+0000] {subprocess.py:93} INFO - LINE 1: SELECT MAX(time) FROM cryptocurrency.haedalusdt;
[2025-08-24T09:29:07.571+0000] {subprocess.py:93} INFO -                               ^
[2025-08-24T09:29:07.572+0000] {subprocess.py:93} INFO - 
[2025-08-24T09:29:07.572+0000] {subprocess.py:93} INFO - ✅ BERAUSDT: thêm 1 dòng mới
[2025-08-24T09:29:07.572+0000] {subprocess.py:93} INFO - 47/100 BERAUSDT lưu OK
[2025-08-24T09:29:07.572+0000] {subprocess.py:93} INFO - 48/100 SPELLUSDT lỗi: relation "cryptocurrency.spellusdt" does not exist
[2025-08-24T09:29:07.572+0000] {subprocess.py:93} INFO - LINE 1: SELECT MAX(time) FROM cryptocurrency.spellusdt;
[2025-08-24T09:29:07.573+0000] {subprocess.py:93} INFO -                               ^
[2025-08-24T09:29:07.573+0000] {subprocess.py:93} INFO - 
[2025-08-24T09:29:07.573+0000] {subprocess.py:93} INFO - 49/100 SHELLUSDT lỗi: relation "cryptocurrency.shellusdt" does not exist
[2025-08-24T09:29:07.573+0000] {subprocess.py:93} INFO - LINE 1: SELECT MAX(time) FROM cryptocurrency.shellusdt;
[2025-08-24T09:29:07.573+0000] {subprocess.py:93} INFO -                               ^
[2025-08-24T09:29:07.573+0000] {subprocess.py:93} INFO - 
[2025-08-24T09:29:07.574+0000] {subprocess.py:93} INFO - ✅ MAVUSDT: thêm 1 dòng mới
[2025-08-24T09:29:07.574+0000] {subprocess.py:93} INFO - 50/100 MAVUSDT lưu OK
[2025-08-24T09:29:07.574+0000] {subprocess.py:93} INFO - ✅ TONUSDT: thêm 1 dòng mới
[2025-08-24T09:29:07.574+0000] {subprocess.py:93} INFO - 51/100 TONUSDT lưu OK
[2025-08-24T09:29:07.574+0000] {subprocess.py:93} INFO - ✅ XLMUSDT: thêm 1 dòng mới
[2025-08-24T09:29:07.574+0000] {subprocess.py:93} INFO - 52/100 XLMUSDT lưu OK
[2025-08-24T09:29:07.575+0000] {subprocess.py:93} INFO - 53/100 BANDUSDT lỗi: relation "cryptocurrency.bandusdt" does not exist
[2025-08-24T09:29:07.575+0000] {subprocess.py:93} INFO - LINE 1: SELECT MAX(time) FROM cryptocurrency.bandusdt;
[2025-08-24T09:29:07.575+0000] {subprocess.py:93} INFO -                               ^
[2025-08-24T09:29:07.575+0000] {subprocess.py:93} INFO - 
[2025-08-24T09:29:07.575+0000] {subprocess.py:93} INFO - 54/100 1000SATSUSDT lỗi: trailing junk after numeric literal at or near ".1000s"
[2025-08-24T09:29:07.575+0000] {subprocess.py:93} INFO - LINE 1: SELECT MAX(time) FROM cryptocurrency.1000satsusdt;
[2025-08-24T09:29:07.576+0000] {subprocess.py:93} INFO -                                             ^
[2025-08-24T09:29:07.576+0000] {subprocess.py:93} INFO - 
[2025-08-24T09:29:07.576+0000] {subprocess.py:93} INFO - ✅ ETHFIUSDT: thêm 1 dòng mới
[2025-08-24T09:29:07.576+0000] {subprocess.py:93} INFO - ✅ SUSDT: thêm 1 dòng mới
[2025-08-24T09:29:07.576+0000] {subprocess.py:93} INFO - 55/100 ETHFIUSDT lưu OK
[2025-08-24T09:29:07.577+0000] {subprocess.py:93} INFO - 56/100 SUSDT lưu OK
[2025-08-24T09:29:07.577+0000] {subprocess.py:93} INFO - ✅ NEARUSDT: thêm 1 dòng mới
[2025-08-24T09:29:07.577+0000] {subprocess.py:93} INFO - 57/100 NEARUSDT lưu OK
[2025-08-24T09:29:07.577+0000] {subprocess.py:93} INFO - ✅ APTUSDT: thêm 1 dòng mới
[2025-08-24T09:29:07.577+0000] {subprocess.py:93} INFO - 58/100 APTUSDT lưu OK
[2025-08-24T09:29:07.577+0000] {subprocess.py:93} INFO - ✅ FLOKIUSDT: thêm 1 dòng mới
[2025-08-24T09:29:07.578+0000] {subprocess.py:93} INFO - 59/100 FLOKIUSDT lưu OK
[2025-08-24T09:29:07.578+0000] {subprocess.py:93} INFO - ✅ PNUTUSDT: thêm 1 dòng mới
[2025-08-24T09:29:07.578+0000] {subprocess.py:93} INFO - 60/100 PNUTUSDT lưu OK
[2025-08-24T09:29:07.578+0000] {subprocess.py:93} INFO - 61/100 FORTHUSDT lỗi: relation "cryptocurrency.forthusdt" does not exist
[2025-08-24T09:29:07.578+0000] {subprocess.py:93} INFO - LINE 1: SELECT MAX(time) FROM cryptocurrency.forthusdt;
[2025-08-24T09:29:07.578+0000] {subprocess.py:93} INFO -                               ^
[2025-08-24T09:29:07.579+0000] {subprocess.py:93} INFO - 
[2025-08-24T09:29:07.579+0000] {subprocess.py:93} INFO - ✅ ASRUSDT: thêm 1 dòng mới
[2025-08-24T09:29:07.579+0000] {subprocess.py:93} INFO - 62/100 ASRUSDT lưu OK
[2025-08-24T09:29:07.579+0000] {subprocess.py:93} INFO - ✅ NEIROUSDT: thêm 1 dòng mới
[2025-08-24T09:29:07.579+0000] {subprocess.py:93} INFO - 63/100 NEIROUSDT lưu OK
[2025-08-24T09:29:07.580+0000] {subprocess.py:93} INFO - ✅ OGUSDT: thêm 1 dòng mới
[2025-08-24T09:29:07.580+0000] {subprocess.py:93} INFO - 64/100 OGUSDT lưu OK
[2025-08-24T09:29:07.580+0000] {subprocess.py:93} INFO - ✅ SHIBUSDT: thêm 1 dòng mới
[2025-08-24T09:29:07.580+0000] {subprocess.py:93} INFO - 65/100 SHIBUSDT lưu OK
[2025-08-24T09:29:07.580+0000] {subprocess.py:93} INFO - ✅ TIAUSDT: thêm 1 dòng mới
[2025-08-24T09:29:07.580+0000] {subprocess.py:93} INFO - 66/100 TIAUSDT lưu OK
[2025-08-24T09:29:07.581+0000] {subprocess.py:93} INFO - 67/100 BBUSDT lỗi: relation "cryptocurrency.bbusdt" does not exist
[2025-08-24T09:29:07.581+0000] {subprocess.py:93} INFO - LINE 1: SELECT MAX(time) FROM cryptocurrency.bbusdt;
[2025-08-24T09:29:07.581+0000] {subprocess.py:93} INFO -                               ^
[2025-08-24T09:29:07.581+0000] {subprocess.py:93} INFO - 
[2025-08-24T09:29:07.581+0000] {subprocess.py:93} INFO - ✅ GALAUSDT: thêm 1 dòng mới
[2025-08-24T09:29:07.582+0000] {subprocess.py:93} INFO - 68/100 GALAUSDT lưu OK
[2025-08-24T09:29:07.582+0000] {subprocess.py:93} INFO - ✅ EIGENUSDT: thêm 1 dòng mới
[2025-08-24T09:29:07.582+0000] {subprocess.py:93} INFO - 69/100 EIGENUSDT lưu OK
[2025-08-24T09:29:07.582+0000] {subprocess.py:93} INFO - ✅ POLUSDT: thêm 1 dòng mới
[2025-08-24T09:29:07.582+0000] {subprocess.py:93} INFO - 70/100 POLUSDT lưu OK
[2025-08-24T09:29:07.582+0000] {subprocess.py:93} INFO - 71/100 ZROUSDT lỗi: relation "cryptocurrency.zrousdt" does not exist
[2025-08-24T09:29:07.583+0000] {subprocess.py:93} INFO - LINE 1: SELECT MAX(time) FROM cryptocurrency.zrousdt;
[2025-08-24T09:29:07.583+0000] {subprocess.py:93} INFO -                               ^
[2025-08-24T09:29:07.583+0000] {subprocess.py:93} INFO - 
[2025-08-24T09:29:07.583+0000] {subprocess.py:93} INFO - 72/100 USUALUSDT lỗi: relation "cryptocurrency.usualusdt" does not exist
[2025-08-24T09:29:07.583+0000] {subprocess.py:93} INFO - LINE 1: SELECT MAX(time) FROM cryptocurrency.usualusdt;
[2025-08-24T09:29:07.583+0000] {subprocess.py:93} INFO -                               ^
[2025-08-24T09:29:07.584+0000] {subprocess.py:93} INFO - 
[2025-08-24T09:29:07.584+0000] {subprocess.py:93} INFO - 73/100 MKRUSDT lỗi: relation "cryptocurrency.mkrusdt" does not exist
[2025-08-24T09:29:07.584+0000] {subprocess.py:93} INFO - LINE 1: SELECT MAX(time) FROM cryptocurrency.mkrusdt;
[2025-08-24T09:29:07.584+0000] {subprocess.py:93} INFO -                               ^
[2025-08-24T09:29:07.584+0000] {subprocess.py:93} INFO - 
[2025-08-24T09:29:07.585+0000] {subprocess.py:93} INFO - ✅ TAOUSDT: thêm 1 dòng mới
[2025-08-24T09:29:07.585+0000] {subprocess.py:93} INFO - 74/100 TAOUSDT lưu OK
[2025-08-24T09:29:07.585+0000] {subprocess.py:93} INFO - 75/100 SNXUSDT lỗi: relation "cryptocurrency.snxusdt" does not exist
[2025-08-24T09:29:07.585+0000] {subprocess.py:93} INFO - LINE 1: SELECT MAX(time) FROM cryptocurrency.snxusdt;
[2025-08-24T09:29:07.585+0000] {subprocess.py:93} INFO -                               ^
[2025-08-24T09:29:07.586+0000] {subprocess.py:93} INFO - 
[2025-08-24T09:29:07.586+0000] {subprocess.py:93} INFO - 76/100 AUCTIONUSDT lỗi: relation "cryptocurrency.auctionusdt" does not exist
[2025-08-24T09:29:07.586+0000] {subprocess.py:93} INFO - LINE 1: SELECT MAX(time) FROM cryptocurrency.auctionusdt;
[2025-08-24T09:29:07.586+0000] {subprocess.py:93} INFO -                               ^
[2025-08-24T09:29:07.586+0000] {subprocess.py:93} INFO - 
[2025-08-24T09:29:07.586+0000] {subprocess.py:93} INFO - 77/100 ATOMUSDT lỗi: relation "cryptocurrency.atomusdt" does not exist
[2025-08-24T09:29:07.587+0000] {subprocess.py:93} INFO - LINE 1: SELECT MAX(time) FROM cryptocurrency.atomusdt;
[2025-08-24T09:29:07.587+0000] {subprocess.py:93} INFO -                               ^
[2025-08-24T09:29:07.587+0000] {subprocess.py:93} INFO - 
[2025-08-24T09:29:07.587+0000] {subprocess.py:93} INFO - 78/100 QTUMUSDT lỗi: relation "cryptocurrency.qtumusdt" does not exist
[2025-08-24T09:29:07.587+0000] {subprocess.py:93} INFO - LINE 1: SELECT MAX(time) FROM cryptocurrency.qtumusdt;
[2025-08-24T09:29:07.588+0000] {subprocess.py:93} INFO -                               ^
[2025-08-24T09:29:07.588+0000] {subprocess.py:93} INFO - 
[2025-08-24T09:29:08.466+0000] {subprocess.py:93} INFO - 79/100 VETUSDT lỗi: relation "cryptocurrency.vetusdt" does not exist
[2025-08-24T09:29:08.467+0000] {subprocess.py:93} INFO - LINE 1: SELECT MAX(time) FROM cryptocurrency.vetusdt;
[2025-08-24T09:29:08.467+0000] {subprocess.py:93} INFO -                               ^
[2025-08-24T09:29:08.467+0000] {subprocess.py:93} INFO - 
[2025-08-24T09:29:08.467+0000] {subprocess.py:93} INFO - ✅ CFXUSDT: thêm 1 dòng mới
[2025-08-24T09:29:08.468+0000] {subprocess.py:93} INFO - 80/100 CFXUSDT lưu OK
[2025-08-24T09:29:08.468+0000] {subprocess.py:93} INFO - ✅ EURUSDT: thêm 1 dòng mới
[2025-08-24T09:29:08.468+0000] {subprocess.py:93} INFO - 81/100 EURUSDT lưu OK
[2025-08-24T09:29:08.468+0000] {subprocess.py:93} INFO - 82/100 KERNELUSDT lỗi: relation "cryptocurrency.kernelusdt" does not exist
[2025-08-24T09:29:08.468+0000] {subprocess.py:93} INFO - LINE 1: SELECT MAX(time) FROM cryptocurrency.kernelusdt;
[2025-08-24T09:29:08.469+0000] {subprocess.py:93} INFO -                               ^
[2025-08-24T09:29:08.469+0000] {subprocess.py:93} INFO - 
[2025-08-24T09:29:08.469+0000] {subprocess.py:93} INFO - ✅ VIRTUALUSDT: thêm 1 dòng mới
[2025-08-24T09:29:08.469+0000] {subprocess.py:93} INFO - 83/100 VIRTUALUSDT lưu OK
[2025-08-24T09:29:08.469+0000] {subprocess.py:93} INFO - ✅ API3USDT: thêm 1 dòng mới
[2025-08-24T09:29:08.470+0000] {subprocess.py:93} INFO - 84/100 API3USDT lưu OK
[2025-08-24T09:29:08.470+0000] {subprocess.py:93} INFO - ✅ SKLUSDT: thêm 1 dòng mới
[2025-08-24T09:29:08.470+0000] {subprocess.py:93} INFO - 85/100 SKLUSDT lưu OK
[2025-08-24T09:29:08.470+0000] {subprocess.py:93} INFO - ✅ ORDIUSDT: thêm 1 dòng mới
[2025-08-24T09:29:08.471+0000] {subprocess.py:93} INFO - 86/100 ORDIUSDT lưu OK
[2025-08-24T09:29:08.471+0000] {subprocess.py:93} INFO - ✅ FETUSDT: thêm 1 dòng mới
[2025-08-24T09:29:08.471+0000] {subprocess.py:93} INFO - 87/100 FETUSDT lưu OK
[2025-08-24T09:29:08.471+0000] {subprocess.py:93} INFO - ✅ CAKEUSDT: thêm 1 dòng mới
[2025-08-24T09:29:08.471+0000] {subprocess.py:93} INFO - 88/100 CAKEUSDT lưu OK
[2025-08-24T09:29:08.472+0000] {subprocess.py:93} INFO - 89/100 ZKUSDT lỗi: relation "cryptocurrency.zkusdt" does not exist
[2025-08-24T09:29:08.472+0000] {subprocess.py:93} INFO - LINE 1: SELECT MAX(time) FROM cryptocurrency.zkusdt;
[2025-08-24T09:29:08.472+0000] {subprocess.py:93} INFO -                               ^
[2025-08-24T09:29:08.473+0000] {subprocess.py:93} INFO - 
[2025-08-24T09:29:08.473+0000] {subprocess.py:93} INFO - 90/100 ACMUSDT lỗi: relation "cryptocurrency.acmusdt" does not exist
[2025-08-24T09:29:08.473+0000] {subprocess.py:93} INFO - LINE 1: SELECT MAX(time) FROM cryptocurrency.acmusdt;
[2025-08-24T09:29:08.473+0000] {subprocess.py:93} INFO -                               ^
[2025-08-24T09:29:08.473+0000] {subprocess.py:93} INFO - 
[2025-08-24T09:29:08.474+0000] {subprocess.py:93} INFO - ✅ INJUSDT: thêm 1 dòng mới
[2025-08-24T09:29:08.474+0000] {subprocess.py:93} INFO - 91/100 INJUSDT lưu OK
[2025-08-24T09:29:08.474+0000] {subprocess.py:93} INFO - 92/100 NEOUSDT lỗi: relation "cryptocurrency.neousdt" does not exist
[2025-08-24T09:29:08.474+0000] {subprocess.py:93} INFO - LINE 1: SELECT MAX(time) FROM cryptocurrency.neousdt;
[2025-08-24T09:29:08.474+0000] {subprocess.py:93} INFO -                               ^
[2025-08-24T09:29:08.475+0000] {subprocess.py:93} INFO - 
[2025-08-24T09:29:08.475+0000] {subprocess.py:93} INFO - 93/100 PEOPLEUSDT lỗi: relation "cryptocurrency.peopleusdt" does not exist
[2025-08-24T09:29:08.475+0000] {subprocess.py:93} INFO - LINE 1: SELECT MAX(time) FROM cryptocurrency.peopleusdt;
[2025-08-24T09:29:08.475+0000] {subprocess.py:93} INFO -                               ^
[2025-08-24T09:29:08.475+0000] {subprocess.py:93} INFO - 
[2025-08-24T09:29:08.476+0000] {subprocess.py:93} INFO - ✅ ICPUSDT: thêm 1 dòng mới
[2025-08-24T09:29:08.476+0000] {subprocess.py:93} INFO - 94/100 ICPUSDT lưu OK
[2025-08-24T09:29:08.476+0000] {subprocess.py:93} INFO - 95/100 JUPUSDT lỗi: relation "cryptocurrency.jupusdt" does not exist
[2025-08-24T09:29:08.476+0000] {subprocess.py:93} INFO - LINE 1: SELECT MAX(time) FROM cryptocurrency.jupusdt;
[2025-08-24T09:29:08.476+0000] {subprocess.py:93} INFO -                               ^
[2025-08-24T09:29:08.477+0000] {subprocess.py:93} INFO - 
[2025-08-24T09:29:08.477+0000] {subprocess.py:93} INFO - ✅ SPKUSDT: thêm 1 dòng mới
[2025-08-24T09:29:08.477+0000] {subprocess.py:93} INFO - 96/100 SPKUSDT lưu OK
[2025-08-24T09:29:08.477+0000] {subprocess.py:93} INFO - 97/100 TKOUSDT lỗi: relation "cryptocurrency.tkousdt" does not exist
[2025-08-24T09:29:08.478+0000] {subprocess.py:93} INFO - LINE 1: SELECT MAX(time) FROM cryptocurrency.tkousdt;
[2025-08-24T09:29:08.478+0000] {subprocess.py:93} INFO -                               ^
[2025-08-24T09:29:08.478+0000] {subprocess.py:93} INFO - 
[2025-08-24T09:29:08.478+0000] {subprocess.py:93} INFO - 98/100 MUBARAKUSDT lỗi: relation "cryptocurrency.mubarakusdt" does not exist
[2025-08-24T09:29:08.478+0000] {subprocess.py:93} INFO - LINE 1: SELECT MAX(time) FROM cryptocurrency.mubarakusdt;
[2025-08-24T09:29:08.479+0000] {subprocess.py:93} INFO -                               ^
[2025-08-24T09:29:08.479+0000] {subprocess.py:93} INFO - 
[2025-08-24T09:29:08.479+0000] {subprocess.py:93} INFO - 99/100 CYBERUSDT lỗi: relation "cryptocurrency.cyberusdt" does not exist
[2025-08-24T09:29:08.479+0000] {subprocess.py:93} INFO - LINE 1: SELECT MAX(time) FROM cryptocurrency.cyberusdt;
[2025-08-24T09:29:08.479+0000] {subprocess.py:93} INFO -                               ^
[2025-08-24T09:29:08.480+0000] {subprocess.py:93} INFO - 
[2025-08-24T09:29:08.480+0000] {subprocess.py:93} INFO - ✅ RENDERUSDT: thêm 1 dòng mới
[2025-08-24T09:29:08.480+0000] {subprocess.py:93} INFO - 100/100 RENDERUSDT lưu OK
[2025-08-24T09:29:08.587+0000] {subprocess.py:97} INFO - Command exited with return code 0
[2025-08-24T09:29:08.588+0000] {taskinstance.py:441} INFO - ::group::Post task execution logs
[2025-08-24T09:29:08.617+0000] {taskinstance.py:1206} INFO - Marking task as SUCCESS. dag_id=crypto_collector_dag, task_id=run_crypto_collector, run_id=scheduled__2025-08-24T09:28:00+00:00, execution_date=20250824T092800, start_date=20250824T092900, end_date=20250824T092908
[2025-08-24T09:29:08.673+0000] {local_task_job_runner.py:240} INFO - Task exited with return code 0
[2025-08-24T09:29:08.699+0000] {taskinstance.py:3498} INFO - 0 downstream tasks scheduled from follow-on schedule check
[2025-08-24T09:29:08.701+0000] {local_task_job_runner.py:222} INFO - ::endgroup::
