[2025-09-05T07:58:01.924+0000] {local_task_job_runner.py:120} INFO - ::group::Pre task execution logs
[2025-09-05T07:58:01.953+0000] {taskinstance.py:2076} INFO - Dependencies all met for dep_context=non-requeueable deps ti=<TaskInstance: activity.activity_UPCOM scheduled__2025-09-05T07:57:00+00:00 [queued]>
[2025-09-05T07:58:01.962+0000] {taskinstance.py:2076} INFO - Dependencies all met for dep_context=requeueable deps ti=<TaskInstance: activity.activity_UPCOM scheduled__2025-09-05T07:57:00+00:00 [queued]>
[2025-09-05T07:58:01.963+0000] {taskinstance.py:2306} INFO - Starting attempt 1 of 11
[2025-09-05T07:58:01.978+0000] {taskinstance.py:2330} INFO - Executing <Task(PythonOperator): activity_UPCOM> on 2025-09-05 07:57:00+00:00
[2025-09-05T07:58:01.986+0000] {standard_task_runner.py:63} INFO - Started process 3155462 to run task
[2025-09-05T07:58:01.990+0000] {standard_task_runner.py:90} INFO - Running: ['***', 'tasks', 'run', 'activity', 'activity_UPCOM', 'scheduled__2025-09-05T07:57:00+00:00', '--job-id', '111997', '--raw', '--subdir', 'DAGS_FOLDER/dag_activity.py', '--cfg-path', '/tmp/tmpjkovrke8']
[2025-09-05T07:58:01.993+0000] {standard_task_runner.py:91} INFO - Job 111997: Subtask activity_UPCOM
[2025-09-05T07:58:02.048+0000] {task_command.py:426} INFO - Running <TaskInstance: activity.activity_UPCOM scheduled__2025-09-05T07:57:00+00:00 [running]> on host 1877907bc043
[2025-09-05T07:58:02.149+0000] {taskinstance.py:2648} INFO - Exporting env vars: AIRFLOW_CTX_DAG_OWNER='***' AIRFLOW_CTX_DAG_ID='activity' AIRFLOW_CTX_TASK_ID='activity_UPCOM' AIRFLOW_CTX_EXECUTION_DATE='2025-09-05T07:57:00+00:00' AIRFLOW_CTX_TRY_NUMBER='1' AIRFLOW_CTX_DAG_RUN_ID='scheduled__2025-09-05T07:57:00+00:00'
[2025-09-05T07:58:02.150+0000] {taskinstance.py:430} INFO - ::endgroup::
[2025-09-05T07:58:02.175+0000] {activity_UPCOM.py:17} INFO - Kết nối DB
[2025-09-05T07:58:02.231+0000] {activity_UPCOM.py:55} ERROR - Lỗi lưu activity_UPCOM
Traceback (most recent call last):
  File "/opt/airflow/dags/utils/market_data/activity/activity_UPCOM.py", line 18, in activity_UPCOM
    df = pd.read_sql('SELECT * FROM "history_data"."eboard_table"', con=enginedb).sort_values(by='symbol',ascending=True)
  File "/home/airflow/.local/lib/python3.10/site-packages/pandas/core/frame.py", line 6944, in sort_values
    k = self._get_label_or_level_values(by[0], axis=axis)
  File "/home/airflow/.local/lib/python3.10/site-packages/pandas/core/generic.py", line 1844, in _get_label_or_level_values
    raise KeyError(key)
KeyError: 'symbol'
[2025-09-05T07:58:02.239+0000] {python.py:237} INFO - Done. Returned value was: None
[2025-09-05T07:58:02.239+0000] {taskinstance.py:441} INFO - ::group::Post task execution logs
[2025-09-05T07:58:02.252+0000] {taskinstance.py:1206} INFO - Marking task as SUCCESS. dag_id=activity, task_id=activity_UPCOM, run_id=scheduled__2025-09-05T07:57:00+00:00, execution_date=20250905T075700, start_date=20250905T075801, end_date=20250905T075802
[2025-09-05T07:58:02.323+0000] {local_task_job_runner.py:240} INFO - Task exited with return code 0
[2025-09-05T07:58:02.351+0000] {taskinstance.py:3498} INFO - 0 downstream tasks scheduled from follow-on schedule check
[2025-09-05T07:58:02.352+0000] {local_task_job_runner.py:222} INFO - ::endgroup::
