[2025-09-03T14:45:40.934+0000] {local_task_job_runner.py:120} INFO - ::group::Pre task execution logs
[2025-09-03T14:45:40.978+0000] {taskinstance.py:2076} INFO - Dependencies all met for dep_context=non-requeueable deps ti=<TaskInstance: foreign_1_live.live_foreign_HNX scheduled__2025-09-02T17:02:00+00:00 [queued]>
[2025-09-03T14:45:40.989+0000] {taskinstance.py:2076} INFO - Dependencies all met for dep_context=requeueable deps ti=<TaskInstance: foreign_1_live.live_foreign_HNX scheduled__2025-09-02T17:02:00+00:00 [queued]>
[2025-09-03T14:45:40.989+0000] {taskinstance.py:2306} INFO - Starting attempt 1 of 11
[2025-09-03T14:45:41.006+0000] {taskinstance.py:2330} INFO - Executing <Task(PythonOperator): live_foreign_HNX> on 2025-09-02 17:02:00+00:00
[2025-09-03T14:45:41.013+0000] {standard_task_runner.py:63} INFO - Started process 2758103 to run task
[2025-09-03T14:45:41.018+0000] {standard_task_runner.py:90} INFO - Running: ['***', 'tasks', 'run', 'foreign_1_live', 'live_foreign_HNX', 'scheduled__2025-09-02T17:02:00+00:00', '--job-id', '72562', '--raw', '--subdir', 'DAGS_FOLDER/dag_foreign_1_live.py', '--cfg-path', '/tmp/tmpbfxrieft']
[2025-09-03T14:45:41.021+0000] {standard_task_runner.py:91} INFO - Job 72562: Subtask live_foreign_HNX
[2025-09-03T14:45:41.073+0000] {task_command.py:426} INFO - Running <TaskInstance: foreign_1_live.live_foreign_HNX scheduled__2025-09-02T17:02:00+00:00 [running]> on host 1877907bc043
[2025-09-03T14:45:41.178+0000] {taskinstance.py:2648} INFO - Exporting env vars: AIRFLOW_CTX_DAG_OWNER='***' AIRFLOW_CTX_DAG_ID='foreign_1_live' AIRFLOW_CTX_TASK_ID='live_foreign_HNX' AIRFLOW_CTX_EXECUTION_DATE='2025-09-02T17:02:00+00:00' AIRFLOW_CTX_TRY_NUMBER='1' AIRFLOW_CTX_DAG_RUN_ID='scheduled__2025-09-02T17:02:00+00:00'
[2025-09-03T14:45:41.180+0000] {taskinstance.py:430} INFO - ::endgroup::
[2025-09-03T14:45:41.196+0000] {foreign_HNX.py:17} INFO - Kết nối DB
[2025-09-03T14:45:41.397+0000] {foreign_HNX.py:38} INFO - Đã lưu foreign_HNX
[2025-09-03T14:45:41.398+0000] {python.py:237} INFO - Done. Returned value was: None
[2025-09-03T14:45:41.399+0000] {taskinstance.py:441} INFO - ::group::Post task execution logs
[2025-09-03T14:45:41.411+0000] {taskinstance.py:1206} INFO - Marking task as SUCCESS. dag_id=foreign_1_live, task_id=live_foreign_HNX, run_id=scheduled__2025-09-02T17:02:00+00:00, execution_date=20250902T170200, start_date=20250903T144540, end_date=20250903T144541
[2025-09-03T14:45:41.470+0000] {local_task_job_runner.py:240} INFO - Task exited with return code 0
[2025-09-03T14:45:41.500+0000] {taskinstance.py:3498} INFO - 0 downstream tasks scheduled from follow-on schedule check
[2025-09-03T14:45:41.501+0000] {local_task_job_runner.py:222} INFO - ::endgroup::
[2025-09-11T08:54:38.408+0000] {local_task_job_runner.py:120} INFO - ::group::Pre task execution logs
[2025-09-11T08:54:38.642+0000] {taskinstance.py:2076} INFO - Dependencies all met for dep_context=non-requeueable deps ti=<TaskInstance: foreign_1_live.live_foreign_HNX scheduled__2025-09-02T17:02:00+00:00 [queued]>
[2025-09-11T08:54:38.652+0000] {taskinstance.py:2076} INFO - Dependencies all met for dep_context=requeueable deps ti=<TaskInstance: foreign_1_live.live_foreign_HNX scheduled__2025-09-02T17:02:00+00:00 [queued]>
[2025-09-11T08:54:38.652+0000] {taskinstance.py:2306} INFO - Starting attempt 1 of 11
[2025-09-11T08:54:38.664+0000] {taskinstance.py:2330} INFO - Executing <Task(PythonOperator): live_foreign_HNX> on 2025-09-02 17:02:00+00:00
[2025-09-11T08:54:38.673+0000] {standard_task_runner.py:63} INFO - Started process 202 to run task
[2025-09-11T08:54:38.677+0000] {standard_task_runner.py:90} INFO - Running: ['***', 'tasks', 'run', 'foreign_1_live', 'live_foreign_HNX', 'scheduled__2025-09-02T17:02:00+00:00', '--job-id', '28', '--raw', '--subdir', 'DAGS_FOLDER/dag_foreign_1_live.py', '--cfg-path', '/tmp/tmpyiaht2ez']
[2025-09-11T08:54:38.680+0000] {standard_task_runner.py:91} INFO - Job 28: Subtask live_foreign_HNX
[2025-09-11T08:54:38.734+0000] {task_command.py:426} INFO - Running <TaskInstance: foreign_1_live.live_foreign_HNX scheduled__2025-09-02T17:02:00+00:00 [running]> on host bcef7b61446d
[2025-09-11T08:54:38.821+0000] {taskinstance.py:2648} INFO - Exporting env vars: AIRFLOW_CTX_DAG_OWNER='***' AIRFLOW_CTX_DAG_ID='foreign_1_live' AIRFLOW_CTX_TASK_ID='live_foreign_HNX' AIRFLOW_CTX_EXECUTION_DATE='2025-09-02T17:02:00+00:00' AIRFLOW_CTX_TRY_NUMBER='1' AIRFLOW_CTX_DAG_RUN_ID='scheduled__2025-09-02T17:02:00+00:00'
[2025-09-11T08:54:38.823+0000] {taskinstance.py:430} INFO - ::endgroup::
[2025-09-11T08:54:38.836+0000] {foreign_HNX.py:17} INFO - Kết nối DB
[2025-09-11T08:55:44.540+0000] {foreign_HNX.py:38} INFO - Đã lưu foreign_HNX
[2025-09-11T08:55:44.541+0000] {python.py:237} INFO - Done. Returned value was: None
[2025-09-11T08:55:44.544+0000] {taskinstance.py:441} INFO - ::group::Post task execution logs
[2025-09-11T08:55:44.558+0000] {taskinstance.py:1206} INFO - Marking task as SUCCESS. dag_id=foreign_1_live, task_id=live_foreign_HNX, run_id=scheduled__2025-09-02T17:02:00+00:00, execution_date=20250902T170200, start_date=20250911T085438, end_date=20250911T085544
[2025-09-11T08:55:44.600+0000] {local_task_job_runner.py:240} INFO - Task exited with return code 0
[2025-09-11T08:55:44.618+0000] {taskinstance.py:3503} INFO - 0 downstream tasks scheduled from follow-on schedule check
[2025-09-11T08:55:44.618+0000] {local_task_job_runner.py:222} INFO - ::endgroup::
