[2025-08-19T04:59:05.221+0000] {local_task_job_runner.py:120} INFO - ::group::Pre task execution logs
[2025-08-19T04:59:05.250+0000] {taskinstance.py:2076} INFO - Dependencies all met for dep_context=non-requeueable deps ti=<TaskInstance: crypto_collector_dag.run_crypto_collector scheduled__2025-08-19T04:58:00+00:00 [queued]>
[2025-08-19T04:59:05.260+0000] {taskinstance.py:2076} INFO - Dependencies all met for dep_context=requeueable deps ti=<TaskInstance: crypto_collector_dag.run_crypto_collector scheduled__2025-08-19T04:58:00+00:00 [queued]>
[2025-08-19T04:59:05.260+0000] {taskinstance.py:2306} INFO - Starting attempt 1 of 2
[2025-08-19T04:59:05.273+0000] {taskinstance.py:2330} INFO - Executing <Task(BashOperator): run_crypto_collector> on 2025-08-19 04:58:00+00:00
[2025-08-19T04:59:05.279+0000] {standard_task_runner.py:63} INFO - Started process 251458 to run task
[2025-08-19T04:59:05.282+0000] {standard_task_runner.py:90} INFO - Running: ['***', 'tasks', 'run', 'crypto_collector_dag', 'run_crypto_collector', 'scheduled__2025-08-19T04:58:00+00:00', '--job-id', '10592', '--raw', '--subdir', 'DAGS_FOLDER/crawl_crypto/dags_crypto.py', '--cfg-path', '/tmp/tmpq3203kr9']
[2025-08-19T04:59:05.284+0000] {standard_task_runner.py:91} INFO - Job 10592: Subtask run_crypto_collector
[2025-08-19T04:59:05.343+0000] {task_command.py:426} INFO - Running <TaskInstance: crypto_collector_dag.run_crypto_collector scheduled__2025-08-19T04:58:00+00:00 [running]> on host 1877907bc043
[2025-08-19T04:59:05.444+0000] {taskinstance.py:2648} INFO - Exporting env vars: AIRFLOW_CTX_DAG_OWNER='***' AIRFLOW_CTX_DAG_ID='crypto_collector_dag' AIRFLOW_CTX_TASK_ID='run_crypto_collector' AIRFLOW_CTX_EXECUTION_DATE='2025-08-19T04:58:00+00:00' AIRFLOW_CTX_TRY_NUMBER='1' AIRFLOW_CTX_DAG_RUN_ID='scheduled__2025-08-19T04:58:00+00:00'
[2025-08-19T04:59:05.445+0000] {taskinstance.py:430} INFO - ::endgroup::
[2025-08-19T04:59:05.460+0000] {subprocess.py:63} INFO - Tmp dir root location: /tmp
[2025-08-19T04:59:05.461+0000] {subprocess.py:75} INFO - Running command: ['/usr/bin/bash', '-c', 'python3 /opt/***/dags/crawl_crypto/crawl_data_crypto.py']
[2025-08-19T04:59:05.473+0000] {subprocess.py:86} INFO - Output:
[2025-08-19T04:59:59.529+0000] {subprocess.py:93} INFO - 🔹 Kết nối DB...
[2025-08-19T04:59:59.530+0000] {subprocess.py:93} INFO - 🔹 Lấy top 100 crypto...
[2025-08-19T04:59:59.530+0000] {subprocess.py:93} INFO - Top 100: ['ETHUSDT', 'USDCUSDT', 'BTCUSDT', 'SOLUSDT', 'FDUSDUSDT', 'XRPUSDT', 'DOGEUSDT', 'LINKUSDT', 'ADAUSDT', 'PROVEUSDT', 'TRXUSDT', 'BNBUSDT', 'SUIUSDT', 'TOWNSUSDT', 'ENAUSDT', 'ARBUSDT', 'UNIUSDT', 'PEPEUSDT', 'AVAXUSDT', 'BIOUSDT', 'PENGUUSDT', 'SEIUSDT', 'PLUMEUSDT', 'POLUSDT', 'LTCUSDT', 'HBARUSDT', 'AEURUSDT', 'CRVUSDT', 'AAVEUSDT', 'BFUSDUSDT', 'NEARUSDT', 'BONKUSDT', 'WLDUSDT', 'SUSDT', 'TONUSDT', 'DOTUSDT', 'API3USDT', 'XLMUSDT', 'INJUSDT', 'TRUMPUSDT', 'WIFUSDT', 'MEMEUSDT', 'LDOUSDT', 'VIRTUALUSDT', 'APTUSDT', 'FLOKIUSDT', 'TAOUSDT', 'ONDOUSDT', 'ETHFIUSDT', 'SKLUSDT', 'PENDLEUSDT', 'OPUSDT', 'SHIBUSDT', 'EPICUSDT', 'EURUSDT', 'RAYUSDT', 'PNUTUSDT', 'FETUSDT', 'NEIROUSDT', 'MAGICUSDT', 'XUSDUSDT', 'ALGOUSDT', 'ALPINEUSDT', 'TIAUSDT', 'ETCUSDT', 'UTKUSDT', 'JUVUSDT', 'CFXUSDT', 'BCHUSDT', 'EIGENUSDT', 'OGUSDT', 'FILUSDT', 'RENDERUSDT', 'GALAUSDT', 'ASRUSDT', 'CAKEUSDT', 'PONDUSDT', 'MDTUSDT', 'CTSIUSDT', 'SPKUSDT', 'BERAUSDT', 'ICPUSDT', 'VETUSDT', 'TSTUSDT', 'WBTCUSDT', 'RUNEUSDT', 'MKRUSDT', 'MAVUSDT', 'ATOMUSDT', 'SYRUPUSDT', 'LAYERUSDT', 'ORDIUSDT', 'PAXGUSDT', 'CYBERUSDT', 'AIXBTUSDT', 'RESOLVUSDT', 'ENSUSDT', 'PORTOUSDT', 'WCTUSDT', 'STRKUSDT']
[2025-08-19T04:59:59.530+0000] {subprocess.py:93} INFO - 🔹 Lưu lịch sử giá vào DB bằng threading...
[2025-08-19T04:59:59.530+0000] {subprocess.py:93} INFO - ⚠️ BTCUSDT lỗi lần 1/3: HTTPSConnectionPool(host='api.binance.com', port=443): Max retries exceeded with url: /api/v3/klines?symbol=BTCUSDT&interval=1m&limit=100 (Caused by ConnectTimeoutError(<urllib3.connection.HTTPSConnection object at 0x7f1991588ca0>, 'Connection to api.binance.com timed out. (connect timeout=15)'))
[2025-08-19T04:59:59.531+0000] {subprocess.py:93} INFO - ⚠️ PROVEUSDT lỗi lần 1/3: HTTPSConnectionPool(host='api.binance.com', port=443): Max retries exceeded with url: /api/v3/klines?symbol=PROVEUSDT&interval=1m&limit=100 (Caused by ConnectTimeoutError(<urllib3.connection.HTTPSConnection object at 0x7f1991581d50>, 'Connection to api.binance.com timed out. (connect timeout=15)'))
[2025-08-19T04:59:59.531+0000] {subprocess.py:93} INFO - ⚠️ FDUSDUSDT lỗi lần 1/3: HTTPSConnectionPool(host='api.binance.com', port=443): Max retries exceeded with url: /api/v3/klines?symbol=FDUSDUSDT&interval=1m&limit=100 (Caused by ConnectTimeoutError(<urllib3.connection.HTTPSConnection object at 0x7f19915580d0>, 'Connection to api.binance.com timed out. (connect timeout=15)'))
[2025-08-19T04:59:59.531+0000] {subprocess.py:93} INFO - ⚠️ SOLUSDT lỗi lần 1/3: HTTPSConnectionPool(host='api.binance.com', port=443): Max retries exceeded with url: /api/v3/klines?symbol=SOLUSDT&interval=1m&limit=100 (Caused by ConnectTimeoutError(<urllib3.connection.HTTPSConnection object at 0x7f19915893f0>, 'Connection to api.binance.com timed out. (connect timeout=15)'))
[2025-08-19T04:59:59.531+0000] {subprocess.py:93} INFO - ⚠️ XRPUSDT lỗi lần 1/3: HTTPSConnectionPool(host='api.binance.com', port=443): Max retries exceeded with url: /api/v3/klines?symbol=XRPUSDT&interval=1m&limit=100 (Caused by ConnectTimeoutError(<urllib3.connection.HTTPSConnection object at 0x7f1991559b40>, 'Connection to api.binance.com timed out. (connect timeout=15)'))
[2025-08-19T04:59:59.532+0000] {subprocess.py:93} INFO - ⚠️ DOGEUSDT lỗi lần 1/3: HTTPSConnectionPool(host='api.binance.com', port=443): Max retries exceeded with url: /api/v3/klines?symbol=DOGEUSDT&interval=1m&limit=100 (Caused by ConnectTimeoutError(<urllib3.connection.HTTPSConnection object at 0x7f199155ba90>, 'Connection to api.binance.com timed out. (connect timeout=15)'))
[2025-08-19T04:59:59.532+0000] {subprocess.py:93} INFO - ⚠️ LINKUSDT lỗi lần 1/3: HTTPSConnectionPool(host='api.binance.com', port=443): Max retries exceeded with url: /api/v3/klines?symbol=LINKUSDT&interval=1m&limit=100 (Caused by ConnectTimeoutError(<urllib3.connection.HTTPSConnection object at 0x7f199155aaa0>, 'Connection to api.binance.com timed out. (connect timeout=15)'))
[2025-08-19T04:59:59.532+0000] {subprocess.py:93} INFO - ⚠️ ADAUSDT lỗi lần 1/3: HTTPSConnectionPool(host='api.binance.com', port=443): Max retries exceeded with url: /api/v3/klines?symbol=ADAUSDT&interval=1m&limit=100 (Caused by ConnectTimeoutError(<urllib3.connection.HTTPSConnection object at 0x7f199155b8e0>, 'Connection to api.binance.com timed out. (connect timeout=15)'))
[2025-08-19T04:59:59.532+0000] {subprocess.py:93} INFO - ✅ USDCUSDT: thêm 5 dòng mới
[2025-08-19T04:59:59.532+0000] {subprocess.py:93} INFO - 1/100 USDCUSDT lưu OK
[2025-08-19T04:59:59.533+0000] {subprocess.py:93} INFO - ✅ ETHUSDT: thêm 5 dòng mới
[2025-08-19T04:59:59.533+0000] {subprocess.py:93} INFO - 2/100 ETHUSDT lưu OK
[2025-08-19T04:59:59.533+0000] {subprocess.py:93} INFO - ✅ LINKUSDT: thêm 3 dòng mới
[2025-08-19T04:59:59.533+0000] {subprocess.py:93} INFO - ✅ PROVEUSDT: thêm 5 dòng mới
[2025-08-19T04:59:59.533+0000] {subprocess.py:93} INFO - 3/100 LINKUSDT lưu OK
[2025-08-19T04:59:59.534+0000] {subprocess.py:93} INFO - 4/100 PROVEUSDT lưu OK
[2025-08-19T04:59:59.534+0000] {subprocess.py:93} INFO - ⚠️ ADAUSDT lỗi lần 2/3: HTTPSConnectionPool(host='api.binance.com', port=443): Max retries exceeded with url: /api/v3/klines?symbol=ADAUSDT&interval=1m&limit=100 (Caused by ConnectTimeoutError(<urllib3.connection.HTTPSConnection object at 0x7f1990175a20>, 'Connection to api.binance.com timed out. (connect timeout=15)'))
[2025-08-19T04:59:59.534+0000] {subprocess.py:93} INFO - ⚠️ BTCUSDT lỗi lần 2/3: HTTPSConnectionPool(host='api.binance.com', port=443): Max retries exceeded with url: /api/v3/klines?symbol=BTCUSDT&interval=1m&limit=100 (Caused by ConnectTimeoutError(<urllib3.connection.HTTPSConnection object at 0x7f1991581c60>, 'Connection to api.binance.com timed out. (connect timeout=15)'))
[2025-08-19T04:59:59.534+0000] {subprocess.py:93} INFO - ⚠️ DOGEUSDT lỗi lần 2/3: HTTPSConnectionPool(host='api.binance.com', port=443): Max retries exceeded with url: /api/v3/klines?symbol=DOGEUSDT&interval=1m&limit=100 (Caused by ConnectTimeoutError(<urllib3.connection.HTTPSConnection object at 0x7f1990174ac0>, 'Connection to api.binance.com timed out. (connect timeout=15)'))
[2025-08-19T04:59:59.535+0000] {subprocess.py:93} INFO - ⚠️ FDUSDUSDT lỗi lần 2/3: HTTPSConnectionPool(host='api.binance.com', port=443): Max retries exceeded with url: /api/v3/klines?symbol=FDUSDUSDT&interval=1m&limit=100 (Caused by ConnectTimeoutError(<urllib3.connection.HTTPSConnection object at 0x7f1991583d60>, 'Connection to api.binance.com timed out. (connect timeout=15)'))
[2025-08-19T04:59:59.535+0000] {subprocess.py:93} INFO - ⚠️ SOLUSDT lỗi lần 2/3: HTTPSConnectionPool(host='api.binance.com', port=443): Max retries exceeded with url: /api/v3/klines?symbol=SOLUSDT&interval=1m&limit=100 (Caused by ConnectTimeoutError(<urllib3.connection.HTTPSConnection object at 0x7f1991582320>, 'Connection to api.binance.com timed out. (connect timeout=15)'))
[2025-08-19T04:59:59.535+0000] {subprocess.py:93} INFO - ⚠️ XRPUSDT lỗi lần 2/3: HTTPSConnectionPool(host='api.binance.com', port=443): Max retries exceeded with url: /api/v3/klines?symbol=XRPUSDT&interval=1m&limit=100 (Caused by ConnectTimeoutError(<urllib3.connection.HTTPSConnection object at 0x7f1990174400>, 'Connection to api.binance.com timed out. (connect timeout=15)'))
[2025-08-19T04:59:59.535+0000] {subprocess.py:93} INFO - ✅ BNBUSDT: thêm 3 dòng mới
[2025-08-19T04:59:59.535+0000] {subprocess.py:93} INFO - 5/100 BNBUSDT lưu OK
[2025-08-19T04:59:59.536+0000] {subprocess.py:93} INFO - ✅ ENAUSDT: thêm 3 dòng mới
[2025-08-19T04:59:59.536+0000] {subprocess.py:93} INFO - 6/100 ENAUSDT lưu OK
[2025-08-19T04:59:59.536+0000] {subprocess.py:93} INFO - ✅ ARBUSDT: thêm 3 dòng mới
[2025-08-19T04:59:59.536+0000] {subprocess.py:93} INFO - 7/100 ARBUSDT lưu OK
[2025-08-19T04:59:59.536+0000] {subprocess.py:93} INFO - ✅ SUIUSDT: thêm 3 dòng mới
[2025-08-19T04:59:59.537+0000] {subprocess.py:93} INFO - 8/100 SUIUSDT lưu OK
[2025-08-19T04:59:59.537+0000] {subprocess.py:93} INFO - ✅ UNIUSDT: thêm 3 dòng mới
[2025-08-19T04:59:59.537+0000] {subprocess.py:93} INFO - 9/100 UNIUSDT lưu OK
[2025-08-19T04:59:59.537+0000] {subprocess.py:93} INFO - ✅ AVAXUSDT: thêm 3 dòng mới
[2025-08-19T04:59:59.537+0000] {subprocess.py:93} INFO - 10/100 AVAXUSDT lưu OK
[2025-08-19T04:59:59.538+0000] {subprocess.py:93} INFO - ✅ BTCUSDT: thêm 3 dòng mới
[2025-08-19T04:59:59.538+0000] {subprocess.py:93} INFO - 11/100 BTCUSDT lưu OK
[2025-08-19T04:59:59.538+0000] {subprocess.py:93} INFO - ✅ FDUSDUSDT: thêm 3 dòng mới
[2025-08-19T04:59:59.538+0000] {subprocess.py:93} INFO - 12/100 FDUSDUSDT lưu OK
[2025-08-19T04:59:59.539+0000] {subprocess.py:93} INFO - 13/100 BIOUSDT lỗi: relation "cryptocurrency.biousdt" does not exist
[2025-08-19T04:59:59.539+0000] {subprocess.py:93} INFO - LINE 1: SELECT MAX(time) FROM cryptocurrency.biousdt;
[2025-08-19T04:59:59.539+0000] {subprocess.py:93} INFO -                               ^
[2025-08-19T04:59:59.539+0000] {subprocess.py:93} INFO - 
[2025-08-19T04:59:59.539+0000] {subprocess.py:93} INFO - ✅ PEPEUSDT: thêm 3 dòng mới
[2025-08-19T04:59:59.540+0000] {subprocess.py:93} INFO - 14/100 PEPEUSDT lưu OK
[2025-08-19T04:59:59.540+0000] {subprocess.py:93} INFO - 15/100 PLUMEUSDT lỗi: relation "cryptocurrency.plumeusdt" does not exist
[2025-08-19T04:59:59.540+0000] {subprocess.py:93} INFO - LINE 1: SELECT MAX(time) FROM cryptocurrency.plumeusdt;
[2025-08-19T04:59:59.540+0000] {subprocess.py:93} INFO -                               ^
[2025-08-19T04:59:59.540+0000] {subprocess.py:93} INFO - 
[2025-08-19T04:59:59.540+0000] {subprocess.py:93} INFO - ✅ SEIUSDT: thêm 2 dòng mới
[2025-08-19T04:59:59.541+0000] {subprocess.py:93} INFO - 16/100 SEIUSDT lưu OK
[2025-08-19T04:59:59.541+0000] {subprocess.py:93} INFO - ✅ PENGUUSDT: thêm 5 dòng mới
[2025-08-19T04:59:59.541+0000] {subprocess.py:93} INFO - 17/100 PENGUUSDT lưu OK
[2025-08-19T04:59:59.541+0000] {subprocess.py:93} INFO - ✅ TOWNSUSDT: thêm 3 dòng mới
[2025-08-19T04:59:59.541+0000] {subprocess.py:93} INFO - 18/100 TOWNSUSDT lưu OK
[2025-08-19T04:59:59.542+0000] {subprocess.py:93} INFO - 19/100 AEURUSDT lỗi: relation "cryptocurrency.aeurusdt" does not exist
[2025-08-19T04:59:59.542+0000] {subprocess.py:93} INFO - LINE 1: SELECT MAX(time) FROM cryptocurrency.aeurusdt;
[2025-08-19T04:59:59.542+0000] {subprocess.py:93} INFO -                               ^
[2025-08-19T04:59:59.542+0000] {subprocess.py:93} INFO - 
[2025-08-19T04:59:59.542+0000] {subprocess.py:93} INFO - ✅ HBARUSDT: thêm 2 dòng mới
[2025-08-19T04:59:59.543+0000] {subprocess.py:93} INFO - 20/100 HBARUSDT lưu OK
[2025-08-19T04:59:59.543+0000] {subprocess.py:93} INFO - ✅ AAVEUSDT: thêm 2 dòng mới
[2025-08-19T04:59:59.543+0000] {subprocess.py:93} INFO - 21/100 AAVEUSDT lưu OK
[2025-08-19T04:59:59.543+0000] {subprocess.py:93} INFO - ✅ NEARUSDT: thêm 2 dòng mới
[2025-08-19T04:59:59.543+0000] {subprocess.py:93} INFO - 22/100 NEARUSDT lưu OK
[2025-08-19T04:59:59.544+0000] {subprocess.py:93} INFO - ⚠️ DOGEUSDT lỗi lần 3/3: HTTPSConnectionPool(host='api.binance.com', port=443): Max retries exceeded with url: /api/v3/klines?symbol=DOGEUSDT&interval=1m&limit=100 (Caused by ConnectTimeoutError(<urllib3.connection.HTTPSConnection object at 0x7f1990177c40>, 'Connection to api.binance.com timed out. (connect timeout=15)'))
[2025-08-19T04:59:59.544+0000] {subprocess.py:93} INFO - ⚠️ XRPUSDT lỗi lần 3/3: HTTPSConnectionPool(host='api.binance.com', port=443): Max retries exceeded with url: /api/v3/klines?symbol=XRPUSDT&interval=1m&limit=100 (Caused by ConnectTimeoutError(<urllib3.connection.HTTPSConnection object at 0x7f19901aca00>, 'Connection to api.binance.com timed out. (connect timeout=15)'))
[2025-08-19T05:01:05.729+0000] {subprocess.py:93} INFO - ⚠️ SOLUSDT lỗi lần 3/3: HTTPSConnectionPool(host='api.binance.com', port=443): Max retries exceeded with url: /api/v3/klines?symbol=SOLUSDT&interval=1m&limit=100 (Caused by ConnectTimeoutError(<urllib3.connection.HTTPSConnection object at 0x7f19901acbe0>, 'Connection to api.binance.com timed out. (connect timeout=15)'))
[2025-08-19T05:01:05.730+0000] {subprocess.py:93} INFO - ⚠️ ADAUSDT lỗi lần 3/3: HTTPSConnectionPool(host='api.binance.com', port=443): Max retries exceeded with url: /api/v3/klines?symbol=ADAUSDT&interval=1m&limit=100 (Caused by ConnectTimeoutError(<urllib3.connection.HTTPSConnection object at 0x7f1990177820>, 'Connection to api.binance.com timed out. (connect timeout=15)'))
[2025-08-19T05:01:05.730+0000] {subprocess.py:93} INFO - ✅ BONKUSDT: thêm 2 dòng mới
[2025-08-19T05:01:05.730+0000] {subprocess.py:93} INFO - 23/100 BONKUSDT lưu OK
[2025-08-19T05:01:05.730+0000] {subprocess.py:93} INFO - ✅ WLDUSDT: thêm 2 dòng mới
[2025-08-19T05:01:05.731+0000] {subprocess.py:93} INFO - 24/100 WLDUSDT lưu OK
[2025-08-19T05:01:05.731+0000] {subprocess.py:93} INFO - 25/100 DOGEUSDT bỏ qua (fail)
[2025-08-19T05:01:05.731+0000] {subprocess.py:93} INFO - 26/100 ADAUSDT bỏ qua (fail)
[2025-08-19T05:01:05.732+0000] {subprocess.py:93} INFO - 27/100 XRPUSDT bỏ qua (fail)
[2025-08-19T05:01:05.732+0000] {subprocess.py:93} INFO - 28/100 SOLUSDT bỏ qua (fail)
[2025-08-19T05:01:05.732+0000] {subprocess.py:93} INFO - ✅ TONUSDT: thêm 3 dòng mới
[2025-08-19T05:01:05.733+0000] {subprocess.py:93} INFO - 29/100 TONUSDT lưu OK
[2025-08-19T05:01:05.733+0000] {subprocess.py:93} INFO - ✅ XLMUSDT: thêm 3 dòng mới
[2025-08-19T05:01:05.733+0000] {subprocess.py:93} INFO - 30/100 XLMUSDT lưu OK
[2025-08-19T05:01:05.734+0000] {subprocess.py:93} INFO - ✅ DOTUSDT: thêm 3 dòng mới
[2025-08-19T05:01:05.734+0000] {subprocess.py:93} INFO - 31/100 DOTUSDT lưu OK
[2025-08-19T05:01:05.734+0000] {subprocess.py:93} INFO - ✅ SUSDT: thêm 3 dòng mới
[2025-08-19T05:01:05.735+0000] {subprocess.py:93} INFO - 32/100 SUSDT lưu OK
[2025-08-19T05:01:05.735+0000] {subprocess.py:93} INFO - ✅ API3USDT: thêm 3 dòng mới
[2025-08-19T05:01:05.735+0000] {subprocess.py:93} INFO - 33/100 API3USDT lưu OK
[2025-08-19T05:01:05.736+0000] {subprocess.py:93} INFO - ✅ WIFUSDT: thêm 3 dòng mới
[2025-08-19T05:01:05.736+0000] {subprocess.py:93} INFO - 34/100 WIFUSDT lưu OK
[2025-08-19T05:01:05.736+0000] {subprocess.py:93} INFO - ⚠️ INJUSDT lỗi lần 1/3: HTTPSConnectionPool(host='api.binance.com', port=443): Max retries exceeded with url: /api/v3/klines?symbol=INJUSDT&interval=1m&limit=100 (Caused by ConnectTimeoutError(<urllib3.connection.HTTPSConnection object at 0x7f1990177a90>, 'Connection to api.binance.com timed out. (connect timeout=15)'))
[2025-08-19T05:01:05.737+0000] {subprocess.py:93} INFO - ⚠️ TRUMPUSDT lỗi lần 1/3: HTTPSConnectionPool(host='api.binance.com', port=443): Max retries exceeded with url: /api/v3/klines?symbol=TRUMPUSDT&interval=1m&limit=100 (Caused by ConnectTimeoutError(<urllib3.connection.HTTPSConnection object at 0x7f1990177f10>, 'Connection to api.binance.com timed out. (connect timeout=15)'))
[2025-08-19T05:01:05.737+0000] {subprocess.py:93} INFO - ✅ LDOUSDT: thêm 3 dòng mới
[2025-08-19T05:01:05.737+0000] {subprocess.py:93} INFO - 35/100 LDOUSDT lưu OK
[2025-08-19T05:01:05.737+0000] {subprocess.py:93} INFO - ✅ TRUMPUSDT: thêm 3 dòng mới
[2025-08-19T05:01:05.738+0000] {subprocess.py:93} INFO - 36/100 TRUMPUSDT lưu OK
[2025-08-19T05:01:05.738+0000] {subprocess.py:93} INFO - ✅ INJUSDT: thêm 3 dòng mới
[2025-08-19T05:01:05.739+0000] {subprocess.py:93} INFO - 37/100 INJUSDT lưu OK
[2025-08-19T05:01:05.739+0000] {subprocess.py:93} INFO - ✅ TAOUSDT: thêm 3 dòng mới
[2025-08-19T05:01:05.739+0000] {subprocess.py:93} INFO - 38/100 TAOUSDT lưu OK
[2025-08-19T05:01:05.740+0000] {subprocess.py:93} INFO - ⚠️ MEMEUSDT lỗi lần 1/3: HTTPSConnectionPool(host='api.binance.com', port=443): Max retries exceeded with url: /api/v3/klines?symbol=MEMEUSDT&interval=1m&limit=100 (Caused by ConnectTimeoutError(<urllib3.connection.HTTPSConnection object at 0x7f1990177340>, 'Connection to api.binance.com timed out. (connect timeout=15)'))
[2025-08-19T05:01:05.740+0000] {subprocess.py:93} INFO - ✅ ONDOUSDT: thêm 3 dòng mới
[2025-08-19T05:01:05.740+0000] {subprocess.py:93} INFO - 39/100 ONDOUSDT lưu OK
[2025-08-19T05:01:05.741+0000] {subprocess.py:93} INFO - ⚠️ VIRTUALUSDT lỗi lần 1/3: HTTPSConnectionPool(host='api.binance.com', port=443): Max retries exceeded with url: /api/v3/klines?symbol=VIRTUALUSDT&interval=1m&limit=100 (Caused by ConnectTimeoutError(<urllib3.connection.HTTPSConnection object at 0x7f1990176950>, 'Connection to api.binance.com timed out. (connect timeout=15)'))
[2025-08-19T05:01:05.741+0000] {subprocess.py:93} INFO - ✅ CRVUSDT: thêm 2 dòng mới
[2025-08-19T05:01:05.741+0000] {subprocess.py:93} INFO - 40/100 CRVUSDT lưu OK
[2025-08-19T05:01:05.742+0000] {subprocess.py:93} INFO - ✅ ETHFIUSDT: thêm 3 dòng mới
[2025-08-19T05:01:05.742+0000] {subprocess.py:93} INFO - 41/100 ETHFIUSDT lưu OK
[2025-08-19T05:01:05.742+0000] {subprocess.py:93} INFO - 42/100 MEMEUSDT lỗi: relation "cryptocurrency.memeusdt" does not exist
[2025-08-19T05:01:05.743+0000] {subprocess.py:93} INFO - LINE 1: SELECT MAX(time) FROM cryptocurrency.memeusdt;
[2025-08-19T05:01:05.743+0000] {subprocess.py:93} INFO -                               ^
[2025-08-19T05:01:05.744+0000] {subprocess.py:93} INFO - 
[2025-08-19T05:01:05.744+0000] {subprocess.py:93} INFO - ✅ OPUSDT: thêm 3 dòng mới
[2025-08-19T05:01:05.744+0000] {subprocess.py:93} INFO - 43/100 OPUSDT lưu OK
[2025-08-19T05:01:05.745+0000] {subprocess.py:93} INFO - ✅ BFUSDUSDT: thêm 2 dòng mới
[2025-08-19T05:01:05.745+0000] {subprocess.py:93} INFO - 44/100 BFUSDUSDT lưu OK
[2025-08-19T05:01:05.745+0000] {subprocess.py:93} INFO - ✅ APTUSDT: thêm 3 dòng mới
[2025-08-19T05:01:05.746+0000] {subprocess.py:93} INFO - 45/100 APTUSDT lưu OK
[2025-08-19T05:01:05.746+0000] {subprocess.py:93} INFO - ✅ VIRTUALUSDT: thêm 3 dòng mới
[2025-08-19T05:01:05.746+0000] {subprocess.py:93} INFO - 46/100 VIRTUALUSDT lưu OK
[2025-08-19T05:01:05.747+0000] {subprocess.py:93} INFO - ✅ EURUSDT: thêm 3 dòng mới
[2025-08-19T05:01:05.747+0000] {subprocess.py:93} INFO - 47/100 EURUSDT lưu OK
[2025-08-19T05:01:05.747+0000] {subprocess.py:93} INFO - ✅ RAYUSDT: thêm 3 dòng mới
[2025-08-19T05:01:05.747+0000] {subprocess.py:93} INFO - 48/100 RAYUSDT lưu OK
[2025-08-19T05:01:05.747+0000] {subprocess.py:93} INFO - ✅ PNUTUSDT: thêm 3 dòng mới
[2025-08-19T05:01:05.748+0000] {subprocess.py:93} INFO - 49/100 PNUTUSDT lưu OK
[2025-08-19T05:01:05.748+0000] {subprocess.py:93} INFO - ✅ TRXUSDT: thêm 3 dòng mới
[2025-08-19T05:01:05.748+0000] {subprocess.py:93} INFO - 50/100 TRXUSDT lưu OK
[2025-08-19T05:01:05.748+0000] {subprocess.py:93} INFO - ✅ PENDLEUSDT: thêm 3 dòng mới
[2025-08-19T05:01:05.748+0000] {subprocess.py:93} INFO - 51/100 PENDLEUSDT lưu OK
[2025-08-19T05:01:05.749+0000] {subprocess.py:93} INFO - ✅ FLOKIUSDT: thêm 3 dòng mới
[2025-08-19T05:01:05.749+0000] {subprocess.py:93} INFO - 52/100 FLOKIUSDT lưu OK
[2025-08-19T05:01:05.749+0000] {subprocess.py:93} INFO - ✅ XUSDUSDT: thêm 3 dòng mới
[2025-08-19T05:01:05.749+0000] {subprocess.py:93} INFO - 53/100 XUSDUSDT lưu OK
[2025-08-19T05:01:05.749+0000] {subprocess.py:93} INFO - ✅ ALGOUSDT: thêm 3 dòng mới
[2025-08-19T05:01:05.750+0000] {subprocess.py:93} INFO - 54/100 ALGOUSDT lưu OK
[2025-08-19T05:01:05.750+0000] {subprocess.py:93} INFO - ✅ ALPINEUSDT: thêm 3 dòng mới
[2025-08-19T05:01:05.750+0000] {subprocess.py:93} INFO - 55/100 ALPINEUSDT lưu OK
[2025-08-19T05:01:05.750+0000] {subprocess.py:93} INFO - ✅ TIAUSDT: thêm 3 dòng mới
[2025-08-19T05:01:05.751+0000] {subprocess.py:93} INFO - 56/100 TIAUSDT lưu OK
[2025-08-19T05:01:05.751+0000] {subprocess.py:93} INFO - ✅ MAGICUSDT: thêm 3 dòng mới
[2025-08-19T05:01:05.751+0000] {subprocess.py:93} INFO - 57/100 MAGICUSDT lưu OK
[2025-08-19T05:01:05.751+0000] {subprocess.py:93} INFO - ✅ ETCUSDT: thêm 3 dòng mới
[2025-08-19T05:01:05.751+0000] {subprocess.py:93} INFO - 58/100 ETCUSDT lưu OK
[2025-08-19T05:01:05.752+0000] {subprocess.py:93} INFO - ⚠️ SKLUSDT lỗi lần 1/3: HTTPSConnectionPool(host='api.binance.com', port=443): Max retries exceeded with url: /api/v3/klines?symbol=SKLUSDT&interval=1m&limit=100 (Caused by ConnectTimeoutError(<urllib3.connection.HTTPSConnection object at 0x7f1991583b50>, 'Connection to api.binance.com timed out. (connect timeout=15)'))
[2025-08-19T05:01:05.752+0000] {subprocess.py:93} INFO - ✅ JUVUSDT: thêm 3 dòng mới
[2025-08-19T05:01:05.752+0000] {subprocess.py:93} INFO - 59/100 JUVUSDT lưu OK
[2025-08-19T05:01:05.752+0000] {subprocess.py:93} INFO - ✅ FETUSDT: thêm 3 dòng mới
[2025-08-19T05:01:05.753+0000] {subprocess.py:93} INFO - 60/100 FETUSDT lưu OK
[2025-08-19T05:01:05.753+0000] {subprocess.py:93} INFO - ✅ EIGENUSDT: thêm 3 dòng mới
[2025-08-19T05:01:05.753+0000] {subprocess.py:93} INFO - 61/100 EIGENUSDT lưu OK
[2025-08-19T05:01:05.753+0000] {subprocess.py:93} INFO - ✅ SKLUSDT: thêm 3 dòng mới
[2025-08-19T05:01:05.754+0000] {subprocess.py:93} INFO - 62/100 SKLUSDT lưu OK
[2025-08-19T05:01:05.754+0000] {subprocess.py:93} INFO - ⚠️ EPICUSDT lỗi lần 1/3: HTTPSConnectionPool(host='api.binance.com', port=443): Max retries exceeded with url: /api/v3/klines?symbol=EPICUSDT&interval=1m&limit=100 (Caused by ConnectTimeoutError(<urllib3.connection.HTTPSConnection object at 0x7f19915424a0>, 'Connection to api.binance.com timed out. (connect timeout=15)'))
[2025-08-19T05:01:05.754+0000] {subprocess.py:93} INFO - ✅ SHIBUSDT: thêm 3 dòng mới
[2025-08-19T05:01:05.754+0000] {subprocess.py:93} INFO - 63/100 SHIBUSDT lưu OK
[2025-08-19T05:01:05.754+0000] {subprocess.py:93} INFO - ✅ RENDERUSDT: thêm 3 dòng mới
[2025-08-19T05:01:05.755+0000] {subprocess.py:93} INFO - 64/100 RENDERUSDT lưu OK
[2025-08-19T05:01:05.755+0000] {subprocess.py:93} INFO - ✅ FILUSDT: thêm 3 dòng mới
[2025-08-19T05:01:05.755+0000] {subprocess.py:93} INFO - 65/100 FILUSDT lưu OK
[2025-08-19T05:01:05.755+0000] {subprocess.py:93} INFO - ✅ GALAUSDT: thêm 3 dòng mới
[2025-08-19T05:01:05.755+0000] {subprocess.py:93} INFO - ✅ ASRUSDT: thêm 2 dòng mới
[2025-08-19T05:01:05.756+0000] {subprocess.py:93} INFO - 66/100 GALAUSDT lưu OK
[2025-08-19T05:01:05.756+0000] {subprocess.py:93} INFO - 67/100 ASRUSDT lưu OK
[2025-08-19T05:01:05.756+0000] {subprocess.py:93} INFO - 68/100 UTKUSDT lỗi: relation "cryptocurrency.utkusdt" does not exist
[2025-08-19T05:01:05.756+0000] {subprocess.py:93} INFO - LINE 1: SELECT MAX(time) FROM cryptocurrency.utkusdt;
[2025-08-19T05:01:05.756+0000] {subprocess.py:93} INFO -                               ^
[2025-08-19T05:01:05.757+0000] {subprocess.py:93} INFO - 
[2025-08-19T05:01:05.757+0000] {subprocess.py:93} INFO - ✅ MDTUSDT: thêm 3 dòng mới
[2025-08-19T05:01:05.757+0000] {subprocess.py:93} INFO - 69/100 MDTUSDT lưu OK
[2025-08-19T05:01:05.757+0000] {subprocess.py:93} INFO - ✅ EPICUSDT: thêm 3 dòng mới
[2025-08-19T05:01:05.757+0000] {subprocess.py:93} INFO - 70/100 EPICUSDT lưu OK
[2025-08-19T05:01:05.758+0000] {subprocess.py:93} INFO - ✅ CTSIUSDT: thêm 3 dòng mới
[2025-08-19T05:01:05.758+0000] {subprocess.py:93} INFO - ✅ SPKUSDT: thêm 3 dòng mới
[2025-08-19T05:01:05.758+0000] {subprocess.py:93} INFO - 71/100 CTSIUSDT lưu OK
[2025-08-19T05:01:05.758+0000] {subprocess.py:93} INFO - 72/100 SPKUSDT lưu OK
[2025-08-19T05:01:05.758+0000] {subprocess.py:93} INFO - ✅ CFXUSDT: thêm 3 dòng mới
[2025-08-19T05:01:05.759+0000] {subprocess.py:93} INFO - 73/100 CFXUSDT lưu OK
[2025-08-19T05:01:05.759+0000] {subprocess.py:93} INFO - ✅ OGUSDT: thêm 3 dòng mới
[2025-08-19T05:01:05.759+0000] {subprocess.py:93} INFO - 74/100 OGUSDT lưu OK
[2025-08-19T05:01:05.759+0000] {subprocess.py:93} INFO - ⚠️ NEIROUSDT lỗi lần 1/3: HTTPSConnectionPool(host='api.binance.com', port=443): Max retries exceeded with url: /api/v3/klines?symbol=NEIROUSDT&interval=1m&limit=100 (Caused by ConnectTimeoutError(<urllib3.connection.HTTPSConnection object at 0x7f1990175810>, 'Connection to api.binance.com timed out. (connect timeout=15)'))
[2025-08-19T05:01:05.760+0000] {subprocess.py:93} INFO - 75/100 PONDUSDT lỗi: relation "cryptocurrency.pondusdt" does not exist
[2025-08-19T05:01:05.760+0000] {subprocess.py:93} INFO - LINE 1: SELECT MAX(time) FROM cryptocurrency.pondusdt;
[2025-08-19T05:01:05.760+0000] {subprocess.py:93} INFO -                               ^
[2025-08-19T05:01:05.760+0000] {subprocess.py:93} INFO - 
[2025-08-19T05:01:05.760+0000] {subprocess.py:93} INFO - ✅ TSTUSDT: thêm 2 dòng mới
[2025-08-19T05:01:05.761+0000] {subprocess.py:93} INFO - ✅ BERAUSDT: thêm 2 dòng mới
[2025-08-19T05:01:05.761+0000] {subprocess.py:93} INFO - 76/100 TSTUSDT lưu OK
[2025-08-19T05:01:05.761+0000] {subprocess.py:93} INFO - 77/100 BERAUSDT lưu OK
[2025-08-19T05:01:05.761+0000] {subprocess.py:93} INFO - ✅ BCHUSDT: thêm 3 dòng mới
[2025-08-19T05:01:05.761+0000] {subprocess.py:93} INFO - 78/100 BCHUSDT lưu OK
[2025-08-19T05:01:05.762+0000] {subprocess.py:93} INFO - 79/100 VETUSDT lỗi: relation "cryptocurrency.vetusdt" does not exist
[2025-08-19T05:01:05.762+0000] {subprocess.py:93} INFO - LINE 1: SELECT MAX(time) FROM cryptocurrency.vetusdt;
[2025-08-19T05:01:05.762+0000] {subprocess.py:93} INFO -                               ^
[2025-08-19T05:01:05.762+0000] {subprocess.py:93} INFO - 
[2025-08-19T05:01:05.762+0000] {subprocess.py:93} INFO - ✅ ICPUSDT: thêm 2 dòng mới
[2025-08-19T05:01:05.763+0000] {subprocess.py:93} INFO - 80/100 ICPUSDT lưu OK
[2025-08-19T05:01:05.763+0000] {subprocess.py:93} INFO - ✅ MAVUSDT: thêm 2 dòng mới
[2025-08-19T05:01:05.763+0000] {subprocess.py:93} INFO - 81/100 MAVUSDT lưu OK
[2025-08-19T05:01:05.763+0000] {subprocess.py:93} INFO - ✅ SYRUPUSDT: thêm 2 dòng mới
[2025-08-19T05:01:05.763+0000] {subprocess.py:93} INFO - 82/100 SYRUPUSDT lưu OK
[2025-08-19T05:01:05.764+0000] {subprocess.py:93} INFO - ⚠️ CAKEUSDT lỗi lần 1/3: HTTPSConnectionPool(host='api.binance.com', port=443): Max retries exceeded with url: /api/v3/klines?symbol=CAKEUSDT&interval=1m&limit=100 (Caused by ConnectTimeoutError(<urllib3.connection.HTTPSConnection object at 0x7f1990176c50>, 'Connection to api.binance.com timed out. (connect timeout=15)'))
[2025-08-19T05:01:05.764+0000] {subprocess.py:93} INFO - 83/100 LAYERUSDT lỗi: relation "cryptocurrency.layerusdt" does not exist
[2025-08-19T05:01:05.764+0000] {subprocess.py:93} INFO - LINE 1: SELECT MAX(time) FROM cryptocurrency.layerusdt;
[2025-08-19T05:01:05.764+0000] {subprocess.py:93} INFO -                               ^
[2025-08-19T05:01:05.764+0000] {subprocess.py:93} INFO - 
[2025-08-19T05:01:05.765+0000] {subprocess.py:93} INFO - 84/100 PAXGUSDT lỗi: relation "cryptocurrency.paxgusdt" does not exist
[2025-08-19T05:01:05.765+0000] {subprocess.py:93} INFO - LINE 1: SELECT MAX(time) FROM cryptocurrency.paxgusdt;
[2025-08-19T05:01:05.765+0000] {subprocess.py:93} INFO -                               ^
[2025-08-19T05:01:05.765+0000] {subprocess.py:93} INFO - 
[2025-08-19T05:01:05.765+0000] {subprocess.py:93} INFO - ✅ CAKEUSDT: thêm 4 dòng mới
[2025-08-19T05:01:05.766+0000] {subprocess.py:93} INFO - 85/100 CAKEUSDT lưu OK
[2025-08-19T05:01:05.766+0000] {subprocess.py:93} INFO - 86/100 CYBERUSDT lỗi: relation "cryptocurrency.cyberusdt" does not exist
[2025-08-19T05:01:05.766+0000] {subprocess.py:93} INFO - LINE 1: SELECT MAX(time) FROM cryptocurrency.cyberusdt;
[2025-08-19T05:01:05.766+0000] {subprocess.py:93} INFO -                               ^
[2025-08-19T05:01:05.766+0000] {subprocess.py:93} INFO - 
[2025-08-19T05:01:05.767+0000] {subprocess.py:93} INFO - 87/100 AIXBTUSDT lỗi: relation "cryptocurrency.aixbtusdt" does not exist
[2025-08-19T05:01:05.767+0000] {subprocess.py:93} INFO - LINE 1: SELECT MAX(time) FROM cryptocurrency.aixbtusdt;
[2025-08-19T05:01:05.767+0000] {subprocess.py:93} INFO -                               ^
[2025-08-19T05:01:05.767+0000] {subprocess.py:93} INFO - 
[2025-08-19T05:01:05.767+0000] {subprocess.py:93} INFO - 88/100 ATOMUSDT lỗi: relation "cryptocurrency.atomusdt" does not exist
[2025-08-19T05:01:05.768+0000] {subprocess.py:93} INFO - LINE 1: SELECT MAX(time) FROM cryptocurrency.atomusdt;
[2025-08-19T05:01:05.768+0000] {subprocess.py:93} INFO -                               ^
[2025-08-19T05:01:05.768+0000] {subprocess.py:93} INFO - 
[2025-08-19T05:02:04.985+0000] {subprocess.py:93} INFO - ⚠️ WBTCUSDT lỗi lần 1/3: HTTPSConnectionPool(host='api.binance.com', port=443): Max retries exceeded with url: /api/v3/klines?symbol=WBTCUSDT&interval=1m&limit=100 (Caused by ConnectTimeoutError(<urllib3.connection.HTTPSConnection object at 0x7f1991588640>, 'Connection to api.binance.com timed out. (connect timeout=15)'))
[2025-08-19T05:02:04.986+0000] {subprocess.py:93} INFO - ⚠️ MKRUSDT lỗi lần 1/3: HTTPSConnectionPool(host='api.binance.com', port=443): Max retries exceeded with url: /api/v3/klines?symbol=MKRUSDT&interval=1m&limit=100 (Caused by ConnectTimeoutError(<urllib3.connection.HTTPSConnection object at 0x7f1990175f30>, 'Connection to api.binance.com timed out. (connect timeout=15)'))
[2025-08-19T05:02:04.986+0000] {subprocess.py:93} INFO - ⚠️ NEIROUSDT lỗi lần 2/3: HTTPSConnectionPool(host='api.binance.com', port=443): Max retries exceeded with url: /api/v3/klines?symbol=NEIROUSDT&interval=1m&limit=100 (Caused by ConnectTimeoutError(<urllib3.connection.HTTPSConnection object at 0x7f1991540d00>, 'Connection to api.binance.com timed out. (connect timeout=15)'))
[2025-08-19T05:02:04.986+0000] {subprocess.py:93} INFO - 89/100 RESOLVUSDT lỗi: relation "cryptocurrency.resolvusdt" does not exist
[2025-08-19T05:02:04.987+0000] {subprocess.py:93} INFO - LINE 1: SELECT MAX(time) FROM cryptocurrency.resolvusdt;
[2025-08-19T05:02:04.987+0000] {subprocess.py:93} INFO -                               ^
[2025-08-19T05:02:04.987+0000] {subprocess.py:93} INFO - 
[2025-08-19T05:02:04.988+0000] {subprocess.py:93} INFO - 90/100 WCTUSDT lỗi: relation "cryptocurrency.wctusdt" does not exist
[2025-08-19T05:02:04.988+0000] {subprocess.py:93} INFO - LINE 1: SELECT MAX(time) FROM cryptocurrency.wctusdt;
[2025-08-19T05:02:04.988+0000] {subprocess.py:93} INFO -                               ^
[2025-08-19T05:02:04.988+0000] {subprocess.py:93} INFO - 
[2025-08-19T05:02:04.989+0000] {subprocess.py:93} INFO - ✅ ENSUSDT: thêm 3 dòng mới
[2025-08-19T05:02:04.989+0000] {subprocess.py:93} INFO - ✅ PORTOUSDT: thêm 3 dòng mới
[2025-08-19T05:02:04.989+0000] {subprocess.py:93} INFO - 91/100 ENSUSDT lưu OK
[2025-08-19T05:02:04.989+0000] {subprocess.py:93} INFO - 92/100 PORTOUSDT lưu OK
[2025-08-19T05:02:04.989+0000] {subprocess.py:93} INFO - ⚠️ ORDIUSDT lỗi lần 1/3: HTTPSConnectionPool(host='api.binance.com', port=443): Max retries exceeded with url: /api/v3/klines?symbol=ORDIUSDT&interval=1m&limit=100 (Caused by ConnectTimeoutError(<urllib3.connection.HTTPSConnection object at 0x7f1990175e70>, 'Connection to api.binance.com timed out. (connect timeout=15)'))
[2025-08-19T05:02:04.990+0000] {subprocess.py:93} INFO - 93/100 STRKUSDT lỗi: relation "cryptocurrency.strkusdt" does not exist
[2025-08-19T05:02:04.990+0000] {subprocess.py:93} INFO - LINE 1: SELECT MAX(time) FROM cryptocurrency.strkusdt;
[2025-08-19T05:02:04.990+0000] {subprocess.py:93} INFO -                               ^
[2025-08-19T05:02:04.990+0000] {subprocess.py:93} INFO - 
[2025-08-19T05:02:04.991+0000] {subprocess.py:93} INFO - 94/100 RUNEUSDT lỗi: relation "cryptocurrency.runeusdt" does not exist
[2025-08-19T05:02:04.991+0000] {subprocess.py:93} INFO - LINE 1: SELECT MAX(time) FROM cryptocurrency.runeusdt;
[2025-08-19T05:02:04.991+0000] {subprocess.py:93} INFO -                               ^
[2025-08-19T05:02:04.991+0000] {subprocess.py:93} INFO - 
[2025-08-19T05:02:04.991+0000] {subprocess.py:93} INFO - 95/100 WBTCUSDT lỗi: relation "cryptocurrency.wbtcusdt" does not exist
[2025-08-19T05:02:04.992+0000] {subprocess.py:93} INFO - LINE 1: SELECT MAX(time) FROM cryptocurrency.wbtcusdt;
[2025-08-19T05:02:04.992+0000] {subprocess.py:93} INFO -                               ^
[2025-08-19T05:02:04.992+0000] {subprocess.py:93} INFO - 
[2025-08-19T05:02:04.992+0000] {subprocess.py:93} INFO - ✅ ORDIUSDT: thêm 3 dòng mới
[2025-08-19T05:02:04.992+0000] {subprocess.py:93} INFO - 96/100 ORDIUSDT lưu OK
[2025-08-19T05:02:04.993+0000] {subprocess.py:93} INFO - 97/100 MKRUSDT lỗi: relation "cryptocurrency.mkrusdt" does not exist
[2025-08-19T05:02:04.993+0000] {subprocess.py:93} INFO - LINE 1: SELECT MAX(time) FROM cryptocurrency.mkrusdt;
[2025-08-19T05:02:04.993+0000] {subprocess.py:93} INFO -                               ^
[2025-08-19T05:02:04.993+0000] {subprocess.py:93} INFO - 
[2025-08-19T05:02:04.994+0000] {subprocess.py:93} INFO - ✅ NEIROUSDT: thêm 4 dòng mới
[2025-08-19T05:02:04.994+0000] {subprocess.py:93} INFO - 98/100 NEIROUSDT lưu OK
[2025-08-19T05:02:04.994+0000] {subprocess.py:93} INFO - 99/100 LTCUSDT lỗi: connection to server at "videv.cloud" (27.74.74.29), port 5432 failed: Connection timed out
[2025-08-19T05:02:04.994+0000] {subprocess.py:93} INFO - 	Is the server running on that host and accepting TCP/IP connections?
[2025-08-19T05:02:04.994+0000] {subprocess.py:93} INFO - 
[2025-08-19T05:02:04.995+0000] {subprocess.py:93} INFO - 100/100 POLUSDT lỗi: connection to server at "videv.cloud" (27.74.74.29), port 5432 failed: Connection timed out
[2025-08-19T05:02:04.995+0000] {subprocess.py:93} INFO - 	Is the server running on that host and accepting TCP/IP connections?
[2025-08-19T05:02:04.995+0000] {subprocess.py:93} INFO - 
[2025-08-19T05:02:05.146+0000] {subprocess.py:97} INFO - Command exited with return code 0
[2025-08-19T05:02:05.147+0000] {taskinstance.py:441} INFO - ::group::Post task execution logs
[2025-08-19T05:02:05.179+0000] {taskinstance.py:1206} INFO - Marking task as SUCCESS. dag_id=crypto_collector_dag, task_id=run_crypto_collector, run_id=scheduled__2025-08-19T04:58:00+00:00, execution_date=20250819T045800, start_date=20250819T045905, end_date=20250819T050205
[2025-08-19T05:02:05.206+0000] {local_task_job_runner.py:240} INFO - Task exited with return code 0
[2025-08-19T05:02:05.231+0000] {taskinstance.py:3498} INFO - 0 downstream tasks scheduled from follow-on schedule check
[2025-08-19T05:02:05.232+0000] {local_task_job_runner.py:222} INFO - ::endgroup::
