[2025-08-19T02:08:01.563+0000] {local_task_job_runner.py:120} INFO - ::group::Pre task execution logs
[2025-08-19T02:08:01.590+0000] {taskinstance.py:2076} INFO - Dependencies all met for dep_context=non-requeueable deps ti=<TaskInstance: update_stock_history.run_get_py scheduled__2025-08-19T02:07:00+00:00 [queued]>
[2025-08-19T02:08:01.598+0000] {taskinstance.py:2076} INFO - Dependencies all met for dep_context=requeueable deps ti=<TaskInstance: update_stock_history.run_get_py scheduled__2025-08-19T02:07:00+00:00 [queued]>
[2025-08-19T02:08:01.599+0000] {taskinstance.py:2306} INFO - Starting attempt 1 of 2
[2025-08-19T02:08:01.610+0000] {taskinstance.py:2330} INFO - Executing <Task(BashOperator): run_get_py> on 2025-08-19 02:07:00+00:00
[2025-08-19T02:08:01.617+0000] {standard_task_runner.py:63} INFO - Started process 224878 to run task
[2025-08-19T02:08:01.623+0000] {standard_task_runner.py:90} INFO - Running: ['***', 'tasks', 'run', 'update_stock_history', 'run_get_py', 'scheduled__2025-08-19T02:07:00+00:00', '--job-id', '10065', '--raw', '--subdir', 'DAGS_FOLDER/crawlchart/dags.py', '--cfg-path', '/tmp/tmpi6k_g5ro']
[2025-08-19T02:08:01.625+0000] {standard_task_runner.py:91} INFO - Job 10065: Subtask run_get_py
[2025-08-19T02:08:01.680+0000] {task_command.py:426} INFO - Running <TaskInstance: update_stock_history.run_get_py scheduled__2025-08-19T02:07:00+00:00 [running]> on host 1877907bc043
[2025-08-19T02:08:01.779+0000] {taskinstance.py:2648} INFO - Exporting env vars: AIRFLOW_CTX_DAG_OWNER='***' AIRFLOW_CTX_DAG_ID='update_stock_history' AIRFLOW_CTX_TASK_ID='run_get_py' AIRFLOW_CTX_EXECUTION_DATE='2025-08-19T02:07:00+00:00' AIRFLOW_CTX_TRY_NUMBER='1' AIRFLOW_CTX_DAG_RUN_ID='scheduled__2025-08-19T02:07:00+00:00'
[2025-08-19T02:08:01.779+0000] {taskinstance.py:430} INFO - ::endgroup::
[2025-08-19T02:08:01.794+0000] {subprocess.py:63} INFO - Tmp dir root location: /tmp
[2025-08-19T02:08:01.795+0000] {subprocess.py:75} INFO - Running command: ['/usr/bin/bash', '-c', 'python3 /opt/***/dags/crawlchart/get.py']
[2025-08-19T02:08:01.807+0000] {subprocess.py:86} INFO - Output:
[2025-08-19T02:21:23.002+0000] {subprocess.py:93} INFO - 🚀 Bắt đầu cập nhật dữ liệu...
[2025-08-19T02:21:23.003+0000] {subprocess.py:93} INFO - 
[2025-08-19T02:21:23.004+0000] {subprocess.py:93} INFO - 📋 Kết quả cập nhật:
[2025-08-19T02:21:23.004+0000] {subprocess.py:93} INFO - ✅ Đã lưu HNX Manufacturing Index vào bảng HNX Manufacturing Index
[2025-08-19T02:21:23.004+0000] {subprocess.py:93} INFO - ✅ Đã lưu HNX Mid/Small Cap Index vào bảng HNX Mid/Small Cap Index
[2025-08-19T02:21:23.004+0000] {subprocess.py:93} INFO - ✅ Đã lưu HNX Construction Index vào bảng HNX Construction Index
[2025-08-19T02:21:23.005+0000] {subprocess.py:93} INFO - ✅ Đã lưu HNX Large Cap Index vào bảng HNX Large Cap Index
[2025-08-19T02:21:23.005+0000] {subprocess.py:93} INFO - ✅ Đã lưu HNX30 vào bảng HNX30
[2025-08-19T02:21:23.005+0000] {subprocess.py:93} INFO - ✅ Đã lưu UPCOM Large Index vào bảng UPCOM Large Index
[2025-08-19T02:21:23.006+0000] {subprocess.py:93} INFO - ⚠️ Không có dữ liệu cho UPCOM Small Index
[2025-08-19T02:21:23.006+0000] {subprocess.py:93} INFO - ✅ Đã lưu VN100 vào bảng VN100
[2025-08-19T02:21:23.006+0000] {subprocess.py:93} INFO - ❌ Lỗi khi xử lý HNX Financials Index: (psycopg2.OperationalError) connection to server at "videv.cloud" (27.74.74.29), port 5432 failed: Connection timed out
[2025-08-19T02:21:23.006+0000] {subprocess.py:93} INFO - 	Is the server running on that host and accepting TCP/IP connections?
[2025-08-19T02:21:23.007+0000] {subprocess.py:93} INFO - 
[2025-08-19T02:21:23.007+0000] {subprocess.py:93} INFO - (Background on this error at: https://sqlalche.me/e/14/e3q8)
[2025-08-19T02:21:23.007+0000] {subprocess.py:93} INFO - ✅ Đã lưu HNXUpcomIndex vào bảng UpcomIndex
[2025-08-19T02:21:23.008+0000] {subprocess.py:93} INFO - ✅ Đã lưu VN30 vào bảng VN30
[2025-08-19T02:21:23.008+0000] {subprocess.py:93} INFO - ❌ Lỗi khi xử lý HNXIndex: HTTPSConnectionPool(host='trading.vietcap.com.vn', port=443): Max retries exceeded with url: /api/chart/OHLCChart/gap-chart (Caused by ConnectTimeoutError(<urllib3.connection.HTTPSConnection object at 0x7faa18da38b0>, 'Connection to trading.vietcap.com.vn timed out. (connect timeout=None)'))
[2025-08-19T02:21:23.008+0000] {subprocess.py:93} INFO - ❌ Lỗi khi xử lý UPCOM Medium Index: HTTPSConnectionPool(host='trading.vietcap.com.vn', port=443): Max retries exceeded with url: /api/chart/OHLCChart/gap-chart (Caused by ConnectTimeoutError(<urllib3.connection.HTTPSConnection object at 0x7faa03c0f8b0>, 'Connection to trading.vietcap.com.vn timed out. (connect timeout=None)'))
[2025-08-19T02:21:23.009+0000] {subprocess.py:93} INFO - ✅ Đã lưu VNCONS vào bảng VNCONS
[2025-08-19T02:21:23.009+0000] {subprocess.py:93} INFO - ✅ Đã lưu VNENE vào bảng VNENE
[2025-08-19T02:21:23.009+0000] {subprocess.py:93} INFO - ✅ Đã lưu VNFINLEAD vào bảng VNFINLEAD
[2025-08-19T02:21:23.009+0000] {subprocess.py:93} INFO - ✅ Đã lưu VNFINSELECT vào bảng VNFINSELECT
[2025-08-19T02:21:23.010+0000] {subprocess.py:93} INFO - ✅ Đã lưu VNHEAL vào bảng VNHEAL
[2025-08-19T02:21:23.010+0000] {subprocess.py:93} INFO - ✅ Đã lưu VNIND vào bảng VNIND
[2025-08-19T02:21:23.010+0000] {subprocess.py:93} INFO - ⚠️ Không có dữ liệu cho VNINDEXVNIT
[2025-08-19T02:21:23.010+0000] {subprocess.py:93} INFO - ❌ Lỗi khi xử lý VNALLSHARE: HTTPSConnectionPool(host='trading.vietcap.com.vn', port=443): Max retries exceeded with url: /api/chart/OHLCChart/gap-chart (Caused by ConnectTimeoutError(<urllib3.connection.HTTPSConnection object at 0x7faa19396e60>, 'Connection to trading.vietcap.com.vn timed out. (connect timeout=None)'))
[2025-08-19T02:21:23.011+0000] {subprocess.py:93} INFO - ❌ Lỗi khi xử lý VNCOND: HTTPSConnectionPool(host='trading.vietcap.com.vn', port=443): Max retries exceeded with url: /api/chart/OHLCChart/gap-chart (Caused by ConnectTimeoutError(<urllib3.connection.HTTPSConnection object at 0x7faa19395e70>, 'Connection to trading.vietcap.com.vn timed out. (connect timeout=None)'))
[2025-08-19T02:21:23.011+0000] {subprocess.py:93} INFO - ✅ Đã lưu VNMIDCAP vào bảng VNMIDCAP
[2025-08-19T02:21:23.011+0000] {subprocess.py:93} INFO - ❌ Lỗi khi xử lý VNDIAMOND: HTTPSConnectionPool(host='trading.vietcap.com.vn', port=443): Max retries exceeded with url: /api/chart/OHLCChart/gap-chart (Caused by ConnectTimeoutError(<urllib3.connection.HTTPSConnection object at 0x7faa18d63970>, 'Connection to trading.vietcap.com.vn timed out. (connect timeout=None)'))
[2025-08-19T02:21:23.011+0000] {subprocess.py:93} INFO - ❌ Lỗi khi xử lý VNFIN: HTTPSConnectionPool(host='trading.vietcap.com.vn', port=443): Max retries exceeded with url: /api/chart/OHLCChart/gap-chart (Caused by ConnectTimeoutError(<urllib3.connection.HTTPSConnection object at 0x7faa1d717460>, 'Connection to trading.vietcap.com.vn timed out. (connect timeout=None)'))
[2025-08-19T02:21:23.012+0000] {subprocess.py:93} INFO - ✅ Đã lưu VNSI vào bảng VNSI
[2025-08-19T02:21:23.012+0000] {subprocess.py:93} INFO - ✅ Đã lưu VNX50 vào bảng VNX50
[2025-08-19T02:21:23.012+0000] {subprocess.py:93} INFO - ❌ Lỗi khi xử lý VNMAT: HTTPSConnectionPool(host='trading.vietcap.com.vn', port=443): Max retries exceeded with url: /api/chart/OHLCChart/gap-chart (Caused by ConnectTimeoutError(<urllib3.connection.HTTPSConnection object at 0x7faa1c765120>, 'Connection to trading.vietcap.com.vn timed out. (connect timeout=None)'))
[2025-08-19T02:21:23.013+0000] {subprocess.py:93} INFO - ✅ Đã lưu VNUTI vào bảng VNUTI
[2025-08-19T02:21:23.013+0000] {subprocess.py:93} INFO - ✅ Đã lưu VNREAL vào bảng VNREAL
[2025-08-19T02:21:23.013+0000] {subprocess.py:93} INFO - ❌ Lỗi khi xử lý VNSMALLCAP: HTTPSConnectionPool(host='trading.vietcap.com.vn', port=443): Max retries exceeded with url: /api/chart/OHLCChart/gap-chart (Caused by ConnectTimeoutError(<urllib3.connection.HTTPSConnection object at 0x7faac7dea2f0>, 'Connection to trading.vietcap.com.vn timed out. (connect timeout=None)'))
[2025-08-19T02:21:23.013+0000] {subprocess.py:93} INFO - ✅ Đã hoàn tất cập nhật dữ liệu vào cơ sở dữ liệu.
[2025-08-19T02:21:23.178+0000] {subprocess.py:97} INFO - Command exited with return code 0
[2025-08-19T02:21:23.179+0000] {taskinstance.py:441} INFO - ::group::Post task execution logs
[2025-08-19T02:21:23.212+0000] {taskinstance.py:1206} INFO - Marking task as SUCCESS. dag_id=update_stock_history, task_id=run_get_py, run_id=scheduled__2025-08-19T02:07:00+00:00, execution_date=20250819T020700, start_date=20250819T020801, end_date=20250819T022123
[2025-08-19T02:21:23.247+0000] {local_task_job_runner.py:240} INFO - Task exited with return code 0
[2025-08-19T02:21:23.277+0000] {taskinstance.py:3498} INFO - 0 downstream tasks scheduled from follow-on schedule check
[2025-08-19T02:21:23.278+0000] {local_task_job_runner.py:222} INFO - ::endgroup::
