[2025-08-19T00:48:30.190+0000] {local_task_job_runner.py:120} INFO - ::group::Pre task execution logs
[2025-08-19T00:48:30.217+0000] {taskinstance.py:2076} INFO - Dependencies all met for dep_context=non-requeueable deps ti=<TaskInstance: crypto_collector_dag.run_crypto_collector scheduled__2025-08-19T00:47:00+00:00 [queued]>
[2025-08-19T00:48:30.227+0000] {taskinstance.py:2076} INFO - Dependencies all met for dep_context=requeueable deps ti=<TaskInstance: crypto_collector_dag.run_crypto_collector scheduled__2025-08-19T00:47:00+00:00 [queued]>
[2025-08-19T00:48:30.228+0000] {taskinstance.py:2306} INFO - Starting attempt 1 of 2
[2025-08-19T00:48:30.241+0000] {taskinstance.py:2330} INFO - Executing <Task(BashOperator): run_crypto_collector> on 2025-08-19 00:47:00+00:00
[2025-08-19T00:48:30.248+0000] {standard_task_runner.py:63} INFO - Started process 221369 to run task
[2025-08-19T00:48:30.252+0000] {standard_task_runner.py:90} INFO - Running: ['***', 'tasks', 'run', 'crypto_collector_dag', 'run_crypto_collector', 'scheduled__2025-08-19T00:47:00+00:00', '--job-id', '10019', '--raw', '--subdir', 'DAGS_FOLDER/crawl_crypto/dags_crypto.py', '--cfg-path', '/tmp/tmpzitkxo_4']
[2025-08-19T00:48:30.254+0000] {standard_task_runner.py:91} INFO - Job 10019: Subtask run_crypto_collector
[2025-08-19T00:48:30.310+0000] {task_command.py:426} INFO - Running <TaskInstance: crypto_collector_dag.run_crypto_collector scheduled__2025-08-19T00:47:00+00:00 [running]> on host 1877907bc043
[2025-08-19T00:48:30.409+0000] {taskinstance.py:2648} INFO - Exporting env vars: AIRFLOW_CTX_DAG_OWNER='***' AIRFLOW_CTX_DAG_ID='crypto_collector_dag' AIRFLOW_CTX_TASK_ID='run_crypto_collector' AIRFLOW_CTX_EXECUTION_DATE='2025-08-19T00:47:00+00:00' AIRFLOW_CTX_TRY_NUMBER='1' AIRFLOW_CTX_DAG_RUN_ID='scheduled__2025-08-19T00:47:00+00:00'
[2025-08-19T00:48:30.409+0000] {taskinstance.py:430} INFO - ::endgroup::
[2025-08-19T00:48:30.425+0000] {subprocess.py:63} INFO - Tmp dir root location: /tmp
[2025-08-19T00:48:30.426+0000] {subprocess.py:75} INFO - Running command: ['/usr/bin/bash', '-c', 'python3 /opt/***/dags/crawl_crypto/crawl_data_crypto.py']
[2025-08-19T00:48:30.442+0000] {subprocess.py:86} INFO - Output:
[2025-08-19T00:49:28.064+0000] {subprocess.py:93} INFO - 🔹 Kết nối DB...
[2025-08-19T00:49:28.065+0000] {subprocess.py:93} INFO - 🔹 Lấy top 100 crypto...
[2025-08-19T00:49:28.065+0000] {subprocess.py:93} INFO - Top 100: ['ETHUSDT', 'USDCUSDT', 'BTCUSDT', 'SOLUSDT', 'FDUSDUSDT', 'XRPUSDT', 'DOGEUSDT', 'LINKUSDT', 'ADAUSDT', 'SUIUSDT', 'BNBUSDT', 'PROVEUSDT', 'TRXUSDT', 'ENAUSDT', 'TOWNSUSDT', 'ARBUSDT', 'PEPEUSDT', 'UNIUSDT', 'AVAXUSDT', 'BIOUSDT', 'PENGUUSDT', 'LTCUSDT', 'SEIUSDT', 'HBARUSDT', 'POLUSDT', 'PLUMEUSDT', 'CRVUSDT', 'AEURUSDT', 'TRUMPUSDT', 'AAVEUSDT', 'BFUSDUSDT', 'NEARUSDT', 'BONKUSDT', 'WLDUSDT', 'DOTUSDT', 'INJUSDT', 'XLMUSDT', 'WIFUSDT', 'SUSDT', 'API3USDT', 'LDOUSDT', 'VIRTUALUSDT', 'TAOUSDT', 'MEMEUSDT', 'APTUSDT', 'TONUSDT', 'SKLUSDT', 'OPUSDT', 'ONDOUSDT', 'FLOKIUSDT', 'PENDLEUSDT', 'ETHFIUSDT', 'FETUSDT', 'EURUSDT', 'PONDUSDT', 'BCHUSDT', 'TIAUSDT', 'EPICUSDT', 'RAYUSDT', 'SHIBUSDT', 'NEIROUSDT', 'ETCUSDT', 'PNUTUSDT', 'ALGOUSDT', 'MAGICUSDT', 'ALPINEUSDT', 'FILUSDT', 'EIGENUSDT', 'RENDERUSDT', 'XUSDUSDT', 'GALAUSDT', 'JUVUSDT', 'CTSIUSDT', 'CAKEUSDT', 'ASRUSDT', 'CYBERUSDT', 'OGUSDT', 'TSTUSDT', 'RUNEUSDT', 'VETUSDT', 'SPKUSDT', 'ICPUSDT', 'PAXGUSDT', 'MDTUSDT', 'WBTCUSDT', 'CFXUSDT', 'BERAUSDT', 'ORDIUSDT', 'MKRUSDT', 'MAVUSDT', 'ATOMUSDT', 'SYRUPUSDT', 'ENSUSDT', 'UTKUSDT', 'RESOLVUSDT', 'AIXBTUSDT', 'ARKMUSDT', 'LAYERUSDT', 'WCTUSDT', 'OMUSDT']
[2025-08-19T00:49:28.065+0000] {subprocess.py:93} INFO - 🔹 Lưu lịch sử giá vào DB bằng threading...
[2025-08-19T00:49:28.066+0000] {subprocess.py:93} INFO - ✅ ETHUSDT: thêm 3 dòng mới
[2025-08-19T00:49:28.066+0000] {subprocess.py:93} INFO - ✅ USDCUSDT: thêm 3 dòng mới
[2025-08-19T00:49:28.066+0000] {subprocess.py:93} INFO - 1/100 ETHUSDT lưu OK
[2025-08-19T00:49:28.067+0000] {subprocess.py:93} INFO - 2/100 USDCUSDT lưu OK
[2025-08-19T00:49:28.067+0000] {subprocess.py:93} INFO - ✅ BTCUSDT: thêm 3 dòng mới
[2025-08-19T00:49:28.067+0000] {subprocess.py:93} INFO - 3/100 BTCUSDT lưu OK
[2025-08-19T00:49:28.067+0000] {subprocess.py:93} INFO - ✅ LINKUSDT: thêm 3 dòng mới
[2025-08-19T00:49:28.068+0000] {subprocess.py:93} INFO - 4/100 LINKUSDT lưu OK
[2025-08-19T00:49:28.068+0000] {subprocess.py:93} INFO - ✅ ADAUSDT: thêm 3 dòng mới
[2025-08-19T00:49:28.068+0000] {subprocess.py:93} INFO - 5/100 ADAUSDT lưu OK
[2025-08-19T00:49:28.068+0000] {subprocess.py:93} INFO - ✅ XRPUSDT: thêm 3 dòng mới
[2025-08-19T00:49:28.069+0000] {subprocess.py:93} INFO - ✅ SOLUSDT: thêm 3 dòng mới
[2025-08-19T00:49:28.069+0000] {subprocess.py:93} INFO - 6/100 XRPUSDT lưu OK
[2025-08-19T00:49:28.069+0000] {subprocess.py:93} INFO - 7/100 SOLUSDT lưu OK
[2025-08-19T00:49:28.070+0000] {subprocess.py:93} INFO - ✅ SUIUSDT: thêm 3 dòng mới
[2025-08-19T00:49:28.070+0000] {subprocess.py:93} INFO - 8/100 SUIUSDT lưu OK
[2025-08-19T00:49:28.070+0000] {subprocess.py:93} INFO - ✅ FDUSDUSDT: thêm 3 dòng mới
[2025-08-19T00:49:28.070+0000] {subprocess.py:93} INFO - 9/100 FDUSDUSDT lưu OK
[2025-08-19T00:49:28.071+0000] {subprocess.py:93} INFO - ✅ DOGEUSDT: thêm 3 dòng mới
[2025-08-19T00:49:28.071+0000] {subprocess.py:93} INFO - 10/100 DOGEUSDT lưu OK
[2025-08-19T00:49:28.071+0000] {subprocess.py:93} INFO - ✅ BNBUSDT: thêm 3 dòng mới
[2025-08-19T00:49:28.071+0000] {subprocess.py:93} INFO - 11/100 BNBUSDT lưu OK
[2025-08-19T00:49:28.072+0000] {subprocess.py:93} INFO - ✅ PROVEUSDT: thêm 3 dòng mới
[2025-08-19T00:49:28.072+0000] {subprocess.py:93} INFO - 12/100 PROVEUSDT lưu OK
[2025-08-19T00:49:28.072+0000] {subprocess.py:93} INFO - ✅ TRXUSDT: thêm 2 dòng mới
[2025-08-19T00:49:28.073+0000] {subprocess.py:93} INFO - 13/100 TRXUSDT lưu OK
[2025-08-19T00:49:28.073+0000] {subprocess.py:93} INFO - ✅ TOWNSUSDT: thêm 2 dòng mới
[2025-08-19T00:49:28.073+0000] {subprocess.py:93} INFO - 14/100 TOWNSUSDT lưu OK
[2025-08-19T00:49:28.073+0000] {subprocess.py:93} INFO - ✅ UNIUSDT: thêm 2 dòng mới
[2025-08-19T00:49:28.074+0000] {subprocess.py:93} INFO - 15/100 UNIUSDT lưu OK
[2025-08-19T00:49:28.074+0000] {subprocess.py:93} INFO - ✅ ARBUSDT: thêm 2 dòng mới
[2025-08-19T00:49:28.074+0000] {subprocess.py:93} INFO - 16/100 ARBUSDT lưu OK
[2025-08-19T00:49:28.074+0000] {subprocess.py:93} INFO - 17/100 BIOUSDT lỗi: relation "cryptocurrency.biousdt" does not exist
[2025-08-19T00:49:28.075+0000] {subprocess.py:93} INFO - LINE 1: SELECT MAX(time) FROM cryptocurrency.biousdt;
[2025-08-19T00:49:28.075+0000] {subprocess.py:93} INFO -                               ^
[2025-08-19T00:49:28.075+0000] {subprocess.py:93} INFO - 
[2025-08-19T00:49:28.075+0000] {subprocess.py:93} INFO - ✅ PEPEUSDT: thêm 6 dòng mới
[2025-08-19T00:49:28.076+0000] {subprocess.py:93} INFO - 18/100 PEPEUSDT lưu OK
[2025-08-19T00:49:28.076+0000] {subprocess.py:93} INFO - ✅ AVAXUSDT: thêm 2 dòng mới
[2025-08-19T00:49:28.076+0000] {subprocess.py:93} INFO - 19/100 AVAXUSDT lưu OK
[2025-08-19T00:49:28.076+0000] {subprocess.py:93} INFO - ✅ ENAUSDT: thêm 2 dòng mới
[2025-08-19T00:49:28.077+0000] {subprocess.py:93} INFO - 20/100 ENAUSDT lưu OK
[2025-08-19T00:49:28.077+0000] {subprocess.py:93} INFO - ✅ LTCUSDT: thêm 2 dòng mới
[2025-08-19T00:49:28.077+0000] {subprocess.py:93} INFO - 21/100 LTCUSDT lưu OK
[2025-08-19T00:49:28.077+0000] {subprocess.py:93} INFO - ✅ PENGUUSDT: thêm 2 dòng mới
[2025-08-19T00:49:28.078+0000] {subprocess.py:93} INFO - 22/100 PENGUUSDT lưu OK
[2025-08-19T00:49:28.078+0000] {subprocess.py:93} INFO - ✅ SEIUSDT: thêm 2 dòng mới
[2025-08-19T00:49:28.078+0000] {subprocess.py:93} INFO - 23/100 SEIUSDT lưu OK
[2025-08-19T00:49:28.078+0000] {subprocess.py:93} INFO - 24/100 PLUMEUSDT lỗi: relation "cryptocurrency.plumeusdt" does not exist
[2025-08-19T00:49:28.079+0000] {subprocess.py:93} INFO - LINE 1: SELECT MAX(time) FROM cryptocurrency.plumeusdt;
[2025-08-19T00:49:28.079+0000] {subprocess.py:93} INFO -                               ^
[2025-08-19T00:49:28.079+0000] {subprocess.py:93} INFO - 
[2025-08-19T00:49:28.079+0000] {subprocess.py:93} INFO - ✅ HBARUSDT: thêm 2 dòng mới
[2025-08-19T00:49:28.080+0000] {subprocess.py:93} INFO - 25/100 HBARUSDT lưu OK
[2025-08-19T00:49:28.080+0000] {subprocess.py:93} INFO - ✅ AAVEUSDT: thêm 2 dòng mới
[2025-08-19T00:49:28.080+0000] {subprocess.py:93} INFO - 26/100 AAVEUSDT lưu OK
[2025-08-19T00:49:28.080+0000] {subprocess.py:93} INFO - ✅ POLUSDT: thêm 2 dòng mới
[2025-08-19T00:49:28.081+0000] {subprocess.py:93} INFO - 27/100 POLUSDT lưu OK
[2025-08-19T00:49:28.081+0000] {subprocess.py:93} INFO - 28/100 AEURUSDT lỗi: relation "cryptocurrency.aeurusdt" does not exist
[2025-08-19T00:49:28.081+0000] {subprocess.py:93} INFO - LINE 1: SELECT MAX(time) FROM cryptocurrency.aeurusdt;
[2025-08-19T00:49:28.081+0000] {subprocess.py:93} INFO -                               ^
[2025-08-19T00:49:28.082+0000] {subprocess.py:93} INFO - 
[2025-08-19T00:49:28.082+0000] {subprocess.py:93} INFO - ✅ CRVUSDT: thêm 2 dòng mới
[2025-08-19T00:49:28.082+0000] {subprocess.py:93} INFO - 29/100 CRVUSDT lưu OK
[2025-08-19T00:49:28.082+0000] {subprocess.py:93} INFO - ✅ TRUMPUSDT: thêm 2 dòng mới
[2025-08-19T00:49:28.083+0000] {subprocess.py:93} INFO - 30/100 TRUMPUSDT lưu OK
[2025-08-19T00:49:28.083+0000] {subprocess.py:93} INFO - ✅ BFUSDUSDT: thêm 2 dòng mới
[2025-08-19T00:49:28.083+0000] {subprocess.py:93} INFO - 31/100 BFUSDUSDT lưu OK
[2025-08-19T00:49:28.083+0000] {subprocess.py:93} INFO - ✅ NEARUSDT: thêm 2 dòng mới
[2025-08-19T00:49:28.084+0000] {subprocess.py:93} INFO - 32/100 NEARUSDT lưu OK
[2025-08-19T00:49:28.084+0000] {subprocess.py:93} INFO - ✅ BONKUSDT: thêm 2 dòng mới
[2025-08-19T00:49:28.084+0000] {subprocess.py:93} INFO - 33/100 BONKUSDT lưu OK
[2025-08-19T00:49:28.084+0000] {subprocess.py:93} INFO - ✅ XLMUSDT: thêm 2 dòng mới
[2025-08-19T00:49:28.085+0000] {subprocess.py:93} INFO - 34/100 XLMUSDT lưu OK
[2025-08-19T00:49:28.085+0000] {subprocess.py:93} INFO - ✅ WIFUSDT: thêm 2 dòng mới
[2025-08-19T00:49:28.085+0000] {subprocess.py:93} INFO - 35/100 WIFUSDT lưu OK
[2025-08-19T00:49:28.085+0000] {subprocess.py:93} INFO - ✅ INJUSDT: thêm 2 dòng mới
[2025-08-19T00:49:28.086+0000] {subprocess.py:93} INFO - 36/100 INJUSDT lưu OK
[2025-08-19T00:49:28.086+0000] {subprocess.py:93} INFO - ✅ WLDUSDT: thêm 2 dòng mới
[2025-08-19T00:49:28.086+0000] {subprocess.py:93} INFO - 37/100 WLDUSDT lưu OK
[2025-08-19T00:49:28.086+0000] {subprocess.py:93} INFO - ✅ DOTUSDT: thêm 2 dòng mới
[2025-08-19T00:49:28.087+0000] {subprocess.py:93} INFO - 38/100 DOTUSDT lưu OK
[2025-08-19T00:49:28.087+0000] {subprocess.py:93} INFO - ✅ API3USDT: thêm 2 dòng mới
[2025-08-19T00:49:28.087+0000] {subprocess.py:93} INFO - 39/100 API3USDT lưu OK
[2025-08-19T00:49:28.087+0000] {subprocess.py:93} INFO - ✅ SUSDT: thêm 2 dòng mới
[2025-08-19T00:49:28.088+0000] {subprocess.py:93} INFO - 40/100 SUSDT lưu OK
[2025-08-19T00:49:28.088+0000] {subprocess.py:93} INFO - ✅ LDOUSDT: thêm 2 dòng mới
[2025-08-19T00:49:28.088+0000] {subprocess.py:93} INFO - 41/100 LDOUSDT lưu OK
[2025-08-19T00:49:28.088+0000] {subprocess.py:93} INFO - ✅ TAOUSDT: thêm 2 dòng mới
[2025-08-19T00:49:28.089+0000] {subprocess.py:93} INFO - 42/100 TAOUSDT lưu OK
[2025-08-19T00:49:28.089+0000] {subprocess.py:93} INFO - ✅ VIRTUALUSDT: thêm 2 dòng mới
[2025-08-19T00:49:28.089+0000] {subprocess.py:93} INFO - 43/100 VIRTUALUSDT lưu OK
[2025-08-19T00:49:28.089+0000] {subprocess.py:93} INFO - 44/100 MEMEUSDT lỗi: relation "cryptocurrency.memeusdt" does not exist
[2025-08-19T00:49:28.090+0000] {subprocess.py:93} INFO - LINE 1: SELECT MAX(time) FROM cryptocurrency.memeusdt;
[2025-08-19T00:49:28.090+0000] {subprocess.py:93} INFO -                               ^
[2025-08-19T00:49:28.090+0000] {subprocess.py:93} INFO - 
[2025-08-19T00:49:28.090+0000] {subprocess.py:93} INFO - ✅ APTUSDT: thêm 2 dòng mới
[2025-08-19T00:49:28.091+0000] {subprocess.py:93} INFO - 45/100 APTUSDT lưu OK
[2025-08-19T00:49:28.091+0000] {subprocess.py:93} INFO - ✅ TONUSDT: thêm 2 dòng mới
[2025-08-19T00:49:28.091+0000] {subprocess.py:93} INFO - 46/100 TONUSDT lưu OK
[2025-08-19T00:49:28.091+0000] {subprocess.py:93} INFO - ✅ FETUSDT: thêm 2 dòng mới
[2025-08-19T00:49:28.092+0000] {subprocess.py:93} INFO - ✅ SKLUSDT: thêm 2 dòng mới
[2025-08-19T00:49:28.092+0000] {subprocess.py:93} INFO - 47/100 FETUSDT lưu OK
[2025-08-19T00:49:28.092+0000] {subprocess.py:93} INFO - 48/100 SKLUSDT lưu OK
[2025-08-19T00:49:28.092+0000] {subprocess.py:93} INFO - ✅ OPUSDT: thêm 2 dòng mới
[2025-08-19T00:49:28.092+0000] {subprocess.py:93} INFO - 49/100 OPUSDT lưu OK
[2025-08-19T00:49:28.093+0000] {subprocess.py:93} INFO - ✅ FLOKIUSDT: thêm 2 dòng mới
[2025-08-19T00:49:28.093+0000] {subprocess.py:93} INFO - 50/100 FLOKIUSDT lưu OK
[2025-08-19T00:49:28.093+0000] {subprocess.py:93} INFO - ⚠️ EPICUSDT lỗi lần 1/3: HTTPSConnectionPool(host='api.binance.com', port=443): Max retries exceeded with url: /api/v3/klines?symbol=EPICUSDT&interval=1m&limit=100 (Caused by ConnectTimeoutError(<urllib3.connection.HTTPSConnection object at 0x7fae3004b0a0>, 'Connection to api.binance.com timed out. (connect timeout=15)'))
[2025-08-19T00:49:28.093+0000] {subprocess.py:93} INFO - ⚠️ TIAUSDT lỗi lần 1/3: HTTPSConnectionPool(host='api.binance.com', port=443): Max retries exceeded with url: /api/v3/klines?symbol=TIAUSDT&interval=1m&limit=100 (Caused by ConnectTimeoutError(<urllib3.connection.HTTPSConnection object at 0x7fae3004a770>, 'Connection to api.binance.com timed out. (connect timeout=15)'))
[2025-08-19T00:49:28.094+0000] {subprocess.py:93} INFO - ⚠️ SHIBUSDT lỗi lần 1/3: HTTPSConnectionPool(host='api.binance.com', port=443): Max retries exceeded with url: /api/v3/klines?symbol=SHIBUSDT&interval=1m&limit=100 (Caused by ConnectTimeoutError(<urllib3.connection.HTTPSConnection object at 0x7fae300443a0>, 'Connection to api.binance.com timed out. (connect timeout=15)'))
[2025-08-19T00:49:28.094+0000] {subprocess.py:93} INFO - ⚠️ RAYUSDT lỗi lần 1/3: HTTPSConnectionPool(host='api.binance.com', port=443): Max retries exceeded with url: /api/v3/klines?symbol=RAYUSDT&interval=1m&limit=100 (Caused by ConnectTimeoutError(<urllib3.connection.HTTPSConnection object at 0x7fae300488e0>, 'Connection to api.binance.com timed out. (connect timeout=15)'))
[2025-08-19T00:49:28.094+0000] {subprocess.py:93} INFO - ✅ BCHUSDT: thêm 2 dòng mới
[2025-08-19T00:49:28.094+0000] {subprocess.py:93} INFO - 51/100 BCHUSDT lưu OK
[2025-08-19T00:49:28.095+0000] {subprocess.py:93} INFO - ⚠️ EPICUSDT lỗi lần 2/3: HTTPSConnectionPool(host='api.binance.com', port=443): Max retries exceeded with url: /api/v3/klines?symbol=EPICUSDT&interval=1m&limit=100 (Caused by ConnectTimeoutError(<urllib3.connection.HTTPSConnection object at 0x7fae30045ab0>, 'Connection to api.binance.com timed out. (connect timeout=15)'))
[2025-08-19T00:49:28.095+0000] {subprocess.py:93} INFO - ⚠️ TIAUSDT lỗi lần 2/3: HTTPSConnectionPool(host='api.binance.com', port=443): Max retries exceeded with url: /api/v3/klines?symbol=TIAUSDT&interval=1m&limit=100 (Caused by ConnectTimeoutError(<urllib3.connection.HTTPSConnection object at 0x7fae30045ae0>, 'Connection to api.binance.com timed out. (connect timeout=15)'))
[2025-08-19T00:49:28.095+0000] {subprocess.py:93} INFO - ⚠️ SHIBUSDT lỗi lần 2/3: HTTPSConnectionPool(host='api.binance.com', port=443): Max retries exceeded with url: /api/v3/klines?symbol=SHIBUSDT&interval=1m&limit=100 (Caused by ConnectTimeoutError(<urllib3.connection.HTTPSConnection object at 0x7fae30045e10>, 'Connection to api.binance.com timed out. (connect timeout=15)'))
[2025-08-19T00:49:28.095+0000] {subprocess.py:93} INFO - ⚠️ RAYUSDT lỗi lần 2/3: HTTPSConnectionPool(host='api.binance.com', port=443): Max retries exceeded with url: /api/v3/klines?symbol=RAYUSDT&interval=1m&limit=100 (Caused by ConnectTimeoutError(<urllib3.connection.HTTPSConnection object at 0x7fae30048bb0>, 'Connection to api.binance.com timed out. (connect timeout=15)'))
[2025-08-19T00:49:28.096+0000] {subprocess.py:93} INFO - ✅ NEIROUSDT: thêm 3 dòng mới
[2025-08-19T00:49:28.096+0000] {subprocess.py:93} INFO - 52/100 NEIROUSDT lưu OK
[2025-08-19T00:49:28.096+0000] {subprocess.py:93} INFO - ✅ ETCUSDT: thêm 3 dòng mới
[2025-08-19T00:49:28.096+0000] {subprocess.py:93} INFO - 53/100 ETCUSDT lưu OK
[2025-08-19T00:49:28.097+0000] {subprocess.py:93} INFO - ✅ PNUTUSDT: thêm 3 dòng mới
[2025-08-19T00:49:28.097+0000] {subprocess.py:93} INFO - 54/100 PNUTUSDT lưu OK
[2025-08-19T00:49:28.097+0000] {subprocess.py:93} INFO - ✅ ALGOUSDT: thêm 3 dòng mới
[2025-08-19T00:49:28.097+0000] {subprocess.py:93} INFO - 55/100 ALGOUSDT lưu OK
[2025-08-19T00:49:28.098+0000] {subprocess.py:93} INFO - ✅ MAGICUSDT: thêm 3 dòng mới
[2025-08-19T00:49:28.098+0000] {subprocess.py:93} INFO - 56/100 MAGICUSDT lưu OK
[2025-08-19T00:49:28.098+0000] {subprocess.py:93} INFO - ✅ ALPINEUSDT: thêm 3 dòng mới
[2025-08-19T00:49:28.098+0000] {subprocess.py:93} INFO - 57/100 ALPINEUSDT lưu OK
[2025-08-19T00:49:28.099+0000] {subprocess.py:93} INFO - ✅ FILUSDT: thêm 5 dòng mới
[2025-08-19T00:49:28.099+0000] {subprocess.py:93} INFO - 58/100 FILUSDT lưu OK
[2025-08-19T00:49:28.099+0000] {subprocess.py:93} INFO - ✅ EIGENUSDT: thêm 5 dòng mới
[2025-08-19T00:49:28.099+0000] {subprocess.py:93} INFO - 59/100 EIGENUSDT lưu OK
[2025-08-19T00:49:28.100+0000] {subprocess.py:93} INFO - ✅ RENDERUSDT: thêm 5 dòng mới
[2025-08-19T00:49:28.100+0000] {subprocess.py:93} INFO - 60/100 RENDERUSDT lưu OK
[2025-08-19T00:49:28.100+0000] {subprocess.py:93} INFO - ⚠️ EPICUSDT lỗi lần 3/3: HTTPSConnectionPool(host='api.binance.com', port=443): Max retries exceeded with url: /api/v3/klines?symbol=EPICUSDT&interval=1m&limit=100 (Caused by ConnectTimeoutError(<urllib3.connection.HTTPSConnection object at 0x7fae3004a470>, 'Connection to api.binance.com timed out. (connect timeout=15)'))
[2025-08-19T00:50:49.657+0000] {subprocess.py:93} INFO - ⚠️ TIAUSDT lỗi lần 3/3: HTTPSConnectionPool(host='api.binance.com', port=443): Max retries exceeded with url: /api/v3/klines?symbol=TIAUSDT&interval=1m&limit=100 (Caused by ConnectTimeoutError(<urllib3.connection.HTTPSConnection object at 0x7fae300462c0>, 'Connection to api.binance.com timed out. (connect timeout=15)'))
[2025-08-19T00:50:49.657+0000] {subprocess.py:93} INFO - ⚠️ SHIBUSDT lỗi lần 3/3: HTTPSConnectionPool(host='api.binance.com', port=443): Max retries exceeded with url: /api/v3/klines?symbol=SHIBUSDT&interval=1m&limit=100 (Caused by ConnectTimeoutError(<urllib3.connection.HTTPSConnection object at 0x7fae30044c10>, 'Connection to api.binance.com timed out. (connect timeout=15)'))
[2025-08-19T00:50:49.657+0000] {subprocess.py:93} INFO - ⚠️ RAYUSDT lỗi lần 3/3: HTTPSConnectionPool(host='api.binance.com', port=443): Max retries exceeded with url: /api/v3/klines?symbol=RAYUSDT&interval=1m&limit=100 (Caused by ConnectTimeoutError(<urllib3.connection.HTTPSConnection object at 0x7fae30047a90>, 'Connection to api.binance.com timed out. (connect timeout=15)'))
[2025-08-19T00:50:49.658+0000] {subprocess.py:93} INFO - 61/100 EPICUSDT bỏ qua (fail)
[2025-08-19T00:50:49.658+0000] {subprocess.py:93} INFO - 62/100 TIAUSDT bỏ qua (fail)
[2025-08-19T00:50:49.658+0000] {subprocess.py:93} INFO - 63/100 SHIBUSDT bỏ qua (fail)
[2025-08-19T00:50:49.659+0000] {subprocess.py:93} INFO - 64/100 RAYUSDT bỏ qua (fail)
[2025-08-19T00:50:49.659+0000] {subprocess.py:93} INFO - ✅ JUVUSDT: thêm 3 dòng mới
[2025-08-19T00:50:49.659+0000] {subprocess.py:93} INFO - 65/100 JUVUSDT lưu OK
[2025-08-19T00:50:49.659+0000] {subprocess.py:93} INFO - ✅ CAKEUSDT: thêm 3 dòng mới
[2025-08-19T00:50:49.660+0000] {subprocess.py:93} INFO - 66/100 CAKEUSDT lưu OK
[2025-08-19T00:50:49.660+0000] {subprocess.py:93} INFO - 67/100 CYBERUSDT lỗi: relation "cryptocurrency.cyberusdt" does not exist
[2025-08-19T00:50:49.660+0000] {subprocess.py:93} INFO - LINE 1: SELECT MAX(time) FROM cryptocurrency.cyberusdt;
[2025-08-19T00:50:49.660+0000] {subprocess.py:93} INFO -                               ^
[2025-08-19T00:50:49.661+0000] {subprocess.py:93} INFO - 
[2025-08-19T00:50:49.661+0000] {subprocess.py:93} INFO - ✅ OGUSDT: thêm 3 dòng mới
[2025-08-19T00:50:49.661+0000] {subprocess.py:93} INFO - 68/100 OGUSDT lưu OK
[2025-08-19T00:50:49.661+0000] {subprocess.py:93} INFO - ✅ ONDOUSDT: thêm 2 dòng mới
[2025-08-19T00:50:49.662+0000] {subprocess.py:93} INFO - 69/100 ONDOUSDT lưu OK
[2025-08-19T00:50:49.662+0000] {subprocess.py:93} INFO - ✅ TSTUSDT: thêm 5 dòng mới
[2025-08-19T00:50:49.662+0000] {subprocess.py:93} INFO - 70/100 TSTUSDT lưu OK
[2025-08-19T00:50:49.663+0000] {subprocess.py:93} INFO - ✅ CTSIUSDT: thêm 3 dòng mới
[2025-08-19T00:50:49.663+0000] {subprocess.py:93} INFO - 71/100 CTSIUSDT lưu OK
[2025-08-19T00:50:49.663+0000] {subprocess.py:93} INFO - ✅ SPKUSDT: thêm 5 dòng mới
[2025-08-19T00:50:49.663+0000] {subprocess.py:93} INFO - 72/100 SPKUSDT lưu OK
[2025-08-19T00:50:49.664+0000] {subprocess.py:93} INFO - ⚠️ XUSDUSDT lỗi lần 1/3: HTTPSConnectionPool(host='api.binance.com', port=443): Max retries exceeded with url: /api/v3/klines?symbol=XUSDUSDT&interval=1m&limit=100 (Caused by ConnectTimeoutError(<urllib3.connection.HTTPSConnection object at 0x7fae300471c0>, 'Connection to api.binance.com timed out. (connect timeout=15)'))
[2025-08-19T00:50:49.664+0000] {subprocess.py:93} INFO - 73/100 RUNEUSDT lỗi: relation "cryptocurrency.runeusdt" does not exist
[2025-08-19T00:50:49.664+0000] {subprocess.py:93} INFO - LINE 1: SELECT MAX(time) FROM cryptocurrency.runeusdt;
[2025-08-19T00:50:49.664+0000] {subprocess.py:93} INFO -                               ^
[2025-08-19T00:50:49.665+0000] {subprocess.py:93} INFO - 
[2025-08-19T00:50:49.665+0000] {subprocess.py:93} INFO - 74/100 PAXGUSDT lỗi: relation "cryptocurrency.paxgusdt" does not exist
[2025-08-19T00:50:49.665+0000] {subprocess.py:93} INFO - LINE 1: SELECT MAX(time) FROM cryptocurrency.paxgusdt;
[2025-08-19T00:50:49.665+0000] {subprocess.py:93} INFO -                               ^
[2025-08-19T00:50:49.666+0000] {subprocess.py:93} INFO - 
[2025-08-19T00:50:49.666+0000] {subprocess.py:93} INFO - 75/100 VETUSDT lỗi: relation "cryptocurrency.vetusdt" does not exist
[2025-08-19T00:50:49.666+0000] {subprocess.py:93} INFO - LINE 1: SELECT MAX(time) FROM cryptocurrency.vetusdt;
[2025-08-19T00:50:49.666+0000] {subprocess.py:93} INFO -                               ^
[2025-08-19T00:50:49.667+0000] {subprocess.py:93} INFO - 
[2025-08-19T00:50:49.667+0000] {subprocess.py:93} INFO - ✅ XUSDUSDT: thêm 3 dòng mới
[2025-08-19T00:50:49.667+0000] {subprocess.py:93} INFO - 76/100 XUSDUSDT lưu OK
[2025-08-19T00:50:49.667+0000] {subprocess.py:93} INFO - ✅ MDTUSDT: thêm 2 dòng mới
[2025-08-19T00:50:49.668+0000] {subprocess.py:93} INFO - 77/100 MDTUSDT lưu OK
[2025-08-19T00:50:49.668+0000] {subprocess.py:93} INFO - 78/100 WBTCUSDT lỗi: relation "cryptocurrency.wbtcusdt" does not exist
[2025-08-19T00:50:49.668+0000] {subprocess.py:93} INFO - LINE 1: SELECT MAX(time) FROM cryptocurrency.wbtcusdt;
[2025-08-19T00:50:49.669+0000] {subprocess.py:93} INFO -                               ^
[2025-08-19T00:50:49.669+0000] {subprocess.py:93} INFO - 
[2025-08-19T00:50:49.669+0000] {subprocess.py:93} INFO - ✅ CFXUSDT: thêm 2 dòng mới
[2025-08-19T00:50:49.669+0000] {subprocess.py:93} INFO - 79/100 CFXUSDT lưu OK
[2025-08-19T00:50:49.670+0000] {subprocess.py:93} INFO - ✅ ICPUSDT: thêm 2 dòng mới
[2025-08-19T00:50:49.670+0000] {subprocess.py:93} INFO - 80/100 ICPUSDT lưu OK
[2025-08-19T00:50:49.670+0000] {subprocess.py:93} INFO - ✅ ORDIUSDT: thêm 2 dòng mới
[2025-08-19T00:50:49.671+0000] {subprocess.py:93} INFO - 81/100 ORDIUSDT lưu OK
[2025-08-19T00:50:49.671+0000] {subprocess.py:93} INFO - ✅ BERAUSDT: thêm 2 dòng mới
[2025-08-19T00:50:49.671+0000] {subprocess.py:93} INFO - 82/100 BERAUSDT lưu OK
[2025-08-19T00:50:49.671+0000] {subprocess.py:93} INFO - 83/100 MKRUSDT lỗi: relation "cryptocurrency.mkrusdt" does not exist
[2025-08-19T00:50:49.672+0000] {subprocess.py:93} INFO - LINE 1: SELECT MAX(time) FROM cryptocurrency.mkrusdt;
[2025-08-19T00:50:49.672+0000] {subprocess.py:93} INFO -                               ^
[2025-08-19T00:50:49.672+0000] {subprocess.py:93} INFO - 
[2025-08-19T00:50:49.672+0000] {subprocess.py:93} INFO - ✅ MAVUSDT: thêm 2 dòng mới
[2025-08-19T00:50:49.673+0000] {subprocess.py:93} INFO - 84/100 MAVUSDT lưu OK
[2025-08-19T00:50:49.673+0000] {subprocess.py:93} INFO - ✅ ENSUSDT: thêm 2 dòng mới
[2025-08-19T00:50:49.673+0000] {subprocess.py:93} INFO - 85/100 ENSUSDT lưu OK
[2025-08-19T00:50:49.673+0000] {subprocess.py:93} INFO - ✅ SYRUPUSDT: thêm 2 dòng mới
[2025-08-19T00:50:49.674+0000] {subprocess.py:93} INFO - 86/100 SYRUPUSDT lưu OK
[2025-08-19T00:50:49.674+0000] {subprocess.py:93} INFO - 87/100 ATOMUSDT lỗi: relation "cryptocurrency.atomusdt" does not exist
[2025-08-19T00:50:49.674+0000] {subprocess.py:93} INFO - LINE 1: SELECT MAX(time) FROM cryptocurrency.atomusdt;
[2025-08-19T00:50:49.674+0000] {subprocess.py:93} INFO -                               ^
[2025-08-19T00:50:49.675+0000] {subprocess.py:93} INFO - 
[2025-08-19T00:50:49.675+0000] {subprocess.py:93} INFO - 88/100 UTKUSDT lỗi: relation "cryptocurrency.utkusdt" does not exist
[2025-08-19T00:50:49.675+0000] {subprocess.py:93} INFO - LINE 1: SELECT MAX(time) FROM cryptocurrency.utkusdt;
[2025-08-19T00:50:49.675+0000] {subprocess.py:93} INFO -                               ^
[2025-08-19T00:50:49.676+0000] {subprocess.py:93} INFO - 
[2025-08-19T00:50:49.676+0000] {subprocess.py:93} INFO - 89/100 RESOLVUSDT lỗi: relation "cryptocurrency.resolvusdt" does not exist
[2025-08-19T00:50:49.676+0000] {subprocess.py:93} INFO - LINE 1: SELECT MAX(time) FROM cryptocurrency.resolvusdt;
[2025-08-19T00:50:49.676+0000] {subprocess.py:93} INFO -                               ^
[2025-08-19T00:50:49.677+0000] {subprocess.py:93} INFO - 
[2025-08-19T00:50:49.677+0000] {subprocess.py:93} INFO - ✅ ASRUSDT: thêm 5 dòng mới
[2025-08-19T00:50:49.677+0000] {subprocess.py:93} INFO - 90/100 ASRUSDT lưu OK
[2025-08-19T00:50:49.677+0000] {subprocess.py:93} INFO - 91/100 AIXBTUSDT lỗi: relation "cryptocurrency.aixbtusdt" does not exist
[2025-08-19T00:50:49.678+0000] {subprocess.py:93} INFO - LINE 1: SELECT MAX(time) FROM cryptocurrency.aixbtusdt;
[2025-08-19T00:50:49.678+0000] {subprocess.py:93} INFO -                               ^
[2025-08-19T00:50:49.678+0000] {subprocess.py:93} INFO - 
[2025-08-19T00:50:49.678+0000] {subprocess.py:93} INFO - 92/100 LAYERUSDT lỗi: relation "cryptocurrency.layerusdt" does not exist
[2025-08-19T00:50:49.679+0000] {subprocess.py:93} INFO - LINE 1: SELECT MAX(time) FROM cryptocurrency.layerusdt;
[2025-08-19T00:50:49.679+0000] {subprocess.py:93} INFO -                               ^
[2025-08-19T00:50:49.679+0000] {subprocess.py:93} INFO - 
[2025-08-19T00:50:49.679+0000] {subprocess.py:93} INFO - ✅ ARKMUSDT: thêm 2 dòng mới
[2025-08-19T00:50:49.680+0000] {subprocess.py:93} INFO - 93/100 ARKMUSDT lưu OK
[2025-08-19T00:50:49.680+0000] {subprocess.py:93} INFO - 94/100 WCTUSDT lỗi: relation "cryptocurrency.wctusdt" does not exist
[2025-08-19T00:50:49.681+0000] {subprocess.py:93} INFO - LINE 1: SELECT MAX(time) FROM cryptocurrency.wctusdt;
[2025-08-19T00:50:49.681+0000] {subprocess.py:93} INFO -                               ^
[2025-08-19T00:50:49.681+0000] {subprocess.py:93} INFO - 
[2025-08-19T00:50:49.681+0000] {subprocess.py:93} INFO - ✅ OMUSDT: thêm 2 dòng mới
[2025-08-19T00:50:49.681+0000] {subprocess.py:93} INFO - 95/100 OMUSDT lưu OK
[2025-08-19T00:50:49.682+0000] {subprocess.py:93} INFO - ✅ GALAUSDT: thêm 5 dòng mới
[2025-08-19T00:50:49.682+0000] {subprocess.py:93} INFO - 96/100 GALAUSDT lưu OK
[2025-08-19T00:50:49.682+0000] {subprocess.py:93} INFO - 97/100 ETHFIUSDT lỗi: connection to server at "videv.cloud" (27.74.74.29), port 5432 failed: Connection timed out
[2025-08-19T00:50:49.682+0000] {subprocess.py:93} INFO - 	Is the server running on that host and accepting TCP/IP connections?
[2025-08-19T00:50:49.683+0000] {subprocess.py:93} INFO - 
[2025-08-19T00:50:49.683+0000] {subprocess.py:93} INFO - 98/100 PENDLEUSDT lỗi: connection to server at "videv.cloud" (27.74.74.29), port 5432 failed: Connection timed out
[2025-08-19T00:50:49.683+0000] {subprocess.py:93} INFO - 	Is the server running on that host and accepting TCP/IP connections?
[2025-08-19T00:50:49.683+0000] {subprocess.py:93} INFO - 
[2025-08-19T00:50:49.684+0000] {subprocess.py:93} INFO - 99/100 EURUSDT lỗi: connection to server at "videv.cloud" (27.74.74.29), port 5432 failed: Connection timed out
[2025-08-19T00:50:49.684+0000] {subprocess.py:93} INFO - 	Is the server running on that host and accepting TCP/IP connections?
[2025-08-19T00:50:49.684+0000] {subprocess.py:93} INFO - 
[2025-08-19T00:50:49.684+0000] {subprocess.py:93} INFO - 100/100 PONDUSDT lỗi: connection to server at "videv.cloud" (27.74.74.29), port 5432 failed: Connection timed out
[2025-08-19T00:50:49.685+0000] {subprocess.py:93} INFO - 	Is the server running on that host and accepting TCP/IP connections?
[2025-08-19T00:50:49.685+0000] {subprocess.py:93} INFO - 
[2025-08-19T00:50:49.783+0000] {subprocess.py:97} INFO - Command exited with return code 0
[2025-08-19T00:50:49.784+0000] {taskinstance.py:441} INFO - ::group::Post task execution logs
[2025-08-19T00:50:49.813+0000] {taskinstance.py:1206} INFO - Marking task as SUCCESS. dag_id=crypto_collector_dag, task_id=run_crypto_collector, run_id=scheduled__2025-08-19T00:47:00+00:00, execution_date=20250819T004700, start_date=20250819T004830, end_date=20250819T005049
[2025-08-19T00:50:49.855+0000] {local_task_job_runner.py:240} INFO - Task exited with return code 0
[2025-08-19T00:50:49.874+0000] {taskinstance.py:3498} INFO - 0 downstream tasks scheduled from follow-on schedule check
[2025-08-19T00:50:49.875+0000] {local_task_job_runner.py:222} INFO - ::endgroup::
