[2025-09-01T08:28:11.846+0000] {local_task_job_runner.py:120} INFO - ::group::Pre task execution logs
[2025-09-01T08:28:11.877+0000] {taskinstance.py:2076} INFO - Dependencies all met for dep_context=non-requeueable deps ti=<TaskInstance: stock_detail_dag.run_stock_details scheduled__2025-09-01T08:27:00+00:00 [queued]>
[2025-09-01T08:28:11.886+0000] {taskinstance.py:2076} INFO - Dependencies all met for dep_context=requeueable deps ti=<TaskInstance: stock_detail_dag.run_stock_details scheduled__2025-09-01T08:27:00+00:00 [queued]>
[2025-09-01T08:28:11.887+0000] {taskinstance.py:2306} INFO - Starting attempt 1 of 2
[2025-09-01T08:28:11.902+0000] {taskinstance.py:2330} INFO - Executing <Task(BashOperator): run_stock_details> on 2025-09-01 08:27:00+00:00
[2025-09-01T08:28:11.909+0000] {standard_task_runner.py:63} INFO - Started process 2294399 to run task
[2025-09-01T08:28:11.914+0000] {standard_task_runner.py:90} INFO - Running: ['***', 'tasks', 'run', 'stock_detail_dag', 'run_stock_details', 'scheduled__2025-09-01T08:27:00+00:00', '--job-id', '38884', '--raw', '--subdir', 'DAGS_FOLDER/stock_detail/dags.py', '--cfg-path', '/tmp/tmpi4ryc66_']
[2025-09-01T08:28:11.916+0000] {standard_task_runner.py:91} INFO - Job 38884: Subtask run_stock_details
[2025-09-01T08:28:11.986+0000] {task_command.py:426} INFO - Running <TaskInstance: stock_detail_dag.run_stock_details scheduled__2025-09-01T08:27:00+00:00 [running]> on host 1877907bc043
[2025-09-01T08:28:12.099+0000] {taskinstance.py:2648} INFO - Exporting env vars: AIRFLOW_CTX_DAG_OWNER='***' AIRFLOW_CTX_DAG_ID='stock_detail_dag' AIRFLOW_CTX_TASK_ID='run_stock_details' AIRFLOW_CTX_EXECUTION_DATE='2025-09-01T08:27:00+00:00' AIRFLOW_CTX_TRY_NUMBER='1' AIRFLOW_CTX_DAG_RUN_ID='scheduled__2025-09-01T08:27:00+00:00'
[2025-09-01T08:28:12.100+0000] {taskinstance.py:430} INFO - ::endgroup::
[2025-09-01T08:28:12.116+0000] {subprocess.py:63} INFO - Tmp dir root location: /tmp
[2025-09-01T08:28:12.117+0000] {subprocess.py:75} INFO - Running command: ['/usr/bin/bash', '-c', 'python3 /opt/***/dags/stock_detail/stockdetail.py']
[2025-09-01T08:28:12.131+0000] {subprocess.py:86} INFO - Output:
[2025-09-01T08:31:57.982+0000] {subprocess.py:93} INFO - ✅ Đã lưu 2084 bản ghi vào history_data.stock_details
[2025-09-01T08:31:58.110+0000] {subprocess.py:97} INFO - Command exited with return code 0
[2025-09-01T08:31:58.111+0000] {taskinstance.py:441} INFO - ::group::Post task execution logs
[2025-09-01T08:31:58.141+0000] {taskinstance.py:1206} INFO - Marking task as SUCCESS. dag_id=stock_detail_dag, task_id=run_stock_details, run_id=scheduled__2025-09-01T08:27:00+00:00, execution_date=20250901T082700, start_date=20250901T082811, end_date=20250901T083158
[2025-09-01T08:31:58.200+0000] {local_task_job_runner.py:240} INFO - Task exited with return code 0
[2025-09-01T08:31:58.226+0000] {taskinstance.py:3498} INFO - 0 downstream tasks scheduled from follow-on schedule check
[2025-09-01T08:31:58.228+0000] {local_task_job_runner.py:222} INFO - ::endgroup::
