[2025-09-02T06:06:18.092+0000] {local_task_job_runner.py:120} INFO - ::group::Pre task execution logs
[2025-09-02T06:06:18.117+0000] {taskinstance.py:2076} INFO - Dependencies all met for dep_context=non-requeueable deps ti=<TaskInstance: stock_detail_dag.run_stock_details scheduled__2025-09-02T06:05:00+00:00 [queued]>
[2025-09-02T06:06:18.125+0000] {taskinstance.py:2076} INFO - Dependencies all met for dep_context=requeueable deps ti=<TaskInstance: stock_detail_dag.run_stock_details scheduled__2025-09-02T06:05:00+00:00 [queued]>
[2025-09-02T06:06:18.125+0000] {taskinstance.py:2306} INFO - Starting attempt 1 of 2
[2025-09-02T06:06:18.136+0000] {taskinstance.py:2330} INFO - Executing <Task(BashOperator): run_stock_details> on 2025-09-02 06:05:00+00:00
[2025-09-02T06:06:18.143+0000] {standard_task_runner.py:63} INFO - Started process 2482960 to run task
[2025-09-02T06:06:18.146+0000] {standard_task_runner.py:90} INFO - Running: ['***', 'tasks', 'run', 'stock_detail_dag', 'run_stock_details', 'scheduled__2025-09-02T06:05:00+00:00', '--job-id', '54094', '--raw', '--subdir', 'DAGS_FOLDER/stock_detail/dags.py', '--cfg-path', '/tmp/tmpmvoi8fnc']
[2025-09-02T06:06:18.148+0000] {standard_task_runner.py:91} INFO - Job 54094: Subtask run_stock_details
[2025-09-02T06:06:18.202+0000] {task_command.py:426} INFO - Running <TaskInstance: stock_detail_dag.run_stock_details scheduled__2025-09-02T06:05:00+00:00 [running]> on host 1877907bc043
[2025-09-02T06:06:18.325+0000] {taskinstance.py:2648} INFO - Exporting env vars: AIRFLOW_CTX_DAG_OWNER='***' AIRFLOW_CTX_DAG_ID='stock_detail_dag' AIRFLOW_CTX_TASK_ID='run_stock_details' AIRFLOW_CTX_EXECUTION_DATE='2025-09-02T06:05:00+00:00' AIRFLOW_CTX_TRY_NUMBER='1' AIRFLOW_CTX_DAG_RUN_ID='scheduled__2025-09-02T06:05:00+00:00'
[2025-09-02T06:06:18.326+0000] {taskinstance.py:430} INFO - ::endgroup::
[2025-09-02T06:06:18.343+0000] {subprocess.py:63} INFO - Tmp dir root location: /tmp
[2025-09-02T06:06:18.344+0000] {subprocess.py:75} INFO - Running command: ['/usr/bin/bash', '-c', 'python3 /opt/***/dags/stock_detail/stockdetail.py']
[2025-09-02T06:06:18.356+0000] {subprocess.py:86} INFO - Output:
[2025-09-02T06:07:36.725+0000] {subprocess.py:93} INFO - Thử 1/3 lỗi HUB: HTTPSConnectionPool(host='restv2.fireant.vn', port=443): Max retries exceeded with url: /symbols/HUB/fundamental (Caused by ConnectTimeoutError(<urllib3.connection.HTTPSConnection object at 0x7f3429618d00>, 'Connection to restv2.fireant.vn timed out. (connect timeout=10)'))
[2025-09-02T06:07:36.725+0000] {subprocess.py:93} INFO - Thử 1/3 lỗi KDH: HTTPSConnectionPool(host='restv2.fireant.vn', port=443): Max retries exceeded with url: /symbols/KDH/fundamental (Caused by ConnectTimeoutError(<urllib3.connection.HTTPSConnection object at 0x7f341b70b520>, 'Connection to restv2.fireant.vn timed out. (connect timeout=10)'))
[2025-09-02T06:07:36.726+0000] {subprocess.py:93} INFO - Thử 1/3 lỗi JVC: HTTPSConnectionPool(host='restv2.fireant.vn', port=443): Max retries exceeded with url: /symbols/JVC/historical-quotes?startDate=2025-08-26&endDate=2025-09-02&offset=0&limit=30 (Caused by ConnectTimeoutError(<urllib3.connection.HTTPSConnection object at 0x7f34295ecf70>, 'Connection to restv2.fireant.vn timed out. (connect timeout=10)'))
[2025-09-02T06:07:36.726+0000] {subprocess.py:93} INFO - Thử 1/3 lỗi HVN: HTTPSConnectionPool(host='restv2.fireant.vn', port=443): Max retries exceeded with url: /symbols/HVN/historical-quotes?startDate=2025-08-26&endDate=2025-09-02&offset=0&limit=30 (Caused by ConnectTimeoutError(<urllib3.connection.HTTPSConnection object at 0x7f3429618fd0>, 'Connection to restv2.fireant.vn timed out. (connect timeout=10)'))
[2025-09-02T06:07:36.726+0000] {subprocess.py:93} INFO - Thử 1/3 lỗi SHB: HTTPSConnectionPool(host='restv2.fireant.vn', port=443): Max retries exceeded with url: /symbols/SHB/historical-quotes?startDate=2025-08-26&endDate=2025-09-02&offset=0&limit=30 (Caused by ConnectTimeoutError(<urllib3.connection.HTTPSConnection object at 0x7f341b70a710>, 'Connection to restv2.fireant.vn timed out. (connect timeout=10)'))
[2025-09-02T06:07:36.726+0000] {subprocess.py:93} INFO - [WARN] Không có historical data cho CACB2405 trong khoảng gần đây.
[2025-09-02T06:07:36.727+0000] {subprocess.py:93} INFO - [WARN] Không có historical data cho CACB2404 trong khoảng gần đây.
[2025-09-02T06:07:36.727+0000] {subprocess.py:93} INFO - [WARN] Không có historical data cho CFPT2402 trong khoảng gần đây.
[2025-09-02T06:07:36.727+0000] {subprocess.py:93} INFO - [WARN] Không có historical data cho CFPT2407 trong khoảng gần đây.
[2025-09-02T06:07:36.727+0000] {subprocess.py:93} INFO - [WARN] Không có historical data cho CACB2504 trong khoảng gần đây.
[2025-09-02T06:07:36.728+0000] {subprocess.py:93} INFO - [WARN] Không có historical data cho CACB2501 trong khoảng gần đây.
[2025-09-02T06:07:36.728+0000] {subprocess.py:93} INFO - [WARN] Không có historical data cho CACB2506 trong khoảng gần đây.
[2025-09-02T06:07:36.728+0000] {subprocess.py:93} INFO - [WARN] Không có historical data cho CFPT2506 trong khoảng gần đây.
[2025-09-02T06:07:36.728+0000] {subprocess.py:93} INFO - [WARN] Không có historical data cho CFPT2504 trong khoảng gần đây.
[2025-09-02T06:07:36.728+0000] {subprocess.py:93} INFO - [WARN] Không có historical data cho CFPT2507 trong khoảng gần đây.
[2025-09-02T06:07:36.729+0000] {subprocess.py:93} INFO - [WARN] Không có historical data cho CFPT2501 trong khoảng gần đây.
[2025-09-02T06:07:36.729+0000] {subprocess.py:93} INFO - [WARN] Không có historical data cho CHDB2502 trong khoảng gần đây.
[2025-09-02T06:07:36.729+0000] {subprocess.py:93} INFO - [WARN] Không có historical data cho CHDB2501 trong khoảng gần đây.
[2025-09-02T06:07:36.729+0000] {subprocess.py:93} INFO - [WARN] Không có historical data cho CHPG2412 trong khoảng gần đây.
[2025-09-02T06:07:36.729+0000] {subprocess.py:93} INFO - [WARN] Không có historical data cho CHPG2501 trong khoảng gần đây.
[2025-09-02T06:07:36.730+0000] {subprocess.py:93} INFO - [WARN] Không có historical data cho CHPG2503 trong khoảng gần đây.
[2025-09-02T06:07:36.730+0000] {subprocess.py:93} INFO - [WARN] Không có historical data cho CHPG2511 trong khoảng gần đây.
[2025-09-02T06:07:36.730+0000] {subprocess.py:93} INFO - [WARN] Không có historical data cho CHPG2402 trong khoảng gần đây.
[2025-09-02T06:07:36.730+0000] {subprocess.py:93} INFO - Thử 1/3 lỗi VNS: HTTPSConnectionPool(host='restv2.fireant.vn', port=443): Max retries exceeded with url: /symbols/VNS/fundamental (Caused by ConnectTimeoutError(<urllib3.connection.HTTPSConnection object at 0x7f341bbbd8d0>, 'Connection to restv2.fireant.vn timed out. (connect timeout=10)'))
[2025-09-02T06:07:36.731+0000] {subprocess.py:93} INFO - [WARN] Không có historical data cho CHPG2507 trong khoảng gần đây.
[2025-09-02T06:07:36.731+0000] {subprocess.py:93} INFO - [WARN] Không có historical data cho CMBB2502 trong khoảng gần đây.
[2025-09-02T06:07:36.731+0000] {subprocess.py:93} INFO - [WARN] Không có historical data cho CMBB2501 trong khoảng gần đây.
[2025-09-02T06:07:36.731+0000] {subprocess.py:93} INFO - [WARN] Không có historical data cho CHPG2509 trong khoảng gần đây.
[2025-09-02T06:07:36.733+0000] {subprocess.py:93} INFO - [WARN] Không có historical data cho CMBB2506 trong khoảng gần đây.
[2025-09-02T06:07:36.733+0000] {subprocess.py:93} INFO - [WARN] Không có historical data cho CMBB2508 trong khoảng gần đây.
[2025-09-02T06:07:36.734+0000] {subprocess.py:93} INFO - Thử 1/3 lỗi CFPT2513: HTTPSConnectionPool(host='restv2.fireant.vn', port=443): Max retries exceeded with url: /symbols/CFPT2513/historical-quotes?startDate=2025-08-26&endDate=2025-09-02&offset=0&limit=30 (Caused by ConnectTimeoutError(<urllib3.connection.HTTPSConnection object at 0x7f341bbbe0b0>, 'Connection to restv2.fireant.vn timed out. (connect timeout=10)'))
[2025-09-02T06:07:36.734+0000] {subprocess.py:93} INFO - Thử 1/3 lỗi CFPT2514: HTTPSConnectionPool(host='restv2.fireant.vn', port=443): Max retries exceeded with url: /symbols/CFPT2514/historical-quotes?startDate=2025-08-26&endDate=2025-09-02&offset=0&limit=30 (Caused by ConnectTimeoutError(<urllib3.connection.HTTPSConnection object at 0x7f341bbbf280>, 'Connection to restv2.fireant.vn timed out. (connect timeout=10)'))
[2025-09-02T06:07:36.734+0000] {subprocess.py:93} INFO - [WARN] Không có historical data cho CMBB2402 trong khoảng gần đây.
[2025-09-02T06:07:36.735+0000] {subprocess.py:93} INFO - Thử 1/3 lỗi CFPT2517: HTTPSConnectionPool(host='restv2.fireant.vn', port=443): Max retries exceeded with url: /symbols/CFPT2517/historical-quotes?startDate=2025-08-26&endDate=2025-09-02&offset=0&limit=30 (Caused by ConnectTimeoutError(<urllib3.connection.HTTPSConnection object at 0x7f341bbbd9f0>, 'Connection to restv2.fireant.vn timed out. (connect timeout=10)'))
[2025-09-02T06:07:36.735+0000] {subprocess.py:93} INFO - [WARN] Không có historical data cho CMBB2405 trong khoảng gần đây.
[2025-09-02T06:07:36.735+0000] {subprocess.py:93} INFO - [WARN] Không có historical data cho CMSN2504 trong khoảng gần đây.
[2025-09-02T06:07:36.736+0000] {subprocess.py:93} INFO - [WARN] Không có historical data cho CMSN2501 trong khoảng gần đây.
[2025-09-02T06:07:36.736+0000] {subprocess.py:93} INFO - [WARN] Không có historical data cho CMSN2408 trong khoảng gần đây.
[2025-09-02T06:07:36.737+0000] {subprocess.py:93} INFO - Thử 1/3 lỗi CHPG2409: HTTPSConnectionPool(host='restv2.fireant.vn', port=443): Max retries exceeded with url: /symbols/CHPG2409/historical-quotes?startDate=2025-08-26&endDate=2025-09-02&offset=0&limit=30 (Caused by ConnectTimeoutError(<urllib3.connection.HTTPSConnection object at 0x7f341b70ab00>, 'Connection to restv2.fireant.vn timed out. (connect timeout=10)'))
[2025-09-02T06:07:36.737+0000] {subprocess.py:93} INFO - [WARN] Không có historical data cho CMWG2406 trong khoảng gần đây.
[2025-09-02T06:07:36.737+0000] {subprocess.py:93} INFO - [WARN] Không có historical data cho CMWG2501 trong khoảng gần đây.
[2025-09-02T06:07:36.738+0000] {subprocess.py:93} INFO - Thử 1/3 lỗi CMBB2409: HTTPSConnectionPool(host='restv2.fireant.vn', port=443): Max retries exceeded with url: /symbols/CMBB2409/fundamental (Caused by ConnectTimeoutError(<urllib3.connection.HTTPSConnection object at 0x7f341c7610f0>, 'Connection to restv2.fireant.vn timed out. (connect timeout=10)'))
[2025-09-02T06:07:36.738+0000] {subprocess.py:93} INFO - Thử 1/3 lỗi CMBB2511: HTTPSConnectionPool(host='restv2.fireant.vn', port=443): Max retries exceeded with url: /symbols/CMBB2511/fundamental (Caused by ConnectTimeoutError(<urllib3.connection.HTTPSConnection object at 0x7f3429618040>, 'Connection to restv2.fireant.vn timed out. (connect timeout=10)'))
[2025-09-02T06:07:36.738+0000] {subprocess.py:93} INFO - [WARN] Không có historical data cho CHPG2408 trong khoảng gần đây.
[2025-09-02T06:07:36.739+0000] {subprocess.py:93} INFO - [WARN] Không có historical data cho CMSN2404 trong khoảng gần đây.
[2025-09-02T06:07:36.739+0000] {subprocess.py:93} INFO - [WARN] Không có historical data cho CMSN2505 trong khoảng gần đây.
[2025-09-02T06:07:36.739+0000] {subprocess.py:93} INFO - [WARN] Không có historical data cho CMSN2502 trong khoảng gần đây.
[2025-09-02T06:07:36.740+0000] {subprocess.py:93} INFO - Thử 1/3 lỗi CMBB2517: HTTPSConnectionPool(host='restv2.fireant.vn', port=443): Max retries exceeded with url: /symbols/CMBB2517/fundamental (Caused by ConnectTimeoutError(<urllib3.connection.HTTPSConnection object at 0x7f341c7b1870>, 'Connection to restv2.fireant.vn timed out. (connect timeout=10)'))
[2025-09-02T06:07:36.740+0000] {subprocess.py:93} INFO - [WARN] Không có historical data cho CMBB2409 trong khoảng gần đây.
[2025-09-02T06:07:36.741+0000] {subprocess.py:93} INFO - [WARN] Không có historical data cho CSHB2403 trong khoảng gần đây.
[2025-09-02T06:07:36.741+0000] {subprocess.py:93} INFO - [WARN] Không có historical data cho CSHB2401 trong khoảng gần đây.
[2025-09-02T06:07:36.741+0000] {subprocess.py:93} INFO - [WARN] Không có historical data cho CSHB2502 trong khoảng gần đây.
[2025-09-02T06:07:36.742+0000] {subprocess.py:93} INFO - [WARN] Không có historical data cho CMWG2502 trong khoảng gần đây.
[2025-09-02T06:07:36.742+0000] {subprocess.py:93} INFO - [WARN] Không có historical data cho CMWG2408 trong khoảng gần đây.
[2025-09-02T06:07:36.742+0000] {subprocess.py:93} INFO - Thử 1/3 lỗi CMWG2407: HTTPSConnectionPool(host='restv2.fireant.vn', port=443): Max retries exceeded with url: /symbols/CMWG2407/fundamental (Caused by ConnectTimeoutError(<urllib3.connection.HTTPSConnection object at 0x7f341bbbe320>, 'Connection to restv2.fireant.vn timed out. (connect timeout=10)'))
[2025-09-02T06:07:36.743+0000] {subprocess.py:93} INFO - Thử 1/3 lỗi CMWG2503: HTTPSConnectionPool(host='restv2.fireant.vn', port=443): Max retries exceeded with url: /symbols/CMWG2503/fundamental (Caused by ConnectTimeoutError(<urllib3.connection.HTTPSConnection object at 0x7f341bbbef20>, 'Connection to restv2.fireant.vn timed out. (connect timeout=10)'))
[2025-09-02T06:07:57.460+0000] {subprocess.py:93} INFO - Thử 1/3 lỗi CMWG2506: HTTPSConnectionPool(host='restv2.fireant.vn', port=443): Max retries exceeded with url: /symbols/CMWG2506/historical-quotes?startDate=2025-08-26&endDate=2025-09-02&offset=0&limit=30 (Caused by ConnectTimeoutError(<urllib3.connection.HTTPSConnection object at 0x7f3429619d80>, 'Connection to restv2.fireant.vn timed out. (connect timeout=10)'))
[2025-09-02T06:07:57.461+0000] {subprocess.py:93} INFO - Thử 1/3 lỗi CMWG2507: HTTPSConnectionPool(host='restv2.fireant.vn', port=443): Max retries exceeded with url: /symbols/CMWG2507/historical-quotes?startDate=2025-08-26&endDate=2025-09-02&offset=0&limit=30 (Caused by ConnectTimeoutError(<urllib3.connection.HTTPSConnection object at 0x7f341b70ae90>, 'Connection to restv2.fireant.vn timed out. (connect timeout=10)'))
[2025-09-02T06:07:57.461+0000] {subprocess.py:93} INFO - Thử 1/3 lỗi CMWG2401: HTTPSConnectionPool(host='restv2.fireant.vn', port=443): Max retries exceeded with url: /symbols/CMWG2401/historical-quotes?startDate=2025-08-26&endDate=2025-09-02&offset=0&limit=30 (Caused by ConnectTimeoutError(<urllib3.connection.HTTPSConnection object at 0x7f341b709a50>, 'Connection to restv2.fireant.vn timed out. (connect timeout=10)'))
[2025-09-02T06:07:57.462+0000] {subprocess.py:93} INFO - [WARN] Không có historical data cho CMWG2506 trong khoảng gần đây.
[2025-09-02T06:07:57.462+0000] {subprocess.py:93} INFO - [WARN] Không có historical data cho CMWG2401 trong khoảng gần đây.
[2025-09-02T06:07:57.462+0000] {subprocess.py:93} INFO - [WARN] Không có historical data cho CSSB2501 trong khoảng gần đây.
[2025-09-02T06:07:57.462+0000] {subprocess.py:93} INFO - [WARN] Không có historical data cho CSTB2411 trong khoảng gần đây.
[2025-09-02T06:07:57.463+0000] {subprocess.py:93} INFO - Thử 1/3 lỗi CMWG2514: HTTPSConnectionPool(host='restv2.fireant.vn', port=443): Max retries exceeded with url: /symbols/CMWG2514/historical-quotes?startDate=2025-08-26&endDate=2025-09-02&offset=0&limit=30 (Caused by ConnectTimeoutError(<urllib3.connection.HTTPSConnection object at 0x7f341cb31ea0>, 'Connection to restv2.fireant.vn timed out. (connect timeout=10)'))
[2025-09-02T06:07:57.463+0000] {subprocess.py:93} INFO - [WARN] Không có historical data cho CSTB2501 trong khoảng gần đây.
[2025-09-02T06:07:57.463+0000] {subprocess.py:93} INFO - [WARN] Không có historical data cho CSTB2413 trong khoảng gần đây.
[2025-09-02T06:07:57.464+0000] {subprocess.py:93} INFO - Thử 1/3 lỗi CMWG2517: HTTPSConnectionPool(host='restv2.fireant.vn', port=443): Max retries exceeded with url: /symbols/CMWG2517/historical-quotes?startDate=2025-08-26&endDate=2025-09-02&offset=0&limit=30 (Caused by ConnectTimeoutError(<urllib3.connection.HTTPSConnection object at 0x7f341cb33c10>, 'Connection to restv2.fireant.vn timed out. (connect timeout=10)'))
[2025-09-02T06:07:57.464+0000] {subprocess.py:93} INFO - Thử 1/3 lỗi CMWG2410: HTTPSConnectionPool(host='restv2.fireant.vn', port=443): Max retries exceeded with url: /symbols/CMWG2410/historical-quotes?startDate=2025-08-26&endDate=2025-09-02&offset=0&limit=30 (Caused by ConnectTimeoutError(<urllib3.connection.HTTPSConnection object at 0x7f341cb32200>, 'Connection to restv2.fireant.vn timed out. (connect timeout=10)'))
[2025-09-02T06:07:57.464+0000] {subprocess.py:93} INFO - Thử 1/3 lỗi CSHB2507: HTTPSConnectionPool(host='restv2.fireant.vn', port=443): Max retries exceeded with url: /symbols/CSHB2507/fundamental (Caused by ConnectTimeoutError(<urllib3.connection.HTTPSConnection object at 0x7f341c7ff790>, 'Connection to restv2.fireant.vn timed out. (connect timeout=10)'))
[2025-09-02T06:07:57.464+0000] {subprocess.py:93} INFO - Thử 1/3 lỗi CSHB2504: HTTPSConnectionPool(host='restv2.fireant.vn', port=443): Max retries exceeded with url: /symbols/CSHB2504/historical-quotes?startDate=2025-08-26&endDate=2025-09-02&offset=0&limit=30 (Caused by ConnectTimeoutError(<urllib3.connection.HTTPSConnection object at 0x7f341bbbf220>, 'Connection to restv2.fireant.vn timed out. (connect timeout=10)'))
[2025-09-02T06:07:57.465+0000] {subprocess.py:93} INFO - Thử 1/3 lỗi CSHB2508: HTTPSConnectionPool(host='restv2.fireant.vn', port=443): Max retries exceeded with url: /symbols/CSHB2508/fundamental (Caused by ConnectTimeoutError(<urllib3.connection.HTTPSConnection object at 0x7f341bbbd600>, 'Connection to restv2.fireant.vn timed out. (connect timeout=10)'))
[2025-09-02T06:07:57.465+0000] {subprocess.py:93} INFO - [WARN] Không có historical data cho CSTB2503 trong khoảng gần đây.
[2025-09-02T06:07:57.465+0000] {subprocess.py:93} INFO - [WARN] Không có historical data cho CSTB2506 trong khoảng gần đây.
[2025-09-02T06:07:57.465+0000] {subprocess.py:93} INFO - [WARN] Không có historical data cho CTCB2406 trong khoảng gần đây.
[2025-09-02T06:07:57.466+0000] {subprocess.py:93} INFO - [WARN] Không có historical data cho CTCB2501 trong khoảng gần đây.
[2025-09-02T06:07:57.466+0000] {subprocess.py:93} INFO - [WARN] Không có historical data cho CTCB2502 trong khoảng gần đây.
[2025-09-02T06:07:57.466+0000] {subprocess.py:93} INFO - Thử 1/3 lỗi CSTB2410: HTTPSConnectionPool(host='restv2.fireant.vn', port=443): Max retries exceeded with url: /symbols/CSTB2410/fundamental (Caused by ConnectTimeoutError(<urllib3.connection.HTTPSConnection object at 0x7f341c795840>, 'Connection to restv2.fireant.vn timed out. (connect timeout=10)'))
[2025-09-02T06:07:57.466+0000] {subprocess.py:93} INFO - Thử 1/3 lỗi CSTB2402: HTTPSConnectionPool(host='restv2.fireant.vn', port=443): Max retries exceeded with url: /symbols/CSTB2402/historical-quotes?startDate=2025-08-26&endDate=2025-09-02&offset=0&limit=30 (Caused by ConnectTimeoutError(<urllib3.connection.HTTPSConnection object at 0x7f34295ed600>, 'Connection to restv2.fireant.vn timed out. (connect timeout=10)'))
[2025-09-02T06:07:57.467+0000] {subprocess.py:93} INFO - [WARN] Không có historical data cho CSHB2501 trong khoảng gần đây.
[2025-09-02T06:07:57.467+0000] {subprocess.py:93} INFO - Thử 1/3 lỗi CSTB2409: HTTPSConnectionPool(host='restv2.fireant.vn', port=443): Max retries exceeded with url: /symbols/CSTB2409/historical-quotes?startDate=2025-08-26&endDate=2025-09-02&offset=0&limit=30 (Caused by ConnectTimeoutError(<urllib3.connection.HTTPSConnection object at 0x7f341b70a020>, 'Connection to restv2.fireant.vn timed out. (connect timeout=10)'))
[2025-09-02T06:07:57.467+0000] {subprocess.py:93} INFO - Thử 1/3 lỗi CSSB2506: HTTPSConnectionPool(host='restv2.fireant.vn', port=443): Max retries exceeded with url: /symbols/CSSB2506/historical-quotes?startDate=2025-08-26&endDate=2025-09-02&offset=0&limit=30 (Caused by ConnectTimeoutError(<urllib3.connection.HTTPSConnection object at 0x7f341b70b970>, 'Connection to restv2.fireant.vn timed out. (connect timeout=10)'))
[2025-09-02T06:07:57.468+0000] {subprocess.py:93} INFO - Thử 2/3 lỗi CMWG2503: HTTPSConnectionPool(host='restv2.fireant.vn', port=443): Max retries exceeded with url: /symbols/CMWG2503/fundamental (Caused by ConnectTimeoutError(<urllib3.connection.HTTPSConnection object at 0x7f341b70b760>, 'Connection to restv2.fireant.vn timed out. (connect timeout=10)'))
[2025-09-02T06:07:57.468+0000] {subprocess.py:93} INFO - [WARN] Không có historical data cho CMWG2410 trong khoảng gần đây.
[2025-09-02T06:07:57.468+0000] {subprocess.py:93} INFO - [WARN] Không có historical data cho CSTB2507 trong khoảng gần đây.
[2025-09-02T06:07:57.468+0000] {subprocess.py:93} INFO - [WARN] Không có historical data cho CTG125014 trong khoảng gần đây.
[2025-09-02T06:07:57.469+0000] {subprocess.py:93} INFO - [WARN] Không có historical data cho CTPB2403 trong khoảng gần đây.
[2025-09-02T06:07:57.469+0000] {subprocess.py:93} INFO - [WARN] Không có historical data cho CTPB2501 trong khoảng gần đây.
[2025-09-02T06:07:57.469+0000] {subprocess.py:93} INFO - [WARN] Không có historical data cho CTPB2405 trong khoảng gần đây.
[2025-09-02T06:07:57.469+0000] {subprocess.py:93} INFO - [WARN] Không có historical data cho CTCB2404 trong khoảng gần đây.
[2025-09-02T06:07:57.470+0000] {subprocess.py:93} INFO - [WARN] Không có historical data cho CTG125001 trong khoảng gần đây.
[2025-09-02T06:07:57.470+0000] {subprocess.py:93} INFO - [WARN] Không có historical data cho CVHM2411 trong khoảng gần đây.
[2025-09-02T06:07:57.470+0000] {subprocess.py:93} INFO - [WARN] Không có historical data cho CVHM2505 trong khoảng gần đây.
[2025-09-02T06:07:57.470+0000] {subprocess.py:93} INFO - [WARN] Không có historical data cho CTCB2505 trong khoảng gần đây.
[2025-09-02T06:07:57.471+0000] {subprocess.py:93} INFO - [WARN] Không có historical data cho CVHM2406 trong khoảng gần đây.
[2025-09-02T06:07:57.471+0000] {subprocess.py:93} INFO - [WARN] Không có historical data cho CVHM2504 trong khoảng gần đây.
[2025-09-02T06:07:57.471+0000] {subprocess.py:93} INFO - [WARN] Không có historical data cho CVHM2501 trong khoảng gần đây.
[2025-09-02T06:07:57.471+0000] {subprocess.py:93} INFO - [WARN] Không có historical data cho CVIB2402 trong khoảng gần đây.
[2025-09-02T06:07:57.472+0000] {subprocess.py:93} INFO - [WARN] Không có historical data cho CVIB2501 trong khoảng gần đây.
[2025-09-02T06:07:57.472+0000] {subprocess.py:93} INFO - [WARN] Không có historical data cho CVIB2503 trong khoảng gần đây.
[2025-09-02T06:07:57.472+0000] {subprocess.py:93} INFO - [WARN] Không có historical data cho CVIB2408 trong khoảng gần đây.
[2025-09-02T06:07:57.472+0000] {subprocess.py:93} INFO - Thử 1/3 lỗi CTG125013: HTTPSConnectionPool(host='restv2.fireant.vn', port=443): Max retries exceeded with url: /symbols/CTG125013/fundamental (Caused by ConnectTimeoutError(<urllib3.connection.HTTPSConnection object at 0x7f341c7fd5a0>, 'Connection to restv2.fireant.vn timed out. (connect timeout=10)'))
[2025-09-02T06:07:57.473+0000] {subprocess.py:93} INFO - Thử 2/3 lỗi CSTB2402: HTTPSConnectionPool(host='restv2.fireant.vn', port=443): Max retries exceeded with url: /symbols/CSTB2402/fundamental (Caused by ConnectTimeoutError(<urllib3.connection.HTTPSConnection object at 0x7f341bbbdc00>, 'Connection to restv2.fireant.vn timed out. (connect timeout=10)'))
[2025-09-02T06:07:57.473+0000] {subprocess.py:93} INFO - Thử 2/3 lỗi CSTB2409: HTTPSConnectionPool(host='restv2.fireant.vn', port=443): Max retries exceeded with url: /symbols/CSTB2409/fundamental (Caused by ConnectTimeoutError(<urllib3.connection.HTTPSConnection object at 0x7f341b730700>, 'Connection to restv2.fireant.vn timed out. (connect timeout=10)'))
[2025-09-02T06:08:24.099+0000] {subprocess.py:93} INFO - Thử 2/3 lỗi CSSB2506: HTTPSConnectionPool(host='restv2.fireant.vn', port=443): Max retries exceeded with url: /symbols/CSSB2506/fundamental (Caused by ConnectTimeoutError(<urllib3.connection.HTTPSConnection object at 0x7f341b7e4130>, 'Connection to restv2.fireant.vn timed out. (connect timeout=10)'))
[2025-09-02T06:08:24.100+0000] {subprocess.py:93} INFO - Thử 1/3 lỗi CTG125002: HTTPSConnectionPool(host='restv2.fireant.vn', port=443): Max retries exceeded with url: /symbols/CTG125002/historical-quotes?startDate=2025-08-26&endDate=2025-09-02&offset=0&limit=30 (Caused by ConnectTimeoutError(<urllib3.connection.HTTPSConnection object at 0x7f341b7e6890>, 'Connection to restv2.fireant.vn timed out. (connect timeout=10)'))
[2025-09-02T06:08:24.100+0000] {subprocess.py:93} INFO - [WARN] Không có historical data cho CVIC2405 trong khoảng gần đây.
[2025-09-02T06:08:24.100+0000] {subprocess.py:93} INFO - [WARN] Không có historical data cho CVIB2406 trong khoảng gần đây.
[2025-09-02T06:08:24.101+0000] {subprocess.py:93} INFO - [WARN] Không có historical data cho CVIC2407 trong khoảng gần đây.
[2025-09-02T06:08:24.101+0000] {subprocess.py:93} INFO - [WARN] Không có historical data cho CTG125013 trong khoảng gần đây.
[2025-09-02T06:08:24.101+0000] {subprocess.py:93} INFO - [WARN] Không có historical data cho CVJC2501 trong khoảng gần đây.
[2025-09-02T06:08:24.101+0000] {subprocess.py:93} INFO - [WARN] Không có historical data cho CVIC2501 trong khoảng gần đây.
[2025-09-02T06:08:24.102+0000] {subprocess.py:93} INFO - [WARN] Không có historical data cho CVIC2503 trong khoảng gần đây.
[2025-09-02T06:08:24.102+0000] {subprocess.py:93} INFO - [WARN] Không có historical data cho CVIC2504 trong khoảng gần đây.
[2025-09-02T06:08:24.102+0000] {subprocess.py:93} INFO - [WARN] Không có historical data cho CVNM2506 trong khoảng gần đây.
[2025-09-02T06:08:24.103+0000] {subprocess.py:93} INFO - [WARN] Không có historical data cho CSTB2409 trong khoảng gần đây.
[2025-09-02T06:08:24.103+0000] {subprocess.py:93} INFO - [WARN] Không có historical data cho CVNM2505 trong khoảng gần đây.
[2025-09-02T06:08:24.103+0000] {subprocess.py:93} INFO - [WARN] Không có historical data cho CVJC2502 trong khoảng gần đây.
[2025-09-02T06:08:24.103+0000] {subprocess.py:93} INFO - Thử 1/3 lỗi CVHM2518: HTTPSConnectionPool(host='restv2.fireant.vn', port=443): Max retries exceeded with url: /symbols/CVHM2518/fundamental (Caused by ConnectTimeoutError(<urllib3.connection.HTTPSConnection object at 0x7f341bbbf7c0>, 'Connection to restv2.fireant.vn timed out. (connect timeout=10)'))
[2025-09-02T06:08:24.104+0000] {subprocess.py:93} INFO - Thử 1/3 lỗi CVHM2517: HTTPSConnectionPool(host='restv2.fireant.vn', port=443): Max retries exceeded with url: /symbols/CVHM2517/historical-quotes?startDate=2025-08-26&endDate=2025-09-02&offset=0&limit=30 (Caused by ConnectTimeoutError(<urllib3.connection.HTTPSConnection object at 0x7f341b708760>, 'Connection to restv2.fireant.vn timed out. (connect timeout=10)'))
[2025-09-02T06:08:24.104+0000] {subprocess.py:93} INFO - [WARN] Không có historical data cho CVPB2401 trong khoảng gần đây.
[2025-09-02T06:08:24.104+0000] {subprocess.py:93} INFO - [WARN] Không có historical data cho CVNM2501 trong khoảng gần đây.
[2025-09-02T06:08:24.105+0000] {subprocess.py:93} INFO - [WARN] Không có historical data cho CVPB2503 trong khoảng gần đây.
[2025-09-02T06:08:24.105+0000] {subprocess.py:93} INFO - [WARN] Không có historical data cho CVPB2505 trong khoảng gần đây.
[2025-09-02T06:08:24.105+0000] {subprocess.py:93} INFO - [WARN] Không có historical data cho CSTB2402 trong khoảng gần đây.
[2025-09-02T06:08:24.105+0000] {subprocess.py:93} INFO - [WARN] Không có historical data cho CVPB2507 trong khoảng gần đây.
[2025-09-02T06:08:24.106+0000] {subprocess.py:93} INFO - [WARN] Không có historical data cho CVPB2412 trong khoảng gần đây.
[2025-09-02T06:08:24.106+0000] {subprocess.py:93} INFO - [WARN] Không có historical data cho CVRE2406 trong khoảng gần đây.
[2025-09-02T06:08:24.106+0000] {subprocess.py:93} INFO - [WARN] Không có historical data cho CVRE2410 trong khoảng gần đây.
[2025-09-02T06:08:24.107+0000] {subprocess.py:93} INFO - [WARN] Không có historical data cho CVRE2506 trong khoảng gần đây.
[2025-09-02T06:08:24.107+0000] {subprocess.py:93} INFO - Thử 2/3 lỗi CTG125002: HTTPSConnectionPool(host='restv2.fireant.vn', port=443): Max retries exceeded with url: /symbols/CTG125002/historical-quotes?startDate=2025-08-26&endDate=2025-09-02&offset=0&limit=30 (Caused by ConnectTimeoutError(<urllib3.connection.HTTPSConnection object at 0x7f341b7336d0>, 'Connection to restv2.fireant.vn timed out. (connect timeout=10)'))
[2025-09-02T06:08:24.107+0000] {subprocess.py:93} INFO - [WARN] Không có historical data cho CVRE2501 trong khoảng gần đây.
[2025-09-02T06:08:24.107+0000] {subprocess.py:93} INFO - [WARN] Không có historical data cho CVNM2401 trong khoảng gần đây.
[2025-09-02T06:08:24.108+0000] {subprocess.py:93} INFO - Thử 1/3 lỗi CVHM2513: HTTPSConnectionPool(host='restv2.fireant.vn', port=443): Max retries exceeded with url: /symbols/CVHM2513/historical-quotes?startDate=2025-08-26&endDate=2025-09-02&offset=0&limit=30 (Caused by ConnectTimeoutError(<urllib3.connection.HTTPSConnection object at 0x7f341b730970>, 'Connection to restv2.fireant.vn timed out. (connect timeout=10)'))
[2025-09-02T06:08:24.108+0000] {subprocess.py:93} INFO - [WARN] Không có historical data cho CVRE2504 trong khoảng gần đây.
[2025-09-02T06:08:24.108+0000] {subprocess.py:93} INFO - Thử 1/3 lỗi CVNM2508: HTTPSConnectionPool(host='restv2.fireant.vn', port=443): Max retries exceeded with url: /symbols/CVNM2508/fundamental (Caused by ConnectTimeoutError(<urllib3.connection.HTTPSConnection object at 0x7f3429619660>, 'Connection to restv2.fireant.vn timed out. (connect timeout=10)'))
[2025-09-02T06:08:24.109+0000] {subprocess.py:93} INFO - [WARN] Không có historical data cho CVPB2407 trong khoảng gần đây.
[2025-09-02T06:08:24.109+0000] {subprocess.py:93} INFO - Thử 1/3 lỗi CVJC2505: HTTPSConnectionPool(host='restv2.fireant.vn', port=443): Max retries exceeded with url: /symbols/CVJC2505/historical-quotes?startDate=2025-08-26&endDate=2025-09-02&offset=0&limit=30 (Caused by ConnectTimeoutError(<urllib3.connection.HTTPSConnection object at 0x7f341b732bf0>, 'Connection to restv2.fireant.vn timed out. (connect timeout=10)'))
[2025-09-02T06:08:24.109+0000] {subprocess.py:93} INFO - Thử 1/3 lỗi CVRE2502: HTTPSConnectionPool(host='restv2.fireant.vn', port=443): Max retries exceeded with url: /symbols/CVRE2502/fundamental (Caused by ConnectTimeoutError(<urllib3.connection.HTTPSConnection object at 0x7f341c373b50>, 'Connection to restv2.fireant.vn timed out. (connect timeout=10)'))
[2025-09-02T06:08:24.109+0000] {subprocess.py:93} INFO - Thử 1/3 lỗi CVRE2507: HTTPSConnectionPool(host='restv2.fireant.vn', port=443): Max retries exceeded with url: /symbols/CVRE2507/historical-quotes?startDate=2025-08-26&endDate=2025-09-02&offset=0&limit=30 (Caused by ConnectTimeoutError(<urllib3.connection.HTTPSConnection object at 0x7f341b70a9e0>, 'Connection to restv2.fireant.vn timed out. (connect timeout=10)'))
[2025-09-02T06:08:24.110+0000] {subprocess.py:93} INFO - Thử 1/3 lỗi CVRE2503: HTTPSConnectionPool(host='restv2.fireant.vn', port=443): Max retries exceeded with url: /symbols/CVRE2503/historical-quotes?startDate=2025-08-26&endDate=2025-09-02&offset=0&limit=30 (Caused by ConnectTimeoutError(<urllib3.connection.HTTPSConnection object at 0x7f341b709f60>, 'Connection to restv2.fireant.vn timed out. (connect timeout=10)'))
[2025-09-02T06:08:24.110+0000] {subprocess.py:93} INFO - Thử 1/3 lỗi CVRE2505: HTTPSConnectionPool(host='restv2.fireant.vn', port=443): Max retries exceeded with url: /symbols/CVRE2505/historical-quotes?startDate=2025-08-26&endDate=2025-09-02&offset=0&limit=30 (Caused by ConnectTimeoutError(<urllib3.connection.HTTPSConnection object at 0x7f341b7309a0>, 'Connection to restv2.fireant.vn timed out. (connect timeout=10)'))
[2025-09-02T06:08:24.110+0000] {subprocess.py:93} INFO - [WARN] Không có historical data cho CVNM2406 trong khoảng gần đây.
[2025-09-02T06:08:24.111+0000] {subprocess.py:93} INFO - Thử 1/3 lỗi CVPB2508: HTTPSConnectionPool(host='restv2.fireant.vn', port=443): Max retries exceeded with url: /symbols/CVPB2508/historical-quotes?startDate=2025-08-26&endDate=2025-09-02&offset=0&limit=30 (Caused by ConnectTimeoutError(<urllib3.connection.HTTPSConnection object at 0x7f341b732a10>, 'Connection to restv2.fireant.vn timed out. (connect timeout=10)'))
[2025-09-02T06:08:24.111+0000] {subprocess.py:93} INFO - Thử 1/3 lỗi CVNM2507: HTTPSConnectionPool(host='restv2.fireant.vn', port=443): Max retries exceeded with url: /symbols/CVNM2507/historical-quotes?startDate=2025-08-26&endDate=2025-09-02&offset=0&limit=30 (Caused by ConnectTimeoutError(<urllib3.connection.HTTPSConnection object at 0x7f341b730370>, 'Connection to restv2.fireant.vn timed out. (connect timeout=10)'))
[2025-09-02T06:08:24.111+0000] {subprocess.py:93} INFO - Thử 1/3 lỗi CVRE2510: HTTPSConnectionPool(host='restv2.fireant.vn', port=443): Max retries exceeded with url: /symbols/CVRE2510/fundamental (Caused by ConnectTimeoutError(<urllib3.connection.HTTPSConnection object at 0x7f341b70b430>, 'Connection to restv2.fireant.vn timed out. (connect timeout=10)'))
[2025-09-02T06:08:24.111+0000] {subprocess.py:93} INFO - Thử 1/3 lỗi CVRE2508: HTTPSConnectionPool(host='restv2.fireant.vn', port=443): Max retries exceeded with url: /symbols/CVRE2508/historical-quotes?startDate=2025-08-26&endDate=2025-09-02&offset=0&limit=30 (Caused by ConnectTimeoutError(<urllib3.connection.HTTPSConnection object at 0x7f341b70b040>, 'Connection to restv2.fireant.vn timed out. (connect timeout=10)'))
[2025-09-02T06:08:24.112+0000] {subprocess.py:93} INFO - [WARN] Không có historical data cho CTG125002 trong khoảng gần đây.
[2025-09-02T06:08:24.112+0000] {subprocess.py:93} INFO - Thử 1/3 lỗi ADC: HTTPSConnectionPool(host='restv2.fireant.vn', port=443): Max retries exceeded with url: /symbols/ADC/fundamental (Caused by ConnectTimeoutError(<urllib3.connection.HTTPSConnection object at 0x7f341c3501f0>, 'Connection to restv2.fireant.vn timed out. (connect timeout=10)'))
[2025-09-02T06:09:20.399+0000] {subprocess.py:93} INFO - Thử 1/3 lỗi ALT: HTTPSConnectionPool(host='restv2.fireant.vn', port=443): Max retries exceeded with url: /symbols/ALT/fundamental (Caused by ConnectTimeoutError(<urllib3.connection.HTTPSConnection object at 0x7f341c7fdc30>, 'Connection to restv2.fireant.vn timed out. (connect timeout=10)'))
[2025-09-02T06:09:20.400+0000] {subprocess.py:93} INFO - Thử 1/3 lỗi AMC: HTTPSConnectionPool(host='restv2.fireant.vn', port=443): Max retries exceeded with url: /symbols/AMC/fundamental (Caused by ConnectTimeoutError(<urllib3.connection.HTTPSConnection object at 0x7f341c37e1d0>, 'Connection to restv2.fireant.vn timed out. (connect timeout=10)'))
[2025-09-02T06:09:20.400+0000] {subprocess.py:93} INFO - Thử 1/3 lỗi AAV: HTTPSConnectionPool(host='restv2.fireant.vn', port=443): Max retries exceeded with url: /symbols/AAV/historical-quotes?startDate=2025-08-26&endDate=2025-09-02&offset=0&limit=30 (Caused by ConnectTimeoutError(<urllib3.connection.HTTPSConnection object at 0x7f341c352f20>, 'Connection to restv2.fireant.vn timed out. (connect timeout=10)'))
[2025-09-02T06:09:20.400+0000] {subprocess.py:93} INFO - [WARN] Không có historical data cho CVRE2502 trong khoảng gần đây.
[2025-09-02T06:09:20.401+0000] {subprocess.py:93} INFO - Thử 1/3 lỗi MCO: HTTPSConnectionPool(host='restv2.fireant.vn', port=443): Max retries exceeded with url: /symbols/MCO/fundamental (Caused by ConnectTimeoutError(<urllib3.connection.HTTPSConnection object at 0x7f341c3be980>, 'Connection to restv2.fireant.vn timed out. (connect timeout=10)'))
[2025-09-02T06:09:20.401+0000] {subprocess.py:93} INFO - Thử 1/3 lỗi NSH: HTTPSConnectionPool(host='restv2.fireant.vn', port=443): Max retries exceeded with url: /symbols/NSH/fundamental (Caused by ConnectTimeoutError(<urllib3.connection.HTTPSConnection object at 0x7f341c3d90f0>, 'Connection to restv2.fireant.vn timed out. (connect timeout=10)'))
[2025-09-02T06:09:20.401+0000] {subprocess.py:93} INFO - Thử 1/3 lỗi NTH: HTTPSConnectionPool(host='restv2.fireant.vn', port=443): Max retries exceeded with url: /symbols/NTH/fundamental (Caused by ConnectTimeoutError(<urllib3.connection.HTTPSConnection object at 0x7f341b709660>, 'Connection to restv2.fireant.vn timed out. (connect timeout=10)'))
[2025-09-02T06:09:20.402+0000] {subprocess.py:93} INFO - [WARN] Không có historical data cho TPH trong khoảng gần đây.
[2025-09-02T06:09:20.402+0000] {subprocess.py:93} INFO - [WARN] Không có historical data cho BAB124015 trong khoảng gần đây.
[2025-09-02T06:09:20.402+0000] {subprocess.py:93} INFO - [WARN] Không có historical data cho BAB123032 trong khoảng gần đây.
[2025-09-02T06:09:20.403+0000] {subprocess.py:93} INFO - [WARN] Không có historical data cho BAB122032 trong khoảng gần đây.
[2025-09-02T06:09:20.403+0000] {subprocess.py:93} INFO - [WARN] Không có historical data cho BAB124024 trong khoảng gần đây.
[2025-09-02T06:09:20.403+0000] {subprocess.py:93} INFO - [WARN] Không có historical data cho BAB123031 trong khoảng gần đây.
[2025-09-02T06:09:20.404+0000] {subprocess.py:93} INFO - [WARN] Không có historical data cho BAB123007 trong khoảng gần đây.
[2025-09-02T06:09:20.404+0000] {subprocess.py:93} INFO - [WARN] Không có historical data cho BAB124014 trong khoảng gần đây.
[2025-09-02T06:09:20.404+0000] {subprocess.py:93} INFO - [WARN] Không có historical data cho BAB124025 trong khoảng gần đây.
[2025-09-02T06:09:20.405+0000] {subprocess.py:93} INFO - [WARN] Không có historical data cho BAB124016 trong khoảng gần đây.
[2025-09-02T06:09:20.405+0000] {subprocess.py:93} INFO - [WARN] Không có historical data cho CMX123035 trong khoảng gần đây.
[2025-09-02T06:09:20.405+0000] {subprocess.py:93} INFO - [WARN] Không có historical data cho BAB124026 trong khoảng gần đây.
[2025-09-02T06:09:20.406+0000] {subprocess.py:93} INFO - [WARN] Không có historical data cho BAF122029 trong khoảng gần đây.
[2025-09-02T06:09:20.406+0000] {subprocess.py:93} INFO - [WARN] Không có historical data cho BAF123020 trong khoảng gần đây.
[2025-09-02T06:09:20.406+0000] {subprocess.py:93} INFO - [WARN] Không có historical data cho BID122005 trong khoảng gần đây.
[2025-09-02T06:09:20.406+0000] {subprocess.py:93} INFO - [WARN] Không có historical data cho BCG122006 trong khoảng gần đây.
[2025-09-02T06:09:20.407+0000] {subprocess.py:93} INFO - [WARN] Không có historical data cho BID123003 trong khoảng gần đây.
[2025-09-02T06:09:20.407+0000] {subprocess.py:93} INFO - [WARN] Không có historical data cho CII424002 trong khoảng gần đây.
[2025-09-02T06:09:20.407+0000] {subprocess.py:93} INFO - [WARN] Không có historical data cho BVB124020 trong khoảng gần đây.
[2025-09-02T06:09:20.408+0000] {subprocess.py:93} INFO - [WARN] Không có historical data cho CII42013 trong khoảng gần đây.
[2025-09-02T06:09:20.408+0000] {subprocess.py:93} INFO - [WARN] Không có historical data cho CII124021 trong khoảng gần đây.
[2025-09-02T06:09:20.408+0000] {subprocess.py:93} INFO - [WARN] Không có historical data cho BID123004 trong khoảng gần đây.
[2025-09-02T06:09:20.409+0000] {subprocess.py:93} INFO - [WARN] Không có historical data cho CTG121031 trong khoảng gần đây.
[2025-09-02T06:09:20.409+0000] {subprocess.py:93} INFO - [WARN] Không có historical data cho CTG123019 trong khoảng gần đây.
[2025-09-02T06:09:20.409+0000] {subprocess.py:93} INFO - [WARN] Không có historical data cho CTG123034 trong khoảng gần đây.
[2025-09-02T06:09:20.409+0000] {subprocess.py:93} INFO - [WARN] Không có historical data cho DSE125004 trong khoảng gần đây.
[2025-09-02T06:09:20.410+0000] {subprocess.py:93} INFO - [WARN] Không có historical data cho MBB124017 trong khoảng gần đây.
[2025-09-02T06:09:20.410+0000] {subprocess.py:93} INFO - [WARN] Không có historical data cho MSN123014 trong khoảng gần đây.
[2025-09-02T06:09:20.410+0000] {subprocess.py:93} INFO - [WARN] Không có historical data cho CVT122009 trong khoảng gần đây.
[2025-09-02T06:09:20.411+0000] {subprocess.py:93} INFO - [WARN] Không có historical data cho CTG123033 trong khoảng gần đây.
[2025-09-02T06:09:20.411+0000] {subprocess.py:93} INFO - [WARN] Không có historical data cho CTG123018 trong khoảng gần đây.
[2025-09-02T06:09:20.411+0000] {subprocess.py:93} INFO - [WARN] Không có historical data cho HDB124006 trong khoảng gần đây.
[2025-09-02T06:09:20.412+0000] {subprocess.py:93} INFO - [WARN] Không có historical data cho LPB123008 trong khoảng gần đây.
[2025-09-02T06:09:20.412+0000] {subprocess.py:93} INFO - [WARN] Không có historical data cho LPB122011 trong khoảng gần đây.
[2025-09-02T06:09:20.412+0000] {subprocess.py:93} INFO - [WARN] Không có historical data cho HDB124018 trong khoảng gần đây.
[2025-09-02T06:09:20.412+0000] {subprocess.py:93} INFO - [WARN] Không có historical data cho HDB124023 trong khoảng gần đây.
[2025-09-02T06:09:20.413+0000] {subprocess.py:93} INFO - [WARN] Không có historical data cho LPB122013 trong khoảng gần đây.
[2025-09-02T06:09:20.413+0000] {subprocess.py:93} INFO - [WARN] Không có historical data cho LPB121036 trong khoảng gần đây.
[2025-09-02T06:09:20.413+0000] {subprocess.py:93} INFO - [WARN] Không có historical data cho NPM123021 trong khoảng gần đây.
[2025-09-02T06:09:20.414+0000] {subprocess.py:93} INFO - [WARN] Không có historical data cho LPB123016 trong khoảng gần đây.
[2025-09-02T06:09:20.414+0000] {subprocess.py:93} INFO - [WARN] Không có historical data cho MBB124022 trong khoảng gần đây.
[2025-09-02T06:09:20.414+0000] {subprocess.py:93} INFO - [WARN] Không có historical data cho MSN123008 trong khoảng gần đây.
[2025-09-02T06:09:20.415+0000] {subprocess.py:93} INFO - [WARN] Không có historical data cho NPM123022 trong khoảng gần đây.
[2025-09-02T06:09:20.415+0000] {subprocess.py:93} INFO - [WARN] Không có historical data cho MSN123010 trong khoảng gần đây.
[2025-09-02T06:09:20.415+0000] {subprocess.py:93} INFO - [WARN] Không có historical data cho TDP124010 trong khoảng gần đây.
[2025-09-02T06:09:20.415+0000] {subprocess.py:93} INFO - [WARN] Không có historical data cho TCX124012 trong khoảng gần đây.
[2025-09-02T06:09:20.416+0000] {subprocess.py:93} INFO - [WARN] Không có historical data cho MSN123009 trong khoảng gần đây.
[2025-09-02T06:09:20.416+0000] {subprocess.py:93} INFO - [WARN] Không có historical data cho NPM123023 trong khoảng gần đây.
[2025-09-02T06:09:20.416+0000] {subprocess.py:93} INFO - [WARN] Không có historical data cho NPM123024 trong khoảng gần đây.
[2025-09-02T06:09:20.417+0000] {subprocess.py:93} INFO - [WARN] Không có historical data cho TCX124013 trong khoảng gần đây.
[2025-09-02T06:09:20.417+0000] {subprocess.py:93} INFO - [WARN] Không có historical data cho TNG122017 trong khoảng gần đây.
[2025-09-02T06:09:20.417+0000] {subprocess.py:93} INFO - [WARN] Không có historical data cho VBA122001 trong khoảng gần đây.
[2025-09-02T06:09:20.418+0000] {subprocess.py:93} INFO - [WARN] Không có historical data cho LPB123015 trong khoảng gần đây.
[2025-09-02T06:09:20.418+0000] {subprocess.py:93} INFO - [WARN] Không có historical data cho VBA123036 trong khoảng gần đây.
[2025-09-02T06:09:20.418+0000] {subprocess.py:93} INFO - [WARN] Không có historical data cho TCX124011 trong khoảng gần đây.
[2025-09-02T06:09:20.418+0000] {subprocess.py:93} INFO - [WARN] Không có historical data cho LPB123009 trong khoảng gần đây.
[2025-09-02T06:09:20.419+0000] {subprocess.py:93} INFO - [WARN] Không có historical data cho VBA121033 trong khoảng gần đây.
[2025-09-02T06:09:20.419+0000] {subprocess.py:93} INFO - [WARN] Không có historical data cho MML121021 trong khoảng gần đây.
[2025-09-02T06:09:20.419+0000] {subprocess.py:93} INFO - [WARN] Không có historical data cho VIC123029 trong khoảng gần đây.
[2025-09-02T06:09:20.420+0000] {subprocess.py:93} INFO - [WARN] Không có historical data cho VBA124019 trong khoảng gần đây.
[2025-09-02T06:09:20.420+0000] {subprocess.py:93} INFO - [WARN] Không có historical data cho NVL122001 trong khoảng gần đây.
[2025-09-02T06:09:20.420+0000] {subprocess.py:93} INFO - [WARN] Không có historical data cho VHM121025 trong khoảng gần đây.
[2025-09-02T06:09:20.421+0000] {subprocess.py:93} INFO - [WARN] Không có historical data cho VBB123017 trong khoảng gần đây.
[2025-09-02T06:09:20.421+0000] {subprocess.py:93} INFO - [WARN] Không có historical data cho VIC124003 trong khoảng gần đây.
[2025-09-02T06:09:20.421+0000] {subprocess.py:93} INFO - [WARN] Không có historical data cho VIC123028 trong khoảng gần đây.
[2025-09-02T06:09:20.421+0000] {subprocess.py:93} INFO - [WARN] Không có historical data cho VRE12007 trong khoảng gần đây.
[2025-09-02T06:09:20.422+0000] {subprocess.py:93} INFO - [WARN] Không có historical data cho VIC124004 trong khoảng gần đây.
[2025-09-02T06:09:20.422+0000] {subprocess.py:93} INFO - [WARN] Không có historical data cho BVB125003 trong khoảng gần đây.
[2025-09-02T06:09:20.422+0000] {subprocess.py:93} INFO - [WARN] Không có historical data cho VPI124001 trong khoảng gần đây.
[2025-09-02T06:09:20.423+0000] {subprocess.py:93} INFO - [WARN] Không có historical data cho HDB125011 trong khoảng gần đây.
[2025-09-02T06:09:20.423+0000] {subprocess.py:93} INFO - [WARN] Không có historical data cho VBB124007 trong khoảng gần đây.
[2025-09-02T06:09:20.423+0000] {subprocess.py:93} INFO - [WARN] Không có historical data cho KLB125015 trong khoảng gần đây.
[2025-09-02T06:09:20.424+0000] {subprocess.py:93} INFO - [WARN] Không có historical data cho MBB125008 trong khoảng gần đây.
[2025-09-02T06:09:20.424+0000] {subprocess.py:93} INFO - [WARN] Không có historical data cho SHB125010 trong khoảng gần đây.
[2025-09-02T06:09:20.425+0000] {subprocess.py:93} INFO - [WARN] Không có historical data cho VCK125005 trong khoảng gần đây.
[2025-09-02T06:09:20.425+0000] {subprocess.py:93} INFO - [WARN] Không có historical data cho VIC124005 trong khoảng gần đây.
[2025-09-02T06:09:20.425+0000] {subprocess.py:93} INFO - [WARN] Không có historical data cho TNG124027 trong khoảng gần đây.
[2025-09-02T06:09:20.426+0000] {subprocess.py:93} INFO - [WARN] Không có historical data cho LPB125007 trong khoảng gần đây.
[2025-09-02T06:09:20.426+0000] {subprocess.py:93} INFO - [WARN] Không có historical data cho KLB124009 trong khoảng gần đây.
[2025-09-02T06:09:20.426+0000] {subprocess.py:93} INFO - [WARN] Không có historical data cho HDB125012 trong khoảng gần đây.
[2025-09-02T06:09:20.427+0000] {subprocess.py:93} INFO - [WARN] Không có historical data cho LPB125006 trong khoảng gần đây.
[2025-09-02T06:09:20.427+0000] {subprocess.py:93} INFO - [WARN] Không có historical data cho BMN trong khoảng gần đây.
[2025-09-02T06:10:25.435+0000] {subprocess.py:93} INFO - [WARN] Không có historical data cho CC4 trong khoảng gần đây.
[2025-09-02T06:10:25.436+0000] {subprocess.py:93} INFO - [WARN] Không có historical data cho EPH trong khoảng gần đây.
[2025-09-02T06:10:25.436+0000] {subprocess.py:93} INFO - [WARN] Không có historical data cho HCB trong khoảng gần đây.
[2025-09-02T06:10:25.437+0000] {subprocess.py:93} INFO - [WARN] Không có historical data cho HDS trong khoảng gần đây.
[2025-09-02T06:10:25.437+0000] {subprocess.py:93} INFO - [WARN] Không có historical data cho KCE trong khoảng gần đây.
[2025-09-02T06:10:25.437+0000] {subprocess.py:93} INFO - [WARN] Không có historical data cho LUT trong khoảng gần đây.
[2025-09-02T06:10:25.438+0000] {subprocess.py:93} INFO - [WARN] Không có historical data cho MTC trong khoảng gần đây.
[2025-09-02T06:10:25.438+0000] {subprocess.py:93} INFO - [WARN] Không có historical data cho NQT trong khoảng gần đây.
[2025-09-02T06:10:25.438+0000] {subprocess.py:93} INFO - [WARN] Không có historical data cho SCY trong khoảng gần đây.
[2025-09-02T06:10:25.439+0000] {subprocess.py:93} INFO - [WARN] Không có historical data cho SDJ trong khoảng gần đây.
[2025-09-02T06:10:25.439+0000] {subprocess.py:93} INFO - [WARN] Không có historical data cho TBT trong khoảng gần đây.
[2025-09-02T06:10:25.439+0000] {subprocess.py:93} INFO - [WARN] Không có historical data cho V11 trong khoảng gần đây.
[2025-09-02T06:10:25.440+0000] {subprocess.py:93} INFO - [WARN] Không có historical data cho GB05F2509 trong khoảng gần đây.
[2025-09-02T06:10:25.440+0000] {subprocess.py:93} INFO - [WARN] Không có historical data cho GB05F2506 trong khoảng gần đây.
[2025-09-02T06:10:25.440+0000] {subprocess.py:93} INFO - [WARN] Không có historical data cho 41I1G3000 trong khoảng gần đây.
[2025-09-02T06:10:25.441+0000] {subprocess.py:93} INFO - [WARN] Không có historical data cho 41I1F7000 trong khoảng gần đây.
[2025-09-02T06:10:25.441+0000] {subprocess.py:93} INFO - [WARN] Không có historical data cho 41I1F8000 trong khoảng gần đây.
[2025-09-02T06:10:25.441+0000] {subprocess.py:93} INFO - [WARN] Không có historical data cho GB10F2509 trong khoảng gần đây.
[2025-09-02T06:10:25.442+0000] {subprocess.py:93} INFO - [WARN] Không có historical data cho VN30F2505 trong khoảng gần đây.
[2025-09-02T06:10:25.442+0000] {subprocess.py:93} INFO - [WARN] Không có historical data cho GB05F2512 trong khoảng gần đây.
[2025-09-02T06:10:25.442+0000] {subprocess.py:93} INFO - [WARN] Không có historical data cho GB10F2506 trong khoảng gần đây.
[2025-09-02T06:10:25.442+0000] {subprocess.py:93} INFO - [WARN] Không có historical data cho VN30F2506 trong khoảng gần đây.
[2025-09-02T06:10:25.443+0000] {subprocess.py:93} INFO - [WARN] Không có historical data cho VN30F2512 trong khoảng gần đây.
[2025-09-02T06:10:25.443+0000] {subprocess.py:93} INFO - [WARN] Không có historical data cho GB10F2512 trong khoảng gần đây.
[2025-09-02T06:10:25.443+0000] {subprocess.py:93} INFO - [WARN] Không có historical data cho 41BAG3000 trong khoảng gần đây.
[2025-09-02T06:10:25.444+0000] {subprocess.py:93} INFO - [WARN] Không có historical data cho 41I1FA000 trong khoảng gần đây.
[2025-09-02T06:10:25.444+0000] {subprocess.py:93} INFO - [WARN] Không có historical data cho 41B5G3000 trong khoảng gần đây.
[2025-09-02T06:10:25.444+0000] {subprocess.py:93} INFO - [WARN] Không có historical data cho VN30F2509 trong khoảng gần đây.
[2025-09-02T06:10:25.445+0000] {subprocess.py:93} INFO - ✅ Đã lưu 2084 bản ghi vào history_data.stock_details
[2025-09-02T06:10:25.572+0000] {subprocess.py:97} INFO - Command exited with return code 0
[2025-09-02T06:10:25.574+0000] {taskinstance.py:441} INFO - ::group::Post task execution logs
[2025-09-02T06:10:25.609+0000] {taskinstance.py:1206} INFO - Marking task as SUCCESS. dag_id=stock_detail_dag, task_id=run_stock_details, run_id=scheduled__2025-09-02T06:05:00+00:00, execution_date=20250902T060500, start_date=20250902T060618, end_date=20250902T061025
[2025-09-02T06:10:25.654+0000] {local_task_job_runner.py:240} INFO - Task exited with return code 0
[2025-09-02T06:10:25.672+0000] {taskinstance.py:3498} INFO - 0 downstream tasks scheduled from follow-on schedule check
[2025-09-02T06:10:25.672+0000] {local_task_job_runner.py:222} INFO - ::endgroup::
