[2025-09-08T02:11:01.564+0000] {local_task_job_runner.py:120} INFO - ::group::Pre task execution logs
[2025-09-08T02:11:01.588+0000] {taskinstance.py:2076} INFO - Dependencies all met for dep_context=non-requeueable deps ti=<TaskInstance: foreign_1_live.save_foreign_1 scheduled__2025-09-08T02:10:00+00:00 [queued]>
[2025-09-08T02:11:01.597+0000] {taskinstance.py:2076} INFO - Dependencies all met for dep_context=requeueable deps ti=<TaskInstance: foreign_1_live.save_foreign_1 scheduled__2025-09-08T02:10:00+00:00 [queued]>
[2025-09-08T02:11:01.597+0000] {taskinstance.py:2306} INFO - Starting attempt 1 of 11
[2025-09-08T02:11:01.610+0000] {taskinstance.py:2330} INFO - Executing <Task(PythonOperator): save_foreign_1> on 2025-09-08 02:10:00+00:00
[2025-09-08T02:11:01.616+0000] {standard_task_runner.py:63} INFO - Started process 296983 to run task
[2025-09-08T02:11:01.623+0000] {standard_task_runner.py:90} INFO - Running: ['***', 'tasks', 'run', 'foreign_1_live', 'save_foreign_1', 'scheduled__2025-09-08T02:10:00+00:00', '--job-id', '156049', '--raw', '--subdir', 'DAGS_FOLDER/dag_foreign_1_live.py', '--cfg-path', '/tmp/tmpw7vmtwb4']
[2025-09-08T02:11:01.626+0000] {standard_task_runner.py:91} INFO - Job 156049: Subtask save_foreign_1
[2025-09-08T02:11:01.672+0000] {task_command.py:426} INFO - Running <TaskInstance: foreign_1_live.save_foreign_1 scheduled__2025-09-08T02:10:00+00:00 [running]> on host 8d9cea3aac78
[2025-09-08T02:11:01.763+0000] {taskinstance.py:2648} INFO - Exporting env vars: AIRFLOW_CTX_DAG_OWNER='***' AIRFLOW_CTX_DAG_ID='foreign_1_live' AIRFLOW_CTX_TASK_ID='save_foreign_1' AIRFLOW_CTX_EXECUTION_DATE='2025-09-08T02:10:00+00:00' AIRFLOW_CTX_TRY_NUMBER='1' AIRFLOW_CTX_DAG_RUN_ID='scheduled__2025-09-08T02:10:00+00:00'
[2025-09-08T02:11:01.764+0000] {taskinstance.py:430} INFO - ::endgroup::
[2025-09-08T02:11:01.784+0000] {foreign_1.py:18} INFO - Kết nối DB
[2025-09-08T02:11:02.417+0000] {foreign_1.py:28} INFO - Đã lưu foreign_ALL
[2025-09-08T02:11:02.419+0000] {foreign_1.py:18} INFO - Kết nối DB
[2025-09-08T02:11:02.705+0000] {foreign_1.py:30} ERROR - Lỗi lưu foreign_HOSE
Traceback (most recent call last):
  File "/opt/airflow/dags/utils/market_history/foreign/foreign_1.py", line 20, in foreign
    foreign=foreign_history(f"{symbol}")
  File "/opt/airflow/dags/utils/market_history/foreign/foreign_history_1.py", line 49, in foreign_history
    data=data.drop(columns=['group','dataType','timeFrame'])
  File "/home/airflow/.local/lib/python3.10/site-packages/pandas/core/frame.py", line 5344, in drop
    return super().drop(
  File "/home/airflow/.local/lib/python3.10/site-packages/pandas/core/generic.py", line 4711, in drop
    obj = obj._drop_axis(labels, axis, level=level, errors=errors)
  File "/home/airflow/.local/lib/python3.10/site-packages/pandas/core/generic.py", line 4753, in _drop_axis
    new_axis = axis.drop(labels, errors=errors)
  File "/home/airflow/.local/lib/python3.10/site-packages/pandas/core/indexes/base.py", line 7000, in drop
    raise KeyError(f"{labels[mask].tolist()} not found in axis")
KeyError: "['group', 'dataType', 'timeFrame'] not found in axis"
[2025-09-08T02:11:02.718+0000] {foreign_1.py:18} INFO - Kết nối DB
[2025-09-08T02:11:03.209+0000] {foreign_1.py:28} INFO - Đã lưu foreign_HNX
[2025-09-08T02:11:03.210+0000] {foreign_1.py:18} INFO - Kết nối DB
[2025-09-08T02:11:03.756+0000] {foreign_1.py:28} INFO - Đã lưu foreign_UPCOM
[2025-09-08T02:11:03.757+0000] {python.py:237} INFO - Done. Returned value was: None
[2025-09-08T02:11:03.758+0000] {taskinstance.py:441} INFO - ::group::Post task execution logs
[2025-09-08T02:11:03.772+0000] {taskinstance.py:1206} INFO - Marking task as SUCCESS. dag_id=foreign_1_live, task_id=save_foreign_1, run_id=scheduled__2025-09-08T02:10:00+00:00, execution_date=20250908T021000, start_date=20250908T021101, end_date=20250908T021103
[2025-09-08T02:11:03.838+0000] {local_task_job_runner.py:240} INFO - Task exited with return code 0
[2025-09-08T02:11:03.883+0000] {taskinstance.py:3503} INFO - 4 downstream tasks scheduled from follow-on schedule check
[2025-09-08T02:11:03.887+0000] {local_task_job_runner.py:222} INFO - ::endgroup::
