[2025-08-18T23:48:54.654+0000] {local_task_job_runner.py:120} INFO - ::group::Pre task execution logs
[2025-08-18T23:48:54.683+0000] {taskinstance.py:2076} INFO - Dependencies all met for dep_context=non-requeueable deps ti=<TaskInstance: crypto_collector_dag.run_crypto_collector scheduled__2025-08-18T23:47:00+00:00 [queued]>
[2025-08-18T23:48:54.691+0000] {taskinstance.py:2076} INFO - Dependencies all met for dep_context=requeueable deps ti=<TaskInstance: crypto_collector_dag.run_crypto_collector scheduled__2025-08-18T23:47:00+00:00 [queued]>
[2025-08-18T23:48:54.691+0000] {taskinstance.py:2306} INFO - Starting attempt 1 of 2
[2025-08-18T23:48:54.702+0000] {taskinstance.py:2330} INFO - Executing <Task(BashOperator): run_crypto_collector> on 2025-08-18 23:47:00+00:00
[2025-08-18T23:48:54.708+0000] {standard_task_runner.py:63} INFO - Started process 218997 to run task
[2025-08-18T23:48:54.713+0000] {standard_task_runner.py:90} INFO - Running: ['***', 'tasks', 'run', 'crypto_collector_dag', 'run_crypto_collector', 'scheduled__2025-08-18T23:47:00+00:00', '--job-id', '9998', '--raw', '--subdir', 'DAGS_FOLDER/crawl_crypto/dags_crypto.py', '--cfg-path', '/tmp/tmpenybluef']
[2025-08-18T23:48:54.714+0000] {standard_task_runner.py:91} INFO - Job 9998: Subtask run_crypto_collector
[2025-08-18T23:48:54.769+0000] {task_command.py:426} INFO - Running <TaskInstance: crypto_collector_dag.run_crypto_collector scheduled__2025-08-18T23:47:00+00:00 [running]> on host 1877907bc043
[2025-08-18T23:48:54.868+0000] {taskinstance.py:2648} INFO - Exporting env vars: AIRFLOW_CTX_DAG_OWNER='***' AIRFLOW_CTX_DAG_ID='crypto_collector_dag' AIRFLOW_CTX_TASK_ID='run_crypto_collector' AIRFLOW_CTX_EXECUTION_DATE='2025-08-18T23:47:00+00:00' AIRFLOW_CTX_TRY_NUMBER='1' AIRFLOW_CTX_DAG_RUN_ID='scheduled__2025-08-18T23:47:00+00:00'
[2025-08-18T23:48:54.869+0000] {taskinstance.py:430} INFO - ::endgroup::
[2025-08-18T23:48:54.883+0000] {subprocess.py:63} INFO - Tmp dir root location: /tmp
[2025-08-18T23:48:54.884+0000] {subprocess.py:75} INFO - Running command: ['/usr/bin/bash', '-c', 'python3 /opt/***/dags/crawl_crypto/crawl_data_crypto.py']
[2025-08-18T23:48:54.897+0000] {subprocess.py:86} INFO - Output:
[2025-08-18T23:51:03.930+0000] {subprocess.py:93} INFO - 🔹 Kết nối DB...
[2025-08-18T23:51:03.931+0000] {subprocess.py:93} INFO - 🔹 Lấy top 100 crypto...
[2025-08-18T23:51:03.931+0000] {subprocess.py:93} INFO - Top 100: ['ETHUSDT', 'USDCUSDT', 'BTCUSDT', 'SOLUSDT', 'FDUSDUSDT', 'XRPUSDT', 'LINKUSDT', 'DOGEUSDT', 'ADAUSDT', 'SUIUSDT', 'BNBUSDT', 'PROVEUSDT', 'TRXUSDT', 'ENAUSDT', 'TOWNSUSDT', 'ARBUSDT', 'PEPEUSDT', 'UNIUSDT', 'AVAXUSDT', 'BIOUSDT', 'AEURUSDT', 'PENGUUSDT', 'SEIUSDT', 'LTCUSDT', 'HBARUSDT', 'POLUSDT', 'PLUMEUSDT', 'CRVUSDT', 'AAVEUSDT', 'TRUMPUSDT', 'BFUSDUSDT', 'NEARUSDT', 'WLDUSDT', 'DOTUSDT', 'BONKUSDT', 'INJUSDT', 'WIFUSDT', 'XLMUSDT', 'SUSDT', 'VIRTUALUSDT', 'API3USDT', 'LDOUSDT', 'TAOUSDT', 'APTUSDT', 'MEMEUSDT', 'SKLUSDT', 'TONUSDT', 'FLOKIUSDT', 'OPUSDT', 'ONDOUSDT', 'PENDLEUSDT', 'ETHFIUSDT', 'FETUSDT', 'EURUSDT', 'PONDUSDT', 'BCHUSDT', 'TIAUSDT', 'RAYUSDT', 'EPICUSDT', 'NEIROUSDT', 'SHIBUSDT', 'PNUTUSDT', 'ETCUSDT', 'ALGOUSDT', 'MAGICUSDT', 'ALPINEUSDT', 'EIGENUSDT', 'FILUSDT', 'XUSDUSDT', 'GALAUSDT', 'JUVUSDT', 'RENDERUSDT', 'CYBERUSDT', 'CTSIUSDT', 'CAKEUSDT', 'ASRUSDT', 'SPKUSDT', 'TSTUSDT', 'OGUSDT', 'VETUSDT', 'RUNEUSDT', 'ICPUSDT', 'MDTUSDT', 'PAXGUSDT', 'CFXUSDT', 'BERAUSDT', 'WBTCUSDT', 'MKRUSDT', 'ORDIUSDT', 'MAVUSDT', 'ATOMUSDT', 'SYRUPUSDT', 'ENSUSDT', 'AIXBTUSDT', 'ARKMUSDT', 'RESOLVUSDT', 'LAYERUSDT', 'OMUSDT', 'WCTUSDT', 'PORTOUSDT']
[2025-08-18T23:51:03.931+0000] {subprocess.py:93} INFO - 🔹 Lưu lịch sử giá vào DB bằng threading...
[2025-08-18T23:51:03.931+0000] {subprocess.py:93} INFO - ✅ BTCUSDT: thêm 4 dòng mới
[2025-08-18T23:51:03.932+0000] {subprocess.py:93} INFO - 1/100 BTCUSDT lưu OK
[2025-08-18T23:51:03.932+0000] {subprocess.py:93} INFO - ✅ USDCUSDT: thêm 4 dòng mới
[2025-08-18T23:51:03.932+0000] {subprocess.py:93} INFO - 2/100 USDCUSDT lưu OK
[2025-08-18T23:51:03.932+0000] {subprocess.py:93} INFO - ✅ ADAUSDT: thêm 4 dòng mới
[2025-08-18T23:51:03.933+0000] {subprocess.py:93} INFO - ✅ LINKUSDT: thêm 4 dòng mới
[2025-08-18T23:51:03.933+0000] {subprocess.py:93} INFO - 3/100 LINKUSDT lưu OK
[2025-08-18T23:51:03.933+0000] {subprocess.py:93} INFO - 4/100 ADAUSDT lưu OK
[2025-08-18T23:51:03.933+0000] {subprocess.py:93} INFO - ✅ XRPUSDT: thêm 4 dòng mới
[2025-08-18T23:51:03.933+0000] {subprocess.py:93} INFO - ✅ SOLUSDT: thêm 4 dòng mới
[2025-08-18T23:51:03.934+0000] {subprocess.py:93} INFO - ✅ DOGEUSDT: thêm 4 dòng mới
[2025-08-18T23:51:03.934+0000] {subprocess.py:93} INFO - 5/100 XRPUSDT lưu OK
[2025-08-18T23:51:03.934+0000] {subprocess.py:93} INFO - 6/100 SOLUSDT lưu OK
[2025-08-18T23:51:03.934+0000] {subprocess.py:93} INFO - ✅ ETHUSDT: thêm 4 dòng mới
[2025-08-18T23:51:03.935+0000] {subprocess.py:93} INFO - 7/100 DOGEUSDT lưu OK
[2025-08-18T23:51:03.935+0000] {subprocess.py:93} INFO - 8/100 ETHUSDT lưu OK
[2025-08-18T23:51:03.935+0000] {subprocess.py:93} INFO - ✅ SUIUSDT: thêm 4 dòng mới
[2025-08-18T23:51:03.935+0000] {subprocess.py:93} INFO - 9/100 SUIUSDT lưu OK
[2025-08-18T23:51:03.935+0000] {subprocess.py:93} INFO - ✅ FDUSDUSDT: thêm 4 dòng mới
[2025-08-18T23:51:03.936+0000] {subprocess.py:93} INFO - 10/100 FDUSDUSDT lưu OK
[2025-08-18T23:51:03.936+0000] {subprocess.py:93} INFO - ✅ BNBUSDT: thêm 4 dòng mới
[2025-08-18T23:51:03.936+0000] {subprocess.py:93} INFO - 11/100 BNBUSDT lưu OK
[2025-08-18T23:51:03.936+0000] {subprocess.py:93} INFO - ✅ PROVEUSDT: thêm 4 dòng mới
[2025-08-18T23:51:03.936+0000] {subprocess.py:93} INFO - 12/100 PROVEUSDT lưu OK
[2025-08-18T23:51:03.937+0000] {subprocess.py:93} INFO - ✅ TRXUSDT: thêm 4 dòng mới
[2025-08-18T23:51:03.937+0000] {subprocess.py:93} INFO - 13/100 TRXUSDT lưu OK
[2025-08-18T23:51:03.937+0000] {subprocess.py:93} INFO - ✅ TOWNSUSDT: thêm 4 dòng mới
[2025-08-18T23:51:03.937+0000] {subprocess.py:93} INFO - 14/100 BIOUSDT lỗi: relation "cryptocurrency.biousdt" does not exist
[2025-08-18T23:51:03.937+0000] {subprocess.py:93} INFO - LINE 1: SELECT MAX(time) FROM cryptocurrency.biousdt;
[2025-08-18T23:51:03.938+0000] {subprocess.py:93} INFO -                               ^
[2025-08-18T23:51:03.938+0000] {subprocess.py:93} INFO - 
[2025-08-18T23:51:03.938+0000] {subprocess.py:93} INFO - 15/100 TOWNSUSDT lưu OK
[2025-08-18T23:51:03.938+0000] {subprocess.py:93} INFO - ✅ ARBUSDT: thêm 4 dòng mới
[2025-08-18T23:51:03.938+0000] {subprocess.py:93} INFO - 16/100 ARBUSDT lưu OK
[2025-08-18T23:51:03.939+0000] {subprocess.py:93} INFO - ✅ ENAUSDT: thêm 4 dòng mới
[2025-08-18T23:51:03.939+0000] {subprocess.py:93} INFO - 17/100 ENAUSDT lưu OK
[2025-08-18T23:51:03.939+0000] {subprocess.py:93} INFO - ✅ AVAXUSDT: thêm 4 dòng mới
[2025-08-18T23:51:03.939+0000] {subprocess.py:93} INFO - 18/100 AVAXUSDT lưu OK
[2025-08-18T23:51:03.939+0000] {subprocess.py:93} INFO - ✅ UNIUSDT: thêm 4 dòng mới
[2025-08-18T23:51:03.940+0000] {subprocess.py:93} INFO - 19/100 UNIUSDT lưu OK
[2025-08-18T23:51:03.940+0000] {subprocess.py:93} INFO - ✅ PEPEUSDT: thêm 4 dòng mới
[2025-08-18T23:51:03.940+0000] {subprocess.py:93} INFO - 20/100 PEPEUSDT lưu OK
[2025-08-18T23:51:03.940+0000] {subprocess.py:93} INFO - 21/100 AEURUSDT lỗi: relation "cryptocurrency.aeurusdt" does not exist
[2025-08-18T23:51:03.941+0000] {subprocess.py:93} INFO - LINE 1: SELECT MAX(time) FROM cryptocurrency.aeurusdt;
[2025-08-18T23:51:03.941+0000] {subprocess.py:93} INFO -                               ^
[2025-08-18T23:51:03.941+0000] {subprocess.py:93} INFO - 
[2025-08-18T23:51:03.941+0000] {subprocess.py:93} INFO - ✅ PENGUUSDT: thêm 4 dòng mới
[2025-08-18T23:51:03.941+0000] {subprocess.py:93} INFO - 22/100 PENGUUSDT lưu OK
[2025-08-18T23:51:03.942+0000] {subprocess.py:93} INFO - ✅ SEIUSDT: thêm 4 dòng mới
[2025-08-18T23:51:03.942+0000] {subprocess.py:93} INFO - 23/100 SEIUSDT lưu OK
[2025-08-18T23:51:03.942+0000] {subprocess.py:93} INFO - ✅ HBARUSDT: thêm 4 dòng mới
[2025-08-18T23:51:03.942+0000] {subprocess.py:93} INFO - 24/100 HBARUSDT lưu OK
[2025-08-18T23:51:03.942+0000] {subprocess.py:93} INFO - ✅ POLUSDT: thêm 4 dòng mới
[2025-08-18T23:51:03.943+0000] {subprocess.py:93} INFO - ✅ AAVEUSDT: thêm 4 dòng mới
[2025-08-18T23:51:03.943+0000] {subprocess.py:93} INFO - 25/100 POLUSDT lưu OK
[2025-08-18T23:51:03.943+0000] {subprocess.py:93} INFO - 26/100 AAVEUSDT lưu OK
[2025-08-18T23:51:03.943+0000] {subprocess.py:93} INFO - ✅ LTCUSDT: thêm 4 dòng mới
[2025-08-18T23:51:03.943+0000] {subprocess.py:93} INFO - 27/100 LTCUSDT lưu OK
[2025-08-18T23:51:03.944+0000] {subprocess.py:93} INFO - ✅ TRUMPUSDT: thêm 4 dòng mới
[2025-08-18T23:51:03.944+0000] {subprocess.py:93} INFO - 28/100 TRUMPUSDT lưu OK
[2025-08-18T23:51:03.944+0000] {subprocess.py:93} INFO - ✅ CRVUSDT: thêm 4 dòng mới
[2025-08-18T23:51:03.944+0000] {subprocess.py:93} INFO - 29/100 CRVUSDT lưu OK
[2025-08-18T23:51:03.944+0000] {subprocess.py:93} INFO - 30/100 PLUMEUSDT lỗi: relation "cryptocurrency.plumeusdt" does not exist
[2025-08-18T23:51:03.945+0000] {subprocess.py:93} INFO - LINE 1: SELECT MAX(time) FROM cryptocurrency.plumeusdt;
[2025-08-18T23:51:03.945+0000] {subprocess.py:93} INFO -                               ^
[2025-08-18T23:51:03.945+0000] {subprocess.py:93} INFO - 
[2025-08-18T23:51:03.945+0000] {subprocess.py:93} INFO - ⚠️ WIFUSDT lỗi lần 1/3: HTTPSConnectionPool(host='api.binance.com', port=443): Max retries exceeded with url: /api/v3/klines?symbol=WIFUSDT&interval=1m&limit=100 (Caused by ConnectTimeoutError(<urllib3.connection.HTTPSConnection object at 0x7f8e23986b60>, 'Connection to api.binance.com timed out. (connect timeout=15)'))
[2025-08-18T23:51:03.945+0000] {subprocess.py:93} INFO - ⚠️ SUSDT lỗi lần 1/3: HTTPSConnectionPool(host='api.binance.com', port=443): Max retries exceeded with url: /api/v3/klines?symbol=SUSDT&interval=1m&limit=100 (Caused by ConnectTimeoutError(<urllib3.connection.HTTPSConnection object at 0x7f8e23986920>, 'Connection to api.binance.com timed out. (connect timeout=15)'))
[2025-08-18T23:51:03.946+0000] {subprocess.py:93} INFO - ⚠️ VIRTUALUSDT lỗi lần 1/3: HTTPSConnectionPool(host='api.binance.com', port=443): Max retries exceeded with url: /api/v3/klines?symbol=VIRTUALUSDT&interval=1m&limit=100 (Caused by ConnectTimeoutError(<urllib3.connection.HTTPSConnection object at 0x7f8e23987370>, 'Connection to api.binance.com timed out. (connect timeout=15)'))
[2025-08-18T23:51:03.946+0000] {subprocess.py:93} INFO - ✅ SUSDT: thêm 42 dòng mới
[2025-08-18T23:51:03.946+0000] {subprocess.py:93} INFO - 31/100 SUSDT lưu OK
[2025-08-18T23:51:03.946+0000] {subprocess.py:93} INFO - ⚠️ API3USDT lỗi lần 1/3: HTTPSConnectionPool(host='api.binance.com', port=443): Max retries exceeded with url: /api/v3/klines?symbol=API3USDT&interval=1m&limit=100 (Caused by ConnectTimeoutError(<urllib3.connection.HTTPSConnection object at 0x7f8e2397d900>, 'Connection to api.binance.com timed out. (connect timeout=15)'))
[2025-08-18T23:51:03.946+0000] {subprocess.py:93} INFO - ⚠️ API3USDT lỗi lần 2/3: HTTPSConnectionPool(host='api.binance.com', port=443): Max retries exceeded with url: /api/v3/klines?symbol=API3USDT&interval=1m&limit=100 (Caused by ConnectTimeoutError(<urllib3.connection.HTTPSConnection object at 0x7f8e2397fa90>, 'Connection to api.binance.com timed out. (connect timeout=15)'))
[2025-08-18T23:51:03.947+0000] {subprocess.py:93} INFO - ⚠️ API3USDT lỗi lần 3/3: HTTPSConnectionPool(host='api.binance.com', port=443): Max retries exceeded with url: /api/v3/klines?symbol=API3USDT&interval=1m&limit=100 (Caused by ConnectTimeoutError(<urllib3.connection.HTTPSConnection object at 0x7f8e23951ff0>, 'Connection to api.binance.com timed out. (connect timeout=15)'))
[2025-08-18T23:51:03.947+0000] {subprocess.py:93} INFO - 32/100 API3USDT bỏ qua (fail)
[2025-08-18T23:51:03.947+0000] {subprocess.py:93} INFO - ⚠️ LDOUSDT lỗi lần 1/3: HTTPSConnectionPool(host='api.binance.com', port=443): Max retries exceeded with url: /api/v3/klines?symbol=LDOUSDT&interval=1m&limit=100 (Caused by ConnectTimeoutError(<urllib3.connection.HTTPSConnection object at 0x7f8e23953c40>, 'Connection to api.binance.com timed out. (connect timeout=15)'))
[2025-08-18T23:51:03.947+0000] {subprocess.py:93} INFO - ⚠️ LDOUSDT lỗi lần 2/3: HTTPSConnectionPool(host='api.binance.com', port=443): Max retries exceeded with url: /api/v3/klines?symbol=LDOUSDT&interval=1m&limit=100 (Caused by ConnectTimeoutError(<urllib3.connection.HTTPSConnection object at 0x7f8e23953c70>, 'Connection to api.binance.com timed out. (connect timeout=15)'))
[2025-08-18T23:51:03.948+0000] {subprocess.py:93} INFO - ✅ LDOUSDT: thêm 5 dòng mới
[2025-08-18T23:51:03.948+0000] {subprocess.py:93} INFO - 33/100 LDOUSDT lưu OK
[2025-08-18T23:51:03.948+0000] {subprocess.py:93} INFO - ✅ TAOUSDT: thêm 5 dòng mới
[2025-08-18T23:51:03.948+0000] {subprocess.py:93} INFO - 34/100 TAOUSDT lưu OK
[2025-08-18T23:51:03.948+0000] {subprocess.py:93} INFO - ✅ APTUSDT: thêm 8 dòng mới
[2025-08-18T23:51:03.949+0000] {subprocess.py:93} INFO - 35/100 APTUSDT lưu OK
[2025-08-18T23:51:03.949+0000] {subprocess.py:93} INFO - 36/100 MEMEUSDT lỗi: relation "cryptocurrency.memeusdt" does not exist
[2025-08-18T23:51:03.949+0000] {subprocess.py:93} INFO - LINE 1: SELECT MAX(time) FROM cryptocurrency.memeusdt;
[2025-08-18T23:51:03.949+0000] {subprocess.py:93} INFO -                               ^
[2025-08-18T23:51:03.949+0000] {subprocess.py:93} INFO - 
[2025-08-18T23:51:03.950+0000] {subprocess.py:93} INFO - ✅ SKLUSDT: thêm 8 dòng mới
[2025-08-18T23:51:03.950+0000] {subprocess.py:93} INFO - 37/100 SKLUSDT lưu OK
[2025-08-18T23:51:03.950+0000] {subprocess.py:93} INFO - ✅ TONUSDT: thêm 8 dòng mới
[2025-08-18T23:51:03.950+0000] {subprocess.py:93} INFO - 38/100 TONUSDT lưu OK
[2025-08-18T23:51:03.950+0000] {subprocess.py:93} INFO - ✅ FLOKIUSDT: thêm 8 dòng mới
[2025-08-18T23:51:03.951+0000] {subprocess.py:93} INFO - 39/100 FLOKIUSDT lưu OK
[2025-08-18T23:51:03.951+0000] {subprocess.py:93} INFO - ✅ OPUSDT: thêm 8 dòng mới
[2025-08-18T23:51:03.951+0000] {subprocess.py:93} INFO - 40/100 OPUSDT lưu OK
[2025-08-18T23:51:03.951+0000] {subprocess.py:93} INFO - ✅ ONDOUSDT: thêm 8 dòng mới
[2025-08-18T23:51:03.951+0000] {subprocess.py:93} INFO - 41/100 ONDOUSDT lưu OK
[2025-08-18T23:51:03.952+0000] {subprocess.py:93} INFO - ✅ PENDLEUSDT: thêm 8 dòng mới
[2025-08-18T23:51:03.952+0000] {subprocess.py:93} INFO - 42/100 PENDLEUSDT lưu OK
[2025-08-18T23:51:03.952+0000] {subprocess.py:93} INFO - ✅ ETHFIUSDT: thêm 4 dòng mới
[2025-08-18T23:51:03.952+0000] {subprocess.py:93} INFO - 43/100 ETHFIUSDT lưu OK
[2025-08-18T23:51:03.952+0000] {subprocess.py:93} INFO - ✅ FETUSDT: thêm 4 dòng mới
[2025-08-18T23:51:03.953+0000] {subprocess.py:93} INFO - 44/100 FETUSDT lưu OK
[2025-08-18T23:51:03.953+0000] {subprocess.py:93} INFO - ✅ EURUSDT: thêm 4 dòng mới
[2025-08-18T23:51:03.953+0000] {subprocess.py:93} INFO - 45/100 EURUSDT lưu OK
[2025-08-18T23:51:03.953+0000] {subprocess.py:93} INFO - 46/100 PONDUSDT lỗi: relation "cryptocurrency.pondusdt" does not exist
[2025-08-18T23:51:03.953+0000] {subprocess.py:93} INFO - LINE 1: SELECT MAX(time) FROM cryptocurrency.pondusdt;
[2025-08-18T23:51:03.954+0000] {subprocess.py:93} INFO -                               ^
[2025-08-18T23:51:03.954+0000] {subprocess.py:93} INFO - 
[2025-08-18T23:51:03.954+0000] {subprocess.py:93} INFO - ✅ BCHUSDT: thêm 4 dòng mới
[2025-08-18T23:51:03.954+0000] {subprocess.py:93} INFO - 47/100 BCHUSDT lưu OK
[2025-08-18T23:51:03.954+0000] {subprocess.py:93} INFO - ✅ TIAUSDT: thêm 4 dòng mới
[2025-08-18T23:51:03.955+0000] {subprocess.py:93} INFO - 48/100 TIAUSDT lưu OK
[2025-08-18T23:51:03.955+0000] {subprocess.py:93} INFO - ✅ RAYUSDT: thêm 4 dòng mới
[2025-08-18T23:51:03.955+0000] {subprocess.py:93} INFO - 49/100 RAYUSDT lưu OK
[2025-08-18T23:51:03.955+0000] {subprocess.py:93} INFO - ✅ EPICUSDT: thêm 4 dòng mới
[2025-08-18T23:51:03.955+0000] {subprocess.py:93} INFO - 50/100 EPICUSDT lưu OK
[2025-08-18T23:51:03.956+0000] {subprocess.py:93} INFO - ✅ NEIROUSDT: thêm 4 dòng mới
[2025-08-18T23:51:03.956+0000] {subprocess.py:93} INFO - 51/100 NEIROUSDT lưu OK
[2025-08-18T23:51:03.956+0000] {subprocess.py:93} INFO - ✅ SHIBUSDT: thêm 4 dòng mới
[2025-08-18T23:51:03.956+0000] {subprocess.py:93} INFO - 52/100 SHIBUSDT lưu OK
[2025-08-18T23:51:03.957+0000] {subprocess.py:93} INFO - ✅ PNUTUSDT: thêm 5 dòng mới
[2025-08-18T23:51:03.957+0000] {subprocess.py:93} INFO - 53/100 PNUTUSDT lưu OK
[2025-08-18T23:51:03.957+0000] {subprocess.py:93} INFO - ✅ ETCUSDT: thêm 5 dòng mới
[2025-08-18T23:51:03.957+0000] {subprocess.py:93} INFO - 54/100 ETCUSDT lưu OK
[2025-08-18T23:51:03.957+0000] {subprocess.py:93} INFO - ✅ ALGOUSDT: thêm 5 dòng mới
[2025-08-18T23:51:03.958+0000] {subprocess.py:93} INFO - 55/100 ALGOUSDT lưu OK
[2025-08-18T23:51:03.958+0000] {subprocess.py:93} INFO - ✅ MAGICUSDT: thêm 5 dòng mới
[2025-08-18T23:51:03.958+0000] {subprocess.py:93} INFO - 56/100 MAGICUSDT lưu OK
[2025-08-18T23:51:03.958+0000] {subprocess.py:93} INFO - ✅ ALPINEUSDT: thêm 5 dòng mới
[2025-08-18T23:51:03.958+0000] {subprocess.py:93} INFO - 57/100 ALPINEUSDT lưu OK
[2025-08-18T23:51:03.959+0000] {subprocess.py:93} INFO - ✅ EIGENUSDT: thêm 5 dòng mới
[2025-08-18T23:51:03.959+0000] {subprocess.py:93} INFO - 58/100 EIGENUSDT lưu OK
[2025-08-18T23:51:03.959+0000] {subprocess.py:93} INFO - ✅ FILUSDT: thêm 5 dòng mới
[2025-08-18T23:51:03.959+0000] {subprocess.py:93} INFO - 59/100 FILUSDT lưu OK
[2025-08-18T23:51:03.959+0000] {subprocess.py:93} INFO - ✅ XUSDUSDT: thêm 5 dòng mới
[2025-08-18T23:51:03.960+0000] {subprocess.py:93} INFO - 60/100 XUSDUSDT lưu OK
[2025-08-18T23:51:03.960+0000] {subprocess.py:93} INFO - ✅ GALAUSDT: thêm 5 dòng mới
[2025-08-18T23:51:03.960+0000] {subprocess.py:93} INFO - 61/100 GALAUSDT lưu OK
[2025-08-18T23:51:03.960+0000] {subprocess.py:93} INFO - ✅ JUVUSDT: thêm 5 dòng mới
[2025-08-18T23:51:03.960+0000] {subprocess.py:93} INFO - 62/100 JUVUSDT lưu OK
[2025-08-18T23:51:03.961+0000] {subprocess.py:93} INFO - ✅ RENDERUSDT: thêm 5 dòng mới
[2025-08-18T23:51:03.961+0000] {subprocess.py:93} INFO - 63/100 RENDERUSDT lưu OK
[2025-08-18T23:51:47.302+0000] {subprocess.py:93} INFO - 64/100 CYBERUSDT lỗi: relation "cryptocurrency.cyberusdt" does not exist
[2025-08-18T23:51:47.302+0000] {subprocess.py:93} INFO - LINE 1: SELECT MAX(time) FROM cryptocurrency.cyberusdt;
[2025-08-18T23:51:47.302+0000] {subprocess.py:93} INFO -                               ^
[2025-08-18T23:51:47.303+0000] {subprocess.py:93} INFO - 
[2025-08-18T23:51:47.303+0000] {subprocess.py:93} INFO - ✅ CTSIUSDT: thêm 5 dòng mới
[2025-08-18T23:51:47.303+0000] {subprocess.py:93} INFO - 65/100 CTSIUSDT lưu OK
[2025-08-18T23:51:47.303+0000] {subprocess.py:93} INFO - ✅ CAKEUSDT: thêm 5 dòng mới
[2025-08-18T23:51:47.304+0000] {subprocess.py:93} INFO - 66/100 CAKEUSDT lưu OK
[2025-08-18T23:51:47.304+0000] {subprocess.py:93} INFO - ✅ ASRUSDT: thêm 5 dòng mới
[2025-08-18T23:51:47.304+0000] {subprocess.py:93} INFO - 67/100 ASRUSDT lưu OK
[2025-08-18T23:51:47.304+0000] {subprocess.py:93} INFO - ✅ SPKUSDT: thêm 5 dòng mới
[2025-08-18T23:51:47.305+0000] {subprocess.py:93} INFO - 68/100 SPKUSDT lưu OK
[2025-08-18T23:51:47.305+0000] {subprocess.py:93} INFO - ✅ TSTUSDT: thêm 5 dòng mới
[2025-08-18T23:51:47.305+0000] {subprocess.py:93} INFO - 69/100 TSTUSDT lưu OK
[2025-08-18T23:51:47.305+0000] {subprocess.py:93} INFO - ✅ OGUSDT: thêm 5 dòng mới
[2025-08-18T23:51:47.305+0000] {subprocess.py:93} INFO - 70/100 OGUSDT lưu OK
[2025-08-18T23:51:47.306+0000] {subprocess.py:93} INFO - 71/100 VETUSDT lỗi: relation "cryptocurrency.vetusdt" does not exist
[2025-08-18T23:51:47.306+0000] {subprocess.py:93} INFO - LINE 1: SELECT MAX(time) FROM cryptocurrency.vetusdt;
[2025-08-18T23:51:47.306+0000] {subprocess.py:93} INFO -                               ^
[2025-08-18T23:51:47.306+0000] {subprocess.py:93} INFO - 
[2025-08-18T23:51:47.306+0000] {subprocess.py:93} INFO - 72/100 RUNEUSDT lỗi: relation "cryptocurrency.runeusdt" does not exist
[2025-08-18T23:51:47.307+0000] {subprocess.py:93} INFO - LINE 1: SELECT MAX(time) FROM cryptocurrency.runeusdt;
[2025-08-18T23:51:47.307+0000] {subprocess.py:93} INFO -                               ^
[2025-08-18T23:51:47.307+0000] {subprocess.py:93} INFO - 
[2025-08-18T23:51:47.307+0000] {subprocess.py:93} INFO - ✅ ICPUSDT: thêm 5 dòng mới
[2025-08-18T23:51:47.307+0000] {subprocess.py:93} INFO - 73/100 ICPUSDT lưu OK
[2025-08-18T23:51:47.308+0000] {subprocess.py:93} INFO - ✅ MDTUSDT: thêm 5 dòng mới
[2025-08-18T23:51:47.308+0000] {subprocess.py:93} INFO - 74/100 MDTUSDT lưu OK
[2025-08-18T23:51:47.308+0000] {subprocess.py:93} INFO - 75/100 NEARUSDT lỗi: connection to server at "videv.cloud" (27.74.74.29), port 5432 failed: Connection timed out
[2025-08-18T23:51:47.308+0000] {subprocess.py:93} INFO - 	Is the server running on that host and accepting TCP/IP connections?
[2025-08-18T23:51:47.308+0000] {subprocess.py:93} INFO - 
[2025-08-18T23:51:47.309+0000] {subprocess.py:93} INFO - 76/100 BFUSDUSDT lỗi: connection to server at "videv.cloud" (27.74.74.29), port 5432 failed: Connection timed out
[2025-08-18T23:51:47.309+0000] {subprocess.py:93} INFO - 	Is the server running on that host and accepting TCP/IP connections?
[2025-08-18T23:51:47.309+0000] {subprocess.py:93} INFO - 
[2025-08-18T23:51:47.309+0000] {subprocess.py:93} INFO - 77/100 XLMUSDT lỗi: connection to server at "videv.cloud" (27.74.74.29), port 5432 failed: Connection timed out
[2025-08-18T23:51:47.310+0000] {subprocess.py:93} INFO - 	Is the server running on that host and accepting TCP/IP connections?
[2025-08-18T23:51:47.310+0000] {subprocess.py:93} INFO - 
[2025-08-18T23:51:47.310+0000] {subprocess.py:93} INFO - 78/100 DOTUSDT lỗi: connection to server at "videv.cloud" (27.74.74.29), port 5432 failed: Connection timed out
[2025-08-18T23:51:47.310+0000] {subprocess.py:93} INFO - 	Is the server running on that host and accepting TCP/IP connections?
[2025-08-18T23:51:47.310+0000] {subprocess.py:93} INFO - 
[2025-08-18T23:51:47.311+0000] {subprocess.py:93} INFO - 79/100 BONKUSDT lỗi: connection to server at "videv.cloud" (27.74.74.29), port 5432 failed: Connection timed out
[2025-08-18T23:51:47.311+0000] {subprocess.py:93} INFO - 	Is the server running on that host and accepting TCP/IP connections?
[2025-08-18T23:51:47.311+0000] {subprocess.py:93} INFO - 
[2025-08-18T23:51:47.311+0000] {subprocess.py:93} INFO - 80/100 WLDUSDT lỗi: connection to server at "videv.cloud" (27.74.74.29), port 5432 failed: Connection timed out
[2025-08-18T23:51:47.311+0000] {subprocess.py:93} INFO - 	Is the server running on that host and accepting TCP/IP connections?
[2025-08-18T23:51:47.312+0000] {subprocess.py:93} INFO - 
[2025-08-18T23:51:47.312+0000] {subprocess.py:93} INFO - 81/100 INJUSDT lỗi: connection to server at "videv.cloud" (27.74.74.29), port 5432 failed: Connection timed out
[2025-08-18T23:51:47.312+0000] {subprocess.py:93} INFO - 	Is the server running on that host and accepting TCP/IP connections?
[2025-08-18T23:51:47.312+0000] {subprocess.py:93} INFO - 
[2025-08-18T23:51:47.312+0000] {subprocess.py:93} INFO - ⚠️ PAXGUSDT lỗi lần 1/3: HTTPSConnectionPool(host='api.binance.com', port=443): Max retries exceeded with url: /api/v3/klines?symbol=PAXGUSDT&interval=1m&limit=100 (Caused by ConnectTimeoutError(<urllib3.connection.HTTPSConnection object at 0x7f8e2393d420>, 'Connection to api.binance.com timed out. (connect timeout=15)'))
[2025-08-18T23:51:47.313+0000] {subprocess.py:93} INFO - ⚠️ ATOMUSDT lỗi lần 1/3: HTTPSConnectionPool(host='api.binance.com', port=443): Max retries exceeded with url: /api/v3/klines?symbol=ATOMUSDT&interval=1m&limit=100 (Caused by ConnectTimeoutError(<urllib3.connection.HTTPSConnection object at 0x7f8e23985b70>, 'Connection to api.binance.com timed out. (connect timeout=15)'))
[2025-08-18T23:51:47.313+0000] {subprocess.py:93} INFO - ⚠️ CFXUSDT lỗi lần 1/3: HTTPSConnectionPool(host='api.binance.com', port=443): Max retries exceeded with url: /api/v3/klines?symbol=CFXUSDT&interval=1m&limit=100 (Caused by ConnectTimeoutError(<urllib3.connection.HTTPSConnection object at 0x7f8e23984580>, 'Connection to api.binance.com timed out. (connect timeout=15)'))
[2025-08-18T23:51:47.313+0000] {subprocess.py:93} INFO - ⚠️ ORDIUSDT lỗi lần 1/3: HTTPSConnectionPool(host='api.binance.com', port=443): Max retries exceeded with url: /api/v3/klines?symbol=ORDIUSDT&interval=1m&limit=100 (Caused by ConnectTimeoutError(<urllib3.connection.HTTPSConnection object at 0x7f8e23984fd0>, 'Connection to api.binance.com timed out. (connect timeout=15)'))
[2025-08-18T23:51:47.313+0000] {subprocess.py:93} INFO - ⚠️ MKRUSDT lỗi lần 1/3: HTTPSConnectionPool(host='api.binance.com', port=443): Max retries exceeded with url: /api/v3/klines?symbol=MKRUSDT&interval=1m&limit=100 (Caused by ConnectTimeoutError(<urllib3.connection.HTTPSConnection object at 0x7f8e23984c70>, 'Connection to api.binance.com timed out. (connect timeout=15)'))
[2025-08-18T23:51:47.313+0000] {subprocess.py:93} INFO - ⚠️ MAVUSDT lỗi lần 1/3: HTTPSConnectionPool(host='api.binance.com', port=443): Max retries exceeded with url: /api/v3/klines?symbol=MAVUSDT&interval=1m&limit=100 (Caused by ConnectTimeoutError(<urllib3.connection.HTTPSConnection object at 0x7f8e239855a0>, 'Connection to api.binance.com timed out. (connect timeout=15)'))
[2025-08-18T23:51:47.314+0000] {subprocess.py:93} INFO - ⚠️ WBTCUSDT lỗi lần 1/3: HTTPSConnectionPool(host='api.binance.com', port=443): Max retries exceeded with url: /api/v3/klines?symbol=WBTCUSDT&interval=1m&limit=100 (Caused by ConnectTimeoutError(<urllib3.connection.HTTPSConnection object at 0x7f8e23987220>, 'Connection to api.binance.com timed out. (connect timeout=15)'))
[2025-08-18T23:51:47.314+0000] {subprocess.py:93} INFO - ⚠️ BERAUSDT lỗi lần 1/3: HTTPSConnectionPool(host='api.binance.com', port=443): Max retries exceeded with url: /api/v3/klines?symbol=BERAUSDT&interval=1m&limit=100 (Caused by ConnectTimeoutError(<urllib3.connection.HTTPSConnection object at 0x7f8e23984850>, 'Connection to api.binance.com timed out. (connect timeout=15)'))
[2025-08-18T23:51:47.314+0000] {subprocess.py:93} INFO - 82/100 PAXGUSDT lỗi: relation "cryptocurrency.paxgusdt" does not exist
[2025-08-18T23:51:47.314+0000] {subprocess.py:93} INFO - LINE 1: SELECT MAX(time) FROM cryptocurrency.paxgusdt;
[2025-08-18T23:51:47.314+0000] {subprocess.py:93} INFO -                               ^
[2025-08-18T23:51:47.315+0000] {subprocess.py:93} INFO - 
[2025-08-18T23:51:47.315+0000] {subprocess.py:93} INFO - 83/100 WIFUSDT lỗi: connection to server at "videv.cloud" (27.74.74.29), port 5432 failed: Connection timed out
[2025-08-18T23:51:47.315+0000] {subprocess.py:93} INFO - 	Is the server running on that host and accepting TCP/IP connections?
[2025-08-18T23:51:47.315+0000] {subprocess.py:93} INFO - 
[2025-08-18T23:51:47.315+0000] {subprocess.py:93} INFO - 84/100 VIRTUALUSDT lỗi: connection to server at "videv.cloud" (27.74.74.29), port 5432 failed: Connection timed out
[2025-08-18T23:51:47.316+0000] {subprocess.py:93} INFO - 	Is the server running on that host and accepting TCP/IP connections?
[2025-08-18T23:51:47.316+0000] {subprocess.py:93} INFO - 
[2025-08-18T23:51:47.316+0000] {subprocess.py:93} INFO - ✅ SYRUPUSDT: thêm 8 dòng mới
[2025-08-18T23:51:47.316+0000] {subprocess.py:93} INFO - 85/100 SYRUPUSDT lưu OK
[2025-08-18T23:51:47.316+0000] {subprocess.py:93} INFO - ⚠️ ATOMUSDT lỗi lần 2/3: HTTPSConnectionPool(host='api.binance.com', port=443): Max retries exceeded with url: /api/v3/klines?symbol=ATOMUSDT&interval=1m&limit=100 (Caused by ConnectTimeoutError(<urllib3.connection.HTTPSConnection object at 0x7f8e22550310>, 'Connection to api.binance.com timed out. (connect timeout=15)'))
[2025-08-18T23:51:47.317+0000] {subprocess.py:93} INFO - ⚠️ WBTCUSDT lỗi lần 2/3: HTTPSConnectionPool(host='api.binance.com', port=443): Max retries exceeded with url: /api/v3/klines?symbol=WBTCUSDT&interval=1m&limit=100 (Caused by ConnectTimeoutError(<urllib3.connection.HTTPSConnection object at 0x7f8e2397f940>, 'Connection to api.binance.com timed out. (connect timeout=15)'))
[2025-08-18T23:51:47.317+0000] {subprocess.py:93} INFO - ⚠️ MKRUSDT lỗi lần 2/3: HTTPSConnectionPool(host='api.binance.com', port=443): Max retries exceeded with url: /api/v3/klines?symbol=MKRUSDT&interval=1m&limit=100 (Caused by ConnectTimeoutError(<urllib3.connection.HTTPSConnection object at 0x7f8e225522f0>, 'Connection to api.binance.com timed out. (connect timeout=15)'))
[2025-08-18T23:51:47.317+0000] {subprocess.py:93} INFO - ⚠️ CFXUSDT lỗi lần 2/3: HTTPSConnectionPool(host='api.binance.com', port=443): Max retries exceeded with url: /api/v3/klines?symbol=CFXUSDT&interval=1m&limit=100 (Caused by ConnectTimeoutError(<urllib3.connection.HTTPSConnection object at 0x7f8e225500d0>, 'Connection to api.binance.com timed out. (connect timeout=15)'))
[2025-08-18T23:51:47.317+0000] {subprocess.py:93} INFO - ⚠️ MAVUSDT lỗi lần 2/3: HTTPSConnectionPool(host='api.binance.com', port=443): Max retries exceeded with url: /api/v3/klines?symbol=MAVUSDT&interval=1m&limit=100 (Caused by ConnectTimeoutError(<urllib3.connection.HTTPSConnection object at 0x7f8e2397e140>, 'Connection to api.binance.com timed out. (connect timeout=15)'))
[2025-08-18T23:51:47.318+0000] {subprocess.py:93} INFO - ⚠️ ORDIUSDT lỗi lần 2/3: HTTPSConnectionPool(host='api.binance.com', port=443): Max retries exceeded with url: /api/v3/klines?symbol=ORDIUSDT&interval=1m&limit=100 (Caused by ConnectTimeoutError(<urllib3.connection.HTTPSConnection object at 0x7f8e2397d960>, 'Connection to api.binance.com timed out. (connect timeout=15)'))
[2025-08-18T23:51:47.318+0000] {subprocess.py:93} INFO - ⚠️ BERAUSDT lỗi lần 2/3: HTTPSConnectionPool(host='api.binance.com', port=443): Max retries exceeded with url: /api/v3/klines?symbol=BERAUSDT&interval=1m&limit=100 (Caused by ConnectTimeoutError(<urllib3.connection.HTTPSConnection object at 0x7f8e2397ff70>, 'Connection to api.binance.com timed out. (connect timeout=15)'))
[2025-08-18T23:51:47.318+0000] {subprocess.py:93} INFO - ⚠️ ENSUSDT lỗi lần 1/3: HTTPSConnectionPool(host='api.binance.com', port=443): Max retries exceeded with url: /api/v3/klines?symbol=ENSUSDT&interval=1m&limit=100 (Caused by ConnectTimeoutError(<urllib3.connection.HTTPSConnection object at 0x7f8e22553100>, 'Connection to api.binance.com timed out. (connect timeout=15)'))
[2025-08-18T23:52:32.911+0000] {subprocess.py:93} INFO - ⚠️ AIXBTUSDT lỗi lần 1/3: HTTPSConnectionPool(host='api.binance.com', port=443): Max retries exceeded with url: /api/v3/klines?symbol=AIXBTUSDT&interval=1m&limit=100 (Caused by ConnectTimeoutError(<urllib3.connection.HTTPSConnection object at 0x7f8e225532e0>, 'Connection to api.binance.com timed out. (connect timeout=15)'))
[2025-08-18T23:52:32.912+0000] {subprocess.py:93} INFO - ⚠️ ARKMUSDT lỗi lần 1/3: HTTPSConnectionPool(host='api.binance.com', port=443): Max retries exceeded with url: /api/v3/klines?symbol=ARKMUSDT&interval=1m&limit=100 (Caused by ConnectTimeoutError(<urllib3.connection.HTTPSConnection object at 0x7f8e22553550>, 'Connection to api.binance.com timed out. (connect timeout=15)'))
[2025-08-18T23:52:32.912+0000] {subprocess.py:93} INFO - ⚠️ ATOMUSDT lỗi lần 3/3: HTTPSConnectionPool(host='api.binance.com', port=443): Max retries exceeded with url: /api/v3/klines?symbol=ATOMUSDT&interval=1m&limit=100 (Caused by ConnectTimeoutError(<urllib3.connection.HTTPSConnection object at 0x7f8e22553fd0>, 'Connection to api.binance.com timed out. (connect timeout=15)'))
[2025-08-18T23:52:32.912+0000] {subprocess.py:93} INFO - ⚠️ WBTCUSDT lỗi lần 3/3: HTTPSConnectionPool(host='api.binance.com', port=443): Max retries exceeded with url: /api/v3/klines?symbol=WBTCUSDT&interval=1m&limit=100 (Caused by ConnectTimeoutError(<urllib3.connection.HTTPSConnection object at 0x7f8e2253d510>, 'Connection to api.binance.com timed out. (connect timeout=15)'))
[2025-08-18T23:52:32.913+0000] {subprocess.py:93} INFO - ⚠️ BERAUSDT lỗi lần 3/3: HTTPSConnectionPool(host='api.binance.com', port=443): Max retries exceeded with url: /api/v3/klines?symbol=BERAUSDT&interval=1m&limit=100 (Caused by ConnectTimeoutError(<urllib3.connection.HTTPSConnection object at 0x7f8e2253e0e0>, 'Connection to api.binance.com timed out. (connect timeout=15)'))
[2025-08-18T23:52:32.913+0000] {subprocess.py:93} INFO - ⚠️ ORDIUSDT lỗi lần 3/3: HTTPSConnectionPool(host='api.binance.com', port=443): Max retries exceeded with url: /api/v3/klines?symbol=ORDIUSDT&interval=1m&limit=100 (Caused by ConnectTimeoutError(<urllib3.connection.HTTPSConnection object at 0x7f8e2253e680>, 'Connection to api.binance.com timed out. (connect timeout=15)'))
[2025-08-18T23:52:32.913+0000] {subprocess.py:93} INFO - ⚠️ CFXUSDT lỗi lần 3/3: HTTPSConnectionPool(host='api.binance.com', port=443): Max retries exceeded with url: /api/v3/klines?symbol=CFXUSDT&interval=1m&limit=100 (Caused by ConnectTimeoutError(<urllib3.connection.HTTPSConnection object at 0x7f8e2253e2c0>, 'Connection to api.binance.com timed out. (connect timeout=15)'))
[2025-08-18T23:52:32.914+0000] {subprocess.py:93} INFO - ⚠️ MKRUSDT lỗi lần 3/3: HTTPSConnectionPool(host='api.binance.com', port=443): Max retries exceeded with url: /api/v3/klines?symbol=MKRUSDT&interval=1m&limit=100 (Caused by ConnectTimeoutError(<urllib3.connection.HTTPSConnection object at 0x7f8e2253e4a0>, 'Connection to api.binance.com timed out. (connect timeout=15)'))
[2025-08-18T23:52:32.914+0000] {subprocess.py:93} INFO - ⚠️ MAVUSDT lỗi lần 3/3: HTTPSConnectionPool(host='api.binance.com', port=443): Max retries exceeded with url: /api/v3/klines?symbol=MAVUSDT&interval=1m&limit=100 (Caused by ConnectTimeoutError(<urllib3.connection.HTTPSConnection object at 0x7f8e2253dcc0>, 'Connection to api.binance.com timed out. (connect timeout=15)'))
[2025-08-18T23:52:32.914+0000] {subprocess.py:93} INFO - 86/100 ATOMUSDT bỏ qua (fail)
[2025-08-18T23:52:32.914+0000] {subprocess.py:93} INFO - 87/100 WBTCUSDT bỏ qua (fail)
[2025-08-18T23:52:32.915+0000] {subprocess.py:93} INFO - 88/100 MKRUSDT bỏ qua (fail)
[2025-08-18T23:52:32.915+0000] {subprocess.py:93} INFO - 89/100 BERAUSDT bỏ qua (fail)
[2025-08-18T23:52:32.915+0000] {subprocess.py:93} INFO - 90/100 CFXUSDT bỏ qua (fail)
[2025-08-18T23:52:32.915+0000] {subprocess.py:93} INFO - 91/100 MAVUSDT bỏ qua (fail)
[2025-08-18T23:52:32.916+0000] {subprocess.py:93} INFO - 92/100 ORDIUSDT bỏ qua (fail)
[2025-08-18T23:52:32.916+0000] {subprocess.py:93} INFO - ⚠️ AIXBTUSDT lỗi lần 2/3: HTTPSConnectionPool(host='api.binance.com', port=443): Max retries exceeded with url: /api/v3/klines?symbol=AIXBTUSDT&interval=1m&limit=100 (Caused by ConnectTimeoutError(<urllib3.connection.HTTPSConnection object at 0x7f8e2253f5e0>, 'Connection to api.binance.com timed out. (connect timeout=15)'))
[2025-08-18T23:52:32.916+0000] {subprocess.py:93} INFO - ⚠️ ENSUSDT lỗi lần 2/3: HTTPSConnectionPool(host='api.binance.com', port=443): Max retries exceeded with url: /api/v3/klines?symbol=ENSUSDT&interval=1m&limit=100 (Caused by ConnectTimeoutError(<urllib3.connection.HTTPSConnection object at 0x7f8e2253f400>, 'Connection to api.binance.com timed out. (connect timeout=15)'))
[2025-08-18T23:52:32.916+0000] {subprocess.py:93} INFO - ⚠️ ARKMUSDT lỗi lần 2/3: HTTPSConnectionPool(host='api.binance.com', port=443): Max retries exceeded with url: /api/v3/klines?symbol=ARKMUSDT&interval=1m&limit=100 (Caused by ConnectTimeoutError(<urllib3.connection.HTTPSConnection object at 0x7f8e2253fd90>, 'Connection to api.binance.com timed out. (connect timeout=15)'))
[2025-08-18T23:52:32.917+0000] {subprocess.py:93} INFO - ⚠️ PORTOUSDT lỗi lần 1/3: HTTPSConnectionPool(host='api.binance.com', port=443): Max retries exceeded with url: /api/v3/klines?symbol=PORTOUSDT&interval=1m&limit=100 (Caused by ConnectTimeoutError(<urllib3.connection.HTTPSConnection object at 0x7f8e22564f40>, 'Connection to api.binance.com timed out. (connect timeout=15)'))
[2025-08-18T23:52:32.917+0000] {subprocess.py:93} INFO - ⚠️ WCTUSDT lỗi lần 1/3: HTTPSConnectionPool(host='api.binance.com', port=443): Max retries exceeded with url: /api/v3/klines?symbol=WCTUSDT&interval=1m&limit=100 (Caused by ConnectTimeoutError(<urllib3.connection.HTTPSConnection object at 0x7f8e22565120>, 'Connection to api.binance.com timed out. (connect timeout=15)'))
[2025-08-18T23:52:32.917+0000] {subprocess.py:93} INFO - ⚠️ LAYERUSDT lỗi lần 1/3: HTTPSConnectionPool(host='api.binance.com', port=443): Max retries exceeded with url: /api/v3/klines?symbol=LAYERUSDT&interval=1m&limit=100 (Caused by ConnectTimeoutError(<urllib3.connection.HTTPSConnection object at 0x7f8e225649a0>, 'Connection to api.binance.com timed out. (connect timeout=15)'))
[2025-08-18T23:52:32.917+0000] {subprocess.py:93} INFO - ⚠️ OMUSDT lỗi lần 1/3: HTTPSConnectionPool(host='api.binance.com', port=443): Max retries exceeded with url: /api/v3/klines?symbol=OMUSDT&interval=1m&limit=100 (Caused by ConnectTimeoutError(<urllib3.connection.HTTPSConnection object at 0x7f8e22564c40>, 'Connection to api.binance.com timed out. (connect timeout=15)'))
[2025-08-18T23:52:32.917+0000] {subprocess.py:93} INFO - ⚠️ RESOLVUSDT lỗi lần 1/3: HTTPSConnectionPool(host='api.binance.com', port=443): Max retries exceeded with url: /api/v3/klines?symbol=RESOLVUSDT&interval=1m&limit=100 (Caused by ConnectTimeoutError(<urllib3.connection.HTTPSConnection object at 0x7f8e22564a60>, 'Connection to api.binance.com timed out. (connect timeout=15)'))
[2025-08-18T23:52:32.918+0000] {subprocess.py:93} INFO - ⚠️ ARKMUSDT lỗi lần 3/3: HTTPSConnectionPool(host='api.binance.com', port=443): Max retries exceeded with url: /api/v3/klines?symbol=ARKMUSDT&interval=1m&limit=100 (Caused by ConnectTimeoutError(<urllib3.connection.HTTPSConnection object at 0x7f8e22550250>, 'Connection to api.binance.com timed out. (connect timeout=15)'))
[2025-08-18T23:52:32.918+0000] {subprocess.py:93} INFO - ⚠️ AIXBTUSDT lỗi lần 3/3: HTTPSConnectionPool(host='api.binance.com', port=443): Max retries exceeded with url: /api/v3/klines?symbol=AIXBTUSDT&interval=1m&limit=100 (Caused by ConnectTimeoutError(<urllib3.connection.HTTPSConnection object at 0x7f8e225658d0>, 'Connection to api.binance.com timed out. (connect timeout=15)'))
[2025-08-18T23:52:32.918+0000] {subprocess.py:93} INFO - ⚠️ ENSUSDT lỗi lần 3/3: HTTPSConnectionPool(host='api.binance.com', port=443): Max retries exceeded with url: /api/v3/klines?symbol=ENSUSDT&interval=1m&limit=100 (Caused by ConnectTimeoutError(<urllib3.connection.HTTPSConnection object at 0x7f8e225528f0>, 'Connection to api.binance.com timed out. (connect timeout=15)'))
[2025-08-18T23:52:32.918+0000] {subprocess.py:93} INFO - 93/100 ARKMUSDT bỏ qua (fail)
[2025-08-18T23:52:32.919+0000] {subprocess.py:93} INFO - 94/100 AIXBTUSDT bỏ qua (fail)
[2025-08-18T23:52:32.919+0000] {subprocess.py:93} INFO - 95/100 ENSUSDT bỏ qua (fail)
[2025-08-18T23:52:32.919+0000] {subprocess.py:93} INFO - ⚠️ PORTOUSDT lỗi lần 2/3: HTTPSConnectionPool(host='api.binance.com', port=443): Max retries exceeded with url: /api/v3/klines?symbol=PORTOUSDT&interval=1m&limit=100 (Caused by ConnectTimeoutError(<urllib3.connection.HTTPSConnection object at 0x7f8e22552320>, 'Connection to api.binance.com timed out. (connect timeout=15)'))
[2025-08-18T23:52:32.919+0000] {subprocess.py:93} INFO - ⚠️ WCTUSDT lỗi lần 2/3: HTTPSConnectionPool(host='api.binance.com', port=443): Max retries exceeded with url: /api/v3/klines?symbol=WCTUSDT&interval=1m&limit=100 (Caused by ConnectTimeoutError(<urllib3.connection.HTTPSConnection object at 0x7f8e22550970>, 'Connection to api.binance.com timed out. (connect timeout=15)'))
[2025-08-18T23:52:32.920+0000] {subprocess.py:93} INFO - ⚠️ OMUSDT lỗi lần 2/3: HTTPSConnectionPool(host='api.binance.com', port=443): Max retries exceeded with url: /api/v3/klines?symbol=OMUSDT&interval=1m&limit=100 (Caused by ConnectTimeoutError(<urllib3.connection.HTTPSConnection object at 0x7f8e22553bb0>, 'Connection to api.binance.com timed out. (connect timeout=15)'))
[2025-08-18T23:53:06.778+0000] {subprocess.py:93} INFO - ⚠️ LAYERUSDT lỗi lần 2/3: HTTPSConnectionPool(host='api.binance.com', port=443): Max retries exceeded with url: /api/v3/klines?symbol=LAYERUSDT&interval=1m&limit=100 (Caused by ConnectTimeoutError(<urllib3.connection.HTTPSConnection object at 0x7f8e22551600>, 'Connection to api.binance.com timed out. (connect timeout=15)'))
[2025-08-18T23:53:06.779+0000] {subprocess.py:93} INFO - ⚠️ RESOLVUSDT lỗi lần 2/3: HTTPSConnectionPool(host='api.binance.com', port=443): Max retries exceeded with url: /api/v3/klines?symbol=RESOLVUSDT&interval=1m&limit=100 (Caused by ConnectTimeoutError(<urllib3.connection.HTTPSConnection object at 0x7f8e22553400>, 'Connection to api.binance.com timed out. (connect timeout=15)'))
[2025-08-18T23:53:06.779+0000] {subprocess.py:93} INFO - ⚠️ OMUSDT lỗi lần 3/3: HTTPSConnectionPool(host='api.binance.com', port=443): Max retries exceeded with url: /api/v3/klines?symbol=OMUSDT&interval=1m&limit=100 (Caused by ConnectTimeoutError(<urllib3.connection.HTTPSConnection object at 0x7f8e2253d780>, 'Connection to api.binance.com timed out. (connect timeout=15)'))
[2025-08-18T23:53:06.779+0000] {subprocess.py:93} INFO - ⚠️ WCTUSDT lỗi lần 3/3: HTTPSConnectionPool(host='api.binance.com', port=443): Max retries exceeded with url: /api/v3/klines?symbol=WCTUSDT&interval=1m&limit=100 (Caused by ConnectTimeoutError(<urllib3.connection.HTTPSConnection object at 0x7f8e2253f550>, 'Connection to api.binance.com timed out. (connect timeout=15)'))
[2025-08-18T23:53:06.779+0000] {subprocess.py:93} INFO - ⚠️ LAYERUSDT lỗi lần 3/3: HTTPSConnectionPool(host='api.binance.com', port=443): Max retries exceeded with url: /api/v3/klines?symbol=LAYERUSDT&interval=1m&limit=100 (Caused by ConnectTimeoutError(<urllib3.connection.HTTPSConnection object at 0x7f8e2253dbd0>, 'Connection to api.binance.com timed out. (connect timeout=15)'))
[2025-08-18T23:53:06.780+0000] {subprocess.py:93} INFO - ⚠️ RESOLVUSDT lỗi lần 3/3: HTTPSConnectionPool(host='api.binance.com', port=443): Max retries exceeded with url: /api/v3/klines?symbol=RESOLVUSDT&interval=1m&limit=100 (Caused by ConnectTimeoutError(<urllib3.connection.HTTPSConnection object at 0x7f8e22551030>, 'Connection to api.binance.com timed out. (connect timeout=15)'))
[2025-08-18T23:53:06.780+0000] {subprocess.py:93} INFO - 96/100 OMUSDT bỏ qua (fail)
[2025-08-18T23:53:06.780+0000] {subprocess.py:93} INFO - 97/100 WCTUSDT bỏ qua (fail)
[2025-08-18T23:53:06.781+0000] {subprocess.py:93} INFO - 98/100 RESOLVUSDT bỏ qua (fail)
[2025-08-18T23:53:06.781+0000] {subprocess.py:93} INFO - 99/100 LAYERUSDT bỏ qua (fail)
[2025-08-18T23:53:06.781+0000] {subprocess.py:93} INFO - ✅ PORTOUSDT: thêm 5 dòng mới
[2025-08-18T23:53:06.782+0000] {subprocess.py:93} INFO - 100/100 PORTOUSDT lưu OK
[2025-08-18T23:53:06.927+0000] {subprocess.py:97} INFO - Command exited with return code 0
[2025-08-18T23:53:06.929+0000] {taskinstance.py:441} INFO - ::group::Post task execution logs
[2025-08-18T23:53:06.967+0000] {taskinstance.py:1206} INFO - Marking task as SUCCESS. dag_id=crypto_collector_dag, task_id=run_crypto_collector, run_id=scheduled__2025-08-18T23:47:00+00:00, execution_date=20250818T234700, start_date=20250818T234854, end_date=20250818T235306
[2025-08-18T23:53:07.016+0000] {local_task_job_runner.py:240} INFO - Task exited with return code 0
[2025-08-18T23:53:07.045+0000] {taskinstance.py:3498} INFO - 0 downstream tasks scheduled from follow-on schedule check
[2025-08-18T23:53:07.046+0000] {local_task_job_runner.py:222} INFO - ::endgroup::
