[2025-08-29T03:58:22.614+0000] {local_task_job_runner.py:120} INFO - ::group::Pre task execution logs
[2025-08-29T03:58:22.641+0000] {taskinstance.py:2076} INFO - Dependencies all met for dep_context=non-requeueable deps ti=<TaskInstance: stock_detail_dag.run_stock_details manual__2025-08-29T03:57:18.193743+00:00 [queued]>
[2025-08-29T03:58:22.651+0000] {taskinstance.py:2076} INFO - Dependencies all met for dep_context=requeueable deps ti=<TaskInstance: stock_detail_dag.run_stock_details manual__2025-08-29T03:57:18.193743+00:00 [queued]>
[2025-08-29T03:58:22.651+0000] {taskinstance.py:2306} INFO - Starting attempt 1 of 2
[2025-08-29T03:58:22.664+0000] {taskinstance.py:2330} INFO - Executing <Task(BashOperator): run_stock_details> on 2025-08-29 03:57:18.193743+00:00
[2025-08-29T03:58:22.670+0000] {standard_task_runner.py:63} INFO - Started process 1787604 to run task
[2025-08-29T03:58:22.674+0000] {standard_task_runner.py:90} INFO - Running: ['***', 'tasks', 'run', 'stock_detail_dag', 'run_stock_details', 'manual__2025-08-29T03:57:18.193743+00:00', '--job-id', '32329', '--raw', '--subdir', 'DAGS_FOLDER/stock_detail/dags.py', '--cfg-path', '/tmp/tmpnuy4fgea']
[2025-08-29T03:58:22.676+0000] {standard_task_runner.py:91} INFO - Job 32329: Subtask run_stock_details
[2025-08-29T03:58:22.732+0000] {task_command.py:426} INFO - Running <TaskInstance: stock_detail_dag.run_stock_details manual__2025-08-29T03:57:18.193743+00:00 [running]> on host 1877907bc043
[2025-08-29T03:58:22.827+0000] {taskinstance.py:2648} INFO - Exporting env vars: AIRFLOW_CTX_DAG_OWNER='***' AIRFLOW_CTX_DAG_ID='stock_detail_dag' AIRFLOW_CTX_TASK_ID='run_stock_details' AIRFLOW_CTX_EXECUTION_DATE='2025-08-29T03:57:18.193743+00:00' AIRFLOW_CTX_TRY_NUMBER='1' AIRFLOW_CTX_DAG_RUN_ID='manual__2025-08-29T03:57:18.193743+00:00'
[2025-08-29T03:58:22.828+0000] {taskinstance.py:430} INFO - ::endgroup::
[2025-08-29T03:58:22.840+0000] {subprocess.py:63} INFO - Tmp dir root location: /tmp
[2025-08-29T03:58:22.840+0000] {subprocess.py:75} INFO - Running command: ['/usr/bin/bash', '-c', 'python3 /opt/***/dags/stock_detail/stockdetail.py']
[2025-08-29T03:58:22.851+0000] {subprocess.py:86} INFO - Output:
[2025-08-29T03:59:35.955+0000] {subprocess.py:93} INFO - ✅ Đã lưu 566 bản ghi vào history_data.stock_details
[2025-08-29T03:59:36.116+0000] {subprocess.py:97} INFO - Command exited with return code 0
[2025-08-29T03:59:36.117+0000] {taskinstance.py:441} INFO - ::group::Post task execution logs
[2025-08-29T03:59:36.154+0000] {taskinstance.py:1206} INFO - Marking task as SUCCESS. dag_id=stock_detail_dag, task_id=run_stock_details, run_id=manual__2025-08-29T03:57:18.193743+00:00, execution_date=20250829T035718, start_date=20250829T035822, end_date=20250829T035936
[2025-08-29T03:59:36.187+0000] {local_task_job_runner.py:240} INFO - Task exited with return code 0
[2025-08-29T03:59:36.213+0000] {taskinstance.py:3498} INFO - 0 downstream tasks scheduled from follow-on schedule check
[2025-08-29T03:59:36.215+0000] {local_task_job_runner.py:222} INFO - ::endgroup::
