[2025-09-01T03:00:11.785+0000] {local_task_job_runner.py:120} INFO - ::group::Pre task execution logs
[2025-09-01T03:00:11.819+0000] {taskinstance.py:2076} INFO - Dependencies all met for dep_context=non-requeueable deps ti=<TaskInstance: stock_detail_dag.run_stock_details scheduled__2025-09-01T02:59:00+00:00 [queued]>
[2025-09-01T03:00:11.830+0000] {taskinstance.py:2076} INFO - Dependencies all met for dep_context=requeueable deps ti=<TaskInstance: stock_detail_dag.run_stock_details scheduled__2025-09-01T02:59:00+00:00 [queued]>
[2025-09-01T03:00:11.830+0000] {taskinstance.py:2306} INFO - Starting attempt 1 of 2
[2025-09-01T03:00:11.846+0000] {taskinstance.py:2330} INFO - Executing <Task(BashOperator): run_stock_details> on 2025-09-01 02:59:00+00:00
[2025-09-01T03:00:11.852+0000] {standard_task_runner.py:63} INFO - Started process 2226222 to run task
[2025-09-01T03:00:11.857+0000] {standard_task_runner.py:90} INFO - Running: ['***', 'tasks', 'run', 'stock_detail_dag', 'run_stock_details', 'scheduled__2025-09-01T02:59:00+00:00', '--job-id', '37748', '--raw', '--subdir', 'DAGS_FOLDER/stock_detail/dags.py', '--cfg-path', '/tmp/tmp0xcmmkqe']
[2025-09-01T03:00:11.858+0000] {standard_task_runner.py:91} INFO - Job 37748: Subtask run_stock_details
[2025-09-01T03:00:11.920+0000] {task_command.py:426} INFO - Running <TaskInstance: stock_detail_dag.run_stock_details scheduled__2025-09-01T02:59:00+00:00 [running]> on host 1877907bc043
[2025-09-01T03:00:12.053+0000] {taskinstance.py:2648} INFO - Exporting env vars: AIRFLOW_CTX_DAG_OWNER='***' AIRFLOW_CTX_DAG_ID='stock_detail_dag' AIRFLOW_CTX_TASK_ID='run_stock_details' AIRFLOW_CTX_EXECUTION_DATE='2025-09-01T02:59:00+00:00' AIRFLOW_CTX_TRY_NUMBER='1' AIRFLOW_CTX_DAG_RUN_ID='scheduled__2025-09-01T02:59:00+00:00'
[2025-09-01T03:00:12.054+0000] {taskinstance.py:430} INFO - ::endgroup::
[2025-09-01T03:00:12.072+0000] {subprocess.py:63} INFO - Tmp dir root location: /tmp
[2025-09-01T03:00:12.072+0000] {subprocess.py:75} INFO - Running command: ['/usr/bin/bash', '-c', 'python3 /opt/***/dags/stock_detail/stockdetail.py']
[2025-09-01T03:00:12.085+0000] {subprocess.py:86} INFO - Output:
[2025-09-01T03:04:30.995+0000] {subprocess.py:93} INFO - ✅ Đã lưu 2084 bản ghi vào history_data.stock_details
[2025-09-01T03:04:31.123+0000] {subprocess.py:97} INFO - Command exited with return code 0
[2025-09-01T03:04:31.124+0000] {taskinstance.py:441} INFO - ::group::Post task execution logs
[2025-09-01T03:04:31.151+0000] {taskinstance.py:1206} INFO - Marking task as SUCCESS. dag_id=stock_detail_dag, task_id=run_stock_details, run_id=scheduled__2025-09-01T02:59:00+00:00, execution_date=20250901T025900, start_date=20250901T030011, end_date=20250901T030431
[2025-09-01T03:04:31.199+0000] {local_task_job_runner.py:240} INFO - Task exited with return code 0
[2025-09-01T03:04:31.217+0000] {taskinstance.py:3498} INFO - 0 downstream tasks scheduled from follow-on schedule check
[2025-09-01T03:04:31.218+0000] {local_task_job_runner.py:222} INFO - ::endgroup::
