[2025-09-07T17:01:01.921+0000] {local_task_job_runner.py:120} INFO - ::group::Pre task execution logs
[2025-09-07T17:01:01.952+0000] {taskinstance.py:2076} INFO - Dependencies all met for dep_context=non-requeueable deps ti=<TaskInstance: foreign_1D.save_foreign_1D scheduled__2025-09-06T17:01:00+00:00 [queued]>
[2025-09-07T17:01:01.962+0000] {taskinstance.py:2076} INFO - Dependencies all met for dep_context=requeueable deps ti=<TaskInstance: foreign_1D.save_foreign_1D scheduled__2025-09-06T17:01:00+00:00 [queued]>
[2025-09-07T17:01:01.962+0000] {taskinstance.py:2306} INFO - Starting attempt 1 of 11
[2025-09-07T17:01:01.976+0000] {taskinstance.py:2330} INFO - Executing <Task(PythonOperator): save_foreign_1D> on 2025-09-06 17:01:00+00:00
[2025-09-07T17:01:01.985+0000] {standard_task_runner.py:63} INFO - Started process 230907 to run task
[2025-09-07T17:01:01.990+0000] {standard_task_runner.py:90} INFO - Running: ['***', 'tasks', 'run', 'foreign_1D', 'save_foreign_1D', 'scheduled__2025-09-06T17:01:00+00:00', '--job-id', '149942', '--raw', '--subdir', 'DAGS_FOLDER/dag_foreign_1D.py', '--cfg-path', '/tmp/tmpu_o5_8gr']
[2025-09-07T17:01:01.993+0000] {standard_task_runner.py:91} INFO - Job 149942: Subtask save_foreign_1D
[2025-09-07T17:01:02.051+0000] {task_command.py:426} INFO - Running <TaskInstance: foreign_1D.save_foreign_1D scheduled__2025-09-06T17:01:00+00:00 [running]> on host 8d9cea3aac78
[2025-09-07T17:01:02.381+0000] {taskinstance.py:2648} INFO - Exporting env vars: AIRFLOW_CTX_DAG_OWNER='***' AIRFLOW_CTX_DAG_ID='foreign_1D' AIRFLOW_CTX_TASK_ID='save_foreign_1D' AIRFLOW_CTX_EXECUTION_DATE='2025-09-06T17:01:00+00:00' AIRFLOW_CTX_TRY_NUMBER='1' AIRFLOW_CTX_DAG_RUN_ID='scheduled__2025-09-06T17:01:00+00:00'
[2025-09-07T17:01:02.382+0000] {taskinstance.py:430} INFO - ::endgroup::
[2025-09-07T17:01:02.398+0000] {foreign_1D.py:18} INFO - Kết nối DB
[2025-09-07T17:01:02.893+0000] {foreign_1D.py:28} INFO - Đã lưu foreign_ALL
[2025-09-07T17:01:02.894+0000] {foreign_1D.py:18} INFO - Kết nối DB
[2025-09-07T17:01:03.281+0000] {foreign_1D.py:28} INFO - Đã lưu foreign_HOSE
[2025-09-07T17:01:03.282+0000] {foreign_1D.py:18} INFO - Kết nối DB
[2025-09-07T17:01:03.689+0000] {foreign_1D.py:28} INFO - Đã lưu foreign_HNX
[2025-09-07T17:01:03.691+0000] {foreign_1D.py:18} INFO - Kết nối DB
[2025-09-07T17:01:04.082+0000] {foreign_1D.py:28} INFO - Đã lưu foreign_UPCOM
[2025-09-07T17:01:04.083+0000] {python.py:237} INFO - Done. Returned value was: None
[2025-09-07T17:01:04.084+0000] {taskinstance.py:441} INFO - ::group::Post task execution logs
[2025-09-07T17:01:04.097+0000] {taskinstance.py:1206} INFO - Marking task as SUCCESS. dag_id=foreign_1D, task_id=save_foreign_1D, run_id=scheduled__2025-09-06T17:01:00+00:00, execution_date=20250906T170100, start_date=20250907T170101, end_date=20250907T170104
[2025-09-07T17:01:04.167+0000] {local_task_job_runner.py:240} INFO - Task exited with return code 0
[2025-09-07T17:01:04.191+0000] {taskinstance.py:3503} INFO - 0 downstream tasks scheduled from follow-on schedule check
[2025-09-07T17:01:04.192+0000] {local_task_job_runner.py:222} INFO - ::endgroup::
[2025-09-11T08:54:34.391+0000] {local_task_job_runner.py:120} INFO - ::group::Pre task execution logs
[2025-09-11T08:54:34.645+0000] {taskinstance.py:2076} INFO - Dependencies all met for dep_context=non-requeueable deps ti=<TaskInstance: foreign_1D.save_foreign_1D scheduled__2025-09-06T17:01:00+00:00 [queued]>
[2025-09-11T08:54:34.656+0000] {taskinstance.py:2076} INFO - Dependencies all met for dep_context=requeueable deps ti=<TaskInstance: foreign_1D.save_foreign_1D scheduled__2025-09-06T17:01:00+00:00 [queued]>
[2025-09-11T08:54:34.657+0000] {taskinstance.py:2306} INFO - Starting attempt 1 of 11
[2025-09-11T08:54:34.672+0000] {taskinstance.py:2330} INFO - Executing <Task(PythonOperator): save_foreign_1D> on 2025-09-06 17:01:00+00:00
[2025-09-11T08:54:34.680+0000] {standard_task_runner.py:63} INFO - Started process 167 to run task
[2025-09-11T08:54:34.687+0000] {standard_task_runner.py:90} INFO - Running: ['***', 'tasks', 'run', 'foreign_1D', 'save_foreign_1D', 'scheduled__2025-09-06T17:01:00+00:00', '--job-id', '14', '--raw', '--subdir', 'DAGS_FOLDER/dag_foreign_1D.py', '--cfg-path', '/tmp/tmp5is6p58n']
[2025-09-11T08:54:34.692+0000] {standard_task_runner.py:91} INFO - Job 14: Subtask save_foreign_1D
[2025-09-11T08:54:34.759+0000] {task_command.py:426} INFO - Running <TaskInstance: foreign_1D.save_foreign_1D scheduled__2025-09-06T17:01:00+00:00 [running]> on host bcef7b61446d
[2025-09-11T08:54:34.858+0000] {taskinstance.py:2648} INFO - Exporting env vars: AIRFLOW_CTX_DAG_OWNER='***' AIRFLOW_CTX_DAG_ID='foreign_1D' AIRFLOW_CTX_TASK_ID='save_foreign_1D' AIRFLOW_CTX_EXECUTION_DATE='2025-09-06T17:01:00+00:00' AIRFLOW_CTX_TRY_NUMBER='1' AIRFLOW_CTX_DAG_RUN_ID='scheduled__2025-09-06T17:01:00+00:00'
[2025-09-11T08:54:34.860+0000] {taskinstance.py:430} INFO - ::endgroup::
[2025-09-11T08:54:34.875+0000] {foreign_1D.py:18} INFO - Kết nối DB
[2025-09-11T08:54:36.225+0000] {foreign_1D.py:28} INFO - Đã lưu foreign_ALL
[2025-09-11T08:54:36.227+0000] {foreign_1D.py:18} INFO - Kết nối DB
[2025-09-11T08:54:36.772+0000] {foreign_1D.py:28} INFO - Đã lưu foreign_HOSE
[2025-09-11T08:54:36.774+0000] {foreign_1D.py:18} INFO - Kết nối DB
[2025-09-11T08:54:37.429+0000] {foreign_1D.py:28} INFO - Đã lưu foreign_HNX
[2025-09-11T08:54:37.431+0000] {foreign_1D.py:18} INFO - Kết nối DB
[2025-09-11T08:55:42.590+0000] {foreign_1D.py:28} INFO - Đã lưu foreign_UPCOM
[2025-09-11T08:55:42.591+0000] {python.py:237} INFO - Done. Returned value was: None
[2025-09-11T08:55:42.592+0000] {taskinstance.py:441} INFO - ::group::Post task execution logs
[2025-09-11T08:55:42.604+0000] {taskinstance.py:1206} INFO - Marking task as SUCCESS. dag_id=foreign_1D, task_id=save_foreign_1D, run_id=scheduled__2025-09-06T17:01:00+00:00, execution_date=20250906T170100, start_date=20250911T085434, end_date=20250911T085542
[2025-09-11T08:55:42.667+0000] {local_task_job_runner.py:240} INFO - Task exited with return code 0
[2025-09-11T08:55:42.692+0000] {taskinstance.py:3503} INFO - 0 downstream tasks scheduled from follow-on schedule check
[2025-09-11T08:55:42.693+0000] {local_task_job_runner.py:222} INFO - ::endgroup::
