[2025-09-02T23:02:02.024+0000] {local_task_job_runner.py:120} INFO - ::group::Pre task execution logs
[2025-09-02T23:02:02.052+0000] {taskinstance.py:2076} INFO - Dependencies all met for dep_context=non-requeueable deps ti=<TaskInstance: market_table_foreign.activity_HNX scheduled__2025-09-02T23:01:00+00:00 [queued]>
[2025-09-02T23:02:02.061+0000] {taskinstance.py:2076} INFO - Dependencies all met for dep_context=requeueable deps ti=<TaskInstance: market_table_foreign.activity_HNX scheduled__2025-09-02T23:01:00+00:00 [queued]>
[2025-09-02T23:02:02.062+0000] {taskinstance.py:2306} INFO - Starting attempt 1 of 11
[2025-09-02T23:02:02.077+0000] {taskinstance.py:2330} INFO - Executing <Task(PythonOperator): activity_HNX> on 2025-09-02 23:01:00+00:00
[2025-09-02T23:02:02.086+0000] {standard_task_runner.py:63} INFO - Started process 2614572 to run task
[2025-09-02T23:02:02.090+0000] {standard_task_runner.py:90} INFO - Running: ['***', 'tasks', 'run', 'market_table_foreign', 'activity_HNX', 'scheduled__2025-09-02T23:01:00+00:00', '--job-id', '63644', '--raw', '--subdir', 'DAGS_FOLDER/dag_market_live.py', '--cfg-path', '/tmp/tmp2idchmb_']
[2025-09-02T23:02:02.093+0000] {standard_task_runner.py:91} INFO - Job 63644: Subtask activity_HNX
[2025-09-02T23:02:02.189+0000] {task_command.py:426} INFO - Running <TaskInstance: market_table_foreign.activity_HNX scheduled__2025-09-02T23:01:00+00:00 [running]> on host 1877907bc043
[2025-09-02T23:02:02.297+0000] {taskinstance.py:2648} INFO - Exporting env vars: AIRFLOW_CTX_DAG_OWNER='***' AIRFLOW_CTX_DAG_ID='market_table_foreign' AIRFLOW_CTX_TASK_ID='activity_HNX' AIRFLOW_CTX_EXECUTION_DATE='2025-09-02T23:01:00+00:00' AIRFLOW_CTX_TRY_NUMBER='1' AIRFLOW_CTX_DAG_RUN_ID='scheduled__2025-09-02T23:01:00+00:00'
[2025-09-02T23:02:02.298+0000] {taskinstance.py:430} INFO - ::endgroup::
[2025-09-02T23:02:02.312+0000] {activity_HNX.py:17} INFO - Kết nối DB
[2025-09-02T23:02:02.554+0000] {activity_HNX.py:55} ERROR - Lỗi lưu activity_HNX
Traceback (most recent call last):
  File "/opt/airflow/dags/utils/market_data/activity_HNX.py", line 35, in activity_HNX
    point=float(dfindex.loc[dfindex['symbol']=='HNXIndex','point'].values[0])
IndexError: index 0 is out of bounds for axis 0 with size 0
[2025-09-02T23:02:02.555+0000] {python.py:237} INFO - Done. Returned value was: None
[2025-09-02T23:02:02.556+0000] {taskinstance.py:441} INFO - ::group::Post task execution logs
[2025-09-02T23:02:02.570+0000] {taskinstance.py:1206} INFO - Marking task as SUCCESS. dag_id=market_table_foreign, task_id=activity_HNX, run_id=scheduled__2025-09-02T23:01:00+00:00, execution_date=20250902T230100, start_date=20250902T230202, end_date=20250902T230202
[2025-09-02T23:02:02.623+0000] {local_task_job_runner.py:240} INFO - Task exited with return code 0
[2025-09-02T23:02:02.639+0000] {local_task_job_runner.py:222} INFO - ::endgroup::
