[2025-09-05T04:15:01.656+0000] {local_task_job_runner.py:120} INFO - ::group::Pre task execution logs
[2025-09-05T04:15:01.927+0000] {taskinstance.py:2076} INFO - Dependencies all met for dep_context=non-requeueable deps ti=<TaskInstance: liquidity.save_liquidity scheduled__2025-09-05T04:14:00+00:00 [queued]>
[2025-09-05T04:15:01.936+0000] {taskinstance.py:2076} INFO - Dependencies all met for dep_context=requeueable deps ti=<TaskInstance: liquidity.save_liquidity scheduled__2025-09-05T04:14:00+00:00 [queued]>
[2025-09-05T04:15:01.936+0000] {taskinstance.py:2306} INFO - Starting attempt 1 of 11
[2025-09-05T04:15:01.950+0000] {taskinstance.py:2330} INFO - Executing <Task(PythonOperator): save_liquidity> on 2025-09-05 04:14:00+00:00
[2025-09-05T04:15:01.958+0000] {standard_task_runner.py:63} INFO - Started process 3108813 to run task
[2025-09-05T04:15:01.962+0000] {standard_task_runner.py:90} INFO - Running: ['***', 'tasks', 'run', 'liquidity', 'save_liquidity', 'scheduled__2025-09-05T04:14:00+00:00', '--job-id', '109050', '--raw', '--subdir', 'DAGS_FOLDER/dag_liquidity.py', '--cfg-path', '/tmp/tmpetuaxb9x']
[2025-09-05T04:15:01.966+0000] {standard_task_runner.py:91} INFO - Job 109050: Subtask save_liquidity
[2025-09-05T04:15:02.026+0000] {task_command.py:426} INFO - Running <TaskInstance: liquidity.save_liquidity scheduled__2025-09-05T04:14:00+00:00 [running]> on host 1877907bc043
[2025-09-05T04:15:02.143+0000] {taskinstance.py:2648} INFO - Exporting env vars: AIRFLOW_CTX_DAG_OWNER='***' AIRFLOW_CTX_DAG_ID='liquidity' AIRFLOW_CTX_TASK_ID='save_liquidity' AIRFLOW_CTX_EXECUTION_DATE='2025-09-05T04:14:00+00:00' AIRFLOW_CTX_TRY_NUMBER='1' AIRFLOW_CTX_DAG_RUN_ID='scheduled__2025-09-05T04:14:00+00:00'
[2025-09-05T04:15:02.145+0000] {taskinstance.py:430} INFO - ::endgroup::
[2025-09-05T04:15:03.116+0000] {liquidity.py:93} INFO - Đã lưu liquidity_ALL
[2025-09-05T04:15:03.513+0000] {liquidity.py:93} INFO - Đã lưu liquidity_HOSE
[2025-09-05T04:15:04.029+0000] {liquidity.py:93} INFO - Đã lưu liquidity_HNX
[2025-09-05T04:15:05.961+0000] {liquidity.py:93} INFO - Đã lưu liquidity_UPCOM
[2025-09-05T04:15:05.962+0000] {python.py:237} INFO - Done. Returned value was: None
[2025-09-05T04:15:05.962+0000] {taskinstance.py:441} INFO - ::group::Post task execution logs
[2025-09-05T04:15:05.978+0000] {taskinstance.py:1206} INFO - Marking task as SUCCESS. dag_id=liquidity, task_id=save_liquidity, run_id=scheduled__2025-09-05T04:14:00+00:00, execution_date=20250905T041400, start_date=20250905T041501, end_date=20250905T041505
[2025-09-05T04:15:06.025+0000] {local_task_job_runner.py:240} INFO - Task exited with return code 0
[2025-09-05T04:15:06.052+0000] {taskinstance.py:3498} INFO - 0 downstream tasks scheduled from follow-on schedule check
[2025-09-05T04:15:06.053+0000] {local_task_job_runner.py:222} INFO - ::endgroup::
