[2025-09-05T15:31:01.353+0000] {local_task_job_runner.py:120} INFO - ::group::Pre task execution logs
[2025-09-05T15:31:01.380+0000] {taskinstance.py:2076} INFO - Dependencies all met for dep_context=non-requeueable deps ti=<TaskInstance: foreign_1_live.save_foreign_1 scheduled__2025-09-05T15:30:00+00:00 [queued]>
[2025-09-05T15:31:01.389+0000] {taskinstance.py:2076} INFO - Dependencies all met for dep_context=requeueable deps ti=<TaskInstance: foreign_1_live.save_foreign_1 scheduled__2025-09-05T15:30:00+00:00 [queued]>
[2025-09-05T15:31:01.390+0000] {taskinstance.py:2306} INFO - Starting attempt 1 of 11
[2025-09-05T15:31:01.404+0000] {taskinstance.py:2330} INFO - Executing <Task(PythonOperator): save_foreign_1> on 2025-09-05 15:30:00+00:00
[2025-09-05T15:31:01.413+0000] {standard_task_runner.py:63} INFO - Started process 21105 to run task
[2025-09-05T15:31:01.417+0000] {standard_task_runner.py:90} INFO - Running: ['***', 'tasks', 'run', 'foreign_1_live', 'save_foreign_1', 'scheduled__2025-09-05T15:30:00+00:00', '--job-id', '117180', '--raw', '--subdir', 'DAGS_FOLDER/dag_foreign_1_live.py', '--cfg-path', '/tmp/tmpe70yjv_r']
[2025-09-05T15:31:01.420+0000] {standard_task_runner.py:91} INFO - Job 117180: Subtask save_foreign_1
[2025-09-05T15:31:01.470+0000] {task_command.py:426} INFO - Running <TaskInstance: foreign_1_live.save_foreign_1 scheduled__2025-09-05T15:30:00+00:00 [running]> on host d4d2fe648a81
[2025-09-05T15:31:01.573+0000] {taskinstance.py:2648} INFO - Exporting env vars: AIRFLOW_CTX_DAG_OWNER='***' AIRFLOW_CTX_DAG_ID='foreign_1_live' AIRFLOW_CTX_TASK_ID='save_foreign_1' AIRFLOW_CTX_EXECUTION_DATE='2025-09-05T15:30:00+00:00' AIRFLOW_CTX_TRY_NUMBER='1' AIRFLOW_CTX_DAG_RUN_ID='scheduled__2025-09-05T15:30:00+00:00'
[2025-09-05T15:31:01.574+0000] {taskinstance.py:430} INFO - ::endgroup::
[2025-09-05T15:31:01.590+0000] {foreign_1.py:18} INFO - Kết nối DB
[2025-09-05T15:31:02.177+0000] {foreign_1.py:28} INFO - Đã lưu foreign_ALL
[2025-09-05T15:31:02.178+0000] {foreign_1.py:18} INFO - Kết nối DB
[2025-09-05T15:31:02.727+0000] {foreign_1.py:28} INFO - Đã lưu foreign_HOSE
[2025-09-05T15:31:02.728+0000] {foreign_1.py:18} INFO - Kết nối DB
[2025-09-05T15:31:03.317+0000] {foreign_1.py:28} INFO - Đã lưu foreign_HNX
[2025-09-05T15:31:03.318+0000] {foreign_1.py:18} INFO - Kết nối DB
[2025-09-05T15:31:03.878+0000] {foreign_1.py:28} INFO - Đã lưu foreign_UPCOM
[2025-09-05T15:31:03.879+0000] {python.py:237} INFO - Done. Returned value was: None
[2025-09-05T15:31:03.880+0000] {taskinstance.py:441} INFO - ::group::Post task execution logs
[2025-09-05T15:31:03.898+0000] {taskinstance.py:1206} INFO - Marking task as SUCCESS. dag_id=foreign_1_live, task_id=save_foreign_1, run_id=scheduled__2025-09-05T15:30:00+00:00, execution_date=20250905T153000, start_date=20250905T153101, end_date=20250905T153103
[2025-09-05T15:31:03.957+0000] {local_task_job_runner.py:240} INFO - Task exited with return code 0
[2025-09-05T15:31:04.018+0000] {taskinstance.py:3498} INFO - 4 downstream tasks scheduled from follow-on schedule check
[2025-09-05T15:31:04.022+0000] {local_task_job_runner.py:222} INFO - ::endgroup::
