[2025-08-18T02:51:02.786+0000] {local_task_job_runner.py:120} INFO - ::group::Pre task execution logs
[2025-08-18T02:51:02.814+0000] {taskinstance.py:2076} INFO - Dependencies all met for dep_context=non-requeueable deps ti=<TaskInstance: update_stock_history.get.py scheduled__2025-08-18T02:45:00+00:00 [queued]>
[2025-08-18T02:51:02.823+0000] {taskinstance.py:2076} INFO - Dependencies all met for dep_context=requeueable deps ti=<TaskInstance: update_stock_history.get.py scheduled__2025-08-18T02:45:00+00:00 [queued]>
[2025-08-18T02:51:02.824+0000] {taskinstance.py:2306} INFO - Starting attempt 2 of 2
[2025-08-18T02:51:02.837+0000] {taskinstance.py:2330} INFO - Executing <Task(BashOperator): get.py> on 2025-08-18 02:45:00+00:00
[2025-08-18T02:51:02.843+0000] {standard_task_runner.py:63} INFO - Started process 96421 to run task
[2025-08-18T02:51:02.848+0000] {standard_task_runner.py:90} INFO - Running: ['***', 'tasks', 'run', 'update_stock_history', 'get.py', 'scheduled__2025-08-18T02:45:00+00:00', '--job-id', '8033', '--raw', '--subdir', 'DAGS_FOLDER/crawlchart/dags.py', '--cfg-path', '/tmp/tmph4zgkx30']
[2025-08-18T02:51:02.850+0000] {standard_task_runner.py:91} INFO - Job 8033: Subtask get.py
[2025-08-18T02:51:02.912+0000] {task_command.py:426} INFO - Running <TaskInstance: update_stock_history.get.py scheduled__2025-08-18T02:45:00+00:00 [running]> on host 1877907bc043
[2025-08-18T02:51:03.008+0000] {taskinstance.py:2648} INFO - Exporting env vars: AIRFLOW_CTX_DAG_OWNER='***' AIRFLOW_CTX_DAG_ID='update_stock_history' AIRFLOW_CTX_TASK_ID='get.py' AIRFLOW_CTX_EXECUTION_DATE='2025-08-18T02:45:00+00:00' AIRFLOW_CTX_TRY_NUMBER='2' AIRFLOW_CTX_DAG_RUN_ID='scheduled__2025-08-18T02:45:00+00:00'
[2025-08-18T02:51:03.009+0000] {taskinstance.py:430} INFO - ::endgroup::
[2025-08-18T02:51:03.024+0000] {subprocess.py:63} INFO - Tmp dir root location: /tmp
[2025-08-18T02:51:03.025+0000] {subprocess.py:75} INFO - Running command: ['/usr/bin/bash', '-c', "python3 '/www/server/***/dags/crawlchart/get.py'"]
[2025-08-18T02:51:03.040+0000] {subprocess.py:86} INFO - Output:
[2025-08-18T02:51:03.146+0000] {subprocess.py:93} INFO - python3: can't open file '/www/server/***/dags/crawlchart/get.py': [Errno 2] No such file or directory
[2025-08-18T02:51:03.151+0000] {subprocess.py:97} INFO - Command exited with return code 2
[2025-08-18T02:51:03.152+0000] {taskinstance.py:441} INFO - ::group::Post task execution logs
[2025-08-18T02:51:03.166+0000] {taskinstance.py:2905} ERROR - Task failed with exception
Traceback (most recent call last):
  File "/home/airflow/.local/lib/python3.10/site-packages/airflow/models/taskinstance.py", line 465, in _execute_task
    result = _execute_callable(context=context, **execute_callable_kwargs)
  File "/home/airflow/.local/lib/python3.10/site-packages/airflow/models/taskinstance.py", line 432, in _execute_callable
    return execute_callable(context=context, **execute_callable_kwargs)
  File "/home/airflow/.local/lib/python3.10/site-packages/airflow/models/baseoperator.py", line 400, in wrapper
    return func(self, *args, **kwargs)
  File "/home/airflow/.local/lib/python3.10/site-packages/airflow/operators/bash.py", line 243, in execute
    raise AirflowException(
airflow.exceptions.AirflowException: Bash command failed. The command returned a non-zero exit code 2.
[2025-08-18T02:51:03.171+0000] {taskinstance.py:1206} INFO - Marking task as FAILED. dag_id=update_stock_history, task_id=get.py, run_id=scheduled__2025-08-18T02:45:00+00:00, execution_date=20250818T024500, start_date=20250818T025102, end_date=20250818T025103
[2025-08-18T02:51:03.185+0000] {standard_task_runner.py:110} ERROR - Failed to execute job 8033 for task get.py (Bash command failed. The command returned a non-zero exit code 2.; 96421)
[2025-08-18T02:51:03.220+0000] {local_task_job_runner.py:240} INFO - Task exited with return code 1
[2025-08-18T02:51:03.249+0000] {taskinstance.py:3498} INFO - 0 downstream tasks scheduled from follow-on schedule check
[2025-08-18T02:51:03.250+0000] {local_task_job_runner.py:222} INFO - ::endgroup::
