[2025-09-01T10:25:58.538+0000] {local_task_job_runner.py:120} INFO - ::group::Pre task execution logs
[2025-09-01T10:25:58.565+0000] {taskinstance.py:2076} INFO - Dependencies all met for dep_context=non-requeueable deps ti=<TaskInstance: market_table_foreign.foreign_UPCOM scheduled__2025-08-31T17:07:00+00:00 [queued]>
[2025-09-01T10:25:58.576+0000] {taskinstance.py:2076} INFO - Dependencies all met for dep_context=requeueable deps ti=<TaskInstance: market_table_foreign.foreign_UPCOM scheduled__2025-08-31T17:07:00+00:00 [queued]>
[2025-09-01T10:25:58.576+0000] {taskinstance.py:2306} INFO - Starting attempt 1 of 11
[2025-09-01T10:25:58.589+0000] {taskinstance.py:2330} INFO - Executing <Task(PythonOperator): foreign_UPCOM> on 2025-08-31 17:07:00+00:00
[2025-09-01T10:25:58.598+0000] {standard_task_runner.py:63} INFO - Started process 2317841 to run task
[2025-09-01T10:25:58.609+0000] {standard_task_runner.py:90} INFO - Running: ['***', 'tasks', 'run', 'market_table_foreign', 'foreign_UPCOM', 'scheduled__2025-08-31T17:07:00+00:00', '--job-id', '42106', '--raw', '--subdir', 'DAGS_FOLDER/dag_market_live.py', '--cfg-path', '/tmp/tmpeoe2gx9n']
[2025-09-01T10:25:58.613+0000] {standard_task_runner.py:91} INFO - Job 42106: Subtask foreign_UPCOM
[2025-09-01T10:25:58.697+0000] {task_command.py:426} INFO - Running <TaskInstance: market_table_foreign.foreign_UPCOM scheduled__2025-08-31T17:07:00+00:00 [running]> on host 1877907bc043
[2025-09-01T10:25:58.789+0000] {taskinstance.py:2648} INFO - Exporting env vars: AIRFLOW_CTX_DAG_OWNER='***' AIRFLOW_CTX_DAG_ID='market_table_foreign' AIRFLOW_CTX_TASK_ID='foreign_UPCOM' AIRFLOW_CTX_EXECUTION_DATE='2025-08-31T17:07:00+00:00' AIRFLOW_CTX_TRY_NUMBER='1' AIRFLOW_CTX_DAG_RUN_ID='scheduled__2025-08-31T17:07:00+00:00'
[2025-09-01T10:25:58.790+0000] {taskinstance.py:430} INFO - ::endgroup::
[2025-09-01T10:25:58.804+0000] {foreign_UPCOM.py:17} INFO - Kết nối DB
[2025-09-01T10:25:59.051+0000] {foreign_UPCOM.py:42} INFO - Đã lưu foreign_UPCOM
[2025-09-01T10:25:59.053+0000] {python.py:237} INFO - Done. Returned value was: None
[2025-09-01T10:25:59.054+0000] {taskinstance.py:441} INFO - ::group::Post task execution logs
[2025-09-01T10:25:59.066+0000] {taskinstance.py:1206} INFO - Marking task as SUCCESS. dag_id=market_table_foreign, task_id=foreign_UPCOM, run_id=scheduled__2025-08-31T17:07:00+00:00, execution_date=20250831T170700, start_date=20250901T102558, end_date=20250901T102559
[2025-09-01T10:25:59.100+0000] {local_task_job_runner.py:240} INFO - Task exited with return code 0
[2025-09-01T10:25:59.117+0000] {local_task_job_runner.py:222} INFO - ::endgroup::
[2025-09-01T10:27:08.376+0000] {local_task_job_runner.py:120} INFO - ::group::Pre task execution logs
[2025-09-01T10:27:08.406+0000] {taskinstance.py:2076} INFO - Dependencies all met for dep_context=non-requeueable deps ti=<TaskInstance: market_table_foreign.foreign_UPCOM scheduled__2025-08-31T17:07:00+00:00 [queued]>
[2025-09-01T10:27:08.417+0000] {taskinstance.py:2076} INFO - Dependencies all met for dep_context=requeueable deps ti=<TaskInstance: market_table_foreign.foreign_UPCOM scheduled__2025-08-31T17:07:00+00:00 [queued]>
[2025-09-01T10:27:08.417+0000] {taskinstance.py:2306} INFO - Starting attempt 1 of 11
[2025-09-01T10:27:08.433+0000] {taskinstance.py:2330} INFO - Executing <Task(PythonOperator): foreign_UPCOM> on 2025-08-31 17:07:00+00:00
[2025-09-01T10:27:08.441+0000] {standard_task_runner.py:63} INFO - Started process 2318760 to run task
[2025-09-01T10:27:08.445+0000] {standard_task_runner.py:90} INFO - Running: ['***', 'tasks', 'run', 'market_table_foreign', 'foreign_UPCOM', 'scheduled__2025-08-31T17:07:00+00:00', '--job-id', '42357', '--raw', '--subdir', 'DAGS_FOLDER/dag_market_live.py', '--cfg-path', '/tmp/tmpq68z_vu3']
[2025-09-01T10:27:08.449+0000] {standard_task_runner.py:91} INFO - Job 42357: Subtask foreign_UPCOM
[2025-09-01T10:27:08.505+0000] {task_command.py:426} INFO - Running <TaskInstance: market_table_foreign.foreign_UPCOM scheduled__2025-08-31T17:07:00+00:00 [running]> on host 1877907bc043
[2025-09-01T10:27:08.603+0000] {taskinstance.py:2648} INFO - Exporting env vars: AIRFLOW_CTX_DAG_OWNER='***' AIRFLOW_CTX_DAG_ID='market_table_foreign' AIRFLOW_CTX_TASK_ID='foreign_UPCOM' AIRFLOW_CTX_EXECUTION_DATE='2025-08-31T17:07:00+00:00' AIRFLOW_CTX_TRY_NUMBER='1' AIRFLOW_CTX_DAG_RUN_ID='scheduled__2025-08-31T17:07:00+00:00'
[2025-09-01T10:27:08.605+0000] {taskinstance.py:430} INFO - ::endgroup::
[2025-09-01T10:27:08.619+0000] {foreign_UPCOM.py:17} INFO - Kết nối DB
[2025-09-01T10:27:08.872+0000] {foreign_UPCOM.py:42} INFO - Đã lưu foreign_UPCOM
[2025-09-01T10:27:08.873+0000] {python.py:237} INFO - Done. Returned value was: None
[2025-09-01T10:27:08.874+0000] {taskinstance.py:441} INFO - ::group::Post task execution logs
[2025-09-01T10:27:08.886+0000] {taskinstance.py:1206} INFO - Marking task as SUCCESS. dag_id=market_table_foreign, task_id=foreign_UPCOM, run_id=scheduled__2025-08-31T17:07:00+00:00, execution_date=20250831T170700, start_date=20250901T102708, end_date=20250901T102708
[2025-09-01T10:27:08.938+0000] {local_task_job_runner.py:240} INFO - Task exited with return code 0
[2025-09-01T10:27:08.966+0000] {taskinstance.py:3498} INFO - 0 downstream tasks scheduled from follow-on schedule check
[2025-09-01T10:27:08.967+0000] {local_task_job_runner.py:222} INFO - ::endgroup::
