[2025-09-08T03:45:02.241+0000] {local_task_job_runner.py:120} INFO - ::group::Pre task execution logs
[2025-09-08T03:45:02.268+0000] {taskinstance.py:2076} INFO - Dependencies all met for dep_context=non-requeueable deps ti=<TaskInstance: foreign_1_live.save_foreign_1 scheduled__2025-09-08T03:44:00+00:00 [queued]>
[2025-09-08T03:45:02.278+0000] {taskinstance.py:2076} INFO - Dependencies all met for dep_context=requeueable deps ti=<TaskInstance: foreign_1_live.save_foreign_1 scheduled__2025-09-08T03:44:00+00:00 [queued]>
[2025-09-08T03:45:02.278+0000] {taskinstance.py:2306} INFO - Starting attempt 1 of 11
[2025-09-08T03:45:02.294+0000] {taskinstance.py:2330} INFO - Executing <Task(PythonOperator): save_foreign_1> on 2025-09-08 03:44:00+00:00
[2025-09-08T03:45:02.302+0000] {standard_task_runner.py:63} INFO - Started process 309044 to run task
[2025-09-08T03:45:02.306+0000] {standard_task_runner.py:90} INFO - Running: ['***', 'tasks', 'run', 'foreign_1_live', 'save_foreign_1', 'scheduled__2025-09-08T03:44:00+00:00', '--job-id', '157384', '--raw', '--subdir', 'DAGS_FOLDER/dag_foreign_1_live.py', '--cfg-path', '/tmp/tmp9zxcyhip']
[2025-09-08T03:45:02.309+0000] {standard_task_runner.py:91} INFO - Job 157384: Subtask save_foreign_1
[2025-09-08T03:45:02.382+0000] {task_command.py:426} INFO - Running <TaskInstance: foreign_1_live.save_foreign_1 scheduled__2025-09-08T03:44:00+00:00 [running]> on host 8d9cea3aac78
[2025-09-08T03:45:02.551+0000] {taskinstance.py:2648} INFO - Exporting env vars: AIRFLOW_CTX_DAG_OWNER='***' AIRFLOW_CTX_DAG_ID='foreign_1_live' AIRFLOW_CTX_TASK_ID='save_foreign_1' AIRFLOW_CTX_EXECUTION_DATE='2025-09-08T03:44:00+00:00' AIRFLOW_CTX_TRY_NUMBER='1' AIRFLOW_CTX_DAG_RUN_ID='scheduled__2025-09-08T03:44:00+00:00'
[2025-09-08T03:45:02.552+0000] {taskinstance.py:430} INFO - ::endgroup::
[2025-09-08T03:45:02.565+0000] {foreign_1.py:18} INFO - Kết nối DB
[2025-09-08T03:45:04.661+0000] {foreign_1.py:28} INFO - Đã lưu foreign_ALL
[2025-09-08T03:45:04.663+0000] {foreign_1.py:18} INFO - Kết nối DB
[2025-09-08T03:45:05.474+0000] {foreign_1.py:28} INFO - Đã lưu foreign_HOSE
[2025-09-08T03:45:05.475+0000] {foreign_1.py:18} INFO - Kết nối DB
[2025-09-08T03:45:06.066+0000] {foreign_1.py:28} INFO - Đã lưu foreign_HNX
[2025-09-08T03:45:06.068+0000] {foreign_1.py:18} INFO - Kết nối DB
[2025-09-08T03:45:06.743+0000] {foreign_1.py:28} INFO - Đã lưu foreign_UPCOM
[2025-09-08T03:45:06.744+0000] {python.py:237} INFO - Done. Returned value was: None
[2025-09-08T03:45:06.745+0000] {taskinstance.py:441} INFO - ::group::Post task execution logs
[2025-09-08T03:45:06.759+0000] {taskinstance.py:1206} INFO - Marking task as SUCCESS. dag_id=foreign_1_live, task_id=save_foreign_1, run_id=scheduled__2025-09-08T03:44:00+00:00, execution_date=20250908T034400, start_date=20250908T034502, end_date=20250908T034506
[2025-09-08T03:45:06.810+0000] {local_task_job_runner.py:240} INFO - Task exited with return code 0
[2025-09-08T03:45:06.834+0000] {taskinstance.py:3503} INFO - 4 downstream tasks scheduled from follow-on schedule check
[2025-09-08T03:45:06.835+0000] {local_task_job_runner.py:222} INFO - ::endgroup::
