[2025-09-01T10:25:54.239+0000] {local_task_job_runner.py:120} INFO - ::group::Pre task execution logs
[2025-09-01T10:25:54.268+0000] {taskinstance.py:2076} INFO - Dependencies all met for dep_context=non-requeueable deps ti=<TaskInstance: market_table_foreign.activity_ALL scheduled__2025-08-31T17:02:00+00:00 [queued]>
[2025-09-01T10:25:54.278+0000] {taskinstance.py:2076} INFO - Dependencies all met for dep_context=requeueable deps ti=<TaskInstance: market_table_foreign.activity_ALL scheduled__2025-08-31T17:02:00+00:00 [queued]>
[2025-09-01T10:25:54.279+0000] {taskinstance.py:2306} INFO - Starting attempt 1 of 11
[2025-09-01T10:25:54.294+0000] {taskinstance.py:2330} INFO - Executing <Task(PythonOperator): activity_ALL> on 2025-08-31 17:02:00+00:00
[2025-09-01T10:25:54.302+0000] {standard_task_runner.py:63} INFO - Started process 2317750 to run task
[2025-09-01T10:25:54.306+0000] {standard_task_runner.py:90} INFO - Running: ['***', 'tasks', 'run', 'market_table_foreign', 'activity_ALL', 'scheduled__2025-08-31T17:02:00+00:00', '--job-id', '42077', '--raw', '--subdir', 'DAGS_FOLDER/dag_market_live.py', '--cfg-path', '/tmp/tmp1wbjsn6b']
[2025-09-01T10:25:54.309+0000] {standard_task_runner.py:91} INFO - Job 42077: Subtask activity_ALL
[2025-09-01T10:25:54.365+0000] {task_command.py:426} INFO - Running <TaskInstance: market_table_foreign.activity_ALL scheduled__2025-08-31T17:02:00+00:00 [running]> on host 1877907bc043
[2025-09-01T10:25:54.471+0000] {taskinstance.py:2648} INFO - Exporting env vars: AIRFLOW_CTX_DAG_OWNER='***' AIRFLOW_CTX_DAG_ID='market_table_foreign' AIRFLOW_CTX_TASK_ID='activity_ALL' AIRFLOW_CTX_EXECUTION_DATE='2025-08-31T17:02:00+00:00' AIRFLOW_CTX_TRY_NUMBER='1' AIRFLOW_CTX_DAG_RUN_ID='scheduled__2025-08-31T17:02:00+00:00'
[2025-09-01T10:25:54.472+0000] {taskinstance.py:430} INFO - ::endgroup::
[2025-09-01T10:25:54.486+0000] {activity_ALL.py:17} INFO - Kết nối DB
[2025-09-01T10:25:54.803+0000] {activity_ALL.py:53} INFO - Đã lưu activity_ALL
[2025-09-01T10:25:54.803+0000] {python.py:237} INFO - Done. Returned value was: None
[2025-09-01T10:25:54.804+0000] {taskinstance.py:441} INFO - ::group::Post task execution logs
[2025-09-01T10:25:54.818+0000] {taskinstance.py:1206} INFO - Marking task as SUCCESS. dag_id=market_table_foreign, task_id=activity_ALL, run_id=scheduled__2025-08-31T17:02:00+00:00, execution_date=20250831T170200, start_date=20250901T102554, end_date=20250901T102554
[2025-09-01T10:25:54.879+0000] {local_task_job_runner.py:240} INFO - Task exited with return code 0
[2025-09-01T10:25:54.900+0000] {taskinstance.py:3498} INFO - 0 downstream tasks scheduled from follow-on schedule check
[2025-09-01T10:25:54.901+0000] {local_task_job_runner.py:222} INFO - ::endgroup::
[2025-09-01T10:27:01.268+0000] {local_task_job_runner.py:120} INFO - ::group::Pre task execution logs
[2025-09-01T10:27:01.296+0000] {taskinstance.py:2076} INFO - Dependencies all met for dep_context=non-requeueable deps ti=<TaskInstance: market_table_foreign.activity_ALL scheduled__2025-08-31T17:02:00+00:00 [queued]>
[2025-09-01T10:27:01.304+0000] {taskinstance.py:2076} INFO - Dependencies all met for dep_context=requeueable deps ti=<TaskInstance: market_table_foreign.activity_ALL scheduled__2025-08-31T17:02:00+00:00 [queued]>
[2025-09-01T10:27:01.304+0000] {taskinstance.py:2306} INFO - Starting attempt 1 of 11
[2025-09-01T10:27:01.316+0000] {taskinstance.py:2330} INFO - Executing <Task(PythonOperator): activity_ALL> on 2025-08-31 17:02:00+00:00
[2025-09-01T10:27:01.323+0000] {standard_task_runner.py:63} INFO - Started process 2318566 to run task
[2025-09-01T10:27:01.329+0000] {standard_task_runner.py:90} INFO - Running: ['***', 'tasks', 'run', 'market_table_foreign', 'activity_ALL', 'scheduled__2025-08-31T17:02:00+00:00', '--job-id', '42321', '--raw', '--subdir', 'DAGS_FOLDER/dag_market_live.py', '--cfg-path', '/tmp/tmp0ro22tzx']
[2025-09-01T10:27:01.332+0000] {standard_task_runner.py:91} INFO - Job 42321: Subtask activity_ALL
[2025-09-01T10:27:01.405+0000] {task_command.py:426} INFO - Running <TaskInstance: market_table_foreign.activity_ALL scheduled__2025-08-31T17:02:00+00:00 [running]> on host 1877907bc043
[2025-09-01T10:27:01.542+0000] {taskinstance.py:2648} INFO - Exporting env vars: AIRFLOW_CTX_DAG_OWNER='***' AIRFLOW_CTX_DAG_ID='market_table_foreign' AIRFLOW_CTX_TASK_ID='activity_ALL' AIRFLOW_CTX_EXECUTION_DATE='2025-08-31T17:02:00+00:00' AIRFLOW_CTX_TRY_NUMBER='1' AIRFLOW_CTX_DAG_RUN_ID='scheduled__2025-08-31T17:02:00+00:00'
[2025-09-01T10:27:01.543+0000] {taskinstance.py:430} INFO - ::endgroup::
[2025-09-01T10:27:01.564+0000] {activity_ALL.py:17} INFO - Kết nối DB
[2025-09-01T10:27:01.912+0000] {activity_ALL.py:53} INFO - Đã lưu activity_ALL
[2025-09-01T10:27:01.913+0000] {python.py:237} INFO - Done. Returned value was: None
[2025-09-01T10:27:01.914+0000] {taskinstance.py:441} INFO - ::group::Post task execution logs
[2025-09-01T10:27:01.931+0000] {taskinstance.py:1206} INFO - Marking task as SUCCESS. dag_id=market_table_foreign, task_id=activity_ALL, run_id=scheduled__2025-08-31T17:02:00+00:00, execution_date=20250831T170200, start_date=20250901T102701, end_date=20250901T102701
[2025-09-01T10:27:01.980+0000] {local_task_job_runner.py:240} INFO - Task exited with return code 0
[2025-09-01T10:27:02.012+0000] {taskinstance.py:3498} INFO - 0 downstream tasks scheduled from follow-on schedule check
[2025-09-01T10:27:02.013+0000] {local_task_job_runner.py:222} INFO - ::endgroup::
