[2025-08-20T12:59:09.472+0000] {local_task_job_runner.py:120} INFO - ::group::Pre task execution logs
[2025-08-20T12:59:09.502+0000] {taskinstance.py:2076} INFO - Dependencies all met for dep_context=non-requeueable deps ti=<TaskInstance: crypto_collector_dag.run_crypto_collector scheduled__2025-08-20T12:58:00+00:00 [queued]>
[2025-08-20T12:59:09.511+0000] {taskinstance.py:2076} INFO - Dependencies all met for dep_context=requeueable deps ti=<TaskInstance: crypto_collector_dag.run_crypto_collector scheduled__2025-08-20T12:58:00+00:00 [queued]>
[2025-08-20T12:59:09.511+0000] {taskinstance.py:2306} INFO - Starting attempt 1 of 2
[2025-08-20T12:59:09.524+0000] {taskinstance.py:2330} INFO - Executing <Task(BashOperator): run_crypto_collector> on 2025-08-20 12:58:00+00:00
[2025-08-20T12:59:09.531+0000] {standard_task_runner.py:63} INFO - Started process 472578 to run task
[2025-08-20T12:59:09.535+0000] {standard_task_runner.py:90} INFO - Running: ['***', 'tasks', 'run', 'crypto_collector_dag', 'run_crypto_collector', 'scheduled__2025-08-20T12:58:00+00:00', '--job-id', '13964', '--raw', '--subdir', 'DAGS_FOLDER/crawl_crypto/dags_crypto.py', '--cfg-path', '/tmp/tmp9iv8uejy']
[2025-08-20T12:59:09.536+0000] {standard_task_runner.py:91} INFO - Job 13964: Subtask run_crypto_collector
[2025-08-20T12:59:09.594+0000] {task_command.py:426} INFO - Running <TaskInstance: crypto_collector_dag.run_crypto_collector scheduled__2025-08-20T12:58:00+00:00 [running]> on host 1877907bc043
[2025-08-20T12:59:09.703+0000] {taskinstance.py:2648} INFO - Exporting env vars: AIRFLOW_CTX_DAG_OWNER='***' AIRFLOW_CTX_DAG_ID='crypto_collector_dag' AIRFLOW_CTX_TASK_ID='run_crypto_collector' AIRFLOW_CTX_EXECUTION_DATE='2025-08-20T12:58:00+00:00' AIRFLOW_CTX_TRY_NUMBER='1' AIRFLOW_CTX_DAG_RUN_ID='scheduled__2025-08-20T12:58:00+00:00'
[2025-08-20T12:59:09.704+0000] {taskinstance.py:430} INFO - ::endgroup::
[2025-08-20T12:59:09.720+0000] {subprocess.py:63} INFO - Tmp dir root location: /tmp
[2025-08-20T12:59:09.721+0000] {subprocess.py:75} INFO - Running command: ['/usr/bin/bash', '-c', 'python3 /opt/***/dags/crawl_crypto/crawl_data_crypto.py']
[2025-08-20T12:59:09.736+0000] {subprocess.py:86} INFO - Output:
[2025-08-20T13:00:05.263+0000] {subprocess.py:93} INFO - 🔹 Kết nối DB...
[2025-08-20T13:00:05.264+0000] {subprocess.py:93} INFO - 🔹 Lấy top 100 crypto...
[2025-08-20T13:00:05.264+0000] {subprocess.py:93} INFO - Top 100: ['ETHUSDT', 'USDCUSDT', 'BTCUSDT', 'SOLUSDT', 'DOGEUSDT', 'XRPUSDT', 'FDUSDUSDT', 'ADAUSDT', 'LINKUSDT', 'TRXUSDT', 'BNBUSDT', 'PROVEUSDT', 'SUIUSDT', 'ENAUSDT', 'AEURUSDT', 'PEPEUSDT', 'PENGUUSDT', 'API3USDT', 'ARBUSDT', 'BIOUSDT', 'UNIUSDT', 'LTCUSDT', 'AVAXUSDT', 'CRVUSDT', 'HBARUSDT', 'TRUMPUSDT', 'SEIUSDT', 'CFXUSDT', 'WLDUSDT', 'AAVEUSDT', 'BONKUSDT', 'OGNUSDT', 'SUSDT', 'WIFUSDT', 'LDOUSDT', 'DOTUSDT', 'XLMUSDT', 'FLOKIUSDT', 'UMAUSDT', 'POLUSDT', 'PLUMEUSDT', 'NEARUSDT', 'APTUSDT', 'TAOUSDT', 'OPUSDT', 'TOWNSUSDT', 'MEMEUSDT', 'TONUSDT', 'RADUSDT', 'USD1USDT', 'ETHFIUSDT', 'EURUSDT', 'PENDLEUSDT', 'ONDOUSDT', 'BCHUSDT', 'SHIBUSDT', 'VIRTUALUSDT', 'PNUTUSDT', 'PHAUSDT', 'INJUSDT', 'FILUSDT', 'TIAUSDT', 'NEOUSDT', 'ETCUSDT', 'SPKUSDT', 'XUSDUSDT', 'KERNELUSDT', 'NEIROUSDT', 'BFUSDUSDT', 'RAREUSDT', 'HYPERUSDT', 'FETUSDT', 'CAKEUSDT', 'ALGOUSDT', 'IOUSDT', 'OGUSDT', 'EIGENUSDT', 'RAYUSDT', 'RENDERUSDT', 'EPICUSDT', 'PAXGUSDT', 'ICPUSDT', 'RUNEUSDT', 'MAVUSDT', 'GALAUSDT', 'ASRUSDT', 'VETUSDT', 'CTSIUSDT', 'ALPINEUSDT', 'SYRUPUSDT', 'AUDIOUSDT', 'VICUSDT', 'BANDUSDT', 'WBTCUSDT', 'AIXBTUSDT', 'CUSDT', 'BERAUSDT', 'BANANAS31USDT', 'ORDIUSDT', 'ENSUSDT']
[2025-08-20T13:00:05.265+0000] {subprocess.py:93} INFO - 🔹 Lưu lịch sử giá vào DB bằng threading...
[2025-08-20T13:00:05.265+0000] {subprocess.py:93} INFO - ✅ USDCUSDT: thêm 3 dòng mới
[2025-08-20T13:00:05.265+0000] {subprocess.py:93} INFO - 1/100 USDCUSDT lưu OK
[2025-08-20T13:00:05.266+0000] {subprocess.py:93} INFO - ✅ XRPUSDT: thêm 2 dòng mới
[2025-08-20T13:00:05.266+0000] {subprocess.py:93} INFO - ✅ BTCUSDT: thêm 3 dòng mới
[2025-08-20T13:00:05.266+0000] {subprocess.py:93} INFO - 2/100 XRPUSDT lưu OK
[2025-08-20T13:00:05.267+0000] {subprocess.py:93} INFO - 3/100 BTCUSDT lưu OK
[2025-08-20T13:00:05.267+0000] {subprocess.py:93} INFO - ✅ FDUSDUSDT: thêm 2 dòng mới
[2025-08-20T13:00:05.267+0000] {subprocess.py:93} INFO - 4/100 FDUSDUSDT lưu OK
[2025-08-20T13:00:05.268+0000] {subprocess.py:93} INFO - ✅ ETHUSDT: thêm 3 dòng mới
[2025-08-20T13:00:05.268+0000] {subprocess.py:93} INFO - ✅ LINKUSDT: thêm 3 dòng mới
[2025-08-20T13:00:05.268+0000] {subprocess.py:93} INFO - 5/100 ETHUSDT lưu OK
[2025-08-20T13:00:05.268+0000] {subprocess.py:93} INFO - 6/100 LINKUSDT lưu OK
[2025-08-20T13:00:05.269+0000] {subprocess.py:93} INFO - ✅ DOGEUSDT: thêm 2 dòng mới
[2025-08-20T13:00:05.269+0000] {subprocess.py:93} INFO - 7/100 DOGEUSDT lưu OK
[2025-08-20T13:00:05.269+0000] {subprocess.py:93} INFO - ✅ SUIUSDT: thêm 3 dòng mới
[2025-08-20T13:00:05.269+0000] {subprocess.py:93} INFO - 8/100 SUIUSDT lưu OK
[2025-08-20T13:00:05.270+0000] {subprocess.py:93} INFO - ✅ API3USDT: thêm 3 dòng mới
[2025-08-20T13:00:05.270+0000] {subprocess.py:93} INFO - 9/100 API3USDT lưu OK
[2025-08-20T13:00:05.270+0000] {subprocess.py:93} INFO - ✅ PENGUUSDT: thêm 3 dòng mới
[2025-08-20T13:00:05.270+0000] {subprocess.py:93} INFO - 10/100 PENGUUSDT lưu OK
[2025-08-20T13:00:05.271+0000] {subprocess.py:93} INFO - ✅ ENAUSDT: thêm 3 dòng mới
[2025-08-20T13:00:05.271+0000] {subprocess.py:93} INFO - 11/100 ENAUSDT lưu OK
[2025-08-20T13:00:05.271+0000] {subprocess.py:93} INFO - 12/100 BIOUSDT lỗi: relation "cryptocurrency.biousdt" does not exist
[2025-08-20T13:00:05.272+0000] {subprocess.py:93} INFO - LINE 1: SELECT MAX(time) FROM cryptocurrency.biousdt;
[2025-08-20T13:00:05.272+0000] {subprocess.py:93} INFO -                               ^
[2025-08-20T13:00:05.272+0000] {subprocess.py:93} INFO - 
[2025-08-20T13:00:05.272+0000] {subprocess.py:93} INFO - ✅ UNIUSDT: thêm 3 dòng mới
[2025-08-20T13:00:05.273+0000] {subprocess.py:93} INFO - 13/100 UNIUSDT lưu OK
[2025-08-20T13:00:05.273+0000] {subprocess.py:93} INFO - 14/100 AEURUSDT lỗi: relation "cryptocurrency.aeurusdt" does not exist
[2025-08-20T13:00:05.273+0000] {subprocess.py:93} INFO - LINE 1: SELECT MAX(time) FROM cryptocurrency.aeurusdt;
[2025-08-20T13:00:05.273+0000] {subprocess.py:93} INFO -                               ^
[2025-08-20T13:00:05.274+0000] {subprocess.py:93} INFO - 
[2025-08-20T13:00:05.274+0000] {subprocess.py:93} INFO - ✅ ARBUSDT: thêm 3 dòng mới
[2025-08-20T13:00:05.274+0000] {subprocess.py:93} INFO - 15/100 ARBUSDT lưu OK
[2025-08-20T13:00:05.274+0000] {subprocess.py:93} INFO - ✅ AVAXUSDT: thêm 2 dòng mới
[2025-08-20T13:00:05.275+0000] {subprocess.py:93} INFO - 16/100 AVAXUSDT lưu OK
[2025-08-20T13:00:05.275+0000] {subprocess.py:93} INFO - ✅ LTCUSDT: thêm 4 dòng mới
[2025-08-20T13:00:05.275+0000] {subprocess.py:93} INFO - 17/100 LTCUSDT lưu OK
[2025-08-20T13:00:05.276+0000] {subprocess.py:93} INFO - ✅ TRUMPUSDT: thêm 2 dòng mới
[2025-08-20T13:00:05.276+0000] {subprocess.py:93} INFO - 18/100 TRUMPUSDT lưu OK
[2025-08-20T13:00:05.276+0000] {subprocess.py:93} INFO - ✅ CFXUSDT: thêm 2 dòng mới
[2025-08-20T13:00:05.276+0000] {subprocess.py:93} INFO - 19/100 CFXUSDT lưu OK
[2025-08-20T13:00:05.277+0000] {subprocess.py:93} INFO - ✅ PEPEUSDT: thêm 3 dòng mới
[2025-08-20T13:00:05.277+0000] {subprocess.py:93} INFO - 20/100 PEPEUSDT lưu OK
[2025-08-20T13:00:05.277+0000] {subprocess.py:93} INFO - ✅ ADAUSDT: thêm 2 dòng mới
[2025-08-20T13:00:05.277+0000] {subprocess.py:93} INFO - 21/100 ADAUSDT lưu OK
[2025-08-20T13:00:05.278+0000] {subprocess.py:93} INFO - ✅ SEIUSDT: thêm 2 dòng mới
[2025-08-20T13:00:05.278+0000] {subprocess.py:93} INFO - 22/100 SEIUSDT lưu OK
[2025-08-20T13:00:05.278+0000] {subprocess.py:93} INFO - ✅ BONKUSDT: thêm 2 dòng mới
[2025-08-20T13:00:05.278+0000] {subprocess.py:93} INFO - 23/100 BONKUSDT lưu OK
[2025-08-20T13:00:05.279+0000] {subprocess.py:93} INFO - ✅ CRVUSDT: thêm 2 dòng mới
[2025-08-20T13:00:05.279+0000] {subprocess.py:93} INFO - ✅ WLDUSDT: thêm 2 dòng mới
[2025-08-20T13:00:05.279+0000] {subprocess.py:93} INFO - 24/100 CRVUSDT lưu OK
[2025-08-20T13:00:05.280+0000] {subprocess.py:93} INFO - 25/100 WLDUSDT lưu OK
[2025-08-20T13:00:05.280+0000] {subprocess.py:93} INFO - ✅ WIFUSDT: thêm 2 dòng mới
[2025-08-20T13:00:05.280+0000] {subprocess.py:93} INFO - 26/100 WIFUSDT lưu OK
[2025-08-20T13:00:05.280+0000] {subprocess.py:93} INFO - ✅ SUSDT: thêm 2 dòng mới
[2025-08-20T13:00:05.281+0000] {subprocess.py:93} INFO - 27/100 SUSDT lưu OK
[2025-08-20T13:00:05.281+0000] {subprocess.py:93} INFO - ✅ OGNUSDT: thêm 2 dòng mới
[2025-08-20T13:00:05.281+0000] {subprocess.py:93} INFO - 28/100 OGNUSDT lưu OK
[2025-08-20T13:00:05.281+0000] {subprocess.py:93} INFO - ✅ XLMUSDT: thêm 2 dòng mới
[2025-08-20T13:00:05.282+0000] {subprocess.py:93} INFO - 29/100 XLMUSDT lưu OK
[2025-08-20T13:00:05.282+0000] {subprocess.py:93} INFO - ✅ AAVEUSDT: thêm 2 dòng mới
[2025-08-20T13:00:05.282+0000] {subprocess.py:93} INFO - 30/100 AAVEUSDT lưu OK
[2025-08-20T13:00:05.282+0000] {subprocess.py:93} INFO - ✅ HBARUSDT: thêm 2 dòng mới
[2025-08-20T13:00:05.283+0000] {subprocess.py:93} INFO - 31/100 HBARUSDT lưu OK
[2025-08-20T13:00:05.283+0000] {subprocess.py:93} INFO - 32/100 PLUMEUSDT lỗi: relation "cryptocurrency.plumeusdt" does not exist
[2025-08-20T13:00:05.283+0000] {subprocess.py:93} INFO - LINE 1: SELECT MAX(time) FROM cryptocurrency.plumeusdt;
[2025-08-20T13:00:05.283+0000] {subprocess.py:93} INFO -                               ^
[2025-08-20T13:00:05.284+0000] {subprocess.py:93} INFO - 
[2025-08-20T13:00:05.284+0000] {subprocess.py:93} INFO - ✅ NEARUSDT: thêm 2 dòng mới
[2025-08-20T13:00:05.284+0000] {subprocess.py:93} INFO - 33/100 NEARUSDT lưu OK
[2025-08-20T13:00:05.285+0000] {subprocess.py:93} INFO - ✅ APTUSDT: thêm 2 dòng mới
[2025-08-20T13:00:05.285+0000] {subprocess.py:93} INFO - 34/100 APTUSDT lưu OK
[2025-08-20T13:00:05.285+0000] {subprocess.py:93} INFO - ⚠️ PROVEUSDT lỗi lần 1/3: HTTPSConnectionPool(host='api.binance.com', port=443): Max retries exceeded with url: /api/v3/klines?symbol=PROVEUSDT&interval=1m&limit=100 (Caused by ConnectTimeoutError(<urllib3.connection.HTTPSConnection object at 0x7ff6d5d8cfa0>, 'Connection to api.binance.com timed out. (connect timeout=15)'))
[2025-08-20T13:00:05.285+0000] {subprocess.py:93} INFO - ⚠️ BNBUSDT lỗi lần 1/3: HTTPSConnectionPool(host='api.binance.com', port=443): Max retries exceeded with url: /api/v3/klines?symbol=BNBUSDT&interval=1m&limit=100 (Caused by ConnectTimeoutError(<urllib3.connection.HTTPSConnection object at 0x7ff6d5d8c370>, 'Connection to api.binance.com timed out. (connect timeout=15)'))
[2025-08-20T13:00:05.286+0000] {subprocess.py:93} INFO - 35/100 UMAUSDT lỗi: relation "cryptocurrency.umausdt" does not exist
[2025-08-20T13:00:05.286+0000] {subprocess.py:93} INFO - LINE 1: SELECT MAX(time) FROM cryptocurrency.umausdt;
[2025-08-20T13:00:05.286+0000] {subprocess.py:93} INFO -                               ^
[2025-08-20T13:00:05.286+0000] {subprocess.py:93} INFO - 
[2025-08-20T13:00:05.287+0000] {subprocess.py:93} INFO - ✅ TAOUSDT: thêm 2 dòng mới
[2025-08-20T13:00:05.287+0000] {subprocess.py:93} INFO - 36/100 TAOUSDT lưu OK
[2025-08-20T13:00:05.287+0000] {subprocess.py:93} INFO - ✅ TOWNSUSDT: thêm 2 dòng mới
[2025-08-20T13:00:05.287+0000] {subprocess.py:93} INFO - 37/100 TOWNSUSDT lưu OK
[2025-08-20T13:00:05.288+0000] {subprocess.py:93} INFO - ✅ TRXUSDT: thêm 2 dòng mới
[2025-08-20T13:00:05.288+0000] {subprocess.py:93} INFO - 38/100 TRXUSDT lưu OK
[2025-08-20T13:00:05.288+0000] {subprocess.py:93} INFO - ✅ POLUSDT: thêm 2 dòng mới
[2025-08-20T13:00:05.288+0000] {subprocess.py:93} INFO - 39/100 POLUSDT lưu OK
[2025-08-20T13:00:05.289+0000] {subprocess.py:93} INFO - ✅ PROVEUSDT: thêm 3 dòng mới
[2025-08-20T13:00:05.289+0000] {subprocess.py:93} INFO - 40/100 PROVEUSDT lưu OK
[2025-08-20T13:00:05.289+0000] {subprocess.py:93} INFO - ✅ OPUSDT: thêm 2 dòng mới
[2025-08-20T13:00:05.289+0000] {subprocess.py:93} INFO - 41/100 OPUSDT lưu OK
[2025-08-20T13:00:05.290+0000] {subprocess.py:93} INFO - 42/100 RADUSDT lỗi: relation "cryptocurrency.radusdt" does not exist
[2025-08-20T13:00:05.290+0000] {subprocess.py:93} INFO - LINE 1: SELECT MAX(time) FROM cryptocurrency.radusdt;
[2025-08-20T13:00:05.290+0000] {subprocess.py:93} INFO -                               ^
[2025-08-20T13:00:05.290+0000] {subprocess.py:93} INFO - 
[2025-08-20T13:00:05.291+0000] {subprocess.py:93} INFO - 43/100 USD1USDT lỗi: relation "cryptocurrency.usd1usdt" does not exist
[2025-08-20T13:00:05.291+0000] {subprocess.py:93} INFO - LINE 1: SELECT MAX(time) FROM cryptocurrency.usd1usdt;
[2025-08-20T13:00:05.291+0000] {subprocess.py:93} INFO -                               ^
[2025-08-20T13:00:05.291+0000] {subprocess.py:93} INFO - 
[2025-08-20T13:00:05.292+0000] {subprocess.py:93} INFO - ✅ ETHFIUSDT: thêm 2 dòng mới
[2025-08-20T13:00:05.292+0000] {subprocess.py:93} INFO - 44/100 ETHFIUSDT lưu OK
[2025-08-20T13:00:05.292+0000] {subprocess.py:93} INFO - ✅ EURUSDT: thêm 2 dòng mới
[2025-08-20T13:00:05.292+0000] {subprocess.py:93} INFO - 45/100 EURUSDT lưu OK
[2025-08-20T13:00:05.293+0000] {subprocess.py:93} INFO - ✅ PENDLEUSDT: thêm 2 dòng mới
[2025-08-20T13:00:05.293+0000] {subprocess.py:93} INFO - 46/100 PENDLEUSDT lưu OK
[2025-08-20T13:00:05.293+0000] {subprocess.py:93} INFO - 47/100 MEMEUSDT lỗi: relation "cryptocurrency.memeusdt" does not exist
[2025-08-20T13:00:05.293+0000] {subprocess.py:93} INFO - LINE 1: SELECT MAX(time) FROM cryptocurrency.memeusdt;
[2025-08-20T13:00:05.294+0000] {subprocess.py:93} INFO -                               ^
[2025-08-20T13:00:05.294+0000] {subprocess.py:93} INFO - 
[2025-08-20T13:00:05.294+0000] {subprocess.py:93} INFO - ✅ BCHUSDT: thêm 2 dòng mới
[2025-08-20T13:00:05.294+0000] {subprocess.py:93} INFO - 48/100 BCHUSDT lưu OK
[2025-08-20T13:00:05.295+0000] {subprocess.py:93} INFO - ✅ SHIBUSDT: thêm 2 dòng mới
[2025-08-20T13:00:05.295+0000] {subprocess.py:93} INFO - 49/100 SHIBUSDT lưu OK
[2025-08-20T13:00:05.295+0000] {subprocess.py:93} INFO - ⚠️ LDOUSDT lỗi lần 1/3: HTTPSConnectionPool(host='api.binance.com', port=443): Max retries exceeded with url: /api/v3/klines?symbol=LDOUSDT&interval=1m&limit=100 (Caused by ConnectTimeoutError(<urllib3.connection.HTTPSConnection object at 0x7ff6d5d5e530>, 'Connection to api.binance.com timed out. (connect timeout=15)'))
[2025-08-20T13:00:05.295+0000] {subprocess.py:93} INFO - ✅ ONDOUSDT: thêm 2 dòng mới
[2025-08-20T13:00:05.296+0000] {subprocess.py:93} INFO - 50/100 ONDOUSDT lưu OK
[2025-08-20T13:00:05.296+0000] {subprocess.py:93} INFO - ✅ PNUTUSDT: thêm 2 dòng mới
[2025-08-20T13:00:05.296+0000] {subprocess.py:93} INFO - 51/100 PNUTUSDT lưu OK
[2025-08-20T13:00:05.296+0000] {subprocess.py:93} INFO - ⚠️ FLOKIUSDT lỗi lần 1/3: HTTPSConnectionPool(host='api.binance.com', port=443): Max retries exceeded with url: /api/v3/klines?symbol=FLOKIUSDT&interval=1m&limit=100 (Caused by ConnectTimeoutError(<urllib3.connection.HTTPSConnection object at 0x7ff6d5d8cd60>, 'Connection to api.binance.com timed out. (connect timeout=15)'))
[2025-08-20T13:00:05.297+0000] {subprocess.py:93} INFO - ✅ LDOUSDT: thêm 2 dòng mới
[2025-08-20T13:00:05.297+0000] {subprocess.py:93} INFO - 52/100 LDOUSDT lưu OK
[2025-08-20T13:00:05.297+0000] {subprocess.py:93} INFO - ✅ INJUSDT: thêm 2 dòng mới
[2025-08-20T13:00:05.297+0000] {subprocess.py:93} INFO - 53/100 INJUSDT lưu OK
[2025-08-20T13:00:05.298+0000] {subprocess.py:93} INFO - ✅ TIAUSDT: thêm 2 dòng mới
[2025-08-20T13:00:05.298+0000] {subprocess.py:93} INFO - 54/100 TIAUSDT lưu OK
[2025-08-20T13:00:05.298+0000] {subprocess.py:93} INFO - ✅ VIRTUALUSDT: thêm 2 dòng mới
[2025-08-20T13:00:05.298+0000] {subprocess.py:93} INFO - 55/100 VIRTUALUSDT lưu OK
[2025-08-20T13:00:05.299+0000] {subprocess.py:93} INFO - ✅ FILUSDT: thêm 2 dòng mới
[2025-08-20T13:00:05.299+0000] {subprocess.py:93} INFO - 56/100 FILUSDT lưu OK
[2025-08-20T13:00:05.299+0000] {subprocess.py:93} INFO - ✅ XUSDUSDT: thêm 2 dòng mới
[2025-08-20T13:00:05.299+0000] {subprocess.py:93} INFO - 57/100 XUSDUSDT lưu OK
[2025-08-20T13:00:05.300+0000] {subprocess.py:93} INFO - 58/100 KERNELUSDT lỗi: relation "cryptocurrency.kernelusdt" does not exist
[2025-08-20T13:00:05.300+0000] {subprocess.py:93} INFO - LINE 1: SELECT MAX(time) FROM cryptocurrency.kernelusdt;
[2025-08-20T13:00:05.300+0000] {subprocess.py:93} INFO -                               ^
[2025-08-20T13:00:05.300+0000] {subprocess.py:93} INFO - 
[2025-08-20T13:00:05.301+0000] {subprocess.py:93} INFO - ✅ SPKUSDT: thêm 2 dòng mới
[2025-08-20T13:00:05.301+0000] {subprocess.py:93} INFO - 59/100 SPKUSDT lưu OK
[2025-08-20T13:00:05.301+0000] {subprocess.py:93} INFO - ✅ BFUSDUSDT: thêm 2 dòng mới
[2025-08-20T13:00:05.301+0000] {subprocess.py:93} INFO - 60/100 BFUSDUSDT lưu OK
[2025-08-20T13:00:05.302+0000] {subprocess.py:93} INFO - 61/100 PHAUSDT lỗi: relation "cryptocurrency.phausdt" does not exist
[2025-08-20T13:00:05.302+0000] {subprocess.py:93} INFO - LINE 1: SELECT MAX(time) FROM cryptocurrency.phausdt;
[2025-08-20T13:00:05.302+0000] {subprocess.py:93} INFO -                               ^
[2025-08-20T13:00:05.302+0000] {subprocess.py:93} INFO - 
[2025-08-20T13:00:05.303+0000] {subprocess.py:93} INFO - 62/100 NEOUSDT lỗi: relation "cryptocurrency.neousdt" does not exist
[2025-08-20T13:00:05.303+0000] {subprocess.py:93} INFO - LINE 1: SELECT MAX(time) FROM cryptocurrency.neousdt;
[2025-08-20T13:00:05.303+0000] {subprocess.py:93} INFO -                               ^
[2025-08-20T13:00:05.303+0000] {subprocess.py:93} INFO - 
[2025-08-20T13:00:05.304+0000] {subprocess.py:93} INFO - ✅ NEIROUSDT: thêm 2 dòng mới
[2025-08-20T13:00:05.304+0000] {subprocess.py:93} INFO - 63/100 NEIROUSDT lưu OK
[2025-08-20T13:00:05.304+0000] {subprocess.py:93} INFO - ✅ CAKEUSDT: thêm 2 dòng mới
[2025-08-20T13:00:05.304+0000] {subprocess.py:93} INFO - 64/100 CAKEUSDT lưu OK
[2025-08-20T13:00:05.305+0000] {subprocess.py:93} INFO - ✅ ALGOUSDT: thêm 2 dòng mới
[2025-08-20T13:00:05.305+0000] {subprocess.py:93} INFO - 65/100 ALGOUSDT lưu OK
[2025-08-20T13:00:05.305+0000] {subprocess.py:93} INFO - 66/100 IOUSDT lỗi: relation "cryptocurrency.iousdt" does not exist
[2025-08-20T13:00:05.305+0000] {subprocess.py:93} INFO - LINE 1: SELECT MAX(time) FROM cryptocurrency.iousdt;
[2025-08-20T13:00:05.306+0000] {subprocess.py:93} INFO -                               ^
[2025-08-20T13:00:05.306+0000] {subprocess.py:93} INFO - 
[2025-08-20T13:00:05.306+0000] {subprocess.py:93} INFO - ⚠️ FLOKIUSDT lỗi lần 2/3: HTTPSConnectionPool(host='api.binance.com', port=443): Max retries exceeded with url: /api/v3/klines?symbol=FLOKIUSDT&interval=1m&limit=100 (Caused by ConnectTimeoutError(<urllib3.connection.HTTPSConnection object at 0x7ff6d5d44fd0>, 'Connection to api.binance.com timed out. (connect timeout=15)'))
[2025-08-20T13:00:05.306+0000] {subprocess.py:93} INFO - ✅ OGUSDT: thêm 2 dòng mới
[2025-08-20T13:00:05.306+0000] {subprocess.py:93} INFO - 67/100 OGUSDT lưu OK
[2025-08-20T13:00:05.307+0000] {subprocess.py:93} INFO - ✅ EIGENUSDT: thêm 3 dòng mới
[2025-08-20T13:00:05.307+0000] {subprocess.py:93} INFO - 68/100 EIGENUSDT lưu OK
[2025-08-20T13:00:05.307+0000] {subprocess.py:93} INFO - ✅ ETCUSDT: thêm 2 dòng mới
[2025-08-20T13:00:05.307+0000] {subprocess.py:93} INFO - 69/100 ETCUSDT lưu OK
[2025-08-20T13:00:05.308+0000] {subprocess.py:93} INFO - ✅ RAYUSDT: thêm 3 dòng mới
[2025-08-20T13:00:05.308+0000] {subprocess.py:93} INFO - 70/100 RAYUSDT lưu OK
[2025-08-20T13:00:05.308+0000] {subprocess.py:93} INFO - ✅ FLOKIUSDT: thêm 3 dòng mới
[2025-08-20T13:00:05.308+0000] {subprocess.py:93} INFO - 71/100 FLOKIUSDT lưu OK
[2025-08-20T13:01:26.073+0000] {subprocess.py:93} INFO - ⚠️ RAREUSDT lỗi lần 1/3: HTTPSConnectionPool(host='api.binance.com', port=443): Max retries exceeded with url: /api/v3/klines?symbol=RAREUSDT&interval=1m&limit=100 (Caused by ConnectTimeoutError(<urllib3.connection.HTTPSConnection object at 0x7ff6d5d45510>, 'Connection to api.binance.com timed out. (connect timeout=15)'))
[2025-08-20T13:01:26.073+0000] {subprocess.py:93} INFO - ⚠️ HYPERUSDT lỗi lần 1/3: HTTPSConnectionPool(host='api.binance.com', port=443): Max retries exceeded with url: /api/v3/klines?symbol=HYPERUSDT&interval=1m&limit=100 (Caused by ConnectTimeoutError(<urllib3.connection.HTTPSConnection object at 0x7ff6d5d8c370>, 'Connection to api.binance.com timed out. (connect timeout=15)'))
[2025-08-20T13:01:26.074+0000] {subprocess.py:93} INFO - ✅ EPICUSDT: thêm 3 dòng mới
[2025-08-20T13:01:26.074+0000] {subprocess.py:93} INFO - 72/100 EPICUSDT lưu OK
[2025-08-20T13:01:26.075+0000] {subprocess.py:93} INFO - ⚠️ FETUSDT lỗi lần 1/3: HTTPSConnectionPool(host='api.binance.com', port=443): Max retries exceeded with url: /api/v3/klines?symbol=FETUSDT&interval=1m&limit=100 (Caused by ConnectTimeoutError(<urllib3.connection.HTTPSConnection object at 0x7ff6d5d8cca0>, 'Connection to api.binance.com timed out. (connect timeout=15)'))
[2025-08-20T13:01:26.075+0000] {subprocess.py:93} INFO - 73/100 HYPERUSDT lỗi: relation "cryptocurrency.hyperusdt" does not exist
[2025-08-20T13:01:26.075+0000] {subprocess.py:93} INFO - LINE 1: SELECT MAX(time) FROM cryptocurrency.hyperusdt;
[2025-08-20T13:01:26.076+0000] {subprocess.py:93} INFO -                               ^
[2025-08-20T13:01:26.076+0000] {subprocess.py:93} INFO - 
[2025-08-20T13:01:26.077+0000] {subprocess.py:93} INFO - 74/100 RUNEUSDT lỗi: relation "cryptocurrency.runeusdt" does not exist
[2025-08-20T13:01:26.077+0000] {subprocess.py:93} INFO - LINE 1: SELECT MAX(time) FROM cryptocurrency.runeusdt;
[2025-08-20T13:01:26.077+0000] {subprocess.py:93} INFO -                               ^
[2025-08-20T13:01:26.078+0000] {subprocess.py:93} INFO - 
[2025-08-20T13:01:26.078+0000] {subprocess.py:93} INFO - ✅ FETUSDT: thêm 3 dòng mới
[2025-08-20T13:01:26.078+0000] {subprocess.py:93} INFO - 75/100 FETUSDT lưu OK
[2025-08-20T13:01:26.079+0000] {subprocess.py:93} INFO - ✅ RAREUSDT: thêm 3 dòng mới
[2025-08-20T13:01:26.079+0000] {subprocess.py:93} INFO - 76/100 RAREUSDT lưu OK
[2025-08-20T13:01:26.079+0000] {subprocess.py:93} INFO - ✅ GALAUSDT: thêm 3 dòng mới
[2025-08-20T13:01:26.080+0000] {subprocess.py:93} INFO - 77/100 GALAUSDT lưu OK
[2025-08-20T13:01:26.080+0000] {subprocess.py:93} INFO - 78/100 VETUSDT lỗi: relation "cryptocurrency.vetusdt" does not exist
[2025-08-20T13:01:26.081+0000] {subprocess.py:93} INFO - LINE 1: SELECT MAX(time) FROM cryptocurrency.vetusdt;
[2025-08-20T13:01:26.081+0000] {subprocess.py:93} INFO -                               ^
[2025-08-20T13:01:26.081+0000] {subprocess.py:93} INFO - 
[2025-08-20T13:01:26.082+0000] {subprocess.py:93} INFO - ✅ ASRUSDT: thêm 3 dòng mới
[2025-08-20T13:01:26.082+0000] {subprocess.py:93} INFO - 79/100 ASRUSDT lưu OK
[2025-08-20T13:01:26.082+0000] {subprocess.py:93} INFO - ✅ MAVUSDT: thêm 3 dòng mới
[2025-08-20T13:01:26.083+0000] {subprocess.py:93} INFO - 80/100 MAVUSDT lưu OK
[2025-08-20T13:01:26.083+0000] {subprocess.py:93} INFO - ✅ RENDERUSDT: thêm 3 dòng mới
[2025-08-20T13:01:26.084+0000] {subprocess.py:93} INFO - 81/100 RENDERUSDT lưu OK
[2025-08-20T13:01:26.084+0000] {subprocess.py:93} INFO - ⚠️ PAXGUSDT lỗi lần 1/3: HTTPSConnectionPool(host='api.binance.com', port=443): Max retries exceeded with url: /api/v3/klines?symbol=PAXGUSDT&interval=1m&limit=100 (Caused by ConnectTimeoutError(<urllib3.connection.HTTPSConnection object at 0x7ff6d5d8ebc0>, 'Connection to api.binance.com timed out. (connect timeout=15)'))
[2025-08-20T13:01:26.084+0000] {subprocess.py:93} INFO - ✅ SYRUPUSDT: thêm 2 dòng mới
[2025-08-20T13:01:26.085+0000] {subprocess.py:93} INFO - 82/100 SYRUPUSDT lưu OK
[2025-08-20T13:01:26.085+0000] {subprocess.py:93} INFO - 83/100 AUDIOUSDT lỗi: relation "cryptocurrency.audiousdt" does not exist
[2025-08-20T13:01:26.086+0000] {subprocess.py:93} INFO - LINE 1: SELECT MAX(time) FROM cryptocurrency.audiousdt;
[2025-08-20T13:01:26.086+0000] {subprocess.py:93} INFO -                               ^
[2025-08-20T13:01:26.086+0000] {subprocess.py:93} INFO - 
[2025-08-20T13:01:26.087+0000] {subprocess.py:93} INFO - 84/100 BANDUSDT lỗi: relation "cryptocurrency.bandusdt" does not exist
[2025-08-20T13:01:26.087+0000] {subprocess.py:93} INFO - LINE 1: SELECT MAX(time) FROM cryptocurrency.bandusdt;
[2025-08-20T13:01:26.087+0000] {subprocess.py:93} INFO -                               ^
[2025-08-20T13:01:26.088+0000] {subprocess.py:93} INFO - 
[2025-08-20T13:01:26.088+0000] {subprocess.py:93} INFO - ⚠️ ICPUSDT lỗi lần 1/3: HTTPSConnectionPool(host='api.binance.com', port=443): Max retries exceeded with url: /api/v3/klines?symbol=ICPUSDT&interval=1m&limit=100 (Caused by ConnectTimeoutError(<urllib3.connection.HTTPSConnection object at 0x7ff6d5d5c820>, 'Connection to api.binance.com timed out. (connect timeout=15)'))
[2025-08-20T13:01:26.089+0000] {subprocess.py:93} INFO - ✅ ICPUSDT: thêm 3 dòng mới
[2025-08-20T13:01:26.089+0000] {subprocess.py:93} INFO - 85/100 ICPUSDT lưu OK
[2025-08-20T13:01:26.089+0000] {subprocess.py:93} INFO - 86/100 WBTCUSDT lỗi: relation "cryptocurrency.wbtcusdt" does not exist
[2025-08-20T13:01:26.090+0000] {subprocess.py:93} INFO - LINE 1: SELECT MAX(time) FROM cryptocurrency.wbtcusdt;
[2025-08-20T13:01:26.090+0000] {subprocess.py:93} INFO -                               ^
[2025-08-20T13:01:26.090+0000] {subprocess.py:93} INFO - 
[2025-08-20T13:01:26.091+0000] {subprocess.py:93} INFO - 87/100 AIXBTUSDT lỗi: relation "cryptocurrency.aixbtusdt" does not exist
[2025-08-20T13:01:26.091+0000] {subprocess.py:93} INFO - LINE 1: SELECT MAX(time) FROM cryptocurrency.aixbtusdt;
[2025-08-20T13:01:26.092+0000] {subprocess.py:93} INFO -                               ^
[2025-08-20T13:01:26.092+0000] {subprocess.py:93} INFO - 
[2025-08-20T13:01:26.092+0000] {subprocess.py:93} INFO - 88/100 CUSDT lỗi: relation "cryptocurrency.cusdt" does not exist
[2025-08-20T13:01:26.093+0000] {subprocess.py:93} INFO - LINE 1: SELECT MAX(time) FROM cryptocurrency.cusdt;
[2025-08-20T13:01:26.093+0000] {subprocess.py:93} INFO -                               ^
[2025-08-20T13:01:26.093+0000] {subprocess.py:93} INFO - 
[2025-08-20T13:01:26.094+0000] {subprocess.py:93} INFO - 89/100 PAXGUSDT lỗi: relation "cryptocurrency.paxgusdt" does not exist
[2025-08-20T13:01:26.095+0000] {subprocess.py:93} INFO - LINE 1: SELECT MAX(time) FROM cryptocurrency.paxgusdt;
[2025-08-20T13:01:26.095+0000] {subprocess.py:93} INFO -                               ^
[2025-08-20T13:01:26.095+0000] {subprocess.py:93} INFO - 
[2025-08-20T13:01:26.096+0000] {subprocess.py:93} INFO - ⚠️ ALPINEUSDT lỗi lần 1/3: HTTPSConnectionPool(host='api.binance.com', port=443): Max retries exceeded with url: /api/v3/klines?symbol=ALPINEUSDT&interval=1m&limit=100 (Caused by ConnectTimeoutError(<urllib3.connection.HTTPSConnection object at 0x7ff6d5d87850>, 'Connection to api.binance.com timed out. (connect timeout=15)'))
[2025-08-20T13:01:26.096+0000] {subprocess.py:93} INFO - ✅ CTSIUSDT: thêm 3 dòng mới
[2025-08-20T13:01:26.096+0000] {subprocess.py:93} INFO - 90/100 CTSIUSDT lưu OK
[2025-08-20T13:01:26.097+0000] {subprocess.py:93} INFO - 91/100 BANANAS31USDT lỗi: relation "cryptocurrency.bananas31usdt" does not exist
[2025-08-20T13:01:26.097+0000] {subprocess.py:93} INFO - LINE 1: SELECT MAX(time) FROM cryptocurrency.bananas31usdt;
[2025-08-20T13:01:26.097+0000] {subprocess.py:93} INFO -                               ^
[2025-08-20T13:01:26.098+0000] {subprocess.py:93} INFO - 
[2025-08-20T13:01:26.098+0000] {subprocess.py:93} INFO - ✅ BERAUSDT: thêm 2 dòng mới
[2025-08-20T13:01:26.098+0000] {subprocess.py:93} INFO - 92/100 BERAUSDT lưu OK
[2025-08-20T13:01:26.099+0000] {subprocess.py:93} INFO - ✅ ENSUSDT: thêm 2 dòng mới
[2025-08-20T13:01:26.099+0000] {subprocess.py:93} INFO - 93/100 ENSUSDT lưu OK
[2025-08-20T13:01:26.100+0000] {subprocess.py:93} INFO - ✅ DOTUSDT: thêm 2 dòng mới
[2025-08-20T13:01:26.100+0000] {subprocess.py:93} INFO - 94/100 DOTUSDT lưu OK
[2025-08-20T13:01:26.100+0000] {subprocess.py:93} INFO - ✅ ORDIUSDT: thêm 2 dòng mới
[2025-08-20T13:01:26.101+0000] {subprocess.py:93} INFO - 95/100 ORDIUSDT lưu OK
[2025-08-20T13:01:26.101+0000] {subprocess.py:93} INFO - ✅ ALPINEUSDT: thêm 3 dòng mới
[2025-08-20T13:01:26.101+0000] {subprocess.py:93} INFO - 96/100 ALPINEUSDT lưu OK
[2025-08-20T13:01:26.102+0000] {subprocess.py:93} INFO - 97/100 VICUSDT lỗi: relation "cryptocurrency.vicusdt" does not exist
[2025-08-20T13:01:26.102+0000] {subprocess.py:93} INFO - LINE 1: SELECT MAX(time) FROM cryptocurrency.vicusdt;
[2025-08-20T13:01:26.102+0000] {subprocess.py:93} INFO -                               ^
[2025-08-20T13:01:26.103+0000] {subprocess.py:93} INFO - 
[2025-08-20T13:01:26.103+0000] {subprocess.py:93} INFO - ✅ BNBUSDT: thêm 3 dòng mới
[2025-08-20T13:01:26.104+0000] {subprocess.py:93} INFO - 98/100 BNBUSDT lưu OK
[2025-08-20T13:01:26.104+0000] {subprocess.py:93} INFO - ✅ TONUSDT: thêm 2 dòng mới
[2025-08-20T13:01:26.104+0000] {subprocess.py:93} INFO - 99/100 TONUSDT lưu OK
[2025-08-20T13:01:26.105+0000] {subprocess.py:93} INFO - 100/100 SOLUSDT lỗi: connection to server at "videv.cloud" (27.74.74.29), port 5432 failed: Connection timed out
[2025-08-20T13:01:26.105+0000] {subprocess.py:93} INFO - 	Is the server running on that host and accepting TCP/IP connections?
[2025-08-20T13:01:26.105+0000] {subprocess.py:93} INFO - 
[2025-08-20T13:01:26.203+0000] {subprocess.py:97} INFO - Command exited with return code 0
[2025-08-20T13:01:26.204+0000] {taskinstance.py:441} INFO - ::group::Post task execution logs
[2025-08-20T13:01:26.238+0000] {taskinstance.py:1206} INFO - Marking task as SUCCESS. dag_id=crypto_collector_dag, task_id=run_crypto_collector, run_id=scheduled__2025-08-20T12:58:00+00:00, execution_date=20250820T125800, start_date=20250820T125909, end_date=20250820T130126
[2025-08-20T13:01:26.293+0000] {local_task_job_runner.py:240} INFO - Task exited with return code 0
[2025-08-20T13:01:26.318+0000] {taskinstance.py:3498} INFO - 0 downstream tasks scheduled from follow-on schedule check
[2025-08-20T13:01:26.319+0000] {local_task_job_runner.py:222} INFO - ::endgroup::
