[2025-08-20T03:55:00.786+0000] {local_task_job_runner.py:120} INFO - ::group::Pre task execution logs
[2025-08-20T03:55:00.811+0000] {taskinstance.py:2076} INFO - Dependencies all met for dep_context=non-requeueable deps ti=<TaskInstance: update_stock_history.run_get_py scheduled__2025-08-20T03:54:00+00:00 [queued]>
[2025-08-20T03:55:00.819+0000] {taskinstance.py:2076} INFO - Dependencies all met for dep_context=requeueable deps ti=<TaskInstance: update_stock_history.run_get_py scheduled__2025-08-20T03:54:00+00:00 [queued]>
[2025-08-20T03:55:00.819+0000] {taskinstance.py:2306} INFO - Starting attempt 1 of 2
[2025-08-20T03:55:00.832+0000] {taskinstance.py:2330} INFO - Executing <Task(BashOperator): run_get_py> on 2025-08-20 03:54:00+00:00
[2025-08-20T03:55:00.838+0000] {standard_task_runner.py:63} INFO - Started process 401314 to run task
[2025-08-20T03:55:00.841+0000] {standard_task_runner.py:90} INFO - Running: ['***', 'tasks', 'run', 'update_stock_history', 'run_get_py', 'scheduled__2025-08-20T03:54:00+00:00', '--job-id', '12750', '--raw', '--subdir', 'DAGS_FOLDER/crawlchart/dags.py', '--cfg-path', '/tmp/tmp74h2mc0z']
[2025-08-20T03:55:00.843+0000] {standard_task_runner.py:91} INFO - Job 12750: Subtask run_get_py
[2025-08-20T03:55:00.896+0000] {task_command.py:426} INFO - Running <TaskInstance: update_stock_history.run_get_py scheduled__2025-08-20T03:54:00+00:00 [running]> on host 1877907bc043
[2025-08-20T03:55:01.042+0000] {taskinstance.py:2648} INFO - Exporting env vars: AIRFLOW_CTX_DAG_OWNER='***' AIRFLOW_CTX_DAG_ID='update_stock_history' AIRFLOW_CTX_TASK_ID='run_get_py' AIRFLOW_CTX_EXECUTION_DATE='2025-08-20T03:54:00+00:00' AIRFLOW_CTX_TRY_NUMBER='1' AIRFLOW_CTX_DAG_RUN_ID='scheduled__2025-08-20T03:54:00+00:00'
[2025-08-20T03:55:01.043+0000] {taskinstance.py:430} INFO - ::endgroup::
[2025-08-20T03:55:01.058+0000] {subprocess.py:63} INFO - Tmp dir root location: /tmp
[2025-08-20T03:55:01.059+0000] {subprocess.py:75} INFO - Running command: ['/usr/bin/bash', '-c', 'python3 /opt/***/dags/crawlchart/get.py']
[2025-08-20T03:55:01.071+0000] {subprocess.py:86} INFO - Output:
[2025-08-20T04:03:35.439+0000] {subprocess.py:93} INFO - 🚀 Bắt đầu cập nhật dữ liệu...
[2025-08-20T04:03:35.439+0000] {subprocess.py:93} INFO - 
[2025-08-20T04:03:35.439+0000] {subprocess.py:93} INFO - 📋 Kết quả cập nhật:
[2025-08-20T04:03:35.440+0000] {subprocess.py:93} INFO - ❌ Lỗi khi xử lý HNX Large Cap Index: Response ended prematurely
[2025-08-20T04:03:35.440+0000] {subprocess.py:93} INFO - ✅ Đã lưu HNX Construction Index vào bảng HNX Construction Index
[2025-08-20T04:03:35.440+0000] {subprocess.py:93} INFO - ❌ Lỗi khi xử lý HNX Mid/Small Cap Index: Response ended prematurely
[2025-08-20T04:03:35.441+0000] {subprocess.py:93} INFO - ❌ Lỗi khi xử lý HNX Financials Index: Response ended prematurely
[2025-08-20T04:03:35.441+0000] {subprocess.py:93} INFO - ✅ Đã lưu HNX Manufacturing Index vào bảng HNX Manufacturing Index
[2025-08-20T04:03:35.441+0000] {subprocess.py:93} INFO - ❌ Lỗi khi xử lý HNXIndex: Response ended prematurely
[2025-08-20T04:03:35.441+0000] {subprocess.py:93} INFO - ⚠️ Không có dữ liệu cho UPCOM Small Index
[2025-08-20T04:03:35.442+0000] {subprocess.py:93} INFO - ❌ Lỗi khi xử lý HNXUpcomIndex: Response ended prematurely
[2025-08-20T04:03:35.442+0000] {subprocess.py:93} INFO - ❌ Lỗi khi xử lý HNX30: Response ended prematurely
[2025-08-20T04:03:35.442+0000] {subprocess.py:93} INFO - ✅ Đã lưu VN100 vào bảng VN100
[2025-08-20T04:03:35.442+0000] {subprocess.py:93} INFO - ✅ Đã lưu UPCOM Large Index vào bảng UPCOM Large Index
[2025-08-20T04:03:35.443+0000] {subprocess.py:93} INFO - ❌ Lỗi khi xử lý VN30: Response ended prematurely
[2025-08-20T04:03:35.443+0000] {subprocess.py:93} INFO - ✅ Đã lưu VNDIAMOND vào bảng VNDIAMOND
[2025-08-20T04:03:35.443+0000] {subprocess.py:93} INFO - ✅ Đã lưu UPCOM Medium Index vào bảng UPCOM Medium Index
[2025-08-20T04:03:35.443+0000] {subprocess.py:93} INFO - ✅ Đã lưu VNCONS vào bảng VNCONS
[2025-08-20T04:03:35.444+0000] {subprocess.py:93} INFO - ✅ Đã lưu VNALLSHARE vào bảng VNALLSHARE
[2025-08-20T04:03:35.444+0000] {subprocess.py:93} INFO - ✅ Đã lưu VNFINLEAD vào bảng VNFINLEAD
[2025-08-20T04:03:35.444+0000] {subprocess.py:93} INFO - ✅ Đã lưu VNCOND vào bảng VNCOND
[2025-08-20T04:03:35.444+0000] {subprocess.py:93} INFO - ✅ Đã lưu VNFINSELECT vào bảng VNFINSELECT
[2025-08-20T04:03:35.445+0000] {subprocess.py:93} INFO - ⚠️ Không có dữ liệu cho VNINDEXVNIT
[2025-08-20T04:03:35.445+0000] {subprocess.py:93} INFO - ✅ Đã lưu VNENE vào bảng VNENE
[2025-08-20T04:03:35.445+0000] {subprocess.py:93} INFO - ✅ Đã lưu VNFIN vào bảng VNFIN
[2025-08-20T04:03:35.445+0000] {subprocess.py:93} INFO - ✅ Đã lưu VNHEAL vào bảng VNHEAL
[2025-08-20T04:03:35.445+0000] {subprocess.py:93} INFO - ✅ Đã lưu VNIND vào bảng VNIND
[2025-08-20T04:03:35.446+0000] {subprocess.py:93} INFO - ❌ Lỗi khi xử lý VNMAT: Response ended prematurely
[2025-08-20T04:03:35.446+0000] {subprocess.py:93} INFO - ✅ Đã lưu VNMIDCAP vào bảng VNMIDCAP
[2025-08-20T04:03:35.446+0000] {subprocess.py:93} INFO - ✅ Đã lưu VNSMALLCAP vào bảng VNSMALLCAP
[2025-08-20T04:03:35.446+0000] {subprocess.py:93} INFO - ✅ Đã lưu VNSI vào bảng VNSI
[2025-08-20T04:03:35.447+0000] {subprocess.py:93} INFO - ✅ Đã lưu VNREAL vào bảng VNREAL
[2025-08-20T04:03:35.447+0000] {subprocess.py:93} INFO - ✅ Đã lưu VNX50 vào bảng VNX50
[2025-08-20T04:03:35.447+0000] {subprocess.py:93} INFO - ✅ Đã lưu VNUTI vào bảng VNUTI
[2025-08-20T04:03:35.447+0000] {subprocess.py:93} INFO - ✅ Đã hoàn tất cập nhật dữ liệu vào cơ sở dữ liệu.
[2025-08-20T04:03:35.585+0000] {subprocess.py:97} INFO - Command exited with return code 0
[2025-08-20T04:03:35.586+0000] {taskinstance.py:441} INFO - ::group::Post task execution logs
[2025-08-20T04:03:35.615+0000] {taskinstance.py:1206} INFO - Marking task as SUCCESS. dag_id=update_stock_history, task_id=run_get_py, run_id=scheduled__2025-08-20T03:54:00+00:00, execution_date=20250820T035400, start_date=20250820T035500, end_date=20250820T040335
[2025-08-20T04:03:35.642+0000] {local_task_job_runner.py:240} INFO - Task exited with return code 0
[2025-08-20T04:03:35.671+0000] {taskinstance.py:3498} INFO - 0 downstream tasks scheduled from follow-on schedule check
[2025-08-20T04:03:35.672+0000] {local_task_job_runner.py:222} INFO - ::endgroup::
