[2025-09-05T15:07:01.736+0000] {local_task_job_runner.py:120} INFO - ::group::Pre task execution logs
[2025-09-05T15:07:01.769+0000] {taskinstance.py:2076} INFO - Dependencies all met for dep_context=non-requeueable deps ti=<TaskInstance: foreign_1_live.save_foreign_1 scheduled__2025-09-05T15:06:00+00:00 [queued]>
[2025-09-05T15:07:01.781+0000] {taskinstance.py:2076} INFO - Dependencies all met for dep_context=requeueable deps ti=<TaskInstance: foreign_1_live.save_foreign_1 scheduled__2025-09-05T15:06:00+00:00 [queued]>
[2025-09-05T15:07:01.781+0000] {taskinstance.py:2306} INFO - Starting attempt 1 of 11
[2025-09-05T15:07:01.801+0000] {taskinstance.py:2330} INFO - Executing <Task(PythonOperator): save_foreign_1> on 2025-09-05 15:06:00+00:00
[2025-09-05T15:07:01.810+0000] {standard_task_runner.py:63} INFO - Started process 18224 to run task
[2025-09-05T15:07:01.814+0000] {standard_task_runner.py:90} INFO - Running: ['***', 'tasks', 'run', 'foreign_1_live', 'save_foreign_1', 'scheduled__2025-09-05T15:06:00+00:00', '--job-id', '116912', '--raw', '--subdir', 'DAGS_FOLDER/dag_foreign_1_live.py', '--cfg-path', '/tmp/tmpqmw0gc0k']
[2025-09-05T15:07:01.817+0000] {standard_task_runner.py:91} INFO - Job 116912: Subtask save_foreign_1
[2025-09-05T15:07:01.872+0000] {task_command.py:426} INFO - Running <TaskInstance: foreign_1_live.save_foreign_1 scheduled__2025-09-05T15:06:00+00:00 [running]> on host d4d2fe648a81
[2025-09-05T15:07:01.968+0000] {taskinstance.py:2648} INFO - Exporting env vars: AIRFLOW_CTX_DAG_OWNER='***' AIRFLOW_CTX_DAG_ID='foreign_1_live' AIRFLOW_CTX_TASK_ID='save_foreign_1' AIRFLOW_CTX_EXECUTION_DATE='2025-09-05T15:06:00+00:00' AIRFLOW_CTX_TRY_NUMBER='1' AIRFLOW_CTX_DAG_RUN_ID='scheduled__2025-09-05T15:06:00+00:00'
[2025-09-05T15:07:01.969+0000] {taskinstance.py:430} INFO - ::endgroup::
[2025-09-05T15:07:01.983+0000] {foreign_1.py:18} INFO - Kết nối DB
[2025-09-05T15:07:02.534+0000] {foreign_1.py:28} INFO - Đã lưu foreign_ALL
[2025-09-05T15:07:02.535+0000] {foreign_1.py:18} INFO - Kết nối DB
[2025-09-05T15:07:03.162+0000] {foreign_1.py:28} INFO - Đã lưu foreign_HOSE
[2025-09-05T15:07:03.164+0000] {foreign_1.py:18} INFO - Kết nối DB
[2025-09-05T15:07:03.564+0000] {foreign_1.py:28} INFO - Đã lưu foreign_HNX
[2025-09-05T15:07:03.566+0000] {foreign_1.py:18} INFO - Kết nối DB
[2025-09-05T15:07:04.079+0000] {foreign_1.py:28} INFO - Đã lưu foreign_UPCOM
[2025-09-05T15:07:04.080+0000] {python.py:237} INFO - Done. Returned value was: None
[2025-09-05T15:07:04.080+0000] {taskinstance.py:441} INFO - ::group::Post task execution logs
[2025-09-05T15:07:04.093+0000] {taskinstance.py:1206} INFO - Marking task as SUCCESS. dag_id=foreign_1_live, task_id=save_foreign_1, run_id=scheduled__2025-09-05T15:06:00+00:00, execution_date=20250905T150600, start_date=20250905T150701, end_date=20250905T150704
[2025-09-05T15:07:04.152+0000] {local_task_job_runner.py:240} INFO - Task exited with return code 0
[2025-09-05T15:07:04.193+0000] {taskinstance.py:3498} INFO - 4 downstream tasks scheduled from follow-on schedule check
[2025-09-05T15:07:04.194+0000] {local_task_job_runner.py:222} INFO - ::endgroup::
