[2025-08-17T21:27:54.027+0000] {local_task_job_runner.py:120} INFO - ::group::Pre task execution logs
[2025-08-17T21:27:54.060+0000] {taskinstance.py:2076} INFO - Dependencies all met for dep_context=non-requeueable deps ti=<TaskInstance: crypto_collector_dag.run_crypto_collector scheduled__2025-08-17T21:26:00+00:00 [queued]>
[2025-08-17T21:27:54.073+0000] {taskinstance.py:2076} INFO - Dependencies all met for dep_context=requeueable deps ti=<TaskInstance: crypto_collector_dag.run_crypto_collector scheduled__2025-08-17T21:26:00+00:00 [queued]>
[2025-08-17T21:27:54.074+0000] {taskinstance.py:2306} INFO - Starting attempt 1 of 2
[2025-08-17T21:27:54.087+0000] {taskinstance.py:2330} INFO - Executing <Task(BashOperator): run_crypto_collector> on 2025-08-17 21:26:00+00:00
[2025-08-17T21:27:54.094+0000] {standard_task_runner.py:63} INFO - Started process 79366 to run task
[2025-08-17T21:27:54.098+0000] {standard_task_runner.py:90} INFO - Running: ['***', 'tasks', 'run', 'crypto_collector_dag', 'run_crypto_collector', 'scheduled__2025-08-17T21:26:00+00:00', '--job-id', '7705', '--raw', '--subdir', 'DAGS_FOLDER/crawl_crypto/dags_crypto.py', '--cfg-path', '/tmp/tmpnr44gdwt']
[2025-08-17T21:27:54.099+0000] {standard_task_runner.py:91} INFO - Job 7705: Subtask run_crypto_collector
[2025-08-17T21:27:54.157+0000] {task_command.py:426} INFO - Running <TaskInstance: crypto_collector_dag.run_crypto_collector scheduled__2025-08-17T21:26:00+00:00 [running]> on host 1877907bc043
[2025-08-17T21:27:54.249+0000] {taskinstance.py:2648} INFO - Exporting env vars: AIRFLOW_CTX_DAG_OWNER='***' AIRFLOW_CTX_DAG_ID='crypto_collector_dag' AIRFLOW_CTX_TASK_ID='run_crypto_collector' AIRFLOW_CTX_EXECUTION_DATE='2025-08-17T21:26:00+00:00' AIRFLOW_CTX_TRY_NUMBER='1' AIRFLOW_CTX_DAG_RUN_ID='scheduled__2025-08-17T21:26:00+00:00'
[2025-08-17T21:27:54.250+0000] {taskinstance.py:430} INFO - ::endgroup::
[2025-08-17T21:27:54.263+0000] {subprocess.py:63} INFO - Tmp dir root location: /tmp
[2025-08-17T21:27:54.264+0000] {subprocess.py:75} INFO - Running command: ['/usr/bin/bash', '-c', 'python3 /opt/***/dags/crawl_crypto/crawl_data_crypto.py']
[2025-08-17T21:27:54.275+0000] {subprocess.py:86} INFO - Output:
[2025-08-17T21:30:01.174+0000] {subprocess.py:93} INFO - 🔹 Kết nối DB...
[2025-08-17T21:30:01.175+0000] {subprocess.py:93} INFO - 🔹 Lấy top 100 crypto...
[2025-08-17T21:30:01.175+0000] {subprocess.py:93} INFO - Top 100: ['ETHUSDT', 'USDCUSDT', 'BTCUSDT', 'SOLUSDT', 'LINKUSDT', 'DOGEUSDT', 'ADAUSDT', 'XRPUSDT', 'FDUSDUSDT', 'PROVEUSDT', 'BNBUSDT', 'TRXUSDT', 'ENAUSDT', 'ARBUSDT', 'SUIUSDT', 'PEPEUSDT', 'AVAXUSDT', 'LTCUSDT', 'UNIUSDT', 'SEIUSDT', 'TRUMPUSDT', 'SKLUSDT', 'CTSIUSDT', 'CYBERUSDT', 'BIOUSDT', 'PONDUSDT', 'SUSDT', 'PENGUUSDT', 'HBARUSDT', 'LDOUSDT', 'ASRUSDT', 'AAVEUSDT', 'ALPINEUSDT', 'WLDUSDT', 'TOWNSUSDT', 'WIFUSDT', 'NEARUSDT', 'CRVUSDT', 'DOTUSDT', 'BONKUSDT', 'INJUSDT', 'APTUSDT', 'XLMUSDT', 'OPUSDT', 'EPICUSDT', 'VIRTUALUSDT', 'BFUSDUSDT', 'OGUSDT', 'RAYUSDT', 'PENDLEUSDT', 'ETHFIUSDT', 'LPTUSDT', 'MAVUSDT', 'POLUSDT', 'ONDOUSDT', 'FLOKIUSDT', 'TONUSDT', 'TAOUSDT', 'EIGENUSDT', 'TSTUSDT', 'NEIROUSDT', 'TIAUSDT', 'FETUSDT', 'BERAUSDT', 'BCHUSDT', 'MOVRUSDT', 'FILUSDT', 'GALAUSDT', 'ETCUSDT', 'NMRUSDT', 'SHIBUSDT', 'PNUTUSDT', 'ZKUSDT', 'ALGOUSDT', 'CAKEUSDT', 'BBUSDT', 'XUSDUSDT', 'ICPUSDT', 'RENDERUSDT', 'SPKUSDT', 'CFXUSDT', 'ERAUSDT', 'ENSUSDT', 'ARKMUSDT', 'CHRUSDT', 'MKRUSDT', 'STRKUSDT', 'EURUSDT', 'VETUSDT', 'SYRUPUSDT', 'RUNEUSDT', 'CELRUSDT', 'HOTUSDT', 'TREEUSDT', 'ATOMUSDT', 'HOMEUSDT', 'LAUSDT', 'ORDIUSDT', 'API3USDT', 'SANTOSUSDT']
[2025-08-17T21:30:01.175+0000] {subprocess.py:93} INFO - 🔹 Lưu lịch sử giá vào DB bằng threading...
[2025-08-17T21:30:01.176+0000] {subprocess.py:93} INFO - ✅ USDCUSDT: thêm 10 dòng mới
[2025-08-17T21:30:01.176+0000] {subprocess.py:93} INFO - 1/100 USDCUSDT lưu OK
[2025-08-17T21:30:01.176+0000] {subprocess.py:93} INFO - ✅ XRPUSDT: thêm 10 dòng mới
[2025-08-17T21:30:01.177+0000] {subprocess.py:93} INFO - 2/100 XRPUSDT lưu OK
[2025-08-17T21:30:01.177+0000] {subprocess.py:93} INFO - ✅ BTCUSDT: thêm 10 dòng mới
[2025-08-17T21:30:01.177+0000] {subprocess.py:93} INFO - 3/100 BTCUSDT lưu OK
[2025-08-17T21:30:01.177+0000] {subprocess.py:93} INFO - ✅ DOGEUSDT: thêm 10 dòng mới
[2025-08-17T21:30:01.178+0000] {subprocess.py:93} INFO - 4/100 DOGEUSDT lưu OK
[2025-08-17T21:30:01.178+0000] {subprocess.py:93} INFO - ✅ ARBUSDT: thêm 5 dòng mới
[2025-08-17T21:30:01.178+0000] {subprocess.py:93} INFO - 5/100 ARBUSDT lưu OK
[2025-08-17T21:30:01.178+0000] {subprocess.py:93} INFO - ✅ SUIUSDT: thêm 5 dòng mới
[2025-08-17T21:30:01.178+0000] {subprocess.py:93} INFO - 6/100 SUIUSDT lưu OK
[2025-08-17T21:30:01.179+0000] {subprocess.py:93} INFO - ✅ PEPEUSDT: thêm 10 dòng mới
[2025-08-17T21:30:01.179+0000] {subprocess.py:93} INFO - 7/100 PEPEUSDT lưu OK
[2025-08-17T21:30:01.179+0000] {subprocess.py:93} INFO - ✅ AVAXUSDT: thêm 5 dòng mới
[2025-08-17T21:30:01.179+0000] {subprocess.py:93} INFO - 8/100 AVAXUSDT lưu OK
[2025-08-17T21:30:01.180+0000] {subprocess.py:93} INFO - ✅ TRXUSDT: thêm 5 dòng mới
[2025-08-17T21:30:01.180+0000] {subprocess.py:93} INFO - 9/100 TRXUSDT lưu OK
[2025-08-17T21:30:01.180+0000] {subprocess.py:93} INFO - ✅ BNBUSDT: thêm 5 dòng mới
[2025-08-17T21:30:01.180+0000] {subprocess.py:93} INFO - 10/100 BNBUSDT lưu OK
[2025-08-17T21:30:01.181+0000] {subprocess.py:93} INFO - ✅ ENAUSDT: thêm 5 dòng mới
[2025-08-17T21:30:01.181+0000] {subprocess.py:93} INFO - 11/100 ENAUSDT lưu OK
[2025-08-17T21:30:01.181+0000] {subprocess.py:93} INFO - ✅ LTCUSDT: thêm 5 dòng mới
[2025-08-17T21:30:01.181+0000] {subprocess.py:93} INFO - 12/100 LTCUSDT lưu OK
[2025-08-17T21:30:01.181+0000] {subprocess.py:93} INFO - ✅ LINKUSDT: thêm 6 dòng mới
[2025-08-17T21:30:01.182+0000] {subprocess.py:93} INFO - 13/100 LINKUSDT lưu OK
[2025-08-17T21:30:01.182+0000] {subprocess.py:93} INFO - ✅ TRUMPUSDT: thêm 5 dòng mới
[2025-08-17T21:30:01.182+0000] {subprocess.py:93} INFO - 14/100 TRUMPUSDT lưu OK
[2025-08-17T21:30:01.182+0000] {subprocess.py:93} INFO - 15/100 CYBERUSDT lỗi: relation "cryptocurrency.cyberusdt" does not exist
[2025-08-17T21:30:01.183+0000] {subprocess.py:93} INFO - LINE 1: SELECT MAX(time) FROM cryptocurrency.cyberusdt;
[2025-08-17T21:30:01.183+0000] {subprocess.py:93} INFO -                               ^
[2025-08-17T21:30:01.183+0000] {subprocess.py:93} INFO - 
[2025-08-17T21:30:01.183+0000] {subprocess.py:93} INFO - ⚠️ FDUSDUSDT lỗi lần 1/3: HTTPSConnectionPool(host='api.binance.com', port=443): Max retries exceeded with url: /api/v3/klines?symbol=FDUSDUSDT&interval=1m&limit=100 (Caused by ConnectTimeoutError(<urllib3.connection.HTTPSConnection object at 0x7f9bd834d1b0>, 'Connection to api.binance.com timed out. (connect timeout=15)'))
[2025-08-17T21:30:01.183+0000] {subprocess.py:93} INFO - ⚠️ ADAUSDT lỗi lần 1/3: HTTPSConnectionPool(host='api.binance.com', port=443): Max retries exceeded with url: /api/v3/klines?symbol=ADAUSDT&interval=1m&limit=100 (Caused by ConnectTimeoutError(<urllib3.connection.HTTPSConnection object at 0x7f9bd834fac0>, 'Connection to api.binance.com timed out. (connect timeout=15)'))
[2025-08-17T21:30:01.184+0000] {subprocess.py:93} INFO - ⚠️ PROVEUSDT lỗi lần 1/3: HTTPSConnectionPool(host='api.binance.com', port=443): Max retries exceeded with url: /api/v3/klines?symbol=PROVEUSDT&interval=1m&limit=100 (Caused by ConnectTimeoutError(<urllib3.connection.HTTPSConnection object at 0x7f9bd8375f90>, 'Connection to api.binance.com timed out. (connect timeout=15)'))
[2025-08-17T21:30:01.184+0000] {subprocess.py:93} INFO - ⚠️ SKLUSDT lỗi lần 1/3: HTTPSConnectionPool(host='api.binance.com', port=443): Max retries exceeded with url: /api/v3/klines?symbol=SKLUSDT&interval=1m&limit=100 (Caused by ConnectTimeoutError(<urllib3.connection.HTTPSConnection object at 0x7f9bd837c9a0>, 'Connection to api.binance.com timed out. (connect timeout=15)'))
[2025-08-17T21:30:01.184+0000] {subprocess.py:93} INFO - ✅ SEIUSDT: thêm 10 dòng mới
[2025-08-17T21:30:01.184+0000] {subprocess.py:93} INFO - 16/100 SEIUSDT lưu OK
[2025-08-17T21:30:01.185+0000] {subprocess.py:93} INFO - ⚠️ CTSIUSDT lỗi lần 1/3: HTTPSConnectionPool(host='api.binance.com', port=443): Max retries exceeded with url: /api/v3/klines?symbol=CTSIUSDT&interval=1m&limit=100 (Caused by ConnectTimeoutError(<urllib3.connection.HTTPSConnection object at 0x7f9bd837f940>, 'Connection to api.binance.com timed out. (connect timeout=15)'))
[2025-08-17T21:30:01.185+0000] {subprocess.py:93} INFO - ⚠️ BIOUSDT lỗi lần 1/3: HTTPSConnectionPool(host='api.binance.com', port=443): Max retries exceeded with url: /api/v3/klines?symbol=BIOUSDT&interval=1m&limit=100 (Caused by ConnectTimeoutError(<urllib3.connection.HTTPSConnection object at 0x7f9bd837d0f0>, 'Connection to api.binance.com timed out. (connect timeout=15)'))
[2025-08-17T21:30:01.185+0000] {subprocess.py:93} INFO - ✅ SKLUSDT: thêm 4 dòng mới
[2025-08-17T21:30:01.185+0000] {subprocess.py:93} INFO - 17/100 SKLUSDT lưu OK
[2025-08-17T21:30:01.186+0000] {subprocess.py:93} INFO - ✅ SUSDT: thêm 10 dòng mới
[2025-08-17T21:30:01.186+0000] {subprocess.py:93} INFO - 18/100 SUSDT lưu OK
[2025-08-17T21:30:01.186+0000] {subprocess.py:93} INFO - ✅ PENGUUSDT: thêm 4 dòng mới
[2025-08-17T21:30:01.186+0000] {subprocess.py:93} INFO - 19/100 PENGUUSDT lưu OK
[2025-08-17T21:30:01.186+0000] {subprocess.py:93} INFO - ✅ CTSIUSDT: thêm 10 dòng mới
[2025-08-17T21:30:01.187+0000] {subprocess.py:93} INFO - 20/100 CTSIUSDT lưu OK
[2025-08-17T21:30:01.187+0000] {subprocess.py:93} INFO - ✅ HBARUSDT: thêm 5 dòng mới
[2025-08-17T21:30:01.187+0000] {subprocess.py:93} INFO - 21/100 HBARUSDT lưu OK
[2025-08-17T21:30:01.187+0000] {subprocess.py:93} INFO - ✅ LDOUSDT: thêm 5 dòng mới
[2025-08-17T21:30:01.188+0000] {subprocess.py:93} INFO - 22/100 LDOUSDT lưu OK
[2025-08-17T21:30:01.188+0000] {subprocess.py:93} INFO - ⚠️ ADAUSDT lỗi lần 2/3: HTTPSConnectionPool(host='api.binance.com', port=443): Max retries exceeded with url: /api/v3/klines?symbol=ADAUSDT&interval=1m&limit=100 (Caused by ConnectTimeoutError(<urllib3.connection.HTTPSConnection object at 0x7f9bd834c4f0>, 'Connection to api.binance.com timed out. (connect timeout=15)'))
[2025-08-17T21:30:01.188+0000] {subprocess.py:93} INFO - ⚠️ FDUSDUSDT lỗi lần 2/3: HTTPSConnectionPool(host='api.binance.com', port=443): Max retries exceeded with url: /api/v3/klines?symbol=FDUSDUSDT&interval=1m&limit=100 (Caused by ConnectTimeoutError(<urllib3.connection.HTTPSConnection object at 0x7f9bd837e860>, 'Connection to api.binance.com timed out. (connect timeout=15)'))
[2025-08-17T21:30:01.188+0000] {subprocess.py:93} INFO - ✅ FDUSDUSDT: thêm 7 dòng mới
[2025-08-17T21:30:01.189+0000] {subprocess.py:93} INFO - 23/100 FDUSDUSDT lưu OK
[2025-08-17T21:30:01.189+0000] {subprocess.py:93} INFO - ✅ ADAUSDT: thêm 17 dòng mới
[2025-08-17T21:30:01.189+0000] {subprocess.py:93} INFO - 24/100 ADAUSDT lưu OK
[2025-08-17T21:30:01.189+0000] {subprocess.py:93} INFO - 25/100 BIOUSDT lỗi: relation "cryptocurrency.biousdt" does not exist
[2025-08-17T21:30:01.189+0000] {subprocess.py:93} INFO - LINE 1: SELECT MAX(time) FROM cryptocurrency.biousdt;
[2025-08-17T21:30:01.190+0000] {subprocess.py:93} INFO -                               ^
[2025-08-17T21:30:01.190+0000] {subprocess.py:93} INFO - 
[2025-08-17T21:30:01.190+0000] {subprocess.py:93} INFO - ✅ TOWNSUSDT: thêm 5 dòng mới
[2025-08-17T21:30:01.190+0000] {subprocess.py:93} INFO - 26/100 TOWNSUSDT lưu OK
[2025-08-17T21:30:01.191+0000] {subprocess.py:93} INFO - ✅ ASRUSDT: thêm 5 dòng mới
[2025-08-17T21:30:01.191+0000] {subprocess.py:93} INFO - 27/100 ASRUSDT lưu OK
[2025-08-17T21:30:01.191+0000] {subprocess.py:93} INFO - ✅ AAVEUSDT: thêm 5 dòng mới
[2025-08-17T21:30:01.191+0000] {subprocess.py:93} INFO - 28/100 AAVEUSDT lưu OK
[2025-08-17T21:30:01.191+0000] {subprocess.py:93} INFO - ✅ PROVEUSDT: thêm 6 dòng mới
[2025-08-17T21:30:01.192+0000] {subprocess.py:93} INFO - 29/100 PROVEUSDT lưu OK
[2025-08-17T21:30:01.192+0000] {subprocess.py:93} INFO - ✅ CRVUSDT: thêm 5 dòng mới
[2025-08-17T21:30:01.192+0000] {subprocess.py:93} INFO - 30/100 CRVUSDT lưu OK
[2025-08-17T21:30:01.192+0000] {subprocess.py:93} INFO - ✅ DOTUSDT: thêm 5 dòng mới
[2025-08-17T21:30:01.193+0000] {subprocess.py:93} INFO - 31/100 DOTUSDT lưu OK
[2025-08-17T21:30:01.193+0000] {subprocess.py:93} INFO - ✅ INJUSDT: thêm 5 dòng mới
[2025-08-17T21:30:01.193+0000] {subprocess.py:93} INFO - 32/100 INJUSDT lưu OK
[2025-08-17T21:30:01.193+0000] {subprocess.py:93} INFO - ✅ BONKUSDT: thêm 5 dòng mới
[2025-08-17T21:30:01.193+0000] {subprocess.py:93} INFO - 33/100 BONKUSDT lưu OK
[2025-08-17T21:30:01.194+0000] {subprocess.py:93} INFO - ✅ APTUSDT: thêm 5 dòng mới
[2025-08-17T21:30:01.194+0000] {subprocess.py:93} INFO - 34/100 APTUSDT lưu OK
[2025-08-17T21:30:01.194+0000] {subprocess.py:93} INFO - ✅ XLMUSDT: thêm 5 dòng mới
[2025-08-17T21:30:01.194+0000] {subprocess.py:93} INFO - 35/100 XLMUSDT lưu OK
[2025-08-17T21:30:01.195+0000] {subprocess.py:93} INFO - ⚠️ WIFUSDT lỗi lần 1/3: HTTPSConnectionPool(host='api.binance.com', port=443): Max retries exceeded with url: /api/v3/klines?symbol=WIFUSDT&interval=1m&limit=100 (Caused by ConnectTimeoutError(<urllib3.connection.HTTPSConnection object at 0x7f9bd837ce80>, 'Connection to api.binance.com timed out. (connect timeout=15)'))
[2025-08-17T21:30:01.195+0000] {subprocess.py:93} INFO - ✅ OPUSDT: thêm 5 dòng mới
[2025-08-17T21:30:01.195+0000] {subprocess.py:93} INFO - 36/100 OPUSDT lưu OK
[2025-08-17T21:30:01.195+0000] {subprocess.py:93} INFO - ⚠️ NEARUSDT lỗi lần 1/3: HTTPSConnectionPool(host='api.binance.com', port=443): Max retries exceeded with url: /api/v3/klines?symbol=NEARUSDT&interval=1m&limit=100 (Caused by ConnectTimeoutError(<urllib3.connection.HTTPSConnection object at 0x7f9bd837d1b0>, 'Connection to api.binance.com timed out. (connect timeout=15)'))
[2025-08-17T21:30:01.195+0000] {subprocess.py:93} INFO - ⚠️ VIRTUALUSDT lỗi lần 1/3: HTTPSConnectionPool(host='api.binance.com', port=443): Max retries exceeded with url: /api/v3/klines?symbol=VIRTUALUSDT&interval=1m&limit=100 (Caused by ConnectTimeoutError(<urllib3.connection.HTTPSConnection object at 0x7f9bd837de70>, 'Connection to api.binance.com timed out. (connect timeout=15)'))
[2025-08-17T21:30:01.196+0000] {subprocess.py:93} INFO - ⚠️ WIFUSDT lỗi lần 2/3: HTTPSConnectionPool(host='api.binance.com', port=443): Max retries exceeded with url: /api/v3/klines?symbol=WIFUSDT&interval=1m&limit=100 (Caused by ConnectTimeoutError(<urllib3.connection.HTTPSConnection object at 0x7f9bd834ff70>, 'Connection to api.binance.com timed out. (connect timeout=15)'))
[2025-08-17T21:30:01.196+0000] {subprocess.py:93} INFO - ⚠️ NEARUSDT lỗi lần 2/3: HTTPSConnectionPool(host='api.binance.com', port=443): Max retries exceeded with url: /api/v3/klines?symbol=NEARUSDT&interval=1m&limit=100 (Caused by ConnectTimeoutError(<urllib3.connection.HTTPSConnection object at 0x7f9bd834f160>, 'Connection to api.binance.com timed out. (connect timeout=15)'))
[2025-08-17T21:30:01.196+0000] {subprocess.py:93} INFO - ✅ NEARUSDT: thêm 5 dòng mới
[2025-08-17T21:30:01.196+0000] {subprocess.py:93} INFO - 37/100 NEARUSDT lưu OK
[2025-08-17T21:30:01.197+0000] {subprocess.py:93} INFO - ✅ BFUSDUSDT: thêm 5 dòng mới
[2025-08-17T21:30:01.197+0000] {subprocess.py:93} INFO - 38/100 BFUSDUSDT lưu OK
[2025-08-17T21:30:01.197+0000] {subprocess.py:93} INFO - ✅ OGUSDT: thêm 5 dòng mới
[2025-08-17T21:30:01.197+0000] {subprocess.py:93} INFO - 39/100 OGUSDT lưu OK
[2025-08-17T21:30:01.197+0000] {subprocess.py:93} INFO - ✅ RAYUSDT: thêm 5 dòng mới
[2025-08-17T21:30:01.198+0000] {subprocess.py:93} INFO - 40/100 RAYUSDT lưu OK
[2025-08-17T21:30:01.198+0000] {subprocess.py:93} INFO - ✅ VIRTUALUSDT: thêm 5 dòng mới
[2025-08-17T21:30:01.198+0000] {subprocess.py:93} INFO - 41/100 VIRTUALUSDT lưu OK
[2025-08-17T21:31:45.467+0000] {subprocess.py:93} INFO - ⚠️ WIFUSDT lỗi lần 3/3: HTTPSConnectionPool(host='api.binance.com', port=443): Max retries exceeded with url: /api/v3/klines?symbol=WIFUSDT&interval=1m&limit=100 (Caused by ConnectTimeoutError(<urllib3.connection.HTTPSConnection object at 0x7f9bd837c8b0>, 'Connection to api.binance.com timed out. (connect timeout=15)'))
[2025-08-17T21:31:45.468+0000] {subprocess.py:93} INFO - 42/100 WIFUSDT bỏ qua (fail)
[2025-08-17T21:31:45.468+0000] {subprocess.py:93} INFO - ⚠️ ETHFIUSDT lỗi lần 1/3: HTTPSConnectionPool(host='api.binance.com', port=443): Max retries exceeded with url: /api/v3/klines?symbol=ETHFIUSDT&interval=1m&limit=100 (Caused by ConnectTimeoutError(<urllib3.connection.HTTPSConnection object at 0x7f9bd8335db0>, 'Connection to api.binance.com timed out. (connect timeout=15)'))
[2025-08-17T21:31:45.469+0000] {subprocess.py:93} INFO - 43/100 LPTUSDT lỗi: relation "cryptocurrency.lptusdt" does not exist
[2025-08-17T21:31:45.469+0000] {subprocess.py:93} INFO - LINE 1: SELECT MAX(time) FROM cryptocurrency.lptusdt;
[2025-08-17T21:31:45.469+0000] {subprocess.py:93} INFO -                               ^
[2025-08-17T21:31:45.470+0000] {subprocess.py:93} INFO - 
[2025-08-17T21:31:45.470+0000] {subprocess.py:93} INFO - ⚠️ ETHFIUSDT lỗi lần 2/3: HTTPSConnectionPool(host='api.binance.com', port=443): Max retries exceeded with url: /api/v3/klines?symbol=ETHFIUSDT&interval=1m&limit=100 (Caused by ConnectTimeoutError(<urllib3.connection.HTTPSConnection object at 0x7f9bd8336950>, 'Connection to api.binance.com timed out. (connect timeout=15)'))
[2025-08-17T21:31:45.471+0000] {subprocess.py:93} INFO - ✅ EPICUSDT: thêm 5 dòng mới
[2025-08-17T21:31:45.471+0000] {subprocess.py:93} INFO - 44/100 EPICUSDT lưu OK
[2025-08-17T21:31:45.471+0000] {subprocess.py:93} INFO - ✅ ETHFIUSDT: thêm 5 dòng mới
[2025-08-17T21:31:45.471+0000] {subprocess.py:93} INFO - 45/100 ETHFIUSDT lưu OK
[2025-08-17T21:31:45.471+0000] {subprocess.py:93} INFO - ✅ POLUSDT: thêm 5 dòng mới
[2025-08-17T21:31:45.472+0000] {subprocess.py:93} INFO - 46/100 POLUSDT lưu OK
[2025-08-17T21:31:45.472+0000] {subprocess.py:93} INFO - ✅ ONDOUSDT: thêm 6 dòng mới
[2025-08-17T21:31:45.472+0000] {subprocess.py:93} INFO - 47/100 ONDOUSDT lưu OK
[2025-08-17T21:31:45.472+0000] {subprocess.py:93} INFO - ✅ FLOKIUSDT: thêm 5 dòng mới
[2025-08-17T21:31:45.472+0000] {subprocess.py:93} INFO - 48/100 FLOKIUSDT lưu OK
[2025-08-17T21:31:45.473+0000] {subprocess.py:93} INFO - ✅ TONUSDT: thêm 5 dòng mới
[2025-08-17T21:31:45.473+0000] {subprocess.py:93} INFO - 49/100 TONUSDT lưu OK
[2025-08-17T21:31:45.473+0000] {subprocess.py:93} INFO - ✅ EIGENUSDT: thêm 6 dòng mới
[2025-08-17T21:31:45.473+0000] {subprocess.py:93} INFO - 50/100 EIGENUSDT lưu OK
[2025-08-17T21:31:45.473+0000] {subprocess.py:93} INFO - ✅ TSTUSDT: thêm 6 dòng mới
[2025-08-17T21:31:45.474+0000] {subprocess.py:93} INFO - 51/100 TSTUSDT lưu OK
[2025-08-17T21:31:45.474+0000] {subprocess.py:93} INFO - ✅ NEIROUSDT: thêm 6 dòng mới
[2025-08-17T21:31:45.474+0000] {subprocess.py:93} INFO - 52/100 NEIROUSDT lưu OK
[2025-08-17T21:31:45.474+0000] {subprocess.py:93} INFO - ⚠️ MAVUSDT lỗi lần 1/3: HTTPSConnectionPool(host='api.binance.com', port=443): Max retries exceeded with url: /api/v3/klines?symbol=MAVUSDT&interval=1m&limit=100 (Caused by ConnectTimeoutError(<urllib3.connection.HTTPSConnection object at 0x7f9bd834d5d0>, 'Connection to api.binance.com timed out. (connect timeout=15)'))
[2025-08-17T21:31:45.475+0000] {subprocess.py:93} INFO - ✅ TIAUSDT: thêm 6 dòng mới
[2025-08-17T21:31:45.475+0000] {subprocess.py:93} INFO - 53/100 TIAUSDT lưu OK
[2025-08-17T21:31:45.475+0000] {subprocess.py:93} INFO - ✅ TAOUSDT: thêm 5 dòng mới
[2025-08-17T21:31:45.475+0000] {subprocess.py:93} INFO - 54/100 TAOUSDT lưu OK
[2025-08-17T21:31:45.475+0000] {subprocess.py:93} INFO - ✅ BERAUSDT: thêm 5 dòng mới
[2025-08-17T21:31:45.476+0000] {subprocess.py:93} INFO - 55/100 BERAUSDT lưu OK
[2025-08-17T21:31:45.476+0000] {subprocess.py:93} INFO - ✅ BCHUSDT: thêm 5 dòng mới
[2025-08-17T21:31:45.476+0000] {subprocess.py:93} INFO - 56/100 BCHUSDT lưu OK
[2025-08-17T21:31:45.476+0000] {subprocess.py:93} INFO - 57/100 MOVRUSDT lỗi: relation "cryptocurrency.movrusdt" does not exist
[2025-08-17T21:31:45.476+0000] {subprocess.py:93} INFO - LINE 1: SELECT MAX(time) FROM cryptocurrency.movrusdt;
[2025-08-17T21:31:45.477+0000] {subprocess.py:93} INFO -                               ^
[2025-08-17T21:31:45.477+0000] {subprocess.py:93} INFO - 
[2025-08-17T21:31:45.477+0000] {subprocess.py:93} INFO - ✅ FILUSDT: thêm 5 dòng mới
[2025-08-17T21:31:45.477+0000] {subprocess.py:93} INFO - 58/100 FILUSDT lưu OK
[2025-08-17T21:31:45.478+0000] {subprocess.py:93} INFO - ✅ FETUSDT: thêm 6 dòng mới
[2025-08-17T21:31:45.478+0000] {subprocess.py:93} INFO - 59/100 FETUSDT lưu OK
[2025-08-17T21:31:45.478+0000] {subprocess.py:93} INFO - ✅ GALAUSDT: thêm 5 dòng mới
[2025-08-17T21:31:45.478+0000] {subprocess.py:93} INFO - 60/100 GALAUSDT lưu OK
[2025-08-17T21:31:45.478+0000] {subprocess.py:93} INFO - ✅ ETCUSDT: thêm 10 dòng mới
[2025-08-17T21:31:45.479+0000] {subprocess.py:93} INFO - 61/100 ETCUSDT lưu OK
[2025-08-17T21:31:45.479+0000] {subprocess.py:93} INFO - ✅ SHIBUSDT: thêm 5 dòng mới
[2025-08-17T21:31:45.479+0000] {subprocess.py:93} INFO - 62/100 SHIBUSDT lưu OK
[2025-08-17T21:31:45.479+0000] {subprocess.py:93} INFO - ✅ PNUTUSDT: thêm 10 dòng mới
[2025-08-17T21:31:45.479+0000] {subprocess.py:93} INFO - 63/100 PNUTUSDT lưu OK
[2025-08-17T21:31:45.480+0000] {subprocess.py:93} INFO - 64/100 ETHUSDT lỗi: connection to server at "videv.cloud" (27.74.74.29), port 5432 failed: Connection timed out
[2025-08-17T21:31:45.480+0000] {subprocess.py:93} INFO - 	Is the server running on that host and accepting TCP/IP connections?
[2025-08-17T21:31:45.480+0000] {subprocess.py:93} INFO - 
[2025-08-17T21:31:45.480+0000] {subprocess.py:93} INFO - 65/100 SOLUSDT lỗi: connection to server at "videv.cloud" (27.74.74.29), port 5432 failed: Connection timed out
[2025-08-17T21:31:45.480+0000] {subprocess.py:93} INFO - 	Is the server running on that host and accepting TCP/IP connections?
[2025-08-17T21:31:45.481+0000] {subprocess.py:93} INFO - 
[2025-08-17T21:31:45.481+0000] {subprocess.py:93} INFO - 66/100 UNIUSDT lỗi: connection to server at "videv.cloud" (27.74.74.29), port 5432 failed: Connection timed out
[2025-08-17T21:31:45.481+0000] {subprocess.py:93} INFO - 	Is the server running on that host and accepting TCP/IP connections?
[2025-08-17T21:31:45.481+0000] {subprocess.py:93} INFO - 
[2025-08-17T21:31:45.481+0000] {subprocess.py:93} INFO - ✅ ALGOUSDT: thêm 5 dòng mới
[2025-08-17T21:31:45.482+0000] {subprocess.py:93} INFO - 67/100 ALGOUSDT lưu OK
[2025-08-17T21:31:45.482+0000] {subprocess.py:93} INFO - ⚠️ MAVUSDT lỗi lần 2/3: HTTPSConnectionPool(host='api.binance.com', port=443): Max retries exceeded with url: /api/v3/klines?symbol=MAVUSDT&interval=1m&limit=100 (Caused by ConnectTimeoutError(<urllib3.connection.HTTPSConnection object at 0x7f9bd837dd20>, 'Connection to api.binance.com timed out. (connect timeout=15)'))
[2025-08-17T21:31:45.482+0000] {subprocess.py:93} INFO - ✅ MAVUSDT: thêm 16 dòng mới
[2025-08-17T21:31:45.482+0000] {subprocess.py:93} INFO - 68/100 MAVUSDT lưu OK
[2025-08-17T21:31:45.482+0000] {subprocess.py:93} INFO - ⚠️ CAKEUSDT lỗi lần 1/3: HTTPSConnectionPool(host='api.binance.com', port=443): Max retries exceeded with url: /api/v3/klines?symbol=CAKEUSDT&interval=1m&limit=100 (Caused by ConnectTimeoutError(<urllib3.connection.HTTPSConnection object at 0x7f9bd8334ee0>, 'Connection to api.binance.com timed out. (connect timeout=15)'))
[2025-08-17T21:31:45.483+0000] {subprocess.py:93} INFO - ⚠️ BBUSDT lỗi lần 1/3: HTTPSConnectionPool(host='api.binance.com', port=443): Max retries exceeded with url: /api/v3/klines?symbol=BBUSDT&interval=1m&limit=100 (Caused by ConnectTimeoutError(<urllib3.connection.HTTPSConnection object at 0x7f9bd8334640>, 'Connection to api.binance.com timed out. (connect timeout=15)'))
[2025-08-17T21:31:45.483+0000] {subprocess.py:93} INFO - ✅ ICPUSDT: thêm 4 dòng mới
[2025-08-17T21:31:45.483+0000] {subprocess.py:93} INFO - 69/100 ICPUSDT lưu OK
[2025-08-17T21:31:45.483+0000] {subprocess.py:93} INFO - ✅ RENDERUSDT: thêm 5 dòng mới
[2025-08-17T21:31:45.484+0000] {subprocess.py:93} INFO - 70/100 RENDERUSDT lưu OK
[2025-08-17T21:31:45.484+0000] {subprocess.py:93} INFO - ✅ SPKUSDT: thêm 5 dòng mới
[2025-08-17T21:31:45.484+0000] {subprocess.py:93} INFO - 71/100 SPKUSDT lưu OK
[2025-08-17T21:31:45.484+0000] {subprocess.py:93} INFO - ✅ CAKEUSDT: thêm 11 dòng mới
[2025-08-17T21:31:45.484+0000] {subprocess.py:93} INFO - 72/100 CAKEUSDT lưu OK
[2025-08-17T21:31:45.485+0000] {subprocess.py:93} INFO - ✅ ERAUSDT: thêm 11 dòng mới
[2025-08-17T21:31:45.485+0000] {subprocess.py:93} INFO - 73/100 ERAUSDT lưu OK
[2025-08-17T21:31:45.485+0000] {subprocess.py:93} INFO - 74/100 NMRUSDT lỗi: relation "cryptocurrency.nmrusdt" does not exist
[2025-08-17T21:31:45.485+0000] {subprocess.py:93} INFO - LINE 1: SELECT MAX(time) FROM cryptocurrency.nmrusdt;
[2025-08-17T21:31:45.485+0000] {subprocess.py:93} INFO -                               ^
[2025-08-17T21:31:45.486+0000] {subprocess.py:93} INFO - 
[2025-08-17T21:31:45.486+0000] {subprocess.py:93} INFO - 75/100 PONDUSDT lỗi: connection to server at "videv.cloud" (27.74.74.29), port 5432 failed: Connection timed out
[2025-08-17T21:31:45.486+0000] {subprocess.py:93} INFO - 	Is the server running on that host and accepting TCP/IP connections?
[2025-08-17T21:31:45.486+0000] {subprocess.py:93} INFO - 
[2025-08-17T21:31:45.486+0000] {subprocess.py:93} INFO - ✅ CHRUSDT: thêm 5 dòng mới
[2025-08-17T21:31:45.487+0000] {subprocess.py:93} INFO - 76/100 CHRUSDT lưu OK
[2025-08-17T21:31:45.487+0000] {subprocess.py:93} INFO - 77/100 MKRUSDT lỗi: relation "cryptocurrency.mkrusdt" does not exist
[2025-08-17T21:31:45.487+0000] {subprocess.py:93} INFO - LINE 1: SELECT MAX(time) FROM cryptocurrency.mkrusdt;
[2025-08-17T21:31:45.487+0000] {subprocess.py:93} INFO -                               ^
[2025-08-17T21:31:45.487+0000] {subprocess.py:93} INFO - 
[2025-08-17T21:31:45.488+0000] {subprocess.py:93} INFO - ⚠️ BBUSDT lỗi lần 2/3: HTTPSConnectionPool(host='api.binance.com', port=443): Max retries exceeded with url: /api/v3/klines?symbol=BBUSDT&interval=1m&limit=100 (Caused by ConnectTimeoutError(<urllib3.connection.HTTPSConnection object at 0x7f9bd837c880>, 'Connection to api.binance.com timed out. (connect timeout=15)'))
[2025-08-17T21:31:45.488+0000] {subprocess.py:93} INFO - 78/100 ALPINEUSDT lỗi: connection to server at "videv.cloud" (27.74.74.29), port 5432 failed: Connection timed out
[2025-08-17T21:31:45.488+0000] {subprocess.py:93} INFO - 	Is the server running on that host and accepting TCP/IP connections?
[2025-08-17T21:31:45.488+0000] {subprocess.py:93} INFO - 
[2025-08-17T21:31:45.488+0000] {subprocess.py:93} INFO - 79/100 BBUSDT lỗi: relation "cryptocurrency.bbusdt" does not exist
[2025-08-17T21:31:45.489+0000] {subprocess.py:93} INFO - LINE 1: SELECT MAX(time) FROM cryptocurrency.bbusdt;
[2025-08-17T21:31:45.489+0000] {subprocess.py:93} INFO -                               ^
[2025-08-17T21:31:45.489+0000] {subprocess.py:93} INFO - 
[2025-08-17T21:31:45.489+0000] {subprocess.py:93} INFO - 80/100 VETUSDT lỗi: relation "cryptocurrency.vetusdt" does not exist
[2025-08-17T21:31:45.489+0000] {subprocess.py:93} INFO - LINE 1: SELECT MAX(time) FROM cryptocurrency.vetusdt;
[2025-08-17T21:31:45.490+0000] {subprocess.py:93} INFO -                               ^
[2025-08-17T21:31:45.490+0000] {subprocess.py:93} INFO - 
[2025-08-17T21:31:45.490+0000] {subprocess.py:93} INFO - ✅ EURUSDT: thêm 5 dòng mới
[2025-08-17T21:31:45.490+0000] {subprocess.py:93} INFO - 81/100 EURUSDT lưu OK
[2025-08-17T21:31:45.490+0000] {subprocess.py:93} INFO - ⚠️ ARKMUSDT lỗi lần 1/3: HTTPSConnectionPool(host='api.binance.com', port=443): Max retries exceeded with url: /api/v3/klines?symbol=ARKMUSDT&interval=1m&limit=100 (Caused by ConnectTimeoutError(<urllib3.connection.HTTPSConnection object at 0x7f9bd834f130>, 'Connection to api.binance.com timed out. (connect timeout=15)'))
[2025-08-17T21:31:45.491+0000] {subprocess.py:93} INFO - 82/100 WLDUSDT lỗi: connection to server at "videv.cloud" (27.74.74.29), port 5432 failed: Connection timed out
[2025-08-17T21:31:45.491+0000] {subprocess.py:93} INFO - 	Is the server running on that host and accepting TCP/IP connections?
[2025-08-17T21:31:45.491+0000] {subprocess.py:93} INFO - 
[2025-08-17T21:31:45.491+0000] {subprocess.py:93} INFO - ✅ SYRUPUSDT: thêm 5 dòng mới
[2025-08-17T21:31:45.491+0000] {subprocess.py:93} INFO - 83/100 SYRUPUSDT lưu OK
[2025-08-17T21:31:45.492+0000] {subprocess.py:93} INFO - ✅ CELRUSDT: thêm 5 dòng mới
[2025-08-17T21:31:45.492+0000] {subprocess.py:93} INFO - 84/100 CELRUSDT lưu OK
[2025-08-17T21:31:45.492+0000] {subprocess.py:93} INFO - ✅ ARKMUSDT: thêm 5 dòng mới
[2025-08-17T21:31:45.492+0000] {subprocess.py:93} INFO - 85/100 ARKMUSDT lưu OK
[2025-08-17T21:31:45.492+0000] {subprocess.py:93} INFO - 86/100 TREEUSDT lỗi: relation "cryptocurrency.treeusdt" does not exist
[2025-08-17T21:31:45.493+0000] {subprocess.py:93} INFO - LINE 1: SELECT MAX(time) FROM cryptocurrency.treeusdt;
[2025-08-17T21:31:45.493+0000] {subprocess.py:93} INFO -                               ^
[2025-08-17T21:31:45.493+0000] {subprocess.py:93} INFO - 
[2025-08-17T21:31:45.493+0000] {subprocess.py:93} INFO - 87/100 HOMEUSDT lỗi: relation "cryptocurrency.homeusdt" does not exist
[2025-08-17T21:31:45.493+0000] {subprocess.py:93} INFO - LINE 1: SELECT MAX(time) FROM cryptocurrency.homeusdt;
[2025-08-17T21:31:45.494+0000] {subprocess.py:93} INFO -                               ^
[2025-08-17T21:31:45.494+0000] {subprocess.py:93} INFO - 
[2025-08-17T21:31:45.494+0000] {subprocess.py:93} INFO - ⚠️ STRKUSDT lỗi lần 1/3: HTTPSConnectionPool(host='api.binance.com', port=443): Max retries exceeded with url: /api/v3/klines?symbol=STRKUSDT&interval=1m&limit=100 (Caused by ConnectTimeoutError(<urllib3.connection.HTTPSConnection object at 0x7f9bd834f850>, 'Connection to api.binance.com timed out. (connect timeout=15)'))
[2025-08-17T21:31:45.494+0000] {subprocess.py:93} INFO - ⚠️ RUNEUSDT lỗi lần 1/3: HTTPSConnectionPool(host='api.binance.com', port=443): Max retries exceeded with url: /api/v3/klines?symbol=RUNEUSDT&interval=1m&limit=100 (Caused by ConnectTimeoutError(<urllib3.connection.HTTPSConnection object at 0x7f9bd837c9a0>, 'Connection to api.binance.com timed out. (connect timeout=15)'))
[2025-08-17T21:31:45.494+0000] {subprocess.py:93} INFO - ⚠️ ATOMUSDT lỗi lần 1/3: HTTPSConnectionPool(host='api.binance.com', port=443): Max retries exceeded with url: /api/v3/klines?symbol=ATOMUSDT&interval=1m&limit=100 (Caused by ConnectTimeoutError(<urllib3.connection.HTTPSConnection object at 0x7f9bd837d300>, 'Connection to api.binance.com timed out. (connect timeout=15)'))
[2025-08-17T21:34:06.009+0000] {subprocess.py:93} INFO - ⚠️ STRKUSDT lỗi lần 2/3: HTTPSConnectionPool(host='api.binance.com', port=443): Max retries exceeded with url: /api/v3/klines?symbol=STRKUSDT&interval=1m&limit=100 (Caused by ConnectTimeoutError(<urllib3.connection.HTTPSConnection object at 0x7f9bd834f6d0>, 'Connection to api.binance.com timed out. (connect timeout=15)'))
[2025-08-17T21:34:06.010+0000] {subprocess.py:93} INFO - ⚠️ RUNEUSDT lỗi lần 2/3: HTTPSConnectionPool(host='api.binance.com', port=443): Max retries exceeded with url: /api/v3/klines?symbol=RUNEUSDT&interval=1m&limit=100 (Caused by ConnectTimeoutError(<urllib3.connection.HTTPSConnection object at 0x7f9bd8335e10>, 'Connection to api.binance.com timed out. (connect timeout=15)'))
[2025-08-17T21:34:06.010+0000] {subprocess.py:93} INFO - 88/100 RUNEUSDT lỗi: relation "cryptocurrency.runeusdt" does not exist
[2025-08-17T21:34:06.010+0000] {subprocess.py:93} INFO - LINE 1: SELECT MAX(time) FROM cryptocurrency.runeusdt;
[2025-08-17T21:34:06.010+0000] {subprocess.py:93} INFO -                               ^
[2025-08-17T21:34:06.011+0000] {subprocess.py:93} INFO - 
[2025-08-17T21:34:06.011+0000] {subprocess.py:93} INFO - ⚠️ ATOMUSDT lỗi lần 2/3: HTTPSConnectionPool(host='api.binance.com', port=443): Max retries exceeded with url: /api/v3/klines?symbol=ATOMUSDT&interval=1m&limit=100 (Caused by ConnectTimeoutError(<urllib3.connection.HTTPSConnection object at 0x7f9bd8375810>, 'Connection to api.binance.com timed out. (connect timeout=15)'))
[2025-08-17T21:34:06.011+0000] {subprocess.py:93} INFO - 89/100 PENDLEUSDT lỗi: connection to server at "videv.cloud" (27.74.74.29), port 5432 failed: Connection timed out
[2025-08-17T21:34:06.012+0000] {subprocess.py:93} INFO - 	Is the server running on that host and accepting TCP/IP connections?
[2025-08-17T21:34:06.012+0000] {subprocess.py:93} INFO - 
[2025-08-17T21:34:06.012+0000] {subprocess.py:93} INFO - ⚠️ ATOMUSDT lỗi lần 3/3: HTTPSConnectionPool(host='api.binance.com', port=443): Max retries exceeded with url: /api/v3/klines?symbol=ATOMUSDT&interval=1m&limit=100 (Caused by ConnectTimeoutError(<urllib3.connection.HTTPSConnection object at 0x7f9bd834e5f0>, 'Connection to api.binance.com timed out. (connect timeout=15)'))
[2025-08-17T21:34:06.012+0000] {subprocess.py:93} INFO - 90/100 ATOMUSDT bỏ qua (fail)
[2025-08-17T21:34:06.013+0000] {subprocess.py:93} INFO - ⚠️ API3USDT lỗi lần 1/3: HTTPSConnectionPool(host='api.binance.com', port=443): Max retries exceeded with url: /api/v3/klines?symbol=API3USDT&interval=1m&limit=100 (Caused by ConnectTimeoutError(<urllib3.connection.HTTPSConnection object at 0x7f9bd837cd60>, 'Connection to api.binance.com timed out. (connect timeout=15)'))
[2025-08-17T21:34:06.013+0000] {subprocess.py:93} INFO - ⚠️ SANTOSUSDT lỗi lần 1/3: HTTPSConnectionPool(host='api.binance.com', port=443): Max retries exceeded with url: /api/v3/klines?symbol=SANTOSUSDT&interval=1m&limit=100 (Caused by ConnectTimeoutError(<urllib3.connection.HTTPSConnection object at 0x7f9bd837c6a0>, 'Connection to api.binance.com timed out. (connect timeout=15)'))
[2025-08-17T21:34:06.013+0000] {subprocess.py:93} INFO - ✅ SANTOSUSDT: thêm 6 dòng mới
[2025-08-17T21:34:06.014+0000] {subprocess.py:93} INFO - 91/100 SANTOSUSDT lưu OK
[2025-08-17T21:34:06.014+0000] {subprocess.py:93} INFO - ✅ LAUSDT: thêm 5 dòng mới
[2025-08-17T21:34:06.014+0000] {subprocess.py:93} INFO - 92/100 LAUSDT lưu OK
[2025-08-17T21:34:06.014+0000] {subprocess.py:93} INFO - ⚠️ API3USDT lỗi lần 2/3: HTTPSConnectionPool(host='api.binance.com', port=443): Max retries exceeded with url: /api/v3/klines?symbol=API3USDT&interval=1m&limit=100 (Caused by ConnectTimeoutError(<urllib3.connection.HTTPSConnection object at 0x7f9bd8336c20>, 'Connection to api.binance.com timed out. (connect timeout=15)'))
[2025-08-17T21:34:06.015+0000] {subprocess.py:93} INFO - ✅ API3USDT: thêm 6 dòng mới
[2025-08-17T21:34:06.015+0000] {subprocess.py:93} INFO - 93/100 API3USDT lưu OK
[2025-08-17T21:34:06.015+0000] {subprocess.py:93} INFO - 94/100 ZKUSDT lỗi: connection to server at "videv.cloud" (27.74.74.29), port 5432 failed: Connection timed out
[2025-08-17T21:34:06.015+0000] {subprocess.py:93} INFO - 	Is the server running on that host and accepting TCP/IP connections?
[2025-08-17T21:34:06.016+0000] {subprocess.py:93} INFO - 
[2025-08-17T21:34:06.016+0000] {subprocess.py:93} INFO - 95/100 XUSDUSDT lỗi: connection to server at "videv.cloud" (27.74.74.29), port 5432 failed: Connection timed out
[2025-08-17T21:34:06.016+0000] {subprocess.py:93} INFO - 	Is the server running on that host and accepting TCP/IP connections?
[2025-08-17T21:34:06.016+0000] {subprocess.py:93} INFO - 
[2025-08-17T21:34:06.017+0000] {subprocess.py:93} INFO - 96/100 CFXUSDT lỗi: connection to server at "videv.cloud" (27.74.74.29), port 5432 failed: Connection timed out
[2025-08-17T21:34:06.017+0000] {subprocess.py:93} INFO - 	Is the server running on that host and accepting TCP/IP connections?
[2025-08-17T21:34:06.017+0000] {subprocess.py:93} INFO - 
[2025-08-17T21:34:06.018+0000] {subprocess.py:93} INFO - 97/100 ENSUSDT lỗi: connection to server at "videv.cloud" (27.74.74.29), port 5432 failed: Connection timed out
[2025-08-17T21:34:06.018+0000] {subprocess.py:93} INFO - 	Is the server running on that host and accepting TCP/IP connections?
[2025-08-17T21:34:06.018+0000] {subprocess.py:93} INFO - 
[2025-08-17T21:34:06.018+0000] {subprocess.py:93} INFO - 98/100 HOTUSDT lỗi: connection to server at "videv.cloud" (27.74.74.29), port 5432 failed: Connection timed out
[2025-08-17T21:34:06.019+0000] {subprocess.py:93} INFO - 	Is the server running on that host and accepting TCP/IP connections?
[2025-08-17T21:34:06.019+0000] {subprocess.py:93} INFO - 
[2025-08-17T21:34:06.019+0000] {subprocess.py:93} INFO - 99/100 ORDIUSDT lỗi: connection to server at "videv.cloud" (27.74.74.29), port 5432 failed: Connection timed out
[2025-08-17T21:34:06.019+0000] {subprocess.py:93} INFO - 	Is the server running on that host and accepting TCP/IP connections?
[2025-08-17T21:34:06.020+0000] {subprocess.py:93} INFO - 
[2025-08-17T21:34:06.020+0000] {subprocess.py:93} INFO - 100/100 STRKUSDT lỗi: connection to server at "videv.cloud" (27.74.74.29), port 5432 failed: Connection timed out
[2025-08-17T21:34:06.020+0000] {subprocess.py:93} INFO - 	Is the server running on that host and accepting TCP/IP connections?
[2025-08-17T21:34:06.020+0000] {subprocess.py:93} INFO - 
[2025-08-17T21:34:06.136+0000] {subprocess.py:97} INFO - Command exited with return code 0
[2025-08-17T21:34:06.137+0000] {taskinstance.py:441} INFO - ::group::Post task execution logs
[2025-08-17T21:34:06.176+0000] {taskinstance.py:1206} INFO - Marking task as SUCCESS. dag_id=crypto_collector_dag, task_id=run_crypto_collector, run_id=scheduled__2025-08-17T21:26:00+00:00, execution_date=20250817T212600, start_date=20250817T212754, end_date=20250817T213406
[2025-08-17T21:34:06.225+0000] {local_task_job_runner.py:240} INFO - Task exited with return code 0
[2025-08-17T21:34:06.250+0000] {taskinstance.py:3498} INFO - 0 downstream tasks scheduled from follow-on schedule check
[2025-08-17T21:34:06.252+0000] {local_task_job_runner.py:222} INFO - ::endgroup::
