[2025-09-04T07:11:02.001+0000] {local_task_job_runner.py:120} INFO - ::group::Pre task execution logs
[2025-09-04T07:11:02.055+0000] {taskinstance.py:2076} INFO - Dependencies all met for dep_context=non-requeueable deps ti=<TaskInstance: foreign_1_live.save_foreign_1 scheduled__2025-09-04T07:10:00+00:00 [queued]>
[2025-09-04T07:11:02.070+0000] {taskinstance.py:2076} INFO - Dependencies all met for dep_context=requeueable deps ti=<TaskInstance: foreign_1_live.save_foreign_1 scheduled__2025-09-04T07:10:00+00:00 [queued]>
[2025-09-04T07:11:02.070+0000] {taskinstance.py:2306} INFO - Starting attempt 1 of 11
[2025-09-04T07:11:02.090+0000] {taskinstance.py:2330} INFO - Executing <Task(PythonOperator): save_foreign_1> on 2025-09-04 07:10:00+00:00
[2025-09-04T07:11:02.106+0000] {standard_task_runner.py:63} INFO - Started process 2936239 to run task
[2025-09-04T07:11:02.117+0000] {standard_task_runner.py:90} INFO - Running: ['***', 'tasks', 'run', 'foreign_1_live', 'save_foreign_1', 'scheduled__2025-09-04T07:10:00+00:00', '--job-id', '94842', '--raw', '--subdir', 'DAGS_FOLDER/dag_foreign_1_live.py', '--cfg-path', '/tmp/tmp5y0i8e06']
[2025-09-04T07:11:02.123+0000] {standard_task_runner.py:91} INFO - Job 94842: Subtask save_foreign_1
[2025-09-04T07:11:02.182+0000] {task_command.py:426} INFO - Running <TaskInstance: foreign_1_live.save_foreign_1 scheduled__2025-09-04T07:10:00+00:00 [running]> on host 1877907bc043
[2025-09-04T07:11:02.336+0000] {taskinstance.py:2648} INFO - Exporting env vars: AIRFLOW_CTX_DAG_OWNER='***' AIRFLOW_CTX_DAG_ID='foreign_1_live' AIRFLOW_CTX_TASK_ID='save_foreign_1' AIRFLOW_CTX_EXECUTION_DATE='2025-09-04T07:10:00+00:00' AIRFLOW_CTX_TRY_NUMBER='1' AIRFLOW_CTX_DAG_RUN_ID='scheduled__2025-09-04T07:10:00+00:00'
[2025-09-04T07:11:02.338+0000] {taskinstance.py:430} INFO - ::endgroup::
[2025-09-04T07:11:02.352+0000] {foreign_1.py:18} INFO - Kết nối DB
[2025-09-04T07:11:03.560+0000] {foreign_1.py:28} INFO - Đã lưu foreign_ALL
[2025-09-04T07:11:03.561+0000] {foreign_1.py:18} INFO - Kết nối DB
[2025-09-04T07:11:06.081+0000] {foreign_1.py:28} INFO - Đã lưu foreign_HOSE
[2025-09-04T07:11:06.083+0000] {foreign_1.py:18} INFO - Kết nối DB
[2025-09-04T07:11:06.877+0000] {foreign_1.py:28} INFO - Đã lưu foreign_HNX
[2025-09-04T07:11:06.879+0000] {foreign_1.py:18} INFO - Kết nối DB
[2025-09-04T07:11:07.659+0000] {foreign_1.py:28} INFO - Đã lưu foreign_UPCOM
[2025-09-04T07:11:07.660+0000] {python.py:237} INFO - Done. Returned value was: None
[2025-09-04T07:11:07.661+0000] {taskinstance.py:441} INFO - ::group::Post task execution logs
[2025-09-04T07:11:07.676+0000] {taskinstance.py:1206} INFO - Marking task as SUCCESS. dag_id=foreign_1_live, task_id=save_foreign_1, run_id=scheduled__2025-09-04T07:10:00+00:00, execution_date=20250904T071000, start_date=20250904T071102, end_date=20250904T071107
[2025-09-04T07:11:07.713+0000] {local_task_job_runner.py:240} INFO - Task exited with return code 0
[2025-09-04T07:11:07.726+0000] {local_task_job_runner.py:222} INFO - ::endgroup::
