[2025-09-03T14:45:36.123+0000] {local_task_job_runner.py:120} INFO - ::group::Pre task execution logs
[2025-09-03T14:45:36.152+0000] {taskinstance.py:2076} INFO - Dependencies all met for dep_context=non-requeueable deps ti=<TaskInstance: foreign_1_live.save_foreign_1 scheduled__2025-09-02T17:06:00+00:00 [queued]>
[2025-09-03T14:45:36.162+0000] {taskinstance.py:2076} INFO - Dependencies all met for dep_context=requeueable deps ti=<TaskInstance: foreign_1_live.save_foreign_1 scheduled__2025-09-02T17:06:00+00:00 [queued]>
[2025-09-03T14:45:36.162+0000] {taskinstance.py:2306} INFO - Starting attempt 1 of 11
[2025-09-03T14:45:36.176+0000] {taskinstance.py:2330} INFO - Executing <Task(PythonOperator): save_foreign_1> on 2025-09-02 17:06:00+00:00
[2025-09-03T14:45:36.185+0000] {standard_task_runner.py:63} INFO - Started process 2758036 to run task
[2025-09-03T14:45:36.189+0000] {standard_task_runner.py:90} INFO - Running: ['***', 'tasks', 'run', 'foreign_1_live', 'save_foreign_1', 'scheduled__2025-09-02T17:06:00+00:00', '--job-id', '72540', '--raw', '--subdir', 'DAGS_FOLDER/dag_foreign_1_live.py', '--cfg-path', '/tmp/tmpqaeubmfg']
[2025-09-03T14:45:36.192+0000] {standard_task_runner.py:91} INFO - Job 72540: Subtask save_foreign_1
[2025-09-03T14:45:36.249+0000] {task_command.py:426} INFO - Running <TaskInstance: foreign_1_live.save_foreign_1 scheduled__2025-09-02T17:06:00+00:00 [running]> on host 1877907bc043
[2025-09-03T14:45:36.352+0000] {taskinstance.py:2648} INFO - Exporting env vars: AIRFLOW_CTX_DAG_OWNER='***' AIRFLOW_CTX_DAG_ID='foreign_1_live' AIRFLOW_CTX_TASK_ID='save_foreign_1' AIRFLOW_CTX_EXECUTION_DATE='2025-09-02T17:06:00+00:00' AIRFLOW_CTX_TRY_NUMBER='1' AIRFLOW_CTX_DAG_RUN_ID='scheduled__2025-09-02T17:06:00+00:00'
[2025-09-03T14:45:36.353+0000] {taskinstance.py:430} INFO - ::endgroup::
[2025-09-03T14:45:36.370+0000] {foreign_1.py:18} INFO - Kết nối DB
[2025-09-03T14:45:36.705+0000] {foreign_1.py:28} INFO - Đã lưu foreign_ALL
[2025-09-03T14:45:36.706+0000] {foreign_1.py:18} INFO - Kết nối DB
[2025-09-03T14:45:37.072+0000] {foreign_1.py:28} INFO - Đã lưu foreign_HOSE
[2025-09-03T14:45:37.073+0000] {foreign_1.py:18} INFO - Kết nối DB
[2025-09-03T14:45:37.402+0000] {foreign_1.py:28} INFO - Đã lưu foreign_HNX
[2025-09-03T14:45:37.404+0000] {foreign_1.py:18} INFO - Kết nối DB
[2025-09-03T14:45:37.749+0000] {foreign_1.py:28} INFO - Đã lưu foreign_UPCOM
[2025-09-03T14:45:37.751+0000] {python.py:237} INFO - Done. Returned value was: None
[2025-09-03T14:45:37.752+0000] {taskinstance.py:441} INFO - ::group::Post task execution logs
[2025-09-03T14:45:37.767+0000] {taskinstance.py:1206} INFO - Marking task as SUCCESS. dag_id=foreign_1_live, task_id=save_foreign_1, run_id=scheduled__2025-09-02T17:06:00+00:00, execution_date=20250902T170600, start_date=20250903T144536, end_date=20250903T144537
[2025-09-03T14:45:37.846+0000] {local_task_job_runner.py:240} INFO - Task exited with return code 0
[2025-09-03T14:45:37.875+0000] {taskinstance.py:3498} INFO - 4 downstream tasks scheduled from follow-on schedule check
[2025-09-03T14:45:37.877+0000] {local_task_job_runner.py:222} INFO - ::endgroup::
[2025-09-11T08:54:35.071+0000] {local_task_job_runner.py:120} INFO - ::group::Pre task execution logs
[2025-09-11T08:54:35.286+0000] {taskinstance.py:2076} INFO - Dependencies all met for dep_context=non-requeueable deps ti=<TaskInstance: foreign_1_live.save_foreign_1 scheduled__2025-09-02T17:06:00+00:00 [queued]>
[2025-09-11T08:54:35.295+0000] {taskinstance.py:2076} INFO - Dependencies all met for dep_context=requeueable deps ti=<TaskInstance: foreign_1_live.save_foreign_1 scheduled__2025-09-02T17:06:00+00:00 [queued]>
[2025-09-11T08:54:35.295+0000] {taskinstance.py:2306} INFO - Starting attempt 1 of 11
[2025-09-11T08:54:35.307+0000] {taskinstance.py:2330} INFO - Executing <Task(PythonOperator): save_foreign_1> on 2025-09-02 17:06:00+00:00
[2025-09-11T08:54:35.315+0000] {standard_task_runner.py:63} INFO - Started process 173 to run task
[2025-09-11T08:54:35.319+0000] {standard_task_runner.py:90} INFO - Running: ['***', 'tasks', 'run', 'foreign_1_live', 'save_foreign_1', 'scheduled__2025-09-02T17:06:00+00:00', '--job-id', '18', '--raw', '--subdir', 'DAGS_FOLDER/dag_foreign_1_live.py', '--cfg-path', '/tmp/tmp2hs7a5aa']
[2025-09-11T08:54:35.322+0000] {standard_task_runner.py:91} INFO - Job 18: Subtask save_foreign_1
[2025-09-11T08:54:35.381+0000] {task_command.py:426} INFO - Running <TaskInstance: foreign_1_live.save_foreign_1 scheduled__2025-09-02T17:06:00+00:00 [running]> on host bcef7b61446d
[2025-09-11T08:54:35.465+0000] {taskinstance.py:2648} INFO - Exporting env vars: AIRFLOW_CTX_DAG_OWNER='***' AIRFLOW_CTX_DAG_ID='foreign_1_live' AIRFLOW_CTX_TASK_ID='save_foreign_1' AIRFLOW_CTX_EXECUTION_DATE='2025-09-02T17:06:00+00:00' AIRFLOW_CTX_TRY_NUMBER='1' AIRFLOW_CTX_DAG_RUN_ID='scheduled__2025-09-02T17:06:00+00:00'
[2025-09-11T08:54:35.466+0000] {taskinstance.py:430} INFO - ::endgroup::
[2025-09-11T08:54:35.480+0000] {foreign_1.py:18} INFO - Kết nối DB
[2025-09-11T08:54:35.925+0000] {foreign_1.py:28} INFO - Đã lưu foreign_ALL
[2025-09-11T08:54:35.926+0000] {foreign_1.py:18} INFO - Kết nối DB
[2025-09-11T08:54:36.451+0000] {foreign_1.py:28} INFO - Đã lưu foreign_HOSE
[2025-09-11T08:54:36.452+0000] {foreign_1.py:18} INFO - Kết nối DB
[2025-09-11T08:54:36.997+0000] {foreign_1.py:28} INFO - Đã lưu foreign_HNX
[2025-09-11T08:54:36.999+0000] {foreign_1.py:18} INFO - Kết nối DB
[2025-09-11T08:54:37.501+0000] {foreign_1.py:28} INFO - Đã lưu foreign_UPCOM
[2025-09-11T08:54:37.502+0000] {python.py:237} INFO - Done. Returned value was: None
[2025-09-11T08:54:37.502+0000] {taskinstance.py:441} INFO - ::group::Post task execution logs
[2025-09-11T08:54:37.513+0000] {taskinstance.py:1206} INFO - Marking task as SUCCESS. dag_id=foreign_1_live, task_id=save_foreign_1, run_id=scheduled__2025-09-02T17:06:00+00:00, execution_date=20250902T170600, start_date=20250911T085435, end_date=20250911T085437
[2025-09-11T08:54:37.536+0000] {local_task_job_runner.py:240} INFO - Task exited with return code 0
[2025-09-11T08:54:37.562+0000] {taskinstance.py:3503} INFO - 4 downstream tasks scheduled from follow-on schedule check
[2025-09-11T08:54:37.563+0000] {local_task_job_runner.py:222} INFO - ::endgroup::
