[2025-08-18T04:21:01.296+0000] {local_task_job_runner.py:120} INFO - ::group::Pre task execution logs
[2025-08-18T04:21:01.325+0000] {taskinstance.py:2076} INFO - Dependencies all met for dep_context=non-requeueable deps ti=<TaskInstance: crypto_collector_dag.run_crypto_collector scheduled__2025-08-18T04:20:00+00:00 [queued]>
[2025-08-18T04:21:01.335+0000] {taskinstance.py:2076} INFO - Dependencies all met for dep_context=requeueable deps ti=<TaskInstance: crypto_collector_dag.run_crypto_collector scheduled__2025-08-18T04:20:00+00:00 [queued]>
[2025-08-18T04:21:01.335+0000] {taskinstance.py:2306} INFO - Starting attempt 1 of 2
[2025-08-18T04:21:01.356+0000] {taskinstance.py:2330} INFO - Executing <Task(BashOperator): run_crypto_collector> on 2025-08-18 04:20:00+00:00
[2025-08-18T04:21:01.362+0000] {standard_task_runner.py:63} INFO - Started process 107053 to run task
[2025-08-18T04:21:01.367+0000] {standard_task_runner.py:90} INFO - Running: ['***', 'tasks', 'run', 'crypto_collector_dag', 'run_crypto_collector', 'scheduled__2025-08-18T04:20:00+00:00', '--job-id', '8396', '--raw', '--subdir', 'DAGS_FOLDER/crawl_crypto/dags_crypto.py', '--cfg-path', '/tmp/tmplyspdbxu']
[2025-08-18T04:21:01.368+0000] {standard_task_runner.py:91} INFO - Job 8396: Subtask run_crypto_collector
[2025-08-18T04:21:01.432+0000] {task_command.py:426} INFO - Running <TaskInstance: crypto_collector_dag.run_crypto_collector scheduled__2025-08-18T04:20:00+00:00 [running]> on host 1877907bc043
[2025-08-18T04:21:01.538+0000] {taskinstance.py:2648} INFO - Exporting env vars: AIRFLOW_CTX_DAG_OWNER='***' AIRFLOW_CTX_DAG_ID='crypto_collector_dag' AIRFLOW_CTX_TASK_ID='run_crypto_collector' AIRFLOW_CTX_EXECUTION_DATE='2025-08-18T04:20:00+00:00' AIRFLOW_CTX_TRY_NUMBER='1' AIRFLOW_CTX_DAG_RUN_ID='scheduled__2025-08-18T04:20:00+00:00'
[2025-08-18T04:21:01.539+0000] {taskinstance.py:430} INFO - ::endgroup::
[2025-08-18T04:21:01.555+0000] {subprocess.py:63} INFO - Tmp dir root location: /tmp
[2025-08-18T04:21:01.556+0000] {subprocess.py:75} INFO - Running command: ['/usr/bin/bash', '-c', 'python3 /opt/***/dags/crawl_crypto/crawl_data_crypto.py']
[2025-08-18T04:21:01.569+0000] {subprocess.py:86} INFO - Output:
[2025-08-18T04:21:15.958+0000] {subprocess.py:93} INFO - 🔹 Kết nối DB...
[2025-08-18T04:21:15.959+0000] {subprocess.py:93} INFO - 🔹 Lấy top 100 crypto...
[2025-08-18T04:21:15.959+0000] {subprocess.py:93} INFO - Top 100: ['ETHUSDT', 'USDCUSDT', 'BTCUSDT', 'SOLUSDT', 'LINKUSDT', 'DOGEUSDT', 'XRPUSDT', 'FDUSDUSDT', 'ADAUSDT', 'PROVEUSDT', 'BNBUSDT', 'TRXUSDT', 'SUIUSDT', 'ARBUSDT', 'ENAUSDT', 'PEPEUSDT', 'AVAXUSDT', 'LTCUSDT', 'UNIUSDT', 'SEIUSDT', 'BIOUSDT', 'TRUMPUSDT', 'PENGUUSDT', 'HBARUSDT', 'CYBERUSDT', 'PONDUSDT', 'SKLUSDT', 'AAVEUSDT', 'NEARUSDT', 'WIFUSDT', 'LDOUSDT', 'DOTUSDT', 'WLDUSDT', 'TOWNSUSDT', 'BONKUSDT', 'SUSDT', 'CRVUSDT', 'ASRUSDT', 'CTSIUSDT', 'INJUSDT', 'VIRTUALUSDT', 'XLMUSDT', 'APTUSDT', 'AEURUSDT', 'OPUSDT', 'ALPINEUSDT', 'POLUSDT', 'BFUSDUSDT', 'TONUSDT', 'FETUSDT', 'ETHFIUSDT', 'EPICUSDT', 'PENDLEUSDT', 'TAOUSDT', 'RAYUSDT', 'ONDOUSDT', 'BCHUSDT', 'FLOKIUSDT', 'TIAUSDT', 'EIGENUSDT', 'NEIROUSDT', 'OGUSDT', 'FILUSDT', 'PNUTUSDT', 'ETCUSDT', 'SHIBUSDT', 'ALGOUSDT', 'GALAUSDT', 'EURUSDT', 'SPKUSDT', 'ICPUSDT', 'MOVRUSDT', 'CAKEUSDT', 'MAVUSDT', 'CFXUSDT', 'BERAUSDT', 'ZKUSDT', 'RENDERUSDT', 'NMRUSDT', 'TSTUSDT', 'ARKMUSDT', 'ENSUSDT', 'VETUSDT', 'RUNEUSDT', 'XUSDUSDT', 'ATOMUSDT', 'STRKUSDT', 'LPTUSDT', 'MKRUSDT', 'OMUSDT', 'ORDIUSDT', 'TREEUSDT', 'ERAUSDT', 'JUPUSDT', 'SYRUPUSDT', 'AIXBTUSDT', 'HOTUSDT', 'HOMEUSDT', 'SAHARAUSDT', 'ZROUSDT']
[2025-08-18T04:21:15.959+0000] {subprocess.py:93} INFO - 🔹 Lưu lịch sử giá vào DB bằng threading...
[2025-08-18T04:21:15.960+0000] {subprocess.py:93} INFO - ✅ PROVEUSDT: thêm 1 dòng mới
[2025-08-18T04:21:15.960+0000] {subprocess.py:93} INFO - 1/100 PROVEUSDT lưu OK
[2025-08-18T04:21:15.960+0000] {subprocess.py:93} INFO - ✅ SOLUSDT: thêm 1 dòng mới
[2025-08-18T04:21:15.960+0000] {subprocess.py:93} INFO - 2/100 SOLUSDT lưu OK
[2025-08-18T04:21:15.961+0000] {subprocess.py:93} INFO - ✅ LINKUSDT: thêm 1 dòng mới
[2025-08-18T04:21:15.961+0000] {subprocess.py:93} INFO - 3/100 LINKUSDT lưu OK
[2025-08-18T04:21:15.961+0000] {subprocess.py:93} INFO - ✅ USDCUSDT: thêm 1 dòng mới
[2025-08-18T04:21:15.961+0000] {subprocess.py:93} INFO - 4/100 USDCUSDT lưu OK
[2025-08-18T04:21:15.961+0000] {subprocess.py:93} INFO - ✅ BTCUSDT: thêm 1 dòng mới
[2025-08-18T04:21:15.962+0000] {subprocess.py:93} INFO - 5/100 BTCUSDT lưu OK
[2025-08-18T04:21:15.962+0000] {subprocess.py:93} INFO - ✅ ADAUSDT: thêm 1 dòng mới
[2025-08-18T04:21:15.962+0000] {subprocess.py:93} INFO - 6/100 ADAUSDT lưu OK
[2025-08-18T04:21:15.962+0000] {subprocess.py:93} INFO - ✅ FDUSDUSDT: thêm 1 dòng mới
[2025-08-18T04:21:15.963+0000] {subprocess.py:93} INFO - 7/100 FDUSDUSDT lưu OK
[2025-08-18T04:21:15.963+0000] {subprocess.py:93} INFO - ✅ DOGEUSDT: thêm 1 dòng mới
[2025-08-18T04:21:15.963+0000] {subprocess.py:93} INFO - 8/100 DOGEUSDT lưu OK
[2025-08-18T04:21:15.963+0000] {subprocess.py:93} INFO - ✅ ETHUSDT: thêm 1 dòng mới
[2025-08-18T04:21:15.964+0000] {subprocess.py:93} INFO - ✅ XRPUSDT: thêm 1 dòng mới
[2025-08-18T04:21:15.964+0000] {subprocess.py:93} INFO - 9/100 ETHUSDT lưu OK
[2025-08-18T04:21:15.964+0000] {subprocess.py:93} INFO - 10/100 XRPUSDT lưu OK
[2025-08-18T04:21:15.964+0000] {subprocess.py:93} INFO - ✅ SEIUSDT: thêm 1 dòng mới
[2025-08-18T04:21:15.965+0000] {subprocess.py:93} INFO - 11/100 SEIUSDT lưu OK
[2025-08-18T04:21:15.965+0000] {subprocess.py:93} INFO - ✅ UNIUSDT: thêm 1 dòng mới
[2025-08-18T04:21:15.965+0000] {subprocess.py:93} INFO - 12/100 UNIUSDT lưu OK
[2025-08-18T04:21:15.965+0000] {subprocess.py:93} INFO - ✅ PEPEUSDT: thêm 1 dòng mới
[2025-08-18T04:21:15.966+0000] {subprocess.py:93} INFO - 13/100 PEPEUSDT lưu OK
[2025-08-18T04:21:15.966+0000] {subprocess.py:93} INFO - ✅ ENAUSDT: thêm 1 dòng mới
[2025-08-18T04:21:15.966+0000] {subprocess.py:93} INFO - 14/100 ENAUSDT lưu OK
[2025-08-18T04:21:15.966+0000] {subprocess.py:93} INFO - ✅ SUIUSDT: thêm 1 dòng mới
[2025-08-18T04:21:15.966+0000] {subprocess.py:93} INFO - 15/100 SUIUSDT lưu OK
[2025-08-18T04:21:15.967+0000] {subprocess.py:93} INFO - ✅ TRXUSDT: thêm 1 dòng mới
[2025-08-18T04:21:15.967+0000] {subprocess.py:93} INFO - 16/100 TRXUSDT lưu OK
[2025-08-18T04:21:15.967+0000] {subprocess.py:93} INFO - ✅ AVAXUSDT: thêm 1 dòng mới
[2025-08-18T04:21:15.967+0000] {subprocess.py:93} INFO - 17/100 AVAXUSDT lưu OK
[2025-08-18T04:21:15.967+0000] {subprocess.py:93} INFO - ✅ BNBUSDT: thêm 1 dòng mới
[2025-08-18T04:21:15.968+0000] {subprocess.py:93} INFO - 18/100 BNBUSDT lưu OK
[2025-08-18T04:21:15.968+0000] {subprocess.py:93} INFO - ✅ LTCUSDT: thêm 1 dòng mới
[2025-08-18T04:21:15.968+0000] {subprocess.py:93} INFO - 19/100 LTCUSDT lưu OK
[2025-08-18T04:21:15.968+0000] {subprocess.py:93} INFO - ✅ ARBUSDT: thêm 1 dòng mới
[2025-08-18T04:21:15.969+0000] {subprocess.py:93} INFO - 20/100 ARBUSDT lưu OK
[2025-08-18T04:21:15.969+0000] {subprocess.py:93} INFO - 21/100 BIOUSDT lỗi: relation "cryptocurrency.biousdt" does not exist
[2025-08-18T04:21:15.969+0000] {subprocess.py:93} INFO - LINE 1: SELECT MAX(time) FROM cryptocurrency.biousdt;
[2025-08-18T04:21:15.969+0000] {subprocess.py:93} INFO -                               ^
[2025-08-18T04:21:15.970+0000] {subprocess.py:93} INFO - 
[2025-08-18T04:21:15.970+0000] {subprocess.py:93} INFO - ✅ TRUMPUSDT: thêm 1 dòng mới
[2025-08-18T04:21:15.970+0000] {subprocess.py:93} INFO - 22/100 TRUMPUSDT lưu OK
[2025-08-18T04:21:15.970+0000] {subprocess.py:93} INFO - ✅ PENGUUSDT: thêm 1 dòng mới
[2025-08-18T04:21:15.970+0000] {subprocess.py:93} INFO - 23/100 PENGUUSDT lưu OK
[2025-08-18T04:21:15.971+0000] {subprocess.py:93} INFO - 24/100 CYBERUSDT lỗi: relation "cryptocurrency.cyberusdt" does not exist
[2025-08-18T04:21:15.971+0000] {subprocess.py:93} INFO - LINE 1: SELECT MAX(time) FROM cryptocurrency.cyberusdt;
[2025-08-18T04:21:15.971+0000] {subprocess.py:93} INFO -                               ^
[2025-08-18T04:21:15.971+0000] {subprocess.py:93} INFO - 
[2025-08-18T04:21:15.971+0000] {subprocess.py:93} INFO - 25/100 PONDUSDT lỗi: relation "cryptocurrency.pondusdt" does not exist
[2025-08-18T04:21:15.972+0000] {subprocess.py:93} INFO - LINE 1: SELECT MAX(time) FROM cryptocurrency.pondusdt;
[2025-08-18T04:21:15.972+0000] {subprocess.py:93} INFO -                               ^
[2025-08-18T04:21:15.972+0000] {subprocess.py:93} INFO - 
[2025-08-18T04:21:15.972+0000] {subprocess.py:93} INFO - ✅ AAVEUSDT: thêm 1 dòng mới
[2025-08-18T04:21:15.973+0000] {subprocess.py:93} INFO - 26/100 AAVEUSDT lưu OK
[2025-08-18T04:21:15.973+0000] {subprocess.py:93} INFO - ✅ WIFUSDT: thêm 1 dòng mới
[2025-08-18T04:21:15.973+0000] {subprocess.py:93} INFO - 27/100 WIFUSDT lưu OK
[2025-08-18T04:21:15.973+0000] {subprocess.py:93} INFO - ✅ NEARUSDT: thêm 1 dòng mới
[2025-08-18T04:21:15.973+0000] {subprocess.py:93} INFO - 28/100 NEARUSDT lưu OK
[2025-08-18T04:21:15.974+0000] {subprocess.py:93} INFO - ✅ HBARUSDT: thêm 1 dòng mới
[2025-08-18T04:21:15.974+0000] {subprocess.py:93} INFO - 29/100 HBARUSDT lưu OK
[2025-08-18T04:21:15.974+0000] {subprocess.py:93} INFO - ✅ SKLUSDT: thêm 1 dòng mới
[2025-08-18T04:21:15.974+0000] {subprocess.py:93} INFO - 30/100 SKLUSDT lưu OK
[2025-08-18T04:21:15.975+0000] {subprocess.py:93} INFO - ✅ LDOUSDT: thêm 1 dòng mới
[2025-08-18T04:21:15.975+0000] {subprocess.py:93} INFO - 31/100 LDOUSDT lưu OK
[2025-08-18T04:21:15.975+0000] {subprocess.py:93} INFO - ✅ TOWNSUSDT: thêm 1 dòng mới
[2025-08-18T04:21:15.975+0000] {subprocess.py:93} INFO - 32/100 TOWNSUSDT lưu OK
[2025-08-18T04:21:15.975+0000] {subprocess.py:93} INFO - ✅ DOTUSDT: thêm 1 dòng mới
[2025-08-18T04:21:15.976+0000] {subprocess.py:93} INFO - ✅ BONKUSDT: thêm 1 dòng mới
[2025-08-18T04:21:15.976+0000] {subprocess.py:93} INFO - 33/100 DOTUSDT lưu OK
[2025-08-18T04:21:15.976+0000] {subprocess.py:93} INFO - 34/100 BONKUSDT lưu OK
[2025-08-18T04:21:15.976+0000] {subprocess.py:93} INFO - ✅ WLDUSDT: thêm 1 dòng mới
[2025-08-18T04:21:15.977+0000] {subprocess.py:93} INFO - 35/100 WLDUSDT lưu OK
[2025-08-18T04:21:15.977+0000] {subprocess.py:93} INFO - ✅ SUSDT: thêm 1 dòng mới
[2025-08-18T04:21:15.977+0000] {subprocess.py:93} INFO - ✅ INJUSDT: thêm 1 dòng mới
[2025-08-18T04:21:15.977+0000] {subprocess.py:93} INFO - 36/100 INJUSDT lưu OK
[2025-08-18T04:21:15.977+0000] {subprocess.py:93} INFO - 37/100 SUSDT lưu OK
[2025-08-18T04:21:15.978+0000] {subprocess.py:93} INFO - ✅ ASRUSDT: thêm 1 dòng mới
[2025-08-18T04:21:15.978+0000] {subprocess.py:93} INFO - 38/100 ASRUSDT lưu OK
[2025-08-18T04:21:15.978+0000] {subprocess.py:93} INFO - ✅ CRVUSDT: thêm 1 dòng mới
[2025-08-18T04:21:15.978+0000] {subprocess.py:93} INFO - 39/100 CRVUSDT lưu OK
[2025-08-18T04:21:15.978+0000] {subprocess.py:93} INFO - ✅ CTSIUSDT: thêm 1 dòng mới
[2025-08-18T04:21:15.979+0000] {subprocess.py:93} INFO - 40/100 CTSIUSDT lưu OK
[2025-08-18T04:21:15.979+0000] {subprocess.py:93} INFO - ✅ APTUSDT: thêm 1 dòng mới
[2025-08-18T04:21:15.979+0000] {subprocess.py:93} INFO - ✅ XLMUSDT: thêm 1 dòng mới
[2025-08-18T04:21:15.979+0000] {subprocess.py:93} INFO - 41/100 XLMUSDT lưu OK
[2025-08-18T04:21:15.979+0000] {subprocess.py:93} INFO - ✅ POLUSDT: thêm 1 dòng mới
[2025-08-18T04:21:15.980+0000] {subprocess.py:93} INFO - ✅ VIRTUALUSDT: thêm 1 dòng mới
[2025-08-18T04:21:15.980+0000] {subprocess.py:93} INFO - 42/100 APTUSDT lưu OK
[2025-08-18T04:21:15.980+0000] {subprocess.py:93} INFO - ✅ OPUSDT: thêm 1 dòng mới
[2025-08-18T04:21:15.980+0000] {subprocess.py:93} INFO - 43/100 VIRTUALUSDT lưu OK
[2025-08-18T04:21:15.981+0000] {subprocess.py:93} INFO - 44/100 POLUSDT lưu OK
[2025-08-18T04:21:15.981+0000] {subprocess.py:93} INFO - 45/100 OPUSDT lưu OK
[2025-08-18T04:21:15.981+0000] {subprocess.py:93} INFO - 46/100 AEURUSDT lỗi: relation "cryptocurrency.aeurusdt" does not exist
[2025-08-18T04:21:15.981+0000] {subprocess.py:93} INFO - LINE 1: SELECT MAX(time) FROM cryptocurrency.aeurusdt;
[2025-08-18T04:21:15.981+0000] {subprocess.py:93} INFO -                               ^
[2025-08-18T04:21:15.982+0000] {subprocess.py:93} INFO - 
[2025-08-18T04:21:15.982+0000] {subprocess.py:93} INFO - ✅ ALPINEUSDT: thêm 1 dòng mới
[2025-08-18T04:21:15.982+0000] {subprocess.py:93} INFO - 47/100 ALPINEUSDT lưu OK
[2025-08-18T04:21:15.982+0000] {subprocess.py:93} INFO - ✅ FETUSDT: thêm 1 dòng mới
[2025-08-18T04:21:15.983+0000] {subprocess.py:93} INFO - 48/100 FETUSDT lưu OK
[2025-08-18T04:21:15.983+0000] {subprocess.py:93} INFO - ✅ TONUSDT: thêm 1 dòng mới
[2025-08-18T04:21:15.983+0000] {subprocess.py:93} INFO - 49/100 TONUSDT lưu OK
[2025-08-18T04:21:15.983+0000] {subprocess.py:93} INFO - ✅ BFUSDUSDT: thêm 1 dòng mới
[2025-08-18T04:21:15.984+0000] {subprocess.py:93} INFO - 50/100 BFUSDUSDT lưu OK
[2025-08-18T04:21:15.984+0000] {subprocess.py:93} INFO - ✅ EIGENUSDT: thêm 1 dòng mới
[2025-08-18T04:21:15.984+0000] {subprocess.py:93} INFO - 51/100 EIGENUSDT lưu OK
[2025-08-18T04:21:15.984+0000] {subprocess.py:93} INFO - ✅ EPICUSDT: thêm 1 dòng mới
[2025-08-18T04:21:15.985+0000] {subprocess.py:93} INFO - ✅ BCHUSDT: thêm 1 dòng mới
[2025-08-18T04:21:15.985+0000] {subprocess.py:93} INFO - ✅ TIAUSDT: thêm 1 dòng mới
[2025-08-18T04:21:15.985+0000] {subprocess.py:93} INFO - ✅ ETHFIUSDT: thêm 1 dòng mới
[2025-08-18T04:21:15.985+0000] {subprocess.py:93} INFO - ✅ RAYUSDT: thêm 1 dòng mới
[2025-08-18T04:21:15.986+0000] {subprocess.py:93} INFO - ✅ TAOUSDT: thêm 1 dòng mới
[2025-08-18T04:21:15.986+0000] {subprocess.py:93} INFO - 52/100 EPICUSDT lưu OK
[2025-08-18T04:21:15.986+0000] {subprocess.py:93} INFO - ✅ PENDLEUSDT: thêm 1 dòng mới
[2025-08-18T04:21:15.987+0000] {subprocess.py:93} INFO - 53/100 RAYUSDT lưu OK
[2025-08-18T04:21:15.987+0000] {subprocess.py:93} INFO - 54/100 BCHUSDT lưu OK
[2025-08-18T04:21:15.987+0000] {subprocess.py:93} INFO - 55/100 ETHFIUSDT lưu OK
[2025-08-18T04:21:15.987+0000] {subprocess.py:93} INFO - 56/100 PENDLEUSDT lưu OK
[2025-08-18T04:21:15.987+0000] {subprocess.py:93} INFO - 57/100 TAOUSDT lưu OK
[2025-08-18T04:21:15.988+0000] {subprocess.py:93} INFO - 58/100 TIAUSDT lưu OK
[2025-08-18T04:21:15.988+0000] {subprocess.py:93} INFO - ✅ FLOKIUSDT: thêm 1 dòng mới
[2025-08-18T04:21:15.988+0000] {subprocess.py:93} INFO - ✅ ONDOUSDT: thêm 1 dòng mới
[2025-08-18T04:21:15.988+0000] {subprocess.py:93} INFO - 59/100 FLOKIUSDT lưu OK
[2025-08-18T04:21:15.988+0000] {subprocess.py:93} INFO - 60/100 ONDOUSDT lưu OK
[2025-08-18T04:21:15.989+0000] {subprocess.py:93} INFO - ✅ ALGOUSDT: thêm 1 dòng mới
[2025-08-18T04:21:15.989+0000] {subprocess.py:93} INFO - 61/100 ALGOUSDT lưu OK
[2025-08-18T04:21:15.989+0000] {subprocess.py:93} INFO - ✅ FILUSDT: thêm 1 dòng mới
[2025-08-18T04:21:15.989+0000] {subprocess.py:93} INFO - 62/100 FILUSDT lưu OK
[2025-08-18T04:21:15.990+0000] {subprocess.py:93} INFO - ✅ GALAUSDT: thêm 1 dòng mới
[2025-08-18T04:21:15.990+0000] {subprocess.py:93} INFO - 63/100 GALAUSDT lưu OK
[2025-08-18T04:21:15.990+0000] {subprocess.py:93} INFO - ✅ NEIROUSDT: thêm 1 dòng mới
[2025-08-18T04:21:15.990+0000] {subprocess.py:93} INFO - 64/100 NEIROUSDT lưu OK
[2025-08-18T04:21:15.991+0000] {subprocess.py:93} INFO - ✅ ETCUSDT: thêm 1 dòng mới
[2025-08-18T04:21:15.991+0000] {subprocess.py:93} INFO - 65/100 ETCUSDT lưu OK
[2025-08-18T04:21:15.991+0000] {subprocess.py:93} INFO - ✅ OGUSDT: thêm 1 dòng mới
[2025-08-18T04:21:15.991+0000] {subprocess.py:93} INFO - 66/100 OGUSDT lưu OK
[2025-08-18T04:21:15.992+0000] {subprocess.py:93} INFO - ✅ SPKUSDT: thêm 1 dòng mới
[2025-08-18T04:21:15.992+0000] {subprocess.py:93} INFO - 67/100 SPKUSDT lưu OK
[2025-08-18T04:21:15.992+0000] {subprocess.py:93} INFO - ✅ EURUSDT: thêm 1 dòng mới
[2025-08-18T04:21:15.992+0000] {subprocess.py:93} INFO - 68/100 EURUSDT lưu OK
[2025-08-18T04:21:15.993+0000] {subprocess.py:93} INFO - ✅ SHIBUSDT: thêm 1 dòng mới
[2025-08-18T04:21:15.993+0000] {subprocess.py:93} INFO - 69/100 SHIBUSDT lưu OK
[2025-08-18T04:21:15.993+0000] {subprocess.py:93} INFO - ✅ PNUTUSDT: thêm 1 dòng mới
[2025-08-18T04:21:15.993+0000] {subprocess.py:93} INFO - 70/100 PNUTUSDT lưu OK
[2025-08-18T04:21:15.993+0000] {subprocess.py:93} INFO - ✅ ICPUSDT: thêm 1 dòng mới
[2025-08-18T04:21:15.994+0000] {subprocess.py:93} INFO - 71/100 ICPUSDT lưu OK
[2025-08-18T04:21:15.994+0000] {subprocess.py:93} INFO - 72/100 MOVRUSDT lỗi: relation "cryptocurrency.movrusdt" does not exist
[2025-08-18T04:21:15.994+0000] {subprocess.py:93} INFO - LINE 1: SELECT MAX(time) FROM cryptocurrency.movrusdt;
[2025-08-18T04:21:15.994+0000] {subprocess.py:93} INFO -                               ^
[2025-08-18T04:21:15.995+0000] {subprocess.py:93} INFO - 
[2025-08-18T04:21:15.995+0000] {subprocess.py:93} INFO - ✅ CAKEUSDT: thêm 1 dòng mới
[2025-08-18T04:21:15.995+0000] {subprocess.py:93} INFO - 73/100 CAKEUSDT lưu OK
[2025-08-18T04:21:15.995+0000] {subprocess.py:93} INFO - ✅ ARKMUSDT: thêm 1 dòng mới
[2025-08-18T04:21:15.995+0000] {subprocess.py:93} INFO - 74/100 ARKMUSDT lưu OK
[2025-08-18T04:21:15.996+0000] {subprocess.py:93} INFO - ✅ MAVUSDT: thêm 1 dòng mới
[2025-08-18T04:21:15.996+0000] {subprocess.py:93} INFO - 75/100 MAVUSDT lưu OK
[2025-08-18T04:21:15.996+0000] {subprocess.py:93} INFO - 76/100 NMRUSDT lỗi: relation "cryptocurrency.nmrusdt" does not exist
[2025-08-18T04:21:15.996+0000] {subprocess.py:93} INFO - LINE 1: SELECT MAX(time) FROM cryptocurrency.nmrusdt;
[2025-08-18T04:21:15.996+0000] {subprocess.py:93} INFO -                               ^
[2025-08-18T04:21:15.997+0000] {subprocess.py:93} INFO - 
[2025-08-18T04:21:15.997+0000] {subprocess.py:93} INFO - ✅ CFXUSDT: thêm 1 dòng mới
[2025-08-18T04:21:15.997+0000] {subprocess.py:93} INFO - 77/100 CFXUSDT lưu OK
[2025-08-18T04:21:15.997+0000] {subprocess.py:93} INFO - ✅ TSTUSDT: thêm 1 dòng mới
[2025-08-18T04:21:15.998+0000] {subprocess.py:93} INFO - 78/100 TSTUSDT lưu OK
[2025-08-18T04:21:15.998+0000] {subprocess.py:93} INFO - 79/100 ZKUSDT lỗi: relation "cryptocurrency.zkusdt" does not exist
[2025-08-18T04:21:15.998+0000] {subprocess.py:93} INFO - LINE 1: SELECT MAX(time) FROM cryptocurrency.zkusdt;
[2025-08-18T04:21:15.998+0000] {subprocess.py:93} INFO -                               ^
[2025-08-18T04:21:15.998+0000] {subprocess.py:93} INFO - 
[2025-08-18T04:21:15.999+0000] {subprocess.py:93} INFO - ✅ BERAUSDT: thêm 1 dòng mới
[2025-08-18T04:21:15.999+0000] {subprocess.py:93} INFO - 80/100 BERAUSDT lưu OK
[2025-08-18T04:21:15.999+0000] {subprocess.py:93} INFO - ✅ RENDERUSDT: thêm 1 dòng mới
[2025-08-18T04:21:15.999+0000] {subprocess.py:93} INFO - 81/100 RENDERUSDT lưu OK
[2025-08-18T04:21:16.000+0000] {subprocess.py:93} INFO - ✅ ENSUSDT: thêm 1 dòng mới
[2025-08-18T04:21:16.000+0000] {subprocess.py:93} INFO - 82/100 ENSUSDT lưu OK
[2025-08-18T04:21:16.000+0000] {subprocess.py:93} INFO - 83/100 VETUSDT lỗi: relation "cryptocurrency.vetusdt" does not exist
[2025-08-18T04:21:16.000+0000] {subprocess.py:93} INFO - LINE 1: SELECT MAX(time) FROM cryptocurrency.vetusdt;
[2025-08-18T04:21:16.000+0000] {subprocess.py:93} INFO -                               ^
[2025-08-18T04:21:16.001+0000] {subprocess.py:93} INFO - 
[2025-08-18T04:21:16.001+0000] {subprocess.py:93} INFO - ✅ ORDIUSDT: thêm 1 dòng mới
[2025-08-18T04:21:16.001+0000] {subprocess.py:93} INFO - 84/100 ORDIUSDT lưu OK
[2025-08-18T04:21:16.001+0000] {subprocess.py:93} INFO - 85/100 LPTUSDT lỗi: relation "cryptocurrency.lptusdt" does not exist
[2025-08-18T04:21:16.002+0000] {subprocess.py:93} INFO - LINE 1: SELECT MAX(time) FROM cryptocurrency.lptusdt;
[2025-08-18T04:21:16.002+0000] {subprocess.py:93} INFO -                               ^
[2025-08-18T04:21:16.002+0000] {subprocess.py:93} INFO - 
[2025-08-18T04:21:16.002+0000] {subprocess.py:93} INFO - 86/100 MKRUSDT lỗi: relation "cryptocurrency.mkrusdt" does not exist
[2025-08-18T04:21:16.002+0000] {subprocess.py:93} INFO - LINE 1: SELECT MAX(time) FROM cryptocurrency.mkrusdt;
[2025-08-18T04:21:16.003+0000] {subprocess.py:93} INFO -                               ^
[2025-08-18T04:21:16.003+0000] {subprocess.py:93} INFO - 
[2025-08-18T04:21:16.003+0000] {subprocess.py:93} INFO - 87/100 STRKUSDT lỗi: relation "cryptocurrency.strkusdt" does not exist
[2025-08-18T04:21:16.003+0000] {subprocess.py:93} INFO - LINE 1: SELECT MAX(time) FROM cryptocurrency.strkusdt;
[2025-08-18T04:21:16.003+0000] {subprocess.py:93} INFO -                               ^
[2025-08-18T04:21:16.004+0000] {subprocess.py:93} INFO - 
[2025-08-18T04:21:16.004+0000] {subprocess.py:93} INFO - 88/100 RUNEUSDT lỗi: relation "cryptocurrency.runeusdt" does not exist
[2025-08-18T04:21:16.004+0000] {subprocess.py:93} INFO - LINE 1: SELECT MAX(time) FROM cryptocurrency.runeusdt;
[2025-08-18T04:21:16.004+0000] {subprocess.py:93} INFO -                               ^
[2025-08-18T04:21:16.005+0000] {subprocess.py:93} INFO - 
[2025-08-18T04:21:16.005+0000] {subprocess.py:93} INFO - ✅ OMUSDT: thêm 1 dòng mới
[2025-08-18T04:21:16.005+0000] {subprocess.py:93} INFO - 89/100 OMUSDT lưu OK
[2025-08-18T04:21:16.005+0000] {subprocess.py:93} INFO - 90/100 TREEUSDT lỗi: relation "cryptocurrency.treeusdt" does not exist
[2025-08-18T04:21:16.005+0000] {subprocess.py:93} INFO - LINE 1: SELECT MAX(time) FROM cryptocurrency.treeusdt;
[2025-08-18T04:21:16.006+0000] {subprocess.py:93} INFO -                               ^
[2025-08-18T04:21:16.006+0000] {subprocess.py:93} INFO - 
[2025-08-18T04:21:16.006+0000] {subprocess.py:93} INFO - 91/100 ATOMUSDT lỗi: relation "cryptocurrency.atomusdt" does not exist
[2025-08-18T04:21:16.006+0000] {subprocess.py:93} INFO - LINE 1: SELECT MAX(time) FROM cryptocurrency.atomusdt;
[2025-08-18T04:21:16.006+0000] {subprocess.py:93} INFO -                               ^
[2025-08-18T04:21:16.007+0000] {subprocess.py:93} INFO - 
[2025-08-18T04:21:16.007+0000] {subprocess.py:93} INFO - ✅ XUSDUSDT: thêm 1 dòng mới
[2025-08-18T04:21:16.007+0000] {subprocess.py:93} INFO - 92/100 XUSDUSDT lưu OK
[2025-08-18T04:21:16.007+0000] {subprocess.py:93} INFO - ✅ ERAUSDT: thêm 1 dòng mới
[2025-08-18T04:21:16.007+0000] {subprocess.py:93} INFO - 93/100 ERAUSDT lưu OK
[2025-08-18T04:21:16.008+0000] {subprocess.py:93} INFO - 94/100 JUPUSDT lỗi: relation "cryptocurrency.jupusdt" does not exist
[2025-08-18T04:21:16.008+0000] {subprocess.py:93} INFO - LINE 1: SELECT MAX(time) FROM cryptocurrency.jupusdt;
[2025-08-18T04:21:16.008+0000] {subprocess.py:93} INFO -                               ^
[2025-08-18T04:21:16.008+0000] {subprocess.py:93} INFO - 
[2025-08-18T04:21:16.092+0000] {subprocess.py:93} INFO - 95/100 HOMEUSDT lỗi: relation "cryptocurrency.homeusdt" does not exist
[2025-08-18T04:21:16.093+0000] {subprocess.py:93} INFO - LINE 1: SELECT MAX(time) FROM cryptocurrency.homeusdt;
[2025-08-18T04:21:16.093+0000] {subprocess.py:93} INFO -                               ^
[2025-08-18T04:21:16.094+0000] {subprocess.py:93} INFO - 
[2025-08-18T04:21:16.094+0000] {subprocess.py:93} INFO - 96/100 HOTUSDT lỗi: relation "cryptocurrency.hotusdt" does not exist
[2025-08-18T04:21:16.094+0000] {subprocess.py:93} INFO - LINE 1: SELECT MAX(time) FROM cryptocurrency.hotusdt;
[2025-08-18T04:21:16.094+0000] {subprocess.py:93} INFO -                               ^
[2025-08-18T04:21:16.095+0000] {subprocess.py:93} INFO - 
[2025-08-18T04:21:16.095+0000] {subprocess.py:93} INFO - 97/100 SAHARAUSDT lỗi: relation "cryptocurrency.saharausdt" does not exist
[2025-08-18T04:21:16.096+0000] {subprocess.py:93} INFO - LINE 1: SELECT MAX(time) FROM cryptocurrency.saharausdt;
[2025-08-18T04:21:16.096+0000] {subprocess.py:93} INFO -                               ^
[2025-08-18T04:21:16.096+0000] {subprocess.py:93} INFO - 
[2025-08-18T04:21:16.097+0000] {subprocess.py:93} INFO - 98/100 ZROUSDT lỗi: relation "cryptocurrency.zrousdt" does not exist
[2025-08-18T04:21:16.097+0000] {subprocess.py:93} INFO - LINE 1: SELECT MAX(time) FROM cryptocurrency.zrousdt;
[2025-08-18T04:21:16.097+0000] {subprocess.py:93} INFO -                               ^
[2025-08-18T04:21:16.097+0000] {subprocess.py:93} INFO - 
[2025-08-18T04:21:16.098+0000] {subprocess.py:93} INFO - 99/100 AIXBTUSDT lỗi: relation "cryptocurrency.aixbtusdt" does not exist
[2025-08-18T04:21:16.098+0000] {subprocess.py:93} INFO - LINE 1: SELECT MAX(time) FROM cryptocurrency.aixbtusdt;
[2025-08-18T04:21:16.098+0000] {subprocess.py:93} INFO -                               ^
[2025-08-18T04:21:16.099+0000] {subprocess.py:93} INFO - 
[2025-08-18T04:21:16.099+0000] {subprocess.py:93} INFO - ✅ SYRUPUSDT: thêm 1 dòng mới
[2025-08-18T04:21:16.099+0000] {subprocess.py:93} INFO - 100/100 SYRUPUSDT lưu OK
[2025-08-18T04:21:16.247+0000] {subprocess.py:97} INFO - Command exited with return code 0
[2025-08-18T04:21:16.248+0000] {taskinstance.py:441} INFO - ::group::Post task execution logs
[2025-08-18T04:21:16.279+0000] {taskinstance.py:1206} INFO - Marking task as SUCCESS. dag_id=crypto_collector_dag, task_id=run_crypto_collector, run_id=scheduled__2025-08-18T04:20:00+00:00, execution_date=20250818T042000, start_date=20250818T042101, end_date=20250818T042116
[2025-08-18T04:21:16.339+0000] {local_task_job_runner.py:240} INFO - Task exited with return code 0
[2025-08-18T04:21:16.362+0000] {taskinstance.py:3498} INFO - 0 downstream tasks scheduled from follow-on schedule check
[2025-08-18T04:21:16.363+0000] {local_task_job_runner.py:222} INFO - ::endgroup::
