[2025-07-28T07:47:01.746+0000] {local_task_job_runner.py:120} INFO - ::group::Pre task execution logs
[2025-07-28T07:47:01.767+0000] {taskinstance.py:2076} INFO - Dependencies all met for dep_context=non-requeueable deps ti=<TaskInstance: streaming_stock_schedule.streaming_stock scheduled__2025-07-28T07:30:00+00:00 [queued]>
[2025-07-28T07:47:01.774+0000] {taskinstance.py:2076} INFO - Dependencies all met for dep_context=requeueable deps ti=<TaskInstance: streaming_stock_schedule.streaming_stock scheduled__2025-07-28T07:30:00+00:00 [queued]>
[2025-07-28T07:47:01.774+0000] {taskinstance.py:2306} INFO - Starting attempt 2 of 2
[2025-07-28T07:47:01.786+0000] {taskinstance.py:2330} INFO - Executing <Task(PythonOperator): streaming_stock> on 2025-07-28 07:30:00+00:00
[2025-07-28T07:47:01.792+0000] {standard_task_runner.py:63} INFO - Started process 3563 to run task
[2025-07-28T07:47:01.797+0000] {standard_task_runner.py:90} INFO - Running: ['***', 'tasks', 'run', 'streaming_stock_schedule', 'streaming_stock', 'scheduled__2025-07-28T07:30:00+00:00', '--job-id', '70', '--raw', '--subdir', 'DAGS_FOLDER/dags_streaming_stock.py', '--cfg-path', '/tmp/tmpayh87faz']
[2025-07-28T07:47:01.799+0000] {standard_task_runner.py:91} INFO - Job 70: Subtask streaming_stock
[2025-07-28T07:47:01.848+0000] {task_command.py:426} INFO - Running <TaskInstance: streaming_stock_schedule.streaming_stock scheduled__2025-07-28T07:30:00+00:00 [running]> on host 85cf6d18c15a
[2025-07-28T07:47:01.931+0000] {taskinstance.py:2648} INFO - Exporting env vars: AIRFLOW_CTX_DAG_OWNER='videv' AIRFLOW_CTX_DAG_ID='streaming_stock_schedule' AIRFLOW_CTX_TASK_ID='streaming_stock' AIRFLOW_CTX_EXECUTION_DATE='2025-07-28T07:30:00+00:00' AIRFLOW_CTX_TRY_NUMBER='2' AIRFLOW_CTX_DAG_RUN_ID='scheduled__2025-07-28T07:30:00+00:00'
[2025-07-28T07:47:01.932+0000] {taskinstance.py:430} INFO - ::endgroup::
[2025-07-28T07:47:02.044+0000] {taskinstance.py:441} INFO - ::group::Post task execution logs
[2025-07-28T07:47:02.044+0000] {taskinstance.py:2905} ERROR - Task failed with exception
Traceback (most recent call last):
  File "/home/airflow/.local/lib/python3.10/site-packages/airflow/models/taskinstance.py", line 465, in _execute_task
    result = _execute_callable(context=context, **execute_callable_kwargs)
  File "/home/airflow/.local/lib/python3.10/site-packages/airflow/models/taskinstance.py", line 432, in _execute_callable
    return execute_callable(context=context, **execute_callable_kwargs)
  File "/home/airflow/.local/lib/python3.10/site-packages/airflow/models/baseoperator.py", line 400, in wrapper
    return func(self, *args, **kwargs)
  File "/home/airflow/.local/lib/python3.10/site-packages/airflow/operators/python.py", line 235, in execute
    return_value = self.execute_callable()
  File "/home/airflow/.local/lib/python3.10/site-packages/airflow/operators/python.py", line 252, in execute_callable
    return self.python_callable(*self.op_args, **self.op_kwargs)
  File "/opt/airflow/dags/dags_streaming_stock.py", line 26, in run_stream
    subprocess.run(['python3', '/opt/airflow/dags/streaming_stock.py'], check=True)
  File "/usr/local/lib/python3.10/subprocess.py", line 526, in run
    raise CalledProcessError(retcode, process.args,
subprocess.CalledProcessError: Command '['python3', '/opt/airflow/dags/streaming_stock.py']' returned non-zero exit status 1.
[2025-07-28T07:47:02.054+0000] {taskinstance.py:1206} INFO - Marking task as FAILED. dag_id=streaming_stock_schedule, task_id=streaming_stock, run_id=scheduled__2025-07-28T07:30:00+00:00, execution_date=20250728T073000, start_date=20250728T074701, end_date=20250728T074702
[2025-07-28T07:47:02.064+0000] {standard_task_runner.py:110} ERROR - Failed to execute job 70 for task streaming_stock (Command '['python3', '/opt/airflow/dags/streaming_stock.py']' returned non-zero exit status 1.; 3563)
[2025-07-28T07:47:02.088+0000] {local_task_job_runner.py:240} INFO - Task exited with return code 1
[2025-07-28T07:47:02.112+0000] {taskinstance.py:3498} INFO - 0 downstream tasks scheduled from follow-on schedule check
[2025-07-28T07:47:02.113+0000] {local_task_job_runner.py:222} INFO - ::endgroup::
