[2025-09-08T06:22:02.361+0000] {local_task_job_runner.py:120} INFO - ::group::Pre task execution logs
[2025-09-08T06:22:02.393+0000] {taskinstance.py:2076} INFO - Dependencies all met for dep_context=non-requeueable deps ti=<TaskInstance: foreign_1_live.save_foreign_1 scheduled__2025-09-08T06:21:00+00:00 [queued]>
[2025-09-08T06:22:02.403+0000] {taskinstance.py:2076} INFO - Dependencies all met for dep_context=requeueable deps ti=<TaskInstance: foreign_1_live.save_foreign_1 scheduled__2025-09-08T06:21:00+00:00 [queued]>
[2025-09-08T06:22:02.404+0000] {taskinstance.py:2306} INFO - Starting attempt 1 of 11
[2025-09-08T06:22:02.420+0000] {taskinstance.py:2330} INFO - Executing <Task(PythonOperator): save_foreign_1> on 2025-09-08 06:21:00+00:00
[2025-09-08T06:22:02.428+0000] {standard_task_runner.py:63} INFO - Started process 329177 to run task
[2025-09-08T06:22:02.433+0000] {standard_task_runner.py:90} INFO - Running: ['***', 'tasks', 'run', 'foreign_1_live', 'save_foreign_1', 'scheduled__2025-09-08T06:21:00+00:00', '--job-id', '159613', '--raw', '--subdir', 'DAGS_FOLDER/dag_foreign_1_live.py', '--cfg-path', '/tmp/tmp5ddiy87g']
[2025-09-08T06:22:02.436+0000] {standard_task_runner.py:91} INFO - Job 159613: Subtask save_foreign_1
[2025-09-08T06:22:02.492+0000] {task_command.py:426} INFO - Running <TaskInstance: foreign_1_live.save_foreign_1 scheduled__2025-09-08T06:21:00+00:00 [running]> on host 8d9cea3aac78
[2025-09-08T06:22:02.621+0000] {taskinstance.py:2648} INFO - Exporting env vars: AIRFLOW_CTX_DAG_OWNER='***' AIRFLOW_CTX_DAG_ID='foreign_1_live' AIRFLOW_CTX_TASK_ID='save_foreign_1' AIRFLOW_CTX_EXECUTION_DATE='2025-09-08T06:21:00+00:00' AIRFLOW_CTX_TRY_NUMBER='1' AIRFLOW_CTX_DAG_RUN_ID='scheduled__2025-09-08T06:21:00+00:00'
[2025-09-08T06:22:02.623+0000] {taskinstance.py:430} INFO - ::endgroup::
[2025-09-08T06:22:02.655+0000] {foreign_1.py:18} INFO - Kết nối DB
[2025-09-08T06:22:03.054+0000] {foreign_1.py:28} INFO - Đã lưu foreign_ALL
[2025-09-08T06:22:03.055+0000] {foreign_1.py:18} INFO - Kết nối DB
[2025-09-08T06:22:03.643+0000] {foreign_1.py:28} INFO - Đã lưu foreign_HOSE
[2025-09-08T06:22:03.644+0000] {foreign_1.py:18} INFO - Kết nối DB
[2025-09-08T06:22:04.041+0000] {foreign_1.py:28} INFO - Đã lưu foreign_HNX
[2025-09-08T06:22:04.042+0000] {foreign_1.py:18} INFO - Kết nối DB
[2025-09-08T06:22:04.564+0000] {foreign_1.py:28} INFO - Đã lưu foreign_UPCOM
[2025-09-08T06:22:04.565+0000] {python.py:237} INFO - Done. Returned value was: None
[2025-09-08T06:22:04.566+0000] {taskinstance.py:441} INFO - ::group::Post task execution logs
[2025-09-08T06:22:04.578+0000] {taskinstance.py:1206} INFO - Marking task as SUCCESS. dag_id=foreign_1_live, task_id=save_foreign_1, run_id=scheduled__2025-09-08T06:21:00+00:00, execution_date=20250908T062100, start_date=20250908T062202, end_date=20250908T062204
[2025-09-08T06:22:04.611+0000] {local_task_job_runner.py:240} INFO - Task exited with return code 0
[2025-09-08T06:22:04.665+0000] {taskinstance.py:3503} INFO - 4 downstream tasks scheduled from follow-on schedule check
[2025-09-08T06:22:04.667+0000] {local_task_job_runner.py:222} INFO - ::endgroup::
