[2025-08-19T02:02:01.247+0000] {local_task_job_runner.py:120} INFO - ::group::Pre task execution logs
[2025-08-19T02:02:01.274+0000] {taskinstance.py:2076} INFO - Dependencies all met for dep_context=non-requeueable deps ti=<TaskInstance: update_stock_history.run_get_py scheduled__2025-08-19T02:01:00+00:00 [queued]>
[2025-08-19T02:02:01.284+0000] {taskinstance.py:2076} INFO - Dependencies all met for dep_context=requeueable deps ti=<TaskInstance: update_stock_history.run_get_py scheduled__2025-08-19T02:01:00+00:00 [queued]>
[2025-08-19T02:02:01.284+0000] {taskinstance.py:2306} INFO - Starting attempt 1 of 2
[2025-08-19T02:02:01.297+0000] {taskinstance.py:2330} INFO - Executing <Task(BashOperator): run_get_py> on 2025-08-19 02:01:00+00:00
[2025-08-19T02:02:01.303+0000] {standard_task_runner.py:63} INFO - Started process 224223 to run task
[2025-08-19T02:02:01.306+0000] {standard_task_runner.py:90} INFO - Running: ['***', 'tasks', 'run', 'update_stock_history', 'run_get_py', 'scheduled__2025-08-19T02:01:00+00:00', '--job-id', '10051', '--raw', '--subdir', 'DAGS_FOLDER/crawlchart/dags.py', '--cfg-path', '/tmp/tmpf22e7gyr']
[2025-08-19T02:02:01.308+0000] {standard_task_runner.py:91} INFO - Job 10051: Subtask run_get_py
[2025-08-19T02:02:01.363+0000] {task_command.py:426} INFO - Running <TaskInstance: update_stock_history.run_get_py scheduled__2025-08-19T02:01:00+00:00 [running]> on host 1877907bc043
[2025-08-19T02:02:01.460+0000] {taskinstance.py:2648} INFO - Exporting env vars: AIRFLOW_CTX_DAG_OWNER='***' AIRFLOW_CTX_DAG_ID='update_stock_history' AIRFLOW_CTX_TASK_ID='run_get_py' AIRFLOW_CTX_EXECUTION_DATE='2025-08-19T02:01:00+00:00' AIRFLOW_CTX_TRY_NUMBER='1' AIRFLOW_CTX_DAG_RUN_ID='scheduled__2025-08-19T02:01:00+00:00'
[2025-08-19T02:02:01.461+0000] {taskinstance.py:430} INFO - ::endgroup::
[2025-08-19T02:02:01.474+0000] {subprocess.py:63} INFO - Tmp dir root location: /tmp
[2025-08-19T02:02:01.475+0000] {subprocess.py:75} INFO - Running command: ['/usr/bin/bash', '-c', 'python3 /opt/***/dags/crawlchart/get.py']
[2025-08-19T02:02:01.486+0000] {subprocess.py:86} INFO - Output:
[2025-08-19T02:17:58.200+0000] {subprocess.py:93} INFO - 🚀 Bắt đầu cập nhật dữ liệu...
[2025-08-19T02:17:58.201+0000] {subprocess.py:93} INFO - 
[2025-08-19T02:17:58.201+0000] {subprocess.py:93} INFO - 📋 Kết quả cập nhật:
[2025-08-19T02:17:58.202+0000] {subprocess.py:93} INFO - ✅ Đã lưu HNX Large Cap Index vào bảng HNX Large Cap Index
[2025-08-19T02:17:58.202+0000] {subprocess.py:93} INFO - ✅ Đã lưu HNX30 vào bảng HNX30
[2025-08-19T02:17:58.202+0000] {subprocess.py:93} INFO - ✅ Đã lưu HNXIndex vào bảng HNXIndex
[2025-08-19T02:17:58.202+0000] {subprocess.py:93} INFO - ✅ Đã lưu HNX Construction Index vào bảng HNX Construction Index
[2025-08-19T02:17:58.203+0000] {subprocess.py:93} INFO - ❌ Lỗi khi xử lý HNX Manufacturing Index: HTTPSConnectionPool(host='trading.vietcap.com.vn', port=443): Max retries exceeded with url: /api/chart/OHLCChart/gap-chart (Caused by ConnectTimeoutError(<urllib3.connection.HTTPSConnection object at 0x7f34d4204880>, 'Connection to trading.vietcap.com.vn timed out. (connect timeout=None)'))
[2025-08-19T02:17:58.203+0000] {subprocess.py:93} INFO - ❌ Lỗi khi xử lý HNX Financials Index: HTTPSConnectionPool(host='trading.vietcap.com.vn', port=443): Max retries exceeded with url: /api/chart/OHLCChart/gap-chart (Caused by ConnectTimeoutError(<urllib3.connection.HTTPSConnection object at 0x7f34d4204a30>, 'Connection to trading.vietcap.com.vn timed out. (connect timeout=None)'))
[2025-08-19T02:17:58.203+0000] {subprocess.py:93} INFO - ❌ Lỗi khi xử lý HNX Mid/Small Cap Index: HTTPSConnectionPool(host='trading.vietcap.com.vn', port=443): Max retries exceeded with url: /api/chart/OHLCChart/gap-chart (Caused by ConnectTimeoutError(<urllib3.connection.HTTPSConnection object at 0x7f34d4204d60>, 'Connection to trading.vietcap.com.vn timed out. (connect timeout=None)'))
[2025-08-19T02:17:58.204+0000] {subprocess.py:93} INFO - ✅ Đã lưu UPCOM Large Index vào bảng UPCOM Large Index
[2025-08-19T02:17:58.204+0000] {subprocess.py:93} INFO - ✅ Đã lưu VN30 vào bảng VN30
[2025-08-19T02:17:58.204+0000] {subprocess.py:93} INFO - ❌ Lỗi khi xử lý HNXUpcomIndex: HTTPSConnectionPool(host='trading.vietcap.com.vn', port=443): Max retries exceeded with url: /api/chart/OHLCChart/gap-chart (Caused by ConnectTimeoutError(<urllib3.connection.HTTPSConnection object at 0x7f34d41d8460>, 'Connection to trading.vietcap.com.vn timed out. (connect timeout=None)'))
[2025-08-19T02:17:58.204+0000] {subprocess.py:93} INFO - ✅ Đã lưu VNALLSHARE vào bảng VNALLSHARE
[2025-08-19T02:17:58.205+0000] {subprocess.py:93} INFO - ✅ Đã lưu VNCONS vào bảng VNCONS
[2025-08-19T02:17:58.205+0000] {subprocess.py:93} INFO - ❌ Lỗi khi xử lý UPCOM Medium Index: HTTPSConnectionPool(host='trading.vietcap.com.vn', port=443): Max retries exceeded with url: /api/chart/OHLCChart/gap-chart (Caused by ConnectTimeoutError(<urllib3.connection.HTTPSConnection object at 0x7f34d41cd900>, 'Connection to trading.vietcap.com.vn timed out. (connect timeout=None)'))
[2025-08-19T02:17:58.205+0000] {subprocess.py:93} INFO - ❌ Lỗi khi xử lý UPCOM Small Index: HTTPSConnectionPool(host='trading.vietcap.com.vn', port=443): Max retries exceeded with url: /api/chart/OHLCChart/gap-chart (Caused by ConnectTimeoutError(<urllib3.connection.HTTPSConnection object at 0x7f34d41cf1f0>, 'Connection to trading.vietcap.com.vn timed out. (connect timeout=None)'))
[2025-08-19T02:17:58.205+0000] {subprocess.py:93} INFO - ❌ Lỗi khi xử lý VN100: HTTPSConnectionPool(host='trading.vietcap.com.vn', port=443): Max retries exceeded with url: /api/chart/OHLCChart/gap-chart (Caused by ConnectTimeoutError(<urllib3.connection.HTTPSConnection object at 0x7f34d41cf3d0>, 'Connection to trading.vietcap.com.vn timed out. (connect timeout=None)'))
[2025-08-19T02:17:58.206+0000] {subprocess.py:93} INFO - ✅ Đã lưu VNDIAMOND vào bảng VNDIAMOND
[2025-08-19T02:17:58.206+0000] {subprocess.py:93} INFO - ✅ Đã lưu VNFINLEAD vào bảng VNFINLEAD
[2025-08-19T02:17:58.206+0000] {subprocess.py:93} INFO - ✅ Đã lưu VNHEAL vào bảng VNHEAL
[2025-08-19T02:17:58.206+0000] {subprocess.py:93} INFO - ✅ Đã lưu VNIND vào bảng VNIND
[2025-08-19T02:17:58.206+0000] {subprocess.py:93} INFO - ⚠️ Không có dữ liệu cho VNINDEXVNIT
[2025-08-19T02:17:58.207+0000] {subprocess.py:93} INFO - ✅ Đã lưu VNMAT vào bảng VNMAT
[2025-08-19T02:17:58.207+0000] {subprocess.py:93} INFO - ✅ Đã lưu VNFINSELECT vào bảng VNFINSELECT
[2025-08-19T02:17:58.207+0000] {subprocess.py:93} INFO - ✅ Đã lưu VNMIDCAP vào bảng VNMIDCAP
[2025-08-19T02:17:58.207+0000] {subprocess.py:93} INFO - ❌ Lỗi khi xử lý VNCOND: HTTPSConnectionPool(host='trading.vietcap.com.vn', port=443): Max retries exceeded with url: /api/chart/OHLCChart/gap-chart (Caused by ConnectTimeoutError(<urllib3.connection.HTTPSConnection object at 0x7f34d40a2fe0>, 'Connection to trading.vietcap.com.vn timed out. (connect timeout=None)'))
[2025-08-19T02:17:58.208+0000] {subprocess.py:93} INFO - ✅ Đã lưu VNFIN vào bảng VNFIN
[2025-08-19T02:17:58.208+0000] {subprocess.py:93} INFO - ❌ Lỗi khi xử lý VNENE: HTTPSConnectionPool(host='trading.vietcap.com.vn', port=443): Max retries exceeded with url: /api/chart/OHLCChart/gap-chart (Caused by ConnectTimeoutError(<urllib3.connection.HTTPSConnection object at 0x7f34d4196e60>, 'Connection to trading.vietcap.com.vn timed out. (connect timeout=None)'))
[2025-08-19T02:17:58.208+0000] {subprocess.py:93} INFO - ✅ Đã lưu VNUTI vào bảng VNUTI
[2025-08-19T02:17:58.208+0000] {subprocess.py:93} INFO - ✅ Đã lưu VNSMALLCAP vào bảng VNSMALLCAP
[2025-08-19T02:17:58.209+0000] {subprocess.py:93} INFO - ❌ Lỗi khi xử lý VNREAL: HTTPSConnectionPool(host='trading.vietcap.com.vn', port=443): Max retries exceeded with url: /api/chart/OHLCChart/gap-chart (Caused by ConnectTimeoutError(<urllib3.connection.HTTPSConnection object at 0x7f34cf3a7880>, 'Connection to trading.vietcap.com.vn timed out. (connect timeout=None)'))
[2025-08-19T02:17:58.209+0000] {subprocess.py:93} INFO - ✅ Đã lưu VNX50 vào bảng VNX50
[2025-08-19T02:17:58.209+0000] {subprocess.py:93} INFO - ❌ Lỗi khi xử lý VNSI: (psycopg2.OperationalError) connection to server at "videv.cloud" (27.74.74.29), port 5432 failed: Connection timed out
[2025-08-19T02:17:58.209+0000] {subprocess.py:93} INFO - 	Is the server running on that host and accepting TCP/IP connections?
[2025-08-19T02:17:58.210+0000] {subprocess.py:93} INFO - 
[2025-08-19T02:17:58.210+0000] {subprocess.py:93} INFO - (Background on this error at: https://sqlalche.me/e/14/e3q8)
[2025-08-19T02:17:58.210+0000] {subprocess.py:93} INFO - ✅ Đã hoàn tất cập nhật dữ liệu vào cơ sở dữ liệu.
[2025-08-19T02:17:58.307+0000] {subprocess.py:97} INFO - Command exited with return code 0
[2025-08-19T02:17:58.309+0000] {taskinstance.py:441} INFO - ::group::Post task execution logs
[2025-08-19T02:17:58.340+0000] {taskinstance.py:1206} INFO - Marking task as SUCCESS. dag_id=update_stock_history, task_id=run_get_py, run_id=scheduled__2025-08-19T02:01:00+00:00, execution_date=20250819T020100, start_date=20250819T020201, end_date=20250819T021758
[2025-08-19T02:17:58.392+0000] {local_task_job_runner.py:240} INFO - Task exited with return code 0
[2025-08-19T02:17:58.415+0000] {taskinstance.py:3498} INFO - 0 downstream tasks scheduled from follow-on schedule check
[2025-08-19T02:17:58.416+0000] {local_task_job_runner.py:222} INFO - ::endgroup::
