[2025-09-08T04:48:01.901+0000] {local_task_job_runner.py:120} INFO - ::group::Pre task execution logs
[2025-09-08T04:48:02.190+0000] {taskinstance.py:2076} INFO - Dependencies all met for dep_context=non-requeueable deps ti=<TaskInstance: liquidity.save_liquidity scheduled__2025-09-08T04:47:00+00:00 [queued]>
[2025-09-08T04:48:02.200+0000] {taskinstance.py:2076} INFO - Dependencies all met for dep_context=requeueable deps ti=<TaskInstance: liquidity.save_liquidity scheduled__2025-09-08T04:47:00+00:00 [queued]>
[2025-09-08T04:48:02.200+0000] {taskinstance.py:2306} INFO - Starting attempt 1 of 11
[2025-09-08T04:48:02.222+0000] {taskinstance.py:2330} INFO - Executing <Task(PythonOperator): save_liquidity> on 2025-09-08 04:47:00+00:00
[2025-09-08T04:48:02.232+0000] {standard_task_runner.py:63} INFO - Started process 317118 to run task
[2025-09-08T04:48:02.237+0000] {standard_task_runner.py:90} INFO - Running: ['***', 'tasks', 'run', 'liquidity', 'save_liquidity', 'scheduled__2025-09-08T04:47:00+00:00', '--job-id', '158273', '--raw', '--subdir', 'DAGS_FOLDER/dag_liquidity.py', '--cfg-path', '/tmp/tmpyb2zfcne']
[2025-09-08T04:48:02.240+0000] {standard_task_runner.py:91} INFO - Job 158273: Subtask save_liquidity
[2025-09-08T04:48:02.299+0000] {task_command.py:426} INFO - Running <TaskInstance: liquidity.save_liquidity scheduled__2025-09-08T04:47:00+00:00 [running]> on host 8d9cea3aac78
[2025-09-08T04:48:02.427+0000] {taskinstance.py:2648} INFO - Exporting env vars: AIRFLOW_CTX_DAG_OWNER='***' AIRFLOW_CTX_DAG_ID='liquidity' AIRFLOW_CTX_TASK_ID='save_liquidity' AIRFLOW_CTX_EXECUTION_DATE='2025-09-08T04:47:00+00:00' AIRFLOW_CTX_TRY_NUMBER='1' AIRFLOW_CTX_DAG_RUN_ID='scheduled__2025-09-08T04:47:00+00:00'
[2025-09-08T04:48:02.429+0000] {taskinstance.py:430} INFO - ::endgroup::
[2025-09-08T04:48:02.726+0000] {liquidity.py:93} INFO - Đã lưu liquidity_ALL
[2025-09-08T04:48:02.952+0000] {liquidity.py:93} INFO - Đã lưu liquidity_HOSE
[2025-09-08T04:48:03.299+0000] {liquidity.py:93} INFO - Đã lưu liquidity_HNX
[2025-09-08T04:48:03.585+0000] {liquidity.py:93} INFO - Đã lưu liquidity_UPCOM
[2025-09-08T04:48:03.586+0000] {python.py:237} INFO - Done. Returned value was: None
[2025-09-08T04:48:03.587+0000] {taskinstance.py:441} INFO - ::group::Post task execution logs
[2025-09-08T04:48:03.601+0000] {taskinstance.py:1206} INFO - Marking task as SUCCESS. dag_id=liquidity, task_id=save_liquidity, run_id=scheduled__2025-09-08T04:47:00+00:00, execution_date=20250908T044700, start_date=20250908T044802, end_date=20250908T044803
[2025-09-08T04:48:03.733+0000] {local_task_job_runner.py:240} INFO - Task exited with return code 0
[2025-09-08T04:48:03.763+0000] {taskinstance.py:3503} INFO - 0 downstream tasks scheduled from follow-on schedule check
[2025-09-08T04:48:03.764+0000] {local_task_job_runner.py:222} INFO - ::endgroup::
