[2025-09-01T06:47:02.175+0000] {local_task_job_runner.py:120} INFO - ::group::Pre task execution logs
[2025-09-01T06:47:02.241+0000] {taskinstance.py:2076} INFO - Dependencies all met for dep_context=non-requeueable deps ti=<TaskInstance: update_stock_history.run_get_py scheduled__2025-09-01T06:46:00+00:00 [queued]>
[2025-09-01T06:47:02.260+0000] {taskinstance.py:2076} INFO - Dependencies all met for dep_context=requeueable deps ti=<TaskInstance: update_stock_history.run_get_py scheduled__2025-09-01T06:46:00+00:00 [queued]>
[2025-09-01T06:47:02.261+0000] {taskinstance.py:2306} INFO - Starting attempt 1 of 2
[2025-09-01T06:47:02.286+0000] {taskinstance.py:2330} INFO - Executing <Task(BashOperator): run_get_py> on 2025-09-01 06:46:00+00:00
[2025-09-01T06:47:02.294+0000] {standard_task_runner.py:63} INFO - Started process 2273366 to run task
[2025-09-01T06:47:02.305+0000] {standard_task_runner.py:90} INFO - Running: ['***', 'tasks', 'run', 'update_stock_history', 'run_get_py', 'scheduled__2025-09-01T06:46:00+00:00', '--job-id', '38531', '--raw', '--subdir', 'DAGS_FOLDER/crawlchart/dags.py', '--cfg-path', '/tmp/tmp04hwja4f']
[2025-09-01T06:47:02.309+0000] {standard_task_runner.py:91} INFO - Job 38531: Subtask run_get_py
[2025-09-01T06:47:02.422+0000] {task_command.py:426} INFO - Running <TaskInstance: update_stock_history.run_get_py scheduled__2025-09-01T06:46:00+00:00 [running]> on host 1877907bc043
[2025-09-01T06:47:02.565+0000] {taskinstance.py:2648} INFO - Exporting env vars: AIRFLOW_CTX_DAG_OWNER='***' AIRFLOW_CTX_DAG_ID='update_stock_history' AIRFLOW_CTX_TASK_ID='run_get_py' AIRFLOW_CTX_EXECUTION_DATE='2025-09-01T06:46:00+00:00' AIRFLOW_CTX_TRY_NUMBER='1' AIRFLOW_CTX_DAG_RUN_ID='scheduled__2025-09-01T06:46:00+00:00'
[2025-09-01T06:47:02.567+0000] {taskinstance.py:430} INFO - ::endgroup::
[2025-09-01T06:47:02.595+0000] {subprocess.py:63} INFO - Tmp dir root location: /tmp
[2025-09-01T06:47:02.596+0000] {subprocess.py:75} INFO - Running command: ['/usr/bin/bash', '-c', 'python3 /opt/***/dags/crawlchart/get.py']
[2025-09-01T06:47:02.617+0000] {subprocess.py:86} INFO - Output:
[2025-09-01T06:48:06.708+0000] {subprocess.py:93} INFO - 🚀 Bắt đầu cập nhật dữ liệu...
[2025-09-01T06:48:06.709+0000] {subprocess.py:93} INFO - 
[2025-09-01T06:48:06.710+0000] {subprocess.py:93} INFO - 📋 Kết quả cập nhật:
[2025-09-01T06:48:06.710+0000] {subprocess.py:93} INFO - ⚠️ Không có dữ liệu cho UPCOM Small Index
[2025-09-01T06:48:06.710+0000] {subprocess.py:93} INFO - ✅ Đã lưu VNDIAMOND vào bảng VNDIAMOND
[2025-09-01T06:48:06.711+0000] {subprocess.py:93} INFO - ✅ Đã lưu VNFINLEAD vào bảng VNFINLEAD
[2025-09-01T06:48:06.711+0000] {subprocess.py:93} INFO - ✅ Đã lưu VNFINSELECT vào bảng VNFINSELECT
[2025-09-01T06:48:06.712+0000] {subprocess.py:93} INFO - ✅ Đã lưu HNX Financials Index vào bảng HNX Financials Index
[2025-09-01T06:48:06.712+0000] {subprocess.py:93} INFO - ✅ Đã lưu HNXIndex vào bảng HNXIndex
[2025-09-01T06:48:06.712+0000] {subprocess.py:93} INFO - ✅ Đã lưu VNCONS vào bảng VNCONS
[2025-09-01T06:48:06.713+0000] {subprocess.py:93} INFO - ✅ Đã lưu UPCOM Medium Index vào bảng UPCOM Medium Index
[2025-09-01T06:48:06.713+0000] {subprocess.py:93} INFO - ✅ Đã lưu HNX Mid/Small Cap Index vào bảng HNX Mid/Small Cap Index
[2025-09-01T06:48:06.714+0000] {subprocess.py:93} INFO - ✅ Đã lưu HNX30 vào bảng HNX30
[2025-09-01T06:48:06.714+0000] {subprocess.py:93} INFO - ✅ Đã lưu VNCOND vào bảng VNCOND
[2025-09-01T06:48:06.714+0000] {subprocess.py:93} INFO - ✅ Đã lưu HNXUpcomIndex vào bảng UpcomIndex
[2025-09-01T06:48:06.715+0000] {subprocess.py:93} INFO - ✅ Đã lưu VNALLSHARE vào bảng VNALLSHARE
[2025-09-01T06:48:06.715+0000] {subprocess.py:93} INFO - ✅ Đã lưu HNX Construction Index vào bảng HNX Construction Index
[2025-09-01T06:48:06.715+0000] {subprocess.py:93} INFO - ✅ Đã lưu VNFIN vào bảng VNFIN
[2025-09-01T06:48:06.716+0000] {subprocess.py:93} INFO - ✅ Đã lưu UPCOM Large Index vào bảng UPCOM Large Index
[2025-09-01T06:48:06.716+0000] {subprocess.py:93} INFO - ✅ Đã lưu HNX Manufacturing Index vào bảng HNX Manufacturing Index
[2025-09-01T06:48:06.717+0000] {subprocess.py:93} INFO - ✅ Đã lưu VNENE vào bảng VNENE
[2025-09-01T06:48:06.717+0000] {subprocess.py:93} INFO - ✅ Đã lưu VN100 vào bảng VN100
[2025-09-01T06:48:06.717+0000] {subprocess.py:93} INFO - ✅ Đã lưu HNX Large Cap Index vào bảng HNX Large Cap Index
[2025-09-01T06:48:06.718+0000] {subprocess.py:93} INFO - ✅ Đã lưu VN30 vào bảng VN30
[2025-09-01T06:48:06.718+0000] {subprocess.py:93} INFO - ✅ Đã lưu VNHEAL vào bảng VNHEAL
[2025-09-01T06:48:06.719+0000] {subprocess.py:93} INFO - ✅ Đã lưu VNIND vào bảng VNIND
[2025-09-01T06:48:06.719+0000] {subprocess.py:93} INFO - ✅ Đã lưu VNINDEX vào bảng VNINDEX
[2025-09-01T06:48:06.719+0000] {subprocess.py:93} INFO - ✅ Đã lưu VNX50 vào bảng VNX50
[2025-09-01T06:48:06.720+0000] {subprocess.py:93} INFO - ✅ Đã lưu VNIT vào bảng VNIT
[2025-09-01T06:48:06.720+0000] {subprocess.py:93} INFO - ✅ Đã lưu VNMAT vào bảng VNMAT
[2025-09-01T06:48:06.721+0000] {subprocess.py:93} INFO - ✅ Đã lưu VNMIDCAP vào bảng VNMIDCAP
[2025-09-01T06:48:06.721+0000] {subprocess.py:93} INFO - ✅ Đã lưu VNSMALLCAP vào bảng VNSMALLCAP
[2025-09-01T06:48:06.721+0000] {subprocess.py:93} INFO - ✅ Đã lưu VNSI vào bảng VNSI
[2025-09-01T06:48:06.722+0000] {subprocess.py:93} INFO - ✅ Đã lưu VNREAL vào bảng VNREAL
[2025-09-01T06:48:06.722+0000] {subprocess.py:93} INFO - ✅ Đã lưu VNUTI vào bảng VNUTI
[2025-09-01T06:48:06.722+0000] {subprocess.py:93} INFO - ✅ Đã hoàn tất cập nhật dữ liệu vào cơ sở dữ liệu.
[2025-09-01T06:48:06.911+0000] {subprocess.py:97} INFO - Command exited with return code 0
[2025-09-01T06:48:06.912+0000] {taskinstance.py:441} INFO - ::group::Post task execution logs
[2025-09-01T06:48:06.944+0000] {taskinstance.py:1206} INFO - Marking task as SUCCESS. dag_id=update_stock_history, task_id=run_get_py, run_id=scheduled__2025-09-01T06:46:00+00:00, execution_date=20250901T064600, start_date=20250901T064702, end_date=20250901T064806
[2025-09-01T06:48:07.002+0000] {local_task_job_runner.py:240} INFO - Task exited with return code 0
[2025-09-01T06:48:07.024+0000] {taskinstance.py:3498} INFO - 0 downstream tasks scheduled from follow-on schedule check
[2025-09-01T06:48:07.025+0000] {local_task_job_runner.py:222} INFO - ::endgroup::
