[2025-09-01T10:26:28.692+0000] {local_task_job_runner.py:120} INFO - ::group::Pre task execution logs
[2025-09-01T10:26:28.720+0000] {taskinstance.py:2076} INFO - Dependencies all met for dep_context=non-requeueable deps ti=<TaskInstance: market_table_foreign.foreign_UPCOM scheduled__2025-08-31T17:24:00+00:00 [queued]>
[2025-09-01T10:26:28.729+0000] {taskinstance.py:2076} INFO - Dependencies all met for dep_context=requeueable deps ti=<TaskInstance: market_table_foreign.foreign_UPCOM scheduled__2025-08-31T17:24:00+00:00 [queued]>
[2025-09-01T10:26:28.730+0000] {taskinstance.py:2306} INFO - Starting attempt 1 of 11
[2025-09-01T10:26:28.744+0000] {taskinstance.py:2330} INFO - Executing <Task(PythonOperator): foreign_UPCOM> on 2025-08-31 17:24:00+00:00
[2025-09-01T10:26:28.752+0000] {standard_task_runner.py:63} INFO - Started process 2318359 to run task
[2025-09-01T10:26:28.756+0000] {standard_task_runner.py:90} INFO - Running: ['***', 'tasks', 'run', 'market_table_foreign', 'foreign_UPCOM', 'scheduled__2025-08-31T17:24:00+00:00', '--job-id', '42247', '--raw', '--subdir', 'DAGS_FOLDER/dag_market_live.py', '--cfg-path', '/tmp/tmpgji9femt']
[2025-09-01T10:26:28.759+0000] {standard_task_runner.py:91} INFO - Job 42247: Subtask foreign_UPCOM
[2025-09-01T10:26:28.810+0000] {task_command.py:426} INFO - Running <TaskInstance: market_table_foreign.foreign_UPCOM scheduled__2025-08-31T17:24:00+00:00 [running]> on host 1877907bc043
[2025-09-01T10:26:28.901+0000] {taskinstance.py:2648} INFO - Exporting env vars: AIRFLOW_CTX_DAG_OWNER='***' AIRFLOW_CTX_DAG_ID='market_table_foreign' AIRFLOW_CTX_TASK_ID='foreign_UPCOM' AIRFLOW_CTX_EXECUTION_DATE='2025-08-31T17:24:00+00:00' AIRFLOW_CTX_TRY_NUMBER='1' AIRFLOW_CTX_DAG_RUN_ID='scheduled__2025-08-31T17:24:00+00:00'
[2025-09-01T10:26:28.903+0000] {taskinstance.py:430} INFO - ::endgroup::
[2025-09-01T10:26:28.916+0000] {foreign_UPCOM.py:17} INFO - Kết nối DB
[2025-09-01T10:26:29.329+0000] {foreign_UPCOM.py:42} INFO - Đã lưu foreign_UPCOM
[2025-09-01T10:26:29.330+0000] {python.py:237} INFO - Done. Returned value was: None
[2025-09-01T10:26:29.330+0000] {taskinstance.py:441} INFO - ::group::Post task execution logs
[2025-09-01T10:26:29.342+0000] {taskinstance.py:1206} INFO - Marking task as SUCCESS. dag_id=market_table_foreign, task_id=foreign_UPCOM, run_id=scheduled__2025-08-31T17:24:00+00:00, execution_date=20250831T172400, start_date=20250901T102628, end_date=20250901T102629
[2025-09-01T10:26:29.369+0000] {local_task_job_runner.py:240} INFO - Task exited with return code 0
[2025-09-01T10:26:29.396+0000] {taskinstance.py:3498} INFO - 0 downstream tasks scheduled from follow-on schedule check
[2025-09-01T10:26:29.397+0000] {local_task_job_runner.py:222} INFO - ::endgroup::
[2025-09-01T10:27:35.051+0000] {local_task_job_runner.py:120} INFO - ::group::Pre task execution logs
[2025-09-01T10:27:35.076+0000] {taskinstance.py:2076} INFO - Dependencies all met for dep_context=non-requeueable deps ti=<TaskInstance: market_table_foreign.foreign_UPCOM scheduled__2025-08-31T17:24:00+00:00 [queued]>
[2025-09-01T10:27:35.084+0000] {taskinstance.py:2076} INFO - Dependencies all met for dep_context=requeueable deps ti=<TaskInstance: market_table_foreign.foreign_UPCOM scheduled__2025-08-31T17:24:00+00:00 [queued]>
[2025-09-01T10:27:35.085+0000] {taskinstance.py:2306} INFO - Starting attempt 1 of 11
[2025-09-01T10:27:35.096+0000] {taskinstance.py:2330} INFO - Executing <Task(PythonOperator): foreign_UPCOM> on 2025-08-31 17:24:00+00:00
[2025-09-01T10:27:35.103+0000] {standard_task_runner.py:63} INFO - Started process 2319155 to run task
[2025-09-01T10:27:35.107+0000] {standard_task_runner.py:90} INFO - Running: ['***', 'tasks', 'run', 'market_table_foreign', 'foreign_UPCOM', 'scheduled__2025-08-31T17:24:00+00:00', '--job-id', '42490', '--raw', '--subdir', 'DAGS_FOLDER/dag_market_live.py', '--cfg-path', '/tmp/tmpo4tqk2s7']
[2025-09-01T10:27:35.110+0000] {standard_task_runner.py:91} INFO - Job 42490: Subtask foreign_UPCOM
[2025-09-01T10:27:35.163+0000] {task_command.py:426} INFO - Running <TaskInstance: market_table_foreign.foreign_UPCOM scheduled__2025-08-31T17:24:00+00:00 [running]> on host 1877907bc043
[2025-09-01T10:27:35.255+0000] {taskinstance.py:2648} INFO - Exporting env vars: AIRFLOW_CTX_DAG_OWNER='***' AIRFLOW_CTX_DAG_ID='market_table_foreign' AIRFLOW_CTX_TASK_ID='foreign_UPCOM' AIRFLOW_CTX_EXECUTION_DATE='2025-08-31T17:24:00+00:00' AIRFLOW_CTX_TRY_NUMBER='1' AIRFLOW_CTX_DAG_RUN_ID='scheduled__2025-08-31T17:24:00+00:00'
[2025-09-01T10:27:35.256+0000] {taskinstance.py:430} INFO - ::endgroup::
[2025-09-01T10:27:35.271+0000] {foreign_UPCOM.py:17} INFO - Kết nối DB
[2025-09-01T10:27:35.657+0000] {foreign_UPCOM.py:42} INFO - Đã lưu foreign_UPCOM
[2025-09-01T10:27:35.658+0000] {python.py:237} INFO - Done. Returned value was: None
[2025-09-01T10:27:35.659+0000] {taskinstance.py:441} INFO - ::group::Post task execution logs
[2025-09-01T10:27:35.674+0000] {taskinstance.py:1206} INFO - Marking task as SUCCESS. dag_id=market_table_foreign, task_id=foreign_UPCOM, run_id=scheduled__2025-08-31T17:24:00+00:00, execution_date=20250831T172400, start_date=20250901T102735, end_date=20250901T102735
[2025-09-01T10:27:35.720+0000] {local_task_job_runner.py:240} INFO - Task exited with return code 0
[2025-09-01T10:27:35.737+0000] {local_task_job_runner.py:222} INFO - ::endgroup::
