[2025-08-18T12:02:21.700+0000] {local_task_job_runner.py:120} INFO - ::group::Pre task execution logs
[2025-08-18T12:02:21.727+0000] {taskinstance.py:2076} INFO - Dependencies all met for dep_context=non-requeueable deps ti=<TaskInstance: crypto_collector_dag.run_crypto_collector scheduled__2025-08-18T12:01:00+00:00 [queued]>
[2025-08-18T12:02:21.737+0000] {taskinstance.py:2076} INFO - Dependencies all met for dep_context=requeueable deps ti=<TaskInstance: crypto_collector_dag.run_crypto_collector scheduled__2025-08-18T12:01:00+00:00 [queued]>
[2025-08-18T12:02:21.737+0000] {taskinstance.py:2306} INFO - Starting attempt 1 of 2
[2025-08-18T12:02:21.750+0000] {taskinstance.py:2330} INFO - Executing <Task(BashOperator): run_crypto_collector> on 2025-08-18 12:01:00+00:00
[2025-08-18T12:02:21.757+0000] {standard_task_runner.py:63} INFO - Started process 169141 to run task
[2025-08-18T12:02:21.763+0000] {standard_task_runner.py:90} INFO - Running: ['***', 'tasks', 'run', 'crypto_collector_dag', 'run_crypto_collector', 'scheduled__2025-08-18T12:01:00+00:00', '--job-id', '9467', '--raw', '--subdir', 'DAGS_FOLDER/crawl_crypto/dags_crypto.py', '--cfg-path', '/tmp/tmpz3p0j7h2']
[2025-08-18T12:02:21.765+0000] {standard_task_runner.py:91} INFO - Job 9467: Subtask run_crypto_collector
[2025-08-18T12:02:21.827+0000] {task_command.py:426} INFO - Running <TaskInstance: crypto_collector_dag.run_crypto_collector scheduled__2025-08-18T12:01:00+00:00 [running]> on host 1877907bc043
[2025-08-18T12:02:21.938+0000] {taskinstance.py:2648} INFO - Exporting env vars: AIRFLOW_CTX_DAG_OWNER='***' AIRFLOW_CTX_DAG_ID='crypto_collector_dag' AIRFLOW_CTX_TASK_ID='run_crypto_collector' AIRFLOW_CTX_EXECUTION_DATE='2025-08-18T12:01:00+00:00' AIRFLOW_CTX_TRY_NUMBER='1' AIRFLOW_CTX_DAG_RUN_ID='scheduled__2025-08-18T12:01:00+00:00'
[2025-08-18T12:02:21.938+0000] {taskinstance.py:430} INFO - ::endgroup::
[2025-08-18T12:02:21.954+0000] {subprocess.py:63} INFO - Tmp dir root location: /tmp
[2025-08-18T12:02:21.954+0000] {subprocess.py:75} INFO - Running command: ['/usr/bin/bash', '-c', 'python3 /opt/***/dags/crawl_crypto/crawl_data_crypto.py']
[2025-08-18T12:02:21.967+0000] {subprocess.py:86} INFO - Output:
[2025-08-18T12:02:59.795+0000] {subprocess.py:93} INFO - 🔹 Kết nối DB...
[2025-08-18T12:02:59.795+0000] {subprocess.py:93} INFO - 🔹 Lấy top 100 crypto...
[2025-08-18T12:02:59.796+0000] {subprocess.py:93} INFO - Top 100: ['ETHUSDT', 'USDCUSDT', 'BTCUSDT', 'SOLUSDT', 'FDUSDUSDT', 'XRPUSDT', 'LINKUSDT', 'DOGEUSDT', 'ADAUSDT', 'PROVEUSDT', 'SUIUSDT', 'BNBUSDT', 'TRXUSDT', 'ARBUSDT', 'ENAUSDT', 'PEPEUSDT', 'AVAXUSDT', 'UNIUSDT', 'BIOUSDT', 'LTCUSDT', 'SEIUSDT', 'TOWNSUSDT', 'TRUMPUSDT', 'PENGUUSDT', 'HBARUSDT', 'SKLUSDT', 'DOTUSDT', 'WIFUSDT', 'NEARUSDT', 'AAVEUSDT', 'LDOUSDT', 'WLDUSDT', 'BFUSDUSDT', 'BONKUSDT', 'CRVUSDT', 'POLUSDT', 'VIRTUALUSDT', 'INJUSDT', 'XLMUSDT', 'APTUSDT', 'CYBERUSDT', 'PONDUSDT', 'SUSDT', 'ALPINEUSDT', 'AEURUSDT', 'TONUSDT', 'OPUSDT', 'FETUSDT', 'TAOUSDT', 'ONDOUSDT', 'API3USDT', 'PENDLEUSDT', 'FLOKIUSDT', 'ETHFIUSDT', 'TIAUSDT', 'BCHUSDT', 'RAYUSDT', 'NEIROUSDT', 'EPICUSDT', 'PNUTUSDT', 'FILUSDT', 'ASRUSDT', 'EURUSDT', 'ETCUSDT', 'CTSIUSDT', 'SHIBUSDT', 'EIGENUSDT', 'ALGOUSDT', 'GALAUSDT', 'MAGICUSDT', 'SPKUSDT', 'RENDERUSDT', 'TSTUSDT', 'XUSDUSDT', 'ICPUSDT', 'CAKEUSDT', 'CFXUSDT', 'VETUSDT', 'MAVUSDT', 'OGUSDT', 'RUNEUSDT', 'JUVUSDT', 'BERAUSDT', 'ARKMUSDT', 'ORDIUSDT', 'MEMEUSDT', 'ATOMUSDT', 'OMUSDT', 'PAXGUSDT', 'AIXBTUSDT', 'ENSUSDT', 'MDTUSDT', 'MKRUSDT', 'ZKUSDT', 'SYRUPUSDT', 'PORTOUSDT', 'HOMEUSDT', 'JUPUSDT', 'LPTUSDT', 'RESOLVUSDT']
[2025-08-18T12:02:59.796+0000] {subprocess.py:93} INFO - 🔹 Lưu lịch sử giá vào DB bằng threading...
[2025-08-18T12:02:59.797+0000] {subprocess.py:93} INFO - ✅ USDCUSDT: thêm 1 dòng mới
[2025-08-18T12:02:59.797+0000] {subprocess.py:93} INFO - 1/100 USDCUSDT lưu OK
[2025-08-18T12:02:59.798+0000] {subprocess.py:93} INFO - ✅ FDUSDUSDT: thêm 1 dòng mới
[2025-08-18T12:02:59.798+0000] {subprocess.py:93} INFO - 2/100 FDUSDUSDT lưu OK
[2025-08-18T12:02:59.799+0000] {subprocess.py:93} INFO - ✅ XRPUSDT: thêm 1 dòng mới
[2025-08-18T12:02:59.799+0000] {subprocess.py:93} INFO - 3/100 XRPUSDT lưu OK
[2025-08-18T12:02:59.799+0000] {subprocess.py:93} INFO - ✅ DOGEUSDT: thêm 1 dòng mới
[2025-08-18T12:02:59.799+0000] {subprocess.py:93} INFO - 4/100 DOGEUSDT lưu OK
[2025-08-18T12:02:59.799+0000] {subprocess.py:93} INFO - ✅ ADAUSDT: thêm 1 dòng mới
[2025-08-18T12:02:59.800+0000] {subprocess.py:93} INFO - 5/100 ADAUSDT lưu OK
[2025-08-18T12:02:59.800+0000] {subprocess.py:93} INFO - ✅ PROVEUSDT: thêm 1 dòng mới
[2025-08-18T12:02:59.800+0000] {subprocess.py:93} INFO - 6/100 PROVEUSDT lưu OK
[2025-08-18T12:02:59.800+0000] {subprocess.py:93} INFO - ✅ ETHUSDT: thêm 1 dòng mới
[2025-08-18T12:02:59.801+0000] {subprocess.py:93} INFO - 7/100 ETHUSDT lưu OK
[2025-08-18T12:02:59.801+0000] {subprocess.py:93} INFO - ✅ BTCUSDT: thêm 1 dòng mới
[2025-08-18T12:02:59.801+0000] {subprocess.py:93} INFO - 8/100 BTCUSDT lưu OK
[2025-08-18T12:02:59.801+0000] {subprocess.py:93} INFO - ✅ SOLUSDT: thêm 1 dòng mới
[2025-08-18T12:02:59.801+0000] {subprocess.py:93} INFO - 9/100 SOLUSDT lưu OK
[2025-08-18T12:02:59.802+0000] {subprocess.py:93} INFO - ✅ LINKUSDT: thêm 1 dòng mới
[2025-08-18T12:02:59.802+0000] {subprocess.py:93} INFO - 10/100 LINKUSDT lưu OK
[2025-08-18T12:02:59.802+0000] {subprocess.py:93} INFO - ✅ SUIUSDT: thêm 1 dòng mới
[2025-08-18T12:02:59.802+0000] {subprocess.py:93} INFO - 11/100 SUIUSDT lưu OK
[2025-08-18T12:02:59.802+0000] {subprocess.py:93} INFO - ✅ BNBUSDT: thêm 1 dòng mới
[2025-08-18T12:02:59.803+0000] {subprocess.py:93} INFO - 12/100 BNBUSDT lưu OK
[2025-08-18T12:02:59.803+0000] {subprocess.py:93} INFO - ✅ ARBUSDT: thêm 1 dòng mới
[2025-08-18T12:02:59.803+0000] {subprocess.py:93} INFO - 13/100 ARBUSDT lưu OK
[2025-08-18T12:02:59.803+0000] {subprocess.py:93} INFO - ✅ ENAUSDT: thêm 1 dòng mới
[2025-08-18T12:02:59.804+0000] {subprocess.py:93} INFO - 14/100 ENAUSDT lưu OK
[2025-08-18T12:02:59.804+0000] {subprocess.py:93} INFO - ✅ TRXUSDT: thêm 1 dòng mới
[2025-08-18T12:02:59.804+0000] {subprocess.py:93} INFO - 15/100 TRXUSDT lưu OK
[2025-08-18T12:02:59.804+0000] {subprocess.py:93} INFO - ✅ PEPEUSDT: thêm 1 dòng mới
[2025-08-18T12:02:59.804+0000] {subprocess.py:93} INFO - 16/100 PEPEUSDT lưu OK
[2025-08-18T12:02:59.805+0000] {subprocess.py:93} INFO - ✅ AVAXUSDT: thêm 1 dòng mới
[2025-08-18T12:02:59.805+0000] {subprocess.py:93} INFO - 17/100 AVAXUSDT lưu OK
[2025-08-18T12:02:59.805+0000] {subprocess.py:93} INFO - ✅ UNIUSDT: thêm 1 dòng mới
[2025-08-18T12:02:59.805+0000] {subprocess.py:93} INFO - 18/100 UNIUSDT lưu OK
[2025-08-18T12:02:59.806+0000] {subprocess.py:93} INFO - 19/100 BIOUSDT lỗi: relation "cryptocurrency.biousdt" does not exist
[2025-08-18T12:02:59.806+0000] {subprocess.py:93} INFO - LINE 1: SELECT MAX(time) FROM cryptocurrency.biousdt;
[2025-08-18T12:02:59.806+0000] {subprocess.py:93} INFO -                               ^
[2025-08-18T12:02:59.806+0000] {subprocess.py:93} INFO - 
[2025-08-18T12:02:59.807+0000] {subprocess.py:93} INFO - ✅ LTCUSDT: thêm 1 dòng mới
[2025-08-18T12:02:59.807+0000] {subprocess.py:93} INFO - 20/100 LTCUSDT lưu OK
[2025-08-18T12:02:59.807+0000] {subprocess.py:93} INFO - ✅ SEIUSDT: thêm 1 dòng mới
[2025-08-18T12:02:59.808+0000] {subprocess.py:93} INFO - 21/100 SEIUSDT lưu OK
[2025-08-18T12:02:59.808+0000] {subprocess.py:93} INFO - ✅ TOWNSUSDT: thêm 1 dòng mới
[2025-08-18T12:02:59.808+0000] {subprocess.py:93} INFO - 22/100 TOWNSUSDT lưu OK
[2025-08-18T12:02:59.809+0000] {subprocess.py:93} INFO - ✅ TRUMPUSDT: thêm 1 dòng mới
[2025-08-18T12:02:59.809+0000] {subprocess.py:93} INFO - 23/100 TRUMPUSDT lưu OK
[2025-08-18T12:02:59.809+0000] {subprocess.py:93} INFO - ✅ PENGUUSDT: thêm 1 dòng mới
[2025-08-18T12:02:59.810+0000] {subprocess.py:93} INFO - 24/100 PENGUUSDT lưu OK
[2025-08-18T12:02:59.810+0000] {subprocess.py:93} INFO - ✅ HBARUSDT: thêm 1 dòng mới
[2025-08-18T12:02:59.811+0000] {subprocess.py:93} INFO - 25/100 HBARUSDT lưu OK
[2025-08-18T12:02:59.811+0000] {subprocess.py:93} INFO - ✅ SKLUSDT: thêm 1 dòng mới
[2025-08-18T12:02:59.811+0000] {subprocess.py:93} INFO - 26/100 SKLUSDT lưu OK
[2025-08-18T12:02:59.812+0000] {subprocess.py:93} INFO - ✅ NEARUSDT: thêm 1 dòng mới
[2025-08-18T12:02:59.812+0000] {subprocess.py:93} INFO - 27/100 NEARUSDT lưu OK
[2025-08-18T12:02:59.813+0000] {subprocess.py:93} INFO - ✅ WIFUSDT: thêm 1 dòng mới
[2025-08-18T12:02:59.813+0000] {subprocess.py:93} INFO - 28/100 WIFUSDT lưu OK
[2025-08-18T12:02:59.813+0000] {subprocess.py:93} INFO - ✅ DOTUSDT: thêm 1 dòng mới
[2025-08-18T12:02:59.814+0000] {subprocess.py:93} INFO - 29/100 DOTUSDT lưu OK
[2025-08-18T12:02:59.814+0000] {subprocess.py:93} INFO - ✅ AAVEUSDT: thêm 1 dòng mới
[2025-08-18T12:02:59.814+0000] {subprocess.py:93} INFO - 30/100 AAVEUSDT lưu OK
[2025-08-18T12:02:59.815+0000] {subprocess.py:93} INFO - ✅ LDOUSDT: thêm 1 dòng mới
[2025-08-18T12:02:59.815+0000] {subprocess.py:93} INFO - 31/100 LDOUSDT lưu OK
[2025-08-18T12:02:59.815+0000] {subprocess.py:93} INFO - ✅ WLDUSDT: thêm 1 dòng mới
[2025-08-18T12:02:59.816+0000] {subprocess.py:93} INFO - 32/100 WLDUSDT lưu OK
[2025-08-18T12:02:59.816+0000] {subprocess.py:93} INFO - ✅ BFUSDUSDT: thêm 1 dòng mới
[2025-08-18T12:02:59.816+0000] {subprocess.py:93} INFO - 33/100 BFUSDUSDT lưu OK
[2025-08-18T12:02:59.817+0000] {subprocess.py:93} INFO - ✅ BONKUSDT: thêm 1 dòng mới
[2025-08-18T12:02:59.817+0000] {subprocess.py:93} INFO - 34/100 BONKUSDT lưu OK
[2025-08-18T12:02:59.818+0000] {subprocess.py:93} INFO - ✅ CRVUSDT: thêm 1 dòng mới
[2025-08-18T12:02:59.818+0000] {subprocess.py:93} INFO - 35/100 CRVUSDT lưu OK
[2025-08-18T12:02:59.818+0000] {subprocess.py:93} INFO - ✅ POLUSDT: thêm 1 dòng mới
[2025-08-18T12:02:59.819+0000] {subprocess.py:93} INFO - 36/100 POLUSDT lưu OK
[2025-08-18T12:02:59.819+0000] {subprocess.py:93} INFO - ✅ VIRTUALUSDT: thêm 1 dòng mới
[2025-08-18T12:02:59.819+0000] {subprocess.py:93} INFO - 37/100 VIRTUALUSDT lưu OK
[2025-08-18T12:02:59.820+0000] {subprocess.py:93} INFO - ✅ XLMUSDT: thêm 1 dòng mới
[2025-08-18T12:02:59.820+0000] {subprocess.py:93} INFO - 38/100 XLMUSDT lưu OK
[2025-08-18T12:02:59.820+0000] {subprocess.py:93} INFO - ✅ INJUSDT: thêm 1 dòng mới
[2025-08-18T12:02:59.820+0000] {subprocess.py:93} INFO - 39/100 INJUSDT lưu OK
[2025-08-18T12:02:59.821+0000] {subprocess.py:93} INFO - 40/100 CYBERUSDT lỗi: relation "cryptocurrency.cyberusdt" does not exist
[2025-08-18T12:02:59.821+0000] {subprocess.py:93} INFO - LINE 1: SELECT MAX(time) FROM cryptocurrency.cyberusdt;
[2025-08-18T12:02:59.821+0000] {subprocess.py:93} INFO -                               ^
[2025-08-18T12:02:59.821+0000] {subprocess.py:93} INFO - 
[2025-08-18T12:02:59.821+0000] {subprocess.py:93} INFO - 41/100 PONDUSDT lỗi: relation "cryptocurrency.pondusdt" does not exist
[2025-08-18T12:02:59.822+0000] {subprocess.py:93} INFO - LINE 1: SELECT MAX(time) FROM cryptocurrency.pondusdt;
[2025-08-18T12:02:59.822+0000] {subprocess.py:93} INFO -                               ^
[2025-08-18T12:02:59.822+0000] {subprocess.py:93} INFO - 
[2025-08-18T12:02:59.822+0000] {subprocess.py:93} INFO - ✅ APTUSDT: thêm 1 dòng mới
[2025-08-18T12:02:59.822+0000] {subprocess.py:93} INFO - 42/100 APTUSDT lưu OK
[2025-08-18T12:02:59.823+0000] {subprocess.py:93} INFO - ✅ SUSDT: thêm 1 dòng mới
[2025-08-18T12:02:59.823+0000] {subprocess.py:93} INFO - 43/100 SUSDT lưu OK
[2025-08-18T12:02:59.823+0000] {subprocess.py:93} INFO - ✅ ALPINEUSDT: thêm 1 dòng mới
[2025-08-18T12:02:59.823+0000] {subprocess.py:93} INFO - 44/100 ALPINEUSDT lưu OK
[2025-08-18T12:02:59.823+0000] {subprocess.py:93} INFO - 45/100 AEURUSDT lỗi: relation "cryptocurrency.aeurusdt" does not exist
[2025-08-18T12:02:59.824+0000] {subprocess.py:93} INFO - LINE 1: SELECT MAX(time) FROM cryptocurrency.aeurusdt;
[2025-08-18T12:02:59.824+0000] {subprocess.py:93} INFO -                               ^
[2025-08-18T12:02:59.824+0000] {subprocess.py:93} INFO - 
[2025-08-18T12:02:59.824+0000] {subprocess.py:93} INFO - ✅ TONUSDT: thêm 1 dòng mới
[2025-08-18T12:02:59.824+0000] {subprocess.py:93} INFO - 46/100 TONUSDT lưu OK
[2025-08-18T12:02:59.825+0000] {subprocess.py:93} INFO - ✅ OPUSDT: thêm 1 dòng mới
[2025-08-18T12:02:59.825+0000] {subprocess.py:93} INFO - 47/100 OPUSDT lưu OK
[2025-08-18T12:02:59.825+0000] {subprocess.py:93} INFO - ✅ TAOUSDT: thêm 1 dòng mới
[2025-08-18T12:02:59.825+0000] {subprocess.py:93} INFO - 48/100 TAOUSDT lưu OK
[2025-08-18T12:02:59.826+0000] {subprocess.py:93} INFO - ✅ ONDOUSDT: thêm 1 dòng mới
[2025-08-18T12:02:59.826+0000] {subprocess.py:93} INFO - ✅ FETUSDT: thêm 1 dòng mới
[2025-08-18T12:02:59.826+0000] {subprocess.py:93} INFO - 49/100 ONDOUSDT lưu OK
[2025-08-18T12:02:59.826+0000] {subprocess.py:93} INFO - 50/100 FETUSDT lưu OK
[2025-08-18T12:02:59.826+0000] {subprocess.py:93} INFO - ✅ API3USDT: thêm 1 dòng mới
[2025-08-18T12:02:59.827+0000] {subprocess.py:93} INFO - 51/100 API3USDT lưu OK
[2025-08-18T12:02:59.827+0000] {subprocess.py:93} INFO - ✅ FLOKIUSDT: thêm 1 dòng mới
[2025-08-18T12:02:59.827+0000] {subprocess.py:93} INFO - 52/100 FLOKIUSDT lưu OK
[2025-08-18T12:02:59.827+0000] {subprocess.py:93} INFO - ✅ FILUSDT: thêm 1 dòng mới
[2025-08-18T12:02:59.827+0000] {subprocess.py:93} INFO - 53/100 FILUSDT lưu OK
[2025-08-18T12:02:59.828+0000] {subprocess.py:93} INFO - ✅ NEIROUSDT: thêm 1 dòng mới
[2025-08-18T12:02:59.828+0000] {subprocess.py:93} INFO - 54/100 NEIROUSDT lưu OK
[2025-08-18T12:02:59.828+0000] {subprocess.py:93} INFO - ✅ ASRUSDT: thêm 1 dòng mới
[2025-08-18T12:02:59.828+0000] {subprocess.py:93} INFO - 55/100 ASRUSDT lưu OK
[2025-08-18T12:02:59.828+0000] {subprocess.py:93} INFO - ⚠️ PNUTUSDT lỗi lần 1/3: HTTPSConnectionPool(host='api.binance.com', port=443): Max retries exceeded with url: /api/v3/klines?symbol=PNUTUSDT&interval=1m&limit=100 (Caused by ConnectTimeoutError(<urllib3.connection.HTTPSConnection object at 0x7f4c9458e770>, 'Connection to api.binance.com timed out. (connect timeout=15)'))
[2025-08-18T12:02:59.829+0000] {subprocess.py:93} INFO - ⚠️ EPICUSDT lỗi lần 1/3: HTTPSConnectionPool(host='api.binance.com', port=443): Max retries exceeded with url: /api/v3/klines?symbol=EPICUSDT&interval=1m&limit=100 (Caused by ConnectTimeoutError(<urllib3.connection.HTTPSConnection object at 0x7f4c9458e680>, 'Connection to api.binance.com timed out. (connect timeout=15)'))
[2025-08-18T12:02:59.829+0000] {subprocess.py:93} INFO - ✅ ETHFIUSDT: thêm 1 dòng mới
[2025-08-18T12:02:59.829+0000] {subprocess.py:93} INFO - 56/100 ETHFIUSDT lưu OK
[2025-08-18T12:02:59.829+0000] {subprocess.py:93} INFO - ✅ EURUSDT: thêm 1 dòng mới
[2025-08-18T12:02:59.829+0000] {subprocess.py:93} INFO - 57/100 EURUSDT lưu OK
[2025-08-18T12:02:59.830+0000] {subprocess.py:93} INFO - ⏩ EIGENUSDT: không có dữ liệu mới, skip.
[2025-08-18T12:02:59.830+0000] {subprocess.py:93} INFO - 58/100 EIGENUSDT lưu OK
[2025-08-18T12:02:59.830+0000] {subprocess.py:93} INFO - ⚠️ ETCUSDT lỗi lần 1/3: HTTPSConnectionPool(host='api.binance.com', port=443): Max retries exceeded with url: /api/v3/klines?symbol=ETCUSDT&interval=1m&limit=100 (Caused by ConnectTimeoutError(<urllib3.connection.HTTPSConnection object at 0x7f4c945581f0>, 'Connection to api.binance.com timed out. (connect timeout=15)'))
[2025-08-18T12:02:59.830+0000] {subprocess.py:93} INFO - ⏩ ALGOUSDT: không có dữ liệu mới, skip.
[2025-08-18T12:02:59.831+0000] {subprocess.py:93} INFO - 59/100 ALGOUSDT lưu OK
[2025-08-18T12:02:59.831+0000] {subprocess.py:93} INFO - ✅ ETCUSDT: thêm 1 dòng mới
[2025-08-18T12:02:59.831+0000] {subprocess.py:93} INFO - 60/100 ETCUSDT lưu OK
[2025-08-18T12:02:59.831+0000] {subprocess.py:93} INFO - ⏩ MAGICUSDT: không có dữ liệu mới, skip.
[2025-08-18T12:02:59.831+0000] {subprocess.py:93} INFO - 61/100 MAGICUSDT lưu OK
[2025-08-18T12:02:59.832+0000] {subprocess.py:93} INFO - ⏩ SPKUSDT: không có dữ liệu mới, skip.
[2025-08-18T12:02:59.832+0000] {subprocess.py:93} INFO - 62/100 SPKUSDT lưu OK
[2025-08-18T12:02:59.832+0000] {subprocess.py:93} INFO - ⚠️ CTSIUSDT lỗi lần 1/3: HTTPSConnectionPool(host='api.binance.com', port=443): Max retries exceeded with url: /api/v3/klines?symbol=CTSIUSDT&interval=1m&limit=100 (Caused by ConnectTimeoutError(<urllib3.connection.HTTPSConnection object at 0x7f4c94558dc0>, 'Connection to api.binance.com timed out. (connect timeout=15)'))
[2025-08-18T12:02:59.832+0000] {subprocess.py:93} INFO - ⏩ RENDERUSDT: không có dữ liệu mới, skip.
[2025-08-18T12:02:59.832+0000] {subprocess.py:93} INFO - 63/100 RENDERUSDT lưu OK
[2025-08-18T12:02:59.833+0000] {subprocess.py:93} INFO - ⏩ CTSIUSDT: không có dữ liệu mới, skip.
[2025-08-18T12:02:59.833+0000] {subprocess.py:93} INFO - 64/100 CTSIUSDT lưu OK
[2025-08-18T12:02:59.833+0000] {subprocess.py:93} INFO - ⏩ TSTUSDT: không có dữ liệu mới, skip.
[2025-08-18T12:02:59.833+0000] {subprocess.py:93} INFO - 65/100 TSTUSDT lưu OK
[2025-08-18T12:02:59.833+0000] {subprocess.py:93} INFO - ⏩ GALAUSDT: không có dữ liệu mới, skip.
[2025-08-18T12:02:59.834+0000] {subprocess.py:93} INFO - 66/100 GALAUSDT lưu OK
[2025-08-18T12:02:59.834+0000] {subprocess.py:93} INFO - ⏩ ICPUSDT: không có dữ liệu mới, skip.
[2025-08-18T12:02:59.834+0000] {subprocess.py:93} INFO - 67/100 ICPUSDT lưu OK
[2025-08-18T12:02:59.834+0000] {subprocess.py:93} INFO - ⏩ XUSDUSDT: không có dữ liệu mới, skip.
[2025-08-18T12:02:59.834+0000] {subprocess.py:93} INFO - 68/100 XUSDUSDT lưu OK
[2025-08-18T12:02:59.835+0000] {subprocess.py:93} INFO - ⏩ CAKEUSDT: không có dữ liệu mới, skip.
[2025-08-18T12:02:59.835+0000] {subprocess.py:93} INFO - 69/100 CAKEUSDT lưu OK
[2025-08-18T12:02:59.835+0000] {subprocess.py:93} INFO - 70/100 VETUSDT lỗi: relation "cryptocurrency.vetusdt" does not exist
[2025-08-18T12:02:59.835+0000] {subprocess.py:93} INFO - LINE 1: SELECT MAX(time) FROM cryptocurrency.vetusdt;
[2025-08-18T12:02:59.835+0000] {subprocess.py:93} INFO -                               ^
[2025-08-18T12:02:59.836+0000] {subprocess.py:93} INFO - 
[2025-08-18T12:02:59.836+0000] {subprocess.py:93} INFO - ⚠️ SHIBUSDT lỗi lần 1/3: HTTPSConnectionPool(host='api.binance.com', port=443): Max retries exceeded with url: /api/v3/klines?symbol=SHIBUSDT&interval=1m&limit=100 (Caused by ConnectTimeoutError(<urllib3.connection.HTTPSConnection object at 0x7f4c9458f2e0>, 'Connection to api.binance.com timed out. (connect timeout=15)'))
[2025-08-18T12:02:59.836+0000] {subprocess.py:93} INFO - ⏩ OGUSDT: không có dữ liệu mới, skip.
[2025-08-18T12:02:59.836+0000] {subprocess.py:93} INFO - 71/100 OGUSDT lưu OK
[2025-08-18T12:02:59.836+0000] {subprocess.py:93} INFO - ⚠️ EPICUSDT lỗi lần 2/3: HTTPSConnectionPool(host='api.binance.com', port=443): Max retries exceeded with url: /api/v3/klines?symbol=EPICUSDT&interval=1m&limit=100 (Caused by ConnectTimeoutError(<urllib3.connection.HTTPSConnection object at 0x7f4c9458f640>, 'Connection to api.binance.com timed out. (connect timeout=15)'))
[2025-08-18T12:02:59.837+0000] {subprocess.py:93} INFO - ⏩ CFXUSDT: không có dữ liệu mới, skip.
[2025-08-18T12:02:59.837+0000] {subprocess.py:93} INFO - 72/100 CFXUSDT lưu OK
[2025-08-18T12:02:59.837+0000] {subprocess.py:93} INFO - ✅ PNUTUSDT: thêm 1 dòng mới
[2025-08-18T12:02:59.837+0000] {subprocess.py:93} INFO - 73/100 PNUTUSDT lưu OK
[2025-08-18T12:03:35.508+0000] {subprocess.py:93} INFO - ⏩ SHIBUSDT: không có dữ liệu mới, skip.
[2025-08-18T12:03:35.509+0000] {subprocess.py:93} INFO - 74/100 SHIBUSDT lưu OK
[2025-08-18T12:03:35.509+0000] {subprocess.py:93} INFO - ✅ EPICUSDT: thêm 2 dòng mới
[2025-08-18T12:03:35.510+0000] {subprocess.py:93} INFO - 75/100 EPICUSDT lưu OK
[2025-08-18T12:03:35.510+0000] {subprocess.py:93} INFO - ⏩ ORDIUSDT: không có dữ liệu mới, skip.
[2025-08-18T12:03:35.510+0000] {subprocess.py:93} INFO - 76/100 ORDIUSDT lưu OK
[2025-08-18T12:03:35.510+0000] {subprocess.py:93} INFO - ✅ JUVUSDT: thêm 1 dòng mới
[2025-08-18T12:03:35.511+0000] {subprocess.py:93} INFO - 77/100 JUVUSDT lưu OK
[2025-08-18T12:03:35.511+0000] {subprocess.py:93} INFO - ⏩ MAVUSDT: không có dữ liệu mới, skip.
[2025-08-18T12:03:35.511+0000] {subprocess.py:93} INFO - 78/100 MAVUSDT lưu OK
[2025-08-18T12:03:35.512+0000] {subprocess.py:93} INFO - ✅ OMUSDT: thêm 1 dòng mới
[2025-08-18T12:03:35.512+0000] {subprocess.py:93} INFO - 79/100 OMUSDT lưu OK
[2025-08-18T12:03:35.512+0000] {subprocess.py:93} INFO - 80/100 ATOMUSDT lỗi: relation "cryptocurrency.atomusdt" does not exist
[2025-08-18T12:03:35.512+0000] {subprocess.py:93} INFO - LINE 1: SELECT MAX(time) FROM cryptocurrency.atomusdt;
[2025-08-18T12:03:35.513+0000] {subprocess.py:93} INFO -                               ^
[2025-08-18T12:03:35.513+0000] {subprocess.py:93} INFO - 
[2025-08-18T12:03:35.513+0000] {subprocess.py:93} INFO - ⚠️ BERAUSDT lỗi lần 1/3: HTTPSConnectionPool(host='api.binance.com', port=443): Max retries exceeded with url: /api/v3/klines?symbol=BERAUSDT&interval=1m&limit=100 (Caused by ConnectTimeoutError(<urllib3.connection.HTTPSConnection object at 0x7f4c94558400>, 'Connection to api.binance.com timed out. (connect timeout=15)'))
[2025-08-18T12:03:35.513+0000] {subprocess.py:93} INFO - 81/100 PAXGUSDT lỗi: relation "cryptocurrency.paxgusdt" does not exist
[2025-08-18T12:03:35.514+0000] {subprocess.py:93} INFO - LINE 1: SELECT MAX(time) FROM cryptocurrency.paxgusdt;
[2025-08-18T12:03:35.514+0000] {subprocess.py:93} INFO -                               ^
[2025-08-18T12:03:35.514+0000] {subprocess.py:93} INFO - 
[2025-08-18T12:03:35.515+0000] {subprocess.py:93} INFO - 82/100 AIXBTUSDT lỗi: relation "cryptocurrency.aixbtusdt" does not exist
[2025-08-18T12:03:35.515+0000] {subprocess.py:93} INFO - LINE 1: SELECT MAX(time) FROM cryptocurrency.aixbtusdt;
[2025-08-18T12:03:35.515+0000] {subprocess.py:93} INFO -                               ^
[2025-08-18T12:03:35.515+0000] {subprocess.py:93} INFO - 
[2025-08-18T12:03:35.516+0000] {subprocess.py:93} INFO - ✅ MDTUSDT: thêm 1 dòng mới
[2025-08-18T12:03:35.516+0000] {subprocess.py:93} INFO - 83/100 MDTUSDT lưu OK
[2025-08-18T12:03:35.516+0000] {subprocess.py:93} INFO - 84/100 MKRUSDT lỗi: relation "cryptocurrency.mkrusdt" does not exist
[2025-08-18T12:03:35.516+0000] {subprocess.py:93} INFO - LINE 1: SELECT MAX(time) FROM cryptocurrency.mkrusdt;
[2025-08-18T12:03:35.517+0000] {subprocess.py:93} INFO -                               ^
[2025-08-18T12:03:35.517+0000] {subprocess.py:93} INFO - 
[2025-08-18T12:03:35.517+0000] {subprocess.py:93} INFO - 85/100 ZKUSDT lỗi: relation "cryptocurrency.zkusdt" does not exist
[2025-08-18T12:03:35.517+0000] {subprocess.py:93} INFO - LINE 1: SELECT MAX(time) FROM cryptocurrency.zkusdt;
[2025-08-18T12:03:35.518+0000] {subprocess.py:93} INFO -                               ^
[2025-08-18T12:03:35.518+0000] {subprocess.py:93} INFO - 
[2025-08-18T12:03:35.518+0000] {subprocess.py:93} INFO - ✅ ARKMUSDT: thêm 1 dòng mới
[2025-08-18T12:03:35.518+0000] {subprocess.py:93} INFO - 86/100 ARKMUSDT lưu OK
[2025-08-18T12:03:35.519+0000] {subprocess.py:93} INFO - 87/100 RUNEUSDT lỗi: relation "cryptocurrency.runeusdt" does not exist
[2025-08-18T12:03:35.519+0000] {subprocess.py:93} INFO - LINE 1: SELECT MAX(time) FROM cryptocurrency.runeusdt;
[2025-08-18T12:03:35.519+0000] {subprocess.py:93} INFO -                               ^
[2025-08-18T12:03:35.520+0000] {subprocess.py:93} INFO - 
[2025-08-18T12:03:35.520+0000] {subprocess.py:93} INFO - 88/100 HOMEUSDT lỗi: relation "cryptocurrency.homeusdt" does not exist
[2025-08-18T12:03:35.520+0000] {subprocess.py:93} INFO - LINE 1: SELECT MAX(time) FROM cryptocurrency.homeusdt;
[2025-08-18T12:03:35.520+0000] {subprocess.py:93} INFO -                               ^
[2025-08-18T12:03:35.521+0000] {subprocess.py:93} INFO - 
[2025-08-18T12:03:35.521+0000] {subprocess.py:93} INFO - ✅ ENSUSDT: thêm 1 dòng mới
[2025-08-18T12:03:35.521+0000] {subprocess.py:93} INFO - 89/100 ENSUSDT lưu OK
[2025-08-18T12:03:35.521+0000] {subprocess.py:93} INFO - 90/100 JUPUSDT lỗi: relation "cryptocurrency.jupusdt" does not exist
[2025-08-18T12:03:35.522+0000] {subprocess.py:93} INFO - LINE 1: SELECT MAX(time) FROM cryptocurrency.jupusdt;
[2025-08-18T12:03:35.522+0000] {subprocess.py:93} INFO -                               ^
[2025-08-18T12:03:35.522+0000] {subprocess.py:93} INFO - 
[2025-08-18T12:03:35.522+0000] {subprocess.py:93} INFO - 91/100 LPTUSDT lỗi: relation "cryptocurrency.lptusdt" does not exist
[2025-08-18T12:03:35.523+0000] {subprocess.py:93} INFO - LINE 1: SELECT MAX(time) FROM cryptocurrency.lptusdt;
[2025-08-18T12:03:35.523+0000] {subprocess.py:93} INFO -                               ^
[2025-08-18T12:03:35.523+0000] {subprocess.py:93} INFO - 
[2025-08-18T12:03:35.523+0000] {subprocess.py:93} INFO - 92/100 RESOLVUSDT lỗi: relation "cryptocurrency.resolvusdt" does not exist
[2025-08-18T12:03:35.524+0000] {subprocess.py:93} INFO - LINE 1: SELECT MAX(time) FROM cryptocurrency.resolvusdt;
[2025-08-18T12:03:35.524+0000] {subprocess.py:93} INFO -                               ^
[2025-08-18T12:03:35.524+0000] {subprocess.py:93} INFO - 
[2025-08-18T12:03:35.524+0000] {subprocess.py:93} INFO - ✅ SYRUPUSDT: thêm 1 dòng mới
[2025-08-18T12:03:35.525+0000] {subprocess.py:93} INFO - 93/100 SYRUPUSDT lưu OK
[2025-08-18T12:03:35.525+0000] {subprocess.py:93} INFO - ✅ PORTOUSDT: thêm 1 dòng mới
[2025-08-18T12:03:35.525+0000] {subprocess.py:93} INFO - 94/100 PORTOUSDT lưu OK
[2025-08-18T12:03:35.526+0000] {subprocess.py:93} INFO - ✅ BCHUSDT: thêm 1 dòng mới
[2025-08-18T12:03:35.526+0000] {subprocess.py:93} INFO - 95/100 BCHUSDT lưu OK
[2025-08-18T12:03:35.526+0000] {subprocess.py:93} INFO - ✅ PENDLEUSDT: thêm 1 dòng mới
[2025-08-18T12:03:35.527+0000] {subprocess.py:93} INFO - ✅ TIAUSDT: thêm 1 dòng mới
[2025-08-18T12:03:35.527+0000] {subprocess.py:93} INFO - 96/100 PENDLEUSDT lưu OK
[2025-08-18T12:03:35.527+0000] {subprocess.py:93} INFO - 97/100 TIAUSDT lưu OK
[2025-08-18T12:03:35.527+0000] {subprocess.py:93} INFO - ✅ RAYUSDT: thêm 1 dòng mới
[2025-08-18T12:03:35.528+0000] {subprocess.py:93} INFO - 98/100 RAYUSDT lưu OK
[2025-08-18T12:03:35.528+0000] {subprocess.py:93} INFO - ⚠️ BERAUSDT lỗi lần 2/3: HTTPSConnectionPool(host='api.binance.com', port=443): Max retries exceeded with url: /api/v3/klines?symbol=BERAUSDT&interval=1m&limit=100 (Caused by ConnectTimeoutError(<urllib3.connection.HTTPSConnection object at 0x7f4c94558490>, 'Connection to api.binance.com timed out. (connect timeout=15)'))
[2025-08-18T12:03:35.528+0000] {subprocess.py:93} INFO - ✅ BERAUSDT: thêm 1 dòng mới
[2025-08-18T12:03:35.528+0000] {subprocess.py:93} INFO - 99/100 BERAUSDT lưu OK
[2025-08-18T12:03:35.529+0000] {subprocess.py:93} INFO - 100/100 MEMEUSDT lỗi: relation "cryptocurrency.memeusdt" does not exist
[2025-08-18T12:03:35.529+0000] {subprocess.py:93} INFO - LINE 1: SELECT MAX(time) FROM cryptocurrency.memeusdt;
[2025-08-18T12:03:35.529+0000] {subprocess.py:93} INFO -                               ^
[2025-08-18T12:03:35.530+0000] {subprocess.py:93} INFO - 
[2025-08-18T12:03:35.635+0000] {subprocess.py:97} INFO - Command exited with return code 0
[2025-08-18T12:03:35.636+0000] {taskinstance.py:441} INFO - ::group::Post task execution logs
[2025-08-18T12:03:35.666+0000] {taskinstance.py:1206} INFO - Marking task as SUCCESS. dag_id=crypto_collector_dag, task_id=run_crypto_collector, run_id=scheduled__2025-08-18T12:01:00+00:00, execution_date=20250818T120100, start_date=20250818T120221, end_date=20250818T120335
[2025-08-18T12:03:35.691+0000] {local_task_job_runner.py:240} INFO - Task exited with return code 0
[2025-08-18T12:03:35.715+0000] {taskinstance.py:3498} INFO - 0 downstream tasks scheduled from follow-on schedule check
[2025-08-18T12:03:35.716+0000] {local_task_job_runner.py:222} INFO - ::endgroup::
