[2025-08-11T18:06:11.353+0000] {local_task_job_runner.py:120} INFO - ::group::Pre task execution logs
[2025-08-11T18:06:11.380+0000] {taskinstance.py:2076} INFO - Dependencies all met for dep_context=non-requeueable deps ti=<TaskInstance: run_all_alerts_and_save_to_postgres.run_alert_ma scheduled__2025-08-11T08:50:00+00:00 [queued]>
[2025-08-11T18:06:11.389+0000] {taskinstance.py:2076} INFO - Dependencies all met for dep_context=requeueable deps ti=<TaskInstance: run_all_alerts_and_save_to_postgres.run_alert_ma scheduled__2025-08-11T08:50:00+00:00 [queued]>
[2025-08-11T18:06:11.389+0000] {taskinstance.py:2306} INFO - Starting attempt 1 of 2
[2025-08-11T18:06:11.401+0000] {taskinstance.py:2330} INFO - Executing <Task(PythonOperator): run_alert_ma> on 2025-08-11 08:50:00+00:00
[2025-08-11T18:06:11.407+0000] {standard_task_runner.py:63} INFO - Started process 345086 to run task
[2025-08-11T18:06:11.412+0000] {standard_task_runner.py:90} INFO - Running: ['***', 'tasks', 'run', 'run_all_alerts_and_save_to_postgres', 'run_alert_ma', 'scheduled__2025-08-11T08:50:00+00:00', '--job-id', '4806', '--raw', '--subdir', 'DAGS_FOLDER/alert_***_project/dags/alert_functions_dag.py', '--cfg-path', '/tmp/tmpkxz7l2w2']
[2025-08-11T18:06:11.414+0000] {standard_task_runner.py:91} INFO - Job 4806: Subtask run_alert_ma
[2025-08-11T18:06:11.467+0000] {task_command.py:426} INFO - Running <TaskInstance: run_all_alerts_and_save_to_postgres.run_alert_ma scheduled__2025-08-11T08:50:00+00:00 [running]> on host 1877907bc043
[2025-08-11T18:06:11.550+0000] {taskinstance.py:2648} INFO - Exporting env vars: AIRFLOW_CTX_DAG_OWNER='alert_system' AIRFLOW_CTX_DAG_ID='run_all_alerts_and_save_to_postgres' AIRFLOW_CTX_TASK_ID='run_alert_ma' AIRFLOW_CTX_EXECUTION_DATE='2025-08-11T08:50:00+00:00' AIRFLOW_CTX_TRY_NUMBER='1' AIRFLOW_CTX_DAG_RUN_ID='scheduled__2025-08-11T08:50:00+00:00'
[2025-08-11T18:06:11.551+0000] {taskinstance.py:430} INFO - ::endgroup::
[2025-08-11T18:06:11.563+0000] {logging_mixin.py:188} INFO - [INFO] Running script: /opt/***/dags/alert_***_project/dags/alert_scripts/Alert_MA.py
[2025-08-11T18:06:11.652+0000] {logging_mixin.py:188} INFO - [ERROR] Alert_MA.py failed:
python3: can't open file '/opt/***/dags/alert_***_project/dags/alert_scripts/Alert_MA.py': [Errno 2] No such file or directory
[2025-08-11T18:06:11.652+0000] {taskinstance.py:441} INFO - ::group::Post task execution logs
[2025-08-11T18:06:11.653+0000] {taskinstance.py:2905} ERROR - Task failed with exception
Traceback (most recent call last):
  File "/home/airflow/.local/lib/python3.10/site-packages/airflow/models/taskinstance.py", line 465, in _execute_task
    result = _execute_callable(context=context, **execute_callable_kwargs)
  File "/home/airflow/.local/lib/python3.10/site-packages/airflow/models/taskinstance.py", line 432, in _execute_callable
    return execute_callable(context=context, **execute_callable_kwargs)
  File "/home/airflow/.local/lib/python3.10/site-packages/airflow/models/baseoperator.py", line 400, in wrapper
    return func(self, *args, **kwargs)
  File "/home/airflow/.local/lib/python3.10/site-packages/airflow/operators/python.py", line 235, in execute
    return_value = self.execute_callable()
  File "/home/airflow/.local/lib/python3.10/site-packages/airflow/operators/python.py", line 252, in execute_callable
    return self.python_callable(*self.op_args, **self.op_kwargs)
  File "/opt/airflow/dags/alert_airflow_project/dags/alert_functions_dag.py", line 22, in run_alert_script
    result = subprocess.run(
  File "/usr/local/lib/python3.10/subprocess.py", line 526, in run
    raise CalledProcessError(retcode, process.args,
subprocess.CalledProcessError: Command '['python3', '/opt/airflow/dags/alert_airflow_project/dags/alert_scripts/Alert_MA.py']' returned non-zero exit status 2.
[2025-08-11T18:06:11.663+0000] {taskinstance.py:1206} INFO - Marking task as UP_FOR_RETRY. dag_id=run_all_alerts_and_save_to_postgres, task_id=run_alert_ma, run_id=scheduled__2025-08-11T08:50:00+00:00, execution_date=20250811T085000, start_date=20250811T180611, end_date=20250811T180611
[2025-08-11T18:06:11.674+0000] {standard_task_runner.py:110} ERROR - Failed to execute job 4806 for task run_alert_ma (Command '['python3', '/opt/airflow/dags/alert_airflow_project/dags/alert_scripts/Alert_MA.py']' returned non-zero exit status 2.; 345086)
[2025-08-11T18:06:11.702+0000] {local_task_job_runner.py:240} INFO - Task exited with return code 1
[2025-08-11T18:06:11.726+0000] {taskinstance.py:3498} INFO - 0 downstream tasks scheduled from follow-on schedule check
[2025-08-11T18:06:11.727+0000] {local_task_job_runner.py:222} INFO - ::endgroup::
[2025-08-11T18:20:59.332+0000] {local_task_job_runner.py:120} INFO - ::group::Pre task execution logs
[2025-08-11T18:20:59.359+0000] {taskinstance.py:2076} INFO - Dependencies all met for dep_context=non-requeueable deps ti=<TaskInstance: run_all_alerts_and_save_to_postgres.run_alert_ma scheduled__2025-08-11T08:50:00+00:00 [queued]>
[2025-08-11T18:20:59.367+0000] {taskinstance.py:2076} INFO - Dependencies all met for dep_context=requeueable deps ti=<TaskInstance: run_all_alerts_and_save_to_postgres.run_alert_ma scheduled__2025-08-11T08:50:00+00:00 [queued]>
[2025-08-11T18:20:59.367+0000] {taskinstance.py:2306} INFO - Starting attempt 1 of 2
[2025-08-11T18:20:59.379+0000] {taskinstance.py:2330} INFO - Executing <Task(PythonOperator): run_alert_ma> on 2025-08-11 08:50:00+00:00
[2025-08-11T18:20:59.384+0000] {standard_task_runner.py:63} INFO - Started process 345313 to run task
[2025-08-11T18:20:59.388+0000] {standard_task_runner.py:90} INFO - Running: ['***', 'tasks', 'run', 'run_all_alerts_and_save_to_postgres', 'run_alert_ma', 'scheduled__2025-08-11T08:50:00+00:00', '--job-id', '4818', '--raw', '--subdir', 'DAGS_FOLDER/alert_***_project/dags/alert_functions_dag.py', '--cfg-path', '/tmp/tmpg2ctikqb']
[2025-08-11T18:20:59.389+0000] {standard_task_runner.py:91} INFO - Job 4818: Subtask run_alert_ma
[2025-08-11T18:20:59.440+0000] {task_command.py:426} INFO - Running <TaskInstance: run_all_alerts_and_save_to_postgres.run_alert_ma scheduled__2025-08-11T08:50:00+00:00 [running]> on host 1877907bc043
[2025-08-11T18:20:59.522+0000] {taskinstance.py:2648} INFO - Exporting env vars: AIRFLOW_CTX_DAG_OWNER='alert_system' AIRFLOW_CTX_DAG_ID='run_all_alerts_and_save_to_postgres' AIRFLOW_CTX_TASK_ID='run_alert_ma' AIRFLOW_CTX_EXECUTION_DATE='2025-08-11T08:50:00+00:00' AIRFLOW_CTX_TRY_NUMBER='1' AIRFLOW_CTX_DAG_RUN_ID='scheduled__2025-08-11T08:50:00+00:00'
[2025-08-11T18:20:59.522+0000] {taskinstance.py:430} INFO - ::endgroup::
[2025-08-11T18:20:59.535+0000] {logging_mixin.py:188} INFO - [INFO] Running script: /opt/***/dags/alert_***_project/dags/alert_scripts/Alert_MA.py
[2025-08-11T18:20:59.627+0000] {logging_mixin.py:188} INFO - [ERROR] Alert_MA.py failed:
python3: can't open file '/opt/***/dags/alert_***_project/dags/alert_scripts/Alert_MA.py': [Errno 2] No such file or directory
[2025-08-11T18:20:59.627+0000] {taskinstance.py:441} INFO - ::group::Post task execution logs
[2025-08-11T18:20:59.628+0000] {taskinstance.py:2905} ERROR - Task failed with exception
Traceback (most recent call last):
  File "/home/airflow/.local/lib/python3.10/site-packages/airflow/models/taskinstance.py", line 465, in _execute_task
    result = _execute_callable(context=context, **execute_callable_kwargs)
  File "/home/airflow/.local/lib/python3.10/site-packages/airflow/models/taskinstance.py", line 432, in _execute_callable
    return execute_callable(context=context, **execute_callable_kwargs)
  File "/home/airflow/.local/lib/python3.10/site-packages/airflow/models/baseoperator.py", line 400, in wrapper
    return func(self, *args, **kwargs)
  File "/home/airflow/.local/lib/python3.10/site-packages/airflow/operators/python.py", line 235, in execute
    return_value = self.execute_callable()
  File "/home/airflow/.local/lib/python3.10/site-packages/airflow/operators/python.py", line 252, in execute_callable
    return self.python_callable(*self.op_args, **self.op_kwargs)
  File "/opt/airflow/dags/alert_airflow_project/dags/alert_functions_dag.py", line 23, in run_alert_script
    result = subprocess.run(
  File "/usr/local/lib/python3.10/subprocess.py", line 526, in run
    raise CalledProcessError(retcode, process.args,
subprocess.CalledProcessError: Command '['python3', '/opt/airflow/dags/alert_airflow_project/dags/alert_scripts/Alert_MA.py']' returned non-zero exit status 2.
[2025-08-11T18:20:59.638+0000] {taskinstance.py:1206} INFO - Marking task as UP_FOR_RETRY. dag_id=run_all_alerts_and_save_to_postgres, task_id=run_alert_ma, run_id=scheduled__2025-08-11T08:50:00+00:00, execution_date=20250811T085000, start_date=20250811T182059, end_date=20250811T182059
[2025-08-11T18:20:59.649+0000] {standard_task_runner.py:110} ERROR - Failed to execute job 4818 for task run_alert_ma (Command '['python3', '/opt/airflow/dags/alert_airflow_project/dags/alert_scripts/Alert_MA.py']' returned non-zero exit status 2.; 345313)
[2025-08-11T18:20:59.680+0000] {local_task_job_runner.py:240} INFO - Task exited with return code 1
[2025-08-11T18:20:59.698+0000] {taskinstance.py:3498} INFO - 0 downstream tasks scheduled from follow-on schedule check
[2025-08-11T18:20:59.699+0000] {local_task_job_runner.py:222} INFO - ::endgroup::
