[2025-09-08T05:47:00.896+0000] {local_task_job_runner.py:120} INFO - ::group::Pre task execution logs
[2025-09-08T05:47:00.924+0000] {taskinstance.py:2076} INFO - Dependencies all met for dep_context=non-requeueable deps ti=<TaskInstance: crypto_collector_dag.run_crypto_collector scheduled__2025-09-08T05:46:00+00:00 [queued]>
[2025-09-08T05:47:00.933+0000] {taskinstance.py:2076} INFO - Dependencies all met for dep_context=requeueable deps ti=<TaskInstance: crypto_collector_dag.run_crypto_collector scheduled__2025-09-08T05:46:00+00:00 [queued]>
[2025-09-08T05:47:00.934+0000] {taskinstance.py:2306} INFO - Starting attempt 1 of 2
[2025-09-08T05:47:00.948+0000] {taskinstance.py:2330} INFO - Executing <Task(BashOperator): run_crypto_collector> on 2025-09-08 05:46:00+00:00
[2025-09-08T05:47:00.955+0000] {standard_task_runner.py:63} INFO - Started process 324682 to run task
[2025-09-08T05:47:00.960+0000] {standard_task_runner.py:90} INFO - Running: ['***', 'tasks', 'run', 'crypto_collector_dag', 'run_crypto_collector', 'scheduled__2025-09-08T05:46:00+00:00', '--job-id', '159112', '--raw', '--subdir', 'DAGS_FOLDER/crawl_crypto/dags_crypto.py', '--cfg-path', '/tmp/tmpvzeacjep']
[2025-09-08T05:47:00.962+0000] {standard_task_runner.py:91} INFO - Job 159112: Subtask run_crypto_collector
[2025-09-08T05:47:01.033+0000] {task_command.py:426} INFO - Running <TaskInstance: crypto_collector_dag.run_crypto_collector scheduled__2025-09-08T05:46:00+00:00 [running]> on host 8d9cea3aac78
[2025-09-08T05:47:01.139+0000] {taskinstance.py:2648} INFO - Exporting env vars: AIRFLOW_CTX_DAG_OWNER='***' AIRFLOW_CTX_DAG_ID='crypto_collector_dag' AIRFLOW_CTX_TASK_ID='run_crypto_collector' AIRFLOW_CTX_EXECUTION_DATE='2025-09-08T05:46:00+00:00' AIRFLOW_CTX_TRY_NUMBER='1' AIRFLOW_CTX_DAG_RUN_ID='scheduled__2025-09-08T05:46:00+00:00'
[2025-09-08T05:47:01.140+0000] {taskinstance.py:430} INFO - ::endgroup::
[2025-09-08T05:47:01.155+0000] {subprocess.py:63} INFO - Tmp dir root location: /tmp
[2025-09-08T05:47:01.156+0000] {subprocess.py:75} INFO - Running command: ['/usr/bin/bash', '-c', 'python3 /opt/***/dags/crawl_crypto/crawl_data_crypto.py']
[2025-09-08T05:47:01.170+0000] {subprocess.py:86} INFO - Output:
[2025-09-08T05:47:07.143+0000] {subprocess.py:93} INFO - 🔹 Kết nối DB...
[2025-09-08T05:47:07.144+0000] {subprocess.py:93} INFO - 🔹 Lấy top 100 crypto...
[2025-09-08T05:47:07.145+0000] {subprocess.py:93} INFO - Top 100: ['ETHUSDT', 'USDCUSDT', 'BTCUSDT', 'SOLUSDT', 'SOMIUSDT', 'DOGEUSDT', 'WLFIUSDT', 'XRPUSDT', 'FDUSDUSDT', 'WLDUSDT', 'BNBUSDT', 'TRXUSDT', 'ENAUSDT', 'SUIUSDT', 'NMRUSDT', 'ADAUSDT', 'PENGUUSDT', 'PEPEUSDT', 'LINKUSDT', 'REDUSDT', 'GPSUSDT', 'DOTUSDT', 'AVAXUSDT', 'LTCUSDT', 'DOLOUSDT', 'BONKUSDT', 'TOWNSUSDT', 'BIOUSDT', 'PYTHUSDT', 'ARBUSDT', 'SEIUSDT', 'PLUMEUSDT', 'TRUMPUSDT', 'ASRUSDT', 'MITOUSDT', 'CUSDT', 'HBARUSDT', 'AAVEUSDT', 'XLMUSDT', 'FILUSDT', 'PAXGUSDT', 'SPKUSDT', 'OGUSDT', 'BMTUSDT', 'UNIUSDT', 'WIFUSDT', 'EIGENUSDT', 'FETUSDT', 'TAOUSDT', 'NEARUSDT', 'BBUSDT', 'ONDOUSDT', 'MAVUSDT', 'TREEUSDT', 'LDOUSDT', 'BCHUSDT', 'ARKMUSDT', 'SHIBUSDT', 'MEMEUSDT', 'SYRUPUSDT', 'POLUSDT', 'FORMUSDT', 'TIAUSDT', '1MBABYDOGEUSDT', 'VIRTUALUSDT', 'SOLVUSDT', 'ETHFIUSDT', 'APTUSDT', 'CTSIUSDT', 'EURUSDT', 'BFUSDUSDT', 'PROVEUSDT', 'CRVUSDT', 'GALAUSDT', 'OPUSDT', 'SUSDT', 'FLOKIUSDT', 'PNUTUSDT', 'NEIROUSDT', 'USD1USDT', 'API3USDT', 'RAYUSDT', 'ORDIUSDT', 'TONUSDT', 'PENDLEUSDT', 'MKRUSDT', 'ZECUSDT', 'AIXBTUSDT', 'CYBERUSDT', 'OMUSDT', 'VETUSDT', 'RUNEUSDT', 'ATOMUSDT', 'ALPINEUSDT', 'INJUSDT', 'KAIAUSDT', 'HUMAUSDT', 'ETCUSDT', 'RENDERUSDT', 'AIUSDT']
[2025-09-08T05:47:07.145+0000] {subprocess.py:93} INFO - 🔹 Lưu lịch sử giá vào DB bằng threading...
[2025-09-08T05:47:07.145+0000] {subprocess.py:93} INFO - 1/100 WLFIUSDT lỗi: relation "cryptocurrency.wlfiusdt" does not exist
[2025-09-08T05:47:07.146+0000] {subprocess.py:93} INFO - LINE 1: SELECT MAX(time) FROM cryptocurrency.wlfiusdt;
[2025-09-08T05:47:07.146+0000] {subprocess.py:93} INFO -                               ^
[2025-09-08T05:47:07.147+0000] {subprocess.py:93} INFO - 
[2025-09-08T05:47:07.147+0000] {subprocess.py:93} INFO - 2/100 SOMIUSDT lỗi: relation "cryptocurrency.somiusdt" does not exist
[2025-09-08T05:47:07.147+0000] {subprocess.py:93} INFO - LINE 1: SELECT MAX(time) FROM cryptocurrency.somiusdt;
[2025-09-08T05:47:07.147+0000] {subprocess.py:93} INFO -                               ^
[2025-09-08T05:47:07.148+0000] {subprocess.py:93} INFO - 
[2025-09-08T05:47:07.148+0000] {subprocess.py:93} INFO - ✅ ETHUSDT: thêm 1 dòng mới
[2025-09-08T05:47:07.148+0000] {subprocess.py:93} INFO - ✅ USDCUSDT: thêm 1 dòng mới
[2025-09-08T05:47:07.148+0000] {subprocess.py:93} INFO - ✅ BTCUSDT: thêm 1 dòng mới
[2025-09-08T05:47:07.148+0000] {subprocess.py:93} INFO - 3/100 ETHUSDT lưu OK
[2025-09-08T05:47:07.149+0000] {subprocess.py:93} INFO - 4/100 USDCUSDT lưu OK
[2025-09-08T05:47:07.149+0000] {subprocess.py:93} INFO - 5/100 BTCUSDT lưu OK
[2025-09-08T05:47:07.149+0000] {subprocess.py:93} INFO - ✅ DOGEUSDT: thêm 1 dòng mới
[2025-09-08T05:47:07.149+0000] {subprocess.py:93} INFO - 6/100 DOGEUSDT lưu OK
[2025-09-08T05:47:07.149+0000] {subprocess.py:93} INFO - ✅ SOLUSDT: thêm 1 dòng mới
[2025-09-08T05:47:07.150+0000] {subprocess.py:93} INFO - 7/100 SOLUSDT lưu OK
[2025-09-08T05:47:07.150+0000] {subprocess.py:93} INFO - ✅ WLDUSDT: thêm 1 dòng mới
[2025-09-08T05:47:07.150+0000] {subprocess.py:93} INFO - 8/100 WLDUSDT lưu OK
[2025-09-08T05:47:07.150+0000] {subprocess.py:93} INFO - ✅ XRPUSDT: thêm 1 dòng mới
[2025-09-08T05:47:07.150+0000] {subprocess.py:93} INFO - 9/100 XRPUSDT lưu OK
[2025-09-08T05:47:07.151+0000] {subprocess.py:93} INFO - ✅ FDUSDUSDT: thêm 1 dòng mới
[2025-09-08T05:47:07.151+0000] {subprocess.py:93} INFO - 10/100 FDUSDUSDT lưu OK
[2025-09-08T05:47:07.151+0000] {subprocess.py:93} INFO - ✅ BNBUSDT: thêm 1 dòng mới
[2025-09-08T05:47:07.151+0000] {subprocess.py:93} INFO - 11/100 BNBUSDT lưu OK
[2025-09-08T05:47:07.151+0000] {subprocess.py:93} INFO - ✅ TRXUSDT: thêm 1 dòng mới
[2025-09-08T05:47:07.152+0000] {subprocess.py:93} INFO - 12/100 TRXUSDT lưu OK
[2025-09-08T05:47:07.152+0000] {subprocess.py:93} INFO - 13/100 NMRUSDT lỗi: relation "cryptocurrency.nmrusdt" does not exist
[2025-09-08T05:47:07.152+0000] {subprocess.py:93} INFO - LINE 1: SELECT MAX(time) FROM cryptocurrency.nmrusdt;
[2025-09-08T05:47:07.152+0000] {subprocess.py:93} INFO -                               ^
[2025-09-08T05:47:07.152+0000] {subprocess.py:93} INFO - 
[2025-09-08T05:47:07.153+0000] {subprocess.py:93} INFO - ✅ LINKUSDT: thêm 1 dòng mới
[2025-09-08T05:47:07.153+0000] {subprocess.py:93} INFO - 14/100 LINKUSDT lưu OK
[2025-09-08T05:47:07.153+0000] {subprocess.py:93} INFO - ✅ PENGUUSDT: thêm 1 dòng mới
[2025-09-08T05:47:07.153+0000] {subprocess.py:93} INFO - 15/100 PENGUUSDT lưu OK
[2025-09-08T05:47:07.153+0000] {subprocess.py:93} INFO - ✅ PEPEUSDT: thêm 1 dòng mới
[2025-09-08T05:47:07.154+0000] {subprocess.py:93} INFO - 16/100 PEPEUSDT lưu OK
[2025-09-08T05:47:07.154+0000] {subprocess.py:93} INFO - ✅ ENAUSDT: thêm 1 dòng mới
[2025-09-08T05:47:07.154+0000] {subprocess.py:93} INFO - 17/100 ENAUSDT lưu OK
[2025-09-08T05:47:07.154+0000] {subprocess.py:93} INFO - 18/100 REDUSDT lỗi: relation "cryptocurrency.redusdt" does not exist
[2025-09-08T05:47:07.154+0000] {subprocess.py:93} INFO - LINE 1: SELECT MAX(time) FROM cryptocurrency.redusdt;
[2025-09-08T05:47:07.155+0000] {subprocess.py:93} INFO -                               ^
[2025-09-08T05:47:07.155+0000] {subprocess.py:93} INFO - 
[2025-09-08T05:47:07.155+0000] {subprocess.py:93} INFO - ✅ ADAUSDT: thêm 1 dòng mới
[2025-09-08T05:47:07.155+0000] {subprocess.py:93} INFO - 19/100 ADAUSDT lưu OK
[2025-09-08T05:47:07.155+0000] {subprocess.py:93} INFO - ✅ SUIUSDT: thêm 1 dòng mới
[2025-09-08T05:47:07.155+0000] {subprocess.py:93} INFO - 20/100 SUIUSDT lưu OK
[2025-09-08T05:47:07.156+0000] {subprocess.py:93} INFO - 21/100 GPSUSDT lỗi: relation "cryptocurrency.gpsusdt" does not exist
[2025-09-08T05:47:07.156+0000] {subprocess.py:93} INFO - LINE 1: SELECT MAX(time) FROM cryptocurrency.gpsusdt;
[2025-09-08T05:47:07.156+0000] {subprocess.py:93} INFO -                               ^
[2025-09-08T05:47:07.156+0000] {subprocess.py:93} INFO - 
[2025-09-08T05:47:07.156+0000] {subprocess.py:93} INFO - ✅ DOTUSDT: thêm 1 dòng mới
[2025-09-08T05:47:07.157+0000] {subprocess.py:93} INFO - 22/100 DOTUSDT lưu OK
[2025-09-08T05:47:07.157+0000] {subprocess.py:93} INFO - ✅ SEIUSDT: thêm 1 dòng mới
[2025-09-08T05:47:07.157+0000] {subprocess.py:93} INFO - 23/100 SEIUSDT lưu OK
[2025-09-08T05:47:07.157+0000] {subprocess.py:93} INFO - ✅ AVAXUSDT: thêm 1 dòng mới
[2025-09-08T05:47:07.157+0000] {subprocess.py:93} INFO - ✅ LTCUSDT: thêm 1 dòng mới
[2025-09-08T05:47:07.158+0000] {subprocess.py:93} INFO - 24/100 AVAXUSDT lưu OK
[2025-09-08T05:47:07.158+0000] {subprocess.py:93} INFO - 25/100 LTCUSDT lưu OK
[2025-09-08T05:47:07.158+0000] {subprocess.py:93} INFO - 26/100 DOLOUSDT lỗi: relation "cryptocurrency.dolousdt" does not exist
[2025-09-08T05:47:07.158+0000] {subprocess.py:93} INFO - LINE 1: SELECT MAX(time) FROM cryptocurrency.dolousdt;
[2025-09-08T05:47:07.158+0000] {subprocess.py:93} INFO -                               ^
[2025-09-08T05:47:07.159+0000] {subprocess.py:93} INFO - 
[2025-09-08T05:47:07.159+0000] {subprocess.py:93} INFO - ✅ BONKUSDT: thêm 1 dòng mới
[2025-09-08T05:47:07.159+0000] {subprocess.py:93} INFO - 27/100 BONKUSDT lưu OK
[2025-09-08T05:47:07.159+0000] {subprocess.py:93} INFO - 28/100 BIOUSDT lỗi: relation "cryptocurrency.biousdt" does not exist
[2025-09-08T05:47:07.160+0000] {subprocess.py:93} INFO - LINE 1: SELECT MAX(time) FROM cryptocurrency.biousdt;
[2025-09-08T05:47:07.160+0000] {subprocess.py:93} INFO -                               ^
[2025-09-08T05:47:07.160+0000] {subprocess.py:93} INFO - 
[2025-09-08T05:47:07.160+0000] {subprocess.py:93} INFO - 29/100 PYTHUSDT lỗi: relation "cryptocurrency.pythusdt" does not exist
[2025-09-08T05:47:07.161+0000] {subprocess.py:93} INFO - LINE 1: SELECT MAX(time) FROM cryptocurrency.pythusdt;
[2025-09-08T05:47:07.161+0000] {subprocess.py:93} INFO -                               ^
[2025-09-08T05:47:07.161+0000] {subprocess.py:93} INFO - 
[2025-09-08T05:47:07.162+0000] {subprocess.py:93} INFO - ✅ TOWNSUSDT: thêm 1 dòng mới
[2025-09-08T05:47:07.162+0000] {subprocess.py:93} INFO - 30/100 TOWNSUSDT lưu OK
[2025-09-08T05:47:07.162+0000] {subprocess.py:93} INFO - ✅ ARBUSDT: thêm 1 dòng mới
[2025-09-08T05:47:07.162+0000] {subprocess.py:93} INFO - 31/100 ARBUSDT lưu OK
[2025-09-08T05:47:07.163+0000] {subprocess.py:93} INFO - 32/100 PLUMEUSDT lỗi: relation "cryptocurrency.plumeusdt" does not exist
[2025-09-08T05:47:07.163+0000] {subprocess.py:93} INFO - LINE 1: SELECT MAX(time) FROM cryptocurrency.plumeusdt;
[2025-09-08T05:47:07.163+0000] {subprocess.py:93} INFO -                               ^
[2025-09-08T05:47:07.163+0000] {subprocess.py:93} INFO - 
[2025-09-08T05:47:07.164+0000] {subprocess.py:93} INFO - ✅ TRUMPUSDT: thêm 1 dòng mới
[2025-09-08T05:47:07.164+0000] {subprocess.py:93} INFO - 33/100 TRUMPUSDT lưu OK
[2025-09-08T05:47:07.164+0000] {subprocess.py:93} INFO - ✅ FILUSDT: thêm 1 dòng mới
[2025-09-08T05:47:07.164+0000] {subprocess.py:93} INFO - 34/100 FILUSDT lưu OK
[2025-09-08T05:47:07.164+0000] {subprocess.py:93} INFO - 35/100 MITOUSDT lỗi: relation "cryptocurrency.mitousdt" does not exist
[2025-09-08T05:47:07.165+0000] {subprocess.py:93} INFO - LINE 1: SELECT MAX(time) FROM cryptocurrency.mitousdt;
[2025-09-08T05:47:07.165+0000] {subprocess.py:93} INFO -                               ^
[2025-09-08T05:47:07.165+0000] {subprocess.py:93} INFO - 
[2025-09-08T05:47:07.165+0000] {subprocess.py:93} INFO - ✅ ASRUSDT: thêm 1 dòng mới
[2025-09-08T05:47:07.165+0000] {subprocess.py:93} INFO - 36/100 ASRUSDT lưu OK
[2025-09-08T05:47:07.166+0000] {subprocess.py:93} INFO - 37/100 CUSDT lỗi: relation "cryptocurrency.cusdt" does not exist
[2025-09-08T05:47:07.166+0000] {subprocess.py:93} INFO - LINE 1: SELECT MAX(time) FROM cryptocurrency.cusdt;
[2025-09-08T05:47:07.166+0000] {subprocess.py:93} INFO -                               ^
[2025-09-08T05:47:07.166+0000] {subprocess.py:93} INFO - 
[2025-09-08T05:47:07.166+0000] {subprocess.py:93} INFO - ✅ XLMUSDT: thêm 1 dòng mới
[2025-09-08T05:47:07.167+0000] {subprocess.py:93} INFO - 38/100 XLMUSDT lưu OK
[2025-09-08T05:47:07.167+0000] {subprocess.py:93} INFO - ✅ SPKUSDT: thêm 1 dòng mới
[2025-09-08T05:47:07.167+0000] {subprocess.py:93} INFO - 39/100 SPKUSDT lưu OK
[2025-09-08T05:47:07.167+0000] {subprocess.py:93} INFO - ✅ AAVEUSDT: thêm 1 dòng mới
[2025-09-08T05:47:07.168+0000] {subprocess.py:93} INFO - 40/100 AAVEUSDT lưu OK
[2025-09-08T05:47:07.168+0000] {subprocess.py:93} INFO - ✅ HBARUSDT: thêm 1 dòng mới
[2025-09-08T05:47:07.168+0000] {subprocess.py:93} INFO - 41/100 HBARUSDT lưu OK
[2025-09-08T05:47:07.168+0000] {subprocess.py:93} INFO - ✅ OGUSDT: thêm 1 dòng mới
[2025-09-08T05:47:07.168+0000] {subprocess.py:93} INFO - 42/100 OGUSDT lưu OK
[2025-09-08T05:47:07.169+0000] {subprocess.py:93} INFO - 43/100 PAXGUSDT lỗi: relation "cryptocurrency.paxgusdt" does not exist
[2025-09-08T05:47:07.169+0000] {subprocess.py:93} INFO - LINE 1: SELECT MAX(time) FROM cryptocurrency.paxgusdt;
[2025-09-08T05:47:07.169+0000] {subprocess.py:93} INFO -                               ^
[2025-09-08T05:47:07.169+0000] {subprocess.py:93} INFO - 
[2025-09-08T05:47:07.170+0000] {subprocess.py:93} INFO - 44/100 BMTUSDT lỗi: relation "cryptocurrency.bmtusdt" does not exist
[2025-09-08T05:47:07.170+0000] {subprocess.py:93} INFO - LINE 1: SELECT MAX(time) FROM cryptocurrency.bmtusdt;
[2025-09-08T05:47:07.170+0000] {subprocess.py:93} INFO -                               ^
[2025-09-08T05:47:07.170+0000] {subprocess.py:93} INFO - 
[2025-09-08T05:47:07.171+0000] {subprocess.py:93} INFO - ✅ EIGENUSDT: thêm 1 dòng mới
[2025-09-08T05:47:07.171+0000] {subprocess.py:93} INFO - 45/100 EIGENUSDT lưu OK
[2025-09-08T05:47:07.171+0000] {subprocess.py:93} INFO - ✅ UNIUSDT: thêm 1 dòng mới
[2025-09-08T05:47:07.171+0000] {subprocess.py:93} INFO - 46/100 UNIUSDT lưu OK
[2025-09-08T05:47:07.171+0000] {subprocess.py:93} INFO - ✅ WIFUSDT: thêm 1 dòng mới
[2025-09-08T05:47:07.172+0000] {subprocess.py:93} INFO - 47/100 WIFUSDT lưu OK
[2025-09-08T05:47:07.172+0000] {subprocess.py:93} INFO - ✅ FETUSDT: thêm 1 dòng mới
[2025-09-08T05:47:07.172+0000] {subprocess.py:93} INFO - 48/100 FETUSDT lưu OK
[2025-09-08T05:47:07.172+0000] {subprocess.py:93} INFO - ✅ NEARUSDT: thêm 1 dòng mới
[2025-09-08T05:47:07.172+0000] {subprocess.py:93} INFO - 49/100 NEARUSDT lưu OK
[2025-09-08T05:47:07.173+0000] {subprocess.py:93} INFO - ✅ TAOUSDT: thêm 1 dòng mới
[2025-09-08T05:47:07.173+0000] {subprocess.py:93} INFO - 50/100 TAOUSDT lưu OK
[2025-09-08T05:47:07.173+0000] {subprocess.py:93} INFO - ✅ ONDOUSDT: thêm 1 dòng mới
[2025-09-08T05:47:07.173+0000] {subprocess.py:93} INFO - 51/100 ONDOUSDT lưu OK
[2025-09-08T05:47:07.173+0000] {subprocess.py:93} INFO - 52/100 BBUSDT lỗi: relation "cryptocurrency.bbusdt" does not exist
[2025-09-08T05:47:07.174+0000] {subprocess.py:93} INFO - LINE 1: SELECT MAX(time) FROM cryptocurrency.bbusdt;
[2025-09-08T05:47:07.174+0000] {subprocess.py:93} INFO -                               ^
[2025-09-08T05:47:07.174+0000] {subprocess.py:93} INFO - 
[2025-09-08T05:47:07.174+0000] {subprocess.py:93} INFO - 53/100 TREEUSDT lỗi: relation "cryptocurrency.treeusdt" does not exist
[2025-09-08T05:47:07.174+0000] {subprocess.py:93} INFO - LINE 1: SELECT MAX(time) FROM cryptocurrency.treeusdt;
[2025-09-08T05:47:07.175+0000] {subprocess.py:93} INFO -                               ^
[2025-09-08T05:47:07.175+0000] {subprocess.py:93} INFO - 
[2025-09-08T05:47:07.175+0000] {subprocess.py:93} INFO - ✅ MAVUSDT: thêm 1 dòng mới
[2025-09-08T05:47:07.175+0000] {subprocess.py:93} INFO - 54/100 MAVUSDT lưu OK
[2025-09-08T05:47:07.175+0000] {subprocess.py:93} INFO - ✅ BCHUSDT: thêm 1 dòng mới
[2025-09-08T05:47:07.175+0000] {subprocess.py:93} INFO - 55/100 BCHUSDT lưu OK
[2025-09-08T05:47:07.176+0000] {subprocess.py:93} INFO - ✅ ARKMUSDT: thêm 1 dòng mới
[2025-09-08T05:47:07.176+0000] {subprocess.py:93} INFO - 56/100 ARKMUSDT lưu OK
[2025-09-08T05:47:07.176+0000] {subprocess.py:93} INFO - ✅ LDOUSDT: thêm 1 dòng mới
[2025-09-08T05:47:07.176+0000] {subprocess.py:93} INFO - 57/100 LDOUSDT lưu OK
[2025-09-08T05:47:07.176+0000] {subprocess.py:93} INFO - ✅ SYRUPUSDT: thêm 1 dòng mới
[2025-09-08T05:47:07.177+0000] {subprocess.py:93} INFO - 58/100 SYRUPUSDT lưu OK
[2025-09-08T05:47:07.177+0000] {subprocess.py:93} INFO - 59/100 1MBABYDOGEUSDT lỗi: trailing junk after numeric literal at or near ".1m"
[2025-09-08T05:47:07.177+0000] {subprocess.py:93} INFO - LINE 1: SELECT MAX(time) FROM cryptocurrency.1mbabydogeusdt;
[2025-09-08T05:47:07.177+0000] {subprocess.py:93} INFO -                                             ^
[2025-09-08T05:47:07.177+0000] {subprocess.py:93} INFO - 
[2025-09-08T05:47:07.178+0000] {subprocess.py:93} INFO - ✅ SHIBUSDT: thêm 1 dòng mới
[2025-09-08T05:47:07.178+0000] {subprocess.py:93} INFO - 60/100 SHIBUSDT lưu OK
[2025-09-08T05:47:07.178+0000] {subprocess.py:93} INFO - 61/100 MEMEUSDT lỗi: relation "cryptocurrency.memeusdt" does not exist
[2025-09-08T05:47:07.178+0000] {subprocess.py:93} INFO - LINE 1: SELECT MAX(time) FROM cryptocurrency.memeusdt;
[2025-09-08T05:47:07.178+0000] {subprocess.py:93} INFO -                               ^
[2025-09-08T05:47:07.179+0000] {subprocess.py:93} INFO - 
[2025-09-08T05:47:07.179+0000] {subprocess.py:93} INFO - ✅ POLUSDT: thêm 1 dòng mới
[2025-09-08T05:47:07.179+0000] {subprocess.py:93} INFO - 62/100 POLUSDT lưu OK
[2025-09-08T05:47:07.179+0000] {subprocess.py:93} INFO - 63/100 FORMUSDT lỗi: relation "cryptocurrency.formusdt" does not exist
[2025-09-08T05:47:07.179+0000] {subprocess.py:93} INFO - LINE 1: SELECT MAX(time) FROM cryptocurrency.formusdt;
[2025-09-08T05:47:07.180+0000] {subprocess.py:93} INFO -                               ^
[2025-09-08T05:47:07.180+0000] {subprocess.py:93} INFO - 
[2025-09-08T05:47:07.180+0000] {subprocess.py:93} INFO - ✅ TIAUSDT: thêm 1 dòng mới
[2025-09-08T05:47:07.180+0000] {subprocess.py:93} INFO - 64/100 TIAUSDT lưu OK
[2025-09-08T05:47:07.180+0000] {subprocess.py:93} INFO - 65/100 SOLVUSDT lỗi: relation "cryptocurrency.solvusdt" does not exist
[2025-09-08T05:47:07.181+0000] {subprocess.py:93} INFO - LINE 1: SELECT MAX(time) FROM cryptocurrency.solvusdt;
[2025-09-08T05:47:07.181+0000] {subprocess.py:93} INFO -                               ^
[2025-09-08T05:47:07.181+0000] {subprocess.py:93} INFO - 
[2025-09-08T05:47:07.181+0000] {subprocess.py:93} INFO - ✅ VIRTUALUSDT: thêm 1 dòng mới
[2025-09-08T05:47:07.181+0000] {subprocess.py:93} INFO - 66/100 VIRTUALUSDT lưu OK
[2025-09-08T05:47:07.182+0000] {subprocess.py:93} INFO - ✅ ETHFIUSDT: thêm 1 dòng mới
[2025-09-08T05:47:07.182+0000] {subprocess.py:93} INFO - 67/100 ETHFIUSDT lưu OK
[2025-09-08T05:47:07.182+0000] {subprocess.py:93} INFO - ✅ CTSIUSDT: thêm 1 dòng mới
[2025-09-08T05:47:07.182+0000] {subprocess.py:93} INFO - 68/100 CTSIUSDT lưu OK
[2025-09-08T05:47:07.182+0000] {subprocess.py:93} INFO - ✅ APTUSDT: thêm 1 dòng mới
[2025-09-08T05:47:07.183+0000] {subprocess.py:93} INFO - 69/100 APTUSDT lưu OK
[2025-09-08T05:47:07.183+0000] {subprocess.py:93} INFO - ✅ EURUSDT: thêm 1 dòng mới
[2025-09-08T05:47:07.183+0000] {subprocess.py:93} INFO - 70/100 EURUSDT lưu OK
[2025-09-08T05:47:07.183+0000] {subprocess.py:93} INFO - ✅ BFUSDUSDT: thêm 1 dòng mới
[2025-09-08T05:47:07.183+0000] {subprocess.py:93} INFO - 71/100 BFUSDUSDT lưu OK
[2025-09-08T05:47:07.184+0000] {subprocess.py:93} INFO - ✅ PNUTUSDT: thêm 1 dòng mới
[2025-09-08T05:47:07.184+0000] {subprocess.py:93} INFO - 72/100 PNUTUSDT lưu OK
[2025-09-08T05:47:07.184+0000] {subprocess.py:93} INFO - ✅ CRVUSDT: thêm 1 dòng mới
[2025-09-08T05:47:07.184+0000] {subprocess.py:93} INFO - 73/100 CRVUSDT lưu OK
[2025-09-08T05:47:07.184+0000] {subprocess.py:93} INFO - ✅ PROVEUSDT: thêm 1 dòng mới
[2025-09-08T05:47:07.185+0000] {subprocess.py:93} INFO - 74/100 PROVEUSDT lưu OK
[2025-09-08T05:47:07.185+0000] {subprocess.py:93} INFO - ✅ GALAUSDT: thêm 1 dòng mới
[2025-09-08T05:47:07.185+0000] {subprocess.py:93} INFO - 75/100 GALAUSDT lưu OK
[2025-09-08T05:47:07.185+0000] {subprocess.py:93} INFO - ✅ OPUSDT: thêm 1 dòng mới
[2025-09-08T05:47:07.185+0000] {subprocess.py:93} INFO - 76/100 OPUSDT lưu OK
[2025-09-08T05:47:07.186+0000] {subprocess.py:93} INFO - ✅ FLOKIUSDT: thêm 1 dòng mới
[2025-09-08T05:47:07.186+0000] {subprocess.py:93} INFO - 77/100 FLOKIUSDT lưu OK
[2025-09-08T05:47:07.186+0000] {subprocess.py:93} INFO - ✅ SUSDT: thêm 1 dòng mới
[2025-09-08T05:47:07.186+0000] {subprocess.py:93} INFO - 78/100 SUSDT lưu OK
[2025-09-08T05:47:07.186+0000] {subprocess.py:93} INFO - ✅ NEIROUSDT: thêm 1 dòng mới
[2025-09-08T05:47:07.187+0000] {subprocess.py:93} INFO - 79/100 NEIROUSDT lưu OK
[2025-09-08T05:47:07.187+0000] {subprocess.py:93} INFO - 80/100 USD1USDT lỗi: relation "cryptocurrency.usd1usdt" does not exist
[2025-09-08T05:47:07.187+0000] {subprocess.py:93} INFO - LINE 1: SELECT MAX(time) FROM cryptocurrency.usd1usdt;
[2025-09-08T05:47:07.187+0000] {subprocess.py:93} INFO -                               ^
[2025-09-08T05:47:07.187+0000] {subprocess.py:93} INFO - 
[2025-09-08T05:47:07.188+0000] {subprocess.py:93} INFO - ✅ API3USDT: thêm 1 dòng mới
[2025-09-08T05:47:07.188+0000] {subprocess.py:93} INFO - 81/100 API3USDT lưu OK
[2025-09-08T05:47:07.188+0000] {subprocess.py:93} INFO - ✅ RAYUSDT: thêm 1 dòng mới
[2025-09-08T05:47:07.188+0000] {subprocess.py:93} INFO - 82/100 RAYUSDT lưu OK
[2025-09-08T05:47:07.188+0000] {subprocess.py:93} INFO - ✅ ORDIUSDT: thêm 1 dòng mới
[2025-09-08T05:47:07.189+0000] {subprocess.py:93} INFO - 83/100 ORDIUSDT lưu OK
[2025-09-08T05:47:07.189+0000] {subprocess.py:93} INFO - ✅ TONUSDT: thêm 1 dòng mới
[2025-09-08T05:47:07.189+0000] {subprocess.py:93} INFO - 84/100 TONUSDT lưu OK
[2025-09-08T05:47:07.582+0000] {subprocess.py:93} INFO - 85/100 ZECUSDT lỗi: relation "cryptocurrency.zecusdt" does not exist
[2025-09-08T05:47:07.583+0000] {subprocess.py:93} INFO - LINE 1: SELECT MAX(time) FROM cryptocurrency.zecusdt;
[2025-09-08T05:47:07.583+0000] {subprocess.py:93} INFO -                               ^
[2025-09-08T05:47:07.583+0000] {subprocess.py:93} INFO - 
[2025-09-08T05:47:07.583+0000] {subprocess.py:93} INFO - 86/100 MKRUSDT lỗi: relation "cryptocurrency.mkrusdt" does not exist
[2025-09-08T05:47:07.584+0000] {subprocess.py:93} INFO - LINE 1: SELECT MAX(time) FROM cryptocurrency.mkrusdt;
[2025-09-08T05:47:07.584+0000] {subprocess.py:93} INFO -                               ^
[2025-09-08T05:47:07.584+0000] {subprocess.py:93} INFO - 
[2025-09-08T05:47:07.584+0000] {subprocess.py:93} INFO - 87/100 PENDLEUSDT lưu OK
[2025-09-08T05:47:07.584+0000] {subprocess.py:93} INFO - 88/100 AIXBTUSDT lỗi: relation "cryptocurrency.aixbtusdt" does not exist
[2025-09-08T05:47:07.585+0000] {subprocess.py:93} INFO - LINE 1: SELECT MAX(time) FROM cryptocurrency.aixbtusdt;
[2025-09-08T05:47:07.585+0000] {subprocess.py:93} INFO -                               ^
[2025-09-08T05:47:07.585+0000] {subprocess.py:93} INFO - 
[2025-09-08T05:47:07.585+0000] {subprocess.py:93} INFO - 89/100 CYBERUSDT lỗi: relation "cryptocurrency.cyberusdt" does not exist
[2025-09-08T05:47:07.585+0000] {subprocess.py:93} INFO - LINE 1: SELECT MAX(time) FROM cryptocurrency.cyberusdt;
[2025-09-08T05:47:07.586+0000] {subprocess.py:93} INFO -                               ^
[2025-09-08T05:47:07.586+0000] {subprocess.py:93} INFO - 
[2025-09-08T05:47:07.586+0000] {subprocess.py:93} INFO - 90/100 VETUSDT lỗi: relation "cryptocurrency.vetusdt" does not exist
[2025-09-08T05:47:07.587+0000] {subprocess.py:93} INFO - LINE 1: SELECT MAX(time) FROM cryptocurrency.vetusdt;
[2025-09-08T05:47:07.587+0000] {subprocess.py:93} INFO -                               ^
[2025-09-08T05:47:07.587+0000] {subprocess.py:93} INFO - 
[2025-09-08T05:47:07.587+0000] {subprocess.py:93} INFO - ✅ OMUSDT: thêm 1 dòng mới
[2025-09-08T05:47:07.587+0000] {subprocess.py:93} INFO - 91/100 OMUSDT lưu OK
[2025-09-08T05:47:07.588+0000] {subprocess.py:93} INFO - 92/100 RUNEUSDT lỗi: relation "cryptocurrency.runeusdt" does not exist
[2025-09-08T05:47:07.588+0000] {subprocess.py:93} INFO - LINE 1: SELECT MAX(time) FROM cryptocurrency.runeusdt;
[2025-09-08T05:47:07.588+0000] {subprocess.py:93} INFO -                               ^
[2025-09-08T05:47:07.588+0000] {subprocess.py:93} INFO - 
[2025-09-08T05:47:07.588+0000] {subprocess.py:93} INFO - 93/100 ATOMUSDT lỗi: relation "cryptocurrency.atomusdt" does not exist
[2025-09-08T05:47:07.589+0000] {subprocess.py:93} INFO - LINE 1: SELECT MAX(time) FROM cryptocurrency.atomusdt;
[2025-09-08T05:47:07.589+0000] {subprocess.py:93} INFO -                               ^
[2025-09-08T05:47:07.589+0000] {subprocess.py:93} INFO - 
[2025-09-08T05:47:07.589+0000] {subprocess.py:93} INFO - ✅ ALPINEUSDT: thêm 1 dòng mới
[2025-09-08T05:47:07.589+0000] {subprocess.py:93} INFO - 94/100 ALPINEUSDT lưu OK
[2025-09-08T05:47:07.590+0000] {subprocess.py:93} INFO - 95/100 KAIAUSDT lỗi: relation "cryptocurrency.kaiausdt" does not exist
[2025-09-08T05:47:07.590+0000] {subprocess.py:93} INFO - LINE 1: SELECT MAX(time) FROM cryptocurrency.kaiausdt;
[2025-09-08T05:47:07.590+0000] {subprocess.py:93} INFO -                               ^
[2025-09-08T05:47:07.590+0000] {subprocess.py:93} INFO - 
[2025-09-08T05:47:07.590+0000] {subprocess.py:93} INFO - ✅ INJUSDT: thêm 1 dòng mới
[2025-09-08T05:47:07.591+0000] {subprocess.py:93} INFO - 96/100 INJUSDT lưu OK
[2025-09-08T05:47:07.591+0000] {subprocess.py:93} INFO - 97/100 HUMAUSDT lỗi: relation "cryptocurrency.humausdt" does not exist
[2025-09-08T05:47:07.591+0000] {subprocess.py:93} INFO - LINE 1: SELECT MAX(time) FROM cryptocurrency.humausdt;
[2025-09-08T05:47:07.591+0000] {subprocess.py:93} INFO -                               ^
[2025-09-08T05:47:07.591+0000] {subprocess.py:93} INFO - 
[2025-09-08T05:47:07.592+0000] {subprocess.py:93} INFO - ✅ RENDERUSDT: thêm 1 dòng mới
[2025-09-08T05:47:07.592+0000] {subprocess.py:93} INFO - 98/100 RENDERUSDT lưu OK
[2025-09-08T05:47:07.592+0000] {subprocess.py:93} INFO - ✅ ETCUSDT: thêm 1 dòng mới
[2025-09-08T05:47:07.592+0000] {subprocess.py:93} INFO - 99/100 ETCUSDT lưu OK
[2025-09-08T05:47:07.592+0000] {subprocess.py:93} INFO - 100/100 AIUSDT lỗi: relation "cryptocurrency.aiusdt" does not exist
[2025-09-08T05:47:07.593+0000] {subprocess.py:93} INFO - LINE 1: SELECT MAX(time) FROM cryptocurrency.aiusdt;
[2025-09-08T05:47:07.593+0000] {subprocess.py:93} INFO -                               ^
[2025-09-08T05:47:07.593+0000] {subprocess.py:93} INFO - 
[2025-09-08T05:47:07.693+0000] {subprocess.py:93} INFO - \x8a\x88А\xec\xdcmމ\xc2eq\x96\x8b\xfd\x9c\xbf[\xac\x92\xdb\xea\xfey|\xad\xeb\xaf\xf7\xcb\xdb\xcd
[2025-09-08T05:47:07.693+0000] {subprocess.py:97} INFO - Command exited with return code 0
[2025-09-08T05:47:07.694+0000] {taskinstance.py:441} INFO - ::group::Post task execution logs
[2025-09-08T05:47:07.720+0000] {taskinstance.py:1206} INFO - Marking task as SUCCESS. dag_id=crypto_collector_dag, task_id=run_crypto_collector, run_id=scheduled__2025-09-08T05:46:00+00:00, execution_date=20250908T054600, start_date=20250908T054700, end_date=20250908T054707
[2025-09-08T05:47:07.765+0000] {local_task_job_runner.py:240} INFO - Task exited with return code 0
[2025-09-08T05:47:07.778+0000] {local_task_job_runner.py:222} INFO - ::endgroup::
