[2025-08-12T06:36:02.538+0000] {local_task_job_runner.py:120} INFO - ::group::Pre task execution logs
[2025-08-12T06:36:02.564+0000] {taskinstance.py:2076} INFO - Dependencies all met for dep_context=non-requeueable deps ti=<TaskInstance: run_all_alerts_and_save_to_postgres.run_alert_setup scheduled__2025-08-12T06:30:00+00:00 [queued]>
[2025-08-12T06:36:02.572+0000] {taskinstance.py:2076} INFO - Dependencies all met for dep_context=requeueable deps ti=<TaskInstance: run_all_alerts_and_save_to_postgres.run_alert_setup scheduled__2025-08-12T06:30:00+00:00 [queued]>
[2025-08-12T06:36:02.573+0000] {taskinstance.py:2306} INFO - Starting attempt 2 of 2
[2025-08-12T06:36:02.586+0000] {taskinstance.py:2330} INFO - Executing <Task(PythonOperator): run_alert_setup> on 2025-08-12 06:30:00+00:00
[2025-08-12T06:36:02.592+0000] {standard_task_runner.py:63} INFO - Started process 356770 to run task
[2025-08-12T06:36:02.596+0000] {standard_task_runner.py:90} INFO - Running: ['***', 'tasks', 'run', 'run_all_alerts_and_save_to_postgres', 'run_alert_setup', 'scheduled__2025-08-12T06:30:00+00:00', '--job-id', '5463', '--raw', '--subdir', 'DAGS_FOLDER/alert_***_project/dags/alert_functions_dag.py', '--cfg-path', '/tmp/tmpiwczzbad']
[2025-08-12T06:36:02.598+0000] {standard_task_runner.py:91} INFO - Job 5463: Subtask run_alert_setup
[2025-08-12T06:36:02.652+0000] {task_command.py:426} INFO - Running <TaskInstance: run_all_alerts_and_save_to_postgres.run_alert_setup scheduled__2025-08-12T06:30:00+00:00 [running]> on host 1877907bc043
[2025-08-12T06:36:02.771+0000] {taskinstance.py:2648} INFO - Exporting env vars: AIRFLOW_CTX_DAG_OWNER='alert_system' AIRFLOW_CTX_DAG_ID='run_all_alerts_and_save_to_postgres' AIRFLOW_CTX_TASK_ID='run_alert_setup' AIRFLOW_CTX_EXECUTION_DATE='2025-08-12T06:30:00+00:00' AIRFLOW_CTX_TRY_NUMBER='2' AIRFLOW_CTX_DAG_RUN_ID='scheduled__2025-08-12T06:30:00+00:00'
[2025-08-12T06:36:02.772+0000] {taskinstance.py:430} INFO - ::endgroup::
[2025-08-12T06:36:02.794+0000] {logging_mixin.py:188} INFO - [INFO] Running script: /opt/***/dags/alert_***_project/dags/alert_scripts/Alert_Setup.py
[2025-08-12T06:36:02.907+0000] {logging_mixin.py:188} INFO - [ERROR] Alert_Setup.py failed:
python3: can't open file '/opt/***/dags/alert_***_project/dags/alert_scripts/Alert_Setup.py': [Errno 2] No such file or directory
[2025-08-12T06:36:02.908+0000] {taskinstance.py:441} INFO - ::group::Post task execution logs
[2025-08-12T06:36:02.908+0000] {taskinstance.py:2905} ERROR - Task failed with exception
Traceback (most recent call last):
  File "/home/airflow/.local/lib/python3.10/site-packages/airflow/models/taskinstance.py", line 465, in _execute_task
    result = _execute_callable(context=context, **execute_callable_kwargs)
  File "/home/airflow/.local/lib/python3.10/site-packages/airflow/models/taskinstance.py", line 432, in _execute_callable
    return execute_callable(context=context, **execute_callable_kwargs)
  File "/home/airflow/.local/lib/python3.10/site-packages/airflow/models/baseoperator.py", line 400, in wrapper
    return func(self, *args, **kwargs)
  File "/home/airflow/.local/lib/python3.10/site-packages/airflow/operators/python.py", line 235, in execute
    return_value = self.execute_callable()
  File "/home/airflow/.local/lib/python3.10/site-packages/airflow/operators/python.py", line 252, in execute_callable
    return self.python_callable(*self.op_args, **self.op_kwargs)
  File "/opt/airflow/dags/alert_airflow_project/dags/alert_functions_dag.py", line 23, in run_alert_script
    result = subprocess.run(
  File "/usr/local/lib/python3.10/subprocess.py", line 526, in run
    raise CalledProcessError(retcode, process.args,
subprocess.CalledProcessError: Command '['python3', '/opt/airflow/dags/alert_airflow_project/dags/alert_scripts/Alert_Setup.py']' returned non-zero exit status 2.
[2025-08-12T06:36:02.918+0000] {taskinstance.py:1206} INFO - Marking task as FAILED. dag_id=run_all_alerts_and_save_to_postgres, task_id=run_alert_setup, run_id=scheduled__2025-08-12T06:30:00+00:00, execution_date=20250812T063000, start_date=20250812T063602, end_date=20250812T063602
[2025-08-12T06:36:02.933+0000] {standard_task_runner.py:110} ERROR - Failed to execute job 5463 for task run_alert_setup (Command '['python3', '/opt/airflow/dags/alert_airflow_project/dags/alert_scripts/Alert_Setup.py']' returned non-zero exit status 2.; 356770)
[2025-08-12T06:36:02.969+0000] {local_task_job_runner.py:240} INFO - Task exited with return code 1
[2025-08-12T06:36:02.983+0000] {local_task_job_runner.py:222} INFO - ::endgroup::
