[2025-09-01T10:26:28.724+0000] {local_task_job_runner.py:120} INFO - ::group::Pre task execution logs
[2025-09-01T10:26:28.752+0000] {taskinstance.py:2076} INFO - Dependencies all met for dep_context=non-requeueable deps ti=<TaskInstance: market_table_foreign.foreign_ALL scheduled__2025-08-31T17:24:00+00:00 [queued]>
[2025-09-01T10:26:28.762+0000] {taskinstance.py:2076} INFO - Dependencies all met for dep_context=requeueable deps ti=<TaskInstance: market_table_foreign.foreign_ALL scheduled__2025-08-31T17:24:00+00:00 [queued]>
[2025-09-01T10:26:28.763+0000] {taskinstance.py:2306} INFO - Starting attempt 1 of 11
[2025-09-01T10:26:28.778+0000] {taskinstance.py:2330} INFO - Executing <Task(PythonOperator): foreign_ALL> on 2025-08-31 17:24:00+00:00
[2025-09-01T10:26:28.787+0000] {standard_task_runner.py:63} INFO - Started process 2318362 to run task
[2025-09-01T10:26:28.791+0000] {standard_task_runner.py:90} INFO - Running: ['***', 'tasks', 'run', 'market_table_foreign', 'foreign_ALL', 'scheduled__2025-08-31T17:24:00+00:00', '--job-id', '42252', '--raw', '--subdir', 'DAGS_FOLDER/dag_market_live.py', '--cfg-path', '/tmp/tmpxoiiui2q']
[2025-09-01T10:26:28.794+0000] {standard_task_runner.py:91} INFO - Job 42252: Subtask foreign_ALL
[2025-09-01T10:26:28.849+0000] {task_command.py:426} INFO - Running <TaskInstance: market_table_foreign.foreign_ALL scheduled__2025-08-31T17:24:00+00:00 [running]> on host 1877907bc043
[2025-09-01T10:26:28.966+0000] {taskinstance.py:2648} INFO - Exporting env vars: AIRFLOW_CTX_DAG_OWNER='***' AIRFLOW_CTX_DAG_ID='market_table_foreign' AIRFLOW_CTX_TASK_ID='foreign_ALL' AIRFLOW_CTX_EXECUTION_DATE='2025-08-31T17:24:00+00:00' AIRFLOW_CTX_TRY_NUMBER='1' AIRFLOW_CTX_DAG_RUN_ID='scheduled__2025-08-31T17:24:00+00:00'
[2025-09-01T10:26:28.967+0000] {taskinstance.py:430} INFO - ::endgroup::
[2025-09-01T10:26:28.983+0000] {foreign_ALL.py:17} INFO - Kết nối DB
[2025-09-01T10:26:29.377+0000] {foreign_ALL.py:42} INFO - Đã lưu foreign_ALL
[2025-09-01T10:26:29.378+0000] {python.py:237} INFO - Done. Returned value was: None
[2025-09-01T10:26:29.379+0000] {taskinstance.py:441} INFO - ::group::Post task execution logs
[2025-09-01T10:26:29.392+0000] {taskinstance.py:1206} INFO - Marking task as SUCCESS. dag_id=market_table_foreign, task_id=foreign_ALL, run_id=scheduled__2025-08-31T17:24:00+00:00, execution_date=20250831T172400, start_date=20250901T102628, end_date=20250901T102629
[2025-09-01T10:26:29.445+0000] {local_task_job_runner.py:240} INFO - Task exited with return code 0
[2025-09-01T10:26:29.475+0000] {taskinstance.py:3498} INFO - 0 downstream tasks scheduled from follow-on schedule check
[2025-09-01T10:26:29.476+0000] {local_task_job_runner.py:222} INFO - ::endgroup::
[2025-09-01T10:27:35.120+0000] {local_task_job_runner.py:120} INFO - ::group::Pre task execution logs
[2025-09-01T10:27:35.154+0000] {taskinstance.py:2076} INFO - Dependencies all met for dep_context=non-requeueable deps ti=<TaskInstance: market_table_foreign.foreign_ALL scheduled__2025-08-31T17:24:00+00:00 [queued]>
[2025-09-01T10:27:35.164+0000] {taskinstance.py:2076} INFO - Dependencies all met for dep_context=requeueable deps ti=<TaskInstance: market_table_foreign.foreign_ALL scheduled__2025-08-31T17:24:00+00:00 [queued]>
[2025-09-01T10:27:35.165+0000] {taskinstance.py:2306} INFO - Starting attempt 1 of 11
[2025-09-01T10:27:35.178+0000] {taskinstance.py:2330} INFO - Executing <Task(PythonOperator): foreign_ALL> on 2025-08-31 17:24:00+00:00
[2025-09-01T10:27:35.186+0000] {standard_task_runner.py:63} INFO - Started process 2319159 to run task
[2025-09-01T10:27:35.190+0000] {standard_task_runner.py:90} INFO - Running: ['***', 'tasks', 'run', 'market_table_foreign', 'foreign_ALL', 'scheduled__2025-08-31T17:24:00+00:00', '--job-id', '42493', '--raw', '--subdir', 'DAGS_FOLDER/dag_market_live.py', '--cfg-path', '/tmp/tmpeqozdeot']
[2025-09-01T10:27:35.193+0000] {standard_task_runner.py:91} INFO - Job 42493: Subtask foreign_ALL
[2025-09-01T10:27:35.244+0000] {task_command.py:426} INFO - Running <TaskInstance: market_table_foreign.foreign_ALL scheduled__2025-08-31T17:24:00+00:00 [running]> on host 1877907bc043
[2025-09-01T10:27:35.333+0000] {taskinstance.py:2648} INFO - Exporting env vars: AIRFLOW_CTX_DAG_OWNER='***' AIRFLOW_CTX_DAG_ID='market_table_foreign' AIRFLOW_CTX_TASK_ID='foreign_ALL' AIRFLOW_CTX_EXECUTION_DATE='2025-08-31T17:24:00+00:00' AIRFLOW_CTX_TRY_NUMBER='1' AIRFLOW_CTX_DAG_RUN_ID='scheduled__2025-08-31T17:24:00+00:00'
[2025-09-01T10:27:35.334+0000] {taskinstance.py:430} INFO - ::endgroup::
[2025-09-01T10:27:35.347+0000] {foreign_ALL.py:17} INFO - Kết nối DB
[2025-09-01T10:27:35.757+0000] {foreign_ALL.py:42} INFO - Đã lưu foreign_ALL
[2025-09-01T10:27:35.758+0000] {python.py:237} INFO - Done. Returned value was: None
[2025-09-01T10:27:35.759+0000] {taskinstance.py:441} INFO - ::group::Post task execution logs
[2025-09-01T10:27:35.772+0000] {taskinstance.py:1206} INFO - Marking task as SUCCESS. dag_id=market_table_foreign, task_id=foreign_ALL, run_id=scheduled__2025-08-31T17:24:00+00:00, execution_date=20250831T172400, start_date=20250901T102735, end_date=20250901T102735
[2025-09-01T10:27:35.844+0000] {local_task_job_runner.py:240} INFO - Task exited with return code 0
[2025-09-01T10:27:35.875+0000] {taskinstance.py:3498} INFO - 0 downstream tasks scheduled from follow-on schedule check
[2025-09-01T10:27:35.876+0000] {local_task_job_runner.py:222} INFO - ::endgroup::
