[2025-09-02T06:07:01.154+0000] {local_task_job_runner.py:120} INFO - ::group::Pre task execution logs
[2025-09-02T06:07:01.183+0000] {taskinstance.py:2076} INFO - Dependencies all met for dep_context=non-requeueable deps ti=<TaskInstance: crypto_collector_dag.run_crypto_collector scheduled__2025-09-02T06:06:00+00:00 [queued]>
[2025-09-02T06:07:01.192+0000] {taskinstance.py:2076} INFO - Dependencies all met for dep_context=requeueable deps ti=<TaskInstance: crypto_collector_dag.run_crypto_collector scheduled__2025-09-02T06:06:00+00:00 [queued]>
[2025-09-02T06:07:01.193+0000] {taskinstance.py:2306} INFO - Starting attempt 1 of 2
[2025-09-02T06:07:01.206+0000] {taskinstance.py:2330} INFO - Executing <Task(BashOperator): run_crypto_collector> on 2025-09-02 06:06:00+00:00
[2025-09-02T06:07:01.212+0000] {standard_task_runner.py:63} INFO - Started process 2483079 to run task
[2025-09-02T06:07:01.216+0000] {standard_task_runner.py:90} INFO - Running: ['***', 'tasks', 'run', 'crypto_collector_dag', 'run_crypto_collector', 'scheduled__2025-09-02T06:06:00+00:00', '--job-id', '54095', '--raw', '--subdir', 'DAGS_FOLDER/crawl_crypto/dags_crypto.py', '--cfg-path', '/tmp/tmpk_v5359u']
[2025-09-02T06:07:01.217+0000] {standard_task_runner.py:91} INFO - Job 54095: Subtask run_crypto_collector
[2025-09-02T06:07:01.272+0000] {task_command.py:426} INFO - Running <TaskInstance: crypto_collector_dag.run_crypto_collector scheduled__2025-09-02T06:06:00+00:00 [running]> on host 1877907bc043
[2025-09-02T06:07:01.371+0000] {taskinstance.py:2648} INFO - Exporting env vars: AIRFLOW_CTX_DAG_OWNER='***' AIRFLOW_CTX_DAG_ID='crypto_collector_dag' AIRFLOW_CTX_TASK_ID='run_crypto_collector' AIRFLOW_CTX_EXECUTION_DATE='2025-09-02T06:06:00+00:00' AIRFLOW_CTX_TRY_NUMBER='1' AIRFLOW_CTX_DAG_RUN_ID='scheduled__2025-09-02T06:06:00+00:00'
[2025-09-02T06:07:01.372+0000] {taskinstance.py:430} INFO - ::endgroup::
[2025-09-02T06:07:01.387+0000] {subprocess.py:63} INFO - Tmp dir root location: /tmp
[2025-09-02T06:07:01.387+0000] {subprocess.py:75} INFO - Running command: ['/usr/bin/bash', '-c', 'python3 /opt/***/dags/crawl_crypto/crawl_data_crypto.py']
[2025-09-02T06:07:01.399+0000] {subprocess.py:86} INFO - Output:
[2025-09-02T06:07:31.737+0000] {subprocess.py:93} INFO - 🔹 Kết nối DB...
[2025-09-02T06:07:31.737+0000] {subprocess.py:93} INFO - 🔹 Lấy top 100 crypto...
[2025-09-02T06:07:31.738+0000] {subprocess.py:93} INFO - Top 100: ['ETHUSDT', 'USDCUSDT', 'BTCUSDT', 'WLFIUSDT', 'SOLUSDT', 'XRPUSDT', 'FDUSDUSDT', 'DOGEUSDT', 'BNBUSDT', 'USD1USDT', 'PLUMEUSDT', 'TRUMPUSDT', 'ADAUSDT', 'LINKUSDT', 'SUIUSDT', 'TRXUSDT', 'PEPEUSDT', 'ENAUSDT', 'AVAXUSDT', 'FILUSDT', 'PENGUUSDT', 'ARBUSDT', 'DOLOUSDT', 'BONKUSDT', 'UNIUSDT', 'POLUSDT', 'LTCUSDT', 'AAVEUSDT', 'FORMUSDT', 'HBARUSDT', 'XLMUSDT', 'DOTUSDT', 'BCHUSDT', 'SYRUPUSDT', 'APTUSDT', 'NEARUSDT', 'SEIUSDT', 'MITOUSDT', 'WLDUSDT', 'BIOUSDT', 'MAVUSDT', 'PYTHUSDT', 'OPUSDT', 'WIFUSDT', 'SHIBUSDT', 'PAXGUSDT', 'ONDOUSDT', 'SUSDT', 'LDOUSDT', 'FLOKIUSDT', 'TAOUSDT', 'CRVUSDT', 'PNUTUSDT', 'EURUSDT', 'TIAUSDT', 'ETHFIUSDT', 'ATMUSDT', 'ETCUSDT', 'GALAUSDT', 'VIRTUALUSDT', 'IDEXUSDT', 'BERAUSDT', 'CFXUSDT', 'RAYUSDT', 'SPKUSDT', 'NEIROUSDT', 'BFUSDUSDT', 'RUNEUSDT', 'INJUSDT', 'BBUSDT', 'AIUSDT', 'SKLUSDT', 'TONUSDT', 'FETUSDT', 'ICPUSDT', 'A2ZUSDT', 'PENDLEUSDT', 'LRCUSDT', 'CAKEUSDT', 'DYDXUSDT', 'PROVEUSDT', 'OMUSDT', 'EIGENUSDT', 'ALGOUSDT', 'MEMEUSDT', 'ORDIUSDT', 'VETUSDT', 'ZRXUSDT', 'RENDERUSDT', 'ARKMUSDT', 'QTUMUSDT', 'MKRUSDT', 'CUSDT', 'OGUSDT', 'WUSDT', 'ATOMUSDT', 'TREEUSDT', 'NMRUSDT', 'SAHARAUSDT', 'JUPUSDT']
[2025-09-02T06:07:31.738+0000] {subprocess.py:93} INFO - 🔹 Lưu lịch sử giá vào DB bằng threading...
[2025-09-02T06:07:31.738+0000] {subprocess.py:93} INFO - ✅ USDCUSDT: thêm 1 dòng mới
[2025-09-02T06:07:31.738+0000] {subprocess.py:93} INFO - 1/100 USDCUSDT lưu OK
[2025-09-02T06:07:31.739+0000] {subprocess.py:93} INFO - ✅ BNBUSDT: thêm 1 dòng mới
[2025-09-02T06:07:31.739+0000] {subprocess.py:93} INFO - 2/100 BNBUSDT lưu OK
[2025-09-02T06:07:31.739+0000] {subprocess.py:93} INFO - ✅ TRUMPUSDT: thêm 1 dòng mới
[2025-09-02T06:07:31.739+0000] {subprocess.py:93} INFO - 3/100 TRUMPUSDT lưu OK
[2025-09-02T06:07:31.739+0000] {subprocess.py:93} INFO - 4/100 PLUMEUSDT lỗi: relation "cryptocurrency.plumeusdt" does not exist
[2025-09-02T06:07:31.740+0000] {subprocess.py:93} INFO - LINE 1: SELECT MAX(time) FROM cryptocurrency.plumeusdt;
[2025-09-02T06:07:31.740+0000] {subprocess.py:93} INFO -                               ^
[2025-09-02T06:07:31.740+0000] {subprocess.py:93} INFO - 
[2025-09-02T06:07:31.740+0000] {subprocess.py:93} INFO - ✅ LINKUSDT: thêm 1 dòng mới
[2025-09-02T06:07:31.740+0000] {subprocess.py:93} INFO - 5/100 LINKUSDT lưu OK
[2025-09-02T06:07:31.741+0000] {subprocess.py:93} INFO - ✅ SUIUSDT: thêm 1 dòng mới
[2025-09-02T06:07:31.741+0000] {subprocess.py:93} INFO - 6/100 SUIUSDT lưu OK
[2025-09-02T06:07:31.741+0000] {subprocess.py:93} INFO - 7/100 WLFIUSDT lỗi: relation "cryptocurrency.wlfiusdt" does not exist
[2025-09-02T06:07:31.741+0000] {subprocess.py:93} INFO - LINE 1: SELECT MAX(time) FROM cryptocurrency.wlfiusdt;
[2025-09-02T06:07:31.741+0000] {subprocess.py:93} INFO -                               ^
[2025-09-02T06:07:31.742+0000] {subprocess.py:93} INFO - 
[2025-09-02T06:07:31.742+0000] {subprocess.py:93} INFO - ✅ SOLUSDT: thêm 1 dòng mới
[2025-09-02T06:07:31.742+0000] {subprocess.py:93} INFO - 8/100 SOLUSDT lưu OK
[2025-09-02T06:07:31.742+0000] {subprocess.py:93} INFO - ✅ ETHUSDT: thêm 1 dòng mới
[2025-09-02T06:07:31.742+0000] {subprocess.py:93} INFO - 9/100 ETHUSDT lưu OK
[2025-09-02T06:07:31.743+0000] {subprocess.py:93} INFO - ✅ TRXUSDT: thêm 1 dòng mới
[2025-09-02T06:07:31.743+0000] {subprocess.py:93} INFO - 10/100 TRXUSDT lưu OK
[2025-09-02T06:07:31.743+0000] {subprocess.py:93} INFO - ✅ PEPEUSDT: thêm 1 dòng mới
[2025-09-02T06:07:31.743+0000] {subprocess.py:93} INFO - 11/100 PEPEUSDT lưu OK
[2025-09-02T06:07:31.744+0000] {subprocess.py:93} INFO - ✅ ENAUSDT: thêm 1 dòng mới
[2025-09-02T06:07:31.744+0000] {subprocess.py:93} INFO - 12/100 ENAUSDT lưu OK
[2025-09-02T06:07:31.744+0000] {subprocess.py:93} INFO - ✅ AVAXUSDT: thêm 1 dòng mới
[2025-09-02T06:07:31.744+0000] {subprocess.py:93} INFO - 13/100 AVAXUSDT lưu OK
[2025-09-02T06:07:31.744+0000] {subprocess.py:93} INFO - ✅ FILUSDT: thêm 1 dòng mới
[2025-09-02T06:07:31.745+0000] {subprocess.py:93} INFO - 14/100 FILUSDT lưu OK
[2025-09-02T06:07:31.745+0000] {subprocess.py:93} INFO - ✅ ADAUSDT: thêm 1 dòng mới
[2025-09-02T06:07:31.745+0000] {subprocess.py:93} INFO - 15/100 ADAUSDT lưu OK
[2025-09-02T06:07:31.746+0000] {subprocess.py:93} INFO - ✅ PENGUUSDT: thêm 1 dòng mới
[2025-09-02T06:07:31.746+0000] {subprocess.py:93} INFO - 16/100 PENGUUSDT lưu OK
[2025-09-02T06:07:31.746+0000] {subprocess.py:93} INFO - 17/100 DOLOUSDT lỗi: relation "cryptocurrency.dolousdt" does not exist
[2025-09-02T06:07:31.746+0000] {subprocess.py:93} INFO - LINE 1: SELECT MAX(time) FROM cryptocurrency.dolousdt;
[2025-09-02T06:07:31.747+0000] {subprocess.py:93} INFO -                               ^
[2025-09-02T06:07:31.747+0000] {subprocess.py:93} INFO - 
[2025-09-02T06:07:31.747+0000] {subprocess.py:93} INFO - ✅ ARBUSDT: thêm 1 dòng mới
[2025-09-02T06:07:31.748+0000] {subprocess.py:93} INFO - 18/100 ARBUSDT lưu OK
[2025-09-02T06:07:31.748+0000] {subprocess.py:93} INFO - ✅ BONKUSDT: thêm 1 dòng mới
[2025-09-02T06:07:31.748+0000] {subprocess.py:93} INFO - 19/100 BONKUSDT lưu OK
[2025-09-02T06:07:31.749+0000] {subprocess.py:93} INFO - ✅ LTCUSDT: thêm 1 dòng mới
[2025-09-02T06:07:31.749+0000] {subprocess.py:93} INFO - 20/100 LTCUSDT lưu OK
[2025-09-02T06:07:31.749+0000] {subprocess.py:93} INFO - 21/100 FORMUSDT lỗi: relation "cryptocurrency.formusdt" does not exist
[2025-09-02T06:07:31.750+0000] {subprocess.py:93} INFO - LINE 1: SELECT MAX(time) FROM cryptocurrency.formusdt;
[2025-09-02T06:07:31.750+0000] {subprocess.py:93} INFO -                               ^
[2025-09-02T06:07:31.750+0000] {subprocess.py:93} INFO - 
[2025-09-02T06:07:31.750+0000] {subprocess.py:93} INFO - ✅ UNIUSDT: thêm 1 dòng mới
[2025-09-02T06:07:31.750+0000] {subprocess.py:93} INFO - 22/100 UNIUSDT lưu OK
[2025-09-02T06:07:31.751+0000] {subprocess.py:93} INFO - ✅ POLUSDT: thêm 1 dòng mới
[2025-09-02T06:07:31.751+0000] {subprocess.py:93} INFO - 23/100 POLUSDT lưu OK
[2025-09-02T06:07:31.751+0000] {subprocess.py:93} INFO - ✅ AAVEUSDT: thêm 1 dòng mới
[2025-09-02T06:07:31.751+0000] {subprocess.py:93} INFO - 24/100 AAVEUSDT lưu OK
[2025-09-02T06:07:31.751+0000] {subprocess.py:93} INFO - ✅ HBARUSDT: thêm 1 dòng mới
[2025-09-02T06:07:31.752+0000] {subprocess.py:93} INFO - 25/100 HBARUSDT lưu OK
[2025-09-02T06:07:31.752+0000] {subprocess.py:93} INFO - ✅ XLMUSDT: thêm 1 dòng mới
[2025-09-02T06:07:31.752+0000] {subprocess.py:93} INFO - 26/100 XLMUSDT lưu OK
[2025-09-02T06:07:31.752+0000] {subprocess.py:93} INFO - ✅ APTUSDT: thêm 1 dòng mới
[2025-09-02T06:07:31.752+0000] {subprocess.py:93} INFO - 27/100 APTUSDT lưu OK
[2025-09-02T06:07:31.753+0000] {subprocess.py:93} INFO - ✅ NEARUSDT: thêm 1 dòng mới
[2025-09-02T06:07:31.753+0000] {subprocess.py:93} INFO - 28/100 NEARUSDT lưu OK
[2025-09-02T06:07:31.753+0000] {subprocess.py:93} INFO - 29/100 MITOUSDT lỗi: relation "cryptocurrency.mitousdt" does not exist
[2025-09-02T06:07:31.753+0000] {subprocess.py:93} INFO - LINE 1: SELECT MAX(time) FROM cryptocurrency.mitousdt;
[2025-09-02T06:07:31.753+0000] {subprocess.py:93} INFO -                               ^
[2025-09-02T06:07:31.754+0000] {subprocess.py:93} INFO - 
[2025-09-02T06:07:31.754+0000] {subprocess.py:93} INFO - ✅ SEIUSDT: thêm 1 dòng mới
[2025-09-02T06:07:31.754+0000] {subprocess.py:93} INFO - 30/100 SEIUSDT lưu OK
[2025-09-02T06:07:31.754+0000] {subprocess.py:93} INFO - ✅ WLDUSDT: thêm 1 dòng mới
[2025-09-02T06:07:31.754+0000] {subprocess.py:93} INFO - 31/100 WLDUSDT lưu OK
[2025-09-02T06:07:31.755+0000] {subprocess.py:93} INFO - ✅ BTCUSDT: thêm 1 dòng mới
[2025-09-02T06:07:31.755+0000] {subprocess.py:93} INFO - 32/100 BTCUSDT lưu OK
[2025-09-02T06:07:31.755+0000] {subprocess.py:93} INFO - ✅ BCHUSDT: thêm 1 dòng mới
[2025-09-02T06:07:31.755+0000] {subprocess.py:93} INFO - 33/100 BCHUSDT lưu OK
[2025-09-02T06:07:31.755+0000] {subprocess.py:93} INFO - ✅ SYRUPUSDT: thêm 1 dòng mới
[2025-09-02T06:07:31.756+0000] {subprocess.py:93} INFO - 34/100 SYRUPUSDT lưu OK
[2025-09-02T06:07:31.756+0000] {subprocess.py:93} INFO - 35/100 BIOUSDT lỗi: relation "cryptocurrency.biousdt" does not exist
[2025-09-02T06:07:31.756+0000] {subprocess.py:93} INFO - LINE 1: SELECT MAX(time) FROM cryptocurrency.biousdt;
[2025-09-02T06:07:31.756+0000] {subprocess.py:93} INFO -                               ^
[2025-09-02T06:07:31.756+0000] {subprocess.py:93} INFO - 
[2025-09-02T06:07:31.756+0000] {subprocess.py:93} INFO - 36/100 PYTHUSDT lỗi: relation "cryptocurrency.pythusdt" does not exist
[2025-09-02T06:07:31.757+0000] {subprocess.py:93} INFO - LINE 1: SELECT MAX(time) FROM cryptocurrency.pythusdt;
[2025-09-02T06:07:31.757+0000] {subprocess.py:93} INFO -                               ^
[2025-09-02T06:07:31.757+0000] {subprocess.py:93} INFO - 
[2025-09-02T06:07:31.757+0000] {subprocess.py:93} INFO - 37/100 PAXGUSDT lỗi: relation "cryptocurrency.paxgusdt" does not exist
[2025-09-02T06:07:31.757+0000] {subprocess.py:93} INFO - LINE 1: SELECT MAX(time) FROM cryptocurrency.paxgusdt;
[2025-09-02T06:07:31.758+0000] {subprocess.py:93} INFO -                               ^
[2025-09-02T06:07:31.758+0000] {subprocess.py:93} INFO - 
[2025-09-02T06:07:31.758+0000] {subprocess.py:93} INFO - ✅ ONDOUSDT: thêm 1 dòng mới
[2025-09-02T06:07:31.758+0000] {subprocess.py:93} INFO - 38/100 ONDOUSDT lưu OK
[2025-09-02T06:07:31.758+0000] {subprocess.py:93} INFO - ✅ MAVUSDT: thêm 1 dòng mới
[2025-09-02T06:07:31.759+0000] {subprocess.py:93} INFO - 39/100 MAVUSDT lưu OK
[2025-09-02T06:07:31.759+0000] {subprocess.py:93} INFO - ✅ SHIBUSDT: thêm 1 dòng mới
[2025-09-02T06:07:31.759+0000] {subprocess.py:93} INFO - 40/100 SHIBUSDT lưu OK
[2025-09-02T06:07:31.759+0000] {subprocess.py:93} INFO - ✅ SUSDT: thêm 1 dòng mới
[2025-09-02T06:07:31.759+0000] {subprocess.py:93} INFO - 41/100 SUSDT lưu OK
[2025-09-02T06:07:31.760+0000] {subprocess.py:93} INFO - ⚠️ XRPUSDT lỗi lần 1/3: HTTPSConnectionPool(host='api.binance.com', port=443): Max retries exceeded with url: /api/v3/klines?symbol=XRPUSDT&interval=1m&limit=100 (Caused by ConnectTimeoutError(<urllib3.connection.HTTPSConnection object at 0x7fcaac94b7c0>, 'Connection to api.binance.com timed out. (connect timeout=15)'))
[2025-09-02T06:07:31.760+0000] {subprocess.py:93} INFO - ⚠️ FDUSDUSDT lỗi lần 1/3: HTTPSConnectionPool(host='api.binance.com', port=443): Max retries exceeded with url: /api/v3/klines?symbol=FDUSDUSDT&interval=1m&limit=100 (Caused by ConnectTimeoutError(<urllib3.connection.HTTPSConnection object at 0x7fcaac94b5e0>, 'Connection to api.binance.com timed out. (connect timeout=15)'))
[2025-09-02T06:07:31.760+0000] {subprocess.py:93} INFO - ⚠️ DOGEUSDT lỗi lần 1/3: HTTPSConnectionPool(host='api.binance.com', port=443): Max retries exceeded with url: /api/v3/klines?symbol=DOGEUSDT&interval=1m&limit=100 (Caused by ConnectTimeoutError(<urllib3.connection.HTTPSConnection object at 0x7fcaac94af50>, 'Connection to api.binance.com timed out. (connect timeout=15)'))
[2025-09-02T06:07:31.760+0000] {subprocess.py:93} INFO - ⚠️ USD1USDT lỗi lần 1/3: HTTPSConnectionPool(host='api.binance.com', port=443): Max retries exceeded with url: /api/v3/klines?symbol=USD1USDT&interval=1m&limit=100 (Caused by ConnectTimeoutError(<urllib3.connection.HTTPSConnection object at 0x7fcaac975d20>, 'Connection to api.binance.com timed out. (connect timeout=15)'))
[2025-09-02T06:07:31.760+0000] {subprocess.py:93} INFO - ✅ TAOUSDT: thêm 1 dòng mới
[2025-09-02T06:07:31.761+0000] {subprocess.py:93} INFO - 42/100 TAOUSDT lưu OK
[2025-09-02T06:07:31.761+0000] {subprocess.py:93} INFO - ✅ CRVUSDT: thêm 1 dòng mới
[2025-09-02T06:07:31.761+0000] {subprocess.py:93} INFO - 43/100 CRVUSDT lưu OK
[2025-09-02T06:07:31.761+0000] {subprocess.py:93} INFO - ✅ PNUTUSDT: thêm 1 dòng mới
[2025-09-02T06:07:31.761+0000] {subprocess.py:93} INFO - 44/100 PNUTUSDT lưu OK
[2025-09-02T06:07:31.762+0000] {subprocess.py:93} INFO - ✅ EURUSDT: thêm 1 dòng mới
[2025-09-02T06:07:31.762+0000] {subprocess.py:93} INFO - 45/100 EURUSDT lưu OK
[2025-09-02T06:07:31.762+0000] {subprocess.py:93} INFO - ✅ TIAUSDT: thêm 1 dòng mới
[2025-09-02T06:07:31.762+0000] {subprocess.py:93} INFO - 46/100 TIAUSDT lưu OK
[2025-09-02T06:07:31.762+0000] {subprocess.py:93} INFO - ✅ ETHFIUSDT: thêm 1 dòng mới
[2025-09-02T06:07:31.763+0000] {subprocess.py:93} INFO - 47/100 ETHFIUSDT lưu OK
[2025-09-02T06:07:31.763+0000] {subprocess.py:93} INFO - 48/100 ATMUSDT lỗi: relation "cryptocurrency.atmusdt" does not exist
[2025-09-02T06:07:31.763+0000] {subprocess.py:93} INFO - LINE 1: SELECT MAX(time) FROM cryptocurrency.atmusdt;
[2025-09-02T06:07:31.763+0000] {subprocess.py:93} INFO -                               ^
[2025-09-02T06:07:31.763+0000] {subprocess.py:93} INFO - 
[2025-09-02T06:07:31.764+0000] {subprocess.py:93} INFO - ✅ ETCUSDT: thêm 1 dòng mới
[2025-09-02T06:07:31.764+0000] {subprocess.py:93} INFO - 49/100 ETCUSDT lưu OK
[2025-09-02T06:07:31.764+0000] {subprocess.py:93} INFO - ✅ DOTUSDT: thêm 1 dòng mới
[2025-09-02T06:07:31.764+0000] {subprocess.py:93} INFO - 50/100 DOTUSDT lưu OK
[2025-09-02T06:07:31.764+0000] {subprocess.py:93} INFO - ✅ VIRTUALUSDT: thêm 1 dòng mới
[2025-09-02T06:07:31.765+0000] {subprocess.py:93} INFO - ✅ LDOUSDT: thêm 1 dòng mới
[2025-09-02T06:07:31.765+0000] {subprocess.py:93} INFO - 51/100 VIRTUALUSDT lưu OK
[2025-09-02T06:07:31.765+0000] {subprocess.py:93} INFO - 52/100 LDOUSDT lưu OK
[2025-09-02T06:07:31.765+0000] {subprocess.py:93} INFO - 53/100 IDEXUSDT lỗi: relation "cryptocurrency.idexusdt" does not exist
[2025-09-02T06:07:31.765+0000] {subprocess.py:93} INFO - LINE 1: SELECT MAX(time) FROM cryptocurrency.idexusdt;
[2025-09-02T06:07:31.766+0000] {subprocess.py:93} INFO -                               ^
[2025-09-02T06:07:31.766+0000] {subprocess.py:93} INFO - 
[2025-09-02T06:07:31.766+0000] {subprocess.py:93} INFO - ✅ GALAUSDT: thêm 1 dòng mới
[2025-09-02T06:07:31.766+0000] {subprocess.py:93} INFO - 54/100 GALAUSDT lưu OK
[2025-09-02T06:07:31.766+0000] {subprocess.py:93} INFO - ✅ RAYUSDT: thêm 1 dòng mới
[2025-09-02T06:07:31.766+0000] {subprocess.py:93} INFO - 55/100 RAYUSDT lưu OK
[2025-09-02T06:07:31.767+0000] {subprocess.py:93} INFO - ✅ BERAUSDT: thêm 1 dòng mới
[2025-09-02T06:07:31.767+0000] {subprocess.py:93} INFO - 56/100 BERAUSDT lưu OK
[2025-09-02T06:07:31.767+0000] {subprocess.py:93} INFO - ⚠️ WIFUSDT lỗi lần 1/3: HTTPSConnectionPool(host='api.binance.com', port=443): Max retries exceeded with url: /api/v3/klines?symbol=WIFUSDT&interval=1m&limit=100 (Caused by ConnectTimeoutError(<urllib3.connection.HTTPSConnection object at 0x7fcaac94cb20>, 'Connection to api.binance.com timed out. (connect timeout=15)'))
[2025-09-02T06:07:31.767+0000] {subprocess.py:93} INFO - ✅ FDUSDUSDT: thêm 1 dòng mới
[2025-09-02T06:07:31.768+0000] {subprocess.py:93} INFO - 57/100 FDUSDUSDT lưu OK
[2025-09-02T06:07:31.768+0000] {subprocess.py:93} INFO - ✅ NEIROUSDT: thêm 1 dòng mới
[2025-09-02T06:07:31.768+0000] {subprocess.py:93} INFO - 58/100 NEIROUSDT lưu OK
[2025-09-02T06:07:31.768+0000] {subprocess.py:93} INFO - ✅ OPUSDT: thêm 1 dòng mới
[2025-09-02T06:07:31.768+0000] {subprocess.py:93} INFO - 59/100 OPUSDT lưu OK
[2025-09-02T06:07:31.769+0000] {subprocess.py:93} INFO - ✅ BFUSDUSDT: thêm 1 dòng mới
[2025-09-02T06:07:31.769+0000] {subprocess.py:93} INFO - 60/100 BFUSDUSDT lưu OK
[2025-09-02T06:07:31.769+0000] {subprocess.py:93} INFO - 61/100 RUNEUSDT lỗi: relation "cryptocurrency.runeusdt" does not exist
[2025-09-02T06:07:31.769+0000] {subprocess.py:93} INFO - LINE 1: SELECT MAX(time) FROM cryptocurrency.runeusdt;
[2025-09-02T06:07:31.769+0000] {subprocess.py:93} INFO -                               ^
[2025-09-02T06:07:31.769+0000] {subprocess.py:93} INFO - 
[2025-09-02T06:07:31.770+0000] {subprocess.py:93} INFO - 62/100 BBUSDT lỗi: relation "cryptocurrency.bbusdt" does not exist
[2025-09-02T06:07:31.770+0000] {subprocess.py:93} INFO - LINE 1: SELECT MAX(time) FROM cryptocurrency.bbusdt;
[2025-09-02T06:07:31.770+0000] {subprocess.py:93} INFO -                               ^
[2025-09-02T06:07:31.770+0000] {subprocess.py:93} INFO - 
[2025-09-02T06:07:31.770+0000] {subprocess.py:93} INFO - 63/100 AIUSDT lỗi: relation "cryptocurrency.aiusdt" does not exist
[2025-09-02T06:07:31.771+0000] {subprocess.py:93} INFO - LINE 1: SELECT MAX(time) FROM cryptocurrency.aiusdt;
[2025-09-02T06:07:31.771+0000] {subprocess.py:93} INFO -                               ^
[2025-09-02T06:07:31.771+0000] {subprocess.py:93} INFO - 
[2025-09-02T06:07:31.771+0000] {subprocess.py:93} INFO - ✅ TONUSDT: thêm 1 dòng mới
[2025-09-02T06:07:31.771+0000] {subprocess.py:93} INFO - 64/100 TONUSDT lưu OK
[2025-09-02T06:07:31.772+0000] {subprocess.py:93} INFO - ✅ SPKUSDT: thêm 1 dòng mới
[2025-09-02T06:07:31.772+0000] {subprocess.py:93} INFO - 65/100 SPKUSDT lưu OK
[2025-09-02T06:07:31.772+0000] {subprocess.py:93} INFO - ✅ WIFUSDT: thêm 1 dòng mới
[2025-09-02T06:07:31.772+0000] {subprocess.py:93} INFO - 66/100 WIFUSDT lưu OK
[2025-09-02T06:07:31.772+0000] {subprocess.py:93} INFO - ✅ A2ZUSDT: thêm 1 dòng mới
[2025-09-02T06:07:31.773+0000] {subprocess.py:93} INFO - 67/100 A2ZUSDT lưu OK
[2025-09-02T06:07:31.773+0000] {subprocess.py:93} INFO - ✅ PENDLEUSDT: thêm 1 dòng mới
[2025-09-02T06:07:31.773+0000] {subprocess.py:93} INFO - 68/100 PENDLEUSDT lưu OK
[2025-09-02T06:07:31.773+0000] {subprocess.py:93} INFO - ✅ SKLUSDT: thêm 1 dòng mới
[2025-09-02T06:07:59.451+0000] {subprocess.py:93} INFO - 69/100 SKLUSDT lưu OK
[2025-09-02T06:07:59.452+0000] {subprocess.py:93} INFO - ✅ CAKEUSDT: thêm 1 dòng mới
[2025-09-02T06:07:59.452+0000] {subprocess.py:93} INFO - 70/100 CAKEUSDT lưu OK
[2025-09-02T06:07:59.452+0000] {subprocess.py:93} INFO - ✅ FLOKIUSDT: thêm 1 dòng mới
[2025-09-02T06:07:59.452+0000] {subprocess.py:93} INFO - 71/100 FLOKIUSDT lưu OK
[2025-09-02T06:07:59.453+0000] {subprocess.py:93} INFO - ✅ PROVEUSDT: thêm 1 dòng mới
[2025-09-02T06:07:59.453+0000] {subprocess.py:93} INFO - 72/100 PROVEUSDT lưu OK
[2025-09-02T06:07:59.453+0000] {subprocess.py:93} INFO - ✅ FETUSDT: thêm 1 dòng mới
[2025-09-02T06:07:59.454+0000] {subprocess.py:93} INFO - 73/100 FETUSDT lưu OK
[2025-09-02T06:07:59.454+0000] {subprocess.py:93} INFO - 74/100 USD1USDT lỗi: relation "cryptocurrency.usd1usdt" does not exist
[2025-09-02T06:07:59.454+0000] {subprocess.py:93} INFO - LINE 1: SELECT MAX(time) FROM cryptocurrency.usd1usdt;
[2025-09-02T06:07:59.454+0000] {subprocess.py:93} INFO -                               ^
[2025-09-02T06:07:59.455+0000] {subprocess.py:93} INFO - 
[2025-09-02T06:07:59.455+0000] {subprocess.py:93} INFO - ✅ DOGEUSDT: thêm 1 dòng mới
[2025-09-02T06:07:59.455+0000] {subprocess.py:93} INFO - 75/100 DOGEUSDT lưu OK
[2025-09-02T06:07:59.455+0000] {subprocess.py:93} INFO - ✅ XRPUSDT: thêm 1 dòng mới
[2025-09-02T06:07:59.456+0000] {subprocess.py:93} INFO - 76/100 XRPUSDT lưu OK
[2025-09-02T06:07:59.456+0000] {subprocess.py:93} INFO - ✅ ALGOUSDT: thêm 1 dòng mới
[2025-09-02T06:07:59.456+0000] {subprocess.py:93} INFO - 77/100 ALGOUSDT lưu OK
[2025-09-02T06:07:59.456+0000] {subprocess.py:93} INFO - ✅ INJUSDT: thêm 1 dòng mới
[2025-09-02T06:07:59.457+0000] {subprocess.py:93} INFO - 78/100 INJUSDT lưu OK
[2025-09-02T06:07:59.457+0000] {subprocess.py:93} INFO - 79/100 ZRXUSDT lỗi: relation "cryptocurrency.zrxusdt" does not exist
[2025-09-02T06:07:59.457+0000] {subprocess.py:93} INFO - LINE 1: SELECT MAX(time) FROM cryptocurrency.zrxusdt;
[2025-09-02T06:07:59.457+0000] {subprocess.py:93} INFO -                               ^
[2025-09-02T06:07:59.458+0000] {subprocess.py:93} INFO - 
[2025-09-02T06:07:59.458+0000] {subprocess.py:93} INFO - 80/100 MEMEUSDT lỗi: relation "cryptocurrency.memeusdt" does not exist
[2025-09-02T06:07:59.458+0000] {subprocess.py:93} INFO - LINE 1: SELECT MAX(time) FROM cryptocurrency.memeusdt;
[2025-09-02T06:07:59.458+0000] {subprocess.py:93} INFO -                               ^
[2025-09-02T06:07:59.459+0000] {subprocess.py:93} INFO - 
[2025-09-02T06:07:59.459+0000] {subprocess.py:93} INFO - ✅ ORDIUSDT: thêm 1 dòng mới
[2025-09-02T06:07:59.459+0000] {subprocess.py:93} INFO - 81/100 ORDIUSDT lưu OK
[2025-09-02T06:07:59.460+0000] {subprocess.py:93} INFO - ✅ OMUSDT: thêm 1 dòng mới
[2025-09-02T06:07:59.460+0000] {subprocess.py:93} INFO - 82/100 OMUSDT lưu OK
[2025-09-02T06:07:59.460+0000] {subprocess.py:93} INFO - 83/100 MKRUSDT lỗi: relation "cryptocurrency.mkrusdt" does not exist
[2025-09-02T06:07:59.460+0000] {subprocess.py:93} INFO - LINE 1: SELECT MAX(time) FROM cryptocurrency.mkrusdt;
[2025-09-02T06:07:59.461+0000] {subprocess.py:93} INFO -                               ^
[2025-09-02T06:07:59.461+0000] {subprocess.py:93} INFO - 
[2025-09-02T06:07:59.461+0000] {subprocess.py:93} INFO - ✅ RENDERUSDT: thêm 1 dòng mới
[2025-09-02T06:07:59.461+0000] {subprocess.py:93} INFO - 84/100 RENDERUSDT lưu OK
[2025-09-02T06:07:59.462+0000] {subprocess.py:93} INFO - ✅ ICPUSDT: thêm 1 dòng mới
[2025-09-02T06:07:59.462+0000] {subprocess.py:93} INFO - 85/100 ICPUSDT lưu OK
[2025-09-02T06:07:59.462+0000] {subprocess.py:93} INFO - ✅ LRCUSDT: thêm 1 dòng mới
[2025-09-02T06:07:59.462+0000] {subprocess.py:93} INFO - 86/100 LRCUSDT lưu OK
[2025-09-02T06:07:59.463+0000] {subprocess.py:93} INFO - 87/100 WUSDT lỗi: relation "cryptocurrency.wusdt" does not exist
[2025-09-02T06:07:59.463+0000] {subprocess.py:93} INFO - LINE 1: SELECT MAX(time) FROM cryptocurrency.wusdt;
[2025-09-02T06:07:59.463+0000] {subprocess.py:93} INFO -                               ^
[2025-09-02T06:07:59.463+0000] {subprocess.py:93} INFO - 
[2025-09-02T06:07:59.464+0000] {subprocess.py:93} INFO - 88/100 QTUMUSDT lỗi: relation "cryptocurrency.qtumusdt" does not exist
[2025-09-02T06:07:59.464+0000] {subprocess.py:93} INFO - LINE 1: SELECT MAX(time) FROM cryptocurrency.qtumusdt;
[2025-09-02T06:07:59.464+0000] {subprocess.py:93} INFO -                               ^
[2025-09-02T06:07:59.464+0000] {subprocess.py:93} INFO - 
[2025-09-02T06:07:59.465+0000] {subprocess.py:93} INFO - ✅ ARKMUSDT: thêm 1 dòng mới
[2025-09-02T06:07:59.465+0000] {subprocess.py:93} INFO - 89/100 ARKMUSDT lưu OK
[2025-09-02T06:07:59.465+0000] {subprocess.py:93} INFO - 90/100 VETUSDT lỗi: relation "cryptocurrency.vetusdt" does not exist
[2025-09-02T06:07:59.465+0000] {subprocess.py:93} INFO - LINE 1: SELECT MAX(time) FROM cryptocurrency.vetusdt;
[2025-09-02T06:07:59.466+0000] {subprocess.py:93} INFO -                               ^
[2025-09-02T06:07:59.466+0000] {subprocess.py:93} INFO - 
[2025-09-02T06:07:59.466+0000] {subprocess.py:93} INFO - 91/100 TREEUSDT lỗi: relation "cryptocurrency.treeusdt" does not exist
[2025-09-02T06:07:59.467+0000] {subprocess.py:93} INFO - LINE 1: SELECT MAX(time) FROM cryptocurrency.treeusdt;
[2025-09-02T06:07:59.467+0000] {subprocess.py:93} INFO -                               ^
[2025-09-02T06:07:59.467+0000] {subprocess.py:93} INFO - 
[2025-09-02T06:07:59.467+0000] {subprocess.py:93} INFO - ✅ OGUSDT: thêm 1 dòng mới
[2025-09-02T06:07:59.468+0000] {subprocess.py:93} INFO - 92/100 OGUSDT lưu OK
[2025-09-02T06:07:59.468+0000] {subprocess.py:93} INFO - 93/100 NMRUSDT lỗi: relation "cryptocurrency.nmrusdt" does not exist
[2025-09-02T06:07:59.468+0000] {subprocess.py:93} INFO - LINE 1: SELECT MAX(time) FROM cryptocurrency.nmrusdt;
[2025-09-02T06:07:59.468+0000] {subprocess.py:93} INFO -                               ^
[2025-09-02T06:07:59.469+0000] {subprocess.py:93} INFO - 
[2025-09-02T06:07:59.469+0000] {subprocess.py:93} INFO - 94/100 SAHARAUSDT lỗi: relation "cryptocurrency.saharausdt" does not exist
[2025-09-02T06:07:59.469+0000] {subprocess.py:93} INFO - LINE 1: SELECT MAX(time) FROM cryptocurrency.saharausdt;
[2025-09-02T06:07:59.469+0000] {subprocess.py:93} INFO -                               ^
[2025-09-02T06:07:59.470+0000] {subprocess.py:93} INFO - 
[2025-09-02T06:07:59.470+0000] {subprocess.py:93} INFO - 95/100 DYDXUSDT lỗi: relation "cryptocurrency.dydxusdt" does not exist
[2025-09-02T06:07:59.470+0000] {subprocess.py:93} INFO - LINE 1: SELECT MAX(time) FROM cryptocurrency.dydxusdt;
[2025-09-02T06:07:59.470+0000] {subprocess.py:93} INFO -                               ^
[2025-09-02T06:07:59.471+0000] {subprocess.py:93} INFO - 
[2025-09-02T06:07:59.471+0000] {subprocess.py:93} INFO - 96/100 ATOMUSDT lỗi: relation "cryptocurrency.atomusdt" does not exist
[2025-09-02T06:07:59.471+0000] {subprocess.py:93} INFO - LINE 1: SELECT MAX(time) FROM cryptocurrency.atomusdt;
[2025-09-02T06:07:59.471+0000] {subprocess.py:93} INFO -                               ^
[2025-09-02T06:07:59.472+0000] {subprocess.py:93} INFO - 
[2025-09-02T06:07:59.472+0000] {subprocess.py:93} INFO - 97/100 CUSDT lỗi: relation "cryptocurrency.cusdt" does not exist
[2025-09-02T06:07:59.472+0000] {subprocess.py:93} INFO - LINE 1: SELECT MAX(time) FROM cryptocurrency.cusdt;
[2025-09-02T06:07:59.472+0000] {subprocess.py:93} INFO -                               ^
[2025-09-02T06:07:59.473+0000] {subprocess.py:93} INFO - 
[2025-09-02T06:07:59.473+0000] {subprocess.py:93} INFO - 98/100 JUPUSDT lỗi: relation "cryptocurrency.jupusdt" does not exist
[2025-09-02T06:07:59.473+0000] {subprocess.py:93} INFO - LINE 1: SELECT MAX(time) FROM cryptocurrency.jupusdt;
[2025-09-02T06:07:59.473+0000] {subprocess.py:93} INFO -                               ^
[2025-09-02T06:07:59.474+0000] {subprocess.py:93} INFO - 
[2025-09-02T06:07:59.474+0000] {subprocess.py:93} INFO - ✅ EIGENUSDT: thêm 1 dòng mới
[2025-09-02T06:07:59.474+0000] {subprocess.py:93} INFO - 99/100 EIGENUSDT lưu OK
[2025-09-02T06:07:59.474+0000] {subprocess.py:93} INFO - ✅ CFXUSDT: thêm 1 dòng mới
[2025-09-02T06:07:59.475+0000] {subprocess.py:93} INFO - 100/100 CFXUSDT lưu OK
[2025-09-02T06:07:59.617+0000] {subprocess.py:97} INFO - Command exited with return code 0
[2025-09-02T06:07:59.618+0000] {taskinstance.py:441} INFO - ::group::Post task execution logs
[2025-09-02T06:07:59.656+0000] {taskinstance.py:1206} INFO - Marking task as SUCCESS. dag_id=crypto_collector_dag, task_id=run_crypto_collector, run_id=scheduled__2025-09-02T06:06:00+00:00, execution_date=20250902T060600, start_date=20250902T060701, end_date=20250902T060759
[2025-09-02T06:07:59.708+0000] {local_task_job_runner.py:240} INFO - Task exited with return code 0
[2025-09-02T06:07:59.734+0000] {taskinstance.py:3498} INFO - 0 downstream tasks scheduled from follow-on schedule check
[2025-09-02T06:07:59.735+0000] {local_task_job_runner.py:222} INFO - ::endgroup::
