[2025-09-01T10:26:31.440+0000] {local_task_job_runner.py:120} INFO - ::group::Pre task execution logs
[2025-09-01T10:26:31.479+0000] {taskinstance.py:2076} INFO - Dependencies all met for dep_context=non-requeueable deps ti=<TaskInstance: market_table_foreign.foreign_HNX scheduled__2025-08-31T17:27:00+00:00 [queued]>
[2025-09-01T10:26:31.493+0000] {taskinstance.py:2076} INFO - Dependencies all met for dep_context=requeueable deps ti=<TaskInstance: market_table_foreign.foreign_HNX scheduled__2025-08-31T17:27:00+00:00 [queued]>
[2025-09-01T10:26:31.494+0000] {taskinstance.py:2306} INFO - Starting attempt 1 of 11
[2025-09-01T10:26:31.515+0000] {taskinstance.py:2330} INFO - Executing <Task(PythonOperator): foreign_HNX> on 2025-08-31 17:27:00+00:00
[2025-09-01T10:26:31.523+0000] {standard_task_runner.py:63} INFO - Started process 2318416 to run task
[2025-09-01T10:26:31.527+0000] {standard_task_runner.py:90} INFO - Running: ['***', 'tasks', 'run', 'market_table_foreign', 'foreign_HNX', 'scheduled__2025-08-31T17:27:00+00:00', '--job-id', '42274', '--raw', '--subdir', 'DAGS_FOLDER/dag_market_live.py', '--cfg-path', '/tmp/tmpd37dn09h']
[2025-09-01T10:26:31.530+0000] {standard_task_runner.py:91} INFO - Job 42274: Subtask foreign_HNX
[2025-09-01T10:26:31.588+0000] {task_command.py:426} INFO - Running <TaskInstance: market_table_foreign.foreign_HNX scheduled__2025-08-31T17:27:00+00:00 [running]> on host 1877907bc043
[2025-09-01T10:26:31.732+0000] {taskinstance.py:2648} INFO - Exporting env vars: AIRFLOW_CTX_DAG_OWNER='***' AIRFLOW_CTX_DAG_ID='market_table_foreign' AIRFLOW_CTX_TASK_ID='foreign_HNX' AIRFLOW_CTX_EXECUTION_DATE='2025-08-31T17:27:00+00:00' AIRFLOW_CTX_TRY_NUMBER='1' AIRFLOW_CTX_DAG_RUN_ID='scheduled__2025-08-31T17:27:00+00:00'
[2025-09-01T10:26:31.734+0000] {taskinstance.py:430} INFO - ::endgroup::
[2025-09-01T10:26:31.756+0000] {foreign_HNX.py:17} INFO - Kết nối DB
[2025-09-01T10:26:32.017+0000] {foreign_HNX.py:42} INFO - Đã lưu foreign_HNX
[2025-09-01T10:26:32.018+0000] {python.py:237} INFO - Done. Returned value was: None
[2025-09-01T10:26:32.019+0000] {taskinstance.py:441} INFO - ::group::Post task execution logs
[2025-09-01T10:26:32.034+0000] {taskinstance.py:1206} INFO - Marking task as SUCCESS. dag_id=market_table_foreign, task_id=foreign_HNX, run_id=scheduled__2025-08-31T17:27:00+00:00, execution_date=20250831T172700, start_date=20250901T102631, end_date=20250901T102632
[2025-09-01T10:26:32.100+0000] {local_task_job_runner.py:240} INFO - Task exited with return code 0
[2025-09-01T10:26:32.121+0000] {taskinstance.py:3498} INFO - 0 downstream tasks scheduled from follow-on schedule check
[2025-09-01T10:26:32.122+0000] {local_task_job_runner.py:222} INFO - ::endgroup::
[2025-09-01T10:27:40.289+0000] {local_task_job_runner.py:120} INFO - ::group::Pre task execution logs
[2025-09-01T10:27:40.317+0000] {taskinstance.py:2076} INFO - Dependencies all met for dep_context=non-requeueable deps ti=<TaskInstance: market_table_foreign.foreign_HNX scheduled__2025-08-31T17:27:00+00:00 [queued]>
[2025-09-01T10:27:40.327+0000] {taskinstance.py:2076} INFO - Dependencies all met for dep_context=requeueable deps ti=<TaskInstance: market_table_foreign.foreign_HNX scheduled__2025-08-31T17:27:00+00:00 [queued]>
[2025-09-01T10:27:40.327+0000] {taskinstance.py:2306} INFO - Starting attempt 1 of 11
[2025-09-01T10:27:40.342+0000] {taskinstance.py:2330} INFO - Executing <Task(PythonOperator): foreign_HNX> on 2025-08-31 17:27:00+00:00
[2025-09-01T10:27:40.351+0000] {standard_task_runner.py:63} INFO - Started process 2319240 to run task
[2025-09-01T10:27:40.355+0000] {standard_task_runner.py:90} INFO - Running: ['***', 'tasks', 'run', 'market_table_foreign', 'foreign_HNX', 'scheduled__2025-08-31T17:27:00+00:00', '--job-id', '42514', '--raw', '--subdir', 'DAGS_FOLDER/dag_market_live.py', '--cfg-path', '/tmp/tmpovz4xb_r']
[2025-09-01T10:27:40.358+0000] {standard_task_runner.py:91} INFO - Job 42514: Subtask foreign_HNX
[2025-09-01T10:27:40.416+0000] {task_command.py:426} INFO - Running <TaskInstance: market_table_foreign.foreign_HNX scheduled__2025-08-31T17:27:00+00:00 [running]> on host 1877907bc043
[2025-09-01T10:27:40.530+0000] {taskinstance.py:2648} INFO - Exporting env vars: AIRFLOW_CTX_DAG_OWNER='***' AIRFLOW_CTX_DAG_ID='market_table_foreign' AIRFLOW_CTX_TASK_ID='foreign_HNX' AIRFLOW_CTX_EXECUTION_DATE='2025-08-31T17:27:00+00:00' AIRFLOW_CTX_TRY_NUMBER='1' AIRFLOW_CTX_DAG_RUN_ID='scheduled__2025-08-31T17:27:00+00:00'
[2025-09-01T10:27:40.531+0000] {taskinstance.py:430} INFO - ::endgroup::
[2025-09-01T10:27:40.548+0000] {foreign_HNX.py:17} INFO - Kết nối DB
[2025-09-01T10:27:40.877+0000] {foreign_HNX.py:42} INFO - Đã lưu foreign_HNX
[2025-09-01T10:27:40.878+0000] {python.py:237} INFO - Done. Returned value was: None
[2025-09-01T10:27:40.878+0000] {taskinstance.py:441} INFO - ::group::Post task execution logs
[2025-09-01T10:27:40.890+0000] {taskinstance.py:1206} INFO - Marking task as SUCCESS. dag_id=market_table_foreign, task_id=foreign_HNX, run_id=scheduled__2025-08-31T17:27:00+00:00, execution_date=20250831T172700, start_date=20250901T102740, end_date=20250901T102740
[2025-09-01T10:27:40.928+0000] {local_task_job_runner.py:240} INFO - Task exited with return code 0
[2025-09-01T10:27:40.960+0000] {taskinstance.py:3498} INFO - 0 downstream tasks scheduled from follow-on schedule check
[2025-09-01T10:27:40.961+0000] {local_task_job_runner.py:222} INFO - ::endgroup::
