[2025-09-05T06:40:01.947+0000] {local_task_job_runner.py:120} INFO - ::group::Pre task execution logs
[2025-09-05T06:40:02.191+0000] {taskinstance.py:2076} INFO - Dependencies all met for dep_context=non-requeueable deps ti=<TaskInstance: liquidity.save_liquidity scheduled__2025-09-05T06:39:00+00:00 [queued]>
[2025-09-05T06:40:02.202+0000] {taskinstance.py:2076} INFO - Dependencies all met for dep_context=requeueable deps ti=<TaskInstance: liquidity.save_liquidity scheduled__2025-09-05T06:39:00+00:00 [queued]>
[2025-09-05T06:40:02.202+0000] {taskinstance.py:2306} INFO - Starting attempt 1 of 11
[2025-09-05T06:40:02.217+0000] {taskinstance.py:2330} INFO - Executing <Task(PythonOperator): save_liquidity> on 2025-09-05 06:39:00+00:00
[2025-09-05T06:40:02.225+0000] {standard_task_runner.py:63} INFO - Started process 3139152 to run task
[2025-09-05T06:40:02.230+0000] {standard_task_runner.py:90} INFO - Running: ['***', 'tasks', 'run', 'liquidity', 'save_liquidity', 'scheduled__2025-09-05T06:39:00+00:00', '--job-id', '110966', '--raw', '--subdir', 'DAGS_FOLDER/dag_liquidity.py', '--cfg-path', '/tmp/tmpkjyegzqj']
[2025-09-05T06:40:02.233+0000] {standard_task_runner.py:91} INFO - Job 110966: Subtask save_liquidity
[2025-09-05T06:40:02.285+0000] {task_command.py:426} INFO - Running <TaskInstance: liquidity.save_liquidity scheduled__2025-09-05T06:39:00+00:00 [running]> on host 1877907bc043
[2025-09-05T06:40:02.384+0000] {taskinstance.py:2648} INFO - Exporting env vars: AIRFLOW_CTX_DAG_OWNER='***' AIRFLOW_CTX_DAG_ID='liquidity' AIRFLOW_CTX_TASK_ID='save_liquidity' AIRFLOW_CTX_EXECUTION_DATE='2025-09-05T06:39:00+00:00' AIRFLOW_CTX_TRY_NUMBER='1' AIRFLOW_CTX_DAG_RUN_ID='scheduled__2025-09-05T06:39:00+00:00'
[2025-09-05T06:40:02.385+0000] {taskinstance.py:430} INFO - ::endgroup::
[2025-09-05T06:40:02.836+0000] {liquidity.py:93} INFO - Đã lưu liquidity_ALL
[2025-09-05T06:40:03.304+0000] {liquidity.py:93} INFO - Đã lưu liquidity_HOSE
[2025-09-05T06:40:03.814+0000] {liquidity.py:93} INFO - Đã lưu liquidity_HNX
[2025-09-05T06:40:04.203+0000] {liquidity.py:93} INFO - Đã lưu liquidity_UPCOM
[2025-09-05T06:40:04.204+0000] {python.py:237} INFO - Done. Returned value was: None
[2025-09-05T06:40:04.205+0000] {taskinstance.py:441} INFO - ::group::Post task execution logs
[2025-09-05T06:40:04.219+0000] {taskinstance.py:1206} INFO - Marking task as SUCCESS. dag_id=liquidity, task_id=save_liquidity, run_id=scheduled__2025-09-05T06:39:00+00:00, execution_date=20250905T063900, start_date=20250905T064002, end_date=20250905T064004
[2025-09-05T06:40:04.246+0000] {local_task_job_runner.py:240} INFO - Task exited with return code 0
[2025-09-05T06:40:04.270+0000] {taskinstance.py:3498} INFO - 0 downstream tasks scheduled from follow-on schedule check
[2025-09-05T06:40:04.271+0000] {local_task_job_runner.py:222} INFO - ::endgroup::
