[2025-08-18T23:39:53.911+0000] {local_task_job_runner.py:120} INFO - ::group::Pre task execution logs
[2025-08-18T23:39:53.939+0000] {taskinstance.py:2076} INFO - Dependencies all met for dep_context=non-requeueable deps ti=<TaskInstance: crypto_collector_dag.run_crypto_collector scheduled__2025-08-18T23:38:00+00:00 [queued]>
[2025-08-18T23:39:53.949+0000] {taskinstance.py:2076} INFO - Dependencies all met for dep_context=requeueable deps ti=<TaskInstance: crypto_collector_dag.run_crypto_collector scheduled__2025-08-18T23:38:00+00:00 [queued]>
[2025-08-18T23:39:53.949+0000] {taskinstance.py:2306} INFO - Starting attempt 1 of 2
[2025-08-18T23:39:53.963+0000] {taskinstance.py:2330} INFO - Executing <Task(BashOperator): run_crypto_collector> on 2025-08-18 23:38:00+00:00
[2025-08-18T23:39:53.970+0000] {standard_task_runner.py:63} INFO - Started process 218730 to run task
[2025-08-18T23:39:53.975+0000] {standard_task_runner.py:90} INFO - Running: ['***', 'tasks', 'run', 'crypto_collector_dag', 'run_crypto_collector', 'scheduled__2025-08-18T23:38:00+00:00', '--job-id', '9996', '--raw', '--subdir', 'DAGS_FOLDER/crawl_crypto/dags_crypto.py', '--cfg-path', '/tmp/tmpvwyschb0']
[2025-08-18T23:39:53.976+0000] {standard_task_runner.py:91} INFO - Job 9996: Subtask run_crypto_collector
[2025-08-18T23:39:54.033+0000] {task_command.py:426} INFO - Running <TaskInstance: crypto_collector_dag.run_crypto_collector scheduled__2025-08-18T23:38:00+00:00 [running]> on host 1877907bc043
[2025-08-18T23:39:54.142+0000] {taskinstance.py:2648} INFO - Exporting env vars: AIRFLOW_CTX_DAG_OWNER='***' AIRFLOW_CTX_DAG_ID='crypto_collector_dag' AIRFLOW_CTX_TASK_ID='run_crypto_collector' AIRFLOW_CTX_EXECUTION_DATE='2025-08-18T23:38:00+00:00' AIRFLOW_CTX_TRY_NUMBER='1' AIRFLOW_CTX_DAG_RUN_ID='scheduled__2025-08-18T23:38:00+00:00'
[2025-08-18T23:39:54.143+0000] {taskinstance.py:430} INFO - ::endgroup::
[2025-08-18T23:39:54.170+0000] {subprocess.py:63} INFO - Tmp dir root location: /tmp
[2025-08-18T23:39:54.172+0000] {subprocess.py:75} INFO - Running command: ['/usr/bin/bash', '-c', 'python3 /opt/***/dags/crawl_crypto/crawl_data_crypto.py']
[2025-08-18T23:39:54.192+0000] {subprocess.py:86} INFO - Output:
[2025-08-18T23:42:08.603+0000] {subprocess.py:93} INFO - 🔹 Kết nối DB...
[2025-08-18T23:42:08.604+0000] {subprocess.py:93} INFO - 🔹 Lấy top 100 crypto...
[2025-08-18T23:42:08.604+0000] {subprocess.py:93} INFO - Top 100: ['ETHUSDT', 'USDCUSDT', 'BTCUSDT', 'SOLUSDT', 'FDUSDUSDT', 'XRPUSDT', 'LINKUSDT', 'DOGEUSDT', 'ADAUSDT', 'SUIUSDT', 'BNBUSDT', 'PROVEUSDT', 'TRXUSDT', 'ENAUSDT', 'TOWNSUSDT', 'ARBUSDT', 'PEPEUSDT', 'UNIUSDT', 'AVAXUSDT', 'BIOUSDT', 'AEURUSDT', 'PENGUUSDT', 'SEIUSDT', 'LTCUSDT', 'HBARUSDT', 'POLUSDT', 'PLUMEUSDT', 'CRVUSDT', 'AAVEUSDT', 'TRUMPUSDT', 'BFUSDUSDT', 'NEARUSDT', 'WLDUSDT', 'DOTUSDT', 'BONKUSDT', 'INJUSDT', 'WIFUSDT', 'XLMUSDT', 'SUSDT', 'VIRTUALUSDT', 'API3USDT', 'LDOUSDT', 'TAOUSDT', 'APTUSDT', 'MEMEUSDT', 'SKLUSDT', 'TONUSDT', 'FLOKIUSDT', 'ONDOUSDT', 'OPUSDT', 'PENDLEUSDT', 'ETHFIUSDT', 'FETUSDT', 'EURUSDT', 'PONDUSDT', 'BCHUSDT', 'RAYUSDT', 'TIAUSDT', 'EPICUSDT', 'PNUTUSDT', 'SHIBUSDT', 'NEIROUSDT', 'ETCUSDT', 'ALGOUSDT', 'MAGICUSDT', 'ALPINEUSDT', 'EIGENUSDT', 'FILUSDT', 'XUSDUSDT', 'GALAUSDT', 'JUVUSDT', 'RENDERUSDT', 'CYBERUSDT', 'CTSIUSDT', 'CAKEUSDT', 'ASRUSDT', 'SPKUSDT', 'TSTUSDT', 'OGUSDT', 'VETUSDT', 'RUNEUSDT', 'ICPUSDT', 'MDTUSDT', 'PAXGUSDT', 'CFXUSDT', 'BERAUSDT', 'WBTCUSDT', 'MKRUSDT', 'ORDIUSDT', 'MAVUSDT', 'ATOMUSDT', 'SYRUPUSDT', 'ENSUSDT', 'AIXBTUSDT', 'RESOLVUSDT', 'ARKMUSDT', 'LAYERUSDT', 'OMUSDT', 'WCTUSDT', 'PORTOUSDT']
[2025-08-18T23:42:08.604+0000] {subprocess.py:93} INFO - 🔹 Lưu lịch sử giá vào DB bằng threading...
[2025-08-18T23:42:08.604+0000] {subprocess.py:93} INFO - ✅ ETHUSDT: thêm 4 dòng mới
[2025-08-18T23:42:08.605+0000] {subprocess.py:93} INFO - 1/100 ETHUSDT lưu OK
[2025-08-18T23:42:08.605+0000] {subprocess.py:93} INFO - ✅ BTCUSDT: thêm 4 dòng mới
[2025-08-18T23:42:08.605+0000] {subprocess.py:93} INFO - 2/100 BTCUSDT lưu OK
[2025-08-18T23:42:08.605+0000] {subprocess.py:93} INFO - ✅ USDCUSDT: thêm 4 dòng mới
[2025-08-18T23:42:08.606+0000] {subprocess.py:93} INFO - ✅ SUIUSDT: thêm 4 dòng mới
[2025-08-18T23:42:08.606+0000] {subprocess.py:93} INFO - 3/100 USDCUSDT lưu OK
[2025-08-18T23:42:08.606+0000] {subprocess.py:93} INFO - 4/100 SUIUSDT lưu OK
[2025-08-18T23:42:08.606+0000] {subprocess.py:93} INFO - ✅ SOLUSDT: thêm 4 dòng mới
[2025-08-18T23:42:08.607+0000] {subprocess.py:93} INFO - 5/100 SOLUSDT lưu OK
[2025-08-18T23:42:08.607+0000] {subprocess.py:93} INFO - ✅ LINKUSDT: thêm 4 dòng mới
[2025-08-18T23:42:08.607+0000] {subprocess.py:93} INFO - ✅ DOGEUSDT: thêm 4 dòng mới
[2025-08-18T23:42:08.607+0000] {subprocess.py:93} INFO - 6/100 DOGEUSDT lưu OK
[2025-08-18T23:42:08.608+0000] {subprocess.py:93} INFO - 7/100 LINKUSDT lưu OK
[2025-08-18T23:42:08.608+0000] {subprocess.py:93} INFO - ✅ XRPUSDT: thêm 4 dòng mới
[2025-08-18T23:42:08.608+0000] {subprocess.py:93} INFO - 8/100 XRPUSDT lưu OK
[2025-08-18T23:42:08.608+0000] {subprocess.py:93} INFO - ✅ ADAUSDT: thêm 4 dòng mới
[2025-08-18T23:42:08.609+0000] {subprocess.py:93} INFO - 9/100 ADAUSDT lưu OK
[2025-08-18T23:42:08.609+0000] {subprocess.py:93} INFO - ✅ FDUSDUSDT: thêm 4 dòng mới
[2025-08-18T23:42:08.609+0000] {subprocess.py:93} INFO - 10/100 FDUSDUSDT lưu OK
[2025-08-18T23:42:08.609+0000] {subprocess.py:93} INFO - ✅ BNBUSDT: thêm 4 dòng mới
[2025-08-18T23:42:08.610+0000] {subprocess.py:93} INFO - 11/100 BNBUSDT lưu OK
[2025-08-18T23:42:08.610+0000] {subprocess.py:93} INFO - ✅ PROVEUSDT: thêm 4 dòng mới
[2025-08-18T23:42:08.610+0000] {subprocess.py:93} INFO - 12/100 PROVEUSDT lưu OK
[2025-08-18T23:42:08.610+0000] {subprocess.py:93} INFO - ✅ UNIUSDT: thêm 4 dòng mới
[2025-08-18T23:42:08.611+0000] {subprocess.py:93} INFO - 13/100 UNIUSDT lưu OK
[2025-08-18T23:42:08.611+0000] {subprocess.py:93} INFO - ✅ ENAUSDT: thêm 4 dòng mới
[2025-08-18T23:42:08.611+0000] {subprocess.py:93} INFO - 14/100 ENAUSDT lưu OK
[2025-08-18T23:42:08.612+0000] {subprocess.py:93} INFO - ✅ TRXUSDT: thêm 4 dòng mới
[2025-08-18T23:42:08.612+0000] {subprocess.py:93} INFO - ✅ PEPEUSDT: thêm 4 dòng mới
[2025-08-18T23:42:08.612+0000] {subprocess.py:93} INFO - 15/100 TRXUSDT lưu OK
[2025-08-18T23:42:08.613+0000] {subprocess.py:93} INFO - 16/100 PEPEUSDT lưu OK
[2025-08-18T23:42:08.613+0000] {subprocess.py:93} INFO - ✅ AVAXUSDT: thêm 4 dòng mới
[2025-08-18T23:42:08.614+0000] {subprocess.py:93} INFO - 17/100 AVAXUSDT lưu OK
[2025-08-18T23:42:08.614+0000] {subprocess.py:93} INFO - ✅ ARBUSDT: thêm 4 dòng mới
[2025-08-18T23:42:08.615+0000] {subprocess.py:93} INFO - 18/100 ARBUSDT lưu OK
[2025-08-18T23:42:08.615+0000] {subprocess.py:93} INFO - 19/100 BIOUSDT lỗi: relation "cryptocurrency.biousdt" does not exist
[2025-08-18T23:42:08.615+0000] {subprocess.py:93} INFO - LINE 1: SELECT MAX(time) FROM cryptocurrency.biousdt;
[2025-08-18T23:42:08.616+0000] {subprocess.py:93} INFO -                               ^
[2025-08-18T23:42:08.616+0000] {subprocess.py:93} INFO - 
[2025-08-18T23:42:08.617+0000] {subprocess.py:93} INFO - ✅ TOWNSUSDT: thêm 4 dòng mới
[2025-08-18T23:42:08.617+0000] {subprocess.py:93} INFO - 20/100 TOWNSUSDT lưu OK
[2025-08-18T23:42:08.617+0000] {subprocess.py:93} INFO - 21/100 AEURUSDT lỗi: relation "cryptocurrency.aeurusdt" does not exist
[2025-08-18T23:42:08.618+0000] {subprocess.py:93} INFO - LINE 1: SELECT MAX(time) FROM cryptocurrency.aeurusdt;
[2025-08-18T23:42:08.618+0000] {subprocess.py:93} INFO -                               ^
[2025-08-18T23:42:08.619+0000] {subprocess.py:93} INFO - 
[2025-08-18T23:42:08.619+0000] {subprocess.py:93} INFO - ✅ PENGUUSDT: thêm 4 dòng mới
[2025-08-18T23:42:08.619+0000] {subprocess.py:93} INFO - 22/100 PENGUUSDT lưu OK
[2025-08-18T23:42:08.621+0000] {subprocess.py:93} INFO - ✅ SEIUSDT: thêm 4 dòng mới
[2025-08-18T23:42:08.622+0000] {subprocess.py:93} INFO - 23/100 SEIUSDT lưu OK
[2025-08-18T23:42:08.622+0000] {subprocess.py:93} INFO - ✅ POLUSDT: thêm 4 dòng mới
[2025-08-18T23:42:08.623+0000] {subprocess.py:93} INFO - 24/100 POLUSDT lưu OK
[2025-08-18T23:42:08.624+0000] {subprocess.py:93} INFO - 25/100 PLUMEUSDT lỗi: relation "cryptocurrency.plumeusdt" does not exist
[2025-08-18T23:42:08.624+0000] {subprocess.py:93} INFO - LINE 1: SELECT MAX(time) FROM cryptocurrency.plumeusdt;
[2025-08-18T23:42:08.625+0000] {subprocess.py:93} INFO -                               ^
[2025-08-18T23:42:08.626+0000] {subprocess.py:93} INFO - 
[2025-08-18T23:42:08.626+0000] {subprocess.py:93} INFO - ✅ HBARUSDT: thêm 4 dòng mới
[2025-08-18T23:42:08.627+0000] {subprocess.py:93} INFO - ✅ LTCUSDT: thêm 4 dòng mới
[2025-08-18T23:42:08.627+0000] {subprocess.py:93} INFO - 26/100 HBARUSDT lưu OK
[2025-08-18T23:42:08.628+0000] {subprocess.py:93} INFO - 27/100 LTCUSDT lưu OK
[2025-08-18T23:42:08.628+0000] {subprocess.py:93} INFO - ✅ AAVEUSDT: thêm 4 dòng mới
[2025-08-18T23:42:08.628+0000] {subprocess.py:93} INFO - 28/100 AAVEUSDT lưu OK
[2025-08-18T23:42:08.629+0000] {subprocess.py:93} INFO - ✅ CRVUSDT: thêm 4 dòng mới
[2025-08-18T23:42:08.629+0000] {subprocess.py:93} INFO - 29/100 CRVUSDT lưu OK
[2025-08-18T23:42:08.630+0000] {subprocess.py:93} INFO - ✅ BFUSDUSDT: thêm 4 dòng mới
[2025-08-18T23:42:08.630+0000] {subprocess.py:93} INFO - 30/100 BFUSDUSDT lưu OK
[2025-08-18T23:42:08.630+0000] {subprocess.py:93} INFO - ✅ TRUMPUSDT: thêm 4 dòng mới
[2025-08-18T23:42:08.631+0000] {subprocess.py:93} INFO - 31/100 TRUMPUSDT lưu OK
[2025-08-18T23:42:08.631+0000] {subprocess.py:93} INFO - ⚠️ VIRTUALUSDT lỗi lần 1/3: HTTPSConnectionPool(host='api.binance.com', port=443): Max retries exceeded with url: /api/v3/klines?symbol=VIRTUALUSDT&interval=1m&limit=100 (Caused by ConnectTimeoutError(<urllib3.connection.HTTPSConnection object at 0x7fca9ed3d6c0>, 'Connection to api.binance.com timed out. (connect timeout=15)'))
[2025-08-18T23:42:08.631+0000] {subprocess.py:93} INFO - ⚠️ API3USDT lỗi lần 1/3: HTTPSConnectionPool(host='api.binance.com', port=443): Max retries exceeded with url: /api/v3/klines?symbol=API3USDT&interval=1m&limit=100 (Caused by ConnectTimeoutError(<urllib3.connection.HTTPSConnection object at 0x7fca9ed3dc00>, 'Connection to api.binance.com timed out. (connect timeout=15)'))
[2025-08-18T23:42:08.632+0000] {subprocess.py:93} INFO - ⚠️ VIRTUALUSDT lỗi lần 2/3: HTTPSConnectionPool(host='api.binance.com', port=443): Max retries exceeded with url: /api/v3/klines?symbol=VIRTUALUSDT&interval=1m&limit=100 (Caused by ConnectTimeoutError(<urllib3.connection.HTTPSConnection object at 0x7fca9ed70700>, 'Connection to api.binance.com timed out. (connect timeout=15)'))
[2025-08-18T23:42:08.632+0000] {subprocess.py:93} INFO - ⚠️ API3USDT lỗi lần 2/3: HTTPSConnectionPool(host='api.binance.com', port=443): Max retries exceeded with url: /api/v3/klines?symbol=API3USDT&interval=1m&limit=100 (Caused by ConnectTimeoutError(<urllib3.connection.HTTPSConnection object at 0x7fca9ed736d0>, 'Connection to api.binance.com timed out. (connect timeout=15)'))
[2025-08-18T23:42:08.633+0000] {subprocess.py:93} INFO - ✅ VIRTUALUSDT: thêm 32 dòng mới
[2025-08-18T23:42:08.633+0000] {subprocess.py:93} INFO - 32/100 VIRTUALUSDT lưu OK
[2025-08-18T23:42:08.633+0000] {subprocess.py:93} INFO - ⚠️ LDOUSDT lỗi lần 1/3: HTTPSConnectionPool(host='api.binance.com', port=443): Max retries exceeded with url: /api/v3/klines?symbol=LDOUSDT&interval=1m&limit=100 (Caused by ConnectTimeoutError(<urllib3.connection.HTTPSConnection object at 0x7fca9ed710c0>, 'Connection to api.binance.com timed out. (connect timeout=15)'))
[2025-08-18T23:42:08.634+0000] {subprocess.py:93} INFO - 33/100 SUSDT lỗi: connection to server at "videv.cloud" (27.74.74.29), port 5432 failed: Connection timed out
[2025-08-18T23:42:08.634+0000] {subprocess.py:93} INFO - 	Is the server running on that host and accepting TCP/IP connections?
[2025-08-18T23:42:08.635+0000] {subprocess.py:93} INFO - 
[2025-08-18T23:42:08.635+0000] {subprocess.py:93} INFO - 34/100 NEARUSDT lỗi: connection to server at "videv.cloud" (27.74.74.29), port 5432 failed: Connection timed out
[2025-08-18T23:42:08.635+0000] {subprocess.py:93} INFO - 	Is the server running on that host and accepting TCP/IP connections?
[2025-08-18T23:42:08.636+0000] {subprocess.py:93} INFO - 
[2025-08-18T23:42:08.636+0000] {subprocess.py:93} INFO - 35/100 WLDUSDT lỗi: connection to server at "videv.cloud" (27.74.74.29), port 5432 failed: Connection timed out
[2025-08-18T23:42:08.636+0000] {subprocess.py:93} INFO - 	Is the server running on that host and accepting TCP/IP connections?
[2025-08-18T23:42:08.637+0000] {subprocess.py:93} INFO - 
[2025-08-18T23:42:08.637+0000] {subprocess.py:93} INFO - 36/100 INJUSDT lỗi: connection to server at "videv.cloud" (27.74.74.29), port 5432 failed: Connection timed out
[2025-08-18T23:42:08.637+0000] {subprocess.py:93} INFO - 	Is the server running on that host and accepting TCP/IP connections?
[2025-08-18T23:42:08.638+0000] {subprocess.py:93} INFO - 
[2025-08-18T23:42:08.638+0000] {subprocess.py:93} INFO - 37/100 BONKUSDT lỗi: connection to server at "videv.cloud" (27.74.74.29), port 5432 failed: Connection timed out
[2025-08-18T23:42:08.639+0000] {subprocess.py:93} INFO - 	Is the server running on that host and accepting TCP/IP connections?
[2025-08-18T23:42:08.639+0000] {subprocess.py:93} INFO - 
[2025-08-18T23:42:08.639+0000] {subprocess.py:93} INFO - 38/100 WIFUSDT lỗi: connection to server at "videv.cloud" (27.74.74.29), port 5432 failed: Connection timed out
[2025-08-18T23:42:08.640+0000] {subprocess.py:93} INFO - 	Is the server running on that host and accepting TCP/IP connections?
[2025-08-18T23:42:08.640+0000] {subprocess.py:93} INFO - 
[2025-08-18T23:42:08.640+0000] {subprocess.py:93} INFO - 39/100 DOTUSDT lỗi: connection to server at "videv.cloud" (27.74.74.29), port 5432 failed: Connection timed out
[2025-08-18T23:42:08.641+0000] {subprocess.py:93} INFO - 	Is the server running on that host and accepting TCP/IP connections?
[2025-08-18T23:42:08.641+0000] {subprocess.py:93} INFO - 
[2025-08-18T23:42:08.641+0000] {subprocess.py:93} INFO - 40/100 XLMUSDT lỗi: connection to server at "videv.cloud" (27.74.74.29), port 5432 failed: Connection timed out
[2025-08-18T23:42:08.642+0000] {subprocess.py:93} INFO - 	Is the server running on that host and accepting TCP/IP connections?
[2025-08-18T23:42:08.642+0000] {subprocess.py:93} INFO - 
[2025-08-18T23:42:08.642+0000] {subprocess.py:93} INFO - ✅ APTUSDT: thêm 5 dòng mới
[2025-08-18T23:42:08.643+0000] {subprocess.py:93} INFO - 41/100 APTUSDT lưu OK
[2025-08-18T23:42:08.643+0000] {subprocess.py:93} INFO - 42/100 MEMEUSDT lỗi: relation "cryptocurrency.memeusdt" does not exist
[2025-08-18T23:42:08.643+0000] {subprocess.py:93} INFO - LINE 1: SELECT MAX(time) FROM cryptocurrency.memeusdt;
[2025-08-18T23:42:08.644+0000] {subprocess.py:93} INFO -                               ^
[2025-08-18T23:42:08.644+0000] {subprocess.py:93} INFO - 
[2025-08-18T23:42:08.645+0000] {subprocess.py:93} INFO - ✅ OPUSDT: thêm 5 dòng mới
[2025-08-18T23:42:08.645+0000] {subprocess.py:93} INFO - ✅ TONUSDT: thêm 24 dòng mới
[2025-08-18T23:42:08.645+0000] {subprocess.py:93} INFO - 43/100 OPUSDT lưu OK
[2025-08-18T23:42:08.646+0000] {subprocess.py:93} INFO - 44/100 TONUSDT lưu OK
[2025-08-18T23:42:08.646+0000] {subprocess.py:93} INFO - ✅ TAOUSDT: thêm 24 dòng mới
[2025-08-18T23:42:08.646+0000] {subprocess.py:93} INFO - 45/100 TAOUSDT lưu OK
[2025-08-18T23:42:08.647+0000] {subprocess.py:93} INFO - ✅ SKLUSDT: thêm 24 dòng mới
[2025-08-18T23:42:08.647+0000] {subprocess.py:93} INFO - 46/100 SKLUSDT lưu OK
[2025-08-18T23:42:08.647+0000] {subprocess.py:93} INFO - ✅ ONDOUSDT: thêm 5 dòng mới
[2025-08-18T23:42:08.648+0000] {subprocess.py:93} INFO - 47/100 ONDOUSDT lưu OK
[2025-08-18T23:42:08.648+0000] {subprocess.py:93} INFO - ✅ FLOKIUSDT: thêm 24 dòng mới
[2025-08-18T23:42:08.648+0000] {subprocess.py:93} INFO - 48/100 FLOKIUSDT lưu OK
[2025-08-18T23:42:08.649+0000] {subprocess.py:93} INFO - ✅ PENDLEUSDT: thêm 5 dòng mới
[2025-08-18T23:42:08.649+0000] {subprocess.py:93} INFO - 49/100 PENDLEUSDT lưu OK
[2025-08-18T23:42:08.650+0000] {subprocess.py:93} INFO - ✅ ETHFIUSDT: thêm 5 dòng mới
[2025-08-18T23:42:08.650+0000] {subprocess.py:93} INFO - 50/100 ETHFIUSDT lưu OK
[2025-08-18T23:42:08.650+0000] {subprocess.py:93} INFO - ✅ FETUSDT: thêm 5 dòng mới
[2025-08-18T23:42:08.651+0000] {subprocess.py:93} INFO - 51/100 FETUSDT lưu OK
[2025-08-18T23:42:08.651+0000] {subprocess.py:93} INFO - ✅ EURUSDT: thêm 5 dòng mới
[2025-08-18T23:42:08.651+0000] {subprocess.py:93} INFO - 52/100 EURUSDT lưu OK
[2025-08-18T23:42:08.652+0000] {subprocess.py:93} INFO - 53/100 PONDUSDT lỗi: relation "cryptocurrency.pondusdt" does not exist
[2025-08-18T23:42:08.652+0000] {subprocess.py:93} INFO - LINE 1: SELECT MAX(time) FROM cryptocurrency.pondusdt;
[2025-08-18T23:42:08.652+0000] {subprocess.py:93} INFO -                               ^
[2025-08-18T23:42:08.653+0000] {subprocess.py:93} INFO - 
[2025-08-18T23:42:08.653+0000] {subprocess.py:93} INFO - ✅ TIAUSDT: thêm 5 dòng mới
[2025-08-18T23:42:08.654+0000] {subprocess.py:93} INFO - 54/100 TIAUSDT lưu OK
[2025-08-18T23:42:08.654+0000] {subprocess.py:93} INFO - ✅ RAYUSDT: thêm 5 dòng mới
[2025-08-18T23:42:08.654+0000] {subprocess.py:93} INFO - 55/100 RAYUSDT lưu OK
[2025-08-18T23:42:08.655+0000] {subprocess.py:93} INFO - ✅ BCHUSDT: thêm 5 dòng mới
[2025-08-18T23:42:08.655+0000] {subprocess.py:93} INFO - 56/100 BCHUSDT lưu OK
[2025-08-18T23:42:08.655+0000] {subprocess.py:93} INFO - ✅ EPICUSDT: thêm 5 dòng mới
[2025-08-18T23:42:08.656+0000] {subprocess.py:93} INFO - 57/100 EPICUSDT lưu OK
[2025-08-18T23:42:08.656+0000] {subprocess.py:93} INFO - ✅ PNUTUSDT: thêm 5 dòng mới
[2025-08-18T23:42:08.656+0000] {subprocess.py:93} INFO - 58/100 PNUTUSDT lưu OK
[2025-08-18T23:42:08.657+0000] {subprocess.py:93} INFO - ✅ SHIBUSDT: thêm 5 dòng mới
[2025-08-18T23:42:08.657+0000] {subprocess.py:93} INFO - 59/100 SHIBUSDT lưu OK
[2025-08-18T23:42:08.657+0000] {subprocess.py:93} INFO - ✅ NEIROUSDT: thêm 5 dòng mới
[2025-08-18T23:42:08.658+0000] {subprocess.py:93} INFO - 60/100 NEIROUSDT lưu OK
[2025-08-18T23:42:08.658+0000] {subprocess.py:93} INFO - ✅ ALPINEUSDT: thêm 5 dòng mới
[2025-08-18T23:42:08.659+0000] {subprocess.py:93} INFO - 61/100 ALPINEUSDT lưu OK
[2025-08-18T23:42:08.659+0000] {subprocess.py:93} INFO - ✅ ALGOUSDT: thêm 5 dòng mới
[2025-08-18T23:42:08.659+0000] {subprocess.py:93} INFO - 62/100 ALGOUSDT lưu OK
[2025-08-18T23:42:08.660+0000] {subprocess.py:93} INFO - ✅ ETCUSDT: thêm 5 dòng mới
[2025-08-18T23:42:08.660+0000] {subprocess.py:93} INFO - 63/100 ETCUSDT lưu OK
[2025-08-18T23:42:08.660+0000] {subprocess.py:93} INFO - ✅ MAGICUSDT: thêm 5 dòng mới
[2025-08-18T23:42:08.661+0000] {subprocess.py:93} INFO - 64/100 MAGICUSDT lưu OK
[2025-08-18T23:43:15.219+0000] {subprocess.py:93} INFO - ✅ EIGENUSDT: thêm 5 dòng mới
[2025-08-18T23:43:15.220+0000] {subprocess.py:93} INFO - 65/100 EIGENUSDT lưu OK
[2025-08-18T23:43:15.220+0000] {subprocess.py:93} INFO - ✅ FILUSDT: thêm 5 dòng mới
[2025-08-18T23:43:15.221+0000] {subprocess.py:93} INFO - 66/100 FILUSDT lưu OK
[2025-08-18T23:43:15.221+0000] {subprocess.py:93} INFO - ✅ XUSDUSDT: thêm 5 dòng mới
[2025-08-18T23:43:15.221+0000] {subprocess.py:93} INFO - 67/100 XUSDUSDT lưu OK
[2025-08-18T23:43:15.222+0000] {subprocess.py:93} INFO - ✅ GALAUSDT: thêm 5 dòng mới
[2025-08-18T23:43:15.222+0000] {subprocess.py:93} INFO - 68/100 GALAUSDT lưu OK
[2025-08-18T23:43:15.222+0000] {subprocess.py:93} INFO - ✅ JUVUSDT: thêm 5 dòng mới
[2025-08-18T23:43:15.222+0000] {subprocess.py:93} INFO - 69/100 JUVUSDT lưu OK
[2025-08-18T23:43:15.223+0000] {subprocess.py:93} INFO - ✅ RENDERUSDT: thêm 5 dòng mới
[2025-08-18T23:43:15.223+0000] {subprocess.py:93} INFO - 70/100 RENDERUSDT lưu OK
[2025-08-18T23:43:15.223+0000] {subprocess.py:93} INFO - 71/100 CYBERUSDT lỗi: relation "cryptocurrency.cyberusdt" does not exist
[2025-08-18T23:43:15.224+0000] {subprocess.py:93} INFO - LINE 1: SELECT MAX(time) FROM cryptocurrency.cyberusdt;
[2025-08-18T23:43:15.224+0000] {subprocess.py:93} INFO -                               ^
[2025-08-18T23:43:15.224+0000] {subprocess.py:93} INFO - 
[2025-08-18T23:43:15.225+0000] {subprocess.py:93} INFO - ✅ CAKEUSDT: thêm 5 dòng mới
[2025-08-18T23:43:15.225+0000] {subprocess.py:93} INFO - 72/100 CAKEUSDT lưu OK
[2025-08-18T23:43:15.225+0000] {subprocess.py:93} INFO - ✅ ASRUSDT: thêm 5 dòng mới
[2025-08-18T23:43:15.225+0000] {subprocess.py:93} INFO - 73/100 ASRUSDT lưu OK
[2025-08-18T23:43:15.226+0000] {subprocess.py:93} INFO - ✅ CTSIUSDT: thêm 5 dòng mới
[2025-08-18T23:43:15.226+0000] {subprocess.py:93} INFO - 74/100 CTSIUSDT lưu OK
[2025-08-18T23:43:15.226+0000] {subprocess.py:93} INFO - ✅ TSTUSDT: thêm 5 dòng mới
[2025-08-18T23:43:15.227+0000] {subprocess.py:93} INFO - 75/100 TSTUSDT lưu OK
[2025-08-18T23:43:15.227+0000] {subprocess.py:93} INFO - ✅ SPKUSDT: thêm 5 dòng mới
[2025-08-18T23:43:15.227+0000] {subprocess.py:93} INFO - 76/100 SPKUSDT lưu OK
[2025-08-18T23:43:15.228+0000] {subprocess.py:93} INFO - ✅ OGUSDT: thêm 5 dòng mới
[2025-08-18T23:43:15.228+0000] {subprocess.py:93} INFO - 77/100 OGUSDT lưu OK
[2025-08-18T23:43:15.228+0000] {subprocess.py:93} INFO - ⚠️ PAXGUSDT lỗi lần 1/3: HTTPSConnectionPool(host='api.binance.com', port=443): Max retries exceeded with url: /api/v3/klines?symbol=PAXGUSDT&interval=1m&limit=100 (Caused by ConnectTimeoutError(<urllib3.connection.HTTPSConnection object at 0x7fca9ed29de0>, 'Connection to api.binance.com timed out. (connect timeout=15)'))
[2025-08-18T23:43:15.228+0000] {subprocess.py:93} INFO - ⚠️ MDTUSDT lỗi lần 1/3: HTTPSConnectionPool(host='api.binance.com', port=443): Max retries exceeded with url: /api/v3/klines?symbol=MDTUSDT&interval=1m&limit=100 (Caused by ConnectTimeoutError(<urllib3.connection.HTTPSConnection object at 0x7fca9ed6b6a0>, 'Connection to api.binance.com timed out. (connect timeout=15)'))
[2025-08-18T23:43:15.229+0000] {subprocess.py:93} INFO - ⚠️ CFXUSDT lỗi lần 1/3: HTTPSConnectionPool(host='api.binance.com', port=443): Max retries exceeded with url: /api/v3/klines?symbol=CFXUSDT&interval=1m&limit=100 (Caused by ConnectTimeoutError(<urllib3.connection.HTTPSConnection object at 0x7fca9ed2bbe0>, 'Connection to api.binance.com timed out. (connect timeout=15)'))
[2025-08-18T23:43:15.229+0000] {subprocess.py:93} INFO - ⚠️ BERAUSDT lỗi lần 1/3: HTTPSConnectionPool(host='api.binance.com', port=443): Max retries exceeded with url: /api/v3/klines?symbol=BERAUSDT&interval=1m&limit=100 (Caused by ConnectTimeoutError(<urllib3.connection.HTTPSConnection object at 0x7fca9ed3dae0>, 'Connection to api.binance.com timed out. (connect timeout=15)'))
[2025-08-18T23:43:15.229+0000] {subprocess.py:93} INFO - ⚠️ WBTCUSDT lỗi lần 1/3: HTTPSConnectionPool(host='api.binance.com', port=443): Max retries exceeded with url: /api/v3/klines?symbol=WBTCUSDT&interval=1m&limit=100 (Caused by ConnectTimeoutError(<urllib3.connection.HTTPSConnection object at 0x7fca9ed3d0f0>, 'Connection to api.binance.com timed out. (connect timeout=15)'))
[2025-08-18T23:43:15.230+0000] {subprocess.py:93} INFO - 78/100 RUNEUSDT lỗi: relation "cryptocurrency.runeusdt" does not exist
[2025-08-18T23:43:15.230+0000] {subprocess.py:93} INFO - LINE 1: SELECT MAX(time) FROM cryptocurrency.runeusdt;
[2025-08-18T23:43:15.230+0000] {subprocess.py:93} INFO -                               ^
[2025-08-18T23:43:15.230+0000] {subprocess.py:93} INFO - 
[2025-08-18T23:43:15.231+0000] {subprocess.py:93} INFO - ✅ ICPUSDT: thêm 5 dòng mới
[2025-08-18T23:43:15.231+0000] {subprocess.py:93} INFO - 79/100 ICPUSDT lưu OK
[2025-08-18T23:43:15.231+0000] {subprocess.py:93} INFO - ⚠️ BERAUSDT lỗi lần 2/3: HTTPSConnectionPool(host='api.binance.com', port=443): Max retries exceeded with url: /api/v3/klines?symbol=BERAUSDT&interval=1m&limit=100 (Caused by ConnectTimeoutError(<urllib3.connection.HTTPSConnection object at 0x7fca9ed3f040>, 'Connection to api.binance.com timed out. (connect timeout=15)'))
[2025-08-18T23:43:15.232+0000] {subprocess.py:93} INFO - ⚠️ WBTCUSDT lỗi lần 2/3: HTTPSConnectionPool(host='api.binance.com', port=443): Max retries exceeded with url: /api/v3/klines?symbol=WBTCUSDT&interval=1m&limit=100 (Caused by ConnectTimeoutError(<urllib3.connection.HTTPSConnection object at 0x7fca9ed6a710>, 'Connection to api.binance.com timed out. (connect timeout=15)'))
[2025-08-18T23:43:15.232+0000] {subprocess.py:93} INFO - ⚠️ PAXGUSDT lỗi lần 2/3: HTTPSConnectionPool(host='api.binance.com', port=443): Max retries exceeded with url: /api/v3/klines?symbol=PAXGUSDT&interval=1m&limit=100 (Caused by ConnectTimeoutError(<urllib3.connection.HTTPSConnection object at 0x7fca9ed72650>, 'Connection to api.binance.com timed out. (connect timeout=15)'))
[2025-08-18T23:43:15.232+0000] {subprocess.py:93} INFO - ⚠️ CFXUSDT lỗi lần 2/3: HTTPSConnectionPool(host='api.binance.com', port=443): Max retries exceeded with url: /api/v3/klines?symbol=CFXUSDT&interval=1m&limit=100 (Caused by ConnectTimeoutError(<urllib3.connection.HTTPSConnection object at 0x7fca9ed71960>, 'Connection to api.binance.com timed out. (connect timeout=15)'))
[2025-08-18T23:43:15.233+0000] {subprocess.py:93} INFO - ⚠️ MDTUSDT lỗi lần 2/3: HTTPSConnectionPool(host='api.binance.com', port=443): Max retries exceeded with url: /api/v3/klines?symbol=MDTUSDT&interval=1m&limit=100 (Caused by ConnectTimeoutError(<urllib3.connection.HTTPSConnection object at 0x7fca9ed70730>, 'Connection to api.binance.com timed out. (connect timeout=15)'))
[2025-08-18T23:43:15.233+0000] {subprocess.py:93} INFO - 80/100 API3USDT lỗi: connection to server at "videv.cloud" (27.74.74.29), port 5432 failed: Connection timed out
[2025-08-18T23:43:15.233+0000] {subprocess.py:93} INFO - 	Is the server running on that host and accepting TCP/IP connections?
[2025-08-18T23:43:15.233+0000] {subprocess.py:93} INFO - 
[2025-08-18T23:43:15.234+0000] {subprocess.py:93} INFO - ⚠️ MKRUSDT lỗi lần 1/3: HTTPSConnectionPool(host='api.binance.com', port=443): Max retries exceeded with url: /api/v3/klines?symbol=MKRUSDT&interval=1m&limit=100 (Caused by ConnectTimeoutError(<urllib3.connection.HTTPSConnection object at 0x7fca9ed2b3d0>, 'Connection to api.binance.com timed out. (connect timeout=15)'))
[2025-08-18T23:43:15.234+0000] {subprocess.py:93} INFO - ⚠️ ORDIUSDT lỗi lần 1/3: HTTPSConnectionPool(host='api.binance.com', port=443): Max retries exceeded with url: /api/v3/klines?symbol=ORDIUSDT&interval=1m&limit=100 (Caused by ConnectTimeoutError(<urllib3.connection.HTTPSConnection object at 0x7fca9ed2b190>, 'Connection to api.binance.com timed out. (connect timeout=15)'))
[2025-08-18T23:43:15.234+0000] {subprocess.py:93} INFO - ⚠️ MAVUSDT lỗi lần 1/3: HTTPSConnectionPool(host='api.binance.com', port=443): Max retries exceeded with url: /api/v3/klines?symbol=MAVUSDT&interval=1m&limit=100 (Caused by ConnectTimeoutError(<urllib3.connection.HTTPSConnection object at 0x7fca9ed73190>, 'Connection to api.binance.com timed out. (connect timeout=15)'))
[2025-08-18T23:43:15.235+0000] {subprocess.py:93} INFO - ⚠️ BERAUSDT lỗi lần 3/3: HTTPSConnectionPool(host='api.binance.com', port=443): Max retries exceeded with url: /api/v3/klines?symbol=BERAUSDT&interval=1m&limit=100 (Caused by ConnectTimeoutError(<urllib3.connection.HTTPSConnection object at 0x7fca9ed3e260>, 'Connection to api.binance.com timed out. (connect timeout=15)'))
[2025-08-18T23:43:15.235+0000] {subprocess.py:93} INFO - ⚠️ WBTCUSDT lỗi lần 3/3: HTTPSConnectionPool(host='api.binance.com', port=443): Max retries exceeded with url: /api/v3/klines?symbol=WBTCUSDT&interval=1m&limit=100 (Caused by ConnectTimeoutError(<urllib3.connection.HTTPSConnection object at 0x7fca9ed3c2b0>, 'Connection to api.binance.com timed out. (connect timeout=15)'))
[2025-08-18T23:43:15.235+0000] {subprocess.py:93} INFO - ⚠️ MDTUSDT lỗi lần 3/3: HTTPSConnectionPool(host='api.binance.com', port=443): Max retries exceeded with url: /api/v3/klines?symbol=MDTUSDT&interval=1m&limit=100 (Caused by ConnectTimeoutError(<urllib3.connection.HTTPSConnection object at 0x7fca9ed3d5d0>, 'Connection to api.binance.com timed out. (connect timeout=15)'))
[2025-08-18T23:43:15.235+0000] {subprocess.py:93} INFO - ⚠️ PAXGUSDT lỗi lần 3/3: HTTPSConnectionPool(host='api.binance.com', port=443): Max retries exceeded with url: /api/v3/klines?symbol=PAXGUSDT&interval=1m&limit=100 (Caused by ConnectTimeoutError(<urllib3.connection.HTTPSConnection object at 0x7fca9ed6b700>, 'Connection to api.binance.com timed out. (connect timeout=15)'))
[2025-08-18T23:43:15.236+0000] {subprocess.py:93} INFO - ⚠️ CFXUSDT lỗi lần 3/3: HTTPSConnectionPool(host='api.binance.com', port=443): Max retries exceeded with url: /api/v3/klines?symbol=CFXUSDT&interval=1m&limit=100 (Caused by ConnectTimeoutError(<urllib3.connection.HTTPSConnection object at 0x7fca9ed6ba30>, 'Connection to api.binance.com timed out. (connect timeout=15)'))
[2025-08-18T23:43:15.236+0000] {subprocess.py:93} INFO - 81/100 BERAUSDT bỏ qua (fail)
[2025-08-18T23:43:15.236+0000] {subprocess.py:93} INFO - 82/100 WBTCUSDT bỏ qua (fail)
[2025-08-18T23:43:15.237+0000] {subprocess.py:93} INFO - 83/100 MDTUSDT bỏ qua (fail)
[2025-08-18T23:43:15.237+0000] {subprocess.py:93} INFO - 84/100 CFXUSDT bỏ qua (fail)
[2025-08-18T23:43:15.237+0000] {subprocess.py:93} INFO - 85/100 PAXGUSDT bỏ qua (fail)
[2025-08-18T23:43:15.237+0000] {subprocess.py:93} INFO - ⚠️ MKRUSDT lỗi lần 2/3: HTTPSConnectionPool(host='api.binance.com', port=443): Max retries exceeded with url: /api/v3/klines?symbol=MKRUSDT&interval=1m&limit=100 (Caused by ConnectTimeoutError(<urllib3.connection.HTTPSConnection object at 0x7fca9d94c220>, 'Connection to api.binance.com timed out. (connect timeout=15)'))
[2025-08-18T23:43:15.238+0000] {subprocess.py:93} INFO - ✅ ORDIUSDT: thêm 5 dòng mới
[2025-08-18T23:43:15.238+0000] {subprocess.py:93} INFO - 86/100 ORDIUSDT lưu OK
[2025-08-18T23:43:15.238+0000] {subprocess.py:93} INFO - ✅ ARKMUSDT: thêm 5 dòng mới
[2025-08-18T23:43:15.238+0000] {subprocess.py:93} INFO - 87/100 ARKMUSDT lưu OK
[2025-08-18T23:43:15.239+0000] {subprocess.py:93} INFO - ⚠️ MAVUSDT lỗi lần 2/3: HTTPSConnectionPool(host='api.binance.com', port=443): Max retries exceeded with url: /api/v3/klines?symbol=MAVUSDT&interval=1m&limit=100 (Caused by ConnectTimeoutError(<urllib3.connection.HTTPSConnection object at 0x7fca9ed2a650>, 'Connection to api.binance.com timed out. (connect timeout=15)'))
[2025-08-18T23:44:22.246+0000] {subprocess.py:93} INFO - ⚠️ ATOMUSDT lỗi lần 1/3: HTTPSConnectionPool(host='api.binance.com', port=443): Max retries exceeded with url: /api/v3/klines?symbol=ATOMUSDT&interval=1m&limit=100 (Caused by ConnectTimeoutError(<urllib3.connection.HTTPSConnection object at 0x7fca9d94cfd0>, 'Connection to api.binance.com timed out. (connect timeout=15)'))
[2025-08-18T23:44:22.247+0000] {subprocess.py:93} INFO - ⚠️ SYRUPUSDT lỗi lần 1/3: HTTPSConnectionPool(host='api.binance.com', port=443): Max retries exceeded with url: /api/v3/klines?symbol=SYRUPUSDT&interval=1m&limit=100 (Caused by ConnectTimeoutError(<urllib3.connection.HTTPSConnection object at 0x7fca9ed3f0a0>, 'Connection to api.binance.com timed out. (connect timeout=15)'))
[2025-08-18T23:44:22.247+0000] {subprocess.py:93} INFO - ⚠️ ENSUSDT lỗi lần 1/3: HTTPSConnectionPool(host='api.binance.com', port=443): Max retries exceeded with url: /api/v3/klines?symbol=ENSUSDT&interval=1m&limit=100 (Caused by ConnectTimeoutError(<urllib3.connection.HTTPSConnection object at 0x7fca9ed3fa00>, 'Connection to api.binance.com timed out. (connect timeout=15)'))
[2025-08-18T23:44:22.247+0000] {subprocess.py:93} INFO - ⚠️ AIXBTUSDT lỗi lần 1/3: HTTPSConnectionPool(host='api.binance.com', port=443): Max retries exceeded with url: /api/v3/klines?symbol=AIXBTUSDT&interval=1m&limit=100 (Caused by ConnectTimeoutError(<urllib3.connection.HTTPSConnection object at 0x7fca9ed3d510>, 'Connection to api.binance.com timed out. (connect timeout=15)'))
[2025-08-18T23:44:22.248+0000] {subprocess.py:93} INFO - ⚠️ RESOLVUSDT lỗi lần 1/3: HTTPSConnectionPool(host='api.binance.com', port=443): Max retries exceeded with url: /api/v3/klines?symbol=RESOLVUSDT&interval=1m&limit=100 (Caused by ConnectTimeoutError(<urllib3.connection.HTTPSConnection object at 0x7fca9ed3f8e0>, 'Connection to api.binance.com timed out. (connect timeout=15)'))
[2025-08-18T23:44:22.248+0000] {subprocess.py:93} INFO - 88/100 LDOUSDT lỗi: connection to server at "videv.cloud" (27.74.74.29), port 5432 failed: Connection timed out
[2025-08-18T23:44:22.248+0000] {subprocess.py:93} INFO - 	Is the server running on that host and accepting TCP/IP connections?
[2025-08-18T23:44:22.249+0000] {subprocess.py:93} INFO - 
[2025-08-18T23:44:22.249+0000] {subprocess.py:93} INFO - ✅ OMUSDT: thêm 21 dòng mới
[2025-08-18T23:44:22.250+0000] {subprocess.py:93} INFO - 89/100 OMUSDT lưu OK
[2025-08-18T23:44:22.250+0000] {subprocess.py:93} INFO - ⚠️ LAYERUSDT lỗi lần 1/3: HTTPSConnectionPool(host='api.binance.com', port=443): Max retries exceeded with url: /api/v3/klines?symbol=LAYERUSDT&interval=1m&limit=100 (Caused by ConnectTimeoutError(<urllib3.connection.HTTPSConnection object at 0x7fca9ed2a0e0>, 'Connection to api.binance.com timed out. (connect timeout=15)'))
[2025-08-18T23:44:22.250+0000] {subprocess.py:93} INFO - ⚠️ MKRUSDT lỗi lần 3/3: HTTPSConnectionPool(host='api.binance.com', port=443): Max retries exceeded with url: /api/v3/klines?symbol=MKRUSDT&interval=1m&limit=100 (Caused by ConnectTimeoutError(<urllib3.connection.HTTPSConnection object at 0x7fca9ed6b190>, 'Connection to api.binance.com timed out. (connect timeout=15)'))
[2025-08-18T23:44:22.251+0000] {subprocess.py:93} INFO - ⚠️ MAVUSDT lỗi lần 3/3: HTTPSConnectionPool(host='api.binance.com', port=443): Max retries exceeded with url: /api/v3/klines?symbol=MAVUSDT&interval=1m&limit=100 (Caused by ConnectTimeoutError(<urllib3.connection.HTTPSConnection object at 0x7fca9ed726b0>, 'Connection to api.binance.com timed out. (connect timeout=15)'))
[2025-08-18T23:44:22.251+0000] {subprocess.py:93} INFO - 90/100 MKRUSDT bỏ qua (fail)
[2025-08-18T23:44:22.251+0000] {subprocess.py:93} INFO - ⚠️ ATOMUSDT lỗi lần 2/3: HTTPSConnectionPool(host='api.binance.com', port=443): Max retries exceeded with url: /api/v3/klines?symbol=ATOMUSDT&interval=1m&limit=100 (Caused by ConnectTimeoutError(<urllib3.connection.HTTPSConnection object at 0x7fca9ed735b0>, 'Connection to api.binance.com timed out. (connect timeout=15)'))
[2025-08-18T23:44:22.252+0000] {subprocess.py:93} INFO - ⚠️ RESOLVUSDT lỗi lần 2/3: HTTPSConnectionPool(host='api.binance.com', port=443): Max retries exceeded with url: /api/v3/klines?symbol=RESOLVUSDT&interval=1m&limit=100 (Caused by ConnectTimeoutError(<urllib3.connection.HTTPSConnection object at 0x7fca9ed72890>, 'Connection to api.binance.com timed out. (connect timeout=15)'))
[2025-08-18T23:44:22.252+0000] {subprocess.py:93} INFO - ⚠️ AIXBTUSDT lỗi lần 2/3: HTTPSConnectionPool(host='api.binance.com', port=443): Max retries exceeded with url: /api/v3/klines?symbol=AIXBTUSDT&interval=1m&limit=100 (Caused by ConnectTimeoutError(<urllib3.connection.HTTPSConnection object at 0x7fca9d94cfa0>, 'Connection to api.binance.com timed out. (connect timeout=15)'))
[2025-08-18T23:44:22.252+0000] {subprocess.py:93} INFO - ⚠️ ENSUSDT lỗi lần 2/3: HTTPSConnectionPool(host='api.binance.com', port=443): Max retries exceeded with url: /api/v3/klines?symbol=ENSUSDT&interval=1m&limit=100 (Caused by ConnectTimeoutError(<urllib3.connection.HTTPSConnection object at 0x7fca9ed722f0>, 'Connection to api.binance.com timed out. (connect timeout=15)'))
[2025-08-18T23:44:22.253+0000] {subprocess.py:93} INFO - 91/100 MAVUSDT bỏ qua (fail)
[2025-08-18T23:44:22.253+0000] {subprocess.py:93} INFO - ⚠️ LAYERUSDT lỗi lần 2/3: HTTPSConnectionPool(host='api.binance.com', port=443): Max retries exceeded with url: /api/v3/klines?symbol=LAYERUSDT&interval=1m&limit=100 (Caused by ConnectTimeoutError(<urllib3.connection.HTTPSConnection object at 0x7fca9ed2aec0>, 'Connection to api.binance.com timed out. (connect timeout=15)'))
[2025-08-18T23:44:22.253+0000] {subprocess.py:93} INFO - ⚠️ PORTOUSDT lỗi lần 1/3: HTTPSConnectionPool(host='api.binance.com', port=443): Max retries exceeded with url: /api/v3/klines?symbol=PORTOUSDT&interval=1m&limit=100 (Caused by ConnectTimeoutError(<urllib3.connection.HTTPSConnection object at 0x7fca9d94ce50>, 'Connection to api.binance.com timed out. (connect timeout=15)'))
[2025-08-18T23:44:22.254+0000] {subprocess.py:93} INFO - ⚠️ ATOMUSDT lỗi lần 3/3: HTTPSConnectionPool(host='api.binance.com', port=443): Max retries exceeded with url: /api/v3/klines?symbol=ATOMUSDT&interval=1m&limit=100 (Caused by ConnectTimeoutError(<urllib3.connection.HTTPSConnection object at 0x7fca9ed29150>, 'Connection to api.binance.com timed out. (connect timeout=15)'))
[2025-08-18T23:44:22.254+0000] {subprocess.py:93} INFO - ⚠️ RESOLVUSDT lỗi lần 3/3: HTTPSConnectionPool(host='api.binance.com', port=443): Max retries exceeded with url: /api/v3/klines?symbol=RESOLVUSDT&interval=1m&limit=100 (Caused by ConnectTimeoutError(<urllib3.connection.HTTPSConnection object at 0x7fca9ed703d0>, 'Connection to api.binance.com timed out. (connect timeout=15)'))
[2025-08-18T23:44:22.254+0000] {subprocess.py:93} INFO - ⚠️ ENSUSDT lỗi lần 3/3: HTTPSConnectionPool(host='api.binance.com', port=443): Max retries exceeded with url: /api/v3/klines?symbol=ENSUSDT&interval=1m&limit=100 (Caused by ConnectTimeoutError(<urllib3.connection.HTTPSConnection object at 0x7fca9d94eb00>, 'Connection to api.binance.com timed out. (connect timeout=15)'))
[2025-08-18T23:44:22.255+0000] {subprocess.py:93} INFO - ⚠️ AIXBTUSDT lỗi lần 3/3: HTTPSConnectionPool(host='api.binance.com', port=443): Max retries exceeded with url: /api/v3/klines?symbol=AIXBTUSDT&interval=1m&limit=100 (Caused by ConnectTimeoutError(<urllib3.connection.HTTPSConnection object at 0x7fca9d94e800>, 'Connection to api.binance.com timed out. (connect timeout=15)'))
[2025-08-18T23:44:22.255+0000] {subprocess.py:93} INFO - 92/100 ATOMUSDT bỏ qua (fail)
[2025-08-18T23:44:22.255+0000] {subprocess.py:93} INFO - 93/100 RESOLVUSDT bỏ qua (fail)
[2025-08-18T23:44:22.256+0000] {subprocess.py:93} INFO - 94/100 ENSUSDT bỏ qua (fail)
[2025-08-18T23:44:22.256+0000] {subprocess.py:93} INFO - 95/100 AIXBTUSDT bỏ qua (fail)
[2025-08-18T23:44:22.256+0000] {subprocess.py:93} INFO - 96/100 WCTUSDT lỗi: relation "cryptocurrency.wctusdt" does not exist
[2025-08-18T23:44:22.257+0000] {subprocess.py:93} INFO - LINE 1: SELECT MAX(time) FROM cryptocurrency.wctusdt;
[2025-08-18T23:44:22.257+0000] {subprocess.py:93} INFO -                               ^
[2025-08-18T23:44:22.257+0000] {subprocess.py:93} INFO - 
[2025-08-18T23:44:22.257+0000] {subprocess.py:93} INFO - ⚠️ LAYERUSDT lỗi lần 3/3: HTTPSConnectionPool(host='api.binance.com', port=443): Max retries exceeded with url: /api/v3/klines?symbol=LAYERUSDT&interval=1m&limit=100 (Caused by ConnectTimeoutError(<urllib3.connection.HTTPSConnection object at 0x7fca9d94f2b0>, 'Connection to api.binance.com timed out. (connect timeout=15)'))
[2025-08-18T23:44:22.258+0000] {subprocess.py:93} INFO - ⚠️ PORTOUSDT lỗi lần 2/3: HTTPSConnectionPool(host='api.binance.com', port=443): Max retries exceeded with url: /api/v3/klines?symbol=PORTOUSDT&interval=1m&limit=100 (Caused by ConnectTimeoutError(<urllib3.connection.HTTPSConnection object at 0x7fca9ed73340>, 'Connection to api.binance.com timed out. (connect timeout=15)'))
[2025-08-18T23:44:22.258+0000] {subprocess.py:93} INFO - 97/100 LAYERUSDT bỏ qua (fail)
[2025-08-18T23:44:22.258+0000] {subprocess.py:93} INFO - ✅ PORTOUSDT: thêm 6 dòng mới
[2025-08-18T23:44:22.259+0000] {subprocess.py:93} INFO - 98/100 PORTOUSDT lưu OK
[2025-08-18T23:44:22.259+0000] {subprocess.py:93} INFO - 99/100 VETUSDT lỗi: connection to server at "videv.cloud" (27.74.74.29), port 5432 failed: Connection timed out
[2025-08-18T23:44:22.259+0000] {subprocess.py:93} INFO - 	Is the server running on that host and accepting TCP/IP connections?
[2025-08-18T23:44:22.260+0000] {subprocess.py:93} INFO - 
[2025-08-18T23:44:22.260+0000] {subprocess.py:93} INFO - ✅ SYRUPUSDT: thêm 21 dòng mới
[2025-08-18T23:44:22.260+0000] {subprocess.py:93} INFO - 100/100 SYRUPUSDT lưu OK
[2025-08-18T23:44:22.370+0000] {subprocess.py:97} INFO - Command exited with return code 0
[2025-08-18T23:44:22.371+0000] {taskinstance.py:441} INFO - ::group::Post task execution logs
[2025-08-18T23:44:22.407+0000] {taskinstance.py:1206} INFO - Marking task as SUCCESS. dag_id=crypto_collector_dag, task_id=run_crypto_collector, run_id=scheduled__2025-08-18T23:38:00+00:00, execution_date=20250818T233800, start_date=20250818T233953, end_date=20250818T234422
[2025-08-18T23:44:22.445+0000] {local_task_job_runner.py:240} INFO - Task exited with return code 0
[2025-08-18T23:44:22.472+0000] {taskinstance.py:3498} INFO - 0 downstream tasks scheduled from follow-on schedule check
[2025-08-18T23:44:22.474+0000] {local_task_job_runner.py:222} INFO - ::endgroup::
