[2025-09-01T08:55:26.364+0000] {local_task_job_runner.py:120} INFO - ::group::Pre task execution logs
[2025-09-01T08:55:26.387+0000] {taskinstance.py:2076} INFO - Dependencies all met for dep_context=non-requeueable deps ti=<TaskInstance: stock_detail_dag.run_stock_details scheduled__2025-09-01T08:54:00+00:00 [queued]>
[2025-09-01T08:55:26.394+0000] {taskinstance.py:2076} INFO - Dependencies all met for dep_context=requeueable deps ti=<TaskInstance: stock_detail_dag.run_stock_details scheduled__2025-09-01T08:54:00+00:00 [queued]>
[2025-09-01T08:55:26.394+0000] {taskinstance.py:2306} INFO - Starting attempt 1 of 2
[2025-09-01T08:55:26.405+0000] {taskinstance.py:2330} INFO - Executing <Task(BashOperator): run_stock_details> on 2025-09-01 08:54:00+00:00
[2025-09-01T08:55:26.411+0000] {standard_task_runner.py:63} INFO - Started process 2300059 to run task
[2025-09-01T08:55:26.415+0000] {standard_task_runner.py:90} INFO - Running: ['***', 'tasks', 'run', 'stock_detail_dag', 'run_stock_details', 'scheduled__2025-09-01T08:54:00+00:00', '--job-id', '38981', '--raw', '--subdir', 'DAGS_FOLDER/stock_detail/dags.py', '--cfg-path', '/tmp/tmpvt2icgtp']
[2025-09-01T08:55:26.416+0000] {standard_task_runner.py:91} INFO - Job 38981: Subtask run_stock_details
[2025-09-01T08:55:26.499+0000] {task_command.py:426} INFO - Running <TaskInstance: stock_detail_dag.run_stock_details scheduled__2025-09-01T08:54:00+00:00 [running]> on host 1877907bc043
[2025-09-01T08:55:26.618+0000] {taskinstance.py:2648} INFO - Exporting env vars: AIRFLOW_CTX_DAG_OWNER='***' AIRFLOW_CTX_DAG_ID='stock_detail_dag' AIRFLOW_CTX_TASK_ID='run_stock_details' AIRFLOW_CTX_EXECUTION_DATE='2025-09-01T08:54:00+00:00' AIRFLOW_CTX_TRY_NUMBER='1' AIRFLOW_CTX_DAG_RUN_ID='scheduled__2025-09-01T08:54:00+00:00'
[2025-09-01T08:55:26.619+0000] {taskinstance.py:430} INFO - ::endgroup::
[2025-09-01T08:55:26.635+0000] {subprocess.py:63} INFO - Tmp dir root location: /tmp
[2025-09-01T08:55:26.636+0000] {subprocess.py:75} INFO - Running command: ['/usr/bin/bash', '-c', 'python3 /opt/***/dags/stock_detail/stockdetail.py']
[2025-09-01T08:55:26.650+0000] {subprocess.py:86} INFO - Output:
[2025-09-01T08:59:08.917+0000] {subprocess.py:93} INFO - ✅ Đã lưu 2084 bản ghi vào history_data.stock_details
[2025-09-01T08:59:09.072+0000] {subprocess.py:97} INFO - Command exited with return code 0
[2025-09-01T08:59:09.073+0000] {taskinstance.py:441} INFO - ::group::Post task execution logs
[2025-09-01T08:59:09.100+0000] {taskinstance.py:1206} INFO - Marking task as SUCCESS. dag_id=stock_detail_dag, task_id=run_stock_details, run_id=scheduled__2025-09-01T08:54:00+00:00, execution_date=20250901T085400, start_date=20250901T085526, end_date=20250901T085909
[2025-09-01T08:59:09.144+0000] {local_task_job_runner.py:240} INFO - Task exited with return code 0
[2025-09-01T08:59:09.169+0000] {taskinstance.py:3498} INFO - 0 downstream tasks scheduled from follow-on schedule check
[2025-09-01T08:59:09.171+0000] {local_task_job_runner.py:222} INFO - ::endgroup::
