[2025-09-01T08:59:11.821+0000] {local_task_job_runner.py:120} INFO - ::group::Pre task execution logs
[2025-09-01T08:59:11.847+0000] {taskinstance.py:2076} INFO - Dependencies all met for dep_context=non-requeueable deps ti=<TaskInstance: stock_detail_dag.run_stock_details scheduled__2025-09-01T08:58:00+00:00 [queued]>
[2025-09-01T08:59:11.855+0000] {taskinstance.py:2076} INFO - Dependencies all met for dep_context=requeueable deps ti=<TaskInstance: stock_detail_dag.run_stock_details scheduled__2025-09-01T08:58:00+00:00 [queued]>
[2025-09-01T08:59:11.855+0000] {taskinstance.py:2306} INFO - Starting attempt 1 of 2
[2025-09-01T08:59:11.866+0000] {taskinstance.py:2330} INFO - Executing <Task(BashOperator): run_stock_details> on 2025-09-01 08:58:00+00:00
[2025-09-01T08:59:11.873+0000] {standard_task_runner.py:63} INFO - Started process 2300874 to run task
[2025-09-01T08:59:11.878+0000] {standard_task_runner.py:90} INFO - Running: ['***', 'tasks', 'run', 'stock_detail_dag', 'run_stock_details', 'scheduled__2025-09-01T08:58:00+00:00', '--job-id', '38990', '--raw', '--subdir', 'DAGS_FOLDER/stock_detail/dags.py', '--cfg-path', '/tmp/tmpo9wpxb21']
[2025-09-01T08:59:11.879+0000] {standard_task_runner.py:91} INFO - Job 38990: Subtask run_stock_details
[2025-09-01T08:59:11.942+0000] {task_command.py:426} INFO - Running <TaskInstance: stock_detail_dag.run_stock_details scheduled__2025-09-01T08:58:00+00:00 [running]> on host 1877907bc043
[2025-09-01T08:59:12.068+0000] {taskinstance.py:2648} INFO - Exporting env vars: AIRFLOW_CTX_DAG_OWNER='***' AIRFLOW_CTX_DAG_ID='stock_detail_dag' AIRFLOW_CTX_TASK_ID='run_stock_details' AIRFLOW_CTX_EXECUTION_DATE='2025-09-01T08:58:00+00:00' AIRFLOW_CTX_TRY_NUMBER='1' AIRFLOW_CTX_DAG_RUN_ID='scheduled__2025-09-01T08:58:00+00:00'
[2025-09-01T08:59:12.069+0000] {taskinstance.py:430} INFO - ::endgroup::
[2025-09-01T08:59:12.086+0000] {subprocess.py:63} INFO - Tmp dir root location: /tmp
[2025-09-01T08:59:12.086+0000] {subprocess.py:75} INFO - Running command: ['/usr/bin/bash', '-c', 'python3 /opt/***/dags/stock_detail/stockdetail.py']
[2025-09-01T08:59:12.098+0000] {subprocess.py:86} INFO - Output:
[2025-09-01T09:02:46.319+0000] {subprocess.py:93} INFO - ✅ Đã lưu 2084 bản ghi vào history_data.stock_details
[2025-09-01T09:02:46.448+0000] {subprocess.py:97} INFO - Command exited with return code 0
[2025-09-01T09:02:46.448+0000] {taskinstance.py:441} INFO - ::group::Post task execution logs
[2025-09-01T09:02:46.472+0000] {taskinstance.py:1206} INFO - Marking task as SUCCESS. dag_id=stock_detail_dag, task_id=run_stock_details, run_id=scheduled__2025-09-01T08:58:00+00:00, execution_date=20250901T085800, start_date=20250901T085911, end_date=20250901T090246
[2025-09-01T09:02:46.500+0000] {local_task_job_runner.py:240} INFO - Task exited with return code 0
[2025-09-01T09:02:46.528+0000] {taskinstance.py:3498} INFO - 0 downstream tasks scheduled from follow-on schedule check
[2025-09-01T09:02:46.530+0000] {local_task_job_runner.py:222} INFO - ::endgroup::
[2025-09-01T13:37:49.976+0000] {local_task_job_runner.py:120} INFO - ::group::Pre task execution logs
[2025-09-01T13:37:50.009+0000] {taskinstance.py:2076} INFO - Dependencies all met for dep_context=non-requeueable deps ti=<TaskInstance: stock_detail_dag.run_stock_details scheduled__2025-09-01T08:58:00+00:00 [queued]>
[2025-09-01T13:37:50.019+0000] {taskinstance.py:2076} INFO - Dependencies all met for dep_context=requeueable deps ti=<TaskInstance: stock_detail_dag.run_stock_details scheduled__2025-09-01T08:58:00+00:00 [queued]>
[2025-09-01T13:37:50.019+0000] {taskinstance.py:2306} INFO - Starting attempt 1 of 2
[2025-09-01T13:37:50.033+0000] {taskinstance.py:2330} INFO - Executing <Task(BashOperator): run_stock_details> on 2025-09-01 08:58:00+00:00
[2025-09-01T13:37:50.039+0000] {standard_task_runner.py:63} INFO - Started process 2341890 to run task
[2025-09-01T13:37:50.043+0000] {standard_task_runner.py:90} INFO - Running: ['***', 'tasks', 'run', 'stock_detail_dag', 'run_stock_details', 'scheduled__2025-09-01T08:58:00+00:00', '--job-id', '44567', '--raw', '--subdir', 'DAGS_FOLDER/stock_detail/dags.py', '--cfg-path', '/tmp/tmpp_8pgssp']
[2025-09-01T13:37:50.045+0000] {standard_task_runner.py:91} INFO - Job 44567: Subtask run_stock_details
[2025-09-01T13:37:50.104+0000] {task_command.py:426} INFO - Running <TaskInstance: stock_detail_dag.run_stock_details scheduled__2025-09-01T08:58:00+00:00 [running]> on host 1877907bc043
[2025-09-01T13:37:50.197+0000] {taskinstance.py:2648} INFO - Exporting env vars: AIRFLOW_CTX_DAG_OWNER='***' AIRFLOW_CTX_DAG_ID='stock_detail_dag' AIRFLOW_CTX_TASK_ID='run_stock_details' AIRFLOW_CTX_EXECUTION_DATE='2025-09-01T08:58:00+00:00' AIRFLOW_CTX_TRY_NUMBER='1' AIRFLOW_CTX_DAG_RUN_ID='scheduled__2025-09-01T08:58:00+00:00'
[2025-09-01T13:37:50.198+0000] {taskinstance.py:430} INFO - ::endgroup::
[2025-09-01T13:37:50.213+0000] {subprocess.py:63} INFO - Tmp dir root location: /tmp
[2025-09-01T13:37:50.213+0000] {subprocess.py:75} INFO - Running command: ['/usr/bin/bash', '-c', 'python3 /opt/***/dags/stock_detail/stockdetail.py']
[2025-09-01T13:37:50.226+0000] {subprocess.py:86} INFO - Output:
[2025-09-01T13:39:21.980+0000] {subprocess.py:93} INFO - [WARN] Không có historical data cho CACB2404 trong khoảng gần đây.
[2025-09-01T13:39:21.980+0000] {subprocess.py:93} INFO - [WARN] Không có historical data cho CACB2405 trong khoảng gần đây.
[2025-09-01T13:39:21.981+0000] {subprocess.py:93} INFO - [WARN] Không có historical data cho CACB2501 trong khoảng gần đây.
[2025-09-01T13:39:21.981+0000] {subprocess.py:93} INFO - [WARN] Không có historical data cho CFPT2402 trong khoảng gần đây.
[2025-09-01T13:39:21.981+0000] {subprocess.py:93} INFO - [WARN] Không có historical data cho CACB2504 trong khoảng gần đây.
[2025-09-01T13:39:21.981+0000] {subprocess.py:93} INFO - [WARN] Không có historical data cho CACB2506 trong khoảng gần đây.
[2025-09-01T13:39:21.982+0000] {subprocess.py:93} INFO - [WARN] Không có historical data cho CFPT2506 trong khoảng gần đây.
[2025-09-01T13:39:21.982+0000] {subprocess.py:93} INFO - [WARN] Không có historical data cho CFPT2504 trong khoảng gần đây.
[2025-09-01T13:39:21.982+0000] {subprocess.py:93} INFO - [WARN] Không có historical data cho CFPT2501 trong khoảng gần đây.
[2025-09-01T13:39:21.982+0000] {subprocess.py:93} INFO - [WARN] Không có historical data cho CFPT2407 trong khoảng gần đây.
[2025-09-01T13:39:21.982+0000] {subprocess.py:93} INFO - [WARN] Không có historical data cho CHPG2402 trong khoảng gần đây.
[2025-09-01T13:39:21.983+0000] {subprocess.py:93} INFO - [WARN] Không có historical data cho CHPG2412 trong khoảng gần đây.
[2025-09-01T13:39:21.983+0000] {subprocess.py:93} INFO - [WARN] Không có historical data cho CFPT2507 trong khoảng gần đây.
[2025-09-01T13:39:21.983+0000] {subprocess.py:93} INFO - [WARN] Không có historical data cho CHPG2511 trong khoảng gần đây.
[2025-09-01T13:39:21.983+0000] {subprocess.py:93} INFO - [WARN] Không có historical data cho CHPG2501 trong khoảng gần đây.
[2025-09-01T13:39:21.983+0000] {subprocess.py:93} INFO - [WARN] Không có historical data cho CHPG2408 trong khoảng gần đây.
[2025-09-01T13:39:21.983+0000] {subprocess.py:93} INFO - [WARN] Không có historical data cho CHPG2503 trong khoảng gần đây.
[2025-09-01T13:39:21.984+0000] {subprocess.py:93} INFO - [WARN] Không có historical data cho CHDB2501 trong khoảng gần đây.
[2025-09-01T13:39:21.984+0000] {subprocess.py:93} INFO - [WARN] Không có historical data cho CHDB2502 trong khoảng gần đây.
[2025-09-01T13:39:21.984+0000] {subprocess.py:93} INFO - [WARN] Không có historical data cho CHPG2507 trong khoảng gần đây.
[2025-09-01T13:39:21.984+0000] {subprocess.py:93} INFO - [WARN] Không có historical data cho CHPG2509 trong khoảng gần đây.
[2025-09-01T13:39:21.984+0000] {subprocess.py:93} INFO - [WARN] Không có historical data cho CMBB2405 trong khoảng gần đây.
[2025-09-01T13:39:21.984+0000] {subprocess.py:93} INFO - [WARN] Không có historical data cho CMBB2402 trong khoảng gần đây.
[2025-09-01T13:39:21.985+0000] {subprocess.py:93} INFO - [WARN] Không có historical data cho CMBB2508 trong khoảng gần đây.
[2025-09-01T13:39:21.985+0000] {subprocess.py:93} INFO - [WARN] Không có historical data cho CMBB2506 trong khoảng gần đây.
[2025-09-01T13:39:21.985+0000] {subprocess.py:93} INFO - [WARN] Không có historical data cho CMBB2501 trong khoảng gần đây.
[2025-09-01T13:39:21.985+0000] {subprocess.py:93} INFO - [WARN] Không có historical data cho CMBB2409 trong khoảng gần đây.
[2025-09-01T13:39:21.985+0000] {subprocess.py:93} INFO - [WARN] Không có historical data cho CMBB2502 trong khoảng gần đây.
[2025-09-01T13:39:21.986+0000] {subprocess.py:93} INFO - [WARN] Không có historical data cho CMSN2404 trong khoảng gần đây.
[2025-09-01T13:39:21.986+0000] {subprocess.py:93} INFO - [WARN] Không có historical data cho CMSN2408 trong khoảng gần đây.
[2025-09-01T13:39:21.986+0000] {subprocess.py:93} INFO - [WARN] Không có historical data cho CMSN2502 trong khoảng gần đây.
[2025-09-01T13:39:21.986+0000] {subprocess.py:93} INFO - [WARN] Không có historical data cho CMSN2505 trong khoảng gần đây.
[2025-09-01T13:39:21.986+0000] {subprocess.py:93} INFO - [WARN] Không có historical data cho CMSN2504 trong khoảng gần đây.
[2025-09-01T13:39:21.986+0000] {subprocess.py:93} INFO - [WARN] Không có historical data cho CMSN2501 trong khoảng gần đây.
[2025-09-01T13:39:21.987+0000] {subprocess.py:93} INFO - [WARN] Không có historical data cho CMWG2401 trong khoảng gần đây.
[2025-09-01T13:39:21.987+0000] {subprocess.py:93} INFO - [WARN] Không có historical data cho CMWG2502 trong khoảng gần đây.
[2025-09-01T13:39:21.987+0000] {subprocess.py:93} INFO - [WARN] Không có historical data cho CMWG2406 trong khoảng gần đây.
[2025-09-01T13:39:21.987+0000] {subprocess.py:93} INFO - [WARN] Không có historical data cho CMWG2410 trong khoảng gần đây.
[2025-09-01T13:39:21.987+0000] {subprocess.py:93} INFO - [WARN] Không có historical data cho CMWG2501 trong khoảng gần đây.
[2025-09-01T13:39:21.988+0000] {subprocess.py:93} INFO - [WARN] Không có historical data cho CMWG2408 trong khoảng gần đây.
[2025-09-01T13:39:21.988+0000] {subprocess.py:93} INFO - [WARN] Không có historical data cho CMWG2506 trong khoảng gần đây.
[2025-09-01T13:39:21.988+0000] {subprocess.py:93} INFO - [WARN] Không có historical data cho CSHB2502 trong khoảng gần đây.
[2025-09-01T13:39:21.988+0000] {subprocess.py:93} INFO - [WARN] Không có historical data cho CSHB2403 trong khoảng gần đây.
[2025-09-01T13:39:21.988+0000] {subprocess.py:93} INFO - [WARN] Không có historical data cho CSHB2401 trong khoảng gần đây.
[2025-09-01T13:39:21.988+0000] {subprocess.py:93} INFO - [WARN] Không có historical data cho CSHB2501 trong khoảng gần đây.
[2025-09-01T13:39:21.989+0000] {subprocess.py:93} INFO - [WARN] Không có historical data cho CSSB2501 trong khoảng gần đây.
[2025-09-01T13:39:21.989+0000] {subprocess.py:93} INFO - [WARN] Không có historical data cho CSTB2402 trong khoảng gần đây.
[2025-09-01T13:39:21.989+0000] {subprocess.py:93} INFO - [WARN] Không có historical data cho CSTB2413 trong khoảng gần đây.
[2025-09-01T13:39:21.989+0000] {subprocess.py:93} INFO - [WARN] Không có historical data cho CSTB2411 trong khoảng gần đây.
[2025-09-01T13:39:21.989+0000] {subprocess.py:93} INFO - [WARN] Không có historical data cho CSTB2409 trong khoảng gần đây.
[2025-09-01T13:39:21.989+0000] {subprocess.py:93} INFO - [WARN] Không có historical data cho CSTB2501 trong khoảng gần đây.
[2025-09-01T13:39:21.990+0000] {subprocess.py:93} INFO - [WARN] Không có historical data cho CSTB2506 trong khoảng gần đây.
[2025-09-01T13:39:21.990+0000] {subprocess.py:93} INFO - [WARN] Không có historical data cho CSTB2503 trong khoảng gần đây.
[2025-09-01T13:39:21.990+0000] {subprocess.py:93} INFO - [WARN] Không có historical data cho CSTB2507 trong khoảng gần đây.
[2025-09-01T13:39:21.990+0000] {subprocess.py:93} INFO - [WARN] Không có historical data cho CTCB2406 trong khoảng gần đây.
[2025-09-01T13:39:21.990+0000] {subprocess.py:93} INFO - [WARN] Không có historical data cho CTCB2404 trong khoảng gần đây.
[2025-09-01T13:39:21.991+0000] {subprocess.py:93} INFO - [WARN] Không có historical data cho CTCB2501 trong khoảng gần đây.
[2025-09-01T13:39:21.991+0000] {subprocess.py:93} INFO - [WARN] Không có historical data cho CTCB2502 trong khoảng gần đây.
[2025-09-01T13:39:21.991+0000] {subprocess.py:93} INFO - [WARN] Không có historical data cho CTCB2505 trong khoảng gần đây.
[2025-09-01T13:39:21.991+0000] {subprocess.py:93} INFO - [WARN] Không có historical data cho CTG125001 trong khoảng gần đây.
[2025-09-01T13:39:21.991+0000] {subprocess.py:93} INFO - [WARN] Không có historical data cho CTG125002 trong khoảng gần đây.
[2025-09-01T13:39:21.991+0000] {subprocess.py:93} INFO - [WARN] Không có historical data cho CTG125014 trong khoảng gần đây.
[2025-09-01T13:39:21.992+0000] {subprocess.py:93} INFO - [WARN] Không có historical data cho CTG125013 trong khoảng gần đây.
[2025-09-01T13:39:21.992+0000] {subprocess.py:93} INFO - [WARN] Không có historical data cho CTPB2501 trong khoảng gần đây.
[2025-09-01T13:39:21.992+0000] {subprocess.py:93} INFO - [WARN] Không có historical data cho CTPB2405 trong khoảng gần đây.
[2025-09-01T13:39:21.992+0000] {subprocess.py:93} INFO - [WARN] Không có historical data cho CVHM2406 trong khoảng gần đây.
[2025-09-01T13:39:21.992+0000] {subprocess.py:93} INFO - [WARN] Không có historical data cho CTPB2403 trong khoảng gần đây.
[2025-09-01T13:39:21.993+0000] {subprocess.py:93} INFO - [WARN] Không có historical data cho CVHM2411 trong khoảng gần đây.
[2025-09-01T13:39:21.993+0000] {subprocess.py:93} INFO - [WARN] Không có historical data cho CVHM2504 trong khoảng gần đây.
[2025-09-01T13:39:21.993+0000] {subprocess.py:93} INFO - [WARN] Không có historical data cho CVHM2501 trong khoảng gần đây.
[2025-09-01T13:39:21.993+0000] {subprocess.py:93} INFO - [WARN] Không có historical data cho CVHM2505 trong khoảng gần đây.
[2025-09-01T13:39:21.993+0000] {subprocess.py:93} INFO - [WARN] Không có historical data cho CVIB2402 trong khoảng gần đây.
[2025-09-01T13:39:21.993+0000] {subprocess.py:93} INFO - [WARN] Không có historical data cho CVIB2408 trong khoảng gần đây.
[2025-09-01T13:39:21.994+0000] {subprocess.py:93} INFO - [WARN] Không có historical data cho CVIB2501 trong khoảng gần đây.
[2025-09-01T13:39:21.994+0000] {subprocess.py:93} INFO - [WARN] Không có historical data cho CVIB2503 trong khoảng gần đây.
[2025-09-01T13:39:21.994+0000] {subprocess.py:93} INFO - [WARN] Không có historical data cho CVIC2503 trong khoảng gần đây.
[2025-09-01T13:39:21.994+0000] {subprocess.py:93} INFO - [WARN] Không có historical data cho CVIC2407 trong khoảng gần đây.
[2025-09-01T13:39:21.994+0000] {subprocess.py:93} INFO - [WARN] Không có historical data cho CVIC2405 trong khoảng gần đây.
[2025-09-01T13:39:21.994+0000] {subprocess.py:93} INFO - [WARN] Không có historical data cho CVIB2406 trong khoảng gần đây.
[2025-09-01T13:39:21.995+0000] {subprocess.py:93} INFO - [WARN] Không có historical data cho CVIC2504 trong khoảng gần đây.
[2025-09-01T13:39:21.995+0000] {subprocess.py:93} INFO - [WARN] Không có historical data cho CVIC2501 trong khoảng gần đây.
[2025-09-01T13:39:21.995+0000] {subprocess.py:93} INFO - [WARN] Không có historical data cho CVJC2502 trong khoảng gần đây.
[2025-09-01T13:39:21.995+0000] {subprocess.py:93} INFO - [WARN] Không có historical data cho CVJC2501 trong khoảng gần đây.
[2025-09-01T13:39:21.995+0000] {subprocess.py:93} INFO - [WARN] Không có historical data cho CVNM2401 trong khoảng gần đây.
[2025-09-01T13:39:21.996+0000] {subprocess.py:93} INFO - [WARN] Không có historical data cho CVNM2406 trong khoảng gần đây.
[2025-09-01T13:39:21.996+0000] {subprocess.py:93} INFO - [WARN] Không có historical data cho CVNM2505 trong khoảng gần đây.
[2025-09-01T13:39:21.996+0000] {subprocess.py:93} INFO - [WARN] Không có historical data cho CVNM2506 trong khoảng gần đây.
[2025-09-01T13:39:21.996+0000] {subprocess.py:93} INFO - [WARN] Không có historical data cho CVNM2501 trong khoảng gần đây.
[2025-09-01T13:39:21.996+0000] {subprocess.py:93} INFO - [WARN] Không có historical data cho CVPB2407 trong khoảng gần đây.
[2025-09-01T13:39:21.996+0000] {subprocess.py:93} INFO - [WARN] Không có historical data cho CVPB2401 trong khoảng gần đây.
[2025-09-01T13:39:21.997+0000] {subprocess.py:93} INFO - [WARN] Không có historical data cho CVPB2412 trong khoảng gần đây.
[2025-09-01T13:39:21.997+0000] {subprocess.py:93} INFO - [WARN] Không có historical data cho CVPB2503 trong khoảng gần đây.
[2025-09-01T13:39:21.997+0000] {subprocess.py:93} INFO - [WARN] Không có historical data cho CVPB2507 trong khoảng gần đây.
[2025-09-01T13:39:21.997+0000] {subprocess.py:93} INFO - [WARN] Không có historical data cho CVPB2505 trong khoảng gần đây.
[2025-09-01T13:39:21.997+0000] {subprocess.py:93} INFO - [WARN] Không có historical data cho CVRE2504 trong khoảng gần đây.
[2025-09-01T13:39:21.998+0000] {subprocess.py:93} INFO - [WARN] Không có historical data cho CVRE2406 trong khoảng gần đây.
[2025-09-01T13:39:21.998+0000] {subprocess.py:93} INFO - [WARN] Không có historical data cho CVRE2410 trong khoảng gần đây.
[2025-09-01T13:39:21.998+0000] {subprocess.py:93} INFO - [WARN] Không có historical data cho CVRE2502 trong khoảng gần đây.
[2025-09-01T13:39:21.998+0000] {subprocess.py:93} INFO - [WARN] Không có historical data cho CVRE2501 trong khoảng gần đây.
[2025-09-01T13:39:21.998+0000] {subprocess.py:93} INFO - [WARN] Không có historical data cho CVRE2506 trong khoảng gần đây.
[2025-09-01T13:39:21.998+0000] {subprocess.py:93} INFO - [WARN] Không có historical data cho TPH trong khoảng gần đây.
[2025-09-01T13:39:21.999+0000] {subprocess.py:93} INFO - [WARN] Không có historical data cho BAB122032 trong khoảng gần đây.
[2025-09-01T13:39:21.999+0000] {subprocess.py:93} INFO - [WARN] Không có historical data cho BID122005 trong khoảng gần đây.
[2025-09-01T13:39:21.999+0000] {subprocess.py:93} INFO - [WARN] Không có historical data cho BAB123007 trong khoảng gần đây.
[2025-09-01T13:39:21.999+0000] {subprocess.py:93} INFO - [WARN] Không có historical data cho BAB123032 trong khoảng gần đây.
[2025-09-01T13:39:21.999+0000] {subprocess.py:93} INFO - [WARN] Không có historical data cho BAB124014 trong khoảng gần đây.
[2025-09-01T13:39:21.999+0000] {subprocess.py:93} INFO - [WARN] Không có historical data cho BAF122029 trong khoảng gần đây.
[2025-09-01T13:39:22.000+0000] {subprocess.py:93} INFO - [WARN] Không có historical data cho BAB124016 trong khoảng gần đây.
[2025-09-01T13:39:22.000+0000] {subprocess.py:93} INFO - [WARN] Không có historical data cho BAB124015 trong khoảng gần đây.
[2025-09-01T13:40:38.600+0000] {subprocess.py:93} INFO - [WARN] Không có historical data cho BAB124024 trong khoảng gần đây.
[2025-09-01T13:40:38.601+0000] {subprocess.py:93} INFO - [WARN] Không có historical data cho BAB124025 trong khoảng gần đây.
[2025-09-01T13:40:38.601+0000] {subprocess.py:93} INFO - [WARN] Không có historical data cho BAB124026 trong khoảng gần đây.
[2025-09-01T13:40:38.601+0000] {subprocess.py:93} INFO - [WARN] Không có historical data cho BAB123031 trong khoảng gần đây.
[2025-09-01T13:40:38.601+0000] {subprocess.py:93} INFO - [WARN] Không có historical data cho BCG122006 trong khoảng gần đây.
[2025-09-01T13:40:38.602+0000] {subprocess.py:93} INFO - [WARN] Không có historical data cho BID123003 trong khoảng gần đây.
[2025-09-01T13:40:38.602+0000] {subprocess.py:93} INFO - [WARN] Không có historical data cho BAF123020 trong khoảng gần đây.
[2025-09-01T13:40:38.602+0000] {subprocess.py:93} INFO - [WARN] Không có historical data cho BID123004 trong khoảng gần đây.
[2025-09-01T13:40:38.602+0000] {subprocess.py:93} INFO - [WARN] Không có historical data cho CTG121031 trong khoảng gần đây.
[2025-09-01T13:40:38.602+0000] {subprocess.py:93} INFO - [WARN] Không có historical data cho BVB124020 trong khoảng gần đây.
[2025-09-01T13:40:38.603+0000] {subprocess.py:93} INFO - [WARN] Không có historical data cho CII424002 trong khoảng gần đây.
[2025-09-01T13:40:38.603+0000] {subprocess.py:93} INFO - [WARN] Không có historical data cho CII124021 trong khoảng gần đây.
[2025-09-01T13:40:38.603+0000] {subprocess.py:93} INFO - [WARN] Không có historical data cho CII42013 trong khoảng gần đây.
[2025-09-01T13:40:38.603+0000] {subprocess.py:93} INFO - [WARN] Không có historical data cho CMX123035 trong khoảng gần đây.
[2025-09-01T13:40:38.604+0000] {subprocess.py:93} INFO - [WARN] Không có historical data cho CTG123019 trong khoảng gần đây.
[2025-09-01T13:40:38.604+0000] {subprocess.py:93} INFO - [WARN] Không có historical data cho CTG123034 trong khoảng gần đây.
[2025-09-01T13:40:38.604+0000] {subprocess.py:93} INFO - [WARN] Không có historical data cho CVT122009 trong khoảng gần đây.
[2025-09-01T13:40:38.604+0000] {subprocess.py:93} INFO - [WARN] Không có historical data cho CTG123018 trong khoảng gần đây.
[2025-09-01T13:40:38.604+0000] {subprocess.py:93} INFO - [WARN] Không có historical data cho CTG123033 trong khoảng gần đây.
[2025-09-01T13:40:38.605+0000] {subprocess.py:93} INFO - [WARN] Không có historical data cho HDB124006 trong khoảng gần đây.
[2025-09-01T13:40:38.605+0000] {subprocess.py:93} INFO - [WARN] Không có historical data cho HDB124018 trong khoảng gần đây.
[2025-09-01T13:40:38.605+0000] {subprocess.py:93} INFO - [WARN] Không có historical data cho DSE125004 trong khoảng gần đây.
[2025-09-01T13:40:38.605+0000] {subprocess.py:93} INFO - [WARN] Không có historical data cho LPB121036 trong khoảng gần đây.
[2025-09-01T13:40:38.605+0000] {subprocess.py:93} INFO - [WARN] Không có historical data cho HDB124023 trong khoảng gần đây.
[2025-09-01T13:40:38.606+0000] {subprocess.py:93} INFO - [WARN] Không có historical data cho LPB123015 trong khoảng gần đây.
[2025-09-01T13:40:38.606+0000] {subprocess.py:93} INFO - [WARN] Không có historical data cho LPB122013 trong khoảng gần đây.
[2025-09-01T13:40:38.606+0000] {subprocess.py:93} INFO - [WARN] Không có historical data cho LPB122011 trong khoảng gần đây.
[2025-09-01T13:40:38.606+0000] {subprocess.py:93} INFO - [WARN] Không có historical data cho LPB123008 trong khoảng gần đây.
[2025-09-01T13:40:38.606+0000] {subprocess.py:93} INFO - [WARN] Không có historical data cho LPB123009 trong khoảng gần đây.
[2025-09-01T13:40:38.607+0000] {subprocess.py:93} INFO - [WARN] Không có historical data cho MBB124017 trong khoảng gần đây.
[2025-09-01T13:40:38.607+0000] {subprocess.py:93} INFO - [WARN] Không có historical data cho LPB123016 trong khoảng gần đây.
[2025-09-01T13:40:38.607+0000] {subprocess.py:93} INFO - [WARN] Không có historical data cho MML121021 trong khoảng gần đây.
[2025-09-01T13:40:38.607+0000] {subprocess.py:93} INFO - [WARN] Không có historical data cho MSN123008 trong khoảng gần đây.
[2025-09-01T13:40:38.607+0000] {subprocess.py:93} INFO - [WARN] Không có historical data cho MSN123010 trong khoảng gần đây.
[2025-09-01T13:40:38.608+0000] {subprocess.py:93} INFO - [WARN] Không có historical data cho MSN123014 trong khoảng gần đây.
[2025-09-01T13:40:38.608+0000] {subprocess.py:93} INFO - [WARN] Không có historical data cho TCX124013 trong khoảng gần đây.
[2025-09-01T13:40:38.608+0000] {subprocess.py:93} INFO - [WARN] Không có historical data cho MBB124022 trong khoảng gần đây.
[2025-09-01T13:40:38.608+0000] {subprocess.py:93} INFO - [WARN] Không có historical data cho MSN123009 trong khoảng gần đây.
[2025-09-01T13:40:38.608+0000] {subprocess.py:93} INFO - [WARN] Không có historical data cho NPM123023 trong khoảng gần đây.
[2025-09-01T13:40:38.609+0000] {subprocess.py:93} INFO - [WARN] Không có historical data cho TDP124010 trong khoảng gần đây.
[2025-09-01T13:40:38.609+0000] {subprocess.py:93} INFO - [WARN] Không có historical data cho NPM123022 trong khoảng gần đây.
[2025-09-01T13:40:38.609+0000] {subprocess.py:93} INFO - [WARN] Không có historical data cho NPM123021 trong khoảng gần đây.
[2025-09-01T13:40:38.609+0000] {subprocess.py:93} INFO - [WARN] Không có historical data cho NVL122001 trong khoảng gần đây.
[2025-09-01T13:40:38.609+0000] {subprocess.py:93} INFO - [WARN] Không có historical data cho TCX124011 trong khoảng gần đây.
[2025-09-01T13:40:38.609+0000] {subprocess.py:93} INFO - [WARN] Không có historical data cho TCX124012 trong khoảng gần đây.
[2025-09-01T13:40:38.610+0000] {subprocess.py:93} INFO - [WARN] Không có historical data cho VIC123029 trong khoảng gần đây.
[2025-09-01T13:40:38.610+0000] {subprocess.py:93} INFO - [WARN] Không có historical data cho VHM121025 trong khoảng gần đây.
[2025-09-01T13:40:38.610+0000] {subprocess.py:93} INFO - [WARN] Không có historical data cho NPM123024 trong khoảng gần đây.
[2025-09-01T13:40:38.610+0000] {subprocess.py:93} INFO - [WARN] Không có historical data cho VBA122001 trong khoảng gần đây.
[2025-09-01T13:40:38.611+0000] {subprocess.py:93} INFO - [WARN] Không có historical data cho TNG122017 trong khoảng gần đây.
[2025-09-01T13:40:38.611+0000] {subprocess.py:93} INFO - [WARN] Không có historical data cho VBA121033 trong khoảng gần đây.
[2025-09-01T13:40:38.611+0000] {subprocess.py:93} INFO - [WARN] Không có historical data cho VBA123036 trong khoảng gần đây.
[2025-09-01T13:40:38.611+0000] {subprocess.py:93} INFO - [WARN] Không có historical data cho HDB125011 trong khoảng gần đây.
[2025-09-01T13:40:38.611+0000] {subprocess.py:93} INFO - [WARN] Không có historical data cho VBB123017 trong khoảng gần đây.
[2025-09-01T13:40:38.612+0000] {subprocess.py:93} INFO - [WARN] Không có historical data cho VBA124019 trong khoảng gần đây.
[2025-09-01T13:40:38.612+0000] {subprocess.py:93} INFO - [WARN] Không có historical data cho VIC124005 trong khoảng gần đây.
[2025-09-01T13:40:38.612+0000] {subprocess.py:93} INFO - [WARN] Không có historical data cho VIC123028 trong khoảng gần đây.
[2025-09-01T13:40:38.612+0000] {subprocess.py:93} INFO - [WARN] Không có historical data cho VBB124007 trong khoảng gần đây.
[2025-09-01T13:40:38.612+0000] {subprocess.py:93} INFO - [WARN] Không có historical data cho VIC124004 trong khoảng gần đây.
[2025-09-01T13:40:38.612+0000] {subprocess.py:93} INFO - [WARN] Không có historical data cho VRE12007 trong khoảng gần đây.
[2025-09-01T13:40:38.613+0000] {subprocess.py:93} INFO - [WARN] Không có historical data cho LPB125006 trong khoảng gần đây.
[2025-09-01T13:40:38.613+0000] {subprocess.py:93} INFO - [WARN] Không có historical data cho VIC124003 trong khoảng gần đây.
[2025-09-01T13:40:38.613+0000] {subprocess.py:93} INFO - [WARN] Không có historical data cho VPI124001 trong khoảng gần đây.
[2025-09-01T13:40:38.613+0000] {subprocess.py:93} INFO - [WARN] Không có historical data cho BVB125003 trong khoảng gần đây.
[2025-09-01T13:40:38.613+0000] {subprocess.py:93} INFO - [WARN] Không có historical data cho KLB124009 trong khoảng gần đây.
[2025-09-01T13:40:38.614+0000] {subprocess.py:93} INFO - [WARN] Không có historical data cho LPB125007 trong khoảng gần đây.
[2025-09-01T13:40:38.614+0000] {subprocess.py:93} INFO - [WARN] Không có historical data cho HDB125012 trong khoảng gần đây.
[2025-09-01T13:40:38.614+0000] {subprocess.py:93} INFO - [WARN] Không có historical data cho MBB125008 trong khoảng gần đây.
[2025-09-01T13:40:38.614+0000] {subprocess.py:93} INFO - [WARN] Không có historical data cho KLB125015 trong khoảng gần đây.
[2025-09-01T13:40:38.614+0000] {subprocess.py:93} INFO - [WARN] Không có historical data cho TNG124027 trong khoảng gần đây.
[2025-09-01T13:40:38.615+0000] {subprocess.py:93} INFO - [WARN] Không có historical data cho VCK125005 trong khoảng gần đây.
[2025-09-01T13:40:38.615+0000] {subprocess.py:93} INFO - [WARN] Không có historical data cho SHB125010 trong khoảng gần đây.
[2025-09-01T13:40:38.615+0000] {subprocess.py:93} INFO - [WARN] Không có historical data cho BMN trong khoảng gần đây.
[2025-09-01T13:40:38.615+0000] {subprocess.py:93} INFO - [WARN] Không có historical data cho CC4 trong khoảng gần đây.
[2025-09-01T13:40:38.615+0000] {subprocess.py:93} INFO - [WARN] Không có historical data cho EPH trong khoảng gần đây.
[2025-09-01T13:40:38.616+0000] {subprocess.py:93} INFO - [WARN] Không có historical data cho HCB trong khoảng gần đây.
[2025-09-01T13:40:38.616+0000] {subprocess.py:93} INFO - [WARN] Không có historical data cho HDS trong khoảng gần đây.
[2025-09-01T13:40:38.616+0000] {subprocess.py:93} INFO - [WARN] Không có historical data cho KCE trong khoảng gần đây.
[2025-09-01T13:40:38.616+0000] {subprocess.py:93} INFO - [WARN] Không có historical data cho LUT trong khoảng gần đây.
[2025-09-01T13:40:38.616+0000] {subprocess.py:93} INFO - [WARN] Không có historical data cho MTC trong khoảng gần đây.
[2025-09-01T13:40:38.617+0000] {subprocess.py:93} INFO - [WARN] Không có historical data cho NQT trong khoảng gần đây.
[2025-09-01T13:40:38.617+0000] {subprocess.py:93} INFO - [WARN] Không có historical data cho SCY trong khoảng gần đây.
[2025-09-01T13:40:38.617+0000] {subprocess.py:93} INFO - [WARN] Không có historical data cho SDJ trong khoảng gần đây.
[2025-09-01T13:40:38.617+0000] {subprocess.py:93} INFO - [WARN] Không có historical data cho TBT trong khoảng gần đây.
[2025-09-01T13:40:38.617+0000] {subprocess.py:93} INFO - [WARN] Không có historical data cho V11 trong khoảng gần đây.
[2025-09-01T13:40:38.618+0000] {subprocess.py:93} INFO - [WARN] Không có historical data cho GB05F2509 trong khoảng gần đây.
[2025-09-01T13:40:38.618+0000] {subprocess.py:93} INFO - [WARN] Không có historical data cho 41I1F7000 trong khoảng gần đây.
[2025-09-01T13:40:38.618+0000] {subprocess.py:93} INFO - [WARN] Không có historical data cho 41I1F8000 trong khoảng gần đây.
[2025-09-01T13:40:38.618+0000] {subprocess.py:93} INFO - [WARN] Không có historical data cho 41I1G3000 trong khoảng gần đây.
[2025-09-01T13:40:38.618+0000] {subprocess.py:93} INFO - [WARN] Không có historical data cho GB05F2506 trong khoảng gần đây.
[2025-09-01T13:40:38.619+0000] {subprocess.py:93} INFO - [WARN] Không có historical data cho GB05F2512 trong khoảng gần đây.
[2025-09-01T13:40:38.619+0000] {subprocess.py:93} INFO - [WARN] Không có historical data cho GB10F2512 trong khoảng gần đây.
[2025-09-01T13:40:38.619+0000] {subprocess.py:93} INFO - [WARN] Không có historical data cho VN30F2506 trong khoảng gần đây.
[2025-09-01T13:40:38.619+0000] {subprocess.py:93} INFO - [WARN] Không có historical data cho VN30F2505 trong khoảng gần đây.
[2025-09-01T13:40:38.619+0000] {subprocess.py:93} INFO - [WARN] Không có historical data cho VN30F2512 trong khoảng gần đây.
[2025-09-01T13:40:38.620+0000] {subprocess.py:93} INFO - [WARN] Không có historical data cho 41B5G3000 trong khoảng gần đây.
[2025-09-01T13:40:38.620+0000] {subprocess.py:93} INFO - [WARN] Không có historical data cho VN30F2509 trong khoảng gần đây.
[2025-09-01T13:40:38.620+0000] {subprocess.py:93} INFO - [WARN] Không có historical data cho 41BAG3000 trong khoảng gần đây.
[2025-09-01T13:40:38.620+0000] {subprocess.py:93} INFO - [WARN] Không có historical data cho GB10F2509 trong khoảng gần đây.
[2025-09-01T13:40:38.620+0000] {subprocess.py:93} INFO - [WARN] Không có historical data cho 41I1FA000 trong khoảng gần đây.
[2025-09-01T13:40:38.621+0000] {subprocess.py:93} INFO - [WARN] Không có historical data cho GB10F2506 trong khoảng gần đây.
[2025-09-01T13:40:38.621+0000] {subprocess.py:93} INFO - ✅ Đã lưu 2084 bản ghi vào history_data.stock_details
[2025-09-01T13:40:38.719+0000] {subprocess.py:97} INFO - Command exited with return code 0
[2025-09-01T13:40:38.720+0000] {taskinstance.py:441} INFO - ::group::Post task execution logs
[2025-09-01T13:40:38.752+0000] {taskinstance.py:1206} INFO - Marking task as SUCCESS. dag_id=stock_detail_dag, task_id=run_stock_details, run_id=scheduled__2025-09-01T08:58:00+00:00, execution_date=20250901T085800, start_date=20250901T133750, end_date=20250901T134038
[2025-09-01T13:40:38.790+0000] {local_task_job_runner.py:240} INFO - Task exited with return code 0
[2025-09-01T13:40:38.814+0000] {taskinstance.py:3498} INFO - 0 downstream tasks scheduled from follow-on schedule check
[2025-09-01T13:40:38.815+0000] {local_task_job_runner.py:222} INFO - ::endgroup::
