[2025-09-05T14:57:01.944+0000] {local_task_job_runner.py:120} INFO - ::group::Pre task execution logs
[2025-09-05T14:57:01.969+0000] {taskinstance.py:2076} INFO - Dependencies all met for dep_context=non-requeueable deps ti=<TaskInstance: foreign_1_live.save_foreign_1 scheduled__2025-09-05T14:56:00+00:00 [queued]>
[2025-09-05T14:57:01.978+0000] {taskinstance.py:2076} INFO - Dependencies all met for dep_context=requeueable deps ti=<TaskInstance: foreign_1_live.save_foreign_1 scheduled__2025-09-05T14:56:00+00:00 [queued]>
[2025-09-05T14:57:01.979+0000] {taskinstance.py:2306} INFO - Starting attempt 1 of 11
[2025-09-05T14:57:01.992+0000] {taskinstance.py:2330} INFO - Executing <Task(PythonOperator): save_foreign_1> on 2025-09-05 14:56:00+00:00
[2025-09-05T14:57:02.001+0000] {standard_task_runner.py:63} INFO - Started process 17016 to run task
[2025-09-05T14:57:02.005+0000] {standard_task_runner.py:90} INFO - Running: ['***', 'tasks', 'run', 'foreign_1_live', 'save_foreign_1', 'scheduled__2025-09-05T14:56:00+00:00', '--job-id', '116801', '--raw', '--subdir', 'DAGS_FOLDER/dag_foreign_1_live.py', '--cfg-path', '/tmp/tmpcgfk_tzs']
[2025-09-05T14:57:02.008+0000] {standard_task_runner.py:91} INFO - Job 116801: Subtask save_foreign_1
[2025-09-05T14:57:02.064+0000] {task_command.py:426} INFO - Running <TaskInstance: foreign_1_live.save_foreign_1 scheduled__2025-09-05T14:56:00+00:00 [running]> on host d4d2fe648a81
[2025-09-05T14:57:02.174+0000] {taskinstance.py:2648} INFO - Exporting env vars: AIRFLOW_CTX_DAG_OWNER='***' AIRFLOW_CTX_DAG_ID='foreign_1_live' AIRFLOW_CTX_TASK_ID='save_foreign_1' AIRFLOW_CTX_EXECUTION_DATE='2025-09-05T14:56:00+00:00' AIRFLOW_CTX_TRY_NUMBER='1' AIRFLOW_CTX_DAG_RUN_ID='scheduled__2025-09-05T14:56:00+00:00'
[2025-09-05T14:57:02.176+0000] {taskinstance.py:430} INFO - ::endgroup::
[2025-09-05T14:57:02.192+0000] {foreign_1.py:18} INFO - Kết nối DB
[2025-09-05T14:57:02.641+0000] {foreign_1.py:28} INFO - Đã lưu foreign_ALL
[2025-09-05T14:57:02.642+0000] {foreign_1.py:18} INFO - Kết nối DB
[2025-09-05T14:57:02.974+0000] {foreign_1.py:28} INFO - Đã lưu foreign_HOSE
[2025-09-05T14:57:02.976+0000] {foreign_1.py:18} INFO - Kết nối DB
[2025-09-05T14:57:03.523+0000] {foreign_1.py:28} INFO - Đã lưu foreign_HNX
[2025-09-05T14:57:03.525+0000] {foreign_1.py:18} INFO - Kết nối DB
[2025-09-05T14:57:04.086+0000] {foreign_1.py:28} INFO - Đã lưu foreign_UPCOM
[2025-09-05T14:57:04.087+0000] {python.py:237} INFO - Done. Returned value was: None
[2025-09-05T14:57:04.087+0000] {taskinstance.py:441} INFO - ::group::Post task execution logs
[2025-09-05T14:57:04.102+0000] {taskinstance.py:1206} INFO - Marking task as SUCCESS. dag_id=foreign_1_live, task_id=save_foreign_1, run_id=scheduled__2025-09-05T14:56:00+00:00, execution_date=20250905T145600, start_date=20250905T145701, end_date=20250905T145704
[2025-09-05T14:57:04.143+0000] {local_task_job_runner.py:240} INFO - Task exited with return code 0
[2025-09-05T14:57:04.183+0000] {taskinstance.py:3498} INFO - 4 downstream tasks scheduled from follow-on schedule check
[2025-09-05T14:57:04.184+0000] {local_task_job_runner.py:222} INFO - ::endgroup::
