[2025-08-19T02:28:09.073+0000] {local_task_job_runner.py:120} INFO - ::group::Pre task execution logs
[2025-08-19T02:28:09.103+0000] {taskinstance.py:2076} INFO - Dependencies all met for dep_context=non-requeueable deps ti=<TaskInstance: crypto_collector_dag.run_crypto_collector scheduled__2025-08-19T02:26:00+00:00 [queued]>
[2025-08-19T02:28:09.117+0000] {taskinstance.py:2076} INFO - Dependencies all met for dep_context=requeueable deps ti=<TaskInstance: crypto_collector_dag.run_crypto_collector scheduled__2025-08-19T02:26:00+00:00 [queued]>
[2025-08-19T02:28:09.117+0000] {taskinstance.py:2306} INFO - Starting attempt 1 of 2
[2025-08-19T02:28:09.139+0000] {taskinstance.py:2330} INFO - Executing <Task(BashOperator): run_crypto_collector> on 2025-08-19 02:26:00+00:00
[2025-08-19T02:28:09.148+0000] {standard_task_runner.py:63} INFO - Started process 226905 to run task
[2025-08-19T02:28:09.153+0000] {standard_task_runner.py:90} INFO - Running: ['***', 'tasks', 'run', 'crypto_collector_dag', 'run_crypto_collector', 'scheduled__2025-08-19T02:26:00+00:00', '--job-id', '10113', '--raw', '--subdir', 'DAGS_FOLDER/crawl_crypto/dags_crypto.py', '--cfg-path', '/tmp/tmpsdk9hsfs']
[2025-08-19T02:28:09.155+0000] {standard_task_runner.py:91} INFO - Job 10113: Subtask run_crypto_collector
[2025-08-19T02:28:09.217+0000] {task_command.py:426} INFO - Running <TaskInstance: crypto_collector_dag.run_crypto_collector scheduled__2025-08-19T02:26:00+00:00 [running]> on host 1877907bc043
[2025-08-19T02:28:09.320+0000] {taskinstance.py:2648} INFO - Exporting env vars: AIRFLOW_CTX_DAG_OWNER='***' AIRFLOW_CTX_DAG_ID='crypto_collector_dag' AIRFLOW_CTX_TASK_ID='run_crypto_collector' AIRFLOW_CTX_EXECUTION_DATE='2025-08-19T02:26:00+00:00' AIRFLOW_CTX_TRY_NUMBER='1' AIRFLOW_CTX_DAG_RUN_ID='scheduled__2025-08-19T02:26:00+00:00'
[2025-08-19T02:28:09.321+0000] {taskinstance.py:430} INFO - ::endgroup::
[2025-08-19T02:28:09.337+0000] {subprocess.py:63} INFO - Tmp dir root location: /tmp
[2025-08-19T02:28:09.338+0000] {subprocess.py:75} INFO - Running command: ['/usr/bin/bash', '-c', 'python3 /opt/***/dags/crawl_crypto/crawl_data_crypto.py']
[2025-08-19T02:28:09.350+0000] {subprocess.py:86} INFO - Output:
[2025-08-19T02:28:15.444+0000] {subprocess.py:93} INFO - 🔹 Kết nối DB...
[2025-08-19T02:28:15.444+0000] {subprocess.py:93} INFO - 🔹 Lấy top 100 crypto...
[2025-08-19T02:28:15.445+0000] {subprocess.py:93} INFO - Top 100: ['ETHUSDT', 'USDCUSDT', 'BTCUSDT', 'SOLUSDT', 'FDUSDUSDT', 'XRPUSDT', 'DOGEUSDT', 'LINKUSDT', 'ADAUSDT', 'PROVEUSDT', 'SUIUSDT', 'BNBUSDT', 'TRXUSDT', 'TOWNSUSDT', 'ENAUSDT', 'ARBUSDT', 'PEPEUSDT', 'UNIUSDT', 'AVAXUSDT', 'BIOUSDT', 'PENGUUSDT', 'SEIUSDT', 'LTCUSDT', 'POLUSDT', 'PLUMEUSDT', 'HBARUSDT', 'AEURUSDT', 'CRVUSDT', 'BFUSDUSDT', 'AAVEUSDT', 'TRUMPUSDT', 'BONKUSDT', 'DOTUSDT', 'WLDUSDT', 'NEARUSDT', 'XLMUSDT', 'INJUSDT', 'SUSDT', 'API3USDT', 'WIFUSDT', 'LDOUSDT', 'MEMEUSDT', 'VIRTUALUSDT', 'TONUSDT', 'TAOUSDT', 'APTUSDT', 'SKLUSDT', 'FLOKIUSDT', 'ONDOUSDT', 'OPUSDT', 'PENDLEUSDT', 'ETHFIUSDT', 'PONDUSDT', 'FETUSDT', 'EURUSDT', 'EPICUSDT', 'RAYUSDT', 'SHIBUSDT', 'TIAUSDT', 'MAGICUSDT', 'NEIROUSDT', 'ETCUSDT', 'PNUTUSDT', 'ALGOUSDT', 'ALPINEUSDT', 'BCHUSDT', 'XUSDUSDT', 'EIGENUSDT', 'RENDERUSDT', 'JUVUSDT', 'GALAUSDT', 'FILUSDT', 'OGUSDT', 'CTSIUSDT', 'ASRUSDT', 'UTKUSDT', 'CAKEUSDT', 'CFXUSDT', 'TSTUSDT', 'MDTUSDT', 'CYBERUSDT', 'SPKUSDT', 'RUNEUSDT', 'VETUSDT', 'WBTCUSDT', 'PAXGUSDT', 'ICPUSDT', 'BERAUSDT', 'MKRUSDT', 'MAVUSDT', 'ORDIUSDT', 'ATOMUSDT', 'SYRUPUSDT', 'LAYERUSDT', 'RESOLVUSDT', 'ENSUSDT', 'PORTOUSDT', 'AIXBTUSDT', 'WCTUSDT', 'FUNUSDT']
[2025-08-19T02:28:15.445+0000] {subprocess.py:93} INFO - 🔹 Lưu lịch sử giá vào DB bằng threading...
[2025-08-19T02:28:15.445+0000] {subprocess.py:93} INFO - ✅ BTCUSDT: thêm 31 dòng mới
[2025-08-19T02:28:15.445+0000] {subprocess.py:93} INFO - ✅ USDCUSDT: thêm 17 dòng mới
[2025-08-19T02:28:15.446+0000] {subprocess.py:93} INFO - 1/100 BTCUSDT lưu OK
[2025-08-19T02:28:15.446+0000] {subprocess.py:93} INFO - ✅ ADAUSDT: thêm 31 dòng mới
[2025-08-19T02:28:15.446+0000] {subprocess.py:93} INFO - 2/100 ADAUSDT lưu OK
[2025-08-19T02:28:15.446+0000] {subprocess.py:93} INFO - 3/100 USDCUSDT lưu OK
[2025-08-19T02:28:15.447+0000] {subprocess.py:93} INFO - ✅ XRPUSDT: thêm 31 dòng mới
[2025-08-19T02:28:15.447+0000] {subprocess.py:93} INFO - 4/100 XRPUSDT lưu OK
[2025-08-19T02:28:15.447+0000] {subprocess.py:93} INFO - ✅ ETHUSDT: thêm 17 dòng mới
[2025-08-19T02:28:15.447+0000] {subprocess.py:93} INFO - 5/100 ETHUSDT lưu OK
[2025-08-19T02:28:15.447+0000] {subprocess.py:93} INFO - ✅ LINKUSDT: thêm 17 dòng mới
[2025-08-19T02:28:15.448+0000] {subprocess.py:93} INFO - 6/100 LINKUSDT lưu OK
[2025-08-19T02:28:15.448+0000] {subprocess.py:93} INFO - ✅ PROVEUSDT: thêm 31 dòng mới
[2025-08-19T02:28:15.448+0000] {subprocess.py:93} INFO - 7/100 PROVEUSDT lưu OK
[2025-08-19T02:28:15.448+0000] {subprocess.py:93} INFO - ✅ FDUSDUSDT: thêm 37 dòng mới
[2025-08-19T02:28:15.448+0000] {subprocess.py:93} INFO - ✅ SOLUSDT: thêm 37 dòng mới
[2025-08-19T02:28:15.449+0000] {subprocess.py:93} INFO - 8/100 FDUSDUSDT lưu OK
[2025-08-19T02:28:15.449+0000] {subprocess.py:93} INFO - 9/100 SOLUSDT lưu OK
[2025-08-19T02:28:15.449+0000] {subprocess.py:93} INFO - ✅ DOGEUSDT: thêm 37 dòng mới
[2025-08-19T02:28:15.449+0000] {subprocess.py:93} INFO - 10/100 DOGEUSDT lưu OK
[2025-08-19T02:28:15.450+0000] {subprocess.py:93} INFO - ✅ SUIUSDT: thêm 17 dòng mới
[2025-08-19T02:28:15.450+0000] {subprocess.py:93} INFO - 11/100 SUIUSDT lưu OK
[2025-08-19T02:28:15.450+0000] {subprocess.py:93} INFO - ✅ TRXUSDT: thêm 17 dòng mới
[2025-08-19T02:28:15.450+0000] {subprocess.py:93} INFO - 12/100 TRXUSDT lưu OK
[2025-08-19T02:28:15.450+0000] {subprocess.py:93} INFO - ✅ BNBUSDT: thêm 17 dòng mới
[2025-08-19T02:28:15.451+0000] {subprocess.py:93} INFO - 13/100 BNBUSDT lưu OK
[2025-08-19T02:28:15.451+0000] {subprocess.py:93} INFO - ✅ UNIUSDT: thêm 31 dòng mới
[2025-08-19T02:28:15.451+0000] {subprocess.py:93} INFO - 14/100 UNIUSDT lưu OK
[2025-08-19T02:28:15.451+0000] {subprocess.py:93} INFO - 15/100 BIOUSDT lỗi: relation "cryptocurrency.biousdt" does not exist
[2025-08-19T02:28:15.451+0000] {subprocess.py:93} INFO - LINE 1: SELECT MAX(time) FROM cryptocurrency.biousdt;
[2025-08-19T02:28:15.452+0000] {subprocess.py:93} INFO -                               ^
[2025-08-19T02:28:15.452+0000] {subprocess.py:93} INFO - 
[2025-08-19T02:28:15.452+0000] {subprocess.py:93} INFO - ✅ PEPEUSDT: thêm 31 dòng mới
[2025-08-19T02:28:15.452+0000] {subprocess.py:93} INFO - 16/100 PEPEUSDT lưu OK
[2025-08-19T02:28:15.452+0000] {subprocess.py:93} INFO - ✅ ENAUSDT: thêm 31 dòng mới
[2025-08-19T02:28:15.453+0000] {subprocess.py:93} INFO - 17/100 ENAUSDT lưu OK
[2025-08-19T02:28:15.453+0000] {subprocess.py:93} INFO - ✅ ARBUSDT: thêm 16 dòng mới
[2025-08-19T02:28:15.453+0000] {subprocess.py:93} INFO - 18/100 ARBUSDT lưu OK
[2025-08-19T02:28:15.453+0000] {subprocess.py:93} INFO - ✅ AVAXUSDT: thêm 42 dòng mới
[2025-08-19T02:28:15.454+0000] {subprocess.py:93} INFO - 19/100 AVAXUSDT lưu OK
[2025-08-19T02:28:15.454+0000] {subprocess.py:93} INFO - ✅ PENGUUSDT: thêm 30 dòng mới
[2025-08-19T02:28:15.454+0000] {subprocess.py:93} INFO - 20/100 PENGUUSDT lưu OK
[2025-08-19T02:28:15.454+0000] {subprocess.py:93} INFO - ✅ SEIUSDT: thêm 30 dòng mới
[2025-08-19T02:28:15.454+0000] {subprocess.py:93} INFO - 21/100 SEIUSDT lưu OK
[2025-08-19T02:28:15.455+0000] {subprocess.py:93} INFO - ✅ LTCUSDT: thêm 30 dòng mới
[2025-08-19T02:28:15.455+0000] {subprocess.py:93} INFO - 22/100 LTCUSDT lưu OK
[2025-08-19T02:28:15.455+0000] {subprocess.py:93} INFO - 23/100 AEURUSDT lỗi: relation "cryptocurrency.aeurusdt" does not exist
[2025-08-19T02:28:15.455+0000] {subprocess.py:93} INFO - LINE 1: SELECT MAX(time) FROM cryptocurrency.aeurusdt;
[2025-08-19T02:28:15.455+0000] {subprocess.py:93} INFO -                               ^
[2025-08-19T02:28:15.456+0000] {subprocess.py:93} INFO - 
[2025-08-19T02:28:15.456+0000] {subprocess.py:93} INFO - ✅ CRVUSDT: thêm 15 dòng mới
[2025-08-19T02:28:15.456+0000] {subprocess.py:93} INFO - 24/100 CRVUSDT lưu OK
[2025-08-19T02:28:15.456+0000] {subprocess.py:93} INFO - 25/100 PLUMEUSDT lỗi: relation "cryptocurrency.plumeusdt" does not exist
[2025-08-19T02:28:15.456+0000] {subprocess.py:93} INFO - LINE 1: SELECT MAX(time) FROM cryptocurrency.plumeusdt;
[2025-08-19T02:28:15.457+0000] {subprocess.py:93} INFO -                               ^
[2025-08-19T02:28:15.457+0000] {subprocess.py:93} INFO - 
[2025-08-19T02:28:15.457+0000] {subprocess.py:93} INFO - ✅ BFUSDUSDT: thêm 30 dòng mới
[2025-08-19T02:28:15.457+0000] {subprocess.py:93} INFO - 26/100 BFUSDUSDT lưu OK
[2025-08-19T02:28:15.458+0000] {subprocess.py:93} INFO - ✅ TOWNSUSDT: thêm 17 dòng mới
[2025-08-19T02:28:15.458+0000] {subprocess.py:93} INFO - 27/100 TOWNSUSDT lưu OK
[2025-08-19T02:28:15.458+0000] {subprocess.py:93} INFO - ✅ AAVEUSDT: thêm 15 dòng mới
[2025-08-19T02:28:15.458+0000] {subprocess.py:93} INFO - 28/100 AAVEUSDT lưu OK
[2025-08-19T02:28:15.459+0000] {subprocess.py:93} INFO - ✅ HBARUSDT: thêm 36 dòng mới
[2025-08-19T02:28:15.459+0000] {subprocess.py:93} INFO - 29/100 HBARUSDT lưu OK
[2025-08-19T02:28:15.459+0000] {subprocess.py:93} INFO - ✅ POLUSDT: thêm 30 dòng mới
[2025-08-19T02:28:15.459+0000] {subprocess.py:93} INFO - 30/100 POLUSDT lưu OK
[2025-08-19T02:28:15.460+0000] {subprocess.py:93} INFO - ✅ BONKUSDT: thêm 29 dòng mới
[2025-08-19T02:28:15.460+0000] {subprocess.py:93} INFO - 31/100 BONKUSDT lưu OK
[2025-08-19T02:28:15.460+0000] {subprocess.py:93} INFO - ✅ TRUMPUSDT: thêm 15 dòng mới
[2025-08-19T02:28:15.460+0000] {subprocess.py:93} INFO - 32/100 TRUMPUSDT lưu OK
[2025-08-19T02:28:15.460+0000] {subprocess.py:93} INFO - ✅ DOTUSDT: thêm 15 dòng mới
[2025-08-19T02:28:15.461+0000] {subprocess.py:93} INFO - 33/100 DOTUSDT lưu OK
[2025-08-19T02:28:15.461+0000] {subprocess.py:93} INFO - ✅ NEARUSDT: thêm 14 dòng mới
[2025-08-19T02:28:15.461+0000] {subprocess.py:93} INFO - 34/100 NEARUSDT lưu OK
[2025-08-19T02:28:15.461+0000] {subprocess.py:93} INFO - ✅ WLDUSDT: thêm 15 dòng mới
[2025-08-19T02:28:15.461+0000] {subprocess.py:93} INFO - 35/100 WLDUSDT lưu OK
[2025-08-19T02:28:15.462+0000] {subprocess.py:93} INFO - ✅ SUSDT: thêm 14 dòng mới
[2025-08-19T02:28:15.462+0000] {subprocess.py:93} INFO - 36/100 SUSDT lưu OK
[2025-08-19T02:28:15.462+0000] {subprocess.py:93} INFO - ✅ XLMUSDT: thêm 15 dòng mới
[2025-08-19T02:28:15.462+0000] {subprocess.py:93} INFO - 37/100 XLMUSDT lưu OK
[2025-08-19T02:28:15.462+0000] {subprocess.py:93} INFO - ✅ INJUSDT: thêm 14 dòng mới
[2025-08-19T02:28:15.463+0000] {subprocess.py:93} INFO - 38/100 INJUSDT lưu OK
[2025-08-19T02:28:15.463+0000] {subprocess.py:93} INFO - ✅ API3USDT: thêm 14 dòng mới
[2025-08-19T02:28:15.463+0000] {subprocess.py:93} INFO - 39/100 API3USDT lưu OK
[2025-08-19T02:28:15.463+0000] {subprocess.py:93} INFO - ✅ WIFUSDT: thêm 14 dòng mới
[2025-08-19T02:28:15.464+0000] {subprocess.py:93} INFO - 40/100 WIFUSDT lưu OK
[2025-08-19T02:28:15.464+0000] {subprocess.py:93} INFO - ✅ LDOUSDT: thêm 14 dòng mới
[2025-08-19T02:28:15.464+0000] {subprocess.py:93} INFO - 41/100 LDOUSDT lưu OK
[2025-08-19T02:28:15.464+0000] {subprocess.py:93} INFO - 42/100 MEMEUSDT lỗi: relation "cryptocurrency.memeusdt" does not exist
[2025-08-19T02:28:15.464+0000] {subprocess.py:93} INFO - LINE 1: SELECT MAX(time) FROM cryptocurrency.memeusdt;
[2025-08-19T02:28:15.465+0000] {subprocess.py:93} INFO -                               ^
[2025-08-19T02:28:15.465+0000] {subprocess.py:93} INFO - 
[2025-08-19T02:28:15.465+0000] {subprocess.py:93} INFO - ✅ TONUSDT: thêm 29 dòng mới
[2025-08-19T02:28:15.465+0000] {subprocess.py:93} INFO - 43/100 TONUSDT lưu OK
[2025-08-19T02:28:15.465+0000] {subprocess.py:93} INFO - ✅ VIRTUALUSDT: thêm 14 dòng mới
[2025-08-19T02:28:15.466+0000] {subprocess.py:93} INFO - 44/100 VIRTUALUSDT lưu OK
[2025-08-19T02:28:15.466+0000] {subprocess.py:93} INFO - ✅ TAOUSDT: thêm 29 dòng mới
[2025-08-19T02:28:15.466+0000] {subprocess.py:93} INFO - 45/100 TAOUSDT lưu OK
[2025-08-19T02:28:15.466+0000] {subprocess.py:93} INFO - ✅ SKLUSDT: thêm 14 dòng mới
[2025-08-19T02:28:15.466+0000] {subprocess.py:93} INFO - 46/100 SKLUSDT lưu OK
[2025-08-19T02:28:15.467+0000] {subprocess.py:93} INFO - ✅ APTUSDT: thêm 14 dòng mới
[2025-08-19T02:28:15.467+0000] {subprocess.py:93} INFO - 47/100 APTUSDT lưu OK
[2025-08-19T02:28:15.467+0000] {subprocess.py:93} INFO - ✅ OPUSDT: thêm 13 dòng mới
[2025-08-19T02:28:15.467+0000] {subprocess.py:93} INFO - 48/100 OPUSDT lưu OK
[2025-08-19T02:28:15.467+0000] {subprocess.py:93} INFO - ✅ FLOKIUSDT: thêm 14 dòng mới
[2025-08-19T02:28:15.468+0000] {subprocess.py:93} INFO - 49/100 FLOKIUSDT lưu OK
[2025-08-19T02:28:15.468+0000] {subprocess.py:93} INFO - ✅ ONDOUSDT: thêm 14 dòng mới
[2025-08-19T02:28:15.468+0000] {subprocess.py:93} INFO - 50/100 ONDOUSDT lưu OK
[2025-08-19T02:28:15.468+0000] {subprocess.py:93} INFO - ✅ PENDLEUSDT: thêm 13 dòng mới
[2025-08-19T02:28:15.469+0000] {subprocess.py:93} INFO - 51/100 PENDLEUSDT lưu OK
[2025-08-19T02:28:15.469+0000] {subprocess.py:93} INFO - ✅ FETUSDT: thêm 29 dòng mới
[2025-08-19T02:28:15.469+0000] {subprocess.py:93} INFO - 52/100 FETUSDT lưu OK
[2025-08-19T02:28:15.469+0000] {subprocess.py:93} INFO - 53/100 PONDUSDT lỗi: relation "cryptocurrency.pondusdt" does not exist
[2025-08-19T02:28:15.469+0000] {subprocess.py:93} INFO - LINE 1: SELECT MAX(time) FROM cryptocurrency.pondusdt;
[2025-08-19T02:28:15.470+0000] {subprocess.py:93} INFO -                               ^
[2025-08-19T02:28:15.470+0000] {subprocess.py:93} INFO - 
[2025-08-19T02:28:15.470+0000] {subprocess.py:93} INFO - ✅ ETHFIUSDT: thêm 14 dòng mới
[2025-08-19T02:28:15.470+0000] {subprocess.py:93} INFO - 54/100 ETHFIUSDT lưu OK
[2025-08-19T02:28:15.471+0000] {subprocess.py:93} INFO - ✅ EURUSDT: thêm 14 dòng mới
[2025-08-19T02:28:15.471+0000] {subprocess.py:93} INFO - 55/100 EURUSDT lưu OK
[2025-08-19T02:28:15.471+0000] {subprocess.py:93} INFO - ✅ EPICUSDT: thêm 29 dòng mới
[2025-08-19T02:28:15.471+0000] {subprocess.py:93} INFO - 56/100 EPICUSDT lưu OK
[2025-08-19T02:28:15.471+0000] {subprocess.py:93} INFO - ✅ RAYUSDT: thêm 29 dòng mới
[2025-08-19T02:28:15.472+0000] {subprocess.py:93} INFO - 57/100 RAYUSDT lưu OK
[2025-08-19T02:28:15.472+0000] {subprocess.py:93} INFO - ✅ MAGICUSDT: thêm 13 dòng mới
[2025-08-19T02:28:15.472+0000] {subprocess.py:93} INFO - 58/100 MAGICUSDT lưu OK
[2025-08-19T02:28:15.472+0000] {subprocess.py:93} INFO - ✅ TIAUSDT: thêm 13 dòng mới
[2025-08-19T02:28:15.473+0000] {subprocess.py:93} INFO - 59/100 TIAUSDT lưu OK
[2025-08-19T02:28:15.473+0000] {subprocess.py:93} INFO - ✅ SHIBUSDT: thêm 35 dòng mới
[2025-08-19T02:28:15.473+0000] {subprocess.py:93} INFO - 60/100 SHIBUSDT lưu OK
[2025-08-19T02:28:15.473+0000] {subprocess.py:93} INFO - ✅ NEIROUSDT: thêm 13 dòng mới
[2025-08-19T02:28:15.473+0000] {subprocess.py:93} INFO - 61/100 NEIROUSDT lưu OK
[2025-08-19T02:28:15.474+0000] {subprocess.py:93} INFO - ✅ ETCUSDT: thêm 28 dòng mới
[2025-08-19T02:28:15.474+0000] {subprocess.py:93} INFO - 62/100 ETCUSDT lưu OK
[2025-08-19T02:28:15.474+0000] {subprocess.py:93} INFO - ✅ ALGOUSDT: thêm 13 dòng mới
[2025-08-19T02:28:15.474+0000] {subprocess.py:93} INFO - 63/100 ALGOUSDT lưu OK
[2025-08-19T02:28:15.475+0000] {subprocess.py:93} INFO - ✅ PNUTUSDT: thêm 13 dòng mới
[2025-08-19T02:28:15.475+0000] {subprocess.py:93} INFO - 64/100 PNUTUSDT lưu OK
[2025-08-19T02:28:15.475+0000] {subprocess.py:93} INFO - ✅ ALPINEUSDT: thêm 13 dòng mới
[2025-08-19T02:28:15.475+0000] {subprocess.py:93} INFO - 65/100 ALPINEUSDT lưu OK
[2025-08-19T02:28:15.476+0000] {subprocess.py:93} INFO - ✅ BCHUSDT: thêm 13 dòng mới
[2025-08-19T02:28:15.476+0000] {subprocess.py:93} INFO - 66/100 BCHUSDT lưu OK
[2025-08-19T02:28:15.476+0000] {subprocess.py:93} INFO - ✅ XUSDUSDT: thêm 13 dòng mới
[2025-08-19T02:28:15.476+0000] {subprocess.py:93} INFO - 67/100 XUSDUSDT lưu OK
[2025-08-19T02:28:15.476+0000] {subprocess.py:93} INFO - ✅ EIGENUSDT: thêm 12 dòng mới
[2025-08-19T02:28:15.477+0000] {subprocess.py:93} INFO - ✅ RENDERUSDT: thêm 28 dòng mới
[2025-08-19T02:28:15.477+0000] {subprocess.py:93} INFO - 68/100 EIGENUSDT lưu OK
[2025-08-19T02:28:15.477+0000] {subprocess.py:93} INFO - 69/100 RENDERUSDT lưu OK
[2025-08-19T02:28:15.477+0000] {subprocess.py:93} INFO - ✅ JUVUSDT: thêm 34 dòng mới
[2025-08-19T02:28:15.478+0000] {subprocess.py:93} INFO - 70/100 JUVUSDT lưu OK
[2025-08-19T02:28:15.478+0000] {subprocess.py:93} INFO - ✅ GALAUSDT: thêm 12 dòng mới
[2025-08-19T02:28:15.478+0000] {subprocess.py:93} INFO - 71/100 GALAUSDT lưu OK
[2025-08-19T02:28:15.478+0000] {subprocess.py:93} INFO - ✅ FILUSDT: thêm 12 dòng mới
[2025-08-19T02:28:15.478+0000] {subprocess.py:93} INFO - 72/100 FILUSDT lưu OK
[2025-08-19T02:28:15.479+0000] {subprocess.py:93} INFO - ✅ CTSIUSDT: thêm 12 dòng mới
[2025-08-19T02:28:15.479+0000] {subprocess.py:93} INFO - 73/100 CTSIUSDT lưu OK
[2025-08-19T02:28:15.479+0000] {subprocess.py:93} INFO - ✅ OGUSDT: thêm 12 dòng mới
[2025-08-19T02:28:15.479+0000] {subprocess.py:93} INFO - 74/100 OGUSDT lưu OK
[2025-08-19T02:28:15.479+0000] {subprocess.py:93} INFO - ✅ ASRUSDT: thêm 27 dòng mới
[2025-08-19T02:28:15.480+0000] {subprocess.py:93} INFO - 75/100 ASRUSDT lưu OK
[2025-08-19T02:28:15.480+0000] {subprocess.py:93} INFO - 76/100 UTKUSDT lỗi: relation "cryptocurrency.utkusdt" does not exist
[2025-08-19T02:28:15.480+0000] {subprocess.py:93} INFO - LINE 1: SELECT MAX(time) FROM cryptocurrency.utkusdt;
[2025-08-19T02:28:15.480+0000] {subprocess.py:93} INFO -                               ^
[2025-08-19T02:28:15.480+0000] {subprocess.py:93} INFO - 
[2025-08-19T02:28:15.481+0000] {subprocess.py:93} INFO - ✅ CFXUSDT: thêm 27 dòng mới
[2025-08-19T02:28:15.481+0000] {subprocess.py:93} INFO - 77/100 CFXUSDT lưu OK
[2025-08-19T02:28:15.481+0000] {subprocess.py:93} INFO - ✅ TSTUSDT: thêm 27 dòng mới
[2025-08-19T02:28:15.481+0000] {subprocess.py:93} INFO - 78/100 TSTUSDT lưu OK
[2025-08-19T02:28:15.481+0000] {subprocess.py:93} INFO - ✅ CAKEUSDT: thêm 34 dòng mới
[2025-08-19T02:28:15.482+0000] {subprocess.py:93} INFO - 79/100 CAKEUSDT lưu OK
[2025-08-19T02:28:15.482+0000] {subprocess.py:93} INFO - ✅ MDTUSDT: thêm 11 dòng mới
[2025-08-19T02:28:15.482+0000] {subprocess.py:93} INFO - 80/100 CYBERUSDT lỗi: relation "cryptocurrency.cyberusdt" does not exist
[2025-08-19T02:28:15.482+0000] {subprocess.py:93} INFO - LINE 1: SELECT MAX(time) FROM cryptocurrency.cyberusdt;
[2025-08-19T02:28:15.482+0000] {subprocess.py:93} INFO -                               ^
[2025-08-19T02:28:15.483+0000] {subprocess.py:93} INFO - 
[2025-08-19T02:28:15.483+0000] {subprocess.py:93} INFO - 81/100 MDTUSDT lưu OK
[2025-08-19T02:28:15.483+0000] {subprocess.py:93} INFO - 82/100 VETUSDT lỗi: relation "cryptocurrency.vetusdt" does not exist
[2025-08-19T02:28:15.483+0000] {subprocess.py:93} INFO - LINE 1: SELECT MAX(time) FROM cryptocurrency.vetusdt;
[2025-08-19T02:28:15.484+0000] {subprocess.py:93} INFO -                               ^
[2025-08-19T02:28:15.484+0000] {subprocess.py:93} INFO - 
[2025-08-19T02:28:15.484+0000] {subprocess.py:93} INFO - 83/100 RUNEUSDT lỗi: relation "cryptocurrency.runeusdt" does not exist
[2025-08-19T02:28:15.484+0000] {subprocess.py:93} INFO - LINE 1: SELECT MAX(time) FROM cryptocurrency.runeusdt;
[2025-08-19T02:28:15.484+0000] {subprocess.py:93} INFO -                               ^
[2025-08-19T02:28:15.485+0000] {subprocess.py:93} INFO - 
[2025-08-19T02:28:15.485+0000] {subprocess.py:93} INFO - 84/100 WBTCUSDT lỗi: relation "cryptocurrency.wbtcusdt" does not exist
[2025-08-19T02:28:15.485+0000] {subprocess.py:93} INFO - LINE 1: SELECT MAX(time) FROM cryptocurrency.wbtcusdt;
[2025-08-19T02:28:15.485+0000] {subprocess.py:93} INFO -                               ^
[2025-08-19T02:28:15.485+0000] {subprocess.py:93} INFO - 
[2025-08-19T02:28:15.486+0000] {subprocess.py:93} INFO - ✅ BERAUSDT: thêm 11 dòng mới
[2025-08-19T02:28:15.486+0000] {subprocess.py:93} INFO - 85/100 BERAUSDT lưu OK
[2025-08-19T02:28:15.486+0000] {subprocess.py:93} INFO - ✅ SPKUSDT: thêm 27 dòng mới
[2025-08-19T02:28:15.486+0000] {subprocess.py:93} INFO - 86/100 SPKUSDT lưu OK
[2025-08-19T02:28:15.486+0000] {subprocess.py:93} INFO - ✅ ICPUSDT: thêm 11 dòng mới
[2025-08-19T02:28:15.487+0000] {subprocess.py:93} INFO - 87/100 ICPUSDT lưu OK
[2025-08-19T02:28:15.487+0000] {subprocess.py:93} INFO - 88/100 PAXGUSDT lỗi: relation "cryptocurrency.paxgusdt" does not exist
[2025-08-19T02:28:15.487+0000] {subprocess.py:93} INFO - LINE 1: SELECT MAX(time) FROM cryptocurrency.paxgusdt;
[2025-08-19T02:28:15.487+0000] {subprocess.py:93} INFO -                               ^
[2025-08-19T02:28:15.487+0000] {subprocess.py:93} INFO - 
[2025-08-19T02:28:15.488+0000] {subprocess.py:93} INFO - 89/100 MKRUSDT lỗi: relation "cryptocurrency.mkrusdt" does not exist
[2025-08-19T02:28:15.488+0000] {subprocess.py:93} INFO - LINE 1: SELECT MAX(time) FROM cryptocurrency.mkrusdt;
[2025-08-19T02:28:15.488+0000] {subprocess.py:93} INFO -                               ^
[2025-08-19T02:28:15.488+0000] {subprocess.py:93} INFO - 
[2025-08-19T02:28:15.488+0000] {subprocess.py:93} INFO - ✅ MAVUSDT: thêm 11 dòng mới
[2025-08-19T02:28:15.489+0000] {subprocess.py:93} INFO - 90/100 MAVUSDT lưu OK
[2025-08-19T02:28:15.489+0000] {subprocess.py:93} INFO - 91/100 ATOMUSDT lỗi: relation "cryptocurrency.atomusdt" does not exist
[2025-08-19T02:28:15.489+0000] {subprocess.py:93} INFO - LINE 1: SELECT MAX(time) FROM cryptocurrency.atomusdt;
[2025-08-19T02:28:15.489+0000] {subprocess.py:93} INFO -                               ^
[2025-08-19T02:28:15.490+0000] {subprocess.py:93} INFO - 
[2025-08-19T02:28:15.490+0000] {subprocess.py:93} INFO - ✅ SYRUPUSDT: thêm 26 dòng mới
[2025-08-19T02:28:15.490+0000] {subprocess.py:93} INFO - 92/100 SYRUPUSDT lưu OK
[2025-08-19T02:28:15.490+0000] {subprocess.py:93} INFO - 93/100 LAYERUSDT lỗi: relation "cryptocurrency.layerusdt" does not exist
[2025-08-19T02:28:15.490+0000] {subprocess.py:93} INFO - LINE 1: SELECT MAX(time) FROM cryptocurrency.layerusdt;
[2025-08-19T02:28:15.491+0000] {subprocess.py:93} INFO -                               ^
[2025-08-19T02:28:15.491+0000] {subprocess.py:93} INFO - 
[2025-08-19T02:28:15.491+0000] {subprocess.py:93} INFO - ✅ ORDIUSDT: thêm 10 dòng mới
[2025-08-19T02:28:15.694+0000] {subprocess.py:93} INFO - 94/100 ORDIUSDT lưu OK
[2025-08-19T02:28:15.695+0000] {subprocess.py:93} INFO - ✅ PORTOUSDT: thêm 9 dòng mới
[2025-08-19T02:28:15.695+0000] {subprocess.py:93} INFO - 95/100 PORTOUSDT lưu OK
[2025-08-19T02:28:15.695+0000] {subprocess.py:93} INFO - 96/100 RESOLVUSDT lỗi: relation "cryptocurrency.resolvusdt" does not exist
[2025-08-19T02:28:15.696+0000] {subprocess.py:93} INFO - LINE 1: SELECT MAX(time) FROM cryptocurrency.resolvusdt;
[2025-08-19T02:28:15.696+0000] {subprocess.py:93} INFO -                               ^
[2025-08-19T02:28:15.696+0000] {subprocess.py:93} INFO - 
[2025-08-19T02:28:15.696+0000] {subprocess.py:93} INFO - ✅ ENSUSDT: thêm 33 dòng mới
[2025-08-19T02:28:15.697+0000] {subprocess.py:93} INFO - 97/100 ENSUSDT lưu OK
[2025-08-19T02:28:15.697+0000] {subprocess.py:93} INFO - 98/100 AIXBTUSDT lỗi: relation "cryptocurrency.aixbtusdt" does not exist
[2025-08-19T02:28:15.697+0000] {subprocess.py:93} INFO - LINE 1: SELECT MAX(time) FROM cryptocurrency.aixbtusdt;
[2025-08-19T02:28:15.697+0000] {subprocess.py:93} INFO -                               ^
[2025-08-19T02:28:15.697+0000] {subprocess.py:93} INFO - 
[2025-08-19T02:28:15.698+0000] {subprocess.py:93} INFO - 99/100 FUNUSDT lỗi: relation "cryptocurrency.funusdt" does not exist
[2025-08-19T02:28:15.698+0000] {subprocess.py:93} INFO - LINE 1: SELECT MAX(time) FROM cryptocurrency.funusdt;
[2025-08-19T02:28:15.698+0000] {subprocess.py:93} INFO -                               ^
[2025-08-19T02:28:15.699+0000] {subprocess.py:93} INFO - 
[2025-08-19T02:28:15.699+0000] {subprocess.py:93} INFO - 100/100 WCTUSDT lỗi: relation "cryptocurrency.wctusdt" does not exist
[2025-08-19T02:28:15.699+0000] {subprocess.py:93} INFO - LINE 1: SELECT MAX(time) FROM cryptocurrency.wctusdt;
[2025-08-19T02:28:15.699+0000] {subprocess.py:93} INFO -                               ^
[2025-08-19T02:28:15.699+0000] {subprocess.py:93} INFO - 
[2025-08-19T02:28:15.788+0000] {subprocess.py:97} INFO - Command exited with return code 0
[2025-08-19T02:28:15.788+0000] {taskinstance.py:441} INFO - ::group::Post task execution logs
[2025-08-19T02:28:15.816+0000] {taskinstance.py:1206} INFO - Marking task as SUCCESS. dag_id=crypto_collector_dag, task_id=run_crypto_collector, run_id=scheduled__2025-08-19T02:26:00+00:00, execution_date=20250819T022600, start_date=20250819T022809, end_date=20250819T022815
[2025-08-19T02:28:15.841+0000] {local_task_job_runner.py:240} INFO - Task exited with return code 0
[2025-08-19T02:28:15.859+0000] {taskinstance.py:3498} INFO - 0 downstream tasks scheduled from follow-on schedule check
[2025-08-19T02:28:15.860+0000] {local_task_job_runner.py:222} INFO - ::endgroup::
