[2025-08-13T02:26:02.961+0000] {local_task_job_runner.py:120} INFO - ::group::Pre task execution logs
[2025-08-13T02:26:03.007+0000] {taskinstance.py:2076} INFO - Dependencies all met for dep_context=non-requeueable deps ti=<TaskInstance: run_all_alerts_and_save_to_postgres.run_alert_macross scheduled__2025-08-13T02:20:00+00:00 [queued]>
[2025-08-13T02:26:03.020+0000] {taskinstance.py:2076} INFO - Dependencies all met for dep_context=requeueable deps ti=<TaskInstance: run_all_alerts_and_save_to_postgres.run_alert_macross scheduled__2025-08-13T02:20:00+00:00 [queued]>
[2025-08-13T02:26:03.020+0000] {taskinstance.py:2306} INFO - Starting attempt 2 of 2
[2025-08-13T02:26:03.036+0000] {taskinstance.py:2330} INFO - Executing <Task(PythonOperator): run_alert_macross> on 2025-08-13 02:20:00+00:00
[2025-08-13T02:26:03.044+0000] {standard_task_runner.py:63} INFO - Started process 373619 to run task
[2025-08-13T02:26:03.051+0000] {standard_task_runner.py:90} INFO - Running: ['***', 'tasks', 'run', 'run_all_alerts_and_save_to_postgres', 'run_alert_macross', 'scheduled__2025-08-13T02:20:00+00:00', '--job-id', '5880', '--raw', '--subdir', 'DAGS_FOLDER/alert_***_project/dags/alert_functions_dag.py', '--cfg-path', '/tmp/tmplxkqh_h8']
[2025-08-13T02:26:03.053+0000] {standard_task_runner.py:91} INFO - Job 5880: Subtask run_alert_macross
[2025-08-13T02:26:03.109+0000] {task_command.py:426} INFO - Running <TaskInstance: run_all_alerts_and_save_to_postgres.run_alert_macross scheduled__2025-08-13T02:20:00+00:00 [running]> on host 1877907bc043
[2025-08-13T02:26:03.195+0000] {taskinstance.py:2648} INFO - Exporting env vars: AIRFLOW_CTX_DAG_OWNER='alert_system' AIRFLOW_CTX_DAG_ID='run_all_alerts_and_save_to_postgres' AIRFLOW_CTX_TASK_ID='run_alert_macross' AIRFLOW_CTX_EXECUTION_DATE='2025-08-13T02:20:00+00:00' AIRFLOW_CTX_TRY_NUMBER='2' AIRFLOW_CTX_DAG_RUN_ID='scheduled__2025-08-13T02:20:00+00:00'
[2025-08-13T02:26:03.196+0000] {taskinstance.py:430} INFO - ::endgroup::
[2025-08-13T02:26:03.209+0000] {logging_mixin.py:188} INFO - [INFO] Running script: /opt/***/dags/alert_***_project/dags/alert_scripts/Alert_MAcross.py
[2025-08-13T02:26:03.299+0000] {logging_mixin.py:188} INFO - [ERROR] Alert_MAcross.py failed:
python3: can't open file '/opt/***/dags/alert_***_project/dags/alert_scripts/Alert_MAcross.py': [Errno 2] No such file or directory
[2025-08-13T02:26:03.300+0000] {taskinstance.py:441} INFO - ::group::Post task execution logs
[2025-08-13T02:26:03.300+0000] {taskinstance.py:2905} ERROR - Task failed with exception
Traceback (most recent call last):
  File "/home/airflow/.local/lib/python3.10/site-packages/airflow/models/taskinstance.py", line 465, in _execute_task
    result = _execute_callable(context=context, **execute_callable_kwargs)
  File "/home/airflow/.local/lib/python3.10/site-packages/airflow/models/taskinstance.py", line 432, in _execute_callable
    return execute_callable(context=context, **execute_callable_kwargs)
  File "/home/airflow/.local/lib/python3.10/site-packages/airflow/models/baseoperator.py", line 400, in wrapper
    return func(self, *args, **kwargs)
  File "/home/airflow/.local/lib/python3.10/site-packages/airflow/operators/python.py", line 235, in execute
    return_value = self.execute_callable()
  File "/home/airflow/.local/lib/python3.10/site-packages/airflow/operators/python.py", line 252, in execute_callable
    return self.python_callable(*self.op_args, **self.op_kwargs)
  File "/opt/airflow/dags/alert_airflow_project/dags/alert_functions_dag.py", line 23, in run_alert_script
    result = subprocess.run(
  File "/usr/local/lib/python3.10/subprocess.py", line 526, in run
    raise CalledProcessError(retcode, process.args,
subprocess.CalledProcessError: Command '['python3', '/opt/airflow/dags/alert_airflow_project/dags/alert_scripts/Alert_MAcross.py']' returned non-zero exit status 2.
[2025-08-13T02:26:03.309+0000] {taskinstance.py:1206} INFO - Marking task as FAILED. dag_id=run_all_alerts_and_save_to_postgres, task_id=run_alert_macross, run_id=scheduled__2025-08-13T02:20:00+00:00, execution_date=20250813T022000, start_date=20250813T022603, end_date=20250813T022603
[2025-08-13T02:26:03.322+0000] {standard_task_runner.py:110} ERROR - Failed to execute job 5880 for task run_alert_macross (Command '['python3', '/opt/airflow/dags/alert_airflow_project/dags/alert_scripts/Alert_MAcross.py']' returned non-zero exit status 2.; 373619)
[2025-08-13T02:26:03.341+0000] {local_task_job_runner.py:240} INFO - Task exited with return code 1
[2025-08-13T02:26:03.371+0000] {taskinstance.py:3498} INFO - 0 downstream tasks scheduled from follow-on schedule check
[2025-08-13T02:26:03.373+0000] {local_task_job_runner.py:222} INFO - ::endgroup::
