[2025-08-17T21:45:53.319+0000] {local_task_job_runner.py:120} INFO - ::group::Pre task execution logs
[2025-08-17T21:45:53.348+0000] {taskinstance.py:2076} INFO - Dependencies all met for dep_context=non-requeueable deps ti=<TaskInstance: crypto_collector_dag.run_crypto_collector scheduled__2025-08-17T21:44:00+00:00 [queued]>
[2025-08-17T21:45:53.359+0000] {taskinstance.py:2076} INFO - Dependencies all met for dep_context=requeueable deps ti=<TaskInstance: crypto_collector_dag.run_crypto_collector scheduled__2025-08-17T21:44:00+00:00 [queued]>
[2025-08-17T21:45:53.359+0000] {taskinstance.py:2306} INFO - Starting attempt 1 of 2
[2025-08-17T21:45:53.373+0000] {taskinstance.py:2330} INFO - Executing <Task(BashOperator): run_crypto_collector> on 2025-08-17 21:44:00+00:00
[2025-08-17T21:45:53.379+0000] {standard_task_runner.py:63} INFO - Started process 79818 to run task
[2025-08-17T21:45:53.385+0000] {standard_task_runner.py:90} INFO - Running: ['***', 'tasks', 'run', 'crypto_collector_dag', 'run_crypto_collector', 'scheduled__2025-08-17T21:44:00+00:00', '--job-id', '7708', '--raw', '--subdir', 'DAGS_FOLDER/crawl_crypto/dags_crypto.py', '--cfg-path', '/tmp/tmpzgfy27o_']
[2025-08-17T21:45:53.386+0000] {standard_task_runner.py:91} INFO - Job 7708: Subtask run_crypto_collector
[2025-08-17T21:45:53.457+0000] {task_command.py:426} INFO - Running <TaskInstance: crypto_collector_dag.run_crypto_collector scheduled__2025-08-17T21:44:00+00:00 [running]> on host 1877907bc043
[2025-08-17T21:45:53.568+0000] {taskinstance.py:2648} INFO - Exporting env vars: AIRFLOW_CTX_DAG_OWNER='***' AIRFLOW_CTX_DAG_ID='crypto_collector_dag' AIRFLOW_CTX_TASK_ID='run_crypto_collector' AIRFLOW_CTX_EXECUTION_DATE='2025-08-17T21:44:00+00:00' AIRFLOW_CTX_TRY_NUMBER='1' AIRFLOW_CTX_DAG_RUN_ID='scheduled__2025-08-17T21:44:00+00:00'
[2025-08-17T21:45:53.569+0000] {taskinstance.py:430} INFO - ::endgroup::
[2025-08-17T21:45:53.585+0000] {subprocess.py:63} INFO - Tmp dir root location: /tmp
[2025-08-17T21:45:53.585+0000] {subprocess.py:75} INFO - Running command: ['/usr/bin/bash', '-c', 'python3 /opt/***/dags/crawl_crypto/crawl_data_crypto.py']
[2025-08-17T21:45:53.598+0000] {subprocess.py:86} INFO - Output:
[2025-08-17T21:47:19.668+0000] {subprocess.py:93} INFO - 🔹 Kết nối DB...
[2025-08-17T21:47:19.668+0000] {subprocess.py:93} INFO - 🔹 Lấy top 100 crypto...
[2025-08-17T21:47:19.669+0000] {subprocess.py:93} INFO - Top 100: ['ETHUSDT', 'USDCUSDT', 'BTCUSDT', 'SOLUSDT', 'LINKUSDT', 'DOGEUSDT', 'ADAUSDT', 'XRPUSDT', 'FDUSDUSDT', 'PROVEUSDT', 'BNBUSDT', 'TRXUSDT', 'ENAUSDT', 'SUIUSDT', 'ARBUSDT', 'PEPEUSDT', 'AVAXUSDT', 'LTCUSDT', 'UNIUSDT', 'SEIUSDT', 'TRUMPUSDT', 'SKLUSDT', 'CTSIUSDT', 'CYBERUSDT', 'BIOUSDT', 'SUSDT', 'PONDUSDT', 'PENGUUSDT', 'HBARUSDT', 'LDOUSDT', 'ASRUSDT', 'AAVEUSDT', 'ALPINEUSDT', 'TOWNSUSDT', 'WLDUSDT', 'WIFUSDT', 'NEARUSDT', 'CRVUSDT', 'DOTUSDT', 'BONKUSDT', 'INJUSDT', 'APTUSDT', 'XLMUSDT', 'EPICUSDT', 'OPUSDT', 'VIRTUALUSDT', 'BFUSDUSDT', 'OGUSDT', 'RAYUSDT', 'PENDLEUSDT', 'ETHFIUSDT', 'LPTUSDT', 'POLUSDT', 'MAVUSDT', 'ONDOUSDT', 'FLOKIUSDT', 'TONUSDT', 'TAOUSDT', 'EIGENUSDT', 'TSTUSDT', 'NEIROUSDT', 'TIAUSDT', 'FETUSDT', 'BCHUSDT', 'BERAUSDT', 'MOVRUSDT', 'FILUSDT', 'GALAUSDT', 'ETCUSDT', 'NMRUSDT', 'SHIBUSDT', 'PNUTUSDT', 'ALGOUSDT', 'ZKUSDT', 'CAKEUSDT', 'BBUSDT', 'SPKUSDT', 'ICPUSDT', 'XUSDUSDT', 'RENDERUSDT', 'CFXUSDT', 'ERAUSDT', 'ENSUSDT', 'ARKMUSDT', 'MKRUSDT', 'STRKUSDT', 'CHRUSDT', 'EURUSDT', 'VETUSDT', 'SYRUPUSDT', 'RUNEUSDT', 'HOTUSDT', 'TREEUSDT', 'ATOMUSDT', 'CELRUSDT', 'HOMEUSDT', 'LAUSDT', 'ORDIUSDT', 'API3USDT', 'SANTOSUSDT']
[2025-08-17T21:47:19.669+0000] {subprocess.py:93} INFO - 🔹 Lưu lịch sử giá vào DB bằng threading...
[2025-08-17T21:47:19.669+0000] {subprocess.py:93} INFO - ⚠️ BTCUSDT lỗi lần 1/3: HTTPSConnectionPool(host='api.binance.com', port=443): Max retries exceeded with url: /api/v3/klines?symbol=BTCUSDT&interval=1m&limit=100 (Caused by ConnectTimeoutError(<urllib3.connection.HTTPSConnection object at 0x7fe9b39793f0>, 'Connection to api.binance.com timed out. (connect timeout=15)'))
[2025-08-17T21:47:19.670+0000] {subprocess.py:93} INFO - ⚠️ LINKUSDT lỗi lần 1/3: HTTPSConnectionPool(host='api.binance.com', port=443): Max retries exceeded with url: /api/v3/klines?symbol=LINKUSDT&interval=1m&limit=100 (Caused by ConnectTimeoutError(<urllib3.connection.HTTPSConnection object at 0x7fe9b3978af0>, 'Connection to api.binance.com timed out. (connect timeout=15)'))
[2025-08-17T21:47:19.670+0000] {subprocess.py:93} INFO - ⚠️ SOLUSDT lỗi lần 1/3: HTTPSConnectionPool(host='api.binance.com', port=443): Max retries exceeded with url: /api/v3/klines?symbol=SOLUSDT&interval=1m&limit=100 (Caused by ConnectTimeoutError(<urllib3.connection.HTTPSConnection object at 0x7fe9b39448e0>, 'Connection to api.binance.com timed out. (connect timeout=15)'))
[2025-08-17T21:47:19.670+0000] {subprocess.py:93} INFO - ⚠️ FDUSDUSDT lỗi lần 1/3: HTTPSConnectionPool(host='api.binance.com', port=443): Max retries exceeded with url: /api/v3/klines?symbol=FDUSDUSDT&interval=1m&limit=100 (Caused by ConnectTimeoutError(<urllib3.connection.HTTPSConnection object at 0x7fe9b39454b0>, 'Connection to api.binance.com timed out. (connect timeout=15)'))
[2025-08-17T21:47:19.670+0000] {subprocess.py:93} INFO - ⚠️ ADAUSDT lỗi lần 1/3: HTTPSConnectionPool(host='api.binance.com', port=443): Max retries exceeded with url: /api/v3/klines?symbol=ADAUSDT&interval=1m&limit=100 (Caused by ConnectTimeoutError(<urllib3.connection.HTTPSConnection object at 0x7fe9b3947df0>, 'Connection to api.binance.com timed out. (connect timeout=15)'))
[2025-08-17T21:47:19.671+0000] {subprocess.py:93} INFO - ⚠️ DOGEUSDT lỗi lần 1/3: HTTPSConnectionPool(host='api.binance.com', port=443): Max retries exceeded with url: /api/v3/klines?symbol=DOGEUSDT&interval=1m&limit=100 (Caused by ConnectTimeoutError(<urllib3.connection.HTTPSConnection object at 0x7fe9b3944ee0>, 'Connection to api.binance.com timed out. (connect timeout=15)'))
[2025-08-17T21:47:19.671+0000] {subprocess.py:93} INFO - ⚠️ XRPUSDT lỗi lần 1/3: HTTPSConnectionPool(host='api.binance.com', port=443): Max retries exceeded with url: /api/v3/klines?symbol=XRPUSDT&interval=1m&limit=100 (Caused by ConnectTimeoutError(<urllib3.connection.HTTPSConnection object at 0x7fe9b3946aa0>, 'Connection to api.binance.com timed out. (connect timeout=15)'))
[2025-08-17T21:47:19.671+0000] {subprocess.py:93} INFO - ⚠️ PROVEUSDT lỗi lần 1/3: HTTPSConnectionPool(host='api.binance.com', port=443): Max retries exceeded with url: /api/v3/klines?symbol=PROVEUSDT&interval=1m&limit=100 (Caused by ConnectTimeoutError(<urllib3.connection.HTTPSConnection object at 0x7fe9b3971f90>, 'Connection to api.binance.com timed out. (connect timeout=15)'))
[2025-08-17T21:47:19.672+0000] {subprocess.py:93} INFO - ⚠️ FDUSDUSDT lỗi lần 2/3: HTTPSConnectionPool(host='api.binance.com', port=443): Max retries exceeded with url: /api/v3/klines?symbol=FDUSDUSDT&interval=1m&limit=100 (Caused by ConnectTimeoutError(<urllib3.connection.HTTPSConnection object at 0x7fe9b3945cf0>, 'Connection to api.binance.com timed out. (connect timeout=15)'))
[2025-08-17T21:47:19.672+0000] {subprocess.py:93} INFO - ⚠️ BTCUSDT lỗi lần 2/3: HTTPSConnectionPool(host='api.binance.com', port=443): Max retries exceeded with url: /api/v3/klines?symbol=BTCUSDT&interval=1m&limit=100 (Caused by ConnectTimeoutError(<urllib3.connection.HTTPSConnection object at 0x7fe9b3971540>, 'Connection to api.binance.com timed out. (connect timeout=15)'))
[2025-08-17T21:47:19.672+0000] {subprocess.py:93} INFO - ⚠️ DOGEUSDT lỗi lần 2/3: HTTPSConnectionPool(host='api.binance.com', port=443): Max retries exceeded with url: /api/v3/klines?symbol=DOGEUSDT&interval=1m&limit=100 (Caused by ConnectTimeoutError(<urllib3.connection.HTTPSConnection object at 0x7fe9b39464a0>, 'Connection to api.binance.com timed out. (connect timeout=15)'))
[2025-08-17T21:47:19.672+0000] {subprocess.py:93} INFO - ⚠️ PROVEUSDT lỗi lần 2/3: HTTPSConnectionPool(host='api.binance.com', port=443): Max retries exceeded with url: /api/v3/klines?symbol=PROVEUSDT&interval=1m&limit=100 (Caused by ConnectTimeoutError(<urllib3.connection.HTTPSConnection object at 0x7fe9b3978f70>, 'Connection to api.binance.com timed out. (connect timeout=15)'))
[2025-08-17T21:47:19.673+0000] {subprocess.py:93} INFO - ⚠️ XRPUSDT lỗi lần 2/3: HTTPSConnectionPool(host='api.binance.com', port=443): Max retries exceeded with url: /api/v3/klines?symbol=XRPUSDT&interval=1m&limit=100 (Caused by ConnectTimeoutError(<urllib3.connection.HTTPSConnection object at 0x7fe9b3979420>, 'Connection to api.binance.com timed out. (connect timeout=15)'))
[2025-08-17T21:47:19.673+0000] {subprocess.py:93} INFO - ✅ BTCUSDT: thêm 18 dòng mới
[2025-08-17T21:47:19.673+0000] {subprocess.py:93} INFO - ✅ SOLUSDT: thêm 28 dòng mới
[2025-08-17T21:47:19.673+0000] {subprocess.py:93} INFO - ✅ ADAUSDT: thêm 17 dòng mới
[2025-08-17T21:47:19.674+0000] {subprocess.py:93} INFO - 1/100 BTCUSDT lưu OK
[2025-08-17T21:47:19.674+0000] {subprocess.py:93} INFO - 2/100 SOLUSDT lưu OK
[2025-08-17T21:47:19.674+0000] {subprocess.py:93} INFO - 3/100 ADAUSDT lưu OK
[2025-08-17T21:47:19.675+0000] {subprocess.py:93} INFO - ✅ FDUSDUSDT: thêm 17 dòng mới
[2025-08-17T21:47:19.675+0000] {subprocess.py:93} INFO - 4/100 FDUSDUSDT lưu OK
[2025-08-17T21:47:19.675+0000] {subprocess.py:93} INFO - ✅ DOGEUSDT: thêm 18 dòng mới
[2025-08-17T21:47:19.675+0000] {subprocess.py:93} INFO - 5/100 DOGEUSDT lưu OK
[2025-08-17T21:47:19.676+0000] {subprocess.py:93} INFO - ⚠️ PROVEUSDT lỗi lần 3/3: HTTPSConnectionPool(host='api.binance.com', port=443): Max retries exceeded with url: /api/v3/klines?symbol=PROVEUSDT&interval=1m&limit=100 (Caused by ConnectTimeoutError(<urllib3.connection.HTTPSConnection object at 0x7fe9b39799f0>, 'Connection to api.binance.com timed out. (connect timeout=15)'))
[2025-08-17T21:47:19.676+0000] {subprocess.py:93} INFO - ⚠️ XRPUSDT lỗi lần 3/3: HTTPSConnectionPool(host='api.binance.com', port=443): Max retries exceeded with url: /api/v3/klines?symbol=XRPUSDT&interval=1m&limit=100 (Caused by ConnectTimeoutError(<urllib3.connection.HTTPSConnection object at 0x7fe9b39726b0>, 'Connection to api.binance.com timed out. (connect timeout=15)'))
[2025-08-17T21:47:19.676+0000] {subprocess.py:93} INFO - 6/100 PROVEUSDT bỏ qua (fail)
[2025-08-17T21:47:19.676+0000] {subprocess.py:93} INFO - 7/100 XRPUSDT bỏ qua (fail)
[2025-08-17T21:47:19.677+0000] {subprocess.py:93} INFO - ✅ AVAXUSDT: thêm 9 dòng mới
[2025-08-17T21:47:19.677+0000] {subprocess.py:93} INFO - 8/100 AVAXUSDT lưu OK
[2025-08-17T21:47:19.677+0000] {subprocess.py:93} INFO - ✅ BNBUSDT: thêm 9 dòng mới
[2025-08-17T21:47:19.677+0000] {subprocess.py:93} INFO - 9/100 BNBUSDT lưu OK
[2025-08-17T21:47:19.678+0000] {subprocess.py:93} INFO - ✅ UNIUSDT: thêm 9 dòng mới
[2025-08-17T21:47:19.678+0000] {subprocess.py:93} INFO - 10/100 UNIUSDT lưu OK
[2025-08-17T21:47:19.678+0000] {subprocess.py:93} INFO - ✅ PEPEUSDT: thêm 9 dòng mới
[2025-08-17T21:47:19.679+0000] {subprocess.py:93} INFO - 11/100 PEPEUSDT lưu OK
[2025-08-17T21:47:19.679+0000] {subprocess.py:93} INFO - ✅ LTCUSDT: thêm 9 dòng mới
[2025-08-17T21:47:19.679+0000] {subprocess.py:93} INFO - 12/100 LTCUSDT lưu OK
[2025-08-17T21:47:19.679+0000] {subprocess.py:93} INFO - ✅ TRUMPUSDT: thêm 9 dòng mới
[2025-08-17T21:47:19.680+0000] {subprocess.py:93} INFO - 13/100 TRUMPUSDT lưu OK
[2025-08-17T21:47:19.680+0000] {subprocess.py:93} INFO - ✅ ARBUSDT: thêm 19 dòng mới
[2025-08-17T21:47:19.680+0000] {subprocess.py:93} INFO - ✅ SUIUSDT: thêm 9 dòng mới
[2025-08-17T21:47:19.680+0000] {subprocess.py:93} INFO - 14/100 ARBUSDT lưu OK
[2025-08-17T21:47:19.681+0000] {subprocess.py:93} INFO - 15/100 SUIUSDT lưu OK
[2025-08-17T21:47:19.681+0000] {subprocess.py:93} INFO - ✅ TRXUSDT: thêm 19 dòng mới
[2025-08-17T21:47:19.681+0000] {subprocess.py:93} INFO - 16/100 TRXUSDT lưu OK
[2025-08-17T21:47:19.681+0000] {subprocess.py:93} INFO - ⚠️ SKLUSDT lỗi lần 1/3: HTTPSConnectionPool(host='api.binance.com', port=443): Max retries exceeded with url: /api/v3/klines?symbol=SKLUSDT&interval=1m&limit=100 (Caused by ConnectTimeoutError(<urllib3.connection.HTTPSConnection object at 0x7fe9b3944ee0>, 'Connection to api.binance.com timed out. (connect timeout=15)'))
[2025-08-17T21:47:19.682+0000] {subprocess.py:93} INFO - ⚠️ CTSIUSDT lỗi lần 1/3: HTTPSConnectionPool(host='api.binance.com', port=443): Max retries exceeded with url: /api/v3/klines?symbol=CTSIUSDT&interval=1m&limit=100 (Caused by ConnectTimeoutError(<urllib3.connection.HTTPSConnection object at 0x7fe9b39469b0>, 'Connection to api.binance.com timed out. (connect timeout=15)'))
[2025-08-17T21:47:19.682+0000] {subprocess.py:93} INFO - ⚠️ CYBERUSDT lỗi lần 1/3: HTTPSConnectionPool(host='api.binance.com', port=443): Max retries exceeded with url: /api/v3/klines?symbol=CYBERUSDT&interval=1m&limit=100 (Caused by ConnectTimeoutError(<urllib3.connection.HTTPSConnection object at 0x7fe9b3979ba0>, 'Connection to api.binance.com timed out. (connect timeout=15)'))
[2025-08-17T21:49:03.797+0000] {subprocess.py:93} INFO - ⚠️ BIOUSDT lỗi lần 1/3: HTTPSConnectionPool(host='api.binance.com', port=443): Max retries exceeded with url: /api/v3/klines?symbol=BIOUSDT&interval=1m&limit=100 (Caused by ConnectTimeoutError(<urllib3.connection.HTTPSConnection object at 0x7fe9b3979f30>, 'Connection to api.binance.com timed out. (connect timeout=15)'))
[2025-08-17T21:49:03.798+0000] {subprocess.py:93} INFO - ✅ SKLUSDT: thêm 9 dòng mới
[2025-08-17T21:49:03.799+0000] {subprocess.py:93} INFO - 17/100 SKLUSDT lưu OK
[2025-08-17T21:49:03.799+0000] {subprocess.py:93} INFO - ✅ CTSIUSDT: thêm 9 dòng mới
[2025-08-17T21:49:03.799+0000] {subprocess.py:93} INFO - 18/100 CTSIUSDT lưu OK
[2025-08-17T21:49:03.799+0000] {subprocess.py:93} INFO - 19/100 BIOUSDT lỗi: relation "cryptocurrency.biousdt" does not exist
[2025-08-17T21:49:03.800+0000] {subprocess.py:93} INFO - LINE 1: SELECT MAX(time) FROM cryptocurrency.biousdt;
[2025-08-17T21:49:03.800+0000] {subprocess.py:93} INFO -                               ^
[2025-08-17T21:49:03.800+0000] {subprocess.py:93} INFO - 
[2025-08-17T21:49:03.801+0000] {subprocess.py:93} INFO - ✅ LINKUSDT: thêm 9 dòng mới
[2025-08-17T21:49:03.801+0000] {subprocess.py:93} INFO - 20/100 LINKUSDT lưu OK
[2025-08-17T21:49:03.801+0000] {subprocess.py:93} INFO - ⚠️ CYBERUSDT lỗi lần 2/3: HTTPSConnectionPool(host='api.binance.com', port=443): Max retries exceeded with url: /api/v3/klines?symbol=CYBERUSDT&interval=1m&limit=100 (Caused by ConnectTimeoutError(<urllib3.connection.HTTPSConnection object at 0x7fe9b3979480>, 'Connection to api.binance.com timed out. (connect timeout=15)'))
[2025-08-17T21:49:03.801+0000] {subprocess.py:93} INFO - ⚠️ PONDUSDT lỗi lần 1/3: HTTPSConnectionPool(host='api.binance.com', port=443): Max retries exceeded with url: /api/v3/klines?symbol=PONDUSDT&interval=1m&limit=100 (Caused by ConnectTimeoutError(<urllib3.connection.HTTPSConnection object at 0x7fe9b397b1f0>, 'Connection to api.binance.com timed out. (connect timeout=15)'))
[2025-08-17T21:49:03.802+0000] {subprocess.py:93} INFO - ⚠️ PENGUUSDT lỗi lần 1/3: HTTPSConnectionPool(host='api.binance.com', port=443): Max retries exceeded with url: /api/v3/klines?symbol=PENGUUSDT&interval=1m&limit=100 (Caused by ConnectTimeoutError(<urllib3.connection.HTTPSConnection object at 0x7fe9b397b340>, 'Connection to api.binance.com timed out. (connect timeout=15)'))
[2025-08-17T21:49:03.802+0000] {subprocess.py:93} INFO - ⚠️ HBARUSDT lỗi lần 1/3: HTTPSConnectionPool(host='api.binance.com', port=443): Max retries exceeded with url: /api/v3/klines?symbol=HBARUSDT&interval=1m&limit=100 (Caused by ConnectTimeoutError(<urllib3.connection.HTTPSConnection object at 0x7fe9b2530f10>, 'Connection to api.binance.com timed out. (connect timeout=15)'))
[2025-08-17T21:49:03.802+0000] {subprocess.py:93} INFO - ⚠️ CYBERUSDT lỗi lần 3/3: HTTPSConnectionPool(host='api.binance.com', port=443): Max retries exceeded with url: /api/v3/klines?symbol=CYBERUSDT&interval=1m&limit=100 (Caused by ConnectTimeoutError(<urllib3.connection.HTTPSConnection object at 0x7fe9b2530d30>, 'Connection to api.binance.com timed out. (connect timeout=15)'))
[2025-08-17T21:49:03.803+0000] {subprocess.py:93} INFO - ⚠️ PONDUSDT lỗi lần 2/3: HTTPSConnectionPool(host='api.binance.com', port=443): Max retries exceeded with url: /api/v3/klines?symbol=PONDUSDT&interval=1m&limit=100 (Caused by ConnectTimeoutError(<urllib3.connection.HTTPSConnection object at 0x7fe9b25321a0>, 'Connection to api.binance.com timed out. (connect timeout=15)'))
[2025-08-17T21:49:03.803+0000] {subprocess.py:93} INFO - ⚠️ PENGUUSDT lỗi lần 2/3: HTTPSConnectionPool(host='api.binance.com', port=443): Max retries exceeded with url: /api/v3/klines?symbol=PENGUUSDT&interval=1m&limit=100 (Caused by ConnectTimeoutError(<urllib3.connection.HTTPSConnection object at 0x7fe9b2532bc0>, 'Connection to api.binance.com timed out. (connect timeout=15)'))
[2025-08-17T21:49:03.803+0000] {subprocess.py:93} INFO - 21/100 CYBERUSDT bỏ qua (fail)
[2025-08-17T21:49:03.803+0000] {subprocess.py:93} INFO - ⚠️ HBARUSDT lỗi lần 2/3: HTTPSConnectionPool(host='api.binance.com', port=443): Max retries exceeded with url: /api/v3/klines?symbol=HBARUSDT&interval=1m&limit=100 (Caused by ConnectTimeoutError(<urllib3.connection.HTTPSConnection object at 0x7fe9b25335e0>, 'Connection to api.binance.com timed out. (connect timeout=15)'))
[2025-08-17T21:49:03.804+0000] {subprocess.py:93} INFO - ⚠️ PENGUUSDT lỗi lần 3/3: HTTPSConnectionPool(host='api.binance.com', port=443): Max retries exceeded with url: /api/v3/klines?symbol=PENGUUSDT&interval=1m&limit=100 (Caused by ConnectTimeoutError(<urllib3.connection.HTTPSConnection object at 0x7fe9b397a890>, 'Connection to api.binance.com timed out. (connect timeout=15)'))
[2025-08-17T21:49:03.804+0000] {subprocess.py:93} INFO - ⚠️ PONDUSDT lỗi lần 3/3: HTTPSConnectionPool(host='api.binance.com', port=443): Max retries exceeded with url: /api/v3/klines?symbol=PONDUSDT&interval=1m&limit=100 (Caused by ConnectTimeoutError(<urllib3.connection.HTTPSConnection object at 0x7fe9b3930ee0>, 'Connection to api.binance.com timed out. (connect timeout=15)'))
[2025-08-17T21:49:03.804+0000] {subprocess.py:93} INFO - ✅ ASRUSDT: thêm 18 dòng mới
[2025-08-17T21:49:03.804+0000] {subprocess.py:93} INFO - 22/100 ASRUSDT lưu OK
[2025-08-17T21:49:03.805+0000] {subprocess.py:93} INFO - 23/100 PENGUUSDT bỏ qua (fail)
[2025-08-17T21:49:03.805+0000] {subprocess.py:93} INFO - 24/100 PONDUSDT bỏ qua (fail)
[2025-08-17T21:49:03.805+0000] {subprocess.py:93} INFO - ⚠️ HBARUSDT lỗi lần 3/3: HTTPSConnectionPool(host='api.binance.com', port=443): Max retries exceeded with url: /api/v3/klines?symbol=HBARUSDT&interval=1m&limit=100 (Caused by ConnectTimeoutError(<urllib3.connection.HTTPSConnection object at 0x7fe9b397a7a0>, 'Connection to api.binance.com timed out. (connect timeout=15)'))
[2025-08-17T21:49:03.806+0000] {subprocess.py:93} INFO - 25/100 HBARUSDT bỏ qua (fail)
[2025-08-17T21:49:03.806+0000] {subprocess.py:93} INFO - 26/100 ETHUSDT lỗi: connection to server at "videv.cloud" (27.74.74.29), port 5432 failed: Connection timed out
[2025-08-17T21:49:03.806+0000] {subprocess.py:93} INFO - 	Is the server running on that host and accepting TCP/IP connections?
[2025-08-17T21:49:03.806+0000] {subprocess.py:93} INFO - 
[2025-08-17T21:49:03.807+0000] {subprocess.py:93} INFO - 27/100 USDCUSDT lỗi: connection to server at "videv.cloud" (27.74.74.29), port 5432 failed: Connection timed out
[2025-08-17T21:49:03.807+0000] {subprocess.py:93} INFO - 	Is the server running on that host and accepting TCP/IP connections?
[2025-08-17T21:49:03.807+0000] {subprocess.py:93} INFO - 
[2025-08-17T21:49:03.807+0000] {subprocess.py:93} INFO - ⚠️ AAVEUSDT lỗi lần 1/3: HTTPSConnectionPool(host='api.binance.com', port=443): Max retries exceeded with url: /api/v3/klines?symbol=AAVEUSDT&interval=1m&limit=100 (Caused by ConnectTimeoutError(<urllib3.connection.HTTPSConnection object at 0x7fe9b2530e20>, 'Connection to api.binance.com timed out. (connect timeout=15)'))
[2025-08-17T21:49:03.808+0000] {subprocess.py:93} INFO - ⚠️ ALPINEUSDT lỗi lần 1/3: HTTPSConnectionPool(host='api.binance.com', port=443): Max retries exceeded with url: /api/v3/klines?symbol=ALPINEUSDT&interval=1m&limit=100 (Caused by ConnectTimeoutError(<urllib3.connection.HTTPSConnection object at 0x7fe9b25e4130>, 'Connection to api.binance.com timed out. (connect timeout=15)'))
[2025-08-17T21:49:03.808+0000] {subprocess.py:93} INFO - ⚠️ TOWNSUSDT lỗi lần 1/3: HTTPSConnectionPool(host='api.binance.com', port=443): Max retries exceeded with url: /api/v3/klines?symbol=TOWNSUSDT&interval=1m&limit=100 (Caused by ConnectTimeoutError(<urllib3.connection.HTTPSConnection object at 0x7fe9b25e4310>, 'Connection to api.binance.com timed out. (connect timeout=15)'))
[2025-08-17T21:49:03.808+0000] {subprocess.py:93} INFO - ⚠️ WLDUSDT lỗi lần 1/3: HTTPSConnectionPool(host='api.binance.com', port=443): Max retries exceeded with url: /api/v3/klines?symbol=WLDUSDT&interval=1m&limit=100 (Caused by ConnectTimeoutError(<urllib3.connection.HTTPSConnection object at 0x7fe9b39795a0>, 'Connection to api.binance.com timed out. (connect timeout=15)'))
[2025-08-17T21:49:03.808+0000] {subprocess.py:93} INFO - ✅ TOWNSUSDT: thêm 19 dòng mới
[2025-08-17T21:49:03.809+0000] {subprocess.py:93} INFO - 28/100 TOWNSUSDT lưu OK
[2025-08-17T21:49:03.809+0000] {subprocess.py:93} INFO - ⚠️ NEARUSDT lỗi lần 1/3: HTTPSConnectionPool(host='api.binance.com', port=443): Max retries exceeded with url: /api/v3/klines?symbol=NEARUSDT&interval=1m&limit=100 (Caused by ConnectTimeoutError(<urllib3.connection.HTTPSConnection object at 0x7fe9b25e4550>, 'Connection to api.binance.com timed out. (connect timeout=15)'))
[2025-08-17T21:49:03.809+0000] {subprocess.py:93} INFO - ✅ WLDUSDT: thêm 10 dòng mới
[2025-08-17T21:49:03.810+0000] {subprocess.py:93} INFO - 29/100 WLDUSDT lưu OK
[2025-08-17T21:49:03.810+0000] {subprocess.py:93} INFO - ✅ NEARUSDT: thêm 10 dòng mới
[2025-08-17T21:49:03.810+0000] {subprocess.py:93} INFO - 30/100 NEARUSDT lưu OK
[2025-08-17T21:49:03.810+0000] {subprocess.py:93} INFO - ⚠️ ALPINEUSDT lỗi lần 2/3: HTTPSConnectionPool(host='api.binance.com', port=443): Max retries exceeded with url: /api/v3/klines?symbol=ALPINEUSDT&interval=1m&limit=100 (Caused by ConnectTimeoutError(<urllib3.connection.HTTPSConnection object at 0x7fe9b2531060>, 'Connection to api.binance.com timed out. (connect timeout=15)'))
[2025-08-17T21:49:03.811+0000] {subprocess.py:93} INFO - ⚠️ CRVUSDT lỗi lần 1/3: HTTPSConnectionPool(host='api.binance.com', port=443): Max retries exceeded with url: /api/v3/klines?symbol=CRVUSDT&interval=1m&limit=100 (Caused by ConnectTimeoutError(<urllib3.connection.HTTPSConnection object at 0x7fe9b2530f70>, 'Connection to api.binance.com timed out. (connect timeout=15)'))
[2025-08-17T21:49:03.811+0000] {subprocess.py:93} INFO - ⚠️ BONKUSDT lỗi lần 1/3: HTTPSConnectionPool(host='api.binance.com', port=443): Max retries exceeded with url: /api/v3/klines?symbol=BONKUSDT&interval=1m&limit=100 (Caused by ConnectTimeoutError(<urllib3.connection.HTTPSConnection object at 0x7fe9b397b940>, 'Connection to api.binance.com timed out. (connect timeout=15)'))
[2025-08-17T21:49:03.811+0000] {subprocess.py:93} INFO - ✅ AAVEUSDT: thêm 9 dòng mới
[2025-08-17T21:49:03.811+0000] {subprocess.py:93} INFO - 31/100 AAVEUSDT lưu OK
[2025-08-17T21:49:03.812+0000] {subprocess.py:93} INFO - ✅ INJUSDT: thêm 19 dòng mới
[2025-08-17T21:49:03.812+0000] {subprocess.py:93} INFO - 32/100 INJUSDT lưu OK
[2025-08-17T21:49:03.812+0000] {subprocess.py:93} INFO - ⚠️ ALPINEUSDT lỗi lần 3/3: HTTPSConnectionPool(host='api.binance.com', port=443): Max retries exceeded with url: /api/v3/klines?symbol=ALPINEUSDT&interval=1m&limit=100 (Caused by ConnectTimeoutError(<urllib3.connection.HTTPSConnection object at 0x7fe9b2532c50>, 'Connection to api.binance.com timed out. (connect timeout=15)'))
[2025-08-17T21:50:10.199+0000] {subprocess.py:93} INFO - ✅ APTUSDT: thêm 20 dòng mới
[2025-08-17T21:50:10.200+0000] {subprocess.py:93} INFO - 33/100 APTUSDT lưu OK
[2025-08-17T21:50:10.200+0000] {subprocess.py:93} INFO - 34/100 ALPINEUSDT bỏ qua (fail)
[2025-08-17T21:50:10.200+0000] {subprocess.py:93} INFO - ✅ XLMUSDT: thêm 20 dòng mới
[2025-08-17T21:50:10.201+0000] {subprocess.py:93} INFO - 35/100 XLMUSDT lưu OK
[2025-08-17T21:50:10.201+0000] {subprocess.py:93} INFO - ✅ EPICUSDT: thêm 9 dòng mới
[2025-08-17T21:50:10.202+0000] {subprocess.py:93} INFO - 36/100 EPICUSDT lưu OK
[2025-08-17T21:50:10.202+0000] {subprocess.py:93} INFO - ✅ BONKUSDT: thêm 10 dòng mới
[2025-08-17T21:50:10.202+0000] {subprocess.py:93} INFO - 37/100 BONKUSDT lưu OK
[2025-08-17T21:50:10.203+0000] {subprocess.py:93} INFO - ✅ BFUSDUSDT: thêm 9 dòng mới
[2025-08-17T21:50:10.203+0000] {subprocess.py:93} INFO - 38/100 BFUSDUSDT lưu OK
[2025-08-17T21:50:10.203+0000] {subprocess.py:93} INFO - ✅ OGUSDT: thêm 9 dòng mới
[2025-08-17T21:50:10.204+0000] {subprocess.py:93} INFO - 39/100 OGUSDT lưu OK
[2025-08-17T21:50:10.204+0000] {subprocess.py:93} INFO - ✅ RAYUSDT: thêm 9 dòng mới
[2025-08-17T21:50:10.204+0000] {subprocess.py:93} INFO - 40/100 RAYUSDT lưu OK
[2025-08-17T21:50:10.204+0000] {subprocess.py:93} INFO - ⚠️ CRVUSDT lỗi lần 2/3: HTTPSConnectionPool(host='api.binance.com', port=443): Max retries exceeded with url: /api/v3/klines?symbol=CRVUSDT&interval=1m&limit=100 (Caused by ConnectTimeoutError(<urllib3.connection.HTTPSConnection object at 0x7fe9b2532cb0>, 'Connection to api.binance.com timed out. (connect timeout=15)'))
[2025-08-17T21:50:10.205+0000] {subprocess.py:93} INFO - 41/100 ENAUSDT lỗi: connection to server at "videv.cloud" (27.74.74.29), port 5432 failed: Connection timed out
[2025-08-17T21:50:10.205+0000] {subprocess.py:93} INFO - 	Is the server running on that host and accepting TCP/IP connections?
[2025-08-17T21:50:10.205+0000] {subprocess.py:93} INFO - 
[2025-08-17T21:50:10.205+0000] {subprocess.py:93} INFO - 42/100 SEIUSDT lỗi: connection to server at "videv.cloud" (27.74.74.29), port 5432 failed: Connection timed out
[2025-08-17T21:50:10.206+0000] {subprocess.py:93} INFO - 	Is the server running on that host and accepting TCP/IP connections?
[2025-08-17T21:50:10.206+0000] {subprocess.py:93} INFO - 
[2025-08-17T21:50:10.206+0000] {subprocess.py:93} INFO - ⚠️ OPUSDT lỗi lần 1/3: HTTPSConnectionPool(host='api.binance.com', port=443): Max retries exceeded with url: /api/v3/klines?symbol=OPUSDT&interval=1m&limit=100 (Caused by ConnectTimeoutError(<urllib3.connection.HTTPSConnection object at 0x7fe9b3932a10>, 'Connection to api.binance.com timed out. (connect timeout=15)'))
[2025-08-17T21:50:10.206+0000] {subprocess.py:93} INFO - ⚠️ VIRTUALUSDT lỗi lần 1/3: HTTPSConnectionPool(host='api.binance.com', port=443): Max retries exceeded with url: /api/v3/klines?symbol=VIRTUALUSDT&interval=1m&limit=100 (Caused by ConnectTimeoutError(<urllib3.connection.HTTPSConnection object at 0x7fe9b397ad10>, 'Connection to api.binance.com timed out. (connect timeout=15)'))
[2025-08-17T21:50:10.207+0000] {subprocess.py:93} INFO - ⚠️ PENDLEUSDT lỗi lần 1/3: HTTPSConnectionPool(host='api.binance.com', port=443): Max retries exceeded with url: /api/v3/klines?symbol=PENDLEUSDT&interval=1m&limit=100 (Caused by ConnectTimeoutError(<urllib3.connection.HTTPSConnection object at 0x7fe9b397a740>, 'Connection to api.binance.com timed out. (connect timeout=15)'))
[2025-08-17T21:50:10.207+0000] {subprocess.py:93} INFO - 43/100 SUSDT lỗi: connection to server at "videv.cloud" (27.74.74.29), port 5432 failed: Connection timed out
[2025-08-17T21:50:10.207+0000] {subprocess.py:93} INFO - 	Is the server running on that host and accepting TCP/IP connections?
[2025-08-17T21:50:10.208+0000] {subprocess.py:93} INFO - 
[2025-08-17T21:50:10.208+0000] {subprocess.py:93} INFO - ✅ POLUSDT: thêm 8 dòng mới
[2025-08-17T21:50:10.208+0000] {subprocess.py:93} INFO - 44/100 POLUSDT lưu OK
[2025-08-17T21:50:10.208+0000] {subprocess.py:93} INFO - ✅ MAVUSDT: thêm 9 dòng mới
[2025-08-17T21:50:10.209+0000] {subprocess.py:93} INFO - 45/100 MAVUSDT lưu OK
[2025-08-17T21:50:10.209+0000] {subprocess.py:93} INFO - ⚠️ CRVUSDT lỗi lần 3/3: HTTPSConnectionPool(host='api.binance.com', port=443): Max retries exceeded with url: /api/v3/klines?symbol=CRVUSDT&interval=1m&limit=100 (Caused by ConnectTimeoutError(<urllib3.connection.HTTPSConnection object at 0x7fe9b25e5330>, 'Connection to api.binance.com timed out. (connect timeout=15)'))
[2025-08-17T21:50:10.209+0000] {subprocess.py:93} INFO - 46/100 CRVUSDT bỏ qua (fail)
[2025-08-17T21:50:10.209+0000] {subprocess.py:93} INFO - ⚠️ LPTUSDT lỗi lần 1/3: HTTPSConnectionPool(host='api.binance.com', port=443): Max retries exceeded with url: /api/v3/klines?symbol=LPTUSDT&interval=1m&limit=100 (Caused by ConnectTimeoutError(<urllib3.connection.HTTPSConnection object at 0x7fe9b3944f70>, 'Connection to api.binance.com timed out. (connect timeout=15)'))
[2025-08-17T21:50:10.210+0000] {subprocess.py:93} INFO - ✅ WIFUSDT: thêm 10 dòng mới
[2025-08-17T21:50:10.210+0000] {subprocess.py:93} INFO - 47/100 WIFUSDT lưu OK
[2025-08-17T21:50:10.210+0000] {subprocess.py:93} INFO - 48/100 LPTUSDT lỗi: relation "cryptocurrency.lptusdt" does not exist
[2025-08-17T21:50:10.210+0000] {subprocess.py:93} INFO - LINE 1: SELECT MAX(time) FROM cryptocurrency.lptusdt;
[2025-08-17T21:50:10.211+0000] {subprocess.py:93} INFO -                               ^
[2025-08-17T21:50:10.211+0000] {subprocess.py:93} INFO - 
[2025-08-17T21:50:10.211+0000] {subprocess.py:93} INFO - ⚠️ OPUSDT lỗi lần 2/3: HTTPSConnectionPool(host='api.binance.com', port=443): Max retries exceeded with url: /api/v3/klines?symbol=OPUSDT&interval=1m&limit=100 (Caused by ConnectTimeoutError(<urllib3.connection.HTTPSConnection object at 0x7fe9b2533970>, 'Connection to api.binance.com timed out. (connect timeout=15)'))
[2025-08-17T21:50:10.212+0000] {subprocess.py:93} INFO - ⚠️ VIRTUALUSDT lỗi lần 2/3: HTTPSConnectionPool(host='api.binance.com', port=443): Max retries exceeded with url: /api/v3/klines?symbol=VIRTUALUSDT&interval=1m&limit=100 (Caused by ConnectTimeoutError(<urllib3.connection.HTTPSConnection object at 0x7fe9b2532e60>, 'Connection to api.binance.com timed out. (connect timeout=15)'))
[2025-08-17T21:50:10.212+0000] {subprocess.py:93} INFO - ⚠️ ONDOUSDT lỗi lần 1/3: HTTPSConnectionPool(host='api.binance.com', port=443): Max retries exceeded with url: /api/v3/klines?symbol=ONDOUSDT&interval=1m&limit=100 (Caused by ConnectTimeoutError(<urllib3.connection.HTTPSConnection object at 0x7fe9b2530a60>, 'Connection to api.binance.com timed out. (connect timeout=15)'))
[2025-08-17T21:50:10.212+0000] {subprocess.py:93} INFO - ⚠️ PENDLEUSDT lỗi lần 2/3: HTTPSConnectionPool(host='api.binance.com', port=443): Max retries exceeded with url: /api/v3/klines?symbol=PENDLEUSDT&interval=1m&limit=100 (Caused by ConnectTimeoutError(<urllib3.connection.HTTPSConnection object at 0x7fe9b2531ed0>, 'Connection to api.binance.com timed out. (connect timeout=15)'))
[2025-08-17T21:50:10.212+0000] {subprocess.py:93} INFO - ⚠️ FLOKIUSDT lỗi lần 1/3: HTTPSConnectionPool(host='api.binance.com', port=443): Max retries exceeded with url: /api/v3/klines?symbol=FLOKIUSDT&interval=1m&limit=100 (Caused by ConnectTimeoutError(<urllib3.connection.HTTPSConnection object at 0x7fe9b25306d0>, 'Connection to api.binance.com timed out. (connect timeout=15)'))
[2025-08-17T21:50:10.213+0000] {subprocess.py:93} INFO - 49/100 LDOUSDT lỗi: connection to server at "videv.cloud" (27.74.74.29), port 5432 failed: Connection timed out
[2025-08-17T21:50:10.213+0000] {subprocess.py:93} INFO - 	Is the server running on that host and accepting TCP/IP connections?
[2025-08-17T21:50:10.213+0000] {subprocess.py:93} INFO - 
[2025-08-17T21:50:10.213+0000] {subprocess.py:93} INFO - ⚠️ TONUSDT lỗi lần 1/3: HTTPSConnectionPool(host='api.binance.com', port=443): Max retries exceeded with url: /api/v3/klines?symbol=TONUSDT&interval=1m&limit=100 (Caused by ConnectTimeoutError(<urllib3.connection.HTTPSConnection object at 0x7fe9b2530700>, 'Connection to api.binance.com timed out. (connect timeout=15)'))
[2025-08-17T21:50:10.214+0000] {subprocess.py:93} INFO - ⚠️ TAOUSDT lỗi lần 1/3: HTTPSConnectionPool(host='api.binance.com', port=443): Max retries exceeded with url: /api/v3/klines?symbol=TAOUSDT&interval=1m&limit=100 (Caused by ConnectTimeoutError(<urllib3.connection.HTTPSConnection object at 0x7fe9b3932860>, 'Connection to api.binance.com timed out. (connect timeout=15)'))
[2025-08-17T21:50:10.214+0000] {subprocess.py:93} INFO - ✅ FLOKIUSDT: thêm 19 dòng mới
[2025-08-17T21:50:10.214+0000] {subprocess.py:93} INFO - 50/100 FLOKIUSDT lưu OK
[2025-08-17T21:50:10.214+0000] {subprocess.py:93} INFO - ⚠️ OPUSDT lỗi lần 3/3: HTTPSConnectionPool(host='api.binance.com', port=443): Max retries exceeded with url: /api/v3/klines?symbol=OPUSDT&interval=1m&limit=100 (Caused by ConnectTimeoutError(<urllib3.connection.HTTPSConnection object at 0x7fe9b3971f00>, 'Connection to api.binance.com timed out. (connect timeout=15)'))
[2025-08-17T21:50:10.215+0000] {subprocess.py:93} INFO - ⚠️ VIRTUALUSDT lỗi lần 3/3: HTTPSConnectionPool(host='api.binance.com', port=443): Max retries exceeded with url: /api/v3/klines?symbol=VIRTUALUSDT&interval=1m&limit=100 (Caused by ConnectTimeoutError(<urllib3.connection.HTTPSConnection object at 0x7fe9b3979660>, 'Connection to api.binance.com timed out. (connect timeout=15)'))
[2025-08-17T21:50:10.215+0000] {subprocess.py:93} INFO - ✅ TSTUSDT: thêm 19 dòng mới
[2025-08-17T21:50:10.215+0000] {subprocess.py:93} INFO - 51/100 TSTUSDT lưu OK
[2025-08-17T21:50:10.215+0000] {subprocess.py:93} INFO - ⚠️ ONDOUSDT lỗi lần 2/3: HTTPSConnectionPool(host='api.binance.com', port=443): Max retries exceeded with url: /api/v3/klines?symbol=ONDOUSDT&interval=1m&limit=100 (Caused by ConnectTimeoutError(<urllib3.connection.HTTPSConnection object at 0x7fe9b3978e80>, 'Connection to api.binance.com timed out. (connect timeout=15)'))
[2025-08-17T21:50:10.216+0000] {subprocess.py:93} INFO - ⚠️ PENDLEUSDT lỗi lần 3/3: HTTPSConnectionPool(host='api.binance.com', port=443): Max retries exceeded with url: /api/v3/klines?symbol=PENDLEUSDT&interval=1m&limit=100 (Caused by ConnectTimeoutError(<urllib3.connection.HTTPSConnection object at 0x7fe9b3945b10>, 'Connection to api.binance.com timed out. (connect timeout=15)'))
[2025-08-17T21:50:10.216+0000] {subprocess.py:93} INFO - 52/100 OPUSDT bỏ qua (fail)
[2025-08-17T21:50:10.216+0000] {subprocess.py:93} INFO - 53/100 VIRTUALUSDT bỏ qua (fail)
[2025-08-17T21:50:10.216+0000] {subprocess.py:93} INFO - 54/100 PENDLEUSDT bỏ qua (fail)
[2025-08-17T21:50:10.217+0000] {subprocess.py:93} INFO - ⚠️ EIGENUSDT lỗi lần 1/3: HTTPSConnectionPool(host='api.binance.com', port=443): Max retries exceeded with url: /api/v3/klines?symbol=EIGENUSDT&interval=1m&limit=100 (Caused by ConnectTimeoutError(<urllib3.connection.HTTPSConnection object at 0x7fe9b2530f40>, 'Connection to api.binance.com timed out. (connect timeout=15)'))
[2025-08-17T21:50:10.217+0000] {subprocess.py:93} INFO - ⚠️ TAOUSDT lỗi lần 2/3: HTTPSConnectionPool(host='api.binance.com', port=443): Max retries exceeded with url: /api/v3/klines?symbol=TAOUSDT&interval=1m&limit=100 (Caused by ConnectTimeoutError(<urllib3.connection.HTTPSConnection object at 0x7fe9b3978f10>, 'Connection to api.binance.com timed out. (connect timeout=15)'))
[2025-08-17T21:50:10.217+0000] {subprocess.py:93} INFO - ✅ NEIROUSDT: thêm 8 dòng mới
[2025-08-17T21:50:10.217+0000] {subprocess.py:93} INFO - 55/100 NEIROUSDT lưu OK
[2025-08-17T21:52:03.256+0000] {subprocess.py:93} INFO - ⚠️ FETUSDT lỗi lần 1/3: HTTPSConnectionPool(host='api.binance.com', port=443): Max retries exceeded with url: /api/v3/klines?symbol=FETUSDT&interval=1m&limit=100 (Caused by ConnectTimeoutError(<urllib3.connection.HTTPSConnection object at 0x7fe9b2530b50>, 'Connection to api.binance.com timed out. (connect timeout=15)'))
[2025-08-17T21:52:03.256+0000] {subprocess.py:93} INFO - ⚠️ ONDOUSDT lỗi lần 3/3: HTTPSConnectionPool(host='api.binance.com', port=443): Max retries exceeded with url: /api/v3/klines?symbol=ONDOUSDT&interval=1m&limit=100 (Caused by ConnectTimeoutError(<urllib3.connection.HTTPSConnection object at 0x7fe9b2530730>, 'Connection to api.binance.com timed out. (connect timeout=15)'))
[2025-08-17T21:52:03.257+0000] {subprocess.py:93} INFO - ⚠️ BCHUSDT lỗi lần 1/3: HTTPSConnectionPool(host='api.binance.com', port=443): Max retries exceeded with url: /api/v3/klines?symbol=BCHUSDT&interval=1m&limit=100 (Caused by ConnectTimeoutError(<urllib3.connection.HTTPSConnection object at 0x7fe9b397a4a0>, 'Connection to api.binance.com timed out. (connect timeout=15)'))
[2025-08-17T21:52:03.257+0000] {subprocess.py:93} INFO - ✅ FETUSDT: thêm 20 dòng mới
[2025-08-17T21:52:03.257+0000] {subprocess.py:93} INFO - 56/100 FETUSDT lưu OK
[2025-08-17T21:52:03.257+0000] {subprocess.py:93} INFO - 57/100 ONDOUSDT bỏ qua (fail)
[2025-08-17T21:52:03.258+0000] {subprocess.py:93} INFO - ⚠️ EIGENUSDT lỗi lần 2/3: HTTPSConnectionPool(host='api.binance.com', port=443): Max retries exceeded with url: /api/v3/klines?symbol=EIGENUSDT&interval=1m&limit=100 (Caused by ConnectTimeoutError(<urllib3.connection.HTTPSConnection object at 0x7fe9b397a440>, 'Connection to api.binance.com timed out. (connect timeout=15)'))
[2025-08-17T21:52:03.258+0000] {subprocess.py:93} INFO - ✅ EIGENUSDT: thêm 20 dòng mới
[2025-08-17T21:52:03.258+0000] {subprocess.py:93} INFO - 58/100 EIGENUSDT lưu OK
[2025-08-17T21:52:03.259+0000] {subprocess.py:93} INFO - ⚠️ TAOUSDT lỗi lần 3/3: HTTPSConnectionPool(host='api.binance.com', port=443): Max retries exceeded with url: /api/v3/klines?symbol=TAOUSDT&interval=1m&limit=100 (Caused by ConnectTimeoutError(<urllib3.connection.HTTPSConnection object at 0x7fe9b2533dc0>, 'Connection to api.binance.com timed out. (connect timeout=15)'))
[2025-08-17T21:52:03.259+0000] {subprocess.py:93} INFO - 59/100 TAOUSDT bỏ qua (fail)
[2025-08-17T21:52:03.259+0000] {subprocess.py:93} INFO - ⚠️ MOVRUSDT lỗi lần 1/3: HTTPSConnectionPool(host='api.binance.com', port=443): Max retries exceeded with url: /api/v3/klines?symbol=MOVRUSDT&interval=1m&limit=100 (Caused by ConnectTimeoutError(<urllib3.connection.HTTPSConnection object at 0x7fe9b3971c00>, 'Connection to api.binance.com timed out. (connect timeout=15)'))
[2025-08-17T21:52:03.260+0000] {subprocess.py:93} INFO - 60/100 MOVRUSDT lỗi: relation "cryptocurrency.movrusdt" does not exist
[2025-08-17T21:52:03.260+0000] {subprocess.py:93} INFO - LINE 1: SELECT MAX(time) FROM cryptocurrency.movrusdt;
[2025-08-17T21:52:03.260+0000] {subprocess.py:93} INFO -                               ^
[2025-08-17T21:52:03.260+0000] {subprocess.py:93} INFO - 
[2025-08-17T21:52:03.261+0000] {subprocess.py:93} INFO - ✅ TIAUSDT: thêm 8 dòng mới
[2025-08-17T21:52:03.261+0000] {subprocess.py:93} INFO - 61/100 TIAUSDT lưu OK
[2025-08-17T21:52:03.261+0000] {subprocess.py:93} INFO - ⚠️ GALAUSDT lỗi lần 1/3: HTTPSConnectionPool(host='api.binance.com', port=443): Max retries exceeded with url: /api/v3/klines?symbol=GALAUSDT&interval=1m&limit=100 (Caused by ConnectTimeoutError(<urllib3.connection.HTTPSConnection object at 0x7fe9b2533d00>, 'Connection to api.binance.com timed out. (connect timeout=15)'))
[2025-08-17T21:52:03.261+0000] {subprocess.py:93} INFO - ⚠️ ETCUSDT lỗi lần 1/3: HTTPSConnectionPool(host='api.binance.com', port=443): Max retries exceeded with url: /api/v3/klines?symbol=ETCUSDT&interval=1m&limit=100 (Caused by ConnectTimeoutError(<urllib3.connection.HTTPSConnection object at 0x7fe9b25322f0>, 'Connection to api.binance.com timed out. (connect timeout=15)'))
[2025-08-17T21:52:03.262+0000] {subprocess.py:93} INFO - ✅ SHIBUSDT: thêm 8 dòng mới
[2025-08-17T21:52:03.262+0000] {subprocess.py:93} INFO - 62/100 SHIBUSDT lưu OK
[2025-08-17T21:52:03.262+0000] {subprocess.py:93} INFO - ✅ PNUTUSDT: thêm 8 dòng mới
[2025-08-17T21:52:03.263+0000] {subprocess.py:93} INFO - 63/100 PNUTUSDT lưu OK
[2025-08-17T21:52:03.263+0000] {subprocess.py:93} INFO - ⚠️ NMRUSDT lỗi lần 1/3: HTTPSConnectionPool(host='api.binance.com', port=443): Max retries exceeded with url: /api/v3/klines?symbol=NMRUSDT&interval=1m&limit=100 (Caused by ConnectTimeoutError(<urllib3.connection.HTTPSConnection object at 0x7fe9b3978e50>, 'Connection to api.binance.com timed out. (connect timeout=15)'))
[2025-08-17T21:52:03.263+0000] {subprocess.py:93} INFO - 64/100 DOTUSDT lỗi: connection to server at "videv.cloud" (27.74.74.29), port 5432 failed: Connection timed out
[2025-08-17T21:52:03.263+0000] {subprocess.py:93} INFO - 	Is the server running on that host and accepting TCP/IP connections?
[2025-08-17T21:52:03.264+0000] {subprocess.py:93} INFO - 
[2025-08-17T21:52:03.264+0000] {subprocess.py:93} INFO - ⚠️ GALAUSDT lỗi lần 2/3: HTTPSConnectionPool(host='api.binance.com', port=443): Max retries exceeded with url: /api/v3/klines?symbol=GALAUSDT&interval=1m&limit=100 (Caused by ConnectTimeoutError(<urllib3.connection.HTTPSConnection object at 0x7fe9b397b310>, 'Connection to api.binance.com timed out. (connect timeout=15)'))
[2025-08-17T21:52:03.264+0000] {subprocess.py:93} INFO - ✅ GALAUSDT: thêm 8 dòng mới
[2025-08-17T21:52:03.265+0000] {subprocess.py:93} INFO - 65/100 GALAUSDT lưu OK
[2025-08-17T21:52:03.265+0000] {subprocess.py:93} INFO - ✅ CAKEUSDT: thêm 9 dòng mới
[2025-08-17T21:52:03.265+0000] {subprocess.py:93} INFO - 66/100 CAKEUSDT lưu OK
[2025-08-17T21:52:03.265+0000] {subprocess.py:93} INFO - 67/100 BBUSDT lỗi: relation "cryptocurrency.bbusdt" does not exist
[2025-08-17T21:52:03.266+0000] {subprocess.py:93} INFO - LINE 1: SELECT MAX(time) FROM cryptocurrency.bbusdt;
[2025-08-17T21:52:03.266+0000] {subprocess.py:93} INFO -                               ^
[2025-08-17T21:52:03.266+0000] {subprocess.py:93} INFO - 
[2025-08-17T21:52:03.266+0000] {subprocess.py:93} INFO - ✅ SPKUSDT: thêm 20 dòng mới
[2025-08-17T21:52:03.267+0000] {subprocess.py:93} INFO - 68/100 SPKUSDT lưu OK
[2025-08-17T21:52:03.267+0000] {subprocess.py:93} INFO - ⚠️ NMRUSDT lỗi lần 2/3: HTTPSConnectionPool(host='api.binance.com', port=443): Max retries exceeded with url: /api/v3/klines?symbol=NMRUSDT&interval=1m&limit=100 (Caused by ConnectTimeoutError(<urllib3.connection.HTTPSConnection object at 0x7fe9b3947df0>, 'Connection to api.binance.com timed out. (connect timeout=15)'))
[2025-08-17T21:52:03.267+0000] {subprocess.py:93} INFO - ⚠️ ZKUSDT lỗi lần 1/3: HTTPSConnectionPool(host='api.binance.com', port=443): Max retries exceeded with url: /api/v3/klines?symbol=ZKUSDT&interval=1m&limit=100 (Caused by ConnectTimeoutError(<urllib3.connection.HTTPSConnection object at 0x7fe9b2532ec0>, 'Connection to api.binance.com timed out. (connect timeout=15)'))
[2025-08-17T21:52:03.268+0000] {subprocess.py:93} INFO - ✅ ICPUSDT: thêm 8 dòng mới
[2025-08-17T21:52:03.268+0000] {subprocess.py:93} INFO - 69/100 ICPUSDT lưu OK
[2025-08-17T21:52:03.268+0000] {subprocess.py:93} INFO - ✅ XUSDUSDT: thêm 9 dòng mới
[2025-08-17T21:52:03.268+0000] {subprocess.py:93} INFO - 70/100 XUSDUSDT lưu OK
[2025-08-17T21:52:03.269+0000] {subprocess.py:93} INFO - ✅ RENDERUSDT: thêm 9 dòng mới
[2025-08-17T21:52:03.269+0000] {subprocess.py:93} INFO - 71/100 RENDERUSDT lưu OK
[2025-08-17T21:52:03.269+0000] {subprocess.py:93} INFO - ✅ CFXUSDT: thêm 9 dòng mới
[2025-08-17T21:52:03.269+0000] {subprocess.py:93} INFO - 72/100 CFXUSDT lưu OK
[2025-08-17T21:52:03.270+0000] {subprocess.py:93} INFO - ✅ ERAUSDT: thêm 8 dòng mới
[2025-08-17T21:52:03.270+0000] {subprocess.py:93} INFO - 73/100 ERAUSDT lưu OK
[2025-08-17T21:52:03.270+0000] {subprocess.py:93} INFO - 74/100 NMRUSDT lỗi: relation "cryptocurrency.nmrusdt" does not exist
[2025-08-17T21:52:03.270+0000] {subprocess.py:93} INFO - LINE 1: SELECT MAX(time) FROM cryptocurrency.nmrusdt;
[2025-08-17T21:52:03.271+0000] {subprocess.py:93} INFO -                               ^
[2025-08-17T21:52:03.271+0000] {subprocess.py:93} INFO - 
[2025-08-17T21:52:03.271+0000] {subprocess.py:93} INFO - ⚠️ ZKUSDT lỗi lần 2/3: HTTPSConnectionPool(host='api.binance.com', port=443): Max retries exceeded with url: /api/v3/klines?symbol=ZKUSDT&interval=1m&limit=100 (Caused by ConnectTimeoutError(<urllib3.connection.HTTPSConnection object at 0x7fe9b397b040>, 'Connection to api.binance.com timed out. (connect timeout=15)'))
[2025-08-17T21:52:03.272+0000] {subprocess.py:93} INFO - 75/100 ETHFIUSDT lỗi: connection to server at "videv.cloud" (27.74.74.29), port 5432 failed: Connection timed out
[2025-08-17T21:52:03.272+0000] {subprocess.py:93} INFO - 	Is the server running on that host and accepting TCP/IP connections?
[2025-08-17T21:52:03.272+0000] {subprocess.py:93} INFO - 
[2025-08-17T21:52:03.273+0000] {subprocess.py:93} INFO - ⚠️ ARKMUSDT lỗi lần 1/3: HTTPSConnectionPool(host='api.binance.com', port=443): Max retries exceeded with url: /api/v3/klines?symbol=ARKMUSDT&interval=1m&limit=100 (Caused by ConnectTimeoutError(<urllib3.connection.HTTPSConnection object at 0x7fe9b2531990>, 'Connection to api.binance.com timed out. (connect timeout=15)'))
[2025-08-17T21:52:03.273+0000] {subprocess.py:93} INFO - ⚠️ MKRUSDT lỗi lần 1/3: HTTPSConnectionPool(host='api.binance.com', port=443): Max retries exceeded with url: /api/v3/klines?symbol=MKRUSDT&interval=1m&limit=100 (Caused by ConnectTimeoutError(<urllib3.connection.HTTPSConnection object at 0x7fe9b3945d50>, 'Connection to api.binance.com timed out. (connect timeout=15)'))
[2025-08-17T21:52:03.273+0000] {subprocess.py:93} INFO - ⚠️ ZKUSDT lỗi lần 3/3: HTTPSConnectionPool(host='api.binance.com', port=443): Max retries exceeded with url: /api/v3/klines?symbol=ZKUSDT&interval=1m&limit=100 (Caused by ConnectTimeoutError(<urllib3.connection.HTTPSConnection object at 0x7fe9b397ae60>, 'Connection to api.binance.com timed out. (connect timeout=15)'))
[2025-08-17T21:52:03.274+0000] {subprocess.py:93} INFO - 76/100 ZKUSDT bỏ qua (fail)
[2025-08-17T21:52:03.274+0000] {subprocess.py:93} INFO - ⚠️ ARKMUSDT lỗi lần 2/3: HTTPSConnectionPool(host='api.binance.com', port=443): Max retries exceeded with url: /api/v3/klines?symbol=ARKMUSDT&interval=1m&limit=100 (Caused by ConnectTimeoutError(<urllib3.connection.HTTPSConnection object at 0x7fe9b397aec0>, 'Connection to api.binance.com timed out. (connect timeout=15)'))
[2025-08-17T21:52:03.274+0000] {subprocess.py:93} INFO - ⚠️ MKRUSDT lỗi lần 2/3: HTTPSConnectionPool(host='api.binance.com', port=443): Max retries exceeded with url: /api/v3/klines?symbol=MKRUSDT&interval=1m&limit=100 (Caused by ConnectTimeoutError(<urllib3.connection.HTTPSConnection object at 0x7fe9b397b6a0>, 'Connection to api.binance.com timed out. (connect timeout=15)'))
[2025-08-17T21:52:03.275+0000] {subprocess.py:93} INFO - ✅ ARKMUSDT: thêm 9 dòng mới
[2025-08-17T21:52:03.275+0000] {subprocess.py:93} INFO - 77/100 ARKMUSDT lưu OK
[2025-08-17T21:52:03.275+0000] {subprocess.py:93} INFO - ⚠️ STRKUSDT lỗi lần 1/3: HTTPSConnectionPool(host='api.binance.com', port=443): Max retries exceeded with url: /api/v3/klines?symbol=STRKUSDT&interval=1m&limit=100 (Caused by ConnectTimeoutError(<urllib3.connection.HTTPSConnection object at 0x7fe9b3947df0>, 'Connection to api.binance.com timed out. (connect timeout=15)'))
[2025-08-17T21:55:38.296+0000] {subprocess.py:93} INFO - 78/100 TONUSDT lỗi: connection to server at "videv.cloud" (27.74.74.29), port 5432 failed: Connection timed out
[2025-08-17T21:55:38.297+0000] {subprocess.py:93} INFO - 	Is the server running on that host and accepting TCP/IP connections?
[2025-08-17T21:55:38.297+0000] {subprocess.py:93} INFO - 
[2025-08-17T21:55:38.298+0000] {subprocess.py:93} INFO - ⚠️ MKRUSDT lỗi lần 3/3: HTTPSConnectionPool(host='api.binance.com', port=443): Max retries exceeded with url: /api/v3/klines?symbol=MKRUSDT&interval=1m&limit=100 (Caused by ConnectTimeoutError(<urllib3.connection.HTTPSConnection object at 0x7fe9b3978ac0>, 'Connection to api.binance.com timed out. (connect timeout=15)'))
[2025-08-17T21:55:38.298+0000] {subprocess.py:93} INFO - ⚠️ STRKUSDT lỗi lần 2/3: HTTPSConnectionPool(host='api.binance.com', port=443): Max retries exceeded with url: /api/v3/klines?symbol=STRKUSDT&interval=1m&limit=100 (Caused by ConnectTimeoutError(<urllib3.connection.HTTPSConnection object at 0x7fe9b2533670>, 'Connection to api.binance.com timed out. (connect timeout=15)'))
[2025-08-17T21:55:38.299+0000] {subprocess.py:93} INFO - 79/100 MKRUSDT bỏ qua (fail)
[2025-08-17T21:55:38.299+0000] {subprocess.py:93} INFO - 80/100 VETUSDT lỗi: relation "cryptocurrency.vetusdt" does not exist
[2025-08-17T21:55:38.299+0000] {subprocess.py:93} INFO - LINE 1: SELECT MAX(time) FROM cryptocurrency.vetusdt;
[2025-08-17T21:55:38.300+0000] {subprocess.py:93} INFO -                               ^
[2025-08-17T21:55:38.300+0000] {subprocess.py:93} INFO - 
[2025-08-17T21:55:38.300+0000] {subprocess.py:93} INFO - ✅ EURUSDT: thêm 10 dòng mới
[2025-08-17T21:55:38.301+0000] {subprocess.py:93} INFO - 81/100 EURUSDT lưu OK
[2025-08-17T21:55:38.301+0000] {subprocess.py:93} INFO - ✅ SYRUPUSDT: thêm 10 dòng mới
[2025-08-17T21:55:38.301+0000] {subprocess.py:93} INFO - 82/100 SYRUPUSDT lưu OK
[2025-08-17T21:55:38.302+0000] {subprocess.py:93} INFO - 83/100 FILUSDT lỗi: connection to server at "videv.cloud" (27.74.74.29), port 5432 failed: Connection timed out
[2025-08-17T21:55:38.302+0000] {subprocess.py:93} INFO - 	Is the server running on that host and accepting TCP/IP connections?
[2025-08-17T21:55:38.302+0000] {subprocess.py:93} INFO - 
[2025-08-17T21:55:38.303+0000] {subprocess.py:93} INFO - 84/100 BERAUSDT lỗi: connection to server at "videv.cloud" (27.74.74.29), port 5432 failed: Connection timed out
[2025-08-17T21:55:38.303+0000] {subprocess.py:93} INFO - 	Is the server running on that host and accepting TCP/IP connections?
[2025-08-17T21:55:38.304+0000] {subprocess.py:93} INFO - 
[2025-08-17T21:55:38.304+0000] {subprocess.py:93} INFO - ⚠️ STRKUSDT lỗi lần 3/3: HTTPSConnectionPool(host='api.binance.com', port=443): Max retries exceeded with url: /api/v3/klines?symbol=STRKUSDT&interval=1m&limit=100 (Caused by ConnectTimeoutError(<urllib3.connection.HTTPSConnection object at 0x7fe9b3979960>, 'Connection to api.binance.com timed out. (connect timeout=15)'))
[2025-08-17T21:55:38.304+0000] {subprocess.py:93} INFO - 85/100 BCHUSDT lỗi: connection to server at "videv.cloud" (27.74.74.29), port 5432 failed: Connection timed out
[2025-08-17T21:55:38.305+0000] {subprocess.py:93} INFO - 	Is the server running on that host and accepting TCP/IP connections?
[2025-08-17T21:55:38.305+0000] {subprocess.py:93} INFO - 
[2025-08-17T21:55:38.305+0000] {subprocess.py:93} INFO - 86/100 STRKUSDT bỏ qua (fail)
[2025-08-17T21:55:38.306+0000] {subprocess.py:93} INFO - ⚠️ TREEUSDT lỗi lần 1/3: HTTPSConnectionPool(host='api.binance.com', port=443): Max retries exceeded with url: /api/v3/klines?symbol=TREEUSDT&interval=1m&limit=100 (Caused by ConnectTimeoutError(<urllib3.connection.HTTPSConnection object at 0x7fe9b3978790>, 'Connection to api.binance.com timed out. (connect timeout=15)'))
[2025-08-17T21:55:38.306+0000] {subprocess.py:93} INFO - ⚠️ ATOMUSDT lỗi lần 1/3: HTTPSConnectionPool(host='api.binance.com', port=443): Max retries exceeded with url: /api/v3/klines?symbol=ATOMUSDT&interval=1m&limit=100 (Caused by ConnectTimeoutError(<urllib3.connection.HTTPSConnection object at 0x7fe9b39726b0>, 'Connection to api.binance.com timed out. (connect timeout=15)'))
[2025-08-17T21:55:38.307+0000] {subprocess.py:93} INFO - 87/100 ATOMUSDT lỗi: relation "cryptocurrency.atomusdt" does not exist
[2025-08-17T21:55:38.307+0000] {subprocess.py:93} INFO - LINE 1: SELECT MAX(time) FROM cryptocurrency.atomusdt;
[2025-08-17T21:55:38.307+0000] {subprocess.py:93} INFO -                               ^
[2025-08-17T21:55:38.308+0000] {subprocess.py:93} INFO - 
[2025-08-17T21:55:38.308+0000] {subprocess.py:93} INFO - 88/100 TREEUSDT lỗi: relation "cryptocurrency.treeusdt" does not exist
[2025-08-17T21:55:38.308+0000] {subprocess.py:93} INFO - LINE 1: SELECT MAX(time) FROM cryptocurrency.treeusdt;
[2025-08-17T21:55:38.309+0000] {subprocess.py:93} INFO -                               ^
[2025-08-17T21:55:38.309+0000] {subprocess.py:93} INFO - 
[2025-08-17T21:55:38.309+0000] {subprocess.py:93} INFO - ⚠️ CELRUSDT lỗi lần 1/3: HTTPSConnectionPool(host='api.binance.com', port=443): Max retries exceeded with url: /api/v3/klines?symbol=CELRUSDT&interval=1m&limit=100 (Caused by ConnectTimeoutError(<urllib3.connection.HTTPSConnection object at 0x7fe9b2532ad0>, 'Connection to api.binance.com timed out. (connect timeout=15)'))
[2025-08-17T21:55:38.310+0000] {subprocess.py:93} INFO - 89/100 ALGOUSDT lỗi: connection to server at "videv.cloud" (27.74.74.29), port 5432 failed: Connection timed out
[2025-08-17T21:55:38.310+0000] {subprocess.py:93} INFO - 	Is the server running on that host and accepting TCP/IP connections?
[2025-08-17T21:55:38.310+0000] {subprocess.py:93} INFO - 
[2025-08-17T21:55:38.311+0000] {subprocess.py:93} INFO - 90/100 ETCUSDT lỗi: connection to server at "videv.cloud" (27.74.74.29), port 5432 failed: Connection timed out
[2025-08-17T21:55:38.311+0000] {subprocess.py:93} INFO - 	Is the server running on that host and accepting TCP/IP connections?
[2025-08-17T21:55:38.311+0000] {subprocess.py:93} INFO - 
[2025-08-17T21:55:38.312+0000] {subprocess.py:93} INFO - ⚠️ LAUSDT lỗi lần 1/3: HTTPSConnectionPool(host='api.binance.com', port=443): Max retries exceeded with url: /api/v3/klines?symbol=LAUSDT&interval=1m&limit=100 (Caused by ConnectTimeoutError(<urllib3.connection.HTTPSConnection object at 0x7fe9b3979c90>, 'Connection to api.binance.com timed out. (connect timeout=15)'))
[2025-08-17T21:55:38.312+0000] {subprocess.py:93} INFO - ⚠️ ORDIUSDT lỗi lần 1/3: HTTPSConnectionPool(host='api.binance.com', port=443): Max retries exceeded with url: /api/v3/klines?symbol=ORDIUSDT&interval=1m&limit=100 (Caused by ConnectTimeoutError(<urllib3.connection.HTTPSConnection object at 0x7fe9b3972c50>, 'Connection to api.binance.com timed out. (connect timeout=15)'))
[2025-08-17T21:55:38.312+0000] {subprocess.py:93} INFO - ✅ SANTOSUSDT: thêm 21 dòng mới
[2025-08-17T21:55:38.313+0000] {subprocess.py:93} INFO - 91/100 SANTOSUSDT lưu OK
[2025-08-17T21:55:38.313+0000] {subprocess.py:93} INFO - ✅ ORDIUSDT: thêm 10 dòng mới
[2025-08-17T21:55:38.313+0000] {subprocess.py:93} INFO - 92/100 ORDIUSDT lưu OK
[2025-08-17T21:55:38.314+0000] {subprocess.py:93} INFO - ✅ LAUSDT: thêm 10 dòng mới
[2025-08-17T21:55:38.314+0000] {subprocess.py:93} INFO - 93/100 LAUSDT lưu OK
[2025-08-17T21:55:38.315+0000] {subprocess.py:93} INFO - 94/100 HOMEUSDT lỗi: relation "cryptocurrency.homeusdt" does not exist
[2025-08-17T21:55:38.315+0000] {subprocess.py:93} INFO - LINE 1: SELECT MAX(time) FROM cryptocurrency.homeusdt;
[2025-08-17T21:55:38.315+0000] {subprocess.py:93} INFO -                               ^
[2025-08-17T21:55:38.316+0000] {subprocess.py:93} INFO - 
[2025-08-17T21:55:38.316+0000] {subprocess.py:93} INFO - ⚠️ API3USDT lỗi lần 1/3: HTTPSConnectionPool(host='api.binance.com', port=443): Max retries exceeded with url: /api/v3/klines?symbol=API3USDT&interval=1m&limit=100 (Caused by ConnectTimeoutError(<urllib3.connection.HTTPSConnection object at 0x7fe9b3978f70>, 'Connection to api.binance.com timed out. (connect timeout=15)'))
[2025-08-17T21:55:38.316+0000] {subprocess.py:93} INFO - 95/100 ENSUSDT lỗi: connection to server at "videv.cloud" (27.74.74.29), port 5432 failed: Connection timed out
[2025-08-17T21:55:38.317+0000] {subprocess.py:93} INFO - 	Is the server running on that host and accepting TCP/IP connections?
[2025-08-17T21:55:38.317+0000] {subprocess.py:93} INFO - 
[2025-08-17T21:55:38.317+0000] {subprocess.py:93} INFO - ⚠️ API3USDT lỗi lần 2/3: HTTPSConnectionPool(host='api.binance.com', port=443): Max retries exceeded with url: /api/v3/klines?symbol=API3USDT&interval=1m&limit=100 (Caused by ConnectTimeoutError(<urllib3.connection.HTTPSConnection object at 0x7fe9b3973790>, 'Connection to api.binance.com timed out. (connect timeout=15)'))
[2025-08-17T21:55:38.318+0000] {subprocess.py:93} INFO - 96/100 CHRUSDT lỗi: connection to server at "videv.cloud" (27.74.74.29), port 5432 failed: Connection timed out
[2025-08-17T21:55:38.318+0000] {subprocess.py:93} INFO - 	Is the server running on that host and accepting TCP/IP connections?
[2025-08-17T21:55:38.318+0000] {subprocess.py:93} INFO - 
[2025-08-17T21:55:38.319+0000] {subprocess.py:93} INFO - 97/100 RUNEUSDT lỗi: connection to server at "videv.cloud" (27.74.74.29), port 5432 failed: Connection timed out
[2025-08-17T21:55:38.319+0000] {subprocess.py:93} INFO - 	Is the server running on that host and accepting TCP/IP connections?
[2025-08-17T21:55:38.319+0000] {subprocess.py:93} INFO - 
[2025-08-17T21:55:38.320+0000] {subprocess.py:93} INFO - 98/100 HOTUSDT lỗi: connection to server at "videv.cloud" (27.74.74.29), port 5432 failed: Connection timed out
[2025-08-17T21:55:38.320+0000] {subprocess.py:93} INFO - 	Is the server running on that host and accepting TCP/IP connections?
[2025-08-17T21:55:38.320+0000] {subprocess.py:93} INFO - 
[2025-08-17T21:55:38.321+0000] {subprocess.py:93} INFO - 99/100 CELRUSDT lỗi: connection to server at "videv.cloud" (27.74.74.29), port 5432 failed: Connection timed out
[2025-08-17T21:55:38.321+0000] {subprocess.py:93} INFO - 	Is the server running on that host and accepting TCP/IP connections?
[2025-08-17T21:55:38.321+0000] {subprocess.py:93} INFO - 
[2025-08-17T21:55:38.322+0000] {subprocess.py:93} INFO - 100/100 API3USDT lỗi: connection to server at "videv.cloud" (27.74.74.29), port 5432 failed: Connection timed out
[2025-08-17T21:55:38.322+0000] {subprocess.py:93} INFO - 	Is the server running on that host and accepting TCP/IP connections?
[2025-08-17T21:55:38.322+0000] {subprocess.py:93} INFO - 
[2025-08-17T21:55:38.419+0000] {subprocess.py:97} INFO - Command exited with return code 0
[2025-08-17T21:55:38.421+0000] {taskinstance.py:441} INFO - ::group::Post task execution logs
[2025-08-17T21:55:38.457+0000] {taskinstance.py:1206} INFO - Marking task as SUCCESS. dag_id=crypto_collector_dag, task_id=run_crypto_collector, run_id=scheduled__2025-08-17T21:44:00+00:00, execution_date=20250817T214400, start_date=20250817T214553, end_date=20250817T215538
[2025-08-17T21:55:38.515+0000] {local_task_job_runner.py:240} INFO - Task exited with return code 0
[2025-08-17T21:55:38.544+0000] {taskinstance.py:3498} INFO - 0 downstream tasks scheduled from follow-on schedule check
[2025-08-17T21:55:38.545+0000] {local_task_job_runner.py:222} INFO - ::endgroup::
