[2025-09-03T14:45:40.800+0000] {local_task_job_runner.py:120} INFO - ::group::Pre task execution logs
[2025-09-03T14:45:40.826+0000] {taskinstance.py:2076} INFO - Dependencies all met for dep_context=non-requeueable deps ti=<TaskInstance: foreign_1_live.live_foreign_ALL scheduled__2025-09-02T17:02:00+00:00 [queued]>
[2025-09-03T14:45:40.836+0000] {taskinstance.py:2076} INFO - Dependencies all met for dep_context=requeueable deps ti=<TaskInstance: foreign_1_live.live_foreign_ALL scheduled__2025-09-02T17:02:00+00:00 [queued]>
[2025-09-03T14:45:40.836+0000] {taskinstance.py:2306} INFO - Starting attempt 1 of 11
[2025-09-03T14:45:40.849+0000] {taskinstance.py:2330} INFO - Executing <Task(PythonOperator): live_foreign_ALL> on 2025-09-02 17:02:00+00:00
[2025-09-03T14:45:40.858+0000] {standard_task_runner.py:63} INFO - Started process 2758101 to run task
[2025-09-03T14:45:40.862+0000] {standard_task_runner.py:90} INFO - Running: ['***', 'tasks', 'run', 'foreign_1_live', 'live_foreign_ALL', 'scheduled__2025-09-02T17:02:00+00:00', '--job-id', '72560', '--raw', '--subdir', 'DAGS_FOLDER/dag_foreign_1_live.py', '--cfg-path', '/tmp/tmpvkfk5xtz']
[2025-09-03T14:45:40.865+0000] {standard_task_runner.py:91} INFO - Job 72560: Subtask live_foreign_ALL
[2025-09-03T14:45:40.919+0000] {task_command.py:426} INFO - Running <TaskInstance: foreign_1_live.live_foreign_ALL scheduled__2025-09-02T17:02:00+00:00 [running]> on host 1877907bc043
[2025-09-03T14:45:41.020+0000] {taskinstance.py:2648} INFO - Exporting env vars: AIRFLOW_CTX_DAG_OWNER='***' AIRFLOW_CTX_DAG_ID='foreign_1_live' AIRFLOW_CTX_TASK_ID='live_foreign_ALL' AIRFLOW_CTX_EXECUTION_DATE='2025-09-02T17:02:00+00:00' AIRFLOW_CTX_TRY_NUMBER='1' AIRFLOW_CTX_DAG_RUN_ID='scheduled__2025-09-02T17:02:00+00:00'
[2025-09-03T14:45:41.021+0000] {taskinstance.py:430} INFO - ::endgroup::
[2025-09-03T14:45:41.036+0000] {foreign_ALL.py:17} INFO - Kết nối DB
[2025-09-03T14:45:41.242+0000] {foreign_ALL.py:38} INFO - Đã lưu foreign_ALL
[2025-09-03T14:45:41.243+0000] {python.py:237} INFO - Done. Returned value was: None
[2025-09-03T14:45:41.244+0000] {taskinstance.py:441} INFO - ::group::Post task execution logs
[2025-09-03T14:45:41.255+0000] {taskinstance.py:1206} INFO - Marking task as SUCCESS. dag_id=foreign_1_live, task_id=live_foreign_ALL, run_id=scheduled__2025-09-02T17:02:00+00:00, execution_date=20250902T170200, start_date=20250903T144540, end_date=20250903T144541
[2025-09-03T14:45:41.315+0000] {local_task_job_runner.py:240} INFO - Task exited with return code 0
[2025-09-03T14:45:41.336+0000] {taskinstance.py:3498} INFO - 0 downstream tasks scheduled from follow-on schedule check
[2025-09-03T14:45:41.337+0000] {local_task_job_runner.py:222} INFO - ::endgroup::
[2025-09-11T08:54:39.366+0000] {local_task_job_runner.py:120} INFO - ::group::Pre task execution logs
[2025-09-11T08:54:39.396+0000] {taskinstance.py:2076} INFO - Dependencies all met for dep_context=non-requeueable deps ti=<TaskInstance: foreign_1_live.live_foreign_ALL scheduled__2025-09-02T17:02:00+00:00 [queued]>
[2025-09-11T08:54:39.406+0000] {taskinstance.py:2076} INFO - Dependencies all met for dep_context=requeueable deps ti=<TaskInstance: foreign_1_live.live_foreign_ALL scheduled__2025-09-02T17:02:00+00:00 [queued]>
[2025-09-11T08:54:39.406+0000] {taskinstance.py:2306} INFO - Starting attempt 1 of 11
[2025-09-11T08:54:39.419+0000] {taskinstance.py:2330} INFO - Executing <Task(PythonOperator): live_foreign_ALL> on 2025-09-02 17:02:00+00:00
[2025-09-11T08:54:39.427+0000] {standard_task_runner.py:63} INFO - Started process 207 to run task
[2025-09-11T08:54:39.431+0000] {standard_task_runner.py:90} INFO - Running: ['***', 'tasks', 'run', 'foreign_1_live', 'live_foreign_ALL', 'scheduled__2025-09-02T17:02:00+00:00', '--job-id', '30', '--raw', '--subdir', 'DAGS_FOLDER/dag_foreign_1_live.py', '--cfg-path', '/tmp/tmpkd8yfsvj']
[2025-09-11T08:54:39.434+0000] {standard_task_runner.py:91} INFO - Job 30: Subtask live_foreign_ALL
[2025-09-11T08:54:39.485+0000] {task_command.py:426} INFO - Running <TaskInstance: foreign_1_live.live_foreign_ALL scheduled__2025-09-02T17:02:00+00:00 [running]> on host bcef7b61446d
[2025-09-11T08:54:39.840+0000] {taskinstance.py:2648} INFO - Exporting env vars: AIRFLOW_CTX_DAG_OWNER='***' AIRFLOW_CTX_DAG_ID='foreign_1_live' AIRFLOW_CTX_TASK_ID='live_foreign_ALL' AIRFLOW_CTX_EXECUTION_DATE='2025-09-02T17:02:00+00:00' AIRFLOW_CTX_TRY_NUMBER='1' AIRFLOW_CTX_DAG_RUN_ID='scheduled__2025-09-02T17:02:00+00:00'
[2025-09-11T08:54:39.842+0000] {taskinstance.py:430} INFO - ::endgroup::
[2025-09-11T08:54:39.866+0000] {foreign_ALL.py:17} INFO - Kết nối DB
[2025-09-11T08:54:43.076+0000] {foreign_ALL.py:38} INFO - Đã lưu foreign_ALL
[2025-09-11T08:54:43.077+0000] {python.py:237} INFO - Done. Returned value was: None
[2025-09-11T08:54:43.078+0000] {taskinstance.py:441} INFO - ::group::Post task execution logs
[2025-09-11T08:54:43.090+0000] {taskinstance.py:1206} INFO - Marking task as SUCCESS. dag_id=foreign_1_live, task_id=live_foreign_ALL, run_id=scheduled__2025-09-02T17:02:00+00:00, execution_date=20250902T170200, start_date=20250911T085439, end_date=20250911T085443
[2025-09-11T08:54:43.134+0000] {local_task_job_runner.py:240} INFO - Task exited with return code 0
[2025-09-11T08:54:43.155+0000] {taskinstance.py:3503} INFO - 0 downstream tasks scheduled from follow-on schedule check
[2025-09-11T08:54:43.156+0000] {local_task_job_runner.py:222} INFO - ::endgroup::
