[2025-09-01T10:26:10.443+0000] {local_task_job_runner.py:120} INFO - ::group::Pre task execution logs
[2025-09-01T10:26:10.470+0000] {taskinstance.py:2076} INFO - Dependencies all met for dep_context=non-requeueable deps ti=<TaskInstance: market_table_foreign.activity_ALL scheduled__2025-08-31T17:13:00+00:00 [queued]>
[2025-09-01T10:26:10.480+0000] {taskinstance.py:2076} INFO - Dependencies all met for dep_context=requeueable deps ti=<TaskInstance: market_table_foreign.activity_ALL scheduled__2025-08-31T17:13:00+00:00 [queued]>
[2025-09-01T10:26:10.480+0000] {taskinstance.py:2306} INFO - Starting attempt 1 of 11
[2025-09-01T10:26:10.494+0000] {taskinstance.py:2330} INFO - Executing <Task(PythonOperator): activity_ALL> on 2025-08-31 17:13:00+00:00
[2025-09-01T10:26:10.502+0000] {standard_task_runner.py:63} INFO - Started process 2318076 to run task
[2025-09-01T10:26:10.507+0000] {standard_task_runner.py:90} INFO - Running: ['***', 'tasks', 'run', 'market_table_foreign', 'activity_ALL', 'scheduled__2025-08-31T17:13:00+00:00', '--job-id', '42161', '--raw', '--subdir', 'DAGS_FOLDER/dag_market_live.py', '--cfg-path', '/tmp/tmprkr9hhi2']
[2025-09-01T10:26:10.510+0000] {standard_task_runner.py:91} INFO - Job 42161: Subtask activity_ALL
[2025-09-01T10:26:10.574+0000] {task_command.py:426} INFO - Running <TaskInstance: market_table_foreign.activity_ALL scheduled__2025-08-31T17:13:00+00:00 [running]> on host 1877907bc043
[2025-09-01T10:26:10.678+0000] {taskinstance.py:2648} INFO - Exporting env vars: AIRFLOW_CTX_DAG_OWNER='***' AIRFLOW_CTX_DAG_ID='market_table_foreign' AIRFLOW_CTX_TASK_ID='activity_ALL' AIRFLOW_CTX_EXECUTION_DATE='2025-08-31T17:13:00+00:00' AIRFLOW_CTX_TRY_NUMBER='1' AIRFLOW_CTX_DAG_RUN_ID='scheduled__2025-08-31T17:13:00+00:00'
[2025-09-01T10:26:10.679+0000] {taskinstance.py:430} INFO - ::endgroup::
[2025-09-01T10:26:10.693+0000] {activity_ALL.py:17} INFO - Kết nối DB
[2025-09-01T10:26:11.112+0000] {activity_ALL.py:53} INFO - Đã lưu activity_ALL
[2025-09-01T10:26:11.113+0000] {python.py:237} INFO - Done. Returned value was: None
[2025-09-01T10:26:11.114+0000] {taskinstance.py:441} INFO - ::group::Post task execution logs
[2025-09-01T10:26:11.125+0000] {taskinstance.py:1206} INFO - Marking task as SUCCESS. dag_id=market_table_foreign, task_id=activity_ALL, run_id=scheduled__2025-08-31T17:13:00+00:00, execution_date=20250831T171300, start_date=20250901T102610, end_date=20250901T102611
[2025-09-01T10:26:11.160+0000] {local_task_job_runner.py:240} INFO - Task exited with return code 0
[2025-09-01T10:26:11.182+0000] {taskinstance.py:3498} INFO - 0 downstream tasks scheduled from follow-on schedule check
[2025-09-01T10:26:11.183+0000] {local_task_job_runner.py:222} INFO - ::endgroup::
[2025-09-01T10:27:17.349+0000] {local_task_job_runner.py:120} INFO - ::group::Pre task execution logs
[2025-09-01T10:27:17.376+0000] {taskinstance.py:2076} INFO - Dependencies all met for dep_context=non-requeueable deps ti=<TaskInstance: market_table_foreign.activity_ALL scheduled__2025-08-31T17:13:00+00:00 [queued]>
[2025-09-01T10:27:17.386+0000] {taskinstance.py:2076} INFO - Dependencies all met for dep_context=requeueable deps ti=<TaskInstance: market_table_foreign.activity_ALL scheduled__2025-08-31T17:13:00+00:00 [queued]>
[2025-09-01T10:27:17.387+0000] {taskinstance.py:2306} INFO - Starting attempt 1 of 11
[2025-09-01T10:27:17.401+0000] {taskinstance.py:2330} INFO - Executing <Task(PythonOperator): activity_ALL> on 2025-08-31 17:13:00+00:00
[2025-09-01T10:27:17.409+0000] {standard_task_runner.py:63} INFO - Started process 2318892 to run task
[2025-09-01T10:27:17.413+0000] {standard_task_runner.py:90} INFO - Running: ['***', 'tasks', 'run', 'market_table_foreign', 'activity_ALL', 'scheduled__2025-08-31T17:13:00+00:00', '--job-id', '42402', '--raw', '--subdir', 'DAGS_FOLDER/dag_market_live.py', '--cfg-path', '/tmp/tmp488c18ry']
[2025-09-01T10:27:17.416+0000] {standard_task_runner.py:91} INFO - Job 42402: Subtask activity_ALL
[2025-09-01T10:27:17.480+0000] {task_command.py:426} INFO - Running <TaskInstance: market_table_foreign.activity_ALL scheduled__2025-08-31T17:13:00+00:00 [running]> on host 1877907bc043
[2025-09-01T10:27:17.586+0000] {taskinstance.py:2648} INFO - Exporting env vars: AIRFLOW_CTX_DAG_OWNER='***' AIRFLOW_CTX_DAG_ID='market_table_foreign' AIRFLOW_CTX_TASK_ID='activity_ALL' AIRFLOW_CTX_EXECUTION_DATE='2025-08-31T17:13:00+00:00' AIRFLOW_CTX_TRY_NUMBER='1' AIRFLOW_CTX_DAG_RUN_ID='scheduled__2025-08-31T17:13:00+00:00'
[2025-09-01T10:27:17.588+0000] {taskinstance.py:430} INFO - ::endgroup::
[2025-09-01T10:27:17.604+0000] {activity_ALL.py:17} INFO - Kết nối DB
[2025-09-01T10:27:18.010+0000] {activity_ALL.py:53} INFO - Đã lưu activity_ALL
[2025-09-01T10:27:18.011+0000] {python.py:237} INFO - Done. Returned value was: None
[2025-09-01T10:27:18.013+0000] {taskinstance.py:441} INFO - ::group::Post task execution logs
[2025-09-01T10:27:18.030+0000] {taskinstance.py:1206} INFO - Marking task as SUCCESS. dag_id=market_table_foreign, task_id=activity_ALL, run_id=scheduled__2025-08-31T17:13:00+00:00, execution_date=20250831T171300, start_date=20250901T102717, end_date=20250901T102718
[2025-09-01T10:27:18.066+0000] {local_task_job_runner.py:240} INFO - Task exited with return code 0
[2025-09-01T10:27:18.090+0000] {taskinstance.py:3498} INFO - 0 downstream tasks scheduled from follow-on schedule check
[2025-09-01T10:27:18.091+0000] {local_task_job_runner.py:222} INFO - ::endgroup::
