[2025-09-04T05:28:02.785+0000] {local_task_job_runner.py:120} INFO - ::group::Pre task execution logs
[2025-09-04T05:28:02.826+0000] {taskinstance.py:2076} INFO - Dependencies all met for dep_context=non-requeueable deps ti=<TaskInstance: crypto_collector_dag.run_crypto_collector scheduled__2025-09-04T05:27:00+00:00 [queued]>
[2025-09-04T05:28:02.840+0000] {taskinstance.py:2076} INFO - Dependencies all met for dep_context=requeueable deps ti=<TaskInstance: crypto_collector_dag.run_crypto_collector scheduled__2025-09-04T05:27:00+00:00 [queued]>
[2025-09-04T05:28:02.841+0000] {taskinstance.py:2306} INFO - Starting attempt 1 of 2
[2025-09-04T05:28:02.865+0000] {taskinstance.py:2330} INFO - Executing <Task(BashOperator): run_crypto_collector> on 2025-09-04 05:27:00+00:00
[2025-09-04T05:28:02.873+0000] {standard_task_runner.py:63} INFO - Started process 2914970 to run task
[2025-09-04T05:28:02.883+0000] {standard_task_runner.py:90} INFO - Running: ['***', 'tasks', 'run', 'crypto_collector_dag', 'run_crypto_collector', 'scheduled__2025-09-04T05:27:00+00:00', '--job-id', '93577', '--raw', '--subdir', 'DAGS_FOLDER/crawl_crypto/dags_crypto.py', '--cfg-path', '/tmp/tmp0nm3otyt']
[2025-09-04T05:28:02.885+0000] {standard_task_runner.py:91} INFO - Job 93577: Subtask run_crypto_collector
[2025-09-04T05:28:03.075+0000] {task_command.py:426} INFO - Running <TaskInstance: crypto_collector_dag.run_crypto_collector scheduled__2025-09-04T05:27:00+00:00 [running]> on host 1877907bc043
[2025-09-04T05:28:03.282+0000] {taskinstance.py:2648} INFO - Exporting env vars: AIRFLOW_CTX_DAG_OWNER='***' AIRFLOW_CTX_DAG_ID='crypto_collector_dag' AIRFLOW_CTX_TASK_ID='run_crypto_collector' AIRFLOW_CTX_EXECUTION_DATE='2025-09-04T05:27:00+00:00' AIRFLOW_CTX_TRY_NUMBER='1' AIRFLOW_CTX_DAG_RUN_ID='scheduled__2025-09-04T05:27:00+00:00'
[2025-09-04T05:28:03.286+0000] {taskinstance.py:430} INFO - ::endgroup::
[2025-09-04T05:28:03.340+0000] {subprocess.py:63} INFO - Tmp dir root location: /tmp
[2025-09-04T05:28:03.343+0000] {subprocess.py:75} INFO - Running command: ['/usr/bin/bash', '-c', 'python3 /opt/***/dags/crawl_crypto/crawl_data_crypto.py']
[2025-09-04T05:28:03.411+0000] {subprocess.py:86} INFO - Output:
[2025-09-04T05:28:13.492+0000] {subprocess.py:93} INFO - 🔹 Kết nối DB...
[2025-09-04T05:28:13.494+0000] {subprocess.py:93} INFO - 🔹 Lấy top 100 crypto...
[2025-09-04T05:28:13.495+0000] {subprocess.py:93} INFO - Top 100: ['ETHUSDT', 'USDCUSDT', 'BTCUSDT', 'SOLUSDT', 'FDUSDUSDT', 'XRPUSDT', 'WLFIUSDT', 'DOGEUSDT', 'ENAUSDT', 'BNBUSDT', 'AVAXUSDT', 'BCHUSDT', 'SUIUSDT', 'LINKUSDT', 'TRXUSDT', 'ADAUSDT', 'SOMIUSDT', 'PEPEUSDT', 'PENGUUSDT', 'ARBUSDT', 'AAVEUSDT', 'UNIUSDT', 'TREEUSDT', 'LTCUSDT', 'SYRUPUSDT', 'ONDOUSDT', 'SEIUSDT', 'HBARUSDT', 'WLDUSDT', 'TRUMPUSDT', 'USD1USDT', 'PYTHUSDT', 'PAXGUSDT', 'BONKUSDT', 'PROVEUSDT', 'POLUSDT', 'TUTUSDT', 'LDOUSDT', 'VIRTUALUSDT', 'WIFUSDT', 'XLMUSDT', 'DOTUSDT', 'PENDLEUSDT', 'BIOUSDT', 'FORMUSDT', 'NEARUSDT', 'DOLOUSDT', 'ETHFIUSDT', 'EURUSDT', 'BAKEUSDT', 'TONUSDT', 'CRVUSDT', 'FILUSDT', 'SPKUSDT', 'TAOUSDT', 'MKRUSDT', 'OPUSDT', 'CUSDT', 'MAVUSDT', 'XUSDUSDT', 'APTUSDT', 'SUSDT', 'SHIBUSDT', 'LPTUSDT', 'PLUMEUSDT', 'HIFIUSDT', 'FETUSDT', 'SHELLUSDT', 'TIAUSDT', 'QTUMUSDT', 'RLCUSDT', 'INJUSDT', 'MEMEUSDT', 'HFTUSDT', 'CFXUSDT', 'EIGENUSDT', 'AIXBTUSDT', 'NEIROUSDT', 'PNUTUSDT', 'SANTOSUSDT', 'SKLUSDT', 'ICPUSDT', 'CAKEUSDT', 'RESOLVUSDT', 'RAYUSDT', 'FLOKIUSDT', 'TOWNSUSDT', 'NMRUSDT', 'IOUSDT', 'A2ZUSDT', 'GALAUSDT', 'MITOUSDT', 'ETCUSDT', 'WUSDT', 'OMUSDT', 'JUPUSDT', 'NEWTUSDT', 'REDUSDT', 'RENDERUSDT', 'ATOMUSDT']
[2025-09-04T05:28:13.495+0000] {subprocess.py:93} INFO - 🔹 Lưu lịch sử giá vào DB bằng threading...
[2025-09-04T05:28:13.496+0000] {subprocess.py:93} INFO - 1/100 WLFIUSDT lỗi: relation "cryptocurrency.wlfiusdt" does not exist
[2025-09-04T05:28:13.497+0000] {subprocess.py:93} INFO - LINE 1: SELECT MAX(time) FROM cryptocurrency.wlfiusdt;
[2025-09-04T05:28:13.498+0000] {subprocess.py:93} INFO -                               ^
[2025-09-04T05:28:13.499+0000] {subprocess.py:93} INFO - 
[2025-09-04T05:28:13.499+0000] {subprocess.py:93} INFO - ✅ ETHUSDT: thêm 1 dòng mới
[2025-09-04T05:28:13.500+0000] {subprocess.py:93} INFO - 2/100 ETHUSDT lưu OK
[2025-09-04T05:28:13.501+0000] {subprocess.py:93} INFO - ✅ USDCUSDT: thêm 1 dòng mới
[2025-09-04T05:28:13.501+0000] {subprocess.py:93} INFO - 3/100 USDCUSDT lưu OK
[2025-09-04T05:28:13.502+0000] {subprocess.py:93} INFO - ✅ ENAUSDT: thêm 1 dòng mới
[2025-09-04T05:28:13.503+0000] {subprocess.py:93} INFO - 4/100 ENAUSDT lưu OK
[2025-09-04T05:28:13.503+0000] {subprocess.py:93} INFO - ✅ BTCUSDT: thêm 1 dòng mới
[2025-09-04T05:28:13.504+0000] {subprocess.py:93} INFO - ✅ XRPUSDT: thêm 1 dòng mới
[2025-09-04T05:28:13.505+0000] {subprocess.py:93} INFO - 5/100 XRPUSDT lưu OK
[2025-09-04T05:28:13.505+0000] {subprocess.py:93} INFO - 6/100 BTCUSDT lưu OK
[2025-09-04T05:28:13.506+0000] {subprocess.py:93} INFO - ✅ FDUSDUSDT: thêm 1 dòng mới
[2025-09-04T05:28:13.507+0000] {subprocess.py:93} INFO - 7/100 FDUSDUSDT lưu OK
[2025-09-04T05:28:13.507+0000] {subprocess.py:93} INFO - ✅ BNBUSDT: thêm 1 dòng mới
[2025-09-04T05:28:13.508+0000] {subprocess.py:93} INFO - 8/100 BNBUSDT lưu OK
[2025-09-04T05:28:13.508+0000] {subprocess.py:93} INFO - ✅ DOGEUSDT: thêm 1 dòng mới
[2025-09-04T05:28:13.509+0000] {subprocess.py:93} INFO - 9/100 DOGEUSDT lưu OK
[2025-09-04T05:28:13.510+0000] {subprocess.py:93} INFO - ✅ SOLUSDT: thêm 1 dòng mới
[2025-09-04T05:28:13.510+0000] {subprocess.py:93} INFO - 10/100 SOLUSDT lưu OK
[2025-09-04T05:28:13.511+0000] {subprocess.py:93} INFO - ✅ AVAXUSDT: thêm 1 dòng mới
[2025-09-04T05:28:13.511+0000] {subprocess.py:93} INFO - 11/100 AVAXUSDT lưu OK
[2025-09-04T05:28:13.512+0000] {subprocess.py:93} INFO - ✅ BCHUSDT: thêm 1 dòng mới
[2025-09-04T05:28:13.513+0000] {subprocess.py:93} INFO - 12/100 BCHUSDT lưu OK
[2025-09-04T05:28:13.513+0000] {subprocess.py:93} INFO - ✅ LINKUSDT: thêm 1 dòng mới
[2025-09-04T05:28:13.514+0000] {subprocess.py:93} INFO - 13/100 LINKUSDT lưu OK
[2025-09-04T05:28:13.515+0000] {subprocess.py:93} INFO - ✅ ARBUSDT: thêm 1 dòng mới
[2025-09-04T05:28:13.516+0000] {subprocess.py:93} INFO - 14/100 ARBUSDT lưu OK
[2025-09-04T05:28:13.516+0000] {subprocess.py:93} INFO - ✅ PENGUUSDT: thêm 1 dòng mới
[2025-09-04T05:28:13.517+0000] {subprocess.py:93} INFO - 15/100 PENGUUSDT lưu OK
[2025-09-04T05:28:13.518+0000] {subprocess.py:93} INFO - ✅ SUIUSDT: thêm 1 dòng mới
[2025-09-04T05:28:13.518+0000] {subprocess.py:93} INFO - 16/100 SUIUSDT lưu OK
[2025-09-04T05:28:13.519+0000] {subprocess.py:93} INFO - 17/100 SOMIUSDT lỗi: relation "cryptocurrency.somiusdt" does not exist
[2025-09-04T05:28:13.520+0000] {subprocess.py:93} INFO - LINE 1: SELECT MAX(time) FROM cryptocurrency.somiusdt;
[2025-09-04T05:28:13.520+0000] {subprocess.py:93} INFO -                               ^
[2025-09-04T05:28:13.521+0000] {subprocess.py:93} INFO - 
[2025-09-04T05:28:13.521+0000] {subprocess.py:93} INFO - ✅ TRXUSDT: thêm 1 dòng mới
[2025-09-04T05:28:13.522+0000] {subprocess.py:93} INFO - 18/100 TRXUSDT lưu OK
[2025-09-04T05:28:13.523+0000] {subprocess.py:93} INFO - ✅ PEPEUSDT: thêm 1 dòng mới
[2025-09-04T05:28:13.523+0000] {subprocess.py:93} INFO - 19/100 PEPEUSDT lưu OK
[2025-09-04T05:28:13.524+0000] {subprocess.py:93} INFO - ✅ ADAUSDT: thêm 1 dòng mới
[2025-09-04T05:28:13.525+0000] {subprocess.py:93} INFO - 20/100 ADAUSDT lưu OK
[2025-09-04T05:28:13.526+0000] {subprocess.py:93} INFO - 21/100 TREEUSDT lỗi: relation "cryptocurrency.treeusdt" does not exist
[2025-09-04T05:28:13.526+0000] {subprocess.py:93} INFO - LINE 1: SELECT MAX(time) FROM cryptocurrency.treeusdt;
[2025-09-04T05:28:13.527+0000] {subprocess.py:93} INFO -                               ^
[2025-09-04T05:28:13.528+0000] {subprocess.py:93} INFO - 
[2025-09-04T05:28:13.529+0000] {subprocess.py:93} INFO - ✅ AAVEUSDT: thêm 1 dòng mới
[2025-09-04T05:28:13.530+0000] {subprocess.py:93} INFO - 22/100 AAVEUSDT lưu OK
[2025-09-04T05:28:13.531+0000] {subprocess.py:93} INFO - ✅ UNIUSDT: thêm 1 dòng mới
[2025-09-04T05:28:13.532+0000] {subprocess.py:93} INFO - 23/100 UNIUSDT lưu OK
[2025-09-04T05:28:13.533+0000] {subprocess.py:93} INFO - ✅ LTCUSDT: thêm 1 dòng mới
[2025-09-04T05:28:13.534+0000] {subprocess.py:93} INFO - 24/100 LTCUSDT lưu OK
[2025-09-04T05:28:13.534+0000] {subprocess.py:93} INFO - ✅ SYRUPUSDT: thêm 1 dòng mới
[2025-09-04T05:28:13.535+0000] {subprocess.py:93} INFO - 25/100 SYRUPUSDT lưu OK
[2025-09-04T05:28:13.536+0000] {subprocess.py:93} INFO - ✅ HBARUSDT: thêm 1 dòng mới
[2025-09-04T05:28:13.537+0000] {subprocess.py:93} INFO - 26/100 HBARUSDT lưu OK
[2025-09-04T05:28:13.537+0000] {subprocess.py:93} INFO - ✅ ONDOUSDT: thêm 1 dòng mới
[2025-09-04T05:28:13.538+0000] {subprocess.py:93} INFO - 27/100 ONDOUSDT lưu OK
[2025-09-04T05:28:13.539+0000] {subprocess.py:93} INFO - ✅ SEIUSDT: thêm 1 dòng mới
[2025-09-04T05:28:13.539+0000] {subprocess.py:93} INFO - 28/100 SEIUSDT lưu OK
[2025-09-04T05:28:13.540+0000] {subprocess.py:93} INFO - ✅ WLDUSDT: thêm 1 dòng mới
[2025-09-04T05:28:13.541+0000] {subprocess.py:93} INFO - 29/100 WLDUSDT lưu OK
[2025-09-04T05:28:13.541+0000] {subprocess.py:93} INFO - ✅ TRUMPUSDT: thêm 1 dòng mới
[2025-09-04T05:28:13.542+0000] {subprocess.py:93} INFO - 30/100 TRUMPUSDT lưu OK
[2025-09-04T05:28:13.543+0000] {subprocess.py:93} INFO - 31/100 USD1USDT lỗi: relation "cryptocurrency.usd1usdt" does not exist
[2025-09-04T05:28:13.543+0000] {subprocess.py:93} INFO - LINE 1: SELECT MAX(time) FROM cryptocurrency.usd1usdt;
[2025-09-04T05:28:13.544+0000] {subprocess.py:93} INFO -                               ^
[2025-09-04T05:28:13.544+0000] {subprocess.py:93} INFO - 
[2025-09-04T05:28:13.545+0000] {subprocess.py:93} INFO - 32/100 PYTHUSDT lỗi: relation "cryptocurrency.pythusdt" does not exist
[2025-09-04T05:28:13.546+0000] {subprocess.py:93} INFO - LINE 1: SELECT MAX(time) FROM cryptocurrency.pythusdt;
[2025-09-04T05:28:13.546+0000] {subprocess.py:93} INFO -                               ^
[2025-09-04T05:28:13.547+0000] {subprocess.py:93} INFO - 
[2025-09-04T05:28:13.548+0000] {subprocess.py:93} INFO - ✅ BONKUSDT: thêm 1 dòng mới
[2025-09-04T05:28:13.549+0000] {subprocess.py:93} INFO - 33/100 BONKUSDT lưu OK
[2025-09-04T05:28:13.549+0000] {subprocess.py:93} INFO - ✅ PROVEUSDT: thêm 1 dòng mới
[2025-09-04T05:28:13.550+0000] {subprocess.py:93} INFO - 34/100 PROVEUSDT lưu OK
[2025-09-04T05:28:13.551+0000] {subprocess.py:93} INFO - ✅ LDOUSDT: thêm 1 dòng mới
[2025-09-04T05:28:13.552+0000] {subprocess.py:93} INFO - 35/100 LDOUSDT lưu OK
[2025-09-04T05:28:13.553+0000] {subprocess.py:93} INFO - 36/100 PAXGUSDT lỗi: relation "cryptocurrency.paxgusdt" does not exist
[2025-09-04T05:28:13.553+0000] {subprocess.py:93} INFO - LINE 1: SELECT MAX(time) FROM cryptocurrency.paxgusdt;
[2025-09-04T05:28:13.554+0000] {subprocess.py:93} INFO -                               ^
[2025-09-04T05:28:13.555+0000] {subprocess.py:93} INFO - 
[2025-09-04T05:28:13.556+0000] {subprocess.py:93} INFO - ✅ WIFUSDT: thêm 1 dòng mới
[2025-09-04T05:28:13.556+0000] {subprocess.py:93} INFO - 37/100 WIFUSDT lưu OK
[2025-09-04T05:28:13.557+0000] {subprocess.py:93} INFO - ✅ POLUSDT: thêm 1 dòng mới
[2025-09-04T05:28:13.558+0000] {subprocess.py:93} INFO - 38/100 POLUSDT lưu OK
[2025-09-04T05:28:13.559+0000] {subprocess.py:93} INFO - 39/100 TUTUSDT lỗi: relation "cryptocurrency.tutusdt" does not exist
[2025-09-04T05:28:13.559+0000] {subprocess.py:93} INFO - LINE 1: SELECT MAX(time) FROM cryptocurrency.tutusdt;
[2025-09-04T05:28:13.560+0000] {subprocess.py:93} INFO -                               ^
[2025-09-04T05:28:13.561+0000] {subprocess.py:93} INFO - 
[2025-09-04T05:28:13.562+0000] {subprocess.py:93} INFO - ✅ XLMUSDT: thêm 1 dòng mới
[2025-09-04T05:28:13.563+0000] {subprocess.py:93} INFO - 40/100 XLMUSDT lưu OK
[2025-09-04T05:28:13.564+0000] {subprocess.py:93} INFO - ✅ VIRTUALUSDT: thêm 1 dòng mới
[2025-09-04T05:28:13.565+0000] {subprocess.py:93} INFO - 41/100 VIRTUALUSDT lưu OK
[2025-09-04T05:28:13.565+0000] {subprocess.py:93} INFO - ✅ DOTUSDT: thêm 1 dòng mới
[2025-09-04T05:28:13.567+0000] {subprocess.py:93} INFO - 42/100 DOTUSDT lưu OK
[2025-09-04T05:28:13.567+0000] {subprocess.py:93} INFO - ✅ PENDLEUSDT: thêm 1 dòng mới
[2025-09-04T05:28:13.568+0000] {subprocess.py:93} INFO - 43/100 PENDLEUSDT lưu OK
[2025-09-04T05:28:13.569+0000] {subprocess.py:93} INFO - 44/100 BIOUSDT lỗi: relation "cryptocurrency.biousdt" does not exist
[2025-09-04T05:28:13.570+0000] {subprocess.py:93} INFO - LINE 1: SELECT MAX(time) FROM cryptocurrency.biousdt;
[2025-09-04T05:28:13.570+0000] {subprocess.py:93} INFO -                               ^
[2025-09-04T05:28:13.571+0000] {subprocess.py:93} INFO - 
[2025-09-04T05:28:13.572+0000] {subprocess.py:93} INFO - ✅ NEARUSDT: thêm 1 dòng mới
[2025-09-04T05:28:13.573+0000] {subprocess.py:93} INFO - 45/100 NEARUSDT lưu OK
[2025-09-04T05:28:13.574+0000] {subprocess.py:93} INFO - 46/100 DOLOUSDT lỗi: relation "cryptocurrency.dolousdt" does not exist
[2025-09-04T05:28:13.575+0000] {subprocess.py:93} INFO - LINE 1: SELECT MAX(time) FROM cryptocurrency.dolousdt;
[2025-09-04T05:28:13.575+0000] {subprocess.py:93} INFO -                               ^
[2025-09-04T05:28:13.577+0000] {subprocess.py:93} INFO - 
[2025-09-04T05:28:13.577+0000] {subprocess.py:93} INFO - 47/100 FORMUSDT lỗi: relation "cryptocurrency.formusdt" does not exist
[2025-09-04T05:28:13.578+0000] {subprocess.py:93} INFO - LINE 1: SELECT MAX(time) FROM cryptocurrency.formusdt;
[2025-09-04T05:28:13.579+0000] {subprocess.py:93} INFO -                               ^
[2025-09-04T05:28:13.580+0000] {subprocess.py:93} INFO - 
[2025-09-04T05:28:13.581+0000] {subprocess.py:93} INFO - 48/100 BAKEUSDT lỗi: relation "cryptocurrency.bakeusdt" does not exist
[2025-09-04T05:28:13.582+0000] {subprocess.py:93} INFO - LINE 1: SELECT MAX(time) FROM cryptocurrency.bakeusdt;
[2025-09-04T05:28:13.582+0000] {subprocess.py:93} INFO -                               ^
[2025-09-04T05:28:13.583+0000] {subprocess.py:93} INFO - 
[2025-09-04T05:28:13.584+0000] {subprocess.py:93} INFO - ✅ TONUSDT: thêm 1 dòng mới
[2025-09-04T05:28:13.585+0000] {subprocess.py:93} INFO - ✅ ETHFIUSDT: thêm 1 dòng mới
[2025-09-04T05:28:13.585+0000] {subprocess.py:93} INFO - 49/100 TONUSDT lưu OK
[2025-09-04T05:28:13.586+0000] {subprocess.py:93} INFO - ✅ EURUSDT: thêm 1 dòng mới
[2025-09-04T05:28:13.587+0000] {subprocess.py:93} INFO - 50/100 EURUSDT lưu OK
[2025-09-04T05:28:13.588+0000] {subprocess.py:93} INFO - 51/100 ETHFIUSDT lưu OK
[2025-09-04T05:28:13.588+0000] {subprocess.py:93} INFO - ✅ FILUSDT: thêm 1 dòng mới
[2025-09-04T05:28:13.589+0000] {subprocess.py:93} INFO - 52/100 FILUSDT lưu OK
[2025-09-04T05:28:13.590+0000] {subprocess.py:93} INFO - ✅ CRVUSDT: thêm 1 dòng mới
[2025-09-04T05:28:13.590+0000] {subprocess.py:93} INFO - 53/100 CRVUSDT lưu OK
[2025-09-04T05:28:13.591+0000] {subprocess.py:93} INFO - ✅ TAOUSDT: thêm 1 dòng mới
[2025-09-04T05:28:13.592+0000] {subprocess.py:93} INFO - 54/100 TAOUSDT lưu OK
[2025-09-04T05:28:13.593+0000] {subprocess.py:93} INFO - ✅ SPKUSDT: thêm 1 dòng mới
[2025-09-04T05:28:13.594+0000] {subprocess.py:93} INFO - 55/100 SPKUSDT lưu OK
[2025-09-04T05:28:13.594+0000] {subprocess.py:93} INFO - ✅ OPUSDT: thêm 1 dòng mới
[2025-09-04T05:28:13.595+0000] {subprocess.py:93} INFO - 56/100 OPUSDT lưu OK
[2025-09-04T05:28:13.596+0000] {subprocess.py:93} INFO - 57/100 MKRUSDT lỗi: relation "cryptocurrency.mkrusdt" does not exist
[2025-09-04T05:28:13.597+0000] {subprocess.py:93} INFO - LINE 1: SELECT MAX(time) FROM cryptocurrency.mkrusdt;
[2025-09-04T05:28:13.597+0000] {subprocess.py:93} INFO -                               ^
[2025-09-04T05:28:13.598+0000] {subprocess.py:93} INFO - 
[2025-09-04T05:28:13.599+0000] {subprocess.py:93} INFO - 58/100 CUSDT lỗi: relation "cryptocurrency.cusdt" does not exist
[2025-09-04T05:28:13.599+0000] {subprocess.py:93} INFO - LINE 1: SELECT MAX(time) FROM cryptocurrency.cusdt;
[2025-09-04T05:28:13.600+0000] {subprocess.py:93} INFO -                               ^
[2025-09-04T05:28:13.601+0000] {subprocess.py:93} INFO - 
[2025-09-04T05:28:13.602+0000] {subprocess.py:93} INFO - ✅ SHIBUSDT: thêm 1 dòng mới
[2025-09-04T05:28:13.602+0000] {subprocess.py:93} INFO - 59/100 SHIBUSDT lưu OK
[2025-09-04T05:28:13.603+0000] {subprocess.py:93} INFO - ✅ XUSDUSDT: thêm 1 dòng mới
[2025-09-04T05:28:13.604+0000] {subprocess.py:93} INFO - 60/100 LPTUSDT lỗi: relation "cryptocurrency.lptusdt" does not exist
[2025-09-04T05:28:13.605+0000] {subprocess.py:93} INFO - LINE 1: SELECT MAX(time) FROM cryptocurrency.lptusdt;
[2025-09-04T05:28:13.605+0000] {subprocess.py:93} INFO -                               ^
[2025-09-04T05:28:13.606+0000] {subprocess.py:93} INFO - 
[2025-09-04T05:28:13.607+0000] {subprocess.py:93} INFO - 61/100 XUSDUSDT lưu OK
[2025-09-04T05:28:13.608+0000] {subprocess.py:93} INFO - ✅ APTUSDT: thêm 1 dòng mới
[2025-09-04T05:28:13.609+0000] {subprocess.py:93} INFO - 62/100 APTUSDT lưu OK
[2025-09-04T05:28:13.609+0000] {subprocess.py:93} INFO - ✅ MAVUSDT: thêm 1 dòng mới
[2025-09-04T05:28:13.610+0000] {subprocess.py:93} INFO - 63/100 MAVUSDT lưu OK
[2025-09-04T05:28:13.611+0000] {subprocess.py:93} INFO - ✅ SUSDT: thêm 1 dòng mới
[2025-09-04T05:28:13.611+0000] {subprocess.py:93} INFO - 64/100 SUSDT lưu OK
[2025-09-04T05:28:13.612+0000] {subprocess.py:93} INFO - 65/100 PLUMEUSDT lỗi: relation "cryptocurrency.plumeusdt" does not exist
[2025-09-04T05:28:13.613+0000] {subprocess.py:93} INFO - LINE 1: SELECT MAX(time) FROM cryptocurrency.plumeusdt;
[2025-09-04T05:28:13.614+0000] {subprocess.py:93} INFO -                               ^
[2025-09-04T05:28:13.614+0000] {subprocess.py:93} INFO - 
[2025-09-04T05:28:13.615+0000] {subprocess.py:93} INFO - 66/100 HIFIUSDT lỗi: relation "cryptocurrency.hifiusdt" does not exist
[2025-09-04T05:28:13.616+0000] {subprocess.py:93} INFO - LINE 1: SELECT MAX(time) FROM cryptocurrency.hifiusdt;
[2025-09-04T05:28:13.617+0000] {subprocess.py:93} INFO -                               ^
[2025-09-04T05:28:13.617+0000] {subprocess.py:93} INFO - 
[2025-09-04T05:28:13.618+0000] {subprocess.py:93} INFO - 67/100 SHELLUSDT lỗi: relation "cryptocurrency.shellusdt" does not exist
[2025-09-04T05:28:13.619+0000] {subprocess.py:93} INFO - LINE 1: SELECT MAX(time) FROM cryptocurrency.shellusdt;
[2025-09-04T05:28:13.619+0000] {subprocess.py:93} INFO -                               ^
[2025-09-04T05:28:13.620+0000] {subprocess.py:93} INFO - 
[2025-09-04T05:28:13.621+0000] {subprocess.py:93} INFO - 68/100 QTUMUSDT lỗi: relation "cryptocurrency.qtumusdt" does not exist
[2025-09-04T05:28:13.622+0000] {subprocess.py:93} INFO - LINE 1: SELECT MAX(time) FROM cryptocurrency.qtumusdt;
[2025-09-04T05:28:13.622+0000] {subprocess.py:93} INFO -                               ^
[2025-09-04T05:28:13.623+0000] {subprocess.py:93} INFO - 
[2025-09-04T05:28:13.624+0000] {subprocess.py:93} INFO - 69/100 MEMEUSDT lỗi: relation "cryptocurrency.memeusdt" does not exist
[2025-09-04T05:28:13.624+0000] {subprocess.py:93} INFO - LINE 1: SELECT MAX(time) FROM cryptocurrency.memeusdt;
[2025-09-04T05:28:13.625+0000] {subprocess.py:93} INFO -                               ^
[2025-09-04T05:28:13.626+0000] {subprocess.py:93} INFO - 
[2025-09-04T05:28:13.627+0000] {subprocess.py:93} INFO - 70/100 RLCUSDT lỗi: relation "cryptocurrency.rlcusdt" does not exist
[2025-09-04T05:28:13.628+0000] {subprocess.py:93} INFO - LINE 1: SELECT MAX(time) FROM cryptocurrency.rlcusdt;
[2025-09-04T05:28:13.628+0000] {subprocess.py:93} INFO -                               ^
[2025-09-04T05:28:13.629+0000] {subprocess.py:93} INFO - 
[2025-09-04T05:28:13.630+0000] {subprocess.py:93} INFO - ✅ INJUSDT: thêm 1 dòng mới
[2025-09-04T05:28:13.631+0000] {subprocess.py:93} INFO - ✅ CFXUSDT: thêm 1 dòng mới
[2025-09-04T05:28:13.631+0000] {subprocess.py:93} INFO - ✅ TIAUSDT: thêm 1 dòng mới
[2025-09-04T05:28:13.632+0000] {subprocess.py:93} INFO - 71/100 INJUSDT lưu OK
[2025-09-04T05:28:13.633+0000] {subprocess.py:93} INFO - 72/100 HFTUSDT lỗi: relation "cryptocurrency.hftusdt" does not exist
[2025-09-04T05:28:13.633+0000] {subprocess.py:93} INFO - LINE 1: SELECT MAX(time) FROM cryptocurrency.hftusdt;
[2025-09-04T05:28:13.634+0000] {subprocess.py:93} INFO -                               ^
[2025-09-04T05:28:13.635+0000] {subprocess.py:93} INFO - 
[2025-09-04T05:28:13.636+0000] {subprocess.py:93} INFO - 73/100 CFXUSDT lưu OK
[2025-09-04T05:28:13.636+0000] {subprocess.py:93} INFO - ✅ FETUSDT: thêm 1 dòng mới
[2025-09-04T05:28:13.637+0000] {subprocess.py:93} INFO - 74/100 TIAUSDT lưu OK
[2025-09-04T05:28:13.638+0000] {subprocess.py:93} INFO - 75/100 FETUSDT lưu OK
[2025-09-04T05:28:13.639+0000] {subprocess.py:93} INFO - ✅ EIGENUSDT: thêm 1 dòng mới
[2025-09-04T05:28:13.640+0000] {subprocess.py:93} INFO - 76/100 EIGENUSDT lưu OK
[2025-09-04T05:28:13.640+0000] {subprocess.py:93} INFO - 77/100 AIXBTUSDT lỗi: relation "cryptocurrency.aixbtusdt" does not exist
[2025-09-04T05:28:13.641+0000] {subprocess.py:93} INFO - LINE 1: SELECT MAX(time) FROM cryptocurrency.aixbtusdt;
[2025-09-04T05:28:13.642+0000] {subprocess.py:93} INFO -                               ^
[2025-09-04T05:28:13.643+0000] {subprocess.py:93} INFO - 
[2025-09-04T05:28:13.643+0000] {subprocess.py:93} INFO - ✅ SANTOSUSDT: thêm 1 dòng mới
[2025-09-04T05:28:13.644+0000] {subprocess.py:93} INFO - 78/100 SANTOSUSDT lưu OK
[2025-09-04T05:28:13.645+0000] {subprocess.py:93} INFO - ✅ PNUTUSDT: thêm 1 dòng mới
[2025-09-04T05:28:13.645+0000] {subprocess.py:93} INFO - 79/100 PNUTUSDT lưu OK
[2025-09-04T05:28:13.646+0000] {subprocess.py:93} INFO - ✅ ICPUSDT: thêm 1 dòng mới
[2025-09-04T05:28:13.647+0000] {subprocess.py:93} INFO - 80/100 ICPUSDT lưu OK
[2025-09-04T05:28:13.648+0000] {subprocess.py:93} INFO - ✅ NEIROUSDT: thêm 1 dòng mới
[2025-09-04T05:28:13.648+0000] {subprocess.py:93} INFO - 81/100 NEIROUSDT lưu OK
[2025-09-04T05:28:14.506+0000] {subprocess.py:93} INFO - ✅ SKLUSDT: thêm 1 dòng mới
[2025-09-04T05:28:14.508+0000] {subprocess.py:93} INFO - 82/100 SKLUSDT lưu OK
[2025-09-04T05:28:14.509+0000] {subprocess.py:93} INFO - ✅ CAKEUSDT: thêm 1 dòng mới
[2025-09-04T05:28:14.510+0000] {subprocess.py:93} INFO - 83/100 CAKEUSDT lưu OK
[2025-09-04T05:28:14.511+0000] {subprocess.py:93} INFO - 84/100 RESOLVUSDT lỗi: relation "cryptocurrency.resolvusdt" does not exist
[2025-09-04T05:28:14.512+0000] {subprocess.py:93} INFO - LINE 1: SELECT MAX(time) FROM cryptocurrency.resolvusdt;
[2025-09-04T05:28:14.513+0000] {subprocess.py:93} INFO -                               ^
[2025-09-04T05:28:14.514+0000] {subprocess.py:93} INFO - 
[2025-09-04T05:28:14.515+0000] {subprocess.py:93} INFO - ✅ RAYUSDT: thêm 1 dòng mới
[2025-09-04T05:28:14.516+0000] {subprocess.py:93} INFO - ✅ FLOKIUSDT: thêm 1 dòng mới
[2025-09-04T05:28:14.517+0000] {subprocess.py:93} INFO - 85/100 RAYUSDT lưu OK
[2025-09-04T05:28:14.518+0000] {subprocess.py:93} INFO - 86/100 FLOKIUSDT lưu OK
[2025-09-04T05:28:14.520+0000] {subprocess.py:93} INFO - ✅ TOWNSUSDT: thêm 1 dòng mới
[2025-09-04T05:28:14.521+0000] {subprocess.py:93} INFO - 87/100 TOWNSUSDT lưu OK
[2025-09-04T05:28:14.522+0000] {subprocess.py:93} INFO - ✅ A2ZUSDT: thêm 1 dòng mới
[2025-09-04T05:28:14.523+0000] {subprocess.py:93} INFO - 88/100 A2ZUSDT lưu OK
[2025-09-04T05:28:14.524+0000] {subprocess.py:93} INFO - 89/100 IOUSDT lỗi: relation "cryptocurrency.iousdt" does not exist
[2025-09-04T05:28:14.525+0000] {subprocess.py:93} INFO - LINE 1: SELECT MAX(time) FROM cryptocurrency.iousdt;
[2025-09-04T05:28:14.526+0000] {subprocess.py:93} INFO -                               ^
[2025-09-04T05:28:14.528+0000] {subprocess.py:93} INFO - 
[2025-09-04T05:28:14.529+0000] {subprocess.py:93} INFO - 90/100 NMRUSDT lỗi: relation "cryptocurrency.nmrusdt" does not exist
[2025-09-04T05:28:14.530+0000] {subprocess.py:93} INFO - LINE 1: SELECT MAX(time) FROM cryptocurrency.nmrusdt;
[2025-09-04T05:28:14.531+0000] {subprocess.py:93} INFO -                               ^
[2025-09-04T05:28:14.532+0000] {subprocess.py:93} INFO - 
[2025-09-04T05:28:14.533+0000] {subprocess.py:93} INFO - ✅ ETCUSDT: thêm 1 dòng mới
[2025-09-04T05:28:14.534+0000] {subprocess.py:93} INFO - 91/100 ETCUSDT lưu OK
[2025-09-04T05:28:14.535+0000] {subprocess.py:93} INFO - 92/100 NEWTUSDT lỗi: relation "cryptocurrency.newtusdt" does not exist
[2025-09-04T05:28:14.538+0000] {subprocess.py:93} INFO - LINE 1: SELECT MAX(time) FROM cryptocurrency.newtusdt;
[2025-09-04T05:28:14.539+0000] {subprocess.py:93} INFO -                               ^
[2025-09-04T05:28:14.540+0000] {subprocess.py:93} INFO - 
[2025-09-04T05:28:14.541+0000] {subprocess.py:93} INFO - ✅ GALAUSDT: thêm 1 dòng mới
[2025-09-04T05:28:14.542+0000] {subprocess.py:93} INFO - 93/100 GALAUSDT lưu OK
[2025-09-04T05:28:14.543+0000] {subprocess.py:93} INFO - ✅ OMUSDT: thêm 1 dòng mới
[2025-09-04T05:28:14.544+0000] {subprocess.py:93} INFO - 94/100 OMUSDT lưu OK
[2025-09-04T05:28:14.545+0000] {subprocess.py:93} INFO - 95/100 MITOUSDT lỗi: relation "cryptocurrency.mitousdt" does not exist
[2025-09-04T05:28:14.546+0000] {subprocess.py:93} INFO - LINE 1: SELECT MAX(time) FROM cryptocurrency.mitousdt;
[2025-09-04T05:28:14.547+0000] {subprocess.py:93} INFO -                               ^
[2025-09-04T05:28:14.549+0000] {subprocess.py:93} INFO - 
[2025-09-04T05:28:14.550+0000] {subprocess.py:93} INFO - 96/100 REDUSDT lỗi: relation "cryptocurrency.redusdt" does not exist
[2025-09-04T05:28:14.551+0000] {subprocess.py:93} INFO - LINE 1: SELECT MAX(time) FROM cryptocurrency.redusdt;
[2025-09-04T05:28:14.552+0000] {subprocess.py:93} INFO -                               ^
[2025-09-04T05:28:14.553+0000] {subprocess.py:93} INFO - 
[2025-09-04T05:28:14.554+0000] {subprocess.py:93} INFO - 97/100 JUPUSDT lỗi: relation "cryptocurrency.jupusdt" does not exist
[2025-09-04T05:28:14.555+0000] {subprocess.py:93} INFO - LINE 1: SELECT MAX(time) FROM cryptocurrency.jupusdt;
[2025-09-04T05:28:14.556+0000] {subprocess.py:93} INFO -                               ^
[2025-09-04T05:28:14.557+0000] {subprocess.py:93} INFO - 
[2025-09-04T05:28:14.558+0000] {subprocess.py:93} INFO - 98/100 WUSDT lỗi: relation "cryptocurrency.wusdt" does not exist
[2025-09-04T05:28:14.560+0000] {subprocess.py:93} INFO - LINE 1: SELECT MAX(time) FROM cryptocurrency.wusdt;
[2025-09-04T05:28:14.561+0000] {subprocess.py:93} INFO -                               ^
[2025-09-04T05:28:14.562+0000] {subprocess.py:93} INFO - 
[2025-09-04T05:28:14.563+0000] {subprocess.py:93} INFO - ✅ RENDERUSDT: thêm 1 dòng mới
[2025-09-04T05:28:14.564+0000] {subprocess.py:93} INFO - 99/100 RENDERUSDT lưu OK
[2025-09-04T05:28:14.565+0000] {subprocess.py:93} INFO - 100/100 ATOMUSDT lỗi: relation "cryptocurrency.atomusdt" does not exist
[2025-09-04T05:28:14.566+0000] {subprocess.py:93} INFO - LINE 1: SELECT MAX(time) FROM cryptocurrency.atomusdt;
[2025-09-04T05:28:14.567+0000] {subprocess.py:93} INFO -                               ^
[2025-09-04T05:28:14.568+0000] {subprocess.py:93} INFO - 
[2025-09-04T05:28:14.978+0000] {subprocess.py:97} INFO - Command exited with return code 0
[2025-09-04T05:28:14.981+0000] {taskinstance.py:441} INFO - ::group::Post task execution logs
[2025-09-04T05:28:15.031+0000] {taskinstance.py:1206} INFO - Marking task as SUCCESS. dag_id=crypto_collector_dag, task_id=run_crypto_collector, run_id=scheduled__2025-09-04T05:27:00+00:00, execution_date=20250904T052700, start_date=20250904T052802, end_date=20250904T052815
[2025-09-04T05:28:15.107+0000] {local_task_job_runner.py:240} INFO - Task exited with return code 0
[2025-09-04T05:28:15.166+0000] {taskinstance.py:3498} INFO - 0 downstream tasks scheduled from follow-on schedule check
[2025-09-04T05:28:15.169+0000] {local_task_job_runner.py:222} INFO - ::endgroup::
