[2025-09-08T06:12:02.109+0000] {local_task_job_runner.py:120} INFO - ::group::Pre task execution logs
[2025-09-08T06:12:02.137+0000] {taskinstance.py:2076} INFO - Dependencies all met for dep_context=non-requeueable deps ti=<TaskInstance: foreign_1_live.save_foreign_1 scheduled__2025-09-08T06:11:00+00:00 [queued]>
[2025-09-08T06:12:02.146+0000] {taskinstance.py:2076} INFO - Dependencies all met for dep_context=requeueable deps ti=<TaskInstance: foreign_1_live.save_foreign_1 scheduled__2025-09-08T06:11:00+00:00 [queued]>
[2025-09-08T06:12:02.147+0000] {taskinstance.py:2306} INFO - Starting attempt 1 of 11
[2025-09-08T06:12:02.160+0000] {taskinstance.py:2330} INFO - Executing <Task(PythonOperator): save_foreign_1> on 2025-09-08 06:11:00+00:00
[2025-09-08T06:12:02.168+0000] {standard_task_runner.py:63} INFO - Started process 327897 to run task
[2025-09-08T06:12:02.172+0000] {standard_task_runner.py:90} INFO - Running: ['***', 'tasks', 'run', 'foreign_1_live', 'save_foreign_1', 'scheduled__2025-09-08T06:11:00+00:00', '--job-id', '159471', '--raw', '--subdir', 'DAGS_FOLDER/dag_foreign_1_live.py', '--cfg-path', '/tmp/tmpyys7593c']
[2025-09-08T06:12:02.175+0000] {standard_task_runner.py:91} INFO - Job 159471: Subtask save_foreign_1
[2025-09-08T06:12:02.228+0000] {task_command.py:426} INFO - Running <TaskInstance: foreign_1_live.save_foreign_1 scheduled__2025-09-08T06:11:00+00:00 [running]> on host 8d9cea3aac78
[2025-09-08T06:12:02.333+0000] {taskinstance.py:2648} INFO - Exporting env vars: AIRFLOW_CTX_DAG_OWNER='***' AIRFLOW_CTX_DAG_ID='foreign_1_live' AIRFLOW_CTX_TASK_ID='save_foreign_1' AIRFLOW_CTX_EXECUTION_DATE='2025-09-08T06:11:00+00:00' AIRFLOW_CTX_TRY_NUMBER='1' AIRFLOW_CTX_DAG_RUN_ID='scheduled__2025-09-08T06:11:00+00:00'
[2025-09-08T06:12:02.335+0000] {taskinstance.py:430} INFO - ::endgroup::
[2025-09-08T06:12:02.350+0000] {foreign_1.py:18} INFO - Kết nối DB
[2025-09-08T06:12:02.936+0000] {foreign_1.py:28} INFO - Đã lưu foreign_ALL
[2025-09-08T06:12:02.937+0000] {foreign_1.py:18} INFO - Kết nối DB
[2025-09-08T06:12:03.639+0000] {foreign_1.py:28} INFO - Đã lưu foreign_HOSE
[2025-09-08T06:12:03.641+0000] {foreign_1.py:18} INFO - Kết nối DB
[2025-09-08T06:12:04.269+0000] {foreign_1.py:28} INFO - Đã lưu foreign_HNX
[2025-09-08T06:12:04.271+0000] {foreign_1.py:18} INFO - Kết nối DB
[2025-09-08T06:12:05.029+0000] {foreign_1.py:28} INFO - Đã lưu foreign_UPCOM
[2025-09-08T06:12:05.030+0000] {python.py:237} INFO - Done. Returned value was: None
[2025-09-08T06:12:05.030+0000] {taskinstance.py:441} INFO - ::group::Post task execution logs
[2025-09-08T06:12:05.044+0000] {taskinstance.py:1206} INFO - Marking task as SUCCESS. dag_id=foreign_1_live, task_id=save_foreign_1, run_id=scheduled__2025-09-08T06:11:00+00:00, execution_date=20250908T061100, start_date=20250908T061202, end_date=20250908T061205
[2025-09-08T06:12:05.115+0000] {local_task_job_runner.py:240} INFO - Task exited with return code 0
[2025-09-08T06:12:05.148+0000] {local_task_job_runner.py:222} INFO - ::endgroup::
