[2025-09-02T23:06:01.738+0000] {local_task_job_runner.py:120} INFO - ::group::Pre task execution logs
[2025-09-02T23:06:01.784+0000] {taskinstance.py:2076} INFO - Dependencies all met for dep_context=non-requeueable deps ti=<TaskInstance: market_table_foreign.activity_UPCOM scheduled__2025-09-02T23:05:00+00:00 [queued]>
[2025-09-02T23:06:01.799+0000] {taskinstance.py:2076} INFO - Dependencies all met for dep_context=requeueable deps ti=<TaskInstance: market_table_foreign.activity_UPCOM scheduled__2025-09-02T23:05:00+00:00 [queued]>
[2025-09-02T23:06:01.799+0000] {taskinstance.py:2306} INFO - Starting attempt 1 of 11
[2025-09-02T23:06:01.822+0000] {taskinstance.py:2330} INFO - Executing <Task(PythonOperator): activity_UPCOM> on 2025-09-02 23:05:00+00:00
[2025-09-02T23:06:01.841+0000] {standard_task_runner.py:63} INFO - Started process 2615083 to run task
[2025-09-02T23:06:01.848+0000] {standard_task_runner.py:90} INFO - Running: ['***', 'tasks', 'run', 'market_table_foreign', 'activity_UPCOM', 'scheduled__2025-09-02T23:05:00+00:00', '--job-id', '63675', '--raw', '--subdir', 'DAGS_FOLDER/dag_market_live.py', '--cfg-path', '/tmp/tmp8c_leguo']
[2025-09-02T23:06:01.850+0000] {standard_task_runner.py:91} INFO - Job 63675: Subtask activity_UPCOM
[2025-09-02T23:06:01.899+0000] {task_command.py:426} INFO - Running <TaskInstance: market_table_foreign.activity_UPCOM scheduled__2025-09-02T23:05:00+00:00 [running]> on host 1877907bc043
[2025-09-02T23:06:01.988+0000] {taskinstance.py:2648} INFO - Exporting env vars: AIRFLOW_CTX_DAG_OWNER='***' AIRFLOW_CTX_DAG_ID='market_table_foreign' AIRFLOW_CTX_TASK_ID='activity_UPCOM' AIRFLOW_CTX_EXECUTION_DATE='2025-09-02T23:05:00+00:00' AIRFLOW_CTX_TRY_NUMBER='1' AIRFLOW_CTX_DAG_RUN_ID='scheduled__2025-09-02T23:05:00+00:00'
[2025-09-02T23:06:01.989+0000] {taskinstance.py:430} INFO - ::endgroup::
[2025-09-02T23:06:02.004+0000] {activity_UPCOM.py:17} INFO - Kết nối DB
[2025-09-02T23:06:02.265+0000] {activity_UPCOM.py:55} ERROR - Lỗi lưu activity_UPCOM
Traceback (most recent call last):
  File "/opt/airflow/dags/utils/market_data/activity_UPCOM.py", line 35, in activity_UPCOM
    point=float(dfindex.loc[dfindex['symbol']=='UpcomIndex','point'].values[0])
IndexError: index 0 is out of bounds for axis 0 with size 0
[2025-09-02T23:06:02.266+0000] {python.py:237} INFO - Done. Returned value was: None
[2025-09-02T23:06:02.268+0000] {taskinstance.py:441} INFO - ::group::Post task execution logs
[2025-09-02T23:06:02.282+0000] {taskinstance.py:1206} INFO - Marking task as SUCCESS. dag_id=market_table_foreign, task_id=activity_UPCOM, run_id=scheduled__2025-09-02T23:05:00+00:00, execution_date=20250902T230500, start_date=20250902T230601, end_date=20250902T230602
[2025-09-02T23:06:02.340+0000] {local_task_job_runner.py:240} INFO - Task exited with return code 0
[2025-09-02T23:06:02.356+0000] {local_task_job_runner.py:222} INFO - ::endgroup::
