[2025-09-05T07:56:02.387+0000] {local_task_job_runner.py:120} INFO - ::group::Pre task execution logs
[2025-09-05T07:56:02.417+0000] {taskinstance.py:2076} INFO - Dependencies all met for dep_context=non-requeueable deps ti=<TaskInstance: foreign_1_live.save_foreign_1 scheduled__2025-09-05T07:55:00+00:00 [queued]>
[2025-09-05T07:56:02.428+0000] {taskinstance.py:2076} INFO - Dependencies all met for dep_context=requeueable deps ti=<TaskInstance: foreign_1_live.save_foreign_1 scheduled__2025-09-05T07:55:00+00:00 [queued]>
[2025-09-05T07:56:02.429+0000] {taskinstance.py:2306} INFO - Starting attempt 1 of 11
[2025-09-05T07:56:02.445+0000] {taskinstance.py:2330} INFO - Executing <Task(PythonOperator): save_foreign_1> on 2025-09-05 07:55:00+00:00
[2025-09-05T07:56:02.454+0000] {standard_task_runner.py:63} INFO - Started process 3155054 to run task
[2025-09-05T07:56:02.458+0000] {standard_task_runner.py:90} INFO - Running: ['***', 'tasks', 'run', 'foreign_1_live', 'save_foreign_1', 'scheduled__2025-09-05T07:55:00+00:00', '--job-id', '111973', '--raw', '--subdir', 'DAGS_FOLDER/dag_foreign_1_live.py', '--cfg-path', '/tmp/tmp5wpjnm1v']
[2025-09-05T07:56:02.462+0000] {standard_task_runner.py:91} INFO - Job 111973: Subtask save_foreign_1
[2025-09-05T07:56:02.518+0000] {task_command.py:426} INFO - Running <TaskInstance: foreign_1_live.save_foreign_1 scheduled__2025-09-05T07:55:00+00:00 [running]> on host 1877907bc043
[2025-09-05T07:56:02.617+0000] {taskinstance.py:2648} INFO - Exporting env vars: AIRFLOW_CTX_DAG_OWNER='***' AIRFLOW_CTX_DAG_ID='foreign_1_live' AIRFLOW_CTX_TASK_ID='save_foreign_1' AIRFLOW_CTX_EXECUTION_DATE='2025-09-05T07:55:00+00:00' AIRFLOW_CTX_TRY_NUMBER='1' AIRFLOW_CTX_DAG_RUN_ID='scheduled__2025-09-05T07:55:00+00:00'
[2025-09-05T07:56:02.618+0000] {taskinstance.py:430} INFO - ::endgroup::
[2025-09-05T07:56:02.632+0000] {foreign_1.py:18} INFO - Kết nối DB
[2025-09-05T07:56:03.198+0000] {foreign_1.py:28} INFO - Đã lưu foreign_ALL
[2025-09-05T07:56:03.199+0000] {foreign_1.py:18} INFO - Kết nối DB
[2025-09-05T07:56:03.714+0000] {foreign_1.py:28} INFO - Đã lưu foreign_HOSE
[2025-09-05T07:56:03.716+0000] {foreign_1.py:18} INFO - Kết nối DB
[2025-09-05T07:56:04.457+0000] {foreign_1.py:28} INFO - Đã lưu foreign_HNX
[2025-09-05T07:56:04.458+0000] {foreign_1.py:18} INFO - Kết nối DB
[2025-09-05T07:56:04.919+0000] {foreign_1.py:28} INFO - Đã lưu foreign_UPCOM
[2025-09-05T07:56:04.919+0000] {python.py:237} INFO - Done. Returned value was: None
[2025-09-05T07:56:04.920+0000] {taskinstance.py:441} INFO - ::group::Post task execution logs
[2025-09-05T07:56:04.936+0000] {taskinstance.py:1206} INFO - Marking task as SUCCESS. dag_id=foreign_1_live, task_id=save_foreign_1, run_id=scheduled__2025-09-05T07:55:00+00:00, execution_date=20250905T075500, start_date=20250905T075602, end_date=20250905T075604
[2025-09-05T07:56:04.998+0000] {local_task_job_runner.py:240} INFO - Task exited with return code 0
[2025-09-05T07:56:05.038+0000] {taskinstance.py:3498} INFO - 4 downstream tasks scheduled from follow-on schedule check
[2025-09-05T07:56:05.039+0000] {local_task_job_runner.py:222} INFO - ::endgroup::
