[2025-08-18T02:42:02.700+0000] {local_task_job_runner.py:120} INFO - ::group::Pre task execution logs
[2025-08-18T02:42:02.725+0000] {taskinstance.py:2076} INFO - Dependencies all met for dep_context=non-requeueable deps ti=<TaskInstance: update_stock_history.get.py scheduled__2025-08-18T02:36:00+00:00 [queued]>
[2025-08-18T02:42:02.734+0000] {taskinstance.py:2076} INFO - Dependencies all met for dep_context=requeueable deps ti=<TaskInstance: update_stock_history.get.py scheduled__2025-08-18T02:36:00+00:00 [queued]>
[2025-08-18T02:42:02.734+0000] {taskinstance.py:2306} INFO - Starting attempt 2 of 2
[2025-08-18T02:42:02.746+0000] {taskinstance.py:2330} INFO - Executing <Task(BashOperator): get.py> on 2025-08-18 02:36:00+00:00
[2025-08-18T02:42:02.753+0000] {standard_task_runner.py:63} INFO - Started process 95536 to run task
[2025-08-18T02:42:02.757+0000] {standard_task_runner.py:90} INFO - Running: ['***', 'tasks', 'run', 'update_stock_history', 'get.py', 'scheduled__2025-08-18T02:36:00+00:00', '--job-id', '7994', '--raw', '--subdir', 'DAGS_FOLDER/crawlchart/dags.py', '--cfg-path', '/tmp/tmpovp69inr']
[2025-08-18T02:42:02.758+0000] {standard_task_runner.py:91} INFO - Job 7994: Subtask get.py
[2025-08-18T02:42:02.814+0000] {task_command.py:426} INFO - Running <TaskInstance: update_stock_history.get.py scheduled__2025-08-18T02:36:00+00:00 [running]> on host 1877907bc043
[2025-08-18T02:42:02.940+0000] {taskinstance.py:2648} INFO - Exporting env vars: AIRFLOW_CTX_DAG_OWNER='***' AIRFLOW_CTX_DAG_ID='update_stock_history' AIRFLOW_CTX_TASK_ID='get.py' AIRFLOW_CTX_EXECUTION_DATE='2025-08-18T02:36:00+00:00' AIRFLOW_CTX_TRY_NUMBER='2' AIRFLOW_CTX_DAG_RUN_ID='scheduled__2025-08-18T02:36:00+00:00'
[2025-08-18T02:42:02.941+0000] {taskinstance.py:430} INFO - ::endgroup::
[2025-08-18T02:42:02.957+0000] {subprocess.py:63} INFO - Tmp dir root location: /tmp
[2025-08-18T02:42:02.958+0000] {subprocess.py:75} INFO - Running command: ['/usr/bin/bash', '-c', "python3 '/www/server/***/dags/crawlchart/get.py'"]
[2025-08-18T02:42:02.971+0000] {subprocess.py:86} INFO - Output:
[2025-08-18T02:42:03.070+0000] {subprocess.py:93} INFO - python3: can't open file '/www/server/***/dags/crawlchart/get.py': [Errno 2] No such file or directory
[2025-08-18T02:42:03.074+0000] {subprocess.py:97} INFO - Command exited with return code 2
[2025-08-18T02:42:03.075+0000] {taskinstance.py:441} INFO - ::group::Post task execution logs
[2025-08-18T02:42:03.092+0000] {taskinstance.py:2905} ERROR - Task failed with exception
Traceback (most recent call last):
  File "/home/airflow/.local/lib/python3.10/site-packages/airflow/models/taskinstance.py", line 465, in _execute_task
    result = _execute_callable(context=context, **execute_callable_kwargs)
  File "/home/airflow/.local/lib/python3.10/site-packages/airflow/models/taskinstance.py", line 432, in _execute_callable
    return execute_callable(context=context, **execute_callable_kwargs)
  File "/home/airflow/.local/lib/python3.10/site-packages/airflow/models/baseoperator.py", line 400, in wrapper
    return func(self, *args, **kwargs)
  File "/home/airflow/.local/lib/python3.10/site-packages/airflow/operators/bash.py", line 243, in execute
    raise AirflowException(
airflow.exceptions.AirflowException: Bash command failed. The command returned a non-zero exit code 2.
[2025-08-18T02:42:03.098+0000] {taskinstance.py:1206} INFO - Marking task as FAILED. dag_id=update_stock_history, task_id=get.py, run_id=scheduled__2025-08-18T02:36:00+00:00, execution_date=20250818T023600, start_date=20250818T024202, end_date=20250818T024203
[2025-08-18T02:42:03.118+0000] {standard_task_runner.py:110} ERROR - Failed to execute job 7994 for task get.py (Bash command failed. The command returned a non-zero exit code 2.; 95536)
[2025-08-18T02:42:03.169+0000] {local_task_job_runner.py:240} INFO - Task exited with return code 1
[2025-08-18T02:42:03.197+0000] {taskinstance.py:3498} INFO - 0 downstream tasks scheduled from follow-on schedule check
[2025-08-18T02:42:03.198+0000] {local_task_job_runner.py:222} INFO - ::endgroup::
