[2025-07-28T06:42:42.457+0000] {local_task_job_runner.py:120} INFO - ::group::Pre task execution logs
[2025-07-28T06:42:42.479+0000] {taskinstance.py:2076} INFO - Dependencies all met for dep_context=non-requeueable deps ti=<TaskInstance: streaming_stock_schedule.streaming_stock scheduled__2025-07-28T06:15:00+00:00 [queued]>
[2025-07-28T06:42:42.486+0000] {taskinstance.py:2076} INFO - Dependencies all met for dep_context=requeueable deps ti=<TaskInstance: streaming_stock_schedule.streaming_stock scheduled__2025-07-28T06:15:00+00:00 [queued]>
[2025-07-28T06:42:42.486+0000] {taskinstance.py:2306} INFO - Starting attempt 1 of 2
[2025-07-28T06:42:42.496+0000] {taskinstance.py:2330} INFO - Executing <Task(PythonOperator): streaming_stock> on 2025-07-28 06:15:00+00:00
[2025-07-28T06:42:42.503+0000] {standard_task_runner.py:63} INFO - Started process 2076 to run task
[2025-07-28T06:42:42.506+0000] {standard_task_runner.py:90} INFO - Running: ['***', 'tasks', 'run', 'streaming_stock_schedule', 'streaming_stock', 'scheduled__2025-07-28T06:15:00+00:00', '--job-id', '56', '--raw', '--subdir', 'DAGS_FOLDER/dags_streaming_stock.py', '--cfg-path', '/tmp/tmp7216jbe3']
[2025-07-28T06:42:42.508+0000] {standard_task_runner.py:91} INFO - Job 56: Subtask streaming_stock
[2025-07-28T06:42:42.559+0000] {task_command.py:426} INFO - Running <TaskInstance: streaming_stock_schedule.streaming_stock scheduled__2025-07-28T06:15:00+00:00 [running]> on host 85cf6d18c15a
[2025-07-28T06:42:42.639+0000] {taskinstance.py:2648} INFO - Exporting env vars: AIRFLOW_CTX_DAG_OWNER='videv' AIRFLOW_CTX_DAG_ID='streaming_stock_schedule' AIRFLOW_CTX_TASK_ID='streaming_stock' AIRFLOW_CTX_EXECUTION_DATE='2025-07-28T06:15:00+00:00' AIRFLOW_CTX_TRY_NUMBER='1' AIRFLOW_CTX_DAG_RUN_ID='scheduled__2025-07-28T06:15:00+00:00'
[2025-07-28T06:42:42.639+0000] {taskinstance.py:430} INFO - ::endgroup::
[2025-07-28T06:42:42.735+0000] {taskinstance.py:441} INFO - ::group::Post task execution logs
[2025-07-28T06:42:42.736+0000] {taskinstance.py:2905} ERROR - Task failed with exception
Traceback (most recent call last):
  File "/home/airflow/.local/lib/python3.10/site-packages/airflow/models/taskinstance.py", line 465, in _execute_task
    result = _execute_callable(context=context, **execute_callable_kwargs)
  File "/home/airflow/.local/lib/python3.10/site-packages/airflow/models/taskinstance.py", line 432, in _execute_callable
    return execute_callable(context=context, **execute_callable_kwargs)
  File "/home/airflow/.local/lib/python3.10/site-packages/airflow/models/baseoperator.py", line 400, in wrapper
    return func(self, *args, **kwargs)
  File "/home/airflow/.local/lib/python3.10/site-packages/airflow/operators/python.py", line 235, in execute
    return_value = self.execute_callable()
  File "/home/airflow/.local/lib/python3.10/site-packages/airflow/operators/python.py", line 252, in execute_callable
    return self.python_callable(*self.op_args, **self.op_kwargs)
  File "/opt/airflow/dags/dags_streaming_stock.py", line 26, in run_stream
    subprocess.run(['python3', '/opt/airflow/dags/streaming_stock.py'], check=True)
  File "/usr/local/lib/python3.10/subprocess.py", line 526, in run
    raise CalledProcessError(retcode, process.args,
subprocess.CalledProcessError: Command '['python3', '/opt/airflow/dags/streaming_stock.py']' returned non-zero exit status 1.
[2025-07-28T06:42:42.749+0000] {taskinstance.py:1206} INFO - Marking task as UP_FOR_RETRY. dag_id=streaming_stock_schedule, task_id=streaming_stock, run_id=scheduled__2025-07-28T06:15:00+00:00, execution_date=20250728T061500, start_date=20250728T064242, end_date=20250728T064242
[2025-07-28T06:42:42.763+0000] {standard_task_runner.py:110} ERROR - Failed to execute job 56 for task streaming_stock (Command '['python3', '/opt/airflow/dags/streaming_stock.py']' returned non-zero exit status 1.; 2076)
[2025-07-28T06:42:42.798+0000] {local_task_job_runner.py:240} INFO - Task exited with return code 1
[2025-07-28T06:42:42.833+0000] {taskinstance.py:3498} INFO - 0 downstream tasks scheduled from follow-on schedule check
[2025-07-28T06:42:42.835+0000] {local_task_job_runner.py:222} INFO - ::endgroup::
