[2025-08-19T00:24:36.073+0000] {local_task_job_runner.py:120} INFO - ::group::Pre task execution logs
[2025-08-19T00:24:36.096+0000] {taskinstance.py:2076} INFO - Dependencies all met for dep_context=non-requeueable deps ti=<TaskInstance: crypto_collector_dag.run_crypto_collector scheduled__2025-08-19T00:22:00+00:00 [queued]>
[2025-08-19T00:24:36.103+0000] {taskinstance.py:2076} INFO - Dependencies all met for dep_context=requeueable deps ti=<TaskInstance: crypto_collector_dag.run_crypto_collector scheduled__2025-08-19T00:22:00+00:00 [queued]>
[2025-08-19T00:24:36.103+0000] {taskinstance.py:2306} INFO - Starting attempt 2 of 2
[2025-08-19T00:24:36.113+0000] {taskinstance.py:2330} INFO - Executing <Task(BashOperator): run_crypto_collector> on 2025-08-19 00:22:00+00:00
[2025-08-19T00:24:36.120+0000] {standard_task_runner.py:63} INFO - Started process 220214 to run task
[2025-08-19T00:24:36.124+0000] {standard_task_runner.py:90} INFO - Running: ['***', 'tasks', 'run', 'crypto_collector_dag', 'run_crypto_collector', 'scheduled__2025-08-19T00:22:00+00:00', '--job-id', '10008', '--raw', '--subdir', 'DAGS_FOLDER/crawl_crypto/dags_crypto.py', '--cfg-path', '/tmp/tmpr2d0d17x']
[2025-08-19T00:24:36.126+0000] {standard_task_runner.py:91} INFO - Job 10008: Subtask run_crypto_collector
[2025-08-19T00:24:36.211+0000] {task_command.py:426} INFO - Running <TaskInstance: crypto_collector_dag.run_crypto_collector scheduled__2025-08-19T00:22:00+00:00 [running]> on host 1877907bc043
[2025-08-19T00:24:36.346+0000] {taskinstance.py:2648} INFO - Exporting env vars: AIRFLOW_CTX_DAG_OWNER='***' AIRFLOW_CTX_DAG_ID='crypto_collector_dag' AIRFLOW_CTX_TASK_ID='run_crypto_collector' AIRFLOW_CTX_EXECUTION_DATE='2025-08-19T00:22:00+00:00' AIRFLOW_CTX_TRY_NUMBER='2' AIRFLOW_CTX_DAG_RUN_ID='scheduled__2025-08-19T00:22:00+00:00'
[2025-08-19T00:24:36.346+0000] {taskinstance.py:430} INFO - ::endgroup::
[2025-08-19T00:24:36.364+0000] {subprocess.py:63} INFO - Tmp dir root location: /tmp
[2025-08-19T00:24:36.365+0000] {subprocess.py:75} INFO - Running command: ['/usr/bin/bash', '-c', 'python3 /opt/***/dags/crawl_crypto/crawl_data_crypto.py']
[2025-08-19T00:24:36.378+0000] {subprocess.py:86} INFO - Output:
[2025-08-19T00:25:48.383+0000] {subprocess.py:93} INFO - 🔹 Kết nối DB...
[2025-08-19T00:25:48.384+0000] {subprocess.py:93} INFO - 🔹 Lấy top 100 crypto...
[2025-08-19T00:25:48.384+0000] {subprocess.py:93} INFO - Top 100: ['ETHUSDT', 'USDCUSDT', 'BTCUSDT', 'SOLUSDT', 'FDUSDUSDT', 'XRPUSDT', 'DOGEUSDT', 'LINKUSDT', 'ADAUSDT', 'SUIUSDT', 'BNBUSDT', 'PROVEUSDT', 'TRXUSDT', 'ENAUSDT', 'TOWNSUSDT', 'ARBUSDT', 'PEPEUSDT', 'UNIUSDT', 'AVAXUSDT', 'BIOUSDT', 'PENGUUSDT', 'SEIUSDT', 'LTCUSDT', 'HBARUSDT', 'POLUSDT', 'PLUMEUSDT', 'AEURUSDT', 'CRVUSDT', 'TRUMPUSDT', 'AAVEUSDT', 'BFUSDUSDT', 'WLDUSDT', 'NEARUSDT', 'DOTUSDT', 'BONKUSDT', 'INJUSDT', 'XLMUSDT', 'WIFUSDT', 'SUSDT', 'API3USDT', 'LDOUSDT', 'VIRTUALUSDT', 'TAOUSDT', 'MEMEUSDT', 'APTUSDT', 'SKLUSDT', 'TONUSDT', 'OPUSDT', 'ONDOUSDT', 'FLOKIUSDT', 'PENDLEUSDT', 'ETHFIUSDT', 'FETUSDT', 'EURUSDT', 'PONDUSDT', 'BCHUSDT', 'TIAUSDT', 'RAYUSDT', 'EPICUSDT', 'SHIBUSDT', 'NEIROUSDT', 'PNUTUSDT', 'ETCUSDT', 'ALGOUSDT', 'MAGICUSDT', 'ALPINEUSDT', 'EIGENUSDT', 'FILUSDT', 'XUSDUSDT', 'RENDERUSDT', 'GALAUSDT', 'JUVUSDT', 'CTSIUSDT', 'CAKEUSDT', 'ASRUSDT', 'CYBERUSDT', 'OGUSDT', 'SPKUSDT', 'TSTUSDT', 'VETUSDT', 'RUNEUSDT', 'ICPUSDT', 'PAXGUSDT', 'MDTUSDT', 'CFXUSDT', 'BERAUSDT', 'WBTCUSDT', 'MKRUSDT', 'ORDIUSDT', 'MAVUSDT', 'ATOMUSDT', 'SYRUPUSDT', 'ENSUSDT', 'AIXBTUSDT', 'RESOLVUSDT', 'ARKMUSDT', 'LAYERUSDT', 'OMUSDT', 'WCTUSDT', 'PORTOUSDT']
[2025-08-19T00:25:48.385+0000] {subprocess.py:93} INFO - 🔹 Lưu lịch sử giá vào DB bằng threading...
[2025-08-19T00:25:48.385+0000] {subprocess.py:93} INFO - ✅ ETHUSDT: thêm 7 dòng mới
[2025-08-19T00:25:48.385+0000] {subprocess.py:93} INFO - 1/100 ETHUSDT lưu OK
[2025-08-19T00:25:48.385+0000] {subprocess.py:93} INFO - ✅ XRPUSDT: thêm 7 dòng mới
[2025-08-19T00:25:48.386+0000] {subprocess.py:93} INFO - 2/100 XRPUSDT lưu OK
[2025-08-19T00:25:48.386+0000] {subprocess.py:93} INFO - ✅ ADAUSDT: thêm 7 dòng mới
[2025-08-19T00:25:48.386+0000] {subprocess.py:93} INFO - 3/100 ADAUSDT lưu OK
[2025-08-19T00:25:48.387+0000] {subprocess.py:93} INFO - ✅ USDCUSDT: thêm 7 dòng mới
[2025-08-19T00:25:48.387+0000] {subprocess.py:93} INFO - 4/100 USDCUSDT lưu OK
[2025-08-19T00:25:48.387+0000] {subprocess.py:93} INFO - ✅ LINKUSDT: thêm 7 dòng mới
[2025-08-19T00:25:48.387+0000] {subprocess.py:93} INFO - 5/100 LINKUSDT lưu OK
[2025-08-19T00:25:48.388+0000] {subprocess.py:93} INFO - ✅ SOLUSDT: thêm 7 dòng mới
[2025-08-19T00:25:48.388+0000] {subprocess.py:93} INFO - 6/100 SOLUSDT lưu OK
[2025-08-19T00:25:48.388+0000] {subprocess.py:93} INFO - ✅ DOGEUSDT: thêm 7 dòng mới
[2025-08-19T00:25:48.389+0000] {subprocess.py:93} INFO - 7/100 DOGEUSDT lưu OK
[2025-08-19T00:25:48.389+0000] {subprocess.py:93} INFO - ✅ BTCUSDT: thêm 7 dòng mới
[2025-08-19T00:25:48.389+0000] {subprocess.py:93} INFO - ✅ FDUSDUSDT: thêm 7 dòng mới
[2025-08-19T00:25:48.389+0000] {subprocess.py:93} INFO - 8/100 BTCUSDT lưu OK
[2025-08-19T00:25:48.390+0000] {subprocess.py:93} INFO - 9/100 FDUSDUSDT lưu OK
[2025-08-19T00:25:48.390+0000] {subprocess.py:93} INFO - ✅ SUIUSDT: thêm 7 dòng mới
[2025-08-19T00:25:48.390+0000] {subprocess.py:93} INFO - 10/100 SUIUSDT lưu OK
[2025-08-19T00:25:48.390+0000] {subprocess.py:93} INFO - ✅ BNBUSDT: thêm 10 dòng mới
[2025-08-19T00:25:48.391+0000] {subprocess.py:93} INFO - 11/100 BNBUSDT lưu OK
[2025-08-19T00:25:48.391+0000] {subprocess.py:93} INFO - ✅ PROVEUSDT: thêm 9 dòng mới
[2025-08-19T00:25:48.391+0000] {subprocess.py:93} INFO - 12/100 PROVEUSDT lưu OK
[2025-08-19T00:25:48.392+0000] {subprocess.py:93} INFO - ✅ TRXUSDT: thêm 9 dòng mới
[2025-08-19T00:25:48.392+0000] {subprocess.py:93} INFO - 13/100 TRXUSDT lưu OK
[2025-08-19T00:25:48.392+0000] {subprocess.py:93} INFO - ✅ ENAUSDT: thêm 2 dòng mới
[2025-08-19T00:25:48.392+0000] {subprocess.py:93} INFO - 14/100 ENAUSDT lưu OK
[2025-08-19T00:25:48.393+0000] {subprocess.py:93} INFO - ✅ TOWNSUSDT: thêm 2 dòng mới
[2025-08-19T00:25:48.393+0000] {subprocess.py:93} INFO - 15/100 TOWNSUSDT lưu OK
[2025-08-19T00:25:48.393+0000] {subprocess.py:93} INFO - ✅ AVAXUSDT: thêm 2 dòng mới
[2025-08-19T00:25:48.393+0000] {subprocess.py:93} INFO - 16/100 AVAXUSDT lưu OK
[2025-08-19T00:25:48.394+0000] {subprocess.py:93} INFO - ✅ PEPEUSDT: thêm 2 dòng mới
[2025-08-19T00:25:48.394+0000] {subprocess.py:93} INFO - 17/100 PEPEUSDT lưu OK
[2025-08-19T00:25:48.394+0000] {subprocess.py:93} INFO - 18/100 BIOUSDT lỗi: relation "cryptocurrency.biousdt" does not exist
[2025-08-19T00:25:48.394+0000] {subprocess.py:93} INFO - LINE 1: SELECT MAX(time) FROM cryptocurrency.biousdt;
[2025-08-19T00:25:48.395+0000] {subprocess.py:93} INFO -                               ^
[2025-08-19T00:25:48.395+0000] {subprocess.py:93} INFO - 
[2025-08-19T00:25:48.395+0000] {subprocess.py:93} INFO - ✅ UNIUSDT: thêm 2 dòng mới
[2025-08-19T00:25:48.395+0000] {subprocess.py:93} INFO - 19/100 UNIUSDT lưu OK
[2025-08-19T00:25:48.396+0000] {subprocess.py:93} INFO - ✅ ARBUSDT: thêm 2 dòng mới
[2025-08-19T00:25:48.396+0000] {subprocess.py:93} INFO - 20/100 ARBUSDT lưu OK
[2025-08-19T00:25:48.396+0000] {subprocess.py:93} INFO - ✅ PENGUUSDT: thêm 2 dòng mới
[2025-08-19T00:25:48.396+0000] {subprocess.py:93} INFO - 21/100 PENGUUSDT lưu OK
[2025-08-19T00:25:48.397+0000] {subprocess.py:93} INFO - ✅ SEIUSDT: thêm 2 dòng mới
[2025-08-19T00:25:48.397+0000] {subprocess.py:93} INFO - 22/100 SEIUSDT lưu OK
[2025-08-19T00:25:48.397+0000] {subprocess.py:93} INFO - ✅ LTCUSDT: thêm 2 dòng mới
[2025-08-19T00:25:48.397+0000] {subprocess.py:93} INFO - 23/100 LTCUSDT lưu OK
[2025-08-19T00:25:48.398+0000] {subprocess.py:93} INFO - ✅ HBARUSDT: thêm 2 dòng mới
[2025-08-19T00:25:48.398+0000] {subprocess.py:93} INFO - 24/100 HBARUSDT lưu OK
[2025-08-19T00:25:48.398+0000] {subprocess.py:93} INFO - ✅ POLUSDT: thêm 2 dòng mới
[2025-08-19T00:25:48.398+0000] {subprocess.py:93} INFO - 25/100 POLUSDT lưu OK
[2025-08-19T00:25:48.399+0000] {subprocess.py:93} INFO - 26/100 PLUMEUSDT lỗi: relation "cryptocurrency.plumeusdt" does not exist
[2025-08-19T00:25:48.399+0000] {subprocess.py:93} INFO - LINE 1: SELECT MAX(time) FROM cryptocurrency.plumeusdt;
[2025-08-19T00:25:48.399+0000] {subprocess.py:93} INFO -                               ^
[2025-08-19T00:25:48.399+0000] {subprocess.py:93} INFO - 
[2025-08-19T00:25:48.400+0000] {subprocess.py:93} INFO - 27/100 AEURUSDT lỗi: relation "cryptocurrency.aeurusdt" does not exist
[2025-08-19T00:25:48.400+0000] {subprocess.py:93} INFO - LINE 1: SELECT MAX(time) FROM cryptocurrency.aeurusdt;
[2025-08-19T00:25:48.400+0000] {subprocess.py:93} INFO -                               ^
[2025-08-19T00:25:48.400+0000] {subprocess.py:93} INFO - 
[2025-08-19T00:25:48.401+0000] {subprocess.py:93} INFO - ✅ TRUMPUSDT: thêm 2 dòng mới
[2025-08-19T00:25:48.401+0000] {subprocess.py:93} INFO - 28/100 TRUMPUSDT lưu OK
[2025-08-19T00:25:48.401+0000] {subprocess.py:93} INFO - ✅ CRVUSDT: thêm 2 dòng mới
[2025-08-19T00:25:48.401+0000] {subprocess.py:93} INFO - 29/100 CRVUSDT lưu OK
[2025-08-19T00:25:48.401+0000] {subprocess.py:93} INFO - ✅ AAVEUSDT: thêm 2 dòng mới
[2025-08-19T00:25:48.402+0000] {subprocess.py:93} INFO - 30/100 AAVEUSDT lưu OK
[2025-08-19T00:25:48.402+0000] {subprocess.py:93} INFO - ✅ WLDUSDT: thêm 2 dòng mới
[2025-08-19T00:25:48.402+0000] {subprocess.py:93} INFO - 31/100 WLDUSDT lưu OK
[2025-08-19T00:25:48.402+0000] {subprocess.py:93} INFO - ✅ BFUSDUSDT: thêm 2 dòng mới
[2025-08-19T00:25:48.403+0000] {subprocess.py:93} INFO - 32/100 BFUSDUSDT lưu OK
[2025-08-19T00:25:48.403+0000] {subprocess.py:93} INFO - ✅ BONKUSDT: thêm 2 dòng mới
[2025-08-19T00:25:48.403+0000] {subprocess.py:93} INFO - 33/100 BONKUSDT lưu OK
[2025-08-19T00:25:48.403+0000] {subprocess.py:93} INFO - ✅ DOTUSDT: thêm 2 dòng mới
[2025-08-19T00:25:48.404+0000] {subprocess.py:93} INFO - 34/100 DOTUSDT lưu OK
[2025-08-19T00:25:48.404+0000] {subprocess.py:93} INFO - ✅ NEARUSDT: thêm 2 dòng mới
[2025-08-19T00:25:48.404+0000] {subprocess.py:93} INFO - 35/100 NEARUSDT lưu OK
[2025-08-19T00:25:48.404+0000] {subprocess.py:93} INFO - ✅ INJUSDT: thêm 2 dòng mới
[2025-08-19T00:25:48.405+0000] {subprocess.py:93} INFO - 36/100 INJUSDT lưu OK
[2025-08-19T00:25:48.405+0000] {subprocess.py:93} INFO - ✅ XLMUSDT: thêm 2 dòng mới
[2025-08-19T00:25:48.405+0000] {subprocess.py:93} INFO - 37/100 XLMUSDT lưu OK
[2025-08-19T00:25:48.405+0000] {subprocess.py:93} INFO - ✅ SUSDT: thêm 2 dòng mới
[2025-08-19T00:25:48.406+0000] {subprocess.py:93} INFO - 38/100 SUSDT lưu OK
[2025-08-19T00:25:48.406+0000] {subprocess.py:93} INFO - ✅ WIFUSDT: thêm 2 dòng mới
[2025-08-19T00:25:48.406+0000] {subprocess.py:93} INFO - 39/100 WIFUSDT lưu OK
[2025-08-19T00:25:48.406+0000] {subprocess.py:93} INFO - ✅ API3USDT: thêm 2 dòng mới
[2025-08-19T00:25:48.407+0000] {subprocess.py:93} INFO - 40/100 API3USDT lưu OK
[2025-08-19T00:25:48.407+0000] {subprocess.py:93} INFO - ✅ LDOUSDT: thêm 2 dòng mới
[2025-08-19T00:25:48.407+0000] {subprocess.py:93} INFO - 41/100 LDOUSDT lưu OK
[2025-08-19T00:25:48.407+0000] {subprocess.py:93} INFO - 42/100 MEMEUSDT lỗi: relation "cryptocurrency.memeusdt" does not exist
[2025-08-19T00:25:48.408+0000] {subprocess.py:93} INFO - LINE 1: SELECT MAX(time) FROM cryptocurrency.memeusdt;
[2025-08-19T00:25:48.408+0000] {subprocess.py:93} INFO -                               ^
[2025-08-19T00:25:48.408+0000] {subprocess.py:93} INFO - 
[2025-08-19T00:25:48.408+0000] {subprocess.py:93} INFO - ✅ VIRTUALUSDT: thêm 2 dòng mới
[2025-08-19T00:25:48.409+0000] {subprocess.py:93} INFO - 43/100 VIRTUALUSDT lưu OK
[2025-08-19T00:25:48.409+0000] {subprocess.py:93} INFO - ✅ TAOUSDT: thêm 2 dòng mới
[2025-08-19T00:25:48.409+0000] {subprocess.py:93} INFO - 44/100 TAOUSDT lưu OK
[2025-08-19T00:25:48.409+0000] {subprocess.py:93} INFO - ✅ APTUSDT: thêm 2 dòng mới
[2025-08-19T00:25:48.409+0000] {subprocess.py:93} INFO - 45/100 APTUSDT lưu OK
[2025-08-19T00:25:48.410+0000] {subprocess.py:93} INFO - ✅ SKLUSDT: thêm 2 dòng mới
[2025-08-19T00:25:48.410+0000] {subprocess.py:93} INFO - 46/100 SKLUSDT lưu OK
[2025-08-19T00:25:48.410+0000] {subprocess.py:93} INFO - ✅ TONUSDT: thêm 2 dòng mới
[2025-08-19T00:25:48.410+0000] {subprocess.py:93} INFO - 47/100 TONUSDT lưu OK
[2025-08-19T00:25:48.411+0000] {subprocess.py:93} INFO - ✅ OPUSDT: thêm 2 dòng mới
[2025-08-19T00:25:48.411+0000] {subprocess.py:93} INFO - 48/100 OPUSDT lưu OK
[2025-08-19T00:25:48.411+0000] {subprocess.py:93} INFO - ✅ ONDOUSDT: thêm 2 dòng mới
[2025-08-19T00:25:48.411+0000] {subprocess.py:93} INFO - 49/100 ONDOUSDT lưu OK
[2025-08-19T00:25:48.412+0000] {subprocess.py:93} INFO - ✅ FLOKIUSDT: thêm 2 dòng mới
[2025-08-19T00:25:48.412+0000] {subprocess.py:93} INFO - 50/100 FLOKIUSDT lưu OK
[2025-08-19T00:25:48.412+0000] {subprocess.py:93} INFO - ✅ PENDLEUSDT: thêm 2 dòng mới
[2025-08-19T00:25:48.412+0000] {subprocess.py:93} INFO - 51/100 PENDLEUSDT lưu OK
[2025-08-19T00:25:48.413+0000] {subprocess.py:93} INFO - ✅ FETUSDT: thêm 2 dòng mới
[2025-08-19T00:25:48.413+0000] {subprocess.py:93} INFO - 52/100 FETUSDT lưu OK
[2025-08-19T00:25:48.413+0000] {subprocess.py:93} INFO - ✅ ETHFIUSDT: thêm 2 dòng mới
[2025-08-19T00:25:48.413+0000] {subprocess.py:93} INFO - 53/100 ETHFIUSDT lưu OK
[2025-08-19T00:25:48.414+0000] {subprocess.py:93} INFO - ✅ EURUSDT: thêm 2 dòng mới
[2025-08-19T00:25:48.414+0000] {subprocess.py:93} INFO - 54/100 EURUSDT lưu OK
[2025-08-19T00:25:48.414+0000] {subprocess.py:93} INFO - 55/100 PONDUSDT lỗi: relation "cryptocurrency.pondusdt" does not exist
[2025-08-19T00:25:48.414+0000] {subprocess.py:93} INFO - LINE 1: SELECT MAX(time) FROM cryptocurrency.pondusdt;
[2025-08-19T00:25:48.414+0000] {subprocess.py:93} INFO -                               ^
[2025-08-19T00:25:48.415+0000] {subprocess.py:93} INFO - 
[2025-08-19T00:25:48.415+0000] {subprocess.py:93} INFO - ✅ BCHUSDT: thêm 2 dòng mới
[2025-08-19T00:25:48.415+0000] {subprocess.py:93} INFO - 56/100 BCHUSDT lưu OK
[2025-08-19T00:25:48.415+0000] {subprocess.py:93} INFO - ✅ TIAUSDT: thêm 2 dòng mới
[2025-08-19T00:25:48.416+0000] {subprocess.py:93} INFO - 57/100 TIAUSDT lưu OK
[2025-08-19T00:25:48.416+0000] {subprocess.py:93} INFO - ✅ RAYUSDT: thêm 2 dòng mới
[2025-08-19T00:25:48.416+0000] {subprocess.py:93} INFO - 58/100 RAYUSDT lưu OK
[2025-08-19T00:25:48.416+0000] {subprocess.py:93} INFO - ✅ EPICUSDT: thêm 2 dòng mới
[2025-08-19T00:25:48.417+0000] {subprocess.py:93} INFO - 59/100 EPICUSDT lưu OK
[2025-08-19T00:25:48.417+0000] {subprocess.py:93} INFO - ✅ SHIBUSDT: thêm 2 dòng mới
[2025-08-19T00:25:48.417+0000] {subprocess.py:93} INFO - 60/100 SHIBUSDT lưu OK
[2025-08-19T00:25:48.417+0000] {subprocess.py:93} INFO - ✅ NEIROUSDT: thêm 2 dòng mới
[2025-08-19T00:25:48.418+0000] {subprocess.py:93} INFO - 61/100 NEIROUSDT lưu OK
[2025-08-19T00:25:48.418+0000] {subprocess.py:93} INFO - ✅ PNUTUSDT: thêm 2 dòng mới
[2025-08-19T00:25:48.418+0000] {subprocess.py:93} INFO - 62/100 PNUTUSDT lưu OK
[2025-08-19T00:25:48.418+0000] {subprocess.py:93} INFO - ✅ ALGOUSDT: thêm 2 dòng mới
[2025-08-19T00:25:48.418+0000] {subprocess.py:93} INFO - 63/100 ALGOUSDT lưu OK
[2025-08-19T00:25:48.419+0000] {subprocess.py:93} INFO - ✅ ETCUSDT: thêm 2 dòng mới
[2025-08-19T00:25:48.419+0000] {subprocess.py:93} INFO - 64/100 ETCUSDT lưu OK
[2025-08-19T00:25:48.419+0000] {subprocess.py:93} INFO - ✅ MAGICUSDT: thêm 2 dòng mới
[2025-08-19T00:25:48.419+0000] {subprocess.py:93} INFO - 65/100 MAGICUSDT lưu OK
[2025-08-19T00:25:48.420+0000] {subprocess.py:93} INFO - ✅ ALPINEUSDT: thêm 2 dòng mới
[2025-08-19T00:25:48.420+0000] {subprocess.py:93} INFO - 66/100 ALPINEUSDT lưu OK
[2025-08-19T00:25:48.420+0000] {subprocess.py:93} INFO - ✅ FILUSDT: thêm 2 dòng mới
[2025-08-19T00:25:48.420+0000] {subprocess.py:93} INFO - 67/100 FILUSDT lưu OK
[2025-08-19T00:25:48.421+0000] {subprocess.py:93} INFO - ✅ EIGENUSDT: thêm 2 dòng mới
[2025-08-19T00:25:48.421+0000] {subprocess.py:93} INFO - 68/100 EIGENUSDT lưu OK
[2025-08-19T00:25:48.421+0000] {subprocess.py:93} INFO - ✅ XUSDUSDT: thêm 2 dòng mới
[2025-08-19T00:25:48.421+0000] {subprocess.py:93} INFO - 69/100 XUSDUSDT lưu OK
[2025-08-19T00:25:48.421+0000] {subprocess.py:93} INFO - ✅ RENDERUSDT: thêm 2 dòng mới
[2025-08-19T00:25:48.422+0000] {subprocess.py:93} INFO - 70/100 RENDERUSDT lưu OK
[2025-08-19T00:25:48.422+0000] {subprocess.py:93} INFO - ✅ GALAUSDT: thêm 2 dòng mới
[2025-08-19T00:25:48.422+0000] {subprocess.py:93} INFO - 71/100 GALAUSDT lưu OK
[2025-08-19T00:25:48.422+0000] {subprocess.py:93} INFO - ✅ JUVUSDT: thêm 2 dòng mới
[2025-08-19T00:25:48.423+0000] {subprocess.py:93} INFO - 72/100 JUVUSDT lưu OK
[2025-08-19T00:25:48.423+0000] {subprocess.py:93} INFO - ✅ CTSIUSDT: thêm 2 dòng mới
[2025-08-19T00:25:48.423+0000] {subprocess.py:93} INFO - 73/100 CTSIUSDT lưu OK
[2025-08-19T00:25:48.423+0000] {subprocess.py:93} INFO - ✅ CAKEUSDT: thêm 2 dòng mới
[2025-08-19T00:25:48.424+0000] {subprocess.py:93} INFO - 74/100 CAKEUSDT lưu OK
[2025-08-19T00:25:48.424+0000] {subprocess.py:93} INFO - ✅ ASRUSDT: thêm 2 dòng mới
[2025-08-19T00:25:48.424+0000] {subprocess.py:93} INFO - 75/100 ASRUSDT lưu OK
[2025-08-19T00:25:48.424+0000] {subprocess.py:93} INFO - 76/100 CYBERUSDT lỗi: relation "cryptocurrency.cyberusdt" does not exist
[2025-08-19T00:25:48.424+0000] {subprocess.py:93} INFO - LINE 1: SELECT MAX(time) FROM cryptocurrency.cyberusdt;
[2025-08-19T00:25:48.425+0000] {subprocess.py:93} INFO -                               ^
[2025-08-19T00:25:48.425+0000] {subprocess.py:93} INFO - 
[2025-08-19T00:25:48.425+0000] {subprocess.py:93} INFO - ✅ OGUSDT: thêm 2 dòng mới
[2025-08-19T00:25:48.425+0000] {subprocess.py:93} INFO - 77/100 OGUSDT lưu OK
[2025-08-19T00:25:48.426+0000] {subprocess.py:93} INFO - ✅ SPKUSDT: thêm 2 dòng mới
[2025-08-19T00:25:48.426+0000] {subprocess.py:93} INFO - 78/100 SPKUSDT lưu OK
[2025-08-19T00:25:48.426+0000] {subprocess.py:93} INFO - ✅ TSTUSDT: thêm 2 dòng mới
[2025-08-19T00:25:48.426+0000] {subprocess.py:93} INFO - 79/100 TSTUSDT lưu OK
[2025-08-19T00:25:48.426+0000] {subprocess.py:93} INFO - 80/100 VETUSDT lỗi: relation "cryptocurrency.vetusdt" does not exist
[2025-08-19T00:25:48.427+0000] {subprocess.py:93} INFO - LINE 1: SELECT MAX(time) FROM cryptocurrency.vetusdt;
[2025-08-19T00:25:48.427+0000] {subprocess.py:93} INFO -                               ^
[2025-08-19T00:25:48.427+0000] {subprocess.py:93} INFO - 
[2025-08-19T00:25:48.427+0000] {subprocess.py:93} INFO - 81/100 RUNEUSDT lỗi: relation "cryptocurrency.runeusdt" does not exist
[2025-08-19T00:25:48.428+0000] {subprocess.py:93} INFO - LINE 1: SELECT MAX(time) FROM cryptocurrency.runeusdt;
[2025-08-19T00:25:48.428+0000] {subprocess.py:93} INFO -                               ^
[2025-08-19T00:25:48.428+0000] {subprocess.py:93} INFO - 
[2025-08-19T00:25:48.428+0000] {subprocess.py:93} INFO - ✅ ICPUSDT: thêm 2 dòng mới
[2025-08-19T00:25:48.428+0000] {subprocess.py:93} INFO - 82/100 ICPUSDT lưu OK
[2025-08-19T00:25:48.429+0000] {subprocess.py:93} INFO - 83/100 WBTCUSDT lỗi: relation "cryptocurrency.wbtcusdt" does not exist
[2025-08-19T00:25:48.429+0000] {subprocess.py:93} INFO - LINE 1: SELECT MAX(time) FROM cryptocurrency.wbtcusdt;
[2025-08-19T00:25:48.429+0000] {subprocess.py:93} INFO -                               ^
[2025-08-19T00:25:48.429+0000] {subprocess.py:93} INFO - 
[2025-08-19T00:25:48.430+0000] {subprocess.py:93} INFO - ⚠️ SYRUPUSDT lỗi lần 1/3: HTTPSConnectionPool(host='api.binance.com', port=443): Max retries exceeded with url: /api/v3/klines?symbol=SYRUPUSDT&interval=1m&limit=100 (Caused by ConnectTimeoutError(<urllib3.connection.HTTPSConnection object at 0x7f455398d6c0>, 'Connection to api.binance.com timed out. (connect timeout=15)'))
[2025-08-19T00:25:48.430+0000] {subprocess.py:93} INFO - 84/100 PAXGUSDT lỗi: relation "cryptocurrency.paxgusdt" does not exist
[2025-08-19T00:25:48.430+0000] {subprocess.py:93} INFO - LINE 1: SELECT MAX(time) FROM cryptocurrency.paxgusdt;
[2025-08-19T00:25:48.430+0000] {subprocess.py:93} INFO -                               ^
[2025-08-19T00:25:48.431+0000] {subprocess.py:93} INFO - 
[2025-08-19T00:25:48.431+0000] {subprocess.py:93} INFO - ⚠️ ENSUSDT lỗi lần 1/3: HTTPSConnectionPool(host='api.binance.com', port=443): Max retries exceeded with url: /api/v3/klines?symbol=ENSUSDT&interval=1m&limit=100 (Caused by ConnectTimeoutError(<urllib3.connection.HTTPSConnection object at 0x7f455398df30>, 'Connection to api.binance.com timed out. (connect timeout=15)'))
[2025-08-19T00:25:48.431+0000] {subprocess.py:93} INFO - ⚠️ AIXBTUSDT lỗi lần 1/3: HTTPSConnectionPool(host='api.binance.com', port=443): Max retries exceeded with url: /api/v3/klines?symbol=AIXBTUSDT&interval=1m&limit=100 (Caused by ConnectTimeoutError(<urllib3.connection.HTTPSConnection object at 0x7f455398e6b0>, 'Connection to api.binance.com timed out. (connect timeout=15)'))
[2025-08-19T00:27:26.778+0000] {subprocess.py:93} INFO - ⚠️ SYRUPUSDT lỗi lần 2/3: HTTPSConnectionPool(host='api.binance.com', port=443): Max retries exceeded with url: /api/v3/klines?symbol=SYRUPUSDT&interval=1m&limit=100 (Caused by ConnectTimeoutError(<urllib3.connection.HTTPSConnection object at 0x7f4553945b10>, 'Connection to api.binance.com timed out. (connect timeout=15)'))
[2025-08-19T00:27:26.779+0000] {subprocess.py:93} INFO - ⚠️ ENSUSDT lỗi lần 2/3: HTTPSConnectionPool(host='api.binance.com', port=443): Max retries exceeded with url: /api/v3/klines?symbol=ENSUSDT&interval=1m&limit=100 (Caused by ConnectTimeoutError(<urllib3.connection.HTTPSConnection object at 0x7f4553944b20>, 'Connection to api.binance.com timed out. (connect timeout=15)'))
[2025-08-19T00:27:26.779+0000] {subprocess.py:93} INFO - ⚠️ AIXBTUSDT lỗi lần 2/3: HTTPSConnectionPool(host='api.binance.com', port=443): Max retries exceeded with url: /api/v3/klines?symbol=AIXBTUSDT&interval=1m&limit=100 (Caused by ConnectTimeoutError(<urllib3.connection.HTTPSConnection object at 0x7f4553958d30>, 'Connection to api.binance.com timed out. (connect timeout=15)'))
[2025-08-19T00:27:26.779+0000] {subprocess.py:93} INFO - ⚠️ SYRUPUSDT lỗi lần 3/3: HTTPSConnectionPool(host='api.binance.com', port=443): Max retries exceeded with url: /api/v3/klines?symbol=SYRUPUSDT&interval=1m&limit=100 (Caused by ConnectTimeoutError(<urllib3.connection.HTTPSConnection object at 0x7f455398c4f0>, 'Connection to api.binance.com timed out. (connect timeout=15)'))
[2025-08-19T00:27:26.780+0000] {subprocess.py:93} INFO - ⚠️ ENSUSDT lỗi lần 3/3: HTTPSConnectionPool(host='api.binance.com', port=443): Max retries exceeded with url: /api/v3/klines?symbol=ENSUSDT&interval=1m&limit=100 (Caused by ConnectTimeoutError(<urllib3.connection.HTTPSConnection object at 0x7f455398c700>, 'Connection to api.binance.com timed out. (connect timeout=15)'))
[2025-08-19T00:27:26.780+0000] {subprocess.py:93} INFO - 85/100 SYRUPUSDT bỏ qua (fail)
[2025-08-19T00:27:26.780+0000] {subprocess.py:93} INFO - 86/100 ENSUSDT bỏ qua (fail)
[2025-08-19T00:27:26.780+0000] {subprocess.py:93} INFO - ⚠️ AIXBTUSDT lỗi lần 3/3: HTTPSConnectionPool(host='api.binance.com', port=443): Max retries exceeded with url: /api/v3/klines?symbol=AIXBTUSDT&interval=1m&limit=100 (Caused by ConnectTimeoutError(<urllib3.connection.HTTPSConnection object at 0x7f455398db40>, 'Connection to api.binance.com timed out. (connect timeout=15)'))
[2025-08-19T00:27:26.781+0000] {subprocess.py:93} INFO - 87/100 AIXBTUSDT bỏ qua (fail)
[2025-08-19T00:27:26.781+0000] {subprocess.py:93} INFO - ⚠️ ARKMUSDT lỗi lần 1/3: HTTPSConnectionPool(host='api.binance.com', port=443): Max retries exceeded with url: /api/v3/klines?symbol=ARKMUSDT&interval=1m&limit=100 (Caused by ConnectTimeoutError(<urllib3.connection.HTTPSConnection object at 0x7f455398d630>, 'Connection to api.binance.com timed out. (connect timeout=15)'))
[2025-08-19T00:27:26.781+0000] {subprocess.py:93} INFO - ⚠️ LAYERUSDT lỗi lần 1/3: HTTPSConnectionPool(host='api.binance.com', port=443): Max retries exceeded with url: /api/v3/klines?symbol=LAYERUSDT&interval=1m&limit=100 (Caused by ConnectTimeoutError(<urllib3.connection.HTTPSConnection object at 0x7f4553958cd0>, 'Connection to api.binance.com timed out. (connect timeout=15)'))
[2025-08-19T00:27:26.781+0000] {subprocess.py:93} INFO - ⚠️ ARKMUSDT lỗi lần 2/3: HTTPSConnectionPool(host='api.binance.com', port=443): Max retries exceeded with url: /api/v3/klines?symbol=ARKMUSDT&interval=1m&limit=100 (Caused by ConnectTimeoutError(<urllib3.connection.HTTPSConnection object at 0x7f4553959b10>, 'Connection to api.binance.com timed out. (connect timeout=15)'))
[2025-08-19T00:27:26.781+0000] {subprocess.py:93} INFO - ⚠️ LAYERUSDT lỗi lần 2/3: HTTPSConnectionPool(host='api.binance.com', port=443): Max retries exceeded with url: /api/v3/klines?symbol=LAYERUSDT&interval=1m&limit=100 (Caused by ConnectTimeoutError(<urllib3.connection.HTTPSConnection object at 0x7f4553959180>, 'Connection to api.binance.com timed out. (connect timeout=15)'))
[2025-08-19T00:27:26.782+0000] {subprocess.py:93} INFO - ⚠️ ARKMUSDT lỗi lần 3/3: HTTPSConnectionPool(host='api.binance.com', port=443): Max retries exceeded with url: /api/v3/klines?symbol=ARKMUSDT&interval=1m&limit=100 (Caused by ConnectTimeoutError(<urllib3.connection.HTTPSConnection object at 0x7f4553958d30>, 'Connection to api.binance.com timed out. (connect timeout=15)'))
[2025-08-19T00:27:26.782+0000] {subprocess.py:93} INFO - 88/100 ARKMUSDT bỏ qua (fail)
[2025-08-19T00:27:26.782+0000] {subprocess.py:93} INFO - ⚠️ LAYERUSDT lỗi lần 3/3: HTTPSConnectionPool(host='api.binance.com', port=443): Max retries exceeded with url: /api/v3/klines?symbol=LAYERUSDT&interval=1m&limit=100 (Caused by ConnectTimeoutError(<urllib3.connection.HTTPSConnection object at 0x7f455398d7e0>, 'Connection to api.binance.com timed out. (connect timeout=15)'))
[2025-08-19T00:27:26.782+0000] {subprocess.py:93} INFO - 89/100 RESOLVUSDT lỗi: relation "cryptocurrency.resolvusdt" does not exist
[2025-08-19T00:27:26.782+0000] {subprocess.py:93} INFO - LINE 1: SELECT MAX(time) FROM cryptocurrency.resolvusdt;
[2025-08-19T00:27:26.783+0000] {subprocess.py:93} INFO -                               ^
[2025-08-19T00:27:26.783+0000] {subprocess.py:93} INFO - 
[2025-08-19T00:27:26.783+0000] {subprocess.py:93} INFO - 90/100 WCTUSDT lỗi: relation "cryptocurrency.wctusdt" does not exist
[2025-08-19T00:27:26.783+0000] {subprocess.py:93} INFO - LINE 1: SELECT MAX(time) FROM cryptocurrency.wctusdt;
[2025-08-19T00:27:26.784+0000] {subprocess.py:93} INFO -                               ^
[2025-08-19T00:27:26.784+0000] {subprocess.py:93} INFO - 
[2025-08-19T00:27:26.784+0000] {subprocess.py:93} INFO - ✅ PORTOUSDT: thêm 4 dòng mới
[2025-08-19T00:27:26.784+0000] {subprocess.py:93} INFO - 91/100 PORTOUSDT lưu OK
[2025-08-19T00:27:26.784+0000] {subprocess.py:93} INFO - 92/100 LAYERUSDT bỏ qua (fail)
[2025-08-19T00:27:26.785+0000] {subprocess.py:93} INFO - ⚠️ OMUSDT lỗi lần 1/3: HTTPSConnectionPool(host='api.binance.com', port=443): Max retries exceeded with url: /api/v3/klines?symbol=OMUSDT&interval=1m&limit=100 (Caused by ConnectTimeoutError(<urllib3.connection.HTTPSConnection object at 0x7f455398df60>, 'Connection to api.binance.com timed out. (connect timeout=15)'))
[2025-08-19T00:27:26.785+0000] {subprocess.py:93} INFO - ✅ OMUSDT: thêm 4 dòng mới
[2025-08-19T00:27:26.785+0000] {subprocess.py:93} INFO - 93/100 OMUSDT lưu OK
[2025-08-19T00:27:26.785+0000] {subprocess.py:93} INFO - 94/100 CFXUSDT lỗi: connection to server at "videv.cloud" (27.74.74.29), port 5432 failed: Connection timed out
[2025-08-19T00:27:26.785+0000] {subprocess.py:93} INFO - 	Is the server running on that host and accepting TCP/IP connections?
[2025-08-19T00:27:26.786+0000] {subprocess.py:93} INFO - 
[2025-08-19T00:27:26.786+0000] {subprocess.py:93} INFO - 95/100 ORDIUSDT lỗi: connection to server at "videv.cloud" (27.74.74.29), port 5432 failed: Connection timed out
[2025-08-19T00:27:26.786+0000] {subprocess.py:93} INFO - 	Is the server running on that host and accepting TCP/IP connections?
[2025-08-19T00:27:26.786+0000] {subprocess.py:93} INFO - 
[2025-08-19T00:27:26.786+0000] {subprocess.py:93} INFO - 96/100 MKRUSDT lỗi: connection to server at "videv.cloud" (27.74.74.29), port 5432 failed: Connection timed out
[2025-08-19T00:27:26.787+0000] {subprocess.py:93} INFO - 	Is the server running on that host and accepting TCP/IP connections?
[2025-08-19T00:27:26.787+0000] {subprocess.py:93} INFO - 
[2025-08-19T00:27:26.787+0000] {subprocess.py:93} INFO - 97/100 MAVUSDT lỗi: connection to server at "videv.cloud" (27.74.74.29), port 5432 failed: Connection timed out
[2025-08-19T00:27:26.787+0000] {subprocess.py:93} INFO - 	Is the server running on that host and accepting TCP/IP connections?
[2025-08-19T00:27:26.787+0000] {subprocess.py:93} INFO - 
[2025-08-19T00:27:26.788+0000] {subprocess.py:93} INFO - 98/100 MDTUSDT lỗi: connection to server at "videv.cloud" (27.74.74.29), port 5432 failed: Connection timed out
[2025-08-19T00:27:26.788+0000] {subprocess.py:93} INFO - 	Is the server running on that host and accepting TCP/IP connections?
[2025-08-19T00:27:26.788+0000] {subprocess.py:93} INFO - 
[2025-08-19T00:27:26.788+0000] {subprocess.py:93} INFO - 99/100 BERAUSDT lỗi: connection to server at "videv.cloud" (27.74.74.29), port 5432 failed: Connection timed out
[2025-08-19T00:27:26.789+0000] {subprocess.py:93} INFO - 	Is the server running on that host and accepting TCP/IP connections?
[2025-08-19T00:27:26.789+0000] {subprocess.py:93} INFO - 
[2025-08-19T00:27:26.789+0000] {subprocess.py:93} INFO - 100/100 ATOMUSDT lỗi: connection to server at "videv.cloud" (27.74.74.29), port 5432 failed: Connection timed out
[2025-08-19T00:27:26.789+0000] {subprocess.py:93} INFO - 	Is the server running on that host and accepting TCP/IP connections?
[2025-08-19T00:27:26.789+0000] {subprocess.py:93} INFO - 
[2025-08-19T00:27:26.928+0000] {subprocess.py:97} INFO - Command exited with return code 0
[2025-08-19T00:27:26.929+0000] {taskinstance.py:441} INFO - ::group::Post task execution logs
[2025-08-19T00:27:26.959+0000] {taskinstance.py:1206} INFO - Marking task as SUCCESS. dag_id=crypto_collector_dag, task_id=run_crypto_collector, run_id=scheduled__2025-08-19T00:22:00+00:00, execution_date=20250819T002200, start_date=20250819T002436, end_date=20250819T002726
[2025-08-19T00:27:27.003+0000] {local_task_job_runner.py:240} INFO - Task exited with return code 0
[2025-08-19T00:27:27.028+0000] {taskinstance.py:3498} INFO - 0 downstream tasks scheduled from follow-on schedule check
[2025-08-19T00:27:27.029+0000] {local_task_job_runner.py:222} INFO - ::endgroup::
