[2025-09-03T20:17:01.714+0000] {local_task_job_runner.py:120} INFO - ::group::Pre task execution logs
[2025-09-03T20:17:01.738+0000] {taskinstance.py:2076} INFO - Dependencies all met for dep_context=non-requeueable deps ti=<TaskInstance: foreign_1_live.save_foreign_1 scheduled__2025-09-03T20:16:00+00:00 [queued]>
[2025-09-03T20:17:01.746+0000] {taskinstance.py:2076} INFO - Dependencies all met for dep_context=requeueable deps ti=<TaskInstance: foreign_1_live.save_foreign_1 scheduled__2025-09-03T20:16:00+00:00 [queued]>
[2025-09-03T20:17:01.746+0000] {taskinstance.py:2306} INFO - Starting attempt 1 of 11
[2025-09-03T20:17:01.758+0000] {taskinstance.py:2330} INFO - Executing <Task(PythonOperator): save_foreign_1> on 2025-09-03 20:16:00+00:00
[2025-09-03T20:17:01.765+0000] {standard_task_runner.py:63} INFO - Started process 2832038 to run task
[2025-09-03T20:17:01.769+0000] {standard_task_runner.py:90} INFO - Running: ['***', 'tasks', 'run', 'foreign_1_live', 'save_foreign_1', 'scheduled__2025-09-03T20:16:00+00:00', '--job-id', '87601', '--raw', '--subdir', 'DAGS_FOLDER/dag_foreign_1_live.py', '--cfg-path', '/tmp/tmpj6ahvun6']
[2025-09-03T20:17:01.772+0000] {standard_task_runner.py:91} INFO - Job 87601: Subtask save_foreign_1
[2025-09-03T20:17:01.823+0000] {task_command.py:426} INFO - Running <TaskInstance: foreign_1_live.save_foreign_1 scheduled__2025-09-03T20:16:00+00:00 [running]> on host 1877907bc043
[2025-09-03T20:17:01.924+0000] {taskinstance.py:2648} INFO - Exporting env vars: AIRFLOW_CTX_DAG_OWNER='***' AIRFLOW_CTX_DAG_ID='foreign_1_live' AIRFLOW_CTX_TASK_ID='save_foreign_1' AIRFLOW_CTX_EXECUTION_DATE='2025-09-03T20:16:00+00:00' AIRFLOW_CTX_TRY_NUMBER='1' AIRFLOW_CTX_DAG_RUN_ID='scheduled__2025-09-03T20:16:00+00:00'
[2025-09-03T20:17:01.925+0000] {taskinstance.py:430} INFO - ::endgroup::
[2025-09-03T20:17:01.939+0000] {foreign_1.py:18} INFO - Kết nối DB
[2025-09-03T20:17:02.360+0000] {foreign_1.py:28} INFO - Đã lưu foreign_ALL
[2025-09-03T20:17:02.361+0000] {foreign_1.py:18} INFO - Kết nối DB
[2025-09-03T20:17:02.710+0000] {foreign_1.py:28} INFO - Đã lưu foreign_HOSE
[2025-09-03T20:17:02.711+0000] {foreign_1.py:18} INFO - Kết nối DB
[2025-09-03T20:17:03.073+0000] {foreign_1.py:28} INFO - Đã lưu foreign_HNX
[2025-09-03T20:17:03.075+0000] {foreign_1.py:18} INFO - Kết nối DB
[2025-09-03T20:17:03.435+0000] {foreign_1.py:28} INFO - Đã lưu foreign_UPCOM
[2025-09-03T20:17:03.436+0000] {python.py:237} INFO - Done. Returned value was: None
[2025-09-03T20:17:03.437+0000] {taskinstance.py:441} INFO - ::group::Post task execution logs
[2025-09-03T20:17:03.454+0000] {taskinstance.py:1206} INFO - Marking task as SUCCESS. dag_id=foreign_1_live, task_id=save_foreign_1, run_id=scheduled__2025-09-03T20:16:00+00:00, execution_date=20250903T201600, start_date=20250903T201701, end_date=20250903T201703
[2025-09-03T20:17:03.506+0000] {local_task_job_runner.py:240} INFO - Task exited with return code 0
[2025-09-03T20:17:03.546+0000] {taskinstance.py:3498} INFO - 4 downstream tasks scheduled from follow-on schedule check
[2025-09-03T20:17:03.548+0000] {local_task_job_runner.py:222} INFO - ::endgroup::
