[2025-09-05T13:57:20.676+0000] {local_task_job_runner.py:120} INFO - ::group::Pre task execution logs
[2025-09-05T13:57:20.700+0000] {taskinstance.py:2076} INFO - Dependencies all met for dep_context=non-requeueable deps ti=<TaskInstance: news_pipeline.add_postgre manual__2025-09-05T13:57:18.406809+00:00 [queued]>
[2025-09-05T13:57:20.709+0000] {taskinstance.py:2076} INFO - Dependencies all met for dep_context=requeueable deps ti=<TaskInstance: news_pipeline.add_postgre manual__2025-09-05T13:57:18.406809+00:00 [queued]>
[2025-09-05T13:57:20.709+0000] {taskinstance.py:2306} INFO - Starting attempt 1 of 11
[2025-09-05T13:57:20.722+0000] {taskinstance.py:2330} INFO - Executing <Task(PythonOperator): add_postgre> on 2025-09-05 13:57:18.406809+00:00
[2025-09-05T13:57:20.731+0000] {standard_task_runner.py:63} INFO - Started process 9333 to run task
[2025-09-05T13:57:20.737+0000] {standard_task_runner.py:90} INFO - Running: ['***', 'tasks', 'run', 'news_pipeline', 'add_postgre', 'manual__2025-09-05T13:57:18.406809+00:00', '--job-id', '116149', '--raw', '--subdir', 'DAGS_FOLDER/dag_news.py', '--cfg-path', '/tmp/tmp5itot2jx']
[2025-09-05T13:57:20.740+0000] {standard_task_runner.py:91} INFO - Job 116149: Subtask add_postgre
[2025-09-05T13:57:20.790+0000] {task_command.py:426} INFO - Running <TaskInstance: news_pipeline.add_postgre manual__2025-09-05T13:57:18.406809+00:00 [running]> on host d4d2fe648a81
[2025-09-05T13:57:20.869+0000] {taskinstance.py:2648} INFO - Exporting env vars: AIRFLOW_CTX_DAG_OWNER='***' AIRFLOW_CTX_DAG_ID='news_pipeline' AIRFLOW_CTX_TASK_ID='add_postgre' AIRFLOW_CTX_EXECUTION_DATE='2025-09-05T13:57:18.406809+00:00' AIRFLOW_CTX_TRY_NUMBER='1' AIRFLOW_CTX_DAG_RUN_ID='manual__2025-09-05T13:57:18.406809+00:00'
[2025-09-05T13:57:20.870+0000] {taskinstance.py:430} INFO - ::endgroup::
[2025-09-05T13:57:20.885+0000] {logger.py:11} INFO - ====== WebDriver manager ======
[2025-09-05T13:57:21.008+0000] {logger.py:11} INFO - Get LATEST chromedriver version for google-chrome
[2025-09-05T13:57:21.237+0000] {logger.py:11} INFO - Get LATEST chromedriver version for google-chrome
[2025-09-05T13:57:21.522+0000] {logger.py:11} INFO - Driver [/home/***/.wdm/drivers/chromedriver/linux64/140.0.7339.80/chromedriver-linux64/chromedriver] found in cache
[2025-09-05T15:41:51.825+0000] {local_task_job_runner.py:310} WARNING - State of this instance has been externally set to restarting. Terminating instance.
[2025-09-05T15:41:51.833+0000] {local_task_job_runner.py:222} INFO - ::endgroup::
[2025-09-05T15:41:51.839+0000] {process_utils.py:132} INFO - Sending 15 to group 9333. PIDs of all processes in the group: [9359, 9371, 9375, 9376, 9385, 9386, 9413, 9415, 9460, 9469, 9484, 9537, 9563, 9407, 10255, 9333]
[2025-09-05T15:41:51.840+0000] {process_utils.py:87} INFO - Sending the signal 15 to group 9333
[2025-09-05T15:41:51.842+0000] {taskinstance.py:2611} ERROR - Received SIGTERM. Terminating subprocesses.
[2025-09-05T15:41:51.843+0000] {taskinstance.py:441} INFO - ::group::Post task execution logs
[2025-09-05T15:41:51.857+0000] {taskinstance.py:2905} ERROR - Task failed with exception
Traceback (most recent call last):
  File "/home/airflow/.local/lib/python3.10/site-packages/airflow/models/taskinstance.py", line 465, in _execute_task
    result = _execute_callable(context=context, **execute_callable_kwargs)
  File "/home/airflow/.local/lib/python3.10/site-packages/airflow/models/taskinstance.py", line 432, in _execute_callable
    return execute_callable(context=context, **execute_callable_kwargs)
  File "/home/airflow/.local/lib/python3.10/site-packages/airflow/models/baseoperator.py", line 400, in wrapper
    return func(self, *args, **kwargs)
  File "/home/airflow/.local/lib/python3.10/site-packages/airflow/operators/python.py", line 235, in execute
    return_value = self.execute_callable()
  File "/home/airflow/.local/lib/python3.10/site-packages/airflow/operators/python.py", line 252, in execute_callable
    return self.python_callable(*self.op_args, **self.op_kwargs)
  File "/opt/airflow/dags/utils/new_pipeline/add_postgre.py", line 11, in add_postgres
    df=tintuc()
  File "/opt/airflow/dags/utils/new_pipeline/merge.py", line 7, in tintuc
    df1=vietstock()
  File "/opt/airflow/dags/utils/new_pipeline/vietstock_ngay.py", line 72, in vietstock
    time.sleep(10)
  File "/home/airflow/.local/lib/python3.10/site-packages/airflow/models/taskinstance.py", line 2613, in signal_handler
    raise AirflowTaskTerminated("Task received SIGTERM signal")
airflow.exceptions.AirflowTaskTerminated: Task received SIGTERM signal
[2025-09-05T15:41:51.872+0000] {taskinstance.py:1206} INFO - Marking task as UP_FOR_RETRY. dag_id=news_pipeline, task_id=add_postgre, run_id=manual__2025-09-05T13:57:18.406809+00:00, execution_date=20250905T135718, start_date=20250905T135720, end_date=20250905T154151
[2025-09-05T15:41:51.935+0000] {process_utils.py:80} INFO - Process psutil.Process(pid=9371, status='terminated', started='13:57:21') (9371) terminated with exit code None
[2025-09-05T15:41:51.937+0000] {process_utils.py:80} INFO - Process psutil.Process(pid=9415, status='terminated', started='13:57:21') (9415) terminated with exit code None
[2025-09-05T15:41:51.938+0000] {process_utils.py:80} INFO - Process psutil.Process(pid=9469, status='terminated', started='13:57:21') (9469) terminated with exit code None
[2025-09-05T15:41:51.938+0000] {process_utils.py:80} INFO - Process psutil.Process(pid=9375, status='terminated', started='13:57:21') (9375) terminated with exit code None
[2025-09-05T15:41:51.939+0000] {process_utils.py:80} INFO - Process psutil.Process(pid=9359, status='terminated', started='13:57:21') (9359) terminated with exit code None
[2025-09-05T15:41:51.966+0000] {process_utils.py:80} INFO - Process psutil.Process(pid=9460, status='terminated', started='13:57:21') (9460) terminated with exit code None
[2025-09-05T15:41:51.966+0000] {process_utils.py:80} INFO - Process psutil.Process(pid=9385, status='terminated', started='13:57:21') (9385) terminated with exit code None
[2025-09-05T15:41:51.967+0000] {process_utils.py:80} INFO - Process psutil.Process(pid=9484, status='terminated', started='13:57:23') (9484) terminated with exit code None
[2025-09-05T15:41:51.967+0000] {process_utils.py:80} INFO - Process psutil.Process(pid=9413, status='terminated', started='13:57:21') (9413) terminated with exit code None
[2025-09-05T15:41:51.968+0000] {process_utils.py:80} INFO - Process psutil.Process(pid=9333, status='terminated', exitcode=2, started='13:57:20') (9333) terminated with exit code 2
[2025-09-05T15:41:51.968+0000] {process_utils.py:80} INFO - Process psutil.Process(pid=10255, status='terminated', started='14:00:21') (10255) terminated with exit code None
[2025-09-05T15:41:51.969+0000] {process_utils.py:80} INFO - Process psutil.Process(pid=9407, status='terminated', started='13:57:21') (9407) terminated with exit code None
[2025-09-05T15:41:51.969+0000] {process_utils.py:80} INFO - Process psutil.Process(pid=9563, status='terminated', started='13:57:25') (9563) terminated with exit code None
[2025-09-05T15:41:51.969+0000] {process_utils.py:80} INFO - Process psutil.Process(pid=9386, status='terminated', started='13:57:21') (9386) terminated with exit code None
[2025-09-05T15:41:51.970+0000] {process_utils.py:80} INFO - Process psutil.Process(pid=9537, status='terminated', started='13:57:24') (9537) terminated with exit code None
[2025-09-05T15:41:51.970+0000] {process_utils.py:80} INFO - Process psutil.Process(pid=9376, status='terminated', started='13:57:21') (9376) terminated with exit code None
