[2025-09-05T20:40:01.811+0000] {local_task_job_runner.py:120} INFO - ::group::Pre task execution logs
[2025-09-05T20:40:01.833+0000] {taskinstance.py:2076} INFO - Dependencies all met for dep_context=non-requeueable deps ti=<TaskInstance: foreign_1_live.save_foreign_1 scheduled__2025-09-05T20:39:00+00:00 [queued]>
[2025-09-05T20:40:01.840+0000] {taskinstance.py:2076} INFO - Dependencies all met for dep_context=requeueable deps ti=<TaskInstance: foreign_1_live.save_foreign_1 scheduled__2025-09-05T20:39:00+00:00 [queued]>
[2025-09-05T20:40:01.841+0000] {taskinstance.py:2306} INFO - Starting attempt 1 of 11
[2025-09-05T20:40:01.853+0000] {taskinstance.py:2330} INFO - Executing <Task(PythonOperator): save_foreign_1> on 2025-09-05 20:39:00+00:00
[2025-09-05T20:40:01.861+0000] {standard_task_runner.py:63} INFO - Started process 63476 to run task
[2025-09-05T20:40:01.866+0000] {standard_task_runner.py:90} INFO - Running: ['***', 'tasks', 'run', 'foreign_1_live', 'save_foreign_1', 'scheduled__2025-09-05T20:39:00+00:00', '--job-id', '120600', '--raw', '--subdir', 'DAGS_FOLDER/dag_foreign_1_live.py', '--cfg-path', '/tmp/tmp3rpw7zci']
[2025-09-05T20:40:01.869+0000] {standard_task_runner.py:91} INFO - Job 120600: Subtask save_foreign_1
[2025-09-05T20:40:01.924+0000] {task_command.py:426} INFO - Running <TaskInstance: foreign_1_live.save_foreign_1 scheduled__2025-09-05T20:39:00+00:00 [running]> on host d4d2fe648a81
[2025-09-05T20:40:02.015+0000] {taskinstance.py:2648} INFO - Exporting env vars: AIRFLOW_CTX_DAG_OWNER='***' AIRFLOW_CTX_DAG_ID='foreign_1_live' AIRFLOW_CTX_TASK_ID='save_foreign_1' AIRFLOW_CTX_EXECUTION_DATE='2025-09-05T20:39:00+00:00' AIRFLOW_CTX_TRY_NUMBER='1' AIRFLOW_CTX_DAG_RUN_ID='scheduled__2025-09-05T20:39:00+00:00'
[2025-09-05T20:40:02.017+0000] {taskinstance.py:430} INFO - ::endgroup::
[2025-09-05T20:40:02.030+0000] {foreign_1.py:18} INFO - Kết nối DB
[2025-09-05T20:40:02.638+0000] {foreign_1.py:28} INFO - Đã lưu foreign_ALL
[2025-09-05T20:40:02.639+0000] {foreign_1.py:18} INFO - Kết nối DB
[2025-09-05T20:40:03.278+0000] {foreign_1.py:28} INFO - Đã lưu foreign_HOSE
[2025-09-05T20:40:03.279+0000] {foreign_1.py:18} INFO - Kết nối DB
[2025-09-05T20:40:03.850+0000] {foreign_1.py:28} INFO - Đã lưu foreign_HNX
[2025-09-05T20:40:03.852+0000] {foreign_1.py:18} INFO - Kết nối DB
[2025-09-05T20:40:04.404+0000] {foreign_1.py:28} INFO - Đã lưu foreign_UPCOM
[2025-09-05T20:40:04.405+0000] {python.py:237} INFO - Done. Returned value was: None
[2025-09-05T20:40:04.406+0000] {taskinstance.py:441} INFO - ::group::Post task execution logs
[2025-09-05T20:40:04.424+0000] {taskinstance.py:1206} INFO - Marking task as SUCCESS. dag_id=foreign_1_live, task_id=save_foreign_1, run_id=scheduled__2025-09-05T20:39:00+00:00, execution_date=20250905T203900, start_date=20250905T204001, end_date=20250905T204004
[2025-09-05T20:40:04.485+0000] {local_task_job_runner.py:240} INFO - Task exited with return code 0
[2025-09-05T20:40:04.520+0000] {taskinstance.py:3498} INFO - 4 downstream tasks scheduled from follow-on schedule check
[2025-09-05T20:40:04.521+0000] {local_task_job_runner.py:222} INFO - ::endgroup::
