[2025-09-03T15:09:19.946+0000] {local_task_job_runner.py:120} INFO - ::group::Pre task execution logs
[2025-09-03T15:09:19.973+0000] {taskinstance.py:2076} INFO - Dependencies all met for dep_context=non-requeueable deps ti=<TaskInstance: foreign_1_live.save_foreign_1 scheduled__2025-09-03T13:54:00+00:00 [queued]>
[2025-09-03T15:09:19.983+0000] {taskinstance.py:2076} INFO - Dependencies all met for dep_context=requeueable deps ti=<TaskInstance: foreign_1_live.save_foreign_1 scheduled__2025-09-03T13:54:00+00:00 [queued]>
[2025-09-03T15:09:19.983+0000] {taskinstance.py:2306} INFO - Starting attempt 1 of 11
[2025-09-03T15:09:19.999+0000] {taskinstance.py:2330} INFO - Executing <Task(PythonOperator): save_foreign_1> on 2025-09-03 13:54:00+00:00
[2025-09-03T15:09:20.006+0000] {standard_task_runner.py:63} INFO - Started process 2778848 to run task
[2025-09-03T15:09:20.011+0000] {standard_task_runner.py:90} INFO - Running: ['***', 'tasks', 'run', 'foreign_1_live', 'save_foreign_1', 'scheduled__2025-09-03T13:54:00+00:00', '--job-id', '78785', '--raw', '--subdir', 'DAGS_FOLDER/dag_foreign_1_live.py', '--cfg-path', '/tmp/tmp0_nmhk2i']
[2025-09-03T15:09:20.013+0000] {standard_task_runner.py:91} INFO - Job 78785: Subtask save_foreign_1
[2025-09-03T15:09:20.075+0000] {task_command.py:426} INFO - Running <TaskInstance: foreign_1_live.save_foreign_1 scheduled__2025-09-03T13:54:00+00:00 [running]> on host 1877907bc043
[2025-09-03T15:09:20.178+0000] {taskinstance.py:2648} INFO - Exporting env vars: AIRFLOW_CTX_DAG_OWNER='***' AIRFLOW_CTX_DAG_ID='foreign_1_live' AIRFLOW_CTX_TASK_ID='save_foreign_1' AIRFLOW_CTX_EXECUTION_DATE='2025-09-03T13:54:00+00:00' AIRFLOW_CTX_TRY_NUMBER='1' AIRFLOW_CTX_DAG_RUN_ID='scheduled__2025-09-03T13:54:00+00:00'
[2025-09-03T15:09:20.179+0000] {taskinstance.py:430} INFO - ::endgroup::
[2025-09-03T15:09:20.193+0000] {foreign_1.py:18} INFO - Kết nối DB
[2025-09-03T15:09:20.754+0000] {foreign_1.py:28} INFO - Đã lưu foreign_ALL
[2025-09-03T15:09:20.755+0000] {foreign_1.py:18} INFO - Kết nối DB
[2025-09-03T15:09:21.284+0000] {foreign_1.py:28} INFO - Đã lưu foreign_HOSE
[2025-09-03T15:09:21.286+0000] {foreign_1.py:18} INFO - Kết nối DB
[2025-09-03T15:09:21.847+0000] {foreign_1.py:28} INFO - Đã lưu foreign_HNX
[2025-09-03T15:09:21.849+0000] {foreign_1.py:18} INFO - Kết nối DB
[2025-09-03T15:09:22.354+0000] {foreign_1.py:28} INFO - Đã lưu foreign_UPCOM
[2025-09-03T15:09:22.355+0000] {python.py:237} INFO - Done. Returned value was: None
[2025-09-03T15:09:22.355+0000] {taskinstance.py:441} INFO - ::group::Post task execution logs
[2025-09-03T15:09:22.370+0000] {taskinstance.py:1206} INFO - Marking task as SUCCESS. dag_id=foreign_1_live, task_id=save_foreign_1, run_id=scheduled__2025-09-03T13:54:00+00:00, execution_date=20250903T135400, start_date=20250903T150919, end_date=20250903T150922
[2025-09-03T15:09:22.429+0000] {local_task_job_runner.py:240} INFO - Task exited with return code 0
[2025-09-03T15:09:22.445+0000] {local_task_job_runner.py:222} INFO - ::endgroup::
