[2025-09-01T10:26:21.488+0000] {local_task_job_runner.py:120} INFO - ::group::Pre task execution logs
[2025-09-01T10:26:21.519+0000] {taskinstance.py:2076} INFO - Dependencies all met for dep_context=non-requeueable deps ti=<TaskInstance: market_table_foreign.foreign_HNX scheduled__2025-08-31T17:19:00+00:00 [queued]>
[2025-09-01T10:26:21.529+0000] {taskinstance.py:2076} INFO - Dependencies all met for dep_context=requeueable deps ti=<TaskInstance: market_table_foreign.foreign_HNX scheduled__2025-08-31T17:19:00+00:00 [queued]>
[2025-09-01T10:26:21.529+0000] {taskinstance.py:2306} INFO - Starting attempt 1 of 11
[2025-09-01T10:26:21.542+0000] {taskinstance.py:2330} INFO - Executing <Task(PythonOperator): foreign_HNX> on 2025-08-31 17:19:00+00:00
[2025-09-01T10:26:21.550+0000] {standard_task_runner.py:63} INFO - Started process 2318264 to run task
[2025-09-01T10:26:21.555+0000] {standard_task_runner.py:90} INFO - Running: ['***', 'tasks', 'run', 'market_table_foreign', 'foreign_HNX', 'scheduled__2025-08-31T17:19:00+00:00', '--job-id', '42219', '--raw', '--subdir', 'DAGS_FOLDER/dag_market_live.py', '--cfg-path', '/tmp/tmpue7meas5']
[2025-09-01T10:26:21.560+0000] {standard_task_runner.py:91} INFO - Job 42219: Subtask foreign_HNX
[2025-09-01T10:26:21.624+0000] {task_command.py:426} INFO - Running <TaskInstance: market_table_foreign.foreign_HNX scheduled__2025-08-31T17:19:00+00:00 [running]> on host 1877907bc043
[2025-09-01T10:26:21.729+0000] {taskinstance.py:2648} INFO - Exporting env vars: AIRFLOW_CTX_DAG_OWNER='***' AIRFLOW_CTX_DAG_ID='market_table_foreign' AIRFLOW_CTX_TASK_ID='foreign_HNX' AIRFLOW_CTX_EXECUTION_DATE='2025-08-31T17:19:00+00:00' AIRFLOW_CTX_TRY_NUMBER='1' AIRFLOW_CTX_DAG_RUN_ID='scheduled__2025-08-31T17:19:00+00:00'
[2025-09-01T10:26:21.730+0000] {taskinstance.py:430} INFO - ::endgroup::
[2025-09-01T10:26:21.744+0000] {foreign_HNX.py:17} INFO - Kết nối DB
[2025-09-01T10:26:22.036+0000] {foreign_HNX.py:42} INFO - Đã lưu foreign_HNX
[2025-09-01T10:26:22.037+0000] {python.py:237} INFO - Done. Returned value was: None
[2025-09-01T10:26:22.038+0000] {taskinstance.py:441} INFO - ::group::Post task execution logs
[2025-09-01T10:26:22.056+0000] {taskinstance.py:1206} INFO - Marking task as SUCCESS. dag_id=market_table_foreign, task_id=foreign_HNX, run_id=scheduled__2025-08-31T17:19:00+00:00, execution_date=20250831T171900, start_date=20250901T102621, end_date=20250901T102622
[2025-09-01T10:26:22.127+0000] {local_task_job_runner.py:240} INFO - Task exited with return code 0
[2025-09-01T10:26:22.153+0000] {taskinstance.py:3498} INFO - 0 downstream tasks scheduled from follow-on schedule check
[2025-09-01T10:26:22.154+0000] {local_task_job_runner.py:222} INFO - ::endgroup::
[2025-09-01T10:27:26.698+0000] {local_task_job_runner.py:120} INFO - ::group::Pre task execution logs
[2025-09-01T10:27:26.730+0000] {taskinstance.py:2076} INFO - Dependencies all met for dep_context=non-requeueable deps ti=<TaskInstance: market_table_foreign.foreign_HNX scheduled__2025-08-31T17:19:00+00:00 [queued]>
[2025-09-01T10:27:26.740+0000] {taskinstance.py:2076} INFO - Dependencies all met for dep_context=requeueable deps ti=<TaskInstance: market_table_foreign.foreign_HNX scheduled__2025-08-31T17:19:00+00:00 [queued]>
[2025-09-01T10:27:26.740+0000] {taskinstance.py:2306} INFO - Starting attempt 1 of 11
[2025-09-01T10:27:26.752+0000] {taskinstance.py:2330} INFO - Executing <Task(PythonOperator): foreign_HNX> on 2025-08-31 17:19:00+00:00
[2025-09-01T10:27:26.759+0000] {standard_task_runner.py:63} INFO - Started process 2319050 to run task
[2025-09-01T10:27:26.763+0000] {standard_task_runner.py:90} INFO - Running: ['***', 'tasks', 'run', 'market_table_foreign', 'foreign_HNX', 'scheduled__2025-08-31T17:19:00+00:00', '--job-id', '42449', '--raw', '--subdir', 'DAGS_FOLDER/dag_market_live.py', '--cfg-path', '/tmp/tmpo_znvxsa']
[2025-09-01T10:27:26.766+0000] {standard_task_runner.py:91} INFO - Job 42449: Subtask foreign_HNX
[2025-09-01T10:27:26.824+0000] {task_command.py:426} INFO - Running <TaskInstance: market_table_foreign.foreign_HNX scheduled__2025-08-31T17:19:00+00:00 [running]> on host 1877907bc043
[2025-09-01T10:27:26.935+0000] {taskinstance.py:2648} INFO - Exporting env vars: AIRFLOW_CTX_DAG_OWNER='***' AIRFLOW_CTX_DAG_ID='market_table_foreign' AIRFLOW_CTX_TASK_ID='foreign_HNX' AIRFLOW_CTX_EXECUTION_DATE='2025-08-31T17:19:00+00:00' AIRFLOW_CTX_TRY_NUMBER='1' AIRFLOW_CTX_DAG_RUN_ID='scheduled__2025-08-31T17:19:00+00:00'
[2025-09-01T10:27:26.936+0000] {taskinstance.py:430} INFO - ::endgroup::
[2025-09-01T10:27:26.957+0000] {foreign_HNX.py:17} INFO - Kết nối DB
[2025-09-01T10:27:27.310+0000] {foreign_HNX.py:42} INFO - Đã lưu foreign_HNX
[2025-09-01T10:27:27.311+0000] {python.py:237} INFO - Done. Returned value was: None
[2025-09-01T10:27:27.311+0000] {taskinstance.py:441} INFO - ::group::Post task execution logs
[2025-09-01T10:27:27.323+0000] {taskinstance.py:1206} INFO - Marking task as SUCCESS. dag_id=market_table_foreign, task_id=foreign_HNX, run_id=scheduled__2025-08-31T17:19:00+00:00, execution_date=20250831T171900, start_date=20250901T102726, end_date=20250901T102727
[2025-09-01T10:27:27.376+0000] {local_task_job_runner.py:240} INFO - Task exited with return code 0
[2025-09-01T10:27:27.395+0000] {taskinstance.py:3498} INFO - 0 downstream tasks scheduled from follow-on schedule check
[2025-09-01T10:27:27.396+0000] {local_task_job_runner.py:222} INFO - ::endgroup::
