[2025-09-07T05:16:02.009+0000] {local_task_job_runner.py:120} INFO - ::group::Pre task execution logs
[2025-09-07T05:16:02.233+0000] {taskinstance.py:2076} INFO - Dependencies all met for dep_context=non-requeueable deps ti=<TaskInstance: liquidity.save_liquidity scheduled__2025-09-07T05:15:00+00:00 [queued]>
[2025-09-07T05:16:02.242+0000] {taskinstance.py:2076} INFO - Dependencies all met for dep_context=requeueable deps ti=<TaskInstance: liquidity.save_liquidity scheduled__2025-09-07T05:15:00+00:00 [queued]>
[2025-09-07T05:16:02.243+0000] {taskinstance.py:2306} INFO - Starting attempt 1 of 11
[2025-09-07T05:16:02.256+0000] {taskinstance.py:2330} INFO - Executing <Task(PythonOperator): save_liquidity> on 2025-09-07 05:15:00+00:00
[2025-09-07T05:16:02.265+0000] {standard_task_runner.py:63} INFO - Started process 146339 to run task
[2025-09-07T05:16:02.270+0000] {standard_task_runner.py:90} INFO - Running: ['***', 'tasks', 'run', 'liquidity', 'save_liquidity', 'scheduled__2025-09-07T05:15:00+00:00', '--job-id', '142175', '--raw', '--subdir', 'DAGS_FOLDER/dag_liquidity.py', '--cfg-path', '/tmp/tmpl5n0u59r']
[2025-09-07T05:16:02.273+0000] {standard_task_runner.py:91} INFO - Job 142175: Subtask save_liquidity
[2025-09-07T05:16:02.331+0000] {task_command.py:426} INFO - Running <TaskInstance: liquidity.save_liquidity scheduled__2025-09-07T05:15:00+00:00 [running]> on host 8d9cea3aac78
[2025-09-07T05:16:02.483+0000] {taskinstance.py:2648} INFO - Exporting env vars: AIRFLOW_CTX_DAG_OWNER='***' AIRFLOW_CTX_DAG_ID='liquidity' AIRFLOW_CTX_TASK_ID='save_liquidity' AIRFLOW_CTX_EXECUTION_DATE='2025-09-07T05:15:00+00:00' AIRFLOW_CTX_TRY_NUMBER='1' AIRFLOW_CTX_DAG_RUN_ID='scheduled__2025-09-07T05:15:00+00:00'
[2025-09-07T05:16:02.485+0000] {taskinstance.py:430} INFO - ::endgroup::
[2025-09-07T05:16:03.465+0000] {liquidity.py:95} ERROR - Lỗi lưu liquidity_ALL
Traceback (most recent call last):
  File "/opt/airflow/dags/utils/market_history/liquidity/liquidity.py", line 84, in save_liquidity
    data=liquidity(realsymbol)
  File "/opt/airflow/dags/utils/market_history/liquidity/liquidity.py", line 56, in liquidity
    data = response.json()[0]
IndexError: list index out of range
[2025-09-07T05:16:04.227+0000] {liquidity.py:95} ERROR - Lỗi lưu liquidity_HOSE
Traceback (most recent call last):
  File "/opt/airflow/dags/utils/market_history/liquidity/liquidity.py", line 84, in save_liquidity
    data=liquidity(realsymbol)
  File "/opt/airflow/dags/utils/market_history/liquidity/liquidity.py", line 56, in liquidity
    data = response.json()[0]
IndexError: list index out of range
[2025-09-07T05:16:04.998+0000] {liquidity.py:95} ERROR - Lỗi lưu liquidity_HNX
Traceback (most recent call last):
  File "/opt/airflow/dags/utils/market_history/liquidity/liquidity.py", line 84, in save_liquidity
    data=liquidity(realsymbol)
  File "/opt/airflow/dags/utils/market_history/liquidity/liquidity.py", line 56, in liquidity
    data = response.json()[0]
IndexError: list index out of range
[2025-09-07T05:16:05.566+0000] {liquidity.py:95} ERROR - Lỗi lưu liquidity_UPCOM
Traceback (most recent call last):
  File "/opt/airflow/dags/utils/market_history/liquidity/liquidity.py", line 84, in save_liquidity
    data=liquidity(realsymbol)
  File "/opt/airflow/dags/utils/market_history/liquidity/liquidity.py", line 56, in liquidity
    data = response.json()[0]
IndexError: list index out of range
[2025-09-07T05:16:05.568+0000] {python.py:237} INFO - Done. Returned value was: None
[2025-09-07T05:16:05.568+0000] {taskinstance.py:441} INFO - ::group::Post task execution logs
[2025-09-07T05:16:05.582+0000] {taskinstance.py:1206} INFO - Marking task as SUCCESS. dag_id=liquidity, task_id=save_liquidity, run_id=scheduled__2025-09-07T05:15:00+00:00, execution_date=20250907T051500, start_date=20250907T051602, end_date=20250907T051605
[2025-09-07T05:16:05.651+0000] {local_task_job_runner.py:240} INFO - Task exited with return code 0
[2025-09-07T05:16:05.674+0000] {taskinstance.py:3503} INFO - 0 downstream tasks scheduled from follow-on schedule check
[2025-09-07T05:16:05.675+0000] {local_task_job_runner.py:222} INFO - ::endgroup::
