[2025-09-03T02:09:01.750+0000] {local_task_job_runner.py:120} INFO - ::group::Pre task execution logs
[2025-09-03T02:09:01.775+0000] {taskinstance.py:2076} INFO - Dependencies all met for dep_context=non-requeueable deps ti=<TaskInstance: crypto_collector_dag.run_crypto_collector scheduled__2025-09-03T02:08:00+00:00 [queued]>
[2025-09-03T02:09:01.783+0000] {taskinstance.py:2076} INFO - Dependencies all met for dep_context=requeueable deps ti=<TaskInstance: crypto_collector_dag.run_crypto_collector scheduled__2025-09-03T02:08:00+00:00 [queued]>
[2025-09-03T02:09:01.784+0000] {taskinstance.py:2306} INFO - Starting attempt 1 of 2
[2025-09-03T02:09:01.796+0000] {taskinstance.py:2330} INFO - Executing <Task(BashOperator): run_crypto_collector> on 2025-09-03 02:08:00+00:00
[2025-09-03T02:09:01.803+0000] {standard_task_runner.py:63} INFO - Started process 2636670 to run task
[2025-09-03T02:09:01.807+0000] {standard_task_runner.py:90} INFO - Running: ['***', 'tasks', 'run', 'crypto_collector_dag', 'run_crypto_collector', 'scheduled__2025-09-03T02:08:00+00:00', '--job-id', '65344', '--raw', '--subdir', 'DAGS_FOLDER/crawl_crypto/dags_crypto.py', '--cfg-path', '/tmp/tmpcar0mpa2']
[2025-09-03T02:09:01.808+0000] {standard_task_runner.py:91} INFO - Job 65344: Subtask run_crypto_collector
[2025-09-03T02:09:01.867+0000] {task_command.py:426} INFO - Running <TaskInstance: crypto_collector_dag.run_crypto_collector scheduled__2025-09-03T02:08:00+00:00 [running]> on host 1877907bc043
[2025-09-03T02:09:01.977+0000] {taskinstance.py:2648} INFO - Exporting env vars: AIRFLOW_CTX_DAG_OWNER='***' AIRFLOW_CTX_DAG_ID='crypto_collector_dag' AIRFLOW_CTX_TASK_ID='run_crypto_collector' AIRFLOW_CTX_EXECUTION_DATE='2025-09-03T02:08:00+00:00' AIRFLOW_CTX_TRY_NUMBER='1' AIRFLOW_CTX_DAG_RUN_ID='scheduled__2025-09-03T02:08:00+00:00'
[2025-09-03T02:09:01.978+0000] {taskinstance.py:430} INFO - ::endgroup::
[2025-09-03T02:09:01.995+0000] {subprocess.py:63} INFO - Tmp dir root location: /tmp
[2025-09-03T02:09:01.996+0000] {subprocess.py:75} INFO - Running command: ['/usr/bin/bash', '-c', 'python3 /opt/***/dags/crawl_crypto/crawl_data_crypto.py']
[2025-09-03T02:09:02.009+0000] {subprocess.py:86} INFO - Output:
[2025-09-03T02:09:07.699+0000] {subprocess.py:93} INFO - 🔹 Kết nối DB...
[2025-09-03T02:09:07.699+0000] {subprocess.py:93} INFO - 🔹 Lấy top 100 crypto...
[2025-09-03T02:09:07.700+0000] {subprocess.py:93} INFO - Top 100: ['ETHUSDT', 'BTCUSDT', 'USDCUSDT', 'SOLUSDT', 'WLFIUSDT', 'XRPUSDT', 'FDUSDUSDT', 'DOGEUSDT', 'ENAUSDT', 'PLUMEUSDT', 'BNBUSDT', 'TRXUSDT', 'LINKUSDT', 'SOMIUSDT', 'ADAUSDT', 'SUIUSDT', 'AVAXUSDT', 'PEPEUSDT', 'PENGUUSDT', 'USD1USDT', 'ARBUSDT', 'BCHUSDT', 'LTCUSDT', 'POLUSDT', 'TRUMPUSDT', 'BONKUSDT', 'AAVEUSDT', 'UNIUSDT', 'HBARUSDT', 'ONDOUSDT', 'SEIUSDT', 'XLMUSDT', 'WIFUSDT', 'PAXGUSDT', 'DOLOUSDT', 'NEARUSDT', 'ETHFIUSDT', 'MKRUSDT', 'EURUSDT', 'MAVUSDT', 'PYTHUSDT', 'PNUTUSDT', 'WLDUSDT', 'APTUSDT', 'DOTUSDT', 'SYRUPUSDT', 'FORMUSDT', 'BIOUSDT', 'CFXUSDT', 'SHIBUSDT', 'BEAMXUSDT', 'FILUSDT', 'LDOUSDT', 'CRVUSDT', 'OPUSDT', 'RAYUSDT', 'TAOUSDT', 'PENDLEUSDT', 'LRCUSDT', 'SUSDT', 'A2ZUSDT', 'MITOUSDT', 'FLOKIUSDT', 'VIRTUALUSDT', 'BERAUSDT', 'INJUSDT', 'TONUSDT', 'TIAUSDT', 'HFTUSDT', 'NEIROUSDT', 'GALAUSDT', 'PROVEUSDT', 'WBTCUSDT', 'RUNEUSDT', 'FETUSDT', 'ETCUSDT', 'ICPUSDT', 'XVSUSDT', 'EIGENUSDT', 'CAKEUSDT', 'BBUSDT', 'RLCUSDT', 'NTRNUSDT', 'BFUSDUSDT', 'DYDXUSDT', 'JUPUSDT', 'SKLUSDT', 'CTSIUSDT', 'ORDIUSDT', 'MEMEUSDT', 'ALGOUSDT', 'OMUSDT', 'NMRUSDT', 'VETUSDT', 'RENDERUSDT', 'ARKMUSDT', 'THETAUSDT', 'NEOUSDT', 'CUSDT', 'ATOMUSDT']
[2025-09-03T02:09:07.700+0000] {subprocess.py:93} INFO - 🔹 Lưu lịch sử giá vào DB bằng threading...
[2025-09-03T02:09:07.700+0000] {subprocess.py:93} INFO - ✅ ETHUSDT: thêm 1 dòng mới
[2025-09-03T02:09:07.701+0000] {subprocess.py:93} INFO - ✅ SOLUSDT: thêm 1 dòng mới
[2025-09-03T02:09:07.701+0000] {subprocess.py:93} INFO - 1/100 ETHUSDT lưu OK
[2025-09-03T02:09:07.701+0000] {subprocess.py:93} INFO - 2/100 SOLUSDT lưu OK
[2025-09-03T02:09:07.701+0000] {subprocess.py:93} INFO - 3/100 WLFIUSDT lỗi: relation "cryptocurrency.wlfiusdt" does not exist
[2025-09-03T02:09:07.701+0000] {subprocess.py:93} INFO - LINE 1: SELECT MAX(time) FROM cryptocurrency.wlfiusdt;
[2025-09-03T02:09:07.702+0000] {subprocess.py:93} INFO -                               ^
[2025-09-03T02:09:07.702+0000] {subprocess.py:93} INFO - 
[2025-09-03T02:09:07.702+0000] {subprocess.py:93} INFO - ✅ USDCUSDT: thêm 1 dòng mới
[2025-09-03T02:09:07.702+0000] {subprocess.py:93} INFO - 4/100 USDCUSDT lưu OK
[2025-09-03T02:09:07.703+0000] {subprocess.py:93} INFO - ✅ FDUSDUSDT: thêm 1 dòng mới
[2025-09-03T02:09:07.703+0000] {subprocess.py:93} INFO - ✅ XRPUSDT: thêm 1 dòng mới
[2025-09-03T02:09:07.703+0000] {subprocess.py:93} INFO - 5/100 FDUSDUSDT lưu OK
[2025-09-03T02:09:07.703+0000] {subprocess.py:93} INFO - 6/100 XRPUSDT lưu OK
[2025-09-03T02:09:07.703+0000] {subprocess.py:93} INFO - ✅ BTCUSDT: thêm 1 dòng mới
[2025-09-03T02:09:07.704+0000] {subprocess.py:93} INFO - 7/100 PLUMEUSDT lỗi: relation "cryptocurrency.plumeusdt" does not exist
[2025-09-03T02:09:07.704+0000] {subprocess.py:93} INFO - LINE 1: SELECT MAX(time) FROM cryptocurrency.plumeusdt;
[2025-09-03T02:09:07.704+0000] {subprocess.py:93} INFO -                               ^
[2025-09-03T02:09:07.704+0000] {subprocess.py:93} INFO - 
[2025-09-03T02:09:07.704+0000] {subprocess.py:93} INFO - 8/100 BTCUSDT lưu OK
[2025-09-03T02:09:07.704+0000] {subprocess.py:93} INFO - ✅ ENAUSDT: thêm 1 dòng mới
[2025-09-03T02:09:07.705+0000] {subprocess.py:93} INFO - 9/100 ENAUSDT lưu OK
[2025-09-03T02:09:07.705+0000] {subprocess.py:93} INFO - ✅ DOGEUSDT: thêm 1 dòng mới
[2025-09-03T02:09:07.705+0000] {subprocess.py:93} INFO - 10/100 DOGEUSDT lưu OK
[2025-09-03T02:09:07.705+0000] {subprocess.py:93} INFO - ✅ TRXUSDT: thêm 1 dòng mới
[2025-09-03T02:09:07.705+0000] {subprocess.py:93} INFO - 11/100 TRXUSDT lưu OK
[2025-09-03T02:09:07.705+0000] {subprocess.py:93} INFO - ✅ BNBUSDT: thêm 1 dòng mới
[2025-09-03T02:09:07.706+0000] {subprocess.py:93} INFO - 12/100 BNBUSDT lưu OK
[2025-09-03T02:09:07.706+0000] {subprocess.py:93} INFO - 13/100 SOMIUSDT lỗi: relation "cryptocurrency.somiusdt" does not exist
[2025-09-03T02:09:07.706+0000] {subprocess.py:93} INFO - LINE 1: SELECT MAX(time) FROM cryptocurrency.somiusdt;
[2025-09-03T02:09:07.706+0000] {subprocess.py:93} INFO -                               ^
[2025-09-03T02:09:07.706+0000] {subprocess.py:93} INFO - 
[2025-09-03T02:09:07.707+0000] {subprocess.py:93} INFO - ✅ LINKUSDT: thêm 1 dòng mới
[2025-09-03T02:09:07.707+0000] {subprocess.py:93} INFO - 14/100 LINKUSDT lưu OK
[2025-09-03T02:09:07.707+0000] {subprocess.py:93} INFO - ✅ SUIUSDT: thêm 1 dòng mới
[2025-09-03T02:09:07.707+0000] {subprocess.py:93} INFO - 15/100 SUIUSDT lưu OK
[2025-09-03T02:09:07.707+0000] {subprocess.py:93} INFO - ✅ AVAXUSDT: thêm 1 dòng mới
[2025-09-03T02:09:07.707+0000] {subprocess.py:93} INFO - 16/100 AVAXUSDT lưu OK
[2025-09-03T02:09:07.708+0000] {subprocess.py:93} INFO - ✅ PENGUUSDT: thêm 1 dòng mới
[2025-09-03T02:09:07.708+0000] {subprocess.py:93} INFO - ✅ ADAUSDT: thêm 1 dòng mới
[2025-09-03T02:09:07.708+0000] {subprocess.py:93} INFO - 17/100 PENGUUSDT lưu OK
[2025-09-03T02:09:07.708+0000] {subprocess.py:93} INFO - 18/100 ADAUSDT lưu OK
[2025-09-03T02:09:07.708+0000] {subprocess.py:93} INFO - ✅ PEPEUSDT: thêm 1 dòng mới
[2025-09-03T02:09:07.708+0000] {subprocess.py:93} INFO - 19/100 PEPEUSDT lưu OK
[2025-09-03T02:09:07.709+0000] {subprocess.py:93} INFO - 20/100 USD1USDT lỗi: relation "cryptocurrency.usd1usdt" does not exist
[2025-09-03T02:09:07.709+0000] {subprocess.py:93} INFO - LINE 1: SELECT MAX(time) FROM cryptocurrency.usd1usdt;
[2025-09-03T02:09:07.709+0000] {subprocess.py:93} INFO -                               ^
[2025-09-03T02:09:07.709+0000] {subprocess.py:93} INFO - 
[2025-09-03T02:09:07.709+0000] {subprocess.py:93} INFO - ✅ ARBUSDT: thêm 1 dòng mới
[2025-09-03T02:09:07.709+0000] {subprocess.py:93} INFO - 21/100 ARBUSDT lưu OK
[2025-09-03T02:09:07.710+0000] {subprocess.py:93} INFO - ✅ BCHUSDT: thêm 1 dòng mới
[2025-09-03T02:09:07.710+0000] {subprocess.py:93} INFO - 22/100 BCHUSDT lưu OK
[2025-09-03T02:09:07.710+0000] {subprocess.py:93} INFO - ✅ LTCUSDT: thêm 1 dòng mới
[2025-09-03T02:09:07.710+0000] {subprocess.py:93} INFO - 23/100 LTCUSDT lưu OK
[2025-09-03T02:09:07.710+0000] {subprocess.py:93} INFO - ✅ TRUMPUSDT: thêm 1 dòng mới
[2025-09-03T02:09:07.711+0000] {subprocess.py:93} INFO - 24/100 TRUMPUSDT lưu OK
[2025-09-03T02:09:07.711+0000] {subprocess.py:93} INFO - ✅ BONKUSDT: thêm 1 dòng mới
[2025-09-03T02:09:07.711+0000] {subprocess.py:93} INFO - 25/100 BONKUSDT lưu OK
[2025-09-03T02:09:07.711+0000] {subprocess.py:93} INFO - ✅ POLUSDT: thêm 1 dòng mới
[2025-09-03T02:09:07.711+0000] {subprocess.py:93} INFO - 26/100 POLUSDT lưu OK
[2025-09-03T02:09:07.711+0000] {subprocess.py:93} INFO - ✅ AAVEUSDT: thêm 1 dòng mới
[2025-09-03T02:09:07.712+0000] {subprocess.py:93} INFO - 27/100 AAVEUSDT lưu OK
[2025-09-03T02:09:07.712+0000] {subprocess.py:93} INFO - ✅ HBARUSDT: thêm 1 dòng mới
[2025-09-03T02:09:07.712+0000] {subprocess.py:93} INFO - 28/100 HBARUSDT lưu OK
[2025-09-03T02:09:07.712+0000] {subprocess.py:93} INFO - ✅ UNIUSDT: thêm 1 dòng mới
[2025-09-03T02:09:07.712+0000] {subprocess.py:93} INFO - 29/100 UNIUSDT lưu OK
[2025-09-03T02:09:07.712+0000] {subprocess.py:93} INFO - ✅ ONDOUSDT: thêm 1 dòng mới
[2025-09-03T02:09:07.713+0000] {subprocess.py:93} INFO - 30/100 ONDOUSDT lưu OK
[2025-09-03T02:09:07.713+0000] {subprocess.py:93} INFO - ✅ XLMUSDT: thêm 1 dòng mới
[2025-09-03T02:09:07.713+0000] {subprocess.py:93} INFO - 31/100 XLMUSDT lưu OK
[2025-09-03T02:09:07.713+0000] {subprocess.py:93} INFO - ✅ SEIUSDT: thêm 1 dòng mới
[2025-09-03T02:09:07.713+0000] {subprocess.py:93} INFO - 32/100 SEIUSDT lưu OK
[2025-09-03T02:09:07.714+0000] {subprocess.py:93} INFO - ✅ WIFUSDT: thêm 1 dòng mới
[2025-09-03T02:09:07.714+0000] {subprocess.py:93} INFO - 33/100 WIFUSDT lưu OK
[2025-09-03T02:09:07.714+0000] {subprocess.py:93} INFO - 34/100 PAXGUSDT lỗi: relation "cryptocurrency.paxgusdt" does not exist
[2025-09-03T02:09:07.714+0000] {subprocess.py:93} INFO - LINE 1: SELECT MAX(time) FROM cryptocurrency.paxgusdt;
[2025-09-03T02:09:07.714+0000] {subprocess.py:93} INFO -                               ^
[2025-09-03T02:09:07.714+0000] {subprocess.py:93} INFO - 
[2025-09-03T02:09:07.715+0000] {subprocess.py:93} INFO - 35/100 DOLOUSDT lỗi: relation "cryptocurrency.dolousdt" does not exist
[2025-09-03T02:09:07.715+0000] {subprocess.py:93} INFO - LINE 1: SELECT MAX(time) FROM cryptocurrency.dolousdt;
[2025-09-03T02:09:07.715+0000] {subprocess.py:93} INFO -                               ^
[2025-09-03T02:09:07.715+0000] {subprocess.py:93} INFO - 
[2025-09-03T02:09:07.715+0000] {subprocess.py:93} INFO - ✅ NEARUSDT: thêm 1 dòng mới
[2025-09-03T02:09:07.715+0000] {subprocess.py:93} INFO - 36/100 NEARUSDT lưu OK
[2025-09-03T02:09:07.716+0000] {subprocess.py:93} INFO - ✅ ETHFIUSDT: thêm 1 dòng mới
[2025-09-03T02:09:07.716+0000] {subprocess.py:93} INFO - 37/100 ETHFIUSDT lưu OK
[2025-09-03T02:09:07.716+0000] {subprocess.py:93} INFO - ✅ MAVUSDT: thêm 1 dòng mới
[2025-09-03T02:09:07.716+0000] {subprocess.py:93} INFO - 38/100 MAVUSDT lưu OK
[2025-09-03T02:09:07.716+0000] {subprocess.py:93} INFO - 39/100 MKRUSDT lỗi: relation "cryptocurrency.mkrusdt" does not exist
[2025-09-03T02:09:07.716+0000] {subprocess.py:93} INFO - LINE 1: SELECT MAX(time) FROM cryptocurrency.mkrusdt;
[2025-09-03T02:09:07.717+0000] {subprocess.py:93} INFO -                               ^
[2025-09-03T02:09:07.717+0000] {subprocess.py:93} INFO - 
[2025-09-03T02:09:07.717+0000] {subprocess.py:93} INFO - ✅ EURUSDT: thêm 1 dòng mới
[2025-09-03T02:09:07.717+0000] {subprocess.py:93} INFO - 40/100 EURUSDT lưu OK
[2025-09-03T02:09:07.717+0000] {subprocess.py:93} INFO - 41/100 PYTHUSDT lỗi: relation "cryptocurrency.pythusdt" does not exist
[2025-09-03T02:09:07.717+0000] {subprocess.py:93} INFO - LINE 1: SELECT MAX(time) FROM cryptocurrency.pythusdt;
[2025-09-03T02:09:07.718+0000] {subprocess.py:93} INFO -                               ^
[2025-09-03T02:09:07.718+0000] {subprocess.py:93} INFO - 
[2025-09-03T02:09:07.718+0000] {subprocess.py:93} INFO - ✅ WLDUSDT: thêm 1 dòng mới
[2025-09-03T02:09:07.718+0000] {subprocess.py:93} INFO - ✅ SYRUPUSDT: thêm 1 dòng mới
[2025-09-03T02:09:07.718+0000] {subprocess.py:93} INFO - 42/100 WLDUSDT lưu OK
[2025-09-03T02:09:07.719+0000] {subprocess.py:93} INFO - 43/100 SYRUPUSDT lưu OK
[2025-09-03T02:09:07.719+0000] {subprocess.py:93} INFO - ✅ PNUTUSDT: thêm 1 dòng mới
[2025-09-03T02:09:07.719+0000] {subprocess.py:93} INFO - ✅ DOTUSDT: thêm 1 dòng mới
[2025-09-03T02:09:07.719+0000] {subprocess.py:93} INFO - ✅ APTUSDT: thêm 1 dòng mới
[2025-09-03T02:09:07.719+0000] {subprocess.py:93} INFO - 44/100 PNUTUSDT lưu OK
[2025-09-03T02:09:07.719+0000] {subprocess.py:93} INFO - 45/100 DOTUSDT lưu OK
[2025-09-03T02:09:07.720+0000] {subprocess.py:93} INFO - 46/100 APTUSDT lưu OK
[2025-09-03T02:09:07.720+0000] {subprocess.py:93} INFO - 47/100 FORMUSDT lỗi: relation "cryptocurrency.formusdt" does not exist
[2025-09-03T02:09:07.720+0000] {subprocess.py:93} INFO - LINE 1: SELECT MAX(time) FROM cryptocurrency.formusdt;
[2025-09-03T02:09:07.720+0000] {subprocess.py:93} INFO -                               ^
[2025-09-03T02:09:07.720+0000] {subprocess.py:93} INFO - 
[2025-09-03T02:09:07.720+0000] {subprocess.py:93} INFO - 48/100 BIOUSDT lỗi: relation "cryptocurrency.biousdt" does not exist
[2025-09-03T02:09:07.721+0000] {subprocess.py:93} INFO - LINE 1: SELECT MAX(time) FROM cryptocurrency.biousdt;
[2025-09-03T02:09:07.721+0000] {subprocess.py:93} INFO -                               ^
[2025-09-03T02:09:07.721+0000] {subprocess.py:93} INFO - 
[2025-09-03T02:09:07.721+0000] {subprocess.py:93} INFO - ✅ CFXUSDT: thêm 1 dòng mới
[2025-09-03T02:09:07.721+0000] {subprocess.py:93} INFO - 49/100 CFXUSDT lưu OK
[2025-09-03T02:09:07.721+0000] {subprocess.py:93} INFO - ✅ SHIBUSDT: thêm 1 dòng mới
[2025-09-03T02:09:07.722+0000] {subprocess.py:93} INFO - 50/100 SHIBUSDT lưu OK
[2025-09-03T02:09:07.722+0000] {subprocess.py:93} INFO - 51/100 BEAMXUSDT lỗi: relation "cryptocurrency.beamxusdt" does not exist
[2025-09-03T02:09:07.722+0000] {subprocess.py:93} INFO - LINE 1: SELECT MAX(time) FROM cryptocurrency.beamxusdt;
[2025-09-03T02:09:07.722+0000] {subprocess.py:93} INFO -                               ^
[2025-09-03T02:09:07.722+0000] {subprocess.py:93} INFO - 
[2025-09-03T02:09:07.722+0000] {subprocess.py:93} INFO - ✅ FILUSDT: thêm 1 dòng mới
[2025-09-03T02:09:07.723+0000] {subprocess.py:93} INFO - 52/100 FILUSDT lưu OK
[2025-09-03T02:09:07.723+0000] {subprocess.py:93} INFO - ✅ LDOUSDT: thêm 1 dòng mới
[2025-09-03T02:09:07.723+0000] {subprocess.py:93} INFO - 53/100 LDOUSDT lưu OK
[2025-09-03T02:09:07.723+0000] {subprocess.py:93} INFO - ✅ OPUSDT: thêm 1 dòng mới
[2025-09-03T02:09:07.723+0000] {subprocess.py:93} INFO - 54/100 OPUSDT lưu OK
[2025-09-03T02:09:07.723+0000] {subprocess.py:93} INFO - ✅ SUSDT: thêm 1 dòng mới
[2025-09-03T02:09:07.724+0000] {subprocess.py:93} INFO - 55/100 SUSDT lưu OK
[2025-09-03T02:09:07.724+0000] {subprocess.py:93} INFO - ✅ TAOUSDT: thêm 1 dòng mới
[2025-09-03T02:09:07.724+0000] {subprocess.py:93} INFO - 56/100 TAOUSDT lưu OK
[2025-09-03T02:09:07.724+0000] {subprocess.py:93} INFO - ✅ CRVUSDT: thêm 1 dòng mới
[2025-09-03T02:09:07.724+0000] {subprocess.py:93} INFO - 57/100 CRVUSDT lưu OK
[2025-09-03T02:09:07.725+0000] {subprocess.py:93} INFO - ✅ RAYUSDT: thêm 1 dòng mới
[2025-09-03T02:09:07.725+0000] {subprocess.py:93} INFO - 58/100 RAYUSDT lưu OK
[2025-09-03T02:09:07.725+0000] {subprocess.py:93} INFO - ✅ PENDLEUSDT: thêm 1 dòng mới
[2025-09-03T02:09:07.725+0000] {subprocess.py:93} INFO - 59/100 PENDLEUSDT lưu OK
[2025-09-03T02:09:07.725+0000] {subprocess.py:93} INFO - ✅ A2ZUSDT: thêm 1 dòng mới
[2025-09-03T02:09:07.725+0000] {subprocess.py:93} INFO - 60/100 A2ZUSDT lưu OK
[2025-09-03T02:09:07.726+0000] {subprocess.py:93} INFO - 61/100 MITOUSDT lỗi: relation "cryptocurrency.mitousdt" does not exist
[2025-09-03T02:09:07.726+0000] {subprocess.py:93} INFO - LINE 1: SELECT MAX(time) FROM cryptocurrency.mitousdt;
[2025-09-03T02:09:07.726+0000] {subprocess.py:93} INFO -                               ^
[2025-09-03T02:09:07.726+0000] {subprocess.py:93} INFO - 
[2025-09-03T02:09:07.726+0000] {subprocess.py:93} INFO - ✅ LRCUSDT: thêm 1 dòng mới
[2025-09-03T02:09:07.726+0000] {subprocess.py:93} INFO - 62/100 LRCUSDT lưu OK
[2025-09-03T02:09:07.727+0000] {subprocess.py:93} INFO - ✅ FLOKIUSDT: thêm 1 dòng mới
[2025-09-03T02:09:07.727+0000] {subprocess.py:93} INFO - 63/100 FLOKIUSDT lưu OK
[2025-09-03T02:09:07.727+0000] {subprocess.py:93} INFO - ✅ VIRTUALUSDT: thêm 1 dòng mới
[2025-09-03T02:09:07.728+0000] {subprocess.py:93} INFO - 64/100 VIRTUALUSDT lưu OK
[2025-09-03T02:09:07.728+0000] {subprocess.py:93} INFO - ✅ BERAUSDT: thêm 1 dòng mới
[2025-09-03T02:09:07.728+0000] {subprocess.py:93} INFO - 65/100 BERAUSDT lưu OK
[2025-09-03T02:09:07.728+0000] {subprocess.py:93} INFO - ✅ TIAUSDT: thêm 1 dòng mới
[2025-09-03T02:09:07.729+0000] {subprocess.py:93} INFO - 66/100 TIAUSDT lưu OK
[2025-09-03T02:09:07.729+0000] {subprocess.py:93} INFO - ✅ INJUSDT: thêm 1 dòng mới
[2025-09-03T02:09:07.729+0000] {subprocess.py:93} INFO - 67/100 INJUSDT lưu OK
[2025-09-03T02:09:07.729+0000] {subprocess.py:93} INFO - ✅ NEIROUSDT: thêm 1 dòng mới
[2025-09-03T02:09:07.730+0000] {subprocess.py:93} INFO - 68/100 NEIROUSDT lưu OK
[2025-09-03T02:09:07.730+0000] {subprocess.py:93} INFO - ✅ TONUSDT: thêm 1 dòng mới
[2025-09-03T02:09:07.730+0000] {subprocess.py:93} INFO - 69/100 TONUSDT lưu OK
[2025-09-03T02:09:07.730+0000] {subprocess.py:93} INFO - ✅ GALAUSDT: thêm 1 dòng mới
[2025-09-03T02:09:07.731+0000] {subprocess.py:93} INFO - 70/100 GALAUSDT lưu OK
[2025-09-03T02:09:07.731+0000] {subprocess.py:93} INFO - ✅ PROVEUSDT: thêm 1 dòng mới
[2025-09-03T02:09:07.731+0000] {subprocess.py:93} INFO - 71/100 HFTUSDT lỗi: relation "cryptocurrency.hftusdt" does not exist
[2025-09-03T02:09:07.731+0000] {subprocess.py:93} INFO - LINE 1: SELECT MAX(time) FROM cryptocurrency.hftusdt;
[2025-09-03T02:09:07.732+0000] {subprocess.py:93} INFO -                               ^
[2025-09-03T02:09:07.732+0000] {subprocess.py:93} INFO - 
[2025-09-03T02:09:07.732+0000] {subprocess.py:93} INFO - 72/100 PROVEUSDT lưu OK
[2025-09-03T02:09:07.732+0000] {subprocess.py:93} INFO - ✅ FETUSDT: thêm 1 dòng mới
[2025-09-03T02:09:07.733+0000] {subprocess.py:93} INFO - 73/100 FETUSDT lưu OK
[2025-09-03T02:09:07.733+0000] {subprocess.py:93} INFO - 74/100 WBTCUSDT lỗi: relation "cryptocurrency.wbtcusdt" does not exist
[2025-09-03T02:09:07.733+0000] {subprocess.py:93} INFO - LINE 1: SELECT MAX(time) FROM cryptocurrency.wbtcusdt;
[2025-09-03T02:09:07.733+0000] {subprocess.py:93} INFO -                               ^
[2025-09-03T02:09:07.734+0000] {subprocess.py:93} INFO - 
[2025-09-03T02:09:07.734+0000] {subprocess.py:93} INFO - 75/100 RUNEUSDT lỗi: relation "cryptocurrency.runeusdt" does not exist
[2025-09-03T02:09:07.734+0000] {subprocess.py:93} INFO - LINE 1: SELECT MAX(time) FROM cryptocurrency.runeusdt;
[2025-09-03T02:09:07.735+0000] {subprocess.py:93} INFO -                               ^
[2025-09-03T02:09:07.735+0000] {subprocess.py:93} INFO - 
[2025-09-03T02:09:07.735+0000] {subprocess.py:93} INFO - ✅ ETCUSDT: thêm 1 dòng mới
[2025-09-03T02:09:07.735+0000] {subprocess.py:93} INFO - 76/100 ETCUSDT lưu OK
[2025-09-03T02:09:07.736+0000] {subprocess.py:93} INFO - ✅ ICPUSDT: thêm 1 dòng mới
[2025-09-03T02:09:07.736+0000] {subprocess.py:93} INFO - 77/100 ICPUSDT lưu OK
[2025-09-03T02:09:07.736+0000] {subprocess.py:93} INFO - ✅ EIGENUSDT: thêm 1 dòng mới
[2025-09-03T02:09:07.736+0000] {subprocess.py:93} INFO - 78/100 EIGENUSDT lưu OK
[2025-09-03T02:09:07.737+0000] {subprocess.py:93} INFO - 79/100 XVSUSDT lỗi: relation "cryptocurrency.xvsusdt" does not exist
[2025-09-03T02:09:07.737+0000] {subprocess.py:93} INFO - LINE 1: SELECT MAX(time) FROM cryptocurrency.xvsusdt;
[2025-09-03T02:09:07.737+0000] {subprocess.py:93} INFO -                               ^
[2025-09-03T02:09:07.737+0000] {subprocess.py:93} INFO - 
[2025-09-03T02:09:07.738+0000] {subprocess.py:93} INFO - 80/100 BBUSDT lỗi: relation "cryptocurrency.bbusdt" does not exist
[2025-09-03T02:09:07.738+0000] {subprocess.py:93} INFO - LINE 1: SELECT MAX(time) FROM cryptocurrency.bbusdt;
[2025-09-03T02:09:07.738+0000] {subprocess.py:93} INFO -                               ^
[2025-09-03T02:09:07.738+0000] {subprocess.py:93} INFO - 
[2025-09-03T02:09:07.739+0000] {subprocess.py:93} INFO - ✅ CAKEUSDT: thêm 1 dòng mới
[2025-09-03T02:09:07.739+0000] {subprocess.py:93} INFO - 81/100 CAKEUSDT lưu OK
[2025-09-03T02:09:07.739+0000] {subprocess.py:93} INFO - 82/100 RLCUSDT lỗi: relation "cryptocurrency.rlcusdt" does not exist
[2025-09-03T02:09:07.739+0000] {subprocess.py:93} INFO - LINE 1: SELECT MAX(time) FROM cryptocurrency.rlcusdt;
[2025-09-03T02:09:07.739+0000] {subprocess.py:93} INFO -                               ^
[2025-09-03T02:09:07.740+0000] {subprocess.py:93} INFO - 
[2025-09-03T02:09:07.740+0000] {subprocess.py:93} INFO - 83/100 NTRNUSDT lỗi: relation "cryptocurrency.ntrnusdt" does not exist
[2025-09-03T02:09:07.740+0000] {subprocess.py:93} INFO - LINE 1: SELECT MAX(time) FROM cryptocurrency.ntrnusdt;
[2025-09-03T02:09:07.741+0000] {subprocess.py:93} INFO -                               ^
[2025-09-03T02:09:07.741+0000] {subprocess.py:93} INFO - 
[2025-09-03T02:09:07.741+0000] {subprocess.py:93} INFO - ✅ BFUSDUSDT: thêm 1 dòng mới
[2025-09-03T02:09:07.741+0000] {subprocess.py:93} INFO - 84/100 BFUSDUSDT lưu OK
[2025-09-03T02:09:07.742+0000] {subprocess.py:93} INFO - 85/100 DYDXUSDT lỗi: relation "cryptocurrency.dydxusdt" does not exist
[2025-09-03T02:09:07.742+0000] {subprocess.py:93} INFO - LINE 1: SELECT MAX(time) FROM cryptocurrency.dydxusdt;
[2025-09-03T02:09:07.742+0000] {subprocess.py:93} INFO -                               ^
[2025-09-03T02:09:08.189+0000] {subprocess.py:93} INFO - 
[2025-09-03T02:09:08.189+0000] {subprocess.py:93} INFO - ✅ SKLUSDT: thêm 1 dòng mới
[2025-09-03T02:09:08.189+0000] {subprocess.py:93} INFO - 86/100 SKLUSDT lưu OK
[2025-09-03T02:09:08.190+0000] {subprocess.py:93} INFO - ✅ ORDIUSDT: thêm 1 dòng mới
[2025-09-03T02:09:08.190+0000] {subprocess.py:93} INFO - 87/100 ORDIUSDT lưu OK
[2025-09-03T02:09:08.190+0000] {subprocess.py:93} INFO - ✅ CTSIUSDT: thêm 1 dòng mới
[2025-09-03T02:09:08.190+0000] {subprocess.py:93} INFO - 88/100 CTSIUSDT lưu OK
[2025-09-03T02:09:08.190+0000] {subprocess.py:93} INFO - 89/100 JUPUSDT lỗi: relation "cryptocurrency.jupusdt" does not exist
[2025-09-03T02:09:08.191+0000] {subprocess.py:93} INFO - LINE 1: SELECT MAX(time) FROM cryptocurrency.jupusdt;
[2025-09-03T02:09:08.191+0000] {subprocess.py:93} INFO -                               ^
[2025-09-03T02:09:08.191+0000] {subprocess.py:93} INFO - 
[2025-09-03T02:09:08.191+0000] {subprocess.py:93} INFO - ✅ ALGOUSDT: thêm 1 dòng mới
[2025-09-03T02:09:08.191+0000] {subprocess.py:93} INFO - 90/100 ALGOUSDT lưu OK
[2025-09-03T02:09:08.192+0000] {subprocess.py:93} INFO - 91/100 MEMEUSDT lỗi: relation "cryptocurrency.memeusdt" does not exist
[2025-09-03T02:09:08.192+0000] {subprocess.py:93} INFO - LINE 1: SELECT MAX(time) FROM cryptocurrency.memeusdt;
[2025-09-03T02:09:08.192+0000] {subprocess.py:93} INFO -                               ^
[2025-09-03T02:09:08.192+0000] {subprocess.py:93} INFO - 
[2025-09-03T02:09:08.193+0000] {subprocess.py:93} INFO - ✅ OMUSDT: thêm 1 dòng mới
[2025-09-03T02:09:08.193+0000] {subprocess.py:93} INFO - 92/100 OMUSDT lưu OK
[2025-09-03T02:09:08.193+0000] {subprocess.py:93} INFO - 93/100 NMRUSDT lỗi: relation "cryptocurrency.nmrusdt" does not exist
[2025-09-03T02:09:08.193+0000] {subprocess.py:93} INFO - LINE 1: SELECT MAX(time) FROM cryptocurrency.nmrusdt;
[2025-09-03T02:09:08.194+0000] {subprocess.py:93} INFO -                               ^
[2025-09-03T02:09:08.194+0000] {subprocess.py:93} INFO - 
[2025-09-03T02:09:08.194+0000] {subprocess.py:93} INFO - 94/100 VETUSDT lỗi: relation "cryptocurrency.vetusdt" does not exist
[2025-09-03T02:09:08.194+0000] {subprocess.py:93} INFO - LINE 1: SELECT MAX(time) FROM cryptocurrency.vetusdt;
[2025-09-03T02:09:08.194+0000] {subprocess.py:93} INFO -                               ^
[2025-09-03T02:09:08.194+0000] {subprocess.py:93} INFO - 
[2025-09-03T02:09:08.195+0000] {subprocess.py:93} INFO - ✅ RENDERUSDT: thêm 1 dòng mới
[2025-09-03T02:09:08.195+0000] {subprocess.py:93} INFO - 95/100 RENDERUSDT lưu OK
[2025-09-03T02:09:08.195+0000] {subprocess.py:93} INFO - ✅ ARKMUSDT: thêm 1 dòng mới
[2025-09-03T02:09:08.195+0000] {subprocess.py:93} INFO - 96/100 ARKMUSDT lưu OK
[2025-09-03T02:09:08.195+0000] {subprocess.py:93} INFO - 97/100 THETAUSDT lỗi: relation "cryptocurrency.thetausdt" does not exist
[2025-09-03T02:09:08.196+0000] {subprocess.py:93} INFO - LINE 1: SELECT MAX(time) FROM cryptocurrency.thetausdt;
[2025-09-03T02:09:08.196+0000] {subprocess.py:93} INFO -                               ^
[2025-09-03T02:09:08.196+0000] {subprocess.py:93} INFO - 
[2025-09-03T02:09:08.196+0000] {subprocess.py:93} INFO - 98/100 CUSDT lỗi: relation "cryptocurrency.cusdt" does not exist
[2025-09-03T02:09:08.196+0000] {subprocess.py:93} INFO - LINE 1: SELECT MAX(time) FROM cryptocurrency.cusdt;
[2025-09-03T02:09:08.197+0000] {subprocess.py:93} INFO -                               ^
[2025-09-03T02:09:08.197+0000] {subprocess.py:93} INFO - 
[2025-09-03T02:09:08.197+0000] {subprocess.py:93} INFO - 99/100 NEOUSDT lỗi: relation "cryptocurrency.neousdt" does not exist
[2025-09-03T02:09:08.197+0000] {subprocess.py:93} INFO - LINE 1: SELECT MAX(time) FROM cryptocurrency.neousdt;
[2025-09-03T02:09:08.197+0000] {subprocess.py:93} INFO -                               ^
[2025-09-03T02:09:08.198+0000] {subprocess.py:93} INFO - 
[2025-09-03T02:09:08.198+0000] {subprocess.py:93} INFO - 100/100 ATOMUSDT lỗi: relation "cryptocurrency.atomusdt" does not exist
[2025-09-03T02:09:08.198+0000] {subprocess.py:93} INFO - LINE 1: SELECT MAX(time) FROM cryptocurrency.atomusdt;
[2025-09-03T02:09:08.198+0000] {subprocess.py:93} INFO -                               ^
[2025-09-03T02:09:08.198+0000] {subprocess.py:93} INFO - 
[2025-09-03T02:09:08.281+0000] {subprocess.py:97} INFO - Command exited with return code 0
[2025-09-03T02:09:08.282+0000] {taskinstance.py:441} INFO - ::group::Post task execution logs
[2025-09-03T02:09:08.308+0000] {taskinstance.py:1206} INFO - Marking task as SUCCESS. dag_id=crypto_collector_dag, task_id=run_crypto_collector, run_id=scheduled__2025-09-03T02:08:00+00:00, execution_date=20250903T020800, start_date=20250903T020901, end_date=20250903T020908
[2025-09-03T02:09:08.368+0000] {local_task_job_runner.py:240} INFO - Task exited with return code 0
[2025-09-03T02:09:08.386+0000] {taskinstance.py:3498} INFO - 0 downstream tasks scheduled from follow-on schedule check
[2025-09-03T02:09:08.387+0000] {local_task_job_runner.py:222} INFO - ::endgroup::
