[2025-09-01T10:26:00.063+0000] {local_task_job_runner.py:120} INFO - ::group::Pre task execution logs
[2025-09-01T10:26:00.086+0000] {taskinstance.py:2076} INFO - Dependencies all met for dep_context=non-requeueable deps ti=<TaskInstance: market_table_foreign.activity_ALL scheduled__2025-08-31T17:07:00+00:00 [queued]>
[2025-09-01T10:26:00.095+0000] {taskinstance.py:2076} INFO - Dependencies all met for dep_context=requeueable deps ti=<TaskInstance: market_table_foreign.activity_ALL scheduled__2025-08-31T17:07:00+00:00 [queued]>
[2025-09-01T10:26:00.095+0000] {taskinstance.py:2306} INFO - Starting attempt 1 of 11
[2025-09-01T10:26:00.106+0000] {taskinstance.py:2330} INFO - Executing <Task(PythonOperator): activity_ALL> on 2025-08-31 17:07:00+00:00
[2025-09-01T10:26:00.114+0000] {standard_task_runner.py:63} INFO - Started process 2317855 to run task
[2025-09-01T10:26:00.118+0000] {standard_task_runner.py:90} INFO - Running: ['***', 'tasks', 'run', 'market_table_foreign', 'activity_ALL', 'scheduled__2025-08-31T17:07:00+00:00', '--job-id', '42114', '--raw', '--subdir', 'DAGS_FOLDER/dag_market_live.py', '--cfg-path', '/tmp/tmp4bbcxk8n']
[2025-09-01T10:26:00.121+0000] {standard_task_runner.py:91} INFO - Job 42114: Subtask activity_ALL
[2025-09-01T10:26:00.178+0000] {task_command.py:426} INFO - Running <TaskInstance: market_table_foreign.activity_ALL scheduled__2025-08-31T17:07:00+00:00 [running]> on host 1877907bc043
[2025-09-01T10:26:00.276+0000] {taskinstance.py:2648} INFO - Exporting env vars: AIRFLOW_CTX_DAG_OWNER='***' AIRFLOW_CTX_DAG_ID='market_table_foreign' AIRFLOW_CTX_TASK_ID='activity_ALL' AIRFLOW_CTX_EXECUTION_DATE='2025-08-31T17:07:00+00:00' AIRFLOW_CTX_TRY_NUMBER='1' AIRFLOW_CTX_DAG_RUN_ID='scheduled__2025-08-31T17:07:00+00:00'
[2025-09-01T10:26:00.278+0000] {taskinstance.py:430} INFO - ::endgroup::
[2025-09-01T10:26:00.292+0000] {activity_ALL.py:17} INFO - Kết nối DB
[2025-09-01T10:26:00.640+0000] {activity_ALL.py:53} INFO - Đã lưu activity_ALL
[2025-09-01T10:26:00.641+0000] {python.py:237} INFO - Done. Returned value was: None
[2025-09-01T10:26:00.643+0000] {taskinstance.py:441} INFO - ::group::Post task execution logs
[2025-09-01T10:26:00.658+0000] {taskinstance.py:1206} INFO - Marking task as SUCCESS. dag_id=market_table_foreign, task_id=activity_ALL, run_id=scheduled__2025-08-31T17:07:00+00:00, execution_date=20250831T170700, start_date=20250901T102600, end_date=20250901T102600
[2025-09-01T10:26:00.691+0000] {local_task_job_runner.py:240} INFO - Task exited with return code 0
[2025-09-01T10:26:00.721+0000] {taskinstance.py:3498} INFO - 0 downstream tasks scheduled from follow-on schedule check
[2025-09-01T10:26:00.722+0000] {local_task_job_runner.py:222} INFO - ::endgroup::
[2025-09-01T10:27:06.930+0000] {local_task_job_runner.py:120} INFO - ::group::Pre task execution logs
[2025-09-01T10:27:06.957+0000] {taskinstance.py:2076} INFO - Dependencies all met for dep_context=non-requeueable deps ti=<TaskInstance: market_table_foreign.activity_ALL scheduled__2025-08-31T17:07:00+00:00 [queued]>
[2025-09-01T10:27:06.967+0000] {taskinstance.py:2076} INFO - Dependencies all met for dep_context=requeueable deps ti=<TaskInstance: market_table_foreign.activity_ALL scheduled__2025-08-31T17:07:00+00:00 [queued]>
[2025-09-01T10:27:06.967+0000] {taskinstance.py:2306} INFO - Starting attempt 1 of 11
[2025-09-01T10:27:06.981+0000] {taskinstance.py:2330} INFO - Executing <Task(PythonOperator): activity_ALL> on 2025-08-31 17:07:00+00:00
[2025-09-01T10:27:06.988+0000] {standard_task_runner.py:63} INFO - Started process 2318735 to run task
[2025-09-01T10:27:06.992+0000] {standard_task_runner.py:90} INFO - Running: ['***', 'tasks', 'run', 'market_table_foreign', 'activity_ALL', 'scheduled__2025-08-31T17:07:00+00:00', '--job-id', '42352', '--raw', '--subdir', 'DAGS_FOLDER/dag_market_live.py', '--cfg-path', '/tmp/tmpg_1xtpnl']
[2025-09-01T10:27:06.996+0000] {standard_task_runner.py:91} INFO - Job 42352: Subtask activity_ALL
[2025-09-01T10:27:07.049+0000] {task_command.py:426} INFO - Running <TaskInstance: market_table_foreign.activity_ALL scheduled__2025-08-31T17:07:00+00:00 [running]> on host 1877907bc043
[2025-09-01T10:27:07.148+0000] {taskinstance.py:2648} INFO - Exporting env vars: AIRFLOW_CTX_DAG_OWNER='***' AIRFLOW_CTX_DAG_ID='market_table_foreign' AIRFLOW_CTX_TASK_ID='activity_ALL' AIRFLOW_CTX_EXECUTION_DATE='2025-08-31T17:07:00+00:00' AIRFLOW_CTX_TRY_NUMBER='1' AIRFLOW_CTX_DAG_RUN_ID='scheduled__2025-08-31T17:07:00+00:00'
[2025-09-01T10:27:07.149+0000] {taskinstance.py:430} INFO - ::endgroup::
[2025-09-01T10:27:07.166+0000] {activity_ALL.py:17} INFO - Kết nối DB
[2025-09-01T10:27:07.555+0000] {activity_ALL.py:53} INFO - Đã lưu activity_ALL
[2025-09-01T10:27:07.556+0000] {python.py:237} INFO - Done. Returned value was: None
[2025-09-01T10:27:07.556+0000] {taskinstance.py:441} INFO - ::group::Post task execution logs
[2025-09-01T10:27:07.568+0000] {taskinstance.py:1206} INFO - Marking task as SUCCESS. dag_id=market_table_foreign, task_id=activity_ALL, run_id=scheduled__2025-08-31T17:07:00+00:00, execution_date=20250831T170700, start_date=20250901T102706, end_date=20250901T102707
[2025-09-01T10:27:07.606+0000] {local_task_job_runner.py:240} INFO - Task exited with return code 0
[2025-09-01T10:27:07.629+0000] {taskinstance.py:3498} INFO - 0 downstream tasks scheduled from follow-on schedule check
[2025-09-01T10:27:07.630+0000] {local_task_job_runner.py:222} INFO - ::endgroup::
