[2025-09-03T15:00:15.873+0000] {local_task_job_runner.py:120} INFO - ::group::Pre task execution logs
[2025-09-03T15:00:15.901+0000] {taskinstance.py:2076} INFO - Dependencies all met for dep_context=non-requeueable deps ti=<TaskInstance: foreign_1_live.save_foreign_1 scheduled__2025-09-03T05:43:00+00:00 [queued]>
[2025-09-03T15:00:15.912+0000] {taskinstance.py:2076} INFO - Dependencies all met for dep_context=requeueable deps ti=<TaskInstance: foreign_1_live.save_foreign_1 scheduled__2025-09-03T05:43:00+00:00 [queued]>
[2025-09-03T15:00:15.912+0000] {taskinstance.py:2306} INFO - Starting attempt 1 of 11
[2025-09-03T15:00:15.928+0000] {taskinstance.py:2330} INFO - Executing <Task(PythonOperator): save_foreign_1> on 2025-09-03 05:43:00+00:00
[2025-09-03T15:00:15.936+0000] {standard_task_runner.py:63} INFO - Started process 2770679 to run task
[2025-09-03T15:00:15.940+0000] {standard_task_runner.py:90} INFO - Running: ['***', 'tasks', 'run', 'foreign_1_live', 'save_foreign_1', 'scheduled__2025-09-03T05:43:00+00:00', '--job-id', '76321', '--raw', '--subdir', 'DAGS_FOLDER/dag_foreign_1_live.py', '--cfg-path', '/tmp/tmpkth_l1mj']
[2025-09-03T15:00:15.943+0000] {standard_task_runner.py:91} INFO - Job 76321: Subtask save_foreign_1
[2025-09-03T15:00:16.006+0000] {task_command.py:426} INFO - Running <TaskInstance: foreign_1_live.save_foreign_1 scheduled__2025-09-03T05:43:00+00:00 [running]> on host 1877907bc043
[2025-09-03T15:00:16.107+0000] {taskinstance.py:2648} INFO - Exporting env vars: AIRFLOW_CTX_DAG_OWNER='***' AIRFLOW_CTX_DAG_ID='foreign_1_live' AIRFLOW_CTX_TASK_ID='save_foreign_1' AIRFLOW_CTX_EXECUTION_DATE='2025-09-03T05:43:00+00:00' AIRFLOW_CTX_TRY_NUMBER='1' AIRFLOW_CTX_DAG_RUN_ID='scheduled__2025-09-03T05:43:00+00:00'
[2025-09-03T15:00:16.108+0000] {taskinstance.py:430} INFO - ::endgroup::
[2025-09-03T15:00:16.124+0000] {foreign_1.py:18} INFO - Kết nối DB
[2025-09-03T15:00:16.490+0000] {foreign_1.py:28} INFO - Đã lưu foreign_ALL
[2025-09-03T15:00:16.491+0000] {foreign_1.py:18} INFO - Kết nối DB
[2025-09-03T15:00:17.032+0000] {foreign_1.py:28} INFO - Đã lưu foreign_HOSE
[2025-09-03T15:00:17.033+0000] {foreign_1.py:18} INFO - Kết nối DB
[2025-09-03T15:00:17.418+0000] {foreign_1.py:28} INFO - Đã lưu foreign_HNX
[2025-09-03T15:00:17.419+0000] {foreign_1.py:18} INFO - Kết nối DB
[2025-09-03T15:00:17.753+0000] {foreign_1.py:28} INFO - Đã lưu foreign_UPCOM
[2025-09-03T15:00:17.754+0000] {python.py:237} INFO - Done. Returned value was: None
[2025-09-03T15:00:17.755+0000] {taskinstance.py:441} INFO - ::group::Post task execution logs
[2025-09-03T15:00:17.767+0000] {taskinstance.py:1206} INFO - Marking task as SUCCESS. dag_id=foreign_1_live, task_id=save_foreign_1, run_id=scheduled__2025-09-03T05:43:00+00:00, execution_date=20250903T054300, start_date=20250903T150015, end_date=20250903T150017
[2025-09-03T15:00:17.797+0000] {local_task_job_runner.py:240} INFO - Task exited with return code 0
[2025-09-03T15:00:17.809+0000] {local_task_job_runner.py:222} INFO - ::endgroup::
