[2025-09-02T05:22:06.601+0000] {local_task_job_runner.py:120} INFO - ::group::Pre task execution logs
[2025-09-02T05:22:06.626+0000] {taskinstance.py:2076} INFO - Dependencies all met for dep_context=non-requeueable deps ti=<TaskInstance: stock_detail_dag.run_stock_details scheduled__2025-09-02T05:21:00+00:00 [queued]>
[2025-09-02T05:22:06.633+0000] {taskinstance.py:2076} INFO - Dependencies all met for dep_context=requeueable deps ti=<TaskInstance: stock_detail_dag.run_stock_details scheduled__2025-09-02T05:21:00+00:00 [queued]>
[2025-09-02T05:22:06.634+0000] {taskinstance.py:2306} INFO - Starting attempt 1 of 2
[2025-09-02T05:22:06.644+0000] {taskinstance.py:2330} INFO - Executing <Task(BashOperator): run_stock_details> on 2025-09-02 05:21:00+00:00
[2025-09-02T05:22:06.650+0000] {standard_task_runner.py:63} INFO - Started process 2473355 to run task
[2025-09-02T05:22:06.654+0000] {standard_task_runner.py:90} INFO - Running: ['***', 'tasks', 'run', 'stock_detail_dag', 'run_stock_details', 'scheduled__2025-09-02T05:21:00+00:00', '--job-id', '53593', '--raw', '--subdir', 'DAGS_FOLDER/stock_detail/dags.py', '--cfg-path', '/tmp/tmpyvqtzrvv']
[2025-09-02T05:22:06.656+0000] {standard_task_runner.py:91} INFO - Job 53593: Subtask run_stock_details
[2025-09-02T05:22:06.713+0000] {task_command.py:426} INFO - Running <TaskInstance: stock_detail_dag.run_stock_details scheduled__2025-09-02T05:21:00+00:00 [running]> on host 1877907bc043
[2025-09-02T05:22:06.834+0000] {taskinstance.py:2648} INFO - Exporting env vars: AIRFLOW_CTX_DAG_OWNER='***' AIRFLOW_CTX_DAG_ID='stock_detail_dag' AIRFLOW_CTX_TASK_ID='run_stock_details' AIRFLOW_CTX_EXECUTION_DATE='2025-09-02T05:21:00+00:00' AIRFLOW_CTX_TRY_NUMBER='1' AIRFLOW_CTX_DAG_RUN_ID='scheduled__2025-09-02T05:21:00+00:00'
[2025-09-02T05:22:06.835+0000] {taskinstance.py:430} INFO - ::endgroup::
[2025-09-02T05:22:06.850+0000] {subprocess.py:63} INFO - Tmp dir root location: /tmp
[2025-09-02T05:22:06.851+0000] {subprocess.py:75} INFO - Running command: ['/usr/bin/bash', '-c', 'python3 /opt/***/dags/stock_detail/stockdetail.py']
[2025-09-02T05:22:06.862+0000] {subprocess.py:86} INFO - Output:
[2025-09-02T05:24:09.806+0000] {subprocess.py:93} INFO - [WARN] Không có historical data cho CACB2405 trong khoảng gần đây.
[2025-09-02T05:24:09.808+0000] {subprocess.py:93} INFO - [WARN] Không có historical data cho CFPT2407 trong khoảng gần đây.
[2025-09-02T05:24:09.809+0000] {subprocess.py:93} INFO - [WARN] Không có historical data cho CFPT2501 trong khoảng gần đây.
[2025-09-02T05:24:09.810+0000] {subprocess.py:93} INFO - [WARN] Không có historical data cho CFPT2402 trong khoảng gần đây.
[2025-09-02T05:24:09.811+0000] {subprocess.py:93} INFO - [WARN] Không có historical data cho CACB2504 trong khoảng gần đây.
[2025-09-02T05:24:09.812+0000] {subprocess.py:93} INFO - [WARN] Không có historical data cho CACB2501 trong khoảng gần đây.
[2025-09-02T05:24:09.813+0000] {subprocess.py:93} INFO - [WARN] Không có historical data cho CACB2506 trong khoảng gần đây.
[2025-09-02T05:24:09.814+0000] {subprocess.py:93} INFO - [WARN] Không có historical data cho CACB2404 trong khoảng gần đây.
[2025-09-02T05:24:09.815+0000] {subprocess.py:93} INFO - [WARN] Không có historical data cho CHDB2501 trong khoảng gần đây.
[2025-09-02T05:24:09.816+0000] {subprocess.py:93} INFO - [WARN] Không có historical data cho CFPT2504 trong khoảng gần đây.
[2025-09-02T05:24:09.817+0000] {subprocess.py:93} INFO - [WARN] Không có historical data cho CFPT2506 trong khoảng gần đây.
[2025-09-02T05:24:09.818+0000] {subprocess.py:93} INFO - [WARN] Không có historical data cho CHPG2509 trong khoảng gần đây.
[2025-09-02T05:24:09.819+0000] {subprocess.py:93} INFO - [WARN] Không có historical data cho CHPG2412 trong khoảng gần đây.
[2025-09-02T05:24:09.820+0000] {subprocess.py:93} INFO - [WARN] Không có historical data cho CFPT2507 trong khoảng gần đây.
[2025-09-02T05:24:09.820+0000] {subprocess.py:93} INFO - [WARN] Không có historical data cho CHPG2402 trong khoảng gần đây.
[2025-09-02T05:24:09.821+0000] {subprocess.py:93} INFO - [WARN] Không có historical data cho CHPG2503 trong khoảng gần đây.
[2025-09-02T05:24:09.822+0000] {subprocess.py:93} INFO - [WARN] Không có historical data cho CHPG2507 trong khoảng gần đây.
[2025-09-02T05:24:09.823+0000] {subprocess.py:93} INFO - [WARN] Không có historical data cho CHPG2501 trong khoảng gần đây.
[2025-09-02T05:24:09.823+0000] {subprocess.py:93} INFO - [WARN] Không có historical data cho CHPG2511 trong khoảng gần đây.
[2025-09-02T05:24:09.824+0000] {subprocess.py:93} INFO - [WARN] Không có historical data cho CHDB2502 trong khoảng gần đây.
[2025-09-02T05:24:09.825+0000] {subprocess.py:93} INFO - [WARN] Không có historical data cho CHPG2408 trong khoảng gần đây.
[2025-09-02T05:24:09.825+0000] {subprocess.py:93} INFO - [WARN] Không có historical data cho CMBB2502 trong khoảng gần đây.
[2025-09-02T05:24:09.826+0000] {subprocess.py:93} INFO - [WARN] Không có historical data cho CMSN2504 trong khoảng gần đây.
[2025-09-02T05:24:09.827+0000] {subprocess.py:93} INFO - [WARN] Không có historical data cho CMSN2501 trong khoảng gần đây.
[2025-09-02T05:24:09.827+0000] {subprocess.py:93} INFO - [WARN] Không có historical data cho CMBB2506 trong khoảng gần đây.
[2025-09-02T05:24:09.828+0000] {subprocess.py:93} INFO - [WARN] Không có historical data cho CMSN2502 trong khoảng gần đây.
[2025-09-02T05:24:09.828+0000] {subprocess.py:93} INFO - [WARN] Không có historical data cho CMBB2405 trong khoảng gần đây.
[2025-09-02T05:24:09.829+0000] {subprocess.py:93} INFO - [WARN] Không có historical data cho CMSN2505 trong khoảng gần đây.
[2025-09-02T05:24:09.830+0000] {subprocess.py:93} INFO - [WARN] Không có historical data cho CMBB2508 trong khoảng gần đây.
[2025-09-02T05:24:09.831+0000] {subprocess.py:93} INFO - [WARN] Không có historical data cho CMBB2402 trong khoảng gần đây.
[2025-09-02T05:24:09.831+0000] {subprocess.py:93} INFO - [WARN] Không có historical data cho CMBB2501 trong khoảng gần đây.
[2025-09-02T05:24:09.832+0000] {subprocess.py:93} INFO - [WARN] Không có historical data cho CMSN2404 trong khoảng gần đây.
[2025-09-02T05:24:09.833+0000] {subprocess.py:93} INFO - [WARN] Không có historical data cho CMBB2409 trong khoảng gần đây.
[2025-09-02T05:24:09.833+0000] {subprocess.py:93} INFO - [WARN] Không có historical data cho CMWG2408 trong khoảng gần đây.
[2025-09-02T05:24:09.834+0000] {subprocess.py:93} INFO - [WARN] Không có historical data cho CMSN2408 trong khoảng gần đây.
[2025-09-02T05:24:09.835+0000] {subprocess.py:93} INFO - [WARN] Không có historical data cho CMWG2406 trong khoảng gần đây.
[2025-09-02T05:24:09.835+0000] {subprocess.py:93} INFO - [WARN] Không có historical data cho CSHB2502 trong khoảng gần đây.
[2025-09-02T05:24:09.836+0000] {subprocess.py:93} INFO - [WARN] Không có historical data cho CSSB2501 trong khoảng gần đây.
[2025-09-02T05:24:09.836+0000] {subprocess.py:93} INFO - [WARN] Không có historical data cho CMWG2410 trong khoảng gần đây.
[2025-09-02T05:24:09.837+0000] {subprocess.py:93} INFO - [WARN] Không có historical data cho CSTB2402 trong khoảng gần đây.
[2025-09-02T05:24:09.838+0000] {subprocess.py:93} INFO - [WARN] Không có historical data cho CSTB2409 trong khoảng gần đây.
[2025-09-02T05:24:09.838+0000] {subprocess.py:93} INFO - [WARN] Không có historical data cho CSTB2413 trong khoảng gần đây.
[2025-09-02T05:24:09.839+0000] {subprocess.py:93} INFO - [WARN] Không có historical data cho CSTB2501 trong khoảng gần đây.
[2025-09-02T05:24:09.839+0000] {subprocess.py:93} INFO - [WARN] Không có historical data cho CSHB2401 trong khoảng gần đây.
[2025-09-02T05:24:09.840+0000] {subprocess.py:93} INFO - [WARN] Không có historical data cho CMWG2501 trong khoảng gần đây.
[2025-09-02T05:24:09.841+0000] {subprocess.py:93} INFO - [WARN] Không có historical data cho CMWG2506 trong khoảng gần đây.
[2025-09-02T05:24:09.841+0000] {subprocess.py:93} INFO - [WARN] Không có historical data cho CSTB2411 trong khoảng gần đây.
[2025-09-02T05:24:09.842+0000] {subprocess.py:93} INFO - [WARN] Không có historical data cho CMWG2401 trong khoảng gần đây.
[2025-09-02T05:24:09.842+0000] {subprocess.py:93} INFO - [WARN] Không có historical data cho CMWG2502 trong khoảng gần đây.
[2025-09-02T05:24:09.843+0000] {subprocess.py:93} INFO - [WARN] Không có historical data cho CSHB2403 trong khoảng gần đây.
[2025-09-02T05:24:09.843+0000] {subprocess.py:93} INFO - [WARN] Không có historical data cho CSTB2503 trong khoảng gần đây.
[2025-09-02T05:24:09.844+0000] {subprocess.py:93} INFO - [WARN] Không có historical data cho CSTB2506 trong khoảng gần đây.
[2025-09-02T05:24:09.845+0000] {subprocess.py:93} INFO - [WARN] Không có historical data cho CSHB2501 trong khoảng gần đây.
[2025-09-02T05:24:09.845+0000] {subprocess.py:93} INFO - [WARN] Không có historical data cho CTCB2404 trong khoảng gần đây.
[2025-09-02T05:24:09.846+0000] {subprocess.py:93} INFO - [WARN] Không có historical data cho CTCB2406 trong khoảng gần đây.
[2025-09-02T05:24:09.846+0000] {subprocess.py:93} INFO - [WARN] Không có historical data cho CTCB2505 trong khoảng gần đây.
[2025-09-02T05:24:09.847+0000] {subprocess.py:93} INFO - [WARN] Không có historical data cho CSTB2507 trong khoảng gần đây.
[2025-09-02T05:24:09.848+0000] {subprocess.py:93} INFO - [WARN] Không có historical data cho CTG125014 trong khoảng gần đây.
[2025-09-02T05:24:09.848+0000] {subprocess.py:93} INFO - [WARN] Không có historical data cho CTPB2501 trong khoảng gần đây.
[2025-09-02T05:24:09.849+0000] {subprocess.py:93} INFO - [WARN] Không có historical data cho CTPB2405 trong khoảng gần đây.
[2025-09-02T05:24:09.849+0000] {subprocess.py:93} INFO - [WARN] Không có historical data cho CTPB2403 trong khoảng gần đây.
[2025-09-02T05:24:09.850+0000] {subprocess.py:93} INFO - [WARN] Không có historical data cho CTCB2502 trong khoảng gần đây.
[2025-09-02T05:24:09.851+0000] {subprocess.py:93} INFO - [WARN] Không có historical data cho CVHM2501 trong khoảng gần đây.
[2025-09-02T05:24:09.851+0000] {subprocess.py:93} INFO - [WARN] Không có historical data cho CTG125001 trong khoảng gần đây.
[2025-09-02T05:24:09.852+0000] {subprocess.py:93} INFO - [WARN] Không có historical data cho CTCB2501 trong khoảng gần đây.
[2025-09-02T05:24:09.853+0000] {subprocess.py:93} INFO - [WARN] Không có historical data cho CVHM2411 trong khoảng gần đây.
[2025-09-02T05:24:09.854+0000] {subprocess.py:93} INFO - [WARN] Không có historical data cho CTG125013 trong khoảng gần đây.
[2025-09-02T05:24:09.855+0000] {subprocess.py:93} INFO - [WARN] Không có historical data cho CTG125002 trong khoảng gần đây.
[2025-09-02T05:24:09.855+0000] {subprocess.py:93} INFO - [WARN] Không có historical data cho CVIB2402 trong khoảng gần đây.
[2025-09-02T05:24:09.856+0000] {subprocess.py:93} INFO - [WARN] Không có historical data cho CVIB2406 trong khoảng gần đây.
[2025-09-02T05:24:09.857+0000] {subprocess.py:93} INFO - [WARN] Không có historical data cho CVIB2501 trong khoảng gần đây.
[2025-09-02T05:24:09.858+0000] {subprocess.py:93} INFO - [WARN] Không có historical data cho CVIC2501 trong khoảng gần đây.
[2025-09-02T05:24:09.859+0000] {subprocess.py:93} INFO - [WARN] Không có historical data cho CVHM2406 trong khoảng gần đây.
[2025-09-02T05:24:09.860+0000] {subprocess.py:93} INFO - [WARN] Không có historical data cho CVHM2505 trong khoảng gần đây.
[2025-09-02T05:24:09.861+0000] {subprocess.py:93} INFO - [WARN] Không có historical data cho CVJC2502 trong khoảng gần đây.
[2025-09-02T05:24:09.862+0000] {subprocess.py:93} INFO - [WARN] Không có historical data cho CVHM2504 trong khoảng gần đây.
[2025-09-02T05:24:09.863+0000] {subprocess.py:93} INFO - [WARN] Không có historical data cho CVIC2503 trong khoảng gần đây.
[2025-09-02T05:24:09.864+0000] {subprocess.py:93} INFO - [WARN] Không có historical data cho CVNM2406 trong khoảng gần đây.
[2025-09-02T05:24:09.865+0000] {subprocess.py:93} INFO - [WARN] Không có historical data cho CVIB2408 trong khoảng gần đây.
[2025-09-02T05:24:09.865+0000] {subprocess.py:93} INFO - [WARN] Không có historical data cho CVIC2407 trong khoảng gần đây.
[2025-09-02T05:24:09.866+0000] {subprocess.py:93} INFO - [WARN] Không có historical data cho CVNM2505 trong khoảng gần đây.
[2025-09-02T05:24:09.867+0000] {subprocess.py:93} INFO - [WARN] Không có historical data cho CVNM2401 trong khoảng gần đây.
[2025-09-02T05:24:09.868+0000] {subprocess.py:93} INFO - [WARN] Không có historical data cho CVIC2504 trong khoảng gần đây.
[2025-09-02T05:24:09.870+0000] {subprocess.py:93} INFO - [WARN] Không có historical data cho CVIC2405 trong khoảng gần đây.
[2025-09-02T05:24:09.871+0000] {subprocess.py:93} INFO - [WARN] Không có historical data cho CVNM2506 trong khoảng gần đây.
[2025-09-02T05:24:09.873+0000] {subprocess.py:93} INFO - [WARN] Không có historical data cho CVIB2503 trong khoảng gần đây.
[2025-09-02T05:24:09.874+0000] {subprocess.py:93} INFO - [WARN] Không có historical data cho CVPB2407 trong khoảng gần đây.
[2025-09-02T05:24:09.875+0000] {subprocess.py:93} INFO - [WARN] Không có historical data cho CVNM2501 trong khoảng gần đây.
[2025-09-02T05:24:09.876+0000] {subprocess.py:93} INFO - [WARN] Không có historical data cho CVPB2401 trong khoảng gần đây.
[2025-09-02T05:24:09.877+0000] {subprocess.py:93} INFO - [WARN] Không có historical data cho CVPB2505 trong khoảng gần đây.
[2025-09-02T05:24:09.877+0000] {subprocess.py:93} INFO - [WARN] Không có historical data cho CVJC2501 trong khoảng gần đây.
[2025-09-02T05:24:09.878+0000] {subprocess.py:93} INFO - [WARN] Không có historical data cho CVPB2507 trong khoảng gần đây.
[2025-09-02T05:24:09.878+0000] {subprocess.py:93} INFO - [WARN] Không có historical data cho CVPB2503 trong khoảng gần đây.
[2025-09-02T05:24:09.879+0000] {subprocess.py:93} INFO - [WARN] Không có historical data cho CVRE2502 trong khoảng gần đây.
[2025-09-02T05:24:09.880+0000] {subprocess.py:93} INFO - [WARN] Không có historical data cho CVRE2406 trong khoảng gần đây.
[2025-09-02T05:24:09.880+0000] {subprocess.py:93} INFO - [WARN] Không có historical data cho CVRE2506 trong khoảng gần đây.
[2025-09-02T05:24:09.881+0000] {subprocess.py:93} INFO - [WARN] Không có historical data cho CVPB2412 trong khoảng gần đây.
[2025-09-02T05:24:09.881+0000] {subprocess.py:93} INFO - [WARN] Không có historical data cho CVRE2504 trong khoảng gần đây.
[2025-09-02T05:24:09.882+0000] {subprocess.py:93} INFO - [WARN] Không có historical data cho CVRE2501 trong khoảng gần đây.
[2025-09-02T05:24:09.883+0000] {subprocess.py:93} INFO - [WARN] Không có historical data cho CVRE2410 trong khoảng gần đây.
[2025-09-02T05:24:09.883+0000] {subprocess.py:93} INFO - [WARN] Không có historical data cho TPH trong khoảng gần đây.
[2025-09-02T05:24:09.884+0000] {subprocess.py:93} INFO - [WARN] Không có historical data cho BAB124014 trong khoảng gần đây.
[2025-09-02T05:24:09.884+0000] {subprocess.py:93} INFO - [WARN] Không có historical data cho BAB123032 trong khoảng gần đây.
[2025-09-02T05:24:09.885+0000] {subprocess.py:93} INFO - [WARN] Không có historical data cho BAB123007 trong khoảng gần đây.
[2025-09-02T05:24:09.886+0000] {subprocess.py:93} INFO - [WARN] Không có historical data cho BAB124016 trong khoảng gần đây.
[2025-09-02T05:24:09.886+0000] {subprocess.py:93} INFO - [WARN] Không có historical data cho BAB124025 trong khoảng gần đây.
[2025-09-02T05:24:09.887+0000] {subprocess.py:93} INFO - [WARN] Không có historical data cho BVB124020 trong khoảng gần đây.
[2025-09-02T05:24:09.887+0000] {subprocess.py:93} INFO - [WARN] Không có historical data cho BID123003 trong khoảng gần đây.
[2025-09-02T05:24:09.888+0000] {subprocess.py:93} INFO - [WARN] Không có historical data cho CII42013 trong khoảng gần đây.
[2025-09-02T05:25:56.619+0000] {subprocess.py:93} INFO - [WARN] Không có historical data cho CMX123035 trong khoảng gần đây.
[2025-09-02T05:25:56.619+0000] {subprocess.py:93} INFO - [WARN] Không có historical data cho DSE125004 trong khoảng gần đây.
[2025-09-02T05:25:56.620+0000] {subprocess.py:93} INFO - [WARN] Không có historical data cho CTG121031 trong khoảng gần đây.
[2025-09-02T05:25:56.620+0000] {subprocess.py:93} INFO - [WARN] Không có historical data cho CTG123019 trong khoảng gần đây.
[2025-09-02T05:25:56.620+0000] {subprocess.py:93} INFO - [WARN] Không có historical data cho HDB124006 trong khoảng gần đây.
[2025-09-02T05:25:56.620+0000] {subprocess.py:93} INFO - [WARN] Không có historical data cho BAB123031 trong khoảng gần đây.
[2025-09-02T05:25:56.620+0000] {subprocess.py:93} INFO - [WARN] Không có historical data cho CII124021 trong khoảng gần đây.
[2025-09-02T05:25:56.621+0000] {subprocess.py:93} INFO - [WARN] Không có historical data cho BAB124015 trong khoảng gần đây.
[2025-09-02T05:25:56.621+0000] {subprocess.py:93} INFO - [WARN] Không có historical data cho CII424002 trong khoảng gần đây.
[2025-09-02T05:25:56.621+0000] {subprocess.py:93} INFO - [WARN] Không có historical data cho BAF122029 trong khoảng gần đây.
[2025-09-02T05:25:56.621+0000] {subprocess.py:93} INFO - [WARN] Không có historical data cho HDB124023 trong khoảng gần đây.
[2025-09-02T05:25:56.621+0000] {subprocess.py:93} INFO - [WARN] Không có historical data cho LPB121036 trong khoảng gần đây.
[2025-09-02T05:25:56.622+0000] {subprocess.py:93} INFO - [WARN] Không có historical data cho MBB124017 trong khoảng gần đây.
[2025-09-02T05:25:56.622+0000] {subprocess.py:93} INFO - [WARN] Không có historical data cho BAB122032 trong khoảng gần đây.
[2025-09-02T05:25:56.622+0000] {subprocess.py:93} INFO - [WARN] Không có historical data cho BAB124026 trong khoảng gần đây.
[2025-09-02T05:25:56.622+0000] {subprocess.py:93} INFO - [WARN] Không có historical data cho MSN123008 trong khoảng gần đây.
[2025-09-02T05:25:56.622+0000] {subprocess.py:93} INFO - [WARN] Không có historical data cho NPM123023 trong khoảng gần đây.
[2025-09-02T05:25:56.623+0000] {subprocess.py:93} INFO - [WARN] Không có historical data cho LPB122013 trong khoảng gần đây.
[2025-09-02T05:25:56.623+0000] {subprocess.py:93} INFO - [WARN] Không có historical data cho NPM123024 trong khoảng gần đây.
[2025-09-02T05:25:56.623+0000] {subprocess.py:93} INFO - [WARN] Không có historical data cho TDP124010 trong khoảng gần đây.
[2025-09-02T05:25:56.623+0000] {subprocess.py:93} INFO - [WARN] Không có historical data cho BAB124024 trong khoảng gần đây.
[2025-09-02T05:25:56.623+0000] {subprocess.py:93} INFO - [WARN] Không có historical data cho TCX124013 trong khoảng gần đây.
[2025-09-02T05:25:56.623+0000] {subprocess.py:93} INFO - [WARN] Không có historical data cho TCX124012 trong khoảng gần đây.
[2025-09-02T05:25:56.624+0000] {subprocess.py:93} INFO - [WARN] Không có historical data cho CVT122009 trong khoảng gần đây.
[2025-09-02T05:25:56.624+0000] {subprocess.py:93} INFO - [WARN] Không có historical data cho LPB123015 trong khoảng gần đây.
[2025-09-02T05:25:56.624+0000] {subprocess.py:93} INFO - [WARN] Không có historical data cho BCG122006 trong khoảng gần đây.
[2025-09-02T05:25:56.624+0000] {subprocess.py:93} INFO - [WARN] Không có historical data cho TCX124011 trong khoảng gần đây.
[2025-09-02T05:25:56.624+0000] {subprocess.py:93} INFO - [WARN] Không có historical data cho BID123004 trong khoảng gần đây.
[2025-09-02T05:25:56.624+0000] {subprocess.py:93} INFO - [WARN] Không có historical data cho VBA122001 trong khoảng gần đây.
[2025-09-02T05:25:56.625+0000] {subprocess.py:93} INFO - [WARN] Không có historical data cho LPB123016 trong khoảng gần đây.
[2025-09-02T05:25:56.625+0000] {subprocess.py:93} INFO - [WARN] Không có historical data cho BID122005 trong khoảng gần đây.
[2025-09-02T05:25:56.625+0000] {subprocess.py:93} INFO - [WARN] Không có historical data cho HDB124018 trong khoảng gần đây.
[2025-09-02T05:25:56.625+0000] {subprocess.py:93} INFO - [WARN] Không có historical data cho VBA123036 trong khoảng gần đây.
[2025-09-02T05:25:56.625+0000] {subprocess.py:93} INFO - [WARN] Không có historical data cho CTG123018 trong khoảng gần đây.
[2025-09-02T05:25:56.625+0000] {subprocess.py:93} INFO - [WARN] Không có historical data cho CTG123034 trong khoảng gần đây.
[2025-09-02T05:25:56.625+0000] {subprocess.py:93} INFO - [WARN] Không có historical data cho BAF123020 trong khoảng gần đây.
[2025-09-02T05:25:56.626+0000] {subprocess.py:93} INFO - [WARN] Không có historical data cho MML121021 trong khoảng gần đây.
[2025-09-02T05:25:56.626+0000] {subprocess.py:93} INFO - [WARN] Không có historical data cho LPB123008 trong khoảng gần đây.
[2025-09-02T05:25:56.626+0000] {subprocess.py:93} INFO - [WARN] Không có historical data cho VBA124019 trong khoảng gần đây.
[2025-09-02T05:25:56.626+0000] {subprocess.py:93} INFO - [WARN] Không có historical data cho VBB123017 trong khoảng gần đây.
[2025-09-02T05:25:56.626+0000] {subprocess.py:93} INFO - [WARN] Không có historical data cho TNG122017 trong khoảng gần đây.
[2025-09-02T05:25:56.626+0000] {subprocess.py:93} INFO - [WARN] Không có historical data cho LPB122011 trong khoảng gần đây.
[2025-09-02T05:25:56.627+0000] {subprocess.py:93} INFO - [WARN] Không có historical data cho VBB124007 trong khoảng gần đây.
[2025-09-02T05:25:56.627+0000] {subprocess.py:93} INFO - [WARN] Không có historical data cho MBB124022 trong khoảng gần đây.
[2025-09-02T05:25:56.627+0000] {subprocess.py:93} INFO - [WARN] Không có historical data cho CTG123033 trong khoảng gần đây.
[2025-09-02T05:25:56.627+0000] {subprocess.py:93} INFO - [WARN] Không có historical data cho NPM123021 trong khoảng gần đây.
[2025-09-02T05:25:56.627+0000] {subprocess.py:93} INFO - [WARN] Không có historical data cho VIC123028 trong khoảng gần đây.
[2025-09-02T05:25:56.628+0000] {subprocess.py:93} INFO - [WARN] Không có historical data cho MSN123009 trong khoảng gần đây.
[2025-09-02T05:25:56.628+0000] {subprocess.py:93} INFO - [WARN] Không có historical data cho VBA121033 trong khoảng gần đây.
[2025-09-02T05:25:56.628+0000] {subprocess.py:93} INFO - [WARN] Không có historical data cho MSN123010 trong khoảng gần đây.
[2025-09-02T05:25:56.628+0000] {subprocess.py:93} INFO - [WARN] Không có historical data cho VIC124004 trong khoảng gần đây.
[2025-09-02T05:25:56.628+0000] {subprocess.py:93} INFO - [WARN] Không có historical data cho VRE12007 trong khoảng gần đây.
[2025-09-02T05:25:56.629+0000] {subprocess.py:93} INFO - [WARN] Không có historical data cho BVB125003 trong khoảng gần đây.
[2025-09-02T05:25:56.629+0000] {subprocess.py:93} INFO - [WARN] Không có historical data cho HDB125011 trong khoảng gần đây.
[2025-09-02T05:25:56.629+0000] {subprocess.py:93} INFO - [WARN] Không có historical data cho VHM121025 trong khoảng gần đây.
[2025-09-02T05:25:56.629+0000] {subprocess.py:93} INFO - [WARN] Không có historical data cho MSN123014 trong khoảng gần đây.
[2025-09-02T05:25:56.629+0000] {subprocess.py:93} INFO - [WARN] Không có historical data cho NVL122001 trong khoảng gần đây.
[2025-09-02T05:25:56.629+0000] {subprocess.py:93} INFO - [WARN] Không có historical data cho NPM123022 trong khoảng gần đây.
[2025-09-02T05:25:56.629+0000] {subprocess.py:93} INFO - [WARN] Không có historical data cho KLB125015 trong khoảng gần đây.
[2025-09-02T05:25:56.630+0000] {subprocess.py:93} INFO - [WARN] Không có historical data cho LPB123009 trong khoảng gần đây.
[2025-09-02T05:25:56.630+0000] {subprocess.py:93} INFO - [WARN] Không có historical data cho LPB125006 trong khoảng gần đây.
[2025-09-02T05:25:56.630+0000] {subprocess.py:93} INFO - [WARN] Không có historical data cho LPB125007 trong khoảng gần đây.
[2025-09-02T05:25:56.630+0000] {subprocess.py:93} INFO - [WARN] Không có historical data cho MBB125008 trong khoảng gần đây.
[2025-09-02T05:25:56.630+0000] {subprocess.py:93} INFO - [WARN] Không có historical data cho VIC123029 trong khoảng gần đây.
[2025-09-02T05:25:56.630+0000] {subprocess.py:93} INFO - [WARN] Không có historical data cho TNG124027 trong khoảng gần đây.
[2025-09-02T05:25:56.631+0000] {subprocess.py:93} INFO - [WARN] Không có historical data cho SHB125010 trong khoảng gần đây.
[2025-09-02T05:25:56.631+0000] {subprocess.py:93} INFO - [WARN] Không có historical data cho VCK125005 trong khoảng gần đây.
[2025-09-02T05:25:56.631+0000] {subprocess.py:93} INFO - [WARN] Không có historical data cho VPI124001 trong khoảng gần đây.
[2025-09-02T05:25:56.631+0000] {subprocess.py:93} INFO - [WARN] Không có historical data cho HDB125012 trong khoảng gần đây.
[2025-09-02T05:25:56.631+0000] {subprocess.py:93} INFO - [WARN] Không có historical data cho VIC124003 trong khoảng gần đây.
[2025-09-02T05:25:56.632+0000] {subprocess.py:93} INFO - [WARN] Không có historical data cho VIC124005 trong khoảng gần đây.
[2025-09-02T05:25:56.632+0000] {subprocess.py:93} INFO - [WARN] Không có historical data cho KLB124009 trong khoảng gần đây.
[2025-09-02T05:25:56.632+0000] {subprocess.py:93} INFO - [WARN] Không có historical data cho CC4 trong khoảng gần đây.
[2025-09-02T05:25:56.632+0000] {subprocess.py:93} INFO - [WARN] Không có historical data cho BMN trong khoảng gần đây.
[2025-09-02T05:25:56.632+0000] {subprocess.py:93} INFO - [WARN] Không có historical data cho EPH trong khoảng gần đây.
[2025-09-02T05:25:56.632+0000] {subprocess.py:93} INFO - [WARN] Không có historical data cho HCB trong khoảng gần đây.
[2025-09-02T05:25:56.633+0000] {subprocess.py:93} INFO - [WARN] Không có historical data cho HDS trong khoảng gần đây.
[2025-09-02T05:25:56.633+0000] {subprocess.py:93} INFO - [WARN] Không có historical data cho KCE trong khoảng gần đây.
[2025-09-02T05:25:56.633+0000] {subprocess.py:93} INFO - [WARN] Không có historical data cho LUT trong khoảng gần đây.
[2025-09-02T05:25:56.633+0000] {subprocess.py:93} INFO - [WARN] Không có historical data cho MTC trong khoảng gần đây.
[2025-09-02T05:25:56.633+0000] {subprocess.py:93} INFO - [WARN] Không có historical data cho NQT trong khoảng gần đây.
[2025-09-02T05:25:56.633+0000] {subprocess.py:93} INFO - [WARN] Không có historical data cho SCY trong khoảng gần đây.
[2025-09-02T05:25:56.634+0000] {subprocess.py:93} INFO - [WARN] Không có historical data cho SDJ trong khoảng gần đây.
[2025-09-02T05:25:56.634+0000] {subprocess.py:93} INFO - [WARN] Không có historical data cho TBT trong khoảng gần đây.
[2025-09-02T05:25:56.634+0000] {subprocess.py:93} INFO - [WARN] Không có historical data cho V11 trong khoảng gần đây.
[2025-09-02T05:25:56.634+0000] {subprocess.py:93} INFO - [WARN] Không có historical data cho 41I1G3000 trong khoảng gần đây.
[2025-09-02T05:25:56.634+0000] {subprocess.py:93} INFO - [WARN] Không có historical data cho 41I1F7000 trong khoảng gần đây.
[2025-09-02T05:25:56.634+0000] {subprocess.py:93} INFO - [WARN] Không có historical data cho GB05F2506 trong khoảng gần đây.
[2025-09-02T05:25:56.635+0000] {subprocess.py:93} INFO - [WARN] Không có historical data cho GB05F2512 trong khoảng gần đây.
[2025-09-02T05:25:56.635+0000] {subprocess.py:93} INFO - [WARN] Không có historical data cho 41B5G3000 trong khoảng gần đây.
[2025-09-02T05:25:56.635+0000] {subprocess.py:93} INFO - [WARN] Không có historical data cho VN30F2505 trong khoảng gần đây.
[2025-09-02T05:25:56.635+0000] {subprocess.py:93} INFO - [WARN] Không có historical data cho GB05F2509 trong khoảng gần đây.
[2025-09-02T05:25:56.635+0000] {subprocess.py:93} INFO - [WARN] Không có historical data cho 41I1F8000 trong khoảng gần đây.
[2025-09-02T05:25:56.635+0000] {subprocess.py:93} INFO - [WARN] Không có historical data cho VN30F2506 trong khoảng gần đây.
[2025-09-02T05:25:56.636+0000] {subprocess.py:93} INFO - [WARN] Không có historical data cho GB10F2512 trong khoảng gần đây.
[2025-09-02T05:25:56.636+0000] {subprocess.py:93} INFO - [WARN] Không có historical data cho 41BAG3000 trong khoảng gần đây.
[2025-09-02T05:25:56.636+0000] {subprocess.py:93} INFO - [WARN] Không có historical data cho 41I1FA000 trong khoảng gần đây.
[2025-09-02T05:25:56.636+0000] {subprocess.py:93} INFO - [WARN] Không có historical data cho GB10F2506 trong khoảng gần đây.
[2025-09-02T05:25:56.636+0000] {subprocess.py:93} INFO - [WARN] Không có historical data cho VN30F2512 trong khoảng gần đây.
[2025-09-02T05:25:56.636+0000] {subprocess.py:93} INFO - [WARN] Không có historical data cho GB10F2509 trong khoảng gần đây.
[2025-09-02T05:25:56.637+0000] {subprocess.py:93} INFO - [WARN] Không có historical data cho VN30F2509 trong khoảng gần đây.
[2025-09-02T05:25:56.637+0000] {subprocess.py:93} INFO - ✅ Đã lưu 2084 bản ghi vào history_data.stock_details
[2025-09-02T05:25:56.766+0000] {subprocess.py:97} INFO - Command exited with return code 0
[2025-09-02T05:25:56.768+0000] {taskinstance.py:441} INFO - ::group::Post task execution logs
[2025-09-02T05:25:56.806+0000] {taskinstance.py:1206} INFO - Marking task as SUCCESS. dag_id=stock_detail_dag, task_id=run_stock_details, run_id=scheduled__2025-09-02T05:21:00+00:00, execution_date=20250902T052100, start_date=20250902T052206, end_date=20250902T052556
[2025-09-02T05:25:56.842+0000] {local_task_job_runner.py:240} INFO - Task exited with return code 0
[2025-09-02T05:25:56.868+0000] {taskinstance.py:3498} INFO - 0 downstream tasks scheduled from follow-on schedule check
[2025-09-02T05:25:56.869+0000] {local_task_job_runner.py:222} INFO - ::endgroup::
