[2025-09-05T08:00:01.665+0000] {local_task_job_runner.py:120} INFO - ::group::Pre task execution logs
[2025-09-05T08:00:01.894+0000] {taskinstance.py:2076} INFO - Dependencies all met for dep_context=non-requeueable deps ti=<TaskInstance: liquidity.save_liquidity scheduled__2025-09-05T07:59:00+00:00 [queued]>
[2025-09-05T08:00:01.903+0000] {taskinstance.py:2076} INFO - Dependencies all met for dep_context=requeueable deps ti=<TaskInstance: liquidity.save_liquidity scheduled__2025-09-05T07:59:00+00:00 [queued]>
[2025-09-05T08:00:01.903+0000] {taskinstance.py:2306} INFO - Starting attempt 1 of 11
[2025-09-05T08:00:01.916+0000] {taskinstance.py:2330} INFO - Executing <Task(PythonOperator): save_liquidity> on 2025-09-05 07:59:00+00:00
[2025-09-05T08:00:01.925+0000] {standard_task_runner.py:63} INFO - Started process 3155890 to run task
[2025-09-05T08:00:01.929+0000] {standard_task_runner.py:90} INFO - Running: ['***', 'tasks', 'run', 'liquidity', 'save_liquidity', 'scheduled__2025-09-05T07:59:00+00:00', '--job-id', '112024', '--raw', '--subdir', 'DAGS_FOLDER/dag_liquidity.py', '--cfg-path', '/tmp/tmpz4_djlhj']
[2025-09-05T08:00:01.932+0000] {standard_task_runner.py:91} INFO - Job 112024: Subtask save_liquidity
[2025-09-05T08:00:01.989+0000] {task_command.py:426} INFO - Running <TaskInstance: liquidity.save_liquidity scheduled__2025-09-05T07:59:00+00:00 [running]> on host 1877907bc043
[2025-09-05T08:00:02.090+0000] {taskinstance.py:2648} INFO - Exporting env vars: AIRFLOW_CTX_DAG_OWNER='***' AIRFLOW_CTX_DAG_ID='liquidity' AIRFLOW_CTX_TASK_ID='save_liquidity' AIRFLOW_CTX_EXECUTION_DATE='2025-09-05T07:59:00+00:00' AIRFLOW_CTX_TRY_NUMBER='1' AIRFLOW_CTX_DAG_RUN_ID='scheduled__2025-09-05T07:59:00+00:00'
[2025-09-05T08:00:02.092+0000] {taskinstance.py:430} INFO - ::endgroup::
[2025-09-05T08:00:02.749+0000] {liquidity.py:93} INFO - Đã lưu liquidity_ALL
[2025-09-05T08:00:03.012+0000] {liquidity.py:93} INFO - Đã lưu liquidity_HOSE
[2025-09-05T08:00:03.228+0000] {liquidity.py:93} INFO - Đã lưu liquidity_HNX
[2025-09-05T08:00:03.494+0000] {liquidity.py:93} INFO - Đã lưu liquidity_UPCOM
[2025-09-05T08:00:03.495+0000] {python.py:237} INFO - Done. Returned value was: None
[2025-09-05T08:00:03.495+0000] {taskinstance.py:441} INFO - ::group::Post task execution logs
[2025-09-05T08:00:03.508+0000] {taskinstance.py:1206} INFO - Marking task as SUCCESS. dag_id=liquidity, task_id=save_liquidity, run_id=scheduled__2025-09-05T07:59:00+00:00, execution_date=20250905T075900, start_date=20250905T080001, end_date=20250905T080003
[2025-09-05T08:00:03.545+0000] {local_task_job_runner.py:240} INFO - Task exited with return code 0
[2025-09-05T08:00:03.565+0000] {taskinstance.py:3498} INFO - 0 downstream tasks scheduled from follow-on schedule check
[2025-09-05T08:00:03.566+0000] {local_task_job_runner.py:222} INFO - ::endgroup::
