[2025-09-05T17:45:01.586+0000] {local_task_job_runner.py:120} INFO - ::group::Pre task execution logs
[2025-09-05T17:45:01.621+0000] {taskinstance.py:2076} INFO - Dependencies all met for dep_context=non-requeueable deps ti=<TaskInstance: foreign_1_live.save_foreign_1 scheduled__2025-09-05T17:44:00+00:00 [queued]>
[2025-09-05T17:45:01.636+0000] {taskinstance.py:2076} INFO - Dependencies all met for dep_context=requeueable deps ti=<TaskInstance: foreign_1_live.save_foreign_1 scheduled__2025-09-05T17:44:00+00:00 [queued]>
[2025-09-05T17:45:01.636+0000] {taskinstance.py:2306} INFO - Starting attempt 1 of 11
[2025-09-05T17:45:01.658+0000] {taskinstance.py:2330} INFO - Executing <Task(PythonOperator): save_foreign_1> on 2025-09-05 17:44:00+00:00
[2025-09-05T17:45:01.667+0000] {standard_task_runner.py:63} INFO - Started process 42396 to run task
[2025-09-05T17:45:01.671+0000] {standard_task_runner.py:90} INFO - Running: ['***', 'tasks', 'run', 'foreign_1_live', 'save_foreign_1', 'scheduled__2025-09-05T17:44:00+00:00', '--job-id', '118668', '--raw', '--subdir', 'DAGS_FOLDER/dag_foreign_1_live.py', '--cfg-path', '/tmp/tmpq5ra40jr']
[2025-09-05T17:45:01.674+0000] {standard_task_runner.py:91} INFO - Job 118668: Subtask save_foreign_1
[2025-09-05T17:45:01.726+0000] {task_command.py:426} INFO - Running <TaskInstance: foreign_1_live.save_foreign_1 scheduled__2025-09-05T17:44:00+00:00 [running]> on host d4d2fe648a81
[2025-09-05T17:45:01.822+0000] {taskinstance.py:2648} INFO - Exporting env vars: AIRFLOW_CTX_DAG_OWNER='***' AIRFLOW_CTX_DAG_ID='foreign_1_live' AIRFLOW_CTX_TASK_ID='save_foreign_1' AIRFLOW_CTX_EXECUTION_DATE='2025-09-05T17:44:00+00:00' AIRFLOW_CTX_TRY_NUMBER='1' AIRFLOW_CTX_DAG_RUN_ID='scheduled__2025-09-05T17:44:00+00:00'
[2025-09-05T17:45:01.824+0000] {taskinstance.py:430} INFO - ::endgroup::
[2025-09-05T17:45:01.843+0000] {foreign_1.py:18} INFO - Kết nối DB
[2025-09-05T17:45:02.677+0000] {foreign_1.py:28} INFO - Đã lưu foreign_ALL
[2025-09-05T17:45:02.678+0000] {foreign_1.py:18} INFO - Kết nối DB
[2025-09-05T17:45:03.058+0000] {foreign_1.py:28} INFO - Đã lưu foreign_HOSE
[2025-09-05T17:45:03.060+0000] {foreign_1.py:18} INFO - Kết nối DB
[2025-09-05T17:45:03.417+0000] {foreign_1.py:28} INFO - Đã lưu foreign_HNX
[2025-09-05T17:45:03.419+0000] {foreign_1.py:18} INFO - Kết nối DB
[2025-09-05T17:45:03.779+0000] {foreign_1.py:28} INFO - Đã lưu foreign_UPCOM
[2025-09-05T17:45:03.780+0000] {python.py:237} INFO - Done. Returned value was: None
[2025-09-05T17:45:03.780+0000] {taskinstance.py:441} INFO - ::group::Post task execution logs
[2025-09-05T17:45:03.799+0000] {taskinstance.py:1206} INFO - Marking task as SUCCESS. dag_id=foreign_1_live, task_id=save_foreign_1, run_id=scheduled__2025-09-05T17:44:00+00:00, execution_date=20250905T174400, start_date=20250905T174501, end_date=20250905T174503
[2025-09-05T17:45:03.850+0000] {local_task_job_runner.py:240} INFO - Task exited with return code 0
[2025-09-05T17:45:03.892+0000] {taskinstance.py:3498} INFO - 4 downstream tasks scheduled from follow-on schedule check
[2025-09-05T17:45:03.893+0000] {local_task_job_runner.py:222} INFO - ::endgroup::
