[2025-09-03T14:45:35.163+0000] {local_task_job_runner.py:120} INFO - ::group::Pre task execution logs
[2025-09-03T14:45:35.189+0000] {taskinstance.py:2076} INFO - Dependencies all met for dep_context=non-requeueable deps ti=<TaskInstance: foreign_1_live.save_foreign_1 scheduled__2025-09-02T17:00:00+00:00 [queued]>
[2025-09-03T14:45:35.198+0000] {taskinstance.py:2076} INFO - Dependencies all met for dep_context=requeueable deps ti=<TaskInstance: foreign_1_live.save_foreign_1 scheduled__2025-09-02T17:00:00+00:00 [queued]>
[2025-09-03T14:45:35.199+0000] {taskinstance.py:2306} INFO - Starting attempt 1 of 11
[2025-09-03T14:45:35.212+0000] {taskinstance.py:2330} INFO - Executing <Task(PythonOperator): save_foreign_1> on 2025-09-02 17:00:00+00:00
[2025-09-03T14:45:35.219+0000] {standard_task_runner.py:63} INFO - Started process 2758023 to run task
[2025-09-03T14:45:35.224+0000] {standard_task_runner.py:90} INFO - Running: ['***', 'tasks', 'run', 'foreign_1_live', 'save_foreign_1', 'scheduled__2025-09-02T17:00:00+00:00', '--job-id', '72535', '--raw', '--subdir', 'DAGS_FOLDER/dag_foreign_1_live.py', '--cfg-path', '/tmp/tmpex200dy5']
[2025-09-03T14:45:35.227+0000] {standard_task_runner.py:91} INFO - Job 72535: Subtask save_foreign_1
[2025-09-03T14:45:35.279+0000] {task_command.py:426} INFO - Running <TaskInstance: foreign_1_live.save_foreign_1 scheduled__2025-09-02T17:00:00+00:00 [running]> on host 1877907bc043
[2025-09-03T14:45:35.367+0000] {taskinstance.py:2648} INFO - Exporting env vars: AIRFLOW_CTX_DAG_OWNER='***' AIRFLOW_CTX_DAG_ID='foreign_1_live' AIRFLOW_CTX_TASK_ID='save_foreign_1' AIRFLOW_CTX_EXECUTION_DATE='2025-09-02T17:00:00+00:00' AIRFLOW_CTX_TRY_NUMBER='1' AIRFLOW_CTX_DAG_RUN_ID='scheduled__2025-09-02T17:00:00+00:00'
[2025-09-03T14:45:35.369+0000] {taskinstance.py:430} INFO - ::endgroup::
[2025-09-03T14:45:35.384+0000] {foreign_1.py:18} INFO - Kết nối DB
[2025-09-03T14:45:35.835+0000] {foreign_1.py:28} INFO - Đã lưu foreign_ALL
[2025-09-03T14:45:35.836+0000] {foreign_1.py:18} INFO - Kết nối DB
[2025-09-03T14:45:36.208+0000] {foreign_1.py:28} INFO - Đã lưu foreign_HOSE
[2025-09-03T14:45:36.210+0000] {foreign_1.py:18} INFO - Kết nối DB
[2025-09-03T14:45:36.587+0000] {foreign_1.py:28} INFO - Đã lưu foreign_HNX
[2025-09-03T14:45:36.589+0000] {foreign_1.py:18} INFO - Kết nối DB
[2025-09-03T14:45:36.933+0000] {foreign_1.py:28} INFO - Đã lưu foreign_UPCOM
[2025-09-03T14:45:36.934+0000] {python.py:237} INFO - Done. Returned value was: None
[2025-09-03T14:45:36.935+0000] {taskinstance.py:441} INFO - ::group::Post task execution logs
[2025-09-03T14:45:36.948+0000] {taskinstance.py:1206} INFO - Marking task as SUCCESS. dag_id=foreign_1_live, task_id=save_foreign_1, run_id=scheduled__2025-09-02T17:00:00+00:00, execution_date=20250902T170000, start_date=20250903T144535, end_date=20250903T144536
[2025-09-03T14:45:37.080+0000] {local_task_job_runner.py:240} INFO - Task exited with return code 0
[2025-09-03T14:45:37.110+0000] {taskinstance.py:3498} INFO - 4 downstream tasks scheduled from follow-on schedule check
[2025-09-03T14:45:37.111+0000] {local_task_job_runner.py:222} INFO - ::endgroup::
[2025-09-11T08:54:33.865+0000] {local_task_job_runner.py:120} INFO - ::group::Pre task execution logs
[2025-09-11T08:54:33.895+0000] {taskinstance.py:2076} INFO - Dependencies all met for dep_context=non-requeueable deps ti=<TaskInstance: foreign_1_live.save_foreign_1 scheduled__2025-09-02T17:00:00+00:00 [queued]>
[2025-09-11T08:54:33.905+0000] {taskinstance.py:2076} INFO - Dependencies all met for dep_context=requeueable deps ti=<TaskInstance: foreign_1_live.save_foreign_1 scheduled__2025-09-02T17:00:00+00:00 [queued]>
[2025-09-11T08:54:33.905+0000] {taskinstance.py:2306} INFO - Starting attempt 1 of 11
[2025-09-11T08:54:34.114+0000] {taskinstance.py:2330} INFO - Executing <Task(PythonOperator): save_foreign_1> on 2025-09-02 17:00:00+00:00
[2025-09-11T08:54:34.122+0000] {standard_task_runner.py:63} INFO - Started process 152 to run task
[2025-09-11T08:54:34.126+0000] {standard_task_runner.py:90} INFO - Running: ['***', 'tasks', 'run', 'foreign_1_live', 'save_foreign_1', 'scheduled__2025-09-02T17:00:00+00:00', '--job-id', '5', '--raw', '--subdir', 'DAGS_FOLDER/dag_foreign_1_live.py', '--cfg-path', '/tmp/tmp61wkal0v']
[2025-09-11T08:54:34.129+0000] {standard_task_runner.py:91} INFO - Job 5: Subtask save_foreign_1
[2025-09-11T08:54:34.186+0000] {task_command.py:426} INFO - Running <TaskInstance: foreign_1_live.save_foreign_1 scheduled__2025-09-02T17:00:00+00:00 [running]> on host bcef7b61446d
[2025-09-11T08:54:34.291+0000] {taskinstance.py:2648} INFO - Exporting env vars: AIRFLOW_CTX_DAG_OWNER='***' AIRFLOW_CTX_DAG_ID='foreign_1_live' AIRFLOW_CTX_TASK_ID='save_foreign_1' AIRFLOW_CTX_EXECUTION_DATE='2025-09-02T17:00:00+00:00' AIRFLOW_CTX_TRY_NUMBER='1' AIRFLOW_CTX_DAG_RUN_ID='scheduled__2025-09-02T17:00:00+00:00'
[2025-09-11T08:54:34.292+0000] {taskinstance.py:430} INFO - ::endgroup::
[2025-09-11T08:54:34.326+0000] {foreign_1.py:18} INFO - Kết nối DB
[2025-09-11T08:54:35.085+0000] {foreign_1.py:28} INFO - Đã lưu foreign_ALL
[2025-09-11T08:54:35.087+0000] {foreign_1.py:18} INFO - Kết nối DB
[2025-09-11T08:54:35.451+0000] {foreign_1.py:28} INFO - Đã lưu foreign_HOSE
[2025-09-11T08:54:35.452+0000] {foreign_1.py:18} INFO - Kết nối DB
[2025-09-11T08:54:35.997+0000] {foreign_1.py:28} INFO - Đã lưu foreign_HNX
[2025-09-11T08:54:35.998+0000] {foreign_1.py:18} INFO - Kết nối DB
[2025-09-11T08:54:36.595+0000] {foreign_1.py:28} INFO - Đã lưu foreign_UPCOM
[2025-09-11T08:54:36.595+0000] {python.py:237} INFO - Done. Returned value was: None
[2025-09-11T08:54:36.596+0000] {taskinstance.py:441} INFO - ::group::Post task execution logs
[2025-09-11T08:54:36.607+0000] {taskinstance.py:1206} INFO - Marking task as SUCCESS. dag_id=foreign_1_live, task_id=save_foreign_1, run_id=scheduled__2025-09-02T17:00:00+00:00, execution_date=20250902T170000, start_date=20250911T085433, end_date=20250911T085436
[2025-09-11T08:54:36.745+0000] {local_task_job_runner.py:240} INFO - Task exited with return code 0
[2025-09-11T08:54:36.787+0000] {taskinstance.py:3503} INFO - 4 downstream tasks scheduled from follow-on schedule check
[2025-09-11T08:54:36.788+0000] {local_task_job_runner.py:222} INFO - ::endgroup::
