[2025-09-05T07:42:01.507+0000] {local_task_job_runner.py:120} INFO - ::group::Pre task execution logs
[2025-09-05T07:42:01.541+0000] {taskinstance.py:2076} INFO - Dependencies all met for dep_context=non-requeueable deps ti=<TaskInstance: activity.activity_HOSE scheduled__2025-09-05T07:41:00+00:00 [queued]>
[2025-09-05T07:42:01.553+0000] {taskinstance.py:2076} INFO - Dependencies all met for dep_context=requeueable deps ti=<TaskInstance: activity.activity_HOSE scheduled__2025-09-05T07:41:00+00:00 [queued]>
[2025-09-05T07:42:01.553+0000] {taskinstance.py:2306} INFO - Starting attempt 1 of 11
[2025-09-05T07:42:01.568+0000] {taskinstance.py:2330} INFO - Executing <Task(PythonOperator): activity_HOSE> on 2025-09-05 07:41:00+00:00
[2025-09-05T07:42:01.577+0000] {standard_task_runner.py:63} INFO - Started process 3152120 to run task
[2025-09-05T07:42:01.581+0000] {standard_task_runner.py:90} INFO - Running: ['***', 'tasks', 'run', 'activity', 'activity_HOSE', 'scheduled__2025-09-05T07:41:00+00:00', '--job-id', '111787', '--raw', '--subdir', 'DAGS_FOLDER/dag_activity.py', '--cfg-path', '/tmp/tmp78mqztfn']
[2025-09-05T07:42:01.584+0000] {standard_task_runner.py:91} INFO - Job 111787: Subtask activity_HOSE
[2025-09-05T07:42:01.636+0000] {task_command.py:426} INFO - Running <TaskInstance: activity.activity_HOSE scheduled__2025-09-05T07:41:00+00:00 [running]> on host 1877907bc043
[2025-09-05T07:42:01.801+0000] {taskinstance.py:2648} INFO - Exporting env vars: AIRFLOW_CTX_DAG_OWNER='***' AIRFLOW_CTX_DAG_ID='activity' AIRFLOW_CTX_TASK_ID='activity_HOSE' AIRFLOW_CTX_EXECUTION_DATE='2025-09-05T07:41:00+00:00' AIRFLOW_CTX_TRY_NUMBER='1' AIRFLOW_CTX_DAG_RUN_ID='scheduled__2025-09-05T07:41:00+00:00'
[2025-09-05T07:42:01.803+0000] {taskinstance.py:430} INFO - ::endgroup::
[2025-09-05T07:42:01.822+0000] {activity_HOSE.py:17} INFO - Kết nối DB
[2025-09-05T07:42:01.893+0000] {activity_HOSE.py:55} ERROR - Lỗi lưu activity_HOSE
Traceback (most recent call last):
  File "/opt/airflow/dags/utils/market_data/activity/activity_HOSE.py", line 26, in activity_HOSE
    advancers_Val = hose[hose['matchChange'] > 0]['totalVal'].sum().astype(int)
AttributeError: 'int' object has no attribute 'astype'
[2025-09-05T07:42:01.894+0000] {python.py:237} INFO - Done. Returned value was: None
[2025-09-05T07:42:01.895+0000] {taskinstance.py:441} INFO - ::group::Post task execution logs
[2025-09-05T07:42:01.908+0000] {taskinstance.py:1206} INFO - Marking task as SUCCESS. dag_id=activity, task_id=activity_HOSE, run_id=scheduled__2025-09-05T07:41:00+00:00, execution_date=20250905T074100, start_date=20250905T074201, end_date=20250905T074201
[2025-09-05T07:42:01.954+0000] {local_task_job_runner.py:240} INFO - Task exited with return code 0
[2025-09-05T07:42:01.984+0000] {taskinstance.py:3498} INFO - 0 downstream tasks scheduled from follow-on schedule check
[2025-09-05T07:42:01.985+0000] {local_task_job_runner.py:222} INFO - ::endgroup::
