[2025-09-04T12:42:01.305+0000] {local_task_job_runner.py:120} INFO - ::group::Pre task execution logs
[2025-09-04T12:42:01.331+0000] {taskinstance.py:2076} INFO - Dependencies all met for dep_context=non-requeueable deps ti=<TaskInstance: foreign_1_live.save_foreign_1 scheduled__2025-09-04T12:41:00+00:00 [queued]>
[2025-09-04T12:42:01.341+0000] {taskinstance.py:2076} INFO - Dependencies all met for dep_context=requeueable deps ti=<TaskInstance: foreign_1_live.save_foreign_1 scheduled__2025-09-04T12:41:00+00:00 [queued]>
[2025-09-04T12:42:01.341+0000] {taskinstance.py:2306} INFO - Starting attempt 1 of 11
[2025-09-04T12:42:01.356+0000] {taskinstance.py:2330} INFO - Executing <Task(PythonOperator): save_foreign_1> on 2025-09-04 12:41:00+00:00
[2025-09-04T12:42:01.364+0000] {standard_task_runner.py:63} INFO - Started process 2984833 to run task
[2025-09-04T12:42:01.369+0000] {standard_task_runner.py:90} INFO - Running: ['***', 'tasks', 'run', 'foreign_1_live', 'save_foreign_1', 'scheduled__2025-09-04T12:41:00+00:00', '--job-id', '98463', '--raw', '--subdir', 'DAGS_FOLDER/dag_foreign_1_live.py', '--cfg-path', '/tmp/tmp7yfjdge5']
[2025-09-04T12:42:01.372+0000] {standard_task_runner.py:91} INFO - Job 98463: Subtask save_foreign_1
[2025-09-04T12:42:01.435+0000] {task_command.py:426} INFO - Running <TaskInstance: foreign_1_live.save_foreign_1 scheduled__2025-09-04T12:41:00+00:00 [running]> on host 1877907bc043
[2025-09-04T12:42:01.553+0000] {taskinstance.py:2648} INFO - Exporting env vars: AIRFLOW_CTX_DAG_OWNER='***' AIRFLOW_CTX_DAG_ID='foreign_1_live' AIRFLOW_CTX_TASK_ID='save_foreign_1' AIRFLOW_CTX_EXECUTION_DATE='2025-09-04T12:41:00+00:00' AIRFLOW_CTX_TRY_NUMBER='1' AIRFLOW_CTX_DAG_RUN_ID='scheduled__2025-09-04T12:41:00+00:00'
[2025-09-04T12:42:01.555+0000] {taskinstance.py:430} INFO - ::endgroup::
[2025-09-04T12:42:01.573+0000] {foreign_1.py:18} INFO - Kết nối DB
[2025-09-04T12:42:01.930+0000] {foreign_1.py:28} INFO - Đã lưu foreign_ALL
[2025-09-04T12:42:01.931+0000] {foreign_1.py:18} INFO - Kết nối DB
[2025-09-04T12:42:02.310+0000] {foreign_1.py:28} INFO - Đã lưu foreign_HOSE
[2025-09-04T12:42:02.313+0000] {foreign_1.py:18} INFO - Kết nối DB
[2025-09-04T12:42:02.868+0000] {foreign_1.py:28} INFO - Đã lưu foreign_HNX
[2025-09-04T12:42:02.870+0000] {foreign_1.py:18} INFO - Kết nối DB
[2025-09-04T12:42:03.424+0000] {foreign_1.py:28} INFO - Đã lưu foreign_UPCOM
[2025-09-04T12:42:03.425+0000] {python.py:237} INFO - Done. Returned value was: None
[2025-09-04T12:42:03.426+0000] {taskinstance.py:441} INFO - ::group::Post task execution logs
[2025-09-04T12:42:03.441+0000] {taskinstance.py:1206} INFO - Marking task as SUCCESS. dag_id=foreign_1_live, task_id=save_foreign_1, run_id=scheduled__2025-09-04T12:41:00+00:00, execution_date=20250904T124100, start_date=20250904T124201, end_date=20250904T124203
[2025-09-04T12:42:03.511+0000] {local_task_job_runner.py:240} INFO - Task exited with return code 0
[2025-09-04T12:42:03.552+0000] {taskinstance.py:3498} INFO - 4 downstream tasks scheduled from follow-on schedule check
[2025-09-04T12:42:03.554+0000] {local_task_job_runner.py:222} INFO - ::endgroup::
