[2025-09-07T13:19:00.795+0000] {local_task_job_runner.py:120} INFO - ::group::Pre task execution logs
[2025-09-07T13:19:00.828+0000] {taskinstance.py:2076} INFO - Dependencies all met for dep_context=non-requeueable deps ti=<TaskInstance: crypto_collector_dag.run_crypto_collector scheduled__2025-09-07T13:18:00+00:00 [queued]>
[2025-09-07T13:19:00.838+0000] {taskinstance.py:2076} INFO - Dependencies all met for dep_context=requeueable deps ti=<TaskInstance: crypto_collector_dag.run_crypto_collector scheduled__2025-09-07T13:18:00+00:00 [queued]>
[2025-09-07T13:19:00.839+0000] {taskinstance.py:2306} INFO - Starting attempt 1 of 2
[2025-09-07T13:19:00.853+0000] {taskinstance.py:2330} INFO - Executing <Task(BashOperator): run_crypto_collector> on 2025-09-07 13:18:00+00:00
[2025-09-07T13:19:00.861+0000] {standard_task_runner.py:63} INFO - Started process 204274 to run task
[2025-09-07T13:19:00.865+0000] {standard_task_runner.py:90} INFO - Running: ['***', 'tasks', 'run', 'crypto_collector_dag', 'run_crypto_collector', 'scheduled__2025-09-07T13:18:00+00:00', '--job-id', '147495', '--raw', '--subdir', 'DAGS_FOLDER/crawl_crypto/dags_crypto.py', '--cfg-path', '/tmp/tmphwa3sww3']
[2025-09-07T13:19:00.867+0000] {standard_task_runner.py:91} INFO - Job 147495: Subtask run_crypto_collector
[2025-09-07T13:19:00.930+0000] {task_command.py:426} INFO - Running <TaskInstance: crypto_collector_dag.run_crypto_collector scheduled__2025-09-07T13:18:00+00:00 [running]> on host 8d9cea3aac78
[2025-09-07T13:19:01.041+0000] {taskinstance.py:2648} INFO - Exporting env vars: AIRFLOW_CTX_DAG_OWNER='***' AIRFLOW_CTX_DAG_ID='crypto_collector_dag' AIRFLOW_CTX_TASK_ID='run_crypto_collector' AIRFLOW_CTX_EXECUTION_DATE='2025-09-07T13:18:00+00:00' AIRFLOW_CTX_TRY_NUMBER='1' AIRFLOW_CTX_DAG_RUN_ID='scheduled__2025-09-07T13:18:00+00:00'
[2025-09-07T13:19:01.042+0000] {taskinstance.py:430} INFO - ::endgroup::
[2025-09-07T13:19:01.059+0000] {subprocess.py:63} INFO - Tmp dir root location: /tmp
[2025-09-07T13:19:01.060+0000] {subprocess.py:75} INFO - Running command: ['/usr/bin/bash', '-c', 'python3 /opt/***/dags/crawl_crypto/crawl_data_crypto.py']
[2025-09-07T13:19:01.075+0000] {subprocess.py:86} INFO - Output:
[2025-09-07T13:19:07.233+0000] {subprocess.py:93} INFO - 🔹 Kết nối DB...
[2025-09-07T13:19:07.234+0000] {subprocess.py:93} INFO - 🔹 Lấy top 100 crypto...
[2025-09-07T13:19:07.234+0000] {subprocess.py:93} INFO - Top 100: ['ETHUSDT', 'USDCUSDT', 'BTCUSDT', 'WLFIUSDT', 'TRXUSDT', 'SOLUSDT', 'SOMIUSDT', 'FDUSDUSDT', 'BNBUSDT', 'NMRUSDT', 'ENAUSDT', 'DOGEUSDT', 'XRPUSDT', 'WLDUSDT', 'PYTHUSDT', 'LINKUSDT', 'ADAUSDT', 'SUIUSDT', 'DOLOUSDT', 'PEPEUSDT', 'BIOUSDT', 'REDUSDT', 'AVAXUSDT', 'MITOUSDT', 'API3USDT', 'SEIUSDT', 'ARBUSDT', 'LTCUSDT', 'BCHUSDT', 'EIGENUSDT', 'PENGUUSDT', 'TRUMPUSDT', 'DOTUSDT', 'BONKUSDT', 'CUSDT', 'AAVEUSDT', 'TOWNSUSDT', 'FILUSDT', 'MAVUSDT', 'UNIUSDT', 'MEMEUSDT', 'HBARUSDT', 'PAXGUSDT', 'WIFUSDT', 'CRVUSDT', 'USD1USDT', 'SYRUPUSDT', 'POLUSDT', 'BBUSDT', 'TREEUSDT', 'ONDOUSDT', 'SUSDT', 'PLUMEUSDT', 'NEARUSDT', 'LPTUSDT', 'ETHFIUSDT', 'TONUSDT', 'GPSUSDT', 'LDOUSDT', 'XLMUSDT', 'PROVEUSDT', 'OMNIUSDT', '1MBABYDOGEUSDT', 'ZECUSDT', 'VIRTUALUSDT', 'OPUSDT', 'ORDIUSDT', 'TRBUSDT', 'APTUSDT', 'NEIROUSDT', 'TIAUSDT', 'TAOUSDT', 'FETUSDT', 'PNUTUSDT', 'ILVUSDT', 'CFXUSDT', 'SHIBUSDT', 'GALAUSDT', 'EURUSDT', 'RLCUSDT', 'AIXBTUSDT', 'BFUSDUSDT', 'SPKUSDT', 'FLOKIUSDT', 'SUNUSDT', 'PENDLEUSDT', 'OMUSDT', 'ARKMUSDT', 'HUMAUSDT', 'MKRUSDT', 'CYBERUSDT', 'FORMUSDT', 'VANAUSDT', 'XUSDUSDT', 'RAYUSDT', 'ICPUSDT', 'QTUMUSDT', 'SAHARAUSDT', 'ETCUSDT', 'ATOMUSDT']
[2025-09-07T13:19:07.235+0000] {subprocess.py:93} INFO - 🔹 Lưu lịch sử giá vào DB bằng threading...
[2025-09-07T13:19:07.235+0000] {subprocess.py:93} INFO - ✅ ETHUSDT: thêm 1 dòng mới
[2025-09-07T13:19:07.235+0000] {subprocess.py:93} INFO - 1/100 ETHUSDT lưu OK
[2025-09-07T13:19:07.235+0000] {subprocess.py:93} INFO - ✅ USDCUSDT: thêm 1 dòng mới
[2025-09-07T13:19:07.236+0000] {subprocess.py:93} INFO - ✅ BTCUSDT: thêm 1 dòng mới
[2025-09-07T13:19:07.236+0000] {subprocess.py:93} INFO - 2/100 USDCUSDT lưu OK
[2025-09-07T13:19:07.236+0000] {subprocess.py:93} INFO - 3/100 BTCUSDT lưu OK
[2025-09-07T13:19:07.236+0000] {subprocess.py:93} INFO - 4/100 WLFIUSDT lỗi: relation "cryptocurrency.wlfiusdt" does not exist
[2025-09-07T13:19:07.236+0000] {subprocess.py:93} INFO - LINE 1: SELECT MAX(time) FROM cryptocurrency.wlfiusdt;
[2025-09-07T13:19:07.237+0000] {subprocess.py:93} INFO -                               ^
[2025-09-07T13:19:07.237+0000] {subprocess.py:93} INFO - 
[2025-09-07T13:19:07.237+0000] {subprocess.py:93} INFO - ✅ FDUSDUSDT: thêm 1 dòng mới
[2025-09-07T13:19:07.237+0000] {subprocess.py:93} INFO - 5/100 FDUSDUSDT lưu OK
[2025-09-07T13:19:07.237+0000] {subprocess.py:93} INFO - ✅ SOLUSDT: thêm 1 dòng mới
[2025-09-07T13:19:07.238+0000] {subprocess.py:93} INFO - 6/100 SOLUSDT lưu OK
[2025-09-07T13:19:07.238+0000] {subprocess.py:93} INFO - 7/100 NMRUSDT lỗi: relation "cryptocurrency.nmrusdt" does not exist
[2025-09-07T13:19:07.238+0000] {subprocess.py:93} INFO - LINE 1: SELECT MAX(time) FROM cryptocurrency.nmrusdt;
[2025-09-07T13:19:07.238+0000] {subprocess.py:93} INFO -                               ^
[2025-09-07T13:19:07.238+0000] {subprocess.py:93} INFO - 
[2025-09-07T13:19:07.239+0000] {subprocess.py:93} INFO - 8/100 SOMIUSDT lỗi: relation "cryptocurrency.somiusdt" does not exist
[2025-09-07T13:19:07.239+0000] {subprocess.py:93} INFO - LINE 1: SELECT MAX(time) FROM cryptocurrency.somiusdt;
[2025-09-07T13:19:07.239+0000] {subprocess.py:93} INFO -                               ^
[2025-09-07T13:19:07.239+0000] {subprocess.py:93} INFO - 
[2025-09-07T13:19:07.239+0000] {subprocess.py:93} INFO - ✅ TRXUSDT: thêm 1 dòng mới
[2025-09-07T13:19:07.240+0000] {subprocess.py:93} INFO - 9/100 TRXUSDT lưu OK
[2025-09-07T13:19:07.240+0000] {subprocess.py:93} INFO - ✅ BNBUSDT: thêm 1 dòng mới
[2025-09-07T13:19:07.240+0000] {subprocess.py:93} INFO - 10/100 BNBUSDT lưu OK
[2025-09-07T13:19:07.240+0000] {subprocess.py:93} INFO - ✅ ENAUSDT: thêm 1 dòng mới
[2025-09-07T13:19:07.240+0000] {subprocess.py:93} INFO - 11/100 ENAUSDT lưu OK
[2025-09-07T13:19:07.241+0000] {subprocess.py:93} INFO - ✅ LINKUSDT: thêm 1 dòng mới
[2025-09-07T13:19:07.241+0000] {subprocess.py:93} INFO - 12/100 LINKUSDT lưu OK
[2025-09-07T13:19:07.241+0000] {subprocess.py:93} INFO - ✅ WLDUSDT: thêm 1 dòng mới
[2025-09-07T13:19:07.241+0000] {subprocess.py:93} INFO - 13/100 WLDUSDT lưu OK
[2025-09-07T13:19:07.241+0000] {subprocess.py:93} INFO - ✅ SUIUSDT: thêm 1 dòng mới
[2025-09-07T13:19:07.242+0000] {subprocess.py:93} INFO - 14/100 SUIUSDT lưu OK
[2025-09-07T13:19:07.242+0000] {subprocess.py:93} INFO - 15/100 DOLOUSDT lỗi: relation "cryptocurrency.dolousdt" does not exist
[2025-09-07T13:19:07.242+0000] {subprocess.py:93} INFO - LINE 1: SELECT MAX(time) FROM cryptocurrency.dolousdt;
[2025-09-07T13:19:07.242+0000] {subprocess.py:93} INFO -                               ^
[2025-09-07T13:19:07.242+0000] {subprocess.py:93} INFO - 
[2025-09-07T13:19:07.243+0000] {subprocess.py:93} INFO - ✅ ADAUSDT: thêm 1 dòng mới
[2025-09-07T13:19:07.243+0000] {subprocess.py:93} INFO - 16/100 ADAUSDT lưu OK
[2025-09-07T13:19:07.243+0000] {subprocess.py:93} INFO - 17/100 PYTHUSDT lỗi: relation "cryptocurrency.pythusdt" does not exist
[2025-09-07T13:19:07.243+0000] {subprocess.py:93} INFO - LINE 1: SELECT MAX(time) FROM cryptocurrency.pythusdt;
[2025-09-07T13:19:07.243+0000] {subprocess.py:93} INFO -                               ^
[2025-09-07T13:19:07.244+0000] {subprocess.py:93} INFO - 
[2025-09-07T13:19:07.244+0000] {subprocess.py:93} INFO - ✅ DOGEUSDT: thêm 1 dòng mới
[2025-09-07T13:19:07.244+0000] {subprocess.py:93} INFO - 18/100 DOGEUSDT lưu OK
[2025-09-07T13:19:07.244+0000] {subprocess.py:93} INFO - ✅ XRPUSDT: thêm 1 dòng mới
[2025-09-07T13:19:07.244+0000] {subprocess.py:93} INFO - 19/100 XRPUSDT lưu OK
[2025-09-07T13:19:07.245+0000] {subprocess.py:93} INFO - ✅ PEPEUSDT: thêm 1 dòng mới
[2025-09-07T13:19:07.245+0000] {subprocess.py:93} INFO - 20/100 PEPEUSDT lưu OK
[2025-09-07T13:19:07.245+0000] {subprocess.py:93} INFO - ✅ AVAXUSDT: thêm 1 dòng mới
[2025-09-07T13:19:07.245+0000] {subprocess.py:93} INFO - 21/100 AVAXUSDT lưu OK
[2025-09-07T13:19:07.245+0000] {subprocess.py:93} INFO - 22/100 BIOUSDT lỗi: relation "cryptocurrency.biousdt" does not exist
[2025-09-07T13:19:07.246+0000] {subprocess.py:93} INFO - LINE 1: SELECT MAX(time) FROM cryptocurrency.biousdt;
[2025-09-07T13:19:07.246+0000] {subprocess.py:93} INFO -                               ^
[2025-09-07T13:19:07.246+0000] {subprocess.py:93} INFO - 
[2025-09-07T13:19:07.246+0000] {subprocess.py:93} INFO - 23/100 REDUSDT lỗi: relation "cryptocurrency.redusdt" does not exist
[2025-09-07T13:19:07.246+0000] {subprocess.py:93} INFO - LINE 1: SELECT MAX(time) FROM cryptocurrency.redusdt;
[2025-09-07T13:19:07.247+0000] {subprocess.py:93} INFO -                               ^
[2025-09-07T13:19:07.247+0000] {subprocess.py:93} INFO - 
[2025-09-07T13:19:07.247+0000] {subprocess.py:93} INFO - ✅ ARBUSDT: thêm 1 dòng mới
[2025-09-07T13:19:07.247+0000] {subprocess.py:93} INFO - 24/100 ARBUSDT lưu OK
[2025-09-07T13:19:07.247+0000] {subprocess.py:93} INFO - ✅ BCHUSDT: thêm 1 dòng mới
[2025-09-07T13:19:07.248+0000] {subprocess.py:93} INFO - 25/100 BCHUSDT lưu OK
[2025-09-07T13:19:07.248+0000] {subprocess.py:93} INFO - ✅ EIGENUSDT: thêm 1 dòng mới
[2025-09-07T13:19:07.248+0000] {subprocess.py:93} INFO - 26/100 EIGENUSDT lưu OK
[2025-09-07T13:19:07.248+0000] {subprocess.py:93} INFO - ✅ API3USDT: thêm 1 dòng mới
[2025-09-07T13:19:07.248+0000] {subprocess.py:93} INFO - 27/100 API3USDT lưu OK
[2025-09-07T13:19:07.249+0000] {subprocess.py:93} INFO - 28/100 MITOUSDT lỗi: relation "cryptocurrency.mitousdt" does not exist
[2025-09-07T13:19:07.249+0000] {subprocess.py:93} INFO - LINE 1: SELECT MAX(time) FROM cryptocurrency.mitousdt;
[2025-09-07T13:19:07.249+0000] {subprocess.py:93} INFO -                               ^
[2025-09-07T13:19:07.249+0000] {subprocess.py:93} INFO - 
[2025-09-07T13:19:07.249+0000] {subprocess.py:93} INFO - ✅ SEIUSDT: thêm 1 dòng mới
[2025-09-07T13:19:07.250+0000] {subprocess.py:93} INFO - 29/100 SEIUSDT lưu OK
[2025-09-07T13:19:07.250+0000] {subprocess.py:93} INFO - ✅ PENGUUSDT: thêm 1 dòng mới
[2025-09-07T13:19:07.250+0000] {subprocess.py:93} INFO - 30/100 PENGUUSDT lưu OK
[2025-09-07T13:19:07.250+0000] {subprocess.py:93} INFO - ✅ LTCUSDT: thêm 1 dòng mới
[2025-09-07T13:19:07.250+0000] {subprocess.py:93} INFO - 31/100 LTCUSDT lưu OK
[2025-09-07T13:19:07.251+0000] {subprocess.py:93} INFO - ✅ TRUMPUSDT: thêm 1 dòng mới
[2025-09-07T13:19:07.251+0000] {subprocess.py:93} INFO - 32/100 TRUMPUSDT lưu OK
[2025-09-07T13:19:07.251+0000] {subprocess.py:93} INFO - ✅ DOTUSDT: thêm 1 dòng mới
[2025-09-07T13:19:07.251+0000] {subprocess.py:93} INFO - 33/100 DOTUSDT lưu OK
[2025-09-07T13:19:07.251+0000] {subprocess.py:93} INFO - 34/100 CUSDT lỗi: relation "cryptocurrency.cusdt" does not exist
[2025-09-07T13:19:07.252+0000] {subprocess.py:93} INFO - LINE 1: SELECT MAX(time) FROM cryptocurrency.cusdt;
[2025-09-07T13:19:07.252+0000] {subprocess.py:93} INFO -                               ^
[2025-09-07T13:19:07.252+0000] {subprocess.py:93} INFO - 
[2025-09-07T13:19:07.252+0000] {subprocess.py:93} INFO - ✅ BONKUSDT: thêm 1 dòng mới
[2025-09-07T13:19:07.252+0000] {subprocess.py:93} INFO - 35/100 BONKUSDT lưu OK
[2025-09-07T13:19:07.253+0000] {subprocess.py:93} INFO - ✅ HBARUSDT: thêm 1 dòng mới
[2025-09-07T13:19:07.253+0000] {subprocess.py:93} INFO - 36/100 HBARUSDT lưu OK
[2025-09-07T13:19:07.253+0000] {subprocess.py:93} INFO - ✅ AAVEUSDT: thêm 1 dòng mới
[2025-09-07T13:19:07.253+0000] {subprocess.py:93} INFO - 37/100 AAVEUSDT lưu OK
[2025-09-07T13:19:07.254+0000] {subprocess.py:93} INFO - ✅ TOWNSUSDT: thêm 1 dòng mới
[2025-09-07T13:19:07.254+0000] {subprocess.py:93} INFO - 38/100 TOWNSUSDT lưu OK
[2025-09-07T13:19:07.254+0000] {subprocess.py:93} INFO - ✅ FILUSDT: thêm 1 dòng mới
[2025-09-07T13:19:07.254+0000] {subprocess.py:93} INFO - 39/100 FILUSDT lưu OK
[2025-09-07T13:19:07.254+0000] {subprocess.py:93} INFO - ✅ UNIUSDT: thêm 1 dòng mới
[2025-09-07T13:19:07.255+0000] {subprocess.py:93} INFO - 40/100 UNIUSDT lưu OK
[2025-09-07T13:19:07.255+0000] {subprocess.py:93} INFO - ✅ MAVUSDT: thêm 1 dòng mới
[2025-09-07T13:19:07.255+0000] {subprocess.py:93} INFO - 41/100 MAVUSDT lưu OK
[2025-09-07T13:19:07.255+0000] {subprocess.py:93} INFO - 42/100 MEMEUSDT lỗi: relation "cryptocurrency.memeusdt" does not exist
[2025-09-07T13:19:07.255+0000] {subprocess.py:93} INFO - LINE 1: SELECT MAX(time) FROM cryptocurrency.memeusdt;
[2025-09-07T13:19:07.256+0000] {subprocess.py:93} INFO -                               ^
[2025-09-07T13:19:07.256+0000] {subprocess.py:93} INFO - 
[2025-09-07T13:19:07.256+0000] {subprocess.py:93} INFO - ✅ WIFUSDT: thêm 1 dòng mới
[2025-09-07T13:19:07.256+0000] {subprocess.py:93} INFO - 43/100 WIFUSDT lưu OK
[2025-09-07T13:19:07.256+0000] {subprocess.py:93} INFO - ✅ CRVUSDT: thêm 1 dòng mới
[2025-09-07T13:19:07.257+0000] {subprocess.py:93} INFO - 44/100 CRVUSDT lưu OK
[2025-09-07T13:19:07.257+0000] {subprocess.py:93} INFO - ✅ SYRUPUSDT: thêm 1 dòng mới
[2025-09-07T13:19:07.257+0000] {subprocess.py:93} INFO - 45/100 SYRUPUSDT lưu OK
[2025-09-07T13:19:07.257+0000] {subprocess.py:93} INFO - 46/100 PAXGUSDT lỗi: relation "cryptocurrency.paxgusdt" does not exist
[2025-09-07T13:19:07.257+0000] {subprocess.py:93} INFO - LINE 1: SELECT MAX(time) FROM cryptocurrency.paxgusdt;
[2025-09-07T13:19:07.258+0000] {subprocess.py:93} INFO -                               ^
[2025-09-07T13:19:07.258+0000] {subprocess.py:93} INFO - 
[2025-09-07T13:19:07.258+0000] {subprocess.py:93} INFO - 47/100 USD1USDT lỗi: relation "cryptocurrency.usd1usdt" does not exist
[2025-09-07T13:19:07.258+0000] {subprocess.py:93} INFO - LINE 1: SELECT MAX(time) FROM cryptocurrency.usd1usdt;
[2025-09-07T13:19:07.258+0000] {subprocess.py:93} INFO -                               ^
[2025-09-07T13:19:07.259+0000] {subprocess.py:93} INFO - 
[2025-09-07T13:19:07.259+0000] {subprocess.py:93} INFO - ✅ POLUSDT: thêm 1 dòng mới
[2025-09-07T13:19:07.259+0000] {subprocess.py:93} INFO - 48/100 POLUSDT lưu OK
[2025-09-07T13:19:07.259+0000] {subprocess.py:93} INFO - 49/100 BBUSDT lỗi: relation "cryptocurrency.bbusdt" does not exist
[2025-09-07T13:19:07.259+0000] {subprocess.py:93} INFO - LINE 1: SELECT MAX(time) FROM cryptocurrency.bbusdt;
[2025-09-07T13:19:07.260+0000] {subprocess.py:93} INFO -                               ^
[2025-09-07T13:19:07.260+0000] {subprocess.py:93} INFO - 
[2025-09-07T13:19:07.260+0000] {subprocess.py:93} INFO - ✅ ONDOUSDT: thêm 1 dòng mới
[2025-09-07T13:19:07.260+0000] {subprocess.py:93} INFO - 50/100 ONDOUSDT lưu OK
[2025-09-07T13:19:07.260+0000] {subprocess.py:93} INFO - ✅ SUSDT: thêm 1 dòng mới
[2025-09-07T13:19:07.261+0000] {subprocess.py:93} INFO - 51/100 SUSDT lưu OK
[2025-09-07T13:19:07.261+0000] {subprocess.py:93} INFO - 52/100 PLUMEUSDT lỗi: relation "cryptocurrency.plumeusdt" does not exist
[2025-09-07T13:19:07.261+0000] {subprocess.py:93} INFO - LINE 1: SELECT MAX(time) FROM cryptocurrency.plumeusdt;
[2025-09-07T13:19:07.261+0000] {subprocess.py:93} INFO -                               ^
[2025-09-07T13:19:07.261+0000] {subprocess.py:93} INFO - 
[2025-09-07T13:19:07.262+0000] {subprocess.py:93} INFO - 53/100 TREEUSDT lỗi: relation "cryptocurrency.treeusdt" does not exist
[2025-09-07T13:19:07.262+0000] {subprocess.py:93} INFO - LINE 1: SELECT MAX(time) FROM cryptocurrency.treeusdt;
[2025-09-07T13:19:07.262+0000] {subprocess.py:93} INFO -                               ^
[2025-09-07T13:19:07.262+0000] {subprocess.py:93} INFO - 
[2025-09-07T13:19:07.262+0000] {subprocess.py:93} INFO - ✅ NEARUSDT: thêm 1 dòng mới
[2025-09-07T13:19:07.263+0000] {subprocess.py:93} INFO - 54/100 NEARUSDT lưu OK
[2025-09-07T13:19:07.263+0000] {subprocess.py:93} INFO - 55/100 LPTUSDT lỗi: relation "cryptocurrency.lptusdt" does not exist
[2025-09-07T13:19:07.263+0000] {subprocess.py:93} INFO - LINE 1: SELECT MAX(time) FROM cryptocurrency.lptusdt;
[2025-09-07T13:19:07.263+0000] {subprocess.py:93} INFO -                               ^
[2025-09-07T13:19:07.263+0000] {subprocess.py:93} INFO - 
[2025-09-07T13:19:07.264+0000] {subprocess.py:93} INFO - ✅ ETHFIUSDT: thêm 1 dòng mới
[2025-09-07T13:19:07.264+0000] {subprocess.py:93} INFO - 56/100 ETHFIUSDT lưu OK
[2025-09-07T13:19:07.264+0000] {subprocess.py:93} INFO - ✅ TONUSDT: thêm 1 dòng mới
[2025-09-07T13:19:07.264+0000] {subprocess.py:93} INFO - 57/100 TONUSDT lưu OK
[2025-09-07T13:19:07.264+0000] {subprocess.py:93} INFO - 58/100 GPSUSDT lỗi: relation "cryptocurrency.gpsusdt" does not exist
[2025-09-07T13:19:07.265+0000] {subprocess.py:93} INFO - LINE 1: SELECT MAX(time) FROM cryptocurrency.gpsusdt;
[2025-09-07T13:19:07.265+0000] {subprocess.py:93} INFO -                               ^
[2025-09-07T13:19:07.265+0000] {subprocess.py:93} INFO - 
[2025-09-07T13:19:07.265+0000] {subprocess.py:93} INFO - ✅ LDOUSDT: thêm 1 dòng mới
[2025-09-07T13:19:07.266+0000] {subprocess.py:93} INFO - 59/100 LDOUSDT lưu OK
[2025-09-07T13:19:07.266+0000] {subprocess.py:93} INFO - ✅ XLMUSDT: thêm 1 dòng mới
[2025-09-07T13:19:07.266+0000] {subprocess.py:93} INFO - 60/100 XLMUSDT lưu OK
[2025-09-07T13:19:07.266+0000] {subprocess.py:93} INFO - ✅ PROVEUSDT: thêm 1 dòng mới
[2025-09-07T13:19:07.266+0000] {subprocess.py:93} INFO - 61/100 PROVEUSDT lưu OK
[2025-09-07T13:19:07.267+0000] {subprocess.py:93} INFO - 62/100 OMNIUSDT lỗi: relation "cryptocurrency.omniusdt" does not exist
[2025-09-07T13:19:07.267+0000] {subprocess.py:93} INFO - LINE 1: SELECT MAX(time) FROM cryptocurrency.omniusdt;
[2025-09-07T13:19:07.267+0000] {subprocess.py:93} INFO -                               ^
[2025-09-07T13:19:07.267+0000] {subprocess.py:93} INFO - 
[2025-09-07T13:19:07.267+0000] {subprocess.py:93} INFO - 63/100 1MBABYDOGEUSDT lỗi: trailing junk after numeric literal at or near ".1m"
[2025-09-07T13:19:07.268+0000] {subprocess.py:93} INFO - LINE 1: SELECT MAX(time) FROM cryptocurrency.1mbabydogeusdt;
[2025-09-07T13:19:07.268+0000] {subprocess.py:93} INFO -                                             ^
[2025-09-07T13:19:07.268+0000] {subprocess.py:93} INFO - 
[2025-09-07T13:19:07.268+0000] {subprocess.py:93} INFO - 64/100 ZECUSDT lỗi: relation "cryptocurrency.zecusdt" does not exist
[2025-09-07T13:19:07.268+0000] {subprocess.py:93} INFO - LINE 1: SELECT MAX(time) FROM cryptocurrency.zecusdt;
[2025-09-07T13:19:07.269+0000] {subprocess.py:93} INFO -                               ^
[2025-09-07T13:19:07.269+0000] {subprocess.py:93} INFO - 
[2025-09-07T13:19:07.269+0000] {subprocess.py:93} INFO - ✅ VIRTUALUSDT: thêm 1 dòng mới
[2025-09-07T13:19:07.269+0000] {subprocess.py:93} INFO - 65/100 VIRTUALUSDT lưu OK
[2025-09-07T13:19:07.269+0000] {subprocess.py:93} INFO - ✅ OPUSDT: thêm 1 dòng mới
[2025-09-07T13:19:07.270+0000] {subprocess.py:93} INFO - 66/100 OPUSDT lưu OK
[2025-09-07T13:19:07.270+0000] {subprocess.py:93} INFO - ✅ ORDIUSDT: thêm 1 dòng mới
[2025-09-07T13:19:07.270+0000] {subprocess.py:93} INFO - 67/100 ORDIUSDT lưu OK
[2025-09-07T13:19:07.270+0000] {subprocess.py:93} INFO - ✅ APTUSDT: thêm 1 dòng mới
[2025-09-07T13:19:07.270+0000] {subprocess.py:93} INFO - 68/100 APTUSDT lưu OK
[2025-09-07T13:19:07.271+0000] {subprocess.py:93} INFO - 69/100 TRBUSDT lỗi: relation "cryptocurrency.trbusdt" does not exist
[2025-09-07T13:19:07.271+0000] {subprocess.py:93} INFO - LINE 1: SELECT MAX(time) FROM cryptocurrency.trbusdt;
[2025-09-07T13:19:07.271+0000] {subprocess.py:93} INFO -                               ^
[2025-09-07T13:19:07.271+0000] {subprocess.py:93} INFO - 
[2025-09-07T13:19:07.271+0000] {subprocess.py:93} INFO - ✅ TAOUSDT: thêm 1 dòng mới
[2025-09-07T13:19:07.272+0000] {subprocess.py:93} INFO - 70/100 TAOUSDT lưu OK
[2025-09-07T13:19:07.272+0000] {subprocess.py:93} INFO - ✅ NEIROUSDT: thêm 1 dòng mới
[2025-09-07T13:19:07.272+0000] {subprocess.py:93} INFO - 71/100 NEIROUSDT lưu OK
[2025-09-07T13:19:07.272+0000] {subprocess.py:93} INFO - ✅ TIAUSDT: thêm 1 dòng mới
[2025-09-07T13:19:07.272+0000] {subprocess.py:93} INFO - 72/100 TIAUSDT lưu OK
[2025-09-07T13:19:07.273+0000] {subprocess.py:93} INFO - ✅ FETUSDT: thêm 1 dòng mới
[2025-09-07T13:19:07.273+0000] {subprocess.py:93} INFO - 73/100 FETUSDT lưu OK
[2025-09-07T13:19:07.273+0000] {subprocess.py:93} INFO - ✅ EURUSDT: thêm 1 dòng mới
[2025-09-07T13:19:07.273+0000] {subprocess.py:93} INFO - 74/100 EURUSDT lưu OK
[2025-09-07T13:19:07.273+0000] {subprocess.py:93} INFO - ✅ PNUTUSDT: thêm 1 dòng mới
[2025-09-07T13:19:07.274+0000] {subprocess.py:93} INFO - 75/100 PNUTUSDT lưu OK
[2025-09-07T13:19:07.274+0000] {subprocess.py:93} INFO - ✅ ILVUSDT: thêm 1 dòng mới
[2025-09-07T13:19:07.274+0000] {subprocess.py:93} INFO - 76/100 ILVUSDT lưu OK
[2025-09-07T13:19:07.274+0000] {subprocess.py:93} INFO - ✅ SHIBUSDT: thêm 1 dòng mới
[2025-09-07T13:19:07.274+0000] {subprocess.py:93} INFO - 77/100 SHIBUSDT lưu OK
[2025-09-07T13:19:07.275+0000] {subprocess.py:93} INFO - ✅ CFXUSDT: thêm 1 dòng mới
[2025-09-07T13:19:07.275+0000] {subprocess.py:93} INFO - 78/100 CFXUSDT lưu OK
[2025-09-07T13:19:07.275+0000] {subprocess.py:93} INFO - ✅ GALAUSDT: thêm 1 dòng mới
[2025-09-07T13:19:07.275+0000] {subprocess.py:93} INFO - 79/100 GALAUSDT lưu OK
[2025-09-07T13:19:07.275+0000] {subprocess.py:93} INFO - 80/100 RLCUSDT lỗi: relation "cryptocurrency.rlcusdt" does not exist
[2025-09-07T13:19:07.276+0000] {subprocess.py:93} INFO - LINE 1: SELECT MAX(time) FROM cryptocurrency.rlcusdt;
[2025-09-07T13:19:07.276+0000] {subprocess.py:93} INFO -                               ^
[2025-09-07T13:19:07.276+0000] {subprocess.py:93} INFO - 
[2025-09-07T13:19:08.098+0000] {subprocess.py:93} INFO - 81/100 AIXBTUSDT lỗi: relation "cryptocurrency.aixbtusdt" does not exist
[2025-09-07T13:19:08.099+0000] {subprocess.py:93} INFO - LINE 1: SELECT MAX(time) FROM cryptocurrency.aixbtusdt;
[2025-09-07T13:19:08.099+0000] {subprocess.py:93} INFO -                               ^
[2025-09-07T13:19:08.099+0000] {subprocess.py:93} INFO - 
[2025-09-07T13:19:08.099+0000] {subprocess.py:93} INFO - ✅ BFUSDUSDT: thêm 1 dòng mới
[2025-09-07T13:19:08.100+0000] {subprocess.py:93} INFO - 82/100 BFUSDUSDT lưu OK
[2025-09-07T13:19:08.100+0000] {subprocess.py:93} INFO - ✅ SPKUSDT: thêm 1 dòng mới
[2025-09-07T13:19:08.100+0000] {subprocess.py:93} INFO - 83/100 SPKUSDT lưu OK
[2025-09-07T13:19:08.100+0000] {subprocess.py:93} INFO - 84/100 SUNUSDT lỗi: relation "cryptocurrency.sunusdt" does not exist
[2025-09-07T13:19:08.100+0000] {subprocess.py:93} INFO - LINE 1: SELECT MAX(time) FROM cryptocurrency.sunusdt;
[2025-09-07T13:19:08.101+0000] {subprocess.py:93} INFO -                               ^
[2025-09-07T13:19:08.101+0000] {subprocess.py:93} INFO - 
[2025-09-07T13:19:08.101+0000] {subprocess.py:93} INFO - ✅ FLOKIUSDT: thêm 1 dòng mới
[2025-09-07T13:19:08.101+0000] {subprocess.py:93} INFO - 85/100 FLOKIUSDT lưu OK
[2025-09-07T13:19:08.101+0000] {subprocess.py:93} INFO - ✅ PENDLEUSDT: thêm 1 dòng mới
[2025-09-07T13:19:08.102+0000] {subprocess.py:93} INFO - 86/100 PENDLEUSDT lưu OK
[2025-09-07T13:19:08.102+0000] {subprocess.py:93} INFO - ✅ OMUSDT: thêm 1 dòng mới
[2025-09-07T13:19:08.102+0000] {subprocess.py:93} INFO - 87/100 OMUSDT lưu OK
[2025-09-07T13:19:08.102+0000] {subprocess.py:93} INFO - ✅ ARKMUSDT: thêm 1 dòng mới
[2025-09-07T13:19:08.103+0000] {subprocess.py:93} INFO - 88/100 ARKMUSDT lưu OK
[2025-09-07T13:19:08.103+0000] {subprocess.py:93} INFO - 89/100 MKRUSDT lỗi: relation "cryptocurrency.mkrusdt" does not exist
[2025-09-07T13:19:08.103+0000] {subprocess.py:93} INFO - LINE 1: SELECT MAX(time) FROM cryptocurrency.mkrusdt;
[2025-09-07T13:19:08.104+0000] {subprocess.py:93} INFO -                               ^
[2025-09-07T13:19:08.104+0000] {subprocess.py:93} INFO - 
[2025-09-07T13:19:08.104+0000] {subprocess.py:93} INFO - 90/100 HUMAUSDT lỗi: relation "cryptocurrency.humausdt" does not exist
[2025-09-07T13:19:08.104+0000] {subprocess.py:93} INFO - LINE 1: SELECT MAX(time) FROM cryptocurrency.humausdt;
[2025-09-07T13:19:08.104+0000] {subprocess.py:93} INFO -                               ^
[2025-09-07T13:19:08.105+0000] {subprocess.py:93} INFO - 
[2025-09-07T13:19:08.105+0000] {subprocess.py:93} INFO - 91/100 CYBERUSDT lỗi: relation "cryptocurrency.cyberusdt" does not exist
[2025-09-07T13:19:08.105+0000] {subprocess.py:93} INFO - LINE 1: SELECT MAX(time) FROM cryptocurrency.cyberusdt;
[2025-09-07T13:19:08.105+0000] {subprocess.py:93} INFO -                               ^
[2025-09-07T13:19:08.105+0000] {subprocess.py:93} INFO - 
[2025-09-07T13:19:08.106+0000] {subprocess.py:93} INFO - 92/100 VANAUSDT lỗi: relation "cryptocurrency.vanausdt" does not exist
[2025-09-07T13:19:08.106+0000] {subprocess.py:93} INFO - LINE 1: SELECT MAX(time) FROM cryptocurrency.vanausdt;
[2025-09-07T13:19:08.106+0000] {subprocess.py:93} INFO -                               ^
[2025-09-07T13:19:08.106+0000] {subprocess.py:93} INFO - 
[2025-09-07T13:19:08.106+0000] {subprocess.py:93} INFO - 93/100 FORMUSDT lỗi: relation "cryptocurrency.formusdt" does not exist
[2025-09-07T13:19:08.107+0000] {subprocess.py:93} INFO - LINE 1: SELECT MAX(time) FROM cryptocurrency.formusdt;
[2025-09-07T13:19:08.107+0000] {subprocess.py:93} INFO -                               ^
[2025-09-07T13:19:08.107+0000] {subprocess.py:93} INFO - 
[2025-09-07T13:19:08.107+0000] {subprocess.py:93} INFO - ✅ XUSDUSDT: thêm 1 dòng mới
[2025-09-07T13:19:08.107+0000] {subprocess.py:93} INFO - 94/100 XUSDUSDT lưu OK
[2025-09-07T13:19:08.108+0000] {subprocess.py:93} INFO - ✅ RAYUSDT: thêm 1 dòng mới
[2025-09-07T13:19:08.108+0000] {subprocess.py:93} INFO - 95/100 RAYUSDT lưu OK
[2025-09-07T13:19:08.108+0000] {subprocess.py:93} INFO - ✅ ICPUSDT: thêm 1 dòng mới
[2025-09-07T13:19:08.108+0000] {subprocess.py:93} INFO - 96/100 ICPUSDT lưu OK
[2025-09-07T13:19:08.108+0000] {subprocess.py:93} INFO - 97/100 ATOMUSDT lỗi: relation "cryptocurrency.atomusdt" does not exist
[2025-09-07T13:19:08.109+0000] {subprocess.py:93} INFO - LINE 1: SELECT MAX(time) FROM cryptocurrency.atomusdt;
[2025-09-07T13:19:08.109+0000] {subprocess.py:93} INFO -                               ^
[2025-09-07T13:19:08.109+0000] {subprocess.py:93} INFO - 
[2025-09-07T13:19:08.109+0000] {subprocess.py:93} INFO - 98/100 QTUMUSDT lỗi: relation "cryptocurrency.qtumusdt" does not exist
[2025-09-07T13:19:08.110+0000] {subprocess.py:93} INFO - LINE 1: SELECT MAX(time) FROM cryptocurrency.qtumusdt;
[2025-09-07T13:19:08.110+0000] {subprocess.py:93} INFO -                               ^
[2025-09-07T13:19:08.110+0000] {subprocess.py:93} INFO - 
[2025-09-07T13:19:08.110+0000] {subprocess.py:93} INFO - 99/100 SAHARAUSDT lỗi: relation "cryptocurrency.saharausdt" does not exist
[2025-09-07T13:19:08.110+0000] {subprocess.py:93} INFO - LINE 1: SELECT MAX(time) FROM cryptocurrency.saharausdt;
[2025-09-07T13:19:08.111+0000] {subprocess.py:93} INFO -                               ^
[2025-09-07T13:19:08.111+0000] {subprocess.py:93} INFO - 
[2025-09-07T13:19:08.111+0000] {subprocess.py:93} INFO - ✅ ETCUSDT: thêm 1 dòng mới
[2025-09-07T13:19:08.111+0000] {subprocess.py:93} INFO - 100/100 ETCUSDT lưu OK
[2025-09-07T13:19:08.232+0000] {subprocess.py:97} INFO - Command exited with return code 0
[2025-09-07T13:19:08.233+0000] {taskinstance.py:441} INFO - ::group::Post task execution logs
[2025-09-07T13:19:08.261+0000] {taskinstance.py:1206} INFO - Marking task as SUCCESS. dag_id=crypto_collector_dag, task_id=run_crypto_collector, run_id=scheduled__2025-09-07T13:18:00+00:00, execution_date=20250907T131800, start_date=20250907T131900, end_date=20250907T131908
[2025-09-07T13:19:08.313+0000] {local_task_job_runner.py:240} INFO - Task exited with return code 0
[2025-09-07T13:19:08.339+0000] {taskinstance.py:3503} INFO - 0 downstream tasks scheduled from follow-on schedule check
[2025-09-07T13:19:08.340+0000] {local_task_job_runner.py:222} INFO - ::endgroup::
