[2025-09-05T03:22:01.676+0000] {local_task_job_runner.py:120} INFO - ::group::Pre task execution logs
[2025-09-05T03:22:01.912+0000] {taskinstance.py:2076} INFO - Dependencies all met for dep_context=non-requeueable deps ti=<TaskInstance: liquidity.save_liquidity scheduled__2025-09-05T03:21:00+00:00 [queued]>
[2025-09-05T03:22:01.922+0000] {taskinstance.py:2076} INFO - Dependencies all met for dep_context=requeueable deps ti=<TaskInstance: liquidity.save_liquidity scheduled__2025-09-05T03:21:00+00:00 [queued]>
[2025-09-05T03:22:01.923+0000] {taskinstance.py:2306} INFO - Starting attempt 1 of 11
[2025-09-05T03:22:01.939+0000] {taskinstance.py:2330} INFO - Executing <Task(PythonOperator): save_liquidity> on 2025-09-05 03:21:00+00:00
[2025-09-05T03:22:01.948+0000] {standard_task_runner.py:63} INFO - Started process 3097714 to run task
[2025-09-05T03:22:01.952+0000] {standard_task_runner.py:90} INFO - Running: ['***', 'tasks', 'run', 'liquidity', 'save_liquidity', 'scheduled__2025-09-05T03:21:00+00:00', '--job-id', '108347', '--raw', '--subdir', 'DAGS_FOLDER/dag_liquidity.py', '--cfg-path', '/tmp/tmp1fa4rgzy']
[2025-09-05T03:22:01.955+0000] {standard_task_runner.py:91} INFO - Job 108347: Subtask save_liquidity
[2025-09-05T03:22:02.010+0000] {task_command.py:426} INFO - Running <TaskInstance: liquidity.save_liquidity scheduled__2025-09-05T03:21:00+00:00 [running]> on host 1877907bc043
[2025-09-05T03:22:02.108+0000] {taskinstance.py:2648} INFO - Exporting env vars: AIRFLOW_CTX_DAG_OWNER='***' AIRFLOW_CTX_DAG_ID='liquidity' AIRFLOW_CTX_TASK_ID='save_liquidity' AIRFLOW_CTX_EXECUTION_DATE='2025-09-05T03:21:00+00:00' AIRFLOW_CTX_TRY_NUMBER='1' AIRFLOW_CTX_DAG_RUN_ID='scheduled__2025-09-05T03:21:00+00:00'
[2025-09-05T03:22:02.109+0000] {taskinstance.py:430} INFO - ::endgroup::
[2025-09-05T03:22:02.691+0000] {liquidity.py:93} INFO - Đã lưu liquidity_ALL
[2025-09-05T03:22:03.134+0000] {liquidity.py:93} INFO - Đã lưu liquidity_HOSE
[2025-09-05T03:22:03.537+0000] {liquidity.py:93} INFO - Đã lưu liquidity_HNX
[2025-09-05T03:22:03.902+0000] {liquidity.py:93} INFO - Đã lưu liquidity_UPCOM
[2025-09-05T03:22:03.903+0000] {python.py:237} INFO - Done. Returned value was: None
[2025-09-05T03:22:03.904+0000] {taskinstance.py:441} INFO - ::group::Post task execution logs
[2025-09-05T03:22:03.919+0000] {taskinstance.py:1206} INFO - Marking task as SUCCESS. dag_id=liquidity, task_id=save_liquidity, run_id=scheduled__2025-09-05T03:21:00+00:00, execution_date=20250905T032100, start_date=20250905T032201, end_date=20250905T032203
[2025-09-05T03:22:03.970+0000] {local_task_job_runner.py:240} INFO - Task exited with return code 0
[2025-09-05T03:22:04.000+0000] {taskinstance.py:3498} INFO - 0 downstream tasks scheduled from follow-on schedule check
[2025-09-05T03:22:04.001+0000] {local_task_job_runner.py:222} INFO - ::endgroup::
