[2025-08-25T09:19:01.485+0000] {local_task_job_runner.py:120} INFO - ::group::Pre task execution logs
[2025-08-25T09:19:01.507+0000] {taskinstance.py:2076} INFO - Dependencies all met for dep_context=non-requeueable deps ti=<TaskInstance: crypto_collector_dag.run_crypto_collector scheduled__2025-08-25T09:18:00+00:00 [queued]>
[2025-08-25T09:19:01.514+0000] {taskinstance.py:2076} INFO - Dependencies all met for dep_context=requeueable deps ti=<TaskInstance: crypto_collector_dag.run_crypto_collector scheduled__2025-08-25T09:18:00+00:00 [queued]>
[2025-08-25T09:19:01.515+0000] {taskinstance.py:2306} INFO - Starting attempt 1 of 2
[2025-08-25T09:19:01.524+0000] {taskinstance.py:2330} INFO - Executing <Task(BashOperator): run_crypto_collector> on 2025-08-25 09:18:00+00:00
[2025-08-25T09:19:01.530+0000] {standard_task_runner.py:63} INFO - Started process 1192739 to run task
[2025-08-25T09:19:01.534+0000] {standard_task_runner.py:90} INFO - Running: ['***', 'tasks', 'run', 'crypto_collector_dag', 'run_crypto_collector', 'scheduled__2025-08-25T09:18:00+00:00', '--job-id', '23716', '--raw', '--subdir', 'DAGS_FOLDER/crawl_crypto/dags_crypto.py', '--cfg-path', '/tmp/tmp4yrim3fm']
[2025-08-25T09:19:01.535+0000] {standard_task_runner.py:91} INFO - Job 23716: Subtask run_crypto_collector
[2025-08-25T09:19:01.587+0000] {task_command.py:426} INFO - Running <TaskInstance: crypto_collector_dag.run_crypto_collector scheduled__2025-08-25T09:18:00+00:00 [running]> on host 1877907bc043
[2025-08-25T09:19:01.695+0000] {taskinstance.py:2648} INFO - Exporting env vars: AIRFLOW_CTX_DAG_OWNER='***' AIRFLOW_CTX_DAG_ID='crypto_collector_dag' AIRFLOW_CTX_TASK_ID='run_crypto_collector' AIRFLOW_CTX_EXECUTION_DATE='2025-08-25T09:18:00+00:00' AIRFLOW_CTX_TRY_NUMBER='1' AIRFLOW_CTX_DAG_RUN_ID='scheduled__2025-08-25T09:18:00+00:00'
[2025-08-25T09:19:01.696+0000] {taskinstance.py:430} INFO - ::endgroup::
[2025-08-25T09:19:01.712+0000] {subprocess.py:63} INFO - Tmp dir root location: /tmp
[2025-08-25T09:19:01.713+0000] {subprocess.py:75} INFO - Running command: ['/usr/bin/bash', '-c', 'python3 /opt/***/dags/crawl_crypto/crawl_data_crypto.py']
[2025-08-25T09:19:01.725+0000] {subprocess.py:86} INFO - Output:
[2025-08-25T09:19:06.846+0000] {subprocess.py:93} INFO - 🔹 Kết nối DB...
[2025-08-25T09:19:06.847+0000] {subprocess.py:93} INFO - 🔹 Lấy top 100 crypto...
[2025-08-25T09:19:06.847+0000] {subprocess.py:93} INFO - Top 100: ['ETHUSDT', 'BTCUSDT', 'USDCUSDT', 'SOLUSDT', 'XRPUSDT', 'DOGEUSDT', 'FDUSDUSDT', 'ADAUSDT', 'BIOUSDT', 'SUIUSDT', 'BNBUSDT', 'TRXUSDT', 'LINKUSDT', 'PEPEUSDT', 'ENAUSDT', 'ARBUSDT', 'MEMEUSDT', 'AVAXUSDT', 'PENGUUSDT', 'UNIUSDT', 'LTCUSDT', 'PLUMEUSDT', 'AAVEUSDT', 'WIFUSDT', 'SEIUSDT', 'HBARUSDT', 'QTUMUSDT', 'NEOUSDT', 'DOTUSDT', 'WLDUSDT', 'BONKUSDT', 'NEARUSDT', 'LDOUSDT', 'ETHFIUSDT', 'AEURUSDT', 'ONTUSDT', 'FILUSDT', 'OPUSDT', 'TRUMPUSDT', 'PENDLEUSDT', 'ONDOUSDT', 'CRVUSDT', 'XLMUSDT', 'APTUSDT', 'VETUSDT', 'SUSDT', 'SHIBUSDT', 'BOMEUSDT', 'TAOUSDT', 'FLOKIUSDT', 'RAYUSDT', 'VIRTUALUSDT', 'ETCUSDT', 'PNUTUSDT', 'POLUSDT', 'EURUSDT', 'ALGOUSDT', 'BCHUSDT', 'TIAUSDT', 'NEIROUSDT', 'GALAUSDT', 'EIGENUSDT', 'TONUSDT', 'CFXUSDT', 'INJUSDT', 'SLFUSDT', 'RUNEUSDT', 'SYRUPUSDT', 'MAVUSDT', 'ATOMUSDT', 'ICPUSDT', 'RADUSDT', 'ZKUSDT', 'FETUSDT', 'IOSTUSDT', 'CAKEUSDT', 'RENDERUSDT', 'SPELLUSDT', 'ORDIUSDT', 'ONGUSDT', 'JUPUSDT', 'ENSUSDT', 'SPKUSDT', 'BBUSDT', 'GASUSDT', 'HOOKUSDT', 'MKRUSDT', 'XUSDUSDT', 'WBTCUSDT', 'WBETHUSDT', 'BERAUSDT', 'SHELLUSDT', 'ARKMUSDT', 'WCTUSDT', 'NTRNUSDT', 'STRKUSDT', 'OMUSDT', 'TKOUSDT', 'PEOPLEUSDT', 'JSTUSDT']
[2025-08-25T09:19:06.847+0000] {subprocess.py:93} INFO - 🔹 Lưu lịch sử giá vào DB bằng threading...
[2025-08-25T09:19:06.848+0000] {subprocess.py:93} INFO - ✅ USDCUSDT: thêm 1 dòng mới
[2025-08-25T09:19:06.848+0000] {subprocess.py:93} INFO - 1/100 USDCUSDT lưu OK
[2025-08-25T09:19:06.848+0000] {subprocess.py:93} INFO - ✅ SOLUSDT: thêm 1 dòng mới
[2025-08-25T09:19:06.848+0000] {subprocess.py:93} INFO - 2/100 SOLUSDT lưu OK
[2025-08-25T09:19:06.848+0000] {subprocess.py:93} INFO - ✅ DOGEUSDT: thêm 1 dòng mới
[2025-08-25T09:19:06.849+0000] {subprocess.py:93} INFO - 3/100 DOGEUSDT lưu OK
[2025-08-25T09:19:06.849+0000] {subprocess.py:93} INFO - ✅ SUIUSDT: thêm 1 dòng mới
[2025-08-25T09:19:06.849+0000] {subprocess.py:93} INFO - 4/100 SUIUSDT lưu OK
[2025-08-25T09:19:06.849+0000] {subprocess.py:93} INFO - ✅ XRPUSDT: thêm 1 dòng mới
[2025-08-25T09:19:06.850+0000] {subprocess.py:93} INFO - 5/100 XRPUSDT lưu OK
[2025-08-25T09:19:06.850+0000] {subprocess.py:93} INFO - ✅ ETHUSDT: thêm 1 dòng mới
[2025-08-25T09:19:06.850+0000] {subprocess.py:93} INFO - 6/100 ETHUSDT lưu OK
[2025-08-25T09:19:06.850+0000] {subprocess.py:93} INFO - ✅ BTCUSDT: thêm 1 dòng mới
[2025-08-25T09:19:06.851+0000] {subprocess.py:93} INFO - 7/100 BTCUSDT lưu OK
[2025-08-25T09:19:06.851+0000] {subprocess.py:93} INFO - ✅ FDUSDUSDT: thêm 1 dòng mới
[2025-08-25T09:19:06.851+0000] {subprocess.py:93} INFO - 8/100 FDUSDUSDT lưu OK
[2025-08-25T09:19:06.851+0000] {subprocess.py:93} INFO - ✅ ADAUSDT: thêm 1 dòng mới
[2025-08-25T09:19:06.851+0000] {subprocess.py:93} INFO - 9/100 ADAUSDT lưu OK
[2025-08-25T09:19:06.852+0000] {subprocess.py:93} INFO - 10/100 BIOUSDT lỗi: relation "cryptocurrency.biousdt" does not exist
[2025-08-25T09:19:06.852+0000] {subprocess.py:93} INFO - LINE 1: SELECT MAX(time) FROM cryptocurrency.biousdt;
[2025-08-25T09:19:06.852+0000] {subprocess.py:93} INFO -                               ^
[2025-08-25T09:19:06.852+0000] {subprocess.py:93} INFO - 
[2025-08-25T09:19:06.852+0000] {subprocess.py:93} INFO - ✅ BNBUSDT: thêm 1 dòng mới
[2025-08-25T09:19:06.853+0000] {subprocess.py:93} INFO - 11/100 BNBUSDT lưu OK
[2025-08-25T09:19:06.853+0000] {subprocess.py:93} INFO - ✅ TRXUSDT: thêm 1 dòng mới
[2025-08-25T09:19:06.853+0000] {subprocess.py:93} INFO - 12/100 TRXUSDT lưu OK
[2025-08-25T09:19:06.853+0000] {subprocess.py:93} INFO - ✅ LINKUSDT: thêm 1 dòng mới
[2025-08-25T09:19:06.854+0000] {subprocess.py:93} INFO - 13/100 LINKUSDT lưu OK
[2025-08-25T09:19:06.854+0000] {subprocess.py:93} INFO - ✅ PEPEUSDT: thêm 1 dòng mới
[2025-08-25T09:19:06.854+0000] {subprocess.py:93} INFO - 14/100 PEPEUSDT lưu OK
[2025-08-25T09:19:06.854+0000] {subprocess.py:93} INFO - ✅ ENAUSDT: thêm 1 dòng mới
[2025-08-25T09:19:06.854+0000] {subprocess.py:93} INFO - 15/100 ENAUSDT lưu OK
[2025-08-25T09:19:06.855+0000] {subprocess.py:93} INFO - ✅ ARBUSDT: thêm 1 dòng mới
[2025-08-25T09:19:06.855+0000] {subprocess.py:93} INFO - 16/100 ARBUSDT lưu OK
[2025-08-25T09:19:06.855+0000] {subprocess.py:93} INFO - ✅ AVAXUSDT: thêm 1 dòng mới
[2025-08-25T09:19:06.855+0000] {subprocess.py:93} INFO - 17/100 AVAXUSDT lưu OK
[2025-08-25T09:19:06.855+0000] {subprocess.py:93} INFO - 18/100 MEMEUSDT lỗi: relation "cryptocurrency.memeusdt" does not exist
[2025-08-25T09:19:06.856+0000] {subprocess.py:93} INFO - LINE 1: SELECT MAX(time) FROM cryptocurrency.memeusdt;
[2025-08-25T09:19:06.856+0000] {subprocess.py:93} INFO -                               ^
[2025-08-25T09:19:06.856+0000] {subprocess.py:93} INFO - 
[2025-08-25T09:19:06.856+0000] {subprocess.py:93} INFO - ✅ UNIUSDT: thêm 1 dòng mới
[2025-08-25T09:19:06.856+0000] {subprocess.py:93} INFO - 19/100 UNIUSDT lưu OK
[2025-08-25T09:19:06.857+0000] {subprocess.py:93} INFO - ✅ PENGUUSDT: thêm 1 dòng mới
[2025-08-25T09:19:06.857+0000] {subprocess.py:93} INFO - 20/100 PENGUUSDT lưu OK
[2025-08-25T09:19:06.857+0000] {subprocess.py:93} INFO - ✅ LTCUSDT: thêm 1 dòng mới
[2025-08-25T09:19:06.857+0000] {subprocess.py:93} INFO - 21/100 LTCUSDT lưu OK
[2025-08-25T09:19:06.858+0000] {subprocess.py:93} INFO - 22/100 PLUMEUSDT lỗi: relation "cryptocurrency.plumeusdt" does not exist
[2025-08-25T09:19:06.858+0000] {subprocess.py:93} INFO - LINE 1: SELECT MAX(time) FROM cryptocurrency.plumeusdt;
[2025-08-25T09:19:06.858+0000] {subprocess.py:93} INFO -                               ^
[2025-08-25T09:19:06.858+0000] {subprocess.py:93} INFO - 
[2025-08-25T09:19:06.858+0000] {subprocess.py:93} INFO - ✅ AAVEUSDT: thêm 1 dòng mới
[2025-08-25T09:19:06.859+0000] {subprocess.py:93} INFO - 23/100 AAVEUSDT lưu OK
[2025-08-25T09:19:06.859+0000] {subprocess.py:93} INFO - ✅ WIFUSDT: thêm 1 dòng mới
[2025-08-25T09:19:06.859+0000] {subprocess.py:93} INFO - 24/100 WIFUSDT lưu OK
[2025-08-25T09:19:06.859+0000] {subprocess.py:93} INFO - ✅ SEIUSDT: thêm 1 dòng mới
[2025-08-25T09:19:06.859+0000] {subprocess.py:93} INFO - 25/100 SEIUSDT lưu OK
[2025-08-25T09:19:06.860+0000] {subprocess.py:93} INFO - ✅ HBARUSDT: thêm 1 dòng mới
[2025-08-25T09:19:06.860+0000] {subprocess.py:93} INFO - 26/100 HBARUSDT lưu OK
[2025-08-25T09:19:06.860+0000] {subprocess.py:93} INFO - 27/100 QTUMUSDT lỗi: relation "cryptocurrency.qtumusdt" does not exist
[2025-08-25T09:19:06.860+0000] {subprocess.py:93} INFO - LINE 1: SELECT MAX(time) FROM cryptocurrency.qtumusdt;
[2025-08-25T09:19:06.861+0000] {subprocess.py:93} INFO -                               ^
[2025-08-25T09:19:06.861+0000] {subprocess.py:93} INFO - 
[2025-08-25T09:19:06.861+0000] {subprocess.py:93} INFO - 28/100 NEOUSDT lỗi: relation "cryptocurrency.neousdt" does not exist
[2025-08-25T09:19:06.861+0000] {subprocess.py:93} INFO - LINE 1: SELECT MAX(time) FROM cryptocurrency.neousdt;
[2025-08-25T09:19:06.861+0000] {subprocess.py:93} INFO -                               ^
[2025-08-25T09:19:06.862+0000] {subprocess.py:93} INFO - 
[2025-08-25T09:19:06.862+0000] {subprocess.py:93} INFO - ✅ WLDUSDT: thêm 1 dòng mới
[2025-08-25T09:19:06.862+0000] {subprocess.py:93} INFO - 29/100 WLDUSDT lưu OK
[2025-08-25T09:19:06.862+0000] {subprocess.py:93} INFO - ✅ DOTUSDT: thêm 1 dòng mới
[2025-08-25T09:19:06.862+0000] {subprocess.py:93} INFO - 30/100 DOTUSDT lưu OK
[2025-08-25T09:19:06.863+0000] {subprocess.py:93} INFO - ✅ BONKUSDT: thêm 1 dòng mới
[2025-08-25T09:19:06.863+0000] {subprocess.py:93} INFO - 31/100 BONKUSDT lưu OK
[2025-08-25T09:19:06.863+0000] {subprocess.py:93} INFO - ✅ NEARUSDT: thêm 1 dòng mới
[2025-08-25T09:19:06.863+0000] {subprocess.py:93} INFO - 32/100 NEARUSDT lưu OK
[2025-08-25T09:19:06.864+0000] {subprocess.py:93} INFO - ✅ ETHFIUSDT: thêm 1 dòng mới
[2025-08-25T09:19:06.864+0000] {subprocess.py:93} INFO - 33/100 ETHFIUSDT lưu OK
[2025-08-25T09:19:06.864+0000] {subprocess.py:93} INFO - ✅ LDOUSDT: thêm 1 dòng mới
[2025-08-25T09:19:06.864+0000] {subprocess.py:93} INFO - 34/100 LDOUSDT lưu OK
[2025-08-25T09:19:06.864+0000] {subprocess.py:93} INFO - 35/100 AEURUSDT lỗi: relation "cryptocurrency.aeurusdt" does not exist
[2025-08-25T09:19:06.865+0000] {subprocess.py:93} INFO - LINE 1: SELECT MAX(time) FROM cryptocurrency.aeurusdt;
[2025-08-25T09:19:06.865+0000] {subprocess.py:93} INFO -                               ^
[2025-08-25T09:19:06.865+0000] {subprocess.py:93} INFO - 
[2025-08-25T09:19:06.865+0000] {subprocess.py:93} INFO - 36/100 ONTUSDT lỗi: relation "cryptocurrency.ontusdt" does not exist
[2025-08-25T09:19:06.865+0000] {subprocess.py:93} INFO - LINE 1: SELECT MAX(time) FROM cryptocurrency.ontusdt;
[2025-08-25T09:19:06.866+0000] {subprocess.py:93} INFO -                               ^
[2025-08-25T09:19:06.866+0000] {subprocess.py:93} INFO - 
[2025-08-25T09:19:06.866+0000] {subprocess.py:93} INFO - ✅ FILUSDT: thêm 1 dòng mới
[2025-08-25T09:19:06.866+0000] {subprocess.py:93} INFO - 37/100 FILUSDT lưu OK
[2025-08-25T09:19:06.866+0000] {subprocess.py:93} INFO - ✅ OPUSDT: thêm 1 dòng mới
[2025-08-25T09:19:06.867+0000] {subprocess.py:93} INFO - 38/100 OPUSDT lưu OK
[2025-08-25T09:19:06.867+0000] {subprocess.py:93} INFO - ✅ TRUMPUSDT: thêm 1 dòng mới
[2025-08-25T09:19:06.867+0000] {subprocess.py:93} INFO - 39/100 TRUMPUSDT lưu OK
[2025-08-25T09:19:06.867+0000] {subprocess.py:93} INFO - ✅ PENDLEUSDT: thêm 1 dòng mới
[2025-08-25T09:19:06.868+0000] {subprocess.py:93} INFO - 40/100 PENDLEUSDT lưu OK
[2025-08-25T09:19:06.868+0000] {subprocess.py:93} INFO - ✅ APTUSDT: thêm 1 dòng mới
[2025-08-25T09:19:06.868+0000] {subprocess.py:93} INFO - 41/100 APTUSDT lưu OK
[2025-08-25T09:19:06.868+0000] {subprocess.py:93} INFO - ✅ ONDOUSDT: thêm 1 dòng mới
[2025-08-25T09:19:06.868+0000] {subprocess.py:93} INFO - ✅ CRVUSDT: thêm 1 dòng mới
[2025-08-25T09:19:06.869+0000] {subprocess.py:93} INFO - 42/100 ONDOUSDT lưu OK
[2025-08-25T09:19:06.869+0000] {subprocess.py:93} INFO - 43/100 CRVUSDT lưu OK
[2025-08-25T09:19:06.869+0000] {subprocess.py:93} INFO - ✅ SUSDT: thêm 1 dòng mới
[2025-08-25T09:19:06.869+0000] {subprocess.py:93} INFO - 44/100 VETUSDT lỗi: relation "cryptocurrency.vetusdt" does not exist
[2025-08-25T09:19:06.869+0000] {subprocess.py:93} INFO - LINE 1: SELECT MAX(time) FROM cryptocurrency.vetusdt;
[2025-08-25T09:19:06.870+0000] {subprocess.py:93} INFO -                               ^
[2025-08-25T09:19:06.870+0000] {subprocess.py:93} INFO - 
[2025-08-25T09:19:06.870+0000] {subprocess.py:93} INFO - 45/100 SUSDT lưu OK
[2025-08-25T09:19:06.870+0000] {subprocess.py:93} INFO - ✅ XLMUSDT: thêm 1 dòng mới
[2025-08-25T09:19:06.870+0000] {subprocess.py:93} INFO - 46/100 XLMUSDT lưu OK
[2025-08-25T09:19:06.871+0000] {subprocess.py:93} INFO - ✅ SHIBUSDT: thêm 1 dòng mới
[2025-08-25T09:19:06.871+0000] {subprocess.py:93} INFO - 47/100 SHIBUSDT lưu OK
[2025-08-25T09:19:06.871+0000] {subprocess.py:93} INFO - 48/100 BOMEUSDT lỗi: relation "cryptocurrency.bomeusdt" does not exist
[2025-08-25T09:19:06.871+0000] {subprocess.py:93} INFO - LINE 1: SELECT MAX(time) FROM cryptocurrency.bomeusdt;
[2025-08-25T09:19:06.872+0000] {subprocess.py:93} INFO -                               ^
[2025-08-25T09:19:06.872+0000] {subprocess.py:93} INFO - 
[2025-08-25T09:19:06.872+0000] {subprocess.py:93} INFO - ✅ TAOUSDT: thêm 1 dòng mới
[2025-08-25T09:19:06.872+0000] {subprocess.py:93} INFO - 49/100 TAOUSDT lưu OK
[2025-08-25T09:19:06.872+0000] {subprocess.py:93} INFO - ✅ FLOKIUSDT: thêm 1 dòng mới
[2025-08-25T09:19:06.873+0000] {subprocess.py:93} INFO - 50/100 FLOKIUSDT lưu OK
[2025-08-25T09:19:06.873+0000] {subprocess.py:93} INFO - ✅ RAYUSDT: thêm 1 dòng mới
[2025-08-25T09:19:06.873+0000] {subprocess.py:93} INFO - 51/100 RAYUSDT lưu OK
[2025-08-25T09:19:06.873+0000] {subprocess.py:93} INFO - ✅ PNUTUSDT: thêm 1 dòng mới
[2025-08-25T09:19:06.873+0000] {subprocess.py:93} INFO - 52/100 PNUTUSDT lưu OK
[2025-08-25T09:19:06.874+0000] {subprocess.py:93} INFO - ✅ ETCUSDT: thêm 1 dòng mới
[2025-08-25T09:19:06.874+0000] {subprocess.py:93} INFO - 53/100 ETCUSDT lưu OK
[2025-08-25T09:19:06.874+0000] {subprocess.py:93} INFO - ✅ VIRTUALUSDT: thêm 1 dòng mới
[2025-08-25T09:19:06.874+0000] {subprocess.py:93} INFO - 54/100 VIRTUALUSDT lưu OK
[2025-08-25T09:19:06.874+0000] {subprocess.py:93} INFO - ✅ EURUSDT: thêm 1 dòng mới
[2025-08-25T09:19:06.875+0000] {subprocess.py:93} INFO - ✅ POLUSDT: thêm 1 dòng mới
[2025-08-25T09:19:06.875+0000] {subprocess.py:93} INFO - 55/100 EURUSDT lưu OK
[2025-08-25T09:19:06.875+0000] {subprocess.py:93} INFO - 56/100 POLUSDT lưu OK
[2025-08-25T09:19:06.875+0000] {subprocess.py:93} INFO - ✅ ALGOUSDT: thêm 1 dòng mới
[2025-08-25T09:19:06.875+0000] {subprocess.py:93} INFO - 57/100 ALGOUSDT lưu OK
[2025-08-25T09:19:06.876+0000] {subprocess.py:93} INFO - ✅ BCHUSDT: thêm 1 dòng mới
[2025-08-25T09:19:06.876+0000] {subprocess.py:93} INFO - 58/100 BCHUSDT lưu OK
[2025-08-25T09:19:06.876+0000] {subprocess.py:93} INFO - ✅ TIAUSDT: thêm 1 dòng mới
[2025-08-25T09:19:06.876+0000] {subprocess.py:93} INFO - 59/100 TIAUSDT lưu OK
[2025-08-25T09:19:06.876+0000] {subprocess.py:93} INFO - ✅ NEIROUSDT: thêm 1 dòng mới
[2025-08-25T09:19:06.877+0000] {subprocess.py:93} INFO - 60/100 NEIROUSDT lưu OK
[2025-08-25T09:19:06.877+0000] {subprocess.py:93} INFO - ✅ GALAUSDT: thêm 1 dòng mới
[2025-08-25T09:19:06.877+0000] {subprocess.py:93} INFO - 61/100 GALAUSDT lưu OK
[2025-08-25T09:19:06.877+0000] {subprocess.py:93} INFO - ✅ EIGENUSDT: thêm 1 dòng mới
[2025-08-25T09:19:06.878+0000] {subprocess.py:93} INFO - 62/100 EIGENUSDT lưu OK
[2025-08-25T09:19:06.878+0000] {subprocess.py:93} INFO - ✅ CFXUSDT: thêm 1 dòng mới
[2025-08-25T09:19:06.878+0000] {subprocess.py:93} INFO - 63/100 CFXUSDT lưu OK
[2025-08-25T09:19:06.878+0000] {subprocess.py:93} INFO - ✅ TONUSDT: thêm 1 dòng mới
[2025-08-25T09:19:06.878+0000] {subprocess.py:93} INFO - 64/100 TONUSDT lưu OK
[2025-08-25T09:19:06.879+0000] {subprocess.py:93} INFO - 65/100 SLFUSDT lỗi: relation "cryptocurrency.slfusdt" does not exist
[2025-08-25T09:19:06.879+0000] {subprocess.py:93} INFO - LINE 1: SELECT MAX(time) FROM cryptocurrency.slfusdt;
[2025-08-25T09:19:06.879+0000] {subprocess.py:93} INFO -                               ^
[2025-08-25T09:19:06.879+0000] {subprocess.py:93} INFO - 
[2025-08-25T09:19:06.879+0000] {subprocess.py:93} INFO - ✅ INJUSDT: thêm 1 dòng mới
[2025-08-25T09:19:06.880+0000] {subprocess.py:93} INFO - 66/100 INJUSDT lưu OK
[2025-08-25T09:19:06.880+0000] {subprocess.py:93} INFO - 67/100 RUNEUSDT lỗi: relation "cryptocurrency.runeusdt" does not exist
[2025-08-25T09:19:06.880+0000] {subprocess.py:93} INFO - LINE 1: SELECT MAX(time) FROM cryptocurrency.runeusdt;
[2025-08-25T09:19:06.880+0000] {subprocess.py:93} INFO -                               ^
[2025-08-25T09:19:06.880+0000] {subprocess.py:93} INFO - 
[2025-08-25T09:19:06.881+0000] {subprocess.py:93} INFO - ✅ SYRUPUSDT: thêm 1 dòng mới
[2025-08-25T09:19:06.881+0000] {subprocess.py:93} INFO - 68/100 SYRUPUSDT lưu OK
[2025-08-25T09:19:06.881+0000] {subprocess.py:93} INFO - ✅ MAVUSDT: thêm 1 dòng mới
[2025-08-25T09:19:06.881+0000] {subprocess.py:93} INFO - 69/100 MAVUSDT lưu OK
[2025-08-25T09:19:06.882+0000] {subprocess.py:93} INFO - ✅ ICPUSDT: thêm 1 dòng mới
[2025-08-25T09:19:06.882+0000] {subprocess.py:93} INFO - 70/100 ICPUSDT lưu OK
[2025-08-25T09:19:06.882+0000] {subprocess.py:93} INFO - 71/100 ATOMUSDT lỗi: relation "cryptocurrency.atomusdt" does not exist
[2025-08-25T09:19:06.882+0000] {subprocess.py:93} INFO - LINE 1: SELECT MAX(time) FROM cryptocurrency.atomusdt;
[2025-08-25T09:19:06.882+0000] {subprocess.py:93} INFO -                               ^
[2025-08-25T09:19:06.883+0000] {subprocess.py:93} INFO - 
[2025-08-25T09:19:06.883+0000] {subprocess.py:93} INFO - 72/100 RADUSDT lỗi: relation "cryptocurrency.radusdt" does not exist
[2025-08-25T09:19:06.883+0000] {subprocess.py:93} INFO - LINE 1: SELECT MAX(time) FROM cryptocurrency.radusdt;
[2025-08-25T09:19:06.883+0000] {subprocess.py:93} INFO -                               ^
[2025-08-25T09:19:06.883+0000] {subprocess.py:93} INFO - 
[2025-08-25T09:19:06.884+0000] {subprocess.py:93} INFO - 73/100 ZKUSDT lỗi: relation "cryptocurrency.zkusdt" does not exist
[2025-08-25T09:19:06.884+0000] {subprocess.py:93} INFO - LINE 1: SELECT MAX(time) FROM cryptocurrency.zkusdt;
[2025-08-25T09:19:06.884+0000] {subprocess.py:93} INFO -                               ^
[2025-08-25T09:19:06.884+0000] {subprocess.py:93} INFO - 
[2025-08-25T09:19:06.884+0000] {subprocess.py:93} INFO - ✅ FETUSDT: thêm 1 dòng mới
[2025-08-25T09:19:06.885+0000] {subprocess.py:93} INFO - 74/100 FETUSDT lưu OK
[2025-08-25T09:19:06.885+0000] {subprocess.py:93} INFO - 75/100 IOSTUSDT lỗi: relation "cryptocurrency.iostusdt" does not exist
[2025-08-25T09:19:06.885+0000] {subprocess.py:93} INFO - LINE 1: SELECT MAX(time) FROM cryptocurrency.iostusdt;
[2025-08-25T09:19:06.885+0000] {subprocess.py:93} INFO -                               ^
[2025-08-25T09:19:06.885+0000] {subprocess.py:93} INFO - 
[2025-08-25T09:19:06.886+0000] {subprocess.py:93} INFO - ✅ RENDERUSDT: thêm 1 dòng mới
[2025-08-25T09:19:06.886+0000] {subprocess.py:93} INFO - 76/100 RENDERUSDT lưu OK
[2025-08-25T09:19:06.886+0000] {subprocess.py:93} INFO - 77/100 SPELLUSDT lỗi: relation "cryptocurrency.spellusdt" does not exist
[2025-08-25T09:19:06.886+0000] {subprocess.py:93} INFO - LINE 1: SELECT MAX(time) FROM cryptocurrency.spellusdt;
[2025-08-25T09:19:06.887+0000] {subprocess.py:93} INFO -                               ^
[2025-08-25T09:19:06.887+0000] {subprocess.py:93} INFO - 
[2025-08-25T09:19:06.887+0000] {subprocess.py:93} INFO - ✅ ORDIUSDT: thêm 1 dòng mới
[2025-08-25T09:19:06.887+0000] {subprocess.py:93} INFO - 78/100 ORDIUSDT lưu OK
[2025-08-25T09:19:06.888+0000] {subprocess.py:93} INFO - ✅ CAKEUSDT: thêm 1 dòng mới
[2025-08-25T09:19:06.888+0000] {subprocess.py:93} INFO - 79/100 CAKEUSDT lưu OK
[2025-08-25T09:19:06.888+0000] {subprocess.py:93} INFO - 80/100 ONGUSDT lỗi: relation "cryptocurrency.ongusdt" does not exist
[2025-08-25T09:19:06.888+0000] {subprocess.py:93} INFO - LINE 1: SELECT MAX(time) FROM cryptocurrency.ongusdt;
[2025-08-25T09:19:06.888+0000] {subprocess.py:93} INFO -                               ^
[2025-08-25T09:19:06.889+0000] {subprocess.py:93} INFO - 
[2025-08-25T09:19:06.889+0000] {subprocess.py:93} INFO - ✅ ENSUSDT: thêm 1 dòng mới
[2025-08-25T09:19:06.889+0000] {subprocess.py:93} INFO - 81/100 ENSUSDT lưu OK
[2025-08-25T09:19:06.889+0000] {subprocess.py:93} INFO - 82/100 JUPUSDT lỗi: relation "cryptocurrency.jupusdt" does not exist
[2025-08-25T09:19:06.889+0000] {subprocess.py:93} INFO - LINE 1: SELECT MAX(time) FROM cryptocurrency.jupusdt;
[2025-08-25T09:19:06.890+0000] {subprocess.py:93} INFO -                               ^
[2025-08-25T09:19:06.890+0000] {subprocess.py:93} INFO - 
[2025-08-25T09:19:06.890+0000] {subprocess.py:93} INFO - ✅ SPKUSDT: thêm 1 dòng mới
[2025-08-25T09:19:06.890+0000] {subprocess.py:93} INFO - 83/100 SPKUSDT lưu OK
[2025-08-25T09:19:06.890+0000] {subprocess.py:93} INFO - 84/100 BBUSDT lỗi: relation "cryptocurrency.bbusdt" does not exist
[2025-08-25T09:19:06.891+0000] {subprocess.py:93} INFO - LINE 1: SELECT MAX(time) FROM cryptocurrency.bbusdt;
[2025-08-25T09:19:06.891+0000] {subprocess.py:93} INFO -                               ^
[2025-08-25T09:19:06.891+0000] {subprocess.py:93} INFO - 
[2025-08-25T09:19:06.891+0000] {subprocess.py:93} INFO - 85/100 GASUSDT lỗi: relation "cryptocurrency.gasusdt" does not exist
[2025-08-25T09:19:06.891+0000] {subprocess.py:93} INFO - LINE 1: SELECT MAX(time) FROM cryptocurrency.gasusdt;
[2025-08-25T09:19:06.892+0000] {subprocess.py:93} INFO -                               ^
[2025-08-25T09:19:06.892+0000] {subprocess.py:93} INFO - 
[2025-08-25T09:19:07.241+0000] {subprocess.py:93} INFO - 86/100 MKRUSDT lỗi: relation "cryptocurrency.mkrusdt" does not exist
[2025-08-25T09:19:07.241+0000] {subprocess.py:93} INFO - LINE 1: SELECT MAX(time) FROM cryptocurrency.mkrusdt;
[2025-08-25T09:19:07.241+0000] {subprocess.py:93} INFO -                               ^
[2025-08-25T09:19:07.242+0000] {subprocess.py:93} INFO - 
[2025-08-25T09:19:07.242+0000] {subprocess.py:93} INFO - 87/100 HOOKUSDT lỗi: relation "cryptocurrency.hookusdt" does not exist
[2025-08-25T09:19:07.242+0000] {subprocess.py:93} INFO - LINE 1: SELECT MAX(time) FROM cryptocurrency.hookusdt;
[2025-08-25T09:19:07.242+0000] {subprocess.py:93} INFO -                               ^
[2025-08-25T09:19:07.242+0000] {subprocess.py:93} INFO - 
[2025-08-25T09:19:07.243+0000] {subprocess.py:93} INFO - ✅ XUSDUSDT: thêm 1 dòng mới
[2025-08-25T09:19:07.243+0000] {subprocess.py:93} INFO - 88/100 XUSDUSDT lưu OK
[2025-08-25T09:19:07.243+0000] {subprocess.py:93} INFO - 89/100 WBTCUSDT lỗi: relation "cryptocurrency.wbtcusdt" does not exist
[2025-08-25T09:19:07.243+0000] {subprocess.py:93} INFO - LINE 1: SELECT MAX(time) FROM cryptocurrency.wbtcusdt;
[2025-08-25T09:19:07.244+0000] {subprocess.py:93} INFO -                               ^
[2025-08-25T09:19:07.244+0000] {subprocess.py:93} INFO - 
[2025-08-25T09:19:07.244+0000] {subprocess.py:93} INFO - 90/100 WBETHUSDT lỗi: relation "cryptocurrency.wbethusdt" does not exist
[2025-08-25T09:19:07.245+0000] {subprocess.py:93} INFO - LINE 1: SELECT MAX(time) FROM cryptocurrency.wbethusdt;
[2025-08-25T09:19:07.245+0000] {subprocess.py:93} INFO -                               ^
[2025-08-25T09:19:07.245+0000] {subprocess.py:93} INFO - 
[2025-08-25T09:19:07.245+0000] {subprocess.py:93} INFO - ✅ BERAUSDT: thêm 1 dòng mới
[2025-08-25T09:19:07.245+0000] {subprocess.py:93} INFO - 91/100 BERAUSDT lưu OK
[2025-08-25T09:19:07.246+0000] {subprocess.py:93} INFO - 92/100 SHELLUSDT lỗi: relation "cryptocurrency.shellusdt" does not exist
[2025-08-25T09:19:07.246+0000] {subprocess.py:93} INFO - LINE 1: SELECT MAX(time) FROM cryptocurrency.shellusdt;
[2025-08-25T09:19:07.246+0000] {subprocess.py:93} INFO -                               ^
[2025-08-25T09:19:07.246+0000] {subprocess.py:93} INFO - 
[2025-08-25T09:19:07.247+0000] {subprocess.py:93} INFO - ✅ ARKMUSDT: thêm 1 dòng mới
[2025-08-25T09:19:07.247+0000] {subprocess.py:93} INFO - 93/100 ARKMUSDT lưu OK
[2025-08-25T09:19:07.247+0000] {subprocess.py:93} INFO - 94/100 WCTUSDT lỗi: relation "cryptocurrency.wctusdt" does not exist
[2025-08-25T09:19:07.247+0000] {subprocess.py:93} INFO - LINE 1: SELECT MAX(time) FROM cryptocurrency.wctusdt;
[2025-08-25T09:19:07.248+0000] {subprocess.py:93} INFO -                               ^
[2025-08-25T09:19:07.248+0000] {subprocess.py:93} INFO - 
[2025-08-25T09:19:07.248+0000] {subprocess.py:93} INFO - 95/100 NTRNUSDT lỗi: relation "cryptocurrency.ntrnusdt" does not exist
[2025-08-25T09:19:07.248+0000] {subprocess.py:93} INFO - LINE 1: SELECT MAX(time) FROM cryptocurrency.ntrnusdt;
[2025-08-25T09:19:07.248+0000] {subprocess.py:93} INFO -                               ^
[2025-08-25T09:19:07.249+0000] {subprocess.py:93} INFO - 
[2025-08-25T09:19:07.249+0000] {subprocess.py:93} INFO - 96/100 STRKUSDT lỗi: relation "cryptocurrency.strkusdt" does not exist
[2025-08-25T09:19:07.249+0000] {subprocess.py:93} INFO - LINE 1: SELECT MAX(time) FROM cryptocurrency.strkusdt;
[2025-08-25T09:19:07.249+0000] {subprocess.py:93} INFO -                               ^
[2025-08-25T09:19:07.250+0000] {subprocess.py:93} INFO - 
[2025-08-25T09:19:07.250+0000] {subprocess.py:93} INFO - ✅ OMUSDT: thêm 1 dòng mới
[2025-08-25T09:19:07.250+0000] {subprocess.py:93} INFO - 97/100 OMUSDT lưu OK
[2025-08-25T09:19:07.250+0000] {subprocess.py:93} INFO - 98/100 TKOUSDT lỗi: relation "cryptocurrency.tkousdt" does not exist
[2025-08-25T09:19:07.250+0000] {subprocess.py:93} INFO - LINE 1: SELECT MAX(time) FROM cryptocurrency.tkousdt;
[2025-08-25T09:19:07.251+0000] {subprocess.py:93} INFO -                               ^
[2025-08-25T09:19:07.251+0000] {subprocess.py:93} INFO - 
[2025-08-25T09:19:07.251+0000] {subprocess.py:93} INFO - 99/100 PEOPLEUSDT lỗi: relation "cryptocurrency.peopleusdt" does not exist
[2025-08-25T09:19:07.251+0000] {subprocess.py:93} INFO - LINE 1: SELECT MAX(time) FROM cryptocurrency.peopleusdt;
[2025-08-25T09:19:07.252+0000] {subprocess.py:93} INFO -                               ^
[2025-08-25T09:19:07.252+0000] {subprocess.py:93} INFO - 
[2025-08-25T09:19:07.252+0000] {subprocess.py:93} INFO - 100/100 JSTUSDT lỗi: relation "cryptocurrency.jstusdt" does not exist
[2025-08-25T09:19:07.252+0000] {subprocess.py:93} INFO - LINE 1: SELECT MAX(time) FROM cryptocurrency.jstusdt;
[2025-08-25T09:19:07.252+0000] {subprocess.py:93} INFO -                               ^
[2025-08-25T09:19:07.253+0000] {subprocess.py:93} INFO - 
[2025-08-25T09:19:07.346+0000] {subprocess.py:97} INFO - Command exited with return code 0
[2025-08-25T09:19:07.347+0000] {taskinstance.py:441} INFO - ::group::Post task execution logs
[2025-08-25T09:19:07.378+0000] {taskinstance.py:1206} INFO - Marking task as SUCCESS. dag_id=crypto_collector_dag, task_id=run_crypto_collector, run_id=scheduled__2025-08-25T09:18:00+00:00, execution_date=20250825T091800, start_date=20250825T091901, end_date=20250825T091907
[2025-08-25T09:19:07.408+0000] {local_task_job_runner.py:240} INFO - Task exited with return code 0
[2025-08-25T09:19:07.429+0000] {taskinstance.py:3498} INFO - 0 downstream tasks scheduled from follow-on schedule check
[2025-08-25T09:19:07.430+0000] {local_task_job_runner.py:222} INFO - ::endgroup::
