[2025-09-03T15:03:52.032+0000] {local_task_job_runner.py:120} INFO - ::group::Pre task execution logs
[2025-09-03T15:03:52.060+0000] {taskinstance.py:2076} INFO - Dependencies all met for dep_context=non-requeueable deps ti=<TaskInstance: foreign_1_live.save_foreign_1 scheduled__2025-09-03T08:48:00+00:00 [queued]>
[2025-09-03T15:03:52.071+0000] {taskinstance.py:2076} INFO - Dependencies all met for dep_context=requeueable deps ti=<TaskInstance: foreign_1_live.save_foreign_1 scheduled__2025-09-03T08:48:00+00:00 [queued]>
[2025-09-03T15:03:52.071+0000] {taskinstance.py:2306} INFO - Starting attempt 1 of 11
[2025-09-03T15:03:52.088+0000] {taskinstance.py:2330} INFO - Executing <Task(PythonOperator): save_foreign_1> on 2025-09-03 08:48:00+00:00
[2025-09-03T15:03:52.096+0000] {standard_task_runner.py:63} INFO - Started process 2773745 to run task
[2025-09-03T15:03:52.101+0000] {standard_task_runner.py:90} INFO - Running: ['***', 'tasks', 'run', 'foreign_1_live', 'save_foreign_1', 'scheduled__2025-09-03T08:48:00+00:00', '--job-id', '77253', '--raw', '--subdir', 'DAGS_FOLDER/dag_foreign_1_live.py', '--cfg-path', '/tmp/tmpba5noe6e']
[2025-09-03T15:03:52.104+0000] {standard_task_runner.py:91} INFO - Job 77253: Subtask save_foreign_1
[2025-09-03T15:03:52.158+0000] {task_command.py:426} INFO - Running <TaskInstance: foreign_1_live.save_foreign_1 scheduled__2025-09-03T08:48:00+00:00 [running]> on host 1877907bc043
[2025-09-03T15:03:52.276+0000] {taskinstance.py:2648} INFO - Exporting env vars: AIRFLOW_CTX_DAG_OWNER='***' AIRFLOW_CTX_DAG_ID='foreign_1_live' AIRFLOW_CTX_TASK_ID='save_foreign_1' AIRFLOW_CTX_EXECUTION_DATE='2025-09-03T08:48:00+00:00' AIRFLOW_CTX_TRY_NUMBER='1' AIRFLOW_CTX_DAG_RUN_ID='scheduled__2025-09-03T08:48:00+00:00'
[2025-09-03T15:03:52.278+0000] {taskinstance.py:430} INFO - ::endgroup::
[2025-09-03T15:03:52.294+0000] {foreign_1.py:18} INFO - Kết nối DB
[2025-09-03T15:03:52.689+0000] {foreign_1.py:28} INFO - Đã lưu foreign_ALL
[2025-09-03T15:03:52.690+0000] {foreign_1.py:18} INFO - Kết nối DB
[2025-09-03T15:03:53.210+0000] {foreign_1.py:28} INFO - Đã lưu foreign_HOSE
[2025-09-03T15:03:53.211+0000] {foreign_1.py:18} INFO - Kết nối DB
[2025-09-03T15:03:53.790+0000] {foreign_1.py:28} INFO - Đã lưu foreign_HNX
[2025-09-03T15:03:53.791+0000] {foreign_1.py:18} INFO - Kết nối DB
[2025-09-03T15:03:54.195+0000] {foreign_1.py:28} INFO - Đã lưu foreign_UPCOM
[2025-09-03T15:03:54.196+0000] {python.py:237} INFO - Done. Returned value was: None
[2025-09-03T15:03:54.197+0000] {taskinstance.py:441} INFO - ::group::Post task execution logs
[2025-09-03T15:03:54.212+0000] {taskinstance.py:1206} INFO - Marking task as SUCCESS. dag_id=foreign_1_live, task_id=save_foreign_1, run_id=scheduled__2025-09-03T08:48:00+00:00, execution_date=20250903T084800, start_date=20250903T150352, end_date=20250903T150354
[2025-09-03T15:03:54.279+0000] {local_task_job_runner.py:240} INFO - Task exited with return code 0
[2025-09-03T15:03:54.295+0000] {local_task_job_runner.py:222} INFO - ::endgroup::
