[2025-08-18T22:29:37.160+0000] {local_task_job_runner.py:120} INFO - ::group::Pre task execution logs
[2025-08-18T22:29:37.196+0000] {taskinstance.py:2076} INFO - Dependencies all met for dep_context=non-requeueable deps ti=<TaskInstance: crypto_collector_dag.run_crypto_collector scheduled__2025-08-18T22:28:00+00:00 [queued]>
[2025-08-18T22:29:37.208+0000] {taskinstance.py:2076} INFO - Dependencies all met for dep_context=requeueable deps ti=<TaskInstance: crypto_collector_dag.run_crypto_collector scheduled__2025-08-18T22:28:00+00:00 [queued]>
[2025-08-18T22:29:37.208+0000] {taskinstance.py:2306} INFO - Starting attempt 1 of 2
[2025-08-18T22:29:37.223+0000] {taskinstance.py:2330} INFO - Executing <Task(BashOperator): run_crypto_collector> on 2025-08-18 22:28:00+00:00
[2025-08-18T22:29:37.231+0000] {standard_task_runner.py:63} INFO - Started process 216946 to run task
[2025-08-18T22:29:37.235+0000] {standard_task_runner.py:90} INFO - Running: ['***', 'tasks', 'run', 'crypto_collector_dag', 'run_crypto_collector', 'scheduled__2025-08-18T22:28:00+00:00', '--job-id', '9984', '--raw', '--subdir', 'DAGS_FOLDER/crawl_crypto/dags_crypto.py', '--cfg-path', '/tmp/tmpqyd5_ecw']
[2025-08-18T22:29:37.236+0000] {standard_task_runner.py:91} INFO - Job 9984: Subtask run_crypto_collector
[2025-08-18T22:29:37.294+0000] {task_command.py:426} INFO - Running <TaskInstance: crypto_collector_dag.run_crypto_collector scheduled__2025-08-18T22:28:00+00:00 [running]> on host 1877907bc043
[2025-08-18T22:29:37.396+0000] {taskinstance.py:2648} INFO - Exporting env vars: AIRFLOW_CTX_DAG_OWNER='***' AIRFLOW_CTX_DAG_ID='crypto_collector_dag' AIRFLOW_CTX_TASK_ID='run_crypto_collector' AIRFLOW_CTX_EXECUTION_DATE='2025-08-18T22:28:00+00:00' AIRFLOW_CTX_TRY_NUMBER='1' AIRFLOW_CTX_DAG_RUN_ID='scheduled__2025-08-18T22:28:00+00:00'
[2025-08-18T22:29:37.397+0000] {taskinstance.py:430} INFO - ::endgroup::
[2025-08-18T22:29:37.411+0000] {subprocess.py:63} INFO - Tmp dir root location: /tmp
[2025-08-18T22:29:37.412+0000] {subprocess.py:75} INFO - Running command: ['/usr/bin/bash', '-c', 'python3 /opt/***/dags/crawl_crypto/crawl_data_crypto.py']
[2025-08-18T22:29:37.423+0000] {subprocess.py:86} INFO - Output:
[2025-08-18T22:30:59.611+0000] {subprocess.py:93} INFO - 🔹 Kết nối DB...
[2025-08-18T22:30:59.612+0000] {subprocess.py:93} INFO - 🔹 Lấy top 100 crypto...
[2025-08-18T22:30:59.612+0000] {subprocess.py:93} INFO - Top 100: ['ETHUSDT', 'USDCUSDT', 'BTCUSDT', 'SOLUSDT', 'FDUSDUSDT', 'XRPUSDT', 'DOGEUSDT', 'LINKUSDT', 'ADAUSDT', 'SUIUSDT', 'PROVEUSDT', 'BNBUSDT', 'TRXUSDT', 'ENAUSDT', 'TOWNSUSDT', 'ARBUSDT', 'PEPEUSDT', 'UNIUSDT', 'BIOUSDT', 'AVAXUSDT', 'AEURUSDT', 'PENGUUSDT', 'SEIUSDT', 'LTCUSDT', 'HBARUSDT', 'PLUMEUSDT', 'POLUSDT', 'CRVUSDT', 'BFUSDUSDT', 'AAVEUSDT', 'TRUMPUSDT', 'NEARUSDT', 'DOTUSDT', 'WLDUSDT', 'BONKUSDT', 'WIFUSDT', 'INJUSDT', 'XLMUSDT', 'SUSDT', 'VIRTUALUSDT', 'LDOUSDT', 'API3USDT', 'TAOUSDT', 'SKLUSDT', 'APTUSDT', 'TONUSDT', 'MEMEUSDT', 'OPUSDT', 'FLOKIUSDT', 'ONDOUSDT', 'PENDLEUSDT', 'ETHFIUSDT', 'FETUSDT', 'EURUSDT', 'PONDUSDT', 'BCHUSDT', 'PNUTUSDT', 'TIAUSDT', 'RAYUSDT', 'EPICUSDT', 'NEIROUSDT', 'SHIBUSDT', 'ETCUSDT', 'ALPINEUSDT', 'ALGOUSDT', 'MAGICUSDT', 'EIGENUSDT', 'FILUSDT', 'XUSDUSDT', 'GALAUSDT', 'CYBERUSDT', 'JUVUSDT', 'RENDERUSDT', 'CTSIUSDT', 'ASRUSDT', 'CAKEUSDT', 'SPKUSDT', 'TSTUSDT', 'VETUSDT', 'OGUSDT', 'ICPUSDT', 'RUNEUSDT', 'PAXGUSDT', 'MDTUSDT', 'CFXUSDT', 'BERAUSDT', 'WBTCUSDT', 'MAVUSDT', 'ORDIUSDT', 'MKRUSDT', 'ATOMUSDT', 'SYRUPUSDT', 'ENSUSDT', 'AIXBTUSDT', 'ARKMUSDT', 'RESOLVUSDT', 'OMUSDT', 'LAYERUSDT', 'WCTUSDT', 'PORTOUSDT']
[2025-08-18T22:30:59.613+0000] {subprocess.py:93} INFO - 🔹 Lưu lịch sử giá vào DB bằng threading...
[2025-08-18T22:30:59.613+0000] {subprocess.py:93} INFO - ✅ FDUSDUSDT: thêm 29 dòng mới
[2025-08-18T22:30:59.614+0000] {subprocess.py:93} INFO - 1/100 FDUSDUSDT lưu OK
[2025-08-18T22:30:59.614+0000] {subprocess.py:93} INFO - ✅ PROVEUSDT: thêm 12 dòng mới
[2025-08-18T22:30:59.614+0000] {subprocess.py:93} INFO - 2/100 PROVEUSDT lưu OK
[2025-08-18T22:30:59.615+0000] {subprocess.py:93} INFO - ✅ BNBUSDT: thêm 11 dòng mới
[2025-08-18T22:30:59.615+0000] {subprocess.py:93} INFO - 3/100 BNBUSDT lưu OK
[2025-08-18T22:30:59.615+0000] {subprocess.py:93} INFO - ✅ SOLUSDT: thêm 11 dòng mới
[2025-08-18T22:30:59.616+0000] {subprocess.py:93} INFO - 4/100 SOLUSDT lưu OK
[2025-08-18T22:30:59.616+0000] {subprocess.py:93} INFO - ⚠️ USDCUSDT lỗi lần 1/3: HTTPSConnectionPool(host='api.binance.com', port=443): Max retries exceeded with url: /api/v3/klines?symbol=USDCUSDT&interval=1m&limit=100 (Caused by ConnectTimeoutError(<urllib3.connection.HTTPSConnection object at 0x7fb27cd82110>, 'Connection to api.binance.com timed out. (connect timeout=15)'))
[2025-08-18T22:30:59.616+0000] {subprocess.py:93} INFO - ⚠️ XRPUSDT lỗi lần 1/3: HTTPSConnectionPool(host='api.binance.com', port=443): Max retries exceeded with url: /api/v3/klines?symbol=XRPUSDT&interval=1m&limit=100 (Caused by ConnectTimeoutError(<urllib3.connection.HTTPSConnection object at 0x7fb27cd4db40>, 'Connection to api.binance.com timed out. (connect timeout=15)'))
[2025-08-18T22:30:59.616+0000] {subprocess.py:93} INFO - ⚠️ DOGEUSDT lỗi lần 1/3: HTTPSConnectionPool(host='api.binance.com', port=443): Max retries exceeded with url: /api/v3/klines?symbol=DOGEUSDT&interval=1m&limit=100 (Caused by ConnectTimeoutError(<urllib3.connection.HTTPSConnection object at 0x7fb27cd4fac0>, 'Connection to api.binance.com timed out. (connect timeout=15)'))
[2025-08-18T22:30:59.616+0000] {subprocess.py:93} INFO - ⚠️ LINKUSDT lỗi lần 1/3: HTTPSConnectionPool(host='api.binance.com', port=443): Max retries exceeded with url: /api/v3/klines?symbol=LINKUSDT&interval=1m&limit=100 (Caused by ConnectTimeoutError(<urllib3.connection.HTTPSConnection object at 0x7fb27cd4eda0>, 'Connection to api.binance.com timed out. (connect timeout=15)'))
[2025-08-18T22:30:59.617+0000] {subprocess.py:93} INFO - ⚠️ ADAUSDT lỗi lần 1/3: HTTPSConnectionPool(host='api.binance.com', port=443): Max retries exceeded with url: /api/v3/klines?symbol=ADAUSDT&interval=1m&limit=100 (Caused by ConnectTimeoutError(<urllib3.connection.HTTPSConnection object at 0x7fb27cd7a170>, 'Connection to api.binance.com timed out. (connect timeout=15)'))
[2025-08-18T22:30:59.617+0000] {subprocess.py:93} INFO - ⚠️ SUIUSDT lỗi lần 1/3: HTTPSConnectionPool(host='api.binance.com', port=443): Max retries exceeded with url: /api/v3/klines?symbol=SUIUSDT&interval=1m&limit=100 (Caused by ConnectTimeoutError(<urllib3.connection.HTTPSConnection object at 0x7fb27cd79f90>, 'Connection to api.binance.com timed out. (connect timeout=15)'))
[2025-08-18T22:30:59.617+0000] {subprocess.py:93} INFO - ✅ ETHUSDT: thêm 24 dòng mới
[2025-08-18T22:30:59.617+0000] {subprocess.py:93} INFO - 5/100 ETHUSDT lưu OK
[2025-08-18T22:30:59.617+0000] {subprocess.py:93} INFO - ⚠️ ENAUSDT lỗi lần 1/3: HTTPSConnectionPool(host='api.binance.com', port=443): Max retries exceeded with url: /api/v3/klines?symbol=ENAUSDT&interval=1m&limit=100 (Caused by ConnectTimeoutError(<urllib3.connection.HTTPSConnection object at 0x7fb27cd794e0>, 'Connection to api.binance.com timed out. (connect timeout=15)'))
[2025-08-18T22:30:59.618+0000] {subprocess.py:93} INFO - ⚠️ TOWNSUSDT lỗi lần 1/3: HTTPSConnectionPool(host='api.binance.com', port=443): Max retries exceeded with url: /api/v3/klines?symbol=TOWNSUSDT&interval=1m&limit=100 (Caused by ConnectTimeoutError(<urllib3.connection.HTTPSConnection object at 0x7fb27cd7a6b0>, 'Connection to api.binance.com timed out. (connect timeout=15)'))
[2025-08-18T22:30:59.618+0000] {subprocess.py:93} INFO - ⚠️ USDCUSDT lỗi lần 2/3: HTTPSConnectionPool(host='api.binance.com', port=443): Max retries exceeded with url: /api/v3/klines?symbol=USDCUSDT&interval=1m&limit=100 (Caused by ConnectTimeoutError(<urllib3.connection.HTTPSConnection object at 0x7fb27cd80df0>, 'Connection to api.binance.com timed out. (connect timeout=15)'))
[2025-08-18T22:30:59.618+0000] {subprocess.py:93} INFO - ⚠️ XRPUSDT lỗi lần 2/3: HTTPSConnectionPool(host='api.binance.com', port=443): Max retries exceeded with url: /api/v3/klines?symbol=XRPUSDT&interval=1m&limit=100 (Caused by ConnectTimeoutError(<urllib3.connection.HTTPSConnection object at 0x7fb27cd4c3d0>, 'Connection to api.binance.com timed out. (connect timeout=15)'))
[2025-08-18T22:30:59.618+0000] {subprocess.py:93} INFO - ⚠️ LINKUSDT lỗi lần 2/3: HTTPSConnectionPool(host='api.binance.com', port=443): Max retries exceeded with url: /api/v3/klines?symbol=LINKUSDT&interval=1m&limit=100 (Caused by ConnectTimeoutError(<urllib3.connection.HTTPSConnection object at 0x7fb27cd83310>, 'Connection to api.binance.com timed out. (connect timeout=15)'))
[2025-08-18T22:30:59.619+0000] {subprocess.py:93} INFO - ⚠️ SUIUSDT lỗi lần 2/3: HTTPSConnectionPool(host='api.binance.com', port=443): Max retries exceeded with url: /api/v3/klines?symbol=SUIUSDT&interval=1m&limit=100 (Caused by ConnectTimeoutError(<urllib3.connection.HTTPSConnection object at 0x7fb27cd82ad0>, 'Connection to api.binance.com timed out. (connect timeout=15)'))
[2025-08-18T22:30:59.619+0000] {subprocess.py:93} INFO - ⚠️ DOGEUSDT lỗi lần 2/3: HTTPSConnectionPool(host='api.binance.com', port=443): Max retries exceeded with url: /api/v3/klines?symbol=DOGEUSDT&interval=1m&limit=100 (Caused by ConnectTimeoutError(<urllib3.connection.HTTPSConnection object at 0x7fb27cd82440>, 'Connection to api.binance.com timed out. (connect timeout=15)'))
[2025-08-18T22:30:59.619+0000] {subprocess.py:93} INFO - ⚠️ ADAUSDT lỗi lần 2/3: HTTPSConnectionPool(host='api.binance.com', port=443): Max retries exceeded with url: /api/v3/klines?symbol=ADAUSDT&interval=1m&limit=100 (Caused by ConnectTimeoutError(<urllib3.connection.HTTPSConnection object at 0x7fb27cd825c0>, 'Connection to api.binance.com timed out. (connect timeout=15)'))
[2025-08-18T22:30:59.619+0000] {subprocess.py:93} INFO - ⚠️ ENAUSDT lỗi lần 2/3: HTTPSConnectionPool(host='api.binance.com', port=443): Max retries exceeded with url: /api/v3/klines?symbol=ENAUSDT&interval=1m&limit=100 (Caused by ConnectTimeoutError(<urllib3.connection.HTTPSConnection object at 0x7fb277f5c6d0>, 'Connection to api.binance.com timed out. (connect timeout=15)'))
[2025-08-18T22:30:59.619+0000] {subprocess.py:93} INFO - ⚠️ TOWNSUSDT lỗi lần 2/3: HTTPSConnectionPool(host='api.binance.com', port=443): Max retries exceeded with url: /api/v3/klines?symbol=TOWNSUSDT&interval=1m&limit=100 (Caused by ConnectTimeoutError(<urllib3.connection.HTTPSConnection object at 0x7fb27cd82230>, 'Connection to api.binance.com timed out. (connect timeout=15)'))
[2025-08-18T22:30:59.620+0000] {subprocess.py:93} INFO - ✅ ADAUSDT: thêm 24 dòng mới
[2025-08-18T22:30:59.620+0000] {subprocess.py:93} INFO - 6/100 ADAUSDT lưu OK
[2025-08-18T22:30:59.620+0000] {subprocess.py:93} INFO - ⚠️ USDCUSDT lỗi lần 3/3: HTTPSConnectionPool(host='api.binance.com', port=443): Max retries exceeded with url: /api/v3/klines?symbol=USDCUSDT&interval=1m&limit=100 (Caused by ConnectTimeoutError(<urllib3.connection.HTTPSConnection object at 0x7fb277f5cfa0>, 'Connection to api.binance.com timed out. (connect timeout=15)'))
[2025-08-18T22:30:59.620+0000] {subprocess.py:93} INFO - ⚠️ XRPUSDT lỗi lần 3/3: HTTPSConnectionPool(host='api.binance.com', port=443): Max retries exceeded with url: /api/v3/klines?symbol=XRPUSDT&interval=1m&limit=100 (Caused by ConnectTimeoutError(<urllib3.connection.HTTPSConnection object at 0x7fb277f5da20>, 'Connection to api.binance.com timed out. (connect timeout=15)'))
[2025-08-18T22:30:59.620+0000] {subprocess.py:93} INFO - ⚠️ SUIUSDT lỗi lần 3/3: HTTPSConnectionPool(host='api.binance.com', port=443): Max retries exceeded with url: /api/v3/klines?symbol=SUIUSDT&interval=1m&limit=100 (Caused by ConnectTimeoutError(<urllib3.connection.HTTPSConnection object at 0x7fb277f5ef50>, 'Connection to api.binance.com timed out. (connect timeout=15)'))
[2025-08-18T22:32:55.172+0000] {subprocess.py:93} INFO - ⚠️ DOGEUSDT lỗi lần 3/3: HTTPSConnectionPool(host='api.binance.com', port=443): Max retries exceeded with url: /api/v3/klines?symbol=DOGEUSDT&interval=1m&limit=100 (Caused by ConnectTimeoutError(<urllib3.connection.HTTPSConnection object at 0x7fb27cd82320>, 'Connection to api.binance.com timed out. (connect timeout=15)'))
[2025-08-18T22:32:55.173+0000] {subprocess.py:93} INFO - ⚠️ LINKUSDT lỗi lần 3/3: HTTPSConnectionPool(host='api.binance.com', port=443): Max retries exceeded with url: /api/v3/klines?symbol=LINKUSDT&interval=1m&limit=100 (Caused by ConnectTimeoutError(<urllib3.connection.HTTPSConnection object at 0x7fb27cd83460>, 'Connection to api.binance.com timed out. (connect timeout=15)'))
[2025-08-18T22:32:55.174+0000] {subprocess.py:93} INFO - 7/100 USDCUSDT bỏ qua (fail)
[2025-08-18T22:32:55.174+0000] {subprocess.py:93} INFO - 8/100 XRPUSDT bỏ qua (fail)
[2025-08-18T22:32:55.174+0000] {subprocess.py:93} INFO - 9/100 SUIUSDT bỏ qua (fail)
[2025-08-18T22:32:55.175+0000] {subprocess.py:93} INFO - 10/100 LINKUSDT bỏ qua (fail)
[2025-08-18T22:32:55.175+0000] {subprocess.py:93} INFO - 11/100 DOGEUSDT bỏ qua (fail)
[2025-08-18T22:32:55.175+0000] {subprocess.py:93} INFO - ⚠️ ENAUSDT lỗi lần 3/3: HTTPSConnectionPool(host='api.binance.com', port=443): Max retries exceeded with url: /api/v3/klines?symbol=ENAUSDT&interval=1m&limit=100 (Caused by ConnectTimeoutError(<urllib3.connection.HTTPSConnection object at 0x7fb277f5f790>, 'Connection to api.binance.com timed out. (connect timeout=15)'))
[2025-08-18T22:32:55.176+0000] {subprocess.py:93} INFO - ✅ AVAXUSDT: thêm 11 dòng mới
[2025-08-18T22:32:55.176+0000] {subprocess.py:93} INFO - 12/100 AVAXUSDT lưu OK
[2025-08-18T22:32:55.176+0000] {subprocess.py:93} INFO - 13/100 ENAUSDT bỏ qua (fail)
[2025-08-18T22:32:55.177+0000] {subprocess.py:93} INFO - ⚠️ TOWNSUSDT lỗi lần 3/3: HTTPSConnectionPool(host='api.binance.com', port=443): Max retries exceeded with url: /api/v3/klines?symbol=TOWNSUSDT&interval=1m&limit=100 (Caused by ConnectTimeoutError(<urllib3.connection.HTTPSConnection object at 0x7fb277f5c6d0>, 'Connection to api.binance.com timed out. (connect timeout=15)'))
[2025-08-18T22:32:55.177+0000] {subprocess.py:93} INFO - 14/100 TOWNSUSDT bỏ qua (fail)
[2025-08-18T22:32:55.177+0000] {subprocess.py:93} INFO - 15/100 BIOUSDT lỗi: relation "cryptocurrency.biousdt" does not exist
[2025-08-18T22:32:55.177+0000] {subprocess.py:93} INFO - LINE 1: SELECT MAX(time) FROM cryptocurrency.biousdt;
[2025-08-18T22:32:55.178+0000] {subprocess.py:93} INFO -                               ^
[2025-08-18T22:32:55.178+0000] {subprocess.py:93} INFO - 
[2025-08-18T22:32:55.178+0000] {subprocess.py:93} INFO - ⚠️ SEIUSDT lỗi lần 1/3: HTTPSConnectionPool(host='api.binance.com', port=443): Max retries exceeded with url: /api/v3/klines?symbol=SEIUSDT&interval=1m&limit=100 (Caused by ConnectTimeoutError(<urllib3.connection.HTTPSConnection object at 0x7fb277ff1a80>, 'Connection to api.binance.com timed out. (connect timeout=15)'))
[2025-08-18T22:32:55.178+0000] {subprocess.py:93} INFO - ✅ HBARUSDT: thêm 11 dòng mới
[2025-08-18T22:32:55.179+0000] {subprocess.py:93} INFO - 16/100 HBARUSDT lưu OK
[2025-08-18T22:32:55.179+0000] {subprocess.py:93} INFO - ⚠️ LTCUSDT lỗi lần 1/3: HTTPSConnectionPool(host='api.binance.com', port=443): Max retries exceeded with url: /api/v3/klines?symbol=LTCUSDT&interval=1m&limit=100 (Caused by ConnectTimeoutError(<urllib3.connection.HTTPSConnection object at 0x7fb277ff1e70>, 'Connection to api.binance.com timed out. (connect timeout=15)'))
[2025-08-18T22:32:55.179+0000] {subprocess.py:93} INFO - ✅ ARBUSDT: thêm 19 dòng mới
[2025-08-18T22:32:55.180+0000] {subprocess.py:93} INFO - 17/100 ARBUSDT lưu OK
[2025-08-18T22:32:55.180+0000] {subprocess.py:93} INFO - ✅ POLUSDT: thêm 11 dòng mới
[2025-08-18T22:32:55.180+0000] {subprocess.py:93} INFO - 18/100 POLUSDT lưu OK
[2025-08-18T22:32:55.180+0000] {subprocess.py:93} INFO - ⚠️ SEIUSDT lỗi lần 2/3: HTTPSConnectionPool(host='api.binance.com', port=443): Max retries exceeded with url: /api/v3/klines?symbol=SEIUSDT&interval=1m&limit=100 (Caused by ConnectTimeoutError(<urllib3.connection.HTTPSConnection object at 0x7fb277ff3520>, 'Connection to api.binance.com timed out. (connect timeout=15)'))
[2025-08-18T22:32:55.181+0000] {subprocess.py:93} INFO - ⚠️ LTCUSDT lỗi lần 2/3: HTTPSConnectionPool(host='api.binance.com', port=443): Max retries exceeded with url: /api/v3/klines?symbol=LTCUSDT&interval=1m&limit=100 (Caused by ConnectTimeoutError(<urllib3.connection.HTTPSConnection object at 0x7fb277ff0ca0>, 'Connection to api.binance.com timed out. (connect timeout=15)'))
[2025-08-18T22:32:55.181+0000] {subprocess.py:93} INFO - ⚠️ CRVUSDT lỗi lần 1/3: HTTPSConnectionPool(host='api.binance.com', port=443): Max retries exceeded with url: /api/v3/klines?symbol=CRVUSDT&interval=1m&limit=100 (Caused by ConnectTimeoutError(<urllib3.connection.HTTPSConnection object at 0x7fb277ff0a00>, 'Connection to api.binance.com timed out. (connect timeout=15)'))
[2025-08-18T22:32:55.181+0000] {subprocess.py:93} INFO - ⚠️ SEIUSDT lỗi lần 3/3: HTTPSConnectionPool(host='api.binance.com', port=443): Max retries exceeded with url: /api/v3/klines?symbol=SEIUSDT&interval=1m&limit=100 (Caused by ConnectTimeoutError(<urllib3.connection.HTTPSConnection object at 0x7fb277ff33a0>, 'Connection to api.binance.com timed out. (connect timeout=15)'))
[2025-08-18T22:32:55.181+0000] {subprocess.py:93} INFO - 19/100 SEIUSDT bỏ qua (fail)
[2025-08-18T22:32:55.182+0000] {subprocess.py:93} INFO - ✅ LTCUSDT: thêm 11 dòng mới
[2025-08-18T22:32:55.182+0000] {subprocess.py:93} INFO - 20/100 LTCUSDT lưu OK
[2025-08-18T22:32:55.182+0000] {subprocess.py:93} INFO - 21/100 AEURUSDT lỗi: relation "cryptocurrency.aeurusdt" does not exist
[2025-08-18T22:32:55.183+0000] {subprocess.py:93} INFO - LINE 1: SELECT MAX(time) FROM cryptocurrency.aeurusdt;
[2025-08-18T22:32:55.183+0000] {subprocess.py:93} INFO -                               ^
[2025-08-18T22:32:55.183+0000] {subprocess.py:93} INFO - 
[2025-08-18T22:32:55.183+0000] {subprocess.py:93} INFO - ✅ BFUSDUSDT: thêm 12 dòng mới
[2025-08-18T22:32:55.184+0000] {subprocess.py:93} INFO - 22/100 BFUSDUSDT lưu OK
[2025-08-18T22:32:55.184+0000] {subprocess.py:93} INFO - ✅ CRVUSDT: thêm 11 dòng mới
[2025-08-18T22:32:55.184+0000] {subprocess.py:93} INFO - 23/100 CRVUSDT lưu OK
[2025-08-18T22:32:55.185+0000] {subprocess.py:93} INFO - ✅ DOTUSDT: thêm 12 dòng mới
[2025-08-18T22:32:55.185+0000] {subprocess.py:93} INFO - 24/100 DOTUSDT lưu OK
[2025-08-18T22:32:55.185+0000] {subprocess.py:93} INFO - ✅ WLDUSDT: thêm 12 dòng mới
[2025-08-18T22:32:55.185+0000] {subprocess.py:93} INFO - 25/100 WLDUSDT lưu OK
[2025-08-18T22:32:55.186+0000] {subprocess.py:93} INFO - ✅ BONKUSDT: thêm 12 dòng mới
[2025-08-18T22:32:55.186+0000] {subprocess.py:93} INFO - 26/100 BONKUSDT lưu OK
[2025-08-18T22:32:55.186+0000] {subprocess.py:93} INFO - ✅ WIFUSDT: thêm 12 dòng mới
[2025-08-18T22:32:55.187+0000] {subprocess.py:93} INFO - 27/100 WIFUSDT lưu OK
[2025-08-18T22:32:55.187+0000] {subprocess.py:93} INFO - 28/100 BTCUSDT lỗi: connection to server at "videv.cloud" (27.74.74.29), port 5432 failed: Connection timed out
[2025-08-18T22:32:55.187+0000] {subprocess.py:93} INFO - 	Is the server running on that host and accepting TCP/IP connections?
[2025-08-18T22:32:55.187+0000] {subprocess.py:93} INFO - 
[2025-08-18T22:32:55.188+0000] {subprocess.py:93} INFO - ⚠️ AAVEUSDT lỗi lần 1/3: HTTPSConnectionPool(host='api.binance.com', port=443): Max retries exceeded with url: /api/v3/klines?symbol=AAVEUSDT&interval=1m&limit=100 (Caused by ConnectTimeoutError(<urllib3.connection.HTTPSConnection object at 0x7fb277ff0ca0>, 'Connection to api.binance.com timed out. (connect timeout=15)'))
[2025-08-18T22:32:55.188+0000] {subprocess.py:93} INFO - ✅ XLMUSDT: thêm 19 dòng mới
[2025-08-18T22:32:55.188+0000] {subprocess.py:93} INFO - 29/100 XLMUSDT lưu OK
[2025-08-18T22:32:55.188+0000] {subprocess.py:93} INFO - ⚠️ TRUMPUSDT lỗi lần 1/3: HTTPSConnectionPool(host='api.binance.com', port=443): Max retries exceeded with url: /api/v3/klines?symbol=TRUMPUSDT&interval=1m&limit=100 (Caused by ConnectTimeoutError(<urllib3.connection.HTTPSConnection object at 0x7fb277ff0af0>, 'Connection to api.binance.com timed out. (connect timeout=15)'))
[2025-08-18T22:32:55.189+0000] {subprocess.py:93} INFO - ⚠️ NEARUSDT lỗi lần 1/3: HTTPSConnectionPool(host='api.binance.com', port=443): Max retries exceeded with url: /api/v3/klines?symbol=NEARUSDT&interval=1m&limit=100 (Caused by ConnectTimeoutError(<urllib3.connection.HTTPSConnection object at 0x7fb277f5c3d0>, 'Connection to api.binance.com timed out. (connect timeout=15)'))
[2025-08-18T22:32:55.189+0000] {subprocess.py:93} INFO - ✅ TRUMPUSDT: thêm 19 dòng mới
[2025-08-18T22:32:55.189+0000] {subprocess.py:93} INFO - 30/100 TRUMPUSDT lưu OK
[2025-08-18T22:32:55.190+0000] {subprocess.py:93} INFO - 31/100 TRXUSDT lỗi: connection to server at "videv.cloud" (27.74.74.29), port 5432 failed: Connection timed out
[2025-08-18T22:32:55.190+0000] {subprocess.py:93} INFO - 	Is the server running on that host and accepting TCP/IP connections?
[2025-08-18T22:32:55.190+0000] {subprocess.py:93} INFO - 
[2025-08-18T22:32:55.190+0000] {subprocess.py:93} INFO - ⚠️ SUSDT lỗi lần 1/3: HTTPSConnectionPool(host='api.binance.com', port=443): Max retries exceeded with url: /api/v3/klines?symbol=SUSDT&interval=1m&limit=100 (Caused by ConnectTimeoutError(<urllib3.connection.HTTPSConnection object at 0x7fb277ff2c80>, 'Connection to api.binance.com timed out. (connect timeout=15)'))
[2025-08-18T22:32:55.191+0000] {subprocess.py:93} INFO - ⚠️ AAVEUSDT lỗi lần 2/3: HTTPSConnectionPool(host='api.binance.com', port=443): Max retries exceeded with url: /api/v3/klines?symbol=AAVEUSDT&interval=1m&limit=100 (Caused by ConnectTimeoutError(<urllib3.connection.HTTPSConnection object at 0x7fb277ff0d00>, 'Connection to api.binance.com timed out. (connect timeout=15)'))
[2025-08-18T22:32:55.191+0000] {subprocess.py:93} INFO - ⚠️ VIRTUALUSDT lỗi lần 1/3: HTTPSConnectionPool(host='api.binance.com', port=443): Max retries exceeded with url: /api/v3/klines?symbol=VIRTUALUSDT&interval=1m&limit=100 (Caused by ConnectTimeoutError(<urllib3.connection.HTTPSConnection object at 0x7fb277ff0280>, 'Connection to api.binance.com timed out. (connect timeout=15)'))
[2025-08-18T22:32:55.191+0000] {subprocess.py:93} INFO - ⚠️ NEARUSDT lỗi lần 2/3: HTTPSConnectionPool(host='api.binance.com', port=443): Max retries exceeded with url: /api/v3/klines?symbol=NEARUSDT&interval=1m&limit=100 (Caused by ConnectTimeoutError(<urllib3.connection.HTTPSConnection object at 0x7fb277ff0bb0>, 'Connection to api.binance.com timed out. (connect timeout=15)'))
[2025-08-18T22:32:55.192+0000] {subprocess.py:93} INFO - ⚠️ LDOUSDT lỗi lần 1/3: HTTPSConnectionPool(host='api.binance.com', port=443): Max retries exceeded with url: /api/v3/klines?symbol=LDOUSDT&interval=1m&limit=100 (Caused by ConnectTimeoutError(<urllib3.connection.HTTPSConnection object at 0x7fb277f28eb0>, 'Connection to api.binance.com timed out. (connect timeout=15)'))
[2025-08-18T22:32:55.192+0000] {subprocess.py:93} INFO - ⚠️ SUSDT lỗi lần 2/3: HTTPSConnectionPool(host='api.binance.com', port=443): Max retries exceeded with url: /api/v3/klines?symbol=SUSDT&interval=1m&limit=100 (Caused by ConnectTimeoutError(<urllib3.connection.HTTPSConnection object at 0x7fb277f28910>, 'Connection to api.binance.com timed out. (connect timeout=15)'))
[2025-08-18T22:34:02.698+0000] {subprocess.py:93} INFO - ⚠️ AAVEUSDT lỗi lần 3/3: HTTPSConnectionPool(host='api.binance.com', port=443): Max retries exceeded with url: /api/v3/klines?symbol=AAVEUSDT&interval=1m&limit=100 (Caused by ConnectTimeoutError(<urllib3.connection.HTTPSConnection object at 0x7fb277f293f0>, 'Connection to api.binance.com timed out. (connect timeout=15)'))
[2025-08-18T22:34:02.698+0000] {subprocess.py:93} INFO - 32/100 AAVEUSDT bỏ qua (fail)
[2025-08-18T22:34:02.699+0000] {subprocess.py:93} INFO - ⚠️ VIRTUALUSDT lỗi lần 2/3: HTTPSConnectionPool(host='api.binance.com', port=443): Max retries exceeded with url: /api/v3/klines?symbol=VIRTUALUSDT&interval=1m&limit=100 (Caused by ConnectTimeoutError(<urllib3.connection.HTTPSConnection object at 0x7fb277ff1b70>, 'Connection to api.binance.com timed out. (connect timeout=15)'))
[2025-08-18T22:34:02.699+0000] {subprocess.py:93} INFO - ⚠️ NEARUSDT lỗi lần 3/3: HTTPSConnectionPool(host='api.binance.com', port=443): Max retries exceeded with url: /api/v3/klines?symbol=NEARUSDT&interval=1m&limit=100 (Caused by ConnectTimeoutError(<urllib3.connection.HTTPSConnection object at 0x7fb277ff02e0>, 'Connection to api.binance.com timed out. (connect timeout=15)'))
[2025-08-18T22:34:02.699+0000] {subprocess.py:93} INFO - ✅ API3USDT: thêm 11 dòng mới
[2025-08-18T22:34:02.699+0000] {subprocess.py:93} INFO - 33/100 API3USDT lưu OK
[2025-08-18T22:34:02.700+0000] {subprocess.py:93} INFO - 34/100 NEARUSDT bỏ qua (fail)
[2025-08-18T22:34:02.700+0000] {subprocess.py:93} INFO - ✅ SKLUSDT: thêm 12 dòng mới
[2025-08-18T22:34:02.700+0000] {subprocess.py:93} INFO - 35/100 SKLUSDT lưu OK
[2025-08-18T22:34:02.701+0000] {subprocess.py:93} INFO - ⚠️ LDOUSDT lỗi lần 2/3: HTTPSConnectionPool(host='api.binance.com', port=443): Max retries exceeded with url: /api/v3/klines?symbol=LDOUSDT&interval=1m&limit=100 (Caused by ConnectTimeoutError(<urllib3.connection.HTTPSConnection object at 0x7fb277f5f700>, 'Connection to api.binance.com timed out. (connect timeout=15)'))
[2025-08-18T22:34:02.701+0000] {subprocess.py:93} INFO - ✅ LDOUSDT: thêm 12 dòng mới
[2025-08-18T22:34:02.701+0000] {subprocess.py:93} INFO - 36/100 LDOUSDT lưu OK
[2025-08-18T22:34:02.701+0000] {subprocess.py:93} INFO - ⚠️ SUSDT lỗi lần 3/3: HTTPSConnectionPool(host='api.binance.com', port=443): Max retries exceeded with url: /api/v3/klines?symbol=SUSDT&interval=1m&limit=100 (Caused by ConnectTimeoutError(<urllib3.connection.HTTPSConnection object at 0x7fb277f29c30>, 'Connection to api.binance.com timed out. (connect timeout=15)'))
[2025-08-18T22:34:02.702+0000] {subprocess.py:93} INFO - ✅ APTUSDT: thêm 12 dòng mới
[2025-08-18T22:34:02.702+0000] {subprocess.py:93} INFO - 37/100 APTUSDT lưu OK
[2025-08-18T22:34:02.702+0000] {subprocess.py:93} INFO - 38/100 SUSDT bỏ qua (fail)
[2025-08-18T22:34:02.702+0000] {subprocess.py:93} INFO - ✅ OPUSDT: thêm 12 dòng mới
[2025-08-18T22:34:02.703+0000] {subprocess.py:93} INFO - 39/100 OPUSDT lưu OK
[2025-08-18T22:34:02.703+0000] {subprocess.py:93} INFO - 40/100 PEPEUSDT lỗi: connection to server at "videv.cloud" (27.74.74.29), port 5432 failed: Connection timed out
[2025-08-18T22:34:02.703+0000] {subprocess.py:93} INFO - 	Is the server running on that host and accepting TCP/IP connections?
[2025-08-18T22:34:02.703+0000] {subprocess.py:93} INFO - 
[2025-08-18T22:34:02.704+0000] {subprocess.py:93} INFO - 41/100 UNIUSDT lỗi: connection to server at "videv.cloud" (27.74.74.29), port 5432 failed: Connection timed out
[2025-08-18T22:34:02.704+0000] {subprocess.py:93} INFO - 	Is the server running on that host and accepting TCP/IP connections?
[2025-08-18T22:34:02.704+0000] {subprocess.py:93} INFO - 
[2025-08-18T22:34:02.704+0000] {subprocess.py:93} INFO - ⚠️ VIRTUALUSDT lỗi lần 3/3: HTTPSConnectionPool(host='api.binance.com', port=443): Max retries exceeded with url: /api/v3/klines?symbol=VIRTUALUSDT&interval=1m&limit=100 (Caused by ConnectTimeoutError(<urllib3.connection.HTTPSConnection object at 0x7fb277ff1600>, 'Connection to api.binance.com timed out. (connect timeout=15)'))
[2025-08-18T22:34:02.705+0000] {subprocess.py:93} INFO - 42/100 VIRTUALUSDT bỏ qua (fail)
[2025-08-18T22:34:02.705+0000] {subprocess.py:93} INFO - ⚠️ TONUSDT lỗi lần 1/3: HTTPSConnectionPool(host='api.binance.com', port=443): Max retries exceeded with url: /api/v3/klines?symbol=TONUSDT&interval=1m&limit=100 (Caused by ConnectTimeoutError(<urllib3.connection.HTTPSConnection object at 0x7fb277f28700>, 'Connection to api.binance.com timed out. (connect timeout=15)'))
[2025-08-18T22:34:02.705+0000] {subprocess.py:93} INFO - 43/100 PENGUUSDT lỗi: connection to server at "videv.cloud" (27.74.74.29), port 5432 failed: Connection timed out
[2025-08-18T22:34:02.705+0000] {subprocess.py:93} INFO - 	Is the server running on that host and accepting TCP/IP connections?
[2025-08-18T22:34:02.706+0000] {subprocess.py:93} INFO - 
[2025-08-18T22:34:02.706+0000] {subprocess.py:93} INFO - ✅ FETUSDT: thêm 11 dòng mới
[2025-08-18T22:34:02.706+0000] {subprocess.py:93} INFO - 44/100 FETUSDT lưu OK
[2025-08-18T22:34:02.706+0000] {subprocess.py:93} INFO - ⚠️ MEMEUSDT lỗi lần 1/3: HTTPSConnectionPool(host='api.binance.com', port=443): Max retries exceeded with url: /api/v3/klines?symbol=MEMEUSDT&interval=1m&limit=100 (Caused by ConnectTimeoutError(<urllib3.connection.HTTPSConnection object at 0x7fb277f5c160>, 'Connection to api.binance.com timed out. (connect timeout=15)'))
[2025-08-18T22:34:02.707+0000] {subprocess.py:93} INFO - ✅ INJUSDT: thêm 19 dòng mới
[2025-08-18T22:34:02.707+0000] {subprocess.py:93} INFO - 45/100 INJUSDT lưu OK
[2025-08-18T22:34:02.707+0000] {subprocess.py:93} INFO - ⚠️ FLOKIUSDT lỗi lần 1/3: HTTPSConnectionPool(host='api.binance.com', port=443): Max retries exceeded with url: /api/v3/klines?symbol=FLOKIUSDT&interval=1m&limit=100 (Caused by ConnectTimeoutError(<urllib3.connection.HTTPSConnection object at 0x7fb277f2a3b0>, 'Connection to api.binance.com timed out. (connect timeout=15)'))
[2025-08-18T22:34:02.707+0000] {subprocess.py:93} INFO - ⚠️ PENDLEUSDT lỗi lần 1/3: HTTPSConnectionPool(host='api.binance.com', port=443): Max retries exceeded with url: /api/v3/klines?symbol=PENDLEUSDT&interval=1m&limit=100 (Caused by ConnectTimeoutError(<urllib3.connection.HTTPSConnection object at 0x7fb277f28b80>, 'Connection to api.binance.com timed out. (connect timeout=15)'))
[2025-08-18T22:34:02.708+0000] {subprocess.py:93} INFO - ⚠️ ONDOUSDT lỗi lần 1/3: HTTPSConnectionPool(host='api.binance.com', port=443): Max retries exceeded with url: /api/v3/klines?symbol=ONDOUSDT&interval=1m&limit=100 (Caused by ConnectTimeoutError(<urllib3.connection.HTTPSConnection object at 0x7fb277f2a470>, 'Connection to api.binance.com timed out. (connect timeout=15)'))
[2025-08-18T22:34:02.708+0000] {subprocess.py:93} INFO - ⚠️ ETHFIUSDT lỗi lần 1/3: HTTPSConnectionPool(host='api.binance.com', port=443): Max retries exceeded with url: /api/v3/klines?symbol=ETHFIUSDT&interval=1m&limit=100 (Caused by ConnectTimeoutError(<urllib3.connection.HTTPSConnection object at 0x7fb277f2b940>, 'Connection to api.binance.com timed out. (connect timeout=15)'))
[2025-08-18T22:34:02.708+0000] {subprocess.py:93} INFO - ✅ PENDLEUSDT: thêm 25 dòng mới
[2025-08-18T22:34:02.708+0000] {subprocess.py:93} INFO - 46/100 PENDLEUSDT lưu OK
[2025-08-18T22:34:02.709+0000] {subprocess.py:93} INFO - ⚠️ TONUSDT lỗi lần 2/3: HTTPSConnectionPool(host='api.binance.com', port=443): Max retries exceeded with url: /api/v3/klines?symbol=TONUSDT&interval=1m&limit=100 (Caused by ConnectTimeoutError(<urllib3.connection.HTTPSConnection object at 0x7fb277ff0d90>, 'Connection to api.binance.com timed out. (connect timeout=15)'))
[2025-08-18T22:34:02.709+0000] {subprocess.py:93} INFO - 47/100 PLUMEUSDT lỗi: connection to server at "videv.cloud" (27.74.74.29), port 5432 failed: Connection timed out
[2025-08-18T22:34:02.709+0000] {subprocess.py:93} INFO - 	Is the server running on that host and accepting TCP/IP connections?
[2025-08-18T22:34:02.709+0000] {subprocess.py:93} INFO - 
[2025-08-18T22:34:02.710+0000] {subprocess.py:93} INFO - ⚠️ PONDUSDT lỗi lần 1/3: HTTPSConnectionPool(host='api.binance.com', port=443): Max retries exceeded with url: /api/v3/klines?symbol=PONDUSDT&interval=1m&limit=100 (Caused by ConnectTimeoutError(<urllib3.connection.HTTPSConnection object at 0x7fb277ff3550>, 'Connection to api.binance.com timed out. (connect timeout=15)'))
[2025-08-18T22:34:02.710+0000] {subprocess.py:93} INFO - ⚠️ FLOKIUSDT lỗi lần 2/3: HTTPSConnectionPool(host='api.binance.com', port=443): Max retries exceeded with url: /api/v3/klines?symbol=FLOKIUSDT&interval=1m&limit=100 (Caused by ConnectTimeoutError(<urllib3.connection.HTTPSConnection object at 0x7fb277ff1450>, 'Connection to api.binance.com timed out. (connect timeout=15)'))
[2025-08-18T22:34:02.710+0000] {subprocess.py:93} INFO - ⚠️ ONDOUSDT lỗi lần 2/3: HTTPSConnectionPool(host='api.binance.com', port=443): Max retries exceeded with url: /api/v3/klines?symbol=ONDOUSDT&interval=1m&limit=100 (Caused by ConnectTimeoutError(<urllib3.connection.HTTPSConnection object at 0x7fb277ff0100>, 'Connection to api.binance.com timed out. (connect timeout=15)'))
[2025-08-18T22:34:02.710+0000] {subprocess.py:93} INFO - ⚠️ ETHFIUSDT lỗi lần 2/3: HTTPSConnectionPool(host='api.binance.com', port=443): Max retries exceeded with url: /api/v3/klines?symbol=ETHFIUSDT&interval=1m&limit=100 (Caused by ConnectTimeoutError(<urllib3.connection.HTTPSConnection object at 0x7fb27cd3b7f0>, 'Connection to api.binance.com timed out. (connect timeout=15)'))
[2025-08-18T22:34:02.711+0000] {subprocess.py:93} INFO - ⚠️ PNUTUSDT lỗi lần 1/3: HTTPSConnectionPool(host='api.binance.com', port=443): Max retries exceeded with url: /api/v3/klines?symbol=PNUTUSDT&interval=1m&limit=100 (Caused by ConnectTimeoutError(<urllib3.connection.HTTPSConnection object at 0x7fb277ff0310>, 'Connection to api.binance.com timed out. (connect timeout=15)'))
[2025-08-18T22:34:02.711+0000] {subprocess.py:93} INFO - ⚠️ TONUSDT lỗi lần 3/3: HTTPSConnectionPool(host='api.binance.com', port=443): Max retries exceeded with url: /api/v3/klines?symbol=TONUSDT&interval=1m&limit=100 (Caused by ConnectTimeoutError(<urllib3.connection.HTTPSConnection object at 0x7fb277f5f3a0>, 'Connection to api.binance.com timed out. (connect timeout=15)'))
[2025-08-18T22:34:02.711+0000] {subprocess.py:93} INFO - 48/100 TONUSDT bỏ qua (fail)
[2025-08-18T22:34:02.711+0000] {subprocess.py:93} INFO - ⚠️ PONDUSDT lỗi lần 2/3: HTTPSConnectionPool(host='api.binance.com', port=443): Max retries exceeded with url: /api/v3/klines?symbol=PONDUSDT&interval=1m&limit=100 (Caused by ConnectTimeoutError(<urllib3.connection.HTTPSConnection object at 0x7fb277f5c040>, 'Connection to api.binance.com timed out. (connect timeout=15)'))
[2025-08-18T22:35:30.256+0000] {subprocess.py:93} INFO - ⚠️ FLOKIUSDT lỗi lần 3/3: HTTPSConnectionPool(host='api.binance.com', port=443): Max retries exceeded with url: /api/v3/klines?symbol=FLOKIUSDT&interval=1m&limit=100 (Caused by ConnectTimeoutError(<urllib3.connection.HTTPSConnection object at 0x7fb277f5d9c0>, 'Connection to api.binance.com timed out. (connect timeout=15)'))
[2025-08-18T22:35:30.257+0000] {subprocess.py:93} INFO - ⚠️ ONDOUSDT lỗi lần 3/3: HTTPSConnectionPool(host='api.binance.com', port=443): Max retries exceeded with url: /api/v3/klines?symbol=ONDOUSDT&interval=1m&limit=100 (Caused by ConnectTimeoutError(<urllib3.connection.HTTPSConnection object at 0x7fb277ff3d30>, 'Connection to api.binance.com timed out. (connect timeout=15)'))
[2025-08-18T22:35:30.257+0000] {subprocess.py:93} INFO - 49/100 FLOKIUSDT bỏ qua (fail)
[2025-08-18T22:35:30.258+0000] {subprocess.py:93} INFO - 50/100 ONDOUSDT bỏ qua (fail)
[2025-08-18T22:35:30.258+0000] {subprocess.py:93} INFO - ⚠️ ETHFIUSDT lỗi lần 3/3: HTTPSConnectionPool(host='api.binance.com', port=443): Max retries exceeded with url: /api/v3/klines?symbol=ETHFIUSDT&interval=1m&limit=100 (Caused by ConnectTimeoutError(<urllib3.connection.HTTPSConnection object at 0x7fb277ff2830>, 'Connection to api.binance.com timed out. (connect timeout=15)'))
[2025-08-18T22:35:30.258+0000] {subprocess.py:93} INFO - 51/100 ETHFIUSDT bỏ qua (fail)
[2025-08-18T22:35:30.259+0000] {subprocess.py:93} INFO - ✅ PNUTUSDT: thêm 11 dòng mới
[2025-08-18T22:35:30.259+0000] {subprocess.py:93} INFO - 52/100 PNUTUSDT lưu OK
[2025-08-18T22:35:30.260+0000] {subprocess.py:93} INFO - ✅ SHIBUSDT: thêm 12 dòng mới
[2025-08-18T22:35:30.260+0000] {subprocess.py:93} INFO - 53/100 SHIBUSDT lưu OK
[2025-08-18T22:35:30.260+0000] {subprocess.py:93} INFO - ⚠️ TIAUSDT lỗi lần 1/3: HTTPSConnectionPool(host='api.binance.com', port=443): Max retries exceeded with url: /api/v3/klines?symbol=TIAUSDT&interval=1m&limit=100 (Caused by ConnectTimeoutError(<urllib3.connection.HTTPSConnection object at 0x7fb277ff1d20>, 'Connection to api.binance.com timed out. (connect timeout=15)'))
[2025-08-18T22:35:30.261+0000] {subprocess.py:93} INFO - ✅ ETCUSDT: thêm 12 dòng mới
[2025-08-18T22:35:30.261+0000] {subprocess.py:93} INFO - 54/100 ETCUSDT lưu OK
[2025-08-18T22:35:30.261+0000] {subprocess.py:93} INFO - ⚠️ PONDUSDT lỗi lần 3/3: HTTPSConnectionPool(host='api.binance.com', port=443): Max retries exceeded with url: /api/v3/klines?symbol=PONDUSDT&interval=1m&limit=100 (Caused by ConnectTimeoutError(<urllib3.connection.HTTPSConnection object at 0x7fb277f5e020>, 'Connection to api.binance.com timed out. (connect timeout=15)'))
[2025-08-18T22:35:30.262+0000] {subprocess.py:93} INFO - ✅ TIAUSDT: thêm 19 dòng mới
[2025-08-18T22:35:30.262+0000] {subprocess.py:93} INFO - 55/100 TIAUSDT lưu OK
[2025-08-18T22:35:30.263+0000] {subprocess.py:93} INFO - ✅ ALGOUSDT: thêm 12 dòng mới
[2025-08-18T22:35:30.263+0000] {subprocess.py:93} INFO - 56/100 ALGOUSDT lưu OK
[2025-08-18T22:35:30.263+0000] {subprocess.py:93} INFO - 57/100 PONDUSDT bỏ qua (fail)
[2025-08-18T22:35:30.264+0000] {subprocess.py:93} INFO - ✅ MAGICUSDT: thêm 12 dòng mới
[2025-08-18T22:35:30.264+0000] {subprocess.py:93} INFO - 58/100 MAGICUSDT lưu OK
[2025-08-18T22:35:30.264+0000] {subprocess.py:93} INFO - ✅ EPICUSDT: thêm 12 dòng mới
[2025-08-18T22:35:30.265+0000] {subprocess.py:93} INFO - 59/100 EPICUSDT lưu OK
[2025-08-18T22:35:30.265+0000] {subprocess.py:93} INFO - ✅ FILUSDT: thêm 12 dòng mới
[2025-08-18T22:35:30.265+0000] {subprocess.py:93} INFO - 60/100 FILUSDT lưu OK
[2025-08-18T22:35:30.266+0000] {subprocess.py:93} INFO - ⚠️ NEIROUSDT lỗi lần 1/3: HTTPSConnectionPool(host='api.binance.com', port=443): Max retries exceeded with url: /api/v3/klines?symbol=NEIROUSDT&interval=1m&limit=100 (Caused by ConnectTimeoutError(<urllib3.connection.HTTPSConnection object at 0x7fb277ff16c0>, 'Connection to api.binance.com timed out. (connect timeout=15)'))
[2025-08-18T22:35:30.266+0000] {subprocess.py:93} INFO - ⚠️ ALPINEUSDT lỗi lần 1/3: HTTPSConnectionPool(host='api.binance.com', port=443): Max retries exceeded with url: /api/v3/klines?symbol=ALPINEUSDT&interval=1m&limit=100 (Caused by ConnectTimeoutError(<urllib3.connection.HTTPSConnection object at 0x7fb277ff0be0>, 'Connection to api.binance.com timed out. (connect timeout=15)'))
[2025-08-18T22:35:30.266+0000] {subprocess.py:93} INFO - ⚠️ EIGENUSDT lỗi lần 1/3: HTTPSConnectionPool(host='api.binance.com', port=443): Max retries exceeded with url: /api/v3/klines?symbol=EIGENUSDT&interval=1m&limit=100 (Caused by ConnectTimeoutError(<urllib3.connection.HTTPSConnection object at 0x7fb277ff13c0>, 'Connection to api.binance.com timed out. (connect timeout=15)'))
[2025-08-18T22:35:30.267+0000] {subprocess.py:93} INFO - ⚠️ GALAUSDT lỗi lần 1/3: HTTPSConnectionPool(host='api.binance.com', port=443): Max retries exceeded with url: /api/v3/klines?symbol=GALAUSDT&interval=1m&limit=100 (Caused by ConnectTimeoutError(<urllib3.connection.HTTPSConnection object at 0x7fb277ff1f30>, 'Connection to api.binance.com timed out. (connect timeout=15)'))
[2025-08-18T22:35:30.267+0000] {subprocess.py:93} INFO - ⚠️ XUSDUSDT lỗi lần 1/3: HTTPSConnectionPool(host='api.binance.com', port=443): Max retries exceeded with url: /api/v3/klines?symbol=XUSDUSDT&interval=1m&limit=100 (Caused by ConnectTimeoutError(<urllib3.connection.HTTPSConnection object at 0x7fb277ff0070>, 'Connection to api.binance.com timed out. (connect timeout=15)'))
[2025-08-18T22:35:30.267+0000] {subprocess.py:93} INFO - ⚠️ ALPINEUSDT lỗi lần 2/3: HTTPSConnectionPool(host='api.binance.com', port=443): Max retries exceeded with url: /api/v3/klines?symbol=ALPINEUSDT&interval=1m&limit=100 (Caused by ConnectTimeoutError(<urllib3.connection.HTTPSConnection object at 0x7fb277f5ef20>, 'Connection to api.binance.com timed out. (connect timeout=15)'))
[2025-08-18T22:35:30.268+0000] {subprocess.py:93} INFO - ⚠️ EIGENUSDT lỗi lần 2/3: HTTPSConnectionPool(host='api.binance.com', port=443): Max retries exceeded with url: /api/v3/klines?symbol=EIGENUSDT&interval=1m&limit=100 (Caused by ConnectTimeoutError(<urllib3.connection.HTTPSConnection object at 0x7fb277ff0d60>, 'Connection to api.binance.com timed out. (connect timeout=15)'))
[2025-08-18T22:35:30.268+0000] {subprocess.py:93} INFO - ⚠️ XUSDUSDT lỗi lần 2/3: HTTPSConnectionPool(host='api.binance.com', port=443): Max retries exceeded with url: /api/v3/klines?symbol=XUSDUSDT&interval=1m&limit=100 (Caused by ConnectTimeoutError(<urllib3.connection.HTTPSConnection object at 0x7fb277f5dcc0>, 'Connection to api.binance.com timed out. (connect timeout=15)'))
[2025-08-18T22:35:30.268+0000] {subprocess.py:93} INFO - ⚠️ GALAUSDT lỗi lần 2/3: HTTPSConnectionPool(host='api.binance.com', port=443): Max retries exceeded with url: /api/v3/klines?symbol=GALAUSDT&interval=1m&limit=100 (Caused by ConnectTimeoutError(<urllib3.connection.HTTPSConnection object at 0x7fb277f5df00>, 'Connection to api.binance.com timed out. (connect timeout=15)'))
[2025-08-18T22:35:30.269+0000] {subprocess.py:93} INFO - ✅ XUSDUSDT: thêm 13 dòng mới
[2025-08-18T22:35:30.269+0000] {subprocess.py:93} INFO - 61/100 XUSDUSDT lưu OK
[2025-08-18T22:35:30.269+0000] {subprocess.py:93} INFO - ✅ GALAUSDT: thêm 20 dòng mới
[2025-08-18T22:35:30.270+0000] {subprocess.py:93} INFO - 62/100 GALAUSDT lưu OK
[2025-08-18T22:35:30.270+0000] {subprocess.py:93} INFO - ⚠️ ALPINEUSDT lỗi lần 3/3: HTTPSConnectionPool(host='api.binance.com', port=443): Max retries exceeded with url: /api/v3/klines?symbol=ALPINEUSDT&interval=1m&limit=100 (Caused by ConnectTimeoutError(<urllib3.connection.HTTPSConnection object at 0x7fb277f5e0b0>, 'Connection to api.binance.com timed out. (connect timeout=15)'))
[2025-08-18T22:35:30.270+0000] {subprocess.py:93} INFO - 63/100 ALPINEUSDT bỏ qua (fail)
[2025-08-18T22:35:30.271+0000] {subprocess.py:93} INFO - ⚠️ EIGENUSDT lỗi lần 3/3: HTTPSConnectionPool(host='api.binance.com', port=443): Max retries exceeded with url: /api/v3/klines?symbol=EIGENUSDT&interval=1m&limit=100 (Caused by ConnectTimeoutError(<urllib3.connection.HTTPSConnection object at 0x7fb27cd7b730>, 'Connection to api.binance.com timed out. (connect timeout=15)'))
[2025-08-18T22:35:30.271+0000] {subprocess.py:93} INFO - 64/100 EIGENUSDT bỏ qua (fail)
[2025-08-18T22:35:30.271+0000] {subprocess.py:93} INFO - 65/100 CYBERUSDT lỗi: relation "cryptocurrency.cyberusdt" does not exist
[2025-08-18T22:35:30.272+0000] {subprocess.py:93} INFO - LINE 1: SELECT MAX(time) FROM cryptocurrency.cyberusdt;
[2025-08-18T22:35:30.272+0000] {subprocess.py:93} INFO -                               ^
[2025-08-18T22:35:30.272+0000] {subprocess.py:93} INFO - 
[2025-08-18T22:35:30.273+0000] {subprocess.py:93} INFO - 66/100 TAOUSDT lỗi: connection to server at "videv.cloud" (27.74.74.29), port 5432 failed: Connection timed out
[2025-08-18T22:35:30.273+0000] {subprocess.py:93} INFO - 	Is the server running on that host and accepting TCP/IP connections?
[2025-08-18T22:35:30.273+0000] {subprocess.py:93} INFO - 
[2025-08-18T22:35:30.274+0000] {subprocess.py:93} INFO - ✅ ASRUSDT: thêm 12 dòng mới
[2025-08-18T22:35:30.274+0000] {subprocess.py:93} INFO - 67/100 ASRUSDT lưu OK
[2025-08-18T22:35:30.274+0000] {subprocess.py:93} INFO - ✅ RENDERUSDT: thêm 20 dòng mới
[2025-08-18T22:35:30.275+0000] {subprocess.py:93} INFO - 68/100 RENDERUSDT lưu OK
[2025-08-18T22:35:30.275+0000] {subprocess.py:93} INFO - ✅ CAKEUSDT: thêm 20 dòng mới
[2025-08-18T22:35:30.275+0000] {subprocess.py:93} INFO - 69/100 CAKEUSDT lưu OK
[2025-08-18T22:35:30.276+0000] {subprocess.py:93} INFO - ✅ RAYUSDT: thêm 26 dòng mới
[2025-08-18T22:35:30.276+0000] {subprocess.py:93} INFO - 70/100 RAYUSDT lưu OK
[2025-08-18T22:35:30.276+0000] {subprocess.py:93} INFO - ⚠️ JUVUSDT lỗi lần 1/3: HTTPSConnectionPool(host='api.binance.com', port=443): Max retries exceeded with url: /api/v3/klines?symbol=JUVUSDT&interval=1m&limit=100 (Caused by ConnectTimeoutError(<urllib3.connection.HTTPSConnection object at 0x7fb277ff2e30>, 'Connection to api.binance.com timed out. (connect timeout=15)'))
[2025-08-18T22:35:30.277+0000] {subprocess.py:93} INFO - ⚠️ CTSIUSDT lỗi lần 1/3: HTTPSConnectionPool(host='api.binance.com', port=443): Max retries exceeded with url: /api/v3/klines?symbol=CTSIUSDT&interval=1m&limit=100 (Caused by ConnectTimeoutError(<urllib3.connection.HTTPSConnection object at 0x7fb277ff00a0>, 'Connection to api.binance.com timed out. (connect timeout=15)'))
[2025-08-18T22:35:30.277+0000] {subprocess.py:93} INFO - ✅ CTSIUSDT: thêm 12 dòng mới
[2025-08-18T22:35:30.277+0000] {subprocess.py:93} INFO - 71/100 CTSIUSDT lưu OK
[2025-08-18T22:35:30.278+0000] {subprocess.py:93} INFO - ⚠️ SPKUSDT lỗi lần 1/3: HTTPSConnectionPool(host='api.binance.com', port=443): Max retries exceeded with url: /api/v3/klines?symbol=SPKUSDT&interval=1m&limit=100 (Caused by ConnectTimeoutError(<urllib3.connection.HTTPSConnection object at 0x7fb27cd79a50>, 'Connection to api.binance.com timed out. (connect timeout=15)'))
[2025-08-18T22:35:30.278+0000] {subprocess.py:93} INFO - ✅ JUVUSDT: thêm 12 dòng mới
[2025-08-18T22:35:30.278+0000] {subprocess.py:93} INFO - 72/100 JUVUSDT lưu OK
[2025-08-18T22:35:30.279+0000] {subprocess.py:93} INFO - ⚠️ TSTUSDT lỗi lần 1/3: HTTPSConnectionPool(host='api.binance.com', port=443): Max retries exceeded with url: /api/v3/klines?symbol=TSTUSDT&interval=1m&limit=100 (Caused by ConnectTimeoutError(<urllib3.connection.HTTPSConnection object at 0x7fb27cd7bac0>, 'Connection to api.binance.com timed out. (connect timeout=15)'))
[2025-08-18T22:36:54.539+0000] {subprocess.py:93} INFO - ⚠️ VETUSDT lỗi lần 1/3: HTTPSConnectionPool(host='api.binance.com', port=443): Max retries exceeded with url: /api/v3/klines?symbol=VETUSDT&interval=1m&limit=100 (Caused by ConnectTimeoutError(<urllib3.connection.HTTPSConnection object at 0x7fb27cd39ff0>, 'Connection to api.binance.com timed out. (connect timeout=15)'))
[2025-08-18T22:36:54.540+0000] {subprocess.py:93} INFO - ✅ NEIROUSDT: thêm 19 dòng mới
[2025-08-18T22:36:54.540+0000] {subprocess.py:93} INFO - 73/100 NEIROUSDT lưu OK
[2025-08-18T22:36:54.541+0000] {subprocess.py:93} INFO - ⚠️ OGUSDT lỗi lần 1/3: HTTPSConnectionPool(host='api.binance.com', port=443): Max retries exceeded with url: /api/v3/klines?symbol=OGUSDT&interval=1m&limit=100 (Caused by ConnectTimeoutError(<urllib3.connection.HTTPSConnection object at 0x7fb277f5cac0>, 'Connection to api.binance.com timed out. (connect timeout=15)'))
[2025-08-18T22:36:54.542+0000] {subprocess.py:93} INFO - 74/100 EURUSDT lỗi: connection to server at "videv.cloud" (27.74.74.29), port 5432 failed: Connection timed out
[2025-08-18T22:36:54.542+0000] {subprocess.py:93} INFO - 	Is the server running on that host and accepting TCP/IP connections?
[2025-08-18T22:36:54.543+0000] {subprocess.py:93} INFO - 
[2025-08-18T22:36:54.543+0000] {subprocess.py:93} INFO - 75/100 MEMEUSDT lỗi: connection to server at "videv.cloud" (27.74.74.29), port 5432 failed: Connection timed out
[2025-08-18T22:36:54.544+0000] {subprocess.py:93} INFO - 	Is the server running on that host and accepting TCP/IP connections?
[2025-08-18T22:36:54.545+0000] {subprocess.py:93} INFO - 
[2025-08-18T22:36:54.545+0000] {subprocess.py:93} INFO - ⚠️ RUNEUSDT lỗi lần 1/3: HTTPSConnectionPool(host='api.binance.com', port=443): Max retries exceeded with url: /api/v3/klines?symbol=RUNEUSDT&interval=1m&limit=100 (Caused by ConnectTimeoutError(<urllib3.connection.HTTPSConnection object at 0x7fb27cd83940>, 'Connection to api.binance.com timed out. (connect timeout=15)'))
[2025-08-18T22:36:54.545+0000] {subprocess.py:93} INFO - ⚠️ PAXGUSDT lỗi lần 1/3: HTTPSConnectionPool(host='api.binance.com', port=443): Max retries exceeded with url: /api/v3/klines?symbol=PAXGUSDT&interval=1m&limit=100 (Caused by ConnectTimeoutError(<urllib3.connection.HTTPSConnection object at 0x7fb277ff10f0>, 'Connection to api.binance.com timed out. (connect timeout=15)'))
[2025-08-18T22:36:54.546+0000] {subprocess.py:93} INFO - ⚠️ VETUSDT lỗi lần 2/3: HTTPSConnectionPool(host='api.binance.com', port=443): Max retries exceeded with url: /api/v3/klines?symbol=VETUSDT&interval=1m&limit=100 (Caused by ConnectTimeoutError(<urllib3.connection.HTTPSConnection object at 0x7fb277f5dae0>, 'Connection to api.binance.com timed out. (connect timeout=15)'))
[2025-08-18T22:36:54.546+0000] {subprocess.py:93} INFO - 76/100 BCHUSDT lỗi: connection to server at "videv.cloud" (27.74.74.29), port 5432 failed: Connection timed out
[2025-08-18T22:36:54.547+0000] {subprocess.py:93} INFO - 	Is the server running on that host and accepting TCP/IP connections?
[2025-08-18T22:36:54.547+0000] {subprocess.py:93} INFO - 
[2025-08-18T22:36:54.547+0000] {subprocess.py:93} INFO - ⚠️ MDTUSDT lỗi lần 1/3: HTTPSConnectionPool(host='api.binance.com', port=443): Max retries exceeded with url: /api/v3/klines?symbol=MDTUSDT&interval=1m&limit=100 (Caused by ConnectTimeoutError(<urllib3.connection.HTTPSConnection object at 0x7fb277f5c3a0>, 'Connection to api.binance.com timed out. (connect timeout=15)'))
[2025-08-18T22:36:54.548+0000] {subprocess.py:93} INFO - ⚠️ CFXUSDT lỗi lần 1/3: HTTPSConnectionPool(host='api.binance.com', port=443): Max retries exceeded with url: /api/v3/klines?symbol=CFXUSDT&interval=1m&limit=100 (Caused by ConnectTimeoutError(<urllib3.connection.HTTPSConnection object at 0x7fb27cd38a60>, 'Connection to api.binance.com timed out. (connect timeout=15)'))
[2025-08-18T22:36:54.548+0000] {subprocess.py:93} INFO - 77/100 VETUSDT lỗi: relation "cryptocurrency.vetusdt" does not exist
[2025-08-18T22:36:54.548+0000] {subprocess.py:93} INFO - LINE 1: SELECT MAX(time) FROM cryptocurrency.vetusdt;
[2025-08-18T22:36:54.549+0000] {subprocess.py:93} INFO -                               ^
[2025-08-18T22:36:54.549+0000] {subprocess.py:93} INFO - 
[2025-08-18T22:36:54.549+0000] {subprocess.py:93} INFO - ⚠️ RUNEUSDT lỗi lần 2/3: HTTPSConnectionPool(host='api.binance.com', port=443): Max retries exceeded with url: /api/v3/klines?symbol=RUNEUSDT&interval=1m&limit=100 (Caused by ConnectTimeoutError(<urllib3.connection.HTTPSConnection object at 0x7fb27cd82650>, 'Connection to api.binance.com timed out. (connect timeout=15)'))
[2025-08-18T22:36:54.550+0000] {subprocess.py:93} INFO - ⚠️ BERAUSDT lỗi lần 1/3: HTTPSConnectionPool(host='api.binance.com', port=443): Max retries exceeded with url: /api/v3/klines?symbol=BERAUSDT&interval=1m&limit=100 (Caused by ConnectTimeoutError(<urllib3.connection.HTTPSConnection object at 0x7fb27cd81780>, 'Connection to api.binance.com timed out. (connect timeout=15)'))
[2025-08-18T22:36:54.550+0000] {subprocess.py:93} INFO - ⚠️ PAXGUSDT lỗi lần 2/3: HTTPSConnectionPool(host='api.binance.com', port=443): Max retries exceeded with url: /api/v3/klines?symbol=PAXGUSDT&interval=1m&limit=100 (Caused by ConnectTimeoutError(<urllib3.connection.HTTPSConnection object at 0x7fb277ff3cd0>, 'Connection to api.binance.com timed out. (connect timeout=15)'))
[2025-08-18T22:36:54.551+0000] {subprocess.py:93} INFO - ✅ SPKUSDT: thêm 12 dòng mới
[2025-08-18T22:36:54.551+0000] {subprocess.py:93} INFO - 78/100 SPKUSDT lưu OK
[2025-08-18T22:36:54.551+0000] {subprocess.py:93} INFO - ⚠️ WBTCUSDT lỗi lần 1/3: HTTPSConnectionPool(host='api.binance.com', port=443): Max retries exceeded with url: /api/v3/klines?symbol=WBTCUSDT&interval=1m&limit=100 (Caused by ConnectTimeoutError(<urllib3.connection.HTTPSConnection object at 0x7fb27cd82fb0>, 'Connection to api.binance.com timed out. (connect timeout=15)'))
[2025-08-18T22:36:54.552+0000] {subprocess.py:93} INFO - ✅ CFXUSDT: thêm 27 dòng mới
[2025-08-18T22:36:54.552+0000] {subprocess.py:93} INFO - 79/100 CFXUSDT lưu OK
[2025-08-18T22:36:54.552+0000] {subprocess.py:93} INFO - ✅ BERAUSDT: thêm 12 dòng mới
[2025-08-18T22:36:54.553+0000] {subprocess.py:93} INFO - 80/100 BERAUSDT lưu OK
[2025-08-18T22:36:54.553+0000] {subprocess.py:93} INFO - 81/100 MKRUSDT lỗi: relation "cryptocurrency.mkrusdt" does not exist
[2025-08-18T22:36:54.554+0000] {subprocess.py:93} INFO - LINE 1: SELECT MAX(time) FROM cryptocurrency.mkrusdt;
[2025-08-18T22:36:54.554+0000] {subprocess.py:93} INFO -                               ^
[2025-08-18T22:36:54.554+0000] {subprocess.py:93} INFO - 
[2025-08-18T22:36:54.555+0000] {subprocess.py:93} INFO - 82/100 RUNEUSDT lỗi: relation "cryptocurrency.runeusdt" does not exist
[2025-08-18T22:36:54.555+0000] {subprocess.py:93} INFO - LINE 1: SELECT MAX(time) FROM cryptocurrency.runeusdt;
[2025-08-18T22:36:54.555+0000] {subprocess.py:93} INFO -                               ^
[2025-08-18T22:36:54.556+0000] {subprocess.py:93} INFO - 
[2025-08-18T22:36:54.556+0000] {subprocess.py:93} INFO - ✅ SYRUPUSDT: thêm 12 dòng mới
[2025-08-18T22:36:54.556+0000] {subprocess.py:93} INFO - 83/100 SYRUPUSDT lưu OK
[2025-08-18T22:36:54.557+0000] {subprocess.py:93} INFO - ✅ ENSUSDT: thêm 12 dòng mới
[2025-08-18T22:36:54.558+0000] {subprocess.py:93} INFO - 84/100 ENSUSDT lưu OK
[2025-08-18T22:36:54.558+0000] {subprocess.py:93} INFO - ⚠️ PAXGUSDT lỗi lần 3/3: HTTPSConnectionPool(host='api.binance.com', port=443): Max retries exceeded with url: /api/v3/klines?symbol=PAXGUSDT&interval=1m&limit=100 (Caused by ConnectTimeoutError(<urllib3.connection.HTTPSConnection object at 0x7fb27cd801f0>, 'Connection to api.binance.com timed out. (connect timeout=15)'))
[2025-08-18T22:36:54.559+0000] {subprocess.py:93} INFO - 85/100 AIXBTUSDT lỗi: relation "cryptocurrency.aixbtusdt" does not exist
[2025-08-18T22:36:54.560+0000] {subprocess.py:93} INFO - LINE 1: SELECT MAX(time) FROM cryptocurrency.aixbtusdt;
[2025-08-18T22:36:54.560+0000] {subprocess.py:93} INFO -                               ^
[2025-08-18T22:36:54.561+0000] {subprocess.py:93} INFO - 
[2025-08-18T22:36:54.561+0000] {subprocess.py:93} INFO - ⚠️ MAVUSDT lỗi lần 1/3: HTTPSConnectionPool(host='api.binance.com', port=443): Max retries exceeded with url: /api/v3/klines?symbol=MAVUSDT&interval=1m&limit=100 (Caused by ConnectTimeoutError(<urllib3.connection.HTTPSConnection object at 0x7fb27cd828f0>, 'Connection to api.binance.com timed out. (connect timeout=15)'))
[2025-08-18T22:36:54.561+0000] {subprocess.py:93} INFO - ✅ ARKMUSDT: thêm 12 dòng mới
[2025-08-18T22:36:54.562+0000] {subprocess.py:93} INFO - 86/100 ARKMUSDT lưu OK
[2025-08-18T22:36:54.562+0000] {subprocess.py:93} INFO - 87/100 PAXGUSDT bỏ qua (fail)
[2025-08-18T22:36:54.563+0000] {subprocess.py:93} INFO - ⚠️ WBTCUSDT lỗi lần 2/3: HTTPSConnectionPool(host='api.binance.com', port=443): Max retries exceeded with url: /api/v3/klines?symbol=WBTCUSDT&interval=1m&limit=100 (Caused by ConnectTimeoutError(<urllib3.connection.HTTPSConnection object at 0x7fb27cd83100>, 'Connection to api.binance.com timed out. (connect timeout=15)'))
[2025-08-18T22:36:54.563+0000] {subprocess.py:93} INFO - ✅ ORDIUSDT: thêm 12 dòng mới
[2025-08-18T22:36:54.563+0000] {subprocess.py:93} INFO - 88/100 ORDIUSDT lưu OK
[2025-08-18T22:36:54.564+0000] {subprocess.py:93} INFO - ⚠️ ATOMUSDT lỗi lần 1/3: HTTPSConnectionPool(host='api.binance.com', port=443): Max retries exceeded with url: /api/v3/klines?symbol=ATOMUSDT&interval=1m&limit=100 (Caused by ConnectTimeoutError(<urllib3.connection.HTTPSConnection object at 0x7fb27cd83940>, 'Connection to api.binance.com timed out. (connect timeout=15)'))
[2025-08-18T22:36:54.564+0000] {subprocess.py:93} INFO - ⚠️ OMUSDT lỗi lần 1/3: HTTPSConnectionPool(host='api.binance.com', port=443): Max retries exceeded with url: /api/v3/klines?symbol=OMUSDT&interval=1m&limit=100 (Caused by ConnectTimeoutError(<urllib3.connection.HTTPSConnection object at 0x7fb27cd80520>, 'Connection to api.binance.com timed out. (connect timeout=15)'))
[2025-08-18T22:36:54.564+0000] {subprocess.py:93} INFO - ⚠️ MAVUSDT lỗi lần 2/3: HTTPSConnectionPool(host='api.binance.com', port=443): Max retries exceeded with url: /api/v3/klines?symbol=MAVUSDT&interval=1m&limit=100 (Caused by ConnectTimeoutError(<urllib3.connection.HTTPSConnection object at 0x7fb27cd38820>, 'Connection to api.binance.com timed out. (connect timeout=15)'))
[2025-08-18T22:36:54.565+0000] {subprocess.py:93} INFO - ⚠️ LAYERUSDT lỗi lần 1/3: HTTPSConnectionPool(host='api.binance.com', port=443): Max retries exceeded with url: /api/v3/klines?symbol=LAYERUSDT&interval=1m&limit=100 (Caused by ConnectTimeoutError(<urllib3.connection.HTTPSConnection object at 0x7fb27cd80e50>, 'Connection to api.binance.com timed out. (connect timeout=15)'))
[2025-08-18T22:36:54.565+0000] {subprocess.py:93} INFO - ⚠️ WBTCUSDT lỗi lần 3/3: HTTPSConnectionPool(host='api.binance.com', port=443): Max retries exceeded with url: /api/v3/klines?symbol=WBTCUSDT&interval=1m&limit=100 (Caused by ConnectTimeoutError(<urllib3.connection.HTTPSConnection object at 0x7fb277ff3280>, 'Connection to api.binance.com timed out. (connect timeout=15)'))
[2025-08-18T22:36:54.565+0000] {subprocess.py:93} INFO - 89/100 WBTCUSDT bỏ qua (fail)
[2025-08-18T22:38:07.032+0000] {subprocess.py:93} INFO - ⚠️ OMUSDT lỗi lần 2/3: HTTPSConnectionPool(host='api.binance.com', port=443): Max retries exceeded with url: /api/v3/klines?symbol=OMUSDT&interval=1m&limit=100 (Caused by ConnectTimeoutError(<urllib3.connection.HTTPSConnection object at 0x7fb277ff11e0>, 'Connection to api.binance.com timed out. (connect timeout=15)'))
[2025-08-18T22:38:07.033+0000] {subprocess.py:93} INFO - ⚠️ MAVUSDT lỗi lần 3/3: HTTPSConnectionPool(host='api.binance.com', port=443): Max retries exceeded with url: /api/v3/klines?symbol=MAVUSDT&interval=1m&limit=100 (Caused by ConnectTimeoutError(<urllib3.connection.HTTPSConnection object at 0x7fb277ff0310>, 'Connection to api.binance.com timed out. (connect timeout=15)'))
[2025-08-18T22:38:07.033+0000] {subprocess.py:93} INFO - 90/100 MAVUSDT bỏ qua (fail)
[2025-08-18T22:38:07.034+0000] {subprocess.py:93} INFO - ⚠️ LAYERUSDT lỗi lần 2/3: HTTPSConnectionPool(host='api.binance.com', port=443): Max retries exceeded with url: /api/v3/klines?symbol=LAYERUSDT&interval=1m&limit=100 (Caused by ConnectTimeoutError(<urllib3.connection.HTTPSConnection object at 0x7fb27cd7ac50>, 'Connection to api.binance.com timed out. (connect timeout=15)'))
[2025-08-18T22:38:07.034+0000] {subprocess.py:93} INFO - 91/100 WCTUSDT lỗi: relation "cryptocurrency.wctusdt" does not exist
[2025-08-18T22:38:07.034+0000] {subprocess.py:93} INFO - LINE 1: SELECT MAX(time) FROM cryptocurrency.wctusdt;
[2025-08-18T22:38:07.035+0000] {subprocess.py:93} INFO -                               ^
[2025-08-18T22:38:07.035+0000] {subprocess.py:93} INFO - 
[2025-08-18T22:38:07.035+0000] {subprocess.py:93} INFO - ✅ OMUSDT: thêm 13 dòng mới
[2025-08-18T22:38:07.036+0000] {subprocess.py:93} INFO - 92/100 OMUSDT lưu OK
[2025-08-18T22:38:07.036+0000] {subprocess.py:93} INFO - 93/100 ATOMUSDT lỗi: relation "cryptocurrency.atomusdt" does not exist
[2025-08-18T22:38:07.036+0000] {subprocess.py:93} INFO - LINE 1: SELECT MAX(time) FROM cryptocurrency.atomusdt;
[2025-08-18T22:38:07.037+0000] {subprocess.py:93} INFO -                               ^
[2025-08-18T22:38:07.037+0000] {subprocess.py:93} INFO - 
[2025-08-18T22:38:07.037+0000] {subprocess.py:93} INFO - 94/100 LAYERUSDT lỗi: relation "cryptocurrency.layerusdt" does not exist
[2025-08-18T22:38:07.038+0000] {subprocess.py:93} INFO - LINE 1: SELECT MAX(time) FROM cryptocurrency.layerusdt;
[2025-08-18T22:38:07.038+0000] {subprocess.py:93} INFO -                               ^
[2025-08-18T22:38:07.038+0000] {subprocess.py:93} INFO - 
[2025-08-18T22:38:07.039+0000] {subprocess.py:93} INFO - ⚠️ PORTOUSDT lỗi lần 1/3: HTTPSConnectionPool(host='api.binance.com', port=443): Max retries exceeded with url: /api/v3/klines?symbol=PORTOUSDT&interval=1m&limit=100 (Caused by ConnectTimeoutError(<urllib3.connection.HTTPSConnection object at 0x7fb27cd3b4c0>, 'Connection to api.binance.com timed out. (connect timeout=15)'))
[2025-08-18T22:38:07.039+0000] {subprocess.py:93} INFO - ✅ PORTOUSDT: thêm 13 dòng mới
[2025-08-18T22:38:07.039+0000] {subprocess.py:93} INFO - 95/100 PORTOUSDT lưu OK
[2025-08-18T22:38:07.040+0000] {subprocess.py:93} INFO - 96/100 RESOLVUSDT lỗi: relation "cryptocurrency.resolvusdt" does not exist
[2025-08-18T22:38:07.040+0000] {subprocess.py:93} INFO - LINE 1: SELECT MAX(time) FROM cryptocurrency.resolvusdt;
[2025-08-18T22:38:07.040+0000] {subprocess.py:93} INFO -                               ^
[2025-08-18T22:38:07.041+0000] {subprocess.py:93} INFO - 
[2025-08-18T22:38:07.041+0000] {subprocess.py:93} INFO - 97/100 ICPUSDT lỗi: connection to server at "videv.cloud" (27.74.74.29), port 5432 failed: Connection timed out
[2025-08-18T22:38:07.041+0000] {subprocess.py:93} INFO - 	Is the server running on that host and accepting TCP/IP connections?
[2025-08-18T22:38:07.042+0000] {subprocess.py:93} INFO - 
[2025-08-18T22:38:07.042+0000] {subprocess.py:93} INFO - 98/100 OGUSDT lỗi: connection to server at "videv.cloud" (27.74.74.29), port 5432 failed: Connection timed out
[2025-08-18T22:38:07.042+0000] {subprocess.py:93} INFO - 	Is the server running on that host and accepting TCP/IP connections?
[2025-08-18T22:38:07.043+0000] {subprocess.py:93} INFO - 
[2025-08-18T22:38:07.043+0000] {subprocess.py:93} INFO - 99/100 TSTUSDT lỗi: connection to server at "videv.cloud" (27.74.74.29), port 5432 failed: Connection timed out
[2025-08-18T22:38:07.043+0000] {subprocess.py:93} INFO - 	Is the server running on that host and accepting TCP/IP connections?
[2025-08-18T22:38:07.044+0000] {subprocess.py:93} INFO - 
[2025-08-18T22:38:07.044+0000] {subprocess.py:93} INFO - 100/100 MDTUSDT lỗi: connection to server at "videv.cloud" (27.74.74.29), port 5432 failed: Connection timed out
[2025-08-18T22:38:07.044+0000] {subprocess.py:93} INFO - 	Is the server running on that host and accepting TCP/IP connections?
[2025-08-18T22:38:07.044+0000] {subprocess.py:93} INFO - 
[2025-08-18T22:38:07.146+0000] {subprocess.py:97} INFO - Command exited with return code 0
[2025-08-18T22:38:07.147+0000] {taskinstance.py:441} INFO - ::group::Post task execution logs
[2025-08-18T22:38:07.183+0000] {taskinstance.py:1206} INFO - Marking task as SUCCESS. dag_id=crypto_collector_dag, task_id=run_crypto_collector, run_id=scheduled__2025-08-18T22:28:00+00:00, execution_date=20250818T222800, start_date=20250818T222937, end_date=20250818T223807
[2025-08-18T22:38:07.242+0000] {local_task_job_runner.py:240} INFO - Task exited with return code 0
[2025-08-18T22:38:07.270+0000] {taskinstance.py:3498} INFO - 0 downstream tasks scheduled from follow-on schedule check
[2025-08-18T22:38:07.271+0000] {local_task_job_runner.py:222} INFO - ::endgroup::
