[2025-09-05T07:08:01.352+0000] {local_task_job_runner.py:120} INFO - ::group::Pre task execution logs
[2025-09-05T07:08:01.591+0000] {taskinstance.py:2076} INFO - Dependencies all met for dep_context=non-requeueable deps ti=<TaskInstance: liquidity.save_liquidity scheduled__2025-09-05T07:07:00+00:00 [queued]>
[2025-09-05T07:08:01.599+0000] {taskinstance.py:2076} INFO - Dependencies all met for dep_context=requeueable deps ti=<TaskInstance: liquidity.save_liquidity scheduled__2025-09-05T07:07:00+00:00 [queued]>
[2025-09-05T07:08:01.599+0000] {taskinstance.py:2306} INFO - Starting attempt 1 of 11
[2025-09-05T07:08:01.611+0000] {taskinstance.py:2330} INFO - Executing <Task(PythonOperator): save_liquidity> on 2025-09-05 07:07:00+00:00
[2025-09-05T07:08:01.619+0000] {standard_task_runner.py:63} INFO - Started process 3145001 to run task
[2025-09-05T07:08:01.624+0000] {standard_task_runner.py:90} INFO - Running: ['***', 'tasks', 'run', 'liquidity', 'save_liquidity', 'scheduled__2025-09-05T07:07:00+00:00', '--job-id', '111333', '--raw', '--subdir', 'DAGS_FOLDER/dag_liquidity.py', '--cfg-path', '/tmp/tmpzyawqf84']
[2025-09-05T07:08:01.627+0000] {standard_task_runner.py:91} INFO - Job 111333: Subtask save_liquidity
[2025-09-05T07:08:01.696+0000] {task_command.py:426} INFO - Running <TaskInstance: liquidity.save_liquidity scheduled__2025-09-05T07:07:00+00:00 [running]> on host 1877907bc043
[2025-09-05T07:08:01.810+0000] {taskinstance.py:2648} INFO - Exporting env vars: AIRFLOW_CTX_DAG_OWNER='***' AIRFLOW_CTX_DAG_ID='liquidity' AIRFLOW_CTX_TASK_ID='save_liquidity' AIRFLOW_CTX_EXECUTION_DATE='2025-09-05T07:07:00+00:00' AIRFLOW_CTX_TRY_NUMBER='1' AIRFLOW_CTX_DAG_RUN_ID='scheduled__2025-09-05T07:07:00+00:00'
[2025-09-05T07:08:01.811+0000] {taskinstance.py:430} INFO - ::endgroup::
[2025-09-05T07:08:02.613+0000] {liquidity.py:93} INFO - Đã lưu liquidity_ALL
[2025-09-05T07:08:03.968+0000] {liquidity.py:93} INFO - Đã lưu liquidity_HOSE
[2025-09-05T07:08:05.793+0000] {liquidity.py:93} INFO - Đã lưu liquidity_HNX
[2025-09-05T07:08:06.196+0000] {liquidity.py:93} INFO - Đã lưu liquidity_UPCOM
[2025-09-05T07:08:06.197+0000] {python.py:237} INFO - Done. Returned value was: None
[2025-09-05T07:08:06.198+0000] {taskinstance.py:441} INFO - ::group::Post task execution logs
[2025-09-05T07:08:06.210+0000] {taskinstance.py:1206} INFO - Marking task as SUCCESS. dag_id=liquidity, task_id=save_liquidity, run_id=scheduled__2025-09-05T07:07:00+00:00, execution_date=20250905T070700, start_date=20250905T070801, end_date=20250905T070806
[2025-09-05T07:08:06.248+0000] {local_task_job_runner.py:240} INFO - Task exited with return code 0
[2025-09-05T07:08:06.275+0000] {taskinstance.py:3498} INFO - 0 downstream tasks scheduled from follow-on schedule check
[2025-09-05T07:08:06.276+0000] {local_task_job_runner.py:222} INFO - ::endgroup::
