[2025-09-08T02:32:01.240+0000] {local_task_job_runner.py:120} INFO - ::group::Pre task execution logs
[2025-09-08T02:32:01.270+0000] {taskinstance.py:2076} INFO - Dependencies all met for dep_context=non-requeueable deps ti=<TaskInstance: crypto_collector_dag.run_crypto_collector scheduled__2025-09-08T02:31:00+00:00 [queued]>
[2025-09-08T02:32:01.280+0000] {taskinstance.py:2076} INFO - Dependencies all met for dep_context=requeueable deps ti=<TaskInstance: crypto_collector_dag.run_crypto_collector scheduled__2025-09-08T02:31:00+00:00 [queued]>
[2025-09-08T02:32:01.280+0000] {taskinstance.py:2306} INFO - Starting attempt 1 of 2
[2025-09-08T02:32:01.294+0000] {taskinstance.py:2330} INFO - Executing <Task(BashOperator): run_crypto_collector> on 2025-09-08 02:31:00+00:00
[2025-09-08T02:32:01.301+0000] {standard_task_runner.py:63} INFO - Started process 299668 to run task
[2025-09-08T02:32:01.306+0000] {standard_task_runner.py:90} INFO - Running: ['***', 'tasks', 'run', 'crypto_collector_dag', 'run_crypto_collector', 'scheduled__2025-09-08T02:31:00+00:00', '--job-id', '156339', '--raw', '--subdir', 'DAGS_FOLDER/crawl_crypto/dags_crypto.py', '--cfg-path', '/tmp/tmp3irl4qsu']
[2025-09-08T02:32:01.307+0000] {standard_task_runner.py:91} INFO - Job 156339: Subtask run_crypto_collector
[2025-09-08T02:32:01.365+0000] {task_command.py:426} INFO - Running <TaskInstance: crypto_collector_dag.run_crypto_collector scheduled__2025-09-08T02:31:00+00:00 [running]> on host 8d9cea3aac78
[2025-09-08T02:32:01.459+0000] {taskinstance.py:2648} INFO - Exporting env vars: AIRFLOW_CTX_DAG_OWNER='***' AIRFLOW_CTX_DAG_ID='crypto_collector_dag' AIRFLOW_CTX_TASK_ID='run_crypto_collector' AIRFLOW_CTX_EXECUTION_DATE='2025-09-08T02:31:00+00:00' AIRFLOW_CTX_TRY_NUMBER='1' AIRFLOW_CTX_DAG_RUN_ID='scheduled__2025-09-08T02:31:00+00:00'
[2025-09-08T02:32:01.460+0000] {taskinstance.py:430} INFO - ::endgroup::
[2025-09-08T02:32:01.472+0000] {subprocess.py:63} INFO - Tmp dir root location: /tmp
[2025-09-08T02:32:01.473+0000] {subprocess.py:75} INFO - Running command: ['/usr/bin/bash', '-c', 'python3 /opt/***/dags/crawl_crypto/crawl_data_crypto.py']
[2025-09-08T02:32:01.484+0000] {subprocess.py:86} INFO - Output:
[2025-09-08T02:32:07.476+0000] {subprocess.py:93} INFO - 🔹 Kết nối DB...
[2025-09-08T02:32:07.476+0000] {subprocess.py:93} INFO - 🔹 Lấy top 100 crypto...
[2025-09-08T02:32:07.477+0000] {subprocess.py:93} INFO - Top 100: ['ETHUSDT', 'BTCUSDT', 'USDCUSDT', 'SOLUSDT', 'SOMIUSDT', 'WLFIUSDT', 'XRPUSDT', 'DOGEUSDT', 'TRXUSDT', 'FDUSDUSDT', 'BNBUSDT', 'WLDUSDT', 'ENAUSDT', 'NMRUSDT', 'SUIUSDT', 'ADAUSDT', 'REDUSDT', 'LINKUSDT', 'PEPEUSDT', 'PENGUUSDT', 'GPSUSDT', 'DOLOUSDT', 'DOTUSDT', 'AVAXUSDT', 'TOWNSUSDT', 'PYTHUSDT', 'LTCUSDT', 'SEIUSDT', 'BONKUSDT', 'BIOUSDT', 'ARBUSDT', 'CUSDT', 'TRUMPUSDT', 'MITOUSDT', 'ASRUSDT', 'PLUMEUSDT', 'EIGENUSDT', 'HBARUSDT', 'XLMUSDT', 'AAVEUSDT', 'FILUSDT', 'PAXGUSDT', 'BCHUSDT', 'BMTUSDT', 'BBUSDT', 'WIFUSDT', 'UNIUSDT', 'TREEUSDT', 'ONDOUSDT', 'NEARUSDT', 'TAOUSDT', 'MAVUSDT', 'SPKUSDT', 'LDOUSDT', 'OGUSDT', 'POLUSDT', 'MEMEUSDT', 'SYRUPUSDT', '1MBABYDOGEUSDT', 'FETUSDT', 'TIAUSDT', 'CTSIUSDT', 'ETHFIUSDT', 'FORMUSDT', 'SHIBUSDT', 'PROVEUSDT', 'BFUSDUSDT', 'SUSDT', 'CRVUSDT', 'EURUSDT', 'GALAUSDT', 'API3USDT', 'APTUSDT', 'VIRTUALUSDT', 'USD1USDT', 'PNUTUSDT', 'SOLVUSDT', 'ARKMUSDT', 'NEIROUSDT', 'TONUSDT', 'ORDIUSDT', 'OPUSDT', 'FLOKIUSDT', 'RAYUSDT', 'AIXBTUSDT', 'MKRUSDT', 'ZECUSDT', 'CYBERUSDT', 'HUMAUSDT', 'OMUSDT', 'VANAUSDT', 'PENDLEUSDT', 'SHELLUSDT', 'ALPINEUSDT', 'ATOMUSDT', 'CFXUSDT', 'INJUSDT', 'PARTIUSDT', 'ETCUSDT', 'ICPUSDT']
[2025-09-08T02:32:07.477+0000] {subprocess.py:93} INFO - 🔹 Lưu lịch sử giá vào DB bằng threading...
[2025-09-08T02:32:07.477+0000] {subprocess.py:93} INFO - ✅ ETHUSDT: thêm 1 dòng mới
[2025-09-08T02:32:07.477+0000] {subprocess.py:93} INFO - 1/100 ETHUSDT lưu OK
[2025-09-08T02:32:07.478+0000] {subprocess.py:93} INFO - ✅ SOLUSDT: thêm 1 dòng mới
[2025-09-08T02:32:07.478+0000] {subprocess.py:93} INFO - 2/100 SOLUSDT lưu OK
[2025-09-08T02:32:07.478+0000] {subprocess.py:93} INFO - ✅ TRXUSDT: thêm 1 dòng mới
[2025-09-08T02:32:07.478+0000] {subprocess.py:93} INFO - 3/100 TRXUSDT lưu OK
[2025-09-08T02:32:07.478+0000] {subprocess.py:93} INFO - 4/100 WLFIUSDT lỗi: relation "cryptocurrency.wlfiusdt" does not exist
[2025-09-08T02:32:07.479+0000] {subprocess.py:93} INFO - LINE 1: SELECT MAX(time) FROM cryptocurrency.wlfiusdt;
[2025-09-08T02:32:07.479+0000] {subprocess.py:93} INFO -                               ^
[2025-09-08T02:32:07.479+0000] {subprocess.py:93} INFO - 
[2025-09-08T02:32:07.479+0000] {subprocess.py:93} INFO - ✅ XRPUSDT: thêm 1 dòng mới
[2025-09-08T02:32:07.480+0000] {subprocess.py:93} INFO - 5/100 XRPUSDT lưu OK
[2025-09-08T02:32:07.480+0000] {subprocess.py:93} INFO - 6/100 SOMIUSDT lỗi: relation "cryptocurrency.somiusdt" does not exist
[2025-09-08T02:32:07.480+0000] {subprocess.py:93} INFO - LINE 1: SELECT MAX(time) FROM cryptocurrency.somiusdt;
[2025-09-08T02:32:07.481+0000] {subprocess.py:93} INFO -                               ^
[2025-09-08T02:32:07.481+0000] {subprocess.py:93} INFO - 
[2025-09-08T02:32:07.481+0000] {subprocess.py:93} INFO - ✅ BTCUSDT: thêm 1 dòng mới
[2025-09-08T02:32:07.482+0000] {subprocess.py:93} INFO - 7/100 BTCUSDT lưu OK
[2025-09-08T02:32:07.482+0000] {subprocess.py:93} INFO - ✅ FDUSDUSDT: thêm 1 dòng mới
[2025-09-08T02:32:07.482+0000] {subprocess.py:93} INFO - 8/100 FDUSDUSDT lưu OK
[2025-09-08T02:32:07.482+0000] {subprocess.py:93} INFO - ✅ DOGEUSDT: thêm 1 dòng mới
[2025-09-08T02:32:07.482+0000] {subprocess.py:93} INFO - 9/100 DOGEUSDT lưu OK
[2025-09-08T02:32:07.483+0000] {subprocess.py:93} INFO - ✅ USDCUSDT: thêm 1 dòng mới
[2025-09-08T02:32:07.483+0000] {subprocess.py:93} INFO - 10/100 USDCUSDT lưu OK
[2025-09-08T02:32:07.483+0000] {subprocess.py:93} INFO - ✅ BNBUSDT: thêm 1 dòng mới
[2025-09-08T02:32:07.483+0000] {subprocess.py:93} INFO - 11/100 BNBUSDT lưu OK
[2025-09-08T02:32:07.484+0000] {subprocess.py:93} INFO - 12/100 NMRUSDT lỗi: relation "cryptocurrency.nmrusdt" does not exist
[2025-09-08T02:32:07.484+0000] {subprocess.py:93} INFO - LINE 1: SELECT MAX(time) FROM cryptocurrency.nmrusdt;
[2025-09-08T02:32:07.484+0000] {subprocess.py:93} INFO -                               ^
[2025-09-08T02:32:07.484+0000] {subprocess.py:93} INFO - 
[2025-09-08T02:32:07.485+0000] {subprocess.py:93} INFO - ✅ ADAUSDT: thêm 1 dòng mới
[2025-09-08T02:32:07.485+0000] {subprocess.py:93} INFO - 13/100 ADAUSDT lưu OK
[2025-09-08T02:32:07.485+0000] {subprocess.py:93} INFO - ✅ ENAUSDT: thêm 1 dòng mới
[2025-09-08T02:32:07.485+0000] {subprocess.py:93} INFO - 14/100 ENAUSDT lưu OK
[2025-09-08T02:32:07.486+0000] {subprocess.py:93} INFO - ✅ SUIUSDT: thêm 1 dòng mới
[2025-09-08T02:32:07.486+0000] {subprocess.py:93} INFO - 15/100 SUIUSDT lưu OK
[2025-09-08T02:32:07.486+0000] {subprocess.py:93} INFO - 16/100 REDUSDT lỗi: relation "cryptocurrency.redusdt" does not exist
[2025-09-08T02:32:07.486+0000] {subprocess.py:93} INFO - LINE 1: SELECT MAX(time) FROM cryptocurrency.redusdt;
[2025-09-08T02:32:07.486+0000] {subprocess.py:93} INFO -                               ^
[2025-09-08T02:32:07.487+0000] {subprocess.py:93} INFO - 
[2025-09-08T02:32:07.487+0000] {subprocess.py:93} INFO - ✅ LINKUSDT: thêm 1 dòng mới
[2025-09-08T02:32:07.487+0000] {subprocess.py:93} INFO - 17/100 LINKUSDT lưu OK
[2025-09-08T02:32:07.487+0000] {subprocess.py:93} INFO - ✅ PENGUUSDT: thêm 1 dòng mới
[2025-09-08T02:32:07.487+0000] {subprocess.py:93} INFO - 18/100 PENGUUSDT lưu OK
[2025-09-08T02:32:07.488+0000] {subprocess.py:93} INFO - ✅ PEPEUSDT: thêm 1 dòng mới
[2025-09-08T02:32:07.488+0000] {subprocess.py:93} INFO - 19/100 PEPEUSDT lưu OK
[2025-09-08T02:32:07.488+0000] {subprocess.py:93} INFO - ✅ WLDUSDT: thêm 1 dòng mới
[2025-09-08T02:32:07.488+0000] {subprocess.py:93} INFO - 20/100 WLDUSDT lưu OK
[2025-09-08T02:32:07.488+0000] {subprocess.py:93} INFO - 21/100 GPSUSDT lỗi: relation "cryptocurrency.gpsusdt" does not exist
[2025-09-08T02:32:07.488+0000] {subprocess.py:93} INFO - LINE 1: SELECT MAX(time) FROM cryptocurrency.gpsusdt;
[2025-09-08T02:32:07.489+0000] {subprocess.py:93} INFO -                               ^
[2025-09-08T02:32:07.489+0000] {subprocess.py:93} INFO - 
[2025-09-08T02:32:07.489+0000] {subprocess.py:93} INFO - 22/100 DOLOUSDT lỗi: relation "cryptocurrency.dolousdt" does not exist
[2025-09-08T02:32:07.489+0000] {subprocess.py:93} INFO - LINE 1: SELECT MAX(time) FROM cryptocurrency.dolousdt;
[2025-09-08T02:32:07.489+0000] {subprocess.py:93} INFO -                               ^
[2025-09-08T02:32:07.489+0000] {subprocess.py:93} INFO - 
[2025-09-08T02:32:07.490+0000] {subprocess.py:93} INFO - ✅ DOTUSDT: thêm 1 dòng mới
[2025-09-08T02:32:07.490+0000] {subprocess.py:93} INFO - 23/100 DOTUSDT lưu OK
[2025-09-08T02:32:07.490+0000] {subprocess.py:93} INFO - ✅ AVAXUSDT: thêm 1 dòng mới
[2025-09-08T02:32:07.490+0000] {subprocess.py:93} INFO - 24/100 AVAXUSDT lưu OK
[2025-09-08T02:32:07.490+0000] {subprocess.py:93} INFO - 25/100 PYTHUSDT lỗi: relation "cryptocurrency.pythusdt" does not exist
[2025-09-08T02:32:07.490+0000] {subprocess.py:93} INFO - LINE 1: SELECT MAX(time) FROM cryptocurrency.pythusdt;
[2025-09-08T02:32:07.491+0000] {subprocess.py:93} INFO -                               ^
[2025-09-08T02:32:07.491+0000] {subprocess.py:93} INFO - 
[2025-09-08T02:32:07.491+0000] {subprocess.py:93} INFO - ✅ SEIUSDT: thêm 1 dòng mới
[2025-09-08T02:32:07.491+0000] {subprocess.py:93} INFO - 26/100 SEIUSDT lưu OK
[2025-09-08T02:32:07.491+0000] {subprocess.py:93} INFO - ✅ LTCUSDT: thêm 1 dòng mới
[2025-09-08T02:32:07.491+0000] {subprocess.py:93} INFO - 27/100 LTCUSDT lưu OK
[2025-09-08T02:32:07.492+0000] {subprocess.py:93} INFO - ✅ ARBUSDT: thêm 1 dòng mới
[2025-09-08T02:32:07.492+0000] {subprocess.py:93} INFO - 28/100 BIOUSDT lỗi: relation "cryptocurrency.biousdt" does not exist
[2025-09-08T02:32:07.492+0000] {subprocess.py:93} INFO - LINE 1: SELECT MAX(time) FROM cryptocurrency.biousdt;
[2025-09-08T02:32:07.492+0000] {subprocess.py:93} INFO -                               ^
[2025-09-08T02:32:07.492+0000] {subprocess.py:93} INFO - 
[2025-09-08T02:32:07.493+0000] {subprocess.py:93} INFO - 29/100 ARBUSDT lưu OK
[2025-09-08T02:32:07.493+0000] {subprocess.py:93} INFO - ✅ BONKUSDT: thêm 1 dòng mới
[2025-09-08T02:32:07.493+0000] {subprocess.py:93} INFO - 30/100 BONKUSDT lưu OK
[2025-09-08T02:32:07.493+0000] {subprocess.py:93} INFO - ✅ TOWNSUSDT: thêm 1 dòng mới
[2025-09-08T02:32:07.493+0000] {subprocess.py:93} INFO - 31/100 TOWNSUSDT lưu OK
[2025-09-08T02:32:07.493+0000] {subprocess.py:93} INFO - 32/100 CUSDT lỗi: relation "cryptocurrency.cusdt" does not exist
[2025-09-08T02:32:07.494+0000] {subprocess.py:93} INFO - LINE 1: SELECT MAX(time) FROM cryptocurrency.cusdt;
[2025-09-08T02:32:07.494+0000] {subprocess.py:93} INFO -                               ^
[2025-09-08T02:32:07.494+0000] {subprocess.py:93} INFO - 
[2025-09-08T02:32:07.494+0000] {subprocess.py:93} INFO - 33/100 MITOUSDT lỗi: relation "cryptocurrency.mitousdt" does not exist
[2025-09-08T02:32:07.494+0000] {subprocess.py:93} INFO - LINE 1: SELECT MAX(time) FROM cryptocurrency.mitousdt;
[2025-09-08T02:32:07.495+0000] {subprocess.py:93} INFO -                               ^
[2025-09-08T02:32:07.495+0000] {subprocess.py:93} INFO - 
[2025-09-08T02:32:07.495+0000] {subprocess.py:93} INFO - ✅ TRUMPUSDT: thêm 1 dòng mới
[2025-09-08T02:32:07.495+0000] {subprocess.py:93} INFO - 34/100 TRUMPUSDT lưu OK
[2025-09-08T02:32:07.495+0000] {subprocess.py:93} INFO - 35/100 PLUMEUSDT lỗi: relation "cryptocurrency.plumeusdt" does not exist
[2025-09-08T02:32:07.495+0000] {subprocess.py:93} INFO - LINE 1: SELECT MAX(time) FROM cryptocurrency.plumeusdt;
[2025-09-08T02:32:07.496+0000] {subprocess.py:93} INFO -                               ^
[2025-09-08T02:32:07.496+0000] {subprocess.py:93} INFO - 
[2025-09-08T02:32:07.496+0000] {subprocess.py:93} INFO - ✅ XLMUSDT: thêm 1 dòng mới
[2025-09-08T02:32:07.496+0000] {subprocess.py:93} INFO - 36/100 XLMUSDT lưu OK
[2025-09-08T02:32:07.496+0000] {subprocess.py:93} INFO - ✅ EIGENUSDT: thêm 1 dòng mới
[2025-09-08T02:32:07.496+0000] {subprocess.py:93} INFO - 37/100 EIGENUSDT lưu OK
[2025-09-08T02:32:07.497+0000] {subprocess.py:93} INFO - ✅ AAVEUSDT: thêm 1 dòng mới
[2025-09-08T02:32:07.497+0000] {subprocess.py:93} INFO - ✅ HBARUSDT: thêm 1 dòng mới
[2025-09-08T02:32:07.497+0000] {subprocess.py:93} INFO - ✅ FILUSDT: thêm 1 dòng mới
[2025-09-08T02:32:07.497+0000] {subprocess.py:93} INFO - 38/100 AAVEUSDT lưu OK
[2025-09-08T02:32:07.497+0000] {subprocess.py:93} INFO - 39/100 HBARUSDT lưu OK
[2025-09-08T02:32:07.497+0000] {subprocess.py:93} INFO - 40/100 FILUSDT lưu OK
[2025-09-08T02:32:07.498+0000] {subprocess.py:93} INFO - ✅ ASRUSDT: thêm 1 dòng mới
[2025-09-08T02:32:07.498+0000] {subprocess.py:93} INFO - 41/100 ASRUSDT lưu OK
[2025-09-08T02:32:07.498+0000] {subprocess.py:93} INFO - 42/100 PAXGUSDT lỗi: relation "cryptocurrency.paxgusdt" does not exist
[2025-09-08T02:32:07.498+0000] {subprocess.py:93} INFO - LINE 1: SELECT MAX(time) FROM cryptocurrency.paxgusdt;
[2025-09-08T02:32:07.498+0000] {subprocess.py:93} INFO -                               ^
[2025-09-08T02:32:07.499+0000] {subprocess.py:93} INFO - 
[2025-09-08T02:32:07.499+0000] {subprocess.py:93} INFO - ✅ NEARUSDT: thêm 1 dòng mới
[2025-09-08T02:32:07.499+0000] {subprocess.py:93} INFO - 43/100 NEARUSDT lưu OK
[2025-09-08T02:32:07.499+0000] {subprocess.py:93} INFO - 44/100 BMTUSDT lỗi: relation "cryptocurrency.bmtusdt" does not exist
[2025-09-08T02:32:07.499+0000] {subprocess.py:93} INFO - LINE 1: SELECT MAX(time) FROM cryptocurrency.bmtusdt;
[2025-09-08T02:32:07.500+0000] {subprocess.py:93} INFO -                               ^
[2025-09-08T02:32:07.500+0000] {subprocess.py:93} INFO - 
[2025-09-08T02:32:07.500+0000] {subprocess.py:93} INFO - ✅ MAVUSDT: thêm 1 dòng mới
[2025-09-08T02:32:07.500+0000] {subprocess.py:93} INFO - 45/100 MAVUSDT lưu OK
[2025-09-08T02:32:07.500+0000] {subprocess.py:93} INFO - ✅ BCHUSDT: thêm 1 dòng mới
[2025-09-08T02:32:07.501+0000] {subprocess.py:93} INFO - 46/100 BCHUSDT lưu OK
[2025-09-08T02:32:07.501+0000] {subprocess.py:93} INFO - 47/100 BBUSDT lỗi: relation "cryptocurrency.bbusdt" does not exist
[2025-09-08T02:32:07.501+0000] {subprocess.py:93} INFO - LINE 1: SELECT MAX(time) FROM cryptocurrency.bbusdt;
[2025-09-08T02:32:07.501+0000] {subprocess.py:93} INFO -                               ^
[2025-09-08T02:32:07.501+0000] {subprocess.py:93} INFO - 
[2025-09-08T02:32:07.501+0000] {subprocess.py:93} INFO - 48/100 TREEUSDT lỗi: relation "cryptocurrency.treeusdt" does not exist
[2025-09-08T02:32:07.502+0000] {subprocess.py:93} INFO - LINE 1: SELECT MAX(time) FROM cryptocurrency.treeusdt;
[2025-09-08T02:32:07.502+0000] {subprocess.py:93} INFO -                               ^
[2025-09-08T02:32:07.502+0000] {subprocess.py:93} INFO - 
[2025-09-08T02:32:07.502+0000] {subprocess.py:93} INFO - ✅ WIFUSDT: thêm 1 dòng mới
[2025-09-08T02:32:07.502+0000] {subprocess.py:93} INFO - 49/100 WIFUSDT lưu OK
[2025-09-08T02:32:07.503+0000] {subprocess.py:93} INFO - ✅ UNIUSDT: thêm 1 dòng mới
[2025-09-08T02:32:07.503+0000] {subprocess.py:93} INFO - ✅ ONDOUSDT: thêm 1 dòng mới
[2025-09-08T02:32:07.503+0000] {subprocess.py:93} INFO - 50/100 UNIUSDT lưu OK
[2025-09-08T02:32:07.503+0000] {subprocess.py:93} INFO - 51/100 ONDOUSDT lưu OK
[2025-09-08T02:32:07.503+0000] {subprocess.py:93} INFO - ✅ TAOUSDT: thêm 1 dòng mới
[2025-09-08T02:32:07.503+0000] {subprocess.py:93} INFO - 52/100 TAOUSDT lưu OK
[2025-09-08T02:32:07.504+0000] {subprocess.py:93} INFO - ✅ SPKUSDT: thêm 1 dòng mới
[2025-09-08T02:32:07.504+0000] {subprocess.py:93} INFO - 53/100 SPKUSDT lưu OK
[2025-09-08T02:32:07.504+0000] {subprocess.py:93} INFO - ✅ LDOUSDT: thêm 1 dòng mới
[2025-09-08T02:32:07.504+0000] {subprocess.py:93} INFO - 54/100 LDOUSDT lưu OK
[2025-09-08T02:32:07.504+0000] {subprocess.py:93} INFO - 55/100 MEMEUSDT lỗi: relation "cryptocurrency.memeusdt" does not exist
[2025-09-08T02:32:07.505+0000] {subprocess.py:93} INFO - LINE 1: SELECT MAX(time) FROM cryptocurrency.memeusdt;
[2025-09-08T02:32:07.505+0000] {subprocess.py:93} INFO -                               ^
[2025-09-08T02:32:07.505+0000] {subprocess.py:93} INFO - 
[2025-09-08T02:32:07.505+0000] {subprocess.py:93} INFO - ✅ TIAUSDT: thêm 1 dòng mới
[2025-09-08T02:32:07.505+0000] {subprocess.py:93} INFO - 56/100 TIAUSDT lưu OK
[2025-09-08T02:32:07.506+0000] {subprocess.py:93} INFO - ✅ OGUSDT: thêm 1 dòng mới
[2025-09-08T02:32:07.506+0000] {subprocess.py:93} INFO - 57/100 OGUSDT lưu OK
[2025-09-08T02:32:07.506+0000] {subprocess.py:93} INFO - ✅ POLUSDT: thêm 1 dòng mới
[2025-09-08T02:32:07.506+0000] {subprocess.py:93} INFO - 58/100 POLUSDT lưu OK
[2025-09-08T02:32:07.506+0000] {subprocess.py:93} INFO - 59/100 FORMUSDT lỗi: relation "cryptocurrency.formusdt" does not exist
[2025-09-08T02:32:07.506+0000] {subprocess.py:93} INFO - LINE 1: SELECT MAX(time) FROM cryptocurrency.formusdt;
[2025-09-08T02:32:07.507+0000] {subprocess.py:93} INFO -                               ^
[2025-09-08T02:32:07.507+0000] {subprocess.py:93} INFO - 
[2025-09-08T02:32:07.507+0000] {subprocess.py:93} INFO - 60/100 1MBABYDOGEUSDT lỗi: trailing junk after numeric literal at or near ".1m"
[2025-09-08T02:32:07.507+0000] {subprocess.py:93} INFO - LINE 1: SELECT MAX(time) FROM cryptocurrency.1mbabydogeusdt;
[2025-09-08T02:32:07.507+0000] {subprocess.py:93} INFO -                                             ^
[2025-09-08T02:32:07.507+0000] {subprocess.py:93} INFO - 
[2025-09-08T02:32:07.508+0000] {subprocess.py:93} INFO - ✅ FETUSDT: thêm 1 dòng mới
[2025-09-08T02:32:07.508+0000] {subprocess.py:93} INFO - 61/100 FETUSDT lưu OK
[2025-09-08T02:32:07.508+0000] {subprocess.py:93} INFO - ✅ SYRUPUSDT: thêm 1 dòng mới
[2025-09-08T02:32:07.508+0000] {subprocess.py:93} INFO - 62/100 SYRUPUSDT lưu OK
[2025-09-08T02:32:07.508+0000] {subprocess.py:93} INFO - ✅ CTSIUSDT: thêm 1 dòng mới
[2025-09-08T02:32:07.508+0000] {subprocess.py:93} INFO - 63/100 CTSIUSDT lưu OK
[2025-09-08T02:32:07.509+0000] {subprocess.py:93} INFO - ✅ ETHFIUSDT: thêm 1 dòng mới
[2025-09-08T02:32:07.509+0000] {subprocess.py:93} INFO - 64/100 ETHFIUSDT lưu OK
[2025-09-08T02:32:07.509+0000] {subprocess.py:93} INFO - ✅ SHIBUSDT: thêm 1 dòng mới
[2025-09-08T02:32:07.509+0000] {subprocess.py:93} INFO - 65/100 SHIBUSDT lưu OK
[2025-09-08T02:32:07.509+0000] {subprocess.py:93} INFO - ✅ PROVEUSDT: thêm 1 dòng mới
[2025-09-08T02:32:07.509+0000] {subprocess.py:93} INFO - 66/100 PROVEUSDT lưu OK
[2025-09-08T02:32:07.510+0000] {subprocess.py:93} INFO - ✅ BFUSDUSDT: thêm 1 dòng mới
[2025-09-08T02:32:07.510+0000] {subprocess.py:93} INFO - 67/100 BFUSDUSDT lưu OK
[2025-09-08T02:32:07.510+0000] {subprocess.py:93} INFO - ✅ SUSDT: thêm 1 dòng mới
[2025-09-08T02:32:07.510+0000] {subprocess.py:93} INFO - 68/100 SUSDT lưu OK
[2025-09-08T02:32:07.510+0000] {subprocess.py:93} INFO - ✅ CRVUSDT: thêm 1 dòng mới
[2025-09-08T02:32:07.510+0000] {subprocess.py:93} INFO - 69/100 CRVUSDT lưu OK
[2025-09-08T02:32:07.511+0000] {subprocess.py:93} INFO - ✅ APTUSDT: thêm 1 dòng mới
[2025-09-08T02:32:07.511+0000] {subprocess.py:93} INFO - 70/100 APTUSDT lưu OK
[2025-09-08T02:32:07.512+0000] {subprocess.py:93} INFO - 71/100 USD1USDT lỗi: relation "cryptocurrency.usd1usdt" does not exist
[2025-09-08T02:32:07.513+0000] {subprocess.py:93} INFO - LINE 1: SELECT MAX(time) FROM cryptocurrency.usd1usdt;
[2025-09-08T02:32:07.513+0000] {subprocess.py:93} INFO -                               ^
[2025-09-08T02:32:07.513+0000] {subprocess.py:93} INFO - 
[2025-09-08T02:32:07.514+0000] {subprocess.py:93} INFO - ✅ EURUSDT: thêm 1 dòng mới
[2025-09-08T02:32:07.514+0000] {subprocess.py:93} INFO - 72/100 EURUSDT lưu OK
[2025-09-08T02:32:07.514+0000] {subprocess.py:93} INFO - ✅ GALAUSDT: thêm 1 dòng mới
[2025-09-08T02:32:07.515+0000] {subprocess.py:93} INFO - 73/100 GALAUSDT lưu OK
[2025-09-08T02:32:07.515+0000] {subprocess.py:93} INFO - ✅ API3USDT: thêm 1 dòng mới
[2025-09-08T02:32:07.515+0000] {subprocess.py:93} INFO - 74/100 API3USDT lưu OK
[2025-09-08T02:32:07.516+0000] {subprocess.py:93} INFO - ✅ PNUTUSDT: thêm 1 dòng mới
[2025-09-08T02:32:07.516+0000] {subprocess.py:93} INFO - 75/100 PNUTUSDT lưu OK
[2025-09-08T02:32:07.516+0000] {subprocess.py:93} INFO - 76/100 SOLVUSDT lỗi: relation "cryptocurrency.solvusdt" does not exist
[2025-09-08T02:32:07.517+0000] {subprocess.py:93} INFO - LINE 1: SELECT MAX(time) FROM cryptocurrency.solvusdt;
[2025-09-08T02:32:07.517+0000] {subprocess.py:93} INFO -                               ^
[2025-09-08T02:32:07.518+0000] {subprocess.py:93} INFO - 
[2025-09-08T02:32:07.518+0000] {subprocess.py:93} INFO - ✅ VIRTUALUSDT: thêm 1 dòng mới
[2025-09-08T02:32:07.518+0000] {subprocess.py:93} INFO - 77/100 VIRTUALUSDT lưu OK
[2025-09-08T02:32:07.519+0000] {subprocess.py:93} INFO - ✅ ARKMUSDT: thêm 1 dòng mới
[2025-09-08T02:32:07.519+0000] {subprocess.py:93} INFO - 78/100 ARKMUSDT lưu OK
[2025-09-08T02:32:07.519+0000] {subprocess.py:93} INFO - ✅ NEIROUSDT: thêm 1 dòng mới
[2025-09-08T02:32:07.520+0000] {subprocess.py:93} INFO - ✅ TONUSDT: thêm 1 dòng mới
[2025-09-08T02:32:07.520+0000] {subprocess.py:93} INFO - 79/100 NEIROUSDT lưu OK
[2025-09-08T02:32:07.521+0000] {subprocess.py:93} INFO - 80/100 TONUSDT lưu OK
[2025-09-08T02:32:07.521+0000] {subprocess.py:93} INFO - ✅ ORDIUSDT: thêm 1 dòng mới
[2025-09-08T02:32:07.522+0000] {subprocess.py:93} INFO - 81/100 ORDIUSDT lưu OK
[2025-09-08T02:32:07.522+0000] {subprocess.py:93} INFO - ✅ OPUSDT: thêm 1 dòng mới
[2025-09-08T02:32:07.522+0000] {subprocess.py:93} INFO - 82/100 OPUSDT lưu OK
[2025-09-08T02:32:07.523+0000] {subprocess.py:93} INFO - ✅ FLOKIUSDT: thêm 1 dòng mới
[2025-09-08T02:32:07.523+0000] {subprocess.py:93} INFO - 83/100 FLOKIUSDT lưu OK
[2025-09-08T02:32:07.949+0000] {subprocess.py:93} INFO - 84/100 AIXBTUSDT lỗi: relation "cryptocurrency.aixbtusdt" does not exist
[2025-09-08T02:32:07.950+0000] {subprocess.py:93} INFO - LINE 1: SELECT MAX(time) FROM cryptocurrency.aixbtusdt;
[2025-09-08T02:32:07.950+0000] {subprocess.py:93} INFO -                               ^
[2025-09-08T02:32:07.950+0000] {subprocess.py:93} INFO - 
[2025-09-08T02:32:07.950+0000] {subprocess.py:93} INFO - 85/100 MKRUSDT lỗi: relation "cryptocurrency.mkrusdt" does not exist
[2025-09-08T02:32:07.951+0000] {subprocess.py:93} INFO - LINE 1: SELECT MAX(time) FROM cryptocurrency.mkrusdt;
[2025-09-08T02:32:07.951+0000] {subprocess.py:93} INFO -                               ^
[2025-09-08T02:32:07.951+0000] {subprocess.py:93} INFO - 
[2025-09-08T02:32:07.951+0000] {subprocess.py:93} INFO - 86/100 CYBERUSDT lỗi: relation "cryptocurrency.cyberusdt" does not exist
[2025-09-08T02:32:07.951+0000] {subprocess.py:93} INFO - LINE 1: SELECT MAX(time) FROM cryptocurrency.cyberusdt;
[2025-09-08T02:32:07.952+0000] {subprocess.py:93} INFO -                               ^
[2025-09-08T02:32:07.952+0000] {subprocess.py:93} INFO - 
[2025-09-08T02:32:07.952+0000] {subprocess.py:93} INFO - ✅ RAYUSDT: thêm 1 dòng mới
[2025-09-08T02:32:07.952+0000] {subprocess.py:93} INFO - 87/100 RAYUSDT lưu OK
[2025-09-08T02:32:07.952+0000] {subprocess.py:93} INFO - 88/100 ZECUSDT lỗi: relation "cryptocurrency.zecusdt" does not exist
[2025-09-08T02:32:07.953+0000] {subprocess.py:93} INFO - LINE 1: SELECT MAX(time) FROM cryptocurrency.zecusdt;
[2025-09-08T02:32:07.953+0000] {subprocess.py:93} INFO -                               ^
[2025-09-08T02:32:07.953+0000] {subprocess.py:93} INFO - 
[2025-09-08T02:32:07.953+0000] {subprocess.py:93} INFO - 89/100 HUMAUSDT lỗi: relation "cryptocurrency.humausdt" does not exist
[2025-09-08T02:32:07.954+0000] {subprocess.py:93} INFO - LINE 1: SELECT MAX(time) FROM cryptocurrency.humausdt;
[2025-09-08T02:32:07.954+0000] {subprocess.py:93} INFO -                               ^
[2025-09-08T02:32:07.954+0000] {subprocess.py:93} INFO - 
[2025-09-08T02:32:07.954+0000] {subprocess.py:93} INFO - ✅ OMUSDT: thêm 1 dòng mới
[2025-09-08T02:32:07.954+0000] {subprocess.py:93} INFO - 90/100 VANAUSDT lỗi: relation "cryptocurrency.vanausdt" does not exist
[2025-09-08T02:32:07.955+0000] {subprocess.py:93} INFO - LINE 1: SELECT MAX(time) FROM cryptocurrency.vanausdt;
[2025-09-08T02:32:07.955+0000] {subprocess.py:93} INFO -                               ^
[2025-09-08T02:32:07.955+0000] {subprocess.py:93} INFO - 
[2025-09-08T02:32:07.955+0000] {subprocess.py:93} INFO - 91/100 OMUSDT lưu OK
[2025-09-08T02:32:07.955+0000] {subprocess.py:93} INFO - ✅ PENDLEUSDT: thêm 1 dòng mới
[2025-09-08T02:32:07.955+0000] {subprocess.py:93} INFO - 92/100 PENDLEUSDT lưu OK
[2025-09-08T02:32:07.956+0000] {subprocess.py:93} INFO - 93/100 SHELLUSDT lỗi: relation "cryptocurrency.shellusdt" does not exist
[2025-09-08T02:32:07.956+0000] {subprocess.py:93} INFO - LINE 1: SELECT MAX(time) FROM cryptocurrency.shellusdt;
[2025-09-08T02:32:07.956+0000] {subprocess.py:93} INFO -                               ^
[2025-09-08T02:32:07.956+0000] {subprocess.py:93} INFO - 
[2025-09-08T02:32:07.956+0000] {subprocess.py:93} INFO - ✅ ALPINEUSDT: thêm 1 dòng mới
[2025-09-08T02:32:07.957+0000] {subprocess.py:93} INFO - 94/100 ALPINEUSDT lưu OK
[2025-09-08T02:32:07.957+0000] {subprocess.py:93} INFO - 95/100 ATOMUSDT lỗi: relation "cryptocurrency.atomusdt" does not exist
[2025-09-08T02:32:07.957+0000] {subprocess.py:93} INFO - LINE 1: SELECT MAX(time) FROM cryptocurrency.atomusdt;
[2025-09-08T02:32:07.957+0000] {subprocess.py:93} INFO -                               ^
[2025-09-08T02:32:07.957+0000] {subprocess.py:93} INFO - 
[2025-09-08T02:32:07.957+0000] {subprocess.py:93} INFO - ✅ CFXUSDT: thêm 1 dòng mới
[2025-09-08T02:32:07.958+0000] {subprocess.py:93} INFO - 96/100 CFXUSDT lưu OK
[2025-09-08T02:32:07.958+0000] {subprocess.py:93} INFO - ✅ INJUSDT: thêm 1 dòng mới
[2025-09-08T02:32:07.958+0000] {subprocess.py:93} INFO - 97/100 INJUSDT lưu OK
[2025-09-08T02:32:07.958+0000] {subprocess.py:93} INFO - 98/100 PARTIUSDT lỗi: relation "cryptocurrency.partiusdt" does not exist
[2025-09-08T02:32:07.958+0000] {subprocess.py:93} INFO - LINE 1: SELECT MAX(time) FROM cryptocurrency.partiusdt;
[2025-09-08T02:32:07.959+0000] {subprocess.py:93} INFO -                               ^
[2025-09-08T02:32:07.959+0000] {subprocess.py:93} INFO - 
[2025-09-08T02:32:07.959+0000] {subprocess.py:93} INFO - ✅ ETCUSDT: thêm 1 dòng mới
[2025-09-08T02:32:07.959+0000] {subprocess.py:93} INFO - 99/100 ETCUSDT lưu OK
[2025-09-08T02:32:07.959+0000] {subprocess.py:93} INFO - ✅ ICPUSDT: thêm 1 dòng mới
[2025-09-08T02:32:07.959+0000] {subprocess.py:93} INFO - 100/100 ICPUSDT lưu OK
[2025-09-08T02:32:08.088+0000] {subprocess.py:97} INFO - Command exited with return code 0
[2025-09-08T02:32:08.089+0000] {taskinstance.py:441} INFO - ::group::Post task execution logs
[2025-09-08T02:32:08.117+0000] {taskinstance.py:1206} INFO - Marking task as SUCCESS. dag_id=crypto_collector_dag, task_id=run_crypto_collector, run_id=scheduled__2025-09-08T02:31:00+00:00, execution_date=20250908T023100, start_date=20250908T023201, end_date=20250908T023208
[2025-09-08T02:32:08.144+0000] {local_task_job_runner.py:240} INFO - Task exited with return code 0
[2025-09-08T02:32:08.169+0000] {taskinstance.py:3503} INFO - 0 downstream tasks scheduled from follow-on schedule check
[2025-09-08T02:32:08.170+0000] {local_task_job_runner.py:222} INFO - ::endgroup::
