[2025-09-01T10:25:54.539+0000] {local_task_job_runner.py:120} INFO - ::group::Pre task execution logs
[2025-09-01T10:25:54.575+0000] {taskinstance.py:2076} INFO - Dependencies all met for dep_context=non-requeueable deps ti=<TaskInstance: market_table_foreign.activity_HNX scheduled__2025-08-31T17:03:00+00:00 [queued]>
[2025-09-01T10:25:54.588+0000] {taskinstance.py:2076} INFO - Dependencies all met for dep_context=requeueable deps ti=<TaskInstance: market_table_foreign.activity_HNX scheduled__2025-08-31T17:03:00+00:00 [queued]>
[2025-09-01T10:25:54.589+0000] {taskinstance.py:2306} INFO - Starting attempt 1 of 11
[2025-09-01T10:25:54.609+0000] {taskinstance.py:2330} INFO - Executing <Task(PythonOperator): activity_HNX> on 2025-08-31 17:03:00+00:00
[2025-09-01T10:25:54.619+0000] {standard_task_runner.py:63} INFO - Started process 2317755 to run task
[2025-09-01T10:25:54.623+0000] {standard_task_runner.py:90} INFO - Running: ['***', 'tasks', 'run', 'market_table_foreign', 'activity_HNX', 'scheduled__2025-08-31T17:03:00+00:00', '--job-id', '42080', '--raw', '--subdir', 'DAGS_FOLDER/dag_market_live.py', '--cfg-path', '/tmp/tmpzlt47ek4']
[2025-09-01T10:25:54.626+0000] {standard_task_runner.py:91} INFO - Job 42080: Subtask activity_HNX
[2025-09-01T10:25:54.690+0000] {task_command.py:426} INFO - Running <TaskInstance: market_table_foreign.activity_HNX scheduled__2025-08-31T17:03:00+00:00 [running]> on host 1877907bc043
[2025-09-01T10:25:54.831+0000] {taskinstance.py:2648} INFO - Exporting env vars: AIRFLOW_CTX_DAG_OWNER='***' AIRFLOW_CTX_DAG_ID='market_table_foreign' AIRFLOW_CTX_TASK_ID='activity_HNX' AIRFLOW_CTX_EXECUTION_DATE='2025-08-31T17:03:00+00:00' AIRFLOW_CTX_TRY_NUMBER='1' AIRFLOW_CTX_DAG_RUN_ID='scheduled__2025-08-31T17:03:00+00:00'
[2025-09-01T10:25:54.833+0000] {taskinstance.py:430} INFO - ::endgroup::
[2025-09-01T10:25:54.851+0000] {activity_HNX.py:17} INFO - Kết nối DB
[2025-09-01T10:25:55.083+0000] {activity_HNX.py:55} ERROR - Lỗi lưu activity_HNX
Traceback (most recent call last):
  File "/opt/airflow/dags/utils/market_data/activity_HNX.py", line 35, in activity_HNX
    point=float(dfindex.loc[dfindex['symbol']=='HNXIndex','point'].values[0])
IndexError: index 0 is out of bounds for axis 0 with size 0
[2025-09-01T10:25:55.085+0000] {python.py:237} INFO - Done. Returned value was: None
[2025-09-01T10:25:55.086+0000] {taskinstance.py:441} INFO - ::group::Post task execution logs
[2025-09-01T10:25:55.101+0000] {taskinstance.py:1206} INFO - Marking task as SUCCESS. dag_id=market_table_foreign, task_id=activity_HNX, run_id=scheduled__2025-08-31T17:03:00+00:00, execution_date=20250831T170300, start_date=20250901T102554, end_date=20250901T102555
[2025-09-01T10:25:55.158+0000] {local_task_job_runner.py:240} INFO - Task exited with return code 0
[2025-09-01T10:25:55.186+0000] {taskinstance.py:3498} INFO - 0 downstream tasks scheduled from follow-on schedule check
[2025-09-01T10:25:55.187+0000] {local_task_job_runner.py:222} INFO - ::endgroup::
[2025-09-01T10:27:01.029+0000] {local_task_job_runner.py:120} INFO - ::group::Pre task execution logs
[2025-09-01T10:27:01.059+0000] {taskinstance.py:2076} INFO - Dependencies all met for dep_context=non-requeueable deps ti=<TaskInstance: market_table_foreign.activity_HNX scheduled__2025-08-31T17:03:00+00:00 [queued]>
[2025-09-01T10:27:01.069+0000] {taskinstance.py:2076} INFO - Dependencies all met for dep_context=requeueable deps ti=<TaskInstance: market_table_foreign.activity_HNX scheduled__2025-08-31T17:03:00+00:00 [queued]>
[2025-09-01T10:27:01.070+0000] {taskinstance.py:2306} INFO - Starting attempt 1 of 11
[2025-09-01T10:27:01.083+0000] {taskinstance.py:2330} INFO - Executing <Task(PythonOperator): activity_HNX> on 2025-08-31 17:03:00+00:00
[2025-09-01T10:27:01.091+0000] {standard_task_runner.py:63} INFO - Started process 2318559 to run task
[2025-09-01T10:27:01.095+0000] {standard_task_runner.py:90} INFO - Running: ['***', 'tasks', 'run', 'market_table_foreign', 'activity_HNX', 'scheduled__2025-08-31T17:03:00+00:00', '--job-id', '42313', '--raw', '--subdir', 'DAGS_FOLDER/dag_market_live.py', '--cfg-path', '/tmp/tmpwogd4uhc']
[2025-09-01T10:27:01.098+0000] {standard_task_runner.py:91} INFO - Job 42313: Subtask activity_HNX
[2025-09-01T10:27:01.148+0000] {task_command.py:426} INFO - Running <TaskInstance: market_table_foreign.activity_HNX scheduled__2025-08-31T17:03:00+00:00 [running]> on host 1877907bc043
[2025-09-01T10:27:01.242+0000] {taskinstance.py:2648} INFO - Exporting env vars: AIRFLOW_CTX_DAG_OWNER='***' AIRFLOW_CTX_DAG_ID='market_table_foreign' AIRFLOW_CTX_TASK_ID='activity_HNX' AIRFLOW_CTX_EXECUTION_DATE='2025-08-31T17:03:00+00:00' AIRFLOW_CTX_TRY_NUMBER='1' AIRFLOW_CTX_DAG_RUN_ID='scheduled__2025-08-31T17:03:00+00:00'
[2025-09-01T10:27:01.243+0000] {taskinstance.py:430} INFO - ::endgroup::
[2025-09-01T10:27:01.257+0000] {activity_HNX.py:17} INFO - Kết nối DB
[2025-09-01T10:27:01.598+0000] {activity_HNX.py:55} ERROR - Lỗi lưu activity_HNX
Traceback (most recent call last):
  File "/opt/airflow/dags/utils/market_data/activity_HNX.py", line 35, in activity_HNX
    point=float(dfindex.loc[dfindex['symbol']=='HNXIndex','point'].values[0])
IndexError: index 0 is out of bounds for axis 0 with size 0
[2025-09-01T10:27:01.599+0000] {python.py:237} INFO - Done. Returned value was: None
[2025-09-01T10:27:01.600+0000] {taskinstance.py:441} INFO - ::group::Post task execution logs
[2025-09-01T10:27:01.611+0000] {taskinstance.py:1206} INFO - Marking task as SUCCESS. dag_id=market_table_foreign, task_id=activity_HNX, run_id=scheduled__2025-08-31T17:03:00+00:00, execution_date=20250831T170300, start_date=20250901T102701, end_date=20250901T102701
[2025-09-01T10:27:01.668+0000] {local_task_job_runner.py:240} INFO - Task exited with return code 0
[2025-09-01T10:27:01.691+0000] {taskinstance.py:3498} INFO - 0 downstream tasks scheduled from follow-on schedule check
[2025-09-01T10:27:01.691+0000] {local_task_job_runner.py:222} INFO - ::endgroup::
