[2025-08-17T08:34:40.821+0000] {local_task_job_runner.py:120} INFO - ::group::Pre task execution logs
[2025-08-17T08:34:40.851+0000] {taskinstance.py:2076} INFO - Dependencies all met for dep_context=non-requeueable deps ti=<TaskInstance: crypto_collector_dag.run_crypto_collector scheduled__2025-08-17T08:33:00+00:00 [queued]>
[2025-08-17T08:34:40.862+0000] {taskinstance.py:2076} INFO - Dependencies all met for dep_context=requeueable deps ti=<TaskInstance: crypto_collector_dag.run_crypto_collector scheduled__2025-08-17T08:33:00+00:00 [queued]>
[2025-08-17T08:34:40.862+0000] {taskinstance.py:2306} INFO - Starting attempt 1 of 2
[2025-08-17T08:34:40.875+0000] {taskinstance.py:2330} INFO - Executing <Task(BashOperator): run_crypto_collector> on 2025-08-17 08:33:00+00:00
[2025-08-17T08:34:40.880+0000] {standard_task_runner.py:63} INFO - Started process 46212 to run task
[2025-08-17T08:34:40.884+0000] {standard_task_runner.py:90} INFO - Running: ['***', 'tasks', 'run', 'crypto_collector_dag', 'run_crypto_collector', 'scheduled__2025-08-17T08:33:00+00:00', '--job-id', '7395', '--raw', '--subdir', 'DAGS_FOLDER/crawl_crypto/dags_crypto.py', '--cfg-path', '/tmp/tmpv883696p']
[2025-08-17T08:34:40.886+0000] {standard_task_runner.py:91} INFO - Job 7395: Subtask run_crypto_collector
[2025-08-17T08:34:40.942+0000] {task_command.py:426} INFO - Running <TaskInstance: crypto_collector_dag.run_crypto_collector scheduled__2025-08-17T08:33:00+00:00 [running]> on host 1877907bc043
[2025-08-17T08:34:41.044+0000] {taskinstance.py:2648} INFO - Exporting env vars: AIRFLOW_CTX_DAG_OWNER='***' AIRFLOW_CTX_DAG_ID='crypto_collector_dag' AIRFLOW_CTX_TASK_ID='run_crypto_collector' AIRFLOW_CTX_EXECUTION_DATE='2025-08-17T08:33:00+00:00' AIRFLOW_CTX_TRY_NUMBER='1' AIRFLOW_CTX_DAG_RUN_ID='scheduled__2025-08-17T08:33:00+00:00'
[2025-08-17T08:34:41.045+0000] {taskinstance.py:430} INFO - ::endgroup::
[2025-08-17T08:34:41.059+0000] {subprocess.py:63} INFO - Tmp dir root location: /tmp
[2025-08-17T08:34:41.060+0000] {subprocess.py:75} INFO - Running command: ['/usr/bin/bash', '-c', 'python3 /opt/***/dags/crawl_crypto/crawl_data_crypto.py']
[2025-08-17T08:34:41.072+0000] {subprocess.py:86} INFO - Output:
[2025-08-17T08:35:22.042+0000] {subprocess.py:93} INFO - 🔹 Kết nối DB...
[2025-08-17T08:35:22.043+0000] {subprocess.py:93} INFO - 🔹 Lấy top 100 crypto...
[2025-08-17T08:35:22.043+0000] {subprocess.py:93} INFO - Top 100: ['ETHUSDT', 'USDCUSDT', 'BTCUSDT', 'SOLUSDT', 'ADAUSDT', 'DOGEUSDT', 'XRPUSDT', 'LINKUSDT', 'FDUSDUSDT', 'TRXUSDT', 'PROVEUSDT', 'BNBUSDT', 'ENAUSDT', 'SUIUSDT', 'CTSIUSDT', 'ARBUSDT', 'PEPEUSDT', 'UNIUSDT', 'LTCUSDT', 'AVAXUSDT', 'ALPINEUSDT', 'PENGUUSDT', 'TSTUSDT', 'SKLUSDT', 'HBARUSDT', 'SEIUSDT', 'API3USDT', 'TRUMPUSDT', 'AAVEUSDT', 'SUSDT', 'LDOUSDT', 'WLDUSDT', 'BFUSDUSDT', 'EPICUSDT', 'NEARUSDT', 'CRVUSDT', 'BONKUSDT', 'OGUSDT', 'CHRUSDT', 'WIFUSDT', 'BERAUSDT', 'MAVUSDT', 'APTUSDT', 'OGNUSDT', 'RAYUSDT', 'LRCUSDT', 'TOWNSUSDT', 'XLMUSDT', 'OPUSDT', 'LPTUSDT', 'FLOKIUSDT', 'DOTUSDT', 'TONUSDT', 'PORTOUSDT', 'CYBERUSDT', 'GALAUSDT', 'CELRUSDT', 'ONDOUSDT', 'BCHUSDT', 'PONDUSDT', 'LAUSDT', 'TIAUSDT', 'LUNCUSDT', 'BATUSDT', 'ETHFIUSDT', 'TAOUSDT', 'MOVRUSDT', 'EIGENUSDT', 'BANDUSDT', 'INJUSDT', 'FILUSDT', 'NEIROUSDT', 'BBUSDT', 'ETCUSDT', 'RENDERUSDT', 'ALGOUSDT', 'POLUSDT', 'PENDLEUSDT', 'ASRUSDT', 'SYRUPUSDT', 'SHIBUSDT', 'VIRTUALUSDT', 'ERAUSDT', 'SPKUSDT', 'MDTUSDT', 'CAKEUSDT', 'PNUTUSDT', 'ICPUSDT', 'XUSDUSDT', 'CFXUSDT', 'STRKUSDT', 'EURUSDT', 'BIOUSDT', 'NMRUSDT', 'ARKMUSDT', 'TREEUSDT', 'FETUSDT', 'LAZIOUSDT', 'JUVUSDT', 'ENSUSDT']
[2025-08-17T08:35:22.043+0000] {subprocess.py:93} INFO - 🔹 Lưu lịch sử giá vào DB bằng threading...
[2025-08-17T08:35:22.043+0000] {subprocess.py:93} INFO - ⏩ DOGEUSDT: không có dữ liệu mới, skip.
[2025-08-17T08:35:22.044+0000] {subprocess.py:93} INFO - 1/100 DOGEUSDT lưu OK
[2025-08-17T08:35:22.044+0000] {subprocess.py:93} INFO - ✅ ADAUSDT: thêm 1 dòng mới
[2025-08-17T08:35:22.044+0000] {subprocess.py:93} INFO - 2/100 ADAUSDT lưu OK
[2025-08-17T08:35:22.044+0000] {subprocess.py:93} INFO - ⏩ BTCUSDT: không có dữ liệu mới, skip.
[2025-08-17T08:35:22.045+0000] {subprocess.py:93} INFO - ⏩ XRPUSDT: không có dữ liệu mới, skip.
[2025-08-17T08:35:22.045+0000] {subprocess.py:93} INFO - 3/100 BTCUSDT lưu OK
[2025-08-17T08:35:22.045+0000] {subprocess.py:93} INFO - 4/100 XRPUSDT lưu OK
[2025-08-17T08:35:22.045+0000] {subprocess.py:93} INFO - ✅ ETHUSDT: thêm 1 dòng mới
[2025-08-17T08:35:22.046+0000] {subprocess.py:93} INFO - ⏩ TRXUSDT: không có dữ liệu mới, skip.
[2025-08-17T08:35:22.046+0000] {subprocess.py:93} INFO - 5/100 ETHUSDT lưu OK
[2025-08-17T08:35:22.046+0000] {subprocess.py:93} INFO - 6/100 TRXUSDT lưu OK
[2025-08-17T08:35:22.046+0000] {subprocess.py:93} INFO - ⏩ FDUSDUSDT: không có dữ liệu mới, skip.
[2025-08-17T08:35:22.047+0000] {subprocess.py:93} INFO - 7/100 FDUSDUSDT lưu OK
[2025-08-17T08:35:22.047+0000] {subprocess.py:93} INFO - ⏩ SOLUSDT: không có dữ liệu mới, skip.
[2025-08-17T08:35:22.047+0000] {subprocess.py:93} INFO - 8/100 SOLUSDT lưu OK
[2025-08-17T08:35:22.047+0000] {subprocess.py:93} INFO - ⏩ USDCUSDT: không có dữ liệu mới, skip.
[2025-08-17T08:35:22.047+0000] {subprocess.py:93} INFO - 9/100 USDCUSDT lưu OK
[2025-08-17T08:35:22.048+0000] {subprocess.py:93} INFO - ⏩ LINKUSDT: không có dữ liệu mới, skip.
[2025-08-17T08:35:22.048+0000] {subprocess.py:93} INFO - 10/100 LINKUSDT lưu OK
[2025-08-17T08:35:22.048+0000] {subprocess.py:93} INFO - ✅ PROVEUSDT: thêm 1 dòng mới
[2025-08-17T08:35:22.048+0000] {subprocess.py:93} INFO - 11/100 PROVEUSDT lưu OK
[2025-08-17T08:35:22.049+0000] {subprocess.py:93} INFO - ✅ CTSIUSDT: thêm 1 dòng mới
[2025-08-17T08:35:22.049+0000] {subprocess.py:93} INFO - 12/100 CTSIUSDT lưu OK
[2025-08-17T08:35:22.049+0000] {subprocess.py:93} INFO - ⏩ PENGUUSDT: không có dữ liệu mới, skip.
[2025-08-17T08:35:22.049+0000] {subprocess.py:93} INFO - 13/100 PENGUUSDT lưu OK
[2025-08-17T08:35:22.049+0000] {subprocess.py:93} INFO - ⏩ TSTUSDT: không có dữ liệu mới, skip.
[2025-08-17T08:35:22.050+0000] {subprocess.py:93} INFO - 14/100 TSTUSDT lưu OK
[2025-08-17T08:35:22.050+0000] {subprocess.py:93} INFO - ⏩ SKLUSDT: không có dữ liệu mới, skip.
[2025-08-17T08:35:22.050+0000] {subprocess.py:93} INFO - 15/100 SKLUSDT lưu OK
[2025-08-17T08:35:22.050+0000] {subprocess.py:93} INFO - ⏩ HBARUSDT: không có dữ liệu mới, skip.
[2025-08-17T08:35:22.050+0000] {subprocess.py:93} INFO - 16/100 HBARUSDT lưu OK
[2025-08-17T08:35:22.051+0000] {subprocess.py:93} INFO - ⏩ SEIUSDT: không có dữ liệu mới, skip.
[2025-08-17T08:35:22.051+0000] {subprocess.py:93} INFO - 17/100 SEIUSDT lưu OK
[2025-08-17T08:35:22.051+0000] {subprocess.py:93} INFO - ⚠️ ARBUSDT lỗi lần 1/3: HTTPSConnectionPool(host='api.binance.com', port=443): Max retries exceeded with url: /api/v3/klines?symbol=ARBUSDT&interval=1m&limit=100 (Caused by ConnectTimeoutError(<urllib3.connection.HTTPSConnection object at 0x7f68b557d840>, 'Connection to api.binance.com timed out. (connect timeout=15)'))
[2025-08-17T08:35:22.051+0000] {subprocess.py:93} INFO - ⚠️ LTCUSDT lỗi lần 1/3: HTTPSConnectionPool(host='api.binance.com', port=443): Max retries exceeded with url: /api/v3/klines?symbol=LTCUSDT&interval=1m&limit=100 (Caused by ConnectTimeoutError(<urllib3.connection.HTTPSConnection object at 0x7f68b557c880>, 'Connection to api.binance.com timed out. (connect timeout=15)'))
[2025-08-17T08:35:22.051+0000] {subprocess.py:93} INFO - ⚠️ UNIUSDT lỗi lần 1/3: HTTPSConnectionPool(host='api.binance.com', port=443): Max retries exceeded with url: /api/v3/klines?symbol=UNIUSDT&interval=1m&limit=100 (Caused by ConnectTimeoutError(<urllib3.connection.HTTPSConnection object at 0x7f68b557cb80>, 'Connection to api.binance.com timed out. (connect timeout=15)'))
[2025-08-17T08:35:22.052+0000] {subprocess.py:93} INFO - ⚠️ AVAXUSDT lỗi lần 1/3: HTTPSConnectionPool(host='api.binance.com', port=443): Max retries exceeded with url: /api/v3/klines?symbol=AVAXUSDT&interval=1m&limit=100 (Caused by ConnectTimeoutError(<urllib3.connection.HTTPSConnection object at 0x7f68b557db40>, 'Connection to api.binance.com timed out. (connect timeout=15)'))
[2025-08-17T08:35:22.052+0000] {subprocess.py:93} INFO - ⚠️ ALPINEUSDT lỗi lần 1/3: HTTPSConnectionPool(host='api.binance.com', port=443): Max retries exceeded with url: /api/v3/klines?symbol=ALPINEUSDT&interval=1m&limit=100 (Caused by ConnectTimeoutError(<urllib3.connection.HTTPSConnection object at 0x7f68b557e680>, 'Connection to api.binance.com timed out. (connect timeout=15)'))
[2025-08-17T08:35:22.052+0000] {subprocess.py:93} INFO - ✅ SUIUSDT: thêm 1 dòng mới
[2025-08-17T08:35:22.052+0000] {subprocess.py:93} INFO - 18/100 SUIUSDT lưu OK
[2025-08-17T08:35:22.053+0000] {subprocess.py:93} INFO - ✅ ALPINEUSDT: thêm 1 dòng mới
[2025-08-17T08:35:22.053+0000] {subprocess.py:93} INFO - 19/100 ALPINEUSDT lưu OK
[2025-08-17T08:35:22.053+0000] {subprocess.py:93} INFO - ✅ AAVEUSDT: thêm 1 dòng mới
[2025-08-17T08:35:22.053+0000] {subprocess.py:93} INFO - 20/100 AAVEUSDT lưu OK
[2025-08-17T08:35:22.053+0000] {subprocess.py:93} INFO - ✅ SUSDT: thêm 1 dòng mới
[2025-08-17T08:35:22.054+0000] {subprocess.py:93} INFO - 21/100 SUSDT lưu OK
[2025-08-17T08:35:22.054+0000] {subprocess.py:93} INFO - ✅ TRUMPUSDT: thêm 1 dòng mới
[2025-08-17T08:35:22.054+0000] {subprocess.py:93} INFO - 22/100 TRUMPUSDT lưu OK
[2025-08-17T08:35:22.054+0000] {subprocess.py:93} INFO - ✅ WLDUSDT: thêm 1 dòng mới
[2025-08-17T08:35:22.055+0000] {subprocess.py:93} INFO - 23/100 WLDUSDT lưu OK
[2025-08-17T08:35:22.055+0000] {subprocess.py:93} INFO - ✅ BFUSDUSDT: thêm 1 dòng mới
[2025-08-17T08:35:22.055+0000] {subprocess.py:93} INFO - 24/100 BFUSDUSDT lưu OK
[2025-08-17T08:35:22.055+0000] {subprocess.py:93} INFO - ✅ EPICUSDT: thêm 1 dòng mới
[2025-08-17T08:35:22.055+0000] {subprocess.py:93} INFO - 25/100 EPICUSDT lưu OK
[2025-08-17T08:35:22.056+0000] {subprocess.py:93} INFO - ✅ NEARUSDT: thêm 1 dòng mới
[2025-08-17T08:35:22.056+0000] {subprocess.py:93} INFO - 26/100 NEARUSDT lưu OK
[2025-08-17T08:35:22.056+0000] {subprocess.py:93} INFO - ✅ UNIUSDT: thêm 2 dòng mới
[2025-08-17T08:35:22.056+0000] {subprocess.py:93} INFO - 27/100 UNIUSDT lưu OK
[2025-08-17T08:35:22.057+0000] {subprocess.py:93} INFO - ✅ AVAXUSDT: thêm 1 dòng mới
[2025-08-17T08:35:22.057+0000] {subprocess.py:93} INFO - 28/100 AVAXUSDT lưu OK
[2025-08-17T08:35:22.057+0000] {subprocess.py:93} INFO - ✅ LTCUSDT: thêm 1 dòng mới
[2025-08-17T08:35:22.057+0000] {subprocess.py:93} INFO - 29/100 LTCUSDT lưu OK
[2025-08-17T08:35:22.058+0000] {subprocess.py:93} INFO - ✅ CRVUSDT: thêm 1 dòng mới
[2025-08-17T08:35:22.058+0000] {subprocess.py:93} INFO - 30/100 CRVUSDT lưu OK
[2025-08-17T08:35:22.058+0000] {subprocess.py:93} INFO - ✅ CHRUSDT: thêm 1 dòng mới
[2025-08-17T08:35:22.058+0000] {subprocess.py:93} INFO - ✅ BONKUSDT: thêm 1 dòng mới
[2025-08-17T08:35:22.058+0000] {subprocess.py:93} INFO - 31/100 CHRUSDT lưu OK
[2025-08-17T08:35:22.059+0000] {subprocess.py:93} INFO - 32/100 BONKUSDT lưu OK
[2025-08-17T08:35:22.059+0000] {subprocess.py:93} INFO - ✅ WIFUSDT: thêm 1 dòng mới
[2025-08-17T08:35:22.059+0000] {subprocess.py:93} INFO - 33/100 WIFUSDT lưu OK
[2025-08-17T08:35:22.059+0000] {subprocess.py:93} INFO - ✅ OGUSDT: thêm 1 dòng mới
[2025-08-17T08:35:22.060+0000] {subprocess.py:93} INFO - 34/100 OGUSDT lưu OK
[2025-08-17T08:35:22.060+0000] {subprocess.py:93} INFO - ✅ BERAUSDT: thêm 1 dòng mới
[2025-08-17T08:35:22.060+0000] {subprocess.py:93} INFO - ✅ MAVUSDT: thêm 1 dòng mới
[2025-08-17T08:35:22.060+0000] {subprocess.py:93} INFO - 35/100 BERAUSDT lưu OK
[2025-08-17T08:35:22.060+0000] {subprocess.py:93} INFO - 36/100 MAVUSDT lưu OK
[2025-08-17T08:35:22.061+0000] {subprocess.py:93} INFO - ✅ APTUSDT: thêm 1 dòng mới
[2025-08-17T08:35:22.061+0000] {subprocess.py:93} INFO - 37/100 APTUSDT lưu OK
[2025-08-17T08:35:22.061+0000] {subprocess.py:93} INFO - ✅ OGNUSDT: thêm 1 dòng mới
[2025-08-17T08:35:22.061+0000] {subprocess.py:93} INFO - 38/100 OGNUSDT lưu OK
[2025-08-17T08:35:22.062+0000] {subprocess.py:93} INFO - ✅ ARBUSDT: thêm 2 dòng mới
[2025-08-17T08:35:22.062+0000] {subprocess.py:93} INFO - 39/100 ARBUSDT lưu OK
[2025-08-17T08:35:22.062+0000] {subprocess.py:93} INFO - ✅ LRCUSDT: thêm 1 dòng mới
[2025-08-17T08:35:22.062+0000] {subprocess.py:93} INFO - 40/100 LRCUSDT lưu OK
[2025-08-17T08:35:22.062+0000] {subprocess.py:93} INFO - 41/100 LPTUSDT lỗi: relation "cryptocurrency.lptusdt" does not exist
[2025-08-17T08:35:22.063+0000] {subprocess.py:93} INFO - LINE 1: SELECT MAX(time) FROM cryptocurrency.lptusdt;
[2025-08-17T08:35:22.063+0000] {subprocess.py:93} INFO -                               ^
[2025-08-17T08:35:22.063+0000] {subprocess.py:93} INFO - 
[2025-08-17T08:35:22.063+0000] {subprocess.py:93} INFO - ✅ RAYUSDT: thêm 1 dòng mới
[2025-08-17T08:35:22.064+0000] {subprocess.py:93} INFO - 42/100 RAYUSDT lưu OK
[2025-08-17T08:35:22.064+0000] {subprocess.py:93} INFO - ✅ XLMUSDT: thêm 1 dòng mới
[2025-08-17T08:35:22.064+0000] {subprocess.py:93} INFO - 43/100 XLMUSDT lưu OK
[2025-08-17T08:35:22.064+0000] {subprocess.py:93} INFO - ✅ FLOKIUSDT: thêm 1 dòng mới
[2025-08-17T08:35:22.064+0000] {subprocess.py:93} INFO - 44/100 FLOKIUSDT lưu OK
[2025-08-17T08:35:22.065+0000] {subprocess.py:93} INFO - ✅ TOWNSUSDT: thêm 1 dòng mới
[2025-08-17T08:35:22.065+0000] {subprocess.py:93} INFO - 45/100 TOWNSUSDT lưu OK
[2025-08-17T08:35:22.065+0000] {subprocess.py:93} INFO - ✅ DOTUSDT: thêm 1 dòng mới
[2025-08-17T08:35:22.065+0000] {subprocess.py:93} INFO - 46/100 DOTUSDT lưu OK
[2025-08-17T08:35:22.065+0000] {subprocess.py:93} INFO - 47/100 CYBERUSDT lỗi: relation "cryptocurrency.cyberusdt" does not exist
[2025-08-17T08:35:22.066+0000] {subprocess.py:93} INFO - LINE 1: SELECT MAX(time) FROM cryptocurrency.cyberusdt;
[2025-08-17T08:35:22.066+0000] {subprocess.py:93} INFO -                               ^
[2025-08-17T08:35:22.066+0000] {subprocess.py:93} INFO - 
[2025-08-17T08:35:22.066+0000] {subprocess.py:93} INFO - ✅ TONUSDT: thêm 1 dòng mới
[2025-08-17T08:35:22.066+0000] {subprocess.py:93} INFO - 48/100 TONUSDT lưu OK
[2025-08-17T08:35:22.067+0000] {subprocess.py:93} INFO - ✅ PORTOUSDT: thêm 1 dòng mới
[2025-08-17T08:35:22.067+0000] {subprocess.py:93} INFO - 49/100 PORTOUSDT lưu OK
[2025-08-17T08:35:22.067+0000] {subprocess.py:93} INFO - ✅ GALAUSDT: thêm 1 dòng mới
[2025-08-17T08:35:22.067+0000] {subprocess.py:93} INFO - 50/100 GALAUSDT lưu OK
[2025-08-17T08:35:22.067+0000] {subprocess.py:93} INFO - 51/100 PONDUSDT lỗi: relation "cryptocurrency.pondusdt" does not exist
[2025-08-17T08:35:22.068+0000] {subprocess.py:93} INFO - LINE 1: SELECT MAX(time) FROM cryptocurrency.pondusdt;
[2025-08-17T08:35:22.068+0000] {subprocess.py:93} INFO -                               ^
[2025-08-17T08:35:22.068+0000] {subprocess.py:93} INFO - 
[2025-08-17T08:35:22.068+0000] {subprocess.py:93} INFO - ✅ LAUSDT: thêm 1 dòng mới
[2025-08-17T08:35:22.068+0000] {subprocess.py:93} INFO - 52/100 LAUSDT lưu OK
[2025-08-17T08:35:22.069+0000] {subprocess.py:93} INFO - ✅ OPUSDT: thêm 1 dòng mới
[2025-08-17T08:35:22.069+0000] {subprocess.py:93} INFO - 53/100 OPUSDT lưu OK
[2025-08-17T08:35:22.069+0000] {subprocess.py:93} INFO - ✅ TIAUSDT: thêm 1 dòng mới
[2025-08-17T08:35:22.069+0000] {subprocess.py:93} INFO - 54/100 TIAUSDT lưu OK
[2025-08-17T08:35:22.071+0000] {subprocess.py:93} INFO - ✅ PEPEUSDT: thêm 1 dòng mới
[2025-08-17T08:35:22.071+0000] {subprocess.py:93} INFO - 55/100 PEPEUSDT lưu OK
[2025-08-17T08:35:22.072+0000] {subprocess.py:93} INFO - ✅ LUNCUSDT: thêm 1 dòng mới
[2025-08-17T08:35:22.072+0000] {subprocess.py:93} INFO - 56/100 LUNCUSDT lưu OK
[2025-08-17T08:35:22.073+0000] {subprocess.py:93} INFO - ✅ BATUSDT: thêm 1 dòng mới
[2025-08-17T08:35:22.073+0000] {subprocess.py:93} INFO - 57/100 BATUSDT lưu OK
[2025-08-17T08:35:22.073+0000] {subprocess.py:93} INFO - ✅ CELRUSDT: thêm 1 dòng mới
[2025-08-17T08:35:22.074+0000] {subprocess.py:93} INFO - 58/100 CELRUSDT lưu OK
[2025-08-17T08:35:22.074+0000] {subprocess.py:93} INFO - ✅ TAOUSDT: thêm 1 dòng mới
[2025-08-17T08:35:22.074+0000] {subprocess.py:93} INFO - 59/100 TAOUSDT lưu OK
[2025-08-17T08:35:22.075+0000] {subprocess.py:93} INFO - ✅ ONDOUSDT: thêm 1 dòng mới
[2025-08-17T08:35:22.075+0000] {subprocess.py:93} INFO - 60/100 ONDOUSDT lưu OK
[2025-08-17T08:35:22.076+0000] {subprocess.py:93} INFO - ✅ BCHUSDT: thêm 1 dòng mới
[2025-08-17T08:35:22.076+0000] {subprocess.py:93} INFO - 61/100 BCHUSDT lưu OK
[2025-08-17T08:35:22.076+0000] {subprocess.py:93} INFO - ✅ EIGENUSDT: thêm 1 dòng mới
[2025-08-17T08:35:22.077+0000] {subprocess.py:93} INFO - 62/100 EIGENUSDT lưu OK
[2025-08-17T08:35:22.077+0000] {subprocess.py:93} INFO - 63/100 BANDUSDT lỗi: relation "cryptocurrency.bandusdt" does not exist
[2025-08-17T08:35:22.077+0000] {subprocess.py:93} INFO - LINE 1: SELECT MAX(time) FROM cryptocurrency.bandusdt;
[2025-08-17T08:35:22.078+0000] {subprocess.py:93} INFO -                               ^
[2025-08-17T08:35:22.078+0000] {subprocess.py:93} INFO - 
[2025-08-17T08:35:22.078+0000] {subprocess.py:93} INFO - ✅ INJUSDT: thêm 1 dòng mới
[2025-08-17T08:35:22.079+0000] {subprocess.py:93} INFO - 64/100 INJUSDT lưu OK
[2025-08-17T08:35:22.079+0000] {subprocess.py:93} INFO - ✅ ETCUSDT: thêm 1 dòng mới
[2025-08-17T08:35:22.080+0000] {subprocess.py:93} INFO - 65/100 ETCUSDT lưu OK
[2025-08-17T08:35:22.080+0000] {subprocess.py:93} INFO - ✅ ETHFIUSDT: thêm 1 dòng mới
[2025-08-17T08:35:22.080+0000] {subprocess.py:93} INFO - 66/100 ETHFIUSDT lưu OK
[2025-08-17T08:35:22.081+0000] {subprocess.py:93} INFO - ✅ RENDERUSDT: thêm 1 dòng mới
[2025-08-17T08:35:22.081+0000] {subprocess.py:93} INFO - 67/100 RENDERUSDT lưu OK
[2025-08-17T08:35:22.081+0000] {subprocess.py:93} INFO - ✅ POLUSDT: thêm 1 dòng mới
[2025-08-17T08:35:22.082+0000] {subprocess.py:93} INFO - 68/100 POLUSDT lưu OK
[2025-08-17T08:35:22.082+0000] {subprocess.py:93} INFO - ✅ PENDLEUSDT: thêm 1 dòng mới
[2025-08-17T08:35:22.083+0000] {subprocess.py:93} INFO - 69/100 PENDLEUSDT lưu OK
[2025-08-17T08:35:22.083+0000] {subprocess.py:93} INFO - ✅ NEIROUSDT: thêm 1 dòng mới
[2025-08-17T08:35:22.083+0000] {subprocess.py:93} INFO - 70/100 NEIROUSDT lưu OK
[2025-08-17T08:35:22.084+0000] {subprocess.py:93} INFO - 71/100 BBUSDT lỗi: relation "cryptocurrency.bbusdt" does not exist
[2025-08-17T08:35:22.084+0000] {subprocess.py:93} INFO - LINE 1: SELECT MAX(time) FROM cryptocurrency.bbusdt;
[2025-08-17T08:35:22.085+0000] {subprocess.py:93} INFO -                               ^
[2025-08-17T08:35:22.086+0000] {subprocess.py:93} INFO - 
[2025-08-17T08:35:22.086+0000] {subprocess.py:93} INFO - ✅ ASRUSDT: thêm 1 dòng mới
[2025-08-17T08:35:22.087+0000] {subprocess.py:93} INFO - 72/100 ASRUSDT lưu OK
[2025-08-17T08:35:22.088+0000] {subprocess.py:93} INFO - ✅ SYRUPUSDT: thêm 1 dòng mới
[2025-08-17T08:35:22.088+0000] {subprocess.py:93} INFO - 73/100 SYRUPUSDT lưu OK
[2025-08-17T08:35:22.089+0000] {subprocess.py:93} INFO - ✅ SHIBUSDT: thêm 1 dòng mới
[2025-08-17T08:35:22.089+0000] {subprocess.py:93} INFO - 74/100 SHIBUSDT lưu OK
[2025-08-17T08:35:22.090+0000] {subprocess.py:93} INFO - ✅ VIRTUALUSDT: thêm 1 dòng mới
[2025-08-17T08:35:22.090+0000] {subprocess.py:93} INFO - 75/100 VIRTUALUSDT lưu OK
[2025-08-17T08:35:22.090+0000] {subprocess.py:93} INFO - ✅ ERAUSDT: thêm 1 dòng mới
[2025-08-17T08:35:22.091+0000] {subprocess.py:93} INFO - 76/100 ERAUSDT lưu OK
[2025-08-17T08:35:22.091+0000] {subprocess.py:93} INFO - ✅ SPKUSDT: thêm 1 dòng mới
[2025-08-17T08:35:22.092+0000] {subprocess.py:93} INFO - 77/100 SPKUSDT lưu OK
[2025-08-17T08:35:22.092+0000] {subprocess.py:93} INFO - ✅ LDOUSDT: thêm 1 dòng mới
[2025-08-17T08:35:22.092+0000] {subprocess.py:93} INFO - 78/100 LDOUSDT lưu OK
[2025-08-17T08:35:22.093+0000] {subprocess.py:93} INFO - ✅ MDTUSDT: thêm 1 dòng mới
[2025-08-17T08:35:22.093+0000] {subprocess.py:93} INFO - 79/100 MDTUSDT lưu OK
[2025-08-17T08:37:07.384+0000] {subprocess.py:93} INFO - ✅ CAKEUSDT: thêm 1 dòng mới
[2025-08-17T08:37:07.385+0000] {subprocess.py:93} INFO - 80/100 CAKEUSDT lưu OK
[2025-08-17T08:37:07.385+0000] {subprocess.py:93} INFO - ✅ ICPUSDT: thêm 1 dòng mới
[2025-08-17T08:37:07.385+0000] {subprocess.py:93} INFO - 81/100 ICPUSDT lưu OK
[2025-08-17T08:37:07.386+0000] {subprocess.py:93} INFO - ✅ XUSDUSDT: thêm 1 dòng mới
[2025-08-17T08:37:07.386+0000] {subprocess.py:93} INFO - 82/100 XUSDUSDT lưu OK
[2025-08-17T08:37:07.386+0000] {subprocess.py:93} INFO - 83/100 STRKUSDT lỗi: relation "cryptocurrency.strkusdt" does not exist
[2025-08-17T08:37:07.386+0000] {subprocess.py:93} INFO - LINE 1: SELECT MAX(time) FROM cryptocurrency.strkusdt;
[2025-08-17T08:37:07.386+0000] {subprocess.py:93} INFO -                               ^
[2025-08-17T08:37:07.387+0000] {subprocess.py:93} INFO - 
[2025-08-17T08:37:07.387+0000] {subprocess.py:93} INFO - 84/100 MOVRUSDT lỗi: relation "cryptocurrency.movrusdt" does not exist
[2025-08-17T08:37:07.387+0000] {subprocess.py:93} INFO - LINE 1: SELECT MAX(time) FROM cryptocurrency.movrusdt;
[2025-08-17T08:37:07.387+0000] {subprocess.py:93} INFO -                               ^
[2025-08-17T08:37:07.388+0000] {subprocess.py:93} INFO - 
[2025-08-17T08:37:07.388+0000] {subprocess.py:93} INFO - ✅ PNUTUSDT: thêm 1 dòng mới
[2025-08-17T08:37:07.388+0000] {subprocess.py:93} INFO - 85/100 PNUTUSDT lưu OK
[2025-08-17T08:37:07.388+0000] {subprocess.py:93} INFO - 86/100 NMRUSDT lỗi: relation "cryptocurrency.nmrusdt" does not exist
[2025-08-17T08:37:07.388+0000] {subprocess.py:93} INFO - LINE 1: SELECT MAX(time) FROM cryptocurrency.nmrusdt;
[2025-08-17T08:37:07.389+0000] {subprocess.py:93} INFO -                               ^
[2025-08-17T08:37:07.389+0000] {subprocess.py:93} INFO - 
[2025-08-17T08:37:07.389+0000] {subprocess.py:93} INFO - 87/100 TREEUSDT lỗi: relation "cryptocurrency.treeusdt" does not exist
[2025-08-17T08:37:07.389+0000] {subprocess.py:93} INFO - LINE 1: SELECT MAX(time) FROM cryptocurrency.treeusdt;
[2025-08-17T08:37:07.389+0000] {subprocess.py:93} INFO -                               ^
[2025-08-17T08:37:07.390+0000] {subprocess.py:93} INFO - 
[2025-08-17T08:37:07.390+0000] {subprocess.py:93} INFO - ✅ FETUSDT: thêm 1 dòng mới
[2025-08-17T08:37:07.390+0000] {subprocess.py:93} INFO - 88/100 FETUSDT lưu OK
[2025-08-17T08:37:07.390+0000] {subprocess.py:93} INFO - ✅ LAZIOUSDT: thêm 1 dòng mới
[2025-08-17T08:37:07.390+0000] {subprocess.py:93} INFO - 89/100 LAZIOUSDT lưu OK
[2025-08-17T08:37:07.391+0000] {subprocess.py:93} INFO - ✅ FILUSDT: thêm 1 dòng mới
[2025-08-17T08:37:07.391+0000] {subprocess.py:93} INFO - 90/100 FILUSDT lưu OK
[2025-08-17T08:37:07.391+0000] {subprocess.py:93} INFO - ✅ CFXUSDT: thêm 1 dòng mới
[2025-08-17T08:37:07.391+0000] {subprocess.py:93} INFO - 91/100 CFXUSDT lưu OK
[2025-08-17T08:37:07.391+0000] {subprocess.py:93} INFO - ✅ JUVUSDT: thêm 1 dòng mới
[2025-08-17T08:37:07.392+0000] {subprocess.py:93} INFO - 92/100 JUVUSDT lưu OK
[2025-08-17T08:37:07.392+0000] {subprocess.py:93} INFO - ✅ ARKMUSDT: thêm 1 dòng mới
[2025-08-17T08:37:07.392+0000] {subprocess.py:93} INFO - 93/100 ARKMUSDT lưu OK
[2025-08-17T08:37:07.392+0000] {subprocess.py:93} INFO - ✅ ENSUSDT: thêm 1 dòng mới
[2025-08-17T08:37:07.392+0000] {subprocess.py:93} INFO - 94/100 ENSUSDT lưu OK
[2025-08-17T08:37:07.393+0000] {subprocess.py:93} INFO - ✅ EURUSDT: thêm 1 dòng mới
[2025-08-17T08:37:07.393+0000] {subprocess.py:93} INFO - 95/100 EURUSDT lưu OK
[2025-08-17T08:37:07.393+0000] {subprocess.py:93} INFO - 96/100 BIOUSDT lỗi: relation "cryptocurrency.biousdt" does not exist
[2025-08-17T08:37:07.393+0000] {subprocess.py:93} INFO - LINE 1: SELECT MAX(time) FROM cryptocurrency.biousdt;
[2025-08-17T08:37:07.393+0000] {subprocess.py:93} INFO -                               ^
[2025-08-17T08:37:07.394+0000] {subprocess.py:93} INFO - 
[2025-08-17T08:37:07.394+0000] {subprocess.py:93} INFO - ⚠️ ALGOUSDT lỗi lần 1/3: HTTPSConnectionPool(host='api.binance.com', port=443): Max retries exceeded with url: /api/v3/klines?symbol=ALGOUSDT&interval=1m&limit=100 (Caused by ConnectTimeoutError(<urllib3.connection.HTTPSConnection object at 0x7f68b55480d0>, 'Connection to api.binance.com timed out. (connect timeout=15)'))
[2025-08-17T08:37:07.394+0000] {subprocess.py:93} INFO - ✅ ALGOUSDT: thêm 1 dòng mới
[2025-08-17T08:37:07.394+0000] {subprocess.py:93} INFO - 97/100 ALGOUSDT lưu OK
[2025-08-17T08:37:07.395+0000] {subprocess.py:93} INFO - ✅ BNBUSDT: thêm 1 dòng mới
[2025-08-17T08:37:07.395+0000] {subprocess.py:93} INFO - 98/100 BNBUSDT lưu OK
[2025-08-17T08:37:07.395+0000] {subprocess.py:93} INFO - ✅ ENAUSDT: thêm 1 dòng mới
[2025-08-17T08:37:07.395+0000] {subprocess.py:93} INFO - 99/100 ENAUSDT lưu OK
[2025-08-17T08:37:07.395+0000] {subprocess.py:93} INFO - 100/100 API3USDT lỗi: connection to server at "videv.cloud" (27.74.74.29), port 5432 failed: Connection timed out
[2025-08-17T08:37:07.396+0000] {subprocess.py:93} INFO - 	Is the server running on that host and accepting TCP/IP connections?
[2025-08-17T08:37:07.396+0000] {subprocess.py:93} INFO - 
[2025-08-17T08:37:07.514+0000] {subprocess.py:97} INFO - Command exited with return code 0
[2025-08-17T08:37:07.514+0000] {taskinstance.py:441} INFO - ::group::Post task execution logs
[2025-08-17T08:37:07.543+0000] {taskinstance.py:1206} INFO - Marking task as SUCCESS. dag_id=crypto_collector_dag, task_id=run_crypto_collector, run_id=scheduled__2025-08-17T08:33:00+00:00, execution_date=20250817T083300, start_date=20250817T083440, end_date=20250817T083707
[2025-08-17T08:37:07.588+0000] {local_task_job_runner.py:240} INFO - Task exited with return code 0
[2025-08-17T08:37:07.617+0000] {taskinstance.py:3498} INFO - 0 downstream tasks scheduled from follow-on schedule check
[2025-08-17T08:37:07.618+0000] {local_task_job_runner.py:222} INFO - ::endgroup::
