[2025-08-25T02:00:01.623+0000] {local_task_job_runner.py:120} INFO - ::group::Pre task execution logs
[2025-08-25T02:00:01.652+0000] {taskinstance.py:2076} INFO - Dependencies all met for dep_context=non-requeueable deps ti=<TaskInstance: stock_streaming.streaming_stock scheduled__2025-08-22T02:00:00+00:00 [queued]>
[2025-08-25T02:00:01.662+0000] {taskinstance.py:2076} INFO - Dependencies all met for dep_context=requeueable deps ti=<TaskInstance: stock_streaming.streaming_stock scheduled__2025-08-22T02:00:00+00:00 [queued]>
[2025-08-25T02:00:01.662+0000] {taskinstance.py:2306} INFO - Starting attempt 1 of 2
[2025-08-25T02:00:01.677+0000] {taskinstance.py:2330} INFO - Executing <Task(PythonOperator): streaming_stock> on 2025-08-22 02:00:00+00:00
[2025-08-25T02:00:01.683+0000] {standard_task_runner.py:63} INFO - Started process 1121988 to run task
[2025-08-25T02:00:01.687+0000] {standard_task_runner.py:90} INFO - Running: ['***', 'tasks', 'run', 'stock_streaming', 'streaming_stock', 'scheduled__2025-08-22T02:00:00+00:00', '--job-id', '22350', '--raw', '--subdir', 'DAGS_FOLDER/dags_streamingstock/dags_streaming_stock.py', '--cfg-path', '/tmp/tmpp0nuumsz']
[2025-08-25T02:00:01.689+0000] {standard_task_runner.py:91} INFO - Job 22350: Subtask streaming_stock
[2025-08-25T02:00:01.746+0000] {task_command.py:426} INFO - Running <TaskInstance: stock_streaming.streaming_stock scheduled__2025-08-22T02:00:00+00:00 [running]> on host 1877907bc043
[2025-08-25T02:00:01.848+0000] {taskinstance.py:2648} INFO - Exporting env vars: AIRFLOW_CTX_DAG_OWNER='videv' AIRFLOW_CTX_DAG_ID='stock_streaming' AIRFLOW_CTX_TASK_ID='streaming_stock' AIRFLOW_CTX_EXECUTION_DATE='2025-08-22T02:00:00+00:00' AIRFLOW_CTX_TRY_NUMBER='1' AIRFLOW_CTX_DAG_RUN_ID='scheduled__2025-08-22T02:00:00+00:00'
[2025-08-25T02:00:01.849+0000] {taskinstance.py:430} INFO - ::endgroup::
[2025-08-25T02:00:01.863+0000] {logging_mixin.py:188} INFO - 🚀 Starting streaming_stock.py at 2025-08-25 02:00:01.863253
[2025-08-25T08:01:36.488+0000] {local_task_job_runner.py:120} INFO - ::group::Pre task execution logs
[2025-08-25T08:01:36.508+0000] {taskinstance.py:2066} INFO - Dependencies not met for <TaskInstance: stock_streaming.streaming_stock scheduled__2025-08-22T02:00:00+00:00 [running]>, dependency 'Task Instance Not Running' FAILED: Task is in the running state
[2025-08-25T08:01:36.509+0000] {taskinstance.py:2066} INFO - Dependencies not met for <TaskInstance: stock_streaming.streaming_stock scheduled__2025-08-22T02:00:00+00:00 [running]>, dependency 'Task Instance State' FAILED: Task is in the 'running' state.
[2025-08-25T08:01:36.517+0000] {local_task_job_runner.py:163} INFO - Task is not able to be run
[2025-08-25T15:00:12.421+0000] {logging_mixin.py:188} INFO - 🛑 Reached 15:00, stopping script...
[2025-08-25T15:00:12.422+0000] {python.py:237} INFO - Done. Returned value was: None
[2025-08-25T15:00:12.424+0000] {taskinstance.py:441} INFO - ::group::Post task execution logs
[2025-08-25T15:00:12.440+0000] {taskinstance.py:1206} INFO - Marking task as SUCCESS. dag_id=stock_streaming, task_id=streaming_stock, run_id=scheduled__2025-08-22T02:00:00+00:00, execution_date=20250822T020000, start_date=20250825T020001, end_date=20250825T150012
[2025-08-25T15:00:12.505+0000] {local_task_job_runner.py:240} INFO - Task exited with return code 0
[2025-08-25T15:00:12.539+0000] {taskinstance.py:3498} INFO - 0 downstream tasks scheduled from follow-on schedule check
[2025-08-25T15:00:12.540+0000] {local_task_job_runner.py:222} INFO - ::endgroup::
