[2025-08-07T09:02:02.602+0000] {local_task_job_runner.py:120} INFO - ::group::Pre task execution logs
[2025-08-07T09:02:02.628+0000] {taskinstance.py:2076} INFO - Dependencies all met for dep_context=non-requeueable deps ti=<TaskInstance: run_all_alerts_and_save_to_postgres.run_alert_intraday scheduled__2025-08-06T14:55:00+00:00 [queued]>
[2025-08-07T09:02:02.637+0000] {taskinstance.py:2076} INFO - Dependencies all met for dep_context=requeueable deps ti=<TaskInstance: run_all_alerts_and_save_to_postgres.run_alert_intraday scheduled__2025-08-06T14:55:00+00:00 [queued]>
[2025-08-07T09:02:02.637+0000] {taskinstance.py:2306} INFO - Starting attempt 2 of 3
[2025-08-07T09:02:02.650+0000] {taskinstance.py:2330} INFO - Executing <Task(PythonOperator): run_alert_intraday> on 2025-08-06 14:55:00+00:00
[2025-08-07T09:02:02.657+0000] {standard_task_runner.py:63} INFO - Started process 138631 to run task
[2025-08-07T09:02:02.661+0000] {standard_task_runner.py:90} INFO - Running: ['***', 'tasks', 'run', 'run_all_alerts_and_save_to_postgres', 'run_alert_intraday', 'scheduled__2025-08-06T14:55:00+00:00', '--job-id', '2843', '--raw', '--subdir', 'DAGS_FOLDER/alert_to_db/alert_all_to_postgres_dag.py', '--cfg-path', '/tmp/tmpx4h8xwoz']
[2025-08-07T09:02:02.662+0000] {standard_task_runner.py:91} INFO - Job 2843: Subtask run_alert_intraday
[2025-08-07T09:02:02.714+0000] {task_command.py:426} INFO - Running <TaskInstance: run_all_alerts_and_save_to_postgres.run_alert_intraday scheduled__2025-08-06T14:55:00+00:00 [running]> on host 1877907bc043
[2025-08-07T09:02:02.800+0000] {taskinstance.py:2648} INFO - Exporting env vars: AIRFLOW_CTX_DAG_OWNER='alert_system' AIRFLOW_CTX_DAG_ID='run_all_alerts_and_save_to_postgres' AIRFLOW_CTX_TASK_ID='run_alert_intraday' AIRFLOW_CTX_EXECUTION_DATE='2025-08-06T14:55:00+00:00' AIRFLOW_CTX_TRY_NUMBER='2' AIRFLOW_CTX_DAG_RUN_ID='scheduled__2025-08-06T14:55:00+00:00'
[2025-08-07T09:02:02.801+0000] {taskinstance.py:430} INFO - ::endgroup::
[2025-08-07T09:02:02.815+0000] {logging_mixin.py:188} INFO - Running script: /www/server/***/dags/alert_to_db/alert_scripts/Alert_Intraday.py
[2025-08-07T09:02:02.906+0000] {logging_mixin.py:188} INFO - [ERROR] Alert_Intraday.py failed with stderr:
python: can't open file '/www/server/***/dags/alert_to_db/alert_scripts/Alert_Intraday.py': [Errno 2] No such file or directory
[2025-08-07T09:02:02.906+0000] {taskinstance.py:441} INFO - ::group::Post task execution logs
[2025-08-07T09:02:02.907+0000] {taskinstance.py:2905} ERROR - Task failed with exception
Traceback (most recent call last):
  File "/home/airflow/.local/lib/python3.10/site-packages/airflow/models/taskinstance.py", line 465, in _execute_task
    result = _execute_callable(context=context, **execute_callable_kwargs)
  File "/home/airflow/.local/lib/python3.10/site-packages/airflow/models/taskinstance.py", line 432, in _execute_callable
    return execute_callable(context=context, **execute_callable_kwargs)
  File "/home/airflow/.local/lib/python3.10/site-packages/airflow/models/baseoperator.py", line 400, in wrapper
    return func(self, *args, **kwargs)
  File "/home/airflow/.local/lib/python3.10/site-packages/airflow/operators/python.py", line 235, in execute
    return_value = self.execute_callable()
  File "/home/airflow/.local/lib/python3.10/site-packages/airflow/operators/python.py", line 252, in execute_callable
    return self.python_callable(*self.op_args, **self.op_kwargs)
  File "/opt/airflow/dags/alert_to_db/alert_all_to_postgres_dag.py", line 41, in run_alert_script
    result = subprocess.run(
  File "/usr/local/lib/python3.10/subprocess.py", line 526, in run
    raise CalledProcessError(retcode, process.args,
subprocess.CalledProcessError: Command '['python', '/www/server/airflow/dags/alert_to_db/alert_scripts/Alert_Intraday.py']' returned non-zero exit status 2.
[2025-08-07T09:02:02.919+0000] {taskinstance.py:1206} INFO - Marking task as UP_FOR_RETRY. dag_id=run_all_alerts_and_save_to_postgres, task_id=run_alert_intraday, run_id=scheduled__2025-08-06T14:55:00+00:00, execution_date=20250806T145500, start_date=20250807T090202, end_date=20250807T090202
[2025-08-07T09:02:02.931+0000] {standard_task_runner.py:110} ERROR - Failed to execute job 2843 for task run_alert_intraday (Command '['python', '/www/server/airflow/dags/alert_to_db/alert_scripts/Alert_Intraday.py']' returned non-zero exit status 2.; 138631)
[2025-08-07T09:02:02.953+0000] {local_task_job_runner.py:240} INFO - Task exited with return code 1
[2025-08-07T09:02:02.970+0000] {local_task_job_runner.py:222} INFO - ::endgroup::
