[2025-08-07T09:07:03.873+0000] {local_task_job_runner.py:120} INFO - ::group::Pre task execution logs
[2025-08-07T09:07:03.897+0000] {taskinstance.py:2076} INFO - Dependencies all met for dep_context=non-requeueable deps ti=<TaskInstance: run_all_alerts_and_save_to_postgres.run_alert_intraday scheduled__2025-08-06T14:55:00+00:00 [queued]>
[2025-08-07T09:07:03.905+0000] {taskinstance.py:2076} INFO - Dependencies all met for dep_context=requeueable deps ti=<TaskInstance: run_all_alerts_and_save_to_postgres.run_alert_intraday scheduled__2025-08-06T14:55:00+00:00 [queued]>
[2025-08-07T09:07:03.905+0000] {taskinstance.py:2306} INFO - Starting attempt 3 of 3
[2025-08-07T09:07:03.915+0000] {taskinstance.py:2330} INFO - Executing <Task(PythonOperator): run_alert_intraday> on 2025-08-06 14:55:00+00:00
[2025-08-07T09:07:03.922+0000] {standard_task_runner.py:63} INFO - Started process 138704 to run task
[2025-08-07T09:07:03.927+0000] {standard_task_runner.py:90} INFO - Running: ['***', 'tasks', 'run', 'run_all_alerts_and_save_to_postgres', 'run_alert_intraday', 'scheduled__2025-08-06T14:55:00+00:00', '--job-id', '2847', '--raw', '--subdir', 'DAGS_FOLDER/alert_to_db/alert_all_to_postgres_dag.py', '--cfg-path', '/tmp/tmp2o2w0xzy']
[2025-08-07T09:07:03.928+0000] {standard_task_runner.py:91} INFO - Job 2847: Subtask run_alert_intraday
[2025-08-07T09:07:03.979+0000] {task_command.py:426} INFO - Running <TaskInstance: run_all_alerts_and_save_to_postgres.run_alert_intraday scheduled__2025-08-06T14:55:00+00:00 [running]> on host 1877907bc043
[2025-08-07T09:07:04.087+0000] {taskinstance.py:2648} INFO - Exporting env vars: AIRFLOW_CTX_DAG_OWNER='alert_system' AIRFLOW_CTX_DAG_ID='run_all_alerts_and_save_to_postgres' AIRFLOW_CTX_TASK_ID='run_alert_intraday' AIRFLOW_CTX_EXECUTION_DATE='2025-08-06T14:55:00+00:00' AIRFLOW_CTX_TRY_NUMBER='3' AIRFLOW_CTX_DAG_RUN_ID='scheduled__2025-08-06T14:55:00+00:00'
[2025-08-07T09:07:04.088+0000] {taskinstance.py:430} INFO - ::endgroup::
[2025-08-07T09:07:04.105+0000] {logging_mixin.py:188} INFO - [INFO] Running script: /opt/***/dags/alert_to_db/alert_scripts/Alert_Intraday.py
[2025-08-07T09:07:05.145+0000] {logging_mixin.py:188} INFO - [ERROR] Script Alert_Intraday.py failed with error:
[2025-08-07T09:07:05.146+0000] {logging_mixin.py:188} INFO - Traceback (most recent call last):
  File "/opt/***/dags/alert_to_db/alert_scripts/Alert_Intraday.py", line 4, in <module>
    from kafka import KafkaConsumer
ModuleNotFoundError: No module named 'kafka'
[2025-08-07T09:07:05.146+0000] {taskinstance.py:441} INFO - ::group::Post task execution logs
[2025-08-07T09:07:05.147+0000] {taskinstance.py:2905} ERROR - Task failed with exception
Traceback (most recent call last):
  File "/home/airflow/.local/lib/python3.10/site-packages/airflow/models/taskinstance.py", line 465, in _execute_task
    result = _execute_callable(context=context, **execute_callable_kwargs)
  File "/home/airflow/.local/lib/python3.10/site-packages/airflow/models/taskinstance.py", line 432, in _execute_callable
    return execute_callable(context=context, **execute_callable_kwargs)
  File "/home/airflow/.local/lib/python3.10/site-packages/airflow/models/baseoperator.py", line 400, in wrapper
    return func(self, *args, **kwargs)
  File "/home/airflow/.local/lib/python3.10/site-packages/airflow/operators/python.py", line 235, in execute
    return_value = self.execute_callable()
  File "/home/airflow/.local/lib/python3.10/site-packages/airflow/operators/python.py", line 252, in execute_callable
    return self.python_callable(*self.op_args, **self.op_kwargs)
  File "/opt/airflow/dags/alert_to_db/alert_all_to_postgres_dag.py", line 21, in run_alert_script
    result = subprocess.run(
  File "/usr/local/lib/python3.10/subprocess.py", line 526, in run
    raise CalledProcessError(retcode, process.args,
subprocess.CalledProcessError: Command '['python', '/opt/airflow/dags/alert_to_db/alert_scripts/Alert_Intraday.py']' returned non-zero exit status 1.
[2025-08-07T09:07:05.159+0000] {taskinstance.py:1206} INFO - Marking task as FAILED. dag_id=run_all_alerts_and_save_to_postgres, task_id=run_alert_intraday, run_id=scheduled__2025-08-06T14:55:00+00:00, execution_date=20250806T145500, start_date=20250807T090703, end_date=20250807T090705
[2025-08-07T09:07:05.174+0000] {standard_task_runner.py:110} ERROR - Failed to execute job 2847 for task run_alert_intraday (Command '['python', '/opt/airflow/dags/alert_to_db/alert_scripts/Alert_Intraday.py']' returned non-zero exit status 1.; 138704)
[2025-08-07T09:07:05.221+0000] {local_task_job_runner.py:240} INFO - Task exited with return code 1
[2025-08-07T09:07:05.250+0000] {taskinstance.py:3498} INFO - 0 downstream tasks scheduled from follow-on schedule check
[2025-08-07T09:07:05.251+0000] {local_task_job_runner.py:222} INFO - ::endgroup::
