[2025-08-17T12:25:16.377+0000] {local_task_job_runner.py:120} INFO - ::group::Pre task execution logs
[2025-08-17T12:25:16.400+0000] {taskinstance.py:2076} INFO - Dependencies all met for dep_context=non-requeueable deps ti=<TaskInstance: crypto_collector_dag.run_crypto_collector scheduled__2025-08-17T12:24:00+00:00 [queued]>
[2025-08-17T12:25:16.408+0000] {taskinstance.py:2076} INFO - Dependencies all met for dep_context=requeueable deps ti=<TaskInstance: crypto_collector_dag.run_crypto_collector scheduled__2025-08-17T12:24:00+00:00 [queued]>
[2025-08-17T12:25:16.408+0000] {taskinstance.py:2306} INFO - Starting attempt 1 of 2
[2025-08-17T12:25:16.417+0000] {taskinstance.py:2330} INFO - Executing <Task(BashOperator): run_crypto_collector> on 2025-08-17 12:24:00+00:00
[2025-08-17T12:25:16.424+0000] {standard_task_runner.py:63} INFO - Started process 54006 to run task
[2025-08-17T12:25:16.429+0000] {standard_task_runner.py:90} INFO - Running: ['***', 'tasks', 'run', 'crypto_collector_dag', 'run_crypto_collector', 'scheduled__2025-08-17T12:24:00+00:00', '--job-id', '7459', '--raw', '--subdir', 'DAGS_FOLDER/crawl_crypto/dags_crypto.py', '--cfg-path', '/tmp/tmp0j_ifubg']
[2025-08-17T12:25:16.430+0000] {standard_task_runner.py:91} INFO - Job 7459: Subtask run_crypto_collector
[2025-08-17T12:25:16.483+0000] {task_command.py:426} INFO - Running <TaskInstance: crypto_collector_dag.run_crypto_collector scheduled__2025-08-17T12:24:00+00:00 [running]> on host 1877907bc043
[2025-08-17T12:25:16.587+0000] {taskinstance.py:2648} INFO - Exporting env vars: AIRFLOW_CTX_DAG_OWNER='***' AIRFLOW_CTX_DAG_ID='crypto_collector_dag' AIRFLOW_CTX_TASK_ID='run_crypto_collector' AIRFLOW_CTX_EXECUTION_DATE='2025-08-17T12:24:00+00:00' AIRFLOW_CTX_TRY_NUMBER='1' AIRFLOW_CTX_DAG_RUN_ID='scheduled__2025-08-17T12:24:00+00:00'
[2025-08-17T12:25:16.588+0000] {taskinstance.py:430} INFO - ::endgroup::
[2025-08-17T12:25:16.602+0000] {subprocess.py:63} INFO - Tmp dir root location: /tmp
[2025-08-17T12:25:16.602+0000] {subprocess.py:75} INFO - Running command: ['/usr/bin/bash', '-c', 'python3 /opt/***/dags/crawl_crypto/crawl_data_crypto.py']
[2025-08-17T12:25:16.614+0000] {subprocess.py:86} INFO - Output:
[2025-08-17T12:26:08.523+0000] {subprocess.py:93} INFO - 🔹 Kết nối DB...
[2025-08-17T12:26:08.523+0000] {subprocess.py:93} INFO - 🔹 Lấy top 100 crypto...
[2025-08-17T12:26:08.524+0000] {subprocess.py:93} INFO - Top 100: ['ETHUSDT', 'USDCUSDT', 'BTCUSDT', 'SOLUSDT', 'ADAUSDT', 'DOGEUSDT', 'LINKUSDT', 'FDUSDUSDT', 'XRPUSDT', 'TRXUSDT', 'PROVEUSDT', 'BNBUSDT', 'ENAUSDT', 'SUIUSDT', 'ARBUSDT', 'CTSIUSDT', 'PEPEUSDT', 'UNIUSDT', 'LTCUSDT', 'AVAXUSDT', 'SEIUSDT', 'TSTUSDT', 'TRUMPUSDT', 'PENGUUSDT', 'ALPINEUSDT', 'SKLUSDT', 'SUSDT', 'BFUSDUSDT', 'HBARUSDT', 'ASRUSDT', 'AAVEUSDT', 'CYBERUSDT', 'EPICUSDT', 'LDOUSDT', 'PONDUSDT', 'WLDUSDT', 'OGUSDT', 'NEARUSDT', 'CRVUSDT', 'CHRUSDT', 'BONKUSDT', 'MAVUSDT', 'TOWNSUSDT', 'API3USDT', 'XLMUSDT', 'OPUSDT', 'WIFUSDT', 'OGNUSDT', 'DOTUSDT', 'RAYUSDT', 'BERAUSDT', 'APTUSDT', 'LPTUSDT', 'FLOKIUSDT', 'INJUSDT', 'MOVRUSDT', 'GALAUSDT', 'TONUSDT', 'ONDOUSDT', 'BCHUSDT', 'CELRUSDT', 'EIGENUSDT', 'PENDLEUSDT', 'ETHFIUSDT', 'TAOUSDT', 'TIAUSDT', 'PORTOUSDT', 'NMRUSDT', 'BANDUSDT', 'NEIROUSDT', 'BATUSDT', 'BBUSDT', 'XUSDUSDT', 'RENDERUSDT', 'ALGOUSDT', 'FILUSDT', 'ETCUSDT', 'CAKEUSDT', 'FETUSDT', 'POLUSDT', 'BIOUSDT', 'VIRTUALUSDT', 'LRCUSDT', 'STRKUSDT', 'SPKUSDT', 'ZKUSDT', 'ICPUSDT', 'CFXUSDT', 'SYRUPUSDT', 'ERAUSDT', 'LAUSDT', 'SHIBUSDT', 'PNUTUSDT', 'EURUSDT', 'HOTUSDT', 'MKRUSDT', 'ENSUSDT', 'TREEUSDT', 'ARKMUSDT', 'VETUSDT']
[2025-08-17T12:26:08.524+0000] {subprocess.py:93} INFO - 🔹 Lưu lịch sử giá vào DB bằng threading...
[2025-08-17T12:26:08.524+0000] {subprocess.py:93} INFO - ✅ LINKUSDT: thêm 61 dòng mới
[2025-08-17T12:26:08.524+0000] {subprocess.py:93} INFO - 1/100 LINKUSDT lưu OK
[2025-08-17T12:26:08.525+0000] {subprocess.py:93} INFO - ✅ ETHUSDT: thêm 50 dòng mới
[2025-08-17T12:26:08.525+0000] {subprocess.py:93} INFO - 2/100 ETHUSDT lưu OK
[2025-08-17T12:26:08.525+0000] {subprocess.py:93} INFO - ✅ SOLUSDT: thêm 61 dòng mới
[2025-08-17T12:26:08.525+0000] {subprocess.py:93} INFO - 3/100 SOLUSDT lưu OK
[2025-08-17T12:26:08.526+0000] {subprocess.py:93} INFO - ✅ XRPUSDT: thêm 61 dòng mới
[2025-08-17T12:26:08.526+0000] {subprocess.py:93} INFO - 4/100 XRPUSDT lưu OK
[2025-08-17T12:26:08.526+0000] {subprocess.py:93} INFO - ⚠️ BTCUSDT lỗi lần 1/3: HTTPSConnectionPool(host='api.binance.com', port=443): Max retries exceeded with url: /api/v3/klines?symbol=BTCUSDT&interval=1m&limit=100 (Caused by ConnectTimeoutError(<urllib3.connection.HTTPSConnection object at 0x7fd27024e110>, 'Connection to api.binance.com timed out. (connect timeout=15)'))
[2025-08-17T12:26:08.526+0000] {subprocess.py:93} INFO - ⚠️ USDCUSDT lỗi lần 1/3: HTTPSConnectionPool(host='api.binance.com', port=443): Max retries exceeded with url: /api/v3/klines?symbol=USDCUSDT&interval=1m&limit=100 (Caused by ConnectTimeoutError(<urllib3.connection.HTTPSConnection object at 0x7fd27024e9b0>, 'Connection to api.binance.com timed out. (connect timeout=15)'))
[2025-08-17T12:26:08.527+0000] {subprocess.py:93} INFO - ⚠️ ADAUSDT lỗi lần 1/3: HTTPSConnectionPool(host='api.binance.com', port=443): Max retries exceeded with url: /api/v3/klines?symbol=ADAUSDT&interval=1m&limit=100 (Caused by ConnectTimeoutError(<urllib3.connection.HTTPSConnection object at 0x7fd270218130>, 'Connection to api.binance.com timed out. (connect timeout=15)'))
[2025-08-17T12:26:08.527+0000] {subprocess.py:93} INFO - ⚠️ FDUSDUSDT lỗi lần 1/3: HTTPSConnectionPool(host='api.binance.com', port=443): Max retries exceeded with url: /api/v3/klines?symbol=FDUSDUSDT&interval=1m&limit=100 (Caused by ConnectTimeoutError(<urllib3.connection.HTTPSConnection object at 0x7fd27021ada0>, 'Connection to api.binance.com timed out. (connect timeout=15)'))
[2025-08-17T12:26:08.527+0000] {subprocess.py:93} INFO - ⚠️ DOGEUSDT lỗi lần 1/3: HTTPSConnectionPool(host='api.binance.com', port=443): Max retries exceeded with url: /api/v3/klines?symbol=DOGEUSDT&interval=1m&limit=100 (Caused by ConnectTimeoutError(<urllib3.connection.HTTPSConnection object at 0x7fd27021bcd0>, 'Connection to api.binance.com timed out. (connect timeout=15)'))
[2025-08-17T12:26:08.527+0000] {subprocess.py:93} INFO - ⚠️ TRXUSDT lỗi lần 1/3: HTTPSConnectionPool(host='api.binance.com', port=443): Max retries exceeded with url: /api/v3/klines?symbol=TRXUSDT&interval=1m&limit=100 (Caused by ConnectTimeoutError(<urllib3.connection.HTTPSConnection object at 0x7fd270245f90>, 'Connection to api.binance.com timed out. (connect timeout=15)'))
[2025-08-17T12:26:08.527+0000] {subprocess.py:93} INFO - ✅ PROVEUSDT: thêm 29 dòng mới
[2025-08-17T12:26:08.528+0000] {subprocess.py:93} INFO - 5/100 PROVEUSDT lưu OK
[2025-08-17T12:26:08.528+0000] {subprocess.py:93} INFO - ✅ ENAUSDT: thêm 18 dòng mới
[2025-08-17T12:26:08.528+0000] {subprocess.py:93} INFO - 6/100 ENAUSDT lưu OK
[2025-08-17T12:26:08.528+0000] {subprocess.py:93} INFO - ✅ BNBUSDT: thêm 29 dòng mới
[2025-08-17T12:26:08.528+0000] {subprocess.py:93} INFO - 7/100 BNBUSDT lưu OK
[2025-08-17T12:26:08.529+0000] {subprocess.py:93} INFO - ⚠️ SUIUSDT lỗi lần 1/3: HTTPSConnectionPool(host='api.binance.com', port=443): Max retries exceeded with url: /api/v3/klines?symbol=SUIUSDT&interval=1m&limit=100 (Caused by ConnectTimeoutError(<urllib3.connection.HTTPSConnection object at 0x7fd27024da20>, 'Connection to api.binance.com timed out. (connect timeout=15)'))
[2025-08-17T12:26:08.529+0000] {subprocess.py:93} INFO - ⚠️ USDCUSDT lỗi lần 2/3: HTTPSConnectionPool(host='api.binance.com', port=443): Max retries exceeded with url: /api/v3/klines?symbol=USDCUSDT&interval=1m&limit=100 (Caused by ConnectTimeoutError(<urllib3.connection.HTTPSConnection object at 0x7fd27024ebf0>, 'Connection to api.binance.com timed out. (connect timeout=15)'))
[2025-08-17T12:26:08.529+0000] {subprocess.py:93} INFO - ⚠️ BTCUSDT lỗi lần 2/3: HTTPSConnectionPool(host='api.binance.com', port=443): Max retries exceeded with url: /api/v3/klines?symbol=BTCUSDT&interval=1m&limit=100 (Caused by ConnectTimeoutError(<urllib3.connection.HTTPSConnection object at 0x7fd27024caf0>, 'Connection to api.binance.com timed out. (connect timeout=15)'))
[2025-08-17T12:26:08.529+0000] {subprocess.py:93} INFO - ⚠️ ADAUSDT lỗi lần 2/3: HTTPSConnectionPool(host='api.binance.com', port=443): Max retries exceeded with url: /api/v3/klines?symbol=ADAUSDT&interval=1m&limit=100 (Caused by ConnectTimeoutError(<urllib3.connection.HTTPSConnection object at 0x7fd270244220>, 'Connection to api.binance.com timed out. (connect timeout=15)'))
[2025-08-17T12:26:08.530+0000] {subprocess.py:93} INFO - ⚠️ DOGEUSDT lỗi lần 2/3: HTTPSConnectionPool(host='api.binance.com', port=443): Max retries exceeded with url: /api/v3/klines?symbol=DOGEUSDT&interval=1m&limit=100 (Caused by ConnectTimeoutError(<urllib3.connection.HTTPSConnection object at 0x7fd27021bd90>, 'Connection to api.binance.com timed out. (connect timeout=15)'))
[2025-08-17T12:26:08.530+0000] {subprocess.py:93} INFO - ⚠️ FDUSDUSDT lỗi lần 2/3: HTTPSConnectionPool(host='api.binance.com', port=443): Max retries exceeded with url: /api/v3/klines?symbol=FDUSDUSDT&interval=1m&limit=100 (Caused by ConnectTimeoutError(<urllib3.connection.HTTPSConnection object at 0x7fd270210640>, 'Connection to api.binance.com timed out. (connect timeout=15)'))
[2025-08-17T12:26:08.530+0000] {subprocess.py:93} INFO - ⚠️ TRXUSDT lỗi lần 2/3: HTTPSConnectionPool(host='api.binance.com', port=443): Max retries exceeded with url: /api/v3/klines?symbol=TRXUSDT&interval=1m&limit=100 (Caused by ConnectTimeoutError(<urllib3.connection.HTTPSConnection object at 0x7fd27021b5b0>, 'Connection to api.binance.com timed out. (connect timeout=15)'))
[2025-08-17T12:26:08.530+0000] {subprocess.py:93} INFO - ⚠️ PEPEUSDT lỗi lần 1/3: HTTPSConnectionPool(host='api.binance.com', port=443): Max retries exceeded with url: /api/v3/klines?symbol=PEPEUSDT&interval=1m&limit=100 (Caused by ConnectTimeoutError(<urllib3.connection.HTTPSConnection object at 0x7fd27021b3a0>, 'Connection to api.binance.com timed out. (connect timeout=15)'))
[2025-08-17T12:26:08.530+0000] {subprocess.py:93} INFO - ⚠️ SUIUSDT lỗi lần 2/3: HTTPSConnectionPool(host='api.binance.com', port=443): Max retries exceeded with url: /api/v3/klines?symbol=SUIUSDT&interval=1m&limit=100 (Caused by ConnectTimeoutError(<urllib3.connection.HTTPSConnection object at 0x7fd27021a5c0>, 'Connection to api.binance.com timed out. (connect timeout=15)'))
[2025-08-17T12:26:08.531+0000] {subprocess.py:93} INFO - ✅ SUIUSDT: thêm 50 dòng mới
[2025-08-17T12:26:08.531+0000] {subprocess.py:93} INFO - 8/100 SUIUSDT lưu OK
[2025-08-17T12:26:08.531+0000] {subprocess.py:93} INFO - ⚠️ BTCUSDT lỗi lần 3/3: HTTPSConnectionPool(host='api.binance.com', port=443): Max retries exceeded with url: /api/v3/klines?symbol=BTCUSDT&interval=1m&limit=100 (Caused by ConnectTimeoutError(<urllib3.connection.HTTPSConnection object at 0x7fd27024ea70>, 'Connection to api.binance.com timed out. (connect timeout=15)'))
[2025-08-17T12:26:08.531+0000] {subprocess.py:93} INFO - ⚠️ ADAUSDT lỗi lần 3/3: HTTPSConnectionPool(host='api.binance.com', port=443): Max retries exceeded with url: /api/v3/klines?symbol=ADAUSDT&interval=1m&limit=100 (Caused by ConnectTimeoutError(<urllib3.connection.HTTPSConnection object at 0x7fd2702472b0>, 'Connection to api.binance.com timed out. (connect timeout=15)'))
[2025-08-17T12:26:08.531+0000] {subprocess.py:93} INFO - ⚠️ DOGEUSDT lỗi lần 3/3: HTTPSConnectionPool(host='api.binance.com', port=443): Max retries exceeded with url: /api/v3/klines?symbol=DOGEUSDT&interval=1m&limit=100 (Caused by ConnectTimeoutError(<urllib3.connection.HTTPSConnection object at 0x7fd270247b50>, 'Connection to api.binance.com timed out. (connect timeout=15)'))
[2025-08-17T12:26:08.532+0000] {subprocess.py:93} INFO - ⚠️ FDUSDUSDT lỗi lần 3/3: HTTPSConnectionPool(host='api.binance.com', port=443): Max retries exceeded with url: /api/v3/klines?symbol=FDUSDUSDT&interval=1m&limit=100 (Caused by ConnectTimeoutError(<urllib3.connection.HTTPSConnection object at 0x7fd27024da80>, 'Connection to api.binance.com timed out. (connect timeout=15)'))
[2025-08-17T12:28:04.152+0000] {subprocess.py:93} INFO - ⚠️ PEPEUSDT lỗi lần 2/3: HTTPSConnectionPool(host='api.binance.com', port=443): Max retries exceeded with url: /api/v3/klines?symbol=PEPEUSDT&interval=1m&limit=100 (Caused by ConnectTimeoutError(<urllib3.connection.HTTPSConnection object at 0x7fd270218ca0>, 'Connection to api.binance.com timed out. (connect timeout=15)'))
[2025-08-17T12:28:04.152+0000] {subprocess.py:93} INFO - 9/100 BTCUSDT bỏ qua (fail)
[2025-08-17T12:28:04.153+0000] {subprocess.py:93} INFO - 10/100 ADAUSDT bỏ qua (fail)
[2025-08-17T12:28:04.153+0000] {subprocess.py:93} INFO - 11/100 DOGEUSDT bỏ qua (fail)
[2025-08-17T12:28:04.153+0000] {subprocess.py:93} INFO - 12/100 FDUSDUSDT bỏ qua (fail)
[2025-08-17T12:28:04.154+0000] {subprocess.py:93} INFO - ⚠️ TSTUSDT lỗi lần 1/3: HTTPSConnectionPool(host='api.binance.com', port=443): Max retries exceeded with url: /api/v3/klines?symbol=TSTUSDT&interval=1m&limit=100 (Caused by ConnectTimeoutError(<urllib3.connection.HTTPSConnection object at 0x7fd270211b10>, 'Connection to api.binance.com timed out. (connect timeout=15)'))
[2025-08-17T12:28:04.154+0000] {subprocess.py:93} INFO - ⚠️ LTCUSDT lỗi lần 1/3: HTTPSConnectionPool(host='api.binance.com', port=443): Max retries exceeded with url: /api/v3/klines?symbol=LTCUSDT&interval=1m&limit=100 (Caused by ConnectTimeoutError(<urllib3.connection.HTTPSConnection object at 0x7fd270211750>, 'Connection to api.binance.com timed out. (connect timeout=15)'))
[2025-08-17T12:28:04.154+0000] {subprocess.py:93} INFO - ⚠️ AVAXUSDT lỗi lần 1/3: HTTPSConnectionPool(host='api.binance.com', port=443): Max retries exceeded with url: /api/v3/klines?symbol=AVAXUSDT&interval=1m&limit=100 (Caused by ConnectTimeoutError(<urllib3.connection.HTTPSConnection object at 0x7fd270211cf0>, 'Connection to api.binance.com timed out. (connect timeout=15)'))
[2025-08-17T12:28:04.155+0000] {subprocess.py:93} INFO - ⚠️ SEIUSDT lỗi lần 1/3: HTTPSConnectionPool(host='api.binance.com', port=443): Max retries exceeded with url: /api/v3/klines?symbol=SEIUSDT&interval=1m&limit=100 (Caused by ConnectTimeoutError(<urllib3.connection.HTTPSConnection object at 0x7fd270211930>, 'Connection to api.binance.com timed out. (connect timeout=15)'))
[2025-08-17T12:28:04.155+0000] {subprocess.py:93} INFO - ⚠️ PEPEUSDT lỗi lần 3/3: HTTPSConnectionPool(host='api.binance.com', port=443): Max retries exceeded with url: /api/v3/klines?symbol=PEPEUSDT&interval=1m&limit=100 (Caused by ConnectTimeoutError(<urllib3.connection.HTTPSConnection object at 0x7fd270245990>, 'Connection to api.binance.com timed out. (connect timeout=15)'))
[2025-08-17T12:28:04.155+0000] {subprocess.py:93} INFO - 13/100 PEPEUSDT bỏ qua (fail)
[2025-08-17T12:28:04.155+0000] {subprocess.py:93} INFO - ✅ ARBUSDT: thêm 9 dòng mới
[2025-08-17T12:28:04.156+0000] {subprocess.py:93} INFO - 14/100 ARBUSDT lưu OK
[2025-08-17T12:28:04.156+0000] {subprocess.py:93} INFO - ⚠️ LTCUSDT lỗi lần 2/3: HTTPSConnectionPool(host='api.binance.com', port=443): Max retries exceeded with url: /api/v3/klines?symbol=LTCUSDT&interval=1m&limit=100 (Caused by ConnectTimeoutError(<urllib3.connection.HTTPSConnection object at 0x7fd27024f220>, 'Connection to api.binance.com timed out. (connect timeout=15)'))
[2025-08-17T12:28:04.156+0000] {subprocess.py:93} INFO - ⚠️ AVAXUSDT lỗi lần 2/3: HTTPSConnectionPool(host='api.binance.com', port=443): Max retries exceeded with url: /api/v3/klines?symbol=AVAXUSDT&interval=1m&limit=100 (Caused by ConnectTimeoutError(<urllib3.connection.HTTPSConnection object at 0x7fd27024f400>, 'Connection to api.binance.com timed out. (connect timeout=15)'))
[2025-08-17T12:28:04.157+0000] {subprocess.py:93} INFO - ⚠️ SEIUSDT lỗi lần 2/3: HTTPSConnectionPool(host='api.binance.com', port=443): Max retries exceeded with url: /api/v3/klines?symbol=SEIUSDT&interval=1m&limit=100 (Caused by ConnectTimeoutError(<urllib3.connection.HTTPSConnection object at 0x7fd27024e0b0>, 'Connection to api.binance.com timed out. (connect timeout=15)'))
[2025-08-17T12:28:04.157+0000] {subprocess.py:93} INFO - ⚠️ TRUMPUSDT lỗi lần 1/3: HTTPSConnectionPool(host='api.binance.com', port=443): Max retries exceeded with url: /api/v3/klines?symbol=TRUMPUSDT&interval=1m&limit=100 (Caused by ConnectTimeoutError(<urllib3.connection.HTTPSConnection object at 0x7fd270218160>, 'Connection to api.binance.com timed out. (connect timeout=15)'))
[2025-08-17T12:28:04.157+0000] {subprocess.py:93} INFO - ⚠️ LTCUSDT lỗi lần 3/3: HTTPSConnectionPool(host='api.binance.com', port=443): Max retries exceeded with url: /api/v3/klines?symbol=LTCUSDT&interval=1m&limit=100 (Caused by ConnectTimeoutError(<urllib3.connection.HTTPSConnection object at 0x7fd270218b80>, 'Connection to api.binance.com timed out. (connect timeout=15)'))
[2025-08-17T12:28:04.158+0000] {subprocess.py:93} INFO - ⚠️ AVAXUSDT lỗi lần 3/3: HTTPSConnectionPool(host='api.binance.com', port=443): Max retries exceeded with url: /api/v3/klines?symbol=AVAXUSDT&interval=1m&limit=100 (Caused by ConnectTimeoutError(<urllib3.connection.HTTPSConnection object at 0x7fd27024cd90>, 'Connection to api.binance.com timed out. (connect timeout=15)'))
[2025-08-17T12:28:04.158+0000] {subprocess.py:93} INFO - ⚠️ TRUMPUSDT lỗi lần 2/3: HTTPSConnectionPool(host='api.binance.com', port=443): Max retries exceeded with url: /api/v3/klines?symbol=TRUMPUSDT&interval=1m&limit=100 (Caused by ConnectTimeoutError(<urllib3.connection.HTTPSConnection object at 0x7fd270210280>, 'Connection to api.binance.com timed out. (connect timeout=15)'))
[2025-08-17T12:28:04.158+0000] {subprocess.py:93} INFO - 15/100 LTCUSDT bỏ qua (fail)
[2025-08-17T12:28:04.158+0000] {subprocess.py:93} INFO - 16/100 AVAXUSDT bỏ qua (fail)
[2025-08-17T12:28:04.159+0000] {subprocess.py:93} INFO - ✅ SKLUSDT: thêm 20 dòng mới
[2025-08-17T12:28:04.159+0000] {subprocess.py:93} INFO - 17/100 SKLUSDT lưu OK
[2025-08-17T12:28:04.159+0000] {subprocess.py:93} INFO - ⚠️ ALPINEUSDT lỗi lần 1/3: HTTPSConnectionPool(host='api.binance.com', port=443): Max retries exceeded with url: /api/v3/klines?symbol=ALPINEUSDT&interval=1m&limit=100 (Caused by ConnectTimeoutError(<urllib3.connection.HTTPSConnection object at 0x7fd27024dd20>, 'Connection to api.binance.com timed out. (connect timeout=15)'))
[2025-08-17T12:28:04.160+0000] {subprocess.py:93} INFO - ✅ SEIUSDT: thêm 9 dòng mới
[2025-08-17T12:28:04.160+0000] {subprocess.py:93} INFO - 18/100 SEIUSDT lưu OK
[2025-08-17T12:28:04.160+0000] {subprocess.py:93} INFO - ✅ SUSDT: thêm 20 dòng mới
[2025-08-17T12:28:04.161+0000] {subprocess.py:93} INFO - 19/100 SUSDT lưu OK
[2025-08-17T12:28:04.161+0000] {subprocess.py:93} INFO - ✅ TRUMPUSDT: thêm 10 dòng mới
[2025-08-17T12:28:04.161+0000] {subprocess.py:93} INFO - 20/100 TRUMPUSDT lưu OK
[2025-08-17T12:28:04.161+0000] {subprocess.py:93} INFO - ✅ BFUSDUSDT: thêm 20 dòng mới
[2025-08-17T12:28:04.162+0000] {subprocess.py:93} INFO - 21/100 BFUSDUSDT lưu OK
[2025-08-17T12:28:04.162+0000] {subprocess.py:93} INFO - ✅ ASRUSDT: thêm 29 dòng mới
[2025-08-17T12:28:04.162+0000] {subprocess.py:93} INFO - 22/100 ASRUSDT lưu OK
[2025-08-17T12:28:04.163+0000] {subprocess.py:93} INFO - ⚠️ ALPINEUSDT lỗi lần 2/3: HTTPSConnectionPool(host='api.binance.com', port=443): Max retries exceeded with url: /api/v3/klines?symbol=ALPINEUSDT&interval=1m&limit=100 (Caused by ConnectTimeoutError(<urllib3.connection.HTTPSConnection object at 0x7fd2702181c0>, 'Connection to api.binance.com timed out. (connect timeout=15)'))
[2025-08-17T12:28:04.163+0000] {subprocess.py:93} INFO - 23/100 CYBERUSDT lỗi: relation "cryptocurrency.cyberusdt" does not exist
[2025-08-17T12:28:04.163+0000] {subprocess.py:93} INFO - LINE 1: SELECT MAX(time) FROM cryptocurrency.cyberusdt;
[2025-08-17T12:28:04.164+0000] {subprocess.py:93} INFO -                               ^
[2025-08-17T12:28:04.164+0000] {subprocess.py:93} INFO - 
[2025-08-17T12:28:04.164+0000] {subprocess.py:93} INFO - ✅ EPICUSDT: thêm 29 dòng mới
[2025-08-17T12:28:04.164+0000] {subprocess.py:93} INFO - 24/100 EPICUSDT lưu OK
[2025-08-17T12:28:04.165+0000] {subprocess.py:93} INFO - ⚠️ HBARUSDT lỗi lần 1/3: HTTPSConnectionPool(host='api.binance.com', port=443): Max retries exceeded with url: /api/v3/klines?symbol=HBARUSDT&interval=1m&limit=100 (Caused by ConnectTimeoutError(<urllib3.connection.HTTPSConnection object at 0x7fd27021bdc0>, 'Connection to api.binance.com timed out. (connect timeout=15)'))
[2025-08-17T12:28:04.165+0000] {subprocess.py:93} INFO - ⚠️ AAVEUSDT lỗi lần 1/3: HTTPSConnectionPool(host='api.binance.com', port=443): Max retries exceeded with url: /api/v3/klines?symbol=AAVEUSDT&interval=1m&limit=100 (Caused by ConnectTimeoutError(<urllib3.connection.HTTPSConnection object at 0x7fd270218400>, 'Connection to api.binance.com timed out. (connect timeout=15)'))
[2025-08-17T12:28:04.165+0000] {subprocess.py:93} INFO - ✅ ALPINEUSDT: thêm 20 dòng mới
[2025-08-17T12:28:04.166+0000] {subprocess.py:93} INFO - 25/100 ALPINEUSDT lưu OK
[2025-08-17T12:28:04.166+0000] {subprocess.py:93} INFO - 26/100 CTSIUSDT lỗi: connection to server at "videv.cloud" (27.74.74.29), port 5432 failed: Connection timed out
[2025-08-17T12:28:04.166+0000] {subprocess.py:93} INFO - 	Is the server running on that host and accepting TCP/IP connections?
[2025-08-17T12:28:04.167+0000] {subprocess.py:93} INFO - 
[2025-08-17T12:28:04.167+0000] {subprocess.py:93} INFO - ⚠️ LDOUSDT lỗi lần 1/3: HTTPSConnectionPool(host='api.binance.com', port=443): Max retries exceeded with url: /api/v3/klines?symbol=LDOUSDT&interval=1m&limit=100 (Caused by ConnectTimeoutError(<urllib3.connection.HTTPSConnection object at 0x7fd27024e860>, 'Connection to api.binance.com timed out. (connect timeout=15)'))
[2025-08-17T12:28:04.167+0000] {subprocess.py:93} INFO - ⚠️ HBARUSDT lỗi lần 2/3: HTTPSConnectionPool(host='api.binance.com', port=443): Max retries exceeded with url: /api/v3/klines?symbol=HBARUSDT&interval=1m&limit=100 (Caused by ConnectTimeoutError(<urllib3.connection.HTTPSConnection object at 0x7fd270205240>, 'Connection to api.binance.com timed out. (connect timeout=15)'))
[2025-08-17T12:28:04.167+0000] {subprocess.py:93} INFO - ⚠️ PONDUSDT lỗi lần 1/3: HTTPSConnectionPool(host='api.binance.com', port=443): Max retries exceeded with url: /api/v3/klines?symbol=PONDUSDT&interval=1m&limit=100 (Caused by ConnectTimeoutError(<urllib3.connection.HTTPSConnection object at 0x7fd27024d090>, 'Connection to api.binance.com timed out. (connect timeout=15)'))
[2025-08-17T12:28:04.168+0000] {subprocess.py:93} INFO - ⚠️ AAVEUSDT lỗi lần 2/3: HTTPSConnectionPool(host='api.binance.com', port=443): Max retries exceeded with url: /api/v3/klines?symbol=AAVEUSDT&interval=1m&limit=100 (Caused by ConnectTimeoutError(<urllib3.connection.HTTPSConnection object at 0x7fd27024ca00>, 'Connection to api.binance.com timed out. (connect timeout=15)'))
[2025-08-17T12:29:03.603+0000] {subprocess.py:93} INFO - 27/100 USDCUSDT lỗi: connection to server at "videv.cloud" (27.74.74.29), port 5432 failed: Connection timed out
[2025-08-17T12:29:03.604+0000] {subprocess.py:93} INFO - 	Is the server running on that host and accepting TCP/IP connections?
[2025-08-17T12:29:03.604+0000] {subprocess.py:93} INFO - 
[2025-08-17T12:29:03.604+0000] {subprocess.py:93} INFO - ⚠️ WLDUSDT lỗi lần 1/3: HTTPSConnectionPool(host='api.binance.com', port=443): Max retries exceeded with url: /api/v3/klines?symbol=WLDUSDT&interval=1m&limit=100 (Caused by ConnectTimeoutError(<urllib3.connection.HTTPSConnection object at 0x7fd27024eaa0>, 'Connection to api.binance.com timed out. (connect timeout=15)'))
[2025-08-17T12:29:03.605+0000] {subprocess.py:93} INFO - 28/100 TRXUSDT lỗi: connection to server at "videv.cloud" (27.74.74.29), port 5432 failed: Connection timed out
[2025-08-17T12:29:03.605+0000] {subprocess.py:93} INFO - 	Is the server running on that host and accepting TCP/IP connections?
[2025-08-17T12:29:03.605+0000] {subprocess.py:93} INFO - 
[2025-08-17T12:29:03.606+0000] {subprocess.py:93} INFO - ✅ NEARUSDT: thêm 20 dòng mới
[2025-08-17T12:29:03.606+0000] {subprocess.py:93} INFO - 29/100 NEARUSDT lưu OK
[2025-08-17T12:29:03.606+0000] {subprocess.py:93} INFO - ⚠️ LDOUSDT lỗi lần 2/3: HTTPSConnectionPool(host='api.binance.com', port=443): Max retries exceeded with url: /api/v3/klines?symbol=LDOUSDT&interval=1m&limit=100 (Caused by ConnectTimeoutError(<urllib3.connection.HTTPSConnection object at 0x7fd270211c00>, 'Connection to api.binance.com timed out. (connect timeout=15)'))
[2025-08-17T12:29:03.606+0000] {subprocess.py:93} INFO - ⚠️ HBARUSDT lỗi lần 3/3: HTTPSConnectionPool(host='api.binance.com', port=443): Max retries exceeded with url: /api/v3/klines?symbol=HBARUSDT&interval=1m&limit=100 (Caused by ConnectTimeoutError(<urllib3.connection.HTTPSConnection object at 0x7fd270211150>, 'Connection to api.binance.com timed out. (connect timeout=15)'))
[2025-08-17T12:29:03.607+0000] {subprocess.py:93} INFO - 30/100 HBARUSDT bỏ qua (fail)
[2025-08-17T12:29:03.607+0000] {subprocess.py:93} INFO - ⚠️ PONDUSDT lỗi lần 2/3: HTTPSConnectionPool(host='api.binance.com', port=443): Max retries exceeded with url: /api/v3/klines?symbol=PONDUSDT&interval=1m&limit=100 (Caused by ConnectTimeoutError(<urllib3.connection.HTTPSConnection object at 0x7fd27021a800>, 'Connection to api.binance.com timed out. (connect timeout=15)'))
[2025-08-17T12:29:03.607+0000] {subprocess.py:93} INFO - 31/100 UNIUSDT lỗi: connection to server at "videv.cloud" (27.74.74.29), port 5432 failed: Connection timed out
[2025-08-17T12:29:03.608+0000] {subprocess.py:93} INFO - 	Is the server running on that host and accepting TCP/IP connections?
[2025-08-17T12:29:03.608+0000] {subprocess.py:93} INFO - 
[2025-08-17T12:29:03.608+0000] {subprocess.py:93} INFO - ⚠️ AAVEUSDT lỗi lần 3/3: HTTPSConnectionPool(host='api.binance.com', port=443): Max retries exceeded with url: /api/v3/klines?symbol=AAVEUSDT&interval=1m&limit=100 (Caused by ConnectTimeoutError(<urllib3.connection.HTTPSConnection object at 0x7fd27021bdf0>, 'Connection to api.binance.com timed out. (connect timeout=15)'))
[2025-08-17T12:29:03.608+0000] {subprocess.py:93} INFO - 32/100 AAVEUSDT bỏ qua (fail)
[2025-08-17T12:29:03.609+0000] {subprocess.py:93} INFO - ⚠️ OGUSDT lỗi lần 1/3: HTTPSConnectionPool(host='api.binance.com', port=443): Max retries exceeded with url: /api/v3/klines?symbol=OGUSDT&interval=1m&limit=100 (Caused by ConnectTimeoutError(<urllib3.connection.HTTPSConnection object at 0x7fd27024f940>, 'Connection to api.binance.com timed out. (connect timeout=15)'))
[2025-08-17T12:29:03.609+0000] {subprocess.py:93} INFO - ⚠️ CRVUSDT lỗi lần 1/3: HTTPSConnectionPool(host='api.binance.com', port=443): Max retries exceeded with url: /api/v3/klines?symbol=CRVUSDT&interval=1m&limit=100 (Caused by ConnectTimeoutError(<urllib3.connection.HTTPSConnection object at 0x7fd27024e2f0>, 'Connection to api.binance.com timed out. (connect timeout=15)'))
[2025-08-17T12:29:03.609+0000] {subprocess.py:93} INFO - ⚠️ WLDUSDT lỗi lần 2/3: HTTPSConnectionPool(host='api.binance.com', port=443): Max retries exceeded with url: /api/v3/klines?symbol=WLDUSDT&interval=1m&limit=100 (Caused by ConnectTimeoutError(<urllib3.connection.HTTPSConnection object at 0x7fd270212140>, 'Connection to api.binance.com timed out. (connect timeout=15)'))
[2025-08-17T12:29:03.610+0000] {subprocess.py:93} INFO - ⚠️ LDOUSDT lỗi lần 3/3: HTTPSConnectionPool(host='api.binance.com', port=443): Max retries exceeded with url: /api/v3/klines?symbol=LDOUSDT&interval=1m&limit=100 (Caused by ConnectTimeoutError(<urllib3.connection.HTTPSConnection object at 0x7fd27024e620>, 'Connection to api.binance.com timed out. (connect timeout=15)'))
[2025-08-17T12:29:03.610+0000] {subprocess.py:93} INFO - 33/100 LDOUSDT bỏ qua (fail)
[2025-08-17T12:29:03.610+0000] {subprocess.py:93} INFO - ⚠️ CHRUSDT lỗi lần 1/3: HTTPSConnectionPool(host='api.binance.com', port=443): Max retries exceeded with url: /api/v3/klines?symbol=CHRUSDT&interval=1m&limit=100 (Caused by ConnectTimeoutError(<urllib3.connection.HTTPSConnection object at 0x7fd27024ca60>, 'Connection to api.binance.com timed out. (connect timeout=15)'))
[2025-08-17T12:29:03.610+0000] {subprocess.py:93} INFO - ⚠️ BONKUSDT lỗi lần 1/3: HTTPSConnectionPool(host='api.binance.com', port=443): Max retries exceeded with url: /api/v3/klines?symbol=BONKUSDT&interval=1m&limit=100 (Caused by ConnectTimeoutError(<urllib3.connection.HTTPSConnection object at 0x7fd270211bd0>, 'Connection to api.binance.com timed out. (connect timeout=15)'))
[2025-08-17T12:29:03.611+0000] {subprocess.py:93} INFO - ⚠️ PONDUSDT lỗi lần 3/3: HTTPSConnectionPool(host='api.binance.com', port=443): Max retries exceeded with url: /api/v3/klines?symbol=PONDUSDT&interval=1m&limit=100 (Caused by ConnectTimeoutError(<urllib3.connection.HTTPSConnection object at 0x7fd270212800>, 'Connection to api.binance.com timed out. (connect timeout=15)'))
[2025-08-17T12:29:03.611+0000] {subprocess.py:93} INFO - ⚠️ MAVUSDT lỗi lần 1/3: HTTPSConnectionPool(host='api.binance.com', port=443): Max retries exceeded with url: /api/v3/klines?symbol=MAVUSDT&interval=1m&limit=100 (Caused by ConnectTimeoutError(<urllib3.connection.HTTPSConnection object at 0x7fd270213400>, 'Connection to api.binance.com timed out. (connect timeout=15)'))
[2025-08-17T12:29:03.611+0000] {subprocess.py:93} INFO - 34/100 PONDUSDT bỏ qua (fail)
[2025-08-17T12:29:03.612+0000] {subprocess.py:93} INFO - 35/100 TSTUSDT lỗi: connection to server at "videv.cloud" (27.74.74.29), port 5432 failed: Connection timed out
[2025-08-17T12:29:03.612+0000] {subprocess.py:93} INFO - 	Is the server running on that host and accepting TCP/IP connections?
[2025-08-17T12:29:03.612+0000] {subprocess.py:93} INFO - 
[2025-08-17T12:29:03.612+0000] {subprocess.py:93} INFO - ⚠️ CRVUSDT lỗi lần 2/3: HTTPSConnectionPool(host='api.binance.com', port=443): Max retries exceeded with url: /api/v3/klines?symbol=CRVUSDT&interval=1m&limit=100 (Caused by ConnectTimeoutError(<urllib3.connection.HTTPSConnection object at 0x7fd27024cdf0>, 'Connection to api.binance.com timed out. (connect timeout=15)'))
[2025-08-17T12:29:03.613+0000] {subprocess.py:93} INFO - ⚠️ WLDUSDT lỗi lần 3/3: HTTPSConnectionPool(host='api.binance.com', port=443): Max retries exceeded with url: /api/v3/klines?symbol=WLDUSDT&interval=1m&limit=100 (Caused by ConnectTimeoutError(<urllib3.connection.HTTPSConnection object at 0x7fd27021a5f0>, 'Connection to api.binance.com timed out. (connect timeout=15)'))
[2025-08-17T12:29:03.613+0000] {subprocess.py:93} INFO - 36/100 WLDUSDT bỏ qua (fail)
[2025-08-17T12:29:03.613+0000] {subprocess.py:93} INFO - ✅ CRVUSDT: thêm 10 dòng mới
[2025-08-17T12:29:03.613+0000] {subprocess.py:93} INFO - 37/100 CRVUSDT lưu OK
[2025-08-17T12:29:03.614+0000] {subprocess.py:93} INFO - ⚠️ CHRUSDT lỗi lần 2/3: HTTPSConnectionPool(host='api.binance.com', port=443): Max retries exceeded with url: /api/v3/klines?symbol=CHRUSDT&interval=1m&limit=100 (Caused by ConnectTimeoutError(<urllib3.connection.HTTPSConnection object at 0x7fd270211de0>, 'Connection to api.binance.com timed out. (connect timeout=15)'))
[2025-08-17T12:29:03.614+0000] {subprocess.py:93} INFO - ⚠️ BONKUSDT lỗi lần 2/3: HTTPSConnectionPool(host='api.binance.com', port=443): Max retries exceeded with url: /api/v3/klines?symbol=BONKUSDT&interval=1m&limit=100 (Caused by ConnectTimeoutError(<urllib3.connection.HTTPSConnection object at 0x7fd270213c10>, 'Connection to api.binance.com timed out. (connect timeout=15)'))
[2025-08-17T12:29:03.614+0000] {subprocess.py:93} INFO - ⚠️ API3USDT lỗi lần 1/3: HTTPSConnectionPool(host='api.binance.com', port=443): Max retries exceeded with url: /api/v3/klines?symbol=API3USDT&interval=1m&limit=100 (Caused by ConnectTimeoutError(<urllib3.connection.HTTPSConnection object at 0x7fd270213ca0>, 'Connection to api.binance.com timed out. (connect timeout=15)'))
[2025-08-17T12:29:03.614+0000] {subprocess.py:93} INFO - ⚠️ MAVUSDT lỗi lần 2/3: HTTPSConnectionPool(host='api.binance.com', port=443): Max retries exceeded with url: /api/v3/klines?symbol=MAVUSDT&interval=1m&limit=100 (Caused by ConnectTimeoutError(<urllib3.connection.HTTPSConnection object at 0x7fd2702128f0>, 'Connection to api.binance.com timed out. (connect timeout=15)'))
[2025-08-17T12:29:03.615+0000] {subprocess.py:93} INFO - 38/100 PENGUUSDT lỗi: connection to server at "videv.cloud" (27.74.74.29), port 5432 failed: Connection timed out
[2025-08-17T12:29:03.615+0000] {subprocess.py:93} INFO - 	Is the server running on that host and accepting TCP/IP connections?
[2025-08-17T12:29:03.615+0000] {subprocess.py:93} INFO - 
[2025-08-17T12:29:03.616+0000] {subprocess.py:93} INFO - ⚠️ XLMUSDT lỗi lần 1/3: HTTPSConnectionPool(host='api.binance.com', port=443): Max retries exceeded with url: /api/v3/klines?symbol=XLMUSDT&interval=1m&limit=100 (Caused by ConnectTimeoutError(<urllib3.connection.HTTPSConnection object at 0x7fd270213340>, 'Connection to api.binance.com timed out. (connect timeout=15)'))
[2025-08-17T12:29:03.616+0000] {subprocess.py:93} INFO - ⚠️ WIFUSDT lỗi lần 1/3: HTTPSConnectionPool(host='api.binance.com', port=443): Max retries exceeded with url: /api/v3/klines?symbol=WIFUSDT&interval=1m&limit=100 (Caused by ConnectTimeoutError(<urllib3.connection.HTTPSConnection object at 0x7fd270207a90>, 'Connection to api.binance.com timed out. (connect timeout=15)'))
[2025-08-17T12:30:05.473+0000] {subprocess.py:93} INFO - ⚠️ CHRUSDT lỗi lần 3/3: HTTPSConnectionPool(host='api.binance.com', port=443): Max retries exceeded with url: /api/v3/klines?symbol=CHRUSDT&interval=1m&limit=100 (Caused by ConnectTimeoutError(<urllib3.connection.HTTPSConnection object at 0x7fd2702118a0>, 'Connection to api.binance.com timed out. (connect timeout=15)'))
[2025-08-17T12:30:05.474+0000] {subprocess.py:93} INFO - ⚠️ BONKUSDT lỗi lần 3/3: HTTPSConnectionPool(host='api.binance.com', port=443): Max retries exceeded with url: /api/v3/klines?symbol=BONKUSDT&interval=1m&limit=100 (Caused by ConnectTimeoutError(<urllib3.connection.HTTPSConnection object at 0x7fd270212b60>, 'Connection to api.binance.com timed out. (connect timeout=15)'))
[2025-08-17T12:30:05.474+0000] {subprocess.py:93} INFO - 39/100 CHRUSDT bỏ qua (fail)
[2025-08-17T12:30:05.474+0000] {subprocess.py:93} INFO - ⚠️ API3USDT lỗi lần 2/3: HTTPSConnectionPool(host='api.binance.com', port=443): Max retries exceeded with url: /api/v3/klines?symbol=API3USDT&interval=1m&limit=100 (Caused by ConnectTimeoutError(<urllib3.connection.HTTPSConnection object at 0x7fd270219c00>, 'Connection to api.binance.com timed out. (connect timeout=15)'))
[2025-08-17T12:30:05.475+0000] {subprocess.py:93} INFO - ⚠️ OGNUSDT lỗi lần 1/3: HTTPSConnectionPool(host='api.binance.com', port=443): Max retries exceeded with url: /api/v3/klines?symbol=OGNUSDT&interval=1m&limit=100 (Caused by ConnectTimeoutError(<urllib3.connection.HTTPSConnection object at 0x7fd27021b3d0>, 'Connection to api.binance.com timed out. (connect timeout=15)'))
[2025-08-17T12:30:05.475+0000] {subprocess.py:93} INFO - 40/100 BONKUSDT bỏ qua (fail)
[2025-08-17T12:30:05.476+0000] {subprocess.py:93} INFO - ⚠️ MAVUSDT lỗi lần 3/3: HTTPSConnectionPool(host='api.binance.com', port=443): Max retries exceeded with url: /api/v3/klines?symbol=MAVUSDT&interval=1m&limit=100 (Caused by ConnectTimeoutError(<urllib3.connection.HTTPSConnection object at 0x7fd27021b5b0>, 'Connection to api.binance.com timed out. (connect timeout=15)'))
[2025-08-17T12:30:05.476+0000] {subprocess.py:93} INFO - ⚠️ XLMUSDT lỗi lần 2/3: HTTPSConnectionPool(host='api.binance.com', port=443): Max retries exceeded with url: /api/v3/klines?symbol=XLMUSDT&interval=1m&limit=100 (Caused by ConnectTimeoutError(<urllib3.connection.HTTPSConnection object at 0x7fd270206290>, 'Connection to api.binance.com timed out. (connect timeout=15)'))
[2025-08-17T12:30:05.476+0000] {subprocess.py:93} INFO - 41/100 MAVUSDT bỏ qua (fail)
[2025-08-17T12:30:05.477+0000] {subprocess.py:93} INFO - ✅ API3USDT: thêm 21 dòng mới
[2025-08-17T12:30:05.477+0000] {subprocess.py:93} INFO - 42/100 API3USDT lưu OK
[2025-08-17T12:30:05.477+0000] {subprocess.py:93} INFO - ✅ OGNUSDT: thêm 10 dòng mới
[2025-08-17T12:30:05.478+0000] {subprocess.py:93} INFO - 43/100 OGNUSDT lưu OK
[2025-08-17T12:30:05.478+0000] {subprocess.py:93} INFO - 44/100 LPTUSDT lỗi: relation "cryptocurrency.lptusdt" does not exist
[2025-08-17T12:30:05.479+0000] {subprocess.py:93} INFO - LINE 1: SELECT MAX(time) FROM cryptocurrency.lptusdt;
[2025-08-17T12:30:05.479+0000] {subprocess.py:93} INFO -                               ^
[2025-08-17T12:30:05.479+0000] {subprocess.py:93} INFO - 
[2025-08-17T12:30:05.480+0000] {subprocess.py:93} INFO - ✅ APTUSDT: thêm 10 dòng mới
[2025-08-17T12:30:05.480+0000] {subprocess.py:93} INFO - 45/100 APTUSDT lưu OK
[2025-08-17T12:30:05.480+0000] {subprocess.py:93} INFO - ✅ OPUSDT: thêm 9 dòng mới
[2025-08-17T12:30:05.481+0000] {subprocess.py:93} INFO - 46/100 OPUSDT lưu OK
[2025-08-17T12:30:05.481+0000] {subprocess.py:93} INFO - ✅ FLOKIUSDT: thêm 10 dòng mới
[2025-08-17T12:30:05.481+0000] {subprocess.py:93} INFO - 47/100 FLOKIUSDT lưu OK
[2025-08-17T12:30:05.482+0000] {subprocess.py:93} INFO - ⚠️ DOTUSDT lỗi lần 1/3: HTTPSConnectionPool(host='api.binance.com', port=443): Max retries exceeded with url: /api/v3/klines?symbol=DOTUSDT&interval=1m&limit=100 (Caused by ConnectTimeoutError(<urllib3.connection.HTTPSConnection object at 0x7fd270211780>, 'Connection to api.binance.com timed out. (connect timeout=15)'))
[2025-08-17T12:30:05.482+0000] {subprocess.py:93} INFO - ⚠️ RAYUSDT lỗi lần 1/3: HTTPSConnectionPool(host='api.binance.com', port=443): Max retries exceeded with url: /api/v3/klines?symbol=RAYUSDT&interval=1m&limit=100 (Caused by ConnectTimeoutError(<urllib3.connection.HTTPSConnection object at 0x7fd270213580>, 'Connection to api.binance.com timed out. (connect timeout=15)'))
[2025-08-17T12:30:05.483+0000] {subprocess.py:93} INFO - ✅ DOTUSDT: thêm 10 dòng mới
[2025-08-17T12:30:05.483+0000] {subprocess.py:93} INFO - 48/100 DOTUSDT lưu OK
[2025-08-17T12:30:05.483+0000] {subprocess.py:93} INFO - ✅ TONUSDT: thêm 9 dòng mới
[2025-08-17T12:30:05.484+0000] {subprocess.py:93} INFO - 49/100 TONUSDT lưu OK
[2025-08-17T12:30:05.484+0000] {subprocess.py:93} INFO - ✅ BERAUSDT: thêm 10 dòng mới
[2025-08-17T12:30:05.484+0000] {subprocess.py:93} INFO - 50/100 BERAUSDT lưu OK
[2025-08-17T12:30:05.485+0000] {subprocess.py:93} INFO - ⚠️ XLMUSDT lỗi lần 3/3: HTTPSConnectionPool(host='api.binance.com', port=443): Max retries exceeded with url: /api/v3/klines?symbol=XLMUSDT&interval=1m&limit=100 (Caused by ConnectTimeoutError(<urllib3.connection.HTTPSConnection object at 0x7fd27021ae90>, 'Connection to api.binance.com timed out. (connect timeout=15)'))
[2025-08-17T12:30:05.485+0000] {subprocess.py:93} INFO - 51/100 MOVRUSDT lỗi: relation "cryptocurrency.movrusdt" does not exist
[2025-08-17T12:30:05.486+0000] {subprocess.py:93} INFO - LINE 1: SELECT MAX(time) FROM cryptocurrency.movrusdt;
[2025-08-17T12:30:05.486+0000] {subprocess.py:93} INFO -                               ^
[2025-08-17T12:30:05.486+0000] {subprocess.py:93} INFO - 
[2025-08-17T12:30:05.487+0000] {subprocess.py:93} INFO - ✅ CELRUSDT: thêm 9 dòng mới
[2025-08-17T12:30:05.487+0000] {subprocess.py:93} INFO - 52/100 CELRUSDT lưu OK
[2025-08-17T12:30:05.487+0000] {subprocess.py:93} INFO - ✅ RAYUSDT: thêm 41 dòng mới
[2025-08-17T12:30:05.488+0000] {subprocess.py:93} INFO - 53/100 RAYUSDT lưu OK
[2025-08-17T12:30:05.488+0000] {subprocess.py:93} INFO - 54/100 XLMUSDT bỏ qua (fail)
[2025-08-17T12:30:05.488+0000] {subprocess.py:93} INFO - ✅ GALAUSDT: thêm 10 dòng mới
[2025-08-17T12:30:05.489+0000] {subprocess.py:93} INFO - 55/100 GALAUSDT lưu OK
[2025-08-17T12:30:05.489+0000] {subprocess.py:93} INFO - ✅ EIGENUSDT: thêm 29 dòng mới
[2025-08-17T12:30:05.489+0000] {subprocess.py:93} INFO - 56/100 EIGENUSDT lưu OK
[2025-08-17T12:30:05.490+0000] {subprocess.py:93} INFO - ✅ PENDLEUSDT: thêm 48 dòng mới
[2025-08-17T12:30:05.490+0000] {subprocess.py:93} INFO - 57/100 PENDLEUSDT lưu OK
[2025-08-17T12:30:05.491+0000] {subprocess.py:93} INFO - ✅ TOWNSUSDT: thêm 9 dòng mới
[2025-08-17T12:30:05.491+0000] {subprocess.py:93} INFO - 58/100 TOWNSUSDT lưu OK
[2025-08-17T12:30:05.491+0000] {subprocess.py:93} INFO - ✅ ETHFIUSDT: thêm 29 dòng mới
[2025-08-17T12:30:05.492+0000] {subprocess.py:93} INFO - 59/100 ETHFIUSDT lưu OK
[2025-08-17T12:30:05.492+0000] {subprocess.py:93} INFO - 60/100 NMRUSDT lỗi: relation "cryptocurrency.nmrusdt" does not exist
[2025-08-17T12:30:05.492+0000] {subprocess.py:93} INFO - LINE 1: SELECT MAX(time) FROM cryptocurrency.nmrusdt;
[2025-08-17T12:30:05.493+0000] {subprocess.py:93} INFO -                               ^
[2025-08-17T12:30:05.493+0000] {subprocess.py:93} INFO - 
[2025-08-17T12:30:05.493+0000] {subprocess.py:93} INFO - ✅ NEIROUSDT: thêm 61 dòng mới
[2025-08-17T12:30:05.494+0000] {subprocess.py:93} INFO - 61/100 NEIROUSDT lưu OK
[2025-08-17T12:30:05.494+0000] {subprocess.py:93} INFO - ✅ BATUSDT: thêm 8 dòng mới
[2025-08-17T12:30:05.494+0000] {subprocess.py:93} INFO - 62/100 BATUSDT lưu OK
[2025-08-17T12:30:05.495+0000] {subprocess.py:93} INFO - ✅ TIAUSDT: thêm 18 dòng mới
[2025-08-17T12:30:05.495+0000] {subprocess.py:93} INFO - 63/100 TIAUSDT lưu OK
[2025-08-17T12:30:05.495+0000] {subprocess.py:93} INFO - ✅ PORTOUSDT: thêm 8 dòng mới
[2025-08-17T12:30:05.496+0000] {subprocess.py:93} INFO - 64/100 PORTOUSDT lưu OK
[2025-08-17T12:30:05.496+0000] {subprocess.py:93} INFO - ✅ XUSDUSDT: thêm 8 dòng mới
[2025-08-17T12:30:05.497+0000] {subprocess.py:93} INFO - 65/100 XUSDUSDT lưu OK
[2025-08-17T12:30:05.497+0000] {subprocess.py:93} INFO - 66/100 BANDUSDT lỗi: relation "cryptocurrency.bandusdt" does not exist
[2025-08-17T12:30:05.497+0000] {subprocess.py:93} INFO - LINE 1: SELECT MAX(time) FROM cryptocurrency.bandusdt;
[2025-08-17T12:30:05.498+0000] {subprocess.py:93} INFO -                               ^
[2025-08-17T12:30:05.498+0000] {subprocess.py:93} INFO - 
[2025-08-17T12:30:05.498+0000] {subprocess.py:93} INFO - ✅ FILUSDT: thêm 8 dòng mới
[2025-08-17T12:30:05.499+0000] {subprocess.py:93} INFO - 67/100 FILUSDT lưu OK
[2025-08-17T12:30:05.499+0000] {subprocess.py:93} INFO - ✅ TAOUSDT: thêm 18 dòng mới
[2025-08-17T12:30:05.499+0000] {subprocess.py:93} INFO - 68/100 TAOUSDT lưu OK
[2025-08-17T12:30:05.500+0000] {subprocess.py:93} INFO - ✅ ETCUSDT: thêm 18 dòng mới
[2025-08-17T12:30:05.500+0000] {subprocess.py:93} INFO - 69/100 ETCUSDT lưu OK
[2025-08-17T12:30:05.500+0000] {subprocess.py:93} INFO - ⚠️ ONDOUSDT lỗi lần 1/3: HTTPSConnectionPool(host='api.binance.com', port=443): Max retries exceeded with url: /api/v3/klines?symbol=ONDOUSDT&interval=1m&limit=100 (Caused by ConnectTimeoutError(<urllib3.connection.HTTPSConnection object at 0x7fd270218d90>, 'Connection to api.binance.com timed out. (connect timeout=15)'))
[2025-08-17T12:30:05.501+0000] {subprocess.py:93} INFO - ⚠️ BCHUSDT lỗi lần 1/3: HTTPSConnectionPool(host='api.binance.com', port=443): Max retries exceeded with url: /api/v3/klines?symbol=BCHUSDT&interval=1m&limit=100 (Caused by ConnectTimeoutError(<urllib3.connection.HTTPSConnection object at 0x7fd2702070d0>, 'Connection to api.binance.com timed out. (connect timeout=15)'))
[2025-08-17T12:30:05.501+0000] {subprocess.py:93} INFO - 70/100 BBUSDT lỗi: relation "cryptocurrency.bbusdt" does not exist
[2025-08-17T12:30:05.501+0000] {subprocess.py:93} INFO - LINE 1: SELECT MAX(time) FROM cryptocurrency.bbusdt;
[2025-08-17T12:30:05.502+0000] {subprocess.py:93} INFO -                               ^
[2025-08-17T12:30:05.502+0000] {subprocess.py:93} INFO - 
[2025-08-17T12:30:05.502+0000] {subprocess.py:93} INFO - ⚠️ RENDERUSDT lỗi lần 1/3: HTTPSConnectionPool(host='api.binance.com', port=443): Max retries exceeded with url: /api/v3/klines?symbol=RENDERUSDT&interval=1m&limit=100 (Caused by ConnectTimeoutError(<urllib3.connection.HTTPSConnection object at 0x7fd27021b730>, 'Connection to api.binance.com timed out. (connect timeout=15)'))
[2025-08-17T12:30:05.503+0000] {subprocess.py:93} INFO - ⚠️ ALGOUSDT lỗi lần 1/3: HTTPSConnectionPool(host='api.binance.com', port=443): Max retries exceeded with url: /api/v3/klines?symbol=ALGOUSDT&interval=1m&limit=100 (Caused by ConnectTimeoutError(<urllib3.connection.HTTPSConnection object at 0x7fd270213670>, 'Connection to api.binance.com timed out. (connect timeout=15)'))
[2025-08-17T12:30:05.503+0000] {subprocess.py:93} INFO - ⚠️ FETUSDT lỗi lần 1/3: HTTPSConnectionPool(host='api.binance.com', port=443): Max retries exceeded with url: /api/v3/klines?symbol=FETUSDT&interval=1m&limit=100 (Caused by ConnectTimeoutError(<urllib3.connection.HTTPSConnection object at 0x7fd270207a90>, 'Connection to api.binance.com timed out. (connect timeout=15)'))
[2025-08-17T12:30:05.503+0000] {subprocess.py:93} INFO - ⚠️ ONDOUSDT lỗi lần 2/3: HTTPSConnectionPool(host='api.binance.com', port=443): Max retries exceeded with url: /api/v3/klines?symbol=ONDOUSDT&interval=1m&limit=100 (Caused by ConnectTimeoutError(<urllib3.connection.HTTPSConnection object at 0x7fd2702109a0>, 'Connection to api.binance.com timed out. (connect timeout=15)'))
[2025-08-17T12:30:05.504+0000] {subprocess.py:93} INFO - ⚠️ BCHUSDT lỗi lần 2/3: HTTPSConnectionPool(host='api.binance.com', port=443): Max retries exceeded with url: /api/v3/klines?symbol=BCHUSDT&interval=1m&limit=100 (Caused by ConnectTimeoutError(<urllib3.connection.HTTPSConnection object at 0x7fd2702104c0>, 'Connection to api.binance.com timed out. (connect timeout=15)'))
[2025-08-17T12:30:05.504+0000] {subprocess.py:93} INFO - ⚠️ POLUSDT lỗi lần 1/3: HTTPSConnectionPool(host='api.binance.com', port=443): Max retries exceeded with url: /api/v3/klines?symbol=POLUSDT&interval=1m&limit=100 (Caused by ConnectTimeoutError(<urllib3.connection.HTTPSConnection object at 0x7fd270247f40>, 'Connection to api.binance.com timed out. (connect timeout=15)'))
[2025-08-17T12:31:17.194+0000] {subprocess.py:93} INFO - ⚠️ RENDERUSDT lỗi lần 2/3: HTTPSConnectionPool(host='api.binance.com', port=443): Max retries exceeded with url: /api/v3/klines?symbol=RENDERUSDT&interval=1m&limit=100 (Caused by ConnectTimeoutError(<urllib3.connection.HTTPSConnection object at 0x7fd27024dab0>, 'Connection to api.binance.com timed out. (connect timeout=15)'))
[2025-08-17T12:31:17.195+0000] {subprocess.py:93} INFO - ⚠️ ALGOUSDT lỗi lần 2/3: HTTPSConnectionPool(host='api.binance.com', port=443): Max retries exceeded with url: /api/v3/klines?symbol=ALGOUSDT&interval=1m&limit=100 (Caused by ConnectTimeoutError(<urllib3.connection.HTTPSConnection object at 0x7fd270205f00>, 'Connection to api.binance.com timed out. (connect timeout=15)'))
[2025-08-17T12:31:17.195+0000] {subprocess.py:93} INFO - ✅ WIFUSDT: thêm 31 dòng mới
[2025-08-17T12:31:17.195+0000] {subprocess.py:93} INFO - 71/100 WIFUSDT lưu OK
[2025-08-17T12:31:17.196+0000] {subprocess.py:93} INFO - ⚠️ FETUSDT lỗi lần 2/3: HTTPSConnectionPool(host='api.binance.com', port=443): Max retries exceeded with url: /api/v3/klines?symbol=FETUSDT&interval=1m&limit=100 (Caused by ConnectTimeoutError(<urllib3.connection.HTTPSConnection object at 0x7fd2702113c0>, 'Connection to api.binance.com timed out. (connect timeout=15)'))
[2025-08-17T12:31:17.196+0000] {subprocess.py:93} INFO - ⚠️ ONDOUSDT lỗi lần 3/3: HTTPSConnectionPool(host='api.binance.com', port=443): Max retries exceeded with url: /api/v3/klines?symbol=ONDOUSDT&interval=1m&limit=100 (Caused by ConnectTimeoutError(<urllib3.connection.HTTPSConnection object at 0x7fd27021a830>, 'Connection to api.binance.com timed out. (connect timeout=15)'))
[2025-08-17T12:31:17.197+0000] {subprocess.py:93} INFO - ⚠️ BCHUSDT lỗi lần 3/3: HTTPSConnectionPool(host='api.binance.com', port=443): Max retries exceeded with url: /api/v3/klines?symbol=BCHUSDT&interval=1m&limit=100 (Caused by ConnectTimeoutError(<urllib3.connection.HTTPSConnection object at 0x7fd27021a7a0>, 'Connection to api.binance.com timed out. (connect timeout=15)'))
[2025-08-17T12:31:17.197+0000] {subprocess.py:93} INFO - 72/100 ONDOUSDT bỏ qua (fail)
[2025-08-17T12:31:17.198+0000] {subprocess.py:93} INFO - 73/100 BCHUSDT bỏ qua (fail)
[2025-08-17T12:31:17.198+0000] {subprocess.py:93} INFO - ⚠️ POLUSDT lỗi lần 2/3: HTTPSConnectionPool(host='api.binance.com', port=443): Max retries exceeded with url: /api/v3/klines?symbol=POLUSDT&interval=1m&limit=100 (Caused by ConnectTimeoutError(<urllib3.connection.HTTPSConnection object at 0x7fd27024c970>, 'Connection to api.binance.com timed out. (connect timeout=15)'))
[2025-08-17T12:31:17.198+0000] {subprocess.py:93} INFO - ⚠️ RENDERUSDT lỗi lần 3/3: HTTPSConnectionPool(host='api.binance.com', port=443): Max retries exceeded with url: /api/v3/klines?symbol=RENDERUSDT&interval=1m&limit=100 (Caused by ConnectTimeoutError(<urllib3.connection.HTTPSConnection object at 0x7fd270245c90>, 'Connection to api.binance.com timed out. (connect timeout=15)'))
[2025-08-17T12:31:17.199+0000] {subprocess.py:93} INFO - ⚠️ ALGOUSDT lỗi lần 3/3: HTTPSConnectionPool(host='api.binance.com', port=443): Max retries exceeded with url: /api/v3/klines?symbol=ALGOUSDT&interval=1m&limit=100 (Caused by ConnectTimeoutError(<urllib3.connection.HTTPSConnection object at 0x7fd270211ae0>, 'Connection to api.binance.com timed out. (connect timeout=15)'))
[2025-08-17T12:31:17.199+0000] {subprocess.py:93} INFO - 74/100 RENDERUSDT bỏ qua (fail)
[2025-08-17T12:31:17.199+0000] {subprocess.py:93} INFO - 75/100 ALGOUSDT bỏ qua (fail)
[2025-08-17T12:31:17.199+0000] {subprocess.py:93} INFO - ⚠️ FETUSDT lỗi lần 3/3: HTTPSConnectionPool(host='api.binance.com', port=443): Max retries exceeded with url: /api/v3/klines?symbol=FETUSDT&interval=1m&limit=100 (Caused by ConnectTimeoutError(<urllib3.connection.HTTPSConnection object at 0x7fd270212410>, 'Connection to api.binance.com timed out. (connect timeout=15)'))
[2025-08-17T12:31:17.200+0000] {subprocess.py:93} INFO - 76/100 FETUSDT bỏ qua (fail)
[2025-08-17T12:31:17.200+0000] {subprocess.py:93} INFO - ⚠️ VIRTUALUSDT lỗi lần 1/3: HTTPSConnectionPool(host='api.binance.com', port=443): Max retries exceeded with url: /api/v3/klines?symbol=VIRTUALUSDT&interval=1m&limit=100 (Caused by ConnectTimeoutError(<urllib3.connection.HTTPSConnection object at 0x7fd27024cd60>, 'Connection to api.binance.com timed out. (connect timeout=15)'))
[2025-08-17T12:31:17.200+0000] {subprocess.py:93} INFO - ⚠️ LRCUSDT lỗi lần 1/3: HTTPSConnectionPool(host='api.binance.com', port=443): Max retries exceeded with url: /api/v3/klines?symbol=LRCUSDT&interval=1m&limit=100 (Caused by ConnectTimeoutError(<urllib3.connection.HTTPSConnection object at 0x7fd27024e890>, 'Connection to api.binance.com timed out. (connect timeout=15)'))
[2025-08-17T12:31:17.201+0000] {subprocess.py:93} INFO - 77/100 OGUSDT lỗi: connection to server at "videv.cloud" (27.74.74.29), port 5432 failed: Connection timed out
[2025-08-17T12:31:17.201+0000] {subprocess.py:93} INFO - 	Is the server running on that host and accepting TCP/IP connections?
[2025-08-17T12:31:17.201+0000] {subprocess.py:93} INFO - 
[2025-08-17T12:31:17.202+0000] {subprocess.py:93} INFO - ⚠️ POLUSDT lỗi lần 3/3: HTTPSConnectionPool(host='api.binance.com', port=443): Max retries exceeded with url: /api/v3/klines?symbol=POLUSDT&interval=1m&limit=100 (Caused by ConnectTimeoutError(<urllib3.connection.HTTPSConnection object at 0x7fd27024ca00>, 'Connection to api.binance.com timed out. (connect timeout=15)'))
[2025-08-17T12:31:17.202+0000] {subprocess.py:93} INFO - 78/100 POLUSDT bỏ qua (fail)
[2025-08-17T12:31:17.202+0000] {subprocess.py:93} INFO - ⚠️ STRKUSDT lỗi lần 1/3: HTTPSConnectionPool(host='api.binance.com', port=443): Max retries exceeded with url: /api/v3/klines?symbol=STRKUSDT&interval=1m&limit=100 (Caused by ConnectTimeoutError(<urllib3.connection.HTTPSConnection object at 0x7fd27021a8c0>, 'Connection to api.binance.com timed out. (connect timeout=15)'))
[2025-08-17T12:31:17.203+0000] {subprocess.py:93} INFO - ⚠️ SPKUSDT lỗi lần 1/3: HTTPSConnectionPool(host='api.binance.com', port=443): Max retries exceeded with url: /api/v3/klines?symbol=SPKUSDT&interval=1m&limit=100 (Caused by ConnectTimeoutError(<urllib3.connection.HTTPSConnection object at 0x7fd270219c60>, 'Connection to api.binance.com timed out. (connect timeout=15)'))
[2025-08-17T12:31:17.203+0000] {subprocess.py:93} INFO - ⚠️ ZKUSDT lỗi lần 1/3: HTTPSConnectionPool(host='api.binance.com', port=443): Max retries exceeded with url: /api/v3/klines?symbol=ZKUSDT&interval=1m&limit=100 (Caused by ConnectTimeoutError(<urllib3.connection.HTTPSConnection object at 0x7fd270204670>, 'Connection to api.binance.com timed out. (connect timeout=15)'))
[2025-08-17T12:31:17.203+0000] {subprocess.py:93} INFO - ⚠️ ICPUSDT lỗi lần 1/3: HTTPSConnectionPool(host='api.binance.com', port=443): Max retries exceeded with url: /api/v3/klines?symbol=ICPUSDT&interval=1m&limit=100 (Caused by ConnectTimeoutError(<urllib3.connection.HTTPSConnection object at 0x7fd2702122c0>, 'Connection to api.binance.com timed out. (connect timeout=15)'))
[2025-08-17T12:31:17.204+0000] {subprocess.py:93} INFO - ⚠️ LRCUSDT lỗi lần 2/3: HTTPSConnectionPool(host='api.binance.com', port=443): Max retries exceeded with url: /api/v3/klines?symbol=LRCUSDT&interval=1m&limit=100 (Caused by ConnectTimeoutError(<urllib3.connection.HTTPSConnection object at 0x7fd27024f400>, 'Connection to api.binance.com timed out. (connect timeout=15)'))
[2025-08-17T12:31:17.204+0000] {subprocess.py:93} INFO - ⚠️ VIRTUALUSDT lỗi lần 2/3: HTTPSConnectionPool(host='api.binance.com', port=443): Max retries exceeded with url: /api/v3/klines?symbol=VIRTUALUSDT&interval=1m&limit=100 (Caused by ConnectTimeoutError(<urllib3.connection.HTTPSConnection object at 0x7fd27024e1a0>, 'Connection to api.binance.com timed out. (connect timeout=15)'))
[2025-08-17T12:31:17.204+0000] {subprocess.py:93} INFO - ⚠️ CFXUSDT lỗi lần 1/3: HTTPSConnectionPool(host='api.binance.com', port=443): Max retries exceeded with url: /api/v3/klines?symbol=CFXUSDT&interval=1m&limit=100 (Caused by ConnectTimeoutError(<urllib3.connection.HTTPSConnection object at 0x7fd2702050c0>, 'Connection to api.binance.com timed out. (connect timeout=15)'))
[2025-08-17T12:31:17.205+0000] {subprocess.py:93} INFO - ⚠️ ZKUSDT lỗi lần 2/3: HTTPSConnectionPool(host='api.binance.com', port=443): Max retries exceeded with url: /api/v3/klines?symbol=ZKUSDT&interval=1m&limit=100 (Caused by ConnectTimeoutError(<urllib3.connection.HTTPSConnection object at 0x7fd27024f280>, 'Connection to api.binance.com timed out. (connect timeout=15)'))
[2025-08-17T12:31:17.205+0000] {subprocess.py:93} INFO - ⚠️ VIRTUALUSDT lỗi lần 3/3: HTTPSConnectionPool(host='api.binance.com', port=443): Max retries exceeded with url: /api/v3/klines?symbol=VIRTUALUSDT&interval=1m&limit=100 (Caused by ConnectTimeoutError(<urllib3.connection.HTTPSConnection object at 0x7fd270210fd0>, 'Connection to api.binance.com timed out. (connect timeout=15)'))
[2025-08-17T12:31:17.205+0000] {subprocess.py:93} INFO - ⚠️ LRCUSDT lỗi lần 3/3: HTTPSConnectionPool(host='api.binance.com', port=443): Max retries exceeded with url: /api/v3/klines?symbol=LRCUSDT&interval=1m&limit=100 (Caused by ConnectTimeoutError(<urllib3.connection.HTTPSConnection object at 0x7fd27021b820>, 'Connection to api.binance.com timed out. (connect timeout=15)'))
[2025-08-17T12:31:17.205+0000] {subprocess.py:93} INFO - 79/100 VIRTUALUSDT bỏ qua (fail)
[2025-08-17T12:31:17.206+0000] {subprocess.py:93} INFO - 80/100 LRCUSDT bỏ qua (fail)
[2025-08-17T12:31:17.206+0000] {subprocess.py:93} INFO - ⚠️ CFXUSDT lỗi lần 2/3: HTTPSConnectionPool(host='api.binance.com', port=443): Max retries exceeded with url: /api/v3/klines?symbol=CFXUSDT&interval=1m&limit=100 (Caused by ConnectTimeoutError(<urllib3.connection.HTTPSConnection object at 0x7fd27024f5b0>, 'Connection to api.binance.com timed out. (connect timeout=15)'))
[2025-08-17T12:31:17.206+0000] {subprocess.py:93} INFO - ✅ SYRUPUSDT: thêm 8 dòng mới
[2025-08-17T12:31:17.207+0000] {subprocess.py:93} INFO - 81/100 SYRUPUSDT lưu OK
[2025-08-17T12:32:59.066+0000] {subprocess.py:93} INFO - ✅ LAUSDT: thêm 19 dòng mới
[2025-08-17T12:32:59.066+0000] {subprocess.py:93} INFO - 82/100 LAUSDT lưu OK
[2025-08-17T12:32:59.067+0000] {subprocess.py:93} INFO - ⚠️ ZKUSDT lỗi lần 3/3: HTTPSConnectionPool(host='api.binance.com', port=443): Max retries exceeded with url: /api/v3/klines?symbol=ZKUSDT&interval=1m&limit=100 (Caused by ConnectTimeoutError(<urllib3.connection.HTTPSConnection object at 0x7fd27024cdf0>, 'Connection to api.binance.com timed out. (connect timeout=15)'))
[2025-08-17T12:32:59.067+0000] {subprocess.py:93} INFO - ✅ SHIBUSDT: thêm 8 dòng mới
[2025-08-17T12:32:59.067+0000] {subprocess.py:93} INFO - 83/100 SHIBUSDT lưu OK
[2025-08-17T12:32:59.068+0000] {subprocess.py:93} INFO - ✅ PNUTUSDT: thêm 8 dòng mới
[2025-08-17T12:32:59.068+0000] {subprocess.py:93} INFO - 84/100 PNUTUSDT lưu OK
[2025-08-17T12:32:59.069+0000] {subprocess.py:93} INFO - 85/100 ZKUSDT bỏ qua (fail)
[2025-08-17T12:32:59.069+0000] {subprocess.py:93} INFO - ⚠️ ERAUSDT lỗi lần 1/3: HTTPSConnectionPool(host='api.binance.com', port=443): Max retries exceeded with url: /api/v3/klines?symbol=ERAUSDT&interval=1m&limit=100 (Caused by ConnectTimeoutError(<urllib3.connection.HTTPSConnection object at 0x7fd2702065f0>, 'Connection to api.binance.com timed out. (connect timeout=15)'))
[2025-08-17T12:32:59.069+0000] {subprocess.py:93} INFO - ✅ CFXUSDT: thêm 9 dòng mới
[2025-08-17T12:32:59.070+0000] {subprocess.py:93} INFO - 86/100 CFXUSDT lưu OK
[2025-08-17T12:32:59.070+0000] {subprocess.py:93} INFO - 87/100 MKRUSDT lỗi: relation "cryptocurrency.mkrusdt" does not exist
[2025-08-17T12:32:59.070+0000] {subprocess.py:93} INFO - LINE 1: SELECT MAX(time) FROM cryptocurrency.mkrusdt;
[2025-08-17T12:32:59.071+0000] {subprocess.py:93} INFO -                               ^
[2025-08-17T12:32:59.071+0000] {subprocess.py:93} INFO - 
[2025-08-17T12:32:59.072+0000] {subprocess.py:93} INFO - ✅ ERAUSDT: thêm 9 dòng mới
[2025-08-17T12:32:59.072+0000] {subprocess.py:93} INFO - 88/100 ERAUSDT lưu OK
[2025-08-17T12:32:59.072+0000] {subprocess.py:93} INFO - ✅ ENSUSDT: thêm 8 dòng mới
[2025-08-17T12:32:59.073+0000] {subprocess.py:93} INFO - 89/100 ENSUSDT lưu OK
[2025-08-17T12:32:59.073+0000] {subprocess.py:93} INFO - 90/100 INJUSDT lỗi: connection to server at "videv.cloud" (27.74.74.29), port 5432 failed: Connection timed out
[2025-08-17T12:32:59.073+0000] {subprocess.py:93} INFO - 	Is the server running on that host and accepting TCP/IP connections?
[2025-08-17T12:32:59.074+0000] {subprocess.py:93} INFO - 
[2025-08-17T12:32:59.074+0000] {subprocess.py:93} INFO - 91/100 HOTUSDT lỗi: relation "cryptocurrency.hotusdt" does not exist
[2025-08-17T12:32:59.074+0000] {subprocess.py:93} INFO - LINE 1: SELECT MAX(time) FROM cryptocurrency.hotusdt;
[2025-08-17T12:32:59.075+0000] {subprocess.py:93} INFO -                               ^
[2025-08-17T12:32:59.075+0000] {subprocess.py:93} INFO - 
[2025-08-17T12:32:59.075+0000] {subprocess.py:93} INFO - 92/100 VETUSDT lỗi: relation "cryptocurrency.vetusdt" does not exist
[2025-08-17T12:32:59.076+0000] {subprocess.py:93} INFO - LINE 1: SELECT MAX(time) FROM cryptocurrency.vetusdt;
[2025-08-17T12:32:59.076+0000] {subprocess.py:93} INFO -                               ^
[2025-08-17T12:32:59.077+0000] {subprocess.py:93} INFO - 
[2025-08-17T12:32:59.077+0000] {subprocess.py:93} INFO - 93/100 TREEUSDT lỗi: relation "cryptocurrency.treeusdt" does not exist
[2025-08-17T12:32:59.077+0000] {subprocess.py:93} INFO - LINE 1: SELECT MAX(time) FROM cryptocurrency.treeusdt;
[2025-08-17T12:32:59.078+0000] {subprocess.py:93} INFO -                               ^
[2025-08-17T12:32:59.078+0000] {subprocess.py:93} INFO - 
[2025-08-17T12:32:59.078+0000] {subprocess.py:93} INFO - ✅ ARKMUSDT: thêm 8 dòng mới
[2025-08-17T12:32:59.079+0000] {subprocess.py:93} INFO - 94/100 ARKMUSDT lưu OK
[2025-08-17T12:32:59.079+0000] {subprocess.py:93} INFO - ⚠️ EURUSDT lỗi lần 1/3: HTTPSConnectionPool(host='api.binance.com', port=443): Max retries exceeded with url: /api/v3/klines?symbol=EURUSDT&interval=1m&limit=100 (Caused by ConnectTimeoutError(<urllib3.connection.HTTPSConnection object at 0x7fd270245900>, 'Connection to api.binance.com timed out. (connect timeout=15)'))
[2025-08-17T12:32:59.079+0000] {subprocess.py:93} INFO - 95/100 CAKEUSDT lỗi: connection to server at "videv.cloud" (27.74.74.29), port 5432 failed: Connection timed out
[2025-08-17T12:32:59.080+0000] {subprocess.py:93} INFO - 	Is the server running on that host and accepting TCP/IP connections?
[2025-08-17T12:32:59.080+0000] {subprocess.py:93} INFO - 
[2025-08-17T12:32:59.080+0000] {subprocess.py:93} INFO - ⚠️ EURUSDT lỗi lần 2/3: HTTPSConnectionPool(host='api.binance.com', port=443): Max retries exceeded with url: /api/v3/klines?symbol=EURUSDT&interval=1m&limit=100 (Caused by ConnectTimeoutError(<urllib3.connection.HTTPSConnection object at 0x7fd270205720>, 'Connection to api.binance.com timed out. (connect timeout=15)'))
[2025-08-17T12:32:59.081+0000] {subprocess.py:93} INFO - ⚠️ EURUSDT lỗi lần 3/3: HTTPSConnectionPool(host='api.binance.com', port=443): Max retries exceeded with url: /api/v3/klines?symbol=EURUSDT&interval=1m&limit=100 (Caused by ConnectTimeoutError(<urllib3.connection.HTTPSConnection object at 0x7fd270204490>, 'Connection to api.binance.com timed out. (connect timeout=15)'))
[2025-08-17T12:32:59.081+0000] {subprocess.py:93} INFO - 96/100 EURUSDT bỏ qua (fail)
[2025-08-17T12:32:59.081+0000] {subprocess.py:93} INFO - 97/100 BIOUSDT lỗi: connection to server at "videv.cloud" (27.74.74.29), port 5432 failed: Connection timed out
[2025-08-17T12:32:59.082+0000] {subprocess.py:93} INFO - 	Is the server running on that host and accepting TCP/IP connections?
[2025-08-17T12:32:59.082+0000] {subprocess.py:93} INFO - 
[2025-08-17T12:32:59.083+0000] {subprocess.py:93} INFO - 98/100 STRKUSDT lỗi: connection to server at "videv.cloud" (27.74.74.29), port 5432 failed: Connection timed out
[2025-08-17T12:32:59.083+0000] {subprocess.py:93} INFO - 	Is the server running on that host and accepting TCP/IP connections?
[2025-08-17T12:32:59.083+0000] {subprocess.py:93} INFO - 
[2025-08-17T12:32:59.084+0000] {subprocess.py:93} INFO - 99/100 SPKUSDT lỗi: connection to server at "videv.cloud" (27.74.74.29), port 5432 failed: Connection timed out
[2025-08-17T12:32:59.084+0000] {subprocess.py:93} INFO - 	Is the server running on that host and accepting TCP/IP connections?
[2025-08-17T12:32:59.084+0000] {subprocess.py:93} INFO - 
[2025-08-17T12:32:59.085+0000] {subprocess.py:93} INFO - 100/100 ICPUSDT lỗi: connection to server at "videv.cloud" (27.74.74.29), port 5432 failed: Connection timed out
[2025-08-17T12:32:59.085+0000] {subprocess.py:93} INFO - 	Is the server running on that host and accepting TCP/IP connections?
[2025-08-17T12:32:59.085+0000] {subprocess.py:93} INFO - 
[2025-08-17T12:32:59.208+0000] {subprocess.py:97} INFO - Command exited with return code 0
[2025-08-17T12:32:59.209+0000] {taskinstance.py:441} INFO - ::group::Post task execution logs
[2025-08-17T12:32:59.238+0000] {taskinstance.py:1206} INFO - Marking task as SUCCESS. dag_id=crypto_collector_dag, task_id=run_crypto_collector, run_id=scheduled__2025-08-17T12:24:00+00:00, execution_date=20250817T122400, start_date=20250817T122516, end_date=20250817T123259
[2025-08-17T12:32:59.274+0000] {local_task_job_runner.py:240} INFO - Task exited with return code 0
[2025-08-17T12:32:59.300+0000] {taskinstance.py:3498} INFO - 0 downstream tasks scheduled from follow-on schedule check
[2025-08-17T12:32:59.301+0000] {local_task_job_runner.py:222} INFO - ::endgroup::
