[2025-09-01T06:41:01.879+0000] {local_task_job_runner.py:120} INFO - ::group::Pre task execution logs
[2025-09-01T06:41:01.934+0000] {taskinstance.py:2076} INFO - Dependencies all met for dep_context=non-requeueable deps ti=<TaskInstance: crypto_collector_dag.run_crypto_collector scheduled__2025-09-01T06:40:00+00:00 [queued]>
[2025-09-01T06:41:01.953+0000] {taskinstance.py:2076} INFO - Dependencies all met for dep_context=requeueable deps ti=<TaskInstance: crypto_collector_dag.run_crypto_collector scheduled__2025-09-01T06:40:00+00:00 [queued]>
[2025-09-01T06:41:01.954+0000] {taskinstance.py:2306} INFO - Starting attempt 1 of 2
[2025-09-01T06:41:01.980+0000] {taskinstance.py:2330} INFO - Executing <Task(BashOperator): run_crypto_collector> on 2025-09-01 06:40:00+00:00
[2025-09-01T06:41:02.000+0000] {standard_task_runner.py:63} INFO - Started process 2272057 to run task
[2025-09-01T06:41:02.005+0000] {standard_task_runner.py:90} INFO - Running: ['***', 'tasks', 'run', 'crypto_collector_dag', 'run_crypto_collector', 'scheduled__2025-09-01T06:40:00+00:00', '--job-id', '38511', '--raw', '--subdir', 'DAGS_FOLDER/crawl_crypto/dags_crypto.py', '--cfg-path', '/tmp/tmpw3r3_5g0']
[2025-09-01T06:41:02.006+0000] {standard_task_runner.py:91} INFO - Job 38511: Subtask run_crypto_collector
[2025-09-01T06:41:02.130+0000] {task_command.py:426} INFO - Running <TaskInstance: crypto_collector_dag.run_crypto_collector scheduled__2025-09-01T06:40:00+00:00 [running]> on host 1877907bc043
[2025-09-01T06:41:02.321+0000] {taskinstance.py:2648} INFO - Exporting env vars: AIRFLOW_CTX_DAG_OWNER='***' AIRFLOW_CTX_DAG_ID='crypto_collector_dag' AIRFLOW_CTX_TASK_ID='run_crypto_collector' AIRFLOW_CTX_EXECUTION_DATE='2025-09-01T06:40:00+00:00' AIRFLOW_CTX_TRY_NUMBER='1' AIRFLOW_CTX_DAG_RUN_ID='scheduled__2025-09-01T06:40:00+00:00'
[2025-09-01T06:41:02.323+0000] {taskinstance.py:430} INFO - ::endgroup::
[2025-09-01T06:41:02.362+0000] {subprocess.py:63} INFO - Tmp dir root location: /tmp
[2025-09-01T06:41:02.364+0000] {subprocess.py:75} INFO - Running command: ['/usr/bin/bash', '-c', 'python3 /opt/***/dags/crawl_crypto/crawl_data_crypto.py']
[2025-09-01T06:41:02.391+0000] {subprocess.py:86} INFO - Output:
[2025-09-01T06:41:09.471+0000] {subprocess.py:93} INFO - 🔹 Kết nối DB...
[2025-09-01T06:41:09.472+0000] {subprocess.py:93} INFO - 🔹 Lấy top 100 crypto...
[2025-09-01T06:41:09.473+0000] {subprocess.py:93} INFO - Top 100: ['ETHUSDT', 'BTCUSDT', 'USDCUSDT', 'SOLUSDT', 'FDUSDUSDT', 'XRPUSDT', 'DOGEUSDT', 'LINKUSDT', 'BNBUSDT', 'TRUMPUSDT', 'USD1USDT', 'TRXUSDT', 'SUIUSDT', 'POLUSDT', 'ADAUSDT', 'PLUMEUSDT', 'DOLOUSDT', 'ENAUSDT', 'PEPEUSDT', 'FORMUSDT', 'MITOUSDT', 'LRCUSDT', 'BONKUSDT', 'PENGUUSDT', 'ARBUSDT', 'AVAXUSDT', 'UNIUSDT', 'PYTHUSDT', 'BIOUSDT', 'LTCUSDT', 'AAVEUSDT', 'HBARUSDT', 'CUSDT', 'IDEXUSDT', 'DOTUSDT', 'CFXUSDT', 'AXSUSDT', 'RAYUSDT', 'MAVUSDT', 'XLMUSDT', 'NEARUSDT', 'PAXGUSDT', 'SKLUSDT', 'PENDLEUSDT', 'LDOUSDT', 'OPUSDT', 'SEIUSDT', 'ONDOUSDT', 'WIFUSDT', 'WLDUSDT', 'FLOWUSDT', 'KERNELUSDT', 'BCHUSDT', 'QTUMUSDT', 'ETHFIUSDT', 'ZRXUSDT', 'SUSDT', 'NMRUSDT', 'ENSUSDT', 'BERAUSDT', 'SYRUPUSDT', 'CRVUSDT', 'RLCUSDT', 'TREEUSDT', 'APTUSDT', 'FLOKIUSDT', 'TAOUSDT', 'FILUSDT', 'SHIBUSDT', 'TONUSDT', 'ICPUSDT', 'TIAUSDT', 'GALAUSDT', 'CYBERUSDT', 'NEIROUSDT', 'MDTUSDT', 'INJUSDT', 'ETCUSDT', 'PNUTUSDT', 'EURUSDT', 'BFUSDUSDT', 'VIRTUALUSDT', 'FETUSDT', 'ARKMUSDT', 'JOEUSDT', 'RUNEUSDT', 'NEOUSDT', 'MEMEUSDT', 'WUSDT', 'ALGOUSDT', 'OMUSDT', 'CAKEUSDT', 'XUSDUSDT', 'WBTCUSDT', 'AIUSDT', 'SPKUSDT', 'PROVEUSDT', 'REDUSDT', 'RENDERUSDT', 'ATOMUSDT']
[2025-09-01T06:41:09.473+0000] {subprocess.py:93} INFO - 🔹 Lưu lịch sử giá vào DB bằng threading...
[2025-09-01T06:41:09.474+0000] {subprocess.py:93} INFO - ✅ BTCUSDT: thêm 1 dòng mới
[2025-09-01T06:41:09.474+0000] {subprocess.py:93} INFO - ✅ XRPUSDT: thêm 1 dòng mới
[2025-09-01T06:41:09.474+0000] {subprocess.py:93} INFO - 1/100 BTCUSDT lưu OK
[2025-09-01T06:41:09.475+0000] {subprocess.py:93} INFO - 2/100 XRPUSDT lưu OK
[2025-09-01T06:41:09.475+0000] {subprocess.py:93} INFO - ✅ TRUMPUSDT: thêm 1 dòng mới
[2025-09-01T06:41:09.475+0000] {subprocess.py:93} INFO - 3/100 TRUMPUSDT lưu OK
[2025-09-01T06:41:09.476+0000] {subprocess.py:93} INFO - ✅ FDUSDUSDT: thêm 1 dòng mới
[2025-09-01T06:41:09.476+0000] {subprocess.py:93} INFO - 4/100 FDUSDUSDT lưu OK
[2025-09-01T06:41:09.477+0000] {subprocess.py:93} INFO - ✅ USDCUSDT: thêm 1 dòng mới
[2025-09-01T06:41:09.477+0000] {subprocess.py:93} INFO - 5/100 USDCUSDT lưu OK
[2025-09-01T06:41:09.477+0000] {subprocess.py:93} INFO - ✅ DOGEUSDT: thêm 1 dòng mới
[2025-09-01T06:41:09.477+0000] {subprocess.py:93} INFO - 6/100 DOGEUSDT lưu OK
[2025-09-01T06:41:09.478+0000] {subprocess.py:93} INFO - ✅ ETHUSDT: thêm 1 dòng mới
[2025-09-01T06:41:09.478+0000] {subprocess.py:93} INFO - 7/100 ETHUSDT lưu OK
[2025-09-01T06:41:09.478+0000] {subprocess.py:93} INFO - ✅ SOLUSDT: thêm 1 dòng mới
[2025-09-01T06:41:09.479+0000] {subprocess.py:93} INFO - 8/100 SOLUSDT lưu OK
[2025-09-01T06:41:09.479+0000] {subprocess.py:93} INFO - ✅ TRXUSDT: thêm 1 dòng mới
[2025-09-01T06:41:09.479+0000] {subprocess.py:93} INFO - 9/100 TRXUSDT lưu OK
[2025-09-01T06:41:09.479+0000] {subprocess.py:93} INFO - 10/100 USD1USDT lỗi: relation "cryptocurrency.usd1usdt" does not exist
[2025-09-01T06:41:09.480+0000] {subprocess.py:93} INFO - LINE 1: SELECT MAX(time) FROM cryptocurrency.usd1usdt;
[2025-09-01T06:41:09.480+0000] {subprocess.py:93} INFO -                               ^
[2025-09-01T06:41:09.480+0000] {subprocess.py:93} INFO - 
[2025-09-01T06:41:09.481+0000] {subprocess.py:93} INFO - ✅ BNBUSDT: thêm 1 dòng mới
[2025-09-01T06:41:09.481+0000] {subprocess.py:93} INFO - 11/100 BNBUSDT lưu OK
[2025-09-01T06:41:09.481+0000] {subprocess.py:93} INFO - ✅ LINKUSDT: thêm 1 dòng mới
[2025-09-01T06:41:09.481+0000] {subprocess.py:93} INFO - 12/100 LINKUSDT lưu OK
[2025-09-01T06:41:09.482+0000] {subprocess.py:93} INFO - ✅ SUIUSDT: thêm 1 dòng mới
[2025-09-01T06:41:09.482+0000] {subprocess.py:93} INFO - 13/100 SUIUSDT lưu OK
[2025-09-01T06:41:09.482+0000] {subprocess.py:93} INFO - ✅ POLUSDT: thêm 1 dòng mới
[2025-09-01T06:41:09.482+0000] {subprocess.py:93} INFO - 14/100 POLUSDT lưu OK
[2025-09-01T06:41:09.483+0000] {subprocess.py:93} INFO - 15/100 PLUMEUSDT lỗi: relation "cryptocurrency.plumeusdt" does not exist
[2025-09-01T06:41:09.483+0000] {subprocess.py:93} INFO - LINE 1: SELECT MAX(time) FROM cryptocurrency.plumeusdt;
[2025-09-01T06:41:09.483+0000] {subprocess.py:93} INFO -                               ^
[2025-09-01T06:41:09.484+0000] {subprocess.py:93} INFO - 
[2025-09-01T06:41:09.484+0000] {subprocess.py:93} INFO - ✅ ADAUSDT: thêm 1 dòng mới
[2025-09-01T06:41:09.484+0000] {subprocess.py:93} INFO - 16/100 ADAUSDT lưu OK
[2025-09-01T06:41:09.484+0000] {subprocess.py:93} INFO - ✅ ENAUSDT: thêm 1 dòng mới
[2025-09-01T06:41:09.485+0000] {subprocess.py:93} INFO - 17/100 ENAUSDT lưu OK
[2025-09-01T06:41:09.485+0000] {subprocess.py:93} INFO - 18/100 DOLOUSDT lỗi: relation "cryptocurrency.dolousdt" does not exist
[2025-09-01T06:41:09.485+0000] {subprocess.py:93} INFO - LINE 1: SELECT MAX(time) FROM cryptocurrency.dolousdt;
[2025-09-01T06:41:09.485+0000] {subprocess.py:93} INFO -                               ^
[2025-09-01T06:41:09.486+0000] {subprocess.py:93} INFO - 
[2025-09-01T06:41:09.486+0000] {subprocess.py:93} INFO - 19/100 FORMUSDT lỗi: relation "cryptocurrency.formusdt" does not exist
[2025-09-01T06:41:09.486+0000] {subprocess.py:93} INFO - LINE 1: SELECT MAX(time) FROM cryptocurrency.formusdt;
[2025-09-01T06:41:09.486+0000] {subprocess.py:93} INFO -                               ^
[2025-09-01T06:41:09.487+0000] {subprocess.py:93} INFO - 
[2025-09-01T06:41:09.487+0000] {subprocess.py:93} INFO - 20/100 MITOUSDT lỗi: relation "cryptocurrency.mitousdt" does not exist
[2025-09-01T06:41:09.487+0000] {subprocess.py:93} INFO - LINE 1: SELECT MAX(time) FROM cryptocurrency.mitousdt;
[2025-09-01T06:41:09.487+0000] {subprocess.py:93} INFO -                               ^
[2025-09-01T06:41:09.487+0000] {subprocess.py:93} INFO - 
[2025-09-01T06:41:09.488+0000] {subprocess.py:93} INFO - ✅ BONKUSDT: thêm 1 dòng mới
[2025-09-01T06:41:09.488+0000] {subprocess.py:93} INFO - 21/100 BONKUSDT lưu OK
[2025-09-01T06:41:09.488+0000] {subprocess.py:93} INFO - ✅ LRCUSDT: thêm 1 dòng mới
[2025-09-01T06:41:09.489+0000] {subprocess.py:93} INFO - 22/100 LRCUSDT lưu OK
[2025-09-01T06:41:09.489+0000] {subprocess.py:93} INFO - ✅ PEPEUSDT: thêm 1 dòng mới
[2025-09-01T06:41:09.489+0000] {subprocess.py:93} INFO - 23/100 PEPEUSDT lưu OK
[2025-09-01T06:41:09.489+0000] {subprocess.py:93} INFO - ✅ ARBUSDT: thêm 1 dòng mới
[2025-09-01T06:41:09.490+0000] {subprocess.py:93} INFO - 24/100 ARBUSDT lưu OK
[2025-09-01T06:41:09.490+0000] {subprocess.py:93} INFO - ✅ AVAXUSDT: thêm 1 dòng mới
[2025-09-01T06:41:09.490+0000] {subprocess.py:93} INFO - 25/100 AVAXUSDT lưu OK
[2025-09-01T06:41:09.491+0000] {subprocess.py:93} INFO - 26/100 PYTHUSDT lỗi: relation "cryptocurrency.pythusdt" does not exist
[2025-09-01T06:41:09.491+0000] {subprocess.py:93} INFO - LINE 1: SELECT MAX(time) FROM cryptocurrency.pythusdt;
[2025-09-01T06:41:09.491+0000] {subprocess.py:93} INFO -                               ^
[2025-09-01T06:41:09.492+0000] {subprocess.py:93} INFO - 
[2025-09-01T06:41:09.492+0000] {subprocess.py:93} INFO - ✅ PENGUUSDT: thêm 1 dòng mới
[2025-09-01T06:41:09.492+0000] {subprocess.py:93} INFO - 27/100 PENGUUSDT lưu OK
[2025-09-01T06:41:09.492+0000] {subprocess.py:93} INFO - ✅ LTCUSDT: thêm 1 dòng mới
[2025-09-01T06:41:09.493+0000] {subprocess.py:93} INFO - 28/100 LTCUSDT lưu OK
[2025-09-01T06:41:09.493+0000] {subprocess.py:93} INFO - 29/100 CUSDT lỗi: relation "cryptocurrency.cusdt" does not exist
[2025-09-01T06:41:09.493+0000] {subprocess.py:93} INFO - LINE 1: SELECT MAX(time) FROM cryptocurrency.cusdt;
[2025-09-01T06:41:09.493+0000] {subprocess.py:93} INFO -                               ^
[2025-09-01T06:41:09.494+0000] {subprocess.py:93} INFO - 
[2025-09-01T06:41:09.494+0000] {subprocess.py:93} INFO - ✅ AAVEUSDT: thêm 1 dòng mới
[2025-09-01T06:41:09.494+0000] {subprocess.py:93} INFO - 30/100 AAVEUSDT lưu OK
[2025-09-01T06:41:09.494+0000] {subprocess.py:93} INFO - 31/100 BIOUSDT lỗi: relation "cryptocurrency.biousdt" does not exist
[2025-09-01T06:41:09.495+0000] {subprocess.py:93} INFO - LINE 1: SELECT MAX(time) FROM cryptocurrency.biousdt;
[2025-09-01T06:41:09.495+0000] {subprocess.py:93} INFO -                               ^
[2025-09-01T06:41:09.495+0000] {subprocess.py:93} INFO - 
[2025-09-01T06:41:09.495+0000] {subprocess.py:93} INFO - ✅ UNIUSDT: thêm 1 dòng mới
[2025-09-01T06:41:09.496+0000] {subprocess.py:93} INFO - 32/100 UNIUSDT lưu OK
[2025-09-01T06:41:09.496+0000] {subprocess.py:93} INFO - 33/100 AXSUSDT lỗi: relation "cryptocurrency.axsusdt" does not exist
[2025-09-01T06:41:09.496+0000] {subprocess.py:93} INFO - LINE 1: SELECT MAX(time) FROM cryptocurrency.axsusdt;
[2025-09-01T06:41:09.496+0000] {subprocess.py:93} INFO -                               ^
[2025-09-01T06:41:09.497+0000] {subprocess.py:93} INFO - 
[2025-09-01T06:41:09.497+0000] {subprocess.py:93} INFO - 34/100 IDEXUSDT lỗi: relation "cryptocurrency.idexusdt" does not exist
[2025-09-01T06:41:09.497+0000] {subprocess.py:93} INFO - LINE 1: SELECT MAX(time) FROM cryptocurrency.idexusdt;
[2025-09-01T06:41:09.497+0000] {subprocess.py:93} INFO -                               ^
[2025-09-01T06:41:09.498+0000] {subprocess.py:93} INFO - 
[2025-09-01T06:41:09.498+0000] {subprocess.py:93} INFO - ✅ HBARUSDT: thêm 1 dòng mới
[2025-09-01T06:41:09.498+0000] {subprocess.py:93} INFO - ✅ CFXUSDT: thêm 1 dòng mới
[2025-09-01T06:41:09.498+0000] {subprocess.py:93} INFO - 35/100 HBARUSDT lưu OK
[2025-09-01T06:41:09.499+0000] {subprocess.py:93} INFO - 36/100 CFXUSDT lưu OK
[2025-09-01T06:41:09.499+0000] {subprocess.py:93} INFO - ✅ DOTUSDT: thêm 1 dòng mới
[2025-09-01T06:41:09.499+0000] {subprocess.py:93} INFO - 37/100 DOTUSDT lưu OK
[2025-09-01T06:41:09.499+0000] {subprocess.py:93} INFO - ✅ NEARUSDT: thêm 1 dòng mới
[2025-09-01T06:41:09.500+0000] {subprocess.py:93} INFO - 38/100 NEARUSDT lưu OK
[2025-09-01T06:41:09.500+0000] {subprocess.py:93} INFO - ✅ MAVUSDT: thêm 1 dòng mới
[2025-09-01T06:41:09.500+0000] {subprocess.py:93} INFO - 39/100 MAVUSDT lưu OK
[2025-09-01T06:41:09.500+0000] {subprocess.py:93} INFO - 40/100 PAXGUSDT lỗi: relation "cryptocurrency.paxgusdt" does not exist
[2025-09-01T06:41:09.500+0000] {subprocess.py:93} INFO - LINE 1: SELECT MAX(time) FROM cryptocurrency.paxgusdt;
[2025-09-01T06:41:09.501+0000] {subprocess.py:93} INFO -                               ^
[2025-09-01T06:41:09.501+0000] {subprocess.py:93} INFO - 
[2025-09-01T06:41:09.501+0000] {subprocess.py:93} INFO - ✅ RAYUSDT: thêm 1 dòng mới
[2025-09-01T06:41:09.501+0000] {subprocess.py:93} INFO - 41/100 RAYUSDT lưu OK
[2025-09-01T06:41:09.502+0000] {subprocess.py:93} INFO - ✅ PENDLEUSDT: thêm 1 dòng mới
[2025-09-01T06:41:09.502+0000] {subprocess.py:93} INFO - 42/100 PENDLEUSDT lưu OK
[2025-09-01T06:41:09.502+0000] {subprocess.py:93} INFO - ✅ SKLUSDT: thêm 1 dòng mới
[2025-09-01T06:41:09.502+0000] {subprocess.py:93} INFO - 43/100 SKLUSDT lưu OK
[2025-09-01T06:41:09.503+0000] {subprocess.py:93} INFO - ✅ SEIUSDT: thêm 1 dòng mới
[2025-09-01T06:41:09.503+0000] {subprocess.py:93} INFO - 44/100 SEIUSDT lưu OK
[2025-09-01T06:41:09.503+0000] {subprocess.py:93} INFO - ✅ OPUSDT: thêm 1 dòng mới
[2025-09-01T06:41:09.503+0000] {subprocess.py:93} INFO - 45/100 OPUSDT lưu OK
[2025-09-01T06:41:09.504+0000] {subprocess.py:93} INFO - ✅ LDOUSDT: thêm 1 dòng mới
[2025-09-01T06:41:09.504+0000] {subprocess.py:93} INFO - 46/100 LDOUSDT lưu OK
[2025-09-01T06:41:09.504+0000] {subprocess.py:93} INFO - ✅ ONDOUSDT: thêm 1 dòng mới
[2025-09-01T06:41:09.505+0000] {subprocess.py:93} INFO - 47/100 ONDOUSDT lưu OK
[2025-09-01T06:41:09.505+0000] {subprocess.py:93} INFO - ✅ XLMUSDT: thêm 1 dòng mới
[2025-09-01T06:41:09.505+0000] {subprocess.py:93} INFO - 48/100 XLMUSDT lưu OK
[2025-09-01T06:41:09.505+0000] {subprocess.py:93} INFO - ✅ WIFUSDT: thêm 1 dòng mới
[2025-09-01T06:41:09.506+0000] {subprocess.py:93} INFO - 49/100 WIFUSDT lưu OK
[2025-09-01T06:41:09.506+0000] {subprocess.py:93} INFO - ✅ WLDUSDT: thêm 1 dòng mới
[2025-09-01T06:41:09.507+0000] {subprocess.py:93} INFO - 50/100 WLDUSDT lưu OK
[2025-09-01T06:41:09.507+0000] {subprocess.py:93} INFO - 51/100 FLOWUSDT lỗi: relation "cryptocurrency.flowusdt" does not exist
[2025-09-01T06:41:09.507+0000] {subprocess.py:93} INFO - LINE 1: SELECT MAX(time) FROM cryptocurrency.flowusdt;
[2025-09-01T06:41:09.507+0000] {subprocess.py:93} INFO -                               ^
[2025-09-01T06:41:09.508+0000] {subprocess.py:93} INFO - 
[2025-09-01T06:41:09.508+0000] {subprocess.py:93} INFO - ✅ ETHFIUSDT: thêm 1 dòng mới
[2025-09-01T06:41:09.508+0000] {subprocess.py:93} INFO - 52/100 ETHFIUSDT lưu OK
[2025-09-01T06:41:09.508+0000] {subprocess.py:93} INFO - 53/100 QTUMUSDT lỗi: relation "cryptocurrency.qtumusdt" does not exist
[2025-09-01T06:41:09.509+0000] {subprocess.py:93} INFO - LINE 1: SELECT MAX(time) FROM cryptocurrency.qtumusdt;
[2025-09-01T06:41:09.509+0000] {subprocess.py:93} INFO -                               ^
[2025-09-01T06:41:09.509+0000] {subprocess.py:93} INFO - 
[2025-09-01T06:41:09.509+0000] {subprocess.py:93} INFO - 54/100 KERNELUSDT lỗi: relation "cryptocurrency.kernelusdt" does not exist
[2025-09-01T06:41:09.510+0000] {subprocess.py:93} INFO - LINE 1: SELECT MAX(time) FROM cryptocurrency.kernelusdt;
[2025-09-01T06:41:09.510+0000] {subprocess.py:93} INFO -                               ^
[2025-09-01T06:41:09.510+0000] {subprocess.py:93} INFO - 
[2025-09-01T06:41:09.510+0000] {subprocess.py:93} INFO - 55/100 ZRXUSDT lỗi: relation "cryptocurrency.zrxusdt" does not exist
[2025-09-01T06:41:09.511+0000] {subprocess.py:93} INFO - LINE 1: SELECT MAX(time) FROM cryptocurrency.zrxusdt;
[2025-09-01T06:41:09.511+0000] {subprocess.py:93} INFO -                               ^
[2025-09-01T06:41:09.511+0000] {subprocess.py:93} INFO - 
[2025-09-01T06:41:09.511+0000] {subprocess.py:93} INFO - ✅ BCHUSDT: thêm 1 dòng mới
[2025-09-01T06:41:09.511+0000] {subprocess.py:93} INFO - 56/100 BCHUSDT lưu OK
[2025-09-01T06:41:09.512+0000] {subprocess.py:93} INFO - ✅ ENSUSDT: thêm 1 dòng mới
[2025-09-01T06:41:09.512+0000] {subprocess.py:93} INFO - ✅ SUSDT: thêm 1 dòng mới
[2025-09-01T06:41:09.512+0000] {subprocess.py:93} INFO - 57/100 ENSUSDT lưu OK
[2025-09-01T06:41:09.513+0000] {subprocess.py:93} INFO - 58/100 SUSDT lưu OK
[2025-09-01T06:41:09.513+0000] {subprocess.py:93} INFO - 59/100 NMRUSDT lỗi: relation "cryptocurrency.nmrusdt" does not exist
[2025-09-01T06:41:09.513+0000] {subprocess.py:93} INFO - LINE 1: SELECT MAX(time) FROM cryptocurrency.nmrusdt;
[2025-09-01T06:41:09.513+0000] {subprocess.py:93} INFO -                               ^
[2025-09-01T06:41:09.513+0000] {subprocess.py:93} INFO - 
[2025-09-01T06:41:09.514+0000] {subprocess.py:93} INFO - ✅ BERAUSDT: thêm 1 dòng mới
[2025-09-01T06:41:09.514+0000] {subprocess.py:93} INFO - 60/100 BERAUSDT lưu OK
[2025-09-01T06:41:09.514+0000] {subprocess.py:93} INFO - ✅ SYRUPUSDT: thêm 1 dòng mới
[2025-09-01T06:41:09.514+0000] {subprocess.py:93} INFO - 61/100 SYRUPUSDT lưu OK
[2025-09-01T06:41:09.515+0000] {subprocess.py:93} INFO - ✅ APTUSDT: thêm 1 dòng mới
[2025-09-01T06:41:09.515+0000] {subprocess.py:93} INFO - 62/100 APTUSDT lưu OK
[2025-09-01T06:41:09.515+0000] {subprocess.py:93} INFO - ✅ CRVUSDT: thêm 1 dòng mới
[2025-09-01T06:41:09.515+0000] {subprocess.py:93} INFO - 63/100 CRVUSDT lưu OK
[2025-09-01T06:41:09.516+0000] {subprocess.py:93} INFO - 64/100 RLCUSDT lỗi: relation "cryptocurrency.rlcusdt" does not exist
[2025-09-01T06:41:09.516+0000] {subprocess.py:93} INFO - LINE 1: SELECT MAX(time) FROM cryptocurrency.rlcusdt;
[2025-09-01T06:41:09.516+0000] {subprocess.py:93} INFO -                               ^
[2025-09-01T06:41:09.516+0000] {subprocess.py:93} INFO - 
[2025-09-01T06:41:09.517+0000] {subprocess.py:93} INFO - ✅ TAOUSDT: thêm 1 dòng mới
[2025-09-01T06:41:09.517+0000] {subprocess.py:93} INFO - ✅ FLOKIUSDT: thêm 1 dòng mới
[2025-09-01T06:41:09.517+0000] {subprocess.py:93} INFO - 65/100 TAOUSDT lưu OK
[2025-09-01T06:41:09.517+0000] {subprocess.py:93} INFO - 66/100 FLOKIUSDT lưu OK
[2025-09-01T06:41:09.518+0000] {subprocess.py:93} INFO - 67/100 TREEUSDT lỗi: relation "cryptocurrency.treeusdt" does not exist
[2025-09-01T06:41:09.518+0000] {subprocess.py:93} INFO - LINE 1: SELECT MAX(time) FROM cryptocurrency.treeusdt;
[2025-09-01T06:41:09.518+0000] {subprocess.py:93} INFO -                               ^
[2025-09-01T06:41:09.518+0000] {subprocess.py:93} INFO - 
[2025-09-01T06:41:09.519+0000] {subprocess.py:93} INFO - ✅ GALAUSDT: thêm 1 dòng mới
[2025-09-01T06:41:09.519+0000] {subprocess.py:93} INFO - 68/100 GALAUSDT lưu OK
[2025-09-01T06:41:09.519+0000] {subprocess.py:93} INFO - ✅ TONUSDT: thêm 1 dòng mới
[2025-09-01T06:41:09.519+0000] {subprocess.py:93} INFO - 69/100 TONUSDT lưu OK
[2025-09-01T06:41:09.520+0000] {subprocess.py:93} INFO - 70/100 CYBERUSDT lỗi: relation "cryptocurrency.cyberusdt" does not exist
[2025-09-01T06:41:09.520+0000] {subprocess.py:93} INFO - LINE 1: SELECT MAX(time) FROM cryptocurrency.cyberusdt;
[2025-09-01T06:41:09.520+0000] {subprocess.py:93} INFO -                               ^
[2025-09-01T06:41:09.520+0000] {subprocess.py:93} INFO - 
[2025-09-01T06:41:09.521+0000] {subprocess.py:93} INFO - ✅ SHIBUSDT: thêm 1 dòng mới
[2025-09-01T06:41:09.521+0000] {subprocess.py:93} INFO - 71/100 SHIBUSDT lưu OK
[2025-09-01T06:41:09.521+0000] {subprocess.py:93} INFO - ✅ MDTUSDT: thêm 1 dòng mới
[2025-09-01T06:41:09.521+0000] {subprocess.py:93} INFO - ✅ FILUSDT: thêm 1 dòng mới
[2025-09-01T06:41:09.521+0000] {subprocess.py:93} INFO - 72/100 MDTUSDT lưu OK
[2025-09-01T06:41:09.522+0000] {subprocess.py:93} INFO - 73/100 FILUSDT lưu OK
[2025-09-01T06:41:09.522+0000] {subprocess.py:93} INFO - ✅ ICPUSDT: thêm 1 dòng mới
[2025-09-01T06:41:09.522+0000] {subprocess.py:93} INFO - 74/100 ICPUSDT lưu OK
[2025-09-01T06:41:09.522+0000] {subprocess.py:93} INFO - ✅ NEIROUSDT: thêm 1 dòng mới
[2025-09-01T06:41:09.523+0000] {subprocess.py:93} INFO - 75/100 NEIROUSDT lưu OK
[2025-09-01T06:41:09.523+0000] {subprocess.py:93} INFO - ✅ TIAUSDT: thêm 1 dòng mới
[2025-09-01T06:41:09.523+0000] {subprocess.py:93} INFO - 76/100 TIAUSDT lưu OK
[2025-09-01T06:41:09.523+0000] {subprocess.py:93} INFO - ✅ INJUSDT: thêm 1 dòng mới
[2025-09-01T06:41:09.524+0000] {subprocess.py:93} INFO - 77/100 INJUSDT lưu OK
[2025-09-01T06:41:09.524+0000] {subprocess.py:93} INFO - ✅ ETCUSDT: thêm 1 dòng mới
[2025-09-01T06:41:09.524+0000] {subprocess.py:93} INFO - 78/100 ETCUSDT lưu OK
[2025-09-01T06:41:09.524+0000] {subprocess.py:93} INFO - ✅ PNUTUSDT: thêm 1 dòng mới
[2025-09-01T06:41:09.524+0000] {subprocess.py:93} INFO - 79/100 PNUTUSDT lưu OK
[2025-09-01T06:41:09.525+0000] {subprocess.py:93} INFO - ✅ EURUSDT: thêm 1 dòng mới
[2025-09-01T06:41:09.525+0000] {subprocess.py:93} INFO - 80/100 EURUSDT lưu OK
[2025-09-01T06:41:09.525+0000] {subprocess.py:93} INFO - 81/100 NEOUSDT lỗi: relation "cryptocurrency.neousdt" does not exist
[2025-09-01T06:41:09.525+0000] {subprocess.py:93} INFO - LINE 1: SELECT MAX(time) FROM cryptocurrency.neousdt;
[2025-09-01T06:41:09.525+0000] {subprocess.py:93} INFO -                               ^
[2025-09-01T06:41:09.526+0000] {subprocess.py:93} INFO - 
[2025-09-01T06:41:09.526+0000] {subprocess.py:93} INFO - 82/100 RUNEUSDT lỗi: relation "cryptocurrency.runeusdt" does not exist
[2025-09-01T06:41:09.526+0000] {subprocess.py:93} INFO - LINE 1: SELECT MAX(time) FROM cryptocurrency.runeusdt;
[2025-09-01T06:41:09.526+0000] {subprocess.py:93} INFO -                               ^
[2025-09-01T06:41:09.527+0000] {subprocess.py:93} INFO - 
[2025-09-01T06:41:10.069+0000] {subprocess.py:93} INFO - 83/100 JOEUSDT lỗi: relation "cryptocurrency.joeusdt" does not exist
[2025-09-01T06:41:10.070+0000] {subprocess.py:93} INFO - LINE 1: SELECT MAX(time) FROM cryptocurrency.joeusdt;
[2025-09-01T06:41:10.070+0000] {subprocess.py:93} INFO -                               ^
[2025-09-01T06:41:10.071+0000] {subprocess.py:93} INFO - 
[2025-09-01T06:41:10.072+0000] {subprocess.py:93} INFO - ✅ VIRTUALUSDT: thêm 1 dòng mới
[2025-09-01T06:41:10.072+0000] {subprocess.py:93} INFO - 84/100 VIRTUALUSDT lưu OK
[2025-09-01T06:41:10.073+0000] {subprocess.py:93} INFO - ✅ BFUSDUSDT: thêm 1 dòng mới
[2025-09-01T06:41:10.073+0000] {subprocess.py:93} INFO - 85/100 BFUSDUSDT lưu OK
[2025-09-01T06:41:10.074+0000] {subprocess.py:93} INFO - 86/100 WUSDT lỗi: relation "cryptocurrency.wusdt" does not exist
[2025-09-01T06:41:10.074+0000] {subprocess.py:93} INFO - LINE 1: SELECT MAX(time) FROM cryptocurrency.wusdt;
[2025-09-01T06:41:10.075+0000] {subprocess.py:93} INFO -                               ^
[2025-09-01T06:41:10.076+0000] {subprocess.py:93} INFO - 
[2025-09-01T06:41:10.076+0000] {subprocess.py:93} INFO - ✅ ARKMUSDT: thêm 1 dòng mới
[2025-09-01T06:41:10.077+0000] {subprocess.py:93} INFO - 87/100 ARKMUSDT lưu OK
[2025-09-01T06:41:10.077+0000] {subprocess.py:93} INFO - ✅ FETUSDT: thêm 1 dòng mới
[2025-09-01T06:41:10.078+0000] {subprocess.py:93} INFO - 88/100 FETUSDT lưu OK
[2025-09-01T06:41:10.078+0000] {subprocess.py:93} INFO - ✅ ALGOUSDT: thêm 1 dòng mới
[2025-09-01T06:41:10.079+0000] {subprocess.py:93} INFO - 89/100 ALGOUSDT lưu OK
[2025-09-01T06:41:10.079+0000] {subprocess.py:93} INFO - 90/100 MEMEUSDT lỗi: relation "cryptocurrency.memeusdt" does not exist
[2025-09-01T06:41:10.081+0000] {subprocess.py:93} INFO - LINE 1: SELECT MAX(time) FROM cryptocurrency.memeusdt;
[2025-09-01T06:41:10.081+0000] {subprocess.py:93} INFO -                               ^
[2025-09-01T06:41:10.082+0000] {subprocess.py:93} INFO - 
[2025-09-01T06:41:10.082+0000] {subprocess.py:93} INFO - ✅ OMUSDT: thêm 1 dòng mới
[2025-09-01T06:41:10.083+0000] {subprocess.py:93} INFO - 91/100 OMUSDT lưu OK
[2025-09-01T06:41:10.084+0000] {subprocess.py:93} INFO - ✅ CAKEUSDT: thêm 1 dòng mới
[2025-09-01T06:41:10.084+0000] {subprocess.py:93} INFO - 92/100 CAKEUSDT lưu OK
[2025-09-01T06:41:10.085+0000] {subprocess.py:93} INFO - 93/100 WBTCUSDT lỗi: relation "cryptocurrency.wbtcusdt" does not exist
[2025-09-01T06:41:10.085+0000] {subprocess.py:93} INFO - LINE 1: SELECT MAX(time) FROM cryptocurrency.wbtcusdt;
[2025-09-01T06:41:10.086+0000] {subprocess.py:93} INFO -                               ^
[2025-09-01T06:41:10.086+0000] {subprocess.py:93} INFO - 
[2025-09-01T06:41:10.087+0000] {subprocess.py:93} INFO - 94/100 AIUSDT lỗi: relation "cryptocurrency.aiusdt" does not exist
[2025-09-01T06:41:10.087+0000] {subprocess.py:93} INFO - LINE 1: SELECT MAX(time) FROM cryptocurrency.aiusdt;
[2025-09-01T06:41:10.088+0000] {subprocess.py:93} INFO -                               ^
[2025-09-01T06:41:10.088+0000] {subprocess.py:93} INFO - 
[2025-09-01T06:41:10.089+0000] {subprocess.py:93} INFO - ✅ SPKUSDT: thêm 1 dòng mới
[2025-09-01T06:41:10.089+0000] {subprocess.py:93} INFO - ✅ PROVEUSDT: thêm 1 dòng mới
[2025-09-01T06:41:10.090+0000] {subprocess.py:93} INFO - 95/100 SPKUSDT lưu OK
[2025-09-01T06:41:10.091+0000] {subprocess.py:93} INFO - 96/100 PROVEUSDT lưu OK
[2025-09-01T06:41:10.091+0000] {subprocess.py:93} INFO - 97/100 REDUSDT lỗi: relation "cryptocurrency.redusdt" does not exist
[2025-09-01T06:41:10.092+0000] {subprocess.py:93} INFO - LINE 1: SELECT MAX(time) FROM cryptocurrency.redusdt;
[2025-09-01T06:41:10.092+0000] {subprocess.py:93} INFO -                               ^
[2025-09-01T06:41:10.093+0000] {subprocess.py:93} INFO - 
[2025-09-01T06:41:10.093+0000] {subprocess.py:93} INFO - ✅ XUSDUSDT: thêm 1 dòng mới
[2025-09-01T06:41:10.094+0000] {subprocess.py:93} INFO - 98/100 XUSDUSDT lưu OK
[2025-09-01T06:41:10.095+0000] {subprocess.py:93} INFO - 99/100 ATOMUSDT lỗi: relation "cryptocurrency.atomusdt" does not exist
[2025-09-01T06:41:10.095+0000] {subprocess.py:93} INFO - LINE 1: SELECT MAX(time) FROM cryptocurrency.atomusdt;
[2025-09-01T06:41:10.096+0000] {subprocess.py:93} INFO -                               ^
[2025-09-01T06:41:10.096+0000] {subprocess.py:93} INFO - 
[2025-09-01T06:41:10.097+0000] {subprocess.py:93} INFO - ✅ RENDERUSDT: thêm 1 dòng mới
[2025-09-01T06:41:10.097+0000] {subprocess.py:93} INFO - 100/100 RENDERUSDT lưu OK
[2025-09-01T06:41:10.250+0000] {subprocess.py:97} INFO - Command exited with return code 0
[2025-09-01T06:41:10.251+0000] {taskinstance.py:441} INFO - ::group::Post task execution logs
[2025-09-01T06:41:10.291+0000] {taskinstance.py:1206} INFO - Marking task as SUCCESS. dag_id=crypto_collector_dag, task_id=run_crypto_collector, run_id=scheduled__2025-09-01T06:40:00+00:00, execution_date=20250901T064000, start_date=20250901T064101, end_date=20250901T064110
[2025-09-01T06:41:10.340+0000] {local_task_job_runner.py:240} INFO - Task exited with return code 0
[2025-09-01T06:41:10.370+0000] {taskinstance.py:3498} INFO - 0 downstream tasks scheduled from follow-on schedule check
[2025-09-01T06:41:10.371+0000] {local_task_job_runner.py:222} INFO - ::endgroup::
