[2025-09-01T20:08:01.794+0000] {local_task_job_runner.py:120} INFO - ::group::Pre task execution logs
[2025-09-01T20:08:01.819+0000] {taskinstance.py:2076} INFO - Dependencies all met for dep_context=non-requeueable deps ti=<TaskInstance: market_table_foreign.activity_HNX scheduled__2025-09-01T20:07:00+00:00 [queued]>
[2025-09-01T20:08:01.827+0000] {taskinstance.py:2076} INFO - Dependencies all met for dep_context=requeueable deps ti=<TaskInstance: market_table_foreign.activity_HNX scheduled__2025-09-01T20:07:00+00:00 [queued]>
[2025-09-01T20:08:01.828+0000] {taskinstance.py:2306} INFO - Starting attempt 1 of 11
[2025-09-01T20:08:01.849+0000] {taskinstance.py:2330} INFO - Executing <Task(PythonOperator): activity_HNX> on 2025-09-01 20:07:00+00:00
[2025-09-01T20:08:01.860+0000] {standard_task_runner.py:63} INFO - Started process 2386444 to run task
[2025-09-01T20:08:01.864+0000] {standard_task_runner.py:90} INFO - Running: ['***', 'tasks', 'run', 'market_table_foreign', 'activity_HNX', 'scheduled__2025-09-01T20:07:00+00:00', '--job-id', '48091', '--raw', '--subdir', 'DAGS_FOLDER/dag_market_live.py', '--cfg-path', '/tmp/tmpdc8vbax1']
[2025-09-01T20:08:01.867+0000] {standard_task_runner.py:91} INFO - Job 48091: Subtask activity_HNX
[2025-09-01T20:08:01.917+0000] {task_command.py:426} INFO - Running <TaskInstance: market_table_foreign.activity_HNX scheduled__2025-09-01T20:07:00+00:00 [running]> on host 1877907bc043
[2025-09-01T20:08:02.020+0000] {taskinstance.py:2648} INFO - Exporting env vars: AIRFLOW_CTX_DAG_OWNER='***' AIRFLOW_CTX_DAG_ID='market_table_foreign' AIRFLOW_CTX_TASK_ID='activity_HNX' AIRFLOW_CTX_EXECUTION_DATE='2025-09-01T20:07:00+00:00' AIRFLOW_CTX_TRY_NUMBER='1' AIRFLOW_CTX_DAG_RUN_ID='scheduled__2025-09-01T20:07:00+00:00'
[2025-09-01T20:08:02.021+0000] {taskinstance.py:430} INFO - ::endgroup::
[2025-09-01T20:08:02.035+0000] {activity_HNX.py:17} INFO - Kết nối DB
[2025-09-01T20:08:02.282+0000] {activity_HNX.py:55} ERROR - Lỗi lưu activity_HNX
Traceback (most recent call last):
  File "/opt/airflow/dags/utils/market_data/activity_HNX.py", line 35, in activity_HNX
    point=float(dfindex.loc[dfindex['symbol']=='HNXIndex','point'].values[0])
IndexError: index 0 is out of bounds for axis 0 with size 0
[2025-09-01T20:08:02.283+0000] {python.py:237} INFO - Done. Returned value was: None
[2025-09-01T20:08:02.284+0000] {taskinstance.py:441} INFO - ::group::Post task execution logs
[2025-09-01T20:08:02.294+0000] {taskinstance.py:1206} INFO - Marking task as SUCCESS. dag_id=market_table_foreign, task_id=activity_HNX, run_id=scheduled__2025-09-01T20:07:00+00:00, execution_date=20250901T200700, start_date=20250901T200801, end_date=20250901T200802
[2025-09-01T20:08:02.319+0000] {local_task_job_runner.py:240} INFO - Task exited with return code 0
[2025-09-01T20:08:02.351+0000] {taskinstance.py:3498} INFO - 0 downstream tasks scheduled from follow-on schedule check
[2025-09-01T20:08:02.353+0000] {local_task_job_runner.py:222} INFO - ::endgroup::
