[2025-08-29T05:14:40.646+0000] {local_task_job_runner.py:120} INFO - ::group::Pre task execution logs
[2025-08-29T05:14:40.676+0000] {taskinstance.py:2076} INFO - Dependencies all met for dep_context=non-requeueable deps ti=<TaskInstance: stock_detail_dag.run_stock_details scheduled__2025-08-29T05:13:00+00:00 [queued]>
[2025-08-29T05:14:40.686+0000] {taskinstance.py:2076} INFO - Dependencies all met for dep_context=requeueable deps ti=<TaskInstance: stock_detail_dag.run_stock_details scheduled__2025-08-29T05:13:00+00:00 [queued]>
[2025-08-29T05:14:40.686+0000] {taskinstance.py:2306} INFO - Starting attempt 1 of 2
[2025-08-29T05:14:40.699+0000] {taskinstance.py:2330} INFO - Executing <Task(BashOperator): run_stock_details> on 2025-08-29 05:13:00+00:00
[2025-08-29T05:14:40.706+0000] {standard_task_runner.py:63} INFO - Started process 1806191 to run task
[2025-08-29T05:14:40.710+0000] {standard_task_runner.py:90} INFO - Running: ['***', 'tasks', 'run', 'stock_detail_dag', 'run_stock_details', 'scheduled__2025-08-29T05:13:00+00:00', '--job-id', '32636', '--raw', '--subdir', 'DAGS_FOLDER/stock_detail/dags.py', '--cfg-path', '/tmp/tmp_l2vmlx9']
[2025-08-29T05:14:40.711+0000] {standard_task_runner.py:91} INFO - Job 32636: Subtask run_stock_details
[2025-08-29T05:14:40.792+0000] {task_command.py:426} INFO - Running <TaskInstance: stock_detail_dag.run_stock_details scheduled__2025-08-29T05:13:00+00:00 [running]> on host 1877907bc043
[2025-08-29T05:14:40.914+0000] {taskinstance.py:2648} INFO - Exporting env vars: AIRFLOW_CTX_DAG_OWNER='***' AIRFLOW_CTX_DAG_ID='stock_detail_dag' AIRFLOW_CTX_TASK_ID='run_stock_details' AIRFLOW_CTX_EXECUTION_DATE='2025-08-29T05:13:00+00:00' AIRFLOW_CTX_TRY_NUMBER='1' AIRFLOW_CTX_DAG_RUN_ID='scheduled__2025-08-29T05:13:00+00:00'
[2025-08-29T05:14:40.915+0000] {taskinstance.py:430} INFO - ::endgroup::
[2025-08-29T05:14:40.934+0000] {subprocess.py:63} INFO - Tmp dir root location: /tmp
[2025-08-29T05:14:40.935+0000] {subprocess.py:75} INFO - Running command: ['/usr/bin/bash', '-c', 'python3 /opt/***/dags/stock_detail/stockdetail.py']
[2025-08-29T05:14:40.947+0000] {subprocess.py:86} INFO - Output:
[2025-08-29T05:15:49.863+0000] {subprocess.py:93} INFO - ✅ Đã lưu 566 bản ghi vào history_data.stock_details
[2025-08-29T05:15:49.990+0000] {subprocess.py:97} INFO - Command exited with return code 0
[2025-08-29T05:15:49.991+0000] {taskinstance.py:441} INFO - ::group::Post task execution logs
[2025-08-29T05:15:50.019+0000] {taskinstance.py:1206} INFO - Marking task as SUCCESS. dag_id=stock_detail_dag, task_id=run_stock_details, run_id=scheduled__2025-08-29T05:13:00+00:00, execution_date=20250829T051300, start_date=20250829T051440, end_date=20250829T051550
[2025-08-29T05:15:50.071+0000] {local_task_job_runner.py:240} INFO - Task exited with return code 0
[2025-08-29T05:15:50.098+0000] {taskinstance.py:3498} INFO - 0 downstream tasks scheduled from follow-on schedule check
[2025-08-29T05:15:50.099+0000] {local_task_job_runner.py:222} INFO - ::endgroup::
