[2025-09-05T02:23:01.471+0000] {local_task_job_runner.py:120} INFO - ::group::Pre task execution logs
[2025-09-05T02:23:01.718+0000] {taskinstance.py:2076} INFO - Dependencies all met for dep_context=non-requeueable deps ti=<TaskInstance: liquidity.save_liquidity scheduled__2025-09-05T02:22:00+00:00 [queued]>
[2025-09-05T02:23:01.725+0000] {taskinstance.py:2076} INFO - Dependencies all met for dep_context=requeueable deps ti=<TaskInstance: liquidity.save_liquidity scheduled__2025-09-05T02:22:00+00:00 [queued]>
[2025-09-05T02:23:01.726+0000] {taskinstance.py:2306} INFO - Starting attempt 1 of 11
[2025-09-05T02:23:01.737+0000] {taskinstance.py:2330} INFO - Executing <Task(PythonOperator): save_liquidity> on 2025-09-05 02:22:00+00:00
[2025-09-05T02:23:01.746+0000] {standard_task_runner.py:63} INFO - Started process 3085366 to run task
[2025-09-05T02:23:01.751+0000] {standard_task_runner.py:90} INFO - Running: ['***', 'tasks', 'run', 'liquidity', 'save_liquidity', 'scheduled__2025-09-05T02:22:00+00:00', '--job-id', '107566', '--raw', '--subdir', 'DAGS_FOLDER/dag_liquidity.py', '--cfg-path', '/tmp/tmpzw2b4q6r']
[2025-09-05T02:23:01.754+0000] {standard_task_runner.py:91} INFO - Job 107566: Subtask save_liquidity
[2025-09-05T02:23:01.809+0000] {task_command.py:426} INFO - Running <TaskInstance: liquidity.save_liquidity scheduled__2025-09-05T02:22:00+00:00 [running]> on host 1877907bc043
[2025-09-05T02:23:01.915+0000] {taskinstance.py:2648} INFO - Exporting env vars: AIRFLOW_CTX_DAG_OWNER='***' AIRFLOW_CTX_DAG_ID='liquidity' AIRFLOW_CTX_TASK_ID='save_liquidity' AIRFLOW_CTX_EXECUTION_DATE='2025-09-05T02:22:00+00:00' AIRFLOW_CTX_TRY_NUMBER='1' AIRFLOW_CTX_DAG_RUN_ID='scheduled__2025-09-05T02:22:00+00:00'
[2025-09-05T02:23:01.916+0000] {taskinstance.py:430} INFO - ::endgroup::
[2025-09-05T02:23:02.296+0000] {liquidity.py:93} INFO - Đã lưu liquidity_ALL
[2025-09-05T02:23:02.707+0000] {liquidity.py:93} INFO - Đã lưu liquidity_HOSE
[2025-09-05T02:23:03.066+0000] {liquidity.py:93} INFO - Đã lưu liquidity_HNX
[2025-09-05T02:23:03.318+0000] {liquidity.py:93} INFO - Đã lưu liquidity_UPCOM
[2025-09-05T02:23:03.319+0000] {python.py:237} INFO - Done. Returned value was: None
[2025-09-05T02:23:03.320+0000] {taskinstance.py:441} INFO - ::group::Post task execution logs
[2025-09-05T02:23:03.335+0000] {taskinstance.py:1206} INFO - Marking task as SUCCESS. dag_id=liquidity, task_id=save_liquidity, run_id=scheduled__2025-09-05T02:22:00+00:00, execution_date=20250905T022200, start_date=20250905T022301, end_date=20250905T022303
[2025-09-05T02:23:03.406+0000] {local_task_job_runner.py:240} INFO - Task exited with return code 0
[2025-09-05T02:23:03.446+0000] {taskinstance.py:3498} INFO - 0 downstream tasks scheduled from follow-on schedule check
[2025-09-05T02:23:03.448+0000] {local_task_job_runner.py:222} INFO - ::endgroup::
