[2025-09-08T07:36:02.259+0000] {local_task_job_runner.py:120} INFO - ::group::Pre task execution logs
[2025-09-08T07:36:02.516+0000] {taskinstance.py:2076} INFO - Dependencies all met for dep_context=non-requeueable deps ti=<TaskInstance: liquidity.save_liquidity scheduled__2025-09-08T07:35:00+00:00 [queued]>
[2025-09-08T07:36:02.525+0000] {taskinstance.py:2076} INFO - Dependencies all met for dep_context=requeueable deps ti=<TaskInstance: liquidity.save_liquidity scheduled__2025-09-08T07:35:00+00:00 [queued]>
[2025-09-08T07:36:02.525+0000] {taskinstance.py:2306} INFO - Starting attempt 1 of 11
[2025-09-08T07:36:02.539+0000] {taskinstance.py:2330} INFO - Executing <Task(PythonOperator): save_liquidity> on 2025-09-08 07:35:00+00:00
[2025-09-08T07:36:02.548+0000] {standard_task_runner.py:63} INFO - Started process 338518 to run task
[2025-09-08T07:36:02.552+0000] {standard_task_runner.py:90} INFO - Running: ['***', 'tasks', 'run', 'liquidity', 'save_liquidity', 'scheduled__2025-09-08T07:35:00+00:00', '--job-id', '160662', '--raw', '--subdir', 'DAGS_FOLDER/dag_liquidity.py', '--cfg-path', '/tmp/tmp0lfzd18b']
[2025-09-08T07:36:02.555+0000] {standard_task_runner.py:91} INFO - Job 160662: Subtask save_liquidity
[2025-09-08T07:36:02.611+0000] {task_command.py:426} INFO - Running <TaskInstance: liquidity.save_liquidity scheduled__2025-09-08T07:35:00+00:00 [running]> on host 8d9cea3aac78
[2025-09-08T07:36:02.709+0000] {taskinstance.py:2648} INFO - Exporting env vars: AIRFLOW_CTX_DAG_OWNER='***' AIRFLOW_CTX_DAG_ID='liquidity' AIRFLOW_CTX_TASK_ID='save_liquidity' AIRFLOW_CTX_EXECUTION_DATE='2025-09-08T07:35:00+00:00' AIRFLOW_CTX_TRY_NUMBER='1' AIRFLOW_CTX_DAG_RUN_ID='scheduled__2025-09-08T07:35:00+00:00'
[2025-09-08T07:36:02.710+0000] {taskinstance.py:430} INFO - ::endgroup::
[2025-09-08T07:36:03.085+0000] {liquidity.py:93} INFO - Đã lưu liquidity_ALL
[2025-09-08T07:36:03.355+0000] {liquidity.py:93} INFO - Đã lưu liquidity_HOSE
[2025-09-08T07:36:03.570+0000] {liquidity.py:93} INFO - Đã lưu liquidity_HNX
[2025-09-08T07:36:03.875+0000] {liquidity.py:93} INFO - Đã lưu liquidity_UPCOM
[2025-09-08T07:36:03.875+0000] {python.py:237} INFO - Done. Returned value was: None
[2025-09-08T07:36:03.876+0000] {taskinstance.py:441} INFO - ::group::Post task execution logs
[2025-09-08T07:36:03.890+0000] {taskinstance.py:1206} INFO - Marking task as SUCCESS. dag_id=liquidity, task_id=save_liquidity, run_id=scheduled__2025-09-08T07:35:00+00:00, execution_date=20250908T073500, start_date=20250908T073602, end_date=20250908T073603
[2025-09-08T07:36:03.927+0000] {local_task_job_runner.py:240} INFO - Task exited with return code 0
[2025-09-08T07:36:03.959+0000] {taskinstance.py:3503} INFO - 0 downstream tasks scheduled from follow-on schedule check
[2025-09-08T07:36:03.960+0000] {local_task_job_runner.py:222} INFO - ::endgroup::
