[2025-09-01T10:25:58.718+0000] {local_task_job_runner.py:120} INFO - ::group::Pre task execution logs
[2025-09-01T10:25:58.743+0000] {taskinstance.py:2076} INFO - Dependencies all met for dep_context=non-requeueable deps ti=<TaskInstance: market_table_foreign.foreign_HOSE scheduled__2025-08-31T17:07:00+00:00 [queued]>
[2025-09-01T10:25:58.752+0000] {taskinstance.py:2076} INFO - Dependencies all met for dep_context=requeueable deps ti=<TaskInstance: market_table_foreign.foreign_HOSE scheduled__2025-08-31T17:07:00+00:00 [queued]>
[2025-09-01T10:25:58.753+0000] {taskinstance.py:2306} INFO - Starting attempt 1 of 11
[2025-09-01T10:25:58.766+0000] {taskinstance.py:2330} INFO - Executing <Task(PythonOperator): foreign_HOSE> on 2025-08-31 17:07:00+00:00
[2025-09-01T10:25:58.774+0000] {standard_task_runner.py:63} INFO - Started process 2317843 to run task
[2025-09-01T10:25:58.778+0000] {standard_task_runner.py:90} INFO - Running: ['***', 'tasks', 'run', 'market_table_foreign', 'foreign_HOSE', 'scheduled__2025-08-31T17:07:00+00:00', '--job-id', '42108', '--raw', '--subdir', 'DAGS_FOLDER/dag_market_live.py', '--cfg-path', '/tmp/tmpv34ryqza']
[2025-09-01T10:25:58.782+0000] {standard_task_runner.py:91} INFO - Job 42108: Subtask foreign_HOSE
[2025-09-01T10:25:58.834+0000] {task_command.py:426} INFO - Running <TaskInstance: market_table_foreign.foreign_HOSE scheduled__2025-08-31T17:07:00+00:00 [running]> on host 1877907bc043
[2025-09-01T10:25:58.952+0000] {taskinstance.py:2648} INFO - Exporting env vars: AIRFLOW_CTX_DAG_OWNER='***' AIRFLOW_CTX_DAG_ID='market_table_foreign' AIRFLOW_CTX_TASK_ID='foreign_HOSE' AIRFLOW_CTX_EXECUTION_DATE='2025-08-31T17:07:00+00:00' AIRFLOW_CTX_TRY_NUMBER='1' AIRFLOW_CTX_DAG_RUN_ID='scheduled__2025-08-31T17:07:00+00:00'
[2025-09-01T10:25:58.954+0000] {taskinstance.py:430} INFO - ::endgroup::
[2025-09-01T10:25:58.977+0000] {foreign_HOSE.py:17} INFO - Kết nối DB
[2025-09-01T10:25:59.269+0000] {foreign_HOSE.py:42} INFO - Đã lưu foreign_HOSE
[2025-09-01T10:25:59.270+0000] {python.py:237} INFO - Done. Returned value was: None
[2025-09-01T10:25:59.271+0000] {taskinstance.py:441} INFO - ::group::Post task execution logs
[2025-09-01T10:25:59.284+0000] {taskinstance.py:1206} INFO - Marking task as SUCCESS. dag_id=market_table_foreign, task_id=foreign_HOSE, run_id=scheduled__2025-08-31T17:07:00+00:00, execution_date=20250831T170700, start_date=20250901T102558, end_date=20250901T102559
[2025-09-01T10:25:59.351+0000] {local_task_job_runner.py:240} INFO - Task exited with return code 0
[2025-09-01T10:25:59.370+0000] {taskinstance.py:3498} INFO - 0 downstream tasks scheduled from follow-on schedule check
[2025-09-01T10:25:59.371+0000] {local_task_job_runner.py:222} INFO - ::endgroup::
[2025-09-01T10:27:07.157+0000] {local_task_job_runner.py:120} INFO - ::group::Pre task execution logs
[2025-09-01T10:27:07.183+0000] {taskinstance.py:2076} INFO - Dependencies all met for dep_context=non-requeueable deps ti=<TaskInstance: market_table_foreign.foreign_HOSE scheduled__2025-08-31T17:07:00+00:00 [queued]>
[2025-09-01T10:27:07.191+0000] {taskinstance.py:2076} INFO - Dependencies all met for dep_context=requeueable deps ti=<TaskInstance: market_table_foreign.foreign_HOSE scheduled__2025-08-31T17:07:00+00:00 [queued]>
[2025-09-01T10:27:07.191+0000] {taskinstance.py:2306} INFO - Starting attempt 1 of 11
[2025-09-01T10:27:07.202+0000] {taskinstance.py:2330} INFO - Executing <Task(PythonOperator): foreign_HOSE> on 2025-08-31 17:07:00+00:00
[2025-09-01T10:27:07.210+0000] {standard_task_runner.py:63} INFO - Started process 2318738 to run task
[2025-09-01T10:27:07.213+0000] {standard_task_runner.py:90} INFO - Running: ['***', 'tasks', 'run', 'market_table_foreign', 'foreign_HOSE', 'scheduled__2025-08-31T17:07:00+00:00', '--job-id', '42355', '--raw', '--subdir', 'DAGS_FOLDER/dag_market_live.py', '--cfg-path', '/tmp/tmp9i_yhabq']
[2025-09-01T10:27:07.216+0000] {standard_task_runner.py:91} INFO - Job 42355: Subtask foreign_HOSE
[2025-09-01T10:27:07.273+0000] {task_command.py:426} INFO - Running <TaskInstance: market_table_foreign.foreign_HOSE scheduled__2025-08-31T17:07:00+00:00 [running]> on host 1877907bc043
[2025-09-01T10:27:07.375+0000] {taskinstance.py:2648} INFO - Exporting env vars: AIRFLOW_CTX_DAG_OWNER='***' AIRFLOW_CTX_DAG_ID='market_table_foreign' AIRFLOW_CTX_TASK_ID='foreign_HOSE' AIRFLOW_CTX_EXECUTION_DATE='2025-08-31T17:07:00+00:00' AIRFLOW_CTX_TRY_NUMBER='1' AIRFLOW_CTX_DAG_RUN_ID='scheduled__2025-08-31T17:07:00+00:00'
[2025-09-01T10:27:07.377+0000] {taskinstance.py:430} INFO - ::endgroup::
[2025-09-01T10:27:07.390+0000] {foreign_HOSE.py:17} INFO - Kết nối DB
[2025-09-01T10:27:07.647+0000] {foreign_HOSE.py:42} INFO - Đã lưu foreign_HOSE
[2025-09-01T10:27:07.648+0000] {python.py:237} INFO - Done. Returned value was: None
[2025-09-01T10:27:07.648+0000] {taskinstance.py:441} INFO - ::group::Post task execution logs
[2025-09-01T10:27:07.659+0000] {taskinstance.py:1206} INFO - Marking task as SUCCESS. dag_id=market_table_foreign, task_id=foreign_HOSE, run_id=scheduled__2025-08-31T17:07:00+00:00, execution_date=20250831T170700, start_date=20250901T102707, end_date=20250901T102707
[2025-09-01T10:27:07.706+0000] {local_task_job_runner.py:240} INFO - Task exited with return code 0
[2025-09-01T10:27:07.727+0000] {taskinstance.py:3498} INFO - 0 downstream tasks scheduled from follow-on schedule check
[2025-09-01T10:27:07.728+0000] {local_task_job_runner.py:222} INFO - ::endgroup::
