[2025-09-05T21:56:01.554+0000] {local_task_job_runner.py:120} INFO - ::group::Pre task execution logs
[2025-09-05T21:56:01.583+0000] {taskinstance.py:2076} INFO - Dependencies all met for dep_context=non-requeueable deps ti=<TaskInstance: foreign_1_live.save_foreign_1 scheduled__2025-09-05T21:55:00+00:00 [queued]>
[2025-09-05T21:56:01.594+0000] {taskinstance.py:2076} INFO - Dependencies all met for dep_context=requeueable deps ti=<TaskInstance: foreign_1_live.save_foreign_1 scheduled__2025-09-05T21:55:00+00:00 [queued]>
[2025-09-05T21:56:01.595+0000] {taskinstance.py:2306} INFO - Starting attempt 1 of 11
[2025-09-05T21:56:01.611+0000] {taskinstance.py:2330} INFO - Executing <Task(PythonOperator): save_foreign_1> on 2025-09-05 21:55:00+00:00
[2025-09-05T21:56:01.620+0000] {standard_task_runner.py:63} INFO - Started process 72601 to run task
[2025-09-05T21:56:01.625+0000] {standard_task_runner.py:90} INFO - Running: ['***', 'tasks', 'run', 'foreign_1_live', 'save_foreign_1', 'scheduled__2025-09-05T21:55:00+00:00', '--job-id', '121433', '--raw', '--subdir', 'DAGS_FOLDER/dag_foreign_1_live.py', '--cfg-path', '/tmp/tmp5x_jywi0']
[2025-09-05T21:56:01.629+0000] {standard_task_runner.py:91} INFO - Job 121433: Subtask save_foreign_1
[2025-09-05T21:56:01.684+0000] {task_command.py:426} INFO - Running <TaskInstance: foreign_1_live.save_foreign_1 scheduled__2025-09-05T21:55:00+00:00 [running]> on host d4d2fe648a81
[2025-09-05T21:56:01.787+0000] {taskinstance.py:2648} INFO - Exporting env vars: AIRFLOW_CTX_DAG_OWNER='***' AIRFLOW_CTX_DAG_ID='foreign_1_live' AIRFLOW_CTX_TASK_ID='save_foreign_1' AIRFLOW_CTX_EXECUTION_DATE='2025-09-05T21:55:00+00:00' AIRFLOW_CTX_TRY_NUMBER='1' AIRFLOW_CTX_DAG_RUN_ID='scheduled__2025-09-05T21:55:00+00:00'
[2025-09-05T21:56:01.788+0000] {taskinstance.py:430} INFO - ::endgroup::
[2025-09-05T21:56:01.803+0000] {foreign_1.py:18} INFO - Kết nối DB
[2025-09-05T21:56:02.247+0000] {foreign_1.py:28} INFO - Đã lưu foreign_ALL
[2025-09-05T21:56:02.249+0000] {foreign_1.py:18} INFO - Kết nối DB
[2025-09-05T21:56:02.602+0000] {foreign_1.py:28} INFO - Đã lưu foreign_HOSE
[2025-09-05T21:56:02.603+0000] {foreign_1.py:18} INFO - Kết nối DB
[2025-09-05T21:56:03.001+0000] {foreign_1.py:28} INFO - Đã lưu foreign_HNX
[2025-09-05T21:56:03.003+0000] {foreign_1.py:18} INFO - Kết nối DB
[2025-09-05T21:56:03.363+0000] {foreign_1.py:28} INFO - Đã lưu foreign_UPCOM
[2025-09-05T21:56:03.364+0000] {python.py:237} INFO - Done. Returned value was: None
[2025-09-05T21:56:03.365+0000] {taskinstance.py:441} INFO - ::group::Post task execution logs
[2025-09-05T21:56:03.385+0000] {taskinstance.py:1206} INFO - Marking task as SUCCESS. dag_id=foreign_1_live, task_id=save_foreign_1, run_id=scheduled__2025-09-05T21:55:00+00:00, execution_date=20250905T215500, start_date=20250905T215601, end_date=20250905T215603
[2025-09-05T21:56:03.444+0000] {local_task_job_runner.py:240} INFO - Task exited with return code 0
[2025-09-05T21:56:03.476+0000] {taskinstance.py:3498} INFO - 4 downstream tasks scheduled from follow-on schedule check
[2025-09-05T21:56:03.477+0000] {local_task_job_runner.py:222} INFO - ::endgroup::
