[2025-09-05T02:07:01.064+0000] {local_task_job_runner.py:120} INFO - ::group::Pre task execution logs
[2025-09-05T02:07:01.094+0000] {taskinstance.py:2076} INFO - Dependencies all met for dep_context=non-requeueable deps ti=<TaskInstance: crypto_collector_dag.run_crypto_collector scheduled__2025-09-05T02:06:00+00:00 [queued]>
[2025-09-05T02:07:01.104+0000] {taskinstance.py:2076} INFO - Dependencies all met for dep_context=requeueable deps ti=<TaskInstance: crypto_collector_dag.run_crypto_collector scheduled__2025-09-05T02:06:00+00:00 [queued]>
[2025-09-05T02:07:01.104+0000] {taskinstance.py:2306} INFO - Starting attempt 1 of 2
[2025-09-05T02:07:01.120+0000] {taskinstance.py:2330} INFO - Executing <Task(BashOperator): run_crypto_collector> on 2025-09-05 02:06:00+00:00
[2025-09-05T02:07:01.126+0000] {standard_task_runner.py:63} INFO - Started process 3082020 to run task
[2025-09-05T02:07:01.130+0000] {standard_task_runner.py:90} INFO - Running: ['***', 'tasks', 'run', 'crypto_collector_dag', 'run_crypto_collector', 'scheduled__2025-09-05T02:06:00+00:00', '--job-id', '107355', '--raw', '--subdir', 'DAGS_FOLDER/crawl_crypto/dags_crypto.py', '--cfg-path', '/tmp/tmp91hukhh2']
[2025-09-05T02:07:01.132+0000] {standard_task_runner.py:91} INFO - Job 107355: Subtask run_crypto_collector
[2025-09-05T02:07:01.195+0000] {task_command.py:426} INFO - Running <TaskInstance: crypto_collector_dag.run_crypto_collector scheduled__2025-09-05T02:06:00+00:00 [running]> on host 1877907bc043
[2025-09-05T02:07:01.317+0000] {taskinstance.py:2648} INFO - Exporting env vars: AIRFLOW_CTX_DAG_OWNER='***' AIRFLOW_CTX_DAG_ID='crypto_collector_dag' AIRFLOW_CTX_TASK_ID='run_crypto_collector' AIRFLOW_CTX_EXECUTION_DATE='2025-09-05T02:06:00+00:00' AIRFLOW_CTX_TRY_NUMBER='1' AIRFLOW_CTX_DAG_RUN_ID='scheduled__2025-09-05T02:06:00+00:00'
[2025-09-05T02:07:01.318+0000] {taskinstance.py:430} INFO - ::endgroup::
[2025-09-05T02:07:01.333+0000] {subprocess.py:63} INFO - Tmp dir root location: /tmp
[2025-09-05T02:07:01.334+0000] {subprocess.py:75} INFO - Running command: ['/usr/bin/bash', '-c', 'python3 /opt/***/dags/crawl_crypto/crawl_data_crypto.py']
[2025-09-05T02:07:01.345+0000] {subprocess.py:86} INFO - Output:
[2025-09-05T02:07:06.831+0000] {subprocess.py:93} INFO - 🔹 Kết nối DB...
[2025-09-05T02:07:06.832+0000] {subprocess.py:93} INFO - 🔹 Lấy top 100 crypto...
[2025-09-05T02:07:06.832+0000] {subprocess.py:93} INFO - Top 100: ['ETHUSDT', 'USDCUSDT', 'BTCUSDT', 'SOLUSDT', 'WLFIUSDT', 'FDUSDUSDT', 'XRPUSDT', 'DOGEUSDT', 'ENAUSDT', 'TRXUSDT', 'LINKUSDT', 'BNBUSDT', 'SOMIUSDT', 'ADAUSDT', 'SUIUSDT', 'AVAXUSDT', 'PEPEUSDT', 'AAVEUSDT', 'ARBUSDT', 'PENGUUSDT', 'HBARUSDT', 'SPKUSDT', 'UNIUSDT', 'BCHUSDT', 'USD1USDT', 'BONKUSDT', 'LTCUSDT', 'POLUSDT', 'TREEUSDT', 'SEIUSDT', 'PAXGUSDT', 'WLDUSDT', 'DOLOUSDT', 'BIOUSDT', 'LDOUSDT', 'TRUMPUSDT', 'ONDOUSDT', 'SYRUPUSDT', 'ALPINEUSDT', 'XLMUSDT', 'PENDLEUSDT', 'EURUSDT', 'PYTHUSDT', 'WIFUSDT', 'ETHFIUSDT', 'NEARUSDT', 'MITOUSDT', 'SUSDT', 'TONUSDT', 'CRVUSDT', 'DOTUSDT', 'MKRUSDT', 'QTUMUSDT', 'FILUSDT', 'FORMUSDT', 'SHIBUSDT', 'XUSDUSDT', 'VIRTUALUSDT', 'AUSDT', 'TAOUSDT', 'TIAUSDT', 'PNUTUSDT', 'NEWTUSDT', 'PLUMEUSDT', 'APTUSDT', 'OPUSDT', 'GPSUSDT', 'PUNDIXUSDT', 'CFXUSDT', 'MAVUSDT', 'ICPUSDT', 'FETUSDT', 'NEIROUSDT', 'FLOKIUSDT', 'ETCUSDT', 'BERAUSDT', 'BAKEUSDT', 'SHELLUSDT', 'GALAUSDT', 'INJUSDT', 'HIFIUSDT', 'SKLUSDT', 'RAYUSDT', 'MEMEUSDT', 'CAKEUSDT', 'CITYUSDT', 'PROVEUSDT', 'CUSDT', 'ARKMUSDT', 'TOWNSUSDT', 'ATOMUSDT', 'PARTIUSDT', 'EIGENUSDT', 'NMRUSDT', 'ACMUSDT', 'STRKUSDT', 'OMUSDT', 'RENDERUSDT', 'VETUSDT', 'LPTUSDT']
[2025-09-05T02:07:06.833+0000] {subprocess.py:93} INFO - 🔹 Lưu lịch sử giá vào DB bằng threading...
[2025-09-05T02:07:06.833+0000] {subprocess.py:93} INFO - ✅ BTCUSDT: thêm 1 dòng mới
[2025-09-05T02:07:06.833+0000] {subprocess.py:93} INFO - 1/100 BTCUSDT lưu OK
[2025-09-05T02:07:06.834+0000] {subprocess.py:93} INFO - ✅ DOGEUSDT: thêm 1 dòng mới
[2025-09-05T02:07:06.834+0000] {subprocess.py:93} INFO - 2/100 DOGEUSDT lưu OK
[2025-09-05T02:07:06.834+0000] {subprocess.py:93} INFO - ✅ SOLUSDT: thêm 1 dòng mới
[2025-09-05T02:07:06.834+0000] {subprocess.py:93} INFO - 3/100 SOLUSDT lưu OK
[2025-09-05T02:07:06.835+0000] {subprocess.py:93} INFO - ✅ FDUSDUSDT: thêm 1 dòng mới
[2025-09-05T02:07:06.835+0000] {subprocess.py:93} INFO - 4/100 FDUSDUSDT lưu OK
[2025-09-05T02:07:06.835+0000] {subprocess.py:93} INFO - ✅ ENAUSDT: thêm 1 dòng mới
[2025-09-05T02:07:06.836+0000] {subprocess.py:93} INFO - 5/100 ENAUSDT lưu OK
[2025-09-05T02:07:06.836+0000] {subprocess.py:93} INFO - ✅ TRXUSDT: thêm 1 dòng mới
[2025-09-05T02:07:06.836+0000] {subprocess.py:93} INFO - 6/100 TRXUSDT lưu OK
[2025-09-05T02:07:06.836+0000] {subprocess.py:93} INFO - ✅ ETHUSDT: thêm 1 dòng mới
[2025-09-05T02:07:06.837+0000] {subprocess.py:93} INFO - 7/100 ETHUSDT lưu OK
[2025-09-05T02:07:06.837+0000] {subprocess.py:93} INFO - ✅ XRPUSDT: thêm 1 dòng mới
[2025-09-05T02:07:06.837+0000] {subprocess.py:93} INFO - 8/100 WLFIUSDT lỗi: relation "cryptocurrency.wlfiusdt" does not exist
[2025-09-05T02:07:06.837+0000] {subprocess.py:93} INFO - LINE 1: SELECT MAX(time) FROM cryptocurrency.wlfiusdt;
[2025-09-05T02:07:06.837+0000] {subprocess.py:93} INFO -                               ^
[2025-09-05T02:07:06.838+0000] {subprocess.py:93} INFO - 
[2025-09-05T02:07:06.838+0000] {subprocess.py:93} INFO - 9/100 XRPUSDT lưu OK
[2025-09-05T02:07:06.838+0000] {subprocess.py:93} INFO - ✅ USDCUSDT: thêm 1 dòng mới
[2025-09-05T02:07:06.838+0000] {subprocess.py:93} INFO - 10/100 USDCUSDT lưu OK
[2025-09-05T02:07:06.839+0000] {subprocess.py:93} INFO - ✅ LINKUSDT: thêm 1 dòng mới
[2025-09-05T02:07:06.839+0000] {subprocess.py:93} INFO - 11/100 LINKUSDT lưu OK
[2025-09-05T02:07:06.839+0000] {subprocess.py:93} INFO - ✅ SUIUSDT: thêm 1 dòng mới
[2025-09-05T02:07:06.839+0000] {subprocess.py:93} INFO - 12/100 SUIUSDT lưu OK
[2025-09-05T02:07:06.840+0000] {subprocess.py:93} INFO - ✅ AAVEUSDT: thêm 1 dòng mới
[2025-09-05T02:07:06.840+0000] {subprocess.py:93} INFO - 13/100 AAVEUSDT lưu OK
[2025-09-05T02:07:06.840+0000] {subprocess.py:93} INFO - ✅ ARBUSDT: thêm 1 dòng mới
[2025-09-05T02:07:06.840+0000] {subprocess.py:93} INFO - 14/100 ARBUSDT lưu OK
[2025-09-05T02:07:06.841+0000] {subprocess.py:93} INFO - 15/100 SOMIUSDT lỗi: relation "cryptocurrency.somiusdt" does not exist
[2025-09-05T02:07:06.841+0000] {subprocess.py:93} INFO - LINE 1: SELECT MAX(time) FROM cryptocurrency.somiusdt;
[2025-09-05T02:07:06.841+0000] {subprocess.py:93} INFO -                               ^
[2025-09-05T02:07:06.841+0000] {subprocess.py:93} INFO - 
[2025-09-05T02:07:06.842+0000] {subprocess.py:93} INFO - ✅ PENGUUSDT: thêm 1 dòng mới
[2025-09-05T02:07:06.842+0000] {subprocess.py:93} INFO - 16/100 PENGUUSDT lưu OK
[2025-09-05T02:07:06.842+0000] {subprocess.py:93} INFO - ✅ HBARUSDT: thêm 1 dòng mới
[2025-09-05T02:07:06.842+0000] {subprocess.py:93} INFO - 17/100 HBARUSDT lưu OK
[2025-09-05T02:07:06.843+0000] {subprocess.py:93} INFO - ✅ BNBUSDT: thêm 1 dòng mới
[2025-09-05T02:07:06.843+0000] {subprocess.py:93} INFO - 18/100 BNBUSDT lưu OK
[2025-09-05T02:07:06.843+0000] {subprocess.py:93} INFO - ✅ ADAUSDT: thêm 1 dòng mới
[2025-09-05T02:07:06.843+0000] {subprocess.py:93} INFO - ✅ PEPEUSDT: thêm 1 dòng mới
[2025-09-05T02:07:06.844+0000] {subprocess.py:93} INFO - 19/100 ADAUSDT lưu OK
[2025-09-05T02:07:06.844+0000] {subprocess.py:93} INFO - 20/100 PEPEUSDT lưu OK
[2025-09-05T02:07:06.844+0000] {subprocess.py:93} INFO - ✅ AVAXUSDT: thêm 1 dòng mới
[2025-09-05T02:07:06.844+0000] {subprocess.py:93} INFO - 21/100 AVAXUSDT lưu OK
[2025-09-05T02:07:06.845+0000] {subprocess.py:93} INFO - ✅ SPKUSDT: thêm 1 dòng mới
[2025-09-05T02:07:06.845+0000] {subprocess.py:93} INFO - 22/100 SPKUSDT lưu OK
[2025-09-05T02:07:06.845+0000] {subprocess.py:93} INFO - ✅ UNIUSDT: thêm 1 dòng mới
[2025-09-05T02:07:06.845+0000] {subprocess.py:93} INFO - 23/100 UNIUSDT lưu OK
[2025-09-05T02:07:06.846+0000] {subprocess.py:93} INFO - ✅ SEIUSDT: thêm 1 dòng mới
[2025-09-05T02:07:06.846+0000] {subprocess.py:93} INFO - 24/100 SEIUSDT lưu OK
[2025-09-05T02:07:06.846+0000] {subprocess.py:93} INFO - 25/100 TREEUSDT lỗi: relation "cryptocurrency.treeusdt" does not exist
[2025-09-05T02:07:06.846+0000] {subprocess.py:93} INFO - LINE 1: SELECT MAX(time) FROM cryptocurrency.treeusdt;
[2025-09-05T02:07:06.847+0000] {subprocess.py:93} INFO -                               ^
[2025-09-05T02:07:06.847+0000] {subprocess.py:93} INFO - 
[2025-09-05T02:07:06.847+0000] {subprocess.py:93} INFO - ✅ BCHUSDT: thêm 1 dòng mới
[2025-09-05T02:07:06.847+0000] {subprocess.py:93} INFO - 26/100 BCHUSDT lưu OK
[2025-09-05T02:07:06.848+0000] {subprocess.py:93} INFO - ✅ BONKUSDT: thêm 1 dòng mới
[2025-09-05T02:07:06.848+0000] {subprocess.py:93} INFO - 27/100 BONKUSDT lưu OK
[2025-09-05T02:07:06.848+0000] {subprocess.py:93} INFO - 28/100 USD1USDT lỗi: relation "cryptocurrency.usd1usdt" does not exist
[2025-09-05T02:07:06.848+0000] {subprocess.py:93} INFO - LINE 1: SELECT MAX(time) FROM cryptocurrency.usd1usdt;
[2025-09-05T02:07:06.849+0000] {subprocess.py:93} INFO -                               ^
[2025-09-05T02:07:06.849+0000] {subprocess.py:93} INFO - 
[2025-09-05T02:07:06.849+0000] {subprocess.py:93} INFO - 29/100 PAXGUSDT lỗi: relation "cryptocurrency.paxgusdt" does not exist
[2025-09-05T02:07:06.850+0000] {subprocess.py:93} INFO - LINE 1: SELECT MAX(time) FROM cryptocurrency.paxgusdt;
[2025-09-05T02:07:06.850+0000] {subprocess.py:93} INFO -                               ^
[2025-09-05T02:07:06.850+0000] {subprocess.py:93} INFO - 
[2025-09-05T02:07:06.850+0000] {subprocess.py:93} INFO - ✅ LTCUSDT: thêm 1 dòng mới
[2025-09-05T02:07:06.850+0000] {subprocess.py:93} INFO - 30/100 LTCUSDT lưu OK
[2025-09-05T02:07:06.851+0000] {subprocess.py:93} INFO - ✅ WLDUSDT: thêm 1 dòng mới
[2025-09-05T02:07:06.851+0000] {subprocess.py:93} INFO - 31/100 WLDUSDT lưu OK
[2025-09-05T02:07:06.851+0000] {subprocess.py:93} INFO - ✅ POLUSDT: thêm 1 dòng mới
[2025-09-05T02:07:06.851+0000] {subprocess.py:93} INFO - 32/100 POLUSDT lưu OK
[2025-09-05T02:07:06.852+0000] {subprocess.py:93} INFO - 33/100 DOLOUSDT lỗi: relation "cryptocurrency.dolousdt" does not exist
[2025-09-05T02:07:06.852+0000] {subprocess.py:93} INFO - LINE 1: SELECT MAX(time) FROM cryptocurrency.dolousdt;
[2025-09-05T02:07:06.852+0000] {subprocess.py:93} INFO -                               ^
[2025-09-05T02:07:06.852+0000] {subprocess.py:93} INFO - 
[2025-09-05T02:07:06.853+0000] {subprocess.py:93} INFO - 34/100 BIOUSDT lỗi: relation "cryptocurrency.biousdt" does not exist
[2025-09-05T02:07:06.853+0000] {subprocess.py:93} INFO - LINE 1: SELECT MAX(time) FROM cryptocurrency.biousdt;
[2025-09-05T02:07:06.853+0000] {subprocess.py:93} INFO -                               ^
[2025-09-05T02:07:06.853+0000] {subprocess.py:93} INFO - 
[2025-09-05T02:07:06.854+0000] {subprocess.py:93} INFO - ✅ LDOUSDT: thêm 1 dòng mới
[2025-09-05T02:07:06.854+0000] {subprocess.py:93} INFO - 35/100 LDOUSDT lưu OK
[2025-09-05T02:07:06.854+0000] {subprocess.py:93} INFO - ✅ TRUMPUSDT: thêm 1 dòng mới
[2025-09-05T02:07:06.854+0000] {subprocess.py:93} INFO - 36/100 TRUMPUSDT lưu OK
[2025-09-05T02:07:06.855+0000] {subprocess.py:93} INFO - ✅ ONDOUSDT: thêm 1 dòng mới
[2025-09-05T02:07:06.855+0000] {subprocess.py:93} INFO - 37/100 ONDOUSDT lưu OK
[2025-09-05T02:07:06.855+0000] {subprocess.py:93} INFO - ✅ ALPINEUSDT: thêm 1 dòng mới
[2025-09-05T02:07:06.856+0000] {subprocess.py:93} INFO - 38/100 ALPINEUSDT lưu OK
[2025-09-05T02:07:06.856+0000] {subprocess.py:93} INFO - ✅ NEARUSDT: thêm 1 dòng mới
[2025-09-05T02:07:06.856+0000] {subprocess.py:93} INFO - 39/100 NEARUSDT lưu OK
[2025-09-05T02:07:06.856+0000] {subprocess.py:93} INFO - 40/100 PYTHUSDT lỗi: relation "cryptocurrency.pythusdt" does not exist
[2025-09-05T02:07:06.857+0000] {subprocess.py:93} INFO - LINE 1: SELECT MAX(time) FROM cryptocurrency.pythusdt;
[2025-09-05T02:07:06.857+0000] {subprocess.py:93} INFO -                               ^
[2025-09-05T02:07:06.857+0000] {subprocess.py:93} INFO - 
[2025-09-05T02:07:06.857+0000] {subprocess.py:93} INFO - ✅ XLMUSDT: thêm 1 dòng mới
[2025-09-05T02:07:06.857+0000] {subprocess.py:93} INFO - 41/100 XLMUSDT lưu OK
[2025-09-05T02:07:06.858+0000] {subprocess.py:93} INFO - ✅ EURUSDT: thêm 1 dòng mới
[2025-09-05T02:07:06.858+0000] {subprocess.py:93} INFO - 42/100 EURUSDT lưu OK
[2025-09-05T02:07:06.858+0000] {subprocess.py:93} INFO - ✅ PENDLEUSDT: thêm 1 dòng mới
[2025-09-05T02:07:06.858+0000] {subprocess.py:93} INFO - 43/100 PENDLEUSDT lưu OK
[2025-09-05T02:07:06.859+0000] {subprocess.py:93} INFO - ✅ WIFUSDT: thêm 1 dòng mới
[2025-09-05T02:07:06.859+0000] {subprocess.py:93} INFO - 44/100 WIFUSDT lưu OK
[2025-09-05T02:07:06.859+0000] {subprocess.py:93} INFO - ✅ ETHFIUSDT: thêm 1 dòng mới
[2025-09-05T02:07:06.859+0000] {subprocess.py:93} INFO - 45/100 ETHFIUSDT lưu OK
[2025-09-05T02:07:06.860+0000] {subprocess.py:93} INFO - 46/100 MITOUSDT lỗi: relation "cryptocurrency.mitousdt" does not exist
[2025-09-05T02:07:06.860+0000] {subprocess.py:93} INFO - LINE 1: SELECT MAX(time) FROM cryptocurrency.mitousdt;
[2025-09-05T02:07:06.860+0000] {subprocess.py:93} INFO -                               ^
[2025-09-05T02:07:06.860+0000] {subprocess.py:93} INFO - 
[2025-09-05T02:07:06.861+0000] {subprocess.py:93} INFO - ✅ SYRUPUSDT: thêm 1 dòng mới
[2025-09-05T02:07:06.861+0000] {subprocess.py:93} INFO - 47/100 SYRUPUSDT lưu OK
[2025-09-05T02:07:06.861+0000] {subprocess.py:93} INFO - ✅ SUSDT: thêm 1 dòng mới
[2025-09-05T02:07:06.861+0000] {subprocess.py:93} INFO - 48/100 SUSDT lưu OK
[2025-09-05T02:07:06.862+0000] {subprocess.py:93} INFO - ✅ TONUSDT: thêm 1 dòng mới
[2025-09-05T02:07:06.862+0000] {subprocess.py:93} INFO - 49/100 TONUSDT lưu OK
[2025-09-05T02:07:06.862+0000] {subprocess.py:93} INFO - 50/100 MKRUSDT lỗi: relation "cryptocurrency.mkrusdt" does not exist
[2025-09-05T02:07:06.862+0000] {subprocess.py:93} INFO - LINE 1: SELECT MAX(time) FROM cryptocurrency.mkrusdt;
[2025-09-05T02:07:06.863+0000] {subprocess.py:93} INFO -                               ^
[2025-09-05T02:07:06.863+0000] {subprocess.py:93} INFO - 
[2025-09-05T02:07:06.863+0000] {subprocess.py:93} INFO - ✅ DOTUSDT: thêm 1 dòng mới
[2025-09-05T02:07:06.863+0000] {subprocess.py:93} INFO - 51/100 DOTUSDT lưu OK
[2025-09-05T02:07:06.864+0000] {subprocess.py:93} INFO - ✅ CRVUSDT: thêm 1 dòng mới
[2025-09-05T02:07:06.864+0000] {subprocess.py:93} INFO - 52/100 CRVUSDT lưu OK
[2025-09-05T02:07:06.864+0000] {subprocess.py:93} INFO - ✅ FILUSDT: thêm 1 dòng mới
[2025-09-05T02:07:06.864+0000] {subprocess.py:93} INFO - 53/100 FILUSDT lưu OK
[2025-09-05T02:07:06.864+0000] {subprocess.py:93} INFO - ✅ VIRTUALUSDT: thêm 1 dòng mới
[2025-09-05T02:07:06.865+0000] {subprocess.py:93} INFO - 54/100 VIRTUALUSDT lưu OK
[2025-09-05T02:07:06.865+0000] {subprocess.py:93} INFO - 55/100 FORMUSDT lỗi: relation "cryptocurrency.formusdt" does not exist
[2025-09-05T02:07:06.865+0000] {subprocess.py:93} INFO - LINE 1: SELECT MAX(time) FROM cryptocurrency.formusdt;
[2025-09-05T02:07:06.865+0000] {subprocess.py:93} INFO -                               ^
[2025-09-05T02:07:06.866+0000] {subprocess.py:93} INFO - 
[2025-09-05T02:07:06.866+0000] {subprocess.py:93} INFO - ✅ XUSDUSDT: thêm 1 dòng mới
[2025-09-05T02:07:06.866+0000] {subprocess.py:93} INFO - 56/100 XUSDUSDT lưu OK
[2025-09-05T02:07:06.866+0000] {subprocess.py:93} INFO - 57/100 QTUMUSDT lỗi: relation "cryptocurrency.qtumusdt" does not exist
[2025-09-05T02:07:06.867+0000] {subprocess.py:93} INFO - LINE 1: SELECT MAX(time) FROM cryptocurrency.qtumusdt;
[2025-09-05T02:07:06.867+0000] {subprocess.py:93} INFO -                               ^
[2025-09-05T02:07:06.867+0000] {subprocess.py:93} INFO - 
[2025-09-05T02:07:06.867+0000] {subprocess.py:93} INFO - ✅ SHIBUSDT: thêm 1 dòng mới
[2025-09-05T02:07:06.868+0000] {subprocess.py:93} INFO - 58/100 SHIBUSDT lưu OK
[2025-09-05T02:07:06.868+0000] {subprocess.py:93} INFO - 59/100 AUSDT lỗi: relation "cryptocurrency.ausdt" does not exist
[2025-09-05T02:07:06.868+0000] {subprocess.py:93} INFO - LINE 1: SELECT MAX(time) FROM cryptocurrency.ausdt;
[2025-09-05T02:07:06.868+0000] {subprocess.py:93} INFO -                               ^
[2025-09-05T02:07:06.869+0000] {subprocess.py:93} INFO - 
[2025-09-05T02:07:06.869+0000] {subprocess.py:93} INFO - ✅ TAOUSDT: thêm 1 dòng mới
[2025-09-05T02:07:06.869+0000] {subprocess.py:93} INFO - 60/100 TAOUSDT lưu OK
[2025-09-05T02:07:06.869+0000] {subprocess.py:93} INFO - ✅ TIAUSDT: thêm 1 dòng mới
[2025-09-05T02:07:06.870+0000] {subprocess.py:93} INFO - 61/100 TIAUSDT lưu OK
[2025-09-05T02:07:06.870+0000] {subprocess.py:93} INFO - ✅ PNUTUSDT: thêm 1 dòng mới
[2025-09-05T02:07:06.870+0000] {subprocess.py:93} INFO - 62/100 PNUTUSDT lưu OK
[2025-09-05T02:07:06.870+0000] {subprocess.py:93} INFO - 63/100 NEWTUSDT lỗi: relation "cryptocurrency.newtusdt" does not exist
[2025-09-05T02:07:06.871+0000] {subprocess.py:93} INFO - LINE 1: SELECT MAX(time) FROM cryptocurrency.newtusdt;
[2025-09-05T02:07:06.871+0000] {subprocess.py:93} INFO -                               ^
[2025-09-05T02:07:06.871+0000] {subprocess.py:93} INFO - 
[2025-09-05T02:07:06.871+0000] {subprocess.py:93} INFO - 64/100 PLUMEUSDT lỗi: relation "cryptocurrency.plumeusdt" does not exist
[2025-09-05T02:07:06.872+0000] {subprocess.py:93} INFO - LINE 1: SELECT MAX(time) FROM cryptocurrency.plumeusdt;
[2025-09-05T02:07:06.872+0000] {subprocess.py:93} INFO -                               ^
[2025-09-05T02:07:06.872+0000] {subprocess.py:93} INFO - 
[2025-09-05T02:07:06.872+0000] {subprocess.py:93} INFO - ✅ APTUSDT: thêm 1 dòng mới
[2025-09-05T02:07:06.873+0000] {subprocess.py:93} INFO - 65/100 APTUSDT lưu OK
[2025-09-05T02:07:06.873+0000] {subprocess.py:93} INFO - 66/100 GPSUSDT lỗi: relation "cryptocurrency.gpsusdt" does not exist
[2025-09-05T02:07:06.873+0000] {subprocess.py:93} INFO - LINE 1: SELECT MAX(time) FROM cryptocurrency.gpsusdt;
[2025-09-05T02:07:06.873+0000] {subprocess.py:93} INFO -                               ^
[2025-09-05T02:07:06.874+0000] {subprocess.py:93} INFO - 
[2025-09-05T02:07:06.874+0000] {subprocess.py:93} INFO - ✅ OPUSDT: thêm 1 dòng mới
[2025-09-05T02:07:06.874+0000] {subprocess.py:93} INFO - 67/100 OPUSDT lưu OK
[2025-09-05T02:07:06.875+0000] {subprocess.py:93} INFO - 68/100 PUNDIXUSDT lỗi: relation "cryptocurrency.pundixusdt" does not exist
[2025-09-05T02:07:06.875+0000] {subprocess.py:93} INFO - LINE 1: SELECT MAX(time) FROM cryptocurrency.pundixusdt;
[2025-09-05T02:07:06.875+0000] {subprocess.py:93} INFO -                               ^
[2025-09-05T02:07:06.875+0000] {subprocess.py:93} INFO - 
[2025-09-05T02:07:06.876+0000] {subprocess.py:93} INFO - ✅ CFXUSDT: thêm 1 dòng mới
[2025-09-05T02:07:06.876+0000] {subprocess.py:93} INFO - 69/100 CFXUSDT lưu OK
[2025-09-05T02:07:06.876+0000] {subprocess.py:93} INFO - ✅ MAVUSDT: thêm 1 dòng mới
[2025-09-05T02:07:06.876+0000] {subprocess.py:93} INFO - 70/100 MAVUSDT lưu OK
[2025-09-05T02:07:06.877+0000] {subprocess.py:93} INFO - ✅ ICPUSDT: thêm 1 dòng mới
[2025-09-05T02:07:06.877+0000] {subprocess.py:93} INFO - 71/100 ICPUSDT lưu OK
[2025-09-05T02:07:06.877+0000] {subprocess.py:93} INFO - ✅ FETUSDT: thêm 1 dòng mới
[2025-09-05T02:07:06.877+0000] {subprocess.py:93} INFO - 72/100 FETUSDT lưu OK
[2025-09-05T02:07:06.878+0000] {subprocess.py:93} INFO - ✅ NEIROUSDT: thêm 1 dòng mới
[2025-09-05T02:07:06.878+0000] {subprocess.py:93} INFO - 73/100 NEIROUSDT lưu OK
[2025-09-05T02:07:06.878+0000] {subprocess.py:93} INFO - ✅ FLOKIUSDT: thêm 1 dòng mới
[2025-09-05T02:07:06.878+0000] {subprocess.py:93} INFO - 74/100 FLOKIUSDT lưu OK
[2025-09-05T02:07:06.879+0000] {subprocess.py:93} INFO - ✅ BERAUSDT: thêm 1 dòng mới
[2025-09-05T02:07:06.879+0000] {subprocess.py:93} INFO - 75/100 BERAUSDT lưu OK
[2025-09-05T02:07:06.880+0000] {subprocess.py:93} INFO - 76/100 BAKEUSDT lỗi: relation "cryptocurrency.bakeusdt" does not exist
[2025-09-05T02:07:06.880+0000] {subprocess.py:93} INFO - LINE 1: SELECT MAX(time) FROM cryptocurrency.bakeusdt;
[2025-09-05T02:07:06.880+0000] {subprocess.py:93} INFO -                               ^
[2025-09-05T02:07:06.881+0000] {subprocess.py:93} INFO - 
[2025-09-05T02:07:06.881+0000] {subprocess.py:93} INFO - ✅ ETCUSDT: thêm 1 dòng mới
[2025-09-05T02:07:06.882+0000] {subprocess.py:93} INFO - 77/100 ETCUSDT lưu OK
[2025-09-05T02:07:06.882+0000] {subprocess.py:93} INFO - 78/100 SHELLUSDT lỗi: relation "cryptocurrency.shellusdt" does not exist
[2025-09-05T02:07:06.882+0000] {subprocess.py:93} INFO - LINE 1: SELECT MAX(time) FROM cryptocurrency.shellusdt;
[2025-09-05T02:07:06.883+0000] {subprocess.py:93} INFO -                               ^
[2025-09-05T02:07:06.883+0000] {subprocess.py:93} INFO - 
[2025-09-05T02:07:06.883+0000] {subprocess.py:93} INFO - ✅ GALAUSDT: thêm 1 dòng mới
[2025-09-05T02:07:06.883+0000] {subprocess.py:93} INFO - 79/100 GALAUSDT lưu OK
[2025-09-05T02:07:06.883+0000] {subprocess.py:93} INFO - 80/100 HIFIUSDT lỗi: relation "cryptocurrency.hifiusdt" does not exist
[2025-09-05T02:07:06.884+0000] {subprocess.py:93} INFO - LINE 1: SELECT MAX(time) FROM cryptocurrency.hifiusdt;
[2025-09-05T02:07:06.884+0000] {subprocess.py:93} INFO -                               ^
[2025-09-05T02:07:06.884+0000] {subprocess.py:93} INFO - 
[2025-09-05T02:07:06.884+0000] {subprocess.py:93} INFO - ✅ INJUSDT: thêm 1 dòng mới
[2025-09-05T02:07:06.884+0000] {subprocess.py:93} INFO - 81/100 INJUSDT lưu OK
[2025-09-05T02:07:06.885+0000] {subprocess.py:93} INFO - ✅ SKLUSDT: thêm 1 dòng mới
[2025-09-05T02:07:06.885+0000] {subprocess.py:93} INFO - 82/100 SKLUSDT lưu OK
[2025-09-05T02:07:06.885+0000] {subprocess.py:93} INFO - ✅ RAYUSDT: thêm 1 dòng mới
[2025-09-05T02:07:06.885+0000] {subprocess.py:93} INFO - 83/100 RAYUSDT lưu OK
[2025-09-05T02:07:07.452+0000] {subprocess.py:93} INFO - 84/100 MEMEUSDT lỗi: relation "cryptocurrency.memeusdt" does not exist
[2025-09-05T02:07:07.452+0000] {subprocess.py:93} INFO - LINE 1: SELECT MAX(time) FROM cryptocurrency.memeusdt;
[2025-09-05T02:07:07.453+0000] {subprocess.py:93} INFO -                               ^
[2025-09-05T02:07:07.453+0000] {subprocess.py:93} INFO - 
[2025-09-05T02:07:07.453+0000] {subprocess.py:93} INFO - ✅ CAKEUSDT: thêm 1 dòng mới
[2025-09-05T02:07:07.453+0000] {subprocess.py:93} INFO - 85/100 CAKEUSDT lưu OK
[2025-09-05T02:07:07.453+0000] {subprocess.py:93} INFO - 86/100 CITYUSDT lỗi: relation "cryptocurrency.cityusdt" does not exist
[2025-09-05T02:07:07.454+0000] {subprocess.py:93} INFO - LINE 1: SELECT MAX(time) FROM cryptocurrency.cityusdt;
[2025-09-05T02:07:07.454+0000] {subprocess.py:93} INFO -                               ^
[2025-09-05T02:07:07.454+0000] {subprocess.py:93} INFO - 
[2025-09-05T02:07:07.454+0000] {subprocess.py:93} INFO - ✅ EIGENUSDT: thêm 1 dòng mới
[2025-09-05T02:07:07.454+0000] {subprocess.py:93} INFO - 87/100 EIGENUSDT lưu OK
[2025-09-05T02:07:07.455+0000] {subprocess.py:93} INFO - ✅ PROVEUSDT: thêm 1 dòng mới
[2025-09-05T02:07:07.455+0000] {subprocess.py:93} INFO - 88/100 PROVEUSDT lưu OK
[2025-09-05T02:07:07.455+0000] {subprocess.py:93} INFO - 89/100 CUSDT lỗi: relation "cryptocurrency.cusdt" does not exist
[2025-09-05T02:07:07.455+0000] {subprocess.py:93} INFO - LINE 1: SELECT MAX(time) FROM cryptocurrency.cusdt;
[2025-09-05T02:07:07.455+0000] {subprocess.py:93} INFO -                               ^
[2025-09-05T02:07:07.456+0000] {subprocess.py:93} INFO - 
[2025-09-05T02:07:07.456+0000] {subprocess.py:93} INFO - ✅ TOWNSUSDT: thêm 1 dòng mới
[2025-09-05T02:07:07.456+0000] {subprocess.py:93} INFO - 90/100 TOWNSUSDT lưu OK
[2025-09-05T02:07:07.456+0000] {subprocess.py:93} INFO - ✅ ARKMUSDT: thêm 1 dòng mới
[2025-09-05T02:07:07.457+0000] {subprocess.py:93} INFO - 91/100 ARKMUSDT lưu OK
[2025-09-05T02:07:07.457+0000] {subprocess.py:93} INFO - 92/100 PARTIUSDT lỗi: relation "cryptocurrency.partiusdt" does not exist
[2025-09-05T02:07:07.457+0000] {subprocess.py:93} INFO - LINE 1: SELECT MAX(time) FROM cryptocurrency.partiusdt;
[2025-09-05T02:07:07.458+0000] {subprocess.py:93} INFO -                               ^
[2025-09-05T02:07:07.458+0000] {subprocess.py:93} INFO - 
[2025-09-05T02:07:07.458+0000] {subprocess.py:93} INFO - 93/100 ATOMUSDT lỗi: relation "cryptocurrency.atomusdt" does not exist
[2025-09-05T02:07:07.459+0000] {subprocess.py:93} INFO - LINE 1: SELECT MAX(time) FROM cryptocurrency.atomusdt;
[2025-09-05T02:07:07.459+0000] {subprocess.py:93} INFO -                               ^
[2025-09-05T02:07:07.459+0000] {subprocess.py:93} INFO - 
[2025-09-05T02:07:07.459+0000] {subprocess.py:93} INFO - 94/100 NMRUSDT lỗi: relation "cryptocurrency.nmrusdt" does not exist
[2025-09-05T02:07:07.460+0000] {subprocess.py:93} INFO - LINE 1: SELECT MAX(time) FROM cryptocurrency.nmrusdt;
[2025-09-05T02:07:07.460+0000] {subprocess.py:93} INFO -                               ^
[2025-09-05T02:07:07.460+0000] {subprocess.py:93} INFO - 
[2025-09-05T02:07:07.461+0000] {subprocess.py:93} INFO - 95/100 ACMUSDT lỗi: relation "cryptocurrency.acmusdt" does not exist
[2025-09-05T02:07:07.461+0000] {subprocess.py:93} INFO - LINE 1: SELECT MAX(time) FROM cryptocurrency.acmusdt;
[2025-09-05T02:07:07.461+0000] {subprocess.py:93} INFO -                               ^
[2025-09-05T02:07:07.461+0000] {subprocess.py:93} INFO - 
[2025-09-05T02:07:07.462+0000] {subprocess.py:93} INFO - 96/100 STRKUSDT lỗi: relation "cryptocurrency.strkusdt" does not exist
[2025-09-05T02:07:07.462+0000] {subprocess.py:93} INFO - LINE 1: SELECT MAX(time) FROM cryptocurrency.strkusdt;
[2025-09-05T02:07:07.462+0000] {subprocess.py:93} INFO -                               ^
[2025-09-05T02:07:07.462+0000] {subprocess.py:93} INFO - 
[2025-09-05T02:07:07.462+0000] {subprocess.py:93} INFO - ✅ OMUSDT: thêm 1 dòng mới
[2025-09-05T02:07:07.463+0000] {subprocess.py:93} INFO - 97/100 OMUSDT lưu OK
[2025-09-05T02:07:07.463+0000] {subprocess.py:93} INFO - ✅ RENDERUSDT: thêm 1 dòng mới
[2025-09-05T02:07:07.463+0000] {subprocess.py:93} INFO - 98/100 RENDERUSDT lưu OK
[2025-09-05T02:07:07.463+0000] {subprocess.py:93} INFO - 99/100 VETUSDT lỗi: relation "cryptocurrency.vetusdt" does not exist
[2025-09-05T02:07:07.463+0000] {subprocess.py:93} INFO - LINE 1: SELECT MAX(time) FROM cryptocurrency.vetusdt;
[2025-09-05T02:07:07.464+0000] {subprocess.py:93} INFO -                               ^
[2025-09-05T02:07:07.464+0000] {subprocess.py:93} INFO - 
[2025-09-05T02:07:07.464+0000] {subprocess.py:93} INFO - 100/100 LPTUSDT lỗi: relation "cryptocurrency.lptusdt" does not exist
[2025-09-05T02:07:07.464+0000] {subprocess.py:93} INFO - LINE 1: SELECT MAX(time) FROM cryptocurrency.lptusdt;
[2025-09-05T02:07:07.464+0000] {subprocess.py:93} INFO -                               ^
[2025-09-05T02:07:07.464+0000] {subprocess.py:93} INFO - 
[2025-09-05T02:07:07.571+0000] {subprocess.py:97} INFO - Command exited with return code 0
[2025-09-05T02:07:07.572+0000] {taskinstance.py:441} INFO - ::group::Post task execution logs
[2025-09-05T02:07:07.599+0000] {taskinstance.py:1206} INFO - Marking task as SUCCESS. dag_id=crypto_collector_dag, task_id=run_crypto_collector, run_id=scheduled__2025-09-05T02:06:00+00:00, execution_date=20250905T020600, start_date=20250905T020701, end_date=20250905T020707
[2025-09-05T02:07:07.648+0000] {local_task_job_runner.py:240} INFO - Task exited with return code 0
[2025-09-05T02:07:07.662+0000] {local_task_job_runner.py:222} INFO - ::endgroup::
