[2025-09-02T15:18:01.743+0000] {local_task_job_runner.py:120} INFO - ::group::Pre task execution logs
[2025-09-02T15:18:01.772+0000] {taskinstance.py:2076} INFO - Dependencies all met for dep_context=non-requeueable deps ti=<TaskInstance: market_table_foreign.activity_UPCOM scheduled__2025-09-02T15:17:00+00:00 [queued]>
[2025-09-02T15:18:01.780+0000] {taskinstance.py:2076} INFO - Dependencies all met for dep_context=requeueable deps ti=<TaskInstance: market_table_foreign.activity_UPCOM scheduled__2025-09-02T15:17:00+00:00 [queued]>
[2025-09-02T15:18:01.781+0000] {taskinstance.py:2306} INFO - Starting attempt 1 of 11
[2025-09-02T15:18:01.792+0000] {taskinstance.py:2330} INFO - Executing <Task(PythonOperator): activity_UPCOM> on 2025-09-02 15:17:00+00:00
[2025-09-02T15:18:01.799+0000] {standard_task_runner.py:63} INFO - Started process 2561750 to run task
[2025-09-02T15:18:01.802+0000] {standard_task_runner.py:90} INFO - Running: ['***', 'tasks', 'run', 'market_table_foreign', 'activity_UPCOM', 'scheduled__2025-09-02T15:17:00+00:00', '--job-id', '59451', '--raw', '--subdir', 'DAGS_FOLDER/dag_market_live.py', '--cfg-path', '/tmp/tmp794rnug2']
[2025-09-02T15:18:01.805+0000] {standard_task_runner.py:91} INFO - Job 59451: Subtask activity_UPCOM
[2025-09-02T15:18:01.855+0000] {task_command.py:426} INFO - Running <TaskInstance: market_table_foreign.activity_UPCOM scheduled__2025-09-02T15:17:00+00:00 [running]> on host 1877907bc043
[2025-09-02T15:18:01.949+0000] {taskinstance.py:2648} INFO - Exporting env vars: AIRFLOW_CTX_DAG_OWNER='***' AIRFLOW_CTX_DAG_ID='market_table_foreign' AIRFLOW_CTX_TASK_ID='activity_UPCOM' AIRFLOW_CTX_EXECUTION_DATE='2025-09-02T15:17:00+00:00' AIRFLOW_CTX_TRY_NUMBER='1' AIRFLOW_CTX_DAG_RUN_ID='scheduled__2025-09-02T15:17:00+00:00'
[2025-09-02T15:18:01.950+0000] {taskinstance.py:430} INFO - ::endgroup::
[2025-09-02T15:18:01.964+0000] {activity_UPCOM.py:17} INFO - Kết nối DB
[2025-09-02T15:18:02.208+0000] {activity_UPCOM.py:55} ERROR - Lỗi lưu activity_UPCOM
Traceback (most recent call last):
  File "/opt/airflow/dags/utils/market_data/activity_UPCOM.py", line 35, in activity_UPCOM
    point=float(dfindex.loc[dfindex['symbol']=='UpcomIndex','point'].values[0])
IndexError: index 0 is out of bounds for axis 0 with size 0
[2025-09-02T15:18:02.210+0000] {python.py:237} INFO - Done. Returned value was: None
[2025-09-02T15:18:02.211+0000] {taskinstance.py:441} INFO - ::group::Post task execution logs
[2025-09-02T15:18:02.226+0000] {taskinstance.py:1206} INFO - Marking task as SUCCESS. dag_id=market_table_foreign, task_id=activity_UPCOM, run_id=scheduled__2025-09-02T15:17:00+00:00, execution_date=20250902T151700, start_date=20250902T151801, end_date=20250902T151802
[2025-09-02T15:18:02.296+0000] {local_task_job_runner.py:240} INFO - Task exited with return code 0
[2025-09-02T15:18:02.327+0000] {taskinstance.py:3498} INFO - 0 downstream tasks scheduled from follow-on schedule check
[2025-09-02T15:18:02.328+0000] {local_task_job_runner.py:222} INFO - ::endgroup::
