[2025-09-05T17:01:02.070+0000] {local_task_job_runner.py:120} INFO - ::group::Pre task execution logs
[2025-09-05T17:01:02.097+0000] {taskinstance.py:2076} INFO - Dependencies all met for dep_context=non-requeueable deps ti=<TaskInstance: proprietary.save_proprietary_1D scheduled__2025-09-04T17:01:00+00:00 [queued]>
[2025-09-05T17:01:02.106+0000] {taskinstance.py:2076} INFO - Dependencies all met for dep_context=requeueable deps ti=<TaskInstance: proprietary.save_proprietary_1D scheduled__2025-09-04T17:01:00+00:00 [queued]>
[2025-09-05T17:01:02.107+0000] {taskinstance.py:2306} INFO - Starting attempt 1 of 11
[2025-09-05T17:01:02.123+0000] {taskinstance.py:2330} INFO - Executing <Task(PythonOperator): save_proprietary_1D> on 2025-09-04 17:01:00+00:00
[2025-09-05T17:01:02.130+0000] {standard_task_runner.py:63} INFO - Started process 35540 to run task
[2025-09-05T17:01:02.135+0000] {standard_task_runner.py:90} INFO - Running: ['***', 'tasks', 'run', 'proprietary', 'save_proprietary_1D', 'scheduled__2025-09-04T17:01:00+00:00', '--job-id', '118179', '--raw', '--subdir', 'DAGS_FOLDER/dag_proprietary.py', '--cfg-path', '/tmp/tmp7iv4rne5']
[2025-09-05T17:01:02.138+0000] {standard_task_runner.py:91} INFO - Job 118179: Subtask save_proprietary_1D
[2025-09-05T17:01:02.191+0000] {task_command.py:426} INFO - Running <TaskInstance: proprietary.save_proprietary_1D scheduled__2025-09-04T17:01:00+00:00 [running]> on host d4d2fe648a81
[2025-09-05T17:01:02.282+0000] {taskinstance.py:2648} INFO - Exporting env vars: AIRFLOW_CTX_DAG_OWNER='***' AIRFLOW_CTX_DAG_ID='proprietary' AIRFLOW_CTX_TASK_ID='save_proprietary_1D' AIRFLOW_CTX_EXECUTION_DATE='2025-09-04T17:01:00+00:00' AIRFLOW_CTX_TRY_NUMBER='1' AIRFLOW_CTX_DAG_RUN_ID='scheduled__2025-09-04T17:01:00+00:00'
[2025-09-05T17:01:02.284+0000] {taskinstance.py:430} INFO - ::endgroup::
[2025-09-05T17:01:04.045+0000] {proprietary.py:72} INFO - Đã lưu propietary_ALL_1D
[2025-09-05T17:01:04.331+0000] {proprietary.py:72} INFO - Đã lưu propietary_HSX_1D
[2025-09-05T17:01:04.600+0000] {proprietary.py:72} INFO - Đã lưu propietary_HNX_1D
[2025-09-05T17:01:04.872+0000] {proprietary.py:72} INFO - Đã lưu propietary_UPCOM_1D
[2025-09-05T17:01:04.874+0000] {python.py:237} INFO - Done. Returned value was: None
[2025-09-05T17:01:04.874+0000] {taskinstance.py:441} INFO - ::group::Post task execution logs
[2025-09-05T17:01:04.886+0000] {taskinstance.py:1206} INFO - Marking task as SUCCESS. dag_id=proprietary, task_id=save_proprietary_1D, run_id=scheduled__2025-09-04T17:01:00+00:00, execution_date=20250904T170100, start_date=20250905T170102, end_date=20250905T170104
[2025-09-05T17:01:04.954+0000] {local_task_job_runner.py:240} INFO - Task exited with return code 0
[2025-09-05T17:01:04.996+0000] {taskinstance.py:3498} INFO - 4 downstream tasks scheduled from follow-on schedule check
[2025-09-05T17:01:04.997+0000] {local_task_job_runner.py:222} INFO - ::endgroup::
