[2025-08-18T15:14:36.540+0000] {local_task_job_runner.py:120} INFO - ::group::Pre task execution logs
[2025-08-18T15:14:36.565+0000] {taskinstance.py:2076} INFO - Dependencies all met for dep_context=non-requeueable deps ti=<TaskInstance: crypto_collector_dag.run_crypto_collector scheduled__2025-08-18T15:13:00+00:00 [queued]>
[2025-08-18T15:14:36.574+0000] {taskinstance.py:2076} INFO - Dependencies all met for dep_context=requeueable deps ti=<TaskInstance: crypto_collector_dag.run_crypto_collector scheduled__2025-08-18T15:13:00+00:00 [queued]>
[2025-08-18T15:14:36.574+0000] {taskinstance.py:2306} INFO - Starting attempt 1 of 2
[2025-08-18T15:14:36.585+0000] {taskinstance.py:2330} INFO - Executing <Task(BashOperator): run_crypto_collector> on 2025-08-18 15:13:00+00:00
[2025-08-18T15:14:36.592+0000] {standard_task_runner.py:63} INFO - Started process 184996 to run task
[2025-08-18T15:14:36.596+0000] {standard_task_runner.py:90} INFO - Running: ['***', 'tasks', 'run', 'crypto_collector_dag', 'run_crypto_collector', 'scheduled__2025-08-18T15:13:00+00:00', '--job-id', '9641', '--raw', '--subdir', 'DAGS_FOLDER/crawl_crypto/dags_crypto.py', '--cfg-path', '/tmp/tmp4ogmlffu']
[2025-08-18T15:14:36.598+0000] {standard_task_runner.py:91} INFO - Job 9641: Subtask run_crypto_collector
[2025-08-18T15:14:36.651+0000] {task_command.py:426} INFO - Running <TaskInstance: crypto_collector_dag.run_crypto_collector scheduled__2025-08-18T15:13:00+00:00 [running]> on host 1877907bc043
[2025-08-18T15:14:36.754+0000] {taskinstance.py:2648} INFO - Exporting env vars: AIRFLOW_CTX_DAG_OWNER='***' AIRFLOW_CTX_DAG_ID='crypto_collector_dag' AIRFLOW_CTX_TASK_ID='run_crypto_collector' AIRFLOW_CTX_EXECUTION_DATE='2025-08-18T15:13:00+00:00' AIRFLOW_CTX_TRY_NUMBER='1' AIRFLOW_CTX_DAG_RUN_ID='scheduled__2025-08-18T15:13:00+00:00'
[2025-08-18T15:14:36.754+0000] {taskinstance.py:430} INFO - ::endgroup::
[2025-08-18T15:14:36.768+0000] {subprocess.py:63} INFO - Tmp dir root location: /tmp
[2025-08-18T15:14:36.769+0000] {subprocess.py:75} INFO - Running command: ['/usr/bin/bash', '-c', 'python3 /opt/***/dags/crawl_crypto/crawl_data_crypto.py']
[2025-08-18T15:14:36.783+0000] {subprocess.py:86} INFO - Output:
[2025-08-18T15:15:27.664+0000] {subprocess.py:93} INFO - 🔹 Kết nối DB...
[2025-08-18T15:15:27.665+0000] {subprocess.py:93} INFO - 🔹 Lấy top 100 crypto...
[2025-08-18T15:15:27.665+0000] {subprocess.py:93} INFO - Top 100: ['ETHUSDT', 'USDCUSDT', 'BTCUSDT', 'SOLUSDT', 'FDUSDUSDT', 'XRPUSDT', 'DOGEUSDT', 'LINKUSDT', 'ADAUSDT', 'PROVEUSDT', 'SUIUSDT', 'BNBUSDT', 'TRXUSDT', 'ARBUSDT', 'ENAUSDT', 'PEPEUSDT', 'AVAXUSDT', 'UNIUSDT', 'BIOUSDT', 'TOWNSUSDT', 'LTCUSDT', 'PENGUUSDT', 'SEIUSDT', 'HBARUSDT', 'SKLUSDT', 'TRUMPUSDT', 'DOTUSDT', 'AEURUSDT', 'POLUSDT', 'AAVEUSDT', 'NEARUSDT', 'WIFUSDT', 'BONKUSDT', 'BFUSDUSDT', 'CRVUSDT', 'WLDUSDT', 'INJUSDT', 'LDOUSDT', 'VIRTUALUSDT', 'XLMUSDT', 'APTUSDT', 'SUSDT', 'TAOUSDT', 'FETUSDT', 'TONUSDT', 'OPUSDT', 'ONDOUSDT', 'API3USDT', 'PONDUSDT', 'FLOKIUSDT', 'ALPINEUSDT', 'PENDLEUSDT', 'ETHFIUSDT', 'EPICUSDT', 'TIAUSDT', 'NEIROUSDT', 'RAYUSDT', 'PNUTUSDT', 'BCHUSDT', 'CYBERUSDT', 'EURUSDT', 'SHIBUSDT', 'FILUSDT', 'ETCUSDT', 'MEMEUSDT', 'ALGOUSDT', 'EIGENUSDT', 'GALAUSDT', 'MAGICUSDT', 'CTSIUSDT', 'PLUMEUSDT', 'XUSDUSDT', 'RENDERUSDT', 'SPKUSDT', 'CAKEUSDT', 'ICPUSDT', 'TSTUSDT', 'VETUSDT', 'CFXUSDT', 'JUVUSDT', 'RUNEUSDT', 'ORDIUSDT', 'ASRUSDT', 'OGUSDT', 'MAVUSDT', 'ARKMUSDT', 'ATOMUSDT', 'BERAUSDT', 'MDTUSDT', 'PAXGUSDT', 'OMUSDT', 'ENSUSDT', 'AIXBTUSDT', 'MKRUSDT', 'SYRUPUSDT', 'WBTCUSDT', 'ZKUSDT', 'FUNUSDT', 'JUPUSDT', 'PORTOUSDT']
[2025-08-18T15:15:27.666+0000] {subprocess.py:93} INFO - 🔹 Lưu lịch sử giá vào DB bằng threading...
[2025-08-18T15:15:27.666+0000] {subprocess.py:93} INFO - ✅ USDCUSDT: thêm 1 dòng mới
[2025-08-18T15:15:27.666+0000] {subprocess.py:93} INFO - 1/100 USDCUSDT lưu OK
[2025-08-18T15:15:27.666+0000] {subprocess.py:93} INFO - ✅ SOLUSDT: thêm 1 dòng mới
[2025-08-18T15:15:27.667+0000] {subprocess.py:93} INFO - ✅ LINKUSDT: thêm 1 dòng mới
[2025-08-18T15:15:27.667+0000] {subprocess.py:93} INFO - 2/100 SOLUSDT lưu OK
[2025-08-18T15:15:27.667+0000] {subprocess.py:93} INFO - 3/100 LINKUSDT lưu OK
[2025-08-18T15:15:27.667+0000] {subprocess.py:93} INFO - ✅ FDUSDUSDT: thêm 1 dòng mới
[2025-08-18T15:15:27.668+0000] {subprocess.py:93} INFO - 4/100 FDUSDUSDT lưu OK
[2025-08-18T15:15:27.668+0000] {subprocess.py:93} INFO - ✅ ADAUSDT: thêm 1 dòng mới
[2025-08-18T15:15:27.668+0000] {subprocess.py:93} INFO - 5/100 ADAUSDT lưu OK
[2025-08-18T15:15:27.668+0000] {subprocess.py:93} INFO - ✅ BTCUSDT: thêm 1 dòng mới
[2025-08-18T15:15:27.669+0000] {subprocess.py:93} INFO - 6/100 BTCUSDT lưu OK
[2025-08-18T15:15:27.669+0000] {subprocess.py:93} INFO - ✅ PROVEUSDT: thêm 1 dòng mới
[2025-08-18T15:15:27.669+0000] {subprocess.py:93} INFO - 7/100 PROVEUSDT lưu OK
[2025-08-18T15:15:27.669+0000] {subprocess.py:93} INFO - ✅ DOGEUSDT: thêm 1 dòng mới
[2025-08-18T15:15:27.670+0000] {subprocess.py:93} INFO - 8/100 DOGEUSDT lưu OK
[2025-08-18T15:15:27.670+0000] {subprocess.py:93} INFO - ✅ ETHUSDT: thêm 1 dòng mới
[2025-08-18T15:15:27.670+0000] {subprocess.py:93} INFO - 9/100 ETHUSDT lưu OK
[2025-08-18T15:15:27.670+0000] {subprocess.py:93} INFO - ✅ XRPUSDT: thêm 1 dòng mới
[2025-08-18T15:15:27.671+0000] {subprocess.py:93} INFO - 10/100 XRPUSDT lưu OK
[2025-08-18T15:15:27.671+0000] {subprocess.py:93} INFO - ✅ AVAXUSDT: thêm 1 dòng mới
[2025-08-18T15:15:27.671+0000] {subprocess.py:93} INFO - 11/100 AVAXUSDT lưu OK
[2025-08-18T15:15:27.671+0000] {subprocess.py:93} INFO - ✅ ARBUSDT: thêm 1 dòng mới
[2025-08-18T15:15:27.672+0000] {subprocess.py:93} INFO - 12/100 ARBUSDT lưu OK
[2025-08-18T15:15:27.672+0000] {subprocess.py:93} INFO - ✅ SUIUSDT: thêm 1 dòng mới
[2025-08-18T15:15:27.672+0000] {subprocess.py:93} INFO - 13/100 SUIUSDT lưu OK
[2025-08-18T15:15:27.672+0000] {subprocess.py:93} INFO - ✅ BNBUSDT: thêm 1 dòng mới
[2025-08-18T15:15:27.672+0000] {subprocess.py:93} INFO - 14/100 BNBUSDT lưu OK
[2025-08-18T15:15:27.673+0000] {subprocess.py:93} INFO - ✅ TRXUSDT: thêm 1 dòng mới
[2025-08-18T15:15:27.673+0000] {subprocess.py:93} INFO - 15/100 TRXUSDT lưu OK
[2025-08-18T15:15:27.673+0000] {subprocess.py:93} INFO - ✅ PEPEUSDT: thêm 1 dòng mới
[2025-08-18T15:15:27.673+0000] {subprocess.py:93} INFO - 16/100 PEPEUSDT lưu OK
[2025-08-18T15:15:27.674+0000] {subprocess.py:93} INFO - 17/100 BIOUSDT lỗi: relation "cryptocurrency.biousdt" does not exist
[2025-08-18T15:15:27.674+0000] {subprocess.py:93} INFO - LINE 1: SELECT MAX(time) FROM cryptocurrency.biousdt;
[2025-08-18T15:15:27.674+0000] {subprocess.py:93} INFO -                               ^
[2025-08-18T15:15:27.674+0000] {subprocess.py:93} INFO - 
[2025-08-18T15:15:27.674+0000] {subprocess.py:93} INFO - ✅ UNIUSDT: thêm 1 dòng mới
[2025-08-18T15:15:27.675+0000] {subprocess.py:93} INFO - 18/100 UNIUSDT lưu OK
[2025-08-18T15:15:27.675+0000] {subprocess.py:93} INFO - ✅ ENAUSDT: thêm 1 dòng mới
[2025-08-18T15:15:27.675+0000] {subprocess.py:93} INFO - 19/100 ENAUSDT lưu OK
[2025-08-18T15:15:27.675+0000] {subprocess.py:93} INFO - ✅ TOWNSUSDT: thêm 1 dòng mới
[2025-08-18T15:15:27.676+0000] {subprocess.py:93} INFO - 20/100 TOWNSUSDT lưu OK
[2025-08-18T15:15:27.676+0000] {subprocess.py:93} INFO - ✅ LTCUSDT: thêm 1 dòng mới
[2025-08-18T15:15:27.676+0000] {subprocess.py:93} INFO - 21/100 LTCUSDT lưu OK
[2025-08-18T15:15:27.676+0000] {subprocess.py:93} INFO - ✅ SEIUSDT: thêm 1 dòng mới
[2025-08-18T15:15:27.676+0000] {subprocess.py:93} INFO - 22/100 SEIUSDT lưu OK
[2025-08-18T15:15:27.677+0000] {subprocess.py:93} INFO - ✅ PENGUUSDT: thêm 1 dòng mới
[2025-08-18T15:15:27.677+0000] {subprocess.py:93} INFO - 23/100 PENGUUSDT lưu OK
[2025-08-18T15:15:27.677+0000] {subprocess.py:93} INFO - ✅ DOTUSDT: thêm 1 dòng mới
[2025-08-18T15:15:27.677+0000] {subprocess.py:93} INFO - 24/100 DOTUSDT lưu OK
[2025-08-18T15:15:27.678+0000] {subprocess.py:93} INFO - ✅ HBARUSDT: thêm 1 dòng mới
[2025-08-18T15:15:27.678+0000] {subprocess.py:93} INFO - 25/100 HBARUSDT lưu OK
[2025-08-18T15:15:27.678+0000] {subprocess.py:93} INFO - ✅ SKLUSDT: thêm 1 dòng mới
[2025-08-18T15:15:27.678+0000] {subprocess.py:93} INFO - 26/100 SKLUSDT lưu OK
[2025-08-18T15:15:27.678+0000] {subprocess.py:93} INFO - 27/100 AEURUSDT lỗi: relation "cryptocurrency.aeurusdt" does not exist
[2025-08-18T15:15:27.679+0000] {subprocess.py:93} INFO - LINE 1: SELECT MAX(time) FROM cryptocurrency.aeurusdt;
[2025-08-18T15:15:27.679+0000] {subprocess.py:93} INFO -                               ^
[2025-08-18T15:15:27.679+0000] {subprocess.py:93} INFO - 
[2025-08-18T15:15:27.679+0000] {subprocess.py:93} INFO - ✅ TRUMPUSDT: thêm 1 dòng mới
[2025-08-18T15:15:27.680+0000] {subprocess.py:93} INFO - 28/100 TRUMPUSDT lưu OK
[2025-08-18T15:15:27.680+0000] {subprocess.py:93} INFO - ✅ POLUSDT: thêm 1 dòng mới
[2025-08-18T15:15:27.680+0000] {subprocess.py:93} INFO - 29/100 POLUSDT lưu OK
[2025-08-18T15:15:27.680+0000] {subprocess.py:93} INFO - ✅ AAVEUSDT: thêm 1 dòng mới
[2025-08-18T15:15:27.680+0000] {subprocess.py:93} INFO - 30/100 AAVEUSDT lưu OK
[2025-08-18T15:15:27.681+0000] {subprocess.py:93} INFO - ✅ NEARUSDT: thêm 1 dòng mới
[2025-08-18T15:15:27.681+0000] {subprocess.py:93} INFO - 31/100 NEARUSDT lưu OK
[2025-08-18T15:15:27.681+0000] {subprocess.py:93} INFO - ✅ WIFUSDT: thêm 1 dòng mới
[2025-08-18T15:15:27.681+0000] {subprocess.py:93} INFO - 32/100 WIFUSDT lưu OK
[2025-08-18T15:15:27.682+0000] {subprocess.py:93} INFO - ✅ BONKUSDT: thêm 1 dòng mới
[2025-08-18T15:15:27.682+0000] {subprocess.py:93} INFO - 33/100 BONKUSDT lưu OK
[2025-08-18T15:15:27.682+0000] {subprocess.py:93} INFO - ✅ BFUSDUSDT: thêm 1 dòng mới
[2025-08-18T15:15:27.682+0000] {subprocess.py:93} INFO - 34/100 BFUSDUSDT lưu OK
[2025-08-18T15:15:27.683+0000] {subprocess.py:93} INFO - ✅ WLDUSDT: thêm 1 dòng mới
[2025-08-18T15:15:27.683+0000] {subprocess.py:93} INFO - 35/100 WLDUSDT lưu OK
[2025-08-18T15:15:27.683+0000] {subprocess.py:93} INFO - ⏩ CRVUSDT: không có dữ liệu mới, skip.
[2025-08-18T15:15:27.683+0000] {subprocess.py:93} INFO - 36/100 CRVUSDT lưu OK
[2025-08-18T15:15:27.683+0000] {subprocess.py:93} INFO - ✅ INJUSDT: thêm 1 dòng mới
[2025-08-18T15:15:27.684+0000] {subprocess.py:93} INFO - 37/100 INJUSDT lưu OK
[2025-08-18T15:15:27.684+0000] {subprocess.py:93} INFO - ✅ XLMUSDT: thêm 1 dòng mới
[2025-08-18T15:15:27.684+0000] {subprocess.py:93} INFO - 38/100 XLMUSDT lưu OK
[2025-08-18T15:15:27.684+0000] {subprocess.py:93} INFO - ✅ VIRTUALUSDT: thêm 1 dòng mới
[2025-08-18T15:15:27.685+0000] {subprocess.py:93} INFO - 39/100 VIRTUALUSDT lưu OK
[2025-08-18T15:15:27.685+0000] {subprocess.py:93} INFO - ✅ LDOUSDT: thêm 1 dòng mới
[2025-08-18T15:15:27.685+0000] {subprocess.py:93} INFO - 40/100 LDOUSDT lưu OK
[2025-08-18T15:15:27.685+0000] {subprocess.py:93} INFO - ✅ APTUSDT: thêm 1 dòng mới
[2025-08-18T15:15:27.685+0000] {subprocess.py:93} INFO - 41/100 APTUSDT lưu OK
[2025-08-18T15:15:27.686+0000] {subprocess.py:93} INFO - ✅ SUSDT: thêm 1 dòng mới
[2025-08-18T15:15:27.686+0000] {subprocess.py:93} INFO - 42/100 SUSDT lưu OK
[2025-08-18T15:15:27.686+0000] {subprocess.py:93} INFO - ⏩ TAOUSDT: không có dữ liệu mới, skip.
[2025-08-18T15:15:27.686+0000] {subprocess.py:93} INFO - 43/100 TAOUSDT lưu OK
[2025-08-18T15:15:27.687+0000] {subprocess.py:93} INFO - ✅ FETUSDT: thêm 1 dòng mới
[2025-08-18T15:15:27.687+0000] {subprocess.py:93} INFO - 44/100 FETUSDT lưu OK
[2025-08-18T15:15:27.687+0000] {subprocess.py:93} INFO - ⏩ TONUSDT: không có dữ liệu mới, skip.
[2025-08-18T15:15:27.687+0000] {subprocess.py:93} INFO - 45/100 TONUSDT lưu OK
[2025-08-18T15:15:27.687+0000] {subprocess.py:93} INFO - ⏩ OPUSDT: không có dữ liệu mới, skip.
[2025-08-18T15:15:27.688+0000] {subprocess.py:93} INFO - 46/100 OPUSDT lưu OK
[2025-08-18T15:15:27.688+0000] {subprocess.py:93} INFO - ✅ ONDOUSDT: thêm 1 dòng mới
[2025-08-18T15:15:27.688+0000] {subprocess.py:93} INFO - 47/100 ONDOUSDT lưu OK
[2025-08-18T15:15:27.688+0000] {subprocess.py:93} INFO - ✅ API3USDT: thêm 1 dòng mới
[2025-08-18T15:15:27.688+0000] {subprocess.py:93} INFO - 48/100 API3USDT lưu OK
[2025-08-18T15:15:27.689+0000] {subprocess.py:93} INFO - 49/100 PONDUSDT lỗi: relation "cryptocurrency.pondusdt" does not exist
[2025-08-18T15:15:27.689+0000] {subprocess.py:93} INFO - LINE 1: SELECT MAX(time) FROM cryptocurrency.pondusdt;
[2025-08-18T15:15:27.689+0000] {subprocess.py:93} INFO -                               ^
[2025-08-18T15:15:27.689+0000] {subprocess.py:93} INFO - 
[2025-08-18T15:15:27.690+0000] {subprocess.py:93} INFO - ✅ FLOKIUSDT: thêm 1 dòng mới
[2025-08-18T15:15:27.690+0000] {subprocess.py:93} INFO - 50/100 FLOKIUSDT lưu OK
[2025-08-18T15:15:27.690+0000] {subprocess.py:93} INFO - ✅ ALPINEUSDT: thêm 1 dòng mới
[2025-08-18T15:15:27.690+0000] {subprocess.py:93} INFO - 51/100 ALPINEUSDT lưu OK
[2025-08-18T15:15:27.690+0000] {subprocess.py:93} INFO - ⏩ EPICUSDT: không có dữ liệu mới, skip.
[2025-08-18T15:15:27.691+0000] {subprocess.py:93} INFO - 52/100 EPICUSDT lưu OK
[2025-08-18T15:15:27.691+0000] {subprocess.py:93} INFO - ⏩ PENDLEUSDT: không có dữ liệu mới, skip.
[2025-08-18T15:15:27.691+0000] {subprocess.py:93} INFO - 53/100 PENDLEUSDT lưu OK
[2025-08-18T15:15:27.691+0000] {subprocess.py:93} INFO - ⏩ ETHFIUSDT: không có dữ liệu mới, skip.
[2025-08-18T15:15:27.692+0000] {subprocess.py:93} INFO - 54/100 ETHFIUSDT lưu OK
[2025-08-18T15:15:27.692+0000] {subprocess.py:93} INFO - ⏩ TIAUSDT: không có dữ liệu mới, skip.
[2025-08-18T15:15:27.692+0000] {subprocess.py:93} INFO - 55/100 TIAUSDT lưu OK
[2025-08-18T15:15:27.692+0000] {subprocess.py:93} INFO - ⏩ NEIROUSDT: không có dữ liệu mới, skip.
[2025-08-18T15:15:27.693+0000] {subprocess.py:93} INFO - 56/100 NEIROUSDT lưu OK
[2025-08-18T15:15:27.693+0000] {subprocess.py:93} INFO - ⏩ RAYUSDT: không có dữ liệu mới, skip.
[2025-08-18T15:15:27.693+0000] {subprocess.py:93} INFO - 57/100 RAYUSDT lưu OK
[2025-08-18T15:15:27.693+0000] {subprocess.py:93} INFO - ⏩ BCHUSDT: không có dữ liệu mới, skip.
[2025-08-18T15:15:27.693+0000] {subprocess.py:93} INFO - ⏩ PNUTUSDT: không có dữ liệu mới, skip.
[2025-08-18T15:15:27.694+0000] {subprocess.py:93} INFO - 58/100 BCHUSDT lưu OK
[2025-08-18T15:15:27.694+0000] {subprocess.py:93} INFO - 59/100 PNUTUSDT lưu OK
[2025-08-18T15:15:27.694+0000] {subprocess.py:93} INFO - 60/100 CYBERUSDT lỗi: relation "cryptocurrency.cyberusdt" does not exist
[2025-08-18T15:15:27.694+0000] {subprocess.py:93} INFO - LINE 1: SELECT MAX(time) FROM cryptocurrency.cyberusdt;
[2025-08-18T15:15:27.694+0000] {subprocess.py:93} INFO -                               ^
[2025-08-18T15:15:27.695+0000] {subprocess.py:93} INFO - 
[2025-08-18T15:15:27.695+0000] {subprocess.py:93} INFO - ⏩ GALAUSDT: không có dữ liệu mới, skip.
[2025-08-18T15:15:27.695+0000] {subprocess.py:93} INFO - 61/100 GALAUSDT lưu OK
[2025-08-18T15:15:27.695+0000] {subprocess.py:93} INFO - 62/100 PLUMEUSDT lỗi: relation "cryptocurrency.plumeusdt" does not exist
[2025-08-18T15:15:27.696+0000] {subprocess.py:93} INFO - LINE 1: SELECT MAX(time) FROM cryptocurrency.plumeusdt;
[2025-08-18T15:15:27.696+0000] {subprocess.py:93} INFO -                               ^
[2025-08-18T15:15:27.696+0000] {subprocess.py:93} INFO - 
[2025-08-18T15:15:27.696+0000] {subprocess.py:93} INFO - ⏩ XUSDUSDT: không có dữ liệu mới, skip.
[2025-08-18T15:15:27.696+0000] {subprocess.py:93} INFO - 63/100 XUSDUSDT lưu OK
[2025-08-18T15:15:27.697+0000] {subprocess.py:93} INFO - ⚠️ CTSIUSDT lỗi lần 1/3: HTTPSConnectionPool(host='api.binance.com', port=443): Max retries exceeded with url: /api/v3/klines?symbol=CTSIUSDT&interval=1m&limit=100 (Caused by ConnectTimeoutError(<urllib3.connection.HTTPSConnection object at 0x7fa3c80c77c0>, 'Connection to api.binance.com timed out. (connect timeout=15)'))
[2025-08-18T15:15:27.697+0000] {subprocess.py:93} INFO - ⏩ FILUSDT: không có dữ liệu mới, skip.
[2025-08-18T15:15:27.697+0000] {subprocess.py:93} INFO - ⏩ SHIBUSDT: không có dữ liệu mới, skip.
[2025-08-18T15:15:27.697+0000] {subprocess.py:93} INFO - 64/100 MEMEUSDT lỗi: relation "cryptocurrency.memeusdt" does not exist
[2025-08-18T15:15:27.698+0000] {subprocess.py:93} INFO - LINE 1: SELECT MAX(time) FROM cryptocurrency.memeusdt;
[2025-08-18T15:15:27.698+0000] {subprocess.py:93} INFO -                               ^
[2025-08-18T15:15:27.698+0000] {subprocess.py:93} INFO - 
[2025-08-18T15:15:27.698+0000] {subprocess.py:93} INFO - 65/100 FILUSDT lưu OK
[2025-08-18T15:15:27.698+0000] {subprocess.py:93} INFO - 66/100 SHIBUSDT lưu OK
[2025-08-18T15:15:27.699+0000] {subprocess.py:93} INFO - ⏩ ETCUSDT: không có dữ liệu mới, skip.
[2025-08-18T15:15:27.699+0000] {subprocess.py:93} INFO - ⏩ EURUSDT: không có dữ liệu mới, skip.
[2025-08-18T15:15:27.699+0000] {subprocess.py:93} INFO - ⏩ EIGENUSDT: không có dữ liệu mới, skip.
[2025-08-18T15:15:27.699+0000] {subprocess.py:93} INFO - 67/100 ETCUSDT lưu OK
[2025-08-18T15:15:27.699+0000] {subprocess.py:93} INFO - 68/100 EIGENUSDT lưu OK
[2025-08-18T15:15:27.700+0000] {subprocess.py:93} INFO - 69/100 EURUSDT lưu OK
[2025-08-18T15:15:27.700+0000] {subprocess.py:93} INFO - ✅ RENDERUSDT: thêm 1 dòng mới
[2025-08-18T15:15:27.700+0000] {subprocess.py:93} INFO - 70/100 RENDERUSDT lưu OK
[2025-08-18T15:15:27.700+0000] {subprocess.py:93} INFO - ✅ JUVUSDT: thêm 1 dòng mới
[2025-08-18T15:15:27.700+0000] {subprocess.py:93} INFO - 71/100 JUVUSDT lưu OK
[2025-08-18T15:15:27.701+0000] {subprocess.py:93} INFO - 72/100 RUNEUSDT lỗi: relation "cryptocurrency.runeusdt" does not exist
[2025-08-18T15:15:27.701+0000] {subprocess.py:93} INFO - LINE 1: SELECT MAX(time) FROM cryptocurrency.runeusdt;
[2025-08-18T15:15:27.701+0000] {subprocess.py:93} INFO -                               ^
[2025-08-18T15:15:27.701+0000] {subprocess.py:93} INFO - 
[2025-08-18T15:15:27.702+0000] {subprocess.py:93} INFO - ✅ ORDIUSDT: thêm 1 dòng mới
[2025-08-18T15:15:27.702+0000] {subprocess.py:93} INFO - 73/100 ORDIUSDT lưu OK
[2025-08-18T15:15:27.702+0000] {subprocess.py:93} INFO - ⏩ MAGICUSDT: không có dữ liệu mới, skip.
[2025-08-18T15:15:27.702+0000] {subprocess.py:93} INFO - 74/100 MAGICUSDT lưu OK
[2025-08-18T15:15:27.702+0000] {subprocess.py:93} INFO - ✅ CTSIUSDT: thêm 1 dòng mới
[2025-08-18T15:15:27.703+0000] {subprocess.py:93} INFO - 75/100 CTSIUSDT lưu OK
[2025-08-18T15:15:27.703+0000] {subprocess.py:93} INFO - ✅ MAVUSDT: thêm 1 dòng mới
[2025-08-18T15:15:27.703+0000] {subprocess.py:93} INFO - 76/100 MAVUSDT lưu OK
[2025-08-18T15:15:27.703+0000] {subprocess.py:93} INFO - ✅ OGUSDT: thêm 1 dòng mới
[2025-08-18T15:15:27.703+0000] {subprocess.py:93} INFO - 77/100 OGUSDT lưu OK
[2025-08-18T15:15:27.704+0000] {subprocess.py:93} INFO - 78/100 ATOMUSDT lỗi: relation "cryptocurrency.atomusdt" does not exist
[2025-08-18T15:15:27.704+0000] {subprocess.py:93} INFO - LINE 1: SELECT MAX(time) FROM cryptocurrency.atomusdt;
[2025-08-18T15:15:27.704+0000] {subprocess.py:93} INFO -                               ^
[2025-08-18T15:15:27.704+0000] {subprocess.py:93} INFO - 
[2025-08-18T15:15:27.704+0000] {subprocess.py:93} INFO - ✅ ARKMUSDT: thêm 1 dòng mới
[2025-08-18T15:15:27.705+0000] {subprocess.py:93} INFO - 79/100 ARKMUSDT lưu OK
[2025-08-18T15:15:27.705+0000] {subprocess.py:93} INFO - ✅ BERAUSDT: thêm 1 dòng mới
[2025-08-18T15:15:27.705+0000] {subprocess.py:93} INFO - 80/100 BERAUSDT lưu OK
[2025-08-18T15:15:27.705+0000] {subprocess.py:93} INFO - ✅ MDTUSDT: thêm 1 dòng mới
[2025-08-18T15:15:27.706+0000] {subprocess.py:93} INFO - 81/100 MDTUSDT lưu OK
[2025-08-18T15:15:27.706+0000] {subprocess.py:93} INFO - ✅ ASRUSDT: thêm 1 dòng mới
[2025-08-18T15:15:27.706+0000] {subprocess.py:93} INFO - 82/100 ASRUSDT lưu OK
[2025-08-18T15:15:27.706+0000] {subprocess.py:93} INFO - 83/100 PAXGUSDT lỗi: relation "cryptocurrency.paxgusdt" does not exist
[2025-08-18T15:15:27.706+0000] {subprocess.py:93} INFO - LINE 1: SELECT MAX(time) FROM cryptocurrency.paxgusdt;
[2025-08-18T15:15:27.707+0000] {subprocess.py:93} INFO -                               ^
[2025-08-18T15:15:27.707+0000] {subprocess.py:93} INFO - 
[2025-08-18T15:15:27.707+0000] {subprocess.py:93} INFO - ✅ OMUSDT: thêm 1 dòng mới
[2025-08-18T15:15:27.707+0000] {subprocess.py:93} INFO - 84/100 OMUSDT lưu OK
[2025-08-18T15:15:27.708+0000] {subprocess.py:93} INFO - ✅ CAKEUSDT: thêm 1 dòng mới
[2025-08-18T15:15:27.708+0000] {subprocess.py:93} INFO - 85/100 CAKEUSDT lưu OK
[2025-08-18T15:15:27.708+0000] {subprocess.py:93} INFO - ✅ ENSUSDT: thêm 1 dòng mới
[2025-08-18T15:15:27.708+0000] {subprocess.py:93} INFO - 86/100 ENSUSDT lưu OK
[2025-08-18T15:15:27.708+0000] {subprocess.py:93} INFO - 87/100 AIXBTUSDT lỗi: relation "cryptocurrency.aixbtusdt" does not exist
[2025-08-18T15:15:27.709+0000] {subprocess.py:93} INFO - LINE 1: SELECT MAX(time) FROM cryptocurrency.aixbtusdt;
[2025-08-18T15:15:27.709+0000] {subprocess.py:93} INFO -                               ^
[2025-08-18T15:15:27.709+0000] {subprocess.py:93} INFO - 
[2025-08-18T15:15:27.709+0000] {subprocess.py:93} INFO - 88/100 MKRUSDT lỗi: relation "cryptocurrency.mkrusdt" does not exist
[2025-08-18T15:15:27.709+0000] {subprocess.py:93} INFO - LINE 1: SELECT MAX(time) FROM cryptocurrency.mkrusdt;
[2025-08-18T15:15:27.710+0000] {subprocess.py:93} INFO -                               ^
[2025-08-18T15:15:27.710+0000] {subprocess.py:93} INFO - 
[2025-08-18T15:16:50.489+0000] {subprocess.py:93} INFO - 89/100 ZKUSDT lỗi: relation "cryptocurrency.zkusdt" does not exist
[2025-08-18T15:16:50.490+0000] {subprocess.py:93} INFO - LINE 1: SELECT MAX(time) FROM cryptocurrency.zkusdt;
[2025-08-18T15:16:50.490+0000] {subprocess.py:93} INFO -                               ^
[2025-08-18T15:16:50.490+0000] {subprocess.py:93} INFO - 
[2025-08-18T15:16:50.491+0000] {subprocess.py:93} INFO - ⚠️ SPKUSDT lỗi lần 1/3: HTTPSConnectionPool(host='api.binance.com', port=443): Max retries exceeded with url: /api/v3/klines?symbol=SPKUSDT&interval=1m&limit=100 (Caused by ConnectTimeoutError(<urllib3.connection.HTTPSConnection object at 0x7fa3c810e6e0>, 'Connection to api.binance.com timed out. (connect timeout=15)'))
[2025-08-18T15:16:50.491+0000] {subprocess.py:93} INFO - ⚠️ CFXUSDT lỗi lần 1/3: HTTPSConnectionPool(host='api.binance.com', port=443): Max retries exceeded with url: /api/v3/klines?symbol=CFXUSDT&interval=1m&limit=100 (Caused by ConnectTimeoutError(<urllib3.connection.HTTPSConnection object at 0x7fa3c80c5270>, 'Connection to api.binance.com timed out. (connect timeout=15)'))
[2025-08-18T15:16:50.491+0000] {subprocess.py:93} INFO - ⚠️ VETUSDT lỗi lần 1/3: HTTPSConnectionPool(host='api.binance.com', port=443): Max retries exceeded with url: /api/v3/klines?symbol=VETUSDT&interval=1m&limit=100 (Caused by ConnectTimeoutError(<urllib3.connection.HTTPSConnection object at 0x7fa3c80c5cc0>, 'Connection to api.binance.com timed out. (connect timeout=15)'))
[2025-08-18T15:16:50.492+0000] {subprocess.py:93} INFO - ⚠️ TSTUSDT lỗi lần 1/3: HTTPSConnectionPool(host='api.binance.com', port=443): Max retries exceeded with url: /api/v3/klines?symbol=TSTUSDT&interval=1m&limit=100 (Caused by ConnectTimeoutError(<urllib3.connection.HTTPSConnection object at 0x7fa3c80d94e0>, 'Connection to api.binance.com timed out. (connect timeout=15)'))
[2025-08-18T15:16:50.492+0000] {subprocess.py:93} INFO - ⚠️ ICPUSDT lỗi lần 1/3: HTTPSConnectionPool(host='api.binance.com', port=443): Max retries exceeded with url: /api/v3/klines?symbol=ICPUSDT&interval=1m&limit=100 (Caused by ConnectTimeoutError(<urllib3.connection.HTTPSConnection object at 0x7fa3c80c6fb0>, 'Connection to api.binance.com timed out. (connect timeout=15)'))
[2025-08-18T15:16:50.492+0000] {subprocess.py:93} INFO - 90/100 JUPUSDT lỗi: relation "cryptocurrency.jupusdt" does not exist
[2025-08-18T15:16:50.492+0000] {subprocess.py:93} INFO - LINE 1: SELECT MAX(time) FROM cryptocurrency.jupusdt;
[2025-08-18T15:16:50.493+0000] {subprocess.py:93} INFO -                               ^
[2025-08-18T15:16:50.493+0000] {subprocess.py:93} INFO - 
[2025-08-18T15:16:50.493+0000] {subprocess.py:93} INFO - ✅ PORTOUSDT: thêm 1 dòng mới
[2025-08-18T15:16:50.493+0000] {subprocess.py:93} INFO - 91/100 PORTOUSDT lưu OK
[2025-08-18T15:16:50.494+0000] {subprocess.py:93} INFO - ✅ CFXUSDT: thêm 1 dòng mới
[2025-08-18T15:16:50.494+0000] {subprocess.py:93} INFO - 92/100 CFXUSDT lưu OK
[2025-08-18T15:16:50.494+0000] {subprocess.py:93} INFO - ✅ ICPUSDT: thêm 1 dòng mới
[2025-08-18T15:16:50.495+0000] {subprocess.py:93} INFO - 93/100 ICPUSDT lưu OK
[2025-08-18T15:16:50.495+0000] {subprocess.py:93} INFO - 94/100 FUNUSDT lỗi: relation "cryptocurrency.funusdt" does not exist
[2025-08-18T15:16:50.495+0000] {subprocess.py:93} INFO - LINE 1: SELECT MAX(time) FROM cryptocurrency.funusdt;
[2025-08-18T15:16:50.495+0000] {subprocess.py:93} INFO -                               ^
[2025-08-18T15:16:50.496+0000] {subprocess.py:93} INFO - 
[2025-08-18T15:16:50.496+0000] {subprocess.py:93} INFO - ⚠️ WBTCUSDT lỗi lần 1/3: HTTPSConnectionPool(host='api.binance.com', port=443): Max retries exceeded with url: /api/v3/klines?symbol=WBTCUSDT&interval=1m&limit=100 (Caused by ConnectTimeoutError(<urllib3.connection.HTTPSConnection object at 0x7fa3c810efe0>, 'Connection to api.binance.com timed out. (connect timeout=15)'))
[2025-08-18T15:16:50.496+0000] {subprocess.py:93} INFO - ✅ SYRUPUSDT: thêm 1 dòng mới
[2025-08-18T15:16:50.496+0000] {subprocess.py:93} INFO - 95/100 SYRUPUSDT lưu OK
[2025-08-18T15:16:50.497+0000] {subprocess.py:93} INFO - ✅ TSTUSDT: thêm 1 dòng mới
[2025-08-18T15:16:50.497+0000] {subprocess.py:93} INFO - 96/100 TSTUSDT lưu OK
[2025-08-18T15:16:50.498+0000] {subprocess.py:93} INFO - 97/100 WBTCUSDT lỗi: relation "cryptocurrency.wbtcusdt" does not exist
[2025-08-18T15:16:50.498+0000] {subprocess.py:93} INFO - LINE 1: SELECT MAX(time) FROM cryptocurrency.wbtcusdt;
[2025-08-18T15:16:50.498+0000] {subprocess.py:93} INFO -                               ^
[2025-08-18T15:16:50.498+0000] {subprocess.py:93} INFO - 
[2025-08-18T15:16:50.499+0000] {subprocess.py:93} INFO - ⚠️ VETUSDT lỗi lần 2/3: HTTPSConnectionPool(host='api.binance.com', port=443): Max retries exceeded with url: /api/v3/klines?symbol=VETUSDT&interval=1m&limit=100 (Caused by ConnectTimeoutError(<urllib3.connection.HTTPSConnection object at 0x7fa3c80c70a0>, 'Connection to api.binance.com timed out. (connect timeout=15)'))
[2025-08-18T15:16:50.499+0000] {subprocess.py:93} INFO - 98/100 VETUSDT lỗi: relation "cryptocurrency.vetusdt" does not exist
[2025-08-18T15:16:50.499+0000] {subprocess.py:93} INFO - LINE 1: SELECT MAX(time) FROM cryptocurrency.vetusdt;
[2025-08-18T15:16:50.499+0000] {subprocess.py:93} INFO -                               ^
[2025-08-18T15:16:50.500+0000] {subprocess.py:93} INFO - 
[2025-08-18T15:16:50.500+0000] {subprocess.py:93} INFO - ✅ SPKUSDT: thêm 1 dòng mới
[2025-08-18T15:16:50.500+0000] {subprocess.py:93} INFO - 99/100 SPKUSDT lưu OK
[2025-08-18T15:16:50.500+0000] {subprocess.py:93} INFO - 100/100 ALGOUSDT lỗi: connection to server at "videv.cloud" (27.74.74.29), port 5432 failed: Connection timed out
[2025-08-18T15:16:50.501+0000] {subprocess.py:93} INFO - 	Is the server running on that host and accepting TCP/IP connections?
[2025-08-18T15:16:50.501+0000] {subprocess.py:93} INFO - 
[2025-08-18T15:16:50.645+0000] {subprocess.py:97} INFO - Command exited with return code 0
[2025-08-18T15:16:50.646+0000] {taskinstance.py:441} INFO - ::group::Post task execution logs
[2025-08-18T15:16:50.675+0000] {taskinstance.py:1206} INFO - Marking task as SUCCESS. dag_id=crypto_collector_dag, task_id=run_crypto_collector, run_id=scheduled__2025-08-18T15:13:00+00:00, execution_date=20250818T151300, start_date=20250818T151436, end_date=20250818T151650
[2025-08-18T15:16:50.721+0000] {local_task_job_runner.py:240} INFO - Task exited with return code 0
[2025-08-18T15:16:50.749+0000] {taskinstance.py:3498} INFO - 0 downstream tasks scheduled from follow-on schedule check
[2025-08-18T15:16:50.750+0000] {local_task_job_runner.py:222} INFO - ::endgroup::
