[2025-08-17T09:48:17.658+0000] {local_task_job_runner.py:120} INFO - ::group::Pre task execution logs
[2025-08-17T09:48:17.684+0000] {taskinstance.py:2076} INFO - Dependencies all met for dep_context=non-requeueable deps ti=<TaskInstance: crypto_collector_dag.run_crypto_collector scheduled__2025-08-17T09:47:00+00:00 [queued]>
[2025-08-17T09:48:17.693+0000] {taskinstance.py:2076} INFO - Dependencies all met for dep_context=requeueable deps ti=<TaskInstance: crypto_collector_dag.run_crypto_collector scheduled__2025-08-17T09:47:00+00:00 [queued]>
[2025-08-17T09:48:17.694+0000] {taskinstance.py:2306} INFO - Starting attempt 1 of 2
[2025-08-17T09:48:17.706+0000] {taskinstance.py:2330} INFO - Executing <Task(BashOperator): run_crypto_collector> on 2025-08-17 09:47:00+00:00
[2025-08-17T09:48:17.711+0000] {standard_task_runner.py:63} INFO - Started process 49746 to run task
[2025-08-17T09:48:17.716+0000] {standard_task_runner.py:90} INFO - Running: ['***', 'tasks', 'run', 'crypto_collector_dag', 'run_crypto_collector', 'scheduled__2025-08-17T09:47:00+00:00', '--job-id', '7429', '--raw', '--subdir', 'DAGS_FOLDER/crawl_crypto/dags_crypto.py', '--cfg-path', '/tmp/tmpoes7ykrn']
[2025-08-17T09:48:17.717+0000] {standard_task_runner.py:91} INFO - Job 7429: Subtask run_crypto_collector
[2025-08-17T09:48:17.771+0000] {task_command.py:426} INFO - Running <TaskInstance: crypto_collector_dag.run_crypto_collector scheduled__2025-08-17T09:47:00+00:00 [running]> on host 1877907bc043
[2025-08-17T09:48:17.872+0000] {taskinstance.py:2648} INFO - Exporting env vars: AIRFLOW_CTX_DAG_OWNER='***' AIRFLOW_CTX_DAG_ID='crypto_collector_dag' AIRFLOW_CTX_TASK_ID='run_crypto_collector' AIRFLOW_CTX_EXECUTION_DATE='2025-08-17T09:47:00+00:00' AIRFLOW_CTX_TRY_NUMBER='1' AIRFLOW_CTX_DAG_RUN_ID='scheduled__2025-08-17T09:47:00+00:00'
[2025-08-17T09:48:17.873+0000] {taskinstance.py:430} INFO - ::endgroup::
[2025-08-17T09:48:17.890+0000] {subprocess.py:63} INFO - Tmp dir root location: /tmp
[2025-08-17T09:48:17.891+0000] {subprocess.py:75} INFO - Running command: ['/usr/bin/bash', '-c', 'python3 /opt/***/dags/crawl_crypto/crawl_data_crypto.py']
[2025-08-17T09:48:17.905+0000] {subprocess.py:86} INFO - Output:
[2025-08-17T09:49:35.971+0000] {subprocess.py:93} INFO - 🔹 Kết nối DB...
[2025-08-17T09:49:35.972+0000] {subprocess.py:93} INFO - 🔹 Lấy top 100 crypto...
[2025-08-17T09:49:35.972+0000] {subprocess.py:93} INFO - Top 100: ['ETHUSDT', 'USDCUSDT', 'BTCUSDT', 'SOLUSDT', 'ADAUSDT', 'DOGEUSDT', 'XRPUSDT', 'LINKUSDT', 'FDUSDUSDT', 'TRXUSDT', 'BNBUSDT', 'PROVEUSDT', 'ENAUSDT', 'SUIUSDT', 'CTSIUSDT', 'ARBUSDT', 'PEPEUSDT', 'UNIUSDT', 'LTCUSDT', 'AVAXUSDT', 'PENGUUSDT', 'ALPINEUSDT', 'TSTUSDT', 'SKLUSDT', 'HBARUSDT', 'SEIUSDT', 'SUSDT', 'BFUSDUSDT', 'API3USDT', 'TRUMPUSDT', 'AAVEUSDT', 'LDOUSDT', 'WLDUSDT', 'EPICUSDT', 'NEARUSDT', 'BONKUSDT', 'OGUSDT', 'CRVUSDT', 'WIFUSDT', 'CHRUSDT', 'APTUSDT', 'MAVUSDT', 'OGNUSDT', 'BERAUSDT', 'XLMUSDT', 'OPUSDT', 'RAYUSDT', 'TOWNSUSDT', 'LRCUSDT', 'DOTUSDT', 'CYBERUSDT', 'LPTUSDT', 'PONDUSDT', 'FLOKIUSDT', 'TONUSDT', 'GALAUSDT', 'CELRUSDT', 'BCHUSDT', 'ONDOUSDT', 'PORTOUSDT', 'EIGENUSDT', 'ETHFIUSDT', 'TIAUSDT', 'MOVRUSDT', 'INJUSDT', 'ASRUSDT', 'TAOUSDT', 'BATUSDT', 'PENDLEUSDT', 'BANDUSDT', 'NEIROUSDT', 'LAUSDT', 'ALGOUSDT', 'ETCUSDT', 'FILUSDT', 'BBUSDT', 'RENDERUSDT', 'POLUSDT', 'NMRUSDT', 'VIRTUALUSDT', 'SHIBUSDT', 'SYRUPUSDT', 'CAKEUSDT', 'ERAUSDT', 'SPKUSDT', 'ICPUSDT', 'PNUTUSDT', 'BIOUSDT', 'STRKUSDT', 'MDTUSDT', 'CFXUSDT', 'LUNCUSDT', 'XUSDUSDT', 'EURUSDT', 'FETUSDT', 'ENSUSDT', 'ARKMUSDT', 'TREEUSDT', 'HOTUSDT', 'ATOMUSDT']
[2025-08-17T09:49:35.972+0000] {subprocess.py:93} INFO - 🔹 Lưu lịch sử giá vào DB bằng threading...
[2025-08-17T09:49:35.972+0000] {subprocess.py:93} INFO - ✅ USDCUSDT: thêm 4 dòng mới
[2025-08-17T09:49:35.973+0000] {subprocess.py:93} INFO - 1/100 USDCUSDT lưu OK
[2025-08-17T09:49:35.973+0000] {subprocess.py:93} INFO - ✅ LINKUSDT: thêm 3 dòng mới
[2025-08-17T09:49:35.973+0000] {subprocess.py:93} INFO - 2/100 LINKUSDT lưu OK
[2025-08-17T09:49:35.973+0000] {subprocess.py:93} INFO - ✅ SOLUSDT: thêm 3 dòng mới
[2025-08-17T09:49:35.974+0000] {subprocess.py:93} INFO - 3/100 SOLUSDT lưu OK
[2025-08-17T09:49:35.974+0000] {subprocess.py:93} INFO - ✅ XRPUSDT: thêm 4 dòng mới
[2025-08-17T09:49:35.974+0000] {subprocess.py:93} INFO - 4/100 XRPUSDT lưu OK
[2025-08-17T09:49:35.974+0000] {subprocess.py:93} INFO - ✅ BNBUSDT: thêm 3 dòng mới
[2025-08-17T09:49:35.975+0000] {subprocess.py:93} INFO - 5/100 BNBUSDT lưu OK
[2025-08-17T09:49:35.975+0000] {subprocess.py:93} INFO - ✅ CTSIUSDT: thêm 3 dòng mới
[2025-08-17T09:49:35.975+0000] {subprocess.py:93} INFO - 6/100 CTSIUSDT lưu OK
[2025-08-17T09:49:35.975+0000] {subprocess.py:93} INFO - ✅ ARBUSDT: thêm 3 dòng mới
[2025-08-17T09:49:35.975+0000] {subprocess.py:93} INFO - 7/100 ARBUSDT lưu OK
[2025-08-17T09:49:35.976+0000] {subprocess.py:93} INFO - ✅ PEPEUSDT: thêm 3 dòng mới
[2025-08-17T09:49:35.976+0000] {subprocess.py:93} INFO - 8/100 PEPEUSDT lưu OK
[2025-08-17T09:49:35.976+0000] {subprocess.py:93} INFO - ✅ ETHUSDT: thêm 3 dòng mới
[2025-08-17T09:49:35.976+0000] {subprocess.py:93} INFO - 9/100 ETHUSDT lưu OK
[2025-08-17T09:49:35.976+0000] {subprocess.py:93} INFO - ✅ BTCUSDT: thêm 3 dòng mới
[2025-08-17T09:49:35.977+0000] {subprocess.py:93} INFO - 10/100 BTCUSDT lưu OK
[2025-08-17T09:49:35.977+0000] {subprocess.py:93} INFO - ✅ ADAUSDT: thêm 3 dòng mới
[2025-08-17T09:49:35.977+0000] {subprocess.py:93} INFO - 11/100 ADAUSDT lưu OK
[2025-08-17T09:49:35.977+0000] {subprocess.py:93} INFO - ✅ UNIUSDT: thêm 2 dòng mới
[2025-08-17T09:49:35.977+0000] {subprocess.py:93} INFO - 12/100 UNIUSDT lưu OK
[2025-08-17T09:49:35.978+0000] {subprocess.py:93} INFO - ✅ PROVEUSDT: thêm 3 dòng mới
[2025-08-17T09:49:35.978+0000] {subprocess.py:93} INFO - 13/100 PROVEUSDT lưu OK
[2025-08-17T09:49:35.978+0000] {subprocess.py:93} INFO - ✅ LTCUSDT: thêm 3 dòng mới
[2025-08-17T09:49:35.978+0000] {subprocess.py:93} INFO - 14/100 LTCUSDT lưu OK
[2025-08-17T09:49:35.978+0000] {subprocess.py:93} INFO - ✅ PENGUUSDT: thêm 3 dòng mới
[2025-08-17T09:49:35.979+0000] {subprocess.py:93} INFO - 15/100 PENGUUSDT lưu OK
[2025-08-17T09:49:35.979+0000] {subprocess.py:93} INFO - ✅ AVAXUSDT: thêm 3 dòng mới
[2025-08-17T09:49:35.979+0000] {subprocess.py:93} INFO - 16/100 AVAXUSDT lưu OK
[2025-08-17T09:49:35.979+0000] {subprocess.py:93} INFO - ✅ ALPINEUSDT: thêm 3 dòng mới
[2025-08-17T09:49:35.979+0000] {subprocess.py:93} INFO - 17/100 ALPINEUSDT lưu OK
[2025-08-17T09:49:35.980+0000] {subprocess.py:93} INFO - ✅ TSTUSDT: thêm 3 dòng mới
[2025-08-17T09:49:35.980+0000] {subprocess.py:93} INFO - 18/100 TSTUSDT lưu OK
[2025-08-17T09:49:35.980+0000] {subprocess.py:93} INFO - ✅ ENAUSDT: thêm 3 dòng mới
[2025-08-17T09:49:35.980+0000] {subprocess.py:93} INFO - 19/100 ENAUSDT lưu OK
[2025-08-17T09:49:35.980+0000] {subprocess.py:93} INFO - ✅ API3USDT: thêm 2 dòng mới
[2025-08-17T09:49:35.981+0000] {subprocess.py:93} INFO - 20/100 API3USDT lưu OK
[2025-08-17T09:49:35.981+0000] {subprocess.py:93} INFO - ⚠️ DOGEUSDT lỗi lần 1/3: HTTPSConnectionPool(host='api.binance.com', port=443): Max retries exceeded with url: /api/v3/klines?symbol=DOGEUSDT&interval=1m&limit=100 (Caused by ConnectTimeoutError(<urllib3.connection.HTTPSConnection object at 0x7f6fe0765e40>, 'Connection to api.binance.com timed out. (connect timeout=15)'))
[2025-08-17T09:49:35.981+0000] {subprocess.py:93} INFO - ⚠️ FDUSDUSDT lỗi lần 1/3: HTTPSConnectionPool(host='api.binance.com', port=443): Max retries exceeded with url: /api/v3/klines?symbol=FDUSDUSDT&interval=1m&limit=100 (Caused by ConnectTimeoutError(<urllib3.connection.HTTPSConnection object at 0x7f6fe07654b0>, 'Connection to api.binance.com timed out. (connect timeout=15)'))
[2025-08-17T09:49:35.981+0000] {subprocess.py:93} INFO - ⚠️ TRXUSDT lỗi lần 1/3: HTTPSConnectionPool(host='api.binance.com', port=443): Max retries exceeded with url: /api/v3/klines?symbol=TRXUSDT&interval=1m&limit=100 (Caused by ConnectTimeoutError(<urllib3.connection.HTTPSConnection object at 0x7f6fe078df90>, 'Connection to api.binance.com timed out. (connect timeout=15)'))
[2025-08-17T09:49:35.982+0000] {subprocess.py:93} INFO - ✅ TRUMPUSDT: thêm 2 dòng mới
[2025-08-17T09:49:35.982+0000] {subprocess.py:93} INFO - 21/100 TRUMPUSDT lưu OK
[2025-08-17T09:49:35.982+0000] {subprocess.py:93} INFO - ✅ AAVEUSDT: thêm 2 dòng mới
[2025-08-17T09:49:35.982+0000] {subprocess.py:93} INFO - 22/100 AAVEUSDT lưu OK
[2025-08-17T09:49:35.982+0000] {subprocess.py:93} INFO - ✅ LDOUSDT: thêm 2 dòng mới
[2025-08-17T09:49:35.983+0000] {subprocess.py:93} INFO - 23/100 LDOUSDT lưu OK
[2025-08-17T09:49:35.983+0000] {subprocess.py:93} INFO - ✅ WLDUSDT: thêm 2 dòng mới
[2025-08-17T09:49:35.983+0000] {subprocess.py:93} INFO - 24/100 WLDUSDT lưu OK
[2025-08-17T09:49:35.983+0000] {subprocess.py:93} INFO - ✅ TRXUSDT: thêm 3 dòng mới
[2025-08-17T09:49:35.983+0000] {subprocess.py:93} INFO - 25/100 TRXUSDT lưu OK
[2025-08-17T09:49:35.984+0000] {subprocess.py:93} INFO - ✅ FDUSDUSDT: thêm 3 dòng mới
[2025-08-17T09:49:35.984+0000] {subprocess.py:93} INFO - 26/100 FDUSDUSDT lưu OK
[2025-08-17T09:49:35.984+0000] {subprocess.py:93} INFO - ✅ DOGEUSDT: thêm 4 dòng mới
[2025-08-17T09:49:35.984+0000] {subprocess.py:93} INFO - 27/100 DOGEUSDT lưu OK
[2025-08-17T09:49:35.984+0000] {subprocess.py:93} INFO - ✅ NEARUSDT: thêm 2 dòng mới
[2025-08-17T09:49:35.985+0000] {subprocess.py:93} INFO - 28/100 NEARUSDT lưu OK
[2025-08-17T09:49:35.985+0000] {subprocess.py:93} INFO - ✅ SUIUSDT: thêm 3 dòng mới
[2025-08-17T09:49:35.985+0000] {subprocess.py:93} INFO - 29/100 SUIUSDT lưu OK
[2025-08-17T09:49:35.985+0000] {subprocess.py:93} INFO - ✅ OGUSDT: thêm 2 dòng mới
[2025-08-17T09:49:35.985+0000] {subprocess.py:93} INFO - 30/100 OGUSDT lưu OK
[2025-08-17T09:49:35.986+0000] {subprocess.py:93} INFO - ✅ BONKUSDT: thêm 2 dòng mới
[2025-08-17T09:49:35.986+0000] {subprocess.py:93} INFO - 31/100 BONKUSDT lưu OK
[2025-08-17T09:49:35.986+0000] {subprocess.py:93} INFO - ✅ EPICUSDT: thêm 2 dòng mới
[2025-08-17T09:49:35.986+0000] {subprocess.py:93} INFO - 32/100 EPICUSDT lưu OK
[2025-08-17T09:49:35.986+0000] {subprocess.py:93} INFO - ✅ APTUSDT: thêm 2 dòng mới
[2025-08-17T09:49:35.987+0000] {subprocess.py:93} INFO - 33/100 APTUSDT lưu OK
[2025-08-17T09:49:35.987+0000] {subprocess.py:93} INFO - ✅ CRVUSDT: thêm 2 dòng mới
[2025-08-17T09:49:35.987+0000] {subprocess.py:93} INFO - 34/100 CRVUSDT lưu OK
[2025-08-17T09:49:35.987+0000] {subprocess.py:93} INFO - ✅ MAVUSDT: thêm 2 dòng mới
[2025-08-17T09:49:35.987+0000] {subprocess.py:93} INFO - 35/100 MAVUSDT lưu OK
[2025-08-17T09:49:35.988+0000] {subprocess.py:93} INFO - ✅ CHRUSDT: thêm 2 dòng mới
[2025-08-17T09:49:35.988+0000] {subprocess.py:93} INFO - 36/100 CHRUSDT lưu OK
[2025-08-17T09:49:35.988+0000] {subprocess.py:93} INFO - ⚠️ BFUSDUSDT lỗi lần 1/3: HTTPSConnectionPool(host='api.binance.com', port=443): Max retries exceeded with url: /api/v3/klines?symbol=BFUSDUSDT&interval=1m&limit=100 (Caused by ConnectTimeoutError(<urllib3.connection.HTTPSConnection object at 0x7f6fe0768ca0>, 'Connection to api.binance.com timed out. (connect timeout=15)'))
[2025-08-17T09:49:35.988+0000] {subprocess.py:93} INFO - ✅ OGNUSDT: thêm 2 dòng mới
[2025-08-17T09:49:35.988+0000] {subprocess.py:93} INFO - 37/100 OGNUSDT lưu OK
[2025-08-17T09:49:35.989+0000] {subprocess.py:93} INFO - ✅ XLMUSDT: thêm 2 dòng mới
[2025-08-17T09:49:35.989+0000] {subprocess.py:93} INFO - 38/100 XLMUSDT lưu OK
[2025-08-17T09:49:35.989+0000] {subprocess.py:93} INFO - ✅ WIFUSDT: thêm 2 dòng mới
[2025-08-17T09:49:35.989+0000] {subprocess.py:93} INFO - 39/100 WIFUSDT lưu OK
[2025-08-17T09:49:35.989+0000] {subprocess.py:93} INFO - ✅ BFUSDUSDT: thêm 4 dòng mới
[2025-08-17T09:49:35.990+0000] {subprocess.py:93} INFO - 40/100 BFUSDUSDT lưu OK
[2025-08-17T09:49:35.990+0000] {subprocess.py:93} INFO - ✅ DOTUSDT: thêm 2 dòng mới
[2025-08-17T09:49:35.990+0000] {subprocess.py:93} INFO - 41/100 DOTUSDT lưu OK
[2025-08-17T09:49:35.990+0000] {subprocess.py:93} INFO - 42/100 CYBERUSDT lỗi: relation "cryptocurrency.cyberusdt" does not exist
[2025-08-17T09:49:35.991+0000] {subprocess.py:93} INFO - LINE 1: SELECT MAX(time) FROM cryptocurrency.cyberusdt;
[2025-08-17T09:49:35.991+0000] {subprocess.py:93} INFO -                               ^
[2025-08-17T09:49:35.991+0000] {subprocess.py:93} INFO - 
[2025-08-17T09:49:35.991+0000] {subprocess.py:93} INFO - 43/100 LPTUSDT lỗi: relation "cryptocurrency.lptusdt" does not exist
[2025-08-17T09:49:35.991+0000] {subprocess.py:93} INFO - LINE 1: SELECT MAX(time) FROM cryptocurrency.lptusdt;
[2025-08-17T09:49:35.992+0000] {subprocess.py:93} INFO -                               ^
[2025-08-17T09:49:35.992+0000] {subprocess.py:93} INFO - 
[2025-08-17T09:49:35.992+0000] {subprocess.py:93} INFO - ✅ OPUSDT: thêm 2 dòng mới
[2025-08-17T09:49:35.992+0000] {subprocess.py:93} INFO - 44/100 OPUSDT lưu OK
[2025-08-17T09:49:35.992+0000] {subprocess.py:93} INFO - ✅ BERAUSDT: thêm 2 dòng mới
[2025-08-17T09:49:35.993+0000] {subprocess.py:93} INFO - 45/100 BERAUSDT lưu OK
[2025-08-17T09:49:35.993+0000] {subprocess.py:93} INFO - 46/100 PONDUSDT lỗi: relation "cryptocurrency.pondusdt" does not exist
[2025-08-17T09:49:35.993+0000] {subprocess.py:93} INFO - LINE 1: SELECT MAX(time) FROM cryptocurrency.pondusdt;
[2025-08-17T09:49:35.993+0000] {subprocess.py:93} INFO -                               ^
[2025-08-17T09:49:35.993+0000] {subprocess.py:93} INFO - 
[2025-08-17T09:49:35.994+0000] {subprocess.py:93} INFO - ✅ FLOKIUSDT: thêm 2 dòng mới
[2025-08-17T09:49:35.994+0000] {subprocess.py:93} INFO - 47/100 FLOKIUSDT lưu OK
[2025-08-17T09:49:35.994+0000] {subprocess.py:93} INFO - ✅ RAYUSDT: thêm 2 dòng mới
[2025-08-17T09:49:35.994+0000] {subprocess.py:93} INFO - 48/100 RAYUSDT lưu OK
[2025-08-17T09:49:35.994+0000] {subprocess.py:93} INFO - ✅ GALAUSDT: thêm 2 dòng mới
[2025-08-17T09:49:35.995+0000] {subprocess.py:93} INFO - 49/100 GALAUSDT lưu OK
[2025-08-17T09:49:35.995+0000] {subprocess.py:93} INFO - ✅ CELRUSDT: thêm 2 dòng mới
[2025-08-17T09:49:35.995+0000] {subprocess.py:93} INFO - 50/100 CELRUSDT lưu OK
[2025-08-17T09:49:35.995+0000] {subprocess.py:93} INFO - ✅ TONUSDT: thêm 2 dòng mới
[2025-08-17T09:49:35.995+0000] {subprocess.py:93} INFO - 51/100 TONUSDT lưu OK
[2025-08-17T09:49:35.996+0000] {subprocess.py:93} INFO - ✅ BCHUSDT: thêm 2 dòng mới
[2025-08-17T09:49:35.996+0000] {subprocess.py:93} INFO - 52/100 BCHUSDT lưu OK
[2025-08-17T09:49:35.996+0000] {subprocess.py:93} INFO - ✅ TOWNSUSDT: thêm 2 dòng mới
[2025-08-17T09:49:35.996+0000] {subprocess.py:93} INFO - 53/100 TOWNSUSDT lưu OK
[2025-08-17T09:49:35.996+0000] {subprocess.py:93} INFO - ✅ ETHFIUSDT: thêm 2 dòng mới
[2025-08-17T09:49:35.997+0000] {subprocess.py:93} INFO - 54/100 ETHFIUSDT lưu OK
[2025-08-17T09:49:35.997+0000] {subprocess.py:93} INFO - 55/100 MOVRUSDT lỗi: relation "cryptocurrency.movrusdt" does not exist
[2025-08-17T09:49:35.997+0000] {subprocess.py:93} INFO - LINE 1: SELECT MAX(time) FROM cryptocurrency.movrusdt;
[2025-08-17T09:49:35.997+0000] {subprocess.py:93} INFO -                               ^
[2025-08-17T09:49:35.997+0000] {subprocess.py:93} INFO - 
[2025-08-17T09:49:35.998+0000] {subprocess.py:93} INFO - ✅ INJUSDT: thêm 2 dòng mới
[2025-08-17T09:49:35.998+0000] {subprocess.py:93} INFO - 56/100 INJUSDT lưu OK
[2025-08-17T09:49:35.998+0000] {subprocess.py:93} INFO - ✅ TIAUSDT: thêm 3 dòng mới
[2025-08-17T09:49:35.998+0000] {subprocess.py:93} INFO - 57/100 TIAUSDT lưu OK
[2025-08-17T09:49:35.998+0000] {subprocess.py:93} INFO - ✅ TAOUSDT: thêm 3 dòng mới
[2025-08-17T09:49:35.999+0000] {subprocess.py:93} INFO - 58/100 TAOUSDT lưu OK
[2025-08-17T09:49:35.999+0000] {subprocess.py:93} INFO - ⚠️ ONDOUSDT lỗi lần 1/3: HTTPSConnectionPool(host='api.binance.com', port=443): Max retries exceeded with url: /api/v3/klines?symbol=ONDOUSDT&interval=1m&limit=100 (Caused by ConnectTimeoutError(<urllib3.connection.HTTPSConnection object at 0x7f6fe076a530>, 'Connection to api.binance.com timed out. (connect timeout=15)'))
[2025-08-17T09:49:35.999+0000] {subprocess.py:93} INFO - ⚠️ PORTOUSDT lỗi lần 1/3: HTTPSConnectionPool(host='api.binance.com', port=443): Max retries exceeded with url: /api/v3/klines?symbol=PORTOUSDT&interval=1m&limit=100 (Caused by ConnectTimeoutError(<urllib3.connection.HTTPSConnection object at 0x7f6fe076aaa0>, 'Connection to api.binance.com timed out. (connect timeout=15)'))
[2025-08-17T09:49:35.999+0000] {subprocess.py:93} INFO - ✅ BATUSDT: thêm 3 dòng mới
[2025-08-17T09:49:35.999+0000] {subprocess.py:93} INFO - 59/100 BATUSDT lưu OK
[2025-08-17T09:49:36.000+0000] {subprocess.py:93} INFO - ✅ ASRUSDT: thêm 3 dòng mới
[2025-08-17T09:49:36.000+0000] {subprocess.py:93} INFO - 60/100 ASRUSDT lưu OK
[2025-08-17T09:49:36.000+0000] {subprocess.py:93} INFO - ⚠️ EIGENUSDT lỗi lần 1/3: HTTPSConnectionPool(host='api.binance.com', port=443): Max retries exceeded with url: /api/v3/klines?symbol=EIGENUSDT&interval=1m&limit=100 (Caused by ConnectTimeoutError(<urllib3.connection.HTTPSConnection object at 0x7f6fe0769ff0>, 'Connection to api.binance.com timed out. (connect timeout=15)'))
[2025-08-17T09:49:36.000+0000] {subprocess.py:93} INFO - ✅ PORTOUSDT: thêm 3 dòng mới
[2025-08-17T09:49:36.000+0000] {subprocess.py:93} INFO - 61/100 PORTOUSDT lưu OK
[2025-08-17T09:49:36.001+0000] {subprocess.py:93} INFO - ✅ EIGENUSDT: thêm 3 dòng mới
[2025-08-17T09:49:36.001+0000] {subprocess.py:93} INFO - 62/100 EIGENUSDT lưu OK
[2025-08-17T09:49:36.001+0000] {subprocess.py:93} INFO - ✅ ONDOUSDT: thêm 3 dòng mới
[2025-08-17T09:49:36.001+0000] {subprocess.py:93} INFO - 63/100 ONDOUSDT lưu OK
[2025-08-17T09:49:36.001+0000] {subprocess.py:93} INFO - ✅ NEIROUSDT: thêm 3 dòng mới
[2025-08-17T09:49:36.002+0000] {subprocess.py:93} INFO - 64/100 NEIROUSDT lưu OK
[2025-08-17T09:49:36.002+0000] {subprocess.py:93} INFO - ✅ ALGOUSDT: thêm 3 dòng mới
[2025-08-17T09:49:36.002+0000] {subprocess.py:93} INFO - 65/100 ALGOUSDT lưu OK
[2025-08-17T09:49:36.002+0000] {subprocess.py:93} INFO - ✅ LRCUSDT: thêm 2 dòng mới
[2025-08-17T09:49:36.002+0000] {subprocess.py:93} INFO - 66/100 LRCUSDT lưu OK
[2025-08-17T09:49:36.003+0000] {subprocess.py:93} INFO - ✅ FILUSDT: thêm 3 dòng mới
[2025-08-17T09:49:36.003+0000] {subprocess.py:93} INFO - 67/100 FILUSDT lưu OK
[2025-08-17T09:49:36.003+0000] {subprocess.py:93} INFO - 68/100 BBUSDT lỗi: relation "cryptocurrency.bbusdt" does not exist
[2025-08-17T09:49:36.003+0000] {subprocess.py:93} INFO - LINE 1: SELECT MAX(time) FROM cryptocurrency.bbusdt;
[2025-08-17T09:49:36.003+0000] {subprocess.py:93} INFO -                               ^
[2025-08-17T09:49:36.004+0000] {subprocess.py:93} INFO - 
[2025-08-17T09:49:36.004+0000] {subprocess.py:93} INFO - ✅ POLUSDT: thêm 3 dòng mới
[2025-08-17T09:49:36.004+0000] {subprocess.py:93} INFO - 69/100 POLUSDT lưu OK
[2025-08-17T09:49:36.004+0000] {subprocess.py:93} INFO - ✅ PENDLEUSDT: thêm 3 dòng mới
[2025-08-17T09:49:36.004+0000] {subprocess.py:93} INFO - 70/100 PENDLEUSDT lưu OK
[2025-08-17T09:51:15.641+0000] {subprocess.py:93} INFO - ⚠️ RENDERUSDT lỗi lần 1/3: HTTPSConnectionPool(host='api.binance.com', port=443): Max retries exceeded with url: /api/v3/klines?symbol=RENDERUSDT&interval=1m&limit=100 (Caused by ConnectTimeoutError(<urllib3.connection.HTTPSConnection object at 0x7f6fe0768940>, 'Connection to api.binance.com timed out. (connect timeout=15)'))
[2025-08-17T09:51:15.641+0000] {subprocess.py:93} INFO - ✅ VIRTUALUSDT: thêm 3 dòng mới
[2025-08-17T09:51:15.642+0000] {subprocess.py:93} INFO - 71/100 VIRTUALUSDT lưu OK
[2025-08-17T09:51:15.642+0000] {subprocess.py:93} INFO - ✅ SHIBUSDT: thêm 3 dòng mới
[2025-08-17T09:51:15.642+0000] {subprocess.py:93} INFO - 72/100 SHIBUSDT lưu OK
[2025-08-17T09:51:15.642+0000] {subprocess.py:93} INFO - ✅ RENDERUSDT: thêm 3 dòng mới
[2025-08-17T09:51:15.642+0000] {subprocess.py:93} INFO - 73/100 RENDERUSDT lưu OK
[2025-08-17T09:51:15.643+0000] {subprocess.py:93} INFO - 74/100 NMRUSDT lỗi: relation "cryptocurrency.nmrusdt" does not exist
[2025-08-17T09:51:15.643+0000] {subprocess.py:93} INFO - LINE 1: SELECT MAX(time) FROM cryptocurrency.nmrusdt;
[2025-08-17T09:51:15.643+0000] {subprocess.py:93} INFO -                               ^
[2025-08-17T09:51:15.643+0000] {subprocess.py:93} INFO - 
[2025-08-17T09:51:15.644+0000] {subprocess.py:93} INFO - ✅ CAKEUSDT: thêm 3 dòng mới
[2025-08-17T09:51:15.644+0000] {subprocess.py:93} INFO - 75/100 CAKEUSDT lưu OK
[2025-08-17T09:51:15.644+0000] {subprocess.py:93} INFO - ✅ ERAUSDT: thêm 3 dòng mới
[2025-08-17T09:51:15.645+0000] {subprocess.py:93} INFO - 76/100 ERAUSDT lưu OK
[2025-08-17T09:51:15.645+0000] {subprocess.py:93} INFO - ✅ SPKUSDT: thêm 3 dòng mới
[2025-08-17T09:51:15.645+0000] {subprocess.py:93} INFO - 77/100 SPKUSDT lưu OK
[2025-08-17T09:51:15.645+0000] {subprocess.py:93} INFO - ✅ LAUSDT: thêm 3 dòng mới
[2025-08-17T09:51:15.646+0000] {subprocess.py:93} INFO - 78/100 LAUSDT lưu OK
[2025-08-17T09:51:15.646+0000] {subprocess.py:93} INFO - ✅ ICPUSDT: thêm 3 dòng mới
[2025-08-17T09:51:15.646+0000] {subprocess.py:93} INFO - 79/100 ICPUSDT lưu OK
[2025-08-17T09:51:15.646+0000] {subprocess.py:93} INFO - ✅ ETCUSDT: thêm 3 dòng mới
[2025-08-17T09:51:15.646+0000] {subprocess.py:93} INFO - 80/100 ETCUSDT lưu OK
[2025-08-17T09:51:15.647+0000] {subprocess.py:93} INFO - 81/100 STRKUSDT lỗi: relation "cryptocurrency.strkusdt" does not exist
[2025-08-17T09:51:15.647+0000] {subprocess.py:93} INFO - LINE 1: SELECT MAX(time) FROM cryptocurrency.strkusdt;
[2025-08-17T09:51:15.647+0000] {subprocess.py:93} INFO -                               ^
[2025-08-17T09:51:15.647+0000] {subprocess.py:93} INFO - 
[2025-08-17T09:51:15.647+0000] {subprocess.py:93} INFO - 82/100 BIOUSDT lỗi: relation "cryptocurrency.biousdt" does not exist
[2025-08-17T09:51:15.648+0000] {subprocess.py:93} INFO - LINE 1: SELECT MAX(time) FROM cryptocurrency.biousdt;
[2025-08-17T09:51:15.648+0000] {subprocess.py:93} INFO -                               ^
[2025-08-17T09:51:15.648+0000] {subprocess.py:93} INFO - 
[2025-08-17T09:51:15.648+0000] {subprocess.py:93} INFO - ✅ MDTUSDT: thêm 3 dòng mới
[2025-08-17T09:51:15.648+0000] {subprocess.py:93} INFO - 83/100 MDTUSDT lưu OK
[2025-08-17T09:51:15.649+0000] {subprocess.py:93} INFO - ✅ CFXUSDT: thêm 3 dòng mới
[2025-08-17T09:51:15.649+0000] {subprocess.py:93} INFO - 84/100 CFXUSDT lưu OK
[2025-08-17T09:51:15.649+0000] {subprocess.py:93} INFO - ✅ PNUTUSDT: thêm 3 dòng mới
[2025-08-17T09:51:15.649+0000] {subprocess.py:93} INFO - 85/100 PNUTUSDT lưu OK
[2025-08-17T09:51:15.649+0000] {subprocess.py:93} INFO - ✅ FETUSDT: thêm 3 dòng mới
[2025-08-17T09:51:15.650+0000] {subprocess.py:93} INFO - 86/100 FETUSDT lưu OK
[2025-08-17T09:51:15.650+0000] {subprocess.py:93} INFO - ✅ LUNCUSDT: thêm 3 dòng mới
[2025-08-17T09:51:15.650+0000] {subprocess.py:93} INFO - 87/100 LUNCUSDT lưu OK
[2025-08-17T09:51:15.650+0000] {subprocess.py:93} INFO - ✅ ENSUSDT: thêm 3 dòng mới
[2025-08-17T09:51:15.650+0000] {subprocess.py:93} INFO - 88/100 ENSUSDT lưu OK
[2025-08-17T09:51:15.651+0000] {subprocess.py:93} INFO - ✅ XUSDUSDT: thêm 3 dòng mới
[2025-08-17T09:51:15.651+0000] {subprocess.py:93} INFO - 89/100 XUSDUSDT lưu OK
[2025-08-17T09:51:15.651+0000] {subprocess.py:93} INFO - 90/100 HOTUSDT lỗi: relation "cryptocurrency.hotusdt" does not exist
[2025-08-17T09:51:15.651+0000] {subprocess.py:93} INFO - LINE 1: SELECT MAX(time) FROM cryptocurrency.hotusdt;
[2025-08-17T09:51:15.651+0000] {subprocess.py:93} INFO -                               ^
[2025-08-17T09:51:15.652+0000] {subprocess.py:93} INFO - 
[2025-08-17T09:51:15.652+0000] {subprocess.py:93} INFO - 91/100 ATOMUSDT lỗi: relation "cryptocurrency.atomusdt" does not exist
[2025-08-17T09:51:15.652+0000] {subprocess.py:93} INFO - LINE 1: SELECT MAX(time) FROM cryptocurrency.atomusdt;
[2025-08-17T09:51:15.652+0000] {subprocess.py:93} INFO -                               ^
[2025-08-17T09:51:15.652+0000] {subprocess.py:93} INFO - 
[2025-08-17T09:51:15.653+0000] {subprocess.py:93} INFO - ✅ EURUSDT: thêm 3 dòng mới
[2025-08-17T09:51:15.653+0000] {subprocess.py:93} INFO - 92/100 EURUSDT lưu OK
[2025-08-17T09:51:15.653+0000] {subprocess.py:93} INFO - 93/100 TREEUSDT lỗi: relation "cryptocurrency.treeusdt" does not exist
[2025-08-17T09:51:15.653+0000] {subprocess.py:93} INFO - LINE 1: SELECT MAX(time) FROM cryptocurrency.treeusdt;
[2025-08-17T09:51:15.653+0000] {subprocess.py:93} INFO -                               ^
[2025-08-17T09:51:15.654+0000] {subprocess.py:93} INFO - 
[2025-08-17T09:51:15.654+0000] {subprocess.py:93} INFO - ✅ ARKMUSDT: thêm 3 dòng mới
[2025-08-17T09:51:15.654+0000] {subprocess.py:93} INFO - 94/100 ARKMUSDT lưu OK
[2025-08-17T09:51:15.654+0000] {subprocess.py:93} INFO - ✅ SYRUPUSDT: thêm 3 dòng mới
[2025-08-17T09:51:15.654+0000] {subprocess.py:93} INFO - 95/100 SYRUPUSDT lưu OK
[2025-08-17T09:51:15.655+0000] {subprocess.py:93} INFO - 96/100 HBARUSDT lỗi: connection to server at "videv.cloud" (27.74.74.29), port 5432 failed: Connection timed out
[2025-08-17T09:51:15.655+0000] {subprocess.py:93} INFO - 	Is the server running on that host and accepting TCP/IP connections?
[2025-08-17T09:51:15.655+0000] {subprocess.py:93} INFO - 
[2025-08-17T09:51:15.655+0000] {subprocess.py:93} INFO - 97/100 SKLUSDT lỗi: connection to server at "videv.cloud" (27.74.74.29), port 5432 failed: Connection timed out
[2025-08-17T09:51:15.655+0000] {subprocess.py:93} INFO - 	Is the server running on that host and accepting TCP/IP connections?
[2025-08-17T09:51:15.656+0000] {subprocess.py:93} INFO - 
[2025-08-17T09:51:15.656+0000] {subprocess.py:93} INFO - 98/100 SEIUSDT lỗi: connection to server at "videv.cloud" (27.74.74.29), port 5432 failed: Connection timed out
[2025-08-17T09:51:15.656+0000] {subprocess.py:93} INFO - 	Is the server running on that host and accepting TCP/IP connections?
[2025-08-17T09:51:15.657+0000] {subprocess.py:93} INFO - 
[2025-08-17T09:51:15.657+0000] {subprocess.py:93} INFO - 99/100 SUSDT lỗi: connection to server at "videv.cloud" (27.74.74.29), port 5432 failed: Connection timed out
[2025-08-17T09:51:15.657+0000] {subprocess.py:93} INFO - 	Is the server running on that host and accepting TCP/IP connections?
[2025-08-17T09:51:15.657+0000] {subprocess.py:93} INFO - 
[2025-08-17T09:51:15.657+0000] {subprocess.py:93} INFO - 100/100 BANDUSDT lỗi: connection to server at "videv.cloud" (27.74.74.29), port 5432 failed: Connection timed out
[2025-08-17T09:51:15.658+0000] {subprocess.py:93} INFO - 	Is the server running on that host and accepting TCP/IP connections?
[2025-08-17T09:51:15.658+0000] {subprocess.py:93} INFO - 
[2025-08-17T09:51:15.771+0000] {subprocess.py:97} INFO - Command exited with return code 0
[2025-08-17T09:51:15.772+0000] {taskinstance.py:441} INFO - ::group::Post task execution logs
[2025-08-17T09:51:15.810+0000] {taskinstance.py:1206} INFO - Marking task as SUCCESS. dag_id=crypto_collector_dag, task_id=run_crypto_collector, run_id=scheduled__2025-08-17T09:47:00+00:00, execution_date=20250817T094700, start_date=20250817T094817, end_date=20250817T095115
[2025-08-17T09:51:15.873+0000] {local_task_job_runner.py:240} INFO - Task exited with return code 0
[2025-08-17T09:51:15.899+0000] {taskinstance.py:3498} INFO - 0 downstream tasks scheduled from follow-on schedule check
[2025-08-17T09:51:15.900+0000] {local_task_job_runner.py:222} INFO - ::endgroup::
