[2025-08-29T09:29:01.077+0000] {local_task_job_runner.py:120} INFO - ::group::Pre task execution logs
[2025-08-29T09:29:01.100+0000] {taskinstance.py:2076} INFO - Dependencies all met for dep_context=non-requeueable deps ti=<TaskInstance: crypto_collector_dag.run_crypto_collector scheduled__2025-08-29T09:28:00+00:00 [queued]>
[2025-08-29T09:29:01.108+0000] {taskinstance.py:2076} INFO - Dependencies all met for dep_context=requeueable deps ti=<TaskInstance: crypto_collector_dag.run_crypto_collector scheduled__2025-08-29T09:28:00+00:00 [queued]>
[2025-08-29T09:29:01.108+0000] {taskinstance.py:2306} INFO - Starting attempt 1 of 2
[2025-08-29T09:29:01.119+0000] {taskinstance.py:2330} INFO - Executing <Task(BashOperator): run_crypto_collector> on 2025-08-29 09:28:00+00:00
[2025-08-29T09:29:01.124+0000] {standard_task_runner.py:63} INFO - Started process 1865532 to run task
[2025-08-29T09:29:01.130+0000] {standard_task_runner.py:90} INFO - Running: ['***', 'tasks', 'run', 'crypto_collector_dag', 'run_crypto_collector', 'scheduled__2025-08-29T09:28:00+00:00', '--job-id', '33596', '--raw', '--subdir', 'DAGS_FOLDER/crawl_crypto/dags_crypto.py', '--cfg-path', '/tmp/tmp1tkjj9i1']
[2025-08-29T09:29:01.132+0000] {standard_task_runner.py:91} INFO - Job 33596: Subtask run_crypto_collector
[2025-08-29T09:29:01.184+0000] {task_command.py:426} INFO - Running <TaskInstance: crypto_collector_dag.run_crypto_collector scheduled__2025-08-29T09:28:00+00:00 [running]> on host 1877907bc043
[2025-08-29T09:29:01.329+0000] {taskinstance.py:2648} INFO - Exporting env vars: AIRFLOW_CTX_DAG_OWNER='***' AIRFLOW_CTX_DAG_ID='crypto_collector_dag' AIRFLOW_CTX_TASK_ID='run_crypto_collector' AIRFLOW_CTX_EXECUTION_DATE='2025-08-29T09:28:00+00:00' AIRFLOW_CTX_TRY_NUMBER='1' AIRFLOW_CTX_DAG_RUN_ID='scheduled__2025-08-29T09:28:00+00:00'
[2025-08-29T09:29:01.330+0000] {taskinstance.py:430} INFO - ::endgroup::
[2025-08-29T09:29:01.357+0000] {subprocess.py:63} INFO - Tmp dir root location: /tmp
[2025-08-29T09:29:01.358+0000] {subprocess.py:75} INFO - Running command: ['/usr/bin/bash', '-c', 'python3 /opt/***/dags/crawl_crypto/crawl_data_crypto.py']
[2025-08-29T09:29:01.374+0000] {subprocess.py:86} INFO - Output:
[2025-08-29T09:29:06.920+0000] {subprocess.py:93} INFO - 🔹 Kết nối DB...
[2025-08-29T09:29:06.921+0000] {subprocess.py:93} INFO - 🔹 Lấy top 100 crypto...
[2025-08-29T09:29:06.921+0000] {subprocess.py:93} INFO - Top 100: ['ETHUSDT', 'USDCUSDT', 'SOLUSDT', 'BTCUSDT', 'XRPUSDT', 'FDUSDUSDT', 'LINKUSDT', 'PYTHUSDT', 'DOGEUSDT', 'BNBUSDT', 'ENAUSDT', 'ADAUSDT', 'SUIUSDT', 'TRXUSDT', 'ARBUSDT', 'AVAXUSDT', 'NMRUSDT', 'PEPEUSDT', 'WUSDT', 'AAVEUSDT', 'TREEUSDT', 'BIOUSDT', 'DOLOUSDT', 'PLUMEUSDT', 'UNIUSDT', 'HBARUSDT', 'PENGUUSDT', 'SEIUSDT', 'USD1USDT', 'TONUSDT', 'CFXUSDT', 'LTCUSDT', 'DOTUSDT', 'BCHUSDT', 'XLMUSDT', 'BERAUSDT', 'OPUSDT', 'TRUMPUSDT', 'BFUSDUSDT', 'LPTUSDT', 'POLUSDT', 'IDUSDT', 'PROVEUSDT', 'RAYUSDT', 'PENDLEUSDT', 'NEARUSDT', 'MAVUSDT', 'CTSIUSDT', 'WLDUSDT', 'WIFUSDT', 'BONKUSDT', 'ZROUSDT', 'SUSDT', 'LDOUSDT', 'RLCUSDT', 'ETHFIUSDT', 'BIGTIMEUSDT', 'CRVUSDT', 'APTUSDT', 'INJUSDT', 'ONDOUSDT', 'PNUTUSDT', 'FORMUSDT', 'JUPUSDT', 'FILUSDT', 'MEMEUSDT', 'TAOUSDT', 'EURUSDT', 'FLOKIUSDT', 'SYRUPUSDT', 'BBUSDT', 'VIRTUALUSDT', 'TIAUSDT', 'CUSDT', 'SHIBUSDT', 'OMUSDT', 'GALAUSDT', 'NEIROUSDT', 'STGUSDT', 'ZKUSDT', 'CATIUSDT', 'ZENUSDT', 'TOWNSUSDT', 'PAXGUSDT', 'VETUSDT', 'QTUMUSDT', 'ETCUSDT', 'ATOMUSDT', 'FETUSDT', 'CAKEUSDT', 'NEOUSDT', 'BOMEUSDT', 'ALGOUSDT', 'ICPUSDT', 'EIGENUSDT', 'RENDERUSDT', 'ARKMUSDT', 'RUNEUSDT', 'WBETHUSDT', 'AIXBTUSDT']
[2025-08-29T09:29:06.921+0000] {subprocess.py:93} INFO - 🔹 Lưu lịch sử giá vào DB bằng threading...
[2025-08-29T09:29:06.921+0000] {subprocess.py:93} INFO - ✅ SOLUSDT: thêm 1 dòng mới
[2025-08-29T09:29:06.922+0000] {subprocess.py:93} INFO - 1/100 SOLUSDT lưu OK
[2025-08-29T09:29:06.922+0000] {subprocess.py:93} INFO - ✅ FDUSDUSDT: thêm 1 dòng mới
[2025-08-29T09:29:06.922+0000] {subprocess.py:93} INFO - 2/100 FDUSDUSDT lưu OK
[2025-08-29T09:29:06.923+0000] {subprocess.py:93} INFO - ✅ ETHUSDT: thêm 1 dòng mới
[2025-08-29T09:29:06.923+0000] {subprocess.py:93} INFO - 3/100 ETHUSDT lưu OK
[2025-08-29T09:29:06.923+0000] {subprocess.py:93} INFO - ✅ BTCUSDT: thêm 1 dòng mới
[2025-08-29T09:29:06.923+0000] {subprocess.py:93} INFO - 4/100 BTCUSDT lưu OK
[2025-08-29T09:29:06.924+0000] {subprocess.py:93} INFO - ✅ DOGEUSDT: thêm 1 dòng mới
[2025-08-29T09:29:06.924+0000] {subprocess.py:93} INFO - 5/100 DOGEUSDT lưu OK
[2025-08-29T09:29:06.924+0000] {subprocess.py:93} INFO - ✅ BNBUSDT: thêm 1 dòng mới
[2025-08-29T09:29:06.924+0000] {subprocess.py:93} INFO - 6/100 BNBUSDT lưu OK
[2025-08-29T09:29:06.925+0000] {subprocess.py:93} INFO - 7/100 PYTHUSDT lỗi: relation "cryptocurrency.pythusdt" does not exist
[2025-08-29T09:29:06.925+0000] {subprocess.py:93} INFO - LINE 1: SELECT MAX(time) FROM cryptocurrency.pythusdt;
[2025-08-29T09:29:06.925+0000] {subprocess.py:93} INFO -                               ^
[2025-08-29T09:29:06.925+0000] {subprocess.py:93} INFO - 
[2025-08-29T09:29:06.926+0000] {subprocess.py:93} INFO - ✅ LINKUSDT: thêm 1 dòng mới
[2025-08-29T09:29:06.926+0000] {subprocess.py:93} INFO - 8/100 LINKUSDT lưu OK
[2025-08-29T09:29:06.926+0000] {subprocess.py:93} INFO - ✅ USDCUSDT: thêm 1 dòng mới
[2025-08-29T09:29:06.926+0000] {subprocess.py:93} INFO - 9/100 USDCUSDT lưu OK
[2025-08-29T09:29:06.927+0000] {subprocess.py:93} INFO - ✅ XRPUSDT: thêm 1 dòng mới
[2025-08-29T09:29:06.927+0000] {subprocess.py:93} INFO - 10/100 XRPUSDT lưu OK
[2025-08-29T09:29:06.927+0000] {subprocess.py:93} INFO - ✅ ENAUSDT: thêm 1 dòng mới
[2025-08-29T09:29:06.927+0000] {subprocess.py:93} INFO - 11/100 ENAUSDT lưu OK
[2025-08-29T09:29:06.927+0000] {subprocess.py:93} INFO - ✅ SUIUSDT: thêm 1 dòng mới
[2025-08-29T09:29:06.928+0000] {subprocess.py:93} INFO - 12/100 SUIUSDT lưu OK
[2025-08-29T09:29:06.928+0000] {subprocess.py:93} INFO - ✅ ARBUSDT: thêm 1 dòng mới
[2025-08-29T09:29:06.928+0000] {subprocess.py:93} INFO - 13/100 ARBUSDT lưu OK
[2025-08-29T09:29:06.928+0000] {subprocess.py:93} INFO - ✅ AVAXUSDT: thêm 1 dòng mới
[2025-08-29T09:29:06.929+0000] {subprocess.py:93} INFO - 14/100 AVAXUSDT lưu OK
[2025-08-29T09:29:06.929+0000] {subprocess.py:93} INFO - ✅ PEPEUSDT: thêm 1 dòng mới
[2025-08-29T09:29:06.929+0000] {subprocess.py:93} INFO - 15/100 PEPEUSDT lưu OK
[2025-08-29T09:29:06.929+0000] {subprocess.py:93} INFO - 16/100 NMRUSDT lỗi: relation "cryptocurrency.nmrusdt" does not exist
[2025-08-29T09:29:06.930+0000] {subprocess.py:93} INFO - LINE 1: SELECT MAX(time) FROM cryptocurrency.nmrusdt;
[2025-08-29T09:29:06.930+0000] {subprocess.py:93} INFO -                               ^
[2025-08-29T09:29:06.930+0000] {subprocess.py:93} INFO - 
[2025-08-29T09:29:06.930+0000] {subprocess.py:93} INFO - 17/100 WUSDT lỗi: relation "cryptocurrency.wusdt" does not exist
[2025-08-29T09:29:06.931+0000] {subprocess.py:93} INFO - LINE 1: SELECT MAX(time) FROM cryptocurrency.wusdt;
[2025-08-29T09:29:06.931+0000] {subprocess.py:93} INFO -                               ^
[2025-08-29T09:29:06.931+0000] {subprocess.py:93} INFO - 
[2025-08-29T09:29:06.931+0000] {subprocess.py:93} INFO - ✅ TRXUSDT: thêm 1 dòng mới
[2025-08-29T09:29:06.931+0000] {subprocess.py:93} INFO - 18/100 TRXUSDT lưu OK
[2025-08-29T09:29:06.932+0000] {subprocess.py:93} INFO - ✅ AAVEUSDT: thêm 1 dòng mới
[2025-08-29T09:29:06.932+0000] {subprocess.py:93} INFO - 19/100 AAVEUSDT lưu OK
[2025-08-29T09:29:06.932+0000] {subprocess.py:93} INFO - 20/100 TREEUSDT lỗi: relation "cryptocurrency.treeusdt" does not exist
[2025-08-29T09:29:06.932+0000] {subprocess.py:93} INFO - LINE 1: SELECT MAX(time) FROM cryptocurrency.treeusdt;
[2025-08-29T09:29:06.933+0000] {subprocess.py:93} INFO -                               ^
[2025-08-29T09:29:06.933+0000] {subprocess.py:93} INFO - 
[2025-08-29T09:29:06.933+0000] {subprocess.py:93} INFO - ✅ ADAUSDT: thêm 1 dòng mới
[2025-08-29T09:29:06.933+0000] {subprocess.py:93} INFO - 21/100 ADAUSDT lưu OK
[2025-08-29T09:29:06.933+0000] {subprocess.py:93} INFO - 22/100 BIOUSDT lỗi: relation "cryptocurrency.biousdt" does not exist
[2025-08-29T09:29:06.935+0000] {subprocess.py:93} INFO - LINE 1: SELECT MAX(time) FROM cryptocurrency.biousdt;
[2025-08-29T09:29:06.935+0000] {subprocess.py:93} INFO -                               ^
[2025-08-29T09:29:06.935+0000] {subprocess.py:93} INFO - 
[2025-08-29T09:29:06.936+0000] {subprocess.py:93} INFO - 23/100 PLUMEUSDT lỗi: relation "cryptocurrency.plumeusdt" does not exist
[2025-08-29T09:29:06.936+0000] {subprocess.py:93} INFO - LINE 1: SELECT MAX(time) FROM cryptocurrency.plumeusdt;
[2025-08-29T09:29:06.936+0000] {subprocess.py:93} INFO -                               ^
[2025-08-29T09:29:06.936+0000] {subprocess.py:93} INFO - 
[2025-08-29T09:29:06.937+0000] {subprocess.py:93} INFO - ✅ UNIUSDT: thêm 1 dòng mới
[2025-08-29T09:29:06.937+0000] {subprocess.py:93} INFO - 24/100 UNIUSDT lưu OK
[2025-08-29T09:29:06.937+0000] {subprocess.py:93} INFO - ✅ HBARUSDT: thêm 1 dòng mới
[2025-08-29T09:29:06.937+0000] {subprocess.py:93} INFO - 25/100 HBARUSDT lưu OK
[2025-08-29T09:29:06.938+0000] {subprocess.py:93} INFO - 26/100 USD1USDT lỗi: relation "cryptocurrency.usd1usdt" does not exist
[2025-08-29T09:29:06.938+0000] {subprocess.py:93} INFO - LINE 1: SELECT MAX(time) FROM cryptocurrency.usd1usdt;
[2025-08-29T09:29:06.938+0000] {subprocess.py:93} INFO -                               ^
[2025-08-29T09:29:06.938+0000] {subprocess.py:93} INFO - 
[2025-08-29T09:29:06.939+0000] {subprocess.py:93} INFO - ✅ SEIUSDT: thêm 1 dòng mới
[2025-08-29T09:29:06.939+0000] {subprocess.py:93} INFO - 27/100 SEIUSDT lưu OK
[2025-08-29T09:29:06.939+0000] {subprocess.py:93} INFO - 28/100 DOLOUSDT lỗi: relation "cryptocurrency.dolousdt" does not exist
[2025-08-29T09:29:06.939+0000] {subprocess.py:93} INFO - LINE 1: SELECT MAX(time) FROM cryptocurrency.dolousdt;
[2025-08-29T09:29:06.940+0000] {subprocess.py:93} INFO -                               ^
[2025-08-29T09:29:06.940+0000] {subprocess.py:93} INFO - 
[2025-08-29T09:29:06.940+0000] {subprocess.py:93} INFO - ✅ PENGUUSDT: thêm 1 dòng mới
[2025-08-29T09:29:06.940+0000] {subprocess.py:93} INFO - 29/100 PENGUUSDT lưu OK
[2025-08-29T09:29:06.940+0000] {subprocess.py:93} INFO - ✅ TONUSDT: thêm 1 dòng mới
[2025-08-29T09:29:06.941+0000] {subprocess.py:93} INFO - 30/100 TONUSDT lưu OK
[2025-08-29T09:29:06.941+0000] {subprocess.py:93} INFO - ✅ CFXUSDT: thêm 1 dòng mới
[2025-08-29T09:29:06.941+0000] {subprocess.py:93} INFO - 31/100 CFXUSDT lưu OK
[2025-08-29T09:29:06.941+0000] {subprocess.py:93} INFO - ✅ LTCUSDT: thêm 1 dòng mới
[2025-08-29T09:29:06.942+0000] {subprocess.py:93} INFO - 32/100 LTCUSDT lưu OK
[2025-08-29T09:29:06.942+0000] {subprocess.py:93} INFO - ✅ DOTUSDT: thêm 1 dòng mới
[2025-08-29T09:29:06.942+0000] {subprocess.py:93} INFO - 33/100 DOTUSDT lưu OK
[2025-08-29T09:29:06.942+0000] {subprocess.py:93} INFO - ✅ BCHUSDT: thêm 1 dòng mới
[2025-08-29T09:29:06.943+0000] {subprocess.py:93} INFO - 34/100 BCHUSDT lưu OK
[2025-08-29T09:29:06.943+0000] {subprocess.py:93} INFO - ✅ TRUMPUSDT: thêm 1 dòng mới
[2025-08-29T09:29:06.943+0000] {subprocess.py:93} INFO - 35/100 TRUMPUSDT lưu OK
[2025-08-29T09:29:06.943+0000] {subprocess.py:93} INFO - ✅ XLMUSDT: thêm 1 dòng mới
[2025-08-29T09:29:06.944+0000] {subprocess.py:93} INFO - 36/100 XLMUSDT lưu OK
[2025-08-29T09:29:06.944+0000] {subprocess.py:93} INFO - ✅ BERAUSDT: thêm 1 dòng mới
[2025-08-29T09:29:06.944+0000] {subprocess.py:93} INFO - 37/100 BERAUSDT lưu OK
[2025-08-29T09:29:06.944+0000] {subprocess.py:93} INFO - ✅ BFUSDUSDT: thêm 1 dòng mới
[2025-08-29T09:29:06.944+0000] {subprocess.py:93} INFO - 38/100 BFUSDUSDT lưu OK
[2025-08-29T09:29:06.945+0000] {subprocess.py:93} INFO - 39/100 IDUSDT lỗi: relation "cryptocurrency.idusdt" does not exist
[2025-08-29T09:29:06.945+0000] {subprocess.py:93} INFO - LINE 1: SELECT MAX(time) FROM cryptocurrency.idusdt;
[2025-08-29T09:29:06.945+0000] {subprocess.py:93} INFO -                               ^
[2025-08-29T09:29:06.945+0000] {subprocess.py:93} INFO - 
[2025-08-29T09:29:06.946+0000] {subprocess.py:93} INFO - ✅ POLUSDT: thêm 1 dòng mới
[2025-08-29T09:29:06.946+0000] {subprocess.py:93} INFO - 40/100 POLUSDT lưu OK
[2025-08-29T09:29:06.946+0000] {subprocess.py:93} INFO - ✅ PROVEUSDT: thêm 1 dòng mới
[2025-08-29T09:29:06.946+0000] {subprocess.py:93} INFO - 41/100 PROVEUSDT lưu OK
[2025-08-29T09:29:06.947+0000] {subprocess.py:93} INFO - ✅ OPUSDT: thêm 1 dòng mới
[2025-08-29T09:29:06.947+0000] {subprocess.py:93} INFO - 42/100 OPUSDT lưu OK
[2025-08-29T09:29:06.947+0000] {subprocess.py:93} INFO - ✅ RAYUSDT: thêm 1 dòng mới
[2025-08-29T09:29:06.947+0000] {subprocess.py:93} INFO - 43/100 RAYUSDT lưu OK
[2025-08-29T09:29:06.948+0000] {subprocess.py:93} INFO - ✅ PENDLEUSDT: thêm 1 dòng mới
[2025-08-29T09:29:06.948+0000] {subprocess.py:93} INFO - 44/100 PENDLEUSDT lưu OK
[2025-08-29T09:29:06.948+0000] {subprocess.py:93} INFO - 45/100 LPTUSDT lỗi: relation "cryptocurrency.lptusdt" does not exist
[2025-08-29T09:29:06.948+0000] {subprocess.py:93} INFO - LINE 1: SELECT MAX(time) FROM cryptocurrency.lptusdt;
[2025-08-29T09:29:06.948+0000] {subprocess.py:93} INFO -                               ^
[2025-08-29T09:29:06.949+0000] {subprocess.py:93} INFO - 
[2025-08-29T09:29:06.949+0000] {subprocess.py:93} INFO - ✅ NEARUSDT: thêm 1 dòng mới
[2025-08-29T09:29:06.949+0000] {subprocess.py:93} INFO - 46/100 NEARUSDT lưu OK
[2025-08-29T09:29:06.949+0000] {subprocess.py:93} INFO - ✅ MAVUSDT: thêm 1 dòng mới
[2025-08-29T09:29:06.950+0000] {subprocess.py:93} INFO - 47/100 MAVUSDT lưu OK
[2025-08-29T09:29:06.950+0000] {subprocess.py:93} INFO - ✅ CTSIUSDT: thêm 1 dòng mới
[2025-08-29T09:29:06.950+0000] {subprocess.py:93} INFO - 48/100 CTSIUSDT lưu OK
[2025-08-29T09:29:06.950+0000] {subprocess.py:93} INFO - ✅ WIFUSDT: thêm 1 dòng mới
[2025-08-29T09:29:06.951+0000] {subprocess.py:93} INFO - 49/100 WIFUSDT lưu OK
[2025-08-29T09:29:06.951+0000] {subprocess.py:93} INFO - ✅ WLDUSDT: thêm 1 dòng mới
[2025-08-29T09:29:06.951+0000] {subprocess.py:93} INFO - 50/100 WLDUSDT lưu OK
[2025-08-29T09:29:06.951+0000] {subprocess.py:93} INFO - ✅ BONKUSDT: thêm 1 dòng mới
[2025-08-29T09:29:06.951+0000] {subprocess.py:93} INFO - 51/100 BONKUSDT lưu OK
[2025-08-29T09:29:06.952+0000] {subprocess.py:93} INFO - ✅ SUSDT: thêm 1 dòng mới
[2025-08-29T09:29:06.952+0000] {subprocess.py:93} INFO - 52/100 SUSDT lưu OK
[2025-08-29T09:29:06.952+0000] {subprocess.py:93} INFO - 53/100 ZROUSDT lỗi: relation "cryptocurrency.zrousdt" does not exist
[2025-08-29T09:29:06.952+0000] {subprocess.py:93} INFO - LINE 1: SELECT MAX(time) FROM cryptocurrency.zrousdt;
[2025-08-29T09:29:06.953+0000] {subprocess.py:93} INFO -                               ^
[2025-08-29T09:29:06.953+0000] {subprocess.py:93} INFO - 
[2025-08-29T09:29:06.953+0000] {subprocess.py:93} INFO - ✅ LDOUSDT: thêm 1 dòng mới
[2025-08-29T09:29:06.953+0000] {subprocess.py:93} INFO - 54/100 LDOUSDT lưu OK
[2025-08-29T09:29:06.953+0000] {subprocess.py:93} INFO - 55/100 RLCUSDT lỗi: relation "cryptocurrency.rlcusdt" does not exist
[2025-08-29T09:29:06.954+0000] {subprocess.py:93} INFO - LINE 1: SELECT MAX(time) FROM cryptocurrency.rlcusdt;
[2025-08-29T09:29:06.954+0000] {subprocess.py:93} INFO -                               ^
[2025-08-29T09:29:06.954+0000] {subprocess.py:93} INFO - 
[2025-08-29T09:29:06.954+0000] {subprocess.py:93} INFO - ✅ ETHFIUSDT: thêm 1 dòng mới
[2025-08-29T09:29:06.955+0000] {subprocess.py:93} INFO - 56/100 ETHFIUSDT lưu OK
[2025-08-29T09:29:06.955+0000] {subprocess.py:93} INFO - 57/100 BIGTIMEUSDT lỗi: relation "cryptocurrency.bigtimeusdt" does not exist
[2025-08-29T09:29:06.955+0000] {subprocess.py:93} INFO - LINE 1: SELECT MAX(time) FROM cryptocurrency.bigtimeusdt;
[2025-08-29T09:29:06.955+0000] {subprocess.py:93} INFO -                               ^
[2025-08-29T09:29:06.955+0000] {subprocess.py:93} INFO - 
[2025-08-29T09:29:06.956+0000] {subprocess.py:93} INFO - ✅ CRVUSDT: thêm 1 dòng mới
[2025-08-29T09:29:06.956+0000] {subprocess.py:93} INFO - 58/100 CRVUSDT lưu OK
[2025-08-29T09:29:06.956+0000] {subprocess.py:93} INFO - ✅ APTUSDT: thêm 1 dòng mới
[2025-08-29T09:29:06.956+0000] {subprocess.py:93} INFO - 59/100 APTUSDT lưu OK
[2025-08-29T09:29:06.957+0000] {subprocess.py:93} INFO - ✅ INJUSDT: thêm 1 dòng mới
[2025-08-29T09:29:06.957+0000] {subprocess.py:93} INFO - 60/100 INJUSDT lưu OK
[2025-08-29T09:29:06.957+0000] {subprocess.py:93} INFO - 61/100 FORMUSDT lỗi: relation "cryptocurrency.formusdt" does not exist
[2025-08-29T09:29:06.957+0000] {subprocess.py:93} INFO - LINE 1: SELECT MAX(time) FROM cryptocurrency.formusdt;
[2025-08-29T09:29:06.958+0000] {subprocess.py:93} INFO -                               ^
[2025-08-29T09:29:06.958+0000] {subprocess.py:93} INFO - 
[2025-08-29T09:29:06.958+0000] {subprocess.py:93} INFO - ✅ ONDOUSDT: thêm 1 dòng mới
[2025-08-29T09:29:06.958+0000] {subprocess.py:93} INFO - 62/100 ONDOUSDT lưu OK
[2025-08-29T09:29:06.958+0000] {subprocess.py:93} INFO - ✅ PNUTUSDT: thêm 1 dòng mới
[2025-08-29T09:29:06.959+0000] {subprocess.py:93} INFO - 63/100 PNUTUSDT lưu OK
[2025-08-29T09:29:06.959+0000] {subprocess.py:93} INFO - 64/100 JUPUSDT lỗi: relation "cryptocurrency.jupusdt" does not exist
[2025-08-29T09:29:06.959+0000] {subprocess.py:93} INFO - LINE 1: SELECT MAX(time) FROM cryptocurrency.jupusdt;
[2025-08-29T09:29:06.959+0000] {subprocess.py:93} INFO -                               ^
[2025-08-29T09:29:06.960+0000] {subprocess.py:93} INFO - 
[2025-08-29T09:29:06.960+0000] {subprocess.py:93} INFO - 65/100 MEMEUSDT lỗi: relation "cryptocurrency.memeusdt" does not exist
[2025-08-29T09:29:06.960+0000] {subprocess.py:93} INFO - LINE 1: SELECT MAX(time) FROM cryptocurrency.memeusdt;
[2025-08-29T09:29:06.960+0000] {subprocess.py:93} INFO -                               ^
[2025-08-29T09:29:06.960+0000] {subprocess.py:93} INFO - 
[2025-08-29T09:29:06.961+0000] {subprocess.py:93} INFO - ✅ EURUSDT: thêm 1 dòng mới
[2025-08-29T09:29:06.961+0000] {subprocess.py:93} INFO - 66/100 EURUSDT lưu OK
[2025-08-29T09:29:06.961+0000] {subprocess.py:93} INFO - ✅ FLOKIUSDT: thêm 1 dòng mới
[2025-08-29T09:29:06.961+0000] {subprocess.py:93} INFO - 67/100 FLOKIUSDT lưu OK
[2025-08-29T09:29:06.962+0000] {subprocess.py:93} INFO - ✅ SYRUPUSDT: thêm 1 dòng mới
[2025-08-29T09:29:06.962+0000] {subprocess.py:93} INFO - 68/100 SYRUPUSDT lưu OK
[2025-08-29T09:29:06.962+0000] {subprocess.py:93} INFO - 69/100 BBUSDT lỗi: relation "cryptocurrency.bbusdt" does not exist
[2025-08-29T09:29:06.962+0000] {subprocess.py:93} INFO - LINE 1: SELECT MAX(time) FROM cryptocurrency.bbusdt;
[2025-08-29T09:29:06.963+0000] {subprocess.py:93} INFO -                               ^
[2025-08-29T09:29:06.963+0000] {subprocess.py:93} INFO - 
[2025-08-29T09:29:06.963+0000] {subprocess.py:93} INFO - ✅ VIRTUALUSDT: thêm 1 dòng mới
[2025-08-29T09:29:06.963+0000] {subprocess.py:93} INFO - 70/100 VIRTUALUSDT lưu OK
[2025-08-29T09:29:06.963+0000] {subprocess.py:93} INFO - ✅ TIAUSDT: thêm 1 dòng mới
[2025-08-29T09:29:06.964+0000] {subprocess.py:93} INFO - 71/100 TIAUSDT lưu OK
[2025-08-29T09:29:06.964+0000] {subprocess.py:93} INFO - 72/100 CUSDT lỗi: relation "cryptocurrency.cusdt" does not exist
[2025-08-29T09:29:06.964+0000] {subprocess.py:93} INFO - LINE 1: SELECT MAX(time) FROM cryptocurrency.cusdt;
[2025-08-29T09:29:06.964+0000] {subprocess.py:93} INFO -                               ^
[2025-08-29T09:29:06.965+0000] {subprocess.py:93} INFO - 
[2025-08-29T09:29:06.965+0000] {subprocess.py:93} INFO - ✅ FILUSDT: thêm 1 dòng mới
[2025-08-29T09:29:06.965+0000] {subprocess.py:93} INFO - 73/100 FILUSDT lưu OK
[2025-08-29T09:29:06.965+0000] {subprocess.py:93} INFO - ✅ SHIBUSDT: thêm 1 dòng mới
[2025-08-29T09:29:06.966+0000] {subprocess.py:93} INFO - 74/100 SHIBUSDT lưu OK
[2025-08-29T09:29:06.966+0000] {subprocess.py:93} INFO - ✅ OMUSDT: thêm 1 dòng mới
[2025-08-29T09:29:06.966+0000] {subprocess.py:93} INFO - 75/100 OMUSDT lưu OK
[2025-08-29T09:29:06.966+0000] {subprocess.py:93} INFO - ✅ GALAUSDT: thêm 1 dòng mới
[2025-08-29T09:29:06.967+0000] {subprocess.py:93} INFO - 76/100 GALAUSDT lưu OK
[2025-08-29T09:29:06.967+0000] {subprocess.py:93} INFO - ✅ NEIROUSDT: thêm 1 dòng mới
[2025-08-29T09:29:06.967+0000] {subprocess.py:93} INFO - 77/100 NEIROUSDT lưu OK
[2025-08-29T09:29:06.967+0000] {subprocess.py:93} INFO - 78/100 STGUSDT lỗi: relation "cryptocurrency.stgusdt" does not exist
[2025-08-29T09:29:06.967+0000] {subprocess.py:93} INFO - LINE 1: SELECT MAX(time) FROM cryptocurrency.stgusdt;
[2025-08-29T09:29:06.968+0000] {subprocess.py:93} INFO -                               ^
[2025-08-29T09:29:06.968+0000] {subprocess.py:93} INFO - 
[2025-08-29T09:29:06.968+0000] {subprocess.py:93} INFO - 79/100 ZKUSDT lỗi: relation "cryptocurrency.zkusdt" does not exist
[2025-08-29T09:29:06.968+0000] {subprocess.py:93} INFO - LINE 1: SELECT MAX(time) FROM cryptocurrency.zkusdt;
[2025-08-29T09:29:06.969+0000] {subprocess.py:93} INFO -                               ^
[2025-08-29T09:29:06.969+0000] {subprocess.py:93} INFO - 
[2025-08-29T09:29:06.969+0000] {subprocess.py:93} INFO - 80/100 CATIUSDT lỗi: relation "cryptocurrency.catiusdt" does not exist
[2025-08-29T09:29:06.969+0000] {subprocess.py:93} INFO - LINE 1: SELECT MAX(time) FROM cryptocurrency.catiusdt;
[2025-08-29T09:29:06.970+0000] {subprocess.py:93} INFO -                               ^
[2025-08-29T09:29:06.970+0000] {subprocess.py:93} INFO - 
[2025-08-29T09:29:06.970+0000] {subprocess.py:93} INFO - ✅ TOWNSUSDT: thêm 1 dòng mới
[2025-08-29T09:29:06.970+0000] {subprocess.py:93} INFO - 81/100 TOWNSUSDT lưu OK
[2025-08-29T09:29:07.514+0000] {subprocess.py:93} INFO - 82/100 PAXGUSDT lỗi: relation "cryptocurrency.paxgusdt" does not exist
[2025-08-29T09:29:07.514+0000] {subprocess.py:93} INFO - LINE 1: SELECT MAX(time) FROM cryptocurrency.paxgusdt;
[2025-08-29T09:29:07.515+0000] {subprocess.py:93} INFO -                               ^
[2025-08-29T09:29:07.515+0000] {subprocess.py:93} INFO - 
[2025-08-29T09:29:07.515+0000] {subprocess.py:93} INFO - 83/100 VETUSDT lỗi: relation "cryptocurrency.vetusdt" does not exist
[2025-08-29T09:29:07.515+0000] {subprocess.py:93} INFO - LINE 1: SELECT MAX(time) FROM cryptocurrency.vetusdt;
[2025-08-29T09:29:07.516+0000] {subprocess.py:93} INFO -                               ^
[2025-08-29T09:29:07.516+0000] {subprocess.py:93} INFO - 
[2025-08-29T09:29:07.516+0000] {subprocess.py:93} INFO - 84/100 ZENUSDT lỗi: relation "cryptocurrency.zenusdt" does not exist
[2025-08-29T09:29:07.516+0000] {subprocess.py:93} INFO - LINE 1: SELECT MAX(time) FROM cryptocurrency.zenusdt;
[2025-08-29T09:29:07.516+0000] {subprocess.py:93} INFO -                               ^
[2025-08-29T09:29:07.517+0000] {subprocess.py:93} INFO - 
[2025-08-29T09:29:07.517+0000] {subprocess.py:93} INFO - 85/100 QTUMUSDT lỗi: relation "cryptocurrency.qtumusdt" does not exist
[2025-08-29T09:29:07.517+0000] {subprocess.py:93} INFO - LINE 1: SELECT MAX(time) FROM cryptocurrency.qtumusdt;
[2025-08-29T09:29:07.517+0000] {subprocess.py:93} INFO -                               ^
[2025-08-29T09:29:07.517+0000] {subprocess.py:93} INFO - 
[2025-08-29T09:29:07.518+0000] {subprocess.py:93} INFO - ✅ ETCUSDT: thêm 1 dòng mới
[2025-08-29T09:29:07.518+0000] {subprocess.py:93} INFO - 86/100 ETCUSDT lưu OK
[2025-08-29T09:29:07.518+0000] {subprocess.py:93} INFO - 87/100 ATOMUSDT lỗi: relation "cryptocurrency.atomusdt" does not exist
[2025-08-29T09:29:07.518+0000] {subprocess.py:93} INFO - LINE 1: SELECT MAX(time) FROM cryptocurrency.atomusdt;
[2025-08-29T09:29:07.519+0000] {subprocess.py:93} INFO -                               ^
[2025-08-29T09:29:07.519+0000] {subprocess.py:93} INFO - 
[2025-08-29T09:29:07.519+0000] {subprocess.py:93} INFO - ✅ FETUSDT: thêm 1 dòng mới
[2025-08-29T09:29:07.520+0000] {subprocess.py:93} INFO - 88/100 FETUSDT lưu OK
[2025-08-29T09:29:07.520+0000] {subprocess.py:93} INFO - ✅ CAKEUSDT: thêm 1 dòng mới
[2025-08-29T09:29:07.520+0000] {subprocess.py:93} INFO - 89/100 CAKEUSDT lưu OK
[2025-08-29T09:29:07.520+0000] {subprocess.py:93} INFO - 90/100 BOMEUSDT lỗi: relation "cryptocurrency.bomeusdt" does not exist
[2025-08-29T09:29:07.521+0000] {subprocess.py:93} INFO - LINE 1: SELECT MAX(time) FROM cryptocurrency.bomeusdt;
[2025-08-29T09:29:07.521+0000] {subprocess.py:93} INFO -                               ^
[2025-08-29T09:29:07.521+0000] {subprocess.py:93} INFO - 
[2025-08-29T09:29:07.521+0000] {subprocess.py:93} INFO - ✅ ALGOUSDT: thêm 1 dòng mới
[2025-08-29T09:29:07.521+0000] {subprocess.py:93} INFO - 91/100 ALGOUSDT lưu OK
[2025-08-29T09:29:07.522+0000] {subprocess.py:93} INFO - 92/100 NEOUSDT lỗi: relation "cryptocurrency.neousdt" does not exist
[2025-08-29T09:29:07.522+0000] {subprocess.py:93} INFO - LINE 1: SELECT MAX(time) FROM cryptocurrency.neousdt;
[2025-08-29T09:29:07.522+0000] {subprocess.py:93} INFO -                               ^
[2025-08-29T09:29:07.522+0000] {subprocess.py:93} INFO - 
[2025-08-29T09:29:07.523+0000] {subprocess.py:93} INFO - ✅ ICPUSDT: thêm 1 dòng mới
[2025-08-29T09:29:07.523+0000] {subprocess.py:93} INFO - 93/100 ICPUSDT lưu OK
[2025-08-29T09:29:07.523+0000] {subprocess.py:93} INFO - ✅ TAOUSDT: thêm 1 dòng mới
[2025-08-29T09:29:07.523+0000] {subprocess.py:93} INFO - 94/100 TAOUSDT lưu OK
[2025-08-29T09:29:07.523+0000] {subprocess.py:93} INFO - ✅ EIGENUSDT: thêm 1 dòng mới
[2025-08-29T09:29:07.524+0000] {subprocess.py:93} INFO - 95/100 EIGENUSDT lưu OK
[2025-08-29T09:29:07.524+0000] {subprocess.py:93} INFO - ✅ RENDERUSDT: thêm 1 dòng mới
[2025-08-29T09:29:07.524+0000] {subprocess.py:93} INFO - 96/100 RENDERUSDT lưu OK
[2025-08-29T09:29:07.524+0000] {subprocess.py:93} INFO - ✅ ARKMUSDT: thêm 1 dòng mới
[2025-08-29T09:29:07.524+0000] {subprocess.py:93} INFO - 97/100 ARKMUSDT lưu OK
[2025-08-29T09:29:07.525+0000] {subprocess.py:93} INFO - 98/100 WBETHUSDT lỗi: relation "cryptocurrency.wbethusdt" does not exist
[2025-08-29T09:29:07.525+0000] {subprocess.py:93} INFO - LINE 1: SELECT MAX(time) FROM cryptocurrency.wbethusdt;
[2025-08-29T09:29:07.525+0000] {subprocess.py:93} INFO -                               ^
[2025-08-29T09:29:07.525+0000] {subprocess.py:93} INFO - 
[2025-08-29T09:29:07.526+0000] {subprocess.py:93} INFO - 99/100 RUNEUSDT lỗi: relation "cryptocurrency.runeusdt" does not exist
[2025-08-29T09:29:07.526+0000] {subprocess.py:93} INFO - LINE 1: SELECT MAX(time) FROM cryptocurrency.runeusdt;
[2025-08-29T09:29:07.526+0000] {subprocess.py:93} INFO -                               ^
[2025-08-29T09:29:07.526+0000] {subprocess.py:93} INFO - 
[2025-08-29T09:29:07.526+0000] {subprocess.py:93} INFO - 100/100 AIXBTUSDT lỗi: relation "cryptocurrency.aixbtusdt" does not exist
[2025-08-29T09:29:07.527+0000] {subprocess.py:93} INFO - LINE 1: SELECT MAX(time) FROM cryptocurrency.aixbtusdt;
[2025-08-29T09:29:07.527+0000] {subprocess.py:93} INFO -                               ^
[2025-08-29T09:29:07.527+0000] {subprocess.py:93} INFO - 
[2025-08-29T09:29:07.672+0000] {subprocess.py:97} INFO - Command exited with return code 0
[2025-08-29T09:29:07.673+0000] {taskinstance.py:441} INFO - ::group::Post task execution logs
[2025-08-29T09:29:07.710+0000] {taskinstance.py:1206} INFO - Marking task as SUCCESS. dag_id=crypto_collector_dag, task_id=run_crypto_collector, run_id=scheduled__2025-08-29T09:28:00+00:00, execution_date=20250829T092800, start_date=20250829T092901, end_date=20250829T092907
[2025-08-29T09:29:07.769+0000] {local_task_job_runner.py:240} INFO - Task exited with return code 0
[2025-08-29T09:29:07.797+0000] {taskinstance.py:3498} INFO - 0 downstream tasks scheduled from follow-on schedule check
[2025-08-29T09:29:07.799+0000] {local_task_job_runner.py:222} INFO - ::endgroup::
