[2025-09-01T10:25:58.199+0000] {local_task_job_runner.py:120} INFO - ::group::Pre task execution logs
[2025-09-01T10:25:58.227+0000] {taskinstance.py:2076} INFO - Dependencies all met for dep_context=non-requeueable deps ti=<TaskInstance: market_table_foreign.foreign_HOSE scheduled__2025-08-31T17:06:00+00:00 [queued]>
[2025-09-01T10:25:58.236+0000] {taskinstance.py:2076} INFO - Dependencies all met for dep_context=requeueable deps ti=<TaskInstance: market_table_foreign.foreign_HOSE scheduled__2025-08-31T17:06:00+00:00 [queued]>
[2025-09-01T10:25:58.237+0000] {taskinstance.py:2306} INFO - Starting attempt 1 of 11
[2025-09-01T10:25:58.249+0000] {taskinstance.py:2330} INFO - Executing <Task(PythonOperator): foreign_HOSE> on 2025-08-31 17:06:00+00:00
[2025-09-01T10:25:58.258+0000] {standard_task_runner.py:63} INFO - Started process 2317837 to run task
[2025-09-01T10:25:58.262+0000] {standard_task_runner.py:90} INFO - Running: ['***', 'tasks', 'run', 'market_table_foreign', 'foreign_HOSE', 'scheduled__2025-08-31T17:06:00+00:00', '--job-id', '42104', '--raw', '--subdir', 'DAGS_FOLDER/dag_market_live.py', '--cfg-path', '/tmp/tmpavaoojo1']
[2025-09-01T10:25:58.265+0000] {standard_task_runner.py:91} INFO - Job 42104: Subtask foreign_HOSE
[2025-09-01T10:25:58.320+0000] {task_command.py:426} INFO - Running <TaskInstance: market_table_foreign.foreign_HOSE scheduled__2025-08-31T17:06:00+00:00 [running]> on host 1877907bc043
[2025-09-01T10:25:58.421+0000] {taskinstance.py:2648} INFO - Exporting env vars: AIRFLOW_CTX_DAG_OWNER='***' AIRFLOW_CTX_DAG_ID='market_table_foreign' AIRFLOW_CTX_TASK_ID='foreign_HOSE' AIRFLOW_CTX_EXECUTION_DATE='2025-08-31T17:06:00+00:00' AIRFLOW_CTX_TRY_NUMBER='1' AIRFLOW_CTX_DAG_RUN_ID='scheduled__2025-08-31T17:06:00+00:00'
[2025-09-01T10:25:58.422+0000] {taskinstance.py:430} INFO - ::endgroup::
[2025-09-01T10:25:58.439+0000] {foreign_HOSE.py:17} INFO - Kết nối DB
[2025-09-01T10:25:58.811+0000] {foreign_HOSE.py:42} INFO - Đã lưu foreign_HOSE
[2025-09-01T10:25:58.812+0000] {python.py:237} INFO - Done. Returned value was: None
[2025-09-01T10:25:58.813+0000] {taskinstance.py:441} INFO - ::group::Post task execution logs
[2025-09-01T10:25:58.824+0000] {taskinstance.py:1206} INFO - Marking task as SUCCESS. dag_id=market_table_foreign, task_id=foreign_HOSE, run_id=scheduled__2025-08-31T17:06:00+00:00, execution_date=20250831T170600, start_date=20250901T102558, end_date=20250901T102558
[2025-09-01T10:25:58.875+0000] {local_task_job_runner.py:240} INFO - Task exited with return code 0
[2025-09-01T10:25:58.888+0000] {local_task_job_runner.py:222} INFO - ::endgroup::
[2025-09-01T10:27:06.676+0000] {local_task_job_runner.py:120} INFO - ::group::Pre task execution logs
[2025-09-01T10:27:06.707+0000] {taskinstance.py:2076} INFO - Dependencies all met for dep_context=non-requeueable deps ti=<TaskInstance: market_table_foreign.foreign_HOSE scheduled__2025-08-31T17:06:00+00:00 [queued]>
[2025-09-01T10:27:06.716+0000] {taskinstance.py:2076} INFO - Dependencies all met for dep_context=requeueable deps ti=<TaskInstance: market_table_foreign.foreign_HOSE scheduled__2025-08-31T17:06:00+00:00 [queued]>
[2025-09-01T10:27:06.716+0000] {taskinstance.py:2306} INFO - Starting attempt 1 of 11
[2025-09-01T10:27:06.729+0000] {taskinstance.py:2330} INFO - Executing <Task(PythonOperator): foreign_HOSE> on 2025-08-31 17:06:00+00:00
[2025-09-01T10:27:06.737+0000] {standard_task_runner.py:63} INFO - Started process 2318730 to run task
[2025-09-01T10:27:06.741+0000] {standard_task_runner.py:90} INFO - Running: ['***', 'tasks', 'run', 'market_table_foreign', 'foreign_HOSE', 'scheduled__2025-08-31T17:06:00+00:00', '--job-id', '42346', '--raw', '--subdir', 'DAGS_FOLDER/dag_market_live.py', '--cfg-path', '/tmp/tmp2276hm38']
[2025-09-01T10:27:06.744+0000] {standard_task_runner.py:91} INFO - Job 42346: Subtask foreign_HOSE
[2025-09-01T10:27:06.793+0000] {task_command.py:426} INFO - Running <TaskInstance: market_table_foreign.foreign_HOSE scheduled__2025-08-31T17:06:00+00:00 [running]> on host 1877907bc043
[2025-09-01T10:27:06.901+0000] {taskinstance.py:2648} INFO - Exporting env vars: AIRFLOW_CTX_DAG_OWNER='***' AIRFLOW_CTX_DAG_ID='market_table_foreign' AIRFLOW_CTX_TASK_ID='foreign_HOSE' AIRFLOW_CTX_EXECUTION_DATE='2025-08-31T17:06:00+00:00' AIRFLOW_CTX_TRY_NUMBER='1' AIRFLOW_CTX_DAG_RUN_ID='scheduled__2025-08-31T17:06:00+00:00'
[2025-09-01T10:27:06.903+0000] {taskinstance.py:430} INFO - ::endgroup::
[2025-09-01T10:27:06.916+0000] {foreign_HOSE.py:17} INFO - Kết nối DB
[2025-09-01T10:27:07.337+0000] {foreign_HOSE.py:42} INFO - Đã lưu foreign_HOSE
[2025-09-01T10:27:07.338+0000] {python.py:237} INFO - Done. Returned value was: None
[2025-09-01T10:27:07.339+0000] {taskinstance.py:441} INFO - ::group::Post task execution logs
[2025-09-01T10:27:07.348+0000] {taskinstance.py:1206} INFO - Marking task as SUCCESS. dag_id=market_table_foreign, task_id=foreign_HOSE, run_id=scheduled__2025-08-31T17:06:00+00:00, execution_date=20250831T170600, start_date=20250901T102706, end_date=20250901T102707
[2025-09-01T10:27:07.395+0000] {local_task_job_runner.py:240} INFO - Task exited with return code 0
[2025-09-01T10:27:07.420+0000] {taskinstance.py:3498} INFO - 0 downstream tasks scheduled from follow-on schedule check
[2025-09-01T10:27:07.421+0000] {local_task_job_runner.py:222} INFO - ::endgroup::
