[2025-09-08T04:16:02.076+0000] {local_task_job_runner.py:120} INFO - ::group::Pre task execution logs
[2025-09-08T04:16:02.104+0000] {taskinstance.py:2076} INFO - Dependencies all met for dep_context=non-requeueable deps ti=<TaskInstance: foreign_1_live.save_foreign_1 scheduled__2025-09-08T04:15:00+00:00 [queued]>
[2025-09-08T04:16:02.114+0000] {taskinstance.py:2076} INFO - Dependencies all met for dep_context=requeueable deps ti=<TaskInstance: foreign_1_live.save_foreign_1 scheduled__2025-09-08T04:15:00+00:00 [queued]>
[2025-09-08T04:16:02.115+0000] {taskinstance.py:2306} INFO - Starting attempt 1 of 11
[2025-09-08T04:16:02.129+0000] {taskinstance.py:2330} INFO - Executing <Task(PythonOperator): save_foreign_1> on 2025-09-08 04:15:00+00:00
[2025-09-08T04:16:02.138+0000] {standard_task_runner.py:63} INFO - Started process 313023 to run task
[2025-09-08T04:16:02.142+0000] {standard_task_runner.py:90} INFO - Running: ['***', 'tasks', 'run', 'foreign_1_live', 'save_foreign_1', 'scheduled__2025-09-08T04:15:00+00:00', '--job-id', '157825', '--raw', '--subdir', 'DAGS_FOLDER/dag_foreign_1_live.py', '--cfg-path', '/tmp/tmpuop_2_ia']
[2025-09-08T04:16:02.146+0000] {standard_task_runner.py:91} INFO - Job 157825: Subtask save_foreign_1
[2025-09-08T04:16:02.203+0000] {task_command.py:426} INFO - Running <TaskInstance: foreign_1_live.save_foreign_1 scheduled__2025-09-08T04:15:00+00:00 [running]> on host 8d9cea3aac78
[2025-09-08T04:16:02.356+0000] {taskinstance.py:2648} INFO - Exporting env vars: AIRFLOW_CTX_DAG_OWNER='***' AIRFLOW_CTX_DAG_ID='foreign_1_live' AIRFLOW_CTX_TASK_ID='save_foreign_1' AIRFLOW_CTX_EXECUTION_DATE='2025-09-08T04:15:00+00:00' AIRFLOW_CTX_TRY_NUMBER='1' AIRFLOW_CTX_DAG_RUN_ID='scheduled__2025-09-08T04:15:00+00:00'
[2025-09-08T04:16:02.358+0000] {taskinstance.py:430} INFO - ::endgroup::
[2025-09-08T04:16:02.385+0000] {foreign_1.py:18} INFO - Kết nối DB
[2025-09-08T04:16:02.961+0000] {foreign_1.py:28} INFO - Đã lưu foreign_ALL
[2025-09-08T04:16:02.962+0000] {foreign_1.py:18} INFO - Kết nối DB
[2025-09-08T04:16:03.408+0000] {foreign_1.py:28} INFO - Đã lưu foreign_HOSE
[2025-09-08T04:16:03.409+0000] {foreign_1.py:18} INFO - Kết nối DB
[2025-09-08T04:16:04.050+0000] {foreign_1.py:28} INFO - Đã lưu foreign_HNX
[2025-09-08T04:16:04.052+0000] {foreign_1.py:18} INFO - Kết nối DB
[2025-09-08T04:16:04.444+0000] {foreign_1.py:28} INFO - Đã lưu foreign_UPCOM
[2025-09-08T04:16:04.445+0000] {python.py:237} INFO - Done. Returned value was: None
[2025-09-08T04:16:04.446+0000] {taskinstance.py:441} INFO - ::group::Post task execution logs
[2025-09-08T04:16:04.460+0000] {taskinstance.py:1206} INFO - Marking task as SUCCESS. dag_id=foreign_1_live, task_id=save_foreign_1, run_id=scheduled__2025-09-08T04:15:00+00:00, execution_date=20250908T041500, start_date=20250908T041602, end_date=20250908T041604
[2025-09-08T04:16:04.521+0000] {local_task_job_runner.py:240} INFO - Task exited with return code 0
[2025-09-08T04:16:04.561+0000] {taskinstance.py:3503} INFO - 4 downstream tasks scheduled from follow-on schedule check
[2025-09-08T04:16:04.562+0000] {local_task_job_runner.py:222} INFO - ::endgroup::
