[2025-09-01T10:26:31.177+0000] {local_task_job_runner.py:120} INFO - ::group::Pre task execution logs
[2025-09-01T10:26:31.208+0000] {taskinstance.py:2076} INFO - Dependencies all met for dep_context=non-requeueable deps ti=<TaskInstance: market_table_foreign.foreign_HOSE scheduled__2025-08-31T17:26:00+00:00 [queued]>
[2025-09-01T10:26:31.218+0000] {taskinstance.py:2076} INFO - Dependencies all met for dep_context=requeueable deps ti=<TaskInstance: market_table_foreign.foreign_HOSE scheduled__2025-08-31T17:26:00+00:00 [queued]>
[2025-09-01T10:26:31.218+0000] {taskinstance.py:2306} INFO - Starting attempt 1 of 11
[2025-09-01T10:26:31.231+0000] {taskinstance.py:2330} INFO - Executing <Task(PythonOperator): foreign_HOSE> on 2025-08-31 17:26:00+00:00
[2025-09-01T10:26:31.239+0000] {standard_task_runner.py:63} INFO - Started process 2318410 to run task
[2025-09-01T10:26:31.243+0000] {standard_task_runner.py:90} INFO - Running: ['***', 'tasks', 'run', 'market_table_foreign', 'foreign_HOSE', 'scheduled__2025-08-31T17:26:00+00:00', '--job-id', '42269', '--raw', '--subdir', 'DAGS_FOLDER/dag_market_live.py', '--cfg-path', '/tmp/tmpjdcl_bjr']
[2025-09-01T10:26:31.246+0000] {standard_task_runner.py:91} INFO - Job 42269: Subtask foreign_HOSE
[2025-09-01T10:26:31.301+0000] {task_command.py:426} INFO - Running <TaskInstance: market_table_foreign.foreign_HOSE scheduled__2025-08-31T17:26:00+00:00 [running]> on host 1877907bc043
[2025-09-01T10:26:31.396+0000] {taskinstance.py:2648} INFO - Exporting env vars: AIRFLOW_CTX_DAG_OWNER='***' AIRFLOW_CTX_DAG_ID='market_table_foreign' AIRFLOW_CTX_TASK_ID='foreign_HOSE' AIRFLOW_CTX_EXECUTION_DATE='2025-08-31T17:26:00+00:00' AIRFLOW_CTX_TRY_NUMBER='1' AIRFLOW_CTX_DAG_RUN_ID='scheduled__2025-08-31T17:26:00+00:00'
[2025-09-01T10:26:31.397+0000] {taskinstance.py:430} INFO - ::endgroup::
[2025-09-01T10:26:31.412+0000] {foreign_HOSE.py:17} INFO - Kết nối DB
[2025-09-01T10:26:31.746+0000] {foreign_HOSE.py:42} INFO - Đã lưu foreign_HOSE
[2025-09-01T10:26:31.747+0000] {python.py:237} INFO - Done. Returned value was: None
[2025-09-01T10:26:31.748+0000] {taskinstance.py:441} INFO - ::group::Post task execution logs
[2025-09-01T10:26:31.760+0000] {taskinstance.py:1206} INFO - Marking task as SUCCESS. dag_id=market_table_foreign, task_id=foreign_HOSE, run_id=scheduled__2025-08-31T17:26:00+00:00, execution_date=20250831T172600, start_date=20250901T102631, end_date=20250901T102631
[2025-09-01T10:26:31.815+0000] {local_task_job_runner.py:240} INFO - Task exited with return code 0
[2025-09-01T10:26:31.827+0000] {local_task_job_runner.py:222} INFO - ::endgroup::
[2025-09-01T10:27:38.707+0000] {local_task_job_runner.py:120} INFO - ::group::Pre task execution logs
[2025-09-01T10:27:38.733+0000] {taskinstance.py:2076} INFO - Dependencies all met for dep_context=non-requeueable deps ti=<TaskInstance: market_table_foreign.foreign_HOSE scheduled__2025-08-31T17:26:00+00:00 [queued]>
[2025-09-01T10:27:38.742+0000] {taskinstance.py:2076} INFO - Dependencies all met for dep_context=requeueable deps ti=<TaskInstance: market_table_foreign.foreign_HOSE scheduled__2025-08-31T17:26:00+00:00 [queued]>
[2025-09-01T10:27:38.743+0000] {taskinstance.py:2306} INFO - Starting attempt 1 of 11
[2025-09-01T10:27:38.757+0000] {taskinstance.py:2330} INFO - Executing <Task(PythonOperator): foreign_HOSE> on 2025-08-31 17:26:00+00:00
[2025-09-01T10:27:38.764+0000] {standard_task_runner.py:63} INFO - Started process 2319203 to run task
[2025-09-01T10:27:38.769+0000] {standard_task_runner.py:90} INFO - Running: ['***', 'tasks', 'run', 'market_table_foreign', 'foreign_HOSE', 'scheduled__2025-08-31T17:26:00+00:00', '--job-id', '42506', '--raw', '--subdir', 'DAGS_FOLDER/dag_market_live.py', '--cfg-path', '/tmp/tmp1e9v8166']
[2025-09-01T10:27:38.772+0000] {standard_task_runner.py:91} INFO - Job 42506: Subtask foreign_HOSE
[2025-09-01T10:27:38.830+0000] {task_command.py:426} INFO - Running <TaskInstance: market_table_foreign.foreign_HOSE scheduled__2025-08-31T17:26:00+00:00 [running]> on host 1877907bc043
[2025-09-01T10:27:38.932+0000] {taskinstance.py:2648} INFO - Exporting env vars: AIRFLOW_CTX_DAG_OWNER='***' AIRFLOW_CTX_DAG_ID='market_table_foreign' AIRFLOW_CTX_TASK_ID='foreign_HOSE' AIRFLOW_CTX_EXECUTION_DATE='2025-08-31T17:26:00+00:00' AIRFLOW_CTX_TRY_NUMBER='1' AIRFLOW_CTX_DAG_RUN_ID='scheduled__2025-08-31T17:26:00+00:00'
[2025-09-01T10:27:38.933+0000] {taskinstance.py:430} INFO - ::endgroup::
[2025-09-01T10:27:38.948+0000] {foreign_HOSE.py:17} INFO - Kết nối DB
[2025-09-01T10:27:39.314+0000] {foreign_HOSE.py:42} INFO - Đã lưu foreign_HOSE
[2025-09-01T10:27:39.315+0000] {python.py:237} INFO - Done. Returned value was: None
[2025-09-01T10:27:39.316+0000] {taskinstance.py:441} INFO - ::group::Post task execution logs
[2025-09-01T10:27:39.330+0000] {taskinstance.py:1206} INFO - Marking task as SUCCESS. dag_id=market_table_foreign, task_id=foreign_HOSE, run_id=scheduled__2025-08-31T17:26:00+00:00, execution_date=20250831T172600, start_date=20250901T102738, end_date=20250901T102739
[2025-09-01T10:27:39.381+0000] {local_task_job_runner.py:240} INFO - Task exited with return code 0
[2025-09-01T10:27:39.394+0000] {local_task_job_runner.py:222} INFO - ::endgroup::
