[2025-09-08T05:48:01.995+0000] {local_task_job_runner.py:120} INFO - ::group::Pre task execution logs
[2025-09-08T05:48:02.021+0000] {taskinstance.py:2076} INFO - Dependencies all met for dep_context=non-requeueable deps ti=<TaskInstance: foreign_1_live.save_foreign_1 scheduled__2025-09-08T05:47:00+00:00 [queued]>
[2025-09-08T05:48:02.030+0000] {taskinstance.py:2076} INFO - Dependencies all met for dep_context=requeueable deps ti=<TaskInstance: foreign_1_live.save_foreign_1 scheduled__2025-09-08T05:47:00+00:00 [queued]>
[2025-09-08T05:48:02.030+0000] {taskinstance.py:2306} INFO - Starting attempt 1 of 11
[2025-09-08T05:48:02.043+0000] {taskinstance.py:2330} INFO - Executing <Task(PythonOperator): save_foreign_1> on 2025-09-08 05:47:00+00:00
[2025-09-08T05:48:02.051+0000] {standard_task_runner.py:63} INFO - Started process 324812 to run task
[2025-09-08T05:48:02.055+0000] {standard_task_runner.py:90} INFO - Running: ['***', 'tasks', 'run', 'foreign_1_live', 'save_foreign_1', 'scheduled__2025-09-08T05:47:00+00:00', '--job-id', '159128', '--raw', '--subdir', 'DAGS_FOLDER/dag_foreign_1_live.py', '--cfg-path', '/tmp/tmp_rjxz6em']
[2025-09-08T05:48:02.058+0000] {standard_task_runner.py:91} INFO - Job 159128: Subtask save_foreign_1
[2025-09-08T05:48:02.111+0000] {task_command.py:426} INFO - Running <TaskInstance: foreign_1_live.save_foreign_1 scheduled__2025-09-08T05:47:00+00:00 [running]> on host 8d9cea3aac78
[2025-09-08T05:48:02.208+0000] {taskinstance.py:2648} INFO - Exporting env vars: AIRFLOW_CTX_DAG_OWNER='***' AIRFLOW_CTX_DAG_ID='foreign_1_live' AIRFLOW_CTX_TASK_ID='save_foreign_1' AIRFLOW_CTX_EXECUTION_DATE='2025-09-08T05:47:00+00:00' AIRFLOW_CTX_TRY_NUMBER='1' AIRFLOW_CTX_DAG_RUN_ID='scheduled__2025-09-08T05:47:00+00:00'
[2025-09-08T05:48:02.210+0000] {taskinstance.py:430} INFO - ::endgroup::
[2025-09-08T05:48:02.226+0000] {foreign_1.py:18} INFO - Kết nối DB
[2025-09-08T05:48:02.783+0000] {foreign_1.py:28} INFO - Đã lưu foreign_ALL
[2025-09-08T05:48:02.785+0000] {foreign_1.py:18} INFO - Kết nối DB
[2025-09-08T05:48:03.243+0000] {foreign_1.py:28} INFO - Đã lưu foreign_HOSE
[2025-09-08T05:48:03.245+0000] {foreign_1.py:18} INFO - Kết nối DB
[2025-09-08T05:48:03.893+0000] {foreign_1.py:28} INFO - Đã lưu foreign_HNX
[2025-09-08T05:48:03.895+0000] {foreign_1.py:18} INFO - Kết nối DB
[2025-09-08T05:48:04.402+0000] {foreign_1.py:28} INFO - Đã lưu foreign_UPCOM
[2025-09-08T05:48:04.402+0000] {python.py:237} INFO - Done. Returned value was: None
[2025-09-08T05:48:04.403+0000] {taskinstance.py:441} INFO - ::group::Post task execution logs
[2025-09-08T05:48:04.418+0000] {taskinstance.py:1206} INFO - Marking task as SUCCESS. dag_id=foreign_1_live, task_id=save_foreign_1, run_id=scheduled__2025-09-08T05:47:00+00:00, execution_date=20250908T054700, start_date=20250908T054802, end_date=20250908T054804
[2025-09-08T05:48:04.474+0000] {local_task_job_runner.py:240} INFO - Task exited with return code 0
[2025-09-08T05:48:04.516+0000] {taskinstance.py:3503} INFO - 4 downstream tasks scheduled from follow-on schedule check
[2025-09-08T05:48:04.517+0000] {local_task_job_runner.py:222} INFO - ::endgroup::
