[2025-09-04T17:01:02.108+0000] {local_task_job_runner.py:120} INFO - ::group::Pre task execution logs
[2025-09-04T17:01:02.137+0000] {taskinstance.py:2076} INFO - Dependencies all met for dep_context=non-requeueable deps ti=<TaskInstance: foreign_1D.save_foreign_1D scheduled__2025-09-03T17:01:00+00:00 [queued]>
[2025-09-04T17:01:02.147+0000] {taskinstance.py:2076} INFO - Dependencies all met for dep_context=requeueable deps ti=<TaskInstance: foreign_1D.save_foreign_1D scheduled__2025-09-03T17:01:00+00:00 [queued]>
[2025-09-04T17:01:02.148+0000] {taskinstance.py:2306} INFO - Starting attempt 1 of 11
[2025-09-04T17:01:02.163+0000] {taskinstance.py:2330} INFO - Executing <Task(PythonOperator): save_foreign_1D> on 2025-09-03 17:01:00+00:00
[2025-09-04T17:01:02.171+0000] {standard_task_runner.py:63} INFO - Started process 3015896 to run task
[2025-09-04T17:01:02.175+0000] {standard_task_runner.py:90} INFO - Running: ['***', 'tasks', 'run', 'foreign_1D', 'save_foreign_1D', 'scheduled__2025-09-03T17:01:00+00:00', '--job-id', '101315', '--raw', '--subdir', 'DAGS_FOLDER/dag_foreign_1D.py', '--cfg-path', '/tmp/tmpmddj9ozm']
[2025-09-04T17:01:02.178+0000] {standard_task_runner.py:91} INFO - Job 101315: Subtask save_foreign_1D
[2025-09-04T17:01:02.237+0000] {task_command.py:426} INFO - Running <TaskInstance: foreign_1D.save_foreign_1D scheduled__2025-09-03T17:01:00+00:00 [running]> on host 1877907bc043
[2025-09-04T17:01:02.563+0000] {taskinstance.py:2648} INFO - Exporting env vars: AIRFLOW_CTX_DAG_OWNER='***' AIRFLOW_CTX_DAG_ID='foreign_1D' AIRFLOW_CTX_TASK_ID='save_foreign_1D' AIRFLOW_CTX_EXECUTION_DATE='2025-09-03T17:01:00+00:00' AIRFLOW_CTX_TRY_NUMBER='1' AIRFLOW_CTX_DAG_RUN_ID='scheduled__2025-09-03T17:01:00+00:00'
[2025-09-04T17:01:02.564+0000] {taskinstance.py:430} INFO - ::endgroup::
[2025-09-04T17:01:02.576+0000] {foreign_1D.py:18} INFO - Kết nối DB
[2025-09-04T17:01:03.077+0000] {foreign_1D.py:28} INFO - Đã lưu foreign_ALL
[2025-09-04T17:01:03.078+0000] {foreign_1D.py:18} INFO - Kết nối DB
[2025-09-04T17:01:03.622+0000] {foreign_1D.py:28} INFO - Đã lưu foreign_HOSE
[2025-09-04T17:01:03.623+0000] {foreign_1D.py:18} INFO - Kết nối DB
[2025-09-04T17:01:04.349+0000] {foreign_1D.py:28} INFO - Đã lưu foreign_HNX
[2025-09-04T17:01:04.350+0000] {foreign_1D.py:18} INFO - Kết nối DB
[2025-09-04T17:01:04.776+0000] {foreign_1D.py:28} INFO - Đã lưu foreign_UPCOM
[2025-09-04T17:01:04.777+0000] {python.py:237} INFO - Done. Returned value was: None
[2025-09-04T17:01:04.777+0000] {taskinstance.py:441} INFO - ::group::Post task execution logs
[2025-09-04T17:01:04.792+0000] {taskinstance.py:1206} INFO - Marking task as SUCCESS. dag_id=foreign_1D, task_id=save_foreign_1D, run_id=scheduled__2025-09-03T17:01:00+00:00, execution_date=20250903T170100, start_date=20250904T170102, end_date=20250904T170104
[2025-09-04T17:01:04.835+0000] {local_task_job_runner.py:240} INFO - Task exited with return code 0
[2025-09-04T17:01:04.857+0000] {taskinstance.py:3498} INFO - 0 downstream tasks scheduled from follow-on schedule check
[2025-09-04T17:01:04.858+0000] {local_task_job_runner.py:222} INFO - ::endgroup::
[2025-09-11T08:54:33.918+0000] {local_task_job_runner.py:120} INFO - ::group::Pre task execution logs
[2025-09-11T08:54:34.159+0000] {taskinstance.py:2076} INFO - Dependencies all met for dep_context=non-requeueable deps ti=<TaskInstance: foreign_1D.save_foreign_1D scheduled__2025-09-03T17:01:00+00:00 [queued]>
[2025-09-11T08:54:34.167+0000] {taskinstance.py:2076} INFO - Dependencies all met for dep_context=requeueable deps ti=<TaskInstance: foreign_1D.save_foreign_1D scheduled__2025-09-03T17:01:00+00:00 [queued]>
[2025-09-11T08:54:34.168+0000] {taskinstance.py:2306} INFO - Starting attempt 1 of 11
[2025-09-11T08:54:34.181+0000] {taskinstance.py:2330} INFO - Executing <Task(PythonOperator): save_foreign_1D> on 2025-09-03 17:01:00+00:00
[2025-09-11T08:54:34.188+0000] {standard_task_runner.py:63} INFO - Started process 154 to run task
[2025-09-11T08:54:34.193+0000] {standard_task_runner.py:90} INFO - Running: ['***', 'tasks', 'run', 'foreign_1D', 'save_foreign_1D', 'scheduled__2025-09-03T17:01:00+00:00', '--job-id', '10', '--raw', '--subdir', 'DAGS_FOLDER/dag_foreign_1D.py', '--cfg-path', '/tmp/tmprs86x996']
[2025-09-11T08:54:34.197+0000] {standard_task_runner.py:91} INFO - Job 10: Subtask save_foreign_1D
[2025-09-11T08:54:34.250+0000] {task_command.py:426} INFO - Running <TaskInstance: foreign_1D.save_foreign_1D scheduled__2025-09-03T17:01:00+00:00 [running]> on host bcef7b61446d
[2025-09-11T08:54:34.345+0000] {taskinstance.py:2648} INFO - Exporting env vars: AIRFLOW_CTX_DAG_OWNER='***' AIRFLOW_CTX_DAG_ID='foreign_1D' AIRFLOW_CTX_TASK_ID='save_foreign_1D' AIRFLOW_CTX_EXECUTION_DATE='2025-09-03T17:01:00+00:00' AIRFLOW_CTX_TRY_NUMBER='1' AIRFLOW_CTX_DAG_RUN_ID='scheduled__2025-09-03T17:01:00+00:00'
[2025-09-11T08:54:34.346+0000] {taskinstance.py:430} INFO - ::endgroup::
[2025-09-11T08:54:34.360+0000] {foreign_1D.py:18} INFO - Kết nối DB
[2025-09-11T08:54:35.152+0000] {foreign_1D.py:28} INFO - Đã lưu foreign_ALL
[2025-09-11T08:54:35.153+0000] {foreign_1D.py:18} INFO - Kết nối DB
[2025-09-11T08:54:36.172+0000] {foreign_1D.py:28} INFO - Đã lưu foreign_HOSE
[2025-09-11T08:54:36.173+0000] {foreign_1D.py:18} INFO - Kết nối DB
[2025-09-11T08:54:36.663+0000] {foreign_1D.py:28} INFO - Đã lưu foreign_HNX
[2025-09-11T08:54:36.665+0000] {foreign_1D.py:18} INFO - Kết nối DB
[2025-09-11T08:54:37.402+0000] {foreign_1D.py:28} INFO - Đã lưu foreign_UPCOM
[2025-09-11T08:54:37.402+0000] {python.py:237} INFO - Done. Returned value was: None
[2025-09-11T08:54:37.403+0000] {taskinstance.py:441} INFO - ::group::Post task execution logs
[2025-09-11T08:54:37.418+0000] {taskinstance.py:1206} INFO - Marking task as SUCCESS. dag_id=foreign_1D, task_id=save_foreign_1D, run_id=scheduled__2025-09-03T17:01:00+00:00, execution_date=20250903T170100, start_date=20250911T085434, end_date=20250911T085437
[2025-09-11T08:54:37.454+0000] {local_task_job_runner.py:240} INFO - Task exited with return code 0
[2025-09-11T08:54:37.474+0000] {taskinstance.py:3503} INFO - 0 downstream tasks scheduled from follow-on schedule check
[2025-09-11T08:54:37.475+0000] {local_task_job_runner.py:222} INFO - ::endgroup::
