[2025-09-01T06:44:01.685+0000] {local_task_job_runner.py:120} INFO - ::group::Pre task execution logs
[2025-09-01T06:44:01.743+0000] {taskinstance.py:2076} INFO - Dependencies all met for dep_context=non-requeueable deps ti=<TaskInstance: crypto_collector_dag.run_crypto_collector scheduled__2025-09-01T06:43:00+00:00 [queued]>
[2025-09-01T06:44:01.760+0000] {taskinstance.py:2076} INFO - Dependencies all met for dep_context=requeueable deps ti=<TaskInstance: crypto_collector_dag.run_crypto_collector scheduled__2025-09-01T06:43:00+00:00 [queued]>
[2025-09-01T06:44:01.761+0000] {taskinstance.py:2306} INFO - Starting attempt 1 of 2
[2025-09-01T06:44:01.785+0000] {taskinstance.py:2330} INFO - Executing <Task(BashOperator): run_crypto_collector> on 2025-09-01 06:43:00+00:00
[2025-09-01T06:44:01.804+0000] {standard_task_runner.py:63} INFO - Started process 2272702 to run task
[2025-09-01T06:44:01.808+0000] {standard_task_runner.py:90} INFO - Running: ['***', 'tasks', 'run', 'crypto_collector_dag', 'run_crypto_collector', 'scheduled__2025-09-01T06:43:00+00:00', '--job-id', '38519', '--raw', '--subdir', 'DAGS_FOLDER/crawl_crypto/dags_crypto.py', '--cfg-path', '/tmp/tmpi9jrcfmv']
[2025-09-01T06:44:01.809+0000] {standard_task_runner.py:91} INFO - Job 38519: Subtask run_crypto_collector
[2025-09-01T06:44:01.868+0000] {task_command.py:426} INFO - Running <TaskInstance: crypto_collector_dag.run_crypto_collector scheduled__2025-09-01T06:43:00+00:00 [running]> on host 1877907bc043
[2025-09-01T06:44:02.016+0000] {taskinstance.py:2648} INFO - Exporting env vars: AIRFLOW_CTX_DAG_OWNER='***' AIRFLOW_CTX_DAG_ID='crypto_collector_dag' AIRFLOW_CTX_TASK_ID='run_crypto_collector' AIRFLOW_CTX_EXECUTION_DATE='2025-09-01T06:43:00+00:00' AIRFLOW_CTX_TRY_NUMBER='1' AIRFLOW_CTX_DAG_RUN_ID='scheduled__2025-09-01T06:43:00+00:00'
[2025-09-01T06:44:02.017+0000] {taskinstance.py:430} INFO - ::endgroup::
[2025-09-01T06:44:02.040+0000] {subprocess.py:63} INFO - Tmp dir root location: /tmp
[2025-09-01T06:44:02.041+0000] {subprocess.py:75} INFO - Running command: ['/usr/bin/bash', '-c', 'python3 /opt/***/dags/crawl_crypto/crawl_data_crypto.py']
[2025-09-01T06:44:02.059+0000] {subprocess.py:86} INFO - Output:
[2025-09-01T06:44:09.518+0000] {subprocess.py:93} INFO - 🔹 Kết nối DB...
[2025-09-01T06:44:09.519+0000] {subprocess.py:93} INFO - 🔹 Lấy top 100 crypto...
[2025-09-01T06:44:09.519+0000] {subprocess.py:93} INFO - Top 100: ['ETHUSDT', 'BTCUSDT', 'USDCUSDT', 'SOLUSDT', 'FDUSDUSDT', 'XRPUSDT', 'DOGEUSDT', 'LINKUSDT', 'TRUMPUSDT', 'BNBUSDT', 'USD1USDT', 'TRXUSDT', 'SUIUSDT', 'POLUSDT', 'ADAUSDT', 'PLUMEUSDT', 'DOLOUSDT', 'ENAUSDT', 'PEPEUSDT', 'FORMUSDT', 'MITOUSDT', 'LRCUSDT', 'BONKUSDT', 'PENGUUSDT', 'ARBUSDT', 'AVAXUSDT', 'UNIUSDT', 'PYTHUSDT', 'BIOUSDT', 'LTCUSDT', 'AAVEUSDT', 'HBARUSDT', 'CUSDT', 'IDEXUSDT', 'DOTUSDT', 'CFXUSDT', 'AXSUSDT', 'RAYUSDT', 'MAVUSDT', 'XLMUSDT', 'NEARUSDT', 'PAXGUSDT', 'SKLUSDT', 'PENDLEUSDT', 'LDOUSDT', 'OPUSDT', 'SEIUSDT', 'ONDOUSDT', 'WIFUSDT', 'WLDUSDT', 'FLOWUSDT', 'KERNELUSDT', 'BCHUSDT', 'QTUMUSDT', 'ETHFIUSDT', 'ZRXUSDT', 'SUSDT', 'NMRUSDT', 'ENSUSDT', 'SYRUPUSDT', 'BERAUSDT', 'CRVUSDT', 'RLCUSDT', 'TREEUSDT', 'APTUSDT', 'FLOKIUSDT', 'TAOUSDT', 'FILUSDT', 'SHIBUSDT', 'TONUSDT', 'ICPUSDT', 'TIAUSDT', 'GALAUSDT', 'CYBERUSDT', 'NEIROUSDT', 'MDTUSDT', 'INJUSDT', 'ETCUSDT', 'PNUTUSDT', 'EURUSDT', 'BFUSDUSDT', 'VIRTUALUSDT', 'FETUSDT', 'ARKMUSDT', 'JOEUSDT', 'RUNEUSDT', 'NEOUSDT', 'MEMEUSDT', 'WUSDT', 'ALGOUSDT', 'CAKEUSDT', 'OMUSDT', 'XUSDUSDT', 'WBTCUSDT', 'AIUSDT', 'SPKUSDT', 'REDUSDT', 'PROVEUSDT', 'RENDERUSDT', 'ATOMUSDT']
[2025-09-01T06:44:09.520+0000] {subprocess.py:93} INFO - 🔹 Lưu lịch sử giá vào DB bằng threading...
[2025-09-01T06:44:09.520+0000] {subprocess.py:93} INFO - ✅ SOLUSDT: thêm 1 dòng mới
[2025-09-01T06:44:09.521+0000] {subprocess.py:93} INFO - 1/100 SOLUSDT lưu OK
[2025-09-01T06:44:09.521+0000] {subprocess.py:93} INFO - ✅ ETHUSDT: thêm 1 dòng mới
[2025-09-01T06:44:09.522+0000] {subprocess.py:93} INFO - 2/100 ETHUSDT lưu OK
[2025-09-01T06:44:09.522+0000] {subprocess.py:93} INFO - ✅ XRPUSDT: thêm 1 dòng mới
[2025-09-01T06:44:09.522+0000] {subprocess.py:93} INFO - 3/100 XRPUSDT lưu OK
[2025-09-01T06:44:09.523+0000] {subprocess.py:93} INFO - ✅ DOGEUSDT: thêm 1 dòng mới
[2025-09-01T06:44:09.523+0000] {subprocess.py:93} INFO - ✅ BTCUSDT: thêm 1 dòng mới
[2025-09-01T06:44:09.524+0000] {subprocess.py:93} INFO - 4/100 DOGEUSDT lưu OK
[2025-09-01T06:44:09.524+0000] {subprocess.py:93} INFO - 5/100 BTCUSDT lưu OK
[2025-09-01T06:44:09.525+0000] {subprocess.py:93} INFO - ✅ USDCUSDT: thêm 1 dòng mới
[2025-09-01T06:44:09.525+0000] {subprocess.py:93} INFO - 6/100 USDCUSDT lưu OK
[2025-09-01T06:44:09.525+0000] {subprocess.py:93} INFO - ✅ BNBUSDT: thêm 1 dòng mới
[2025-09-01T06:44:09.526+0000] {subprocess.py:93} INFO - 7/100 BNBUSDT lưu OK
[2025-09-01T06:44:09.526+0000] {subprocess.py:93} INFO - ✅ LINKUSDT: thêm 1 dòng mới
[2025-09-01T06:44:09.526+0000] {subprocess.py:93} INFO - 8/100 LINKUSDT lưu OK
[2025-09-01T06:44:09.526+0000] {subprocess.py:93} INFO - ✅ FDUSDUSDT: thêm 1 dòng mới
[2025-09-01T06:44:09.527+0000] {subprocess.py:93} INFO - 9/100 FDUSDUSDT lưu OK
[2025-09-01T06:44:09.527+0000] {subprocess.py:93} INFO - ✅ TRUMPUSDT: thêm 1 dòng mới
[2025-09-01T06:44:09.528+0000] {subprocess.py:93} INFO - 10/100 TRUMPUSDT lưu OK
[2025-09-01T06:44:09.528+0000] {subprocess.py:93} INFO - 11/100 USD1USDT lỗi: relation "cryptocurrency.usd1usdt" does not exist
[2025-09-01T06:44:09.528+0000] {subprocess.py:93} INFO - LINE 1: SELECT MAX(time) FROM cryptocurrency.usd1usdt;
[2025-09-01T06:44:09.529+0000] {subprocess.py:93} INFO -                               ^
[2025-09-01T06:44:09.529+0000] {subprocess.py:93} INFO - 
[2025-09-01T06:44:09.530+0000] {subprocess.py:93} INFO - ✅ TRXUSDT: thêm 1 dòng mới
[2025-09-01T06:44:09.530+0000] {subprocess.py:93} INFO - 12/100 TRXUSDT lưu OK
[2025-09-01T06:44:09.530+0000] {subprocess.py:93} INFO - 13/100 PLUMEUSDT lỗi: relation "cryptocurrency.plumeusdt" does not exist
[2025-09-01T06:44:09.531+0000] {subprocess.py:93} INFO - LINE 1: SELECT MAX(time) FROM cryptocurrency.plumeusdt;
[2025-09-01T06:44:09.531+0000] {subprocess.py:93} INFO -                               ^
[2025-09-01T06:44:09.532+0000] {subprocess.py:93} INFO - 
[2025-09-01T06:44:09.532+0000] {subprocess.py:93} INFO - ✅ POLUSDT: thêm 1 dòng mới
[2025-09-01T06:44:09.532+0000] {subprocess.py:93} INFO - 14/100 POLUSDT lưu OK
[2025-09-01T06:44:09.533+0000] {subprocess.py:93} INFO - ✅ ADAUSDT: thêm 1 dòng mới
[2025-09-01T06:44:09.533+0000] {subprocess.py:93} INFO - 15/100 ADAUSDT lưu OK
[2025-09-01T06:44:09.533+0000] {subprocess.py:93} INFO - ✅ LRCUSDT: thêm 1 dòng mới
[2025-09-01T06:44:09.534+0000] {subprocess.py:93} INFO - 16/100 LRCUSDT lưu OK
[2025-09-01T06:44:09.534+0000] {subprocess.py:93} INFO - 17/100 DOLOUSDT lỗi: relation "cryptocurrency.dolousdt" does not exist
[2025-09-01T06:44:09.534+0000] {subprocess.py:93} INFO - LINE 1: SELECT MAX(time) FROM cryptocurrency.dolousdt;
[2025-09-01T06:44:09.534+0000] {subprocess.py:93} INFO -                               ^
[2025-09-01T06:44:09.535+0000] {subprocess.py:93} INFO - 
[2025-09-01T06:44:09.535+0000] {subprocess.py:93} INFO - ✅ SUIUSDT: thêm 1 dòng mới
[2025-09-01T06:44:09.535+0000] {subprocess.py:93} INFO - 18/100 SUIUSDT lưu OK
[2025-09-01T06:44:09.536+0000] {subprocess.py:93} INFO - ✅ ENAUSDT: thêm 1 dòng mới
[2025-09-01T06:44:09.536+0000] {subprocess.py:93} INFO - 19/100 ENAUSDT lưu OK
[2025-09-01T06:44:09.536+0000] {subprocess.py:93} INFO - ✅ PEPEUSDT: thêm 1 dòng mới
[2025-09-01T06:44:09.536+0000] {subprocess.py:93} INFO - 20/100 PEPEUSDT lưu OK
[2025-09-01T06:44:09.537+0000] {subprocess.py:93} INFO - ✅ ARBUSDT: thêm 1 dòng mới
[2025-09-01T06:44:09.537+0000] {subprocess.py:93} INFO - 21/100 ARBUSDT lưu OK
[2025-09-01T06:44:09.537+0000] {subprocess.py:93} INFO - 22/100 MITOUSDT lỗi: relation "cryptocurrency.mitousdt" does not exist
[2025-09-01T06:44:09.537+0000] {subprocess.py:93} INFO - LINE 1: SELECT MAX(time) FROM cryptocurrency.mitousdt;
[2025-09-01T06:44:09.538+0000] {subprocess.py:93} INFO -                               ^
[2025-09-01T06:44:09.538+0000] {subprocess.py:93} INFO - 
[2025-09-01T06:44:09.538+0000] {subprocess.py:93} INFO - 23/100 FORMUSDT lỗi: relation "cryptocurrency.formusdt" does not exist
[2025-09-01T06:44:09.538+0000] {subprocess.py:93} INFO - LINE 1: SELECT MAX(time) FROM cryptocurrency.formusdt;
[2025-09-01T06:44:09.539+0000] {subprocess.py:93} INFO -                               ^
[2025-09-01T06:44:09.539+0000] {subprocess.py:93} INFO - 
[2025-09-01T06:44:09.539+0000] {subprocess.py:93} INFO - ✅ BONKUSDT: thêm 1 dòng mới
[2025-09-01T06:44:09.540+0000] {subprocess.py:93} INFO - 24/100 BONKUSDT lưu OK
[2025-09-01T06:44:09.540+0000] {subprocess.py:93} INFO - 25/100 PYTHUSDT lỗi: relation "cryptocurrency.pythusdt" does not exist
[2025-09-01T06:44:09.540+0000] {subprocess.py:93} INFO - LINE 1: SELECT MAX(time) FROM cryptocurrency.pythusdt;
[2025-09-01T06:44:09.540+0000] {subprocess.py:93} INFO -                               ^
[2025-09-01T06:44:09.541+0000] {subprocess.py:93} INFO - 
[2025-09-01T06:44:09.541+0000] {subprocess.py:93} INFO - ✅ PENGUUSDT: thêm 1 dòng mới
[2025-09-01T06:44:09.541+0000] {subprocess.py:93} INFO - 26/100 PENGUUSDT lưu OK
[2025-09-01T06:44:09.541+0000] {subprocess.py:93} INFO - ✅ AVAXUSDT: thêm 1 dòng mới
[2025-09-01T06:44:09.542+0000] {subprocess.py:93} INFO - 27/100 AVAXUSDT lưu OK
[2025-09-01T06:44:09.542+0000] {subprocess.py:93} INFO - 28/100 BIOUSDT lỗi: relation "cryptocurrency.biousdt" does not exist
[2025-09-01T06:44:09.542+0000] {subprocess.py:93} INFO - LINE 1: SELECT MAX(time) FROM cryptocurrency.biousdt;
[2025-09-01T06:44:09.542+0000] {subprocess.py:93} INFO -                               ^
[2025-09-01T06:44:09.543+0000] {subprocess.py:93} INFO - 
[2025-09-01T06:44:09.543+0000] {subprocess.py:93} INFO - ✅ UNIUSDT: thêm 1 dòng mới
[2025-09-01T06:44:09.543+0000] {subprocess.py:93} INFO - 29/100 UNIUSDT lưu OK
[2025-09-01T06:44:09.543+0000] {subprocess.py:93} INFO - 30/100 CUSDT lỗi: relation "cryptocurrency.cusdt" does not exist
[2025-09-01T06:44:09.544+0000] {subprocess.py:93} INFO - LINE 1: SELECT MAX(time) FROM cryptocurrency.cusdt;
[2025-09-01T06:44:09.544+0000] {subprocess.py:93} INFO -                               ^
[2025-09-01T06:44:09.544+0000] {subprocess.py:93} INFO - 
[2025-09-01T06:44:09.544+0000] {subprocess.py:93} INFO - ✅ LTCUSDT: thêm 1 dòng mới
[2025-09-01T06:44:09.545+0000] {subprocess.py:93} INFO - 31/100 LTCUSDT lưu OK
[2025-09-01T06:44:09.545+0000] {subprocess.py:93} INFO - ✅ HBARUSDT: thêm 1 dòng mới
[2025-09-01T06:44:09.545+0000] {subprocess.py:93} INFO - 32/100 HBARUSDT lưu OK
[2025-09-01T06:44:09.545+0000] {subprocess.py:93} INFO - ✅ AAVEUSDT: thêm 1 dòng mới
[2025-09-01T06:44:09.546+0000] {subprocess.py:93} INFO - 33/100 IDEXUSDT lỗi: relation "cryptocurrency.idexusdt" does not exist
[2025-09-01T06:44:09.546+0000] {subprocess.py:93} INFO - LINE 1: SELECT MAX(time) FROM cryptocurrency.idexusdt;
[2025-09-01T06:44:09.547+0000] {subprocess.py:93} INFO -                               ^
[2025-09-01T06:44:09.547+0000] {subprocess.py:93} INFO - 
[2025-09-01T06:44:09.547+0000] {subprocess.py:93} INFO - 34/100 AAVEUSDT lưu OK
[2025-09-01T06:44:09.548+0000] {subprocess.py:93} INFO - ✅ DOTUSDT: thêm 1 dòng mới
[2025-09-01T06:44:09.548+0000] {subprocess.py:93} INFO - 35/100 DOTUSDT lưu OK
[2025-09-01T06:44:09.548+0000] {subprocess.py:93} INFO - 36/100 AXSUSDT lỗi: relation "cryptocurrency.axsusdt" does not exist
[2025-09-01T06:44:09.549+0000] {subprocess.py:93} INFO - LINE 1: SELECT MAX(time) FROM cryptocurrency.axsusdt;
[2025-09-01T06:44:09.549+0000] {subprocess.py:93} INFO -                               ^
[2025-09-01T06:44:09.549+0000] {subprocess.py:93} INFO - 
[2025-09-01T06:44:09.550+0000] {subprocess.py:93} INFO - ✅ CFXUSDT: thêm 1 dòng mới
[2025-09-01T06:44:09.550+0000] {subprocess.py:93} INFO - 37/100 CFXUSDT lưu OK
[2025-09-01T06:44:09.551+0000] {subprocess.py:93} INFO - ✅ XLMUSDT: thêm 1 dòng mới
[2025-09-01T06:44:09.551+0000] {subprocess.py:93} INFO - 38/100 XLMUSDT lưu OK
[2025-09-01T06:44:09.551+0000] {subprocess.py:93} INFO - ✅ RAYUSDT: thêm 1 dòng mới
[2025-09-01T06:44:09.552+0000] {subprocess.py:93} INFO - 39/100 RAYUSDT lưu OK
[2025-09-01T06:44:09.552+0000] {subprocess.py:93} INFO - 40/100 PAXGUSDT lỗi: relation "cryptocurrency.paxgusdt" does not exist
[2025-09-01T06:44:09.552+0000] {subprocess.py:93} INFO - LINE 1: SELECT MAX(time) FROM cryptocurrency.paxgusdt;
[2025-09-01T06:44:09.553+0000] {subprocess.py:93} INFO -                               ^
[2025-09-01T06:44:09.553+0000] {subprocess.py:93} INFO - 
[2025-09-01T06:44:09.553+0000] {subprocess.py:93} INFO - ✅ ONDOUSDT: thêm 1 dòng mới
[2025-09-01T06:44:09.554+0000] {subprocess.py:93} INFO - 41/100 ONDOUSDT lưu OK
[2025-09-01T06:44:09.554+0000] {subprocess.py:93} INFO - ✅ PENDLEUSDT: thêm 1 dòng mới
[2025-09-01T06:44:09.555+0000] {subprocess.py:93} INFO - 42/100 PENDLEUSDT lưu OK
[2025-09-01T06:44:09.555+0000] {subprocess.py:93} INFO - ✅ SEIUSDT: thêm 1 dòng mới
[2025-09-01T06:44:09.555+0000] {subprocess.py:93} INFO - 43/100 SEIUSDT lưu OK
[2025-09-01T06:44:09.556+0000] {subprocess.py:93} INFO - ✅ MAVUSDT: thêm 1 dòng mới
[2025-09-01T06:44:09.556+0000] {subprocess.py:93} INFO - 44/100 MAVUSDT lưu OK
[2025-09-01T06:44:09.556+0000] {subprocess.py:93} INFO - ✅ SKLUSDT: thêm 1 dòng mới
[2025-09-01T06:44:09.557+0000] {subprocess.py:93} INFO - 45/100 SKLUSDT lưu OK
[2025-09-01T06:44:09.557+0000] {subprocess.py:93} INFO - ✅ NEARUSDT: thêm 1 dòng mới
[2025-09-01T06:44:09.557+0000] {subprocess.py:93} INFO - 46/100 NEARUSDT lưu OK
[2025-09-01T06:44:09.558+0000] {subprocess.py:93} INFO - ✅ LDOUSDT: thêm 1 dòng mới
[2025-09-01T06:44:09.558+0000] {subprocess.py:93} INFO - 47/100 LDOUSDT lưu OK
[2025-09-01T06:44:09.559+0000] {subprocess.py:93} INFO - ✅ WLDUSDT: thêm 1 dòng mới
[2025-09-01T06:44:09.559+0000] {subprocess.py:93} INFO - 48/100 WLDUSDT lưu OK
[2025-09-01T06:44:09.559+0000] {subprocess.py:93} INFO - ✅ OPUSDT: thêm 1 dòng mới
[2025-09-01T06:44:09.560+0000] {subprocess.py:93} INFO - 49/100 OPUSDT lưu OK
[2025-09-01T06:44:09.560+0000] {subprocess.py:93} INFO - 50/100 ZRXUSDT lỗi: relation "cryptocurrency.zrxusdt" does not exist
[2025-09-01T06:44:09.560+0000] {subprocess.py:93} INFO - LINE 1: SELECT MAX(time) FROM cryptocurrency.zrxusdt;
[2025-09-01T06:44:09.561+0000] {subprocess.py:93} INFO -                               ^
[2025-09-01T06:44:09.561+0000] {subprocess.py:93} INFO - 
[2025-09-01T06:44:09.561+0000] {subprocess.py:93} INFO - ✅ WIFUSDT: thêm 1 dòng mới
[2025-09-01T06:44:09.562+0000] {subprocess.py:93} INFO - 51/100 WIFUSDT lưu OK
[2025-09-01T06:44:09.562+0000] {subprocess.py:93} INFO - 52/100 QTUMUSDT lỗi: relation "cryptocurrency.qtumusdt" does not exist
[2025-09-01T06:44:09.563+0000] {subprocess.py:93} INFO - LINE 1: SELECT MAX(time) FROM cryptocurrency.qtumusdt;
[2025-09-01T06:44:09.563+0000] {subprocess.py:93} INFO -                               ^
[2025-09-01T06:44:09.563+0000] {subprocess.py:93} INFO - 
[2025-09-01T06:44:09.564+0000] {subprocess.py:93} INFO - 53/100 FLOWUSDT lỗi: relation "cryptocurrency.flowusdt" does not exist
[2025-09-01T06:44:09.564+0000] {subprocess.py:93} INFO - LINE 1: SELECT MAX(time) FROM cryptocurrency.flowusdt;
[2025-09-01T06:44:09.564+0000] {subprocess.py:93} INFO -                               ^
[2025-09-01T06:44:09.565+0000] {subprocess.py:93} INFO - 
[2025-09-01T06:44:09.565+0000] {subprocess.py:93} INFO - ✅ ETHFIUSDT: thêm 1 dòng mới
[2025-09-01T06:44:09.565+0000] {subprocess.py:93} INFO - 54/100 ETHFIUSDT lưu OK
[2025-09-01T06:44:09.566+0000] {subprocess.py:93} INFO - 55/100 NMRUSDT lỗi: relation "cryptocurrency.nmrusdt" does not exist
[2025-09-01T06:44:09.566+0000] {subprocess.py:93} INFO - LINE 1: SELECT MAX(time) FROM cryptocurrency.nmrusdt;
[2025-09-01T06:44:09.566+0000] {subprocess.py:93} INFO -                               ^
[2025-09-01T06:44:09.567+0000] {subprocess.py:93} INFO - 
[2025-09-01T06:44:09.567+0000] {subprocess.py:93} INFO - 56/100 KERNELUSDT lỗi: relation "cryptocurrency.kernelusdt" does not exist
[2025-09-01T06:44:09.568+0000] {subprocess.py:93} INFO - LINE 1: SELECT MAX(time) FROM cryptocurrency.kernelusdt;
[2025-09-01T06:44:09.568+0000] {subprocess.py:93} INFO -                               ^
[2025-09-01T06:44:09.568+0000] {subprocess.py:93} INFO - 
[2025-09-01T06:44:09.569+0000] {subprocess.py:93} INFO - ✅ BCHUSDT: thêm 1 dòng mới
[2025-09-01T06:44:09.569+0000] {subprocess.py:93} INFO - ✅ ENSUSDT: thêm 1 dòng mới
[2025-09-01T06:44:09.569+0000] {subprocess.py:93} INFO - 57/100 BCHUSDT lưu OK
[2025-09-01T06:44:09.570+0000] {subprocess.py:93} INFO - 58/100 ENSUSDT lưu OK
[2025-09-01T06:44:09.570+0000] {subprocess.py:93} INFO - ✅ SUSDT: thêm 1 dòng mới
[2025-09-01T06:44:09.571+0000] {subprocess.py:93} INFO - 59/100 SUSDT lưu OK
[2025-09-01T06:44:09.571+0000] {subprocess.py:93} INFO - ✅ CRVUSDT: thêm 1 dòng mới
[2025-09-01T06:44:09.571+0000] {subprocess.py:93} INFO - 60/100 CRVUSDT lưu OK
[2025-09-01T06:44:09.572+0000] {subprocess.py:93} INFO - ✅ SYRUPUSDT: thêm 1 dòng mới
[2025-09-01T06:44:09.572+0000] {subprocess.py:93} INFO - 61/100 SYRUPUSDT lưu OK
[2025-09-01T06:44:09.572+0000] {subprocess.py:93} INFO - 62/100 TREEUSDT lỗi: relation "cryptocurrency.treeusdt" does not exist
[2025-09-01T06:44:09.573+0000] {subprocess.py:93} INFO - LINE 1: SELECT MAX(time) FROM cryptocurrency.treeusdt;
[2025-09-01T06:44:09.573+0000] {subprocess.py:93} INFO -                               ^
[2025-09-01T06:44:09.573+0000] {subprocess.py:93} INFO - 
[2025-09-01T06:44:09.574+0000] {subprocess.py:93} INFO - ✅ BERAUSDT: thêm 1 dòng mới
[2025-09-01T06:44:09.574+0000] {subprocess.py:93} INFO - 63/100 BERAUSDT lưu OK
[2025-09-01T06:44:09.574+0000] {subprocess.py:93} INFO - ✅ FLOKIUSDT: thêm 1 dòng mới
[2025-09-01T06:44:09.575+0000] {subprocess.py:93} INFO - 64/100 FLOKIUSDT lưu OK
[2025-09-01T06:44:09.575+0000] {subprocess.py:93} INFO - ✅ FILUSDT: thêm 1 dòng mới
[2025-09-01T06:44:09.576+0000] {subprocess.py:93} INFO - 65/100 FILUSDT lưu OK
[2025-09-01T06:44:09.576+0000] {subprocess.py:93} INFO - ✅ TAOUSDT: thêm 1 dòng mới
[2025-09-01T06:44:09.576+0000] {subprocess.py:93} INFO - 66/100 TAOUSDT lưu OK
[2025-09-01T06:44:09.577+0000] {subprocess.py:93} INFO - ✅ SHIBUSDT: thêm 1 dòng mới
[2025-09-01T06:44:09.577+0000] {subprocess.py:93} INFO - 67/100 SHIBUSDT lưu OK
[2025-09-01T06:44:09.577+0000] {subprocess.py:93} INFO - 68/100 RLCUSDT lỗi: relation "cryptocurrency.rlcusdt" does not exist
[2025-09-01T06:44:09.578+0000] {subprocess.py:93} INFO - LINE 1: SELECT MAX(time) FROM cryptocurrency.rlcusdt;
[2025-09-01T06:44:09.578+0000] {subprocess.py:93} INFO -                               ^
[2025-09-01T06:44:09.578+0000] {subprocess.py:93} INFO - 
[2025-09-01T06:44:09.579+0000] {subprocess.py:93} INFO - ✅ APTUSDT: thêm 1 dòng mới
[2025-09-01T06:44:09.579+0000] {subprocess.py:93} INFO - 69/100 APTUSDT lưu OK
[2025-09-01T06:44:09.580+0000] {subprocess.py:93} INFO - ✅ TONUSDT: thêm 1 dòng mới
[2025-09-01T06:44:09.580+0000] {subprocess.py:93} INFO - 70/100 TONUSDT lưu OK
[2025-09-01T06:44:09.580+0000] {subprocess.py:93} INFO - 71/100 CYBERUSDT lỗi: relation "cryptocurrency.cyberusdt" does not exist
[2025-09-01T06:44:09.581+0000] {subprocess.py:93} INFO - LINE 1: SELECT MAX(time) FROM cryptocurrency.cyberusdt;
[2025-09-01T06:44:09.581+0000] {subprocess.py:93} INFO -                               ^
[2025-09-01T06:44:09.581+0000] {subprocess.py:93} INFO - 
[2025-09-01T06:44:09.582+0000] {subprocess.py:93} INFO - ✅ NEIROUSDT: thêm 1 dòng mới
[2025-09-01T06:44:09.582+0000] {subprocess.py:93} INFO - 72/100 NEIROUSDT lưu OK
[2025-09-01T06:44:09.582+0000] {subprocess.py:93} INFO - ✅ MDTUSDT: thêm 1 dòng mới
[2025-09-01T06:44:09.583+0000] {subprocess.py:93} INFO - 73/100 MDTUSDT lưu OK
[2025-09-01T06:44:09.583+0000] {subprocess.py:93} INFO - ✅ ICPUSDT: thêm 1 dòng mới
[2025-09-01T06:44:09.583+0000] {subprocess.py:93} INFO - 74/100 ICPUSDT lưu OK
[2025-09-01T06:44:09.584+0000] {subprocess.py:93} INFO - ✅ ETCUSDT: thêm 1 dòng mới
[2025-09-01T06:44:09.584+0000] {subprocess.py:93} INFO - 75/100 ETCUSDT lưu OK
[2025-09-01T06:44:09.585+0000] {subprocess.py:93} INFO - ✅ INJUSDT: thêm 1 dòng mới
[2025-09-01T06:44:09.585+0000] {subprocess.py:93} INFO - 76/100 INJUSDT lưu OK
[2025-09-01T06:44:09.585+0000] {subprocess.py:93} INFO - ✅ TIAUSDT: thêm 1 dòng mới
[2025-09-01T06:44:09.586+0000] {subprocess.py:93} INFO - 77/100 TIAUSDT lưu OK
[2025-09-01T06:44:09.586+0000] {subprocess.py:93} INFO - ✅ GALAUSDT: thêm 1 dòng mới
[2025-09-01T06:44:09.586+0000] {subprocess.py:93} INFO - 78/100 GALAUSDT lưu OK
[2025-09-01T06:44:09.587+0000] {subprocess.py:93} INFO - ✅ PNUTUSDT: thêm 1 dòng mới
[2025-09-01T06:44:09.587+0000] {subprocess.py:93} INFO - 79/100 PNUTUSDT lưu OK
[2025-09-01T06:44:09.587+0000] {subprocess.py:93} INFO - 80/100 RUNEUSDT lỗi: relation "cryptocurrency.runeusdt" does not exist
[2025-09-01T06:44:09.588+0000] {subprocess.py:93} INFO - LINE 1: SELECT MAX(time) FROM cryptocurrency.runeusdt;
[2025-09-01T06:44:09.588+0000] {subprocess.py:93} INFO -                               ^
[2025-09-01T06:44:09.588+0000] {subprocess.py:93} INFO - 
[2025-09-01T06:44:09.589+0000] {subprocess.py:93} INFO - ✅ EURUSDT: thêm 1 dòng mới
[2025-09-01T06:44:09.589+0000] {subprocess.py:93} INFO - 81/100 EURUSDT lưu OK
[2025-09-01T06:44:09.590+0000] {subprocess.py:93} INFO - 82/100 MEMEUSDT lỗi: relation "cryptocurrency.memeusdt" does not exist
[2025-09-01T06:44:09.590+0000] {subprocess.py:93} INFO - LINE 1: SELECT MAX(time) FROM cryptocurrency.memeusdt;
[2025-09-01T06:44:09.590+0000] {subprocess.py:93} INFO -                               ^
[2025-09-01T06:44:09.591+0000] {subprocess.py:93} INFO - 
[2025-09-01T06:44:09.591+0000] {subprocess.py:93} INFO - ✅ BFUSDUSDT: thêm 1 dòng mới
[2025-09-01T06:44:09.591+0000] {subprocess.py:93} INFO - 83/100 BFUSDUSDT lưu OK
[2025-09-01T06:44:10.219+0000] {subprocess.py:93} INFO - ✅ VIRTUALUSDT: thêm 1 dòng mới
[2025-09-01T06:44:10.220+0000] {subprocess.py:93} INFO - ✅ ALGOUSDT: thêm 1 dòng mới
[2025-09-01T06:44:10.220+0000] {subprocess.py:93} INFO - 84/100 VIRTUALUSDT lưu OK
[2025-09-01T06:44:10.220+0000] {subprocess.py:93} INFO - 85/100 ALGOUSDT lưu OK
[2025-09-01T06:44:10.221+0000] {subprocess.py:93} INFO - 86/100 JOEUSDT lỗi: relation "cryptocurrency.joeusdt" does not exist
[2025-09-01T06:44:10.221+0000] {subprocess.py:93} INFO - LINE 1: SELECT MAX(time) FROM cryptocurrency.joeusdt;
[2025-09-01T06:44:10.222+0000] {subprocess.py:93} INFO -                               ^
[2025-09-01T06:44:10.222+0000] {subprocess.py:93} INFO - 
[2025-09-01T06:44:10.222+0000] {subprocess.py:93} INFO - ✅ ARKMUSDT: thêm 1 dòng mới
[2025-09-01T06:44:10.223+0000] {subprocess.py:93} INFO - 87/100 ARKMUSDT lưu OK
[2025-09-01T06:44:10.223+0000] {subprocess.py:93} INFO - 88/100 NEOUSDT lỗi: relation "cryptocurrency.neousdt" does not exist
[2025-09-01T06:44:10.224+0000] {subprocess.py:93} INFO - LINE 1: SELECT MAX(time) FROM cryptocurrency.neousdt;
[2025-09-01T06:44:10.224+0000] {subprocess.py:93} INFO -                               ^
[2025-09-01T06:44:10.224+0000] {subprocess.py:93} INFO - 
[2025-09-01T06:44:10.225+0000] {subprocess.py:93} INFO - ✅ FETUSDT: thêm 1 dòng mới
[2025-09-01T06:44:10.225+0000] {subprocess.py:93} INFO - 89/100 FETUSDT lưu OK
[2025-09-01T06:44:10.226+0000] {subprocess.py:93} INFO - ✅ XUSDUSDT: thêm 1 dòng mới
[2025-09-01T06:44:10.226+0000] {subprocess.py:93} INFO - 90/100 XUSDUSDT lưu OK
[2025-09-01T06:44:10.227+0000] {subprocess.py:93} INFO - 91/100 WUSDT lỗi: relation "cryptocurrency.wusdt" does not exist
[2025-09-01T06:44:10.227+0000] {subprocess.py:93} INFO - LINE 1: SELECT MAX(time) FROM cryptocurrency.wusdt;
[2025-09-01T06:44:10.228+0000] {subprocess.py:93} INFO -                               ^
[2025-09-01T06:44:10.228+0000] {subprocess.py:93} INFO - 
[2025-09-01T06:44:10.228+0000] {subprocess.py:93} INFO - 92/100 WBTCUSDT lỗi: relation "cryptocurrency.wbtcusdt" does not exist
[2025-09-01T06:44:10.229+0000] {subprocess.py:93} INFO - LINE 1: SELECT MAX(time) FROM cryptocurrency.wbtcusdt;
[2025-09-01T06:44:10.229+0000] {subprocess.py:93} INFO -                               ^
[2025-09-01T06:44:10.229+0000] {subprocess.py:93} INFO - 
[2025-09-01T06:44:10.230+0000] {subprocess.py:93} INFO - 93/100 AIUSDT lỗi: relation "cryptocurrency.aiusdt" does not exist
[2025-09-01T06:44:10.230+0000] {subprocess.py:93} INFO - LINE 1: SELECT MAX(time) FROM cryptocurrency.aiusdt;
[2025-09-01T06:44:10.230+0000] {subprocess.py:93} INFO -                               ^
[2025-09-01T06:44:10.231+0000] {subprocess.py:93} INFO - 
[2025-09-01T06:44:10.231+0000] {subprocess.py:93} INFO - ✅ CAKEUSDT: thêm 1 dòng mới
[2025-09-01T06:44:10.231+0000] {subprocess.py:93} INFO - 94/100 CAKEUSDT lưu OK
[2025-09-01T06:44:10.232+0000] {subprocess.py:93} INFO - ✅ SPKUSDT: thêm 1 dòng mới
[2025-09-01T06:44:10.232+0000] {subprocess.py:93} INFO - 95/100 SPKUSDT lưu OK
[2025-09-01T06:44:10.233+0000] {subprocess.py:93} INFO - 96/100 REDUSDT lỗi: relation "cryptocurrency.redusdt" does not exist
[2025-09-01T06:44:10.233+0000] {subprocess.py:93} INFO - LINE 1: SELECT MAX(time) FROM cryptocurrency.redusdt;
[2025-09-01T06:44:10.234+0000] {subprocess.py:93} INFO -                               ^
[2025-09-01T06:44:10.234+0000] {subprocess.py:93} INFO - 
[2025-09-01T06:44:10.234+0000] {subprocess.py:93} INFO - ✅ PROVEUSDT: thêm 1 dòng mới
[2025-09-01T06:44:10.235+0000] {subprocess.py:93} INFO - 97/100 PROVEUSDT lưu OK
[2025-09-01T06:44:10.235+0000] {subprocess.py:93} INFO - ✅ OMUSDT: thêm 1 dòng mới
[2025-09-01T06:44:10.236+0000] {subprocess.py:93} INFO - 98/100 OMUSDT lưu OK
[2025-09-01T06:44:10.236+0000] {subprocess.py:93} INFO - 99/100 ATOMUSDT lỗi: relation "cryptocurrency.atomusdt" does not exist
[2025-09-01T06:44:10.236+0000] {subprocess.py:93} INFO - LINE 1: SELECT MAX(time) FROM cryptocurrency.atomusdt;
[2025-09-01T06:44:10.237+0000] {subprocess.py:93} INFO -                               ^
[2025-09-01T06:44:10.237+0000] {subprocess.py:93} INFO - 
[2025-09-01T06:44:10.238+0000] {subprocess.py:93} INFO - ✅ RENDERUSDT: thêm 1 dòng mới
[2025-09-01T06:44:10.238+0000] {subprocess.py:93} INFO - 100/100 RENDERUSDT lưu OK
[2025-09-01T06:44:10.342+0000] {subprocess.py:97} INFO - Command exited with return code 0
[2025-09-01T06:44:10.343+0000] {taskinstance.py:441} INFO - ::group::Post task execution logs
[2025-09-01T06:44:10.374+0000] {taskinstance.py:1206} INFO - Marking task as SUCCESS. dag_id=crypto_collector_dag, task_id=run_crypto_collector, run_id=scheduled__2025-09-01T06:43:00+00:00, execution_date=20250901T064300, start_date=20250901T064401, end_date=20250901T064410
[2025-09-01T06:44:10.429+0000] {local_task_job_runner.py:240} INFO - Task exited with return code 0
[2025-09-01T06:44:10.463+0000] {taskinstance.py:3498} INFO - 0 downstream tasks scheduled from follow-on schedule check
[2025-09-01T06:44:10.465+0000] {local_task_job_runner.py:222} INFO - ::endgroup::
