[2025-08-29T06:11:16.702+0000] {local_task_job_runner.py:120} INFO - ::group::Pre task execution logs
[2025-08-29T06:11:16.737+0000] {taskinstance.py:2076} INFO - Dependencies all met for dep_context=non-requeueable deps ti=<TaskInstance: stock_detail_dag.run_stock_details scheduled__2025-08-29T06:10:00+00:00 [queued]>
[2025-08-29T06:11:16.747+0000] {taskinstance.py:2076} INFO - Dependencies all met for dep_context=requeueable deps ti=<TaskInstance: stock_detail_dag.run_stock_details scheduled__2025-08-29T06:10:00+00:00 [queued]>
[2025-08-29T06:11:16.747+0000] {taskinstance.py:2306} INFO - Starting attempt 1 of 2
[2025-08-29T06:11:16.761+0000] {taskinstance.py:2330} INFO - Executing <Task(BashOperator): run_stock_details> on 2025-08-29 06:10:00+00:00
[2025-08-29T06:11:16.767+0000] {standard_task_runner.py:63} INFO - Started process 1820097 to run task
[2025-08-29T06:11:16.773+0000] {standard_task_runner.py:90} INFO - Running: ['***', 'tasks', 'run', 'stock_detail_dag', 'run_stock_details', 'scheduled__2025-08-29T06:10:00+00:00', '--job-id', '32870', '--raw', '--subdir', 'DAGS_FOLDER/stock_detail/dags.py', '--cfg-path', '/tmp/tmpddd1l8wz']
[2025-08-29T06:11:16.774+0000] {standard_task_runner.py:91} INFO - Job 32870: Subtask run_stock_details
[2025-08-29T06:11:16.840+0000] {task_command.py:426} INFO - Running <TaskInstance: stock_detail_dag.run_stock_details scheduled__2025-08-29T06:10:00+00:00 [running]> on host 1877907bc043
[2025-08-29T06:11:16.954+0000] {taskinstance.py:2648} INFO - Exporting env vars: AIRFLOW_CTX_DAG_OWNER='***' AIRFLOW_CTX_DAG_ID='stock_detail_dag' AIRFLOW_CTX_TASK_ID='run_stock_details' AIRFLOW_CTX_EXECUTION_DATE='2025-08-29T06:10:00+00:00' AIRFLOW_CTX_TRY_NUMBER='1' AIRFLOW_CTX_DAG_RUN_ID='scheduled__2025-08-29T06:10:00+00:00'
[2025-08-29T06:11:16.955+0000] {taskinstance.py:430} INFO - ::endgroup::
[2025-08-29T06:11:16.970+0000] {subprocess.py:63} INFO - Tmp dir root location: /tmp
[2025-08-29T06:11:16.971+0000] {subprocess.py:75} INFO - Running command: ['/usr/bin/bash', '-c', 'python3 /opt/***/dags/stock_detail/stockdetail.py']
[2025-08-29T06:11:16.983+0000] {subprocess.py:86} INFO - Output:
[2025-08-29T06:12:30.133+0000] {subprocess.py:93} INFO - ✅ Đã lưu 566 bản ghi vào history_data.stock_details
[2025-08-29T06:12:30.259+0000] {subprocess.py:97} INFO - Command exited with return code 0
[2025-08-29T06:12:30.260+0000] {taskinstance.py:441} INFO - ::group::Post task execution logs
[2025-08-29T06:12:30.291+0000] {taskinstance.py:1206} INFO - Marking task as SUCCESS. dag_id=stock_detail_dag, task_id=run_stock_details, run_id=scheduled__2025-08-29T06:10:00+00:00, execution_date=20250829T061000, start_date=20250829T061116, end_date=20250829T061230
[2025-08-29T06:12:30.329+0000] {local_task_job_runner.py:240} INFO - Task exited with return code 0
[2025-08-29T06:12:30.355+0000] {taskinstance.py:3498} INFO - 0 downstream tasks scheduled from follow-on schedule check
[2025-08-29T06:12:30.357+0000] {local_task_job_runner.py:222} INFO - ::endgroup::
