[2025-08-29T03:58:00.755+0000] {local_task_job_runner.py:120} INFO - ::group::Pre task execution logs
[2025-08-29T03:58:00.779+0000] {taskinstance.py:2076} INFO - Dependencies all met for dep_context=non-requeueable deps ti=<TaskInstance: crypto_collector_dag.run_crypto_collector scheduled__2025-08-29T03:57:00+00:00 [queued]>
[2025-08-29T03:58:00.789+0000] {taskinstance.py:2076} INFO - Dependencies all met for dep_context=requeueable deps ti=<TaskInstance: crypto_collector_dag.run_crypto_collector scheduled__2025-08-29T03:57:00+00:00 [queued]>
[2025-08-29T03:58:00.789+0000] {taskinstance.py:2306} INFO - Starting attempt 1 of 2
[2025-08-29T03:58:00.802+0000] {taskinstance.py:2330} INFO - Executing <Task(BashOperator): run_crypto_collector> on 2025-08-29 03:57:00+00:00
[2025-08-29T03:58:00.808+0000] {standard_task_runner.py:63} INFO - Started process 1787457 to run task
[2025-08-29T03:58:00.813+0000] {standard_task_runner.py:90} INFO - Running: ['***', 'tasks', 'run', 'crypto_collector_dag', 'run_crypto_collector', 'scheduled__2025-08-29T03:57:00+00:00', '--job-id', '32328', '--raw', '--subdir', 'DAGS_FOLDER/crawl_crypto/dags_crypto.py', '--cfg-path', '/tmp/tmpos6aagds']
[2025-08-29T03:58:00.814+0000] {standard_task_runner.py:91} INFO - Job 32328: Subtask run_crypto_collector
[2025-08-29T03:58:00.866+0000] {task_command.py:426} INFO - Running <TaskInstance: crypto_collector_dag.run_crypto_collector scheduled__2025-08-29T03:57:00+00:00 [running]> on host 1877907bc043
[2025-08-29T03:58:00.954+0000] {taskinstance.py:2648} INFO - Exporting env vars: AIRFLOW_CTX_DAG_OWNER='***' AIRFLOW_CTX_DAG_ID='crypto_collector_dag' AIRFLOW_CTX_TASK_ID='run_crypto_collector' AIRFLOW_CTX_EXECUTION_DATE='2025-08-29T03:57:00+00:00' AIRFLOW_CTX_TRY_NUMBER='1' AIRFLOW_CTX_DAG_RUN_ID='scheduled__2025-08-29T03:57:00+00:00'
[2025-08-29T03:58:00.955+0000] {taskinstance.py:430} INFO - ::endgroup::
[2025-08-29T03:58:00.967+0000] {subprocess.py:63} INFO - Tmp dir root location: /tmp
[2025-08-29T03:58:00.968+0000] {subprocess.py:75} INFO - Running command: ['/usr/bin/bash', '-c', 'python3 /opt/***/dags/crawl_crypto/crawl_data_crypto.py']
[2025-08-29T03:58:00.977+0000] {subprocess.py:86} INFO - Output:
[2025-08-29T03:58:11.741+0000] {subprocess.py:93} INFO - 🔹 Kết nối DB...
[2025-08-29T03:58:11.742+0000] {subprocess.py:93} INFO - 🔹 Lấy top 100 crypto...
[2025-08-29T03:58:11.742+0000] {subprocess.py:93} INFO - Top 100: ['ETHUSDT', 'SOLUSDT', 'USDCUSDT', 'BTCUSDT', 'FDUSDUSDT', 'LINKUSDT', 'XRPUSDT', 'PYTHUSDT', 'DOGEUSDT', 'BNBUSDT', 'ENAUSDT', 'TREEUSDT', 'ADAUSDT', 'TRXUSDT', 'SUIUSDT', 'NMRUSDT', 'ARBUSDT', 'BIOUSDT', 'USD1USDT', 'AVAXUSDT', 'PEPEUSDT', 'DOLOUSDT', 'AAVEUSDT', 'PLUMEUSDT', 'PENGUUSDT', 'UNIUSDT', 'WUSDT', 'SEIUSDT', 'LPTUSDT', 'DOTUSDT', 'PROVEUSDT', 'TONUSDT', 'HBARUSDT', 'RAYUSDT', 'CFXUSDT', 'LTCUSDT', 'OPUSDT', 'RLCUSDT', 'BERAUSDT', 'IDUSDT', 'XLMUSDT', 'WLDUSDT', 'NEARUSDT', 'CTSIUSDT', 'BONKUSDT', 'TRUMPUSDT', 'PENDLEUSDT', 'WIFUSDT', 'ETHFIUSDT', 'POLUSDT', 'SUSDT', 'CRVUSDT', 'FORMUSDT', 'ONDOUSDT', 'PNUTUSDT', 'TOWNSUSDT', 'INJUSDT', 'MAVUSDT', 'APTUSDT', 'BIGTIMEUSDT', 'EURUSDT', 'LDOUSDT', 'FLOKIUSDT', 'FILUSDT', 'MEMEUSDT', 'BBUSDT', 'JUPUSDT', 'TAOUSDT', 'ASRUSDT', 'VIRTUALUSDT', 'CATIUSDT', 'SYRUPUSDT', 'PAXGUSDT', 'CUSDT', 'SHIBUSDT', 'OMUSDT', 'TIAUSDT', 'BCHUSDT', 'GALAUSDT', 'NEIROUSDT', 'ZENUSDT', 'GMTUSDT', 'ZKUSDT', 'VETUSDT', 'JTOUSDT', 'CAKEUSDT', 'ETCUSDT', 'BFUSDUSDT', 'ICPUSDT', 'ATOMUSDT', 'FETUSDT', 'QTUMUSDT', 'ALGOUSDT', 'RENDERUSDT', 'NEOUSDT', 'BOMEUSDT', 'ACTUSDT', 'UMAUSDT', 'RUNEUSDT', 'EIGENUSDT']
[2025-08-29T03:58:11.743+0000] {subprocess.py:93} INFO - 🔹 Lưu lịch sử giá vào DB bằng threading...
[2025-08-29T03:58:11.743+0000] {subprocess.py:93} INFO - ✅ DOGEUSDT: thêm 1 dòng mới
[2025-08-29T03:58:11.744+0000] {subprocess.py:93} INFO - ✅ FDUSDUSDT: thêm 1 dòng mới
[2025-08-29T03:58:11.744+0000] {subprocess.py:93} INFO - 1/100 DOGEUSDT lưu OK
[2025-08-29T03:58:11.744+0000] {subprocess.py:93} INFO - 2/100 FDUSDUSDT lưu OK
[2025-08-29T03:58:11.744+0000] {subprocess.py:93} INFO - ✅ LINKUSDT: thêm 1 dòng mới
[2025-08-29T03:58:11.745+0000] {subprocess.py:93} INFO - 3/100 LINKUSDT lưu OK
[2025-08-29T03:58:11.745+0000] {subprocess.py:93} INFO - ✅ USDCUSDT: thêm 1 dòng mới
[2025-08-29T03:58:11.745+0000] {subprocess.py:93} INFO - 4/100 USDCUSDT lưu OK
[2025-08-29T03:58:11.746+0000] {subprocess.py:93} INFO - ✅ ETHUSDT: thêm 1 dòng mới
[2025-08-29T03:58:11.746+0000] {subprocess.py:93} INFO - 5/100 ETHUSDT lưu OK
[2025-08-29T03:58:11.746+0000] {subprocess.py:93} INFO - ✅ SOLUSDT: thêm 1 dòng mới
[2025-08-29T03:58:11.747+0000] {subprocess.py:93} INFO - 6/100 SOLUSDT lưu OK
[2025-08-29T03:58:11.747+0000] {subprocess.py:93} INFO - ✅ BTCUSDT: thêm 1 dòng mới
[2025-08-29T03:58:11.747+0000] {subprocess.py:93} INFO - 7/100 BTCUSDT lưu OK
[2025-08-29T03:58:11.747+0000] {subprocess.py:93} INFO - 8/100 PYTHUSDT lỗi: relation "cryptocurrency.pythusdt" does not exist
[2025-08-29T03:58:11.748+0000] {subprocess.py:93} INFO - LINE 1: SELECT MAX(time) FROM cryptocurrency.pythusdt;
[2025-08-29T03:58:11.748+0000] {subprocess.py:93} INFO -                               ^
[2025-08-29T03:58:11.748+0000] {subprocess.py:93} INFO - 
[2025-08-29T03:58:11.749+0000] {subprocess.py:93} INFO - ✅ BNBUSDT: thêm 1 dòng mới
[2025-08-29T03:58:11.749+0000] {subprocess.py:93} INFO - 9/100 BNBUSDT lưu OK
[2025-08-29T03:58:11.749+0000] {subprocess.py:93} INFO - ✅ XRPUSDT: thêm 1 dòng mới
[2025-08-29T03:58:11.749+0000] {subprocess.py:93} INFO - 10/100 XRPUSDT lưu OK
[2025-08-29T03:58:11.750+0000] {subprocess.py:93} INFO - ✅ ARBUSDT: thêm 1 dòng mới
[2025-08-29T03:58:11.750+0000] {subprocess.py:93} INFO - 11/100 ARBUSDT lưu OK
[2025-08-29T03:58:11.750+0000] {subprocess.py:93} INFO - 12/100 BIOUSDT lỗi: relation "cryptocurrency.biousdt" does not exist
[2025-08-29T03:58:11.751+0000] {subprocess.py:93} INFO - LINE 1: SELECT MAX(time) FROM cryptocurrency.biousdt;
[2025-08-29T03:58:11.751+0000] {subprocess.py:93} INFO -                               ^
[2025-08-29T03:58:11.751+0000] {subprocess.py:93} INFO - 
[2025-08-29T03:58:11.752+0000] {subprocess.py:93} INFO - ✅ AVAXUSDT: thêm 1 dòng mới
[2025-08-29T03:58:11.752+0000] {subprocess.py:93} INFO - 13/100 AVAXUSDT lưu OK
[2025-08-29T03:58:11.752+0000] {subprocess.py:93} INFO - ✅ TRXUSDT: thêm 1 dòng mới
[2025-08-29T03:58:11.752+0000] {subprocess.py:93} INFO - 14/100 TRXUSDT lưu OK
[2025-08-29T03:58:11.753+0000] {subprocess.py:93} INFO - 15/100 NMRUSDT lỗi: relation "cryptocurrency.nmrusdt" does not exist
[2025-08-29T03:58:11.753+0000] {subprocess.py:93} INFO - LINE 1: SELECT MAX(time) FROM cryptocurrency.nmrusdt;
[2025-08-29T03:58:11.753+0000] {subprocess.py:93} INFO -                               ^
[2025-08-29T03:58:11.754+0000] {subprocess.py:93} INFO - 
[2025-08-29T03:58:11.754+0000] {subprocess.py:93} INFO - 16/100 TREEUSDT lỗi: relation "cryptocurrency.treeusdt" does not exist
[2025-08-29T03:58:11.754+0000] {subprocess.py:93} INFO - LINE 1: SELECT MAX(time) FROM cryptocurrency.treeusdt;
[2025-08-29T03:58:11.754+0000] {subprocess.py:93} INFO -                               ^
[2025-08-29T03:58:11.755+0000] {subprocess.py:93} INFO - 
[2025-08-29T03:58:11.755+0000] {subprocess.py:93} INFO - ✅ ENAUSDT: thêm 1 dòng mới
[2025-08-29T03:58:11.755+0000] {subprocess.py:93} INFO - 17/100 ENAUSDT lưu OK
[2025-08-29T03:58:11.756+0000] {subprocess.py:93} INFO - ✅ SUIUSDT: thêm 1 dòng mới
[2025-08-29T03:58:11.756+0000] {subprocess.py:93} INFO - ✅ ADAUSDT: thêm 1 dòng mới
[2025-08-29T03:58:11.756+0000] {subprocess.py:93} INFO - 18/100 SUIUSDT lưu OK
[2025-08-29T03:58:11.757+0000] {subprocess.py:93} INFO - 19/100 ADAUSDT lưu OK
[2025-08-29T03:58:11.757+0000] {subprocess.py:93} INFO - 20/100 USD1USDT lỗi: relation "cryptocurrency.usd1usdt" does not exist
[2025-08-29T03:58:11.757+0000] {subprocess.py:93} INFO - LINE 1: SELECT MAX(time) FROM cryptocurrency.usd1usdt;
[2025-08-29T03:58:11.757+0000] {subprocess.py:93} INFO -                               ^
[2025-08-29T03:58:11.758+0000] {subprocess.py:93} INFO - 
[2025-08-29T03:58:11.758+0000] {subprocess.py:93} INFO - ✅ PEPEUSDT: thêm 1 dòng mới
[2025-08-29T03:58:11.758+0000] {subprocess.py:93} INFO - 21/100 PEPEUSDT lưu OK
[2025-08-29T03:58:11.759+0000] {subprocess.py:93} INFO - 22/100 PLUMEUSDT lỗi: relation "cryptocurrency.plumeusdt" does not exist
[2025-08-29T03:58:11.759+0000] {subprocess.py:93} INFO - LINE 1: SELECT MAX(time) FROM cryptocurrency.plumeusdt;
[2025-08-29T03:58:11.759+0000] {subprocess.py:93} INFO -                               ^
[2025-08-29T03:58:11.759+0000] {subprocess.py:93} INFO - 
[2025-08-29T03:58:11.760+0000] {subprocess.py:93} INFO - ✅ PENGUUSDT: thêm 1 dòng mới
[2025-08-29T03:58:11.760+0000] {subprocess.py:93} INFO - ✅ SEIUSDT: thêm 1 dòng mới
[2025-08-29T03:58:11.760+0000] {subprocess.py:93} INFO - 23/100 PENGUUSDT lưu OK
[2025-08-29T03:58:11.761+0000] {subprocess.py:93} INFO - 24/100 WUSDT lỗi: relation "cryptocurrency.wusdt" does not exist
[2025-08-29T03:58:11.761+0000] {subprocess.py:93} INFO - LINE 1: SELECT MAX(time) FROM cryptocurrency.wusdt;
[2025-08-29T03:58:11.761+0000] {subprocess.py:93} INFO -                               ^
[2025-08-29T03:58:11.761+0000] {subprocess.py:93} INFO - 
[2025-08-29T03:58:11.762+0000] {subprocess.py:93} INFO - 25/100 SEIUSDT lưu OK
[2025-08-29T03:58:11.762+0000] {subprocess.py:93} INFO - ✅ PROVEUSDT: thêm 1 dòng mới
[2025-08-29T03:58:11.762+0000] {subprocess.py:93} INFO - 26/100 PROVEUSDT lưu OK
[2025-08-29T03:58:11.763+0000] {subprocess.py:93} INFO - ✅ DOTUSDT: thêm 1 dòng mới
[2025-08-29T03:58:11.763+0000] {subprocess.py:93} INFO - 27/100 DOTUSDT lưu OK
[2025-08-29T03:58:11.763+0000] {subprocess.py:93} INFO - ✅ AAVEUSDT: thêm 1 dòng mới
[2025-08-29T03:58:11.764+0000] {subprocess.py:93} INFO - 28/100 AAVEUSDT lưu OK
[2025-08-29T03:58:11.764+0000] {subprocess.py:93} INFO - 29/100 DOLOUSDT lỗi: relation "cryptocurrency.dolousdt" does not exist
[2025-08-29T03:58:11.764+0000] {subprocess.py:93} INFO - LINE 1: SELECT MAX(time) FROM cryptocurrency.dolousdt;
[2025-08-29T03:58:11.764+0000] {subprocess.py:93} INFO -                               ^
[2025-08-29T03:58:11.765+0000] {subprocess.py:93} INFO - 
[2025-08-29T03:58:11.765+0000] {subprocess.py:93} INFO - 30/100 LPTUSDT lỗi: relation "cryptocurrency.lptusdt" does not exist
[2025-08-29T03:58:11.765+0000] {subprocess.py:93} INFO - LINE 1: SELECT MAX(time) FROM cryptocurrency.lptusdt;
[2025-08-29T03:58:11.766+0000] {subprocess.py:93} INFO -                               ^
[2025-08-29T03:58:11.766+0000] {subprocess.py:93} INFO - 
[2025-08-29T03:58:11.766+0000] {subprocess.py:93} INFO - ✅ UNIUSDT: thêm 1 dòng mới
[2025-08-29T03:58:11.766+0000] {subprocess.py:93} INFO - 31/100 UNIUSDT lưu OK
[2025-08-29T03:58:11.767+0000] {subprocess.py:93} INFO - ✅ RAYUSDT: thêm 1 dòng mới
[2025-08-29T03:58:11.767+0000] {subprocess.py:93} INFO - 32/100 RAYUSDT lưu OK
[2025-08-29T03:58:11.767+0000] {subprocess.py:93} INFO - ✅ TONUSDT: thêm 1 dòng mới
[2025-08-29T03:58:11.768+0000] {subprocess.py:93} INFO - 33/100 TONUSDT lưu OK
[2025-08-29T03:58:11.768+0000] {subprocess.py:93} INFO - ✅ HBARUSDT: thêm 1 dòng mới
[2025-08-29T03:58:11.768+0000] {subprocess.py:93} INFO - 34/100 HBARUSDT lưu OK
[2025-08-29T03:58:11.769+0000] {subprocess.py:93} INFO - ✅ CFXUSDT: thêm 1 dòng mới
[2025-08-29T03:58:11.769+0000] {subprocess.py:93} INFO - 35/100 CFXUSDT lưu OK
[2025-08-29T03:58:11.769+0000] {subprocess.py:93} INFO - ✅ BERAUSDT: thêm 1 dòng mới
[2025-08-29T03:58:11.769+0000] {subprocess.py:93} INFO - 36/100 BERAUSDT lưu OK
[2025-08-29T03:58:11.770+0000] {subprocess.py:93} INFO - 37/100 IDUSDT lỗi: relation "cryptocurrency.idusdt" does not exist
[2025-08-29T03:58:11.770+0000] {subprocess.py:93} INFO - LINE 1: SELECT MAX(time) FROM cryptocurrency.idusdt;
[2025-08-29T03:58:11.770+0000] {subprocess.py:93} INFO -                               ^
[2025-08-29T03:58:11.771+0000] {subprocess.py:93} INFO - 
[2025-08-29T03:58:11.771+0000] {subprocess.py:93} INFO - 38/100 RLCUSDT lỗi: relation "cryptocurrency.rlcusdt" does not exist
[2025-08-29T03:58:11.771+0000] {subprocess.py:93} INFO - LINE 1: SELECT MAX(time) FROM cryptocurrency.rlcusdt;
[2025-08-29T03:58:11.772+0000] {subprocess.py:93} INFO -                               ^
[2025-08-29T03:58:11.772+0000] {subprocess.py:93} INFO - 
[2025-08-29T03:58:11.772+0000] {subprocess.py:93} INFO - ✅ LTCUSDT: thêm 1 dòng mới
[2025-08-29T03:58:11.772+0000] {subprocess.py:93} INFO - 39/100 LTCUSDT lưu OK
[2025-08-29T03:58:11.773+0000] {subprocess.py:93} INFO - ✅ OPUSDT: thêm 1 dòng mới
[2025-08-29T03:58:11.773+0000] {subprocess.py:93} INFO - ✅ WLDUSDT: thêm 1 dòng mới
[2025-08-29T03:58:11.773+0000] {subprocess.py:93} INFO - 40/100 OPUSDT lưu OK
[2025-08-29T03:58:11.774+0000] {subprocess.py:93} INFO - ✅ NEARUSDT: thêm 1 dòng mới
[2025-08-29T03:58:11.774+0000] {subprocess.py:93} INFO - ✅ WIFUSDT: thêm 1 dòng mới
[2025-08-29T03:58:11.774+0000] {subprocess.py:93} INFO - 41/100 WLDUSDT lưu OK
[2025-08-29T03:58:11.775+0000] {subprocess.py:93} INFO - ✅ CTSIUSDT: thêm 1 dòng mới
[2025-08-29T03:58:11.775+0000] {subprocess.py:93} INFO - ✅ PENDLEUSDT: thêm 1 dòng mới
[2025-08-29T03:58:11.775+0000] {subprocess.py:93} INFO - ✅ ETHFIUSDT: thêm 1 dòng mới
[2025-08-29T03:58:11.776+0000] {subprocess.py:93} INFO - 42/100 CTSIUSDT lưu OK
[2025-08-29T03:58:11.776+0000] {subprocess.py:93} INFO - 43/100 PENDLEUSDT lưu OK
[2025-08-29T03:58:11.776+0000] {subprocess.py:93} INFO - ✅ TRUMPUSDT: thêm 1 dòng mới
[2025-08-29T03:58:11.776+0000] {subprocess.py:93} INFO - 44/100 ETHFIUSDT lưu OK
[2025-08-29T03:58:11.777+0000] {subprocess.py:93} INFO - 45/100 NEARUSDT lưu OK
[2025-08-29T03:58:11.777+0000] {subprocess.py:93} INFO - ✅ XLMUSDT: thêm 1 dòng mới
[2025-08-29T03:58:11.777+0000] {subprocess.py:93} INFO - ✅ BONKUSDT: thêm 1 dòng mới
[2025-08-29T03:58:11.778+0000] {subprocess.py:93} INFO - 46/100 TRUMPUSDT lưu OK
[2025-08-29T03:58:11.778+0000] {subprocess.py:93} INFO - 47/100 WIFUSDT lưu OK
[2025-08-29T03:58:11.778+0000] {subprocess.py:93} INFO - 48/100 BONKUSDT lưu OK
[2025-08-29T03:58:11.779+0000] {subprocess.py:93} INFO - 49/100 XLMUSDT lưu OK
[2025-08-29T03:58:11.779+0000] {subprocess.py:93} INFO - ✅ TOWNSUSDT: thêm 1 dòng mới
[2025-08-29T03:58:11.779+0000] {subprocess.py:93} INFO - 50/100 TOWNSUSDT lưu OK
[2025-08-29T03:58:11.779+0000] {subprocess.py:93} INFO - ✅ INJUSDT: thêm 1 dòng mới
[2025-08-29T03:58:11.780+0000] {subprocess.py:93} INFO - 51/100 INJUSDT lưu OK
[2025-08-29T03:58:11.780+0000] {subprocess.py:93} INFO - 52/100 FORMUSDT lỗi: relation "cryptocurrency.formusdt" does not exist
[2025-08-29T03:58:11.780+0000] {subprocess.py:93} INFO - LINE 1: SELECT MAX(time) FROM cryptocurrency.formusdt;
[2025-08-29T03:58:11.781+0000] {subprocess.py:93} INFO -                               ^
[2025-08-29T03:58:11.781+0000] {subprocess.py:93} INFO - 
[2025-08-29T03:58:11.781+0000] {subprocess.py:93} INFO - ✅ PNUTUSDT: thêm 1 dòng mới
[2025-08-29T03:58:11.782+0000] {subprocess.py:93} INFO - 53/100 PNUTUSDT lưu OK
[2025-08-29T03:58:11.782+0000] {subprocess.py:93} INFO - ✅ CRVUSDT: thêm 1 dòng mới
[2025-08-29T03:58:11.782+0000] {subprocess.py:93} INFO - 54/100 CRVUSDT lưu OK
[2025-08-29T03:58:11.783+0000] {subprocess.py:93} INFO - ✅ ONDOUSDT: thêm 1 dòng mới
[2025-08-29T03:58:11.783+0000] {subprocess.py:93} INFO - 55/100 ONDOUSDT lưu OK
[2025-08-29T03:58:11.783+0000] {subprocess.py:93} INFO - ✅ SUSDT: thêm 1 dòng mới
[2025-08-29T03:58:11.784+0000] {subprocess.py:93} INFO - 56/100 SUSDT lưu OK
[2025-08-29T03:58:11.784+0000] {subprocess.py:93} INFO - ✅ MAVUSDT: thêm 1 dòng mới
[2025-08-29T03:58:11.784+0000] {subprocess.py:93} INFO - ✅ POLUSDT: thêm 1 dòng mới
[2025-08-29T03:58:11.785+0000] {subprocess.py:93} INFO - 57/100 MAVUSDT lưu OK
[2025-08-29T03:58:11.785+0000] {subprocess.py:93} INFO - 58/100 POLUSDT lưu OK
[2025-08-29T03:58:11.785+0000] {subprocess.py:93} INFO - 59/100 BIGTIMEUSDT lỗi: relation "cryptocurrency.bigtimeusdt" does not exist
[2025-08-29T03:58:11.786+0000] {subprocess.py:93} INFO - LINE 1: SELECT MAX(time) FROM cryptocurrency.bigtimeusdt;
[2025-08-29T03:58:11.786+0000] {subprocess.py:93} INFO -                               ^
[2025-08-29T03:58:11.786+0000] {subprocess.py:93} INFO - 
[2025-08-29T03:58:11.787+0000] {subprocess.py:93} INFO - ✅ APTUSDT: thêm 1 dòng mới
[2025-08-29T03:58:11.787+0000] {subprocess.py:93} INFO - 60/100 APTUSDT lưu OK
[2025-08-29T03:58:11.788+0000] {subprocess.py:93} INFO - ✅ EURUSDT: thêm 1 dòng mới
[2025-08-29T03:58:11.788+0000] {subprocess.py:93} INFO - 61/100 EURUSDT lưu OK
[2025-08-29T03:58:11.788+0000] {subprocess.py:93} INFO - 62/100 JUPUSDT lỗi: relation "cryptocurrency.jupusdt" does not exist
[2025-08-29T03:58:11.789+0000] {subprocess.py:93} INFO - LINE 1: SELECT MAX(time) FROM cryptocurrency.jupusdt;
[2025-08-29T03:58:11.789+0000] {subprocess.py:93} INFO -                               ^
[2025-08-29T03:58:11.789+0000] {subprocess.py:93} INFO - 
[2025-08-29T03:58:11.790+0000] {subprocess.py:93} INFO - 63/100 MEMEUSDT lỗi: relation "cryptocurrency.memeusdt" does not exist
[2025-08-29T03:58:11.790+0000] {subprocess.py:93} INFO - LINE 1: SELECT MAX(time) FROM cryptocurrency.memeusdt;
[2025-08-29T03:58:11.790+0000] {subprocess.py:93} INFO -                               ^
[2025-08-29T03:58:11.791+0000] {subprocess.py:93} INFO - 
[2025-08-29T03:58:11.791+0000] {subprocess.py:93} INFO - 64/100 BBUSDT lỗi: relation "cryptocurrency.bbusdt" does not exist
[2025-08-29T03:58:11.791+0000] {subprocess.py:93} INFO - LINE 1: SELECT MAX(time) FROM cryptocurrency.bbusdt;
[2025-08-29T03:58:11.792+0000] {subprocess.py:93} INFO -                               ^
[2025-08-29T03:58:11.792+0000] {subprocess.py:93} INFO - 
[2025-08-29T03:58:11.793+0000] {subprocess.py:93} INFO - 65/100 CATIUSDT lỗi: relation "cryptocurrency.catiusdt" does not exist
[2025-08-29T03:58:11.793+0000] {subprocess.py:93} INFO - LINE 1: SELECT MAX(time) FROM cryptocurrency.catiusdt;
[2025-08-29T03:58:11.793+0000] {subprocess.py:93} INFO -                               ^
[2025-08-29T03:58:11.794+0000] {subprocess.py:93} INFO - 
[2025-08-29T03:58:11.794+0000] {subprocess.py:93} INFO - ✅ ASRUSDT: thêm 1 dòng mới
[2025-08-29T03:58:11.794+0000] {subprocess.py:93} INFO - ✅ LDOUSDT: thêm 1 dòng mới
[2025-08-29T03:58:11.795+0000] {subprocess.py:93} INFO - ✅ VIRTUALUSDT: thêm 1 dòng mới
[2025-08-29T03:58:11.795+0000] {subprocess.py:93} INFO - ✅ FILUSDT: thêm 1 dòng mới
[2025-08-29T03:58:11.795+0000] {subprocess.py:93} INFO - 66/100 ASRUSDT lưu OK
[2025-08-29T03:58:11.796+0000] {subprocess.py:93} INFO - 67/100 LDOUSDT lưu OK
[2025-08-29T03:58:11.796+0000] {subprocess.py:93} INFO - 68/100 VIRTUALUSDT lưu OK
[2025-08-29T03:58:11.797+0000] {subprocess.py:93} INFO - 69/100 FILUSDT lưu OK
[2025-08-29T03:58:11.797+0000] {subprocess.py:93} INFO - ✅ FLOKIUSDT: thêm 1 dòng mới
[2025-08-29T03:58:11.797+0000] {subprocess.py:93} INFO - 70/100 FLOKIUSDT lưu OK
[2025-08-29T03:58:11.798+0000] {subprocess.py:93} INFO - ✅ TAOUSDT: thêm 1 dòng mới
[2025-08-29T03:58:11.798+0000] {subprocess.py:93} INFO - 71/100 TAOUSDT lưu OK
[2025-08-29T03:58:11.798+0000] {subprocess.py:93} INFO - 72/100 CUSDT lỗi: relation "cryptocurrency.cusdt" does not exist
[2025-08-29T03:58:11.799+0000] {subprocess.py:93} INFO - LINE 1: SELECT MAX(time) FROM cryptocurrency.cusdt;
[2025-08-29T03:58:11.799+0000] {subprocess.py:93} INFO -                               ^
[2025-08-29T03:58:11.799+0000] {subprocess.py:93} INFO - 
[2025-08-29T03:58:11.800+0000] {subprocess.py:93} INFO - ✅ NEIROUSDT: thêm 1 dòng mới
[2025-08-29T03:58:11.800+0000] {subprocess.py:93} INFO - 73/100 NEIROUSDT lưu OK
[2025-08-29T03:58:11.801+0000] {subprocess.py:93} INFO - 74/100 PAXGUSDT lỗi: relation "cryptocurrency.paxgusdt" does not exist
[2025-08-29T03:58:11.801+0000] {subprocess.py:93} INFO - LINE 1: SELECT MAX(time) FROM cryptocurrency.paxgusdt;
[2025-08-29T03:58:11.801+0000] {subprocess.py:93} INFO -                               ^
[2025-08-29T03:58:11.802+0000] {subprocess.py:93} INFO - 
[2025-08-29T03:58:11.802+0000] {subprocess.py:93} INFO - ✅ SHIBUSDT: thêm 1 dòng mới
[2025-08-29T03:58:11.802+0000] {subprocess.py:93} INFO - ✅ GALAUSDT: thêm 1 dòng mới
[2025-08-29T03:58:11.803+0000] {subprocess.py:93} INFO - 75/100 SHIBUSDT lưu OK
[2025-08-29T03:58:11.803+0000] {subprocess.py:93} INFO - 76/100 GALAUSDT lưu OK
[2025-08-29T03:58:11.803+0000] {subprocess.py:93} INFO - ✅ TIAUSDT: thêm 1 dòng mới
[2025-08-29T03:58:11.804+0000] {subprocess.py:93} INFO - 77/100 TIAUSDT lưu OK
[2025-08-29T03:58:11.804+0000] {subprocess.py:93} INFO - ✅ OMUSDT: thêm 1 dòng mới
[2025-08-29T03:58:11.805+0000] {subprocess.py:93} INFO - ✅ SYRUPUSDT: thêm 1 dòng mới
[2025-08-29T03:58:11.805+0000] {subprocess.py:93} INFO - 78/100 OMUSDT lưu OK
[2025-08-29T03:58:11.805+0000] {subprocess.py:93} INFO - 79/100 SYRUPUSDT lưu OK
[2025-08-29T03:58:11.806+0000] {subprocess.py:93} INFO - ✅ BCHUSDT: thêm 1 dòng mới
[2025-08-29T03:58:11.806+0000] {subprocess.py:93} INFO - 80/100 BCHUSDT lưu OK
[2025-08-29T03:58:11.806+0000] {subprocess.py:93} INFO - 81/100 ZENUSDT lỗi: relation "cryptocurrency.zenusdt" does not exist
[2025-08-29T03:58:11.807+0000] {subprocess.py:93} INFO - LINE 1: SELECT MAX(time) FROM cryptocurrency.zenusdt;
[2025-08-29T03:58:11.807+0000] {subprocess.py:93} INFO -                               ^
[2025-08-29T03:58:11.807+0000] {subprocess.py:93} INFO - 
[2025-08-29T03:58:11.808+0000] {subprocess.py:93} INFO - 82/100 ZKUSDT lỗi: relation "cryptocurrency.zkusdt" does not exist
[2025-08-29T03:58:11.808+0000] {subprocess.py:93} INFO - LINE 1: SELECT MAX(time) FROM cryptocurrency.zkusdt;
[2025-08-29T03:58:11.809+0000] {subprocess.py:93} INFO -                               ^
[2025-08-29T03:58:11.809+0000] {subprocess.py:93} INFO - 
[2025-08-29T03:58:12.517+0000] {subprocess.py:93} INFO - 83/100 JTOUSDT lỗi: relation "cryptocurrency.jtousdt" does not exist
[2025-08-29T03:58:12.519+0000] {subprocess.py:93} INFO - LINE 1: SELECT MAX(time) FROM cryptocurrency.jtousdt;
[2025-08-29T03:58:12.520+0000] {subprocess.py:93} INFO -                               ^
[2025-08-29T03:58:12.520+0000] {subprocess.py:93} INFO - 
[2025-08-29T03:58:12.520+0000] {subprocess.py:93} INFO - 84/100 GMTUSDT lỗi: relation "cryptocurrency.gmtusdt" does not exist
[2025-08-29T03:58:12.520+0000] {subprocess.py:93} INFO - LINE 1: SELECT MAX(time) FROM cryptocurrency.gmtusdt;
[2025-08-29T03:58:12.521+0000] {subprocess.py:93} INFO -                               ^
[2025-08-29T03:58:12.521+0000] {subprocess.py:93} INFO - 
[2025-08-29T03:58:12.521+0000] {subprocess.py:93} INFO - ✅ ICPUSDT: thêm 1 dòng mới
[2025-08-29T03:58:12.521+0000] {subprocess.py:93} INFO - 85/100 ICPUSDT lưu OK
[2025-08-29T03:58:12.522+0000] {subprocess.py:93} INFO - ✅ CAKEUSDT: thêm 1 dòng mới
[2025-08-29T03:58:12.522+0000] {subprocess.py:93} INFO - 86/100 CAKEUSDT lưu OK
[2025-08-29T03:58:12.522+0000] {subprocess.py:93} INFO - ✅ FETUSDT: thêm 1 dòng mới
[2025-08-29T03:58:12.522+0000] {subprocess.py:93} INFO - 87/100 FETUSDT lưu OK
[2025-08-29T03:58:12.523+0000] {subprocess.py:93} INFO - ✅ ETCUSDT: thêm 1 dòng mới
[2025-08-29T03:58:12.523+0000] {subprocess.py:93} INFO - 88/100 ETCUSDT lưu OK
[2025-08-29T03:58:12.523+0000] {subprocess.py:93} INFO - 89/100 VETUSDT lỗi: relation "cryptocurrency.vetusdt" does not exist
[2025-08-29T03:58:12.524+0000] {subprocess.py:93} INFO - LINE 1: SELECT MAX(time) FROM cryptocurrency.vetusdt;
[2025-08-29T03:58:12.524+0000] {subprocess.py:93} INFO -                               ^
[2025-08-29T03:58:12.524+0000] {subprocess.py:93} INFO - 
[2025-08-29T03:58:12.524+0000] {subprocess.py:93} INFO - 90/100 ATOMUSDT lỗi: relation "cryptocurrency.atomusdt" does not exist
[2025-08-29T03:58:12.524+0000] {subprocess.py:93} INFO - LINE 1: SELECT MAX(time) FROM cryptocurrency.atomusdt;
[2025-08-29T03:58:12.525+0000] {subprocess.py:93} INFO -                               ^
[2025-08-29T03:58:12.525+0000] {subprocess.py:93} INFO - 
[2025-08-29T03:58:12.525+0000] {subprocess.py:93} INFO - ✅ BFUSDUSDT: thêm 1 dòng mới
[2025-08-29T03:58:12.525+0000] {subprocess.py:93} INFO - 91/100 BFUSDUSDT lưu OK
[2025-08-29T03:58:12.526+0000] {subprocess.py:93} INFO - 92/100 QTUMUSDT lỗi: relation "cryptocurrency.qtumusdt" does not exist
[2025-08-29T03:58:12.526+0000] {subprocess.py:93} INFO - LINE 1: SELECT MAX(time) FROM cryptocurrency.qtumusdt;
[2025-08-29T03:58:12.526+0000] {subprocess.py:93} INFO -                               ^
[2025-08-29T03:58:12.526+0000] {subprocess.py:93} INFO - 
[2025-08-29T03:58:12.527+0000] {subprocess.py:93} INFO - ✅ ALGOUSDT: thêm 1 dòng mới
[2025-08-29T03:58:12.527+0000] {subprocess.py:93} INFO - 93/100 ALGOUSDT lưu OK
[2025-08-29T03:58:12.527+0000] {subprocess.py:93} INFO - 94/100 NEOUSDT lỗi: relation "cryptocurrency.neousdt" does not exist
[2025-08-29T03:58:12.527+0000] {subprocess.py:93} INFO - LINE 1: SELECT MAX(time) FROM cryptocurrency.neousdt;
[2025-08-29T03:58:12.527+0000] {subprocess.py:93} INFO -                               ^
[2025-08-29T03:58:12.528+0000] {subprocess.py:93} INFO - 
[2025-08-29T03:58:12.528+0000] {subprocess.py:93} INFO - 95/100 UMAUSDT lỗi: relation "cryptocurrency.umausdt" does not exist
[2025-08-29T03:58:12.528+0000] {subprocess.py:93} INFO - LINE 1: SELECT MAX(time) FROM cryptocurrency.umausdt;
[2025-08-29T03:58:12.528+0000] {subprocess.py:93} INFO -                               ^
[2025-08-29T03:58:12.529+0000] {subprocess.py:93} INFO - 
[2025-08-29T03:58:12.529+0000] {subprocess.py:93} INFO - 96/100 RUNEUSDT lỗi: relation "cryptocurrency.runeusdt" does not exist
[2025-08-29T03:58:12.529+0000] {subprocess.py:93} INFO - LINE 1: SELECT MAX(time) FROM cryptocurrency.runeusdt;
[2025-08-29T03:58:12.529+0000] {subprocess.py:93} INFO -                               ^
[2025-08-29T03:58:12.529+0000] {subprocess.py:93} INFO - 
[2025-08-29T03:58:12.530+0000] {subprocess.py:93} INFO - 97/100 ACTUSDT lỗi: relation "cryptocurrency.actusdt" does not exist
[2025-08-29T03:58:12.530+0000] {subprocess.py:93} INFO - LINE 1: SELECT MAX(time) FROM cryptocurrency.actusdt;
[2025-08-29T03:58:12.530+0000] {subprocess.py:93} INFO -                               ^
[2025-08-29T03:58:12.530+0000] {subprocess.py:93} INFO - 
[2025-08-29T03:58:12.530+0000] {subprocess.py:93} INFO - 98/100 BOMEUSDT lỗi: relation "cryptocurrency.bomeusdt" does not exist
[2025-08-29T03:58:12.531+0000] {subprocess.py:93} INFO - LINE 1: SELECT MAX(time) FROM cryptocurrency.bomeusdt;
[2025-08-29T03:58:12.531+0000] {subprocess.py:93} INFO -                               ^
[2025-08-29T03:58:12.531+0000] {subprocess.py:93} INFO - 
[2025-08-29T03:58:12.531+0000] {subprocess.py:93} INFO - ✅ RENDERUSDT: thêm 1 dòng mới
[2025-08-29T03:58:12.532+0000] {subprocess.py:93} INFO - 99/100 RENDERUSDT lưu OK
[2025-08-29T03:58:12.532+0000] {subprocess.py:93} INFO - ✅ EIGENUSDT: thêm 1 dòng mới
[2025-08-29T03:58:12.532+0000] {subprocess.py:93} INFO - 100/100 EIGENUSDT lưu OK
[2025-08-29T03:58:12.623+0000] {subprocess.py:97} INFO - Command exited with return code 0
[2025-08-29T03:58:12.624+0000] {taskinstance.py:441} INFO - ::group::Post task execution logs
[2025-08-29T03:58:12.651+0000] {taskinstance.py:1206} INFO - Marking task as SUCCESS. dag_id=crypto_collector_dag, task_id=run_crypto_collector, run_id=scheduled__2025-08-29T03:57:00+00:00, execution_date=20250829T035700, start_date=20250829T035800, end_date=20250829T035812
[2025-08-29T03:58:12.701+0000] {local_task_job_runner.py:240} INFO - Task exited with return code 0
[2025-08-29T03:58:12.727+0000] {taskinstance.py:3498} INFO - 0 downstream tasks scheduled from follow-on schedule check
[2025-08-29T03:58:12.728+0000] {local_task_job_runner.py:222} INFO - ::endgroup::
