[2025-09-05T17:36:01.575+0000] {local_task_job_runner.py:120} INFO - ::group::Pre task execution logs
[2025-09-05T17:36:01.605+0000] {taskinstance.py:2076} INFO - Dependencies all met for dep_context=non-requeueable deps ti=<TaskInstance: foreign_1_live.save_foreign_1 scheduled__2025-09-05T17:35:00+00:00 [queued]>
[2025-09-05T17:36:01.615+0000] {taskinstance.py:2076} INFO - Dependencies all met for dep_context=requeueable deps ti=<TaskInstance: foreign_1_live.save_foreign_1 scheduled__2025-09-05T17:35:00+00:00 [queued]>
[2025-09-05T17:36:01.616+0000] {taskinstance.py:2306} INFO - Starting attempt 1 of 11
[2025-09-05T17:36:01.631+0000] {taskinstance.py:2330} INFO - Executing <Task(PythonOperator): save_foreign_1> on 2025-09-05 17:35:00+00:00
[2025-09-05T17:36:01.641+0000] {standard_task_runner.py:63} INFO - Started process 40506 to run task
[2025-09-05T17:36:01.650+0000] {standard_task_runner.py:90} INFO - Running: ['***', 'tasks', 'run', 'foreign_1_live', 'save_foreign_1', 'scheduled__2025-09-05T17:35:00+00:00', '--job-id', '118569', '--raw', '--subdir', 'DAGS_FOLDER/dag_foreign_1_live.py', '--cfg-path', '/tmp/tmply2d1lwh']
[2025-09-05T17:36:01.656+0000] {standard_task_runner.py:91} INFO - Job 118569: Subtask save_foreign_1
[2025-09-05T17:36:01.757+0000] {task_command.py:426} INFO - Running <TaskInstance: foreign_1_live.save_foreign_1 scheduled__2025-09-05T17:35:00+00:00 [running]> on host d4d2fe648a81
[2025-09-05T17:36:01.942+0000] {taskinstance.py:2648} INFO - Exporting env vars: AIRFLOW_CTX_DAG_OWNER='***' AIRFLOW_CTX_DAG_ID='foreign_1_live' AIRFLOW_CTX_TASK_ID='save_foreign_1' AIRFLOW_CTX_EXECUTION_DATE='2025-09-05T17:35:00+00:00' AIRFLOW_CTX_TRY_NUMBER='1' AIRFLOW_CTX_DAG_RUN_ID='scheduled__2025-09-05T17:35:00+00:00'
[2025-09-05T17:36:01.944+0000] {taskinstance.py:430} INFO - ::endgroup::
[2025-09-05T17:36:01.959+0000] {foreign_1.py:18} INFO - Kết nối DB
[2025-09-05T17:36:02.602+0000] {foreign_1.py:28} INFO - Đã lưu foreign_ALL
[2025-09-05T17:36:02.604+0000] {foreign_1.py:18} INFO - Kết nối DB
[2025-09-05T17:36:03.174+0000] {foreign_1.py:28} INFO - Đã lưu foreign_HOSE
[2025-09-05T17:36:03.175+0000] {foreign_1.py:18} INFO - Kết nối DB
[2025-09-05T17:36:03.582+0000] {foreign_1.py:28} INFO - Đã lưu foreign_HNX
[2025-09-05T17:36:03.583+0000] {foreign_1.py:18} INFO - Kết nối DB
[2025-09-05T17:36:03.936+0000] {foreign_1.py:28} INFO - Đã lưu foreign_UPCOM
[2025-09-05T17:36:03.937+0000] {python.py:237} INFO - Done. Returned value was: None
[2025-09-05T17:36:03.938+0000] {taskinstance.py:441} INFO - ::group::Post task execution logs
[2025-09-05T17:36:03.955+0000] {taskinstance.py:1206} INFO - Marking task as SUCCESS. dag_id=foreign_1_live, task_id=save_foreign_1, run_id=scheduled__2025-09-05T17:35:00+00:00, execution_date=20250905T173500, start_date=20250905T173601, end_date=20250905T173603
[2025-09-05T17:36:04.027+0000] {local_task_job_runner.py:240} INFO - Task exited with return code 0
[2025-09-05T17:36:04.057+0000] {taskinstance.py:3498} INFO - 4 downstream tasks scheduled from follow-on schedule check
[2025-09-05T17:36:04.058+0000] {local_task_job_runner.py:222} INFO - ::endgroup::
