[2025-09-05T14:18:01.581+0000] {local_task_job_runner.py:120} INFO - ::group::Pre task execution logs
[2025-09-05T14:18:01.609+0000] {taskinstance.py:2076} INFO - Dependencies all met for dep_context=non-requeueable deps ti=<TaskInstance: crypto_collector_dag.run_crypto_collector scheduled__2025-09-05T14:17:00+00:00 [queued]>
[2025-09-05T14:18:01.618+0000] {taskinstance.py:2076} INFO - Dependencies all met for dep_context=requeueable deps ti=<TaskInstance: crypto_collector_dag.run_crypto_collector scheduled__2025-09-05T14:17:00+00:00 [queued]>
[2025-09-05T14:18:01.619+0000] {taskinstance.py:2306} INFO - Starting attempt 1 of 2
[2025-09-05T14:18:01.639+0000] {taskinstance.py:2330} INFO - Executing <Task(BashOperator): run_crypto_collector> on 2025-09-05 14:17:00+00:00
[2025-09-05T14:18:01.647+0000] {standard_task_runner.py:63} INFO - Started process 12335 to run task
[2025-09-05T14:18:01.651+0000] {standard_task_runner.py:90} INFO - Running: ['***', 'tasks', 'run', 'crypto_collector_dag', 'run_crypto_collector', 'scheduled__2025-09-05T14:17:00+00:00', '--job-id', '116371', '--raw', '--subdir', 'DAGS_FOLDER/crawl_crypto/dags_crypto.py', '--cfg-path', '/tmp/tmp8dw9vs3d']
[2025-09-05T14:18:01.652+0000] {standard_task_runner.py:91} INFO - Job 116371: Subtask run_crypto_collector
[2025-09-05T14:18:01.712+0000] {task_command.py:426} INFO - Running <TaskInstance: crypto_collector_dag.run_crypto_collector scheduled__2025-09-05T14:17:00+00:00 [running]> on host d4d2fe648a81
[2025-09-05T14:18:01.816+0000] {taskinstance.py:2648} INFO - Exporting env vars: AIRFLOW_CTX_DAG_OWNER='***' AIRFLOW_CTX_DAG_ID='crypto_collector_dag' AIRFLOW_CTX_TASK_ID='run_crypto_collector' AIRFLOW_CTX_EXECUTION_DATE='2025-09-05T14:17:00+00:00' AIRFLOW_CTX_TRY_NUMBER='1' AIRFLOW_CTX_DAG_RUN_ID='scheduled__2025-09-05T14:17:00+00:00'
[2025-09-05T14:18:01.817+0000] {taskinstance.py:430} INFO - ::endgroup::
[2025-09-05T14:18:01.832+0000] {subprocess.py:63} INFO - Tmp dir root location: /tmp
[2025-09-05T14:18:01.833+0000] {subprocess.py:75} INFO - Running command: ['/usr/bin/bash', '-c', 'python3 /opt/***/dags/crawl_crypto/crawl_data_crypto.py']
[2025-09-05T14:18:01.851+0000] {subprocess.py:86} INFO - Output:
[2025-09-05T14:18:07.994+0000] {subprocess.py:93} INFO - 🔹 Kết nối DB...
[2025-09-05T14:18:07.994+0000] {subprocess.py:93} INFO - 🔹 Lấy top 100 crypto...
[2025-09-05T14:18:07.995+0000] {subprocess.py:93} INFO - Top 100: ['ETHUSDT', 'BTCUSDT', 'USDCUSDT', 'SOLUSDT', 'FDUSDUSDT', 'XRPUSDT', 'WLFIUSDT', 'DOGEUSDT', 'ENAUSDT', 'LINKUSDT', 'TRXUSDT', 'SOMIUSDT', 'ADAUSDT', 'SUIUSDT', 'BNBUSDT', 'BCHUSDT', 'REDUSDT', 'AVAXUSDT', 'PEPEUSDT', 'ARBUSDT', 'PENGUUSDT', 'AAVEUSDT', 'USD1USDT', 'UNIUSDT', 'LTCUSDT', 'SEIUSDT', 'BONKUSDT', 'WLDUSDT', 'HBARUSDT', 'BIOUSDT', 'POLUSDT', 'SYRUPUSDT', 'WIFUSDT', 'NEARUSDT', 'TRUMPUSDT', 'EURUSDT', 'ONDOUSDT', 'XLMUSDT', 'LDOUSDT', 'DOLOUSDT', 'FILUSDT', 'ETHFIUSDT', 'DOTUSDT', 'SUSDT', 'SPKUSDT', 'MITOUSDT', 'PNUTUSDT', 'PENDLEUSDT', 'CRVUSDT', 'EIGENUSDT', 'SHIBUSDT', 'PYTHUSDT', 'PAXGUSDT', 'XUSDUSDT', 'AUSDT', 'TREEUSDT', 'PARTIUSDT', 'TAOUSDT', 'ALPINEUSDT', 'TONUSDT', 'OPUSDT', 'APTUSDT', 'ETCUSDT', 'NEIROUSDT', 'TIAUSDT', 'VIRTUALUSDT', 'MKRUSDT', 'HFTUSDT', 'INJUSDT', 'FETUSDT', 'MEMEUSDT', 'GALAUSDT', 'RAYUSDT', 'QTUMUSDT', 'ICPUSDT', 'FLOKIUSDT', 'MAVUSDT', 'BERAUSDT', 'CFXUSDT', 'ATOMUSDT', 'HIFIUSDT', 'RUNEUSDT', 'ARKMUSDT', 'BFUSDUSDT', 'NMRUSDT', 'USDPUSDT', 'ARUSDT', 'JUPUSDT', 'BBUSDT', 'PLUMEUSDT', 'MANAUSDT', 'RENDERUSDT', 'FORMUSDT', 'BAKEUSDT', 'STRKUSDT', 'OMUSDT', 'VETUSDT', 'HOMEUSDT', 'ORDIUSDT', 'SHELLUSDT']
[2025-09-05T14:18:07.995+0000] {subprocess.py:93} INFO - 🔹 Lưu lịch sử giá vào DB bằng threading...
[2025-09-05T14:18:07.995+0000] {subprocess.py:93} INFO - ✅ ETHUSDT: thêm 1 dòng mới
[2025-09-05T14:18:07.995+0000] {subprocess.py:93} INFO - 1/100 ETHUSDT lưu OK
[2025-09-05T14:18:07.996+0000] {subprocess.py:93} INFO - ✅ USDCUSDT: thêm 1 dòng mới
[2025-09-05T14:18:07.996+0000] {subprocess.py:93} INFO - 2/100 USDCUSDT lưu OK
[2025-09-05T14:18:07.996+0000] {subprocess.py:93} INFO - ✅ BTCUSDT: thêm 1 dòng mới
[2025-09-05T14:18:07.996+0000] {subprocess.py:93} INFO - 3/100 BTCUSDT lưu OK
[2025-09-05T14:18:07.997+0000] {subprocess.py:93} INFO - ✅ LINKUSDT: thêm 1 dòng mới
[2025-09-05T14:18:07.997+0000] {subprocess.py:93} INFO - ✅ ENAUSDT: thêm 1 dòng mới
[2025-09-05T14:18:07.997+0000] {subprocess.py:93} INFO - 4/100 LINKUSDT lưu OK
[2025-09-05T14:18:07.997+0000] {subprocess.py:93} INFO - 5/100 ENAUSDT lưu OK
[2025-09-05T14:18:07.997+0000] {subprocess.py:93} INFO - ✅ FDUSDUSDT: thêm 1 dòng mới
[2025-09-05T14:18:07.998+0000] {subprocess.py:93} INFO - 6/100 FDUSDUSDT lưu OK
[2025-09-05T14:18:07.998+0000] {subprocess.py:93} INFO - ✅ SOLUSDT: thêm 1 dòng mới
[2025-09-05T14:18:07.998+0000] {subprocess.py:93} INFO - 7/100 SOLUSDT lưu OK
[2025-09-05T14:18:07.998+0000] {subprocess.py:93} INFO - ✅ DOGEUSDT: thêm 1 dòng mới
[2025-09-05T14:18:07.998+0000] {subprocess.py:93} INFO - 8/100 DOGEUSDT lưu OK
[2025-09-05T14:18:07.999+0000] {subprocess.py:93} INFO - 9/100 WLFIUSDT lỗi: relation "cryptocurrency.wlfiusdt" does not exist
[2025-09-05T14:18:07.999+0000] {subprocess.py:93} INFO - LINE 1: SELECT MAX(time) FROM cryptocurrency.wlfiusdt;
[2025-09-05T14:18:07.999+0000] {subprocess.py:93} INFO -                               ^
[2025-09-05T14:18:07.999+0000] {subprocess.py:93} INFO - 
[2025-09-05T14:18:07.999+0000] {subprocess.py:93} INFO - ✅ XRPUSDT: thêm 1 dòng mới
[2025-09-05T14:18:08.000+0000] {subprocess.py:93} INFO - 10/100 XRPUSDT lưu OK
[2025-09-05T14:18:08.000+0000] {subprocess.py:93} INFO - ✅ TRXUSDT: thêm 1 dòng mới
[2025-09-05T14:18:08.000+0000] {subprocess.py:93} INFO - 11/100 TRXUSDT lưu OK
[2025-09-05T14:18:08.000+0000] {subprocess.py:93} INFO - 12/100 SOMIUSDT lỗi: relation "cryptocurrency.somiusdt" does not exist
[2025-09-05T14:18:08.000+0000] {subprocess.py:93} INFO - LINE 1: SELECT MAX(time) FROM cryptocurrency.somiusdt;
[2025-09-05T14:18:08.001+0000] {subprocess.py:93} INFO -                               ^
[2025-09-05T14:18:08.001+0000] {subprocess.py:93} INFO - 
[2025-09-05T14:18:08.001+0000] {subprocess.py:93} INFO - ✅ ADAUSDT: thêm 1 dòng mới
[2025-09-05T14:18:08.001+0000] {subprocess.py:93} INFO - 13/100 ADAUSDT lưu OK
[2025-09-05T14:18:08.001+0000] {subprocess.py:93} INFO - ✅ BNBUSDT: thêm 1 dòng mới
[2025-09-05T14:18:08.002+0000] {subprocess.py:93} INFO - 14/100 BNBUSDT lưu OK
[2025-09-05T14:18:08.002+0000] {subprocess.py:93} INFO - ✅ SUIUSDT: thêm 1 dòng mới
[2025-09-05T14:18:08.002+0000] {subprocess.py:93} INFO - 15/100 SUIUSDT lưu OK
[2025-09-05T14:18:08.002+0000] {subprocess.py:93} INFO - ✅ AVAXUSDT: thêm 1 dòng mới
[2025-09-05T14:18:08.002+0000] {subprocess.py:93} INFO - 16/100 REDUSDT lỗi: relation "cryptocurrency.redusdt" does not exist
[2025-09-05T14:18:08.003+0000] {subprocess.py:93} INFO - LINE 1: SELECT MAX(time) FROM cryptocurrency.redusdt;
[2025-09-05T14:18:08.003+0000] {subprocess.py:93} INFO -                               ^
[2025-09-05T14:18:08.003+0000] {subprocess.py:93} INFO - 
[2025-09-05T14:18:08.003+0000] {subprocess.py:93} INFO - 17/100 AVAXUSDT lưu OK
[2025-09-05T14:18:08.003+0000] {subprocess.py:93} INFO - ✅ BCHUSDT: thêm 1 dòng mới
[2025-09-05T14:18:08.004+0000] {subprocess.py:93} INFO - 18/100 BCHUSDT lưu OK
[2025-09-05T14:18:08.004+0000] {subprocess.py:93} INFO - ✅ ARBUSDT: thêm 1 dòng mới
[2025-09-05T14:18:08.004+0000] {subprocess.py:93} INFO - 19/100 ARBUSDT lưu OK
[2025-09-05T14:18:08.004+0000] {subprocess.py:93} INFO - ✅ PEPEUSDT: thêm 1 dòng mới
[2025-09-05T14:18:08.004+0000] {subprocess.py:93} INFO - 20/100 PEPEUSDT lưu OK
[2025-09-05T14:18:08.005+0000] {subprocess.py:93} INFO - ✅ PENGUUSDT: thêm 1 dòng mới
[2025-09-05T14:18:08.005+0000] {subprocess.py:93} INFO - 21/100 PENGUUSDT lưu OK
[2025-09-05T14:18:08.005+0000] {subprocess.py:93} INFO - ✅ AAVEUSDT: thêm 1 dòng mới
[2025-09-05T14:18:08.005+0000] {subprocess.py:93} INFO - 22/100 AAVEUSDT lưu OK
[2025-09-05T14:18:08.005+0000] {subprocess.py:93} INFO - 23/100 USD1USDT lỗi: relation "cryptocurrency.usd1usdt" does not exist
[2025-09-05T14:18:08.006+0000] {subprocess.py:93} INFO - LINE 1: SELECT MAX(time) FROM cryptocurrency.usd1usdt;
[2025-09-05T14:18:08.006+0000] {subprocess.py:93} INFO -                               ^
[2025-09-05T14:18:08.006+0000] {subprocess.py:93} INFO - 
[2025-09-05T14:18:08.006+0000] {subprocess.py:93} INFO - ✅ UNIUSDT: thêm 1 dòng mới
[2025-09-05T14:18:08.006+0000] {subprocess.py:93} INFO - 24/100 UNIUSDT lưu OK
[2025-09-05T14:18:08.007+0000] {subprocess.py:93} INFO - ✅ LTCUSDT: thêm 1 dòng mới
[2025-09-05T14:18:08.007+0000] {subprocess.py:93} INFO - 25/100 LTCUSDT lưu OK
[2025-09-05T14:18:08.007+0000] {subprocess.py:93} INFO - ✅ SEIUSDT: thêm 1 dòng mới
[2025-09-05T14:18:08.007+0000] {subprocess.py:93} INFO - ✅ BONKUSDT: thêm 1 dòng mới
[2025-09-05T14:18:08.007+0000] {subprocess.py:93} INFO - 26/100 SEIUSDT lưu OK
[2025-09-05T14:18:08.008+0000] {subprocess.py:93} INFO - 27/100 BONKUSDT lưu OK
[2025-09-05T14:18:08.008+0000] {subprocess.py:93} INFO - ✅ WLDUSDT: thêm 1 dòng mới
[2025-09-05T14:18:08.008+0000] {subprocess.py:93} INFO - 28/100 WLDUSDT lưu OK
[2025-09-05T14:18:08.008+0000] {subprocess.py:93} INFO - 29/100 BIOUSDT lỗi: relation "cryptocurrency.biousdt" does not exist
[2025-09-05T14:18:08.008+0000] {subprocess.py:93} INFO - LINE 1: SELECT MAX(time) FROM cryptocurrency.biousdt;
[2025-09-05T14:18:08.008+0000] {subprocess.py:93} INFO -                               ^
[2025-09-05T14:18:08.009+0000] {subprocess.py:93} INFO - 
[2025-09-05T14:18:08.009+0000] {subprocess.py:93} INFO - ✅ HBARUSDT: thêm 1 dòng mới
[2025-09-05T14:18:08.009+0000] {subprocess.py:93} INFO - 30/100 HBARUSDT lưu OK
[2025-09-05T14:18:08.009+0000] {subprocess.py:93} INFO - ✅ POLUSDT: thêm 1 dòng mới
[2025-09-05T14:18:08.009+0000] {subprocess.py:93} INFO - 31/100 POLUSDT lưu OK
[2025-09-05T14:18:08.010+0000] {subprocess.py:93} INFO - ✅ WIFUSDT: thêm 1 dòng mới
[2025-09-05T14:18:08.010+0000] {subprocess.py:93} INFO - 32/100 WIFUSDT lưu OK
[2025-09-05T14:18:08.010+0000] {subprocess.py:93} INFO - ✅ SYRUPUSDT: thêm 1 dòng mới
[2025-09-05T14:18:08.010+0000] {subprocess.py:93} INFO - 33/100 SYRUPUSDT lưu OK
[2025-09-05T14:18:08.010+0000] {subprocess.py:93} INFO - ✅ NEARUSDT: thêm 1 dòng mới
[2025-09-05T14:18:08.011+0000] {subprocess.py:93} INFO - 34/100 NEARUSDT lưu OK
[2025-09-05T14:18:08.011+0000] {subprocess.py:93} INFO - ✅ ONDOUSDT: thêm 1 dòng mới
[2025-09-05T14:18:08.011+0000] {subprocess.py:93} INFO - 35/100 ONDOUSDT lưu OK
[2025-09-05T14:18:08.011+0000] {subprocess.py:93} INFO - ✅ TRUMPUSDT: thêm 1 dòng mới
[2025-09-05T14:18:08.011+0000] {subprocess.py:93} INFO - 36/100 TRUMPUSDT lưu OK
[2025-09-05T14:18:08.012+0000] {subprocess.py:93} INFO - ✅ EURUSDT: thêm 1 dòng mới
[2025-09-05T14:18:08.012+0000] {subprocess.py:93} INFO - 37/100 EURUSDT lưu OK
[2025-09-05T14:18:08.012+0000] {subprocess.py:93} INFO - ✅ LDOUSDT: thêm 1 dòng mới
[2025-09-05T14:18:08.012+0000] {subprocess.py:93} INFO - 38/100 LDOUSDT lưu OK
[2025-09-05T14:18:08.012+0000] {subprocess.py:93} INFO - ✅ FILUSDT: thêm 1 dòng mới
[2025-09-05T14:18:08.013+0000] {subprocess.py:93} INFO - ✅ XLMUSDT: thêm 1 dòng mới
[2025-09-05T14:18:08.013+0000] {subprocess.py:93} INFO - 39/100 FILUSDT lưu OK
[2025-09-05T14:18:08.013+0000] {subprocess.py:93} INFO - 40/100 XLMUSDT lưu OK
[2025-09-05T14:18:08.013+0000] {subprocess.py:93} INFO - 41/100 DOLOUSDT lỗi: relation "cryptocurrency.dolousdt" does not exist
[2025-09-05T14:18:08.013+0000] {subprocess.py:93} INFO - LINE 1: SELECT MAX(time) FROM cryptocurrency.dolousdt;
[2025-09-05T14:18:08.014+0000] {subprocess.py:93} INFO -                               ^
[2025-09-05T14:18:08.014+0000] {subprocess.py:93} INFO - 
[2025-09-05T14:18:08.014+0000] {subprocess.py:93} INFO - ✅ DOTUSDT: thêm 1 dòng mới
[2025-09-05T14:18:08.014+0000] {subprocess.py:93} INFO - 42/100 DOTUSDT lưu OK
[2025-09-05T14:18:08.014+0000] {subprocess.py:93} INFO - ✅ ETHFIUSDT: thêm 1 dòng mới
[2025-09-05T14:18:08.015+0000] {subprocess.py:93} INFO - 43/100 ETHFIUSDT lưu OK
[2025-09-05T14:18:08.015+0000] {subprocess.py:93} INFO - ✅ SUSDT: thêm 1 dòng mới
[2025-09-05T14:18:08.015+0000] {subprocess.py:93} INFO - 44/100 SUSDT lưu OK
[2025-09-05T14:18:08.015+0000] {subprocess.py:93} INFO - 45/100 PAXGUSDT lỗi: relation "cryptocurrency.paxgusdt" does not exist
[2025-09-05T14:18:08.015+0000] {subprocess.py:93} INFO - LINE 1: SELECT MAX(time) FROM cryptocurrency.paxgusdt;
[2025-09-05T14:18:08.015+0000] {subprocess.py:93} INFO -                               ^
[2025-09-05T14:18:08.016+0000] {subprocess.py:93} INFO - 
[2025-09-05T14:18:08.016+0000] {subprocess.py:93} INFO - 46/100 MITOUSDT lỗi: relation "cryptocurrency.mitousdt" does not exist
[2025-09-05T14:18:08.016+0000] {subprocess.py:93} INFO - LINE 1: SELECT MAX(time) FROM cryptocurrency.mitousdt;
[2025-09-05T14:18:08.016+0000] {subprocess.py:93} INFO -                               ^
[2025-09-05T14:18:08.016+0000] {subprocess.py:93} INFO - 
[2025-09-05T14:18:08.017+0000] {subprocess.py:93} INFO - ✅ PNUTUSDT: thêm 1 dòng mới
[2025-09-05T14:18:08.017+0000] {subprocess.py:93} INFO - ✅ PENDLEUSDT: thêm 1 dòng mới
[2025-09-05T14:18:08.017+0000] {subprocess.py:93} INFO - ✅ SHIBUSDT: thêm 1 dòng mới
[2025-09-05T14:18:08.017+0000] {subprocess.py:93} INFO - ✅ XUSDUSDT: thêm 1 dòng mới
[2025-09-05T14:18:08.017+0000] {subprocess.py:93} INFO - ✅ SPKUSDT: thêm 1 dòng mới
[2025-09-05T14:18:08.018+0000] {subprocess.py:93} INFO - 47/100 PNUTUSDT lưu OK
[2025-09-05T14:18:08.018+0000] {subprocess.py:93} INFO - 48/100 PENDLEUSDT lưu OK
[2025-09-05T14:18:08.018+0000] {subprocess.py:93} INFO - 49/100 PYTHUSDT lỗi: relation "cryptocurrency.pythusdt" does not exist
[2025-09-05T14:18:08.018+0000] {subprocess.py:93} INFO - LINE 1: SELECT MAX(time) FROM cryptocurrency.pythusdt;
[2025-09-05T14:18:08.018+0000] {subprocess.py:93} INFO -                               ^
[2025-09-05T14:18:08.019+0000] {subprocess.py:93} INFO - 
[2025-09-05T14:18:08.019+0000] {subprocess.py:93} INFO - 50/100 XUSDUSDT lưu OK
[2025-09-05T14:18:08.019+0000] {subprocess.py:93} INFO - 51/100 SHIBUSDT lưu OK
[2025-09-05T14:18:08.019+0000] {subprocess.py:93} INFO - 52/100 SPKUSDT lưu OK
[2025-09-05T14:18:08.019+0000] {subprocess.py:93} INFO - ✅ CRVUSDT: thêm 1 dòng mới
[2025-09-05T14:18:08.020+0000] {subprocess.py:93} INFO - ✅ EIGENUSDT: thêm 1 dòng mới
[2025-09-05T14:18:08.020+0000] {subprocess.py:93} INFO - 53/100 CRVUSDT lưu OK
[2025-09-05T14:18:08.020+0000] {subprocess.py:93} INFO - 54/100 EIGENUSDT lưu OK
[2025-09-05T14:18:08.020+0000] {subprocess.py:93} INFO - ✅ NEIROUSDT: thêm 1 dòng mới
[2025-09-05T14:18:08.020+0000] {subprocess.py:93} INFO - 55/100 NEIROUSDT lưu OK
[2025-09-05T14:18:08.021+0000] {subprocess.py:93} INFO - 56/100 TREEUSDT lỗi: relation "cryptocurrency.treeusdt" does not exist
[2025-09-05T14:18:08.021+0000] {subprocess.py:93} INFO - LINE 1: SELECT MAX(time) FROM cryptocurrency.treeusdt;
[2025-09-05T14:18:08.021+0000] {subprocess.py:93} INFO -                               ^
[2025-09-05T14:18:08.021+0000] {subprocess.py:93} INFO - 
[2025-09-05T14:18:08.021+0000] {subprocess.py:93} INFO - ✅ ALPINEUSDT: thêm 1 dòng mới
[2025-09-05T14:18:08.021+0000] {subprocess.py:93} INFO - 57/100 ALPINEUSDT lưu OK
[2025-09-05T14:18:08.022+0000] {subprocess.py:93} INFO - ✅ APTUSDT: thêm 1 dòng mới
[2025-09-05T14:18:08.022+0000] {subprocess.py:93} INFO - 58/100 APTUSDT lưu OK
[2025-09-05T14:18:08.022+0000] {subprocess.py:93} INFO - 59/100 AUSDT lỗi: relation "cryptocurrency.ausdt" does not exist
[2025-09-05T14:18:08.022+0000] {subprocess.py:93} INFO - LINE 1: SELECT MAX(time) FROM cryptocurrency.ausdt;
[2025-09-05T14:18:08.022+0000] {subprocess.py:93} INFO -                               ^
[2025-09-05T14:18:08.023+0000] {subprocess.py:93} INFO - 
[2025-09-05T14:18:08.023+0000] {subprocess.py:93} INFO - 60/100 PARTIUSDT lỗi: relation "cryptocurrency.partiusdt" does not exist
[2025-09-05T14:18:08.023+0000] {subprocess.py:93} INFO - LINE 1: SELECT MAX(time) FROM cryptocurrency.partiusdt;
[2025-09-05T14:18:08.023+0000] {subprocess.py:93} INFO -                               ^
[2025-09-05T14:18:08.023+0000] {subprocess.py:93} INFO - 
[2025-09-05T14:18:08.024+0000] {subprocess.py:93} INFO - ✅ ETCUSDT: thêm 1 dòng mới
[2025-09-05T14:18:08.024+0000] {subprocess.py:93} INFO - 61/100 ETCUSDT lưu OK
[2025-09-05T14:18:08.024+0000] {subprocess.py:93} INFO - ✅ TAOUSDT: thêm 1 dòng mới
[2025-09-05T14:18:08.024+0000] {subprocess.py:93} INFO - 62/100 TAOUSDT lưu OK
[2025-09-05T14:18:08.024+0000] {subprocess.py:93} INFO - ✅ TONUSDT: thêm 1 dòng mới
[2025-09-05T14:18:08.025+0000] {subprocess.py:93} INFO - 63/100 TONUSDT lưu OK
[2025-09-05T14:18:08.025+0000] {subprocess.py:93} INFO - ✅ OPUSDT: thêm 1 dòng mới
[2025-09-05T14:18:08.025+0000] {subprocess.py:93} INFO - 64/100 OPUSDT lưu OK
[2025-09-05T14:18:08.025+0000] {subprocess.py:93} INFO - 65/100 HFTUSDT lỗi: relation "cryptocurrency.hftusdt" does not exist
[2025-09-05T14:18:08.025+0000] {subprocess.py:93} INFO - LINE 1: SELECT MAX(time) FROM cryptocurrency.hftusdt;
[2025-09-05T14:18:08.026+0000] {subprocess.py:93} INFO -                               ^
[2025-09-05T14:18:08.026+0000] {subprocess.py:93} INFO - 
[2025-09-05T14:18:08.026+0000] {subprocess.py:93} INFO - ✅ RAYUSDT: thêm 1 dòng mới
[2025-09-05T14:18:08.026+0000] {subprocess.py:93} INFO - 66/100 RAYUSDT lưu OK
[2025-09-05T14:18:08.026+0000] {subprocess.py:93} INFO - ✅ VIRTUALUSDT: thêm 1 dòng mới
[2025-09-05T14:18:08.027+0000] {subprocess.py:93} INFO - 67/100 VIRTUALUSDT lưu OK
[2025-09-05T14:18:08.027+0000] {subprocess.py:93} INFO - ✅ TIAUSDT: thêm 1 dòng mới
[2025-09-05T14:18:08.027+0000] {subprocess.py:93} INFO - 68/100 TIAUSDT lưu OK
[2025-09-05T14:18:08.027+0000] {subprocess.py:93} INFO - 69/100 MKRUSDT lỗi: relation "cryptocurrency.mkrusdt" does not exist
[2025-09-05T14:18:08.027+0000] {subprocess.py:93} INFO - LINE 1: SELECT MAX(time) FROM cryptocurrency.mkrusdt;
[2025-09-05T14:18:08.028+0000] {subprocess.py:93} INFO -                               ^
[2025-09-05T14:18:08.028+0000] {subprocess.py:93} INFO - 
[2025-09-05T14:18:08.028+0000] {subprocess.py:93} INFO - ✅ FETUSDT: thêm 1 dòng mới
[2025-09-05T14:18:08.028+0000] {subprocess.py:93} INFO - 70/100 FETUSDT lưu OK
[2025-09-05T14:18:08.028+0000] {subprocess.py:93} INFO - 71/100 MEMEUSDT lỗi: relation "cryptocurrency.memeusdt" does not exist
[2025-09-05T14:18:08.029+0000] {subprocess.py:93} INFO - LINE 1: SELECT MAX(time) FROM cryptocurrency.memeusdt;
[2025-09-05T14:18:08.029+0000] {subprocess.py:93} INFO -                               ^
[2025-09-05T14:18:08.029+0000] {subprocess.py:93} INFO - 
[2025-09-05T14:18:08.029+0000] {subprocess.py:93} INFO - 72/100 QTUMUSDT lỗi: relation "cryptocurrency.qtumusdt" does not exist
[2025-09-05T14:18:08.029+0000] {subprocess.py:93} INFO - LINE 1: SELECT MAX(time) FROM cryptocurrency.qtumusdt;
[2025-09-05T14:18:08.030+0000] {subprocess.py:93} INFO -                               ^
[2025-09-05T14:18:08.030+0000] {subprocess.py:93} INFO - 
[2025-09-05T14:18:08.030+0000] {subprocess.py:93} INFO - ✅ GALAUSDT: thêm 1 dòng mới
[2025-09-05T14:18:08.030+0000] {subprocess.py:93} INFO - 73/100 GALAUSDT lưu OK
[2025-09-05T14:18:08.030+0000] {subprocess.py:93} INFO - ✅ INJUSDT: thêm 1 dòng mới
[2025-09-05T14:18:08.031+0000] {subprocess.py:93} INFO - 74/100 INJUSDT lưu OK
[2025-09-05T14:18:08.031+0000] {subprocess.py:93} INFO - ✅ ICPUSDT: thêm 1 dòng mới
[2025-09-05T14:18:08.031+0000] {subprocess.py:93} INFO - 75/100 ICPUSDT lưu OK
[2025-09-05T14:18:08.031+0000] {subprocess.py:93} INFO - ✅ FLOKIUSDT: thêm 1 dòng mới
[2025-09-05T14:18:08.031+0000] {subprocess.py:93} INFO - 76/100 FLOKIUSDT lưu OK
[2025-09-05T14:18:08.032+0000] {subprocess.py:93} INFO - ✅ MAVUSDT: thêm 1 dòng mới
[2025-09-05T14:18:08.032+0000] {subprocess.py:93} INFO - 77/100 MAVUSDT lưu OK
[2025-09-05T14:18:08.032+0000] {subprocess.py:93} INFO - ✅ BERAUSDT: thêm 1 dòng mới
[2025-09-05T14:18:08.032+0000] {subprocess.py:93} INFO - 78/100 BERAUSDT lưu OK
[2025-09-05T14:18:08.032+0000] {subprocess.py:93} INFO - ✅ CFXUSDT: thêm 1 dòng mới
[2025-09-05T14:18:08.033+0000] {subprocess.py:93} INFO - 79/100 CFXUSDT lưu OK
[2025-09-05T14:18:08.033+0000] {subprocess.py:93} INFO - 80/100 RUNEUSDT lỗi: relation "cryptocurrency.runeusdt" does not exist
[2025-09-05T14:18:08.033+0000] {subprocess.py:93} INFO - LINE 1: SELECT MAX(time) FROM cryptocurrency.runeusdt;
[2025-09-05T14:18:08.033+0000] {subprocess.py:93} INFO -                               ^
[2025-09-05T14:18:08.033+0000] {subprocess.py:93} INFO - 
[2025-09-05T14:18:08.033+0000] {subprocess.py:93} INFO - ✅ ARKMUSDT: thêm 1 dòng mới
[2025-09-05T14:18:08.034+0000] {subprocess.py:93} INFO - 81/100 ARKMUSDT lưu OK
[2025-09-05T14:18:08.034+0000] {subprocess.py:93} INFO - 82/100 ATOMUSDT lỗi: relation "cryptocurrency.atomusdt" does not exist
[2025-09-05T14:18:08.034+0000] {subprocess.py:93} INFO - LINE 1: SELECT MAX(time) FROM cryptocurrency.atomusdt;
[2025-09-05T14:18:08.034+0000] {subprocess.py:93} INFO -                               ^
[2025-09-05T14:18:08.034+0000] {subprocess.py:93} INFO - 
[2025-09-05T14:18:08.035+0000] {subprocess.py:93} INFO - 83/100 HIFIUSDT lỗi: relation "cryptocurrency.hifiusdt" does not exist
[2025-09-05T14:18:08.035+0000] {subprocess.py:93} INFO - LINE 1: SELECT MAX(time) FROM cryptocurrency.hifiusdt;
[2025-09-05T14:18:08.035+0000] {subprocess.py:93} INFO -                               ^
[2025-09-05T14:18:08.035+0000] {subprocess.py:93} INFO - 
[2025-09-05T14:18:08.035+0000] {subprocess.py:93} INFO - 84/100 NMRUSDT lỗi: relation "cryptocurrency.nmrusdt" does not exist
[2025-09-05T14:18:08.036+0000] {subprocess.py:93} INFO - LINE 1: SELECT MAX(time) FROM cryptocurrency.nmrusdt;
[2025-09-05T14:18:08.036+0000] {subprocess.py:93} INFO -                               ^
[2025-09-05T14:18:08.036+0000] {subprocess.py:93} INFO - 
[2025-09-05T14:18:08.036+0000] {subprocess.py:93} INFO - ✅ BFUSDUSDT: thêm 1 dòng mới
[2025-09-05T14:18:08.562+0000] {subprocess.py:93} INFO - 85/100 BFUSDUSDT lưu OK
[2025-09-05T14:18:08.562+0000] {subprocess.py:93} INFO - 86/100 USDPUSDT lỗi: relation "cryptocurrency.usdpusdt" does not exist
[2025-09-05T14:18:08.563+0000] {subprocess.py:93} INFO - LINE 1: SELECT MAX(time) FROM cryptocurrency.usdpusdt;
[2025-09-05T14:18:08.563+0000] {subprocess.py:93} INFO -                               ^
[2025-09-05T14:18:08.563+0000] {subprocess.py:93} INFO - 
[2025-09-05T14:18:08.563+0000] {subprocess.py:93} INFO - ✅ ARUSDT: thêm 1 dòng mới
[2025-09-05T14:18:08.564+0000] {subprocess.py:93} INFO - 87/100 ARUSDT lưu OK
[2025-09-05T14:18:08.564+0000] {subprocess.py:93} INFO - 88/100 BBUSDT lỗi: relation "cryptocurrency.bbusdt" does not exist
[2025-09-05T14:18:08.564+0000] {subprocess.py:93} INFO - LINE 1: SELECT MAX(time) FROM cryptocurrency.bbusdt;
[2025-09-05T14:18:08.564+0000] {subprocess.py:93} INFO -                               ^
[2025-09-05T14:18:08.564+0000] {subprocess.py:93} INFO - 
[2025-09-05T14:18:08.565+0000] {subprocess.py:93} INFO - 89/100 JUPUSDT lỗi: relation "cryptocurrency.jupusdt" does not exist
[2025-09-05T14:18:08.565+0000] {subprocess.py:93} INFO - LINE 1: SELECT MAX(time) FROM cryptocurrency.jupusdt;
[2025-09-05T14:18:08.565+0000] {subprocess.py:93} INFO -                               ^
[2025-09-05T14:18:08.565+0000] {subprocess.py:93} INFO - 
[2025-09-05T14:18:08.565+0000] {subprocess.py:93} INFO - 90/100 PLUMEUSDT lỗi: relation "cryptocurrency.plumeusdt" does not exist
[2025-09-05T14:18:08.566+0000] {subprocess.py:93} INFO - LINE 1: SELECT MAX(time) FROM cryptocurrency.plumeusdt;
[2025-09-05T14:18:08.566+0000] {subprocess.py:93} INFO -                               ^
[2025-09-05T14:18:08.566+0000] {subprocess.py:93} INFO - 
[2025-09-05T14:18:08.566+0000] {subprocess.py:93} INFO - ✅ RENDERUSDT: thêm 1 dòng mới
[2025-09-05T14:18:08.566+0000] {subprocess.py:93} INFO - 91/100 RENDERUSDT lưu OK
[2025-09-05T14:18:08.567+0000] {subprocess.py:93} INFO - 92/100 FORMUSDT lỗi: relation "cryptocurrency.formusdt" does not exist
[2025-09-05T14:18:08.567+0000] {subprocess.py:93} INFO - LINE 1: SELECT MAX(time) FROM cryptocurrency.formusdt;
[2025-09-05T14:18:08.567+0000] {subprocess.py:93} INFO -                               ^
[2025-09-05T14:18:08.567+0000] {subprocess.py:93} INFO - 
[2025-09-05T14:18:08.567+0000] {subprocess.py:93} INFO - 93/100 BAKEUSDT lỗi: relation "cryptocurrency.bakeusdt" does not exist
[2025-09-05T14:18:08.568+0000] {subprocess.py:93} INFO - LINE 1: SELECT MAX(time) FROM cryptocurrency.bakeusdt;
[2025-09-05T14:18:08.568+0000] {subprocess.py:93} INFO -                               ^
[2025-09-05T14:18:08.568+0000] {subprocess.py:93} INFO - 
[2025-09-05T14:18:08.568+0000] {subprocess.py:93} INFO - 94/100 MANAUSDT lỗi: relation "cryptocurrency.manausdt" does not exist
[2025-09-05T14:18:08.568+0000] {subprocess.py:93} INFO - LINE 1: SELECT MAX(time) FROM cryptocurrency.manausdt;
[2025-09-05T14:18:08.569+0000] {subprocess.py:93} INFO -                               ^
[2025-09-05T14:18:08.569+0000] {subprocess.py:93} INFO - 
[2025-09-05T14:18:08.569+0000] {subprocess.py:93} INFO - ✅ OMUSDT: thêm 1 dòng mới
[2025-09-05T14:18:08.569+0000] {subprocess.py:93} INFO - 95/100 OMUSDT lưu OK
[2025-09-05T14:18:08.569+0000] {subprocess.py:93} INFO - 96/100 STRKUSDT lỗi: relation "cryptocurrency.strkusdt" does not exist
[2025-09-05T14:18:08.570+0000] {subprocess.py:93} INFO - LINE 1: SELECT MAX(time) FROM cryptocurrency.strkusdt;
[2025-09-05T14:18:08.570+0000] {subprocess.py:93} INFO -                               ^
[2025-09-05T14:18:08.570+0000] {subprocess.py:93} INFO - 
[2025-09-05T14:18:08.570+0000] {subprocess.py:93} INFO - 97/100 HOMEUSDT lỗi: relation "cryptocurrency.homeusdt" does not exist
[2025-09-05T14:18:08.570+0000] {subprocess.py:93} INFO - LINE 1: SELECT MAX(time) FROM cryptocurrency.homeusdt;
[2025-09-05T14:18:08.571+0000] {subprocess.py:93} INFO -                               ^
[2025-09-05T14:18:08.571+0000] {subprocess.py:93} INFO - 
[2025-09-05T14:18:08.571+0000] {subprocess.py:93} INFO - ✅ ORDIUSDT: thêm 1 dòng mới
[2025-09-05T14:18:08.571+0000] {subprocess.py:93} INFO - 98/100 ORDIUSDT lưu OK
[2025-09-05T14:18:08.571+0000] {subprocess.py:93} INFO - 99/100 VETUSDT lỗi: relation "cryptocurrency.vetusdt" does not exist
[2025-09-05T14:18:08.572+0000] {subprocess.py:93} INFO - LINE 1: SELECT MAX(time) FROM cryptocurrency.vetusdt;
[2025-09-05T14:18:08.572+0000] {subprocess.py:93} INFO -                               ^
[2025-09-05T14:18:08.572+0000] {subprocess.py:93} INFO - 
[2025-09-05T14:18:08.572+0000] {subprocess.py:93} INFO - 100/100 SHELLUSDT lỗi: relation "cryptocurrency.shellusdt" does not exist
[2025-09-05T14:18:08.573+0000] {subprocess.py:93} INFO - LINE 1: SELECT MAX(time) FROM cryptocurrency.shellusdt;
[2025-09-05T14:18:08.573+0000] {subprocess.py:93} INFO -                               ^
[2025-09-05T14:18:08.573+0000] {subprocess.py:93} INFO - 
[2025-09-05T14:18:08.692+0000] {subprocess.py:97} INFO - Command exited with return code 0
[2025-09-05T14:18:08.693+0000] {taskinstance.py:441} INFO - ::group::Post task execution logs
[2025-09-05T14:18:08.729+0000] {taskinstance.py:1206} INFO - Marking task as SUCCESS. dag_id=crypto_collector_dag, task_id=run_crypto_collector, run_id=scheduled__2025-09-05T14:17:00+00:00, execution_date=20250905T141700, start_date=20250905T141801, end_date=20250905T141808
[2025-09-05T14:18:08.771+0000] {local_task_job_runner.py:240} INFO - Task exited with return code 0
[2025-09-05T14:18:08.793+0000] {taskinstance.py:3498} INFO - 0 downstream tasks scheduled from follow-on schedule check
[2025-09-05T14:18:08.794+0000] {local_task_job_runner.py:222} INFO - ::endgroup::
