[2025-08-07T07:05:25.088+0000] {local_task_job_runner.py:120} INFO - ::group::Pre task execution logs
[2025-08-07T07:05:25.132+0000] {taskinstance.py:2076} INFO - Dependencies all met for dep_context=non-requeueable deps ti=<TaskInstance: run_all_alerts_and_save_to_postgres.run_alert_macd scheduled__2025-08-06T14:50:00+00:00 [queued]>
[2025-08-07T07:05:25.146+0000] {taskinstance.py:2076} INFO - Dependencies all met for dep_context=requeueable deps ti=<TaskInstance: run_all_alerts_and_save_to_postgres.run_alert_macd scheduled__2025-08-06T14:50:00+00:00 [queued]>
[2025-08-07T07:05:25.147+0000] {taskinstance.py:2306} INFO - Starting attempt 2 of 3
[2025-08-07T07:05:25.166+0000] {taskinstance.py:2330} INFO - Executing <Task(PythonOperator): run_alert_macd> on 2025-08-06 14:50:00+00:00
[2025-08-07T07:05:25.175+0000] {standard_task_runner.py:63} INFO - Started process 136642 to run task
[2025-08-07T07:05:25.179+0000] {standard_task_runner.py:90} INFO - Running: ['***', 'tasks', 'run', 'run_all_alerts_and_save_to_postgres', 'run_alert_macd', 'scheduled__2025-08-06T14:50:00+00:00', '--job-id', '2683', '--raw', '--subdir', 'DAGS_FOLDER/alert to db/alert_all_to_postgres_dag.py', '--cfg-path', '/tmp/tmpuie8v1gs']
[2025-08-07T07:05:25.180+0000] {standard_task_runner.py:91} INFO - Job 2683: Subtask run_alert_macd
[2025-08-07T07:05:25.235+0000] {task_command.py:426} INFO - Running <TaskInstance: run_all_alerts_and_save_to_postgres.run_alert_macd scheduled__2025-08-06T14:50:00+00:00 [running]> on host 1877907bc043
[2025-08-07T07:05:25.323+0000] {taskinstance.py:2648} INFO - Exporting env vars: AIRFLOW_CTX_DAG_OWNER='alert_system' AIRFLOW_CTX_DAG_ID='run_all_alerts_and_save_to_postgres' AIRFLOW_CTX_TASK_ID='run_alert_macd' AIRFLOW_CTX_EXECUTION_DATE='2025-08-06T14:50:00+00:00' AIRFLOW_CTX_TRY_NUMBER='2' AIRFLOW_CTX_DAG_RUN_ID='scheduled__2025-08-06T14:50:00+00:00'
[2025-08-07T07:05:25.324+0000] {taskinstance.py:430} INFO - ::endgroup::
[2025-08-07T07:05:25.430+0000] {taskinstance.py:441} INFO - ::group::Post task execution logs
[2025-08-07T07:05:25.430+0000] {taskinstance.py:2905} ERROR - Task failed with exception
Traceback (most recent call last):
  File "/home/airflow/.local/lib/python3.10/site-packages/airflow/models/taskinstance.py", line 465, in _execute_task
    result = _execute_callable(context=context, **execute_callable_kwargs)
  File "/home/airflow/.local/lib/python3.10/site-packages/airflow/models/taskinstance.py", line 432, in _execute_callable
    return execute_callable(context=context, **execute_callable_kwargs)
  File "/home/airflow/.local/lib/python3.10/site-packages/airflow/models/baseoperator.py", line 400, in wrapper
    return func(self, *args, **kwargs)
  File "/home/airflow/.local/lib/python3.10/site-packages/airflow/operators/python.py", line 235, in execute
    return_value = self.execute_callable()
  File "/home/airflow/.local/lib/python3.10/site-packages/airflow/operators/python.py", line 252, in execute_callable
    return self.python_callable(*self.op_args, **self.op_kwargs)
  File "/opt/airflow/dags/alert to db/alert_all_to_postgres_dag.py", line 40, in run_alert_script
    result = subprocess.run(['python', script_path], check=True, capture_output=True, text=True)
  File "/usr/local/lib/python3.10/subprocess.py", line 526, in run
    raise CalledProcessError(retcode, process.args,
subprocess.CalledProcessError: Command '['python', '/opt/airflow/dags/alert_scripts/Alert_MACD.py']' returned non-zero exit status 2.
[2025-08-07T07:05:25.443+0000] {taskinstance.py:1206} INFO - Marking task as UP_FOR_RETRY. dag_id=run_all_alerts_and_save_to_postgres, task_id=run_alert_macd, run_id=scheduled__2025-08-06T14:50:00+00:00, execution_date=20250806T145000, start_date=20250807T070525, end_date=20250807T070525
[2025-08-07T07:05:25.460+0000] {standard_task_runner.py:110} ERROR - Failed to execute job 2683 for task run_alert_macd (Command '['python', '/opt/airflow/dags/alert_scripts/Alert_MACD.py']' returned non-zero exit status 2.; 136642)
[2025-08-07T07:05:25.512+0000] {local_task_job_runner.py:240} INFO - Task exited with return code 1
[2025-08-07T07:05:25.553+0000] {taskinstance.py:3498} INFO - 0 downstream tasks scheduled from follow-on schedule check
[2025-08-07T07:05:25.555+0000] {local_task_job_runner.py:222} INFO - ::endgroup::
[2025-08-07T07:11:29.354+0000] {local_task_job_runner.py:120} INFO - ::group::Pre task execution logs
[2025-08-07T07:11:29.381+0000] {taskinstance.py:2076} INFO - Dependencies all met for dep_context=non-requeueable deps ti=<TaskInstance: run_all_alerts_and_save_to_postgres.run_alert_macd scheduled__2025-08-06T14:50:00+00:00 [queued]>
[2025-08-07T07:11:29.390+0000] {taskinstance.py:2076} INFO - Dependencies all met for dep_context=requeueable deps ti=<TaskInstance: run_all_alerts_and_save_to_postgres.run_alert_macd scheduled__2025-08-06T14:50:00+00:00 [queued]>
[2025-08-07T07:11:29.390+0000] {taskinstance.py:2306} INFO - Starting attempt 2 of 3
[2025-08-07T07:11:29.402+0000] {taskinstance.py:2330} INFO - Executing <Task(PythonOperator): run_alert_macd> on 2025-08-06 14:50:00+00:00
[2025-08-07T07:11:29.409+0000] {standard_task_runner.py:63} INFO - Started process 136771 to run task
[2025-08-07T07:11:29.413+0000] {standard_task_runner.py:90} INFO - Running: ['***', 'tasks', 'run', 'run_all_alerts_and_save_to_postgres', 'run_alert_macd', 'scheduled__2025-08-06T14:50:00+00:00', '--job-id', '2699', '--raw', '--subdir', 'DAGS_FOLDER/alert to db/alert_all_to_postgres_dag.py', '--cfg-path', '/tmp/tmpixavh3an']
[2025-08-07T07:11:29.414+0000] {standard_task_runner.py:91} INFO - Job 2699: Subtask run_alert_macd
[2025-08-07T07:11:29.470+0000] {task_command.py:426} INFO - Running <TaskInstance: run_all_alerts_and_save_to_postgres.run_alert_macd scheduled__2025-08-06T14:50:00+00:00 [running]> on host 1877907bc043
[2025-08-07T07:11:29.563+0000] {taskinstance.py:2648} INFO - Exporting env vars: AIRFLOW_CTX_DAG_OWNER='alert_system' AIRFLOW_CTX_DAG_ID='run_all_alerts_and_save_to_postgres' AIRFLOW_CTX_TASK_ID='run_alert_macd' AIRFLOW_CTX_EXECUTION_DATE='2025-08-06T14:50:00+00:00' AIRFLOW_CTX_TRY_NUMBER='2' AIRFLOW_CTX_DAG_RUN_ID='scheduled__2025-08-06T14:50:00+00:00'
[2025-08-07T07:11:29.564+0000] {taskinstance.py:430} INFO - ::endgroup::
[2025-08-07T07:11:29.691+0000] {taskinstance.py:441} INFO - ::group::Post task execution logs
[2025-08-07T07:11:29.692+0000] {taskinstance.py:2905} ERROR - Task failed with exception
Traceback (most recent call last):
  File "/home/airflow/.local/lib/python3.10/site-packages/airflow/models/taskinstance.py", line 465, in _execute_task
    result = _execute_callable(context=context, **execute_callable_kwargs)
  File "/home/airflow/.local/lib/python3.10/site-packages/airflow/models/taskinstance.py", line 432, in _execute_callable
    return execute_callable(context=context, **execute_callable_kwargs)
  File "/home/airflow/.local/lib/python3.10/site-packages/airflow/models/baseoperator.py", line 400, in wrapper
    return func(self, *args, **kwargs)
  File "/home/airflow/.local/lib/python3.10/site-packages/airflow/operators/python.py", line 235, in execute
    return_value = self.execute_callable()
  File "/home/airflow/.local/lib/python3.10/site-packages/airflow/operators/python.py", line 252, in execute_callable
    return self.python_callable(*self.op_args, **self.op_kwargs)
  File "/opt/airflow/dags/alert to db/alert_all_to_postgres_dag.py", line 40, in run_alert_script
    result = subprocess.run(['python', script_path], check=True, capture_output=True, text=True)
  File "/usr/local/lib/python3.10/subprocess.py", line 526, in run
    raise CalledProcessError(retcode, process.args,
subprocess.CalledProcessError: Command '['python', '/opt/airflow/dags/alert_scripts/Alert_MACD.py']' returned non-zero exit status 2.
[2025-08-07T07:11:29.702+0000] {taskinstance.py:1206} INFO - Marking task as UP_FOR_RETRY. dag_id=run_all_alerts_and_save_to_postgres, task_id=run_alert_macd, run_id=scheduled__2025-08-06T14:50:00+00:00, execution_date=20250806T145000, start_date=20250807T071129, end_date=20250807T071129
[2025-08-07T07:11:29.715+0000] {standard_task_runner.py:110} ERROR - Failed to execute job 2699 for task run_alert_macd (Command '['python', '/opt/airflow/dags/alert_scripts/Alert_MACD.py']' returned non-zero exit status 2.; 136771)
[2025-08-07T07:11:29.745+0000] {local_task_job_runner.py:240} INFO - Task exited with return code 1
[2025-08-07T07:11:29.765+0000] {taskinstance.py:3498} INFO - 0 downstream tasks scheduled from follow-on schedule check
[2025-08-07T07:11:29.766+0000] {local_task_job_runner.py:222} INFO - ::endgroup::
[2025-08-07T07:30:46.026+0000] {local_task_job_runner.py:120} INFO - ::group::Pre task execution logs
[2025-08-07T07:30:46.062+0000] {taskinstance.py:2076} INFO - Dependencies all met for dep_context=non-requeueable deps ti=<TaskInstance: run_all_alerts_and_save_to_postgres.run_alert_macd scheduled__2025-08-06T14:50:00+00:00 [queued]>
[2025-08-07T07:30:46.071+0000] {taskinstance.py:2076} INFO - Dependencies all met for dep_context=requeueable deps ti=<TaskInstance: run_all_alerts_and_save_to_postgres.run_alert_macd scheduled__2025-08-06T14:50:00+00:00 [queued]>
[2025-08-07T07:30:46.071+0000] {taskinstance.py:2306} INFO - Starting attempt 2 of 3
[2025-08-07T07:30:46.085+0000] {taskinstance.py:2330} INFO - Executing <Task(PythonOperator): run_alert_macd> on 2025-08-06 14:50:00+00:00
[2025-08-07T07:30:46.091+0000] {standard_task_runner.py:63} INFO - Started process 137082 to run task
[2025-08-07T07:30:46.094+0000] {standard_task_runner.py:90} INFO - Running: ['***', 'tasks', 'run', 'run_all_alerts_and_save_to_postgres', 'run_alert_macd', 'scheduled__2025-08-06T14:50:00+00:00', '--job-id', '2724', '--raw', '--subdir', 'DAGS_FOLDER/alert to db/alert_all_to_postgres_dag.py', '--cfg-path', '/tmp/tmprlsu5xry']
[2025-08-07T07:30:46.096+0000] {standard_task_runner.py:91} INFO - Job 2724: Subtask run_alert_macd
[2025-08-07T07:30:46.146+0000] {task_command.py:426} INFO - Running <TaskInstance: run_all_alerts_and_save_to_postgres.run_alert_macd scheduled__2025-08-06T14:50:00+00:00 [running]> on host 1877907bc043
[2025-08-07T07:30:46.228+0000] {taskinstance.py:2648} INFO - Exporting env vars: AIRFLOW_CTX_DAG_OWNER='alert_system' AIRFLOW_CTX_DAG_ID='run_all_alerts_and_save_to_postgres' AIRFLOW_CTX_TASK_ID='run_alert_macd' AIRFLOW_CTX_EXECUTION_DATE='2025-08-06T14:50:00+00:00' AIRFLOW_CTX_TRY_NUMBER='2' AIRFLOW_CTX_DAG_RUN_ID='scheduled__2025-08-06T14:50:00+00:00'
[2025-08-07T07:30:46.229+0000] {taskinstance.py:430} INFO - ::endgroup::
[2025-08-07T07:30:46.330+0000] {taskinstance.py:441} INFO - ::group::Post task execution logs
[2025-08-07T07:30:46.331+0000] {taskinstance.py:2905} ERROR - Task failed with exception
Traceback (most recent call last):
  File "/home/airflow/.local/lib/python3.10/site-packages/airflow/models/taskinstance.py", line 465, in _execute_task
    result = _execute_callable(context=context, **execute_callable_kwargs)
  File "/home/airflow/.local/lib/python3.10/site-packages/airflow/models/taskinstance.py", line 432, in _execute_callable
    return execute_callable(context=context, **execute_callable_kwargs)
  File "/home/airflow/.local/lib/python3.10/site-packages/airflow/models/baseoperator.py", line 400, in wrapper
    return func(self, *args, **kwargs)
  File "/home/airflow/.local/lib/python3.10/site-packages/airflow/operators/python.py", line 235, in execute
    return_value = self.execute_callable()
  File "/home/airflow/.local/lib/python3.10/site-packages/airflow/operators/python.py", line 252, in execute_callable
    return self.python_callable(*self.op_args, **self.op_kwargs)
  File "/opt/airflow/dags/alert to db/alert_all_to_postgres_dag.py", line 40, in run_alert_script
    result = subprocess.run(['python', script_path], check=True, capture_output=True, text=True)
  File "/usr/local/lib/python3.10/subprocess.py", line 526, in run
    raise CalledProcessError(retcode, process.args,
subprocess.CalledProcessError: Command '['python', '/opt/airflow/dags/alert_scripts/Alert_MACD.py']' returned non-zero exit status 2.
[2025-08-07T07:30:46.342+0000] {taskinstance.py:1206} INFO - Marking task as UP_FOR_RETRY. dag_id=run_all_alerts_and_save_to_postgres, task_id=run_alert_macd, run_id=scheduled__2025-08-06T14:50:00+00:00, execution_date=20250806T145000, start_date=20250807T073046, end_date=20250807T073046
[2025-08-07T07:30:46.354+0000] {standard_task_runner.py:110} ERROR - Failed to execute job 2724 for task run_alert_macd (Command '['python', '/opt/airflow/dags/alert_scripts/Alert_MACD.py']' returned non-zero exit status 2.; 137082)
[2025-08-07T07:30:46.387+0000] {local_task_job_runner.py:240} INFO - Task exited with return code 1
[2025-08-07T07:30:46.409+0000] {taskinstance.py:3498} INFO - 0 downstream tasks scheduled from follow-on schedule check
[2025-08-07T07:30:46.410+0000] {local_task_job_runner.py:222} INFO - ::endgroup::
[2025-08-07T07:42:01.464+0000] {local_task_job_runner.py:120} INFO - ::group::Pre task execution logs
[2025-08-07T07:42:01.493+0000] {taskinstance.py:2076} INFO - Dependencies all met for dep_context=non-requeueable deps ti=<TaskInstance: run_all_alerts_and_save_to_postgres.run_alert_macd scheduled__2025-08-06T14:50:00+00:00 [queued]>
[2025-08-07T07:42:01.502+0000] {taskinstance.py:2076} INFO - Dependencies all met for dep_context=requeueable deps ti=<TaskInstance: run_all_alerts_and_save_to_postgres.run_alert_macd scheduled__2025-08-06T14:50:00+00:00 [queued]>
[2025-08-07T07:42:01.502+0000] {taskinstance.py:2306} INFO - Starting attempt 2 of 3
[2025-08-07T07:42:01.517+0000] {taskinstance.py:2330} INFO - Executing <Task(PythonOperator): run_alert_macd> on 2025-08-06 14:50:00+00:00
[2025-08-07T07:42:01.523+0000] {standard_task_runner.py:63} INFO - Started process 137288 to run task
[2025-08-07T07:42:01.527+0000] {standard_task_runner.py:90} INFO - Running: ['***', 'tasks', 'run', 'run_all_alerts_and_save_to_postgres', 'run_alert_macd', 'scheduled__2025-08-06T14:50:00+00:00', '--job-id', '2745', '--raw', '--subdir', 'DAGS_FOLDER/alert to db/alert_all_to_postgres_dag.py', '--cfg-path', '/tmp/tmpa3tabvd_']
[2025-08-07T07:42:01.528+0000] {standard_task_runner.py:91} INFO - Job 2745: Subtask run_alert_macd
[2025-08-07T07:42:01.585+0000] {task_command.py:426} INFO - Running <TaskInstance: run_all_alerts_and_save_to_postgres.run_alert_macd scheduled__2025-08-06T14:50:00+00:00 [running]> on host 1877907bc043
[2025-08-07T07:42:01.675+0000] {taskinstance.py:2648} INFO - Exporting env vars: AIRFLOW_CTX_DAG_OWNER='alert_system' AIRFLOW_CTX_DAG_ID='run_all_alerts_and_save_to_postgres' AIRFLOW_CTX_TASK_ID='run_alert_macd' AIRFLOW_CTX_EXECUTION_DATE='2025-08-06T14:50:00+00:00' AIRFLOW_CTX_TRY_NUMBER='2' AIRFLOW_CTX_DAG_RUN_ID='scheduled__2025-08-06T14:50:00+00:00'
[2025-08-07T07:42:01.676+0000] {taskinstance.py:430} INFO - ::endgroup::
[2025-08-07T07:42:01.782+0000] {logging_mixin.py:188} INFO - [ERROR] Alert_MACD.py failed:
python: can't open file '/www/server/***/dags/alert to db/alert_scripts/Alert_MACD.py': [Errno 2] No such file or directory
[2025-08-07T07:42:01.783+0000] {taskinstance.py:441} INFO - ::group::Post task execution logs
[2025-08-07T07:42:01.783+0000] {taskinstance.py:2905} ERROR - Task failed with exception
Traceback (most recent call last):
  File "/home/airflow/.local/lib/python3.10/site-packages/airflow/models/taskinstance.py", line 465, in _execute_task
    result = _execute_callable(context=context, **execute_callable_kwargs)
  File "/home/airflow/.local/lib/python3.10/site-packages/airflow/models/taskinstance.py", line 432, in _execute_callable
    return execute_callable(context=context, **execute_callable_kwargs)
  File "/home/airflow/.local/lib/python3.10/site-packages/airflow/models/baseoperator.py", line 400, in wrapper
    return func(self, *args, **kwargs)
  File "/home/airflow/.local/lib/python3.10/site-packages/airflow/operators/python.py", line 235, in execute
    return_value = self.execute_callable()
  File "/home/airflow/.local/lib/python3.10/site-packages/airflow/operators/python.py", line 252, in execute_callable
    return self.python_callable(*self.op_args, **self.op_kwargs)
  File "/opt/airflow/dags/alert to db/alert_all_to_postgres_dag.py", line 40, in run_alert_script
    result = subprocess.run(['python', script_path], check=True, capture_output=True, text=True)
  File "/usr/local/lib/python3.10/subprocess.py", line 526, in run
    raise CalledProcessError(retcode, process.args,
subprocess.CalledProcessError: Command '['python', '/www/server/airflow/dags/alert to db/alert_scripts/Alert_MACD.py']' returned non-zero exit status 2.
[2025-08-07T07:42:01.796+0000] {taskinstance.py:1206} INFO - Marking task as UP_FOR_RETRY. dag_id=run_all_alerts_and_save_to_postgres, task_id=run_alert_macd, run_id=scheduled__2025-08-06T14:50:00+00:00, execution_date=20250806T145000, start_date=20250807T074201, end_date=20250807T074201
[2025-08-07T07:42:01.811+0000] {standard_task_runner.py:110} ERROR - Failed to execute job 2745 for task run_alert_macd (Command '['python', '/www/server/airflow/dags/alert to db/alert_scripts/Alert_MACD.py']' returned non-zero exit status 2.; 137288)
[2025-08-07T07:42:01.859+0000] {local_task_job_runner.py:240} INFO - Task exited with return code 1
[2025-08-07T07:42:01.877+0000] {taskinstance.py:3498} INFO - 0 downstream tasks scheduled from follow-on schedule check
[2025-08-07T07:42:01.878+0000] {local_task_job_runner.py:222} INFO - ::endgroup::
[2025-08-07T07:47:42.476+0000] {local_task_job_runner.py:120} INFO - ::group::Pre task execution logs
[2025-08-07T07:47:42.502+0000] {taskinstance.py:2076} INFO - Dependencies all met for dep_context=non-requeueable deps ti=<TaskInstance: run_all_alerts_and_save_to_postgres.run_alert_macd scheduled__2025-08-06T14:50:00+00:00 [queued]>
[2025-08-07T07:47:42.512+0000] {taskinstance.py:2076} INFO - Dependencies all met for dep_context=requeueable deps ti=<TaskInstance: run_all_alerts_and_save_to_postgres.run_alert_macd scheduled__2025-08-06T14:50:00+00:00 [queued]>
[2025-08-07T07:47:42.512+0000] {taskinstance.py:2306} INFO - Starting attempt 2 of 3
[2025-08-07T07:47:42.528+0000] {taskinstance.py:2330} INFO - Executing <Task(PythonOperator): run_alert_macd> on 2025-08-06 14:50:00+00:00
[2025-08-07T07:47:42.536+0000] {standard_task_runner.py:63} INFO - Started process 137410 to run task
[2025-08-07T07:47:42.540+0000] {standard_task_runner.py:90} INFO - Running: ['***', 'tasks', 'run', 'run_all_alerts_and_save_to_postgres', 'run_alert_macd', 'scheduled__2025-08-06T14:50:00+00:00', '--job-id', '2760', '--raw', '--subdir', 'DAGS_FOLDER/alert to db/alert_all_to_postgres_dag.py', '--cfg-path', '/tmp/tmpe5mytdml']
[2025-08-07T07:47:42.542+0000] {standard_task_runner.py:91} INFO - Job 2760: Subtask run_alert_macd
[2025-08-07T07:47:42.596+0000] {task_command.py:426} INFO - Running <TaskInstance: run_all_alerts_and_save_to_postgres.run_alert_macd scheduled__2025-08-06T14:50:00+00:00 [running]> on host 1877907bc043
[2025-08-07T07:47:42.688+0000] {taskinstance.py:2648} INFO - Exporting env vars: AIRFLOW_CTX_DAG_OWNER='alert_system' AIRFLOW_CTX_DAG_ID='run_all_alerts_and_save_to_postgres' AIRFLOW_CTX_TASK_ID='run_alert_macd' AIRFLOW_CTX_EXECUTION_DATE='2025-08-06T14:50:00+00:00' AIRFLOW_CTX_TRY_NUMBER='2' AIRFLOW_CTX_DAG_RUN_ID='scheduled__2025-08-06T14:50:00+00:00'
[2025-08-07T07:47:42.689+0000] {taskinstance.py:430} INFO - ::endgroup::
[2025-08-07T07:47:42.702+0000] {logging_mixin.py:188} INFO - Running script: /www/server/***/dags/alert to db/alert_scripts/Alert_MACD.py
[2025-08-07T07:47:42.792+0000] {logging_mixin.py:188} INFO - [ERROR] Alert_MACD.py failed with stderr:
python: can't open file '/www/server/***/dags/alert to db/alert_scripts/Alert_MACD.py': [Errno 2] No such file or directory
[2025-08-07T07:47:42.792+0000] {taskinstance.py:441} INFO - ::group::Post task execution logs
[2025-08-07T07:47:42.793+0000] {taskinstance.py:2905} ERROR - Task failed with exception
Traceback (most recent call last):
  File "/home/airflow/.local/lib/python3.10/site-packages/airflow/models/taskinstance.py", line 465, in _execute_task
    result = _execute_callable(context=context, **execute_callable_kwargs)
  File "/home/airflow/.local/lib/python3.10/site-packages/airflow/models/taskinstance.py", line 432, in _execute_callable
    return execute_callable(context=context, **execute_callable_kwargs)
  File "/home/airflow/.local/lib/python3.10/site-packages/airflow/models/baseoperator.py", line 400, in wrapper
    return func(self, *args, **kwargs)
  File "/home/airflow/.local/lib/python3.10/site-packages/airflow/operators/python.py", line 235, in execute
    return_value = self.execute_callable()
  File "/home/airflow/.local/lib/python3.10/site-packages/airflow/operators/python.py", line 252, in execute_callable
    return self.python_callable(*self.op_args, **self.op_kwargs)
  File "/opt/airflow/dags/alert to db/alert_all_to_postgres_dag.py", line 41, in run_alert_script
    result = subprocess.run(
  File "/usr/local/lib/python3.10/subprocess.py", line 526, in run
    raise CalledProcessError(retcode, process.args,
subprocess.CalledProcessError: Command '['python', '/www/server/airflow/dags/alert to db/alert_scripts/Alert_MACD.py']' returned non-zero exit status 2.
[2025-08-07T07:47:42.803+0000] {taskinstance.py:1206} INFO - Marking task as UP_FOR_RETRY. dag_id=run_all_alerts_and_save_to_postgres, task_id=run_alert_macd, run_id=scheduled__2025-08-06T14:50:00+00:00, execution_date=20250806T145000, start_date=20250807T074742, end_date=20250807T074742
[2025-08-07T07:47:42.815+0000] {standard_task_runner.py:110} ERROR - Failed to execute job 2760 for task run_alert_macd (Command '['python', '/www/server/airflow/dags/alert to db/alert_scripts/Alert_MACD.py']' returned non-zero exit status 2.; 137410)
[2025-08-07T07:47:42.832+0000] {local_task_job_runner.py:240} INFO - Task exited with return code 1
[2025-08-07T07:47:42.847+0000] {local_task_job_runner.py:222} INFO - ::endgroup::
[2025-08-07T07:51:46.812+0000] {local_task_job_runner.py:120} INFO - ::group::Pre task execution logs
[2025-08-07T07:51:46.847+0000] {taskinstance.py:2076} INFO - Dependencies all met for dep_context=non-requeueable deps ti=<TaskInstance: run_all_alerts_and_save_to_postgres.run_alert_macd scheduled__2025-08-06T14:50:00+00:00 [queued]>
[2025-08-07T07:51:46.857+0000] {taskinstance.py:2076} INFO - Dependencies all met for dep_context=requeueable deps ti=<TaskInstance: run_all_alerts_and_save_to_postgres.run_alert_macd scheduled__2025-08-06T14:50:00+00:00 [queued]>
[2025-08-07T07:51:46.857+0000] {taskinstance.py:2306} INFO - Starting attempt 2 of 3
[2025-08-07T07:51:46.871+0000] {taskinstance.py:2330} INFO - Executing <Task(PythonOperator): run_alert_macd> on 2025-08-06 14:50:00+00:00
[2025-08-07T07:51:46.879+0000] {standard_task_runner.py:63} INFO - Started process 137508 to run task
[2025-08-07T07:51:46.882+0000] {standard_task_runner.py:90} INFO - Running: ['***', 'tasks', 'run', 'run_all_alerts_and_save_to_postgres', 'run_alert_macd', 'scheduled__2025-08-06T14:50:00+00:00', '--job-id', '2777', '--raw', '--subdir', 'DAGS_FOLDER/alert to db/alert_scripts/alert_all_to_postgres_dag.py', '--cfg-path', '/tmp/tmpazggmbjr']
[2025-08-07T07:51:46.884+0000] {standard_task_runner.py:91} INFO - Job 2777: Subtask run_alert_macd
[2025-08-07T07:51:46.934+0000] {task_command.py:426} INFO - Running <TaskInstance: run_all_alerts_and_save_to_postgres.run_alert_macd scheduled__2025-08-06T14:50:00+00:00 [running]> on host 1877907bc043
[2025-08-07T07:51:47.031+0000] {taskinstance.py:2648} INFO - Exporting env vars: AIRFLOW_CTX_DAG_OWNER='alert_system' AIRFLOW_CTX_DAG_ID='run_all_alerts_and_save_to_postgres' AIRFLOW_CTX_TASK_ID='run_alert_macd' AIRFLOW_CTX_EXECUTION_DATE='2025-08-06T14:50:00+00:00' AIRFLOW_CTX_TRY_NUMBER='2' AIRFLOW_CTX_DAG_RUN_ID='scheduled__2025-08-06T14:50:00+00:00'
[2025-08-07T07:51:47.032+0000] {taskinstance.py:430} INFO - ::endgroup::
[2025-08-07T07:51:47.046+0000] {logging_mixin.py:188} INFO - Running script: /www/server/***/dags/alert to db/alert_scripts/Alert_MACD.py
[2025-08-07T07:51:47.159+0000] {logging_mixin.py:188} INFO - [ERROR] Alert_MACD.py failed with stderr:
python: can't open file '/www/server/***/dags/alert to db/alert_scripts/Alert_MACD.py': [Errno 2] No such file or directory
[2025-08-07T07:51:47.159+0000] {taskinstance.py:441} INFO - ::group::Post task execution logs
[2025-08-07T07:51:47.160+0000] {taskinstance.py:2905} ERROR - Task failed with exception
Traceback (most recent call last):
  File "/home/airflow/.local/lib/python3.10/site-packages/airflow/models/taskinstance.py", line 465, in _execute_task
    result = _execute_callable(context=context, **execute_callable_kwargs)
  File "/home/airflow/.local/lib/python3.10/site-packages/airflow/models/taskinstance.py", line 432, in _execute_callable
    return execute_callable(context=context, **execute_callable_kwargs)
  File "/home/airflow/.local/lib/python3.10/site-packages/airflow/models/baseoperator.py", line 400, in wrapper
    return func(self, *args, **kwargs)
  File "/home/airflow/.local/lib/python3.10/site-packages/airflow/operators/python.py", line 235, in execute
    return_value = self.execute_callable()
  File "/home/airflow/.local/lib/python3.10/site-packages/airflow/operators/python.py", line 252, in execute_callable
    return self.python_callable(*self.op_args, **self.op_kwargs)
  File "/opt/airflow/dags/alert to db/alert_scripts/alert_all_to_postgres_dag.py", line 41, in run_alert_script
    result = subprocess.run(
  File "/usr/local/lib/python3.10/subprocess.py", line 526, in run
    raise CalledProcessError(retcode, process.args,
subprocess.CalledProcessError: Command '['python', '/www/server/airflow/dags/alert to db/alert_scripts/Alert_MACD.py']' returned non-zero exit status 2.
[2025-08-07T07:51:47.170+0000] {taskinstance.py:1206} INFO - Marking task as UP_FOR_RETRY. dag_id=run_all_alerts_and_save_to_postgres, task_id=run_alert_macd, run_id=scheduled__2025-08-06T14:50:00+00:00, execution_date=20250806T145000, start_date=20250807T075146, end_date=20250807T075147
[2025-08-07T07:51:47.181+0000] {standard_task_runner.py:110} ERROR - Failed to execute job 2777 for task run_alert_macd (Command '['python', '/www/server/airflow/dags/alert to db/alert_scripts/Alert_MACD.py']' returned non-zero exit status 2.; 137508)
[2025-08-07T07:51:47.215+0000] {local_task_job_runner.py:240} INFO - Task exited with return code 1
[2025-08-07T07:51:47.236+0000] {taskinstance.py:3498} INFO - 0 downstream tasks scheduled from follow-on schedule check
[2025-08-07T07:51:47.237+0000] {local_task_job_runner.py:222} INFO - ::endgroup::
[2025-08-07T08:16:45.545+0000] {local_task_job_runner.py:120} INFO - ::group::Pre task execution logs
[2025-08-07T08:16:45.577+0000] {taskinstance.py:2076} INFO - Dependencies all met for dep_context=non-requeueable deps ti=<TaskInstance: run_all_alerts_and_save_to_postgres.run_alert_macd scheduled__2025-08-06T14:50:00+00:00 [queued]>
[2025-08-07T08:16:45.587+0000] {taskinstance.py:2076} INFO - Dependencies all met for dep_context=requeueable deps ti=<TaskInstance: run_all_alerts_and_save_to_postgres.run_alert_macd scheduled__2025-08-06T14:50:00+00:00 [queued]>
[2025-08-07T08:16:45.588+0000] {taskinstance.py:2306} INFO - Starting attempt 2 of 3
[2025-08-07T08:16:45.603+0000] {taskinstance.py:2330} INFO - Executing <Task(PythonOperator): run_alert_macd> on 2025-08-06 14:50:00+00:00
[2025-08-07T08:16:45.611+0000] {standard_task_runner.py:63} INFO - Started process 137902 to run task
[2025-08-07T08:16:45.616+0000] {standard_task_runner.py:90} INFO - Running: ['***', 'tasks', 'run', 'run_all_alerts_and_save_to_postgres', 'run_alert_macd', 'scheduled__2025-08-06T14:50:00+00:00', '--job-id', '2797', '--raw', '--subdir', 'DAGS_FOLDER/alert_to_db/alert_all_to_postgres_dag.py', '--cfg-path', '/tmp/tmpflfkgz0o']
[2025-08-07T08:16:45.618+0000] {standard_task_runner.py:91} INFO - Job 2797: Subtask run_alert_macd
[2025-08-07T08:16:45.681+0000] {task_command.py:426} INFO - Running <TaskInstance: run_all_alerts_and_save_to_postgres.run_alert_macd scheduled__2025-08-06T14:50:00+00:00 [running]> on host 1877907bc043
[2025-08-07T08:16:45.822+0000] {taskinstance.py:2648} INFO - Exporting env vars: AIRFLOW_CTX_DAG_OWNER='alert_system' AIRFLOW_CTX_DAG_ID='run_all_alerts_and_save_to_postgres' AIRFLOW_CTX_TASK_ID='run_alert_macd' AIRFLOW_CTX_EXECUTION_DATE='2025-08-06T14:50:00+00:00' AIRFLOW_CTX_TRY_NUMBER='2' AIRFLOW_CTX_DAG_RUN_ID='scheduled__2025-08-06T14:50:00+00:00'
[2025-08-07T08:16:45.829+0000] {taskinstance.py:430} INFO - ::endgroup::
[2025-08-07T08:16:45.857+0000] {logging_mixin.py:188} INFO - Running script: /www/server/***/dags/alert to db/alert_scripts/Alert_MACD.py
[2025-08-07T08:16:45.974+0000] {logging_mixin.py:188} INFO - [ERROR] Alert_MACD.py failed with stderr:
python: can't open file '/www/server/***/dags/alert to db/alert_scripts/Alert_MACD.py': [Errno 2] No such file or directory
[2025-08-07T08:16:45.975+0000] {taskinstance.py:441} INFO - ::group::Post task execution logs
[2025-08-07T08:16:45.975+0000] {taskinstance.py:2905} ERROR - Task failed with exception
Traceback (most recent call last):
  File "/home/airflow/.local/lib/python3.10/site-packages/airflow/models/taskinstance.py", line 465, in _execute_task
    result = _execute_callable(context=context, **execute_callable_kwargs)
  File "/home/airflow/.local/lib/python3.10/site-packages/airflow/models/taskinstance.py", line 432, in _execute_callable
    return execute_callable(context=context, **execute_callable_kwargs)
  File "/home/airflow/.local/lib/python3.10/site-packages/airflow/models/baseoperator.py", line 400, in wrapper
    return func(self, *args, **kwargs)
  File "/home/airflow/.local/lib/python3.10/site-packages/airflow/operators/python.py", line 235, in execute
    return_value = self.execute_callable()
  File "/home/airflow/.local/lib/python3.10/site-packages/airflow/operators/python.py", line 252, in execute_callable
    return self.python_callable(*self.op_args, **self.op_kwargs)
  File "/opt/airflow/dags/alert_to_db/alert_all_to_postgres_dag.py", line 41, in run_alert_script
    result = subprocess.run(
  File "/usr/local/lib/python3.10/subprocess.py", line 526, in run
    raise CalledProcessError(retcode, process.args,
subprocess.CalledProcessError: Command '['python', '/www/server/airflow/dags/alert to db/alert_scripts/Alert_MACD.py']' returned non-zero exit status 2.
[2025-08-07T08:16:45.987+0000] {taskinstance.py:1206} INFO - Marking task as UP_FOR_RETRY. dag_id=run_all_alerts_and_save_to_postgres, task_id=run_alert_macd, run_id=scheduled__2025-08-06T14:50:00+00:00, execution_date=20250806T145000, start_date=20250807T081645, end_date=20250807T081645
[2025-08-07T08:16:45.999+0000] {standard_task_runner.py:110} ERROR - Failed to execute job 2797 for task run_alert_macd (Command '['python', '/www/server/airflow/dags/alert to db/alert_scripts/Alert_MACD.py']' returned non-zero exit status 2.; 137902)
[2025-08-07T08:16:46.027+0000] {local_task_job_runner.py:240} INFO - Task exited with return code 1
[2025-08-07T08:16:46.058+0000] {taskinstance.py:3498} INFO - 0 downstream tasks scheduled from follow-on schedule check
[2025-08-07T08:16:46.059+0000] {local_task_job_runner.py:222} INFO - ::endgroup::
[2025-08-07T08:59:35.746+0000] {local_task_job_runner.py:120} INFO - ::group::Pre task execution logs
[2025-08-07T08:59:35.774+0000] {taskinstance.py:2076} INFO - Dependencies all met for dep_context=non-requeueable deps ti=<TaskInstance: run_all_alerts_and_save_to_postgres.run_alert_macd scheduled__2025-08-06T14:50:00+00:00 [queued]>
[2025-08-07T08:59:35.784+0000] {taskinstance.py:2076} INFO - Dependencies all met for dep_context=requeueable deps ti=<TaskInstance: run_all_alerts_and_save_to_postgres.run_alert_macd scheduled__2025-08-06T14:50:00+00:00 [queued]>
[2025-08-07T08:59:35.784+0000] {taskinstance.py:2306} INFO - Starting attempt 2 of 3
[2025-08-07T08:59:35.798+0000] {taskinstance.py:2330} INFO - Executing <Task(PythonOperator): run_alert_macd> on 2025-08-06 14:50:00+00:00
[2025-08-07T08:59:35.805+0000] {standard_task_runner.py:63} INFO - Started process 138536 to run task
[2025-08-07T08:59:35.809+0000] {standard_task_runner.py:90} INFO - Running: ['***', 'tasks', 'run', 'run_all_alerts_and_save_to_postgres', 'run_alert_macd', 'scheduled__2025-08-06T14:50:00+00:00', '--job-id', '2826', '--raw', '--subdir', 'DAGS_FOLDER/alert_to_db/alert_all_to_postgres_dag.py', '--cfg-path', '/tmp/tmp65729daj']
[2025-08-07T08:59:35.810+0000] {standard_task_runner.py:91} INFO - Job 2826: Subtask run_alert_macd
[2025-08-07T08:59:35.863+0000] {task_command.py:426} INFO - Running <TaskInstance: run_all_alerts_and_save_to_postgres.run_alert_macd scheduled__2025-08-06T14:50:00+00:00 [running]> on host 1877907bc043
[2025-08-07T08:59:35.965+0000] {taskinstance.py:2648} INFO - Exporting env vars: AIRFLOW_CTX_DAG_OWNER='alert_system' AIRFLOW_CTX_DAG_ID='run_all_alerts_and_save_to_postgres' AIRFLOW_CTX_TASK_ID='run_alert_macd' AIRFLOW_CTX_EXECUTION_DATE='2025-08-06T14:50:00+00:00' AIRFLOW_CTX_TRY_NUMBER='2' AIRFLOW_CTX_DAG_RUN_ID='scheduled__2025-08-06T14:50:00+00:00'
[2025-08-07T08:59:35.966+0000] {taskinstance.py:430} INFO - ::endgroup::
[2025-08-07T08:59:35.983+0000] {logging_mixin.py:188} INFO - Running script: /www/server/***/dags/alert_to_db/alert_scripts/Alert_MACD.py
[2025-08-07T08:59:36.100+0000] {logging_mixin.py:188} INFO - [ERROR] Alert_MACD.py failed with stderr:
python: can't open file '/www/server/***/dags/alert_to_db/alert_scripts/Alert_MACD.py': [Errno 2] No such file or directory
[2025-08-07T08:59:36.100+0000] {taskinstance.py:441} INFO - ::group::Post task execution logs
[2025-08-07T08:59:36.101+0000] {taskinstance.py:2905} ERROR - Task failed with exception
Traceback (most recent call last):
  File "/home/airflow/.local/lib/python3.10/site-packages/airflow/models/taskinstance.py", line 465, in _execute_task
    result = _execute_callable(context=context, **execute_callable_kwargs)
  File "/home/airflow/.local/lib/python3.10/site-packages/airflow/models/taskinstance.py", line 432, in _execute_callable
    return execute_callable(context=context, **execute_callable_kwargs)
  File "/home/airflow/.local/lib/python3.10/site-packages/airflow/models/baseoperator.py", line 400, in wrapper
    return func(self, *args, **kwargs)
  File "/home/airflow/.local/lib/python3.10/site-packages/airflow/operators/python.py", line 235, in execute
    return_value = self.execute_callable()
  File "/home/airflow/.local/lib/python3.10/site-packages/airflow/operators/python.py", line 252, in execute_callable
    return self.python_callable(*self.op_args, **self.op_kwargs)
  File "/opt/airflow/dags/alert_to_db/alert_all_to_postgres_dag.py", line 41, in run_alert_script
    result = subprocess.run(
  File "/usr/local/lib/python3.10/subprocess.py", line 526, in run
    raise CalledProcessError(retcode, process.args,
subprocess.CalledProcessError: Command '['python', '/www/server/airflow/dags/alert_to_db/alert_scripts/Alert_MACD.py']' returned non-zero exit status 2.
[2025-08-07T08:59:36.111+0000] {taskinstance.py:1206} INFO - Marking task as UP_FOR_RETRY. dag_id=run_all_alerts_and_save_to_postgres, task_id=run_alert_macd, run_id=scheduled__2025-08-06T14:50:00+00:00, execution_date=20250806T145000, start_date=20250807T085935, end_date=20250807T085936
[2025-08-07T08:59:36.121+0000] {standard_task_runner.py:110} ERROR - Failed to execute job 2826 for task run_alert_macd (Command '['python', '/www/server/airflow/dags/alert_to_db/alert_scripts/Alert_MACD.py']' returned non-zero exit status 2.; 138536)
[2025-08-07T08:59:36.141+0000] {local_task_job_runner.py:240} INFO - Task exited with return code 1
[2025-08-07T08:59:36.173+0000] {taskinstance.py:3498} INFO - 0 downstream tasks scheduled from follow-on schedule check
[2025-08-07T08:59:36.174+0000] {local_task_job_runner.py:222} INFO - ::endgroup::
