[2025-09-01T10:26:28.694+0000] {local_task_job_runner.py:120} INFO - ::group::Pre task execution logs
[2025-09-01T10:26:28.719+0000] {taskinstance.py:2076} INFO - Dependencies all met for dep_context=non-requeueable deps ti=<TaskInstance: market_table_foreign.activity_ALL scheduled__2025-08-31T17:24:00+00:00 [queued]>
[2025-09-01T10:26:28.727+0000] {taskinstance.py:2076} INFO - Dependencies all met for dep_context=requeueable deps ti=<TaskInstance: market_table_foreign.activity_ALL scheduled__2025-08-31T17:24:00+00:00 [queued]>
[2025-09-01T10:26:28.727+0000] {taskinstance.py:2306} INFO - Starting attempt 1 of 11
[2025-09-01T10:26:28.740+0000] {taskinstance.py:2330} INFO - Executing <Task(PythonOperator): activity_ALL> on 2025-08-31 17:24:00+00:00
[2025-09-01T10:26:28.748+0000] {standard_task_runner.py:63} INFO - Started process 2318357 to run task
[2025-09-01T10:26:28.752+0000] {standard_task_runner.py:90} INFO - Running: ['***', 'tasks', 'run', 'market_table_foreign', 'activity_ALL', 'scheduled__2025-08-31T17:24:00+00:00', '--job-id', '42249', '--raw', '--subdir', 'DAGS_FOLDER/dag_market_live.py', '--cfg-path', '/tmp/tmp5w0zdqnx']
[2025-09-01T10:26:28.755+0000] {standard_task_runner.py:91} INFO - Job 42249: Subtask activity_ALL
[2025-09-01T10:26:28.811+0000] {task_command.py:426} INFO - Running <TaskInstance: market_table_foreign.activity_ALL scheduled__2025-08-31T17:24:00+00:00 [running]> on host 1877907bc043
[2025-09-01T10:26:28.905+0000] {taskinstance.py:2648} INFO - Exporting env vars: AIRFLOW_CTX_DAG_OWNER='***' AIRFLOW_CTX_DAG_ID='market_table_foreign' AIRFLOW_CTX_TASK_ID='activity_ALL' AIRFLOW_CTX_EXECUTION_DATE='2025-08-31T17:24:00+00:00' AIRFLOW_CTX_TRY_NUMBER='1' AIRFLOW_CTX_DAG_RUN_ID='scheduled__2025-08-31T17:24:00+00:00'
[2025-09-01T10:26:28.906+0000] {taskinstance.py:430} INFO - ::endgroup::
[2025-09-01T10:26:28.920+0000] {activity_ALL.py:17} INFO - Kết nối DB
[2025-09-01T10:26:29.395+0000] {activity_ALL.py:53} INFO - Đã lưu activity_ALL
[2025-09-01T10:26:29.396+0000] {python.py:237} INFO - Done. Returned value was: None
[2025-09-01T10:26:29.396+0000] {taskinstance.py:441} INFO - ::group::Post task execution logs
[2025-09-01T10:26:29.406+0000] {taskinstance.py:1206} INFO - Marking task as SUCCESS. dag_id=market_table_foreign, task_id=activity_ALL, run_id=scheduled__2025-08-31T17:24:00+00:00, execution_date=20250831T172400, start_date=20250901T102628, end_date=20250901T102629
[2025-09-01T10:26:29.446+0000] {local_task_job_runner.py:240} INFO - Task exited with return code 0
[2025-09-01T10:26:29.462+0000] {local_task_job_runner.py:222} INFO - ::endgroup::
[2025-09-01T10:27:35.097+0000] {local_task_job_runner.py:120} INFO - ::group::Pre task execution logs
[2025-09-01T10:27:35.122+0000] {taskinstance.py:2076} INFO - Dependencies all met for dep_context=non-requeueable deps ti=<TaskInstance: market_table_foreign.activity_ALL scheduled__2025-08-31T17:24:00+00:00 [queued]>
[2025-09-01T10:27:35.131+0000] {taskinstance.py:2076} INFO - Dependencies all met for dep_context=requeueable deps ti=<TaskInstance: market_table_foreign.activity_ALL scheduled__2025-08-31T17:24:00+00:00 [queued]>
[2025-09-01T10:27:35.131+0000] {taskinstance.py:2306} INFO - Starting attempt 1 of 11
[2025-09-01T10:27:35.142+0000] {taskinstance.py:2330} INFO - Executing <Task(PythonOperator): activity_ALL> on 2025-08-31 17:24:00+00:00
[2025-09-01T10:27:35.150+0000] {standard_task_runner.py:63} INFO - Started process 2319158 to run task
[2025-09-01T10:27:35.154+0000] {standard_task_runner.py:90} INFO - Running: ['***', 'tasks', 'run', 'market_table_foreign', 'activity_ALL', 'scheduled__2025-08-31T17:24:00+00:00', '--job-id', '42492', '--raw', '--subdir', 'DAGS_FOLDER/dag_market_live.py', '--cfg-path', '/tmp/tmpdho8f8dn']
[2025-09-01T10:27:35.157+0000] {standard_task_runner.py:91} INFO - Job 42492: Subtask activity_ALL
[2025-09-01T10:27:35.205+0000] {task_command.py:426} INFO - Running <TaskInstance: market_table_foreign.activity_ALL scheduled__2025-08-31T17:24:00+00:00 [running]> on host 1877907bc043
[2025-09-01T10:27:35.298+0000] {taskinstance.py:2648} INFO - Exporting env vars: AIRFLOW_CTX_DAG_OWNER='***' AIRFLOW_CTX_DAG_ID='market_table_foreign' AIRFLOW_CTX_TASK_ID='activity_ALL' AIRFLOW_CTX_EXECUTION_DATE='2025-08-31T17:24:00+00:00' AIRFLOW_CTX_TRY_NUMBER='1' AIRFLOW_CTX_DAG_RUN_ID='scheduled__2025-08-31T17:24:00+00:00'
[2025-09-01T10:27:35.299+0000] {taskinstance.py:430} INFO - ::endgroup::
[2025-09-01T10:27:35.314+0000] {activity_ALL.py:17} INFO - Kết nối DB
[2025-09-01T10:27:35.746+0000] {activity_ALL.py:53} INFO - Đã lưu activity_ALL
[2025-09-01T10:27:35.747+0000] {python.py:237} INFO - Done. Returned value was: None
[2025-09-01T10:27:35.749+0000] {taskinstance.py:441} INFO - ::group::Post task execution logs
[2025-09-01T10:27:35.763+0000] {taskinstance.py:1206} INFO - Marking task as SUCCESS. dag_id=market_table_foreign, task_id=activity_ALL, run_id=scheduled__2025-08-31T17:24:00+00:00, execution_date=20250831T172400, start_date=20250901T102735, end_date=20250901T102735
[2025-09-01T10:27:35.807+0000] {local_task_job_runner.py:240} INFO - Task exited with return code 0
[2025-09-01T10:27:35.839+0000] {taskinstance.py:3498} INFO - 0 downstream tasks scheduled from follow-on schedule check
[2025-09-01T10:27:35.841+0000] {local_task_job_runner.py:222} INFO - ::endgroup::
