[2025-08-24T03:36:00.735+0000] {local_task_job_runner.py:120} INFO - ::group::Pre task execution logs
[2025-08-24T03:36:00.763+0000] {taskinstance.py:2076} INFO - Dependencies all met for dep_context=non-requeueable deps ti=<TaskInstance: crypto_collector_dag.run_crypto_collector scheduled__2025-08-24T03:35:00+00:00 [queued]>
[2025-08-24T03:36:00.772+0000] {taskinstance.py:2076} INFO - Dependencies all met for dep_context=requeueable deps ti=<TaskInstance: crypto_collector_dag.run_crypto_collector scheduled__2025-08-24T03:35:00+00:00 [queued]>
[2025-08-24T03:36:00.772+0000] {taskinstance.py:2306} INFO - Starting attempt 1 of 2
[2025-08-24T03:36:00.784+0000] {taskinstance.py:2330} INFO - Executing <Task(BashOperator): run_crypto_collector> on 2025-08-24 03:35:00+00:00
[2025-08-24T03:36:00.791+0000] {standard_task_runner.py:63} INFO - Started process 1001186 to run task
[2025-08-24T03:36:00.797+0000] {standard_task_runner.py:90} INFO - Running: ['***', 'tasks', 'run', 'crypto_collector_dag', 'run_crypto_collector', 'scheduled__2025-08-24T03:35:00+00:00', '--job-id', '21004', '--raw', '--subdir', 'DAGS_FOLDER/crawl_crypto/dags_crypto.py', '--cfg-path', '/tmp/tmpcqica2_w']
[2025-08-24T03:36:00.798+0000] {standard_task_runner.py:91} INFO - Job 21004: Subtask run_crypto_collector
[2025-08-24T03:36:00.852+0000] {task_command.py:426} INFO - Running <TaskInstance: crypto_collector_dag.run_crypto_collector scheduled__2025-08-24T03:35:00+00:00 [running]> on host 1877907bc043
[2025-08-24T03:36:00.959+0000] {taskinstance.py:2648} INFO - Exporting env vars: AIRFLOW_CTX_DAG_OWNER='***' AIRFLOW_CTX_DAG_ID='crypto_collector_dag' AIRFLOW_CTX_TASK_ID='run_crypto_collector' AIRFLOW_CTX_EXECUTION_DATE='2025-08-24T03:35:00+00:00' AIRFLOW_CTX_TRY_NUMBER='1' AIRFLOW_CTX_DAG_RUN_ID='scheduled__2025-08-24T03:35:00+00:00'
[2025-08-24T03:36:00.960+0000] {taskinstance.py:430} INFO - ::endgroup::
[2025-08-24T03:36:00.987+0000] {subprocess.py:63} INFO - Tmp dir root location: /tmp
[2025-08-24T03:36:00.988+0000] {subprocess.py:75} INFO - Running command: ['/usr/bin/bash', '-c', 'python3 /opt/***/dags/crawl_crypto/crawl_data_crypto.py']
[2025-08-24T03:36:01.004+0000] {subprocess.py:86} INFO - Output:
[2025-08-24T03:36:06.797+0000] {subprocess.py:93} INFO - 🔹 Kết nối DB...
[2025-08-24T03:36:06.798+0000] {subprocess.py:93} INFO - 🔹 Lấy top 100 crypto...
[2025-08-24T03:36:06.798+0000] {subprocess.py:93} INFO - Top 100: ['ETHUSDT', 'USDCUSDT', 'BTCUSDT', 'SOLUSDT', 'FDUSDUSDT', 'XRPUSDT', 'DOGEUSDT', 'BNBUSDT', 'LINKUSDT', 'AVAXUSDT', 'AAVEUSDT', 'ADAUSDT', 'SUIUSDT', 'ENAUSDT', 'TRXUSDT', 'PEPEUSDT', 'MEMEUSDT', 'ARBUSDT', 'BIOUSDT', 'BOMEUSDT', 'UNIUSDT', 'PENGUUSDT', 'TRUMPUSDT', 'LTCUSDT', 'SEIUSDT', 'WIFUSDT', 'WCTUSDT', 'PLUMEUSDT', 'BERAUSDT', 'DOTUSDT', 'OPUSDT', 'DOGSUSDT', 'LDOUSDT', 'PENDLEUSDT', 'RAYUSDT', 'WLDUSDT', 'BONKUSDT', 'HBARUSDT', 'AEURUSDT', 'XLMUSDT', 'ETCUSDT', 'BCHUSDT', 'ETHFIUSDT', 'ONDOUSDT', 'UMAUSDT', 'NEIROUSDT', 'APTUSDT', 'TONUSDT', 'CRVUSDT', '1000SATSUSDT', 'BANDUSDT', 'PNUTUSDT', 'NEARUSDT', 'SUSDT', 'FILUSDT', 'SHIBUSDT', 'TIAUSDT', 'GALAUSDT', 'FLOKIUSDT', 'SYRUPUSDT', 'SPELLUSDT', 'SHELLUSDT', 'TAOUSDT', 'BBUSDT', 'POLUSDT', 'FORTHUSDT', 'EIGENUSDT', 'TKOUSDT', 'OGUSDT', 'ATOMUSDT', 'ORDIUSDT', 'RADUSDT', 'MKRUSDT', 'EURUSDT', 'USUALUSDT', 'QTUMUSDT', 'JUPUSDT', 'PEOPLEUSDT', 'VIRTUALUSDT', 'VETUSDT', 'API3USDT', 'ASRUSDT', 'CFXUSDT', 'MAVUSDT', 'SKLUSDT', 'KERNELUSDT', 'SNXUSDT', 'FETUSDT', 'MUBARAKUSDT', 'INJUSDT', 'ZKUSDT', 'CAKEUSDT', 'ACTUSDT', 'ICPUSDT', 'SPKUSDT', 'AUCTIONUSDT', 'CYBERUSDT', 'JTOUSDT', 'STRKUSDT', 'RENDERUSDT']
[2025-08-24T03:36:06.799+0000] {subprocess.py:93} INFO - 🔹 Lưu lịch sử giá vào DB bằng threading...
[2025-08-24T03:36:06.799+0000] {subprocess.py:93} INFO - ✅ USDCUSDT: thêm 1 dòng mới
[2025-08-24T03:36:06.799+0000] {subprocess.py:93} INFO - ✅ LINKUSDT: thêm 1 dòng mới
[2025-08-24T03:36:06.799+0000] {subprocess.py:93} INFO - 1/100 USDCUSDT lưu OK
[2025-08-24T03:36:06.800+0000] {subprocess.py:93} INFO - 2/100 LINKUSDT lưu OK
[2025-08-24T03:36:06.800+0000] {subprocess.py:93} INFO - ✅ FDUSDUSDT: thêm 1 dòng mới
[2025-08-24T03:36:06.800+0000] {subprocess.py:93} INFO - 3/100 FDUSDUSDT lưu OK
[2025-08-24T03:36:06.800+0000] {subprocess.py:93} INFO - ✅ BTCUSDT: thêm 1 dòng mới
[2025-08-24T03:36:06.801+0000] {subprocess.py:93} INFO - 4/100 BTCUSDT lưu OK
[2025-08-24T03:36:06.801+0000] {subprocess.py:93} INFO - ✅ SOLUSDT: thêm 1 dòng mới
[2025-08-24T03:36:06.801+0000] {subprocess.py:93} INFO - 5/100 SOLUSDT lưu OK
[2025-08-24T03:36:06.801+0000] {subprocess.py:93} INFO - ✅ BNBUSDT: thêm 1 dòng mới
[2025-08-24T03:36:06.801+0000] {subprocess.py:93} INFO - 6/100 BNBUSDT lưu OK
[2025-08-24T03:36:06.802+0000] {subprocess.py:93} INFO - ✅ AVAXUSDT: thêm 1 dòng mới
[2025-08-24T03:36:06.802+0000] {subprocess.py:93} INFO - 7/100 AVAXUSDT lưu OK
[2025-08-24T03:36:06.802+0000] {subprocess.py:93} INFO - ✅ DOGEUSDT: thêm 1 dòng mới
[2025-08-24T03:36:06.802+0000] {subprocess.py:93} INFO - 8/100 DOGEUSDT lưu OK
[2025-08-24T03:36:06.803+0000] {subprocess.py:93} INFO - ✅ XRPUSDT: thêm 1 dòng mới
[2025-08-24T03:36:06.803+0000] {subprocess.py:93} INFO - 9/100 XRPUSDT lưu OK
[2025-08-24T03:36:06.803+0000] {subprocess.py:93} INFO - ✅ ETHUSDT: thêm 1 dòng mới
[2025-08-24T03:36:06.803+0000] {subprocess.py:93} INFO - 10/100 ETHUSDT lưu OK
[2025-08-24T03:36:06.803+0000] {subprocess.py:93} INFO - ✅ AAVEUSDT: thêm 1 dòng mới
[2025-08-24T03:36:06.804+0000] {subprocess.py:93} INFO - 11/100 AAVEUSDT lưu OK
[2025-08-24T03:36:06.804+0000] {subprocess.py:93} INFO - ✅ ADAUSDT: thêm 1 dòng mới
[2025-08-24T03:36:06.804+0000] {subprocess.py:93} INFO - 12/100 ADAUSDT lưu OK
[2025-08-24T03:36:06.804+0000] {subprocess.py:93} INFO - ✅ SUIUSDT: thêm 1 dòng mới
[2025-08-24T03:36:06.805+0000] {subprocess.py:93} INFO - 13/100 SUIUSDT lưu OK
[2025-08-24T03:36:06.805+0000] {subprocess.py:93} INFO - ✅ ENAUSDT: thêm 1 dòng mới
[2025-08-24T03:36:06.805+0000] {subprocess.py:93} INFO - 14/100 ENAUSDT lưu OK
[2025-08-24T03:36:06.805+0000] {subprocess.py:93} INFO - ✅ ARBUSDT: thêm 1 dòng mới
[2025-08-24T03:36:06.805+0000] {subprocess.py:93} INFO - 15/100 ARBUSDT lưu OK
[2025-08-24T03:36:06.806+0000] {subprocess.py:93} INFO - 16/100 BIOUSDT lỗi: relation "cryptocurrency.biousdt" does not exist
[2025-08-24T03:36:06.806+0000] {subprocess.py:93} INFO - LINE 1: SELECT MAX(time) FROM cryptocurrency.biousdt;
[2025-08-24T03:36:06.806+0000] {subprocess.py:93} INFO -                               ^
[2025-08-24T03:36:06.806+0000] {subprocess.py:93} INFO - 
[2025-08-24T03:36:06.806+0000] {subprocess.py:93} INFO - ✅ PEPEUSDT: thêm 1 dòng mới
[2025-08-24T03:36:06.807+0000] {subprocess.py:93} INFO - 17/100 PEPEUSDT lưu OK
[2025-08-24T03:36:06.807+0000] {subprocess.py:93} INFO - ✅ TRXUSDT: thêm 1 dòng mới
[2025-08-24T03:36:06.807+0000] {subprocess.py:93} INFO - 18/100 TRXUSDT lưu OK
[2025-08-24T03:36:06.807+0000] {subprocess.py:93} INFO - 19/100 BOMEUSDT lỗi: relation "cryptocurrency.bomeusdt" does not exist
[2025-08-24T03:36:06.808+0000] {subprocess.py:93} INFO - LINE 1: SELECT MAX(time) FROM cryptocurrency.bomeusdt;
[2025-08-24T03:36:06.808+0000] {subprocess.py:93} INFO -                               ^
[2025-08-24T03:36:06.808+0000] {subprocess.py:93} INFO - 
[2025-08-24T03:36:06.808+0000] {subprocess.py:93} INFO - 20/100 MEMEUSDT lỗi: relation "cryptocurrency.memeusdt" does not exist
[2025-08-24T03:36:06.808+0000] {subprocess.py:93} INFO - LINE 1: SELECT MAX(time) FROM cryptocurrency.memeusdt;
[2025-08-24T03:36:06.809+0000] {subprocess.py:93} INFO -                               ^
[2025-08-24T03:36:06.809+0000] {subprocess.py:93} INFO - 
[2025-08-24T03:36:06.809+0000] {subprocess.py:93} INFO - ✅ UNIUSDT: thêm 1 dòng mới
[2025-08-24T03:36:06.809+0000] {subprocess.py:93} INFO - 21/100 UNIUSDT lưu OK
[2025-08-24T03:36:06.809+0000] {subprocess.py:93} INFO - ✅ PENGUUSDT: thêm 1 dòng mới
[2025-08-24T03:36:06.810+0000] {subprocess.py:93} INFO - 22/100 PENGUUSDT lưu OK
[2025-08-24T03:36:06.810+0000] {subprocess.py:93} INFO - ✅ LTCUSDT: thêm 1 dòng mới
[2025-08-24T03:36:06.810+0000] {subprocess.py:93} INFO - 23/100 LTCUSDT lưu OK
[2025-08-24T03:36:06.810+0000] {subprocess.py:93} INFO - ✅ TRUMPUSDT: thêm 1 dòng mới
[2025-08-24T03:36:06.810+0000] {subprocess.py:93} INFO - 24/100 TRUMPUSDT lưu OK
[2025-08-24T03:36:06.811+0000] {subprocess.py:93} INFO - ✅ WIFUSDT: thêm 1 dòng mới
[2025-08-24T03:36:06.811+0000] {subprocess.py:93} INFO - 25/100 WIFUSDT lưu OK
[2025-08-24T03:36:06.811+0000] {subprocess.py:93} INFO - ✅ SEIUSDT: thêm 1 dòng mới
[2025-08-24T03:36:06.811+0000] {subprocess.py:93} INFO - 26/100 SEIUSDT lưu OK
[2025-08-24T03:36:06.811+0000] {subprocess.py:93} INFO - 27/100 WCTUSDT lỗi: relation "cryptocurrency.wctusdt" does not exist
[2025-08-24T03:36:06.812+0000] {subprocess.py:93} INFO - LINE 1: SELECT MAX(time) FROM cryptocurrency.wctusdt;
[2025-08-24T03:36:06.812+0000] {subprocess.py:93} INFO -                               ^
[2025-08-24T03:36:06.812+0000] {subprocess.py:93} INFO - 
[2025-08-24T03:36:06.812+0000] {subprocess.py:93} INFO - ✅ BERAUSDT: thêm 1 dòng mới
[2025-08-24T03:36:06.812+0000] {subprocess.py:93} INFO - 28/100 BERAUSDT lưu OK
[2025-08-24T03:36:06.813+0000] {subprocess.py:93} INFO - ✅ DOTUSDT: thêm 1 dòng mới
[2025-08-24T03:36:06.813+0000] {subprocess.py:93} INFO - 29/100 DOTUSDT lưu OK
[2025-08-24T03:36:06.813+0000] {subprocess.py:93} INFO - ✅ OPUSDT: thêm 1 dòng mới
[2025-08-24T03:36:06.813+0000] {subprocess.py:93} INFO - 30/100 OPUSDT lưu OK
[2025-08-24T03:36:06.814+0000] {subprocess.py:93} INFO - 31/100 PLUMEUSDT lỗi: relation "cryptocurrency.plumeusdt" does not exist
[2025-08-24T03:36:06.814+0000] {subprocess.py:93} INFO - LINE 1: SELECT MAX(time) FROM cryptocurrency.plumeusdt;
[2025-08-24T03:36:06.814+0000] {subprocess.py:93} INFO -                               ^
[2025-08-24T03:36:06.814+0000] {subprocess.py:93} INFO - 
[2025-08-24T03:36:06.814+0000] {subprocess.py:93} INFO - 32/100 DOGSUSDT lỗi: relation "cryptocurrency.dogsusdt" does not exist
[2025-08-24T03:36:06.815+0000] {subprocess.py:93} INFO - LINE 1: SELECT MAX(time) FROM cryptocurrency.dogsusdt;
[2025-08-24T03:36:06.815+0000] {subprocess.py:93} INFO -                               ^
[2025-08-24T03:36:06.815+0000] {subprocess.py:93} INFO - 
[2025-08-24T03:36:06.815+0000] {subprocess.py:93} INFO - ✅ LDOUSDT: thêm 1 dòng mới
[2025-08-24T03:36:06.815+0000] {subprocess.py:93} INFO - 33/100 LDOUSDT lưu OK
[2025-08-24T03:36:06.816+0000] {subprocess.py:93} INFO - ✅ PENDLEUSDT: thêm 1 dòng mới
[2025-08-24T03:36:06.816+0000] {subprocess.py:93} INFO - 34/100 PENDLEUSDT lưu OK
[2025-08-24T03:36:06.816+0000] {subprocess.py:93} INFO - ✅ RAYUSDT: thêm 1 dòng mới
[2025-08-24T03:36:06.816+0000] {subprocess.py:93} INFO - 35/100 RAYUSDT lưu OK
[2025-08-24T03:36:06.816+0000] {subprocess.py:93} INFO - ✅ WLDUSDT: thêm 1 dòng mới
[2025-08-24T03:36:06.817+0000] {subprocess.py:93} INFO - 36/100 WLDUSDT lưu OK
[2025-08-24T03:36:06.817+0000] {subprocess.py:93} INFO - ✅ BONKUSDT: thêm 1 dòng mới
[2025-08-24T03:36:06.817+0000] {subprocess.py:93} INFO - 37/100 BONKUSDT lưu OK
[2025-08-24T03:36:06.817+0000] {subprocess.py:93} INFO - 38/100 AEURUSDT lỗi: relation "cryptocurrency.aeurusdt" does not exist
[2025-08-24T03:36:06.817+0000] {subprocess.py:93} INFO - LINE 1: SELECT MAX(time) FROM cryptocurrency.aeurusdt;
[2025-08-24T03:36:06.818+0000] {subprocess.py:93} INFO -                               ^
[2025-08-24T03:36:06.818+0000] {subprocess.py:93} INFO - 
[2025-08-24T03:36:06.818+0000] {subprocess.py:93} INFO - ✅ HBARUSDT: thêm 1 dòng mới
[2025-08-24T03:36:06.818+0000] {subprocess.py:93} INFO - 39/100 HBARUSDT lưu OK
[2025-08-24T03:36:06.818+0000] {subprocess.py:93} INFO - ✅ ONDOUSDT: thêm 1 dòng mới
[2025-08-24T03:36:06.819+0000] {subprocess.py:93} INFO - 40/100 ONDOUSDT lưu OK
[2025-08-24T03:36:06.819+0000] {subprocess.py:93} INFO - ✅ ETCUSDT: thêm 1 dòng mới
[2025-08-24T03:36:06.819+0000] {subprocess.py:93} INFO - 41/100 ETCUSDT lưu OK
[2025-08-24T03:36:06.819+0000] {subprocess.py:93} INFO - ✅ XLMUSDT: thêm 1 dòng mới
[2025-08-24T03:36:06.819+0000] {subprocess.py:93} INFO - 42/100 XLMUSDT lưu OK
[2025-08-24T03:36:06.820+0000] {subprocess.py:93} INFO - ✅ BCHUSDT: thêm 1 dòng mới
[2025-08-24T03:36:06.820+0000] {subprocess.py:93} INFO - 43/100 BCHUSDT lưu OK
[2025-08-24T03:36:06.820+0000] {subprocess.py:93} INFO - ✅ NEIROUSDT: thêm 1 dòng mới
[2025-08-24T03:36:06.820+0000] {subprocess.py:93} INFO - 44/100 NEIROUSDT lưu OK
[2025-08-24T03:36:06.821+0000] {subprocess.py:93} INFO - ✅ ETHFIUSDT: thêm 1 dòng mới
[2025-08-24T03:36:06.821+0000] {subprocess.py:93} INFO - 45/100 ETHFIUSDT lưu OK
[2025-08-24T03:36:06.821+0000] {subprocess.py:93} INFO - ✅ APTUSDT: thêm 1 dòng mới
[2025-08-24T03:36:06.821+0000] {subprocess.py:93} INFO - 46/100 APTUSDT lưu OK
[2025-08-24T03:36:06.821+0000] {subprocess.py:93} INFO - 47/100 UMAUSDT lỗi: relation "cryptocurrency.umausdt" does not exist
[2025-08-24T03:36:06.822+0000] {subprocess.py:93} INFO - LINE 1: SELECT MAX(time) FROM cryptocurrency.umausdt;
[2025-08-24T03:36:06.822+0000] {subprocess.py:93} INFO -                               ^
[2025-08-24T03:36:06.822+0000] {subprocess.py:93} INFO - 
[2025-08-24T03:36:06.822+0000] {subprocess.py:93} INFO - ✅ TONUSDT: thêm 1 dòng mới
[2025-08-24T03:36:06.822+0000] {subprocess.py:93} INFO - 48/100 TONUSDT lưu OK
[2025-08-24T03:36:06.823+0000] {subprocess.py:93} INFO - ✅ CRVUSDT: thêm 1 dòng mới
[2025-08-24T03:36:06.823+0000] {subprocess.py:93} INFO - 49/100 CRVUSDT lưu OK
[2025-08-24T03:36:06.823+0000] {subprocess.py:93} INFO - 50/100 1000SATSUSDT lỗi: trailing junk after numeric literal at or near ".1000s"
[2025-08-24T03:36:06.823+0000] {subprocess.py:93} INFO - LINE 1: SELECT MAX(time) FROM cryptocurrency.1000satsusdt;
[2025-08-24T03:36:06.823+0000] {subprocess.py:93} INFO -                                             ^
[2025-08-24T03:36:06.824+0000] {subprocess.py:93} INFO - 
[2025-08-24T03:36:06.824+0000] {subprocess.py:93} INFO - 51/100 BANDUSDT lỗi: relation "cryptocurrency.bandusdt" does not exist
[2025-08-24T03:36:06.824+0000] {subprocess.py:93} INFO - LINE 1: SELECT MAX(time) FROM cryptocurrency.bandusdt;
[2025-08-24T03:36:06.824+0000] {subprocess.py:93} INFO -                               ^
[2025-08-24T03:36:06.824+0000] {subprocess.py:93} INFO - 
[2025-08-24T03:36:06.825+0000] {subprocess.py:93} INFO - ✅ PNUTUSDT: thêm 1 dòng mới
[2025-08-24T03:36:06.825+0000] {subprocess.py:93} INFO - 52/100 PNUTUSDT lưu OK
[2025-08-24T03:36:06.825+0000] {subprocess.py:93} INFO - ✅ NEARUSDT: thêm 1 dòng mới
[2025-08-24T03:36:06.825+0000] {subprocess.py:93} INFO - 53/100 NEARUSDT lưu OK
[2025-08-24T03:36:06.825+0000] {subprocess.py:93} INFO - ✅ SUSDT: thêm 1 dòng mới
[2025-08-24T03:36:06.826+0000] {subprocess.py:93} INFO - 54/100 SUSDT lưu OK
[2025-08-24T03:36:06.826+0000] {subprocess.py:93} INFO - ✅ FILUSDT: thêm 1 dòng mới
[2025-08-24T03:36:06.826+0000] {subprocess.py:93} INFO - 55/100 FILUSDT lưu OK
[2025-08-24T03:36:06.826+0000] {subprocess.py:93} INFO - ✅ SHIBUSDT: thêm 1 dòng mới
[2025-08-24T03:36:06.827+0000] {subprocess.py:93} INFO - 56/100 SHIBUSDT lưu OK
[2025-08-24T03:36:06.827+0000] {subprocess.py:93} INFO - ✅ TIAUSDT: thêm 1 dòng mới
[2025-08-24T03:36:06.827+0000] {subprocess.py:93} INFO - 57/100 TIAUSDT lưu OK
[2025-08-24T03:36:06.827+0000] {subprocess.py:93} INFO - ✅ GALAUSDT: thêm 1 dòng mới
[2025-08-24T03:36:06.827+0000] {subprocess.py:93} INFO - 58/100 GALAUSDT lưu OK
[2025-08-24T03:36:06.828+0000] {subprocess.py:93} INFO - ✅ FLOKIUSDT: thêm 1 dòng mới
[2025-08-24T03:36:06.828+0000] {subprocess.py:93} INFO - 59/100 FLOKIUSDT lưu OK
[2025-08-24T03:36:06.828+0000] {subprocess.py:93} INFO - ✅ SYRUPUSDT: thêm 1 dòng mới
[2025-08-24T03:36:06.828+0000] {subprocess.py:93} INFO - 60/100 SYRUPUSDT lưu OK
[2025-08-24T03:36:06.828+0000] {subprocess.py:93} INFO - 61/100 SPELLUSDT lỗi: relation "cryptocurrency.spellusdt" does not exist
[2025-08-24T03:36:06.829+0000] {subprocess.py:93} INFO - LINE 1: SELECT MAX(time) FROM cryptocurrency.spellusdt;
[2025-08-24T03:36:06.829+0000] {subprocess.py:93} INFO -                               ^
[2025-08-24T03:36:06.829+0000] {subprocess.py:93} INFO - 
[2025-08-24T03:36:06.829+0000] {subprocess.py:93} INFO - 62/100 SHELLUSDT lỗi: relation "cryptocurrency.shellusdt" does not exist
[2025-08-24T03:36:06.829+0000] {subprocess.py:93} INFO - LINE 1: SELECT MAX(time) FROM cryptocurrency.shellusdt;
[2025-08-24T03:36:06.830+0000] {subprocess.py:93} INFO -                               ^
[2025-08-24T03:36:06.830+0000] {subprocess.py:93} INFO - 
[2025-08-24T03:36:06.830+0000] {subprocess.py:93} INFO - ✅ TAOUSDT: thêm 1 dòng mới
[2025-08-24T03:36:06.830+0000] {subprocess.py:93} INFO - 63/100 TAOUSDT lưu OK
[2025-08-24T03:36:06.830+0000] {subprocess.py:93} INFO - 64/100 BBUSDT lỗi: relation "cryptocurrency.bbusdt" does not exist
[2025-08-24T03:36:06.831+0000] {subprocess.py:93} INFO - LINE 1: SELECT MAX(time) FROM cryptocurrency.bbusdt;
[2025-08-24T03:36:06.831+0000] {subprocess.py:93} INFO -                               ^
[2025-08-24T03:36:06.831+0000] {subprocess.py:93} INFO - 
[2025-08-24T03:36:06.831+0000] {subprocess.py:93} INFO - ✅ POLUSDT: thêm 1 dòng mới
[2025-08-24T03:36:06.831+0000] {subprocess.py:93} INFO - 65/100 POLUSDT lưu OK
[2025-08-24T03:36:06.832+0000] {subprocess.py:93} INFO - 66/100 FORTHUSDT lỗi: relation "cryptocurrency.forthusdt" does not exist
[2025-08-24T03:36:06.832+0000] {subprocess.py:93} INFO - LINE 1: SELECT MAX(time) FROM cryptocurrency.forthusdt;
[2025-08-24T03:36:06.832+0000] {subprocess.py:93} INFO -                               ^
[2025-08-24T03:36:06.832+0000] {subprocess.py:93} INFO - 
[2025-08-24T03:36:06.833+0000] {subprocess.py:93} INFO - ✅ EIGENUSDT: thêm 1 dòng mới
[2025-08-24T03:36:06.833+0000] {subprocess.py:93} INFO - 67/100 EIGENUSDT lưu OK
[2025-08-24T03:36:06.833+0000] {subprocess.py:93} INFO - ✅ OGUSDT: thêm 1 dòng mới
[2025-08-24T03:36:06.833+0000] {subprocess.py:93} INFO - 68/100 TKOUSDT lỗi: relation "cryptocurrency.tkousdt" does not exist
[2025-08-24T03:36:06.833+0000] {subprocess.py:93} INFO - LINE 1: SELECT MAX(time) FROM cryptocurrency.tkousdt;
[2025-08-24T03:36:06.834+0000] {subprocess.py:93} INFO -                               ^
[2025-08-24T03:36:06.834+0000] {subprocess.py:93} INFO - 
[2025-08-24T03:36:06.834+0000] {subprocess.py:93} INFO - 69/100 OGUSDT lưu OK
[2025-08-24T03:36:06.834+0000] {subprocess.py:93} INFO - ✅ ORDIUSDT: thêm 1 dòng mới
[2025-08-24T03:36:06.834+0000] {subprocess.py:93} INFO - 70/100 ORDIUSDT lưu OK
[2025-08-24T03:36:06.835+0000] {subprocess.py:93} INFO - 71/100 ATOMUSDT lỗi: relation "cryptocurrency.atomusdt" does not exist
[2025-08-24T03:36:06.835+0000] {subprocess.py:93} INFO - LINE 1: SELECT MAX(time) FROM cryptocurrency.atomusdt;
[2025-08-24T03:36:06.835+0000] {subprocess.py:93} INFO -                               ^
[2025-08-24T03:36:06.835+0000] {subprocess.py:93} INFO - 
[2025-08-24T03:36:06.835+0000] {subprocess.py:93} INFO - 72/100 RADUSDT lỗi: relation "cryptocurrency.radusdt" does not exist
[2025-08-24T03:36:06.836+0000] {subprocess.py:93} INFO - LINE 1: SELECT MAX(time) FROM cryptocurrency.radusdt;
[2025-08-24T03:36:06.836+0000] {subprocess.py:93} INFO -                               ^
[2025-08-24T03:36:06.836+0000] {subprocess.py:93} INFO - 
[2025-08-24T03:36:06.836+0000] {subprocess.py:93} INFO - ✅ EURUSDT: thêm 1 dòng mới
[2025-08-24T03:36:06.836+0000] {subprocess.py:93} INFO - 73/100 EURUSDT lưu OK
[2025-08-24T03:36:06.837+0000] {subprocess.py:93} INFO - 74/100 MKRUSDT lỗi: relation "cryptocurrency.mkrusdt" does not exist
[2025-08-24T03:36:06.837+0000] {subprocess.py:93} INFO - LINE 1: SELECT MAX(time) FROM cryptocurrency.mkrusdt;
[2025-08-24T03:36:06.837+0000] {subprocess.py:93} INFO -                               ^
[2025-08-24T03:36:06.837+0000] {subprocess.py:93} INFO - 
[2025-08-24T03:36:06.837+0000] {subprocess.py:93} INFO - 75/100 USUALUSDT lỗi: relation "cryptocurrency.usualusdt" does not exist
[2025-08-24T03:36:06.838+0000] {subprocess.py:93} INFO - LINE 1: SELECT MAX(time) FROM cryptocurrency.usualusdt;
[2025-08-24T03:36:06.838+0000] {subprocess.py:93} INFO -                               ^
[2025-08-24T03:36:06.838+0000] {subprocess.py:93} INFO - 
[2025-08-24T03:36:06.838+0000] {subprocess.py:93} INFO - 76/100 QTUMUSDT lỗi: relation "cryptocurrency.qtumusdt" does not exist
[2025-08-24T03:36:06.838+0000] {subprocess.py:93} INFO - LINE 1: SELECT MAX(time) FROM cryptocurrency.qtumusdt;
[2025-08-24T03:36:06.839+0000] {subprocess.py:93} INFO -                               ^
[2025-08-24T03:36:06.839+0000] {subprocess.py:93} INFO - 
[2025-08-24T03:36:06.839+0000] {subprocess.py:93} INFO - 77/100 JUPUSDT lỗi: relation "cryptocurrency.jupusdt" does not exist
[2025-08-24T03:36:06.839+0000] {subprocess.py:93} INFO - LINE 1: SELECT MAX(time) FROM cryptocurrency.jupusdt;
[2025-08-24T03:36:06.839+0000] {subprocess.py:93} INFO -                               ^
[2025-08-24T03:36:06.840+0000] {subprocess.py:93} INFO - 
[2025-08-24T03:36:06.840+0000] {subprocess.py:93} INFO - 78/100 PEOPLEUSDT lỗi: relation "cryptocurrency.peopleusdt" does not exist
[2025-08-24T03:36:06.840+0000] {subprocess.py:93} INFO - LINE 1: SELECT MAX(time) FROM cryptocurrency.peopleusdt;
[2025-08-24T03:36:06.840+0000] {subprocess.py:93} INFO -                               ^
[2025-08-24T03:36:06.840+0000] {subprocess.py:93} INFO - 
[2025-08-24T03:36:06.841+0000] {subprocess.py:93} INFO - ✅ VIRTUALUSDT: thêm 1 dòng mới
[2025-08-24T03:36:06.841+0000] {subprocess.py:93} INFO - 79/100 VIRTUALUSDT lưu OK
[2025-08-24T03:36:07.477+0000] {subprocess.py:93} INFO - 80/100 VETUSDT lỗi: relation "cryptocurrency.vetusdt" does not exist
[2025-08-24T03:36:07.478+0000] {subprocess.py:93} INFO - LINE 1: SELECT MAX(time) FROM cryptocurrency.vetusdt;
[2025-08-24T03:36:07.478+0000] {subprocess.py:93} INFO -                               ^
[2025-08-24T03:36:07.479+0000] {subprocess.py:93} INFO - 
[2025-08-24T03:36:07.479+0000] {subprocess.py:93} INFO - ✅ ASRUSDT: thêm 1 dòng mới
[2025-08-24T03:36:07.479+0000] {subprocess.py:93} INFO - 81/100 ASRUSDT lưu OK
[2025-08-24T03:36:07.480+0000] {subprocess.py:93} INFO - ✅ API3USDT: thêm 1 dòng mới
[2025-08-24T03:36:07.480+0000] {subprocess.py:93} INFO - 82/100 API3USDT lưu OK
[2025-08-24T03:36:07.480+0000] {subprocess.py:93} INFO - ✅ CFXUSDT: thêm 1 dòng mới
[2025-08-24T03:36:07.480+0000] {subprocess.py:93} INFO - 83/100 CFXUSDT lưu OK
[2025-08-24T03:36:07.481+0000] {subprocess.py:93} INFO - ✅ SKLUSDT: thêm 1 dòng mới
[2025-08-24T03:36:07.481+0000] {subprocess.py:93} INFO - 84/100 SKLUSDT lưu OK
[2025-08-24T03:36:07.481+0000] {subprocess.py:93} INFO - ✅ MAVUSDT: thêm 1 dòng mới
[2025-08-24T03:36:07.482+0000] {subprocess.py:93} INFO - 85/100 MAVUSDT lưu OK
[2025-08-24T03:36:07.482+0000] {subprocess.py:93} INFO - 86/100 KERNELUSDT lỗi: relation "cryptocurrency.kernelusdt" does not exist
[2025-08-24T03:36:07.482+0000] {subprocess.py:93} INFO - LINE 1: SELECT MAX(time) FROM cryptocurrency.kernelusdt;
[2025-08-24T03:36:07.482+0000] {subprocess.py:93} INFO -                               ^
[2025-08-24T03:36:07.483+0000] {subprocess.py:93} INFO - 
[2025-08-24T03:36:07.483+0000] {subprocess.py:93} INFO - 87/100 SNXUSDT lỗi: relation "cryptocurrency.snxusdt" does not exist
[2025-08-24T03:36:07.483+0000] {subprocess.py:93} INFO - LINE 1: SELECT MAX(time) FROM cryptocurrency.snxusdt;
[2025-08-24T03:36:07.484+0000] {subprocess.py:93} INFO -                               ^
[2025-08-24T03:36:07.484+0000] {subprocess.py:93} INFO - 
[2025-08-24T03:36:07.484+0000] {subprocess.py:93} INFO - 88/100 MUBARAKUSDT lỗi: relation "cryptocurrency.mubarakusdt" does not exist
[2025-08-24T03:36:07.485+0000] {subprocess.py:93} INFO - LINE 1: SELECT MAX(time) FROM cryptocurrency.mubarakusdt;
[2025-08-24T03:36:07.485+0000] {subprocess.py:93} INFO -                               ^
[2025-08-24T03:36:07.485+0000] {subprocess.py:93} INFO - 
[2025-08-24T03:36:07.486+0000] {subprocess.py:93} INFO - ✅ FETUSDT: thêm 1 dòng mới
[2025-08-24T03:36:07.486+0000] {subprocess.py:93} INFO - 89/100 FETUSDT lưu OK
[2025-08-24T03:36:07.486+0000] {subprocess.py:93} INFO - ✅ INJUSDT: thêm 1 dòng mới
[2025-08-24T03:36:07.487+0000] {subprocess.py:93} INFO - 90/100 INJUSDT lưu OK
[2025-08-24T03:36:07.487+0000] {subprocess.py:93} INFO - 91/100 ZKUSDT lỗi: relation "cryptocurrency.zkusdt" does not exist
[2025-08-24T03:36:07.487+0000] {subprocess.py:93} INFO - LINE 1: SELECT MAX(time) FROM cryptocurrency.zkusdt;
[2025-08-24T03:36:07.487+0000] {subprocess.py:93} INFO -                               ^
[2025-08-24T03:36:07.488+0000] {subprocess.py:93} INFO - 
[2025-08-24T03:36:07.488+0000] {subprocess.py:93} INFO - 92/100 ACTUSDT lỗi: relation "cryptocurrency.actusdt" does not exist
[2025-08-24T03:36:07.488+0000] {subprocess.py:93} INFO - LINE 1: SELECT MAX(time) FROM cryptocurrency.actusdt;
[2025-08-24T03:36:07.489+0000] {subprocess.py:93} INFO -                               ^
[2025-08-24T03:36:07.489+0000] {subprocess.py:93} INFO - 
[2025-08-24T03:36:07.489+0000] {subprocess.py:93} INFO - ✅ CAKEUSDT: thêm 1 dòng mới
[2025-08-24T03:36:07.490+0000] {subprocess.py:93} INFO - 93/100 CAKEUSDT lưu OK
[2025-08-24T03:36:07.490+0000] {subprocess.py:93} INFO - ✅ ICPUSDT: thêm 1 dòng mới
[2025-08-24T03:36:07.490+0000] {subprocess.py:93} INFO - 94/100 ICPUSDT lưu OK
[2025-08-24T03:36:07.490+0000] {subprocess.py:93} INFO - 95/100 AUCTIONUSDT lỗi: relation "cryptocurrency.auctionusdt" does not exist
[2025-08-24T03:36:07.491+0000] {subprocess.py:93} INFO - LINE 1: SELECT MAX(time) FROM cryptocurrency.auctionusdt;
[2025-08-24T03:36:07.491+0000] {subprocess.py:93} INFO -                               ^
[2025-08-24T03:36:07.491+0000] {subprocess.py:93} INFO - 
[2025-08-24T03:36:07.492+0000] {subprocess.py:93} INFO - ✅ SPKUSDT: thêm 1 dòng mới
[2025-08-24T03:36:07.492+0000] {subprocess.py:93} INFO - 96/100 SPKUSDT lưu OK
[2025-08-24T03:36:07.492+0000] {subprocess.py:93} INFO - 97/100 CYBERUSDT lỗi: relation "cryptocurrency.cyberusdt" does not exist
[2025-08-24T03:36:07.492+0000] {subprocess.py:93} INFO - LINE 1: SELECT MAX(time) FROM cryptocurrency.cyberusdt;
[2025-08-24T03:36:07.493+0000] {subprocess.py:93} INFO -                               ^
[2025-08-24T03:36:07.493+0000] {subprocess.py:93} INFO - 
[2025-08-24T03:36:07.493+0000] {subprocess.py:93} INFO - 98/100 STRKUSDT lỗi: relation "cryptocurrency.strkusdt" does not exist
[2025-08-24T03:36:07.493+0000] {subprocess.py:93} INFO - LINE 1: SELECT MAX(time) FROM cryptocurrency.strkusdt;
[2025-08-24T03:36:07.494+0000] {subprocess.py:93} INFO -                               ^
[2025-08-24T03:36:07.494+0000] {subprocess.py:93} INFO - 
[2025-08-24T03:36:07.494+0000] {subprocess.py:93} INFO - 99/100 JTOUSDT lỗi: relation "cryptocurrency.jtousdt" does not exist
[2025-08-24T03:36:07.494+0000] {subprocess.py:93} INFO - LINE 1: SELECT MAX(time) FROM cryptocurrency.jtousdt;
[2025-08-24T03:36:07.495+0000] {subprocess.py:93} INFO -                               ^
[2025-08-24T03:36:07.495+0000] {subprocess.py:93} INFO - 
[2025-08-24T03:36:07.495+0000] {subprocess.py:93} INFO - ✅ RENDERUSDT: thêm 1 dòng mới
[2025-08-24T03:36:07.496+0000] {subprocess.py:93} INFO - 100/100 RENDERUSDT lưu OK
[2025-08-24T03:36:07.607+0000] {subprocess.py:97} INFO - Command exited with return code 0
[2025-08-24T03:36:07.608+0000] {taskinstance.py:441} INFO - ::group::Post task execution logs
[2025-08-24T03:36:07.637+0000] {taskinstance.py:1206} INFO - Marking task as SUCCESS. dag_id=crypto_collector_dag, task_id=run_crypto_collector, run_id=scheduled__2025-08-24T03:35:00+00:00, execution_date=20250824T033500, start_date=20250824T033600, end_date=20250824T033607
[2025-08-24T03:36:07.676+0000] {local_task_job_runner.py:240} INFO - Task exited with return code 0
[2025-08-24T03:36:07.701+0000] {taskinstance.py:3498} INFO - 0 downstream tasks scheduled from follow-on schedule check
[2025-08-24T03:36:07.702+0000] {local_task_job_runner.py:222} INFO - ::endgroup::
