[2025-09-01T10:25:51.930+0000] {local_task_job_runner.py:120} INFO - ::group::Pre task execution logs
[2025-09-01T10:25:51.970+0000] {taskinstance.py:2076} INFO - Dependencies all met for dep_context=non-requeueable deps ti=<TaskInstance: market_table_foreign.foreign_HNX scheduled__2025-08-31T17:01:00+00:00 [queued]>
[2025-09-01T10:25:51.980+0000] {taskinstance.py:2076} INFO - Dependencies all met for dep_context=requeueable deps ti=<TaskInstance: market_table_foreign.foreign_HNX scheduled__2025-08-31T17:01:00+00:00 [queued]>
[2025-09-01T10:25:51.981+0000] {taskinstance.py:2306} INFO - Starting attempt 1 of 11
[2025-09-01T10:25:52.001+0000] {taskinstance.py:2330} INFO - Executing <Task(PythonOperator): foreign_HNX> on 2025-08-31 17:01:00+00:00
[2025-09-01T10:25:52.056+0000] {standard_task_runner.py:63} INFO - Started process 2317702 to run task
[2025-09-01T10:25:52.073+0000] {standard_task_runner.py:90} INFO - Running: ['***', 'tasks', 'run', 'market_table_foreign', 'foreign_HNX', 'scheduled__2025-08-31T17:01:00+00:00', '--job-id', '42059', '--raw', '--subdir', 'DAGS_FOLDER/dag_market_live.py', '--cfg-path', '/tmp/tmp9k4wc0hf']
[2025-09-01T10:25:52.076+0000] {standard_task_runner.py:91} INFO - Job 42059: Subtask foreign_HNX
[2025-09-01T10:25:52.185+0000] {task_command.py:426} INFO - Running <TaskInstance: market_table_foreign.foreign_HNX scheduled__2025-08-31T17:01:00+00:00 [running]> on host 1877907bc043
[2025-09-01T10:25:52.277+0000] {taskinstance.py:2648} INFO - Exporting env vars: AIRFLOW_CTX_DAG_OWNER='***' AIRFLOW_CTX_DAG_ID='market_table_foreign' AIRFLOW_CTX_TASK_ID='foreign_HNX' AIRFLOW_CTX_EXECUTION_DATE='2025-08-31T17:01:00+00:00' AIRFLOW_CTX_TRY_NUMBER='1' AIRFLOW_CTX_DAG_RUN_ID='scheduled__2025-08-31T17:01:00+00:00'
[2025-09-01T10:25:52.278+0000] {taskinstance.py:430} INFO - ::endgroup::
[2025-09-01T10:25:52.296+0000] {foreign_HNX.py:17} INFO - Kết nối DB
[2025-09-01T10:25:52.581+0000] {foreign_HNX.py:42} INFO - Đã lưu foreign_HNX
[2025-09-01T10:25:52.583+0000] {python.py:237} INFO - Done. Returned value was: None
[2025-09-01T10:25:52.583+0000] {taskinstance.py:441} INFO - ::group::Post task execution logs
[2025-09-01T10:25:52.596+0000] {taskinstance.py:1206} INFO - Marking task as SUCCESS. dag_id=market_table_foreign, task_id=foreign_HNX, run_id=scheduled__2025-08-31T17:01:00+00:00, execution_date=20250831T170100, start_date=20250901T102551, end_date=20250901T102552
[2025-09-01T10:25:52.644+0000] {local_task_job_runner.py:240} INFO - Task exited with return code 0
[2025-09-01T10:25:52.663+0000] {taskinstance.py:3498} INFO - 0 downstream tasks scheduled from follow-on schedule check
[2025-09-01T10:25:52.664+0000] {local_task_job_runner.py:222} INFO - ::endgroup::
[2025-09-01T10:26:59.857+0000] {local_task_job_runner.py:120} INFO - ::group::Pre task execution logs
[2025-09-01T10:26:59.883+0000] {taskinstance.py:2076} INFO - Dependencies all met for dep_context=non-requeueable deps ti=<TaskInstance: market_table_foreign.foreign_HNX scheduled__2025-08-31T17:01:00+00:00 [queued]>
[2025-09-01T10:26:59.893+0000] {taskinstance.py:2076} INFO - Dependencies all met for dep_context=requeueable deps ti=<TaskInstance: market_table_foreign.foreign_HNX scheduled__2025-08-31T17:01:00+00:00 [queued]>
[2025-09-01T10:26:59.894+0000] {taskinstance.py:2306} INFO - Starting attempt 1 of 11
[2025-09-01T10:26:59.908+0000] {taskinstance.py:2330} INFO - Executing <Task(PythonOperator): foreign_HNX> on 2025-08-31 17:01:00+00:00
[2025-09-01T10:26:59.918+0000] {standard_task_runner.py:63} INFO - Started process 2318523 to run task
[2025-09-01T10:26:59.922+0000] {standard_task_runner.py:90} INFO - Running: ['***', 'tasks', 'run', 'market_table_foreign', 'foreign_HNX', 'scheduled__2025-08-31T17:01:00+00:00', '--job-id', '42308', '--raw', '--subdir', 'DAGS_FOLDER/dag_market_live.py', '--cfg-path', '/tmp/tmpp422bdgm']
[2025-09-01T10:26:59.928+0000] {standard_task_runner.py:91} INFO - Job 42308: Subtask foreign_HNX
[2025-09-01T10:26:59.997+0000] {task_command.py:426} INFO - Running <TaskInstance: market_table_foreign.foreign_HNX scheduled__2025-08-31T17:01:00+00:00 [running]> on host 1877907bc043
[2025-09-01T10:27:00.104+0000] {taskinstance.py:2648} INFO - Exporting env vars: AIRFLOW_CTX_DAG_OWNER='***' AIRFLOW_CTX_DAG_ID='market_table_foreign' AIRFLOW_CTX_TASK_ID='foreign_HNX' AIRFLOW_CTX_EXECUTION_DATE='2025-08-31T17:01:00+00:00' AIRFLOW_CTX_TRY_NUMBER='1' AIRFLOW_CTX_DAG_RUN_ID='scheduled__2025-08-31T17:01:00+00:00'
[2025-09-01T10:27:00.105+0000] {taskinstance.py:430} INFO - ::endgroup::
[2025-09-01T10:27:00.121+0000] {foreign_HNX.py:17} INFO - Kết nối DB
[2025-09-01T10:27:00.361+0000] {foreign_HNX.py:42} INFO - Đã lưu foreign_HNX
[2025-09-01T10:27:00.362+0000] {python.py:237} INFO - Done. Returned value was: None
[2025-09-01T10:27:00.363+0000] {taskinstance.py:441} INFO - ::group::Post task execution logs
[2025-09-01T10:27:00.379+0000] {taskinstance.py:1206} INFO - Marking task as SUCCESS. dag_id=market_table_foreign, task_id=foreign_HNX, run_id=scheduled__2025-08-31T17:01:00+00:00, execution_date=20250831T170100, start_date=20250901T102659, end_date=20250901T102700
[2025-09-01T10:27:00.416+0000] {local_task_job_runner.py:240} INFO - Task exited with return code 0
[2025-09-01T10:27:00.436+0000] {local_task_job_runner.py:222} INFO - ::endgroup::
