[2025-09-01T20:58:00.726+0000] {local_task_job_runner.py:120} INFO - ::group::Pre task execution logs
[2025-09-01T20:58:00.752+0000] {taskinstance.py:2076} INFO - Dependencies all met for dep_context=non-requeueable deps ti=<TaskInstance: crypto_collector_dag.run_crypto_collector scheduled__2025-09-01T20:57:00+00:00 [queued]>
[2025-09-01T20:58:00.760+0000] {taskinstance.py:2076} INFO - Dependencies all met for dep_context=requeueable deps ti=<TaskInstance: crypto_collector_dag.run_crypto_collector scheduled__2025-09-01T20:57:00+00:00 [queued]>
[2025-09-01T20:58:00.760+0000] {taskinstance.py:2306} INFO - Starting attempt 1 of 2
[2025-09-01T20:58:00.773+0000] {taskinstance.py:2330} INFO - Executing <Task(BashOperator): run_crypto_collector> on 2025-09-01 20:57:00+00:00
[2025-09-01T20:58:00.779+0000] {standard_task_runner.py:63} INFO - Started process 2392138 to run task
[2025-09-01T20:58:00.783+0000] {standard_task_runner.py:90} INFO - Running: ['***', 'tasks', 'run', 'crypto_collector_dag', 'run_crypto_collector', 'scheduled__2025-09-01T20:57:00+00:00', '--job-id', '48540', '--raw', '--subdir', 'DAGS_FOLDER/crawl_crypto/dags_crypto.py', '--cfg-path', '/tmp/tmp6rfqweiy']
[2025-09-01T20:58:00.785+0000] {standard_task_runner.py:91} INFO - Job 48540: Subtask run_crypto_collector
[2025-09-01T20:58:00.839+0000] {task_command.py:426} INFO - Running <TaskInstance: crypto_collector_dag.run_crypto_collector scheduled__2025-09-01T20:57:00+00:00 [running]> on host 1877907bc043
[2025-09-01T20:58:00.940+0000] {taskinstance.py:2648} INFO - Exporting env vars: AIRFLOW_CTX_DAG_OWNER='***' AIRFLOW_CTX_DAG_ID='crypto_collector_dag' AIRFLOW_CTX_TASK_ID='run_crypto_collector' AIRFLOW_CTX_EXECUTION_DATE='2025-09-01T20:57:00+00:00' AIRFLOW_CTX_TRY_NUMBER='1' AIRFLOW_CTX_DAG_RUN_ID='scheduled__2025-09-01T20:57:00+00:00'
[2025-09-01T20:58:00.940+0000] {taskinstance.py:430} INFO - ::endgroup::
[2025-09-01T20:58:00.956+0000] {subprocess.py:63} INFO - Tmp dir root location: /tmp
[2025-09-01T20:58:00.956+0000] {subprocess.py:75} INFO - Running command: ['/usr/bin/bash', '-c', 'python3 /opt/***/dags/crawl_crypto/crawl_data_crypto.py']
[2025-09-01T20:58:00.967+0000] {subprocess.py:86} INFO - Output:
[2025-09-01T20:58:06.636+0000] {subprocess.py:93} INFO - 🔹 Kết nối DB...
[2025-09-01T20:58:06.638+0000] {subprocess.py:93} INFO - 🔹 Lấy top 100 crypto...
[2025-09-01T20:58:06.638+0000] {subprocess.py:93} INFO - Top 100: ['ETHUSDT', 'USDCUSDT', 'BTCUSDT', 'WLFIUSDT', 'SOLUSDT', 'XRPUSDT', 'FDUSDUSDT', 'DOGEUSDT', 'BNBUSDT', 'USD1USDT', 'TRUMPUSDT', 'LINKUSDT', 'ADAUSDT', 'SUIUSDT', 'PLUMEUSDT', 'TRXUSDT', 'PEPEUSDT', 'ENAUSDT', 'AVAXUSDT', 'PENGUUSDT', 'FILUSDT', 'ARBUSDT', 'POLUSDT', 'BONKUSDT', 'UNIUSDT', 'DOLOUSDT', 'FORMUSDT', 'HBARUSDT', 'LTCUSDT', 'AAVEUSDT', 'BIOUSDT', 'DOTUSDT', 'XLMUSDT', 'MITOUSDT', 'NEARUSDT', 'APTUSDT', 'PYTHUSDT', 'WIFUSDT', 'SEIUSDT', 'SYRUPUSDT', 'WLDUSDT', 'PAXGUSDT', 'IDEXUSDT', 'OPUSDT', 'MAVUSDT', 'ONDOUSDT', 'SHIBUSDT', 'BCHUSDT', 'CFXUSDT', 'SUSDT', 'LDOUSDT', 'BERAUSDT', 'ETHFIUSDT', 'FLOKIUSDT', 'TIAUSDT', 'LRCUSDT', 'TAOUSDT', 'ATMUSDT', 'RAYUSDT', 'GALAUSDT', 'CRVUSDT', 'EURUSDT', 'ETCUSDT', 'PNUTUSDT', 'INJUSDT', 'AIUSDT', 'QTUMUSDT', 'NEIROUSDT', 'SPKUSDT', 'PENDLEUSDT', 'SKLUSDT', 'ZRXUSDT', 'VIRTUALUSDT', 'TONUSDT', 'RUNEUSDT', 'ICPUSDT', 'CAKEUSDT', 'BFUSDUSDT', 'CUSDT', 'BBUSDT', 'FETUSDT', 'DYDXUSDT', 'TREEUSDT', 'MEMEUSDT', 'ARKMUSDT', 'AXSUSDT', 'RENDERUSDT', 'KERNELUSDT', 'OMUSDT', 'NEOUSDT', 'ALGOUSDT', 'NMRUSDT', 'VETUSDT', 'ORDIUSDT', 'ATOMUSDT', 'EIGENUSDT', 'CYBERUSDT', 'WUSDT', 'PROVEUSDT', 'RLCUSDT']
[2025-09-01T20:58:06.638+0000] {subprocess.py:93} INFO - 🔹 Lưu lịch sử giá vào DB bằng threading...
[2025-09-01T20:58:06.638+0000] {subprocess.py:93} INFO - 1/100 USD1USDT lỗi: relation "cryptocurrency.usd1usdt" does not exist
[2025-09-01T20:58:06.639+0000] {subprocess.py:93} INFO - LINE 1: SELECT MAX(time) FROM cryptocurrency.usd1usdt;
[2025-09-01T20:58:06.639+0000] {subprocess.py:93} INFO -                               ^
[2025-09-01T20:58:06.639+0000] {subprocess.py:93} INFO - 
[2025-09-01T20:58:06.639+0000] {subprocess.py:93} INFO - 2/100 WLFIUSDT lỗi: relation "cryptocurrency.wlfiusdt" does not exist
[2025-09-01T20:58:06.640+0000] {subprocess.py:93} INFO - LINE 1: SELECT MAX(time) FROM cryptocurrency.wlfiusdt;
[2025-09-01T20:58:06.640+0000] {subprocess.py:93} INFO -                               ^
[2025-09-01T20:58:06.640+0000] {subprocess.py:93} INFO - 
[2025-09-01T20:58:06.640+0000] {subprocess.py:93} INFO - ✅ USDCUSDT: thêm 1 dòng mới
[2025-09-01T20:58:06.641+0000] {subprocess.py:93} INFO - ✅ BNBUSDT: thêm 1 dòng mới
[2025-09-01T20:58:06.641+0000] {subprocess.py:93} INFO - ✅ SOLUSDT: thêm 1 dòng mới
[2025-09-01T20:58:06.642+0000] {subprocess.py:93} INFO - ✅ FDUSDUSDT: thêm 1 dòng mới
[2025-09-01T20:58:06.642+0000] {subprocess.py:93} INFO - ✅ XRPUSDT: thêm 1 dòng mới
[2025-09-01T20:58:06.642+0000] {subprocess.py:93} INFO - ✅ BTCUSDT: thêm 1 dòng mới
[2025-09-01T20:58:06.642+0000] {subprocess.py:93} INFO - 3/100 SOLUSDT lưu OK
[2025-09-01T20:58:06.643+0000] {subprocess.py:93} INFO - 4/100 USDCUSDT lưu OK
[2025-09-01T20:58:06.643+0000] {subprocess.py:93} INFO - 5/100 BNBUSDT lưu OK
[2025-09-01T20:58:06.643+0000] {subprocess.py:93} INFO - ✅ DOGEUSDT: thêm 1 dòng mới
[2025-09-01T20:58:06.644+0000] {subprocess.py:93} INFO - 6/100 BTCUSDT lưu OK
[2025-09-01T20:58:06.644+0000] {subprocess.py:93} INFO - 7/100 XRPUSDT lưu OK
[2025-09-01T20:58:06.644+0000] {subprocess.py:93} INFO - 8/100 FDUSDUSDT lưu OK
[2025-09-01T20:58:06.644+0000] {subprocess.py:93} INFO - 9/100 DOGEUSDT lưu OK
[2025-09-01T20:58:06.645+0000] {subprocess.py:93} INFO - ✅ ETHUSDT: thêm 1 dòng mới
[2025-09-01T20:58:06.645+0000] {subprocess.py:93} INFO - 10/100 ETHUSDT lưu OK
[2025-09-01T20:58:06.645+0000] {subprocess.py:93} INFO - ✅ PENGUUSDT: thêm 1 dòng mới
[2025-09-01T20:58:06.645+0000] {subprocess.py:93} INFO - 11/100 PENGUUSDT lưu OK
[2025-09-01T20:58:06.646+0000] {subprocess.py:93} INFO - ✅ LINKUSDT: thêm 1 dòng mới
[2025-09-01T20:58:06.646+0000] {subprocess.py:93} INFO - 12/100 LINKUSDT lưu OK
[2025-09-01T20:58:06.646+0000] {subprocess.py:93} INFO - ✅ TRXUSDT: thêm 1 dòng mới
[2025-09-01T20:58:06.646+0000] {subprocess.py:93} INFO - 13/100 TRXUSDT lưu OK
[2025-09-01T20:58:06.647+0000] {subprocess.py:93} INFO - ✅ TRUMPUSDT: thêm 1 dòng mới
[2025-09-01T20:58:06.647+0000] {subprocess.py:93} INFO - 14/100 TRUMPUSDT lưu OK
[2025-09-01T20:58:06.647+0000] {subprocess.py:93} INFO - 15/100 PLUMEUSDT lỗi: relation "cryptocurrency.plumeusdt" does not exist
[2025-09-01T20:58:06.647+0000] {subprocess.py:93} INFO - LINE 1: SELECT MAX(time) FROM cryptocurrency.plumeusdt;
[2025-09-01T20:58:06.647+0000] {subprocess.py:93} INFO -                               ^
[2025-09-01T20:58:06.648+0000] {subprocess.py:93} INFO - 
[2025-09-01T20:58:06.648+0000] {subprocess.py:93} INFO - ✅ ENAUSDT: thêm 1 dòng mới
[2025-09-01T20:58:06.648+0000] {subprocess.py:93} INFO - 16/100 ENAUSDT lưu OK
[2025-09-01T20:58:06.648+0000] {subprocess.py:93} INFO - ✅ SUIUSDT: thêm 1 dòng mới
[2025-09-01T20:58:06.649+0000] {subprocess.py:93} INFO - 17/100 SUIUSDT lưu OK
[2025-09-01T20:58:06.649+0000] {subprocess.py:93} INFO - ✅ PEPEUSDT: thêm 1 dòng mới
[2025-09-01T20:58:06.649+0000] {subprocess.py:93} INFO - 18/100 PEPEUSDT lưu OK
[2025-09-01T20:58:06.650+0000] {subprocess.py:93} INFO - ✅ AVAXUSDT: thêm 1 dòng mới
[2025-09-01T20:58:06.650+0000] {subprocess.py:93} INFO - 19/100 AVAXUSDT lưu OK
[2025-09-01T20:58:06.650+0000] {subprocess.py:93} INFO - ✅ ADAUSDT: thêm 1 dòng mới
[2025-09-01T20:58:06.650+0000] {subprocess.py:93} INFO - 20/100 ADAUSDT lưu OK
[2025-09-01T20:58:06.650+0000] {subprocess.py:93} INFO - ✅ FILUSDT: thêm 1 dòng mới
[2025-09-01T20:58:06.651+0000] {subprocess.py:93} INFO - 21/100 FILUSDT lưu OK
[2025-09-01T20:58:06.651+0000] {subprocess.py:93} INFO - ✅ ARBUSDT: thêm 1 dòng mới
[2025-09-01T20:58:06.651+0000] {subprocess.py:93} INFO - 22/100 ARBUSDT lưu OK
[2025-09-01T20:58:06.651+0000] {subprocess.py:93} INFO - ✅ POLUSDT: thêm 1 dòng mới
[2025-09-01T20:58:06.652+0000] {subprocess.py:93} INFO - 23/100 POLUSDT lưu OK
[2025-09-01T20:58:06.652+0000] {subprocess.py:93} INFO - ✅ BONKUSDT: thêm 1 dòng mới
[2025-09-01T20:58:06.652+0000] {subprocess.py:93} INFO - 24/100 BONKUSDT lưu OK
[2025-09-01T20:58:06.652+0000] {subprocess.py:93} INFO - ✅ UNIUSDT: thêm 1 dòng mới
[2025-09-01T20:58:06.652+0000] {subprocess.py:93} INFO - 25/100 UNIUSDT lưu OK
[2025-09-01T20:58:06.653+0000] {subprocess.py:93} INFO - 26/100 DOLOUSDT lỗi: relation "cryptocurrency.dolousdt" does not exist
[2025-09-01T20:58:06.653+0000] {subprocess.py:93} INFO - LINE 1: SELECT MAX(time) FROM cryptocurrency.dolousdt;
[2025-09-01T20:58:06.653+0000] {subprocess.py:93} INFO -                               ^
[2025-09-01T20:58:06.653+0000] {subprocess.py:93} INFO - 
[2025-09-01T20:58:06.653+0000] {subprocess.py:93} INFO - 27/100 FORMUSDT lỗi: relation "cryptocurrency.formusdt" does not exist
[2025-09-01T20:58:06.654+0000] {subprocess.py:93} INFO - LINE 1: SELECT MAX(time) FROM cryptocurrency.formusdt;
[2025-09-01T20:58:06.654+0000] {subprocess.py:93} INFO -                               ^
[2025-09-01T20:58:06.654+0000] {subprocess.py:93} INFO - 
[2025-09-01T20:58:06.654+0000] {subprocess.py:93} INFO - ✅ HBARUSDT: thêm 1 dòng mới
[2025-09-01T20:58:06.655+0000] {subprocess.py:93} INFO - 28/100 HBARUSDT lưu OK
[2025-09-01T20:58:06.655+0000] {subprocess.py:93} INFO - ✅ LTCUSDT: thêm 1 dòng mới
[2025-09-01T20:58:06.655+0000] {subprocess.py:93} INFO - 29/100 LTCUSDT lưu OK
[2025-09-01T20:58:06.655+0000] {subprocess.py:93} INFO - 30/100 BIOUSDT lỗi: relation "cryptocurrency.biousdt" does not exist
[2025-09-01T20:58:06.655+0000] {subprocess.py:93} INFO - LINE 1: SELECT MAX(time) FROM cryptocurrency.biousdt;
[2025-09-01T20:58:06.656+0000] {subprocess.py:93} INFO -                               ^
[2025-09-01T20:58:06.656+0000] {subprocess.py:93} INFO - 
[2025-09-01T20:58:06.656+0000] {subprocess.py:93} INFO - ✅ AAVEUSDT: thêm 1 dòng mới
[2025-09-01T20:58:06.656+0000] {subprocess.py:93} INFO - 31/100 AAVEUSDT lưu OK
[2025-09-01T20:58:06.656+0000] {subprocess.py:93} INFO - ✅ DOTUSDT: thêm 1 dòng mới
[2025-09-01T20:58:06.657+0000] {subprocess.py:93} INFO - 32/100 DOTUSDT lưu OK
[2025-09-01T20:58:06.657+0000] {subprocess.py:93} INFO - ✅ XLMUSDT: thêm 1 dòng mới
[2025-09-01T20:58:06.657+0000] {subprocess.py:93} INFO - 33/100 XLMUSDT lưu OK
[2025-09-01T20:58:06.657+0000] {subprocess.py:93} INFO - 34/100 MITOUSDT lỗi: relation "cryptocurrency.mitousdt" does not exist
[2025-09-01T20:58:06.658+0000] {subprocess.py:93} INFO - LINE 1: SELECT MAX(time) FROM cryptocurrency.mitousdt;
[2025-09-01T20:58:06.658+0000] {subprocess.py:93} INFO -                               ^
[2025-09-01T20:58:06.658+0000] {subprocess.py:93} INFO - 
[2025-09-01T20:58:06.658+0000] {subprocess.py:93} INFO - ✅ NEARUSDT: thêm 1 dòng mới
[2025-09-01T20:58:06.658+0000] {subprocess.py:93} INFO - 35/100 NEARUSDT lưu OK
[2025-09-01T20:58:06.659+0000] {subprocess.py:93} INFO - ✅ APTUSDT: thêm 1 dòng mới
[2025-09-01T20:58:06.659+0000] {subprocess.py:93} INFO - 36/100 APTUSDT lưu OK
[2025-09-01T20:58:06.659+0000] {subprocess.py:93} INFO - 37/100 PYTHUSDT lỗi: relation "cryptocurrency.pythusdt" does not exist
[2025-09-01T20:58:06.659+0000] {subprocess.py:93} INFO - LINE 1: SELECT MAX(time) FROM cryptocurrency.pythusdt;
[2025-09-01T20:58:06.660+0000] {subprocess.py:93} INFO -                               ^
[2025-09-01T20:58:06.660+0000] {subprocess.py:93} INFO - 
[2025-09-01T20:58:06.660+0000] {subprocess.py:93} INFO - ✅ SEIUSDT: thêm 1 dòng mới
[2025-09-01T20:58:06.660+0000] {subprocess.py:93} INFO - 38/100 SEIUSDT lưu OK
[2025-09-01T20:58:06.661+0000] {subprocess.py:93} INFO - ✅ SYRUPUSDT: thêm 1 dòng mới
[2025-09-01T20:58:06.661+0000] {subprocess.py:93} INFO - 39/100 SYRUPUSDT lưu OK
[2025-09-01T20:58:06.661+0000] {subprocess.py:93} INFO - ✅ WIFUSDT: thêm 1 dòng mới
[2025-09-01T20:58:06.661+0000] {subprocess.py:93} INFO - 40/100 WIFUSDT lưu OK
[2025-09-01T20:58:06.662+0000] {subprocess.py:93} INFO - 41/100 PAXGUSDT lỗi: relation "cryptocurrency.paxgusdt" does not exist
[2025-09-01T20:58:06.662+0000] {subprocess.py:93} INFO - LINE 1: SELECT MAX(time) FROM cryptocurrency.paxgusdt;
[2025-09-01T20:58:06.662+0000] {subprocess.py:93} INFO -                               ^
[2025-09-01T20:58:06.662+0000] {subprocess.py:93} INFO - 
[2025-09-01T20:58:06.662+0000] {subprocess.py:93} INFO - ✅ WLDUSDT: thêm 1 dòng mới
[2025-09-01T20:58:06.663+0000] {subprocess.py:93} INFO - 42/100 WLDUSDT lưu OK
[2025-09-01T20:58:06.663+0000] {subprocess.py:93} INFO - 43/100 IDEXUSDT lỗi: relation "cryptocurrency.idexusdt" does not exist
[2025-09-01T20:58:06.663+0000] {subprocess.py:93} INFO - LINE 1: SELECT MAX(time) FROM cryptocurrency.idexusdt;
[2025-09-01T20:58:06.663+0000] {subprocess.py:93} INFO -                               ^
[2025-09-01T20:58:06.663+0000] {subprocess.py:93} INFO - 
[2025-09-01T20:58:06.664+0000] {subprocess.py:93} INFO - ✅ OPUSDT: thêm 1 dòng mới
[2025-09-01T20:58:06.664+0000] {subprocess.py:93} INFO - 44/100 OPUSDT lưu OK
[2025-09-01T20:58:06.664+0000] {subprocess.py:93} INFO - ✅ MAVUSDT: thêm 1 dòng mới
[2025-09-01T20:58:06.664+0000] {subprocess.py:93} INFO - 45/100 MAVUSDT lưu OK
[2025-09-01T20:58:06.664+0000] {subprocess.py:93} INFO - ✅ ONDOUSDT: thêm 1 dòng mới
[2025-09-01T20:58:06.665+0000] {subprocess.py:93} INFO - 46/100 ONDOUSDT lưu OK
[2025-09-01T20:58:06.665+0000] {subprocess.py:93} INFO - ✅ SHIBUSDT: thêm 1 dòng mới
[2025-09-01T20:58:06.665+0000] {subprocess.py:93} INFO - 47/100 SHIBUSDT lưu OK
[2025-09-01T20:58:06.665+0000] {subprocess.py:93} INFO - ✅ BCHUSDT: thêm 1 dòng mới
[2025-09-01T20:58:06.666+0000] {subprocess.py:93} INFO - 48/100 BCHUSDT lưu OK
[2025-09-01T20:58:06.666+0000] {subprocess.py:93} INFO - ✅ LDOUSDT: thêm 1 dòng mới
[2025-09-01T20:58:06.666+0000] {subprocess.py:93} INFO - 49/100 LDOUSDT lưu OK
[2025-09-01T20:58:06.666+0000] {subprocess.py:93} INFO - ✅ SUSDT: thêm 1 dòng mới
[2025-09-01T20:58:06.666+0000] {subprocess.py:93} INFO - 50/100 SUSDT lưu OK
[2025-09-01T20:58:06.667+0000] {subprocess.py:93} INFO - ✅ CFXUSDT: thêm 1 dòng mới
[2025-09-01T20:58:06.667+0000] {subprocess.py:93} INFO - 51/100 CFXUSDT lưu OK
[2025-09-01T20:58:06.667+0000] {subprocess.py:93} INFO - ✅ ETHFIUSDT: thêm 1 dòng mới
[2025-09-01T20:58:06.667+0000] {subprocess.py:93} INFO - ✅ FLOKIUSDT: thêm 1 dòng mới
[2025-09-01T20:58:06.667+0000] {subprocess.py:93} INFO - 52/100 ETHFIUSDT lưu OK
[2025-09-01T20:58:06.668+0000] {subprocess.py:93} INFO - 53/100 FLOKIUSDT lưu OK
[2025-09-01T20:58:06.668+0000] {subprocess.py:93} INFO - ✅ BERAUSDT: thêm 1 dòng mới
[2025-09-01T20:58:06.668+0000] {subprocess.py:93} INFO - 54/100 BERAUSDT lưu OK
[2025-09-01T20:58:06.668+0000] {subprocess.py:93} INFO - ✅ TIAUSDT: thêm 1 dòng mới
[2025-09-01T20:58:06.668+0000] {subprocess.py:93} INFO - ✅ LRCUSDT: thêm 1 dòng mới
[2025-09-01T20:58:06.669+0000] {subprocess.py:93} INFO - 55/100 TIAUSDT lưu OK
[2025-09-01T20:58:06.669+0000] {subprocess.py:93} INFO - 56/100 LRCUSDT lưu OK
[2025-09-01T20:58:06.669+0000] {subprocess.py:93} INFO - ✅ TAOUSDT: thêm 1 dòng mới
[2025-09-01T20:58:06.669+0000] {subprocess.py:93} INFO - 57/100 TAOUSDT lưu OK
[2025-09-01T20:58:06.669+0000] {subprocess.py:93} INFO - 58/100 ATMUSDT lỗi: relation "cryptocurrency.atmusdt" does not exist
[2025-09-01T20:58:06.670+0000] {subprocess.py:93} INFO - LINE 1: SELECT MAX(time) FROM cryptocurrency.atmusdt;
[2025-09-01T20:58:06.670+0000] {subprocess.py:93} INFO -                               ^
[2025-09-01T20:58:06.670+0000] {subprocess.py:93} INFO - 
[2025-09-01T20:58:06.670+0000] {subprocess.py:93} INFO - ✅ RAYUSDT: thêm 1 dòng mới
[2025-09-01T20:58:06.671+0000] {subprocess.py:93} INFO - 59/100 RAYUSDT lưu OK
[2025-09-01T20:58:06.671+0000] {subprocess.py:93} INFO - ✅ GALAUSDT: thêm 1 dòng mới
[2025-09-01T20:58:06.671+0000] {subprocess.py:93} INFO - 60/100 GALAUSDT lưu OK
[2025-09-01T20:58:06.671+0000] {subprocess.py:93} INFO - ✅ CRVUSDT: thêm 1 dòng mới
[2025-09-01T20:58:06.671+0000] {subprocess.py:93} INFO - 61/100 CRVUSDT lưu OK
[2025-09-01T20:58:06.672+0000] {subprocess.py:93} INFO - ✅ ETCUSDT: thêm 1 dòng mới
[2025-09-01T20:58:06.672+0000] {subprocess.py:93} INFO - 62/100 ETCUSDT lưu OK
[2025-09-01T20:58:06.672+0000] {subprocess.py:93} INFO - ✅ EURUSDT: thêm 1 dòng mới
[2025-09-01T20:58:06.672+0000] {subprocess.py:93} INFO - 63/100 EURUSDT lưu OK
[2025-09-01T20:58:06.673+0000] {subprocess.py:93} INFO - ✅ PNUTUSDT: thêm 1 dòng mới
[2025-09-01T20:58:06.673+0000] {subprocess.py:93} INFO - 64/100 PNUTUSDT lưu OK
[2025-09-01T20:58:06.673+0000] {subprocess.py:93} INFO - 65/100 AIUSDT lỗi: relation "cryptocurrency.aiusdt" does not exist
[2025-09-01T20:58:06.673+0000] {subprocess.py:93} INFO - LINE 1: SELECT MAX(time) FROM cryptocurrency.aiusdt;
[2025-09-01T20:58:06.673+0000] {subprocess.py:93} INFO -                               ^
[2025-09-01T20:58:06.674+0000] {subprocess.py:93} INFO - 
[2025-09-01T20:58:06.674+0000] {subprocess.py:93} INFO - ✅ INJUSDT: thêm 1 dòng mới
[2025-09-01T20:58:06.674+0000] {subprocess.py:93} INFO - 66/100 INJUSDT lưu OK
[2025-09-01T20:58:06.674+0000] {subprocess.py:93} INFO - 67/100 QTUMUSDT lỗi: relation "cryptocurrency.qtumusdt" does not exist
[2025-09-01T20:58:06.675+0000] {subprocess.py:93} INFO - LINE 1: SELECT MAX(time) FROM cryptocurrency.qtumusdt;
[2025-09-01T20:58:06.675+0000] {subprocess.py:93} INFO -                               ^
[2025-09-01T20:58:06.675+0000] {subprocess.py:93} INFO - 
[2025-09-01T20:58:06.675+0000] {subprocess.py:93} INFO - ✅ NEIROUSDT: thêm 1 dòng mới
[2025-09-01T20:58:06.675+0000] {subprocess.py:93} INFO - 68/100 NEIROUSDT lưu OK
[2025-09-01T20:58:06.676+0000] {subprocess.py:93} INFO - ✅ SPKUSDT: thêm 1 dòng mới
[2025-09-01T20:58:06.676+0000] {subprocess.py:93} INFO - 69/100 SPKUSDT lưu OK
[2025-09-01T20:58:06.676+0000] {subprocess.py:93} INFO - ✅ PENDLEUSDT: thêm 1 dòng mới
[2025-09-01T20:58:06.676+0000] {subprocess.py:93} INFO - 70/100 PENDLEUSDT lưu OK
[2025-09-01T20:58:06.676+0000] {subprocess.py:93} INFO - ✅ SKLUSDT: thêm 1 dòng mới
[2025-09-01T20:58:06.677+0000] {subprocess.py:93} INFO - 71/100 SKLUSDT lưu OK
[2025-09-01T20:58:06.677+0000] {subprocess.py:93} INFO - 72/100 ZRXUSDT lỗi: relation "cryptocurrency.zrxusdt" does not exist
[2025-09-01T20:58:06.677+0000] {subprocess.py:93} INFO - LINE 1: SELECT MAX(time) FROM cryptocurrency.zrxusdt;
[2025-09-01T20:58:06.677+0000] {subprocess.py:93} INFO -                               ^
[2025-09-01T20:58:06.677+0000] {subprocess.py:93} INFO - 
[2025-09-01T20:58:06.678+0000] {subprocess.py:93} INFO - ✅ VIRTUALUSDT: thêm 1 dòng mới
[2025-09-01T20:58:06.678+0000] {subprocess.py:93} INFO - 73/100 VIRTUALUSDT lưu OK
[2025-09-01T20:58:06.678+0000] {subprocess.py:93} INFO - ✅ TONUSDT: thêm 1 dòng mới
[2025-09-01T20:58:06.678+0000] {subprocess.py:93} INFO - 74/100 TONUSDT lưu OK
[2025-09-01T20:58:06.679+0000] {subprocess.py:93} INFO - 75/100 RUNEUSDT lỗi: relation "cryptocurrency.runeusdt" does not exist
[2025-09-01T20:58:06.679+0000] {subprocess.py:93} INFO - LINE 1: SELECT MAX(time) FROM cryptocurrency.runeusdt;
[2025-09-01T20:58:06.679+0000] {subprocess.py:93} INFO -                               ^
[2025-09-01T20:58:06.679+0000] {subprocess.py:93} INFO - 
[2025-09-01T20:58:06.679+0000] {subprocess.py:93} INFO - ✅ ICPUSDT: thêm 1 dòng mới
[2025-09-01T20:58:06.680+0000] {subprocess.py:93} INFO - 76/100 ICPUSDT lưu OK
[2025-09-01T20:58:06.680+0000] {subprocess.py:93} INFO - ✅ CAKEUSDT: thêm 1 dòng mới
[2025-09-01T20:58:06.680+0000] {subprocess.py:93} INFO - 77/100 CAKEUSDT lưu OK
[2025-09-01T20:58:06.680+0000] {subprocess.py:93} INFO - ✅ BFUSDUSDT: thêm 1 dòng mới
[2025-09-01T20:58:06.680+0000] {subprocess.py:93} INFO - 78/100 CUSDT lỗi: relation "cryptocurrency.cusdt" does not exist
[2025-09-01T20:58:06.681+0000] {subprocess.py:93} INFO - LINE 1: SELECT MAX(time) FROM cryptocurrency.cusdt;
[2025-09-01T20:58:06.681+0000] {subprocess.py:93} INFO -                               ^
[2025-09-01T20:58:06.681+0000] {subprocess.py:93} INFO - 
[2025-09-01T20:58:06.681+0000] {subprocess.py:93} INFO - 79/100 BFUSDUSDT lưu OK
[2025-09-01T20:58:06.681+0000] {subprocess.py:93} INFO - 80/100 BBUSDT lỗi: relation "cryptocurrency.bbusdt" does not exist
[2025-09-01T20:58:06.682+0000] {subprocess.py:93} INFO - LINE 1: SELECT MAX(time) FROM cryptocurrency.bbusdt;
[2025-09-01T20:58:06.682+0000] {subprocess.py:93} INFO -                               ^
[2025-09-01T20:58:06.682+0000] {subprocess.py:93} INFO - 
[2025-09-01T20:58:06.682+0000] {subprocess.py:93} INFO - 81/100 DYDXUSDT lỗi: relation "cryptocurrency.dydxusdt" does not exist
[2025-09-01T20:58:06.682+0000] {subprocess.py:93} INFO - LINE 1: SELECT MAX(time) FROM cryptocurrency.dydxusdt;
[2025-09-01T20:58:06.683+0000] {subprocess.py:93} INFO -                               ^
[2025-09-01T20:58:06.683+0000] {subprocess.py:93} INFO - 
[2025-09-01T20:58:06.683+0000] {subprocess.py:93} INFO - ✅ FETUSDT: thêm 1 dòng mới
[2025-09-01T20:58:06.683+0000] {subprocess.py:93} INFO - 82/100 FETUSDT lưu OK
[2025-09-01T20:58:06.683+0000] {subprocess.py:93} INFO - 83/100 TREEUSDT lỗi: relation "cryptocurrency.treeusdt" does not exist
[2025-09-01T20:58:06.684+0000] {subprocess.py:93} INFO - LINE 1: SELECT MAX(time) FROM cryptocurrency.treeusdt;
[2025-09-01T20:58:06.684+0000] {subprocess.py:93} INFO -                               ^
[2025-09-01T20:58:06.684+0000] {subprocess.py:93} INFO - 
[2025-09-01T20:58:06.684+0000] {subprocess.py:93} INFO - ✅ ARKMUSDT: thêm 1 dòng mới
[2025-09-01T20:58:06.684+0000] {subprocess.py:93} INFO - 84/100 ARKMUSDT lưu OK
[2025-09-01T20:58:06.685+0000] {subprocess.py:93} INFO - 85/100 MEMEUSDT lỗi: relation "cryptocurrency.memeusdt" does not exist
[2025-09-01T20:58:06.685+0000] {subprocess.py:93} INFO - LINE 1: SELECT MAX(time) FROM cryptocurrency.memeusdt;
[2025-09-01T20:58:06.685+0000] {subprocess.py:93} INFO -                               ^
[2025-09-01T20:58:06.685+0000] {subprocess.py:93} INFO - 
[2025-09-01T20:58:07.158+0000] {subprocess.py:93} INFO - 86/100 AXSUSDT lỗi: relation "cryptocurrency.axsusdt" does not exist
[2025-09-01T20:58:07.158+0000] {subprocess.py:93} INFO - LINE 1: SELECT MAX(time) FROM cryptocurrency.axsusdt;
[2025-09-01T20:58:07.159+0000] {subprocess.py:93} INFO -                               ^
[2025-09-01T20:58:07.159+0000] {subprocess.py:93} INFO - 
[2025-09-01T20:58:07.159+0000] {subprocess.py:93} INFO - 87/100 KERNELUSDT lỗi: relation "cryptocurrency.kernelusdt" does not exist
[2025-09-01T20:58:07.159+0000] {subprocess.py:93} INFO - LINE 1: SELECT MAX(time) FROM cryptocurrency.kernelusdt;
[2025-09-01T20:58:07.160+0000] {subprocess.py:93} INFO -                               ^
[2025-09-01T20:58:07.160+0000] {subprocess.py:93} INFO - 
[2025-09-01T20:58:07.160+0000] {subprocess.py:93} INFO - ✅ RENDERUSDT: thêm 1 dòng mới
[2025-09-01T20:58:07.160+0000] {subprocess.py:93} INFO - ✅ OMUSDT: thêm 1 dòng mới
[2025-09-01T20:58:07.160+0000] {subprocess.py:93} INFO - 88/100 OMUSDT lưu OK
[2025-09-01T20:58:07.161+0000] {subprocess.py:93} INFO - 89/100 RENDERUSDT lưu OK
[2025-09-01T20:58:07.161+0000] {subprocess.py:93} INFO - 90/100 NEOUSDT lỗi: relation "cryptocurrency.neousdt" does not exist
[2025-09-01T20:58:07.161+0000] {subprocess.py:93} INFO - LINE 1: SELECT MAX(time) FROM cryptocurrency.neousdt;
[2025-09-01T20:58:07.161+0000] {subprocess.py:93} INFO -                               ^
[2025-09-01T20:58:07.162+0000] {subprocess.py:93} INFO - 
[2025-09-01T20:58:07.162+0000] {subprocess.py:93} INFO - ✅ ALGOUSDT: thêm 1 dòng mới
[2025-09-01T20:58:07.162+0000] {subprocess.py:93} INFO - 91/100 NMRUSDT lỗi: relation "cryptocurrency.nmrusdt" does not exist
[2025-09-01T20:58:07.162+0000] {subprocess.py:93} INFO - LINE 1: SELECT MAX(time) FROM cryptocurrency.nmrusdt;
[2025-09-01T20:58:07.163+0000] {subprocess.py:93} INFO -                               ^
[2025-09-01T20:58:07.163+0000] {subprocess.py:93} INFO - 
[2025-09-01T20:58:07.163+0000] {subprocess.py:93} INFO - 92/100 ALGOUSDT lưu OK
[2025-09-01T20:58:07.163+0000] {subprocess.py:93} INFO - 93/100 VETUSDT lỗi: relation "cryptocurrency.vetusdt" does not exist
[2025-09-01T20:58:07.163+0000] {subprocess.py:93} INFO - LINE 1: SELECT MAX(time) FROM cryptocurrency.vetusdt;
[2025-09-01T20:58:07.164+0000] {subprocess.py:93} INFO -                               ^
[2025-09-01T20:58:07.164+0000] {subprocess.py:93} INFO - 
[2025-09-01T20:58:07.164+0000] {subprocess.py:93} INFO - ✅ ORDIUSDT: thêm 1 dòng mới
[2025-09-01T20:58:07.164+0000] {subprocess.py:93} INFO - 94/100 ORDIUSDT lưu OK
[2025-09-01T20:58:07.164+0000] {subprocess.py:93} INFO - 95/100 ATOMUSDT lỗi: relation "cryptocurrency.atomusdt" does not exist
[2025-09-01T20:58:07.164+0000] {subprocess.py:93} INFO - LINE 1: SELECT MAX(time) FROM cryptocurrency.atomusdt;
[2025-09-01T20:58:07.165+0000] {subprocess.py:93} INFO -                               ^
[2025-09-01T20:58:07.165+0000] {subprocess.py:93} INFO - 
[2025-09-01T20:58:07.165+0000] {subprocess.py:93} INFO - ✅ EIGENUSDT: thêm 1 dòng mới
[2025-09-01T20:58:07.165+0000] {subprocess.py:93} INFO - 96/100 EIGENUSDT lưu OK
[2025-09-01T20:58:07.165+0000] {subprocess.py:93} INFO - 97/100 CYBERUSDT lỗi: relation "cryptocurrency.cyberusdt" does not exist
[2025-09-01T20:58:07.166+0000] {subprocess.py:93} INFO - LINE 1: SELECT MAX(time) FROM cryptocurrency.cyberusdt;
[2025-09-01T20:58:07.166+0000] {subprocess.py:93} INFO -                               ^
[2025-09-01T20:58:07.166+0000] {subprocess.py:93} INFO - 
[2025-09-01T20:58:07.166+0000] {subprocess.py:93} INFO - ✅ PROVEUSDT: thêm 1 dòng mới
[2025-09-01T20:58:07.166+0000] {subprocess.py:93} INFO - 98/100 PROVEUSDT lưu OK
[2025-09-01T20:58:07.167+0000] {subprocess.py:93} INFO - 99/100 RLCUSDT lỗi: relation "cryptocurrency.rlcusdt" does not exist
[2025-09-01T20:58:07.167+0000] {subprocess.py:93} INFO - LINE 1: SELECT MAX(time) FROM cryptocurrency.rlcusdt;
[2025-09-01T20:58:07.167+0000] {subprocess.py:93} INFO -                               ^
[2025-09-01T20:58:07.167+0000] {subprocess.py:93} INFO - 
[2025-09-01T20:58:07.167+0000] {subprocess.py:93} INFO - 100/100 WUSDT lỗi: relation "cryptocurrency.wusdt" does not exist
[2025-09-01T20:58:07.168+0000] {subprocess.py:93} INFO - LINE 1: SELECT MAX(time) FROM cryptocurrency.wusdt;
[2025-09-01T20:58:07.168+0000] {subprocess.py:93} INFO -                               ^
[2025-09-01T20:58:07.168+0000] {subprocess.py:93} INFO - 
[2025-09-01T20:58:07.263+0000] {subprocess.py:97} INFO - Command exited with return code 0
[2025-09-01T20:58:07.264+0000] {taskinstance.py:441} INFO - ::group::Post task execution logs
[2025-09-01T20:58:07.295+0000] {taskinstance.py:1206} INFO - Marking task as SUCCESS. dag_id=crypto_collector_dag, task_id=run_crypto_collector, run_id=scheduled__2025-09-01T20:57:00+00:00, execution_date=20250901T205700, start_date=20250901T205800, end_date=20250901T205807
[2025-09-01T20:58:07.347+0000] {local_task_job_runner.py:240} INFO - Task exited with return code 0
[2025-09-01T20:58:07.371+0000] {taskinstance.py:3498} INFO - 0 downstream tasks scheduled from follow-on schedule check
[2025-09-01T20:58:07.372+0000] {local_task_job_runner.py:222} INFO - ::endgroup::
