[2025-09-05T07:56:02.362+0000] {local_task_job_runner.py:120} INFO - ::group::Pre task execution logs
[2025-09-05T07:56:02.386+0000] {taskinstance.py:2076} INFO - Dependencies all met for dep_context=non-requeueable deps ti=<TaskInstance: activity.activity_ALL scheduled__2025-09-05T07:55:00+00:00 [queued]>
[2025-09-05T07:56:02.396+0000] {taskinstance.py:2076} INFO - Dependencies all met for dep_context=requeueable deps ti=<TaskInstance: activity.activity_ALL scheduled__2025-09-05T07:55:00+00:00 [queued]>
[2025-09-05T07:56:02.397+0000] {taskinstance.py:2306} INFO - Starting attempt 1 of 11
[2025-09-05T07:56:02.410+0000] {taskinstance.py:2330} INFO - Executing <Task(PythonOperator): activity_ALL> on 2025-09-05 07:55:00+00:00
[2025-09-05T07:56:02.418+0000] {standard_task_runner.py:63} INFO - Started process 3155052 to run task
[2025-09-05T07:56:02.423+0000] {standard_task_runner.py:90} INFO - Running: ['***', 'tasks', 'run', 'activity', 'activity_ALL', 'scheduled__2025-09-05T07:55:00+00:00', '--job-id', '111972', '--raw', '--subdir', 'DAGS_FOLDER/dag_activity.py', '--cfg-path', '/tmp/tmpc7azfyje']
[2025-09-05T07:56:02.426+0000] {standard_task_runner.py:91} INFO - Job 111972: Subtask activity_ALL
[2025-09-05T07:56:02.477+0000] {task_command.py:426} INFO - Running <TaskInstance: activity.activity_ALL scheduled__2025-09-05T07:55:00+00:00 [running]> on host 1877907bc043
[2025-09-05T07:56:02.573+0000] {taskinstance.py:2648} INFO - Exporting env vars: AIRFLOW_CTX_DAG_OWNER='***' AIRFLOW_CTX_DAG_ID='activity' AIRFLOW_CTX_TASK_ID='activity_ALL' AIRFLOW_CTX_EXECUTION_DATE='2025-09-05T07:55:00+00:00' AIRFLOW_CTX_TRY_NUMBER='1' AIRFLOW_CTX_DAG_RUN_ID='scheduled__2025-09-05T07:55:00+00:00'
[2025-09-05T07:56:02.574+0000] {taskinstance.py:430} INFO - ::endgroup::
[2025-09-05T07:56:02.589+0000] {activity_ALL.py:17} INFO - Kết nối DB
[2025-09-05T07:56:02.637+0000] {activity_ALL.py:55} ERROR - Lỗi lưu activity_ALL
Traceback (most recent call last):
  File "/opt/airflow/dags/utils/market_data/activity/activity_ALL.py", line 18, in activity_ALL
    df = pd.read_sql('SELECT * FROM "history_data"."eboard_table"', con=enginedb).sort_values(by='symbol',ascending=True)
  File "/home/airflow/.local/lib/python3.10/site-packages/pandas/core/frame.py", line 6944, in sort_values
    k = self._get_label_or_level_values(by[0], axis=axis)
  File "/home/airflow/.local/lib/python3.10/site-packages/pandas/core/generic.py", line 1844, in _get_label_or_level_values
    raise KeyError(key)
KeyError: 'symbol'
[2025-09-05T07:56:02.643+0000] {python.py:237} INFO - Done. Returned value was: None
[2025-09-05T07:56:02.644+0000] {taskinstance.py:441} INFO - ::group::Post task execution logs
[2025-09-05T07:56:02.657+0000] {taskinstance.py:1206} INFO - Marking task as SUCCESS. dag_id=activity, task_id=activity_ALL, run_id=scheduled__2025-09-05T07:55:00+00:00, execution_date=20250905T075500, start_date=20250905T075602, end_date=20250905T075602
[2025-09-05T07:56:02.715+0000] {local_task_job_runner.py:240} INFO - Task exited with return code 0
[2025-09-05T07:56:02.741+0000] {taskinstance.py:3498} INFO - 0 downstream tasks scheduled from follow-on schedule check
[2025-09-05T07:56:02.743+0000] {local_task_job_runner.py:222} INFO - ::endgroup::
