[2025-08-17T19:29:53.373+0000] {local_task_job_runner.py:120} INFO - ::group::Pre task execution logs
[2025-08-17T19:29:53.405+0000] {taskinstance.py:2076} INFO - Dependencies all met for dep_context=non-requeueable deps ti=<TaskInstance: crypto_collector_dag.run_crypto_collector scheduled__2025-08-17T19:28:00+00:00 [queued]>
[2025-08-17T19:29:53.414+0000] {taskinstance.py:2076} INFO - Dependencies all met for dep_context=requeueable deps ti=<TaskInstance: crypto_collector_dag.run_crypto_collector scheduled__2025-08-17T19:28:00+00:00 [queued]>
[2025-08-17T19:29:53.415+0000] {taskinstance.py:2306} INFO - Starting attempt 1 of 2
[2025-08-17T19:29:53.430+0000] {taskinstance.py:2330} INFO - Executing <Task(BashOperator): run_crypto_collector> on 2025-08-17 19:28:00+00:00
[2025-08-17T19:29:53.437+0000] {standard_task_runner.py:63} INFO - Started process 74447 to run task
[2025-08-17T19:29:53.443+0000] {standard_task_runner.py:90} INFO - Running: ['***', 'tasks', 'run', 'crypto_collector_dag', 'run_crypto_collector', 'scheduled__2025-08-17T19:28:00+00:00', '--job-id', '7660', '--raw', '--subdir', 'DAGS_FOLDER/crawl_crypto/dags_crypto.py', '--cfg-path', '/tmp/tmpilfsfniq']
[2025-08-17T19:29:53.445+0000] {standard_task_runner.py:91} INFO - Job 7660: Subtask run_crypto_collector
[2025-08-17T19:29:53.505+0000] {task_command.py:426} INFO - Running <TaskInstance: crypto_collector_dag.run_crypto_collector scheduled__2025-08-17T19:28:00+00:00 [running]> on host 1877907bc043
[2025-08-17T19:29:53.614+0000] {taskinstance.py:2648} INFO - Exporting env vars: AIRFLOW_CTX_DAG_OWNER='***' AIRFLOW_CTX_DAG_ID='crypto_collector_dag' AIRFLOW_CTX_TASK_ID='run_crypto_collector' AIRFLOW_CTX_EXECUTION_DATE='2025-08-17T19:28:00+00:00' AIRFLOW_CTX_TRY_NUMBER='1' AIRFLOW_CTX_DAG_RUN_ID='scheduled__2025-08-17T19:28:00+00:00'
[2025-08-17T19:29:53.615+0000] {taskinstance.py:430} INFO - ::endgroup::
[2025-08-17T19:29:53.630+0000] {subprocess.py:63} INFO - Tmp dir root location: /tmp
[2025-08-17T19:29:53.631+0000] {subprocess.py:75} INFO - Running command: ['/usr/bin/bash', '-c', 'python3 /opt/***/dags/crawl_crypto/crawl_data_crypto.py']
[2025-08-17T19:29:53.643+0000] {subprocess.py:86} INFO - Output:
[2025-08-17T19:31:13.623+0000] {subprocess.py:93} INFO - 🔹 Kết nối DB...
[2025-08-17T19:31:13.624+0000] {subprocess.py:93} INFO - 🔹 Lấy top 100 crypto...
[2025-08-17T19:31:13.624+0000] {subprocess.py:93} INFO - Top 100: ['ETHUSDT', 'USDCUSDT', 'BTCUSDT', 'SOLUSDT', 'LINKUSDT', 'DOGEUSDT', 'ADAUSDT', 'XRPUSDT', 'FDUSDUSDT', 'PROVEUSDT', 'BNBUSDT', 'TRXUSDT', 'ENAUSDT', 'ARBUSDT', 'SUIUSDT', 'PEPEUSDT', 'AVAXUSDT', 'LTCUSDT', 'UNIUSDT', 'TRUMPUSDT', 'SEIUSDT', 'CTSIUSDT', 'SKLUSDT', 'CYBERUSDT', 'SUSDT', 'HBARUSDT', 'PONDUSDT', 'LDOUSDT', 'PENGUUSDT', 'ASRUSDT', 'AAVEUSDT', 'ALPINEUSDT', 'WLDUSDT', 'TOWNSUSDT', 'NEARUSDT', 'WIFUSDT', 'BIOUSDT', 'CRVUSDT', 'BONKUSDT', 'DOTUSDT', 'EPICUSDT', 'BFUSDUSDT', 'INJUSDT', 'APTUSDT', 'OPUSDT', 'XLMUSDT', 'OGUSDT', 'VIRTUALUSDT', 'RAYUSDT', 'MAVUSDT', 'TSTUSDT', 'PENDLEUSDT', 'LPTUSDT', 'ETHFIUSDT', 'EIGENUSDT', 'TONUSDT', 'FLOKIUSDT', 'POLUSDT', 'ONDOUSDT', 'TAOUSDT', 'NEIROUSDT', 'MOVRUSDT', 'BERAUSDT', 'BCHUSDT', 'TIAUSDT', 'FETUSDT', 'GALAUSDT', 'FILUSDT', 'NMRUSDT', 'BBUSDT', 'ETCUSDT', 'CAKEUSDT', 'ZKUSDT', 'PNUTUSDT', 'SHIBUSDT', 'ALGOUSDT', 'XUSDUSDT', 'ICPUSDT', 'RENDERUSDT', 'CFXUSDT', 'BANDUSDT', 'CHRUSDT', 'ARKMUSDT', 'ERAUSDT', 'ENSUSDT', 'MKRUSDT', 'SPKUSDT', 'STRKUSDT', 'SYRUPUSDT', 'EURUSDT', 'CELRUSDT', 'VETUSDT', 'HOTUSDT', 'TREEUSDT', 'PORTOUSDT', 'RUNEUSDT', 'API3USDT', 'LAUSDT', 'BEAMXUSDT', 'SANTOSUSDT']
[2025-08-17T19:31:13.624+0000] {subprocess.py:93} INFO - 🔹 Lưu lịch sử giá vào DB bằng threading...
[2025-08-17T19:31:13.625+0000] {subprocess.py:93} INFO - ✅ SOLUSDT: thêm 2 dòng mới
[2025-08-17T19:31:13.625+0000] {subprocess.py:93} INFO - 1/100 SOLUSDT lưu OK
[2025-08-17T19:31:13.626+0000] {subprocess.py:93} INFO - ✅ BNBUSDT: thêm 4 dòng mới
[2025-08-17T19:31:13.626+0000] {subprocess.py:93} INFO - 2/100 BNBUSDT lưu OK
[2025-08-17T19:31:13.626+0000] {subprocess.py:93} INFO - ✅ FDUSDUSDT: thêm 2 dòng mới
[2025-08-17T19:31:13.626+0000] {subprocess.py:93} INFO - 3/100 FDUSDUSDT lưu OK
[2025-08-17T19:31:13.627+0000] {subprocess.py:93} INFO - ✅ TRXUSDT: thêm 2 dòng mới
[2025-08-17T19:31:13.627+0000] {subprocess.py:93} INFO - 4/100 TRXUSDT lưu OK
[2025-08-17T19:31:13.627+0000] {subprocess.py:93} INFO - ✅ ARBUSDT: thêm 3 dòng mới
[2025-08-17T19:31:13.628+0000] {subprocess.py:93} INFO - 5/100 ARBUSDT lưu OK
[2025-08-17T19:31:13.628+0000] {subprocess.py:93} INFO - ✅ SUIUSDT: thêm 3 dòng mới
[2025-08-17T19:31:13.628+0000] {subprocess.py:93} INFO - 6/100 SUIUSDT lưu OK
[2025-08-17T19:31:13.629+0000] {subprocess.py:93} INFO - ✅ PEPEUSDT: thêm 3 dòng mới
[2025-08-17T19:31:13.629+0000] {subprocess.py:93} INFO - 7/100 PEPEUSDT lưu OK
[2025-08-17T19:31:13.629+0000] {subprocess.py:93} INFO - ✅ AVAXUSDT: thêm 3 dòng mới
[2025-08-17T19:31:13.629+0000] {subprocess.py:93} INFO - 8/100 AVAXUSDT lưu OK
[2025-08-17T19:31:13.630+0000] {subprocess.py:93} INFO - ✅ LTCUSDT: thêm 3 dòng mới
[2025-08-17T19:31:13.630+0000] {subprocess.py:93} INFO - 9/100 LTCUSDT lưu OK
[2025-08-17T19:31:13.630+0000] {subprocess.py:93} INFO - ✅ UNIUSDT: thêm 3 dòng mới
[2025-08-17T19:31:13.631+0000] {subprocess.py:93} INFO - 10/100 UNIUSDT lưu OK
[2025-08-17T19:31:13.631+0000] {subprocess.py:93} INFO - ✅ ENAUSDT: thêm 3 dòng mới
[2025-08-17T19:31:13.631+0000] {subprocess.py:93} INFO - 11/100 ENAUSDT lưu OK
[2025-08-17T19:31:13.631+0000] {subprocess.py:93} INFO - ✅ SEIUSDT: thêm 3 dòng mới
[2025-08-17T19:31:13.632+0000] {subprocess.py:93} INFO - 12/100 SEIUSDT lưu OK
[2025-08-17T19:31:13.632+0000] {subprocess.py:93} INFO - ✅ CTSIUSDT: thêm 3 dòng mới
[2025-08-17T19:31:13.632+0000] {subprocess.py:93} INFO - 13/100 CTSIUSDT lưu OK
[2025-08-17T19:31:13.633+0000] {subprocess.py:93} INFO - ✅ SKLUSDT: thêm 3 dòng mới
[2025-08-17T19:31:13.633+0000] {subprocess.py:93} INFO - 14/100 SKLUSDT lưu OK
[2025-08-17T19:31:13.633+0000] {subprocess.py:93} INFO - 15/100 CYBERUSDT lỗi: relation "cryptocurrency.cyberusdt" does not exist
[2025-08-17T19:31:13.633+0000] {subprocess.py:93} INFO - LINE 1: SELECT MAX(time) FROM cryptocurrency.cyberusdt;
[2025-08-17T19:31:13.634+0000] {subprocess.py:93} INFO -                               ^
[2025-08-17T19:31:13.634+0000] {subprocess.py:93} INFO - 
[2025-08-17T19:31:13.634+0000] {subprocess.py:93} INFO - ✅ SUSDT: thêm 3 dòng mới
[2025-08-17T19:31:13.634+0000] {subprocess.py:93} INFO - 16/100 SUSDT lưu OK
[2025-08-17T19:31:13.635+0000] {subprocess.py:93} INFO - ✅ HBARUSDT: thêm 3 dòng mới
[2025-08-17T19:31:13.635+0000] {subprocess.py:93} INFO - 17/100 HBARUSDT lưu OK
[2025-08-17T19:31:13.635+0000] {subprocess.py:93} INFO - 18/100 PONDUSDT lỗi: relation "cryptocurrency.pondusdt" does not exist
[2025-08-17T19:31:13.636+0000] {subprocess.py:93} INFO - LINE 1: SELECT MAX(time) FROM cryptocurrency.pondusdt;
[2025-08-17T19:31:13.636+0000] {subprocess.py:93} INFO -                               ^
[2025-08-17T19:31:13.636+0000] {subprocess.py:93} INFO - 
[2025-08-17T19:31:13.637+0000] {subprocess.py:93} INFO - ✅ LDOUSDT: thêm 3 dòng mới
[2025-08-17T19:31:13.637+0000] {subprocess.py:93} INFO - 19/100 LDOUSDT lưu OK
[2025-08-17T19:31:13.637+0000] {subprocess.py:93} INFO - ✅ PENGUUSDT: thêm 3 dòng mới
[2025-08-17T19:31:13.637+0000] {subprocess.py:93} INFO - 20/100 PENGUUSDT lưu OK
[2025-08-17T19:31:13.638+0000] {subprocess.py:93} INFO - ✅ TRUMPUSDT: thêm 3 dòng mới
[2025-08-17T19:31:13.638+0000] {subprocess.py:93} INFO - 21/100 TRUMPUSDT lưu OK
[2025-08-17T19:31:13.638+0000] {subprocess.py:93} INFO - ✅ ASRUSDT: thêm 3 dòng mới
[2025-08-17T19:31:13.639+0000] {subprocess.py:93} INFO - 22/100 ASRUSDT lưu OK
[2025-08-17T19:31:13.639+0000] {subprocess.py:93} INFO - ✅ AAVEUSDT: thêm 3 dòng mới
[2025-08-17T19:31:13.639+0000] {subprocess.py:93} INFO - 23/100 AAVEUSDT lưu OK
[2025-08-17T19:31:13.639+0000] {subprocess.py:93} INFO - ✅ ALPINEUSDT: thêm 3 dòng mới
[2025-08-17T19:31:13.640+0000] {subprocess.py:93} INFO - 24/100 ALPINEUSDT lưu OK
[2025-08-17T19:31:13.640+0000] {subprocess.py:93} INFO - ✅ WLDUSDT: thêm 3 dòng mới
[2025-08-17T19:31:13.640+0000] {subprocess.py:93} INFO - 25/100 WLDUSDT lưu OK
[2025-08-17T19:31:13.640+0000] {subprocess.py:93} INFO - ✅ TOWNSUSDT: thêm 3 dòng mới
[2025-08-17T19:31:13.641+0000] {subprocess.py:93} INFO - 26/100 TOWNSUSDT lưu OK
[2025-08-17T19:31:13.641+0000] {subprocess.py:93} INFO - ✅ WIFUSDT: thêm 3 dòng mới
[2025-08-17T19:31:13.641+0000] {subprocess.py:93} INFO - 27/100 WIFUSDT lưu OK
[2025-08-17T19:31:13.641+0000] {subprocess.py:93} INFO - 28/100 BIOUSDT lỗi: relation "cryptocurrency.biousdt" does not exist
[2025-08-17T19:31:13.642+0000] {subprocess.py:93} INFO - LINE 1: SELECT MAX(time) FROM cryptocurrency.biousdt;
[2025-08-17T19:31:13.642+0000] {subprocess.py:93} INFO -                               ^
[2025-08-17T19:31:13.642+0000] {subprocess.py:93} INFO - 
[2025-08-17T19:31:13.642+0000] {subprocess.py:93} INFO - ✅ CRVUSDT: thêm 2 dòng mới
[2025-08-17T19:31:13.643+0000] {subprocess.py:93} INFO - 29/100 CRVUSDT lưu OK
[2025-08-17T19:31:13.643+0000] {subprocess.py:93} INFO - ✅ BONKUSDT: thêm 2 dòng mới
[2025-08-17T19:31:13.643+0000] {subprocess.py:93} INFO - 30/100 BONKUSDT lưu OK
[2025-08-17T19:31:13.644+0000] {subprocess.py:93} INFO - ✅ NEARUSDT: thêm 3 dòng mới
[2025-08-17T19:31:13.644+0000] {subprocess.py:93} INFO - 31/100 NEARUSDT lưu OK
[2025-08-17T19:31:13.644+0000] {subprocess.py:93} INFO - ✅ DOTUSDT: thêm 2 dòng mới
[2025-08-17T19:31:13.644+0000] {subprocess.py:93} INFO - 32/100 DOTUSDT lưu OK
[2025-08-17T19:31:13.645+0000] {subprocess.py:93} INFO - ✅ BFUSDUSDT: thêm 2 dòng mới
[2025-08-17T19:31:13.645+0000] {subprocess.py:93} INFO - 33/100 BFUSDUSDT lưu OK
[2025-08-17T19:31:13.645+0000] {subprocess.py:93} INFO - ✅ ETHUSDT: thêm 2 dòng mới
[2025-08-17T19:31:13.646+0000] {subprocess.py:93} INFO - 34/100 ETHUSDT lưu OK
[2025-08-17T19:31:13.646+0000] {subprocess.py:93} INFO - ✅ INJUSDT: thêm 2 dòng mới
[2025-08-17T19:31:13.646+0000] {subprocess.py:93} INFO - 35/100 INJUSDT lưu OK
[2025-08-17T19:31:13.646+0000] {subprocess.py:93} INFO - ✅ PROVEUSDT: thêm 2 dòng mới
[2025-08-17T19:31:13.647+0000] {subprocess.py:93} INFO - 36/100 PROVEUSDT lưu OK
[2025-08-17T19:31:13.647+0000] {subprocess.py:93} INFO - ✅ USDCUSDT: thêm 2 dòng mới
[2025-08-17T19:31:13.647+0000] {subprocess.py:93} INFO - 37/100 USDCUSDT lưu OK
[2025-08-17T19:31:13.647+0000] {subprocess.py:93} INFO - ✅ ADAUSDT: thêm 2 dòng mới
[2025-08-17T19:31:13.648+0000] {subprocess.py:93} INFO - 38/100 ADAUSDT lưu OK
[2025-08-17T19:31:13.648+0000] {subprocess.py:93} INFO - ✅ APTUSDT: thêm 2 dòng mới
[2025-08-17T19:31:13.648+0000] {subprocess.py:93} INFO - 39/100 APTUSDT lưu OK
[2025-08-17T19:31:13.648+0000] {subprocess.py:93} INFO - ✅ OPUSDT: thêm 2 dòng mới
[2025-08-17T19:31:13.649+0000] {subprocess.py:93} INFO - 40/100 OPUSDT lưu OK
[2025-08-17T19:31:13.649+0000] {subprocess.py:93} INFO - ✅ XLMUSDT: thêm 2 dòng mới
[2025-08-17T19:31:13.649+0000] {subprocess.py:93} INFO - 41/100 XLMUSDT lưu OK
[2025-08-17T19:31:13.650+0000] {subprocess.py:93} INFO - ✅ VIRTUALUSDT: thêm 2 dòng mới
[2025-08-17T19:31:13.650+0000] {subprocess.py:93} INFO - ✅ OGUSDT: thêm 2 dòng mới
[2025-08-17T19:31:13.650+0000] {subprocess.py:93} INFO - 42/100 VIRTUALUSDT lưu OK
[2025-08-17T19:31:13.650+0000] {subprocess.py:93} INFO - 43/100 OGUSDT lưu OK
[2025-08-17T19:31:13.651+0000] {subprocess.py:93} INFO - ✅ RAYUSDT: thêm 2 dòng mới
[2025-08-17T19:31:13.651+0000] {subprocess.py:93} INFO - 44/100 RAYUSDT lưu OK
[2025-08-17T19:31:13.651+0000] {subprocess.py:93} INFO - ✅ TSTUSDT: thêm 2 dòng mới
[2025-08-17T19:31:13.651+0000] {subprocess.py:93} INFO - 45/100 TSTUSDT lưu OK
[2025-08-17T19:31:13.652+0000] {subprocess.py:93} INFO - ✅ EPICUSDT: thêm 2 dòng mới
[2025-08-17T19:31:13.652+0000] {subprocess.py:93} INFO - 46/100 EPICUSDT lưu OK
[2025-08-17T19:31:13.652+0000] {subprocess.py:93} INFO - 47/100 LPTUSDT lỗi: relation "cryptocurrency.lptusdt" does not exist
[2025-08-17T19:31:13.652+0000] {subprocess.py:93} INFO - LINE 1: SELECT MAX(time) FROM cryptocurrency.lptusdt;
[2025-08-17T19:31:13.653+0000] {subprocess.py:93} INFO -                               ^
[2025-08-17T19:31:13.653+0000] {subprocess.py:93} INFO - 
[2025-08-17T19:31:13.653+0000] {subprocess.py:93} INFO - ✅ PENDLEUSDT: thêm 2 dòng mới
[2025-08-17T19:31:13.653+0000] {subprocess.py:93} INFO - 48/100 PENDLEUSDT lưu OK
[2025-08-17T19:31:13.654+0000] {subprocess.py:93} INFO - ✅ ETHFIUSDT: thêm 2 dòng mới
[2025-08-17T19:31:13.654+0000] {subprocess.py:93} INFO - 49/100 ETHFIUSDT lưu OK
[2025-08-17T19:31:13.654+0000] {subprocess.py:93} INFO - ✅ TONUSDT: thêm 2 dòng mới
[2025-08-17T19:31:13.654+0000] {subprocess.py:93} INFO - 50/100 TONUSDT lưu OK
[2025-08-17T19:31:13.655+0000] {subprocess.py:93} INFO - ✅ EIGENUSDT: thêm 2 dòng mới
[2025-08-17T19:31:13.655+0000] {subprocess.py:93} INFO - 51/100 EIGENUSDT lưu OK
[2025-08-17T19:31:13.655+0000] {subprocess.py:93} INFO - ✅ FLOKIUSDT: thêm 2 dòng mới
[2025-08-17T19:31:13.655+0000] {subprocess.py:93} INFO - 52/100 FLOKIUSDT lưu OK
[2025-08-17T19:31:13.656+0000] {subprocess.py:93} INFO - ✅ POLUSDT: thêm 2 dòng mới
[2025-08-17T19:31:13.656+0000] {subprocess.py:93} INFO - 53/100 POLUSDT lưu OK
[2025-08-17T19:31:13.656+0000] {subprocess.py:93} INFO - ✅ ONDOUSDT: thêm 2 dòng mới
[2025-08-17T19:31:13.656+0000] {subprocess.py:93} INFO - 54/100 ONDOUSDT lưu OK
[2025-08-17T19:31:13.657+0000] {subprocess.py:93} INFO - ✅ BCHUSDT: thêm 2 dòng mới
[2025-08-17T19:31:13.657+0000] {subprocess.py:93} INFO - 55/100 BCHUSDT lưu OK
[2025-08-17T19:31:13.657+0000] {subprocess.py:93} INFO - ✅ BERAUSDT: thêm 2 dòng mới
[2025-08-17T19:31:13.658+0000] {subprocess.py:93} INFO - 56/100 BERAUSDT lưu OK
[2025-08-17T19:31:13.658+0000] {subprocess.py:93} INFO - ✅ TIAUSDT: thêm 2 dòng mới
[2025-08-17T19:31:13.658+0000] {subprocess.py:93} INFO - 57/100 TIAUSDT lưu OK
[2025-08-17T19:31:13.658+0000] {subprocess.py:93} INFO - ✅ GALAUSDT: thêm 2 dòng mới
[2025-08-17T19:31:13.659+0000] {subprocess.py:93} INFO - 58/100 GALAUSDT lưu OK
[2025-08-17T19:31:13.659+0000] {subprocess.py:93} INFO - ✅ FETUSDT: thêm 2 dòng mới
[2025-08-17T19:31:13.659+0000] {subprocess.py:93} INFO - 59/100 FETUSDT lưu OK
[2025-08-17T19:31:13.660+0000] {subprocess.py:93} INFO - 60/100 NMRUSDT lỗi: relation "cryptocurrency.nmrusdt" does not exist
[2025-08-17T19:31:13.660+0000] {subprocess.py:93} INFO - LINE 1: SELECT MAX(time) FROM cryptocurrency.nmrusdt;
[2025-08-17T19:31:13.660+0000] {subprocess.py:93} INFO -                               ^
[2025-08-17T19:31:13.660+0000] {subprocess.py:93} INFO - 
[2025-08-17T19:31:13.661+0000] {subprocess.py:93} INFO - 61/100 BBUSDT lỗi: relation "cryptocurrency.bbusdt" does not exist
[2025-08-17T19:31:13.661+0000] {subprocess.py:93} INFO - LINE 1: SELECT MAX(time) FROM cryptocurrency.bbusdt;
[2025-08-17T19:31:13.661+0000] {subprocess.py:93} INFO -                               ^
[2025-08-17T19:31:13.661+0000] {subprocess.py:93} INFO - 
[2025-08-17T19:31:13.662+0000] {subprocess.py:93} INFO - ✅ ETCUSDT: thêm 2 dòng mới
[2025-08-17T19:31:13.662+0000] {subprocess.py:93} INFO - 62/100 ETCUSDT lưu OK
[2025-08-17T19:31:13.662+0000] {subprocess.py:93} INFO - ✅ MAVUSDT: thêm 2 dòng mới
[2025-08-17T19:31:13.662+0000] {subprocess.py:93} INFO - 63/100 MAVUSDT lưu OK
[2025-08-17T19:31:13.663+0000] {subprocess.py:93} INFO - ✅ CAKEUSDT: thêm 3 dòng mới
[2025-08-17T19:31:13.663+0000] {subprocess.py:93} INFO - 64/100 CAKEUSDT lưu OK
[2025-08-17T19:31:13.663+0000] {subprocess.py:93} INFO - ✅ XRPUSDT: thêm 4 dòng mới
[2025-08-17T19:31:13.663+0000] {subprocess.py:93} INFO - 65/100 XRPUSDT lưu OK
[2025-08-17T19:31:13.664+0000] {subprocess.py:93} INFO - ✅ FILUSDT: thêm 2 dòng mới
[2025-08-17T19:31:13.664+0000] {subprocess.py:93} INFO - 66/100 FILUSDT lưu OK
[2025-08-17T19:31:13.664+0000] {subprocess.py:93} INFO - ✅ ALGOUSDT: thêm 3 dòng mới
[2025-08-17T19:31:13.664+0000] {subprocess.py:93} INFO - 67/100 ALGOUSDT lưu OK
[2025-08-17T19:31:13.665+0000] {subprocess.py:93} INFO - ✅ XUSDUSDT: thêm 3 dòng mới
[2025-08-17T19:31:13.665+0000] {subprocess.py:93} INFO - 68/100 XUSDUSDT lưu OK
[2025-08-17T19:31:13.665+0000] {subprocess.py:93} INFO - 69/100 ZKUSDT lỗi: relation "cryptocurrency.zkusdt" does not exist
[2025-08-17T19:31:13.666+0000] {subprocess.py:93} INFO - LINE 1: SELECT MAX(time) FROM cryptocurrency.zkusdt;
[2025-08-17T19:31:13.666+0000] {subprocess.py:93} INFO -                               ^
[2025-08-17T19:31:13.666+0000] {subprocess.py:93} INFO - 
[2025-08-17T19:31:13.666+0000] {subprocess.py:93} INFO - ✅ ICPUSDT: thêm 3 dòng mới
[2025-08-17T19:31:13.667+0000] {subprocess.py:93} INFO - 70/100 ICPUSDT lưu OK
[2025-08-17T19:31:13.667+0000] {subprocess.py:93} INFO - ✅ SHIBUSDT: thêm 3 dòng mới
[2025-08-17T19:31:13.667+0000] {subprocess.py:93} INFO - 71/100 SHIBUSDT lưu OK
[2025-08-17T19:31:13.667+0000] {subprocess.py:93} INFO - ✅ RENDERUSDT: thêm 3 dòng mới
[2025-08-17T19:31:13.668+0000] {subprocess.py:93} INFO - 72/100 RENDERUSDT lưu OK
[2025-08-17T19:31:13.668+0000] {subprocess.py:93} INFO - ✅ CFXUSDT: thêm 3 dòng mới
[2025-08-17T19:31:13.668+0000] {subprocess.py:93} INFO - 73/100 CFXUSDT lưu OK
[2025-08-17T19:31:13.668+0000] {subprocess.py:93} INFO - ✅ CHRUSDT: thêm 3 dòng mới
[2025-08-17T19:31:13.669+0000] {subprocess.py:93} INFO - 74/100 CHRUSDT lưu OK
[2025-08-17T19:31:13.669+0000] {subprocess.py:93} INFO - 75/100 BANDUSDT lỗi: relation "cryptocurrency.bandusdt" does not exist
[2025-08-17T19:31:13.669+0000] {subprocess.py:93} INFO - LINE 1: SELECT MAX(time) FROM cryptocurrency.bandusdt;
[2025-08-17T19:31:13.669+0000] {subprocess.py:93} INFO -                               ^
[2025-08-17T19:31:13.670+0000] {subprocess.py:93} INFO - 
[2025-08-17T19:31:13.670+0000] {subprocess.py:93} INFO - ✅ ARKMUSDT: thêm 3 dòng mới
[2025-08-17T19:31:13.670+0000] {subprocess.py:93} INFO - 76/100 ARKMUSDT lưu OK
[2025-08-17T19:31:13.670+0000] {subprocess.py:93} INFO - ✅ ERAUSDT: thêm 3 dòng mới
[2025-08-17T19:31:13.671+0000] {subprocess.py:93} INFO - 77/100 ERAUSDT lưu OK
[2025-08-17T19:31:13.671+0000] {subprocess.py:93} INFO - ✅ ENSUSDT: thêm 3 dòng mới
[2025-08-17T19:31:13.671+0000] {subprocess.py:93} INFO - 78/100 ENSUSDT lưu OK
[2025-08-17T19:31:13.671+0000] {subprocess.py:93} INFO - 79/100 MOVRUSDT lỗi: relation "cryptocurrency.movrusdt" does not exist
[2025-08-17T19:31:13.672+0000] {subprocess.py:93} INFO - LINE 1: SELECT MAX(time) FROM cryptocurrency.movrusdt;
[2025-08-17T19:31:13.672+0000] {subprocess.py:93} INFO -                               ^
[2025-08-17T19:31:13.672+0000] {subprocess.py:93} INFO - 
[2025-08-17T19:31:13.672+0000] {subprocess.py:93} INFO - ✅ TAOUSDT: thêm 2 dòng mới
[2025-08-17T19:31:13.673+0000] {subprocess.py:93} INFO - 80/100 TAOUSDT lưu OK
[2025-08-17T19:31:13.673+0000] {subprocess.py:93} INFO - ✅ EURUSDT: thêm 3 dòng mới
[2025-08-17T19:31:13.673+0000] {subprocess.py:93} INFO - 81/100 EURUSDT lưu OK
[2025-08-17T19:31:13.673+0000] {subprocess.py:93} INFO - ✅ SYRUPUSDT: thêm 3 dòng mới
[2025-08-17T19:31:13.674+0000] {subprocess.py:93} INFO - 82/100 SYRUPUSDT lưu OK
[2025-08-17T19:31:13.674+0000] {subprocess.py:93} INFO - 83/100 MKRUSDT lỗi: relation "cryptocurrency.mkrusdt" does not exist
[2025-08-17T19:31:13.674+0000] {subprocess.py:93} INFO - LINE 1: SELECT MAX(time) FROM cryptocurrency.mkrusdt;
[2025-08-17T19:31:13.674+0000] {subprocess.py:93} INFO -                               ^
[2025-08-17T19:31:13.675+0000] {subprocess.py:93} INFO - 
[2025-08-17T19:31:13.675+0000] {subprocess.py:93} INFO - ✅ SPKUSDT: thêm 3 dòng mới
[2025-08-17T19:31:13.675+0000] {subprocess.py:93} INFO - 84/100 SPKUSDT lưu OK
[2025-08-17T19:31:13.675+0000] {subprocess.py:93} INFO - 85/100 VETUSDT lỗi: relation "cryptocurrency.vetusdt" does not exist
[2025-08-17T19:31:13.676+0000] {subprocess.py:93} INFO - LINE 1: SELECT MAX(time) FROM cryptocurrency.vetusdt;
[2025-08-17T19:31:13.676+0000] {subprocess.py:93} INFO -                               ^
[2025-08-17T19:31:13.676+0000] {subprocess.py:93} INFO - 
[2025-08-17T19:31:13.676+0000] {subprocess.py:93} INFO - ✅ CELRUSDT: thêm 3 dòng mới
[2025-08-17T19:31:13.677+0000] {subprocess.py:93} INFO - 86/100 CELRUSDT lưu OK
[2025-08-17T19:31:13.677+0000] {subprocess.py:93} INFO - 87/100 RUNEUSDT lỗi: relation "cryptocurrency.runeusdt" does not exist
[2025-08-17T19:31:13.677+0000] {subprocess.py:93} INFO - LINE 1: SELECT MAX(time) FROM cryptocurrency.runeusdt;
[2025-08-17T19:31:13.677+0000] {subprocess.py:93} INFO -                               ^
[2025-08-17T19:31:13.678+0000] {subprocess.py:93} INFO - 
[2025-08-17T19:31:13.678+0000] {subprocess.py:93} INFO - ✅ PORTOUSDT: thêm 3 dòng mới
[2025-08-17T19:31:13.678+0000] {subprocess.py:93} INFO - 88/100 PORTOUSDT lưu OK
[2025-08-17T19:31:13.678+0000] {subprocess.py:93} INFO - 89/100 TREEUSDT lỗi: relation "cryptocurrency.treeusdt" does not exist
[2025-08-17T19:31:13.679+0000] {subprocess.py:93} INFO - LINE 1: SELECT MAX(time) FROM cryptocurrency.treeusdt;
[2025-08-17T19:31:13.679+0000] {subprocess.py:93} INFO -                               ^
[2025-08-17T19:31:13.679+0000] {subprocess.py:93} INFO - 
[2025-08-17T19:31:13.679+0000] {subprocess.py:93} INFO - 90/100 BEAMXUSDT lỗi: relation "cryptocurrency.beamxusdt" does not exist
[2025-08-17T19:31:13.679+0000] {subprocess.py:93} INFO - LINE 1: SELECT MAX(time) FROM cryptocurrency.beamxusdt;
[2025-08-17T19:31:13.680+0000] {subprocess.py:93} INFO -                               ^
[2025-08-17T19:31:13.680+0000] {subprocess.py:93} INFO - 
[2025-08-17T19:31:13.680+0000] {subprocess.py:93} INFO - ✅ SANTOSUSDT: thêm 3 dòng mới
[2025-08-17T19:31:13.680+0000] {subprocess.py:93} INFO - 91/100 SANTOSUSDT lưu OK
[2025-08-17T19:31:13.681+0000] {subprocess.py:93} INFO - 92/100 STRKUSDT lỗi: relation "cryptocurrency.strkusdt" does not exist
[2025-08-17T19:31:13.681+0000] {subprocess.py:93} INFO - LINE 1: SELECT MAX(time) FROM cryptocurrency.strkusdt;
[2025-08-17T19:31:13.681+0000] {subprocess.py:93} INFO -                               ^
[2025-08-17T19:31:13.681+0000] {subprocess.py:93} INFO - 
[2025-08-17T19:31:13.682+0000] {subprocess.py:93} INFO - ✅ API3USDT: thêm 3 dòng mới
[2025-08-17T19:31:13.682+0000] {subprocess.py:93} INFO - 93/100 API3USDT lưu OK
[2025-08-17T19:31:13.682+0000] {subprocess.py:93} INFO - ✅ LAUSDT: thêm 3 dòng mới
[2025-08-17T19:32:06.456+0000] {subprocess.py:93} INFO - 94/100 LAUSDT lưu OK
[2025-08-17T19:32:06.457+0000] {subprocess.py:93} INFO - 95/100 HOTUSDT lỗi: relation "cryptocurrency.hotusdt" does not exist
[2025-08-17T19:32:06.457+0000] {subprocess.py:93} INFO - LINE 1: SELECT MAX(time) FROM cryptocurrency.hotusdt;
[2025-08-17T19:32:06.457+0000] {subprocess.py:93} INFO -                               ^
[2025-08-17T19:32:06.458+0000] {subprocess.py:93} INFO - 
[2025-08-17T19:32:06.458+0000] {subprocess.py:93} INFO - ✅ PNUTUSDT: thêm 3 dòng mới
[2025-08-17T19:32:06.458+0000] {subprocess.py:93} INFO - 96/100 PNUTUSDT lưu OK
[2025-08-17T19:32:06.458+0000] {subprocess.py:93} INFO - ✅ NEIROUSDT: thêm 2 dòng mới
[2025-08-17T19:32:06.459+0000] {subprocess.py:93} INFO - 97/100 NEIROUSDT lưu OK
[2025-08-17T19:32:06.459+0000] {subprocess.py:93} INFO - 98/100 BTCUSDT lỗi: connection to server at "videv.cloud" (27.74.74.29), port 5432 failed: Connection timed out
[2025-08-17T19:32:06.459+0000] {subprocess.py:93} INFO - 	Is the server running on that host and accepting TCP/IP connections?
[2025-08-17T19:32:06.460+0000] {subprocess.py:93} INFO - 
[2025-08-17T19:32:06.460+0000] {subprocess.py:93} INFO - 99/100 DOGEUSDT lỗi: connection to server at "videv.cloud" (27.74.74.29), port 5432 failed: Connection timed out
[2025-08-17T19:32:06.460+0000] {subprocess.py:93} INFO - 	Is the server running on that host and accepting TCP/IP connections?
[2025-08-17T19:32:06.460+0000] {subprocess.py:93} INFO - 
[2025-08-17T19:32:06.460+0000] {subprocess.py:93} INFO - 100/100 LINKUSDT lỗi: connection to server at "videv.cloud" (27.74.74.29), port 5432 failed: Connection timed out
[2025-08-17T19:32:06.461+0000] {subprocess.py:93} INFO - 	Is the server running on that host and accepting TCP/IP connections?
[2025-08-17T19:32:06.461+0000] {subprocess.py:93} INFO - 
[2025-08-17T19:32:06.573+0000] {subprocess.py:97} INFO - Command exited with return code 0
[2025-08-17T19:32:06.574+0000] {taskinstance.py:441} INFO - ::group::Post task execution logs
[2025-08-17T19:32:06.603+0000] {taskinstance.py:1206} INFO - Marking task as SUCCESS. dag_id=crypto_collector_dag, task_id=run_crypto_collector, run_id=scheduled__2025-08-17T19:28:00+00:00, execution_date=20250817T192800, start_date=20250817T192953, end_date=20250817T193206
[2025-08-17T19:32:06.635+0000] {local_task_job_runner.py:240} INFO - Task exited with return code 0
[2025-08-17T19:32:06.653+0000] {taskinstance.py:3498} INFO - 0 downstream tasks scheduled from follow-on schedule check
[2025-08-17T19:32:06.654+0000] {local_task_job_runner.py:222} INFO - ::endgroup::
