[2025-09-01T10:26:33.340+0000] {local_task_job_runner.py:120} INFO - ::group::Pre task execution logs
[2025-09-01T10:26:33.366+0000] {taskinstance.py:2076} INFO - Dependencies all met for dep_context=non-requeueable deps ti=<TaskInstance: market_table_foreign.foreign_HNX scheduled__2025-08-31T17:28:00+00:00 [queued]>
[2025-09-01T10:26:33.375+0000] {taskinstance.py:2076} INFO - Dependencies all met for dep_context=requeueable deps ti=<TaskInstance: market_table_foreign.foreign_HNX scheduled__2025-08-31T17:28:00+00:00 [queued]>
[2025-09-01T10:26:33.376+0000] {taskinstance.py:2306} INFO - Starting attempt 1 of 11
[2025-09-01T10:26:33.389+0000] {taskinstance.py:2330} INFO - Executing <Task(PythonOperator): foreign_HNX> on 2025-08-31 17:28:00+00:00
[2025-09-01T10:26:33.398+0000] {standard_task_runner.py:63} INFO - Started process 2318461 to run task
[2025-09-01T10:26:33.401+0000] {standard_task_runner.py:90} INFO - Running: ['***', 'tasks', 'run', 'market_table_foreign', 'foreign_HNX', 'scheduled__2025-08-31T17:28:00+00:00', '--job-id', '42289', '--raw', '--subdir', 'DAGS_FOLDER/dag_market_live.py', '--cfg-path', '/tmp/tmp_6t4q7v0']
[2025-09-01T10:26:33.404+0000] {standard_task_runner.py:91} INFO - Job 42289: Subtask foreign_HNX
[2025-09-01T10:26:33.465+0000] {task_command.py:426} INFO - Running <TaskInstance: market_table_foreign.foreign_HNX scheduled__2025-08-31T17:28:00+00:00 [running]> on host 1877907bc043
[2025-09-01T10:26:33.568+0000] {taskinstance.py:2648} INFO - Exporting env vars: AIRFLOW_CTX_DAG_OWNER='***' AIRFLOW_CTX_DAG_ID='market_table_foreign' AIRFLOW_CTX_TASK_ID='foreign_HNX' AIRFLOW_CTX_EXECUTION_DATE='2025-08-31T17:28:00+00:00' AIRFLOW_CTX_TRY_NUMBER='1' AIRFLOW_CTX_DAG_RUN_ID='scheduled__2025-08-31T17:28:00+00:00'
[2025-09-01T10:26:33.569+0000] {taskinstance.py:430} INFO - ::endgroup::
[2025-09-01T10:26:33.584+0000] {foreign_HNX.py:17} INFO - Kết nối DB
[2025-09-01T10:26:33.946+0000] {foreign_HNX.py:42} INFO - Đã lưu foreign_HNX
[2025-09-01T10:26:33.947+0000] {python.py:237} INFO - Done. Returned value was: None
[2025-09-01T10:26:33.948+0000] {taskinstance.py:441} INFO - ::group::Post task execution logs
[2025-09-01T10:26:33.965+0000] {taskinstance.py:1206} INFO - Marking task as SUCCESS. dag_id=market_table_foreign, task_id=foreign_HNX, run_id=scheduled__2025-08-31T17:28:00+00:00, execution_date=20250831T172800, start_date=20250901T102633, end_date=20250901T102633
[2025-09-01T10:26:34.015+0000] {local_task_job_runner.py:240} INFO - Task exited with return code 0
[2025-09-01T10:26:34.038+0000] {taskinstance.py:3498} INFO - 0 downstream tasks scheduled from follow-on schedule check
[2025-09-01T10:26:34.039+0000] {local_task_job_runner.py:222} INFO - ::endgroup::
[2025-09-01T10:27:40.629+0000] {local_task_job_runner.py:120} INFO - ::group::Pre task execution logs
[2025-09-01T10:27:40.654+0000] {taskinstance.py:2076} INFO - Dependencies all met for dep_context=non-requeueable deps ti=<TaskInstance: market_table_foreign.foreign_HNX scheduled__2025-08-31T17:28:00+00:00 [queued]>
[2025-09-01T10:27:40.662+0000] {taskinstance.py:2076} INFO - Dependencies all met for dep_context=requeueable deps ti=<TaskInstance: market_table_foreign.foreign_HNX scheduled__2025-08-31T17:28:00+00:00 [queued]>
[2025-09-01T10:27:40.662+0000] {taskinstance.py:2306} INFO - Starting attempt 1 of 11
[2025-09-01T10:27:40.674+0000] {taskinstance.py:2330} INFO - Executing <Task(PythonOperator): foreign_HNX> on 2025-08-31 17:28:00+00:00
[2025-09-01T10:27:40.681+0000] {standard_task_runner.py:63} INFO - Started process 2319245 to run task
[2025-09-01T10:27:40.685+0000] {standard_task_runner.py:90} INFO - Running: ['***', 'tasks', 'run', 'market_table_foreign', 'foreign_HNX', 'scheduled__2025-08-31T17:28:00+00:00', '--job-id', '42519', '--raw', '--subdir', 'DAGS_FOLDER/dag_market_live.py', '--cfg-path', '/tmp/tmpkp7tdlhw']
[2025-09-01T10:27:40.688+0000] {standard_task_runner.py:91} INFO - Job 42519: Subtask foreign_HNX
[2025-09-01T10:27:40.738+0000] {task_command.py:426} INFO - Running <TaskInstance: market_table_foreign.foreign_HNX scheduled__2025-08-31T17:28:00+00:00 [running]> on host 1877907bc043
[2025-09-01T10:27:40.843+0000] {taskinstance.py:2648} INFO - Exporting env vars: AIRFLOW_CTX_DAG_OWNER='***' AIRFLOW_CTX_DAG_ID='market_table_foreign' AIRFLOW_CTX_TASK_ID='foreign_HNX' AIRFLOW_CTX_EXECUTION_DATE='2025-08-31T17:28:00+00:00' AIRFLOW_CTX_TRY_NUMBER='1' AIRFLOW_CTX_DAG_RUN_ID='scheduled__2025-08-31T17:28:00+00:00'
[2025-09-01T10:27:40.844+0000] {taskinstance.py:430} INFO - ::endgroup::
[2025-09-01T10:27:40.860+0000] {foreign_HNX.py:17} INFO - Kết nối DB
[2025-09-01T10:27:41.221+0000] {foreign_HNX.py:42} INFO - Đã lưu foreign_HNX
[2025-09-01T10:27:41.222+0000] {python.py:237} INFO - Done. Returned value was: None
[2025-09-01T10:27:41.223+0000] {taskinstance.py:441} INFO - ::group::Post task execution logs
[2025-09-01T10:27:41.236+0000] {taskinstance.py:1206} INFO - Marking task as SUCCESS. dag_id=market_table_foreign, task_id=foreign_HNX, run_id=scheduled__2025-08-31T17:28:00+00:00, execution_date=20250831T172800, start_date=20250901T102740, end_date=20250901T102741
[2025-09-01T10:27:41.299+0000] {local_task_job_runner.py:240} INFO - Task exited with return code 0
[2025-09-01T10:27:41.319+0000] {taskinstance.py:3498} INFO - 0 downstream tasks scheduled from follow-on schedule check
[2025-09-01T10:27:41.320+0000] {local_task_job_runner.py:222} INFO - ::endgroup::
