[2025-08-20T13:08:46.637+0000] {local_task_job_runner.py:120} INFO - ::group::Pre task execution logs
[2025-08-20T13:08:46.668+0000] {taskinstance.py:2076} INFO - Dependencies all met for dep_context=non-requeueable deps ti=<TaskInstance: crypto_collector_dag.run_crypto_collector scheduled__2025-08-20T13:07:00+00:00 [queued]>
[2025-08-20T13:08:46.678+0000] {taskinstance.py:2076} INFO - Dependencies all met for dep_context=requeueable deps ti=<TaskInstance: crypto_collector_dag.run_crypto_collector scheduled__2025-08-20T13:07:00+00:00 [queued]>
[2025-08-20T13:08:46.678+0000] {taskinstance.py:2306} INFO - Starting attempt 1 of 2
[2025-08-20T13:08:46.692+0000] {taskinstance.py:2330} INFO - Executing <Task(BashOperator): run_crypto_collector> on 2025-08-20 13:07:00+00:00
[2025-08-20T13:08:46.699+0000] {standard_task_runner.py:63} INFO - Started process 473013 to run task
[2025-08-20T13:08:46.703+0000] {standard_task_runner.py:90} INFO - Running: ['***', 'tasks', 'run', 'crypto_collector_dag', 'run_crypto_collector', 'scheduled__2025-08-20T13:07:00+00:00', '--job-id', '13968', '--raw', '--subdir', 'DAGS_FOLDER/crawl_crypto/dags_crypto.py', '--cfg-path', '/tmp/tmpbdplwq_n']
[2025-08-20T13:08:46.704+0000] {standard_task_runner.py:91} INFO - Job 13968: Subtask run_crypto_collector
[2025-08-20T13:08:46.762+0000] {task_command.py:426} INFO - Running <TaskInstance: crypto_collector_dag.run_crypto_collector scheduled__2025-08-20T13:07:00+00:00 [running]> on host 1877907bc043
[2025-08-20T13:08:46.863+0000] {taskinstance.py:2648} INFO - Exporting env vars: AIRFLOW_CTX_DAG_OWNER='***' AIRFLOW_CTX_DAG_ID='crypto_collector_dag' AIRFLOW_CTX_TASK_ID='run_crypto_collector' AIRFLOW_CTX_EXECUTION_DATE='2025-08-20T13:07:00+00:00' AIRFLOW_CTX_TRY_NUMBER='1' AIRFLOW_CTX_DAG_RUN_ID='scheduled__2025-08-20T13:07:00+00:00'
[2025-08-20T13:08:46.864+0000] {taskinstance.py:430} INFO - ::endgroup::
[2025-08-20T13:08:46.890+0000] {subprocess.py:63} INFO - Tmp dir root location: /tmp
[2025-08-20T13:08:46.891+0000] {subprocess.py:75} INFO - Running command: ['/usr/bin/bash', '-c', 'python3 /opt/***/dags/crawl_crypto/crawl_data_crypto.py']
[2025-08-20T13:08:46.906+0000] {subprocess.py:86} INFO - Output:
[2025-08-20T13:09:45.629+0000] {subprocess.py:93} INFO - 🔹 Kết nối DB...
[2025-08-20T13:09:45.630+0000] {subprocess.py:93} INFO - 🔹 Lấy top 100 crypto...
[2025-08-20T13:09:45.630+0000] {subprocess.py:93} INFO - Top 100: ['ETHUSDT', 'USDCUSDT', 'BTCUSDT', 'SOLUSDT', 'DOGEUSDT', 'XRPUSDT', 'FDUSDUSDT', 'ADAUSDT', 'LINKUSDT', 'TRXUSDT', 'BNBUSDT', 'PROVEUSDT', 'SUIUSDT', 'ENAUSDT', 'AEURUSDT', 'PEPEUSDT', 'PENGUUSDT', 'API3USDT', 'ARBUSDT', 'BIOUSDT', 'UNIUSDT', 'LTCUSDT', 'AVAXUSDT', 'CRVUSDT', 'HBARUSDT', 'TRUMPUSDT', 'SEIUSDT', 'CFXUSDT', 'WLDUSDT', 'AAVEUSDT', 'BONKUSDT', 'OGNUSDT', 'SUSDT', 'WIFUSDT', 'LDOUSDT', 'DOTUSDT', 'XLMUSDT', 'FLOKIUSDT', 'UMAUSDT', 'POLUSDT', 'PLUMEUSDT', 'NEARUSDT', 'APTUSDT', 'TAOUSDT', 'OPUSDT', 'MEMEUSDT', 'TONUSDT', 'USD1USDT', 'RADUSDT', 'ETHFIUSDT', 'TOWNSUSDT', 'EURUSDT', 'PENDLEUSDT', 'ONDOUSDT', 'BCHUSDT', 'SHIBUSDT', 'VIRTUALUSDT', 'PNUTUSDT', 'PHAUSDT', 'INJUSDT', 'FILUSDT', 'NEOUSDT', 'TIAUSDT', 'ETCUSDT', 'XUSDUSDT', 'SPKUSDT', 'KERNELUSDT', 'NEIROUSDT', 'BFUSDUSDT', 'RAREUSDT', 'HYPERUSDT', 'FETUSDT', 'ALGOUSDT', 'CAKEUSDT', 'IOUSDT', 'OGUSDT', 'RAYUSDT', 'EIGENUSDT', 'RENDERUSDT', 'PAXGUSDT', 'EPICUSDT', 'ICPUSDT', 'RUNEUSDT', 'MAVUSDT', 'GALAUSDT', 'ASRUSDT', 'VETUSDT', 'CTSIUSDT', 'ALPINEUSDT', 'SYRUPUSDT', 'VICUSDT', 'BANDUSDT', 'AUDIOUSDT', 'WBTCUSDT', 'BANANAS31USDT', 'CUSDT', 'AIXBTUSDT', 'BERAUSDT', 'ORDIUSDT', 'STXUSDT']
[2025-08-20T13:09:45.630+0000] {subprocess.py:93} INFO - 🔹 Lưu lịch sử giá vào DB bằng threading...
[2025-08-20T13:09:45.631+0000] {subprocess.py:93} INFO - ✅ USDCUSDT: thêm 2 dòng mới
[2025-08-20T13:09:45.631+0000] {subprocess.py:93} INFO - 1/100 USDCUSDT lưu OK
[2025-08-20T13:09:45.631+0000] {subprocess.py:93} INFO - ✅ BNBUSDT: thêm 2 dòng mới
[2025-08-20T13:09:45.632+0000] {subprocess.py:93} INFO - 2/100 BNBUSDT lưu OK
[2025-08-20T13:09:45.632+0000] {subprocess.py:93} INFO - ✅ PROVEUSDT: thêm 2 dòng mới
[2025-08-20T13:09:45.632+0000] {subprocess.py:93} INFO - 3/100 PROVEUSDT lưu OK
[2025-08-20T13:09:45.633+0000] {subprocess.py:93} INFO - ✅ SUIUSDT: thêm 2 dòng mới
[2025-08-20T13:09:45.633+0000] {subprocess.py:93} INFO - 4/100 SUIUSDT lưu OK
[2025-08-20T13:09:45.633+0000] {subprocess.py:93} INFO - ✅ TRXUSDT: thêm 2 dòng mới
[2025-08-20T13:09:45.634+0000] {subprocess.py:93} INFO - 5/100 TRXUSDT lưu OK
[2025-08-20T13:09:45.634+0000] {subprocess.py:93} INFO - ✅ ENAUSDT: thêm 2 dòng mới
[2025-08-20T13:09:45.634+0000] {subprocess.py:93} INFO - 6/100 ENAUSDT lưu OK
[2025-08-20T13:09:45.634+0000] {subprocess.py:93} INFO - ✅ BTCUSDT: thêm 1 dòng mới
[2025-08-20T13:09:45.635+0000] {subprocess.py:93} INFO - 7/100 BTCUSDT lưu OK
[2025-08-20T13:09:45.635+0000] {subprocess.py:93} INFO - ✅ SOLUSDT: thêm 2 dòng mới
[2025-08-20T13:09:45.635+0000] {subprocess.py:93} INFO - 8/100 SOLUSDT lưu OK
[2025-08-20T13:09:45.635+0000] {subprocess.py:93} INFO - ✅ PEPEUSDT: thêm 2 dòng mới
[2025-08-20T13:09:45.636+0000] {subprocess.py:93} INFO - 9/100 PEPEUSDT lưu OK
[2025-08-20T13:09:45.636+0000] {subprocess.py:93} INFO - 10/100 AEURUSDT lỗi: relation "cryptocurrency.aeurusdt" does not exist
[2025-08-20T13:09:45.636+0000] {subprocess.py:93} INFO - LINE 1: SELECT MAX(time) FROM cryptocurrency.aeurusdt;
[2025-08-20T13:09:45.637+0000] {subprocess.py:93} INFO -                               ^
[2025-08-20T13:09:45.637+0000] {subprocess.py:93} INFO - 
[2025-08-20T13:09:45.637+0000] {subprocess.py:93} INFO - ✅ API3USDT: thêm 2 dòng mới
[2025-08-20T13:09:45.637+0000] {subprocess.py:93} INFO - 11/100 API3USDT lưu OK
[2025-08-20T13:09:45.638+0000] {subprocess.py:93} INFO - ✅ ARBUSDT: thêm 3 dòng mới
[2025-08-20T13:09:45.638+0000] {subprocess.py:93} INFO - 12/100 ARBUSDT lưu OK
[2025-08-20T13:09:45.638+0000] {subprocess.py:93} INFO - ✅ XRPUSDT: thêm 2 dòng mới
[2025-08-20T13:09:45.638+0000] {subprocess.py:93} INFO - 13/100 XRPUSDT lưu OK
[2025-08-20T13:09:45.639+0000] {subprocess.py:93} INFO - ✅ AVAXUSDT: thêm 3 dòng mới
[2025-08-20T13:09:45.639+0000] {subprocess.py:93} INFO - 14/100 AVAXUSDT lưu OK
[2025-08-20T13:09:45.639+0000] {subprocess.py:93} INFO - ✅ UNIUSDT: thêm 3 dòng mới
[2025-08-20T13:09:45.640+0000] {subprocess.py:93} INFO - 15/100 UNIUSDT lưu OK
[2025-08-20T13:09:45.640+0000] {subprocess.py:93} INFO - ✅ PENGUUSDT: thêm 3 dòng mới
[2025-08-20T13:09:45.640+0000] {subprocess.py:93} INFO - 16/100 PENGUUSDT lưu OK
[2025-08-20T13:09:45.640+0000] {subprocess.py:93} INFO - ✅ CRVUSDT: thêm 3 dòng mới
[2025-08-20T13:09:45.641+0000] {subprocess.py:93} INFO - 17/100 CRVUSDT lưu OK
[2025-08-20T13:09:45.641+0000] {subprocess.py:93} INFO - 18/100 BIOUSDT lỗi: relation "cryptocurrency.biousdt" does not exist
[2025-08-20T13:09:45.641+0000] {subprocess.py:93} INFO - LINE 1: SELECT MAX(time) FROM cryptocurrency.biousdt;
[2025-08-20T13:09:45.642+0000] {subprocess.py:93} INFO -                               ^
[2025-08-20T13:09:45.642+0000] {subprocess.py:93} INFO - 
[2025-08-20T13:09:45.642+0000] {subprocess.py:93} INFO - ✅ CFXUSDT: thêm 3 dòng mới
[2025-08-20T13:09:45.643+0000] {subprocess.py:93} INFO - 19/100 CFXUSDT lưu OK
[2025-08-20T13:09:45.643+0000] {subprocess.py:93} INFO - ✅ HBARUSDT: thêm 3 dòng mới
[2025-08-20T13:09:45.643+0000] {subprocess.py:93} INFO - 20/100 HBARUSDT lưu OK
[2025-08-20T13:09:45.644+0000] {subprocess.py:93} INFO - ✅ TRUMPUSDT: thêm 3 dòng mới
[2025-08-20T13:09:45.644+0000] {subprocess.py:93} INFO - 21/100 TRUMPUSDT lưu OK
[2025-08-20T13:09:45.644+0000] {subprocess.py:93} INFO - ✅ BONKUSDT: thêm 3 dòng mới
[2025-08-20T13:09:45.644+0000] {subprocess.py:93} INFO - 22/100 BONKUSDT lưu OK
[2025-08-20T13:09:45.645+0000] {subprocess.py:93} INFO - ✅ OGNUSDT: thêm 3 dòng mới
[2025-08-20T13:09:45.645+0000] {subprocess.py:93} INFO - 23/100 OGNUSDT lưu OK
[2025-08-20T13:09:45.645+0000] {subprocess.py:93} INFO - ✅ LTCUSDT: thêm 3 dòng mới
[2025-08-20T13:09:45.646+0000] {subprocess.py:93} INFO - 24/100 LTCUSDT lưu OK
[2025-08-20T13:09:45.646+0000] {subprocess.py:93} INFO - ✅ WLDUSDT: thêm 3 dòng mới
[2025-08-20T13:09:45.646+0000] {subprocess.py:93} INFO - 25/100 WLDUSDT lưu OK
[2025-08-20T13:09:45.646+0000] {subprocess.py:93} INFO - ✅ WIFUSDT: thêm 3 dòng mới
[2025-08-20T13:09:45.647+0000] {subprocess.py:93} INFO - 26/100 WIFUSDT lưu OK
[2025-08-20T13:09:45.647+0000] {subprocess.py:93} INFO - ✅ AAVEUSDT: thêm 3 dòng mới
[2025-08-20T13:09:45.647+0000] {subprocess.py:93} INFO - 27/100 AAVEUSDT lưu OK
[2025-08-20T13:09:45.648+0000] {subprocess.py:93} INFO - ✅ XLMUSDT: thêm 3 dòng mới
[2025-08-20T13:09:45.648+0000] {subprocess.py:93} INFO - 28/100 XLMUSDT lưu OK
[2025-08-20T13:09:45.648+0000] {subprocess.py:93} INFO - ✅ DOTUSDT: thêm 3 dòng mới
[2025-08-20T13:09:45.648+0000] {subprocess.py:93} INFO - 29/100 DOTUSDT lưu OK
[2025-08-20T13:09:45.649+0000] {subprocess.py:93} INFO - 30/100 UMAUSDT lỗi: relation "cryptocurrency.umausdt" does not exist
[2025-08-20T13:09:45.649+0000] {subprocess.py:93} INFO - LINE 1: SELECT MAX(time) FROM cryptocurrency.umausdt;
[2025-08-20T13:09:45.649+0000] {subprocess.py:93} INFO -                               ^
[2025-08-20T13:09:45.649+0000] {subprocess.py:93} INFO - 
[2025-08-20T13:09:45.650+0000] {subprocess.py:93} INFO - ✅ POLUSDT: thêm 3 dòng mới
[2025-08-20T13:09:45.650+0000] {subprocess.py:93} INFO - 31/100 POLUSDT lưu OK
[2025-08-20T13:09:45.650+0000] {subprocess.py:93} INFO - ✅ SUSDT: thêm 3 dòng mới
[2025-08-20T13:09:45.650+0000] {subprocess.py:93} INFO - 32/100 SUSDT lưu OK
[2025-08-20T13:09:45.651+0000] {subprocess.py:93} INFO - 33/100 PLUMEUSDT lỗi: relation "cryptocurrency.plumeusdt" does not exist
[2025-08-20T13:09:45.651+0000] {subprocess.py:93} INFO - LINE 1: SELECT MAX(time) FROM cryptocurrency.plumeusdt;
[2025-08-20T13:09:45.651+0000] {subprocess.py:93} INFO -                               ^
[2025-08-20T13:09:45.652+0000] {subprocess.py:93} INFO - 
[2025-08-20T13:09:45.652+0000] {subprocess.py:93} INFO - ✅ LDOUSDT: thêm 3 dòng mới
[2025-08-20T13:09:45.652+0000] {subprocess.py:93} INFO - 34/100 LDOUSDT lưu OK
[2025-08-20T13:09:45.653+0000] {subprocess.py:93} INFO - ✅ TAOUSDT: thêm 3 dòng mới
[2025-08-20T13:09:45.653+0000] {subprocess.py:93} INFO - 35/100 TAOUSDT lưu OK
[2025-08-20T13:09:45.653+0000] {subprocess.py:93} INFO - ✅ NEARUSDT: thêm 3 dòng mới
[2025-08-20T13:09:45.653+0000] {subprocess.py:93} INFO - 36/100 NEARUSDT lưu OK
[2025-08-20T13:09:45.654+0000] {subprocess.py:93} INFO - ✅ FLOKIUSDT: thêm 3 dòng mới
[2025-08-20T13:09:45.654+0000] {subprocess.py:93} INFO - 37/100 FLOKIUSDT lưu OK
[2025-08-20T13:09:45.654+0000] {subprocess.py:93} INFO - ✅ OPUSDT: thêm 3 dòng mới
[2025-08-20T13:09:45.655+0000] {subprocess.py:93} INFO - 38/100 OPUSDT lưu OK
[2025-08-20T13:09:45.655+0000] {subprocess.py:93} INFO - 39/100 MEMEUSDT lỗi: relation "cryptocurrency.memeusdt" does not exist
[2025-08-20T13:09:45.655+0000] {subprocess.py:93} INFO - LINE 1: SELECT MAX(time) FROM cryptocurrency.memeusdt;
[2025-08-20T13:09:45.655+0000] {subprocess.py:93} INFO -                               ^
[2025-08-20T13:09:45.656+0000] {subprocess.py:93} INFO - 
[2025-08-20T13:09:45.656+0000] {subprocess.py:93} INFO - ✅ TONUSDT: thêm 3 dòng mới
[2025-08-20T13:09:45.656+0000] {subprocess.py:93} INFO - 40/100 TONUSDT lưu OK
[2025-08-20T13:09:45.657+0000] {subprocess.py:93} INFO - 41/100 USD1USDT lỗi: relation "cryptocurrency.usd1usdt" does not exist
[2025-08-20T13:09:45.657+0000] {subprocess.py:93} INFO - LINE 1: SELECT MAX(time) FROM cryptocurrency.usd1usdt;
[2025-08-20T13:09:45.657+0000] {subprocess.py:93} INFO -                               ^
[2025-08-20T13:09:45.657+0000] {subprocess.py:93} INFO - 
[2025-08-20T13:09:45.658+0000] {subprocess.py:93} INFO - ✅ APTUSDT: thêm 3 dòng mới
[2025-08-20T13:09:45.658+0000] {subprocess.py:93} INFO - 42/100 APTUSDT lưu OK
[2025-08-20T13:09:45.658+0000] {subprocess.py:93} INFO - ✅ TOWNSUSDT: thêm 3 dòng mới
[2025-08-20T13:09:45.658+0000] {subprocess.py:93} INFO - 43/100 TOWNSUSDT lưu OK
[2025-08-20T13:09:45.659+0000] {subprocess.py:93} INFO - ✅ SEIUSDT: thêm 3 dòng mới
[2025-08-20T13:09:45.659+0000] {subprocess.py:93} INFO - 44/100 SEIUSDT lưu OK
[2025-08-20T13:09:45.659+0000] {subprocess.py:93} INFO - 45/100 RADUSDT lỗi: relation "cryptocurrency.radusdt" does not exist
[2025-08-20T13:09:45.660+0000] {subprocess.py:93} INFO - LINE 1: SELECT MAX(time) FROM cryptocurrency.radusdt;
[2025-08-20T13:09:45.660+0000] {subprocess.py:93} INFO -                               ^
[2025-08-20T13:09:45.660+0000] {subprocess.py:93} INFO - 
[2025-08-20T13:09:45.660+0000] {subprocess.py:93} INFO - ✅ LINKUSDT: thêm 2 dòng mới
[2025-08-20T13:09:45.661+0000] {subprocess.py:93} INFO - ✅ ETHUSDT: thêm 2 dòng mới
[2025-08-20T13:09:45.661+0000] {subprocess.py:93} INFO - ✅ FDUSDUSDT: thêm 1 dòng mới
[2025-08-20T13:09:45.661+0000] {subprocess.py:93} INFO - 46/100 LINKUSDT lưu OK
[2025-08-20T13:09:45.662+0000] {subprocess.py:93} INFO - 47/100 ETHUSDT lưu OK
[2025-08-20T13:09:45.662+0000] {subprocess.py:93} INFO - 48/100 FDUSDUSDT lưu OK
[2025-08-20T13:09:45.662+0000] {subprocess.py:93} INFO - ✅ ADAUSDT: thêm 4 dòng mới
[2025-08-20T13:09:45.662+0000] {subprocess.py:93} INFO - 49/100 ADAUSDT lưu OK
[2025-08-20T13:09:45.663+0000] {subprocess.py:93} INFO - ✅ DOGEUSDT: thêm 1 dòng mới
[2025-08-20T13:09:45.663+0000] {subprocess.py:93} INFO - 50/100 DOGEUSDT lưu OK
[2025-08-20T13:09:45.663+0000] {subprocess.py:93} INFO - ✅ BCHUSDT: thêm 2 dòng mới
[2025-08-20T13:09:45.664+0000] {subprocess.py:93} INFO - 51/100 BCHUSDT lưu OK
[2025-08-20T13:09:45.664+0000] {subprocess.py:93} INFO - ✅ FILUSDT: thêm 2 dòng mới
[2025-08-20T13:09:45.664+0000] {subprocess.py:93} INFO - 52/100 FILUSDT lưu OK
[2025-08-20T13:09:45.665+0000] {subprocess.py:93} INFO - 53/100 NEOUSDT lỗi: relation "cryptocurrency.neousdt" does not exist
[2025-08-20T13:09:45.665+0000] {subprocess.py:93} INFO - LINE 1: SELECT MAX(time) FROM cryptocurrency.neousdt;
[2025-08-20T13:09:45.665+0000] {subprocess.py:93} INFO -                               ^
[2025-08-20T13:09:45.665+0000] {subprocess.py:93} INFO - 
[2025-08-20T13:09:45.666+0000] {subprocess.py:93} INFO - ✅ TIAUSDT: thêm 2 dòng mới
[2025-08-20T13:09:45.666+0000] {subprocess.py:93} INFO - 54/100 TIAUSDT lưu OK
[2025-08-20T13:09:45.666+0000] {subprocess.py:93} INFO - ✅ ETCUSDT: thêm 2 dòng mới
[2025-08-20T13:09:45.667+0000] {subprocess.py:93} INFO - 55/100 ETCUSDT lưu OK
[2025-08-20T13:09:45.667+0000] {subprocess.py:93} INFO - 56/100 PHAUSDT lỗi: relation "cryptocurrency.phausdt" does not exist
[2025-08-20T13:09:45.667+0000] {subprocess.py:93} INFO - LINE 1: SELECT MAX(time) FROM cryptocurrency.phausdt;
[2025-08-20T13:09:45.667+0000] {subprocess.py:93} INFO -                               ^
[2025-08-20T13:09:45.668+0000] {subprocess.py:93} INFO - 
[2025-08-20T13:09:45.668+0000] {subprocess.py:93} INFO - ✅ VIRTUALUSDT: thêm 2 dòng mới
[2025-08-20T13:09:45.668+0000] {subprocess.py:93} INFO - 57/100 VIRTUALUSDT lưu OK
[2025-08-20T13:09:45.668+0000] {subprocess.py:93} INFO - ✅ ONDOUSDT: thêm 2 dòng mới
[2025-08-20T13:09:45.669+0000] {subprocess.py:93} INFO - 58/100 ONDOUSDT lưu OK
[2025-08-20T13:09:45.669+0000] {subprocess.py:93} INFO - ✅ SHIBUSDT: thêm 2 dòng mới
[2025-08-20T13:09:45.669+0000] {subprocess.py:93} INFO - 59/100 SHIBUSDT lưu OK
[2025-08-20T13:09:45.670+0000] {subprocess.py:93} INFO - ✅ BFUSDUSDT: thêm 2 dòng mới
[2025-08-20T13:09:45.670+0000] {subprocess.py:93} INFO - 60/100 BFUSDUSDT lưu OK
[2025-08-20T13:09:45.670+0000] {subprocess.py:93} INFO - ✅ NEIROUSDT: thêm 2 dòng mới
[2025-08-20T13:09:45.670+0000] {subprocess.py:93} INFO - 61/100 NEIROUSDT lưu OK
[2025-08-20T13:09:45.671+0000] {subprocess.py:93} INFO - ✅ RAREUSDT: thêm 2 dòng mới
[2025-08-20T13:09:45.671+0000] {subprocess.py:93} INFO - 62/100 RAREUSDT lưu OK
[2025-08-20T13:09:45.671+0000] {subprocess.py:93} INFO - 63/100 HYPERUSDT lỗi: relation "cryptocurrency.hyperusdt" does not exist
[2025-08-20T13:09:45.672+0000] {subprocess.py:93} INFO - LINE 1: SELECT MAX(time) FROM cryptocurrency.hyperusdt;
[2025-08-20T13:09:45.672+0000] {subprocess.py:93} INFO -                               ^
[2025-08-20T13:09:45.672+0000] {subprocess.py:93} INFO - 
[2025-08-20T13:09:45.672+0000] {subprocess.py:93} INFO - ✅ ALGOUSDT: thêm 2 dòng mới
[2025-08-20T13:09:45.673+0000] {subprocess.py:93} INFO - 64/100 ALGOUSDT lưu OK
[2025-08-20T13:09:45.673+0000] {subprocess.py:93} INFO - ⚠️ EURUSDT lỗi lần 1/3: HTTPSConnectionPool(host='api.binance.com', port=443): Max retries exceeded with url: /api/v3/klines?symbol=EURUSDT&interval=1m&limit=100 (Caused by ConnectTimeoutError(<urllib3.connection.HTTPSConnection object at 0x7ff8c93365f0>, 'Connection to api.binance.com timed out. (connect timeout=15)'))
[2025-08-20T13:09:45.673+0000] {subprocess.py:93} INFO - ⚠️ PENDLEUSDT lỗi lần 1/3: HTTPSConnectionPool(host='api.binance.com', port=443): Max retries exceeded with url: /api/v3/klines?symbol=PENDLEUSDT&interval=1m&limit=100 (Caused by ConnectTimeoutError(<urllib3.connection.HTTPSConnection object at 0x7ff8c934d720>, 'Connection to api.binance.com timed out. (connect timeout=15)'))
[2025-08-20T13:09:45.674+0000] {subprocess.py:93} INFO - ✅ FETUSDT: thêm 2 dòng mới
[2025-08-20T13:09:45.674+0000] {subprocess.py:93} INFO - 65/100 FETUSDT lưu OK
[2025-08-20T13:09:45.674+0000] {subprocess.py:93} INFO - 66/100 IOUSDT lỗi: relation "cryptocurrency.iousdt" does not exist
[2025-08-20T13:09:45.675+0000] {subprocess.py:93} INFO - LINE 1: SELECT MAX(time) FROM cryptocurrency.iousdt;
[2025-08-20T13:09:45.675+0000] {subprocess.py:93} INFO -                               ^
[2025-08-20T13:09:45.675+0000] {subprocess.py:93} INFO - 
[2025-08-20T13:09:45.676+0000] {subprocess.py:93} INFO - ✅ OGUSDT: thêm 2 dòng mới
[2025-08-20T13:09:45.676+0000] {subprocess.py:93} INFO - 67/100 OGUSDT lưu OK
[2025-08-20T13:09:45.676+0000] {subprocess.py:93} INFO - 68/100 KERNELUSDT lỗi: relation "cryptocurrency.kernelusdt" does not exist
[2025-08-20T13:09:45.676+0000] {subprocess.py:93} INFO - LINE 1: SELECT MAX(time) FROM cryptocurrency.kernelusdt;
[2025-08-20T13:09:45.677+0000] {subprocess.py:93} INFO -                               ^
[2025-08-20T13:09:45.677+0000] {subprocess.py:93} INFO - 
[2025-08-20T13:09:45.677+0000] {subprocess.py:93} INFO - ✅ XUSDUSDT: thêm 2 dòng mới
[2025-08-20T13:09:45.677+0000] {subprocess.py:93} INFO - 69/100 XUSDUSDT lưu OK
[2025-08-20T13:09:45.678+0000] {subprocess.py:93} INFO - ✅ EURUSDT: thêm 2 dòng mới
[2025-08-20T13:09:45.678+0000] {subprocess.py:93} INFO - 70/100 EURUSDT lưu OK
[2025-08-20T13:09:45.678+0000] {subprocess.py:93} INFO - ✅ EIGENUSDT: thêm 2 dòng mới
[2025-08-20T13:09:45.679+0000] {subprocess.py:93} INFO - 71/100 EIGENUSDT lưu OK
[2025-08-20T13:09:45.679+0000] {subprocess.py:93} INFO - ⚠️ PNUTUSDT lỗi lần 1/3: HTTPSConnectionPool(host='api.binance.com', port=443): Max retries exceeded with url: /api/v3/klines?symbol=PNUTUSDT&interval=1m&limit=100 (Caused by ConnectTimeoutError(<urllib3.connection.HTTPSConnection object at 0x7ff8c934f760>, 'Connection to api.binance.com timed out. (connect timeout=15)'))
[2025-08-20T13:09:45.679+0000] {subprocess.py:93} INFO - ⚠️ INJUSDT lỗi lần 1/3: HTTPSConnectionPool(host='api.binance.com', port=443): Max retries exceeded with url: /api/v3/klines?symbol=INJUSDT&interval=1m&limit=100 (Caused by ConnectTimeoutError(<urllib3.connection.HTTPSConnection object at 0x7ff8c93494e0>, 'Connection to api.binance.com timed out. (connect timeout=15)'))
[2025-08-20T13:09:45.679+0000] {subprocess.py:93} INFO - ✅ PENDLEUSDT: thêm 2 dòng mới
[2025-08-20T13:09:45.680+0000] {subprocess.py:93} INFO - 72/100 PENDLEUSDT lưu OK
[2025-08-20T13:09:45.680+0000] {subprocess.py:93} INFO - 73/100 PAXGUSDT lỗi: relation "cryptocurrency.paxgusdt" does not exist
[2025-08-20T13:09:45.680+0000] {subprocess.py:93} INFO - LINE 1: SELECT MAX(time) FROM cryptocurrency.paxgusdt;
[2025-08-20T13:09:45.681+0000] {subprocess.py:93} INFO -                               ^
[2025-08-20T13:09:45.681+0000] {subprocess.py:93} INFO - 
[2025-08-20T13:09:45.681+0000] {subprocess.py:93} INFO - ✅ CAKEUSDT: thêm 2 dòng mới
[2025-08-20T13:09:45.681+0000] {subprocess.py:93} INFO - 74/100 CAKEUSDT lưu OK
[2025-08-20T13:11:34.328+0000] {subprocess.py:93} INFO - 75/100 RUNEUSDT lỗi: relation "cryptocurrency.runeusdt" does not exist
[2025-08-20T13:11:34.329+0000] {subprocess.py:93} INFO - LINE 1: SELECT MAX(time) FROM cryptocurrency.runeusdt;
[2025-08-20T13:11:34.329+0000] {subprocess.py:93} INFO -                               ^
[2025-08-20T13:11:34.329+0000] {subprocess.py:93} INFO - 
[2025-08-20T13:11:34.329+0000] {subprocess.py:93} INFO - ✅ ICPUSDT: thêm 2 dòng mới
[2025-08-20T13:11:34.330+0000] {subprocess.py:93} INFO - 76/100 ICPUSDT lưu OK
[2025-08-20T13:11:34.330+0000] {subprocess.py:93} INFO - ⚠️ SPKUSDT lỗi lần 1/3: HTTPSConnectionPool(host='api.binance.com', port=443): Max retries exceeded with url: /api/v3/klines?symbol=SPKUSDT&interval=1m&limit=100 (Caused by ConnectTimeoutError(<urllib3.connection.HTTPSConnection object at 0x7ff8c934b6a0>, 'Connection to api.binance.com timed out. (connect timeout=15)'))
[2025-08-20T13:11:34.330+0000] {subprocess.py:93} INFO - ✅ RAYUSDT: thêm 2 dòng mới
[2025-08-20T13:11:34.331+0000] {subprocess.py:93} INFO - 77/100 RAYUSDT lưu OK
[2025-08-20T13:11:34.331+0000] {subprocess.py:93} INFO - ✅ ASRUSDT: thêm 2 dòng mới
[2025-08-20T13:11:34.331+0000] {subprocess.py:93} INFO - 78/100 ASRUSDT lưu OK
[2025-08-20T13:11:34.331+0000] {subprocess.py:93} INFO - ✅ MAVUSDT: thêm 2 dòng mới
[2025-08-20T13:11:34.331+0000] {subprocess.py:93} INFO - 79/100 MAVUSDT lưu OK
[2025-08-20T13:11:34.332+0000] {subprocess.py:93} INFO - ✅ RENDERUSDT: thêm 2 dòng mới
[2025-08-20T13:11:34.332+0000] {subprocess.py:93} INFO - 80/100 RENDERUSDT lưu OK
[2025-08-20T13:11:34.332+0000] {subprocess.py:93} INFO - ✅ GALAUSDT: thêm 2 dòng mới
[2025-08-20T13:11:34.332+0000] {subprocess.py:93} INFO - 81/100 GALAUSDT lưu OK
[2025-08-20T13:11:34.333+0000] {subprocess.py:93} INFO - ✅ ALPINEUSDT: thêm 2 dòng mới
[2025-08-20T13:11:34.333+0000] {subprocess.py:93} INFO - 82/100 ALPINEUSDT lưu OK
[2025-08-20T13:11:34.333+0000] {subprocess.py:93} INFO - ✅ PNUTUSDT: thêm 2 dòng mới
[2025-08-20T13:11:34.333+0000] {subprocess.py:93} INFO - 83/100 PNUTUSDT lưu OK
[2025-08-20T13:11:34.334+0000] {subprocess.py:93} INFO - ✅ SPKUSDT: thêm 2 dòng mới
[2025-08-20T13:11:34.334+0000] {subprocess.py:93} INFO - 84/100 SPKUSDT lưu OK
[2025-08-20T13:11:34.334+0000] {subprocess.py:93} INFO - 85/100 BANDUSDT lỗi: relation "cryptocurrency.bandusdt" does not exist
[2025-08-20T13:11:34.334+0000] {subprocess.py:93} INFO - LINE 1: SELECT MAX(time) FROM cryptocurrency.bandusdt;
[2025-08-20T13:11:34.334+0000] {subprocess.py:93} INFO -                               ^
[2025-08-20T13:11:34.335+0000] {subprocess.py:93} INFO - 
[2025-08-20T13:11:34.335+0000] {subprocess.py:93} INFO - ⚠️ EPICUSDT lỗi lần 1/3: HTTPSConnectionPool(host='api.binance.com', port=443): Max retries exceeded with url: /api/v3/klines?symbol=EPICUSDT&interval=1m&limit=100 (Caused by ConnectTimeoutError(<urllib3.connection.HTTPSConnection object at 0x7ff8c9377a90>, 'Connection to api.binance.com timed out. (connect timeout=15)'))
[2025-08-20T13:11:34.335+0000] {subprocess.py:93} INFO - 86/100 BANANAS31USDT lỗi: relation "cryptocurrency.bananas31usdt" does not exist
[2025-08-20T13:11:34.335+0000] {subprocess.py:93} INFO - LINE 1: SELECT MAX(time) FROM cryptocurrency.bananas31usdt;
[2025-08-20T13:11:34.336+0000] {subprocess.py:93} INFO -                               ^
[2025-08-20T13:11:34.336+0000] {subprocess.py:93} INFO - 
[2025-08-20T13:11:34.336+0000] {subprocess.py:93} INFO - ✅ SYRUPUSDT: thêm 2 dòng mới
[2025-08-20T13:11:34.336+0000] {subprocess.py:93} INFO - 87/100 SYRUPUSDT lưu OK
[2025-08-20T13:11:34.336+0000] {subprocess.py:93} INFO - 88/100 AUDIOUSDT lỗi: relation "cryptocurrency.audiousdt" does not exist
[2025-08-20T13:11:34.337+0000] {subprocess.py:93} INFO - LINE 1: SELECT MAX(time) FROM cryptocurrency.audiousdt;
[2025-08-20T13:11:34.337+0000] {subprocess.py:93} INFO -                               ^
[2025-08-20T13:11:34.337+0000] {subprocess.py:93} INFO - 
[2025-08-20T13:11:34.337+0000] {subprocess.py:93} INFO - 89/100 WBTCUSDT lỗi: relation "cryptocurrency.wbtcusdt" does not exist
[2025-08-20T13:11:34.338+0000] {subprocess.py:93} INFO - LINE 1: SELECT MAX(time) FROM cryptocurrency.wbtcusdt;
[2025-08-20T13:11:34.338+0000] {subprocess.py:93} INFO -                               ^
[2025-08-20T13:11:34.338+0000] {subprocess.py:93} INFO - 
[2025-08-20T13:11:34.338+0000] {subprocess.py:93} INFO - ✅ BERAUSDT: thêm 3 dòng mới
[2025-08-20T13:11:34.339+0000] {subprocess.py:93} INFO - 90/100 BERAUSDT lưu OK
[2025-08-20T13:11:34.339+0000] {subprocess.py:93} INFO - 91/100 AIXBTUSDT lỗi: relation "cryptocurrency.aixbtusdt" does not exist
[2025-08-20T13:11:34.339+0000] {subprocess.py:93} INFO - LINE 1: SELECT MAX(time) FROM cryptocurrency.aixbtusdt;
[2025-08-20T13:11:34.339+0000] {subprocess.py:93} INFO -                               ^
[2025-08-20T13:11:34.340+0000] {subprocess.py:93} INFO - 
[2025-08-20T13:11:34.340+0000] {subprocess.py:93} INFO - ⚠️ VETUSDT lỗi lần 1/3: HTTPSConnectionPool(host='api.binance.com', port=443): Max retries exceeded with url: /api/v3/klines?symbol=VETUSDT&interval=1m&limit=100 (Caused by ConnectTimeoutError(<urllib3.connection.HTTPSConnection object at 0x7ff8c934c940>, 'Connection to api.binance.com timed out. (connect timeout=15)'))
[2025-08-20T13:11:34.340+0000] {subprocess.py:93} INFO - ⚠️ CTSIUSDT lỗi lần 1/3: HTTPSConnectionPool(host='api.binance.com', port=443): Max retries exceeded with url: /api/v3/klines?symbol=CTSIUSDT&interval=1m&limit=100 (Caused by ConnectTimeoutError(<urllib3.connection.HTTPSConnection object at 0x7ff8c8360340>, 'Connection to api.binance.com timed out. (connect timeout=15)'))
[2025-08-20T13:11:34.341+0000] {subprocess.py:93} INFO - ✅ CTSIUSDT: thêm 3 dòng mới
[2025-08-20T13:11:34.341+0000] {subprocess.py:93} INFO - 92/100 CTSIUSDT lưu OK
[2025-08-20T13:11:34.341+0000] {subprocess.py:93} INFO - 93/100 CUSDT lỗi: relation "cryptocurrency.cusdt" does not exist
[2025-08-20T13:11:34.341+0000] {subprocess.py:93} INFO - LINE 1: SELECT MAX(time) FROM cryptocurrency.cusdt;
[2025-08-20T13:11:34.342+0000] {subprocess.py:93} INFO -                               ^
[2025-08-20T13:11:34.342+0000] {subprocess.py:93} INFO - 
[2025-08-20T13:11:34.342+0000] {subprocess.py:93} INFO - 94/100 VETUSDT lỗi: relation "cryptocurrency.vetusdt" does not exist
[2025-08-20T13:11:34.343+0000] {subprocess.py:93} INFO - LINE 1: SELECT MAX(time) FROM cryptocurrency.vetusdt;
[2025-08-20T13:11:34.343+0000] {subprocess.py:93} INFO -                               ^
[2025-08-20T13:11:34.343+0000] {subprocess.py:93} INFO - 
[2025-08-20T13:11:34.344+0000] {subprocess.py:93} INFO - ✅ EPICUSDT: thêm 3 dòng mới
[2025-08-20T13:11:34.344+0000] {subprocess.py:93} INFO - 95/100 EPICUSDT lưu OK
[2025-08-20T13:11:34.344+0000] {subprocess.py:93} INFO - 96/100 VICUSDT lỗi: relation "cryptocurrency.vicusdt" does not exist
[2025-08-20T13:11:34.345+0000] {subprocess.py:93} INFO - LINE 1: SELECT MAX(time) FROM cryptocurrency.vicusdt;
[2025-08-20T13:11:34.345+0000] {subprocess.py:93} INFO -                               ^
[2025-08-20T13:11:34.346+0000] {subprocess.py:93} INFO - 
[2025-08-20T13:11:34.346+0000] {subprocess.py:93} INFO - ✅ INJUSDT: thêm 2 dòng mới
[2025-08-20T13:11:34.346+0000] {subprocess.py:93} INFO - 97/100 INJUSDT lưu OK
[2025-08-20T13:11:34.347+0000] {subprocess.py:93} INFO - ⚠️ ORDIUSDT lỗi lần 1/3: HTTPSConnectionPool(host='api.binance.com', port=443): Max retries exceeded with url: /api/v3/klines?symbol=ORDIUSDT&interval=1m&limit=100 (Caused by ConnectTimeoutError(<urllib3.connection.HTTPSConnection object at 0x7ff8c8363400>, 'Connection to api.binance.com timed out. (connect timeout=15)'))
[2025-08-20T13:11:34.347+0000] {subprocess.py:93} INFO - ⚠️ STXUSDT lỗi lần 1/3: HTTPSConnectionPool(host='api.binance.com', port=443): Max retries exceeded with url: /api/v3/klines?symbol=STXUSDT&interval=1m&limit=100 (Caused by ConnectTimeoutError(<urllib3.connection.HTTPSConnection object at 0x7ff8c83630a0>, 'Connection to api.binance.com timed out. (connect timeout=15)'))
[2025-08-20T13:11:34.347+0000] {subprocess.py:93} INFO - ✅ ORDIUSDT: thêm 3 dòng mới
[2025-08-20T13:11:34.348+0000] {subprocess.py:93} INFO - 98/100 ORDIUSDT lưu OK
[2025-08-20T13:11:34.348+0000] {subprocess.py:93} INFO - 99/100 STXUSDT lỗi: relation "cryptocurrency.stxusdt" does not exist
[2025-08-20T13:11:34.348+0000] {subprocess.py:93} INFO - LINE 1: SELECT MAX(time) FROM cryptocurrency.stxusdt;
[2025-08-20T13:11:34.349+0000] {subprocess.py:93} INFO -                               ^
[2025-08-20T13:11:34.349+0000] {subprocess.py:93} INFO - 
[2025-08-20T13:11:34.349+0000] {subprocess.py:93} INFO - 100/100 ETHFIUSDT lỗi: connection to server at "videv.cloud" (27.74.74.29), port 5432 failed: Connection timed out
[2025-08-20T13:11:34.350+0000] {subprocess.py:93} INFO - 	Is the server running on that host and accepting TCP/IP connections?
[2025-08-20T13:11:34.350+0000] {subprocess.py:93} INFO - 
[2025-08-20T13:11:34.471+0000] {subprocess.py:97} INFO - Command exited with return code 0
[2025-08-20T13:11:34.471+0000] {taskinstance.py:441} INFO - ::group::Post task execution logs
[2025-08-20T13:11:34.500+0000] {taskinstance.py:1206} INFO - Marking task as SUCCESS. dag_id=crypto_collector_dag, task_id=run_crypto_collector, run_id=scheduled__2025-08-20T13:07:00+00:00, execution_date=20250820T130700, start_date=20250820T130846, end_date=20250820T131134
[2025-08-20T13:11:34.553+0000] {local_task_job_runner.py:240} INFO - Task exited with return code 0
[2025-08-20T13:11:34.579+0000] {taskinstance.py:3498} INFO - 0 downstream tasks scheduled from follow-on schedule check
[2025-08-20T13:11:34.580+0000] {local_task_job_runner.py:222} INFO - ::endgroup::
