[2025-09-05T07:23:01.462+0000] {local_task_job_runner.py:120} INFO - ::group::Pre task execution logs
[2025-09-05T07:23:01.491+0000] {taskinstance.py:2076} INFO - Dependencies all met for dep_context=non-requeueable deps ti=<TaskInstance: update_stock_history.run_get_py scheduled__2025-09-05T07:22:00+00:00 [queued]>
[2025-09-05T07:23:01.500+0000] {taskinstance.py:2076} INFO - Dependencies all met for dep_context=requeueable deps ti=<TaskInstance: update_stock_history.run_get_py scheduled__2025-09-05T07:22:00+00:00 [queued]>
[2025-09-05T07:23:01.501+0000] {taskinstance.py:2306} INFO - Starting attempt 1 of 2
[2025-09-05T07:23:01.514+0000] {taskinstance.py:2330} INFO - Executing <Task(BashOperator): run_get_py> on 2025-09-05 07:22:00+00:00
[2025-09-05T07:23:01.521+0000] {standard_task_runner.py:63} INFO - Started process 3148132 to run task
[2025-09-05T07:23:01.525+0000] {standard_task_runner.py:90} INFO - Running: ['***', 'tasks', 'run', 'update_stock_history', 'run_get_py', 'scheduled__2025-09-05T07:22:00+00:00', '--job-id', '111529', '--raw', '--subdir', 'DAGS_FOLDER/crawlchart/dags.py', '--cfg-path', '/tmp/tmppm0fpz7a']
[2025-09-05T07:23:01.527+0000] {standard_task_runner.py:91} INFO - Job 111529: Subtask run_get_py
[2025-09-05T07:23:01.586+0000] {task_command.py:426} INFO - Running <TaskInstance: update_stock_history.run_get_py scheduled__2025-09-05T07:22:00+00:00 [running]> on host 1877907bc043
[2025-09-05T07:23:01.700+0000] {taskinstance.py:2648} INFO - Exporting env vars: AIRFLOW_CTX_DAG_OWNER='***' AIRFLOW_CTX_DAG_ID='update_stock_history' AIRFLOW_CTX_TASK_ID='run_get_py' AIRFLOW_CTX_EXECUTION_DATE='2025-09-05T07:22:00+00:00' AIRFLOW_CTX_TRY_NUMBER='1' AIRFLOW_CTX_DAG_RUN_ID='scheduled__2025-09-05T07:22:00+00:00'
[2025-09-05T07:23:01.701+0000] {taskinstance.py:430} INFO - ::endgroup::
[2025-09-05T07:23:01.718+0000] {subprocess.py:63} INFO - Tmp dir root location: /tmp
[2025-09-05T07:23:01.719+0000] {subprocess.py:75} INFO - Running command: ['/usr/bin/bash', '-c', 'python3 /opt/***/dags/crawlchart/get.py']
[2025-09-05T07:23:01.731+0000] {subprocess.py:86} INFO - Output:
[2025-09-05T07:27:16.798+0000] {subprocess.py:93} INFO - 🚀 Bắt đầu cập nhật dữ liệu...
[2025-09-05T07:27:16.799+0000] {subprocess.py:93} INFO - 
[2025-09-05T07:27:16.799+0000] {subprocess.py:93} INFO - 📋 Kết quả cập nhật:
[2025-09-05T07:27:16.799+0000] {subprocess.py:93} INFO - ⚠️ Không có dữ liệu cho UPCOM Small Index
[2025-09-05T07:27:16.800+0000] {subprocess.py:93} INFO - ✅ Đã lưu VNFINLEAD vào bảng VNFINLEAD
[2025-09-05T07:27:16.800+0000] {subprocess.py:93} INFO - ✅ Đã lưu VNDIAMOND vào bảng VNDIAMOND
[2025-09-05T07:27:16.800+0000] {subprocess.py:93} INFO - ❌ Lỗi khi xử lý HNX30: Response ended prematurely
[2025-09-05T07:27:16.801+0000] {subprocess.py:93} INFO - ❌ Lỗi khi xử lý VNCOND: Response ended prematurely
[2025-09-05T07:27:16.801+0000] {subprocess.py:93} INFO - ❌ Lỗi khi xử lý HNXIndex: Response ended prematurely
[2025-09-05T07:27:16.801+0000] {subprocess.py:93} INFO - ❌ Lỗi khi xử lý HNX Large Cap Index: Response ended prematurely
[2025-09-05T07:27:16.801+0000] {subprocess.py:93} INFO - ❌ Lỗi khi xử lý UPCOM Medium Index: Response ended prematurely
[2025-09-05T07:27:16.802+0000] {subprocess.py:93} INFO - ❌ Lỗi khi xử lý VNFINSELECT: Response ended prematurely
[2025-09-05T07:27:16.802+0000] {subprocess.py:93} INFO - ✅ Đã lưu HNX Construction Index vào bảng HNX Construction Index
[2025-09-05T07:27:16.802+0000] {subprocess.py:93} INFO - ❌ Lỗi khi xử lý HNX Manufacturing Index: Response ended prematurely
[2025-09-05T07:27:16.802+0000] {subprocess.py:93} INFO - ❌ Lỗi khi xử lý VNFIN: Response ended prematurely
[2025-09-05T07:27:16.803+0000] {subprocess.py:93} INFO - ✅ Đã lưu UPCOM Large Index vào bảng UPCOM Large Index
[2025-09-05T07:27:16.803+0000] {subprocess.py:93} INFO - ❌ Lỗi khi xử lý VNALLSHARE: Response ended prematurely
[2025-09-05T07:27:16.803+0000] {subprocess.py:93} INFO - ❌ Lỗi khi xử lý HNX Mid/Small Cap Index: Response ended prematurely
[2025-09-05T07:27:16.804+0000] {subprocess.py:93} INFO - ❌ Lỗi khi xử lý HNX Financials Index: Response ended prematurely
[2025-09-05T07:27:16.804+0000] {subprocess.py:93} INFO - ✅ Đã lưu VN100 vào bảng VN100
[2025-09-05T07:27:16.804+0000] {subprocess.py:93} INFO - ✅ Đã lưu VNENE vào bảng VNENE
[2025-09-05T07:27:16.804+0000] {subprocess.py:93} INFO - ❌ Lỗi khi xử lý VNMIDCAP: Expecting value: line 1 column 1 (char 0)
[2025-09-05T07:27:16.805+0000] {subprocess.py:93} INFO - ❌ Lỗi khi xử lý VNIT: Response ended prematurely
[2025-09-05T07:27:16.805+0000] {subprocess.py:93} INFO - ✅ Đã lưu VNHEAL vào bảng VNHEAL
[2025-09-05T07:27:16.805+0000] {subprocess.py:93} INFO - ✅ Đã lưu VNMAT vào bảng VNMAT
[2025-09-05T07:27:16.805+0000] {subprocess.py:93} INFO - ✅ Đã lưu VNSI vào bảng VNSI
[2025-09-05T07:27:16.806+0000] {subprocess.py:93} INFO - ❌ Lỗi khi xử lý VNSMALLCAP: Response ended prematurely
[2025-09-05T07:27:16.806+0000] {subprocess.py:93} INFO - ❌ Lỗi khi xử lý VNCONS: Response ended prematurely
[2025-09-05T07:27:16.806+0000] {subprocess.py:93} INFO - ❌ Lỗi khi xử lý VNIND: Response ended prematurely
[2025-09-05T07:27:16.806+0000] {subprocess.py:93} INFO - ❌ Lỗi khi xử lý VNUTI: Response ended prematurely
[2025-09-05T07:27:16.807+0000] {subprocess.py:93} INFO - ❌ Lỗi khi xử lý HNXUpcomIndex: Response ended prematurely
[2025-09-05T07:27:16.807+0000] {subprocess.py:93} INFO - ❌ Lỗi khi xử lý VN30: Response ended prematurely
[2025-09-05T07:27:16.807+0000] {subprocess.py:93} INFO - ❌ Lỗi khi xử lý VNREAL: Response ended prematurely
[2025-09-05T07:27:16.807+0000] {subprocess.py:93} INFO - ✅ Đã lưu VNINDEX vào bảng VNINDEX
[2025-09-05T07:27:16.808+0000] {subprocess.py:93} INFO - ❌ Lỗi khi xử lý VNX50: Response ended prematurely
[2025-09-05T07:27:16.808+0000] {subprocess.py:93} INFO - ✅ Đã hoàn tất cập nhật dữ liệu vào cơ sở dữ liệu.
[2025-09-05T07:27:16.950+0000] {subprocess.py:97} INFO - Command exited with return code 0
[2025-09-05T07:27:16.951+0000] {taskinstance.py:441} INFO - ::group::Post task execution logs
[2025-09-05T07:27:16.984+0000] {taskinstance.py:1206} INFO - Marking task as SUCCESS. dag_id=update_stock_history, task_id=run_get_py, run_id=scheduled__2025-09-05T07:22:00+00:00, execution_date=20250905T072200, start_date=20250905T072301, end_date=20250905T072716
[2025-09-05T07:27:17.030+0000] {local_task_job_runner.py:240} INFO - Task exited with return code 0
[2025-09-05T07:27:17.057+0000] {taskinstance.py:3498} INFO - 0 downstream tasks scheduled from follow-on schedule check
[2025-09-05T07:27:17.058+0000] {local_task_job_runner.py:222} INFO - ::endgroup::
