[2025-08-29T06:00:23.966+0000] {local_task_job_runner.py:120} INFO - ::group::Pre task execution logs
[2025-08-29T06:00:23.997+0000] {taskinstance.py:2076} INFO - Dependencies all met for dep_context=non-requeueable deps ti=<TaskInstance: stock_detail_dag.run_stock_details scheduled__2025-08-29T05:59:00+00:00 [queued]>
[2025-08-29T06:00:24.007+0000] {taskinstance.py:2076} INFO - Dependencies all met for dep_context=requeueable deps ti=<TaskInstance: stock_detail_dag.run_stock_details scheduled__2025-08-29T05:59:00+00:00 [queued]>
[2025-08-29T06:00:24.007+0000] {taskinstance.py:2306} INFO - Starting attempt 1 of 2
[2025-08-29T06:00:24.021+0000] {taskinstance.py:2330} INFO - Executing <Task(BashOperator): run_stock_details> on 2025-08-29 05:59:00+00:00
[2025-08-29T06:00:24.028+0000] {standard_task_runner.py:63} INFO - Started process 1817428 to run task
[2025-08-29T06:00:24.033+0000] {standard_task_runner.py:90} INFO - Running: ['***', 'tasks', 'run', 'stock_detail_dag', 'run_stock_details', 'scheduled__2025-08-29T05:59:00+00:00', '--job-id', '32827', '--raw', '--subdir', 'DAGS_FOLDER/stock_detail/dags.py', '--cfg-path', '/tmp/tmp68rritac']
[2025-08-29T06:00:24.034+0000] {standard_task_runner.py:91} INFO - Job 32827: Subtask run_stock_details
[2025-08-29T06:00:24.100+0000] {task_command.py:426} INFO - Running <TaskInstance: stock_detail_dag.run_stock_details scheduled__2025-08-29T05:59:00+00:00 [running]> on host 1877907bc043
[2025-08-29T06:00:24.217+0000] {taskinstance.py:2648} INFO - Exporting env vars: AIRFLOW_CTX_DAG_OWNER='***' AIRFLOW_CTX_DAG_ID='stock_detail_dag' AIRFLOW_CTX_TASK_ID='run_stock_details' AIRFLOW_CTX_EXECUTION_DATE='2025-08-29T05:59:00+00:00' AIRFLOW_CTX_TRY_NUMBER='1' AIRFLOW_CTX_DAG_RUN_ID='scheduled__2025-08-29T05:59:00+00:00'
[2025-08-29T06:00:24.218+0000] {taskinstance.py:430} INFO - ::endgroup::
[2025-08-29T06:00:24.246+0000] {subprocess.py:63} INFO - Tmp dir root location: /tmp
[2025-08-29T06:00:24.247+0000] {subprocess.py:75} INFO - Running command: ['/usr/bin/bash', '-c', 'python3 /opt/***/dags/stock_detail/stockdetail.py']
[2025-08-29T06:00:24.262+0000] {subprocess.py:86} INFO - Output:
[2025-08-29T06:01:33.545+0000] {subprocess.py:93} INFO - ✅ Đã lưu 566 bản ghi vào history_data.stock_details
[2025-08-29T06:01:33.700+0000] {subprocess.py:97} INFO - Command exited with return code 0
[2025-08-29T06:01:33.701+0000] {taskinstance.py:441} INFO - ::group::Post task execution logs
[2025-08-29T06:01:33.742+0000] {taskinstance.py:1206} INFO - Marking task as SUCCESS. dag_id=stock_detail_dag, task_id=run_stock_details, run_id=scheduled__2025-08-29T05:59:00+00:00, execution_date=20250829T055900, start_date=20250829T060023, end_date=20250829T060133
[2025-08-29T06:01:33.806+0000] {local_task_job_runner.py:240} INFO - Task exited with return code 0
[2025-08-29T06:01:33.827+0000] {taskinstance.py:3498} INFO - 0 downstream tasks scheduled from follow-on schedule check
[2025-08-29T06:01:33.828+0000] {local_task_job_runner.py:222} INFO - ::endgroup::
