[2025-09-04T18:18:02.167+0000] {local_task_job_runner.py:120} INFO - ::group::Pre task execution logs
[2025-09-04T18:18:02.195+0000] {taskinstance.py:2076} INFO - Dependencies all met for dep_context=non-requeueable deps ti=<TaskInstance: foreign_1_live.save_foreign_1 scheduled__2025-09-04T18:17:00+00:00 [queued]>
[2025-09-04T18:18:02.205+0000] {taskinstance.py:2076} INFO - Dependencies all met for dep_context=requeueable deps ti=<TaskInstance: foreign_1_live.save_foreign_1 scheduled__2025-09-04T18:17:00+00:00 [queued]>
[2025-09-04T18:18:02.205+0000] {taskinstance.py:2306} INFO - Starting attempt 1 of 11
[2025-09-04T18:18:02.221+0000] {taskinstance.py:2330} INFO - Executing <Task(PythonOperator): save_foreign_1> on 2025-09-04 18:17:00+00:00
[2025-09-04T18:18:02.229+0000] {standard_task_runner.py:63} INFO - Started process 3025144 to run task
[2025-09-04T18:18:02.233+0000] {standard_task_runner.py:90} INFO - Running: ['***', 'tasks', 'run', 'foreign_1_live', 'save_foreign_1', 'scheduled__2025-09-04T18:17:00+00:00', '--job-id', '102172', '--raw', '--subdir', 'DAGS_FOLDER/dag_foreign_1_live.py', '--cfg-path', '/tmp/tmppz_n_zsb']
[2025-09-04T18:18:02.236+0000] {standard_task_runner.py:91} INFO - Job 102172: Subtask save_foreign_1
[2025-09-04T18:18:02.299+0000] {task_command.py:426} INFO - Running <TaskInstance: foreign_1_live.save_foreign_1 scheduled__2025-09-04T18:17:00+00:00 [running]> on host 1877907bc043
[2025-09-04T18:18:02.401+0000] {taskinstance.py:2648} INFO - Exporting env vars: AIRFLOW_CTX_DAG_OWNER='***' AIRFLOW_CTX_DAG_ID='foreign_1_live' AIRFLOW_CTX_TASK_ID='save_foreign_1' AIRFLOW_CTX_EXECUTION_DATE='2025-09-04T18:17:00+00:00' AIRFLOW_CTX_TRY_NUMBER='1' AIRFLOW_CTX_DAG_RUN_ID='scheduled__2025-09-04T18:17:00+00:00'
[2025-09-04T18:18:02.403+0000] {taskinstance.py:430} INFO - ::endgroup::
[2025-09-04T18:18:02.418+0000] {foreign_1.py:18} INFO - Kết nối DB
[2025-09-04T18:18:02.947+0000] {foreign_1.py:28} INFO - Đã lưu foreign_ALL
[2025-09-04T18:18:02.949+0000] {foreign_1.py:18} INFO - Kết nối DB
[2025-09-04T18:18:03.351+0000] {foreign_1.py:28} INFO - Đã lưu foreign_HOSE
[2025-09-04T18:18:03.352+0000] {foreign_1.py:18} INFO - Kết nối DB
[2025-09-04T18:18:03.743+0000] {foreign_1.py:28} INFO - Đã lưu foreign_HNX
[2025-09-04T18:18:03.745+0000] {foreign_1.py:18} INFO - Kết nối DB
[2025-09-04T18:18:04.252+0000] {foreign_1.py:28} INFO - Đã lưu foreign_UPCOM
[2025-09-04T18:18:04.253+0000] {python.py:237} INFO - Done. Returned value was: None
[2025-09-04T18:18:04.254+0000] {taskinstance.py:441} INFO - ::group::Post task execution logs
[2025-09-04T18:18:04.267+0000] {taskinstance.py:1206} INFO - Marking task as SUCCESS. dag_id=foreign_1_live, task_id=save_foreign_1, run_id=scheduled__2025-09-04T18:17:00+00:00, execution_date=20250904T181700, start_date=20250904T181802, end_date=20250904T181804
[2025-09-04T18:18:04.333+0000] {local_task_job_runner.py:240} INFO - Task exited with return code 0
[2025-09-04T18:18:04.373+0000] {taskinstance.py:3498} INFO - 4 downstream tasks scheduled from follow-on schedule check
[2025-09-04T18:18:04.375+0000] {local_task_job_runner.py:222} INFO - ::endgroup::
