[2025-09-03T14:51:24.227+0000] {local_task_job_runner.py:120} INFO - ::group::Pre task execution logs
[2025-09-03T14:51:24.255+0000] {taskinstance.py:2076} INFO - Dependencies all met for dep_context=non-requeueable deps ti=<TaskInstance: foreign_1_live.save_foreign_1 scheduled__2025-09-02T22:10:00+00:00 [queued]>
[2025-09-03T14:51:24.263+0000] {taskinstance.py:2076} INFO - Dependencies all met for dep_context=requeueable deps ti=<TaskInstance: foreign_1_live.save_foreign_1 scheduled__2025-09-02T22:10:00+00:00 [queued]>
[2025-09-03T14:51:24.264+0000] {taskinstance.py:2306} INFO - Starting attempt 1 of 11
[2025-09-03T14:51:24.277+0000] {taskinstance.py:2330} INFO - Executing <Task(PythonOperator): save_foreign_1> on 2025-09-02 22:10:00+00:00
[2025-09-03T14:51:24.285+0000] {standard_task_runner.py:63} INFO - Started process 2763109 to run task
[2025-09-03T14:51:24.290+0000] {standard_task_runner.py:90} INFO - Running: ['***', 'tasks', 'run', 'foreign_1_live', 'save_foreign_1', 'scheduled__2025-09-02T22:10:00+00:00', '--job-id', '74057', '--raw', '--subdir', 'DAGS_FOLDER/dag_foreign_1_live.py', '--cfg-path', '/tmp/tmpwb7n5_fi']
[2025-09-03T14:51:24.293+0000] {standard_task_runner.py:91} INFO - Job 74057: Subtask save_foreign_1
[2025-09-03T14:51:24.348+0000] {task_command.py:426} INFO - Running <TaskInstance: foreign_1_live.save_foreign_1 scheduled__2025-09-02T22:10:00+00:00 [running]> on host 1877907bc043
[2025-09-03T14:51:24.450+0000] {taskinstance.py:2648} INFO - Exporting env vars: AIRFLOW_CTX_DAG_OWNER='***' AIRFLOW_CTX_DAG_ID='foreign_1_live' AIRFLOW_CTX_TASK_ID='save_foreign_1' AIRFLOW_CTX_EXECUTION_DATE='2025-09-02T22:10:00+00:00' AIRFLOW_CTX_TRY_NUMBER='1' AIRFLOW_CTX_DAG_RUN_ID='scheduled__2025-09-02T22:10:00+00:00'
[2025-09-03T14:51:24.451+0000] {taskinstance.py:430} INFO - ::endgroup::
[2025-09-03T14:51:24.468+0000] {foreign_1.py:18} INFO - Kết nối DB
[2025-09-03T14:51:25.022+0000] {foreign_1.py:28} INFO - Đã lưu foreign_ALL
[2025-09-03T14:51:25.024+0000] {foreign_1.py:18} INFO - Kết nối DB
[2025-09-03T14:51:25.573+0000] {foreign_1.py:28} INFO - Đã lưu foreign_HOSE
[2025-09-03T14:51:25.574+0000] {foreign_1.py:18} INFO - Kết nối DB
[2025-09-03T14:51:26.095+0000] {foreign_1.py:28} INFO - Đã lưu foreign_HNX
[2025-09-03T14:51:26.096+0000] {foreign_1.py:18} INFO - Kết nối DB
[2025-09-03T14:51:26.584+0000] {foreign_1.py:28} INFO - Đã lưu foreign_UPCOM
[2025-09-03T14:51:26.584+0000] {python.py:237} INFO - Done. Returned value was: None
[2025-09-03T14:51:26.585+0000] {taskinstance.py:441} INFO - ::group::Post task execution logs
[2025-09-03T14:51:26.600+0000] {taskinstance.py:1206} INFO - Marking task as SUCCESS. dag_id=foreign_1_live, task_id=save_foreign_1, run_id=scheduled__2025-09-02T22:10:00+00:00, execution_date=20250902T221000, start_date=20250903T145124, end_date=20250903T145126
[2025-09-03T14:51:26.668+0000] {local_task_job_runner.py:240} INFO - Task exited with return code 0
[2025-09-03T14:51:26.710+0000] {taskinstance.py:3498} INFO - 4 downstream tasks scheduled from follow-on schedule check
[2025-09-03T14:51:26.711+0000] {local_task_job_runner.py:222} INFO - ::endgroup::
