[2025-09-05T05:55:02.276+0000] {local_task_job_runner.py:120} INFO - ::group::Pre task execution logs
[2025-09-05T05:55:02.523+0000] {taskinstance.py:2076} INFO - Dependencies all met for dep_context=non-requeueable deps ti=<TaskInstance: liquidity.save_liquidity scheduled__2025-09-05T05:54:00+00:00 [queued]>
[2025-09-05T05:55:02.533+0000] {taskinstance.py:2076} INFO - Dependencies all met for dep_context=requeueable deps ti=<TaskInstance: liquidity.save_liquidity scheduled__2025-09-05T05:54:00+00:00 [queued]>
[2025-09-05T05:55:02.533+0000] {taskinstance.py:2306} INFO - Starting attempt 1 of 11
[2025-09-05T05:55:02.547+0000] {taskinstance.py:2330} INFO - Executing <Task(PythonOperator): save_liquidity> on 2025-09-05 05:54:00+00:00
[2025-09-05T05:55:02.555+0000] {standard_task_runner.py:63} INFO - Started process 3129737 to run task
[2025-09-05T05:55:02.559+0000] {standard_task_runner.py:90} INFO - Running: ['***', 'tasks', 'run', 'liquidity', 'save_liquidity', 'scheduled__2025-09-05T05:54:00+00:00', '--job-id', '110371', '--raw', '--subdir', 'DAGS_FOLDER/dag_liquidity.py', '--cfg-path', '/tmp/tmp2vnbnvr1']
[2025-09-05T05:55:02.563+0000] {standard_task_runner.py:91} INFO - Job 110371: Subtask save_liquidity
[2025-09-05T05:55:02.617+0000] {task_command.py:426} INFO - Running <TaskInstance: liquidity.save_liquidity scheduled__2025-09-05T05:54:00+00:00 [running]> on host 1877907bc043
[2025-09-05T05:55:02.737+0000] {taskinstance.py:2648} INFO - Exporting env vars: AIRFLOW_CTX_DAG_OWNER='***' AIRFLOW_CTX_DAG_ID='liquidity' AIRFLOW_CTX_TASK_ID='save_liquidity' AIRFLOW_CTX_EXECUTION_DATE='2025-09-05T05:54:00+00:00' AIRFLOW_CTX_TRY_NUMBER='1' AIRFLOW_CTX_DAG_RUN_ID='scheduled__2025-09-05T05:54:00+00:00'
[2025-09-05T05:55:02.738+0000] {taskinstance.py:430} INFO - ::endgroup::
[2025-09-05T05:55:03.319+0000] {liquidity.py:93} INFO - Đã lưu liquidity_ALL
[2025-09-05T05:55:03.740+0000] {liquidity.py:93} INFO - Đã lưu liquidity_HOSE
[2025-09-05T05:55:03.972+0000] {liquidity.py:93} INFO - Đã lưu liquidity_HNX
[2025-09-05T05:55:04.333+0000] {liquidity.py:93} INFO - Đã lưu liquidity_UPCOM
[2025-09-05T05:55:04.333+0000] {python.py:237} INFO - Done. Returned value was: None
[2025-09-05T05:55:04.334+0000] {taskinstance.py:441} INFO - ::group::Post task execution logs
[2025-09-05T05:55:04.345+0000] {taskinstance.py:1206} INFO - Marking task as SUCCESS. dag_id=liquidity, task_id=save_liquidity, run_id=scheduled__2025-09-05T05:54:00+00:00, execution_date=20250905T055400, start_date=20250905T055502, end_date=20250905T055504
[2025-09-05T05:55:04.376+0000] {local_task_job_runner.py:240} INFO - Task exited with return code 0
[2025-09-05T05:55:04.399+0000] {taskinstance.py:3498} INFO - 0 downstream tasks scheduled from follow-on schedule check
[2025-09-05T05:55:04.400+0000] {local_task_job_runner.py:222} INFO - ::endgroup::
