[2025-08-07T07:07:26.341+0000] {local_task_job_runner.py:120} INFO - ::group::Pre task execution logs
[2025-08-07T07:07:26.366+0000] {taskinstance.py:2076} INFO - Dependencies all met for dep_context=non-requeueable deps ti=<TaskInstance: run_all_alerts_and_save_to_postgres.run_alert_macross scheduled__2025-08-06T14:50:00+00:00 [queued]>
[2025-08-07T07:07:26.374+0000] {taskinstance.py:2076} INFO - Dependencies all met for dep_context=requeueable deps ti=<TaskInstance: run_all_alerts_and_save_to_postgres.run_alert_macross scheduled__2025-08-06T14:50:00+00:00 [queued]>
[2025-08-07T07:07:26.374+0000] {taskinstance.py:2306} INFO - Starting attempt 3 of 3
[2025-08-07T07:07:26.386+0000] {taskinstance.py:2330} INFO - Executing <Task(PythonOperator): run_alert_macross> on 2025-08-06 14:50:00+00:00
[2025-08-07T07:07:26.392+0000] {standard_task_runner.py:63} INFO - Started process 136685 to run task
[2025-08-07T07:07:26.395+0000] {standard_task_runner.py:90} INFO - Running: ['***', 'tasks', 'run', 'run_all_alerts_and_save_to_postgres', 'run_alert_macross', 'scheduled__2025-08-06T14:50:00+00:00', '--job-id', '2687', '--raw', '--subdir', 'DAGS_FOLDER/alert to db/alert_scripts/alert_all_to_postgres_dag.py', '--cfg-path', '/tmp/tmpvaahdqkp']
[2025-08-07T07:07:26.397+0000] {standard_task_runner.py:91} INFO - Job 2687: Subtask run_alert_macross
[2025-08-07T07:07:26.452+0000] {task_command.py:426} INFO - Running <TaskInstance: run_all_alerts_and_save_to_postgres.run_alert_macross scheduled__2025-08-06T14:50:00+00:00 [running]> on host 1877907bc043
[2025-08-07T07:07:26.542+0000] {taskinstance.py:2648} INFO - Exporting env vars: AIRFLOW_CTX_DAG_OWNER='alert_system' AIRFLOW_CTX_DAG_ID='run_all_alerts_and_save_to_postgres' AIRFLOW_CTX_TASK_ID='run_alert_macross' AIRFLOW_CTX_EXECUTION_DATE='2025-08-06T14:50:00+00:00' AIRFLOW_CTX_TRY_NUMBER='3' AIRFLOW_CTX_DAG_RUN_ID='scheduled__2025-08-06T14:50:00+00:00'
[2025-08-07T07:07:26.543+0000] {taskinstance.py:430} INFO - ::endgroup::
[2025-08-07T07:07:26.649+0000] {taskinstance.py:441} INFO - ::group::Post task execution logs
[2025-08-07T07:07:26.650+0000] {taskinstance.py:2905} ERROR - Task failed with exception
Traceback (most recent call last):
  File "/home/airflow/.local/lib/python3.10/site-packages/airflow/models/taskinstance.py", line 465, in _execute_task
    result = _execute_callable(context=context, **execute_callable_kwargs)
  File "/home/airflow/.local/lib/python3.10/site-packages/airflow/models/taskinstance.py", line 432, in _execute_callable
    return execute_callable(context=context, **execute_callable_kwargs)
  File "/home/airflow/.local/lib/python3.10/site-packages/airflow/models/baseoperator.py", line 400, in wrapper
    return func(self, *args, **kwargs)
  File "/home/airflow/.local/lib/python3.10/site-packages/airflow/operators/python.py", line 235, in execute
    return_value = self.execute_callable()
  File "/home/airflow/.local/lib/python3.10/site-packages/airflow/operators/python.py", line 252, in execute_callable
    return self.python_callable(*self.op_args, **self.op_kwargs)
  File "/opt/airflow/dags/alert to db/alert_scripts/alert_all_to_postgres_dag.py", line 40, in run_alert_script
    result = subprocess.run(['python', script_path], check=True, capture_output=True, text=True)
  File "/usr/local/lib/python3.10/subprocess.py", line 526, in run
    raise CalledProcessError(retcode, process.args,
subprocess.CalledProcessError: Command '['python', '/opt/airflow/dags/alert_scripts/Alert_MAcross.py']' returned non-zero exit status 2.
[2025-08-07T07:07:26.660+0000] {taskinstance.py:1206} INFO - Marking task as FAILED. dag_id=run_all_alerts_and_save_to_postgres, task_id=run_alert_macross, run_id=scheduled__2025-08-06T14:50:00+00:00, execution_date=20250806T145000, start_date=20250807T070726, end_date=20250807T070726
[2025-08-07T07:07:26.672+0000] {standard_task_runner.py:110} ERROR - Failed to execute job 2687 for task run_alert_macross (Command '['python', '/opt/airflow/dags/alert_scripts/Alert_MAcross.py']' returned non-zero exit status 2.; 136685)
[2025-08-07T07:07:26.688+0000] {local_task_job_runner.py:240} INFO - Task exited with return code 1
[2025-08-07T07:07:26.718+0000] {taskinstance.py:3498} INFO - 0 downstream tasks scheduled from follow-on schedule check
[2025-08-07T07:07:26.719+0000] {local_task_job_runner.py:222} INFO - ::endgroup::
[2025-08-07T07:13:31.345+0000] {local_task_job_runner.py:120} INFO - ::group::Pre task execution logs
[2025-08-07T07:13:31.374+0000] {taskinstance.py:2076} INFO - Dependencies all met for dep_context=non-requeueable deps ti=<TaskInstance: run_all_alerts_and_save_to_postgres.run_alert_macross scheduled__2025-08-06T14:50:00+00:00 [queued]>
[2025-08-07T07:13:31.383+0000] {taskinstance.py:2076} INFO - Dependencies all met for dep_context=requeueable deps ti=<TaskInstance: run_all_alerts_and_save_to_postgres.run_alert_macross scheduled__2025-08-06T14:50:00+00:00 [queued]>
[2025-08-07T07:13:31.383+0000] {taskinstance.py:2306} INFO - Starting attempt 3 of 3
[2025-08-07T07:13:31.396+0000] {taskinstance.py:2330} INFO - Executing <Task(PythonOperator): run_alert_macross> on 2025-08-06 14:50:00+00:00
[2025-08-07T07:13:31.403+0000] {standard_task_runner.py:63} INFO - Started process 136818 to run task
[2025-08-07T07:13:31.407+0000] {standard_task_runner.py:90} INFO - Running: ['***', 'tasks', 'run', 'run_all_alerts_and_save_to_postgres', 'run_alert_macross', 'scheduled__2025-08-06T14:50:00+00:00', '--job-id', '2706', '--raw', '--subdir', 'DAGS_FOLDER/alert to db/alert_all_to_postgres_dag.py', '--cfg-path', '/tmp/tmpfo9l96mp']
[2025-08-07T07:13:31.408+0000] {standard_task_runner.py:91} INFO - Job 2706: Subtask run_alert_macross
[2025-08-07T07:13:31.465+0000] {task_command.py:426} INFO - Running <TaskInstance: run_all_alerts_and_save_to_postgres.run_alert_macross scheduled__2025-08-06T14:50:00+00:00 [running]> on host 1877907bc043
[2025-08-07T07:13:31.561+0000] {taskinstance.py:2648} INFO - Exporting env vars: AIRFLOW_CTX_DAG_OWNER='alert_system' AIRFLOW_CTX_DAG_ID='run_all_alerts_and_save_to_postgres' AIRFLOW_CTX_TASK_ID='run_alert_macross' AIRFLOW_CTX_EXECUTION_DATE='2025-08-06T14:50:00+00:00' AIRFLOW_CTX_TRY_NUMBER='3' AIRFLOW_CTX_DAG_RUN_ID='scheduled__2025-08-06T14:50:00+00:00'
[2025-08-07T07:13:31.562+0000] {taskinstance.py:430} INFO - ::endgroup::
[2025-08-07T07:13:31.687+0000] {taskinstance.py:441} INFO - ::group::Post task execution logs
[2025-08-07T07:13:31.688+0000] {taskinstance.py:2905} ERROR - Task failed with exception
Traceback (most recent call last):
  File "/home/airflow/.local/lib/python3.10/site-packages/airflow/models/taskinstance.py", line 465, in _execute_task
    result = _execute_callable(context=context, **execute_callable_kwargs)
  File "/home/airflow/.local/lib/python3.10/site-packages/airflow/models/taskinstance.py", line 432, in _execute_callable
    return execute_callable(context=context, **execute_callable_kwargs)
  File "/home/airflow/.local/lib/python3.10/site-packages/airflow/models/baseoperator.py", line 400, in wrapper
    return func(self, *args, **kwargs)
  File "/home/airflow/.local/lib/python3.10/site-packages/airflow/operators/python.py", line 235, in execute
    return_value = self.execute_callable()
  File "/home/airflow/.local/lib/python3.10/site-packages/airflow/operators/python.py", line 252, in execute_callable
    return self.python_callable(*self.op_args, **self.op_kwargs)
  File "/opt/airflow/dags/alert to db/alert_all_to_postgres_dag.py", line 40, in run_alert_script
    result = subprocess.run(['python', script_path], check=True, capture_output=True, text=True)
  File "/usr/local/lib/python3.10/subprocess.py", line 526, in run
    raise CalledProcessError(retcode, process.args,
subprocess.CalledProcessError: Command '['python', '/opt/airflow/dags/alert_scripts/Alert_MAcross.py']' returned non-zero exit status 2.
[2025-08-07T07:13:31.698+0000] {taskinstance.py:1206} INFO - Marking task as FAILED. dag_id=run_all_alerts_and_save_to_postgres, task_id=run_alert_macross, run_id=scheduled__2025-08-06T14:50:00+00:00, execution_date=20250806T145000, start_date=20250807T071331, end_date=20250807T071331
[2025-08-07T07:13:31.710+0000] {standard_task_runner.py:110} ERROR - Failed to execute job 2706 for task run_alert_macross (Command '['python', '/opt/airflow/dags/alert_scripts/Alert_MAcross.py']' returned non-zero exit status 2.; 136818)
[2025-08-07T07:13:31.739+0000] {local_task_job_runner.py:240} INFO - Task exited with return code 1
[2025-08-07T07:13:31.753+0000] {local_task_job_runner.py:222} INFO - ::endgroup::
[2025-08-07T07:32:46.993+0000] {local_task_job_runner.py:120} INFO - ::group::Pre task execution logs
[2025-08-07T07:32:47.025+0000] {taskinstance.py:2076} INFO - Dependencies all met for dep_context=non-requeueable deps ti=<TaskInstance: run_all_alerts_and_save_to_postgres.run_alert_macross scheduled__2025-08-06T14:50:00+00:00 [queued]>
[2025-08-07T07:32:47.035+0000] {taskinstance.py:2076} INFO - Dependencies all met for dep_context=requeueable deps ti=<TaskInstance: run_all_alerts_and_save_to_postgres.run_alert_macross scheduled__2025-08-06T14:50:00+00:00 [queued]>
[2025-08-07T07:32:47.035+0000] {taskinstance.py:2306} INFO - Starting attempt 3 of 3
[2025-08-07T07:32:47.049+0000] {taskinstance.py:2330} INFO - Executing <Task(PythonOperator): run_alert_macross> on 2025-08-06 14:50:00+00:00
[2025-08-07T07:32:47.056+0000] {standard_task_runner.py:63} INFO - Started process 137129 to run task
[2025-08-07T07:32:47.060+0000] {standard_task_runner.py:90} INFO - Running: ['***', 'tasks', 'run', 'run_all_alerts_and_save_to_postgres', 'run_alert_macross', 'scheduled__2025-08-06T14:50:00+00:00', '--job-id', '2731', '--raw', '--subdir', 'DAGS_FOLDER/alert to db/alert_all_to_postgres_dag.py', '--cfg-path', '/tmp/tmpo4shzi42']
[2025-08-07T07:32:47.061+0000] {standard_task_runner.py:91} INFO - Job 2731: Subtask run_alert_macross
[2025-08-07T07:32:47.116+0000] {task_command.py:426} INFO - Running <TaskInstance: run_all_alerts_and_save_to_postgres.run_alert_macross scheduled__2025-08-06T14:50:00+00:00 [running]> on host 1877907bc043
[2025-08-07T07:32:47.206+0000] {taskinstance.py:2648} INFO - Exporting env vars: AIRFLOW_CTX_DAG_OWNER='alert_system' AIRFLOW_CTX_DAG_ID='run_all_alerts_and_save_to_postgres' AIRFLOW_CTX_TASK_ID='run_alert_macross' AIRFLOW_CTX_EXECUTION_DATE='2025-08-06T14:50:00+00:00' AIRFLOW_CTX_TRY_NUMBER='3' AIRFLOW_CTX_DAG_RUN_ID='scheduled__2025-08-06T14:50:00+00:00'
[2025-08-07T07:32:47.207+0000] {taskinstance.py:430} INFO - ::endgroup::
[2025-08-07T07:32:47.308+0000] {taskinstance.py:441} INFO - ::group::Post task execution logs
[2025-08-07T07:32:47.309+0000] {taskinstance.py:2905} ERROR - Task failed with exception
Traceback (most recent call last):
  File "/home/airflow/.local/lib/python3.10/site-packages/airflow/models/taskinstance.py", line 465, in _execute_task
    result = _execute_callable(context=context, **execute_callable_kwargs)
  File "/home/airflow/.local/lib/python3.10/site-packages/airflow/models/taskinstance.py", line 432, in _execute_callable
    return execute_callable(context=context, **execute_callable_kwargs)
  File "/home/airflow/.local/lib/python3.10/site-packages/airflow/models/baseoperator.py", line 400, in wrapper
    return func(self, *args, **kwargs)
  File "/home/airflow/.local/lib/python3.10/site-packages/airflow/operators/python.py", line 235, in execute
    return_value = self.execute_callable()
  File "/home/airflow/.local/lib/python3.10/site-packages/airflow/operators/python.py", line 252, in execute_callable
    return self.python_callable(*self.op_args, **self.op_kwargs)
  File "/opt/airflow/dags/alert to db/alert_all_to_postgres_dag.py", line 40, in run_alert_script
    result = subprocess.run(['python', script_path], check=True, capture_output=True, text=True)
  File "/usr/local/lib/python3.10/subprocess.py", line 526, in run
    raise CalledProcessError(retcode, process.args,
subprocess.CalledProcessError: Command '['python', '/opt/airflow/dags/alert_scripts/Alert_MAcross.py']' returned non-zero exit status 2.
[2025-08-07T07:32:47.322+0000] {taskinstance.py:1206} INFO - Marking task as FAILED. dag_id=run_all_alerts_and_save_to_postgres, task_id=run_alert_macross, run_id=scheduled__2025-08-06T14:50:00+00:00, execution_date=20250806T145000, start_date=20250807T073247, end_date=20250807T073247
[2025-08-07T07:32:47.334+0000] {standard_task_runner.py:110} ERROR - Failed to execute job 2731 for task run_alert_macross (Command '['python', '/opt/airflow/dags/alert_scripts/Alert_MAcross.py']' returned non-zero exit status 2.; 137129)
[2025-08-07T07:32:47.352+0000] {local_task_job_runner.py:240} INFO - Task exited with return code 1
[2025-08-07T07:32:47.380+0000] {taskinstance.py:3498} INFO - 0 downstream tasks scheduled from follow-on schedule check
[2025-08-07T07:32:47.382+0000] {local_task_job_runner.py:222} INFO - ::endgroup::
[2025-08-07T07:44:02.584+0000] {local_task_job_runner.py:120} INFO - ::group::Pre task execution logs
[2025-08-07T07:44:02.613+0000] {taskinstance.py:2076} INFO - Dependencies all met for dep_context=non-requeueable deps ti=<TaskInstance: run_all_alerts_and_save_to_postgres.run_alert_macross scheduled__2025-08-06T14:50:00+00:00 [queued]>
[2025-08-07T07:44:02.623+0000] {taskinstance.py:2076} INFO - Dependencies all met for dep_context=requeueable deps ti=<TaskInstance: run_all_alerts_and_save_to_postgres.run_alert_macross scheduled__2025-08-06T14:50:00+00:00 [queued]>
[2025-08-07T07:44:02.623+0000] {taskinstance.py:2306} INFO - Starting attempt 3 of 3
[2025-08-07T07:44:02.637+0000] {taskinstance.py:2330} INFO - Executing <Task(PythonOperator): run_alert_macross> on 2025-08-06 14:50:00+00:00
[2025-08-07T07:44:02.644+0000] {standard_task_runner.py:63} INFO - Started process 137330 to run task
[2025-08-07T07:44:02.649+0000] {standard_task_runner.py:90} INFO - Running: ['***', 'tasks', 'run', 'run_all_alerts_and_save_to_postgres', 'run_alert_macross', 'scheduled__2025-08-06T14:50:00+00:00', '--job-id', '2749', '--raw', '--subdir', 'DAGS_FOLDER/alert to db/alert_all_to_postgres_dag.py', '--cfg-path', '/tmp/tmp3fk2rx9y']
[2025-08-07T07:44:02.651+0000] {standard_task_runner.py:91} INFO - Job 2749: Subtask run_alert_macross
[2025-08-07T07:44:02.708+0000] {task_command.py:426} INFO - Running <TaskInstance: run_all_alerts_and_save_to_postgres.run_alert_macross scheduled__2025-08-06T14:50:00+00:00 [running]> on host 1877907bc043
[2025-08-07T07:44:02.801+0000] {taskinstance.py:2648} INFO - Exporting env vars: AIRFLOW_CTX_DAG_OWNER='alert_system' AIRFLOW_CTX_DAG_ID='run_all_alerts_and_save_to_postgres' AIRFLOW_CTX_TASK_ID='run_alert_macross' AIRFLOW_CTX_EXECUTION_DATE='2025-08-06T14:50:00+00:00' AIRFLOW_CTX_TRY_NUMBER='3' AIRFLOW_CTX_DAG_RUN_ID='scheduled__2025-08-06T14:50:00+00:00'
[2025-08-07T07:44:02.802+0000] {taskinstance.py:430} INFO - ::endgroup::
[2025-08-07T07:44:02.927+0000] {logging_mixin.py:188} INFO - [ERROR] Alert_MAcross.py failed:
python: can't open file '/www/server/***/dags/alert to db/alert_scripts/Alert_MAcross.py': [Errno 2] No such file or directory
[2025-08-07T07:44:02.928+0000] {taskinstance.py:441} INFO - ::group::Post task execution logs
[2025-08-07T07:44:02.928+0000] {taskinstance.py:2905} ERROR - Task failed with exception
Traceback (most recent call last):
  File "/home/airflow/.local/lib/python3.10/site-packages/airflow/models/taskinstance.py", line 465, in _execute_task
    result = _execute_callable(context=context, **execute_callable_kwargs)
  File "/home/airflow/.local/lib/python3.10/site-packages/airflow/models/taskinstance.py", line 432, in _execute_callable
    return execute_callable(context=context, **execute_callable_kwargs)
  File "/home/airflow/.local/lib/python3.10/site-packages/airflow/models/baseoperator.py", line 400, in wrapper
    return func(self, *args, **kwargs)
  File "/home/airflow/.local/lib/python3.10/site-packages/airflow/operators/python.py", line 235, in execute
    return_value = self.execute_callable()
  File "/home/airflow/.local/lib/python3.10/site-packages/airflow/operators/python.py", line 252, in execute_callable
    return self.python_callable(*self.op_args, **self.op_kwargs)
  File "/opt/airflow/dags/alert to db/alert_all_to_postgres_dag.py", line 40, in run_alert_script
    result = subprocess.run(['python', script_path], check=True, capture_output=True, text=True)
  File "/usr/local/lib/python3.10/subprocess.py", line 526, in run
    raise CalledProcessError(retcode, process.args,
subprocess.CalledProcessError: Command '['python', '/www/server/airflow/dags/alert to db/alert_scripts/Alert_MAcross.py']' returned non-zero exit status 2.
[2025-08-07T07:44:02.938+0000] {taskinstance.py:1206} INFO - Marking task as FAILED. dag_id=run_all_alerts_and_save_to_postgres, task_id=run_alert_macross, run_id=scheduled__2025-08-06T14:50:00+00:00, execution_date=20250806T145000, start_date=20250807T074402, end_date=20250807T074402
[2025-08-07T07:44:02.950+0000] {standard_task_runner.py:110} ERROR - Failed to execute job 2749 for task run_alert_macross (Command '['python', '/www/server/airflow/dags/alert to db/alert_scripts/Alert_MAcross.py']' returned non-zero exit status 2.; 137330)
[2025-08-07T07:44:02.980+0000] {local_task_job_runner.py:240} INFO - Task exited with return code 1
[2025-08-07T07:44:03.012+0000] {taskinstance.py:3498} INFO - 0 downstream tasks scheduled from follow-on schedule check
[2025-08-07T07:44:03.013+0000] {local_task_job_runner.py:222} INFO - ::endgroup::
[2025-08-07T07:53:47.776+0000] {local_task_job_runner.py:120} INFO - ::group::Pre task execution logs
[2025-08-07T07:53:47.800+0000] {taskinstance.py:2076} INFO - Dependencies all met for dep_context=non-requeueable deps ti=<TaskInstance: run_all_alerts_and_save_to_postgres.run_alert_macross scheduled__2025-08-06T14:50:00+00:00 [queued]>
[2025-08-07T07:53:47.809+0000] {taskinstance.py:2076} INFO - Dependencies all met for dep_context=requeueable deps ti=<TaskInstance: run_all_alerts_and_save_to_postgres.run_alert_macross scheduled__2025-08-06T14:50:00+00:00 [queued]>
[2025-08-07T07:53:47.809+0000] {taskinstance.py:2306} INFO - Starting attempt 3 of 3
[2025-08-07T07:53:47.820+0000] {taskinstance.py:2330} INFO - Executing <Task(PythonOperator): run_alert_macross> on 2025-08-06 14:50:00+00:00
[2025-08-07T07:53:47.828+0000] {standard_task_runner.py:63} INFO - Started process 137549 to run task
[2025-08-07T07:53:47.833+0000] {standard_task_runner.py:90} INFO - Running: ['***', 'tasks', 'run', 'run_all_alerts_and_save_to_postgres', 'run_alert_macross', 'scheduled__2025-08-06T14:50:00+00:00', '--job-id', '2778', '--raw', '--subdir', 'DAGS_FOLDER/alert to db/alert_scripts/alert_all_to_postgres_dag.py', '--cfg-path', '/tmp/tmp_856_76n']
[2025-08-07T07:53:47.834+0000] {standard_task_runner.py:91} INFO - Job 2778: Subtask run_alert_macross
[2025-08-07T07:53:47.890+0000] {task_command.py:426} INFO - Running <TaskInstance: run_all_alerts_and_save_to_postgres.run_alert_macross scheduled__2025-08-06T14:50:00+00:00 [running]> on host 1877907bc043
[2025-08-07T07:53:47.975+0000] {taskinstance.py:2648} INFO - Exporting env vars: AIRFLOW_CTX_DAG_OWNER='alert_system' AIRFLOW_CTX_DAG_ID='run_all_alerts_and_save_to_postgres' AIRFLOW_CTX_TASK_ID='run_alert_macross' AIRFLOW_CTX_EXECUTION_DATE='2025-08-06T14:50:00+00:00' AIRFLOW_CTX_TRY_NUMBER='3' AIRFLOW_CTX_DAG_RUN_ID='scheduled__2025-08-06T14:50:00+00:00'
[2025-08-07T07:53:47.976+0000] {taskinstance.py:430} INFO - ::endgroup::
[2025-08-07T07:53:47.990+0000] {logging_mixin.py:188} INFO - Running script: /www/server/***/dags/alert to db/alert_scripts/Alert_MAcross.py
[2025-08-07T07:53:48.091+0000] {logging_mixin.py:188} INFO - [ERROR] Alert_MAcross.py failed with stderr:
python: can't open file '/www/server/***/dags/alert to db/alert_scripts/Alert_MAcross.py': [Errno 2] No such file or directory
[2025-08-07T07:53:48.091+0000] {taskinstance.py:441} INFO - ::group::Post task execution logs
[2025-08-07T07:53:48.092+0000] {taskinstance.py:2905} ERROR - Task failed with exception
Traceback (most recent call last):
  File "/home/airflow/.local/lib/python3.10/site-packages/airflow/models/taskinstance.py", line 465, in _execute_task
    result = _execute_callable(context=context, **execute_callable_kwargs)
  File "/home/airflow/.local/lib/python3.10/site-packages/airflow/models/taskinstance.py", line 432, in _execute_callable
    return execute_callable(context=context, **execute_callable_kwargs)
  File "/home/airflow/.local/lib/python3.10/site-packages/airflow/models/baseoperator.py", line 400, in wrapper
    return func(self, *args, **kwargs)
  File "/home/airflow/.local/lib/python3.10/site-packages/airflow/operators/python.py", line 235, in execute
    return_value = self.execute_callable()
  File "/home/airflow/.local/lib/python3.10/site-packages/airflow/operators/python.py", line 252, in execute_callable
    return self.python_callable(*self.op_args, **self.op_kwargs)
  File "/opt/airflow/dags/alert to db/alert_scripts/alert_all_to_postgres_dag.py", line 41, in run_alert_script
    result = subprocess.run(
  File "/usr/local/lib/python3.10/subprocess.py", line 526, in run
    raise CalledProcessError(retcode, process.args,
subprocess.CalledProcessError: Command '['python', '/www/server/airflow/dags/alert to db/alert_scripts/Alert_MAcross.py']' returned non-zero exit status 2.
[2025-08-07T07:53:48.103+0000] {taskinstance.py:1206} INFO - Marking task as FAILED. dag_id=run_all_alerts_and_save_to_postgres, task_id=run_alert_macross, run_id=scheduled__2025-08-06T14:50:00+00:00, execution_date=20250806T145000, start_date=20250807T075347, end_date=20250807T075348
[2025-08-07T07:53:48.115+0000] {standard_task_runner.py:110} ERROR - Failed to execute job 2778 for task run_alert_macross (Command '['python', '/www/server/airflow/dags/alert to db/alert_scripts/Alert_MAcross.py']' returned non-zero exit status 2.; 137549)
[2025-08-07T07:53:48.164+0000] {local_task_job_runner.py:240} INFO - Task exited with return code 1
[2025-08-07T07:53:48.192+0000] {taskinstance.py:3498} INFO - 0 downstream tasks scheduled from follow-on schedule check
[2025-08-07T07:53:48.193+0000] {local_task_job_runner.py:222} INFO - ::endgroup::
[2025-08-07T08:18:46.800+0000] {local_task_job_runner.py:120} INFO - ::group::Pre task execution logs
[2025-08-07T08:18:46.826+0000] {taskinstance.py:2076} INFO - Dependencies all met for dep_context=non-requeueable deps ti=<TaskInstance: run_all_alerts_and_save_to_postgres.run_alert_macross scheduled__2025-08-06T14:50:00+00:00 [queued]>
[2025-08-07T08:18:46.834+0000] {taskinstance.py:2076} INFO - Dependencies all met for dep_context=requeueable deps ti=<TaskInstance: run_all_alerts_and_save_to_postgres.run_alert_macross scheduled__2025-08-06T14:50:00+00:00 [queued]>
[2025-08-07T08:18:46.834+0000] {taskinstance.py:2306} INFO - Starting attempt 3 of 3
[2025-08-07T08:18:46.846+0000] {taskinstance.py:2330} INFO - Executing <Task(PythonOperator): run_alert_macross> on 2025-08-06 14:50:00+00:00
[2025-08-07T08:18:46.853+0000] {standard_task_runner.py:63} INFO - Started process 137941 to run task
[2025-08-07T08:18:46.857+0000] {standard_task_runner.py:90} INFO - Running: ['***', 'tasks', 'run', 'run_all_alerts_and_save_to_postgres', 'run_alert_macross', 'scheduled__2025-08-06T14:50:00+00:00', '--job-id', '2804', '--raw', '--subdir', 'DAGS_FOLDER/alert_to_db/alert_all_to_postgres_dag.py', '--cfg-path', '/tmp/tmpq7pw_50i']
[2025-08-07T08:18:46.858+0000] {standard_task_runner.py:91} INFO - Job 2804: Subtask run_alert_macross
[2025-08-07T08:18:46.918+0000] {task_command.py:426} INFO - Running <TaskInstance: run_all_alerts_and_save_to_postgres.run_alert_macross scheduled__2025-08-06T14:50:00+00:00 [running]> on host 1877907bc043
[2025-08-07T08:18:47.010+0000] {taskinstance.py:2648} INFO - Exporting env vars: AIRFLOW_CTX_DAG_OWNER='alert_system' AIRFLOW_CTX_DAG_ID='run_all_alerts_and_save_to_postgres' AIRFLOW_CTX_TASK_ID='run_alert_macross' AIRFLOW_CTX_EXECUTION_DATE='2025-08-06T14:50:00+00:00' AIRFLOW_CTX_TRY_NUMBER='3' AIRFLOW_CTX_DAG_RUN_ID='scheduled__2025-08-06T14:50:00+00:00'
[2025-08-07T08:18:47.011+0000] {taskinstance.py:430} INFO - ::endgroup::
[2025-08-07T08:18:47.034+0000] {logging_mixin.py:188} INFO - Running script: /www/server/***/dags/alert to db/alert_scripts/Alert_MAcross.py
[2025-08-07T08:18:47.142+0000] {logging_mixin.py:188} INFO - [ERROR] Alert_MAcross.py failed with stderr:
python: can't open file '/www/server/***/dags/alert to db/alert_scripts/Alert_MAcross.py': [Errno 2] No such file or directory
[2025-08-07T08:18:47.142+0000] {taskinstance.py:441} INFO - ::group::Post task execution logs
[2025-08-07T08:18:47.143+0000] {taskinstance.py:2905} ERROR - Task failed with exception
Traceback (most recent call last):
  File "/home/airflow/.local/lib/python3.10/site-packages/airflow/models/taskinstance.py", line 465, in _execute_task
    result = _execute_callable(context=context, **execute_callable_kwargs)
  File "/home/airflow/.local/lib/python3.10/site-packages/airflow/models/taskinstance.py", line 432, in _execute_callable
    return execute_callable(context=context, **execute_callable_kwargs)
  File "/home/airflow/.local/lib/python3.10/site-packages/airflow/models/baseoperator.py", line 400, in wrapper
    return func(self, *args, **kwargs)
  File "/home/airflow/.local/lib/python3.10/site-packages/airflow/operators/python.py", line 235, in execute
    return_value = self.execute_callable()
  File "/home/airflow/.local/lib/python3.10/site-packages/airflow/operators/python.py", line 252, in execute_callable
    return self.python_callable(*self.op_args, **self.op_kwargs)
  File "/opt/airflow/dags/alert_to_db/alert_all_to_postgres_dag.py", line 41, in run_alert_script
    result = subprocess.run(
  File "/usr/local/lib/python3.10/subprocess.py", line 526, in run
    raise CalledProcessError(retcode, process.args,
subprocess.CalledProcessError: Command '['python', '/www/server/airflow/dags/alert to db/alert_scripts/Alert_MAcross.py']' returned non-zero exit status 2.
[2025-08-07T08:18:47.155+0000] {taskinstance.py:1206} INFO - Marking task as FAILED. dag_id=run_all_alerts_and_save_to_postgres, task_id=run_alert_macross, run_id=scheduled__2025-08-06T14:50:00+00:00, execution_date=20250806T145000, start_date=20250807T081846, end_date=20250807T081847
[2025-08-07T08:18:47.169+0000] {standard_task_runner.py:110} ERROR - Failed to execute job 2804 for task run_alert_macross (Command '['python', '/www/server/airflow/dags/alert to db/alert_scripts/Alert_MAcross.py']' returned non-zero exit status 2.; 137941)
[2025-08-07T08:18:47.189+0000] {local_task_job_runner.py:240} INFO - Task exited with return code 1
[2025-08-07T08:18:47.204+0000] {local_task_job_runner.py:222} INFO - ::endgroup::
[2025-08-07T09:01:37.349+0000] {local_task_job_runner.py:120} INFO - ::group::Pre task execution logs
[2025-08-07T09:01:37.381+0000] {taskinstance.py:2076} INFO - Dependencies all met for dep_context=non-requeueable deps ti=<TaskInstance: run_all_alerts_and_save_to_postgres.run_alert_macross scheduled__2025-08-06T14:50:00+00:00 [queued]>
[2025-08-07T09:01:37.392+0000] {taskinstance.py:2076} INFO - Dependencies all met for dep_context=requeueable deps ti=<TaskInstance: run_all_alerts_and_save_to_postgres.run_alert_macross scheduled__2025-08-06T14:50:00+00:00 [queued]>
[2025-08-07T09:01:37.392+0000] {taskinstance.py:2306} INFO - Starting attempt 3 of 3
[2025-08-07T09:01:37.407+0000] {taskinstance.py:2330} INFO - Executing <Task(PythonOperator): run_alert_macross> on 2025-08-06 14:50:00+00:00
[2025-08-07T09:01:37.415+0000] {standard_task_runner.py:63} INFO - Started process 138606 to run task
[2025-08-07T09:01:37.419+0000] {standard_task_runner.py:90} INFO - Running: ['***', 'tasks', 'run', 'run_all_alerts_and_save_to_postgres', 'run_alert_macross', 'scheduled__2025-08-06T14:50:00+00:00', '--job-id', '2839', '--raw', '--subdir', 'DAGS_FOLDER/alert_to_db/alert_all_to_postgres_dag.py', '--cfg-path', '/tmp/tmprjtslfcq']
[2025-08-07T09:01:37.420+0000] {standard_task_runner.py:91} INFO - Job 2839: Subtask run_alert_macross
[2025-08-07T09:01:37.473+0000] {task_command.py:426} INFO - Running <TaskInstance: run_all_alerts_and_save_to_postgres.run_alert_macross scheduled__2025-08-06T14:50:00+00:00 [running]> on host 1877907bc043
[2025-08-07T09:01:37.581+0000] {taskinstance.py:2648} INFO - Exporting env vars: AIRFLOW_CTX_DAG_OWNER='alert_system' AIRFLOW_CTX_DAG_ID='run_all_alerts_and_save_to_postgres' AIRFLOW_CTX_TASK_ID='run_alert_macross' AIRFLOW_CTX_EXECUTION_DATE='2025-08-06T14:50:00+00:00' AIRFLOW_CTX_TRY_NUMBER='3' AIRFLOW_CTX_DAG_RUN_ID='scheduled__2025-08-06T14:50:00+00:00'
[2025-08-07T09:01:37.582+0000] {taskinstance.py:430} INFO - ::endgroup::
[2025-08-07T09:01:37.596+0000] {logging_mixin.py:188} INFO - Running script: /www/server/***/dags/alert_to_db/alert_scripts/Alert_MAcross.py
[2025-08-07T09:01:37.693+0000] {logging_mixin.py:188} INFO - [ERROR] Alert_MAcross.py failed with stderr:
python: can't open file '/www/server/***/dags/alert_to_db/alert_scripts/Alert_MAcross.py': [Errno 2] No such file or directory
[2025-08-07T09:01:37.693+0000] {taskinstance.py:441} INFO - ::group::Post task execution logs
[2025-08-07T09:01:37.693+0000] {taskinstance.py:2905} ERROR - Task failed with exception
Traceback (most recent call last):
  File "/home/airflow/.local/lib/python3.10/site-packages/airflow/models/taskinstance.py", line 465, in _execute_task
    result = _execute_callable(context=context, **execute_callable_kwargs)
  File "/home/airflow/.local/lib/python3.10/site-packages/airflow/models/taskinstance.py", line 432, in _execute_callable
    return execute_callable(context=context, **execute_callable_kwargs)
  File "/home/airflow/.local/lib/python3.10/site-packages/airflow/models/baseoperator.py", line 400, in wrapper
    return func(self, *args, **kwargs)
  File "/home/airflow/.local/lib/python3.10/site-packages/airflow/operators/python.py", line 235, in execute
    return_value = self.execute_callable()
  File "/home/airflow/.local/lib/python3.10/site-packages/airflow/operators/python.py", line 252, in execute_callable
    return self.python_callable(*self.op_args, **self.op_kwargs)
  File "/opt/airflow/dags/alert_to_db/alert_all_to_postgres_dag.py", line 41, in run_alert_script
    result = subprocess.run(
  File "/usr/local/lib/python3.10/subprocess.py", line 526, in run
    raise CalledProcessError(retcode, process.args,
subprocess.CalledProcessError: Command '['python', '/www/server/airflow/dags/alert_to_db/alert_scripts/Alert_MAcross.py']' returned non-zero exit status 2.
[2025-08-07T09:01:37.705+0000] {taskinstance.py:1206} INFO - Marking task as FAILED. dag_id=run_all_alerts_and_save_to_postgres, task_id=run_alert_macross, run_id=scheduled__2025-08-06T14:50:00+00:00, execution_date=20250806T145000, start_date=20250807T090137, end_date=20250807T090137
[2025-08-07T09:01:37.717+0000] {standard_task_runner.py:110} ERROR - Failed to execute job 2839 for task run_alert_macross (Command '['python', '/www/server/airflow/dags/alert_to_db/alert_scripts/Alert_MAcross.py']' returned non-zero exit status 2.; 138606)
[2025-08-07T09:01:37.751+0000] {local_task_job_runner.py:240} INFO - Task exited with return code 1
[2025-08-07T09:01:37.771+0000] {taskinstance.py:3498} INFO - 0 downstream tasks scheduled from follow-on schedule check
[2025-08-07T09:01:37.772+0000] {local_task_job_runner.py:222} INFO - ::endgroup::
