[2025-09-06T21:30:01.546+0000] {local_task_job_runner.py:120} INFO - ::group::Pre task execution logs
[2025-09-06T21:30:01.576+0000] {taskinstance.py:2076} INFO - Dependencies all met for dep_context=non-requeueable deps ti=<TaskInstance: crypto_collector_dag.run_crypto_collector scheduled__2025-09-06T21:29:00+00:00 [queued]>
[2025-09-06T21:30:01.585+0000] {taskinstance.py:2076} INFO - Dependencies all met for dep_context=requeueable deps ti=<TaskInstance: crypto_collector_dag.run_crypto_collector scheduled__2025-09-06T21:29:00+00:00 [queued]>
[2025-09-06T21:30:01.585+0000] {taskinstance.py:2306} INFO - Starting attempt 1 of 2
[2025-09-06T21:30:01.598+0000] {taskinstance.py:2330} INFO - Executing <Task(BashOperator): run_crypto_collector> on 2025-09-06 21:29:00+00:00
[2025-09-06T21:30:01.605+0000] {standard_task_runner.py:63} INFO - Started process 90442 to run task
[2025-09-06T21:30:01.610+0000] {standard_task_runner.py:90} INFO - Running: ['***', 'tasks', 'run', 'crypto_collector_dag', 'run_crypto_collector', 'scheduled__2025-09-06T21:29:00+00:00', '--job-id', '137040', '--raw', '--subdir', 'DAGS_FOLDER/crawl_crypto/dags_crypto.py', '--cfg-path', '/tmp/tmpnokdrcn2']
[2025-09-06T21:30:01.611+0000] {standard_task_runner.py:91} INFO - Job 137040: Subtask run_crypto_collector
[2025-09-06T21:30:01.668+0000] {task_command.py:426} INFO - Running <TaskInstance: crypto_collector_dag.run_crypto_collector scheduled__2025-09-06T21:29:00+00:00 [running]> on host 8d9cea3aac78
[2025-09-06T21:30:01.770+0000] {taskinstance.py:2648} INFO - Exporting env vars: AIRFLOW_CTX_DAG_OWNER='***' AIRFLOW_CTX_DAG_ID='crypto_collector_dag' AIRFLOW_CTX_TASK_ID='run_crypto_collector' AIRFLOW_CTX_EXECUTION_DATE='2025-09-06T21:29:00+00:00' AIRFLOW_CTX_TRY_NUMBER='1' AIRFLOW_CTX_DAG_RUN_ID='scheduled__2025-09-06T21:29:00+00:00'
[2025-09-06T21:30:01.771+0000] {taskinstance.py:430} INFO - ::endgroup::
[2025-09-06T21:30:01.786+0000] {subprocess.py:63} INFO - Tmp dir root location: /tmp
[2025-09-06T21:30:01.787+0000] {subprocess.py:75} INFO - Running command: ['/usr/bin/bash', '-c', 'python3 /opt/***/dags/crawl_crypto/crawl_data_crypto.py']
[2025-09-06T21:30:01.799+0000] {subprocess.py:86} INFO - Output:
[2025-09-06T21:30:07.343+0000] {subprocess.py:93} INFO - 🔹 Kết nối DB...
[2025-09-06T21:30:07.344+0000] {subprocess.py:93} INFO - 🔹 Lấy top 100 crypto...
[2025-09-06T21:30:07.345+0000] {subprocess.py:93} INFO - Top 100: ['ETHUSDT', 'BTCUSDT', 'USDCUSDT', 'SOLUSDT', 'WLFIUSDT', 'ENAUSDT', 'SOMIUSDT', 'FDUSDUSDT', 'BNBUSDT', 'TRXUSDT', 'DOGEUSDT', 'XRPUSDT', 'NMRUSDT', 'BIOUSDT', 'PYTHUSDT', 'BCHUSDT', 'LINKUSDT', 'SUIUSDT', 'ADAUSDT', 'PEPEUSDT', 'DOLOUSDT', 'WLDUSDT', 'ARBUSDT', 'MITOUSDT', 'AVAXUSDT', 'MEMEUSDT', 'API3USDT', 'PENGUUSDT', 'SYRUPUSDT', 'SEIUSDT', 'LTCUSDT', 'REDUSDT', 'USD1USDT', 'GPSUSDT', 'AAVEUSDT', 'EIGENUSDT', 'UNIUSDT', 'CUSDT', 'BONKUSDT', 'POLUSDT', 'WIFUSDT', 'MAVUSDT', 'LPTUSDT', 'OMNIUSDT', 'DOTUSDT', 'PAXGUSDT', 'SUSDT', 'ETHFIUSDT', 'TONUSDT', 'APTUSDT', 'HBARUSDT', 'ONDOUSDT', 'CRVUSDT', 'LDOUSDT', 'TRUMPUSDT', 'XUSDUSDT', 'FILUSDT', 'TOWNSUSDT', 'XLMUSDT', 'NEARUSDT', 'PNUTUSDT', 'PENDLEUSDT', 'TREEUSDT', 'SLFUSDT', 'SHIBUSDT', 'NEIROUSDT', 'OPUSDT', 'ILVUSDT', 'TRBUSDT', 'BBUSDT', 'BAKEUSDT', 'RLCUSDT', 'TIAUSDT', 'BERAUSDT', 'QTUMUSDT', 'PLUMEUSDT', 'SPKUSDT', 'MKRUSDT', 'PROVEUSDT', 'VIRTUALUSDT', 'TAOUSDT', 'CFXUSDT', 'EURUSDT', 'FLOKIUSDT', 'OGUSDT', 'HFTUSDT', 'RAYUSDT', 'GALAUSDT', 'ORDIUSDT', 'INJUSDT', 'RESOLVUSDT', 'FORMUSDT', 'ICPUSDT', 'ALPINEUSDT', 'CYBERUSDT', 'FETUSDT', 'ARUSDT', 'OMUSDT', 'SXTUSDT', 'CAKEUSDT']
[2025-09-06T21:30:07.345+0000] {subprocess.py:93} INFO - 🔹 Lưu lịch sử giá vào DB bằng threading...
[2025-09-06T21:30:07.346+0000] {subprocess.py:93} INFO - ✅ BNBUSDT: thêm 1 dòng mới
[2025-09-06T21:30:07.347+0000] {subprocess.py:93} INFO - 1/100 BNBUSDT lưu OK
[2025-09-06T21:30:07.347+0000] {subprocess.py:93} INFO - ✅ TRXUSDT: thêm 1 dòng mới
[2025-09-06T21:30:07.348+0000] {subprocess.py:93} INFO - 2/100 TRXUSDT lưu OK
[2025-09-06T21:30:07.348+0000] {subprocess.py:93} INFO - ✅ ETHUSDT: thêm 1 dòng mới
[2025-09-06T21:30:07.349+0000] {subprocess.py:93} INFO - 3/100 ETHUSDT lưu OK
[2025-09-06T21:30:07.349+0000] {subprocess.py:93} INFO - ✅ SOLUSDT: thêm 1 dòng mới
[2025-09-06T21:30:07.349+0000] {subprocess.py:93} INFO - ✅ BTCUSDT: thêm 1 dòng mới
[2025-09-06T21:30:07.350+0000] {subprocess.py:93} INFO - 4/100 SOLUSDT lưu OK
[2025-09-06T21:30:07.350+0000] {subprocess.py:93} INFO - 5/100 WLFIUSDT lỗi: relation "cryptocurrency.wlfiusdt" does not exist
[2025-09-06T21:30:07.351+0000] {subprocess.py:93} INFO - LINE 1: SELECT MAX(time) FROM cryptocurrency.wlfiusdt;
[2025-09-06T21:30:07.351+0000] {subprocess.py:93} INFO -                               ^
[2025-09-06T21:30:07.351+0000] {subprocess.py:93} INFO - 
[2025-09-06T21:30:07.352+0000] {subprocess.py:93} INFO - 6/100 BTCUSDT lưu OK
[2025-09-06T21:30:07.352+0000] {subprocess.py:93} INFO - 7/100 SOMIUSDT lỗi: relation "cryptocurrency.somiusdt" does not exist
[2025-09-06T21:30:07.352+0000] {subprocess.py:93} INFO - LINE 1: SELECT MAX(time) FROM cryptocurrency.somiusdt;
[2025-09-06T21:30:07.353+0000] {subprocess.py:93} INFO -                               ^
[2025-09-06T21:30:07.353+0000] {subprocess.py:93} INFO - 
[2025-09-06T21:30:07.353+0000] {subprocess.py:93} INFO - ✅ USDCUSDT: thêm 1 dòng mới
[2025-09-06T21:30:07.354+0000] {subprocess.py:93} INFO - 8/100 USDCUSDT lưu OK
[2025-09-06T21:30:07.354+0000] {subprocess.py:93} INFO - ✅ ENAUSDT: thêm 1 dòng mới
[2025-09-06T21:30:07.355+0000] {subprocess.py:93} INFO - 9/100 ENAUSDT lưu OK
[2025-09-06T21:30:07.355+0000] {subprocess.py:93} INFO - ✅ FDUSDUSDT: thêm 1 dòng mới
[2025-09-06T21:30:07.355+0000] {subprocess.py:93} INFO - 10/100 FDUSDUSDT lưu OK
[2025-09-06T21:30:07.356+0000] {subprocess.py:93} INFO - ✅ XRPUSDT: thêm 1 dòng mới
[2025-09-06T21:30:07.356+0000] {subprocess.py:93} INFO - 11/100 XRPUSDT lưu OK
[2025-09-06T21:30:07.356+0000] {subprocess.py:93} INFO - ✅ DOGEUSDT: thêm 1 dòng mới
[2025-09-06T21:30:07.357+0000] {subprocess.py:93} INFO - 12/100 DOGEUSDT lưu OK
[2025-09-06T21:30:07.357+0000] {subprocess.py:93} INFO - 13/100 BIOUSDT lỗi: relation "cryptocurrency.biousdt" does not exist
[2025-09-06T21:30:07.358+0000] {subprocess.py:93} INFO - LINE 1: SELECT MAX(time) FROM cryptocurrency.biousdt;
[2025-09-06T21:30:07.358+0000] {subprocess.py:93} INFO -                               ^
[2025-09-06T21:30:07.358+0000] {subprocess.py:93} INFO - 
[2025-09-06T21:30:07.359+0000] {subprocess.py:93} INFO - ✅ BCHUSDT: thêm 1 dòng mới
[2025-09-06T21:30:07.359+0000] {subprocess.py:93} INFO - 14/100 NMRUSDT lỗi: relation "cryptocurrency.nmrusdt" does not exist
[2025-09-06T21:30:07.359+0000] {subprocess.py:93} INFO - LINE 1: SELECT MAX(time) FROM cryptocurrency.nmrusdt;
[2025-09-06T21:30:07.360+0000] {subprocess.py:93} INFO -                               ^
[2025-09-06T21:30:07.360+0000] {subprocess.py:93} INFO - 
[2025-09-06T21:30:07.360+0000] {subprocess.py:93} INFO - 15/100 BCHUSDT lưu OK
[2025-09-06T21:30:07.361+0000] {subprocess.py:93} INFO - ✅ SUIUSDT: thêm 1 dòng mới
[2025-09-06T21:30:07.361+0000] {subprocess.py:93} INFO - 16/100 SUIUSDT lưu OK
[2025-09-06T21:30:07.362+0000] {subprocess.py:93} INFO - ✅ LINKUSDT: thêm 1 dòng mới
[2025-09-06T21:30:07.362+0000] {subprocess.py:93} INFO - 17/100 LINKUSDT lưu OK
[2025-09-06T21:30:07.362+0000] {subprocess.py:93} INFO - 18/100 PYTHUSDT lỗi: relation "cryptocurrency.pythusdt" does not exist
[2025-09-06T21:30:07.363+0000] {subprocess.py:93} INFO - LINE 1: SELECT MAX(time) FROM cryptocurrency.pythusdt;
[2025-09-06T21:30:07.364+0000] {subprocess.py:93} INFO -                               ^
[2025-09-06T21:30:07.364+0000] {subprocess.py:93} INFO - 
[2025-09-06T21:30:07.364+0000] {subprocess.py:93} INFO - ✅ ADAUSDT: thêm 1 dòng mới
[2025-09-06T21:30:07.365+0000] {subprocess.py:93} INFO - 19/100 ADAUSDT lưu OK
[2025-09-06T21:30:07.366+0000] {subprocess.py:93} INFO - 20/100 DOLOUSDT lỗi: relation "cryptocurrency.dolousdt" does not exist
[2025-09-06T21:30:07.366+0000] {subprocess.py:93} INFO - LINE 1: SELECT MAX(time) FROM cryptocurrency.dolousdt;
[2025-09-06T21:30:07.367+0000] {subprocess.py:93} INFO -                               ^
[2025-09-06T21:30:07.367+0000] {subprocess.py:93} INFO - 
[2025-09-06T21:30:07.368+0000] {subprocess.py:93} INFO - ✅ PEPEUSDT: thêm 1 dòng mới
[2025-09-06T21:30:07.368+0000] {subprocess.py:93} INFO - 21/100 PEPEUSDT lưu OK
[2025-09-06T21:30:07.368+0000] {subprocess.py:93} INFO - ✅ WLDUSDT: thêm 1 dòng mới
[2025-09-06T21:30:07.369+0000] {subprocess.py:93} INFO - 22/100 WLDUSDT lưu OK
[2025-09-06T21:30:07.369+0000] {subprocess.py:93} INFO - ✅ AVAXUSDT: thêm 1 dòng mới
[2025-09-06T21:30:07.369+0000] {subprocess.py:93} INFO - 23/100 AVAXUSDT lưu OK
[2025-09-06T21:30:07.370+0000] {subprocess.py:93} INFO - 24/100 MITOUSDT lỗi: relation "cryptocurrency.mitousdt" does not exist
[2025-09-06T21:30:07.370+0000] {subprocess.py:93} INFO - LINE 1: SELECT MAX(time) FROM cryptocurrency.mitousdt;
[2025-09-06T21:30:07.371+0000] {subprocess.py:93} INFO -                               ^
[2025-09-06T21:30:07.371+0000] {subprocess.py:93} INFO - 
[2025-09-06T21:30:07.372+0000] {subprocess.py:93} INFO - ✅ ARBUSDT: thêm 1 dòng mới
[2025-09-06T21:30:07.372+0000] {subprocess.py:93} INFO - 25/100 ARBUSDT lưu OK
[2025-09-06T21:30:07.373+0000] {subprocess.py:93} INFO - ✅ SYRUPUSDT: thêm 1 dòng mới
[2025-09-06T21:30:07.373+0000] {subprocess.py:93} INFO - 26/100 SYRUPUSDT lưu OK
[2025-09-06T21:30:07.374+0000] {subprocess.py:93} INFO - 27/100 MEMEUSDT lỗi: relation "cryptocurrency.memeusdt" does not exist
[2025-09-06T21:30:07.374+0000] {subprocess.py:93} INFO - LINE 1: SELECT MAX(time) FROM cryptocurrency.memeusdt;
[2025-09-06T21:30:07.375+0000] {subprocess.py:93} INFO -                               ^
[2025-09-06T21:30:07.375+0000] {subprocess.py:93} INFO - 
[2025-09-06T21:30:07.376+0000] {subprocess.py:93} INFO - ✅ API3USDT: thêm 1 dòng mới
[2025-09-06T21:30:07.376+0000] {subprocess.py:93} INFO - 28/100 API3USDT lưu OK
[2025-09-06T21:30:07.377+0000] {subprocess.py:93} INFO - ✅ PENGUUSDT: thêm 1 dòng mới
[2025-09-06T21:30:07.378+0000] {subprocess.py:93} INFO - 29/100 PENGUUSDT lưu OK
[2025-09-06T21:30:07.378+0000] {subprocess.py:93} INFO - ✅ SEIUSDT: thêm 1 dòng mới
[2025-09-06T21:30:07.379+0000] {subprocess.py:93} INFO - 30/100 SEIUSDT lưu OK
[2025-09-06T21:30:07.379+0000] {subprocess.py:93} INFO - 31/100 REDUSDT lỗi: relation "cryptocurrency.redusdt" does not exist
[2025-09-06T21:30:07.380+0000] {subprocess.py:93} INFO - LINE 1: SELECT MAX(time) FROM cryptocurrency.redusdt;
[2025-09-06T21:30:07.381+0000] {subprocess.py:93} INFO -                               ^
[2025-09-06T21:30:07.381+0000] {subprocess.py:93} INFO - 
[2025-09-06T21:30:07.382+0000] {subprocess.py:93} INFO - ✅ LTCUSDT: thêm 1 dòng mới
[2025-09-06T21:30:07.382+0000] {subprocess.py:93} INFO - 32/100 LTCUSDT lưu OK
[2025-09-06T21:30:07.383+0000] {subprocess.py:93} INFO - 33/100 GPSUSDT lỗi: relation "cryptocurrency.gpsusdt" does not exist
[2025-09-06T21:30:07.384+0000] {subprocess.py:93} INFO - LINE 1: SELECT MAX(time) FROM cryptocurrency.gpsusdt;
[2025-09-06T21:30:07.384+0000] {subprocess.py:93} INFO -                               ^
[2025-09-06T21:30:07.385+0000] {subprocess.py:93} INFO - 
[2025-09-06T21:30:07.385+0000] {subprocess.py:93} INFO - 34/100 USD1USDT lỗi: relation "cryptocurrency.usd1usdt" does not exist
[2025-09-06T21:30:07.386+0000] {subprocess.py:93} INFO - LINE 1: SELECT MAX(time) FROM cryptocurrency.usd1usdt;
[2025-09-06T21:30:07.386+0000] {subprocess.py:93} INFO -                               ^
[2025-09-06T21:30:07.387+0000] {subprocess.py:93} INFO - 
[2025-09-06T21:30:07.388+0000] {subprocess.py:93} INFO - ✅ AAVEUSDT: thêm 1 dòng mới
[2025-09-06T21:30:07.388+0000] {subprocess.py:93} INFO - 35/100 AAVEUSDT lưu OK
[2025-09-06T21:30:07.389+0000] {subprocess.py:93} INFO - ✅ UNIUSDT: thêm 1 dòng mới
[2025-09-06T21:30:07.389+0000] {subprocess.py:93} INFO - 36/100 UNIUSDT lưu OK
[2025-09-06T21:30:07.390+0000] {subprocess.py:93} INFO - 37/100 CUSDT lỗi: relation "cryptocurrency.cusdt" does not exist
[2025-09-06T21:30:07.391+0000] {subprocess.py:93} INFO - LINE 1: SELECT MAX(time) FROM cryptocurrency.cusdt;
[2025-09-06T21:30:07.391+0000] {subprocess.py:93} INFO -                               ^
[2025-09-06T21:30:07.392+0000] {subprocess.py:93} INFO - 
[2025-09-06T21:30:07.393+0000] {subprocess.py:93} INFO - ✅ EIGENUSDT: thêm 1 dòng mới
[2025-09-06T21:30:07.393+0000] {subprocess.py:93} INFO - 38/100 EIGENUSDT lưu OK
[2025-09-06T21:30:07.394+0000] {subprocess.py:93} INFO - ✅ BONKUSDT: thêm 1 dòng mới
[2025-09-06T21:30:07.394+0000] {subprocess.py:93} INFO - ✅ POLUSDT: thêm 1 dòng mới
[2025-09-06T21:30:07.395+0000] {subprocess.py:93} INFO - 39/100 BONKUSDT lưu OK
[2025-09-06T21:30:07.396+0000] {subprocess.py:93} INFO - 40/100 POLUSDT lưu OK
[2025-09-06T21:30:07.396+0000] {subprocess.py:93} INFO - ✅ WIFUSDT: thêm 1 dòng mới
[2025-09-06T21:30:07.397+0000] {subprocess.py:93} INFO - 41/100 WIFUSDT lưu OK
[2025-09-06T21:30:07.398+0000] {subprocess.py:93} INFO - ✅ MAVUSDT: thêm 1 dòng mới
[2025-09-06T21:30:07.398+0000] {subprocess.py:93} INFO - 42/100 MAVUSDT lưu OK
[2025-09-06T21:30:07.399+0000] {subprocess.py:93} INFO - 43/100 OMNIUSDT lỗi: relation "cryptocurrency.omniusdt" does not exist
[2025-09-06T21:30:07.399+0000] {subprocess.py:93} INFO - LINE 1: SELECT MAX(time) FROM cryptocurrency.omniusdt;
[2025-09-06T21:30:07.400+0000] {subprocess.py:93} INFO -                               ^
[2025-09-06T21:30:07.400+0000] {subprocess.py:93} INFO - 
[2025-09-06T21:30:07.400+0000] {subprocess.py:93} INFO - 44/100 LPTUSDT lỗi: relation "cryptocurrency.lptusdt" does not exist
[2025-09-06T21:30:07.401+0000] {subprocess.py:93} INFO - LINE 1: SELECT MAX(time) FROM cryptocurrency.lptusdt;
[2025-09-06T21:30:07.402+0000] {subprocess.py:93} INFO -                               ^
[2025-09-06T21:30:07.402+0000] {subprocess.py:93} INFO - 
[2025-09-06T21:30:07.403+0000] {subprocess.py:93} INFO - ✅ DOTUSDT: thêm 1 dòng mới
[2025-09-06T21:30:07.403+0000] {subprocess.py:93} INFO - 45/100 DOTUSDT lưu OK
[2025-09-06T21:30:07.404+0000] {subprocess.py:93} INFO - 46/100 PAXGUSDT lỗi: relation "cryptocurrency.paxgusdt" does not exist
[2025-09-06T21:30:07.405+0000] {subprocess.py:93} INFO - LINE 1: SELECT MAX(time) FROM cryptocurrency.paxgusdt;
[2025-09-06T21:30:07.405+0000] {subprocess.py:93} INFO -                               ^
[2025-09-06T21:30:07.406+0000] {subprocess.py:93} INFO - 
[2025-09-06T21:30:07.406+0000] {subprocess.py:93} INFO - ✅ SUSDT: thêm 1 dòng mới
[2025-09-06T21:30:07.407+0000] {subprocess.py:93} INFO - 47/100 SUSDT lưu OK
[2025-09-06T21:30:07.408+0000] {subprocess.py:93} INFO - ✅ ETHFIUSDT: thêm 1 dòng mới
[2025-09-06T21:30:07.408+0000] {subprocess.py:93} INFO - 48/100 ETHFIUSDT lưu OK
[2025-09-06T21:30:07.409+0000] {subprocess.py:93} INFO - ✅ TONUSDT: thêm 1 dòng mới
[2025-09-06T21:30:07.409+0000] {subprocess.py:93} INFO - 49/100 TONUSDT lưu OK
[2025-09-06T21:30:07.410+0000] {subprocess.py:93} INFO - ✅ APTUSDT: thêm 1 dòng mới
[2025-09-06T21:30:07.410+0000] {subprocess.py:93} INFO - 50/100 APTUSDT lưu OK
[2025-09-06T21:30:07.411+0000] {subprocess.py:93} INFO - ✅ HBARUSDT: thêm 1 dòng mới
[2025-09-06T21:30:07.412+0000] {subprocess.py:93} INFO - 51/100 HBARUSDT lưu OK
[2025-09-06T21:30:07.412+0000] {subprocess.py:93} INFO - ✅ ONDOUSDT: thêm 1 dòng mới
[2025-09-06T21:30:07.413+0000] {subprocess.py:93} INFO - 52/100 ONDOUSDT lưu OK
[2025-09-06T21:30:07.413+0000] {subprocess.py:93} INFO - ✅ CRVUSDT: thêm 1 dòng mới
[2025-09-06T21:30:07.414+0000] {subprocess.py:93} INFO - 53/100 CRVUSDT lưu OK
[2025-09-06T21:30:07.414+0000] {subprocess.py:93} INFO - ✅ LDOUSDT: thêm 1 dòng mới
[2025-09-06T21:30:07.415+0000] {subprocess.py:93} INFO - 54/100 LDOUSDT lưu OK
[2025-09-06T21:30:07.416+0000] {subprocess.py:93} INFO - ✅ TRUMPUSDT: thêm 1 dòng mới
[2025-09-06T21:30:07.416+0000] {subprocess.py:93} INFO - 55/100 TRUMPUSDT lưu OK
[2025-09-06T21:30:07.417+0000] {subprocess.py:93} INFO - ✅ XUSDUSDT: thêm 1 dòng mới
[2025-09-06T21:30:07.418+0000] {subprocess.py:93} INFO - 56/100 XUSDUSDT lưu OK
[2025-09-06T21:30:07.418+0000] {subprocess.py:93} INFO - ✅ FILUSDT: thêm 1 dòng mới
[2025-09-06T21:30:07.419+0000] {subprocess.py:93} INFO - 57/100 FILUSDT lưu OK
[2025-09-06T21:30:07.420+0000] {subprocess.py:93} INFO - ✅ TOWNSUSDT: thêm 1 dòng mới
[2025-09-06T21:30:07.420+0000] {subprocess.py:93} INFO - 58/100 TOWNSUSDT lưu OK
[2025-09-06T21:30:07.421+0000] {subprocess.py:93} INFO - ✅ NEARUSDT: thêm 1 dòng mới
[2025-09-06T21:30:07.421+0000] {subprocess.py:93} INFO - 59/100 NEARUSDT lưu OK
[2025-09-06T21:30:07.422+0000] {subprocess.py:93} INFO - ✅ XLMUSDT: thêm 1 dòng mới
[2025-09-06T21:30:07.422+0000] {subprocess.py:93} INFO - 60/100 XLMUSDT lưu OK
[2025-09-06T21:30:07.423+0000] {subprocess.py:93} INFO - ✅ PNUTUSDT: thêm 1 dòng mới
[2025-09-06T21:30:07.423+0000] {subprocess.py:93} INFO - 61/100 PNUTUSDT lưu OK
[2025-09-06T21:30:07.424+0000] {subprocess.py:93} INFO - ✅ PENDLEUSDT: thêm 1 dòng mới
[2025-09-06T21:30:07.425+0000] {subprocess.py:93} INFO - 62/100 PENDLEUSDT lưu OK
[2025-09-06T21:30:07.425+0000] {subprocess.py:93} INFO - 63/100 TREEUSDT lỗi: relation "cryptocurrency.treeusdt" does not exist
[2025-09-06T21:30:07.426+0000] {subprocess.py:93} INFO - LINE 1: SELECT MAX(time) FROM cryptocurrency.treeusdt;
[2025-09-06T21:30:07.426+0000] {subprocess.py:93} INFO -                               ^
[2025-09-06T21:30:07.427+0000] {subprocess.py:93} INFO - 
[2025-09-06T21:30:07.428+0000] {subprocess.py:93} INFO - ✅ ILVUSDT: thêm 1 dòng mới
[2025-09-06T21:30:07.428+0000] {subprocess.py:93} INFO - 64/100 ILVUSDT lưu OK
[2025-09-06T21:30:07.429+0000] {subprocess.py:93} INFO - 65/100 SLFUSDT lỗi: relation "cryptocurrency.slfusdt" does not exist
[2025-09-06T21:30:07.429+0000] {subprocess.py:93} INFO - LINE 1: SELECT MAX(time) FROM cryptocurrency.slfusdt;
[2025-09-06T21:30:07.430+0000] {subprocess.py:93} INFO -                               ^
[2025-09-06T21:30:07.431+0000] {subprocess.py:93} INFO - 
[2025-09-06T21:30:07.431+0000] {subprocess.py:93} INFO - ✅ SHIBUSDT: thêm 1 dòng mới
[2025-09-06T21:30:07.432+0000] {subprocess.py:93} INFO - 66/100 SHIBUSDT lưu OK
[2025-09-06T21:30:07.432+0000] {subprocess.py:93} INFO - ✅ NEIROUSDT: thêm 1 dòng mới
[2025-09-06T21:30:07.433+0000] {subprocess.py:93} INFO - 67/100 NEIROUSDT lưu OK
[2025-09-06T21:30:07.434+0000] {subprocess.py:93} INFO - ✅ OPUSDT: thêm 1 dòng mới
[2025-09-06T21:30:07.434+0000] {subprocess.py:93} INFO - 68/100 OPUSDT lưu OK
[2025-09-06T21:30:07.435+0000] {subprocess.py:93} INFO - 69/100 BAKEUSDT lỗi: relation "cryptocurrency.bakeusdt" does not exist
[2025-09-06T21:30:07.435+0000] {subprocess.py:93} INFO - LINE 1: SELECT MAX(time) FROM cryptocurrency.bakeusdt;
[2025-09-06T21:30:07.436+0000] {subprocess.py:93} INFO -                               ^
[2025-09-06T21:30:07.436+0000] {subprocess.py:93} INFO - 
[2025-09-06T21:30:07.437+0000] {subprocess.py:93} INFO - 70/100 TRBUSDT lỗi: relation "cryptocurrency.trbusdt" does not exist
[2025-09-06T21:30:07.438+0000] {subprocess.py:93} INFO - LINE 1: SELECT MAX(time) FROM cryptocurrency.trbusdt;
[2025-09-06T21:30:07.438+0000] {subprocess.py:93} INFO -                               ^
[2025-09-06T21:30:07.439+0000] {subprocess.py:93} INFO - 
[2025-09-06T21:30:07.439+0000] {subprocess.py:93} INFO - 71/100 BBUSDT lỗi: relation "cryptocurrency.bbusdt" does not exist
[2025-09-06T21:30:07.440+0000] {subprocess.py:93} INFO - LINE 1: SELECT MAX(time) FROM cryptocurrency.bbusdt;
[2025-09-06T21:30:07.441+0000] {subprocess.py:93} INFO -                               ^
[2025-09-06T21:30:07.441+0000] {subprocess.py:93} INFO - 
[2025-09-06T21:30:07.442+0000] {subprocess.py:93} INFO - 72/100 RLCUSDT lỗi: relation "cryptocurrency.rlcusdt" does not exist
[2025-09-06T21:30:07.442+0000] {subprocess.py:93} INFO - LINE 1: SELECT MAX(time) FROM cryptocurrency.rlcusdt;
[2025-09-06T21:30:07.443+0000] {subprocess.py:93} INFO -                               ^
[2025-09-06T21:30:07.443+0000] {subprocess.py:93} INFO - 
[2025-09-06T21:30:07.444+0000] {subprocess.py:93} INFO - ✅ TIAUSDT: thêm 1 dòng mới
[2025-09-06T21:30:07.444+0000] {subprocess.py:93} INFO - 73/100 TIAUSDT lưu OK
[2025-09-06T21:30:07.444+0000] {subprocess.py:93} INFO - ✅ BERAUSDT: thêm 1 dòng mới
[2025-09-06T21:30:07.445+0000] {subprocess.py:93} INFO - 74/100 BERAUSDT lưu OK
[2025-09-06T21:30:07.445+0000] {subprocess.py:93} INFO - 75/100 QTUMUSDT lỗi: relation "cryptocurrency.qtumusdt" does not exist
[2025-09-06T21:30:07.445+0000] {subprocess.py:93} INFO - LINE 1: SELECT MAX(time) FROM cryptocurrency.qtumusdt;
[2025-09-06T21:30:07.446+0000] {subprocess.py:93} INFO -                               ^
[2025-09-06T21:30:07.446+0000] {subprocess.py:93} INFO - 
[2025-09-06T21:30:07.447+0000] {subprocess.py:93} INFO - 76/100 PLUMEUSDT lỗi: relation "cryptocurrency.plumeusdt" does not exist
[2025-09-06T21:30:07.447+0000] {subprocess.py:93} INFO - LINE 1: SELECT MAX(time) FROM cryptocurrency.plumeusdt;
[2025-09-06T21:30:07.447+0000] {subprocess.py:93} INFO -                               ^
[2025-09-06T21:30:07.448+0000] {subprocess.py:93} INFO - 
[2025-09-06T21:30:07.448+0000] {subprocess.py:93} INFO - ✅ SPKUSDT: thêm 1 dòng mới
[2025-09-06T21:30:07.448+0000] {subprocess.py:93} INFO - 77/100 SPKUSDT lưu OK
[2025-09-06T21:30:07.449+0000] {subprocess.py:93} INFO - 78/100 MKRUSDT lỗi: relation "cryptocurrency.mkrusdt" does not exist
[2025-09-06T21:30:07.449+0000] {subprocess.py:93} INFO - LINE 1: SELECT MAX(time) FROM cryptocurrency.mkrusdt;
[2025-09-06T21:30:07.449+0000] {subprocess.py:93} INFO -                               ^
[2025-09-06T21:30:07.450+0000] {subprocess.py:93} INFO - 
[2025-09-06T21:30:08.044+0000] {subprocess.py:93} INFO - ✅ PROVEUSDT: thêm 1 dòng mới
[2025-09-06T21:30:08.045+0000] {subprocess.py:93} INFO - 79/100 PROVEUSDT lưu OK
[2025-09-06T21:30:08.045+0000] {subprocess.py:93} INFO - ✅ VIRTUALUSDT: thêm 1 dòng mới
[2025-09-06T21:30:08.045+0000] {subprocess.py:93} INFO - 80/100 VIRTUALUSDT lưu OK
[2025-09-06T21:30:08.046+0000] {subprocess.py:93} INFO - ✅ CFXUSDT: thêm 1 dòng mới
[2025-09-06T21:30:08.046+0000] {subprocess.py:93} INFO - 81/100 CFXUSDT lưu OK
[2025-09-06T21:30:08.046+0000] {subprocess.py:93} INFO - ✅ TAOUSDT: thêm 1 dòng mới
[2025-09-06T21:30:08.046+0000] {subprocess.py:93} INFO - 82/100 TAOUSDT lưu OK
[2025-09-06T21:30:08.047+0000] {subprocess.py:93} INFO - ✅ EURUSDT: thêm 1 dòng mới
[2025-09-06T21:30:08.047+0000] {subprocess.py:93} INFO - 83/100 EURUSDT lưu OK
[2025-09-06T21:30:08.047+0000] {subprocess.py:93} INFO - ✅ FLOKIUSDT: thêm 1 dòng mới
[2025-09-06T21:30:08.047+0000] {subprocess.py:93} INFO - 84/100 FLOKIUSDT lưu OK
[2025-09-06T21:30:08.047+0000] {subprocess.py:93} INFO - ✅ OGUSDT: thêm 1 dòng mới
[2025-09-06T21:30:08.048+0000] {subprocess.py:93} INFO - 85/100 OGUSDT lưu OK
[2025-09-06T21:30:08.048+0000] {subprocess.py:93} INFO - 86/100 HFTUSDT lỗi: relation "cryptocurrency.hftusdt" does not exist
[2025-09-06T21:30:08.048+0000] {subprocess.py:93} INFO - LINE 1: SELECT MAX(time) FROM cryptocurrency.hftusdt;
[2025-09-06T21:30:08.048+0000] {subprocess.py:93} INFO -                               ^
[2025-09-06T21:30:08.048+0000] {subprocess.py:93} INFO - 
[2025-09-06T21:30:08.049+0000] {subprocess.py:93} INFO - ✅ RAYUSDT: thêm 1 dòng mới
[2025-09-06T21:30:08.049+0000] {subprocess.py:93} INFO - 87/100 RAYUSDT lưu OK
[2025-09-06T21:30:08.049+0000] {subprocess.py:93} INFO - ✅ GALAUSDT: thêm 1 dòng mới
[2025-09-06T21:30:08.050+0000] {subprocess.py:93} INFO - 88/100 GALAUSDT lưu OK
[2025-09-06T21:30:08.050+0000] {subprocess.py:93} INFO - ✅ INJUSDT: thêm 1 dòng mới
[2025-09-06T21:30:08.050+0000] {subprocess.py:93} INFO - 89/100 INJUSDT lưu OK
[2025-09-06T21:30:08.050+0000] {subprocess.py:93} INFO - ✅ ORDIUSDT: thêm 1 dòng mới
[2025-09-06T21:30:08.050+0000] {subprocess.py:93} INFO - 90/100 ORDIUSDT lưu OK
[2025-09-06T21:30:08.051+0000] {subprocess.py:93} INFO - 91/100 RESOLVUSDT lỗi: relation "cryptocurrency.resolvusdt" does not exist
[2025-09-06T21:30:08.051+0000] {subprocess.py:93} INFO - LINE 1: SELECT MAX(time) FROM cryptocurrency.resolvusdt;
[2025-09-06T21:30:08.051+0000] {subprocess.py:93} INFO -                               ^
[2025-09-06T21:30:08.051+0000] {subprocess.py:93} INFO - 
[2025-09-06T21:30:08.052+0000] {subprocess.py:93} INFO - 92/100 FORMUSDT lỗi: relation "cryptocurrency.formusdt" does not exist
[2025-09-06T21:30:08.052+0000] {subprocess.py:93} INFO - LINE 1: SELECT MAX(time) FROM cryptocurrency.formusdt;
[2025-09-06T21:30:08.052+0000] {subprocess.py:93} INFO -                               ^
[2025-09-06T21:30:08.052+0000] {subprocess.py:93} INFO - 
[2025-09-06T21:30:08.052+0000] {subprocess.py:93} INFO - ✅ ALPINEUSDT: thêm 1 dòng mới
[2025-09-06T21:30:08.053+0000] {subprocess.py:93} INFO - 93/100 ALPINEUSDT lưu OK
[2025-09-06T21:30:08.053+0000] {subprocess.py:93} INFO - ✅ ICPUSDT: thêm 1 dòng mới
[2025-09-06T21:30:08.053+0000] {subprocess.py:93} INFO - 94/100 ICPUSDT lưu OK
[2025-09-06T21:30:08.053+0000] {subprocess.py:93} INFO - 95/100 CYBERUSDT lỗi: relation "cryptocurrency.cyberusdt" does not exist
[2025-09-06T21:30:08.053+0000] {subprocess.py:93} INFO - LINE 1: SELECT MAX(time) FROM cryptocurrency.cyberusdt;
[2025-09-06T21:30:08.054+0000] {subprocess.py:93} INFO -                               ^
[2025-09-06T21:30:08.054+0000] {subprocess.py:93} INFO - 
[2025-09-06T21:30:08.054+0000] {subprocess.py:93} INFO - ✅ ARUSDT: thêm 1 dòng mới
[2025-09-06T21:30:08.054+0000] {subprocess.py:93} INFO - 96/100 ARUSDT lưu OK
[2025-09-06T21:30:08.054+0000] {subprocess.py:93} INFO - ✅ FETUSDT: thêm 1 dòng mới
[2025-09-06T21:30:08.055+0000] {subprocess.py:93} INFO - 97/100 FETUSDT lưu OK
[2025-09-06T21:30:08.055+0000] {subprocess.py:93} INFO - 98/100 SXTUSDT lỗi: relation "cryptocurrency.sxtusdt" does not exist
[2025-09-06T21:30:08.055+0000] {subprocess.py:93} INFO - LINE 1: SELECT MAX(time) FROM cryptocurrency.sxtusdt;
[2025-09-06T21:30:08.055+0000] {subprocess.py:93} INFO -                               ^
[2025-09-06T21:30:08.055+0000] {subprocess.py:93} INFO - 
[2025-09-06T21:30:08.056+0000] {subprocess.py:93} INFO - ✅ OMUSDT: thêm 1 dòng mới
[2025-09-06T21:30:08.056+0000] {subprocess.py:93} INFO - 99/100 OMUSDT lưu OK
[2025-09-06T21:30:08.056+0000] {subprocess.py:93} INFO - ✅ CAKEUSDT: thêm 1 dòng mới
[2025-09-06T21:30:08.056+0000] {subprocess.py:93} INFO - 100/100 CAKEUSDT lưu OK
[2025-09-06T21:30:08.183+0000] {subprocess.py:97} INFO - Command exited with return code 0
[2025-09-06T21:30:08.184+0000] {taskinstance.py:441} INFO - ::group::Post task execution logs
[2025-09-06T21:30:08.210+0000] {taskinstance.py:1206} INFO - Marking task as SUCCESS. dag_id=crypto_collector_dag, task_id=run_crypto_collector, run_id=scheduled__2025-09-06T21:29:00+00:00, execution_date=20250906T212900, start_date=20250906T213001, end_date=20250906T213008
[2025-09-06T21:30:08.242+0000] {local_task_job_runner.py:240} INFO - Task exited with return code 0
[2025-09-06T21:30:08.266+0000] {taskinstance.py:3503} INFO - 0 downstream tasks scheduled from follow-on schedule check
[2025-09-06T21:30:08.267+0000] {local_task_job_runner.py:222} INFO - ::endgroup::
