[2025-09-08T07:59:01.834+0000] {local_task_job_runner.py:120} INFO - ::group::Pre task execution logs
[2025-09-08T07:59:02.085+0000] {taskinstance.py:2076} INFO - Dependencies all met for dep_context=non-requeueable deps ti=<TaskInstance: liquidity.save_liquidity scheduled__2025-09-08T07:58:00+00:00 [queued]>
[2025-09-08T07:59:02.097+0000] {taskinstance.py:2076} INFO - Dependencies all met for dep_context=requeueable deps ti=<TaskInstance: liquidity.save_liquidity scheduled__2025-09-08T07:58:00+00:00 [queued]>
[2025-09-08T07:59:02.097+0000] {taskinstance.py:2306} INFO - Starting attempt 1 of 11
[2025-09-08T07:59:02.114+0000] {taskinstance.py:2330} INFO - Executing <Task(PythonOperator): save_liquidity> on 2025-09-08 07:58:00+00:00
[2025-09-08T07:59:02.124+0000] {standard_task_runner.py:63} INFO - Started process 341461 to run task
[2025-09-08T07:59:02.129+0000] {standard_task_runner.py:90} INFO - Running: ['***', 'tasks', 'run', 'liquidity', 'save_liquidity', 'scheduled__2025-09-08T07:58:00+00:00', '--job-id', '160985', '--raw', '--subdir', 'DAGS_FOLDER/dag_liquidity.py', '--cfg-path', '/tmp/tmpoazh8yhg']
[2025-09-08T07:59:02.132+0000] {standard_task_runner.py:91} INFO - Job 160985: Subtask save_liquidity
[2025-09-08T07:59:02.185+0000] {task_command.py:426} INFO - Running <TaskInstance: liquidity.save_liquidity scheduled__2025-09-08T07:58:00+00:00 [running]> on host 8d9cea3aac78
[2025-09-08T07:59:02.289+0000] {taskinstance.py:2648} INFO - Exporting env vars: AIRFLOW_CTX_DAG_OWNER='***' AIRFLOW_CTX_DAG_ID='liquidity' AIRFLOW_CTX_TASK_ID='save_liquidity' AIRFLOW_CTX_EXECUTION_DATE='2025-09-08T07:58:00+00:00' AIRFLOW_CTX_TRY_NUMBER='1' AIRFLOW_CTX_DAG_RUN_ID='scheduled__2025-09-08T07:58:00+00:00'
[2025-09-08T07:59:02.290+0000] {taskinstance.py:430} INFO - ::endgroup::
[2025-09-08T07:59:02.877+0000] {liquidity.py:93} INFO - Đã lưu liquidity_ALL
[2025-09-08T07:59:04.846+0000] {liquidity.py:93} INFO - Đã lưu liquidity_HOSE
[2025-09-08T07:59:05.278+0000] {liquidity.py:93} INFO - Đã lưu liquidity_HNX
[2025-09-08T07:59:05.805+0000] {liquidity.py:93} INFO - Đã lưu liquidity_UPCOM
[2025-09-08T07:59:05.806+0000] {python.py:237} INFO - Done. Returned value was: None
[2025-09-08T07:59:05.806+0000] {taskinstance.py:441} INFO - ::group::Post task execution logs
[2025-09-08T07:59:05.821+0000] {taskinstance.py:1206} INFO - Marking task as SUCCESS. dag_id=liquidity, task_id=save_liquidity, run_id=scheduled__2025-09-08T07:58:00+00:00, execution_date=20250908T075800, start_date=20250908T075902, end_date=20250908T075905
[2025-09-08T07:59:05.872+0000] {local_task_job_runner.py:240} INFO - Task exited with return code 0
[2025-09-08T07:59:05.903+0000] {taskinstance.py:3503} INFO - 0 downstream tasks scheduled from follow-on schedule check
[2025-09-08T07:59:05.904+0000] {local_task_job_runner.py:222} INFO - ::endgroup::
