[2025-09-01T10:26:03.969+0000] {local_task_job_runner.py:120} INFO - ::group::Pre task execution logs
[2025-09-01T10:26:03.997+0000] {taskinstance.py:2076} INFO - Dependencies all met for dep_context=non-requeueable deps ti=<TaskInstance: market_table_foreign.foreign_HOSE scheduled__2025-08-31T17:09:00+00:00 [queued]>
[2025-09-01T10:26:04.007+0000] {taskinstance.py:2076} INFO - Dependencies all met for dep_context=requeueable deps ti=<TaskInstance: market_table_foreign.foreign_HOSE scheduled__2025-08-31T17:09:00+00:00 [queued]>
[2025-09-01T10:26:04.008+0000] {taskinstance.py:2306} INFO - Starting attempt 1 of 11
[2025-09-01T10:26:04.022+0000] {taskinstance.py:2330} INFO - Executing <Task(PythonOperator): foreign_HOSE> on 2025-08-31 17:09:00+00:00
[2025-09-01T10:26:04.030+0000] {standard_task_runner.py:63} INFO - Started process 2317992 to run task
[2025-09-01T10:26:04.034+0000] {standard_task_runner.py:90} INFO - Running: ['***', 'tasks', 'run', 'market_table_foreign', 'foreign_HOSE', 'scheduled__2025-08-31T17:09:00+00:00', '--job-id', '42131', '--raw', '--subdir', 'DAGS_FOLDER/dag_market_live.py', '--cfg-path', '/tmp/tmpfi0htd_z']
[2025-09-01T10:26:04.037+0000] {standard_task_runner.py:91} INFO - Job 42131: Subtask foreign_HOSE
[2025-09-01T10:26:04.089+0000] {task_command.py:426} INFO - Running <TaskInstance: market_table_foreign.foreign_HOSE scheduled__2025-08-31T17:09:00+00:00 [running]> on host 1877907bc043
[2025-09-01T10:26:04.200+0000] {taskinstance.py:2648} INFO - Exporting env vars: AIRFLOW_CTX_DAG_OWNER='***' AIRFLOW_CTX_DAG_ID='market_table_foreign' AIRFLOW_CTX_TASK_ID='foreign_HOSE' AIRFLOW_CTX_EXECUTION_DATE='2025-08-31T17:09:00+00:00' AIRFLOW_CTX_TRY_NUMBER='1' AIRFLOW_CTX_DAG_RUN_ID='scheduled__2025-08-31T17:09:00+00:00'
[2025-09-01T10:26:04.202+0000] {taskinstance.py:430} INFO - ::endgroup::
[2025-09-01T10:26:04.224+0000] {foreign_HOSE.py:17} INFO - Kết nối DB
[2025-09-01T10:26:04.548+0000] {foreign_HOSE.py:42} INFO - Đã lưu foreign_HOSE
[2025-09-01T10:26:04.549+0000] {python.py:237} INFO - Done. Returned value was: None
[2025-09-01T10:26:04.550+0000] {taskinstance.py:441} INFO - ::group::Post task execution logs
[2025-09-01T10:26:04.562+0000] {taskinstance.py:1206} INFO - Marking task as SUCCESS. dag_id=market_table_foreign, task_id=foreign_HOSE, run_id=scheduled__2025-08-31T17:09:00+00:00, execution_date=20250831T170900, start_date=20250901T102603, end_date=20250901T102604
[2025-09-01T10:26:04.607+0000] {local_task_job_runner.py:240} INFO - Task exited with return code 0
[2025-09-01T10:26:04.637+0000] {taskinstance.py:3498} INFO - 0 downstream tasks scheduled from follow-on schedule check
[2025-09-01T10:26:04.638+0000] {local_task_job_runner.py:222} INFO - ::endgroup::
[2025-09-01T10:27:11.082+0000] {local_task_job_runner.py:120} INFO - ::group::Pre task execution logs
[2025-09-01T10:27:11.108+0000] {taskinstance.py:2076} INFO - Dependencies all met for dep_context=non-requeueable deps ti=<TaskInstance: market_table_foreign.foreign_HOSE scheduled__2025-08-31T17:09:00+00:00 [queued]>
[2025-09-01T10:27:11.116+0000] {taskinstance.py:2076} INFO - Dependencies all met for dep_context=requeueable deps ti=<TaskInstance: market_table_foreign.foreign_HOSE scheduled__2025-08-31T17:09:00+00:00 [queued]>
[2025-09-01T10:27:11.117+0000] {taskinstance.py:2306} INFO - Starting attempt 1 of 11
[2025-09-01T10:27:11.129+0000] {taskinstance.py:2330} INFO - Executing <Task(PythonOperator): foreign_HOSE> on 2025-08-31 17:09:00+00:00
[2025-09-01T10:27:11.137+0000] {standard_task_runner.py:63} INFO - Started process 2318785 to run task
[2025-09-01T10:27:11.141+0000] {standard_task_runner.py:90} INFO - Running: ['***', 'tasks', 'run', 'market_table_foreign', 'foreign_HOSE', 'scheduled__2025-08-31T17:09:00+00:00', '--job-id', '42366', '--raw', '--subdir', 'DAGS_FOLDER/dag_market_live.py', '--cfg-path', '/tmp/tmpkdg972tb']
[2025-09-01T10:27:11.144+0000] {standard_task_runner.py:91} INFO - Job 42366: Subtask foreign_HOSE
[2025-09-01T10:27:11.199+0000] {task_command.py:426} INFO - Running <TaskInstance: market_table_foreign.foreign_HOSE scheduled__2025-08-31T17:09:00+00:00 [running]> on host 1877907bc043
[2025-09-01T10:27:11.293+0000] {taskinstance.py:2648} INFO - Exporting env vars: AIRFLOW_CTX_DAG_OWNER='***' AIRFLOW_CTX_DAG_ID='market_table_foreign' AIRFLOW_CTX_TASK_ID='foreign_HOSE' AIRFLOW_CTX_EXECUTION_DATE='2025-08-31T17:09:00+00:00' AIRFLOW_CTX_TRY_NUMBER='1' AIRFLOW_CTX_DAG_RUN_ID='scheduled__2025-08-31T17:09:00+00:00'
[2025-09-01T10:27:11.294+0000] {taskinstance.py:430} INFO - ::endgroup::
[2025-09-01T10:27:11.309+0000] {foreign_HOSE.py:17} INFO - Kết nối DB
[2025-09-01T10:27:11.626+0000] {foreign_HOSE.py:42} INFO - Đã lưu foreign_HOSE
[2025-09-01T10:27:11.627+0000] {python.py:237} INFO - Done. Returned value was: None
[2025-09-01T10:27:11.628+0000] {taskinstance.py:441} INFO - ::group::Post task execution logs
[2025-09-01T10:27:11.643+0000] {taskinstance.py:1206} INFO - Marking task as SUCCESS. dag_id=market_table_foreign, task_id=foreign_HOSE, run_id=scheduled__2025-08-31T17:09:00+00:00, execution_date=20250831T170900, start_date=20250901T102711, end_date=20250901T102711
[2025-09-01T10:27:11.674+0000] {local_task_job_runner.py:240} INFO - Task exited with return code 0
[2025-09-01T10:27:11.693+0000] {taskinstance.py:3498} INFO - 0 downstream tasks scheduled from follow-on schedule check
[2025-09-01T10:27:11.694+0000] {local_task_job_runner.py:222} INFO - ::endgroup::
