[2025-08-17T14:27:01.154+0000] {local_task_job_runner.py:120} INFO - ::group::Pre task execution logs
[2025-08-17T14:27:01.181+0000] {taskinstance.py:2076} INFO - Dependencies all met for dep_context=non-requeueable deps ti=<TaskInstance: crypto_collector_dag.run_crypto_collector scheduled__2025-08-17T14:22:00+00:00 [queued]>
[2025-08-17T14:27:01.190+0000] {taskinstance.py:2076} INFO - Dependencies all met for dep_context=requeueable deps ti=<TaskInstance: crypto_collector_dag.run_crypto_collector scheduled__2025-08-17T14:22:00+00:00 [queued]>
[2025-08-17T14:27:01.191+0000] {taskinstance.py:2306} INFO - Starting attempt 2 of 2
[2025-08-17T14:27:01.205+0000] {taskinstance.py:2330} INFO - Executing <Task(BashOperator): run_crypto_collector> on 2025-08-17 14:22:00+00:00
[2025-08-17T14:27:01.212+0000] {standard_task_runner.py:63} INFO - Started process 56826 to run task
[2025-08-17T14:27:01.217+0000] {standard_task_runner.py:90} INFO - Running: ['***', 'tasks', 'run', 'crypto_collector_dag', 'run_crypto_collector', 'scheduled__2025-08-17T14:22:00+00:00', '--job-id', '7476', '--raw', '--subdir', 'DAGS_FOLDER/crawl_crypto/dags_crypto.py', '--cfg-path', '/tmp/tmppzmai5ec']
[2025-08-17T14:27:01.218+0000] {standard_task_runner.py:91} INFO - Job 7476: Subtask run_crypto_collector
[2025-08-17T14:27:01.270+0000] {task_command.py:426} INFO - Running <TaskInstance: crypto_collector_dag.run_crypto_collector scheduled__2025-08-17T14:22:00+00:00 [running]> on host 1877907bc043
[2025-08-17T14:27:01.357+0000] {taskinstance.py:2648} INFO - Exporting env vars: AIRFLOW_CTX_DAG_OWNER='***' AIRFLOW_CTX_DAG_ID='crypto_collector_dag' AIRFLOW_CTX_TASK_ID='run_crypto_collector' AIRFLOW_CTX_EXECUTION_DATE='2025-08-17T14:22:00+00:00' AIRFLOW_CTX_TRY_NUMBER='2' AIRFLOW_CTX_DAG_RUN_ID='scheduled__2025-08-17T14:22:00+00:00'
[2025-08-17T14:27:01.357+0000] {taskinstance.py:430} INFO - ::endgroup::
[2025-08-17T14:27:01.371+0000] {subprocess.py:63} INFO - Tmp dir root location: /tmp
[2025-08-17T14:27:01.371+0000] {subprocess.py:75} INFO - Running command: ['/usr/bin/bash', '-c', 'python3 /opt/***/dags/crawl_crypto/crawl_data_crypto.py']
[2025-08-17T14:27:01.383+0000] {subprocess.py:86} INFO - Output:
[2025-08-17T14:28:07.843+0000] {subprocess.py:93} INFO - 🔹 Kết nối DB...
[2025-08-17T14:28:07.844+0000] {subprocess.py:93} INFO - 🔹 Lấy top 100 crypto...
[2025-08-17T14:28:07.844+0000] {subprocess.py:93} INFO - Top 100: ['ETHUSDT', 'USDCUSDT', 'BTCUSDT', 'SOLUSDT', 'ADAUSDT', 'LINKUSDT', 'DOGEUSDT', 'FDUSDUSDT', 'XRPUSDT', 'PROVEUSDT', 'BNBUSDT', 'TRXUSDT', 'ENAUSDT', 'SUIUSDT', 'ARBUSDT', 'CTSIUSDT', 'PEPEUSDT', 'LTCUSDT', 'TRUMPUSDT', 'UNIUSDT', 'SEIUSDT', 'AVAXUSDT', 'CYBERUSDT', 'SUSDT', 'ASRUSDT', 'TSTUSDT', 'SKLUSDT', 'ALPINEUSDT', 'PENGUUSDT', 'BFUSDUSDT', 'PONDUSDT', 'HBARUSDT', 'LDOUSDT', 'AAVEUSDT', 'EPICUSDT', 'WLDUSDT', 'NEARUSDT', 'CRVUSDT', 'TOWNSUSDT', 'OGUSDT', 'MAVUSDT', 'CHRUSDT', 'WIFUSDT', 'BONKUSDT', 'OPUSDT', 'APTUSDT', 'OGNUSDT', 'DOTUSDT', 'XLMUSDT', 'RAYUSDT', 'LPTUSDT', 'BERAUSDT', 'INJUSDT', 'MOVRUSDT', 'TONUSDT', 'FLOKIUSDT', 'PENDLEUSDT', 'GALAUSDT', 'BCHUSDT', 'EIGENUSDT', 'ETHFIUSDT', 'ONDOUSDT', 'TAOUSDT', 'TIAUSDT', 'API3USDT', 'NMRUSDT', 'CELRUSDT', 'VIRTUALUSDT', 'BIOUSDT', 'BANDUSDT', 'NEIROUSDT', 'PORTOUSDT', 'BBUSDT', 'BATUSDT', 'XUSDUSDT', 'RENDERUSDT', 'POLUSDT', 'FILUSDT', 'CAKEUSDT', 'ETCUSDT', 'ALGOUSDT', 'ZKUSDT', 'FETUSDT', 'STRKUSDT', 'SYRUPUSDT', 'SPKUSDT', 'ERAUSDT', 'ICPUSDT', 'PNUTUSDT', 'LAUSDT', 'SHIBUSDT', 'HOTUSDT', 'ENSUSDT', 'MKRUSDT', 'EURUSDT', 'TREEUSDT', 'LRCUSDT', 'ARKMUSDT', 'VETUSDT', 'CFXUSDT']
[2025-08-17T14:28:07.844+0000] {subprocess.py:93} INFO - 🔹 Lưu lịch sử giá vào DB bằng threading...
[2025-08-17T14:28:07.845+0000] {subprocess.py:93} INFO - ✅ ETHUSDT: thêm 95 dòng mới
[2025-08-17T14:28:07.845+0000] {subprocess.py:93} INFO - 1/100 ETHUSDT lưu OK
[2025-08-17T14:28:07.845+0000] {subprocess.py:93} INFO - ⚠️ XRPUSDT lỗi lần 1/3: HTTPSConnectionPool(host='api.binance.com', port=443): Max retries exceeded with url: /api/v3/klines?symbol=XRPUSDT&interval=1m&limit=100 (Caused by ConnectTimeoutError(<urllib3.connection.HTTPSConnection object at 0x7f0672ec51b0>, 'Connection to api.binance.com timed out. (connect timeout=15)'))
[2025-08-17T14:28:07.846+0000] {subprocess.py:93} INFO - ⚠️ USDCUSDT lỗi lần 1/3: HTTPSConnectionPool(host='api.binance.com', port=443): Max retries exceeded with url: /api/v3/klines?symbol=USDCUSDT&interval=1m&limit=100 (Caused by ConnectTimeoutError(<urllib3.connection.HTTPSConnection object at 0x7f0672efa9b0>, 'Connection to api.binance.com timed out. (connect timeout=15)'))
[2025-08-17T14:28:07.846+0000] {subprocess.py:93} INFO - ⚠️ ADAUSDT lỗi lần 1/3: HTTPSConnectionPool(host='api.binance.com', port=443): Max retries exceeded with url: /api/v3/klines?symbol=ADAUSDT&interval=1m&limit=100 (Caused by ConnectTimeoutError(<urllib3.connection.HTTPSConnection object at 0x7f0672ef89d0>, 'Connection to api.binance.com timed out. (connect timeout=15)'))
[2025-08-17T14:28:07.846+0000] {subprocess.py:93} INFO - ⚠️ DOGEUSDT lỗi lần 1/3: HTTPSConnectionPool(host='api.binance.com', port=443): Max retries exceeded with url: /api/v3/klines?symbol=DOGEUSDT&interval=1m&limit=100 (Caused by ConnectTimeoutError(<urllib3.connection.HTTPSConnection object at 0x7f0672ec7ac0>, 'Connection to api.binance.com timed out. (connect timeout=15)'))
[2025-08-17T14:28:07.847+0000] {subprocess.py:93} INFO - ⚠️ BTCUSDT lỗi lần 1/3: HTTPSConnectionPool(host='api.binance.com', port=443): Max retries exceeded with url: /api/v3/klines?symbol=BTCUSDT&interval=1m&limit=100 (Caused by ConnectTimeoutError(<urllib3.connection.HTTPSConnection object at 0x7f0672ef9e10>, 'Connection to api.binance.com timed out. (connect timeout=15)'))
[2025-08-17T14:28:07.847+0000] {subprocess.py:93} INFO - ⚠️ FDUSDUSDT lỗi lần 1/3: HTTPSConnectionPool(host='api.binance.com', port=443): Max retries exceeded with url: /api/v3/klines?symbol=FDUSDUSDT&interval=1m&limit=100 (Caused by ConnectTimeoutError(<urllib3.connection.HTTPSConnection object at 0x7f0672ec6ad0>, 'Connection to api.binance.com timed out. (connect timeout=15)'))
[2025-08-17T14:28:07.847+0000] {subprocess.py:93} INFO - ⚠️ LINKUSDT lỗi lần 1/3: HTTPSConnectionPool(host='api.binance.com', port=443): Max retries exceeded with url: /api/v3/klines?symbol=LINKUSDT&interval=1m&limit=100 (Caused by ConnectTimeoutError(<urllib3.connection.HTTPSConnection object at 0x7f0672ec4ee0>, 'Connection to api.binance.com timed out. (connect timeout=15)'))
[2025-08-17T14:28:07.847+0000] {subprocess.py:93} INFO - ⚠️ PROVEUSDT lỗi lần 1/3: HTTPSConnectionPool(host='api.binance.com', port=443): Max retries exceeded with url: /api/v3/klines?symbol=PROVEUSDT&interval=1m&limit=100 (Caused by ConnectTimeoutError(<urllib3.connection.HTTPSConnection object at 0x7f0672ef1d50>, 'Connection to api.binance.com timed out. (connect timeout=15)'))
[2025-08-17T14:28:07.848+0000] {subprocess.py:93} INFO - ⚠️ BNBUSDT lỗi lần 1/3: HTTPSConnectionPool(host='api.binance.com', port=443): Max retries exceeded with url: /api/v3/klines?symbol=BNBUSDT&interval=1m&limit=100 (Caused by ConnectTimeoutError(<urllib3.connection.HTTPSConnection object at 0x7f0672ef84c0>, 'Connection to api.binance.com timed out. (connect timeout=15)'))
[2025-08-17T14:28:07.848+0000] {subprocess.py:93} INFO - ⚠️ DOGEUSDT lỗi lần 2/3: HTTPSConnectionPool(host='api.binance.com', port=443): Max retries exceeded with url: /api/v3/klines?symbol=DOGEUSDT&interval=1m&limit=100 (Caused by ConnectTimeoutError(<urllib3.connection.HTTPSConnection object at 0x7f0672ef9090>, 'Connection to api.binance.com timed out. (connect timeout=15)'))
[2025-08-17T14:28:07.848+0000] {subprocess.py:93} INFO - ⚠️ XRPUSDT lỗi lần 2/3: HTTPSConnectionPool(host='api.binance.com', port=443): Max retries exceeded with url: /api/v3/klines?symbol=XRPUSDT&interval=1m&limit=100 (Caused by ConnectTimeoutError(<urllib3.connection.HTTPSConnection object at 0x7f0672ef14e0>, 'Connection to api.binance.com timed out. (connect timeout=15)'))
[2025-08-17T14:28:07.849+0000] {subprocess.py:93} INFO - ⚠️ FDUSDUSDT lỗi lần 2/3: HTTPSConnectionPool(host='api.binance.com', port=443): Max retries exceeded with url: /api/v3/klines?symbol=FDUSDUSDT&interval=1m&limit=100 (Caused by ConnectTimeoutError(<urllib3.connection.HTTPSConnection object at 0x7f0672ef9f60>, 'Connection to api.binance.com timed out. (connect timeout=15)'))
[2025-08-17T14:28:07.849+0000] {subprocess.py:93} INFO - ⚠️ BTCUSDT lỗi lần 2/3: HTTPSConnectionPool(host='api.binance.com', port=443): Max retries exceeded with url: /api/v3/klines?symbol=BTCUSDT&interval=1m&limit=100 (Caused by ConnectTimeoutError(<urllib3.connection.HTTPSConnection object at 0x7f0671bf8e20>, 'Connection to api.binance.com timed out. (connect timeout=15)'))
[2025-08-17T14:28:07.849+0000] {subprocess.py:93} INFO - ⚠️ USDCUSDT lỗi lần 2/3: HTTPSConnectionPool(host='api.binance.com', port=443): Max retries exceeded with url: /api/v3/klines?symbol=USDCUSDT&interval=1m&limit=100 (Caused by ConnectTimeoutError(<urllib3.connection.HTTPSConnection object at 0x7f0672ef3d00>, 'Connection to api.binance.com timed out. (connect timeout=15)'))
[2025-08-17T14:28:07.849+0000] {subprocess.py:93} INFO - ⚠️ ADAUSDT lỗi lần 2/3: HTTPSConnectionPool(host='api.binance.com', port=443): Max retries exceeded with url: /api/v3/klines?symbol=ADAUSDT&interval=1m&limit=100 (Caused by ConnectTimeoutError(<urllib3.connection.HTTPSConnection object at 0x7f0672efb160>, 'Connection to api.binance.com timed out. (connect timeout=15)'))
[2025-08-17T14:28:07.850+0000] {subprocess.py:93} INFO - ⚠️ LINKUSDT lỗi lần 2/3: HTTPSConnectionPool(host='api.binance.com', port=443): Max retries exceeded with url: /api/v3/klines?symbol=LINKUSDT&interval=1m&limit=100 (Caused by ConnectTimeoutError(<urllib3.connection.HTTPSConnection object at 0x7f0672efb370>, 'Connection to api.binance.com timed out. (connect timeout=15)'))
[2025-08-17T14:28:07.850+0000] {subprocess.py:93} INFO - ⚠️ PROVEUSDT lỗi lần 2/3: HTTPSConnectionPool(host='api.binance.com', port=443): Max retries exceeded with url: /api/v3/klines?symbol=PROVEUSDT&interval=1m&limit=100 (Caused by ConnectTimeoutError(<urllib3.connection.HTTPSConnection object at 0x7f0672ec7640>, 'Connection to api.binance.com timed out. (connect timeout=15)'))
[2025-08-17T14:28:07.850+0000] {subprocess.py:93} INFO - ⚠️ FDUSDUSDT lỗi lần 3/3: HTTPSConnectionPool(host='api.binance.com', port=443): Max retries exceeded with url: /api/v3/klines?symbol=FDUSDUSDT&interval=1m&limit=100 (Caused by ConnectTimeoutError(<urllib3.connection.HTTPSConnection object at 0x7f0671bf9870>, 'Connection to api.binance.com timed out. (connect timeout=15)'))
[2025-08-17T14:28:07.850+0000] {subprocess.py:93} INFO - ⚠️ LINKUSDT lỗi lần 3/3: HTTPSConnectionPool(host='api.binance.com', port=443): Max retries exceeded with url: /api/v3/klines?symbol=LINKUSDT&interval=1m&limit=100 (Caused by ConnectTimeoutError(<urllib3.connection.HTTPSConnection object at 0x7f0672ef9000>, 'Connection to api.binance.com timed out. (connect timeout=15)'))
[2025-08-17T14:28:07.851+0000] {subprocess.py:93} INFO - ⚠️ XRPUSDT lỗi lần 3/3: HTTPSConnectionPool(host='api.binance.com', port=443): Max retries exceeded with url: /api/v3/klines?symbol=XRPUSDT&interval=1m&limit=100 (Caused by ConnectTimeoutError(<urllib3.connection.HTTPSConnection object at 0x7f0672ef3700>, 'Connection to api.binance.com timed out. (connect timeout=15)'))
[2025-08-17T14:29:16.019+0000] {subprocess.py:93} INFO - ⚠️ PROVEUSDT lỗi lần 3/3: HTTPSConnectionPool(host='api.binance.com', port=443): Max retries exceeded with url: /api/v3/klines?symbol=PROVEUSDT&interval=1m&limit=100 (Caused by ConnectTimeoutError(<urllib3.connection.HTTPSConnection object at 0x7f0672ef1570>, 'Connection to api.binance.com timed out. (connect timeout=15)'))
[2025-08-17T14:29:16.020+0000] {subprocess.py:93} INFO - ⚠️ BTCUSDT lỗi lần 3/3: HTTPSConnectionPool(host='api.binance.com', port=443): Max retries exceeded with url: /api/v3/klines?symbol=BTCUSDT&interval=1m&limit=100 (Caused by ConnectTimeoutError(<urllib3.connection.HTTPSConnection object at 0x7f0672ef3250>, 'Connection to api.binance.com timed out. (connect timeout=15)'))
[2025-08-17T14:29:16.020+0000] {subprocess.py:93} INFO - ⚠️ USDCUSDT lỗi lần 3/3: HTTPSConnectionPool(host='api.binance.com', port=443): Max retries exceeded with url: /api/v3/klines?symbol=USDCUSDT&interval=1m&limit=100 (Caused by ConnectTimeoutError(<urllib3.connection.HTTPSConnection object at 0x7f0672ef3c40>, 'Connection to api.binance.com timed out. (connect timeout=15)'))
[2025-08-17T14:29:16.021+0000] {subprocess.py:93} INFO - 2/100 FDUSDUSDT bỏ qua (fail)
[2025-08-17T14:29:16.021+0000] {subprocess.py:93} INFO - 3/100 LINKUSDT bỏ qua (fail)
[2025-08-17T14:29:16.021+0000] {subprocess.py:93} INFO - 4/100 XRPUSDT bỏ qua (fail)
[2025-08-17T14:29:16.021+0000] {subprocess.py:93} INFO - 5/100 PROVEUSDT bỏ qua (fail)
[2025-08-17T14:29:16.022+0000] {subprocess.py:93} INFO - 6/100 BTCUSDT bỏ qua (fail)
[2025-08-17T14:29:16.022+0000] {subprocess.py:93} INFO - 7/100 USDCUSDT bỏ qua (fail)
[2025-08-17T14:29:16.022+0000] {subprocess.py:93} INFO - ⚠️ CTSIUSDT lỗi lần 1/3: HTTPSConnectionPool(host='api.binance.com', port=443): Max retries exceeded with url: /api/v3/klines?symbol=CTSIUSDT&interval=1m&limit=100 (Caused by ConnectTimeoutError(<urllib3.connection.HTTPSConnection object at 0x7f0671b54fa0>, 'Connection to api.binance.com timed out. (connect timeout=15)'))
[2025-08-17T14:29:16.022+0000] {subprocess.py:93} INFO - ⚠️ SUIUSDT lỗi lần 1/3: HTTPSConnectionPool(host='api.binance.com', port=443): Max retries exceeded with url: /api/v3/klines?symbol=SUIUSDT&interval=1m&limit=100 (Caused by ConnectTimeoutError(<urllib3.connection.HTTPSConnection object at 0x7f0671b54dc0>, 'Connection to api.binance.com timed out. (connect timeout=15)'))
[2025-08-17T14:29:16.023+0000] {subprocess.py:93} INFO - ⚠️ ENAUSDT lỗi lần 1/3: HTTPSConnectionPool(host='api.binance.com', port=443): Max retries exceeded with url: /api/v3/klines?symbol=ENAUSDT&interval=1m&limit=100 (Caused by ConnectTimeoutError(<urllib3.connection.HTTPSConnection object at 0x7f0671b54430>, 'Connection to api.binance.com timed out. (connect timeout=15)'))
[2025-08-17T14:29:16.023+0000] {subprocess.py:93} INFO - ⚠️ PEPEUSDT lỗi lần 1/3: HTTPSConnectionPool(host='api.binance.com', port=443): Max retries exceeded with url: /api/v3/klines?symbol=PEPEUSDT&interval=1m&limit=100 (Caused by ConnectTimeoutError(<urllib3.connection.HTTPSConnection object at 0x7f0671b55930>, 'Connection to api.binance.com timed out. (connect timeout=15)'))
[2025-08-17T14:29:16.023+0000] {subprocess.py:93} INFO - ⚠️ ARBUSDT lỗi lần 1/3: HTTPSConnectionPool(host='api.binance.com', port=443): Max retries exceeded with url: /api/v3/klines?symbol=ARBUSDT&interval=1m&limit=100 (Caused by ConnectTimeoutError(<urllib3.connection.HTTPSConnection object at 0x7f0671bfbc10>, 'Connection to api.binance.com timed out. (connect timeout=15)'))
[2025-08-17T14:29:16.023+0000] {subprocess.py:93} INFO - ⚠️ TRXUSDT lỗi lần 1/3: HTTPSConnectionPool(host='api.binance.com', port=443): Max retries exceeded with url: /api/v3/klines?symbol=TRXUSDT&interval=1m&limit=100 (Caused by ConnectTimeoutError(<urllib3.connection.HTTPSConnection object at 0x7f0672ec5270>, 'Connection to api.binance.com timed out. (connect timeout=15)'))
[2025-08-17T14:29:16.024+0000] {subprocess.py:93} INFO - ⚠️ ARBUSDT lỗi lần 2/3: HTTPSConnectionPool(host='api.binance.com', port=443): Max retries exceeded with url: /api/v3/klines?symbol=ARBUSDT&interval=1m&limit=100 (Caused by ConnectTimeoutError(<urllib3.connection.HTTPSConnection object at 0x7f0671bfb850>, 'Connection to api.binance.com timed out. (connect timeout=15)'))
[2025-08-17T14:29:16.024+0000] {subprocess.py:93} INFO - ⚠️ PEPEUSDT lỗi lần 2/3: HTTPSConnectionPool(host='api.binance.com', port=443): Max retries exceeded with url: /api/v3/klines?symbol=PEPEUSDT&interval=1m&limit=100 (Caused by ConnectTimeoutError(<urllib3.connection.HTTPSConnection object at 0x7f0671bfaef0>, 'Connection to api.binance.com timed out. (connect timeout=15)'))
[2025-08-17T14:29:16.024+0000] {subprocess.py:93} INFO - ⚠️ TRXUSDT lỗi lần 2/3: HTTPSConnectionPool(host='api.binance.com', port=443): Max retries exceeded with url: /api/v3/klines?symbol=TRXUSDT&interval=1m&limit=100 (Caused by ConnectTimeoutError(<urllib3.connection.HTTPSConnection object at 0x7f0672ec5270>, 'Connection to api.binance.com timed out. (connect timeout=15)'))
[2025-08-17T14:29:16.024+0000] {subprocess.py:93} INFO - ⚠️ ENAUSDT lỗi lần 2/3: HTTPSConnectionPool(host='api.binance.com', port=443): Max retries exceeded with url: /api/v3/klines?symbol=ENAUSDT&interval=1m&limit=100 (Caused by ConnectTimeoutError(<urllib3.connection.HTTPSConnection object at 0x7f0671bfb8b0>, 'Connection to api.binance.com timed out. (connect timeout=15)'))
[2025-08-17T14:29:16.025+0000] {subprocess.py:93} INFO - ⚠️ CTSIUSDT lỗi lần 2/3: HTTPSConnectionPool(host='api.binance.com', port=443): Max retries exceeded with url: /api/v3/klines?symbol=CTSIUSDT&interval=1m&limit=100 (Caused by ConnectTimeoutError(<urllib3.connection.HTTPSConnection object at 0x7f0671bfba60>, 'Connection to api.binance.com timed out. (connect timeout=15)'))
[2025-08-17T14:29:16.025+0000] {subprocess.py:93} INFO - ⚠️ SUIUSDT lỗi lần 2/3: HTTPSConnectionPool(host='api.binance.com', port=443): Max retries exceeded with url: /api/v3/klines?symbol=SUIUSDT&interval=1m&limit=100 (Caused by ConnectTimeoutError(<urllib3.connection.HTTPSConnection object at 0x7f0671bfb6d0>, 'Connection to api.binance.com timed out. (connect timeout=15)'))
[2025-08-17T14:29:16.025+0000] {subprocess.py:93} INFO - ⚠️ TRXUSDT lỗi lần 3/3: HTTPSConnectionPool(host='api.binance.com', port=443): Max retries exceeded with url: /api/v3/klines?symbol=TRXUSDT&interval=1m&limit=100 (Caused by ConnectTimeoutError(<urllib3.connection.HTTPSConnection object at 0x7f0671bfac50>, 'Connection to api.binance.com timed out. (connect timeout=15)'))
[2025-08-17T14:29:16.025+0000] {subprocess.py:93} INFO - ⚠️ CTSIUSDT lỗi lần 3/3: HTTPSConnectionPool(host='api.binance.com', port=443): Max retries exceeded with url: /api/v3/klines?symbol=CTSIUSDT&interval=1m&limit=100 (Caused by ConnectTimeoutError(<urllib3.connection.HTTPSConnection object at 0x7f0671b564d0>, 'Connection to api.binance.com timed out. (connect timeout=15)'))
[2025-08-17T14:29:16.026+0000] {subprocess.py:93} INFO - ⚠️ ARBUSDT lỗi lần 3/3: HTTPSConnectionPool(host='api.binance.com', port=443): Max retries exceeded with url: /api/v3/klines?symbol=ARBUSDT&interval=1m&limit=100 (Caused by ConnectTimeoutError(<urllib3.connection.HTTPSConnection object at 0x7f0671bfb2e0>, 'Connection to api.binance.com timed out. (connect timeout=15)'))
[2025-08-17T14:29:16.026+0000] {subprocess.py:93} INFO - ⚠️ SUIUSDT lỗi lần 3/3: HTTPSConnectionPool(host='api.binance.com', port=443): Max retries exceeded with url: /api/v3/klines?symbol=SUIUSDT&interval=1m&limit=100 (Caused by ConnectTimeoutError(<urllib3.connection.HTTPSConnection object at 0x7f0671b56110>, 'Connection to api.binance.com timed out. (connect timeout=15)'))
[2025-08-17T14:29:16.026+0000] {subprocess.py:93} INFO - ⚠️ ENAUSDT lỗi lần 3/3: HTTPSConnectionPool(host='api.binance.com', port=443): Max retries exceeded with url: /api/v3/klines?symbol=ENAUSDT&interval=1m&limit=100 (Caused by ConnectTimeoutError(<urllib3.connection.HTTPSConnection object at 0x7f0671b56530>, 'Connection to api.binance.com timed out. (connect timeout=15)'))
[2025-08-17T14:29:16.026+0000] {subprocess.py:93} INFO - ⚠️ PEPEUSDT lỗi lần 3/3: HTTPSConnectionPool(host='api.binance.com', port=443): Max retries exceeded with url: /api/v3/klines?symbol=PEPEUSDT&interval=1m&limit=100 (Caused by ConnectTimeoutError(<urllib3.connection.HTTPSConnection object at 0x7f0671b55ed0>, 'Connection to api.binance.com timed out. (connect timeout=15)'))
[2025-08-17T14:29:16.027+0000] {subprocess.py:93} INFO - 8/100 TRXUSDT bỏ qua (fail)
[2025-08-17T14:29:16.027+0000] {subprocess.py:93} INFO - 9/100 CTSIUSDT bỏ qua (fail)
[2025-08-17T14:29:16.027+0000] {subprocess.py:93} INFO - 10/100 ARBUSDT bỏ qua (fail)
[2025-08-17T14:29:16.027+0000] {subprocess.py:93} INFO - 11/100 ENAUSDT bỏ qua (fail)
[2025-08-17T14:29:16.028+0000] {subprocess.py:93} INFO - 12/100 PEPEUSDT bỏ qua (fail)
[2025-08-17T14:29:16.028+0000] {subprocess.py:93} INFO - 13/100 SUIUSDT bỏ qua (fail)
[2025-08-17T14:29:16.028+0000] {subprocess.py:93} INFO - ⚠️ LTCUSDT lỗi lần 1/3: HTTPSConnectionPool(host='api.binance.com', port=443): Max retries exceeded with url: /api/v3/klines?symbol=LTCUSDT&interval=1m&limit=100 (Caused by ConnectTimeoutError(<urllib3.connection.HTTPSConnection object at 0x7f0671b56c50>, 'Connection to api.binance.com timed out. (connect timeout=15)'))
[2025-08-17T14:29:16.028+0000] {subprocess.py:93} INFO - ⚠️ SEIUSDT lỗi lần 1/3: HTTPSConnectionPool(host='api.binance.com', port=443): Max retries exceeded with url: /api/v3/klines?symbol=SEIUSDT&interval=1m&limit=100 (Caused by ConnectTimeoutError(<urllib3.connection.HTTPSConnection object at 0x7f0672eb2620>, 'Connection to api.binance.com timed out. (connect timeout=15)'))
[2025-08-17T14:30:36.707+0000] {subprocess.py:93} INFO - ⚠️ TRUMPUSDT lỗi lần 1/3: HTTPSConnectionPool(host='api.binance.com', port=443): Max retries exceeded with url: /api/v3/klines?symbol=TRUMPUSDT&interval=1m&limit=100 (Caused by ConnectTimeoutError(<urllib3.connection.HTTPSConnection object at 0x7f0671b56d10>, 'Connection to api.binance.com timed out. (connect timeout=15)'))
[2025-08-17T14:30:36.708+0000] {subprocess.py:93} INFO - ⚠️ UNIUSDT lỗi lần 1/3: HTTPSConnectionPool(host='api.binance.com', port=443): Max retries exceeded with url: /api/v3/klines?symbol=UNIUSDT&interval=1m&limit=100 (Caused by ConnectTimeoutError(<urllib3.connection.HTTPSConnection object at 0x7f0671bf93f0>, 'Connection to api.binance.com timed out. (connect timeout=15)'))
[2025-08-17T14:30:36.708+0000] {subprocess.py:93} INFO - ⚠️ AVAXUSDT lỗi lần 1/3: HTTPSConnectionPool(host='api.binance.com', port=443): Max retries exceeded with url: /api/v3/klines?symbol=AVAXUSDT&interval=1m&limit=100 (Caused by ConnectTimeoutError(<urllib3.connection.HTTPSConnection object at 0x7f0672ec6800>, 'Connection to api.binance.com timed out. (connect timeout=15)'))
[2025-08-17T14:30:36.708+0000] {subprocess.py:93} INFO - ⚠️ CYBERUSDT lỗi lần 1/3: HTTPSConnectionPool(host='api.binance.com', port=443): Max retries exceeded with url: /api/v3/klines?symbol=CYBERUSDT&interval=1m&limit=100 (Caused by ConnectTimeoutError(<urllib3.connection.HTTPSConnection object at 0x7f0671bfabf0>, 'Connection to api.binance.com timed out. (connect timeout=15)'))
[2025-08-17T14:30:36.709+0000] {subprocess.py:93} INFO - ✅ UNIUSDT: thêm 23 dòng mới
[2025-08-17T14:30:36.709+0000] {subprocess.py:93} INFO - 14/100 UNIUSDT lưu OK
[2025-08-17T14:30:36.709+0000] {subprocess.py:93} INFO - 15/100 SOLUSDT lỗi: connection to server at "videv.cloud" (27.74.74.29), port 5432 failed: Connection timed out
[2025-08-17T14:30:36.710+0000] {subprocess.py:93} INFO - 	Is the server running on that host and accepting TCP/IP connections?
[2025-08-17T14:30:36.710+0000] {subprocess.py:93} INFO - 
[2025-08-17T14:30:36.710+0000] {subprocess.py:93} INFO - ⚠️ CYBERUSDT lỗi lần 2/3: HTTPSConnectionPool(host='api.binance.com', port=443): Max retries exceeded with url: /api/v3/klines?symbol=CYBERUSDT&interval=1m&limit=100 (Caused by ConnectTimeoutError(<urllib3.connection.HTTPSConnection object at 0x7f0671b56830>, 'Connection to api.binance.com timed out. (connect timeout=15)'))
[2025-08-17T14:30:36.711+0000] {subprocess.py:93} INFO - ⚠️ SEIUSDT lỗi lần 2/3: HTTPSConnectionPool(host='api.binance.com', port=443): Max retries exceeded with url: /api/v3/klines?symbol=SEIUSDT&interval=1m&limit=100 (Caused by ConnectTimeoutError(<urllib3.connection.HTTPSConnection object at 0x7f0671becb20>, 'Connection to api.binance.com timed out. (connect timeout=15)'))
[2025-08-17T14:30:36.711+0000] {subprocess.py:93} INFO - ⚠️ TRUMPUSDT lỗi lần 2/3: HTTPSConnectionPool(host='api.binance.com', port=443): Max retries exceeded with url: /api/v3/klines?symbol=TRUMPUSDT&interval=1m&limit=100 (Caused by ConnectTimeoutError(<urllib3.connection.HTTPSConnection object at 0x7f0671b56470>, 'Connection to api.binance.com timed out. (connect timeout=15)'))
[2025-08-17T14:30:36.711+0000] {subprocess.py:93} INFO - ✅ ASRUSDT: thêm 34 dòng mới
[2025-08-17T14:30:36.712+0000] {subprocess.py:93} INFO - 16/100 ASRUSDT lưu OK
[2025-08-17T14:30:36.712+0000] {subprocess.py:93} INFO - ⚠️ SUSDT lỗi lần 1/3: HTTPSConnectionPool(host='api.binance.com', port=443): Max retries exceeded with url: /api/v3/klines?symbol=SUSDT&interval=1m&limit=100 (Caused by ConnectTimeoutError(<urllib3.connection.HTTPSConnection object at 0x7f0671b54940>, 'Connection to api.binance.com timed out. (connect timeout=15)'))
[2025-08-17T14:30:36.712+0000] {subprocess.py:93} INFO - ✅ TRUMPUSDT: thêm 23 dòng mới
[2025-08-17T14:30:36.713+0000] {subprocess.py:93} INFO - 17/100 TRUMPUSDT lưu OK
[2025-08-17T14:30:36.713+0000] {subprocess.py:93} INFO - 18/100 BNBUSDT lỗi: connection to server at "videv.cloud" (27.74.74.29), port 5432 failed: Connection timed out
[2025-08-17T14:30:36.713+0000] {subprocess.py:93} INFO - 	Is the server running on that host and accepting TCP/IP connections?
[2025-08-17T14:30:36.713+0000] {subprocess.py:93} INFO - 
[2025-08-17T14:30:36.714+0000] {subprocess.py:93} INFO - ⚠️ CYBERUSDT lỗi lần 3/3: HTTPSConnectionPool(host='api.binance.com', port=443): Max retries exceeded with url: /api/v3/klines?symbol=CYBERUSDT&interval=1m&limit=100 (Caused by ConnectTimeoutError(<urllib3.connection.HTTPSConnection object at 0x7f0671becc40>, 'Connection to api.binance.com timed out. (connect timeout=15)'))
[2025-08-17T14:30:36.714+0000] {subprocess.py:93} INFO - ⚠️ SEIUSDT lỗi lần 3/3: HTTPSConnectionPool(host='api.binance.com', port=443): Max retries exceeded with url: /api/v3/klines?symbol=SEIUSDT&interval=1m&limit=100 (Caused by ConnectTimeoutError(<urllib3.connection.HTTPSConnection object at 0x7f0671bed810>, 'Connection to api.binance.com timed out. (connect timeout=15)'))
[2025-08-17T14:30:36.714+0000] {subprocess.py:93} INFO - 19/100 CYBERUSDT bỏ qua (fail)
[2025-08-17T14:30:36.715+0000] {subprocess.py:93} INFO - 20/100 SEIUSDT bỏ qua (fail)
[2025-08-17T14:30:36.715+0000] {subprocess.py:93} INFO - ⚠️ SKLUSDT lỗi lần 1/3: HTTPSConnectionPool(host='api.binance.com', port=443): Max retries exceeded with url: /api/v3/klines?symbol=SKLUSDT&interval=1m&limit=100 (Caused by ConnectTimeoutError(<urllib3.connection.HTTPSConnection object at 0x7f0671bee7a0>, 'Connection to api.binance.com timed out. (connect timeout=15)'))
[2025-08-17T14:30:36.715+0000] {subprocess.py:93} INFO - ⚠️ ALPINEUSDT lỗi lần 1/3: HTTPSConnectionPool(host='api.binance.com', port=443): Max retries exceeded with url: /api/v3/klines?symbol=ALPINEUSDT&interval=1m&limit=100 (Caused by ConnectTimeoutError(<urllib3.connection.HTTPSConnection object at 0x7f0671bfba60>, 'Connection to api.binance.com timed out. (connect timeout=15)'))
[2025-08-17T14:30:36.716+0000] {subprocess.py:93} INFO - ⚠️ PENGUUSDT lỗi lần 1/3: HTTPSConnectionPool(host='api.binance.com', port=443): Max retries exceeded with url: /api/v3/klines?symbol=PENGUUSDT&interval=1m&limit=100 (Caused by ConnectTimeoutError(<urllib3.connection.HTTPSConnection object at 0x7f0671befa00>, 'Connection to api.binance.com timed out. (connect timeout=15)'))
[2025-08-17T14:30:36.716+0000] {subprocess.py:93} INFO - ⚠️ BFUSDUSDT lỗi lần 1/3: HTTPSConnectionPool(host='api.binance.com', port=443): Max retries exceeded with url: /api/v3/klines?symbol=BFUSDUSDT&interval=1m&limit=100 (Caused by ConnectTimeoutError(<urllib3.connection.HTTPSConnection object at 0x7f0671beff70>, 'Connection to api.binance.com timed out. (connect timeout=15)'))
[2025-08-17T14:30:36.716+0000] {subprocess.py:93} INFO - 21/100 ADAUSDT lỗi: connection to server at "videv.cloud" (27.74.74.29), port 5432 failed: Connection timed out
[2025-08-17T14:30:36.716+0000] {subprocess.py:93} INFO - 	Is the server running on that host and accepting TCP/IP connections?
[2025-08-17T14:30:36.717+0000] {subprocess.py:93} INFO - 
[2025-08-17T14:30:36.717+0000] {subprocess.py:93} INFO - 22/100 DOGEUSDT lỗi: connection to server at "videv.cloud" (27.74.74.29), port 5432 failed: Connection timed out
[2025-08-17T14:30:36.717+0000] {subprocess.py:93} INFO - 	Is the server running on that host and accepting TCP/IP connections?
[2025-08-17T14:30:36.717+0000] {subprocess.py:93} INFO - 
[2025-08-17T14:30:36.718+0000] {subprocess.py:93} INFO - ⚠️ SKLUSDT lỗi lần 2/3: HTTPSConnectionPool(host='api.binance.com', port=443): Max retries exceeded with url: /api/v3/klines?symbol=SKLUSDT&interval=1m&limit=100 (Caused by ConnectTimeoutError(<urllib3.connection.HTTPSConnection object at 0x7f0671b187c0>, 'Connection to api.binance.com timed out. (connect timeout=15)'))
[2025-08-17T14:30:36.718+0000] {subprocess.py:93} INFO - ⚠️ ALPINEUSDT lỗi lần 2/3: HTTPSConnectionPool(host='api.binance.com', port=443): Max retries exceeded with url: /api/v3/klines?symbol=ALPINEUSDT&interval=1m&limit=100 (Caused by ConnectTimeoutError(<urllib3.connection.HTTPSConnection object at 0x7f0672eb0f10>, 'Connection to api.binance.com timed out. (connect timeout=15)'))
[2025-08-17T14:30:36.718+0000] {subprocess.py:93} INFO - ⚠️ PENGUUSDT lỗi lần 2/3: HTTPSConnectionPool(host='api.binance.com', port=443): Max retries exceeded with url: /api/v3/klines?symbol=PENGUUSDT&interval=1m&limit=100 (Caused by ConnectTimeoutError(<urllib3.connection.HTTPSConnection object at 0x7f0671bf92d0>, 'Connection to api.binance.com timed out. (connect timeout=15)'))
[2025-08-17T14:30:36.719+0000] {subprocess.py:93} INFO - ⚠️ BFUSDUSDT lỗi lần 2/3: HTTPSConnectionPool(host='api.binance.com', port=443): Max retries exceeded with url: /api/v3/klines?symbol=BFUSDUSDT&interval=1m&limit=100 (Caused by ConnectTimeoutError(<urllib3.connection.HTTPSConnection object at 0x7f0671bf91b0>, 'Connection to api.binance.com timed out. (connect timeout=15)'))
[2025-08-17T14:30:36.719+0000] {subprocess.py:93} INFO - ⚠️ PONDUSDT lỗi lần 1/3: HTTPSConnectionPool(host='api.binance.com', port=443): Max retries exceeded with url: /api/v3/klines?symbol=PONDUSDT&interval=1m&limit=100 (Caused by ConnectTimeoutError(<urllib3.connection.HTTPSConnection object at 0x7f0671bfa440>, 'Connection to api.binance.com timed out. (connect timeout=15)'))
[2025-08-17T14:30:36.719+0000] {subprocess.py:93} INFO - ⚠️ HBARUSDT lỗi lần 1/3: HTTPSConnectionPool(host='api.binance.com', port=443): Max retries exceeded with url: /api/v3/klines?symbol=HBARUSDT&interval=1m&limit=100 (Caused by ConnectTimeoutError(<urllib3.connection.HTTPSConnection object at 0x7f0671bfa6b0>, 'Connection to api.binance.com timed out. (connect timeout=15)'))
[2025-08-17T14:30:36.719+0000] {subprocess.py:93} INFO - ⚠️ SKLUSDT lỗi lần 3/3: HTTPSConnectionPool(host='api.binance.com', port=443): Max retries exceeded with url: /api/v3/klines?symbol=SKLUSDT&interval=1m&limit=100 (Caused by ConnectTimeoutError(<urllib3.connection.HTTPSConnection object at 0x7f0671bf9c00>, 'Connection to api.binance.com timed out. (connect timeout=15)'))
[2025-08-17T14:30:36.720+0000] {subprocess.py:93} INFO - 23/100 SKLUSDT bỏ qua (fail)
[2025-08-17T14:32:01.771+0000] {subprocess.py:93} INFO - ⚠️ ALPINEUSDT lỗi lần 3/3: HTTPSConnectionPool(host='api.binance.com', port=443): Max retries exceeded with url: /api/v3/klines?symbol=ALPINEUSDT&interval=1m&limit=100 (Caused by ConnectTimeoutError(<urllib3.connection.HTTPSConnection object at 0x7f0671bf9900>, 'Connection to api.binance.com timed out. (connect timeout=15)'))
[2025-08-17T14:32:01.771+0000] {subprocess.py:93} INFO - 24/100 ALPINEUSDT bỏ qua (fail)
[2025-08-17T14:32:01.772+0000] {subprocess.py:93} INFO - ⚠️ PENGUUSDT lỗi lần 3/3: HTTPSConnectionPool(host='api.binance.com', port=443): Max retries exceeded with url: /api/v3/klines?symbol=PENGUUSDT&interval=1m&limit=100 (Caused by ConnectTimeoutError(<urllib3.connection.HTTPSConnection object at 0x7f0672ef1930>, 'Connection to api.binance.com timed out. (connect timeout=15)'))
[2025-08-17T14:32:01.772+0000] {subprocess.py:93} INFO - ⚠️ BFUSDUSDT lỗi lần 3/3: HTTPSConnectionPool(host='api.binance.com', port=443): Max retries exceeded with url: /api/v3/klines?symbol=BFUSDUSDT&interval=1m&limit=100 (Caused by ConnectTimeoutError(<urllib3.connection.HTTPSConnection object at 0x7f0672ef1990>, 'Connection to api.binance.com timed out. (connect timeout=15)'))
[2025-08-17T14:32:01.772+0000] {subprocess.py:93} INFO - ⚠️ HBARUSDT lỗi lần 2/3: HTTPSConnectionPool(host='api.binance.com', port=443): Max retries exceeded with url: /api/v3/klines?symbol=HBARUSDT&interval=1m&limit=100 (Caused by ConnectTimeoutError(<urllib3.connection.HTTPSConnection object at 0x7f0672ef1540>, 'Connection to api.binance.com timed out. (connect timeout=15)'))
[2025-08-17T14:32:01.773+0000] {subprocess.py:93} INFO - ⚠️ PONDUSDT lỗi lần 2/3: HTTPSConnectionPool(host='api.binance.com', port=443): Max retries exceeded with url: /api/v3/klines?symbol=PONDUSDT&interval=1m&limit=100 (Caused by ConnectTimeoutError(<urllib3.connection.HTTPSConnection object at 0x7f0672ef9450>, 'Connection to api.binance.com timed out. (connect timeout=15)'))
[2025-08-17T14:32:01.773+0000] {subprocess.py:93} INFO - 25/100 PENGUUSDT bỏ qua (fail)
[2025-08-17T14:32:01.773+0000] {subprocess.py:93} INFO - 26/100 BFUSDUSDT bỏ qua (fail)
[2025-08-17T14:32:01.774+0000] {subprocess.py:93} INFO - ⚠️ LDOUSDT lỗi lần 1/3: HTTPSConnectionPool(host='api.binance.com', port=443): Max retries exceeded with url: /api/v3/klines?symbol=LDOUSDT&interval=1m&limit=100 (Caused by ConnectTimeoutError(<urllib3.connection.HTTPSConnection object at 0x7f0672ef93c0>, 'Connection to api.binance.com timed out. (connect timeout=15)'))
[2025-08-17T14:32:01.774+0000] {subprocess.py:93} INFO - ✅ AAVEUSDT: thêm 23 dòng mới
[2025-08-17T14:32:01.774+0000] {subprocess.py:93} INFO - 27/100 AAVEUSDT lưu OK
[2025-08-17T14:32:01.775+0000] {subprocess.py:93} INFO - ⚠️ WLDUSDT lỗi lần 1/3: HTTPSConnectionPool(host='api.binance.com', port=443): Max retries exceeded with url: /api/v3/klines?symbol=WLDUSDT&interval=1m&limit=100 (Caused by ConnectTimeoutError(<urllib3.connection.HTTPSConnection object at 0x7f0671bfb520>, 'Connection to api.binance.com timed out. (connect timeout=15)'))
[2025-08-17T14:32:01.775+0000] {subprocess.py:93} INFO - ⚠️ EPICUSDT lỗi lần 1/3: HTTPSConnectionPool(host='api.binance.com', port=443): Max retries exceeded with url: /api/v3/klines?symbol=EPICUSDT&interval=1m&limit=100 (Caused by ConnectTimeoutError(<urllib3.connection.HTTPSConnection object at 0x7f0671bfba90>, 'Connection to api.binance.com timed out. (connect timeout=15)'))
[2025-08-17T14:32:01.775+0000] {subprocess.py:93} INFO - ⚠️ PONDUSDT lỗi lần 3/3: HTTPSConnectionPool(host='api.binance.com', port=443): Max retries exceeded with url: /api/v3/klines?symbol=PONDUSDT&interval=1m&limit=100 (Caused by ConnectTimeoutError(<urllib3.connection.HTTPSConnection object at 0x7f0671bfa770>, 'Connection to api.binance.com timed out. (connect timeout=15)'))
[2025-08-17T14:32:01.776+0000] {subprocess.py:93} INFO - ⚠️ HBARUSDT lỗi lần 3/3: HTTPSConnectionPool(host='api.binance.com', port=443): Max retries exceeded with url: /api/v3/klines?symbol=HBARUSDT&interval=1m&limit=100 (Caused by ConnectTimeoutError(<urllib3.connection.HTTPSConnection object at 0x7f0671bfaec0>, 'Connection to api.binance.com timed out. (connect timeout=15)'))
[2025-08-17T14:32:01.776+0000] {subprocess.py:93} INFO - 28/100 PONDUSDT bỏ qua (fail)
[2025-08-17T14:32:01.776+0000] {subprocess.py:93} INFO - 29/100 HBARUSDT bỏ qua (fail)
[2025-08-17T14:32:01.777+0000] {subprocess.py:93} INFO - ⚠️ LDOUSDT lỗi lần 2/3: HTTPSConnectionPool(host='api.binance.com', port=443): Max retries exceeded with url: /api/v3/klines?symbol=LDOUSDT&interval=1m&limit=100 (Caused by ConnectTimeoutError(<urllib3.connection.HTTPSConnection object at 0x7f0672ef9f60>, 'Connection to api.binance.com timed out. (connect timeout=15)'))
[2025-08-17T14:32:01.777+0000] {subprocess.py:93} INFO - ⚠️ NEARUSDT lỗi lần 1/3: HTTPSConnectionPool(host='api.binance.com', port=443): Max retries exceeded with url: /api/v3/klines?symbol=NEARUSDT&interval=1m&limit=100 (Caused by ConnectTimeoutError(<urllib3.connection.HTTPSConnection object at 0x7f0671bf8460>, 'Connection to api.binance.com timed out. (connect timeout=15)'))
[2025-08-17T14:32:01.777+0000] {subprocess.py:93} INFO - ⚠️ WLDUSDT lỗi lần 2/3: HTTPSConnectionPool(host='api.binance.com', port=443): Max retries exceeded with url: /api/v3/klines?symbol=WLDUSDT&interval=1m&limit=100 (Caused by ConnectTimeoutError(<urllib3.connection.HTTPSConnection object at 0x7f0672ef1d20>, 'Connection to api.binance.com timed out. (connect timeout=15)'))
[2025-08-17T14:32:01.778+0000] {subprocess.py:93} INFO - ⚠️ EPICUSDT lỗi lần 2/3: HTTPSConnectionPool(host='api.binance.com', port=443): Max retries exceeded with url: /api/v3/klines?symbol=EPICUSDT&interval=1m&limit=100 (Caused by ConnectTimeoutError(<urllib3.connection.HTTPSConnection object at 0x7f0672ef3e80>, 'Connection to api.binance.com timed out. (connect timeout=15)'))
[2025-08-17T14:32:01.778+0000] {subprocess.py:93} INFO - ⚠️ CRVUSDT lỗi lần 1/3: HTTPSConnectionPool(host='api.binance.com', port=443): Max retries exceeded with url: /api/v3/klines?symbol=CRVUSDT&interval=1m&limit=100 (Caused by ConnectTimeoutError(<urllib3.connection.HTTPSConnection object at 0x7f0672ef8ac0>, 'Connection to api.binance.com timed out. (connect timeout=15)'))
[2025-08-17T14:32:01.778+0000] {subprocess.py:93} INFO - ⚠️ TOWNSUSDT lỗi lần 1/3: HTTPSConnectionPool(host='api.binance.com', port=443): Max retries exceeded with url: /api/v3/klines?symbol=TOWNSUSDT&interval=1m&limit=100 (Caused by ConnectTimeoutError(<urllib3.connection.HTTPSConnection object at 0x7f0672ef97e0>, 'Connection to api.binance.com timed out. (connect timeout=15)'))
[2025-08-17T14:32:01.779+0000] {subprocess.py:93} INFO - ⚠️ NEARUSDT lỗi lần 2/3: HTTPSConnectionPool(host='api.binance.com', port=443): Max retries exceeded with url: /api/v3/klines?symbol=NEARUSDT&interval=1m&limit=100 (Caused by ConnectTimeoutError(<urllib3.connection.HTTPSConnection object at 0x7f0671bfa560>, 'Connection to api.binance.com timed out. (connect timeout=15)'))
[2025-08-17T14:32:01.779+0000] {subprocess.py:93} INFO - 30/100 LTCUSDT lỗi: connection to server at "videv.cloud" (27.74.74.29), port 5432 failed: Connection timed out
[2025-08-17T14:32:01.779+0000] {subprocess.py:93} INFO - 	Is the server running on that host and accepting TCP/IP connections?
[2025-08-17T14:32:01.779+0000] {subprocess.py:93} INFO - 
[2025-08-17T14:32:01.780+0000] {subprocess.py:93} INFO - 31/100 AVAXUSDT lỗi: connection to server at "videv.cloud" (27.74.74.29), port 5432 failed: Connection timed out
[2025-08-17T14:32:01.780+0000] {subprocess.py:93} INFO - 	Is the server running on that host and accepting TCP/IP connections?
[2025-08-17T14:32:01.780+0000] {subprocess.py:93} INFO - 
[2025-08-17T14:32:01.781+0000] {subprocess.py:93} INFO - ⚠️ CRVUSDT lỗi lần 2/3: HTTPSConnectionPool(host='api.binance.com', port=443): Max retries exceeded with url: /api/v3/klines?symbol=CRVUSDT&interval=1m&limit=100 (Caused by ConnectTimeoutError(<urllib3.connection.HTTPSConnection object at 0x7f0672ef9000>, 'Connection to api.binance.com timed out. (connect timeout=15)'))
[2025-08-17T14:32:01.781+0000] {subprocess.py:93} INFO - ⚠️ TOWNSUSDT lỗi lần 2/3: HTTPSConnectionPool(host='api.binance.com', port=443): Max retries exceeded with url: /api/v3/klines?symbol=TOWNSUSDT&interval=1m&limit=100 (Caused by ConnectTimeoutError(<urllib3.connection.HTTPSConnection object at 0x7f0672ef9120>, 'Connection to api.binance.com timed out. (connect timeout=15)'))
[2025-08-17T14:32:01.781+0000] {subprocess.py:93} INFO - 32/100 TSTUSDT lỗi: connection to server at "videv.cloud" (27.74.74.29), port 5432 failed: Connection timed out
[2025-08-17T14:32:01.782+0000] {subprocess.py:93} INFO - 	Is the server running on that host and accepting TCP/IP connections?
[2025-08-17T14:32:01.782+0000] {subprocess.py:93} INFO - 
[2025-08-17T14:32:01.782+0000] {subprocess.py:93} INFO - ⚠️ MAVUSDT lỗi lần 1/3: HTTPSConnectionPool(host='api.binance.com', port=443): Max retries exceeded with url: /api/v3/klines?symbol=MAVUSDT&interval=1m&limit=100 (Caused by ConnectTimeoutError(<urllib3.connection.HTTPSConnection object at 0x7f0671bf8f10>, 'Connection to api.binance.com timed out. (connect timeout=15)'))
[2025-08-17T14:32:01.783+0000] {subprocess.py:93} INFO - ⚠️ OGUSDT lỗi lần 1/3: HTTPSConnectionPool(host='api.binance.com', port=443): Max retries exceeded with url: /api/v3/klines?symbol=OGUSDT&interval=1m&limit=100 (Caused by ConnectTimeoutError(<urllib3.connection.HTTPSConnection object at 0x7f0672ef3ca0>, 'Connection to api.binance.com timed out. (connect timeout=15)'))
[2025-08-17T14:32:01.783+0000] {subprocess.py:93} INFO - 33/100 SUSDT lỗi: connection to server at "videv.cloud" (27.74.74.29), port 5432 failed: Connection timed out
[2025-08-17T14:32:01.783+0000] {subprocess.py:93} INFO - 	Is the server running on that host and accepting TCP/IP connections?
[2025-08-17T14:32:01.783+0000] {subprocess.py:93} INFO - 
[2025-08-17T14:34:02.598+0000] {subprocess.py:93} INFO - ⚠️ MAVUSDT lỗi lần 2/3: HTTPSConnectionPool(host='api.binance.com', port=443): Max retries exceeded with url: /api/v3/klines?symbol=MAVUSDT&interval=1m&limit=100 (Caused by ConnectTimeoutError(<urllib3.connection.HTTPSConnection object at 0x7f0671bfa320>, 'Connection to api.binance.com timed out. (connect timeout=15)'))
[2025-08-17T14:34:02.599+0000] {subprocess.py:93} INFO - ✅ MAVUSDT: thêm 25 dòng mới
[2025-08-17T14:34:02.599+0000] {subprocess.py:93} INFO - 34/100 MAVUSDT lưu OK
[2025-08-17T14:34:02.600+0000] {subprocess.py:93} INFO - ✅ OGUSDT: thêm 24 dòng mới
[2025-08-17T14:34:02.600+0000] {subprocess.py:93} INFO - 35/100 OGUSDT lưu OK
[2025-08-17T14:34:02.601+0000] {subprocess.py:93} INFO - ⚠️ WIFUSDT lỗi lần 1/3: HTTPSConnectionPool(host='api.binance.com', port=443): Max retries exceeded with url: /api/v3/klines?symbol=WIFUSDT&interval=1m&limit=100 (Caused by ConnectTimeoutError(<urllib3.connection.HTTPSConnection object at 0x7f0672ef3d90>, 'Connection to api.binance.com timed out. (connect timeout=15)'))
[2025-08-17T14:34:02.601+0000] {subprocess.py:93} INFO - ⚠️ BONKUSDT lỗi lần 1/3: HTTPSConnectionPool(host='api.binance.com', port=443): Max retries exceeded with url: /api/v3/klines?symbol=BONKUSDT&interval=1m&limit=100 (Caused by ConnectTimeoutError(<urllib3.connection.HTTPSConnection object at 0x7f0672ef3af0>, 'Connection to api.binance.com timed out. (connect timeout=15)'))
[2025-08-17T14:34:02.601+0000] {subprocess.py:93} INFO - ⚠️ OPUSDT lỗi lần 1/3: HTTPSConnectionPool(host='api.binance.com', port=443): Max retries exceeded with url: /api/v3/klines?symbol=OPUSDT&interval=1m&limit=100 (Caused by ConnectTimeoutError(<urllib3.connection.HTTPSConnection object at 0x7f0671bfa6b0>, 'Connection to api.binance.com timed out. (connect timeout=15)'))
[2025-08-17T14:34:02.602+0000] {subprocess.py:93} INFO - ⚠️ WIFUSDT lỗi lần 2/3: HTTPSConnectionPool(host='api.binance.com', port=443): Max retries exceeded with url: /api/v3/klines?symbol=WIFUSDT&interval=1m&limit=100 (Caused by ConnectTimeoutError(<urllib3.connection.HTTPSConnection object at 0x7f0671bfb5b0>, 'Connection to api.binance.com timed out. (connect timeout=15)'))
[2025-08-17T14:34:02.602+0000] {subprocess.py:93} INFO - ⚠️ BONKUSDT lỗi lần 2/3: HTTPSConnectionPool(host='api.binance.com', port=443): Max retries exceeded with url: /api/v3/klines?symbol=BONKUSDT&interval=1m&limit=100 (Caused by ConnectTimeoutError(<urllib3.connection.HTTPSConnection object at 0x7f0671bf85e0>, 'Connection to api.binance.com timed out. (connect timeout=15)'))
[2025-08-17T14:34:02.603+0000] {subprocess.py:93} INFO - ⚠️ OPUSDT lỗi lần 2/3: HTTPSConnectionPool(host='api.binance.com', port=443): Max retries exceeded with url: /api/v3/klines?symbol=OPUSDT&interval=1m&limit=100 (Caused by ConnectTimeoutError(<urllib3.connection.HTTPSConnection object at 0x7f0672ef9240>, 'Connection to api.binance.com timed out. (connect timeout=15)'))
[2025-08-17T14:34:02.603+0000] {subprocess.py:93} INFO - ⚠️ WIFUSDT lỗi lần 3/3: HTTPSConnectionPool(host='api.binance.com', port=443): Max retries exceeded with url: /api/v3/klines?symbol=WIFUSDT&interval=1m&limit=100 (Caused by ConnectTimeoutError(<urllib3.connection.HTTPSConnection object at 0x7f0672ef89d0>, 'Connection to api.binance.com timed out. (connect timeout=15)'))
[2025-08-17T14:34:02.603+0000] {subprocess.py:93} INFO - 36/100 WIFUSDT bỏ qua (fail)
[2025-08-17T14:34:02.604+0000] {subprocess.py:93} INFO - ⚠️ BONKUSDT lỗi lần 3/3: HTTPSConnectionPool(host='api.binance.com', port=443): Max retries exceeded with url: /api/v3/klines?symbol=BONKUSDT&interval=1m&limit=100 (Caused by ConnectTimeoutError(<urllib3.connection.HTTPSConnection object at 0x7f0672ef1660>, 'Connection to api.binance.com timed out. (connect timeout=15)'))
[2025-08-17T14:34:02.604+0000] {subprocess.py:93} INFO - ⚠️ OPUSDT lỗi lần 3/3: HTTPSConnectionPool(host='api.binance.com', port=443): Max retries exceeded with url: /api/v3/klines?symbol=OPUSDT&interval=1m&limit=100 (Caused by ConnectTimeoutError(<urllib3.connection.HTTPSConnection object at 0x7f0672ef3340>, 'Connection to api.binance.com timed out. (connect timeout=15)'))
[2025-08-17T14:34:02.605+0000] {subprocess.py:93} INFO - 37/100 BONKUSDT bỏ qua (fail)
[2025-08-17T14:34:02.605+0000] {subprocess.py:93} INFO - 38/100 OPUSDT bỏ qua (fail)
[2025-08-17T14:34:02.605+0000] {subprocess.py:93} INFO - 39/100 LDOUSDT lỗi: connection to server at "videv.cloud" (27.74.74.29), port 5432 failed: Connection timed out
[2025-08-17T14:34:02.606+0000] {subprocess.py:93} INFO - 	Is the server running on that host and accepting TCP/IP connections?
[2025-08-17T14:34:02.606+0000] {subprocess.py:93} INFO - 
[2025-08-17T14:34:02.606+0000] {subprocess.py:93} INFO - ✅ APTUSDT: thêm 48 dòng mới
[2025-08-17T14:34:02.607+0000] {subprocess.py:93} INFO - 40/100 APTUSDT lưu OK
[2025-08-17T14:34:02.607+0000] {subprocess.py:93} INFO - 41/100 EPICUSDT lỗi: connection to server at "videv.cloud" (27.74.74.29), port 5432 failed: Connection timed out
[2025-08-17T14:34:02.608+0000] {subprocess.py:93} INFO - 	Is the server running on that host and accepting TCP/IP connections?
[2025-08-17T14:34:02.608+0000] {subprocess.py:93} INFO - 
[2025-08-17T14:34:02.608+0000] {subprocess.py:93} INFO - 42/100 WLDUSDT lỗi: connection to server at "videv.cloud" (27.74.74.29), port 5432 failed: Connection timed out
[2025-08-17T14:34:02.609+0000] {subprocess.py:93} INFO - 	Is the server running on that host and accepting TCP/IP connections?
[2025-08-17T14:34:02.609+0000] {subprocess.py:93} INFO - 
[2025-08-17T14:34:02.609+0000] {subprocess.py:93} INFO - ⚠️ XLMUSDT lỗi lần 1/3: HTTPSConnectionPool(host='api.binance.com', port=443): Max retries exceeded with url: /api/v3/klines?symbol=XLMUSDT&interval=1m&limit=100 (Caused by ConnectTimeoutError(<urllib3.connection.HTTPSConnection object at 0x7f0672ef3cd0>, 'Connection to api.binance.com timed out. (connect timeout=15)'))
[2025-08-17T14:34:02.610+0000] {subprocess.py:93} INFO - 43/100 NEARUSDT lỗi: connection to server at "videv.cloud" (27.74.74.29), port 5432 failed: Connection timed out
[2025-08-17T14:34:02.610+0000] {subprocess.py:93} INFO - 	Is the server running on that host and accepting TCP/IP connections?
[2025-08-17T14:34:02.611+0000] {subprocess.py:93} INFO - 
[2025-08-17T14:34:02.611+0000] {subprocess.py:93} INFO - ✅ DOTUSDT: thêm 37 dòng mới
[2025-08-17T14:34:02.611+0000] {subprocess.py:93} INFO - 44/100 DOTUSDT lưu OK
[2025-08-17T14:34:02.612+0000] {subprocess.py:93} INFO - ✅ OGNUSDT: thêm 87 dòng mới
[2025-08-17T14:34:02.612+0000] {subprocess.py:93} INFO - 45/100 OGNUSDT lưu OK
[2025-08-17T14:34:02.612+0000] {subprocess.py:93} INFO - ⚠️ RAYUSDT lỗi lần 1/3: HTTPSConnectionPool(host='api.binance.com', port=443): Max retries exceeded with url: /api/v3/klines?symbol=RAYUSDT&interval=1m&limit=100 (Caused by ConnectTimeoutError(<urllib3.connection.HTTPSConnection object at 0x7f0671bfa890>, 'Connection to api.binance.com timed out. (connect timeout=15)'))
[2025-08-17T14:34:02.613+0000] {subprocess.py:93} INFO - 46/100 TOWNSUSDT lỗi: connection to server at "videv.cloud" (27.74.74.29), port 5432 failed: Connection timed out
[2025-08-17T14:34:02.613+0000] {subprocess.py:93} INFO - 	Is the server running on that host and accepting TCP/IP connections?
[2025-08-17T14:34:02.614+0000] {subprocess.py:93} INFO - 
[2025-08-17T14:34:02.614+0000] {subprocess.py:93} INFO - 47/100 CRVUSDT lỗi: connection to server at "videv.cloud" (27.74.74.29), port 5432 failed: Connection timed out
[2025-08-17T14:34:02.614+0000] {subprocess.py:93} INFO - 	Is the server running on that host and accepting TCP/IP connections?
[2025-08-17T14:34:02.615+0000] {subprocess.py:93} INFO - 
[2025-08-17T14:34:02.615+0000] {subprocess.py:93} INFO - ⚠️ LPTUSDT lỗi lần 1/3: HTTPSConnectionPool(host='api.binance.com', port=443): Max retries exceeded with url: /api/v3/klines?symbol=LPTUSDT&interval=1m&limit=100 (Caused by ConnectTimeoutError(<urllib3.connection.HTTPSConnection object at 0x7f0672ef83a0>, 'Connection to api.binance.com timed out. (connect timeout=15)'))
[2025-08-17T14:34:02.615+0000] {subprocess.py:93} INFO - ⚠️ BERAUSDT lỗi lần 1/3: HTTPSConnectionPool(host='api.binance.com', port=443): Max retries exceeded with url: /api/v3/klines?symbol=BERAUSDT&interval=1m&limit=100 (Caused by ConnectTimeoutError(<urllib3.connection.HTTPSConnection object at 0x7f0671bf8a30>, 'Connection to api.binance.com timed out. (connect timeout=15)'))
[2025-08-17T14:34:02.616+0000] {subprocess.py:93} INFO - ⚠️ MOVRUSDT lỗi lần 1/3: HTTPSConnectionPool(host='api.binance.com', port=443): Max retries exceeded with url: /api/v3/klines?symbol=MOVRUSDT&interval=1m&limit=100 (Caused by ConnectTimeoutError(<urllib3.connection.HTTPSConnection object at 0x7f0672efb010>, 'Connection to api.binance.com timed out. (connect timeout=15)'))
[2025-08-17T14:34:02.616+0000] {subprocess.py:93} INFO - ⚠️ TONUSDT lỗi lần 1/3: HTTPSConnectionPool(host='api.binance.com', port=443): Max retries exceeded with url: /api/v3/klines?symbol=TONUSDT&interval=1m&limit=100 (Caused by ConnectTimeoutError(<urllib3.connection.HTTPSConnection object at 0x7f0672ef8790>, 'Connection to api.binance.com timed out. (connect timeout=15)'))
[2025-08-17T14:34:02.616+0000] {subprocess.py:93} INFO - ⚠️ RAYUSDT lỗi lần 2/3: HTTPSConnectionPool(host='api.binance.com', port=443): Max retries exceeded with url: /api/v3/klines?symbol=RAYUSDT&interval=1m&limit=100 (Caused by ConnectTimeoutError(<urllib3.connection.HTTPSConnection object at 0x7f0672ef8070>, 'Connection to api.binance.com timed out. (connect timeout=15)'))
[2025-08-17T14:34:02.617+0000] {subprocess.py:93} INFO - 48/100 CHRUSDT lỗi: connection to server at "videv.cloud" (27.74.74.29), port 5432 failed: Connection timed out
[2025-08-17T14:34:02.617+0000] {subprocess.py:93} INFO - 	Is the server running on that host and accepting TCP/IP connections?
[2025-08-17T14:34:02.618+0000] {subprocess.py:93} INFO - 
[2025-08-17T14:34:02.618+0000] {subprocess.py:93} INFO - ⚠️ PENDLEUSDT lỗi lần 1/3: HTTPSConnectionPool(host='api.binance.com', port=443): Max retries exceeded with url: /api/v3/klines?symbol=PENDLEUSDT&interval=1m&limit=100 (Caused by ConnectTimeoutError(<urllib3.connection.HTTPSConnection object at 0x7f0672ef98a0>, 'Connection to api.binance.com timed out. (connect timeout=15)'))
[2025-08-17T14:34:02.618+0000] {subprocess.py:93} INFO - \xe9\xf8\x8f\xf3c\xadچا\xe0B\xfbϑަ&\xf8\x99\xa5cp\xad\x9b\xae\xca3@}m\x96n\xa1D\xee\xe1\x9d\x94BR\x9a\xbdu\x85t,\xa8\x93\xb6\xb7\x8c,\xa8\xcf\xfb\q\xb9\xda\xec\xfe\xe8~\x8f\xe4/\xb2\xa8u\x87ط\xa1\xe5;ϙJFЃ}\xc0\xa1\x95mJ\xf4\xd8ǥM3.\x859@u~|\x80\x98P\xc7Ag\xb8\xa0\x80aT\xa6lN\xe0\x9d\xe9ɺ3\xe7\xfe\xc0U(,\x80\xa7\xf5\x9e\xdcUS\x97{H\xff\x99\xfb7\x8a$\xc4Y\xccPc\x8e\xaa\xa9\xb0\x84\x86\xf9_\xbb\xb1Pn\xa4\xd1
[2025-08-17T14:35:19.600+0000] {subprocess.py:93} INFO - \xcc\xd5q~\xa7|\xf5Sn"_\xcb+\xe6\xd4|]\xae\xd6\xc2\xc6L\xe5\xd9\xedW\xfc\xc1#y\xfc\xfa\xc8$\x83\x95\xf3\xb5jQ\xd0w\xd6\xe9\xa1\xf9\x83\xfb\x82\xb9\xb0\x97\xf4v3CI\xa0\xff\xb5\xfa\xb5   p      \xf4                \xb9\xe9          `\xa2\xe9          p\xd3X  \xf0⚠️ BERAUSDT lỗi lần 2/3: HTTPSConnectionPool(host='api.binance.com', port=443): Max retries exceeded with url: /api/v3/klines?symbol=BERAUSDT&interval=1m&limit=100 (Caused by ConnectTimeoutError(<urllib3.connection.HTTPSConnection object at 0x7f0672ef00a0>, 'Connection to api.binance.com timed out. (connect timeout=15)'))
[2025-08-17T14:35:19.601+0000] {subprocess.py:93} INFO - ✅ BERAUSDT: thêm 25 dòng mới
[2025-08-17T14:35:19.602+0000] {subprocess.py:93} INFO - 49/100 BERAUSDT lưu OK
[2025-08-17T14:35:19.602+0000] {subprocess.py:93} INFO - ✅ BCHUSDT: thêm 37 dòng mới
[2025-08-17T14:35:19.602+0000] {subprocess.py:93} INFO - 50/100 BCHUSDT lưu OK
[2025-08-17T14:35:19.603+0000] {subprocess.py:93} INFO - ⚠️ MOVRUSDT lỗi lần 2/3: HTTPSConnectionPool(host='api.binance.com', port=443): Max retries exceeded with url: /api/v3/klines?symbol=MOVRUSDT&interval=1m&limit=100 (Caused by ConnectTimeoutError(<urllib3.connection.HTTPSConnection object at 0x7f0671beed40>, 'Connection to api.binance.com timed out. (connect timeout=15)'))
[2025-08-17T14:35:19.603+0000] {subprocess.py:93} INFO - ⚠️ TONUSDT lỗi lần 2/3: HTTPSConnectionPool(host='api.binance.com', port=443): Max retries exceeded with url: /api/v3/klines?symbol=TONUSDT&interval=1m&limit=100 (Caused by ConnectTimeoutError(<urllib3.connection.HTTPSConnection object at 0x7f0671bec400>, 'Connection to api.binance.com timed out. (connect timeout=15)'))
[2025-08-17T14:35:19.604+0000] {subprocess.py:93} INFO - ⚠️ RAYUSDT lỗi lần 3/3: HTTPSConnectionPool(host='api.binance.com', port=443): Max retries exceeded with url: /api/v3/klines?symbol=RAYUSDT&interval=1m&limit=100 (Caused by ConnectTimeoutError(<urllib3.connection.HTTPSConnection object at 0x7f0672ef2080>, 'Connection to api.binance.com timed out. (connect timeout=15)'))
[2025-08-17T14:35:19.604+0000] {subprocess.py:93} INFO - ⚠️ GALAUSDT lỗi lần 1/3: HTTPSConnectionPool(host='api.binance.com', port=443): Max retries exceeded with url: /api/v3/klines?symbol=GALAUSDT&interval=1m&limit=100 (Caused by ConnectTimeoutError(<urllib3.connection.HTTPSConnection object at 0x7f0672efb4f0>, 'Connection to api.binance.com timed out. (connect timeout=15)'))
[2025-08-17T14:35:19.604+0000] {subprocess.py:93} INFO - 51/100 RAYUSDT bỏ qua (fail)
[2025-08-17T14:35:19.605+0000] {subprocess.py:93} INFO - ⚠️ PENDLEUSDT lỗi lần 2/3: HTTPSConnectionPool(host='api.binance.com', port=443): Max retries exceeded with url: /api/v3/klines?symbol=PENDLEUSDT&interval=1m&limit=100 (Caused by ConnectTimeoutError(<urllib3.connection.HTTPSConnection object at 0x7f0672efb910>, 'Connection to api.binance.com timed out. (connect timeout=15)'))
[2025-08-17T14:35:19.605+0000] {subprocess.py:93} INFO - ⚠️ MOVRUSDT lỗi lần 3/3: HTTPSConnectionPool(host='api.binance.com', port=443): Max retries exceeded with url: /api/v3/klines?symbol=MOVRUSDT&interval=1m&limit=100 (Caused by ConnectTimeoutError(<urllib3.connection.HTTPSConnection object at 0x7f0672ef8f40>, 'Connection to api.binance.com timed out. (connect timeout=15)'))
[2025-08-17T14:35:19.606+0000] {subprocess.py:93} INFO - ⚠️ TONUSDT lỗi lần 3/3: HTTPSConnectionPool(host='api.binance.com', port=443): Max retries exceeded with url: /api/v3/klines?symbol=TONUSDT&interval=1m&limit=100 (Caused by ConnectTimeoutError(<urllib3.connection.HTTPSConnection object at 0x7f0672efa380>, 'Connection to api.binance.com timed out. (connect timeout=15)'))
[2025-08-17T14:35:19.606+0000] {subprocess.py:93} INFO - 52/100 MOVRUSDT bỏ qua (fail)
[2025-08-17T14:35:19.607+0000] {subprocess.py:93} INFO - 53/100 TONUSDT bỏ qua (fail)
[2025-08-17T14:35:19.607+0000] {subprocess.py:93} INFO - ⚠️ ETHFIUSDT lỗi lần 1/3: HTTPSConnectionPool(host='api.binance.com', port=443): Max retries exceeded with url: /api/v3/klines?symbol=ETHFIUSDT&interval=1m&limit=100 (Caused by ConnectTimeoutError(<urllib3.connection.HTTPSConnection object at 0x7f0672eb19c0>, 'Connection to api.binance.com timed out. (connect timeout=15)'))
[2025-08-17T14:35:19.607+0000] {subprocess.py:93} INFO - ⚠️ GALAUSDT lỗi lần 2/3: HTTPSConnectionPool(host='api.binance.com', port=443): Max retries exceeded with url: /api/v3/klines?symbol=GALAUSDT&interval=1m&limit=100 (Caused by ConnectTimeoutError(<urllib3.connection.HTTPSConnection object at 0x7f0671bf9540>, 'Connection to api.binance.com timed out. (connect timeout=15)'))
[2025-08-17T14:35:19.608+0000] {subprocess.py:93} INFO - ⚠️ PENDLEUSDT lỗi lần 3/3: HTTPSConnectionPool(host='api.binance.com', port=443): Max retries exceeded with url: /api/v3/klines?symbol=PENDLEUSDT&interval=1m&limit=100 (Caused by ConnectTimeoutError(<urllib3.connection.HTTPSConnection object at 0x7f0671bf9c90>, 'Connection to api.binance.com timed out. (connect timeout=15)'))
[2025-08-17T14:35:19.608+0000] {subprocess.py:93} INFO - 54/100 PENDLEUSDT bỏ qua (fail)
[2025-08-17T14:35:19.609+0000] {subprocess.py:93} INFO - ⚠️ ONDOUSDT lỗi lần 1/3: HTTPSConnectionPool(host='api.binance.com', port=443): Max retries exceeded with url: /api/v3/klines?symbol=ONDOUSDT&interval=1m&limit=100 (Caused by ConnectTimeoutError(<urllib3.connection.HTTPSConnection object at 0x7f0672ef3d60>, 'Connection to api.binance.com timed out. (connect timeout=15)'))
[2025-08-17T14:35:19.609+0000] {subprocess.py:93} INFO - ⚠️ TAOUSDT lỗi lần 1/3: HTTPSConnectionPool(host='api.binance.com', port=443): Max retries exceeded with url: /api/v3/klines?symbol=TAOUSDT&interval=1m&limit=100 (Caused by ConnectTimeoutError(<urllib3.connection.HTTPSConnection object at 0x7f0672efb970>, 'Connection to api.binance.com timed out. (connect timeout=15)'))
[2025-08-17T14:35:19.609+0000] {subprocess.py:93} INFO - ⚠️ ETHFIUSDT lỗi lần 2/3: HTTPSConnectionPool(host='api.binance.com', port=443): Max retries exceeded with url: /api/v3/klines?symbol=ETHFIUSDT&interval=1m&limit=100 (Caused by ConnectTimeoutError(<urllib3.connection.HTTPSConnection object at 0x7f0672efa710>, 'Connection to api.binance.com timed out. (connect timeout=15)'))
[2025-08-17T14:35:19.610+0000] {subprocess.py:93} INFO - ⚠️ GALAUSDT lỗi lần 3/3: HTTPSConnectionPool(host='api.binance.com', port=443): Max retries exceeded with url: /api/v3/klines?symbol=GALAUSDT&interval=1m&limit=100 (Caused by ConnectTimeoutError(<urllib3.connection.HTTPSConnection object at 0x7f0671bfab60>, 'Connection to api.binance.com timed out. (connect timeout=15)'))
[2025-08-17T14:35:19.610+0000] {subprocess.py:93} INFO - 55/100 GALAUSDT bỏ qua (fail)
[2025-08-17T14:35:19.611+0000] {subprocess.py:93} INFO - ⚠️ TIAUSDT lỗi lần 1/3: HTTPSConnectionPool(host='api.binance.com', port=443): Max retries exceeded with url: /api/v3/klines?symbol=TIAUSDT&interval=1m&limit=100 (Caused by ConnectTimeoutError(<urllib3.connection.HTTPSConnection object at 0x7f0671bf9e70>, 'Connection to api.binance.com timed out. (connect timeout=15)'))
[2025-08-17T14:35:19.611+0000] {subprocess.py:93} INFO - ⚠️ ONDOUSDT lỗi lần 2/3: HTTPSConnectionPool(host='api.binance.com', port=443): Max retries exceeded with url: /api/v3/klines?symbol=ONDOUSDT&interval=1m&limit=100 (Caused by ConnectTimeoutError(<urllib3.connection.HTTPSConnection object at 0x7f0672ef1a50>, 'Connection to api.binance.com timed out. (connect timeout=15)'))
[2025-08-17T14:35:19.611+0000] {subprocess.py:93} INFO - ⚠️ TAOUSDT lỗi lần 2/3: HTTPSConnectionPool(host='api.binance.com', port=443): Max retries exceeded with url: /api/v3/klines?symbol=TAOUSDT&interval=1m&limit=100 (Caused by ConnectTimeoutError(<urllib3.connection.HTTPSConnection object at 0x7f0672eb2bf0>, 'Connection to api.binance.com timed out. (connect timeout=15)'))
[2025-08-17T14:35:19.612+0000] {subprocess.py:93} INFO - ⚠️ ETHFIUSDT lỗi lần 3/3: HTTPSConnectionPool(host='api.binance.com', port=443): Max retries exceeded with url: /api/v3/klines?symbol=ETHFIUSDT&interval=1m&limit=100 (Caused by ConnectTimeoutError(<urllib3.connection.HTTPSConnection object at 0x7f0672eb1ba0>, 'Connection to api.binance.com timed out. (connect timeout=15)'))
[2025-08-17T14:35:19.612+0000] {subprocess.py:93} INFO - ⚠️ API3USDT lỗi lần 1/3: HTTPSConnectionPool(host='api.binance.com', port=443): Max retries exceeded with url: /api/v3/klines?symbol=API3USDT&interval=1m&limit=100 (Caused by ConnectTimeoutError(<urllib3.connection.HTTPSConnection object at 0x7f0671bfa3b0>, 'Connection to api.binance.com timed out. (connect timeout=15)'))
[2025-08-17T14:35:19.613+0000] {subprocess.py:93} INFO - 56/100 ETHFIUSDT bỏ qua (fail)
[2025-08-17T14:35:19.613+0000] {subprocess.py:93} INFO - 57/100 NMRUSDT lỗi: relation "cryptocurrency.nmrusdt" does not exist
[2025-08-17T14:35:19.613+0000] {subprocess.py:93} INFO - LINE 1: SELECT MAX(time) FROM cryptocurrency.nmrusdt;
[2025-08-17T14:35:19.614+0000] {subprocess.py:93} INFO -                               ^
[2025-08-17T14:35:19.614+0000] {subprocess.py:93} INFO - 
[2025-08-17T14:35:19.615+0000] {subprocess.py:93} INFO - ⚠️ TIAUSDT lỗi lần 2/3: HTTPSConnectionPool(host='api.binance.com', port=443): Max retries exceeded with url: /api/v3/klines?symbol=TIAUSDT&interval=1m&limit=100 (Caused by ConnectTimeoutError(<urllib3.connection.HTTPSConnection object at 0x7f0671bf98d0>, 'Connection to api.binance.com timed out. (connect timeout=15)'))
[2025-08-17T14:35:19.615+0000] {subprocess.py:93} INFO - ⚠️ ONDOUSDT lỗi lần 3/3: HTTPSConnectionPool(host='api.binance.com', port=443): Max retries exceeded with url: /api/v3/klines?symbol=ONDOUSDT&interval=1m&limit=100 (Caused by ConnectTimeoutError(<urllib3.connection.HTTPSConnection object at 0x7f0671bf8040>, 'Connection to api.binance.com timed out. (connect timeout=15)'))
[2025-08-17T14:35:19.615+0000] {subprocess.py:93} INFO - ⚠️ TAOUSDT lỗi lần 3/3: HTTPSConnectionPool(host='api.binance.com', port=443): Max retries exceeded with url: /api/v3/klines?symbol=TAOUSDT&interval=1m&limit=100 (Caused by ConnectTimeoutError(<urllib3.connection.HTTPSConnection object at 0x7f0672eb2fb0>, 'Connection to api.binance.com timed out. (connect timeout=15)'))
[2025-08-17T14:35:19.616+0000] {subprocess.py:93} INFO - 58/100 ONDOUSDT bỏ qua (fail)
[2025-08-17T14:35:19.616+0000] {subprocess.py:93} INFO - 59/100 TAOUSDT bỏ qua (fail)
[2025-08-17T14:36:18.489+0000] {subprocess.py:93} INFO - ⚠️ CELRUSDT lỗi lần 1/3: HTTPSConnectionPool(host='api.binance.com', port=443): Max retries exceeded with url: /api/v3/klines?symbol=CELRUSDT&interval=1m&limit=100 (Caused by ConnectTimeoutError(<urllib3.connection.HTTPSConnection object at 0x7f0672efa800>, 'Connection to api.binance.com timed out. (connect timeout=15)'))
[2025-08-17T14:36:18.490+0000] {subprocess.py:93} INFO - ⚠️ API3USDT lỗi lần 2/3: HTTPSConnectionPool(host='api.binance.com', port=443): Max retries exceeded with url: /api/v3/klines?symbol=API3USDT&interval=1m&limit=100 (Caused by ConnectTimeoutError(<urllib3.connection.HTTPSConnection object at 0x7f0672ef9ed0>, 'Connection to api.binance.com timed out. (connect timeout=15)'))
[2025-08-17T14:36:18.491+0000] {subprocess.py:93} INFO - ✅ API3USDT: thêm 37 dòng mới
[2025-08-17T14:36:18.491+0000] {subprocess.py:93} INFO - 60/100 API3USDT lưu OK
[2025-08-17T14:36:18.492+0000] {subprocess.py:93} INFO - ⚠️ TIAUSDT lỗi lần 3/3: HTTPSConnectionPool(host='api.binance.com', port=443): Max retries exceeded with url: /api/v3/klines?symbol=TIAUSDT&interval=1m&limit=100 (Caused by ConnectTimeoutError(<urllib3.connection.HTTPSConnection object at 0x7f0671bfbbb0>, 'Connection to api.binance.com timed out. (connect timeout=15)'))
[2025-08-17T14:36:18.492+0000] {subprocess.py:93} INFO - 61/100 TIAUSDT bỏ qua (fail)
[2025-08-17T14:36:18.493+0000] {subprocess.py:93} INFO - ⚠️ VIRTUALUSDT lỗi lần 1/3: HTTPSConnectionPool(host='api.binance.com', port=443): Max retries exceeded with url: /api/v3/klines?symbol=VIRTUALUSDT&interval=1m&limit=100 (Caused by ConnectTimeoutError(<urllib3.connection.HTTPSConnection object at 0x7f0671bf9870>, 'Connection to api.binance.com timed out. (connect timeout=15)'))
[2025-08-17T14:36:18.493+0000] {subprocess.py:93} INFO - ✅ VIRTUALUSDT: thêm 68 dòng mới
[2025-08-17T14:36:18.493+0000] {subprocess.py:93} INFO - 62/100 VIRTUALUSDT lưu OK
[2025-08-17T14:36:18.494+0000] {subprocess.py:93} INFO - 63/100 BIOUSDT lỗi: relation "cryptocurrency.biousdt" does not exist
[2025-08-17T14:36:18.494+0000] {subprocess.py:93} INFO - LINE 1: SELECT MAX(time) FROM cryptocurrency.biousdt;
[2025-08-17T14:36:18.495+0000] {subprocess.py:93} INFO -                               ^
[2025-08-17T14:36:18.495+0000] {subprocess.py:93} INFO - 
[2025-08-17T14:36:18.496+0000] {subprocess.py:93} INFO - ⚠️ CELRUSDT lỗi lần 2/3: HTTPSConnectionPool(host='api.binance.com', port=443): Max retries exceeded with url: /api/v3/klines?symbol=CELRUSDT&interval=1m&limit=100 (Caused by ConnectTimeoutError(<urllib3.connection.HTTPSConnection object at 0x7f0671bf94b0>, 'Connection to api.binance.com timed out. (connect timeout=15)'))
[2025-08-17T14:36:18.496+0000] {subprocess.py:93} INFO - ⚠️ BANDUSDT lỗi lần 1/3: HTTPSConnectionPool(host='api.binance.com', port=443): Max retries exceeded with url: /api/v3/klines?symbol=BANDUSDT&interval=1m&limit=100 (Caused by ConnectTimeoutError(<urllib3.connection.HTTPSConnection object at 0x7f0671bf8a00>, 'Connection to api.binance.com timed out. (connect timeout=15)'))
[2025-08-17T14:36:18.496+0000] {subprocess.py:93} INFO - 64/100 XLMUSDT lỗi: connection to server at "videv.cloud" (27.74.74.29), port 5432 failed: Connection timed out
[2025-08-17T14:36:18.497+0000] {subprocess.py:93} INFO - 	Is the server running on that host and accepting TCP/IP connections?
[2025-08-17T14:36:18.497+0000] {subprocess.py:93} INFO - 
[2025-08-17T14:36:18.498+0000] {subprocess.py:93} INFO - 65/100 INJUSDT lỗi: connection to server at "videv.cloud" (27.74.74.29), port 5432 failed: Connection timed out
[2025-08-17T14:36:18.498+0000] {subprocess.py:93} INFO - 	Is the server running on that host and accepting TCP/IP connections?
[2025-08-17T14:36:18.498+0000] {subprocess.py:93} INFO - 
[2025-08-17T14:36:18.499+0000] {subprocess.py:93} INFO - ⚠️ PORTOUSDT lỗi lần 1/3: HTTPSConnectionPool(host='api.binance.com', port=443): Max retries exceeded with url: /api/v3/klines?symbol=PORTOUSDT&interval=1m&limit=100 (Caused by ConnectTimeoutError(<urllib3.connection.HTTPSConnection object at 0x7f0672ef3f40>, 'Connection to api.binance.com timed out. (connect timeout=15)'))
[2025-08-17T14:36:18.499+0000] {subprocess.py:93} INFO - ⚠️ BBUSDT lỗi lần 1/3: HTTPSConnectionPool(host='api.binance.com', port=443): Max retries exceeded with url: /api/v3/klines?symbol=BBUSDT&interval=1m&limit=100 (Caused by ConnectTimeoutError(<urllib3.connection.HTTPSConnection object at 0x7f0672ef92d0>, 'Connection to api.binance.com timed out. (connect timeout=15)'))
[2025-08-17T14:36:18.500+0000] {subprocess.py:93} INFO - ⚠️ CELRUSDT lỗi lần 3/3: HTTPSConnectionPool(host='api.binance.com', port=443): Max retries exceeded with url: /api/v3/klines?symbol=CELRUSDT&interval=1m&limit=100 (Caused by ConnectTimeoutError(<urllib3.connection.HTTPSConnection object at 0x7f0671bfaef0>, 'Connection to api.binance.com timed out. (connect timeout=15)'))
[2025-08-17T14:36:18.500+0000] {subprocess.py:93} INFO - ⚠️ BANDUSDT lỗi lần 2/3: HTTPSConnectionPool(host='api.binance.com', port=443): Max retries exceeded with url: /api/v3/klines?symbol=BANDUSDT&interval=1m&limit=100 (Caused by ConnectTimeoutError(<urllib3.connection.HTTPSConnection object at 0x7f0671bfafe0>, 'Connection to api.binance.com timed out. (connect timeout=15)'))
[2025-08-17T14:36:18.500+0000] {subprocess.py:93} INFO - 66/100 CELRUSDT bỏ qua (fail)
[2025-08-17T14:36:18.501+0000] {subprocess.py:93} INFO - 67/100 FLOKIUSDT lỗi: connection to server at "videv.cloud" (27.74.74.29), port 5432 failed: Connection timed out
[2025-08-17T14:36:18.501+0000] {subprocess.py:93} INFO - 	Is the server running on that host and accepting TCP/IP connections?
[2025-08-17T14:36:18.502+0000] {subprocess.py:93} INFO - 
[2025-08-17T14:36:18.502+0000] {subprocess.py:93} INFO - 68/100 BBUSDT lỗi: relation "cryptocurrency.bbusdt" does not exist
[2025-08-17T14:36:18.503+0000] {subprocess.py:93} INFO - LINE 1: SELECT MAX(time) FROM cryptocurrency.bbusdt;
[2025-08-17T14:36:18.503+0000] {subprocess.py:93} INFO -                               ^
[2025-08-17T14:36:18.503+0000] {subprocess.py:93} INFO - 
[2025-08-17T14:36:18.504+0000] {subprocess.py:93} INFO - 69/100 LPTUSDT lỗi: connection to server at "videv.cloud" (27.74.74.29), port 5432 failed: Connection timed out
[2025-08-17T14:36:18.504+0000] {subprocess.py:93} INFO - 	Is the server running on that host and accepting TCP/IP connections?
[2025-08-17T14:36:18.505+0000] {subprocess.py:93} INFO - 
[2025-08-17T14:36:18.505+0000] {subprocess.py:93} INFO - ⚠️ BATUSDT lỗi lần 1/3: HTTPSConnectionPool(host='api.binance.com', port=443): Max retries exceeded with url: /api/v3/klines?symbol=BATUSDT&interval=1m&limit=100 (Caused by ConnectTimeoutError(<urllib3.connection.HTTPSConnection object at 0x7f0671bf8ac0>, 'Connection to api.binance.com timed out. (connect timeout=15)'))
[2025-08-17T14:36:18.506+0000] {subprocess.py:93} INFO - ⚠️ XUSDUSDT lỗi lần 1/3: HTTPSConnectionPool(host='api.binance.com', port=443): Max retries exceeded with url: /api/v3/klines?symbol=XUSDUSDT&interval=1m&limit=100 (Caused by ConnectTimeoutError(<urllib3.connection.HTTPSConnection object at 0x7f0671bfa470>, 'Connection to api.binance.com timed out. (connect timeout=15)'))
[2025-08-17T14:36:18.506+0000] {subprocess.py:93} INFO - ✅ NEIROUSDT: thêm 36 dòng mới
[2025-08-17T14:36:18.506+0000] {subprocess.py:93} INFO - 70/100 NEIROUSDT lưu OK
[2025-08-17T14:36:18.507+0000] {subprocess.py:93} INFO - ✅ ETCUSDT: thêm 36 dòng mới
[2025-08-17T14:36:18.507+0000] {subprocess.py:93} INFO - 71/100 ETCUSDT lưu OK
[2025-08-17T14:36:18.508+0000] {subprocess.py:93} INFO - ⚠️ PORTOUSDT lỗi lần 2/3: HTTPSConnectionPool(host='api.binance.com', port=443): Max retries exceeded with url: /api/v3/klines?symbol=PORTOUSDT&interval=1m&limit=100 (Caused by ConnectTimeoutError(<urllib3.connection.HTTPSConnection object at 0x7f0671bef0a0>, 'Connection to api.binance.com timed out. (connect timeout=15)'))
[2025-08-17T14:36:18.508+0000] {subprocess.py:93} INFO - ⚠️ RENDERUSDT lỗi lần 1/3: HTTPSConnectionPool(host='api.binance.com', port=443): Max retries exceeded with url: /api/v3/klines?symbol=RENDERUSDT&interval=1m&limit=100 (Caused by ConnectTimeoutError(<urllib3.connection.HTTPSConnection object at 0x7f0671beeb30>, 'Connection to api.binance.com timed out. (connect timeout=15)'))
[2025-08-17T14:36:18.509+0000] {subprocess.py:93} INFO - ⚠️ POLUSDT lỗi lần 1/3: HTTPSConnectionPool(host='api.binance.com', port=443): Max retries exceeded with url: /api/v3/klines?symbol=POLUSDT&interval=1m&limit=100 (Caused by ConnectTimeoutError(<urllib3.connection.HTTPSConnection object at 0x7f0672efae00>, 'Connection to api.binance.com timed out. (connect timeout=15)'))
[2025-08-17T14:36:18.509+0000] {subprocess.py:93} INFO - ⚠️ BANDUSDT lỗi lần 3/3: HTTPSConnectionPool(host='api.binance.com', port=443): Max retries exceeded with url: /api/v3/klines?symbol=BANDUSDT&interval=1m&limit=100 (Caused by ConnectTimeoutError(<urllib3.connection.HTTPSConnection object at 0x7f0672ef0d90>, 'Connection to api.binance.com timed out. (connect timeout=15)'))
[2025-08-17T14:36:18.509+0000] {subprocess.py:93} INFO - ⚠️ FILUSDT lỗi lần 1/3: HTTPSConnectionPool(host='api.binance.com', port=443): Max retries exceeded with url: /api/v3/klines?symbol=FILUSDT&interval=1m&limit=100 (Caused by ConnectTimeoutError(<urllib3.connection.HTTPSConnection object at 0x7f0672eb21d0>, 'Connection to api.binance.com timed out. (connect timeout=15)'))
[2025-08-17T14:36:18.510+0000] {subprocess.py:93} INFO - ⚠️ CAKEUSDT lỗi lần 1/3: HTTPSConnectionPool(host='api.binance.com', port=443): Max retries exceeded with url: /api/v3/klines?symbol=CAKEUSDT&interval=1m&limit=100 (Caused by ConnectTimeoutError(<urllib3.connection.HTTPSConnection object at 0x7f0671bee980>, 'Connection to api.binance.com timed out. (connect timeout=15)'))
[2025-08-17T14:36:18.510+0000] {subprocess.py:93} INFO - 72/100 BANDUSDT bỏ qua (fail)
[2025-08-17T14:36:18.511+0000] {subprocess.py:93} INFO - ⚠️ BATUSDT lỗi lần 2/3: HTTPSConnectionPool(host='api.binance.com', port=443): Max retries exceeded with url: /api/v3/klines?symbol=BATUSDT&interval=1m&limit=100 (Caused by ConnectTimeoutError(<urllib3.connection.HTTPSConnection object at 0x7f0671bed1e0>, 'Connection to api.binance.com timed out. (connect timeout=15)'))
[2025-08-17T14:36:18.511+0000] {subprocess.py:93} INFO - ⚠️ XUSDUSDT lỗi lần 2/3: HTTPSConnectionPool(host='api.binance.com', port=443): Max retries exceeded with url: /api/v3/klines?symbol=XUSDUSDT&interval=1m&limit=100 (Caused by ConnectTimeoutError(<urllib3.connection.HTTPSConnection object at 0x7f0671becc70>, 'Connection to api.binance.com timed out. (connect timeout=15)'))
[2025-08-17T14:37:04.096+0000] {subprocess.py:93} INFO - 73/100 EIGENUSDT lỗi: connection to server at "videv.cloud" (27.74.74.29), port 5432 failed: Connection timed out
[2025-08-17T14:37:04.097+0000] {subprocess.py:93} INFO - 	Is the server running on that host and accepting TCP/IP connections?
[2025-08-17T14:37:04.097+0000] {subprocess.py:93} INFO - 
[2025-08-17T14:37:04.098+0000] {subprocess.py:93} INFO - ⚠️ PORTOUSDT lỗi lần 3/3: HTTPSConnectionPool(host='api.binance.com', port=443): Max retries exceeded with url: /api/v3/klines?symbol=PORTOUSDT&interval=1m&limit=100 (Caused by ConnectTimeoutError(<urllib3.connection.HTTPSConnection object at 0x7f0671bfb790>, 'Connection to api.binance.com timed out. (connect timeout=15)'))
[2025-08-17T14:37:04.098+0000] {subprocess.py:93} INFO - 74/100 PORTOUSDT bỏ qua (fail)
[2025-08-17T14:37:04.099+0000] {subprocess.py:93} INFO - ⚠️ RENDERUSDT lỗi lần 2/3: HTTPSConnectionPool(host='api.binance.com', port=443): Max retries exceeded with url: /api/v3/klines?symbol=RENDERUSDT&interval=1m&limit=100 (Caused by ConnectTimeoutError(<urllib3.connection.HTTPSConnection object at 0x7f0671bf89a0>, 'Connection to api.binance.com timed out. (connect timeout=15)'))
[2025-08-17T14:37:04.099+0000] {subprocess.py:93} INFO - ⚠️ POLUSDT lỗi lần 2/3: HTTPSConnectionPool(host='api.binance.com', port=443): Max retries exceeded with url: /api/v3/klines?symbol=POLUSDT&interval=1m&limit=100 (Caused by ConnectTimeoutError(<urllib3.connection.HTTPSConnection object at 0x7f0671bedd80>, 'Connection to api.binance.com timed out. (connect timeout=15)'))
[2025-08-17T14:37:04.099+0000] {subprocess.py:93} INFO - ⚠️ ZKUSDT lỗi lần 1/3: HTTPSConnectionPool(host='api.binance.com', port=443): Max retries exceeded with url: /api/v3/klines?symbol=ZKUSDT&interval=1m&limit=100 (Caused by ConnectTimeoutError(<urllib3.connection.HTTPSConnection object at 0x7f0671b549a0>, 'Connection to api.binance.com timed out. (connect timeout=15)'))
[2025-08-17T14:37:04.100+0000] {subprocess.py:93} INFO - ⚠️ FILUSDT lỗi lần 2/3: HTTPSConnectionPool(host='api.binance.com', port=443): Max retries exceeded with url: /api/v3/klines?symbol=FILUSDT&interval=1m&limit=100 (Caused by ConnectTimeoutError(<urllib3.connection.HTTPSConnection object at 0x7f0671b56080>, 'Connection to api.binance.com timed out. (connect timeout=15)'))
[2025-08-17T14:37:04.100+0000] {subprocess.py:93} INFO - ⚠️ CAKEUSDT lỗi lần 2/3: HTTPSConnectionPool(host='api.binance.com', port=443): Max retries exceeded with url: /api/v3/klines?symbol=CAKEUSDT&interval=1m&limit=100 (Caused by ConnectTimeoutError(<urllib3.connection.HTTPSConnection object at 0x7f0672eb21a0>, 'Connection to api.binance.com timed out. (connect timeout=15)'))
[2025-08-17T14:37:04.101+0000] {subprocess.py:93} INFO - ⚠️ BATUSDT lỗi lần 3/3: HTTPSConnectionPool(host='api.binance.com', port=443): Max retries exceeded with url: /api/v3/klines?symbol=BATUSDT&interval=1m&limit=100 (Caused by ConnectTimeoutError(<urllib3.connection.HTTPSConnection object at 0x7f0672ef8ee0>, 'Connection to api.binance.com timed out. (connect timeout=15)'))
[2025-08-17T14:37:04.101+0000] {subprocess.py:93} INFO - ⚠️ FETUSDT lỗi lần 1/3: HTTPSConnectionPool(host='api.binance.com', port=443): Max retries exceeded with url: /api/v3/klines?symbol=FETUSDT&interval=1m&limit=100 (Caused by ConnectTimeoutError(<urllib3.connection.HTTPSConnection object at 0x7f0671bfb220>, 'Connection to api.binance.com timed out. (connect timeout=15)'))
[2025-08-17T14:37:04.102+0000] {subprocess.py:93} INFO - 75/100 BATUSDT bỏ qua (fail)
[2025-08-17T14:37:04.102+0000] {subprocess.py:93} INFO - ⚠️ XUSDUSDT lỗi lần 3/3: HTTPSConnectionPool(host='api.binance.com', port=443): Max retries exceeded with url: /api/v3/klines?symbol=XUSDUSDT&interval=1m&limit=100 (Caused by ConnectTimeoutError(<urllib3.connection.HTTPSConnection object at 0x7f0671bf93f0>, 'Connection to api.binance.com timed out. (connect timeout=15)'))
[2025-08-17T14:37:04.102+0000] {subprocess.py:93} INFO - 76/100 XUSDUSDT bỏ qua (fail)
[2025-08-17T14:37:04.103+0000] {subprocess.py:93} INFO - ⚠️ STRKUSDT lỗi lần 1/3: HTTPSConnectionPool(host='api.binance.com', port=443): Max retries exceeded with url: /api/v3/klines?symbol=STRKUSDT&interval=1m&limit=100 (Caused by ConnectTimeoutError(<urllib3.connection.HTTPSConnection object at 0x7f0671bec400>, 'Connection to api.binance.com timed out. (connect timeout=15)'))
[2025-08-17T14:37:04.103+0000] {subprocess.py:93} INFO - ⚠️ RENDERUSDT lỗi lần 3/3: HTTPSConnectionPool(host='api.binance.com', port=443): Max retries exceeded with url: /api/v3/klines?symbol=RENDERUSDT&interval=1m&limit=100 (Caused by ConnectTimeoutError(<urllib3.connection.HTTPSConnection object at 0x7f0672ef2140>, 'Connection to api.binance.com timed out. (connect timeout=15)'))
[2025-08-17T14:37:04.104+0000] {subprocess.py:93} INFO - ⚠️ POLUSDT lỗi lần 3/3: HTTPSConnectionPool(host='api.binance.com', port=443): Max retries exceeded with url: /api/v3/klines?symbol=POLUSDT&interval=1m&limit=100 (Caused by ConnectTimeoutError(<urllib3.connection.HTTPSConnection object at 0x7f0671bfb5e0>, 'Connection to api.binance.com timed out. (connect timeout=15)'))
[2025-08-17T14:37:04.104+0000] {subprocess.py:93} INFO - ⚠️ FILUSDT lỗi lần 3/3: HTTPSConnectionPool(host='api.binance.com', port=443): Max retries exceeded with url: /api/v3/klines?symbol=FILUSDT&interval=1m&limit=100 (Caused by ConnectTimeoutError(<urllib3.connection.HTTPSConnection object at 0x7f0671beecb0>, 'Connection to api.binance.com timed out. (connect timeout=15)'))
[2025-08-17T14:37:04.105+0000] {subprocess.py:93} INFO - ⚠️ ZKUSDT lỗi lần 2/3: HTTPSConnectionPool(host='api.binance.com', port=443): Max retries exceeded with url: /api/v3/klines?symbol=ZKUSDT&interval=1m&limit=100 (Caused by ConnectTimeoutError(<urllib3.connection.HTTPSConnection object at 0x7f0671bef160>, 'Connection to api.binance.com timed out. (connect timeout=15)'))
[2025-08-17T14:37:04.105+0000] {subprocess.py:93} INFO - 77/100 RENDERUSDT bỏ qua (fail)
[2025-08-17T14:37:04.105+0000] {subprocess.py:93} INFO - 78/100 POLUSDT bỏ qua (fail)
[2025-08-17T14:37:04.106+0000] {subprocess.py:93} INFO - ⚠️ CAKEUSDT lỗi lần 3/3: HTTPSConnectionPool(host='api.binance.com', port=443): Max retries exceeded with url: /api/v3/klines?symbol=CAKEUSDT&interval=1m&limit=100 (Caused by ConnectTimeoutError(<urllib3.connection.HTTPSConnection object at 0x7f0671bed720>, 'Connection to api.binance.com timed out. (connect timeout=15)'))
[2025-08-17T14:37:04.106+0000] {subprocess.py:93} INFO - 79/100 FILUSDT bỏ qua (fail)
[2025-08-17T14:37:04.107+0000] {subprocess.py:93} INFO - 80/100 CAKEUSDT bỏ qua (fail)
[2025-08-17T14:37:04.107+0000] {subprocess.py:93} INFO - ⚠️ SYRUPUSDT lỗi lần 1/3: HTTPSConnectionPool(host='api.binance.com', port=443): Max retries exceeded with url: /api/v3/klines?symbol=SYRUPUSDT&interval=1m&limit=100 (Caused by ConnectTimeoutError(<urllib3.connection.HTTPSConnection object at 0x7f0671b553c0>, 'Connection to api.binance.com timed out. (connect timeout=15)'))
[2025-08-17T14:37:04.108+0000] {subprocess.py:93} INFO - ⚠️ FETUSDT lỗi lần 2/3: HTTPSConnectionPool(host='api.binance.com', port=443): Max retries exceeded with url: /api/v3/klines?symbol=FETUSDT&interval=1m&limit=100 (Caused by ConnectTimeoutError(<urllib3.connection.HTTPSConnection object at 0x7f0671bec790>, 'Connection to api.binance.com timed out. (connect timeout=15)'))
[2025-08-17T14:37:04.108+0000] {subprocess.py:93} INFO - ⚠️ SPKUSDT lỗi lần 1/3: HTTPSConnectionPool(host='api.binance.com', port=443): Max retries exceeded with url: /api/v3/klines?symbol=SPKUSDT&interval=1m&limit=100 (Caused by ConnectTimeoutError(<urllib3.connection.HTTPSConnection object at 0x7f0671bfae60>, 'Connection to api.binance.com timed out. (connect timeout=15)'))
[2025-08-17T14:37:04.108+0000] {subprocess.py:93} INFO - ⚠️ STRKUSDT lỗi lần 2/3: HTTPSConnectionPool(host='api.binance.com', port=443): Max retries exceeded with url: /api/v3/klines?symbol=STRKUSDT&interval=1m&limit=100 (Caused by ConnectTimeoutError(<urllib3.connection.HTTPSConnection object at 0x7f0671bfaec0>, 'Connection to api.binance.com timed out. (connect timeout=15)'))
[2025-08-17T14:37:04.109+0000] {subprocess.py:93} INFO - ⚠️ ERAUSDT lỗi lần 1/3: HTTPSConnectionPool(host='api.binance.com', port=443): Max retries exceeded with url: /api/v3/klines?symbol=ERAUSDT&interval=1m&limit=100 (Caused by ConnectTimeoutError(<urllib3.connection.HTTPSConnection object at 0x7f0672ef2320>, 'Connection to api.binance.com timed out. (connect timeout=15)'))
[2025-08-17T14:37:04.109+0000] {subprocess.py:93} INFO - ⚠️ ICPUSDT lỗi lần 1/3: HTTPSConnectionPool(host='api.binance.com', port=443): Max retries exceeded with url: /api/v3/klines?symbol=ICPUSDT&interval=1m&limit=100 (Caused by ConnectTimeoutError(<urllib3.connection.HTTPSConnection object at 0x7f0672efb580>, 'Connection to api.binance.com timed out. (connect timeout=15)'))
[2025-08-17T14:37:04.110+0000] {subprocess.py:93} INFO - ⚠️ PNUTUSDT lỗi lần 1/3: HTTPSConnectionPool(host='api.binance.com', port=443): Max retries exceeded with url: /api/v3/klines?symbol=PNUTUSDT&interval=1m&limit=100 (Caused by ConnectTimeoutError(<urllib3.connection.HTTPSConnection object at 0x7f0672ef1840>, 'Connection to api.binance.com timed out. (connect timeout=15)'))
[2025-08-17T14:37:04.110+0000] {subprocess.py:93} INFO - ⚠️ ZKUSDT lỗi lần 3/3: HTTPSConnectionPool(host='api.binance.com', port=443): Max retries exceeded with url: /api/v3/klines?symbol=ZKUSDT&interval=1m&limit=100 (Caused by ConnectTimeoutError(<urllib3.connection.HTTPSConnection object at 0x7f0671bf9090>, 'Connection to api.binance.com timed out. (connect timeout=15)'))
[2025-08-17T14:39:10.519+0000] {subprocess.py:93} INFO - ⚠️ LAUSDT lỗi lần 1/3: HTTPSConnectionPool(host='api.binance.com', port=443): Max retries exceeded with url: /api/v3/klines?symbol=LAUSDT&interval=1m&limit=100 (Caused by ConnectTimeoutError(<urllib3.connection.HTTPSConnection object at 0x7f0671bef4c0>, 'Connection to api.binance.com timed out. (connect timeout=15)'))
[2025-08-17T14:39:10.520+0000] {subprocess.py:93} INFO - 81/100 ZKUSDT bỏ qua (fail)
[2025-08-17T14:39:10.520+0000] {subprocess.py:93} INFO - ⚠️ SPKUSDT lỗi lần 2/3: HTTPSConnectionPool(host='api.binance.com', port=443): Max retries exceeded with url: /api/v3/klines?symbol=SPKUSDT&interval=1m&limit=100 (Caused by ConnectTimeoutError(<urllib3.connection.HTTPSConnection object at 0x7f0672efb280>, 'Connection to api.binance.com timed out. (connect timeout=15)'))
[2025-08-17T14:39:10.521+0000] {subprocess.py:93} INFO - ⚠️ STRKUSDT lỗi lần 3/3: HTTPSConnectionPool(host='api.binance.com', port=443): Max retries exceeded with url: /api/v3/klines?symbol=STRKUSDT&interval=1m&limit=100 (Caused by ConnectTimeoutError(<urllib3.connection.HTTPSConnection object at 0x7f0672efb040>, 'Connection to api.binance.com timed out. (connect timeout=15)'))
[2025-08-17T14:39:10.521+0000] {subprocess.py:93} INFO - 82/100 STRKUSDT bỏ qua (fail)
[2025-08-17T14:39:10.522+0000] {subprocess.py:93} INFO - ⚠️ ERAUSDT lỗi lần 2/3: HTTPSConnectionPool(host='api.binance.com', port=443): Max retries exceeded with url: /api/v3/klines?symbol=ERAUSDT&interval=1m&limit=100 (Caused by ConnectTimeoutError(<urllib3.connection.HTTPSConnection object at 0x7f0671befa60>, 'Connection to api.binance.com timed out. (connect timeout=15)'))
[2025-08-17T14:39:10.522+0000] {subprocess.py:93} INFO - ⚠️ ICPUSDT lỗi lần 2/3: HTTPSConnectionPool(host='api.binance.com', port=443): Max retries exceeded with url: /api/v3/klines?symbol=ICPUSDT&interval=1m&limit=100 (Caused by ConnectTimeoutError(<urllib3.connection.HTTPSConnection object at 0x7f0671beff70>, 'Connection to api.binance.com timed out. (connect timeout=15)'))
[2025-08-17T14:39:10.523+0000] {subprocess.py:93} INFO - ⚠️ SHIBUSDT lỗi lần 1/3: HTTPSConnectionPool(host='api.binance.com', port=443): Max retries exceeded with url: /api/v3/klines?symbol=SHIBUSDT&interval=1m&limit=100 (Caused by ConnectTimeoutError(<urllib3.connection.HTTPSConnection object at 0x7f0672eb3f70>, 'Connection to api.binance.com timed out. (connect timeout=15)'))
[2025-08-17T14:39:10.523+0000] {subprocess.py:93} INFO - ⚠️ LAUSDT lỗi lần 2/3: HTTPSConnectionPool(host='api.binance.com', port=443): Max retries exceeded with url: /api/v3/klines?symbol=LAUSDT&interval=1m&limit=100 (Caused by ConnectTimeoutError(<urllib3.connection.HTTPSConnection object at 0x7f0672ef8070>, 'Connection to api.binance.com timed out. (connect timeout=15)'))
[2025-08-17T14:39:10.524+0000] {subprocess.py:93} INFO - ⚠️ SPKUSDT lỗi lần 3/3: HTTPSConnectionPool(host='api.binance.com', port=443): Max retries exceeded with url: /api/v3/klines?symbol=SPKUSDT&interval=1m&limit=100 (Caused by ConnectTimeoutError(<urllib3.connection.HTTPSConnection object at 0x7f0672ef14e0>, 'Connection to api.binance.com timed out. (connect timeout=15)'))
[2025-08-17T14:39:10.524+0000] {subprocess.py:93} INFO - 83/100 SPKUSDT bỏ qua (fail)
[2025-08-17T14:39:10.524+0000] {subprocess.py:93} INFO - ⚠️ HOTUSDT lỗi lần 1/3: HTTPSConnectionPool(host='api.binance.com', port=443): Max retries exceeded with url: /api/v3/klines?symbol=HOTUSDT&interval=1m&limit=100 (Caused by ConnectTimeoutError(<urllib3.connection.HTTPSConnection object at 0x7f0671bf90c0>, 'Connection to api.binance.com timed out. (connect timeout=15)'))
[2025-08-17T14:39:10.525+0000] {subprocess.py:93} INFO - ⚠️ ERAUSDT lỗi lần 3/3: HTTPSConnectionPool(host='api.binance.com', port=443): Max retries exceeded with url: /api/v3/klines?symbol=ERAUSDT&interval=1m&limit=100 (Caused by ConnectTimeoutError(<urllib3.connection.HTTPSConnection object at 0x7f0671bfb460>, 'Connection to api.binance.com timed out. (connect timeout=15)'))
[2025-08-17T14:39:10.525+0000] {subprocess.py:93} INFO - ⚠️ ICPUSDT lỗi lần 3/3: HTTPSConnectionPool(host='api.binance.com', port=443): Max retries exceeded with url: /api/v3/klines?symbol=ICPUSDT&interval=1m&limit=100 (Caused by ConnectTimeoutError(<urllib3.connection.HTTPSConnection object at 0x7f0671beed40>, 'Connection to api.binance.com timed out. (connect timeout=15)'))
[2025-08-17T14:39:10.526+0000] {subprocess.py:93} INFO - ✅ ENSUSDT: thêm 24 dòng mới
[2025-08-17T14:39:10.526+0000] {subprocess.py:93} INFO - 84/100 ENSUSDT lưu OK
[2025-08-17T14:39:10.527+0000] {subprocess.py:93} INFO - 85/100 ERAUSDT bỏ qua (fail)
[2025-08-17T14:39:10.527+0000] {subprocess.py:93} INFO - 86/100 ICPUSDT bỏ qua (fail)
[2025-08-17T14:39:10.527+0000] {subprocess.py:93} INFO - ⚠️ LAUSDT lỗi lần 3/3: HTTPSConnectionPool(host='api.binance.com', port=443): Max retries exceeded with url: /api/v3/klines?symbol=LAUSDT&interval=1m&limit=100 (Caused by ConnectTimeoutError(<urllib3.connection.HTTPSConnection object at 0x7f0671befaf0>, 'Connection to api.binance.com timed out. (connect timeout=15)'))
[2025-08-17T14:39:10.528+0000] {subprocess.py:93} INFO - 87/100 LAUSDT bỏ qua (fail)
[2025-08-17T14:39:10.528+0000] {subprocess.py:93} INFO - 88/100 TREEUSDT lỗi: relation "cryptocurrency.treeusdt" does not exist
[2025-08-17T14:39:10.529+0000] {subprocess.py:93} INFO - LINE 1: SELECT MAX(time) FROM cryptocurrency.treeusdt;
[2025-08-17T14:39:10.529+0000] {subprocess.py:93} INFO -                               ^
[2025-08-17T14:39:10.530+0000] {subprocess.py:93} INFO - 
[2025-08-17T14:39:10.530+0000] {subprocess.py:93} INFO - ⚠️ MKRUSDT lỗi lần 1/3: HTTPSConnectionPool(host='api.binance.com', port=443): Max retries exceeded with url: /api/v3/klines?symbol=MKRUSDT&interval=1m&limit=100 (Caused by ConnectTimeoutError(<urllib3.connection.HTTPSConnection object at 0x7f0672ef8730>, 'Connection to api.binance.com timed out. (connect timeout=15)'))
[2025-08-17T14:39:10.531+0000] {subprocess.py:93} INFO - ⚠️ EURUSDT lỗi lần 1/3: HTTPSConnectionPool(host='api.binance.com', port=443): Max retries exceeded with url: /api/v3/klines?symbol=EURUSDT&interval=1m&limit=100 (Caused by ConnectTimeoutError(<urllib3.connection.HTTPSConnection object at 0x7f0672eb36d0>, 'Connection to api.binance.com timed out. (connect timeout=15)'))
[2025-08-17T14:39:10.531+0000] {subprocess.py:93} INFO - ⚠️ LRCUSDT lỗi lần 1/3: HTTPSConnectionPool(host='api.binance.com', port=443): Max retries exceeded with url: /api/v3/klines?symbol=LRCUSDT&interval=1m&limit=100 (Caused by ConnectTimeoutError(<urllib3.connection.HTTPSConnection object at 0x7f0671bfb730>, 'Connection to api.binance.com timed out. (connect timeout=15)'))
[2025-08-17T14:39:10.531+0000] {subprocess.py:93} INFO - ✅ SYRUPUSDT: thêm 36 dòng mới
[2025-08-17T14:39:10.532+0000] {subprocess.py:93} INFO - 89/100 SYRUPUSDT lưu OK
[2025-08-17T14:39:10.532+0000] {subprocess.py:93} INFO - ⚠️ ARKMUSDT lỗi lần 1/3: HTTPSConnectionPool(host='api.binance.com', port=443): Max retries exceeded with url: /api/v3/klines?symbol=ARKMUSDT&interval=1m&limit=100 (Caused by ConnectTimeoutError(<urllib3.connection.HTTPSConnection object at 0x7f0671bfacb0>, 'Connection to api.binance.com timed out. (connect timeout=15)'))
[2025-08-17T14:39:10.533+0000] {subprocess.py:93} INFO - ✅ ARKMUSDT: thêm 25 dòng mới
[2025-08-17T14:39:10.533+0000] {subprocess.py:93} INFO - 90/100 ARKMUSDT lưu OK
[2025-08-17T14:39:10.534+0000] {subprocess.py:93} INFO - ✅ CFXUSDT: thêm 37 dòng mới
[2025-08-17T14:39:10.534+0000] {subprocess.py:93} INFO - 91/100 CFXUSDT lưu OK
[2025-08-17T14:39:10.534+0000] {subprocess.py:93} INFO - ⚠️ MKRUSDT lỗi lần 2/3: HTTPSConnectionPool(host='api.binance.com', port=443): Max retries exceeded with url: /api/v3/klines?symbol=MKRUSDT&interval=1m&limit=100 (Caused by ConnectTimeoutError(<urllib3.connection.HTTPSConnection object at 0x7f0672ef3ca0>, 'Connection to api.binance.com timed out. (connect timeout=15)'))
[2025-08-17T14:39:10.535+0000] {subprocess.py:93} INFO - ✅ PNUTUSDT: thêm 36 dòng mới
[2025-08-17T14:39:10.535+0000] {subprocess.py:93} INFO - 92/100 PNUTUSDT lưu OK
[2025-08-17T14:39:10.536+0000] {subprocess.py:93} INFO - ⚠️ EURUSDT lỗi lần 2/3: HTTPSConnectionPool(host='api.binance.com', port=443): Max retries exceeded with url: /api/v3/klines?symbol=EURUSDT&interval=1m&limit=100 (Caused by ConnectTimeoutError(<urllib3.connection.HTTPSConnection object at 0x7f0672ef9960>, 'Connection to api.binance.com timed out. (connect timeout=15)'))
[2025-08-17T14:39:10.536+0000] {subprocess.py:93} INFO - ⚠️ LRCUSDT lỗi lần 2/3: HTTPSConnectionPool(host='api.binance.com', port=443): Max retries exceeded with url: /api/v3/klines?symbol=LRCUSDT&interval=1m&limit=100 (Caused by ConnectTimeoutError(<urllib3.connection.HTTPSConnection object at 0x7f0672eb3400>, 'Connection to api.binance.com timed out. (connect timeout=15)'))
[2025-08-17T14:39:10.536+0000] {subprocess.py:93} INFO - 93/100 ALGOUSDT lỗi: connection to server at "videv.cloud" (27.74.74.29), port 5432 failed: Connection timed out
[2025-08-17T14:39:10.537+0000] {subprocess.py:93} INFO - 	Is the server running on that host and accepting TCP/IP connections?
[2025-08-17T14:39:10.537+0000] {subprocess.py:93} INFO - 
[2025-08-17T14:39:10.538+0000] {subprocess.py:93} INFO - ⚠️ MKRUSDT lỗi lần 3/3: HTTPSConnectionPool(host='api.binance.com', port=443): Max retries exceeded with url: /api/v3/klines?symbol=MKRUSDT&interval=1m&limit=100 (Caused by ConnectTimeoutError(<urllib3.connection.HTTPSConnection object at 0x7f0671bef1c0>, 'Connection to api.binance.com timed out. (connect timeout=15)'))
[2025-08-17T14:39:10.538+0000] {subprocess.py:93} INFO - ⚠️ EURUSDT lỗi lần 3/3: HTTPSConnectionPool(host='api.binance.com', port=443): Max retries exceeded with url: /api/v3/klines?symbol=EURUSDT&interval=1m&limit=100 (Caused by ConnectTimeoutError(<urllib3.connection.HTTPSConnection object at 0x7f0672eb3f70>, 'Connection to api.binance.com timed out. (connect timeout=15)'))
[2025-08-17T14:39:10.539+0000] {subprocess.py:93} INFO - 94/100 MKRUSDT bỏ qua (fail)
[2025-08-17T14:39:10.539+0000] {subprocess.py:93} INFO - 95/100 EURUSDT bỏ qua (fail)
[2025-08-17T14:39:10.539+0000] {subprocess.py:93} INFO - ⚠️ LRCUSDT lỗi lần 3/3: HTTPSConnectionPool(host='api.binance.com', port=443): Max retries exceeded with url: /api/v3/klines?symbol=LRCUSDT&interval=1m&limit=100 (Caused by ConnectTimeoutError(<urllib3.connection.HTTPSConnection object at 0x7f0671bf8d90>, 'Connection to api.binance.com timed out. (connect timeout=15)'))
[2025-08-17T14:39:10.540+0000] {subprocess.py:93} INFO - 96/100 LRCUSDT bỏ qua (fail)
[2025-08-17T14:40:07.864+0000] {subprocess.py:93} INFO - 97/100 FETUSDT lỗi: connection to server at "videv.cloud" (27.74.74.29), port 5432 failed: Connection timed out
[2025-08-17T14:40:07.865+0000] {subprocess.py:93} INFO - 	Is the server running on that host and accepting TCP/IP connections?
[2025-08-17T14:40:07.865+0000] {subprocess.py:93} INFO - 
[2025-08-17T14:40:07.865+0000] {subprocess.py:93} INFO - 98/100 SHIBUSDT lỗi: connection to server at "videv.cloud" (27.74.74.29), port 5432 failed: Connection timed out
[2025-08-17T14:40:07.866+0000] {subprocess.py:93} INFO - 	Is the server running on that host and accepting TCP/IP connections?
[2025-08-17T14:40:07.866+0000] {subprocess.py:93} INFO - 
[2025-08-17T14:40:07.866+0000] {subprocess.py:93} INFO - 99/100 HOTUSDT lỗi: connection to server at "videv.cloud" (27.74.74.29), port 5432 failed: Connection timed out
[2025-08-17T14:40:07.867+0000] {subprocess.py:93} INFO - 	Is the server running on that host and accepting TCP/IP connections?
[2025-08-17T14:40:07.867+0000] {subprocess.py:93} INFO - 
[2025-08-17T14:40:07.868+0000] {subprocess.py:93} INFO - 100/100 VETUSDT lỗi: connection to server at "videv.cloud" (27.74.74.29), port 5432 failed: Connection timed out
[2025-08-17T14:40:07.868+0000] {subprocess.py:93} INFO - 	Is the server running on that host and accepting TCP/IP connections?
[2025-08-17T14:40:07.868+0000] {subprocess.py:93} INFO - 
[2025-08-17T14:40:07.962+0000] {subprocess.py:97} INFO - Command exited with return code 0
[2025-08-17T14:40:07.963+0000] {taskinstance.py:441} INFO - ::group::Post task execution logs
[2025-08-17T14:40:07.998+0000] {taskinstance.py:1206} INFO - Marking task as SUCCESS. dag_id=crypto_collector_dag, task_id=run_crypto_collector, run_id=scheduled__2025-08-17T14:22:00+00:00, execution_date=20250817T142200, start_date=20250817T142701, end_date=20250817T144007
[2025-08-17T14:40:08.029+0000] {local_task_job_runner.py:240} INFO - Task exited with return code 0
[2025-08-17T14:40:08.055+0000] {taskinstance.py:3498} INFO - 0 downstream tasks scheduled from follow-on schedule check
[2025-08-17T14:40:08.056+0000] {local_task_job_runner.py:222} INFO - ::endgroup::
