[2025-09-08T05:48:01.829+0000] {local_task_job_runner.py:120} INFO - ::group::Pre task execution logs
[2025-09-08T05:48:02.086+0000] {taskinstance.py:2076} INFO - Dependencies all met for dep_context=non-requeueable deps ti=<TaskInstance: liquidity.save_liquidity scheduled__2025-09-08T05:47:00+00:00 [queued]>
[2025-09-08T05:48:02.098+0000] {taskinstance.py:2076} INFO - Dependencies all met for dep_context=requeueable deps ti=<TaskInstance: liquidity.save_liquidity scheduled__2025-09-08T05:47:00+00:00 [queued]>
[2025-09-08T05:48:02.098+0000] {taskinstance.py:2306} INFO - Starting attempt 1 of 11
[2025-09-08T05:48:02.116+0000] {taskinstance.py:2330} INFO - Executing <Task(PythonOperator): save_liquidity> on 2025-09-08 05:47:00+00:00
[2025-09-08T05:48:02.126+0000] {standard_task_runner.py:63} INFO - Started process 324817 to run task
[2025-09-08T05:48:02.130+0000] {standard_task_runner.py:90} INFO - Running: ['***', 'tasks', 'run', 'liquidity', 'save_liquidity', 'scheduled__2025-09-08T05:47:00+00:00', '--job-id', '159126', '--raw', '--subdir', 'DAGS_FOLDER/dag_liquidity.py', '--cfg-path', '/tmp/tmplf6w4ehr']
[2025-09-08T05:48:02.133+0000] {standard_task_runner.py:91} INFO - Job 159126: Subtask save_liquidity
[2025-09-08T05:48:02.185+0000] {task_command.py:426} INFO - Running <TaskInstance: liquidity.save_liquidity scheduled__2025-09-08T05:47:00+00:00 [running]> on host 8d9cea3aac78
[2025-09-08T05:48:02.331+0000] {taskinstance.py:2648} INFO - Exporting env vars: AIRFLOW_CTX_DAG_OWNER='***' AIRFLOW_CTX_DAG_ID='liquidity' AIRFLOW_CTX_TASK_ID='save_liquidity' AIRFLOW_CTX_EXECUTION_DATE='2025-09-08T05:47:00+00:00' AIRFLOW_CTX_TRY_NUMBER='1' AIRFLOW_CTX_DAG_RUN_ID='scheduled__2025-09-08T05:47:00+00:00'
[2025-09-08T05:48:02.333+0000] {taskinstance.py:430} INFO - ::endgroup::
[2025-09-08T05:48:02.868+0000] {liquidity.py:93} INFO - Đã lưu liquidity_ALL
[2025-09-08T05:48:03.135+0000] {liquidity.py:93} INFO - Đã lưu liquidity_HOSE
[2025-09-08T05:48:03.360+0000] {liquidity.py:93} INFO - Đã lưu liquidity_HNX
[2025-09-08T05:48:03.605+0000] {liquidity.py:93} INFO - Đã lưu liquidity_UPCOM
[2025-09-08T05:48:03.605+0000] {python.py:237} INFO - Done. Returned value was: None
[2025-09-08T05:48:03.606+0000] {taskinstance.py:441} INFO - ::group::Post task execution logs
[2025-09-08T05:48:03.620+0000] {taskinstance.py:1206} INFO - Marking task as SUCCESS. dag_id=liquidity, task_id=save_liquidity, run_id=scheduled__2025-09-08T05:47:00+00:00, execution_date=20250908T054700, start_date=20250908T054802, end_date=20250908T054803
[2025-09-08T05:48:03.666+0000] {local_task_job_runner.py:240} INFO - Task exited with return code 0
[2025-09-08T05:48:03.684+0000] {taskinstance.py:3503} INFO - 0 downstream tasks scheduled from follow-on schedule check
[2025-09-08T05:48:03.685+0000] {local_task_job_runner.py:222} INFO - ::endgroup::
