[2025-09-08T06:57:01.993+0000] {local_task_job_runner.py:120} INFO - ::group::Pre task execution logs
[2025-09-08T06:57:02.020+0000] {taskinstance.py:2076} INFO - Dependencies all met for dep_context=non-requeueable deps ti=<TaskInstance: foreign_1_live.save_foreign_1 scheduled__2025-09-08T06:56:00+00:00 [queued]>
[2025-09-08T06:57:02.029+0000] {taskinstance.py:2076} INFO - Dependencies all met for dep_context=requeueable deps ti=<TaskInstance: foreign_1_live.save_foreign_1 scheduled__2025-09-08T06:56:00+00:00 [queued]>
[2025-09-08T06:57:02.029+0000] {taskinstance.py:2306} INFO - Starting attempt 1 of 11
[2025-09-08T06:57:02.041+0000] {taskinstance.py:2330} INFO - Executing <Task(PythonOperator): save_foreign_1> on 2025-09-08 06:56:00+00:00
[2025-09-08T06:57:02.048+0000] {standard_task_runner.py:63} INFO - Started process 333668 to run task
[2025-09-08T06:57:02.052+0000] {standard_task_runner.py:90} INFO - Running: ['***', 'tasks', 'run', 'foreign_1_live', 'save_foreign_1', 'scheduled__2025-09-08T06:56:00+00:00', '--job-id', '160111', '--raw', '--subdir', 'DAGS_FOLDER/dag_foreign_1_live.py', '--cfg-path', '/tmp/tmptr2g9q3e']
[2025-09-08T06:57:02.055+0000] {standard_task_runner.py:91} INFO - Job 160111: Subtask save_foreign_1
[2025-09-08T06:57:02.109+0000] {task_command.py:426} INFO - Running <TaskInstance: foreign_1_live.save_foreign_1 scheduled__2025-09-08T06:56:00+00:00 [running]> on host 8d9cea3aac78
[2025-09-08T06:57:02.261+0000] {taskinstance.py:2648} INFO - Exporting env vars: AIRFLOW_CTX_DAG_OWNER='***' AIRFLOW_CTX_DAG_ID='foreign_1_live' AIRFLOW_CTX_TASK_ID='save_foreign_1' AIRFLOW_CTX_EXECUTION_DATE='2025-09-08T06:56:00+00:00' AIRFLOW_CTX_TRY_NUMBER='1' AIRFLOW_CTX_DAG_RUN_ID='scheduled__2025-09-08T06:56:00+00:00'
[2025-09-08T06:57:02.262+0000] {taskinstance.py:430} INFO - ::endgroup::
[2025-09-08T06:57:02.276+0000] {foreign_1.py:18} INFO - Kết nối DB
[2025-09-08T06:57:02.977+0000] {foreign_1.py:28} INFO - Đã lưu foreign_ALL
[2025-09-08T06:57:02.978+0000] {foreign_1.py:18} INFO - Kết nối DB
[2025-09-08T06:57:03.673+0000] {foreign_1.py:28} INFO - Đã lưu foreign_HOSE
[2025-09-08T06:57:03.674+0000] {foreign_1.py:18} INFO - Kết nối DB
[2025-09-08T06:57:04.327+0000] {foreign_1.py:28} INFO - Đã lưu foreign_HNX
[2025-09-08T06:57:04.328+0000] {foreign_1.py:18} INFO - Kết nối DB
[2025-09-08T06:57:04.866+0000] {foreign_1.py:28} INFO - Đã lưu foreign_UPCOM
[2025-09-08T06:57:04.866+0000] {python.py:237} INFO - Done. Returned value was: None
[2025-09-08T06:57:04.867+0000] {taskinstance.py:441} INFO - ::group::Post task execution logs
[2025-09-08T06:57:04.883+0000] {taskinstance.py:1206} INFO - Marking task as SUCCESS. dag_id=foreign_1_live, task_id=save_foreign_1, run_id=scheduled__2025-09-08T06:56:00+00:00, execution_date=20250908T065600, start_date=20250908T065702, end_date=20250908T065704
[2025-09-08T06:57:04.952+0000] {local_task_job_runner.py:240} INFO - Task exited with return code 0
[2025-09-08T06:57:04.998+0000] {taskinstance.py:3503} INFO - 4 downstream tasks scheduled from follow-on schedule check
[2025-09-08T06:57:05.000+0000] {local_task_job_runner.py:222} INFO - ::endgroup::
