[2025-08-28T02:37:16.918+0000] {local_task_job_runner.py:120} INFO - ::group::Pre task execution logs
[2025-08-28T02:37:17.160+0000] {taskinstance.py:2076} INFO - Dependencies all met for dep_context=non-requeueable deps ti=<TaskInstance: saveeboardcq.save_cq scheduled__2025-08-27T17:00:00+00:00 [queued]>
[2025-08-28T02:37:17.169+0000] {taskinstance.py:2076} INFO - Dependencies all met for dep_context=requeueable deps ti=<TaskInstance: saveeboardcq.save_cq scheduled__2025-08-27T17:00:00+00:00 [queued]>
[2025-08-28T02:37:17.169+0000] {taskinstance.py:2306} INFO - Starting attempt 1 of 11
[2025-08-28T02:37:17.190+0000] {taskinstance.py:2330} INFO - Executing <Task(PythonOperator): save_cq> on 2025-08-27 17:00:00+00:00
[2025-08-28T02:37:17.199+0000] {standard_task_runner.py:63} INFO - Started process 1607886 to run task
[2025-08-28T02:37:17.203+0000] {standard_task_runner.py:90} INFO - Running: ['***', 'tasks', 'run', 'saveeboardcq', 'save_cq', 'scheduled__2025-08-27T17:00:00+00:00', '--job-id', '29587', '--raw', '--subdir', 'DAGS_FOLDER/dag_eboard_cq.py', '--cfg-path', '/tmp/tmpcz4b9hg4']
[2025-08-28T02:37:17.206+0000] {standard_task_runner.py:91} INFO - Job 29587: Subtask save_cq
[2025-08-28T02:37:17.262+0000] {task_command.py:426} INFO - Running <TaskInstance: saveeboardcq.save_cq scheduled__2025-08-27T17:00:00+00:00 [running]> on host 1877907bc043
[2025-08-28T02:37:17.355+0000] {taskinstance.py:2648} INFO - Exporting env vars: AIRFLOW_CTX_DAG_OWNER='***' AIRFLOW_CTX_DAG_ID='saveeboardcq' AIRFLOW_CTX_TASK_ID='save_cq' AIRFLOW_CTX_EXECUTION_DATE='2025-08-27T17:00:00+00:00' AIRFLOW_CTX_TRY_NUMBER='1' AIRFLOW_CTX_DAG_RUN_ID='scheduled__2025-08-27T17:00:00+00:00'
[2025-08-28T02:37:17.357+0000] {taskinstance.py:430} INFO - ::endgroup::
[2025-08-28T02:37:18.070+0000] {CQ.py:56} INFO - Đã cập nhật CQ
[2025-08-28T02:37:18.072+0000] {python.py:237} INFO - Done. Returned value was: None
[2025-08-28T02:37:18.074+0000] {taskinstance.py:441} INFO - ::group::Post task execution logs
[2025-08-28T02:37:18.088+0000] {taskinstance.py:1206} INFO - Marking task as SUCCESS. dag_id=saveeboardcq, task_id=save_cq, run_id=scheduled__2025-08-27T17:00:00+00:00, execution_date=20250827T170000, start_date=20250828T023717, end_date=20250828T023718
[2025-08-28T02:37:18.138+0000] {local_task_job_runner.py:240} INFO - Task exited with return code 0
[2025-08-28T02:37:18.164+0000] {taskinstance.py:3498} INFO - 0 downstream tasks scheduled from follow-on schedule check
[2025-08-28T02:37:18.165+0000] {local_task_job_runner.py:222} INFO - ::endgroup::
[2025-09-11T09:26:00.470+0000] {local_task_job_runner.py:120} INFO - ::group::Pre task execution logs
[2025-09-11T09:26:01.040+0000] {taskinstance.py:2066} INFO - Dependencies not met for <TaskInstance: saveeboardcq.save_cq scheduled__2025-08-27T17:00:00+00:00 [removed]>, dependency 'Task Instance State' FAILED: Task is in the 'removed' state.
[2025-09-11T09:26:01.041+0000] {local_task_job_runner.py:163} INFO - Task is not able to be run
