[2025-09-06T04:05:02.395+0000] {local_task_job_runner.py:120} INFO - ::group::Pre task execution logs
[2025-09-06T04:05:02.675+0000] {taskinstance.py:2076} INFO - Dependencies all met for dep_context=non-requeueable deps ti=<TaskInstance: liquidity.save_liquidity scheduled__2025-09-06T04:04:00+00:00 [queued]>
[2025-09-06T04:05:02.689+0000] {taskinstance.py:2076} INFO - Dependencies all met for dep_context=requeueable deps ti=<TaskInstance: liquidity.save_liquidity scheduled__2025-09-06T04:04:00+00:00 [queued]>
[2025-09-06T04:05:02.689+0000] {taskinstance.py:2306} INFO - Starting attempt 1 of 11
[2025-09-06T04:05:02.712+0000] {taskinstance.py:2330} INFO - Executing <Task(PythonOperator): save_liquidity> on 2025-09-06 04:04:00+00:00
[2025-09-06T04:05:02.734+0000] {standard_task_runner.py:63} INFO - Started process 117481 to run task
[2025-09-06T04:05:02.748+0000] {standard_task_runner.py:90} INFO - Running: ['***', 'tasks', 'run', 'liquidity', 'save_liquidity', 'scheduled__2025-09-06T04:04:00+00:00', '--job-id', '125502', '--raw', '--subdir', 'DAGS_FOLDER/dag_liquidity.py', '--cfg-path', '/tmp/tmpoo4pcike']
[2025-09-06T04:05:02.753+0000] {standard_task_runner.py:91} INFO - Job 125502: Subtask save_liquidity
[2025-09-06T04:05:02.846+0000] {task_command.py:426} INFO - Running <TaskInstance: liquidity.save_liquidity scheduled__2025-09-06T04:04:00+00:00 [running]> on host d4d2fe648a81
[2025-09-06T04:05:02.947+0000] {taskinstance.py:2648} INFO - Exporting env vars: AIRFLOW_CTX_DAG_OWNER='***' AIRFLOW_CTX_DAG_ID='liquidity' AIRFLOW_CTX_TASK_ID='save_liquidity' AIRFLOW_CTX_EXECUTION_DATE='2025-09-06T04:04:00+00:00' AIRFLOW_CTX_TRY_NUMBER='1' AIRFLOW_CTX_DAG_RUN_ID='scheduled__2025-09-06T04:04:00+00:00'
[2025-09-06T04:05:02.948+0000] {taskinstance.py:430} INFO - ::endgroup::
[2025-09-06T04:05:03.370+0000] {liquidity.py:95} ERROR - Lỗi lưu liquidity_ALL
Traceback (most recent call last):
  File "/opt/airflow/dags/utils/market_history/liquidity/liquidity.py", line 84, in save_liquidity
    data=liquidity(realsymbol)
  File "/opt/airflow/dags/utils/market_history/liquidity/liquidity.py", line 56, in liquidity
    data = response.json()[0]
IndexError: list index out of range
[2025-09-06T04:05:03.702+0000] {liquidity.py:95} ERROR - Lỗi lưu liquidity_HOSE
Traceback (most recent call last):
  File "/opt/airflow/dags/utils/market_history/liquidity/liquidity.py", line 84, in save_liquidity
    data=liquidity(realsymbol)
  File "/opt/airflow/dags/utils/market_history/liquidity/liquidity.py", line 56, in liquidity
    data = response.json()[0]
IndexError: list index out of range
[2025-09-06T04:05:03.880+0000] {liquidity.py:95} ERROR - Lỗi lưu liquidity_HNX
Traceback (most recent call last):
  File "/opt/airflow/dags/utils/market_history/liquidity/liquidity.py", line 84, in save_liquidity
    data=liquidity(realsymbol)
  File "/opt/airflow/dags/utils/market_history/liquidity/liquidity.py", line 56, in liquidity
    data = response.json()[0]
IndexError: list index out of range
[2025-09-06T04:05:04.055+0000] {liquidity.py:95} ERROR - Lỗi lưu liquidity_UPCOM
Traceback (most recent call last):
  File "/opt/airflow/dags/utils/market_history/liquidity/liquidity.py", line 84, in save_liquidity
    data=liquidity(realsymbol)
  File "/opt/airflow/dags/utils/market_history/liquidity/liquidity.py", line 56, in liquidity
    data = response.json()[0]
IndexError: list index out of range
[2025-09-06T04:05:04.057+0000] {python.py:237} INFO - Done. Returned value was: None
[2025-09-06T04:05:04.058+0000] {taskinstance.py:441} INFO - ::group::Post task execution logs
[2025-09-06T04:05:04.070+0000] {taskinstance.py:1206} INFO - Marking task as SUCCESS. dag_id=liquidity, task_id=save_liquidity, run_id=scheduled__2025-09-06T04:04:00+00:00, execution_date=20250906T040400, start_date=20250906T040502, end_date=20250906T040504
[2025-09-06T04:05:04.117+0000] {local_task_job_runner.py:240} INFO - Task exited with return code 0
[2025-09-06T04:05:04.145+0000] {taskinstance.py:3498} INFO - 0 downstream tasks scheduled from follow-on schedule check
[2025-09-06T04:05:04.146+0000] {local_task_job_runner.py:222} INFO - ::endgroup::
