[2025-08-21T04:10:01.439+0000] {local_task_job_runner.py:120} INFO - ::group::Pre task execution logs
[2025-08-21T04:10:01.468+0000] {taskinstance.py:2076} INFO - Dependencies all met for dep_context=non-requeueable deps ti=<TaskInstance: crypto_collector_dag.run_crypto_collector scheduled__2025-08-21T04:09:00+00:00 [queued]>
[2025-08-21T04:10:01.478+0000] {taskinstance.py:2076} INFO - Dependencies all met for dep_context=requeueable deps ti=<TaskInstance: crypto_collector_dag.run_crypto_collector scheduled__2025-08-21T04:09:00+00:00 [queued]>
[2025-08-21T04:10:01.478+0000] {taskinstance.py:2306} INFO - Starting attempt 1 of 2
[2025-08-21T04:10:01.492+0000] {taskinstance.py:2330} INFO - Executing <Task(BashOperator): run_crypto_collector> on 2025-08-21 04:09:00+00:00
[2025-08-21T04:10:01.498+0000] {standard_task_runner.py:63} INFO - Started process 563082 to run task
[2025-08-21T04:10:01.502+0000] {standard_task_runner.py:90} INFO - Running: ['***', 'tasks', 'run', 'crypto_collector_dag', 'run_crypto_collector', 'scheduled__2025-08-21T04:09:00+00:00', '--job-id', '15151', '--raw', '--subdir', 'DAGS_FOLDER/crawl_crypto/dags_crypto.py', '--cfg-path', '/tmp/tmpn7mwkbpn']
[2025-08-21T04:10:01.504+0000] {standard_task_runner.py:91} INFO - Job 15151: Subtask run_crypto_collector
[2025-08-21T04:10:01.560+0000] {task_command.py:426} INFO - Running <TaskInstance: crypto_collector_dag.run_crypto_collector scheduled__2025-08-21T04:09:00+00:00 [running]> on host 1877907bc043
[2025-08-21T04:10:01.670+0000] {taskinstance.py:2648} INFO - Exporting env vars: AIRFLOW_CTX_DAG_OWNER='***' AIRFLOW_CTX_DAG_ID='crypto_collector_dag' AIRFLOW_CTX_TASK_ID='run_crypto_collector' AIRFLOW_CTX_EXECUTION_DATE='2025-08-21T04:09:00+00:00' AIRFLOW_CTX_TRY_NUMBER='1' AIRFLOW_CTX_DAG_RUN_ID='scheduled__2025-08-21T04:09:00+00:00'
[2025-08-21T04:10:01.671+0000] {taskinstance.py:430} INFO - ::endgroup::
[2025-08-21T04:10:01.686+0000] {subprocess.py:63} INFO - Tmp dir root location: /tmp
[2025-08-21T04:10:01.687+0000] {subprocess.py:75} INFO - Running command: ['/usr/bin/bash', '-c', 'python3 /opt/***/dags/crawl_crypto/crawl_data_crypto.py']
[2025-08-21T04:10:01.700+0000] {subprocess.py:86} INFO - Output:
[2025-08-21T04:10:10.216+0000] {subprocess.py:93} INFO - 🔹 Kết nối DB...
[2025-08-21T04:10:10.217+0000] {subprocess.py:93} INFO - 🔹 Lấy top 100 crypto...
[2025-08-21T04:10:10.217+0000] {subprocess.py:93} INFO - Top 100: ['ETHUSDT', 'USDCUSDT', 'BTCUSDT', 'SOLUSDT', 'XRPUSDT', 'FDUSDUSDT', 'DOGEUSDT', 'LINKUSDT', 'BNBUSDT', 'ADAUSDT', 'TRXUSDT', 'SUIUSDT', 'ENAUSDT', 'BIOUSDT', 'PEPEUSDT', 'AEURUSDT', 'PENGUUSDT', 'MEMEUSDT', 'ARBUSDT', 'CFXUSDT', 'AVAXUSDT', 'UNIUSDT', 'LTCUSDT', 'API3USDT', 'AAVEUSDT', 'SUSDT', 'HBARUSDT', 'SEIUSDT', 'WLDUSDT', 'LDOUSDT', 'CRVUSDT', 'OGNUSDT', 'BONKUSDT', 'WIFUSDT', 'TRUMPUSDT', 'XLMUSDT', 'NEOUSDT', 'VIRTUALUSDT', 'NEARUSDT', 'DOTUSDT', 'PENDLEUSDT', 'FLOKIUSDT', 'PROVEUSDT', 'APTUSDT', 'XUSDUSDT', 'TAOUSDT', 'USD1USDT', 'PLUMEUSDT', 'POLUSDT', 'BFUSDUSDT', 'ONDOUSDT', 'BANDUSDT', 'CAKEUSDT', 'TONUSDT', 'OPUSDT', 'EURUSDT', 'ETHFIUSDT', 'HYPERUSDT', 'BCHUSDT', 'KERNELUSDT', 'PNUTUSDT', 'SHIBUSDT', 'QTUMUSDT', 'INJUSDT', 'SPKUSDT', 'RAYUSDT', 'UMAUSDT', 'TIAUSDT', 'KAITOUSDT', 'FILUSDT', 'ASRUSDT', 'EPICUSDT', 'ALGOUSDT', 'EIGENUSDT', 'FETUSDT', 'NEIROUSDT', 'SYRUPUSDT', 'ICPUSDT', 'ALPINEUSDT', 'BANANAS31USDT', 'BBUSDT', 'RENDERUSDT', 'PHAUSDT', 'ETCUSDT', 'MAVUSDT', 'RUNEUSDT', 'BERAUSDT', 'A2ZUSDT', 'SCRUSDT', 'GALAUSDT', 'IOUSDT', 'VETUSDT', 'TOWNSUSDT', 'OGUSDT', 'STGUSDT', 'MKRUSDT', 'ZROUSDT', 'RADUSDT', 'SKLUSDT', 'MAGICUSDT']
[2025-08-21T04:10:10.218+0000] {subprocess.py:93} INFO - 🔹 Lưu lịch sử giá vào DB bằng threading...
[2025-08-21T04:10:10.218+0000] {subprocess.py:93} INFO - ✅ ADAUSDT: thêm 1 dòng mới
[2025-08-21T04:10:10.218+0000] {subprocess.py:93} INFO - 1/100 ADAUSDT lưu OK
[2025-08-21T04:10:10.219+0000] {subprocess.py:93} INFO - ✅ ETHUSDT: thêm 1 dòng mới
[2025-08-21T04:10:10.219+0000] {subprocess.py:93} INFO - 2/100 ETHUSDT lưu OK
[2025-08-21T04:10:10.219+0000] {subprocess.py:93} INFO - ✅ LINKUSDT: thêm 1 dòng mới
[2025-08-21T04:10:10.219+0000] {subprocess.py:93} INFO - ✅ FDUSDUSDT: thêm 1 dòng mới
[2025-08-21T04:10:10.220+0000] {subprocess.py:93} INFO - ✅ XRPUSDT: thêm 1 dòng mới
[2025-08-21T04:10:10.220+0000] {subprocess.py:93} INFO - 3/100 LINKUSDT lưu OK
[2025-08-21T04:10:10.220+0000] {subprocess.py:93} INFO - ✅ BTCUSDT: thêm 1 dòng mới
[2025-08-21T04:10:10.220+0000] {subprocess.py:93} INFO - 4/100 FDUSDUSDT lưu OK
[2025-08-21T04:10:10.221+0000] {subprocess.py:93} INFO - 5/100 XRPUSDT lưu OK
[2025-08-21T04:10:10.221+0000] {subprocess.py:93} INFO - ✅ DOGEUSDT: thêm 1 dòng mới
[2025-08-21T04:10:10.221+0000] {subprocess.py:93} INFO - ✅ USDCUSDT: thêm 1 dòng mới
[2025-08-21T04:10:10.221+0000] {subprocess.py:93} INFO - ✅ BNBUSDT: thêm 1 dòng mới
[2025-08-21T04:10:10.222+0000] {subprocess.py:93} INFO - 6/100 USDCUSDT lưu OK
[2025-08-21T04:10:10.222+0000] {subprocess.py:93} INFO - 7/100 BTCUSDT lưu OK
[2025-08-21T04:10:10.222+0000] {subprocess.py:93} INFO - 8/100 BNBUSDT lưu OK
[2025-08-21T04:10:10.222+0000] {subprocess.py:93} INFO - 9/100 DOGEUSDT lưu OK
[2025-08-21T04:10:10.223+0000] {subprocess.py:93} INFO - ✅ SOLUSDT: thêm 1 dòng mới
[2025-08-21T04:10:10.223+0000] {subprocess.py:93} INFO - ✅ TRXUSDT: thêm 1 dòng mới
[2025-08-21T04:10:10.223+0000] {subprocess.py:93} INFO - 10/100 SOLUSDT lưu OK
[2025-08-21T04:10:10.223+0000] {subprocess.py:93} INFO - 11/100 TRXUSDT lưu OK
[2025-08-21T04:10:10.224+0000] {subprocess.py:93} INFO - ✅ SUIUSDT: thêm 1 dòng mới
[2025-08-21T04:10:10.224+0000] {subprocess.py:93} INFO - 12/100 SUIUSDT lưu OK
[2025-08-21T04:10:10.224+0000] {subprocess.py:93} INFO - ✅ PENGUUSDT: thêm 1 dòng mới
[2025-08-21T04:10:10.224+0000] {subprocess.py:93} INFO - 13/100 PENGUUSDT lưu OK
[2025-08-21T04:10:10.225+0000] {subprocess.py:93} INFO - 14/100 AEURUSDT lỗi: relation "cryptocurrency.aeurusdt" does not exist
[2025-08-21T04:10:10.225+0000] {subprocess.py:93} INFO - LINE 1: SELECT MAX(time) FROM cryptocurrency.aeurusdt;
[2025-08-21T04:10:10.225+0000] {subprocess.py:93} INFO -                               ^
[2025-08-21T04:10:10.225+0000] {subprocess.py:93} INFO - 
[2025-08-21T04:10:10.226+0000] {subprocess.py:93} INFO - ✅ ARBUSDT: thêm 1 dòng mới
[2025-08-21T04:10:10.226+0000] {subprocess.py:93} INFO - 15/100 ARBUSDT lưu OK
[2025-08-21T04:10:10.226+0000] {subprocess.py:93} INFO - ✅ ENAUSDT: thêm 1 dòng mới
[2025-08-21T04:10:10.226+0000] {subprocess.py:93} INFO - 16/100 ENAUSDT lưu OK
[2025-08-21T04:10:10.227+0000] {subprocess.py:93} INFO - ✅ PEPEUSDT: thêm 1 dòng mới
[2025-08-21T04:10:10.227+0000] {subprocess.py:93} INFO - 17/100 BIOUSDT lỗi: relation "cryptocurrency.biousdt" does not exist
[2025-08-21T04:10:10.227+0000] {subprocess.py:93} INFO - LINE 1: SELECT MAX(time) FROM cryptocurrency.biousdt;
[2025-08-21T04:10:10.227+0000] {subprocess.py:93} INFO -                               ^
[2025-08-21T04:10:10.227+0000] {subprocess.py:93} INFO - 
[2025-08-21T04:10:10.228+0000] {subprocess.py:93} INFO - 18/100 PEPEUSDT lưu OK
[2025-08-21T04:10:10.228+0000] {subprocess.py:93} INFO - 19/100 MEMEUSDT lỗi: relation "cryptocurrency.memeusdt" does not exist
[2025-08-21T04:10:10.228+0000] {subprocess.py:93} INFO - LINE 1: SELECT MAX(time) FROM cryptocurrency.memeusdt;
[2025-08-21T04:10:10.228+0000] {subprocess.py:93} INFO -                               ^
[2025-08-21T04:10:10.229+0000] {subprocess.py:93} INFO - 
[2025-08-21T04:10:10.229+0000] {subprocess.py:93} INFO - ✅ CFXUSDT: thêm 1 dòng mới
[2025-08-21T04:10:10.229+0000] {subprocess.py:93} INFO - 20/100 CFXUSDT lưu OK
[2025-08-21T04:10:10.229+0000] {subprocess.py:93} INFO - ✅ LTCUSDT: thêm 1 dòng mới
[2025-08-21T04:10:10.230+0000] {subprocess.py:93} INFO - 21/100 LTCUSDT lưu OK
[2025-08-21T04:10:10.230+0000] {subprocess.py:93} INFO - ✅ AAVEUSDT: thêm 1 dòng mới
[2025-08-21T04:10:10.230+0000] {subprocess.py:93} INFO - 22/100 AAVEUSDT lưu OK
[2025-08-21T04:10:10.230+0000] {subprocess.py:93} INFO - ✅ API3USDT: thêm 1 dòng mới
[2025-08-21T04:10:10.231+0000] {subprocess.py:93} INFO - 23/100 API3USDT lưu OK
[2025-08-21T04:10:10.231+0000] {subprocess.py:93} INFO - ✅ AVAXUSDT: thêm 1 dòng mới
[2025-08-21T04:10:10.231+0000] {subprocess.py:93} INFO - 24/100 AVAXUSDT lưu OK
[2025-08-21T04:10:10.231+0000] {subprocess.py:93} INFO - ✅ SEIUSDT: thêm 1 dòng mới
[2025-08-21T04:10:10.231+0000] {subprocess.py:93} INFO - ✅ HBARUSDT: thêm 1 dòng mới
[2025-08-21T04:10:10.232+0000] {subprocess.py:93} INFO - 25/100 SEIUSDT lưu OK
[2025-08-21T04:10:10.232+0000] {subprocess.py:93} INFO - 26/100 HBARUSDT lưu OK
[2025-08-21T04:10:10.232+0000] {subprocess.py:93} INFO - ✅ SUSDT: thêm 1 dòng mới
[2025-08-21T04:10:10.232+0000] {subprocess.py:93} INFO - 27/100 SUSDT lưu OK
[2025-08-21T04:10:10.233+0000] {subprocess.py:93} INFO - ✅ WLDUSDT: thêm 1 dòng mới
[2025-08-21T04:10:10.233+0000] {subprocess.py:93} INFO - 28/100 WLDUSDT lưu OK
[2025-08-21T04:10:10.233+0000] {subprocess.py:93} INFO - ✅ CRVUSDT: thêm 1 dòng mới
[2025-08-21T04:10:10.233+0000] {subprocess.py:93} INFO - 29/100 CRVUSDT lưu OK
[2025-08-21T04:10:10.233+0000] {subprocess.py:93} INFO - ✅ UNIUSDT: thêm 1 dòng mới
[2025-08-21T04:10:10.234+0000] {subprocess.py:93} INFO - 30/100 UNIUSDT lưu OK
[2025-08-21T04:10:10.234+0000] {subprocess.py:93} INFO - ✅ OGNUSDT: thêm 1 dòng mới
[2025-08-21T04:10:10.234+0000] {subprocess.py:93} INFO - 31/100 OGNUSDT lưu OK
[2025-08-21T04:10:10.235+0000] {subprocess.py:93} INFO - ✅ LDOUSDT: thêm 1 dòng mới
[2025-08-21T04:10:10.235+0000] {subprocess.py:93} INFO - 32/100 LDOUSDT lưu OK
[2025-08-21T04:10:10.235+0000] {subprocess.py:93} INFO - ✅ BONKUSDT: thêm 1 dòng mới
[2025-08-21T04:10:10.235+0000] {subprocess.py:93} INFO - 33/100 BONKUSDT lưu OK
[2025-08-21T04:10:10.236+0000] {subprocess.py:93} INFO - 34/100 NEOUSDT lỗi: relation "cryptocurrency.neousdt" does not exist
[2025-08-21T04:10:10.236+0000] {subprocess.py:93} INFO - LINE 1: SELECT MAX(time) FROM cryptocurrency.neousdt;
[2025-08-21T04:10:10.236+0000] {subprocess.py:93} INFO -                               ^
[2025-08-21T04:10:10.236+0000] {subprocess.py:93} INFO - 
[2025-08-21T04:10:10.237+0000] {subprocess.py:93} INFO - ✅ XLMUSDT: thêm 1 dòng mới
[2025-08-21T04:10:10.237+0000] {subprocess.py:93} INFO - 35/100 XLMUSDT lưu OK
[2025-08-21T04:10:10.237+0000] {subprocess.py:93} INFO - ✅ TRUMPUSDT: thêm 1 dòng mới
[2025-08-21T04:10:10.237+0000] {subprocess.py:93} INFO - 36/100 TRUMPUSDT lưu OK
[2025-08-21T04:10:10.237+0000] {subprocess.py:93} INFO - ✅ NEARUSDT: thêm 1 dòng mới
[2025-08-21T04:10:10.238+0000] {subprocess.py:93} INFO - 37/100 NEARUSDT lưu OK
[2025-08-21T04:10:10.238+0000] {subprocess.py:93} INFO - ✅ DOTUSDT: thêm 1 dòng mới
[2025-08-21T04:10:10.238+0000] {subprocess.py:93} INFO - 38/100 DOTUSDT lưu OK
[2025-08-21T04:10:10.238+0000] {subprocess.py:93} INFO - ✅ VIRTUALUSDT: thêm 1 dòng mới
[2025-08-21T04:10:10.239+0000] {subprocess.py:93} INFO - 39/100 VIRTUALUSDT lưu OK
[2025-08-21T04:10:10.239+0000] {subprocess.py:93} INFO - ✅ FLOKIUSDT: thêm 1 dòng mới
[2025-08-21T04:10:10.239+0000] {subprocess.py:93} INFO - ✅ PENDLEUSDT: thêm 1 dòng mới
[2025-08-21T04:10:10.239+0000] {subprocess.py:93} INFO - 40/100 FLOKIUSDT lưu OK
[2025-08-21T04:10:10.240+0000] {subprocess.py:93} INFO - 41/100 PENDLEUSDT lưu OK
[2025-08-21T04:10:10.240+0000] {subprocess.py:93} INFO - ✅ TAOUSDT: thêm 1 dòng mới
[2025-08-21T04:10:10.240+0000] {subprocess.py:93} INFO - 42/100 TAOUSDT lưu OK
[2025-08-21T04:10:10.240+0000] {subprocess.py:93} INFO - ✅ XUSDUSDT: thêm 1 dòng mới
[2025-08-21T04:10:10.240+0000] {subprocess.py:93} INFO - 43/100 XUSDUSDT lưu OK
[2025-08-21T04:10:10.241+0000] {subprocess.py:93} INFO - ✅ APTUSDT: thêm 1 dòng mới
[2025-08-21T04:10:10.241+0000] {subprocess.py:93} INFO - 44/100 APTUSDT lưu OK
[2025-08-21T04:10:10.241+0000] {subprocess.py:93} INFO - 45/100 USD1USDT lỗi: relation "cryptocurrency.usd1usdt" does not exist
[2025-08-21T04:10:10.241+0000] {subprocess.py:93} INFO - LINE 1: SELECT MAX(time) FROM cryptocurrency.usd1usdt;
[2025-08-21T04:10:10.242+0000] {subprocess.py:93} INFO -                               ^
[2025-08-21T04:10:10.242+0000] {subprocess.py:93} INFO - 
[2025-08-21T04:10:10.242+0000] {subprocess.py:93} INFO - ✅ WIFUSDT: thêm 1 dòng mới
[2025-08-21T04:10:10.242+0000] {subprocess.py:93} INFO - 46/100 WIFUSDT lưu OK
[2025-08-21T04:10:10.243+0000] {subprocess.py:93} INFO - ✅ POLUSDT: thêm 1 dòng mới
[2025-08-21T04:10:10.243+0000] {subprocess.py:93} INFO - 47/100 POLUSDT lưu OK
[2025-08-21T04:10:10.243+0000] {subprocess.py:93} INFO - 48/100 PLUMEUSDT lỗi: relation "cryptocurrency.plumeusdt" does not exist
[2025-08-21T04:10:10.243+0000] {subprocess.py:93} INFO - LINE 1: SELECT MAX(time) FROM cryptocurrency.plumeusdt;
[2025-08-21T04:10:10.244+0000] {subprocess.py:93} INFO -                               ^
[2025-08-21T04:10:10.244+0000] {subprocess.py:93} INFO - 
[2025-08-21T04:10:10.244+0000] {subprocess.py:93} INFO - ✅ ONDOUSDT: thêm 1 dòng mới
[2025-08-21T04:10:10.244+0000] {subprocess.py:93} INFO - 49/100 ONDOUSDT lưu OK
[2025-08-21T04:10:10.244+0000] {subprocess.py:93} INFO - ✅ BFUSDUSDT: thêm 1 dòng mới
[2025-08-21T04:10:10.245+0000] {subprocess.py:93} INFO - 50/100 BFUSDUSDT lưu OK
[2025-08-21T04:10:10.245+0000] {subprocess.py:93} INFO - 51/100 BANDUSDT lỗi: relation "cryptocurrency.bandusdt" does not exist
[2025-08-21T04:10:10.245+0000] {subprocess.py:93} INFO - LINE 1: SELECT MAX(time) FROM cryptocurrency.bandusdt;
[2025-08-21T04:10:10.245+0000] {subprocess.py:93} INFO -                               ^
[2025-08-21T04:10:10.246+0000] {subprocess.py:93} INFO - 
[2025-08-21T04:10:10.246+0000] {subprocess.py:93} INFO - ✅ PROVEUSDT: thêm 1 dòng mới
[2025-08-21T04:10:10.246+0000] {subprocess.py:93} INFO - 52/100 PROVEUSDT lưu OK
[2025-08-21T04:10:10.246+0000] {subprocess.py:93} INFO - ✅ TONUSDT: thêm 1 dòng mới
[2025-08-21T04:10:10.246+0000] {subprocess.py:93} INFO - 53/100 TONUSDT lưu OK
[2025-08-21T04:10:10.247+0000] {subprocess.py:93} INFO - ✅ CAKEUSDT: thêm 1 dòng mới
[2025-08-21T04:10:10.247+0000] {subprocess.py:93} INFO - 54/100 CAKEUSDT lưu OK
[2025-08-21T04:10:10.247+0000] {subprocess.py:93} INFO - 55/100 HYPERUSDT lỗi: relation "cryptocurrency.hyperusdt" does not exist
[2025-08-21T04:10:10.247+0000] {subprocess.py:93} INFO - LINE 1: SELECT MAX(time) FROM cryptocurrency.hyperusdt;
[2025-08-21T04:10:10.248+0000] {subprocess.py:93} INFO -                               ^
[2025-08-21T04:10:10.248+0000] {subprocess.py:93} INFO - 
[2025-08-21T04:10:10.248+0000] {subprocess.py:93} INFO - ✅ ETHFIUSDT: thêm 1 dòng mới
[2025-08-21T04:10:10.248+0000] {subprocess.py:93} INFO - 56/100 KERNELUSDT lỗi: relation "cryptocurrency.kernelusdt" does not exist
[2025-08-21T04:10:10.248+0000] {subprocess.py:93} INFO - LINE 1: SELECT MAX(time) FROM cryptocurrency.kernelusdt;
[2025-08-21T04:10:10.249+0000] {subprocess.py:93} INFO -                               ^
[2025-08-21T04:10:10.249+0000] {subprocess.py:93} INFO - 
[2025-08-21T04:10:10.249+0000] {subprocess.py:93} INFO - ✅ BCHUSDT: thêm 1 dòng mới
[2025-08-21T04:10:10.249+0000] {subprocess.py:93} INFO - 57/100 ETHFIUSDT lưu OK
[2025-08-21T04:10:10.250+0000] {subprocess.py:93} INFO - 58/100 BCHUSDT lưu OK
[2025-08-21T04:10:10.250+0000] {subprocess.py:93} INFO - ✅ SHIBUSDT: thêm 1 dòng mới
[2025-08-21T04:10:10.250+0000] {subprocess.py:93} INFO - 59/100 SHIBUSDT lưu OK
[2025-08-21T04:10:10.250+0000] {subprocess.py:93} INFO - 60/100 QTUMUSDT lỗi: relation "cryptocurrency.qtumusdt" does not exist
[2025-08-21T04:10:10.250+0000] {subprocess.py:93} INFO - LINE 1: SELECT MAX(time) FROM cryptocurrency.qtumusdt;
[2025-08-21T04:10:10.251+0000] {subprocess.py:93} INFO -                               ^
[2025-08-21T04:10:10.251+0000] {subprocess.py:93} INFO - 
[2025-08-21T04:10:10.251+0000] {subprocess.py:93} INFO - ✅ EURUSDT: thêm 1 dòng mới
[2025-08-21T04:10:10.251+0000] {subprocess.py:93} INFO - 61/100 EURUSDT lưu OK
[2025-08-21T04:10:10.252+0000] {subprocess.py:93} INFO - ✅ INJUSDT: thêm 1 dòng mới
[2025-08-21T04:10:10.252+0000] {subprocess.py:93} INFO - 62/100 INJUSDT lưu OK
[2025-08-21T04:10:10.252+0000] {subprocess.py:93} INFO - ✅ OPUSDT: thêm 1 dòng mới
[2025-08-21T04:10:10.252+0000] {subprocess.py:93} INFO - 63/100 OPUSDT lưu OK
[2025-08-21T04:10:10.252+0000] {subprocess.py:93} INFO - ✅ PNUTUSDT: thêm 1 dòng mới
[2025-08-21T04:10:10.253+0000] {subprocess.py:93} INFO - 64/100 PNUTUSDT lưu OK
[2025-08-21T04:10:10.253+0000] {subprocess.py:93} INFO - 65/100 UMAUSDT lỗi: relation "cryptocurrency.umausdt" does not exist
[2025-08-21T04:10:10.253+0000] {subprocess.py:93} INFO - LINE 1: SELECT MAX(time) FROM cryptocurrency.umausdt;
[2025-08-21T04:10:10.253+0000] {subprocess.py:93} INFO -                               ^
[2025-08-21T04:10:10.254+0000] {subprocess.py:93} INFO - 
[2025-08-21T04:10:10.254+0000] {subprocess.py:93} INFO - ✅ SPKUSDT: thêm 1 dòng mới
[2025-08-21T04:10:10.254+0000] {subprocess.py:93} INFO - 66/100 SPKUSDT lưu OK
[2025-08-21T04:10:10.254+0000] {subprocess.py:93} INFO - ✅ RAYUSDT: thêm 1 dòng mới
[2025-08-21T04:10:10.254+0000] {subprocess.py:93} INFO - 67/100 RAYUSDT lưu OK
[2025-08-21T04:10:10.255+0000] {subprocess.py:93} INFO - 68/100 KAITOUSDT lỗi: relation "cryptocurrency.kaitousdt" does not exist
[2025-08-21T04:10:10.255+0000] {subprocess.py:93} INFO - LINE 1: SELECT MAX(time) FROM cryptocurrency.kaitousdt;
[2025-08-21T04:10:10.255+0000] {subprocess.py:93} INFO -                               ^
[2025-08-21T04:10:10.255+0000] {subprocess.py:93} INFO - 
[2025-08-21T04:10:10.256+0000] {subprocess.py:93} INFO - ✅ TIAUSDT: thêm 1 dòng mới
[2025-08-21T04:10:10.256+0000] {subprocess.py:93} INFO - 69/100 TIAUSDT lưu OK
[2025-08-21T04:10:10.256+0000] {subprocess.py:93} INFO - ✅ ASRUSDT: thêm 1 dòng mới
[2025-08-21T04:10:10.256+0000] {subprocess.py:93} INFO - ✅ EPICUSDT: thêm 1 dòng mới
[2025-08-21T04:10:10.257+0000] {subprocess.py:93} INFO - 70/100 ASRUSDT lưu OK
[2025-08-21T04:10:10.257+0000] {subprocess.py:93} INFO - 71/100 EPICUSDT lưu OK
[2025-08-21T04:10:10.257+0000] {subprocess.py:93} INFO - ✅ FILUSDT: thêm 1 dòng mới
[2025-08-21T04:10:10.257+0000] {subprocess.py:93} INFO - 72/100 FILUSDT lưu OK
[2025-08-21T04:10:10.257+0000] {subprocess.py:93} INFO - ✅ ALGOUSDT: thêm 1 dòng mới
[2025-08-21T04:10:10.258+0000] {subprocess.py:93} INFO - 73/100 ALGOUSDT lưu OK
[2025-08-21T04:10:10.258+0000] {subprocess.py:93} INFO - ✅ EIGENUSDT: thêm 1 dòng mới
[2025-08-21T04:10:10.258+0000] {subprocess.py:93} INFO - 74/100 EIGENUSDT lưu OK
[2025-08-21T04:10:10.258+0000] {subprocess.py:93} INFO - ✅ NEIROUSDT: thêm 1 dòng mới
[2025-08-21T04:10:10.259+0000] {subprocess.py:93} INFO - 75/100 NEIROUSDT lưu OK
[2025-08-21T04:10:10.259+0000] {subprocess.py:93} INFO - ✅ SYRUPUSDT: thêm 1 dòng mới
[2025-08-21T04:10:10.259+0000] {subprocess.py:93} INFO - 76/100 SYRUPUSDT lưu OK
[2025-08-21T04:10:10.259+0000] {subprocess.py:93} INFO - ✅ FETUSDT: thêm 1 dòng mới
[2025-08-21T04:10:10.260+0000] {subprocess.py:93} INFO - 77/100 FETUSDT lưu OK
[2025-08-21T04:10:10.260+0000] {subprocess.py:93} INFO - ✅ ICPUSDT: thêm 1 dòng mới
[2025-08-21T04:10:10.260+0000] {subprocess.py:93} INFO - 78/100 ICPUSDT lưu OK
[2025-08-21T04:10:10.260+0000] {subprocess.py:93} INFO - 79/100 BBUSDT lỗi: relation "cryptocurrency.bbusdt" does not exist
[2025-08-21T04:10:10.260+0000] {subprocess.py:93} INFO - LINE 1: SELECT MAX(time) FROM cryptocurrency.bbusdt;
[2025-08-21T04:10:10.261+0000] {subprocess.py:93} INFO -                               ^
[2025-08-21T04:10:10.261+0000] {subprocess.py:93} INFO - 
[2025-08-21T04:10:10.261+0000] {subprocess.py:93} INFO - ✅ ALPINEUSDT: thêm 1 dòng mới
[2025-08-21T04:10:10.261+0000] {subprocess.py:93} INFO - 80/100 ALPINEUSDT lưu OK
[2025-08-21T04:10:10.262+0000] {subprocess.py:93} INFO - 81/100 PHAUSDT lỗi: relation "cryptocurrency.phausdt" does not exist
[2025-08-21T04:10:10.262+0000] {subprocess.py:93} INFO - LINE 1: SELECT MAX(time) FROM cryptocurrency.phausdt;
[2025-08-21T04:10:10.262+0000] {subprocess.py:93} INFO -                               ^
[2025-08-21T04:10:10.262+0000] {subprocess.py:93} INFO - 
[2025-08-21T04:10:10.262+0000] {subprocess.py:93} INFO - ✅ RENDERUSDT: thêm 1 dòng mới
[2025-08-21T04:10:10.263+0000] {subprocess.py:93} INFO - 82/100 RENDERUSDT lưu OK
[2025-08-21T04:10:10.263+0000] {subprocess.py:93} INFO - 83/100 RUNEUSDT lỗi: relation "cryptocurrency.runeusdt" does not exist
[2025-08-21T04:10:10.263+0000] {subprocess.py:93} INFO - LINE 1: SELECT MAX(time) FROM cryptocurrency.runeusdt;
[2025-08-21T04:10:10.263+0000] {subprocess.py:93} INFO -                               ^
[2025-08-21T04:10:10.263+0000] {subprocess.py:93} INFO - 
[2025-08-21T04:10:10.264+0000] {subprocess.py:93} INFO - ✅ ETCUSDT: thêm 1 dòng mới
[2025-08-21T04:10:10.264+0000] {subprocess.py:93} INFO - 84/100 SCRUSDT lỗi: relation "cryptocurrency.scrusdt" does not exist
[2025-08-21T04:10:10.264+0000] {subprocess.py:93} INFO - LINE 1: SELECT MAX(time) FROM cryptocurrency.scrusdt;
[2025-08-21T04:10:10.264+0000] {subprocess.py:93} INFO -                               ^
[2025-08-21T04:10:10.265+0000] {subprocess.py:93} INFO - 
[2025-08-21T04:10:10.265+0000] {subprocess.py:93} INFO - 85/100 ETCUSDT lưu OK
[2025-08-21T04:10:10.265+0000] {subprocess.py:93} INFO - ✅ BERAUSDT: thêm 1 dòng mới
[2025-08-21T04:10:10.265+0000] {subprocess.py:93} INFO - 86/100 BANANAS31USDT lỗi: relation "cryptocurrency.bananas31usdt" does not exist
[2025-08-21T04:10:10.265+0000] {subprocess.py:93} INFO - LINE 1: SELECT MAX(time) FROM cryptocurrency.bananas31usdt;
[2025-08-21T04:10:10.266+0000] {subprocess.py:93} INFO -                               ^
[2025-08-21T04:10:10.266+0000] {subprocess.py:93} INFO - 
[2025-08-21T04:10:10.266+0000] {subprocess.py:93} INFO - ✅ MAVUSDT: thêm 1 dòng mới
[2025-08-21T04:10:10.266+0000] {subprocess.py:93} INFO - 87/100 BERAUSDT lưu OK
[2025-08-21T04:10:10.266+0000] {subprocess.py:93} INFO - 88/100 MAVUSDT lưu OK
[2025-08-21T04:10:10.267+0000] {subprocess.py:93} INFO - ✅ GALAUSDT: thêm 1 dòng mới
[2025-08-21T04:10:10.267+0000] {subprocess.py:93} INFO - 89/100 GALAUSDT lưu OK
[2025-08-21T04:10:10.267+0000] {subprocess.py:93} INFO - ✅ A2ZUSDT: thêm 1 dòng mới
[2025-08-21T04:10:12.956+0000] {subprocess.py:93} INFO - 90/100 A2ZUSDT lưu OK
[2025-08-21T04:10:12.957+0000] {subprocess.py:93} INFO - 91/100 ZROUSDT lỗi: relation "cryptocurrency.zrousdt" does not exist
[2025-08-21T04:10:12.957+0000] {subprocess.py:93} INFO - LINE 1: SELECT MAX(time) FROM cryptocurrency.zrousdt;
[2025-08-21T04:10:12.957+0000] {subprocess.py:93} INFO -                               ^
[2025-08-21T04:10:12.958+0000] {subprocess.py:93} INFO - 
[2025-08-21T04:10:12.958+0000] {subprocess.py:93} INFO - 92/100 STGUSDT lỗi: relation "cryptocurrency.stgusdt" does not exist
[2025-08-21T04:10:12.959+0000] {subprocess.py:93} INFO - LINE 1: SELECT MAX(time) FROM cryptocurrency.stgusdt;
[2025-08-21T04:10:12.959+0000] {subprocess.py:93} INFO -                               ^
[2025-08-21T04:10:12.959+0000] {subprocess.py:93} INFO - 
[2025-08-21T04:10:12.960+0000] {subprocess.py:93} INFO - 93/100 MKRUSDT lỗi: relation "cryptocurrency.mkrusdt" does not exist
[2025-08-21T04:10:12.960+0000] {subprocess.py:93} INFO - LINE 1: SELECT MAX(time) FROM cryptocurrency.mkrusdt;
[2025-08-21T04:10:12.960+0000] {subprocess.py:93} INFO -                               ^
[2025-08-21T04:10:12.961+0000] {subprocess.py:93} INFO - 
[2025-08-21T04:10:12.961+0000] {subprocess.py:93} INFO - ✅ MAGICUSDT: thêm 1 dòng mới
[2025-08-21T04:10:12.962+0000] {subprocess.py:93} INFO - ✅ SKLUSDT: thêm 1 dòng mới
[2025-08-21T04:10:12.962+0000] {subprocess.py:93} INFO - 94/100 MAGICUSDT lưu OK
[2025-08-21T04:10:12.962+0000] {subprocess.py:93} INFO - 95/100 SKLUSDT lưu OK
[2025-08-21T04:10:12.963+0000] {subprocess.py:93} INFO - ✅ OGUSDT: thêm 1 dòng mới
[2025-08-21T04:10:12.963+0000] {subprocess.py:93} INFO - 96/100 OGUSDT lưu OK
[2025-08-21T04:10:12.963+0000] {subprocess.py:93} INFO - 97/100 RADUSDT lỗi: relation "cryptocurrency.radusdt" does not exist
[2025-08-21T04:10:12.964+0000] {subprocess.py:93} INFO - LINE 1: SELECT MAX(time) FROM cryptocurrency.radusdt;
[2025-08-21T04:10:12.964+0000] {subprocess.py:93} INFO -                               ^
[2025-08-21T04:10:12.964+0000] {subprocess.py:93} INFO - 
[2025-08-21T04:10:12.965+0000] {subprocess.py:93} INFO - 98/100 VETUSDT lỗi: relation "cryptocurrency.vetusdt" does not exist
[2025-08-21T04:10:12.965+0000] {subprocess.py:93} INFO - LINE 1: SELECT MAX(time) FROM cryptocurrency.vetusdt;
[2025-08-21T04:10:12.965+0000] {subprocess.py:93} INFO -                               ^
[2025-08-21T04:10:12.966+0000] {subprocess.py:93} INFO - 
[2025-08-21T04:10:12.966+0000] {subprocess.py:93} INFO - 99/100 IOUSDT lỗi: relation "cryptocurrency.iousdt" does not exist
[2025-08-21T04:10:12.966+0000] {subprocess.py:93} INFO - LINE 1: SELECT MAX(time) FROM cryptocurrency.iousdt;
[2025-08-21T04:10:12.967+0000] {subprocess.py:93} INFO -                               ^
[2025-08-21T04:10:12.967+0000] {subprocess.py:93} INFO - 
[2025-08-21T04:10:12.967+0000] {subprocess.py:93} INFO - ✅ TOWNSUSDT: thêm 1 dòng mới
[2025-08-21T04:10:12.968+0000] {subprocess.py:93} INFO - 100/100 TOWNSUSDT lưu OK
[2025-08-21T04:10:13.055+0000] {subprocess.py:97} INFO - Command exited with return code 0
[2025-08-21T04:10:13.056+0000] {taskinstance.py:441} INFO - ::group::Post task execution logs
[2025-08-21T04:10:13.092+0000] {taskinstance.py:1206} INFO - Marking task as SUCCESS. dag_id=crypto_collector_dag, task_id=run_crypto_collector, run_id=scheduled__2025-08-21T04:09:00+00:00, execution_date=20250821T040900, start_date=20250821T041001, end_date=20250821T041013
[2025-08-21T04:10:13.158+0000] {local_task_job_runner.py:240} INFO - Task exited with return code 0
[2025-08-21T04:10:13.176+0000] {taskinstance.py:3498} INFO - 0 downstream tasks scheduled from follow-on schedule check
[2025-08-21T04:10:13.176+0000] {local_task_job_runner.py:222} INFO - ::endgroup::
