[2025-08-27T12:41:01.383+0000] {local_task_job_runner.py:120} INFO - ::group::Pre task execution logs
[2025-08-27T12:41:01.404+0000] {taskinstance.py:2076} INFO - Dependencies all met for dep_context=non-requeueable deps ti=<TaskInstance: crypto_collector_dag.run_crypto_collector scheduled__2025-08-27T12:40:00+00:00 [queued]>
[2025-08-27T12:41:01.412+0000] {taskinstance.py:2076} INFO - Dependencies all met for dep_context=requeueable deps ti=<TaskInstance: crypto_collector_dag.run_crypto_collector scheduled__2025-08-27T12:40:00+00:00 [queued]>
[2025-08-27T12:41:01.412+0000] {taskinstance.py:2306} INFO - Starting attempt 1 of 2
[2025-08-27T12:41:01.422+0000] {taskinstance.py:2330} INFO - Executing <Task(BashOperator): run_crypto_collector> on 2025-08-27 12:40:00+00:00
[2025-08-27T12:41:01.427+0000] {standard_task_runner.py:63} INFO - Started process 1529824 to run task
[2025-08-27T12:41:01.432+0000] {standard_task_runner.py:90} INFO - Running: ['***', 'tasks', 'run', 'crypto_collector_dag', 'run_crypto_collector', 'scheduled__2025-08-27T12:40:00+00:00', '--job-id', '28663', '--raw', '--subdir', 'DAGS_FOLDER/crawl_crypto/dags_crypto.py', '--cfg-path', '/tmp/tmpcyps168v']
[2025-08-27T12:41:01.434+0000] {standard_task_runner.py:91} INFO - Job 28663: Subtask run_crypto_collector
[2025-08-27T12:41:01.487+0000] {task_command.py:426} INFO - Running <TaskInstance: crypto_collector_dag.run_crypto_collector scheduled__2025-08-27T12:40:00+00:00 [running]> on host 1877907bc043
[2025-08-27T12:41:01.579+0000] {taskinstance.py:2648} INFO - Exporting env vars: AIRFLOW_CTX_DAG_OWNER='***' AIRFLOW_CTX_DAG_ID='crypto_collector_dag' AIRFLOW_CTX_TASK_ID='run_crypto_collector' AIRFLOW_CTX_EXECUTION_DATE='2025-08-27T12:40:00+00:00' AIRFLOW_CTX_TRY_NUMBER='1' AIRFLOW_CTX_DAG_RUN_ID='scheduled__2025-08-27T12:40:00+00:00'
[2025-08-27T12:41:01.579+0000] {taskinstance.py:430} INFO - ::endgroup::
[2025-08-27T12:41:01.593+0000] {subprocess.py:63} INFO - Tmp dir root location: /tmp
[2025-08-27T12:41:01.594+0000] {subprocess.py:75} INFO - Running command: ['/usr/bin/bash', '-c', 'python3 /opt/***/dags/crawl_crypto/crawl_data_crypto.py']
[2025-08-27T12:41:01.608+0000] {subprocess.py:86} INFO - Output:
[2025-08-27T12:41:08.769+0000] {subprocess.py:93} INFO - 🔹 Kết nối DB...
[2025-08-27T12:41:08.769+0000] {subprocess.py:93} INFO - 🔹 Lấy top 100 crypto...
[2025-08-27T12:41:08.770+0000] {subprocess.py:93} INFO - Top 100: ['ETHUSDT', 'USDCUSDT', 'BTCUSDT', 'SOLUSDT', 'XRPUSDT', 'FDUSDUSDT', 'DOGEUSDT', 'LINKUSDT', 'TRXUSDT', 'NMRUSDT', 'SUIUSDT', 'BNBUSDT', 'ADAUSDT', 'ENAUSDT', 'BIOUSDT', 'PEPEUSDT', 'ARBUSDT', 'UNIUSDT', 'AVAXUSDT', 'XLMUSDT', 'LPTUSDT', 'AAVEUSDT', 'LTCUSDT', 'PLUMEUSDT', 'PENGUUSDT', 'PENDLEUSDT', 'BCHUSDT', 'BERAUSDT', 'MEMEUSDT', 'WLDUSDT', 'TRUMPUSDT', 'CKBUSDT', 'SEIUSDT', 'HBARUSDT', 'SYRUPUSDT', 'ETHFIUSDT', 'BONKUSDT', 'WIFUSDT', 'SNXUSDT', 'NEARUSDT', 'OPUSDT', 'CRVUSDT', 'LDOUSDT', 'EURUSDT', 'ONDOUSDT', 'DOTUSDT', 'RAYUSDT', 'APTUSDT', 'TONUSDT', 'NTRNUSDT', 'TAOUSDT', 'FLOKIUSDT', 'SUSDT', 'SHIBUSDT', 'QTUMUSDT', 'TIAUSDT', 'USD1USDT', 'MOVRUSDT', 'BBUSDT', 'RLCUSDT', 'PNUTUSDT', 'ETCUSDT', 'FILUSDT', 'NEOUSDT', 'BOMEUSDT', 'VIRTUALUSDT', 'MAGICUSDT', 'POLUSDT', 'MKRUSDT', 'NEIROUSDT', 'INJUSDT', 'EDUUSDT', 'XUSDUSDT', 'SPKUSDT', 'PARTIUSDT', 'VETUSDT', 'WBTCUSDT', 'EIGENUSDT', 'MAVUSDT', 'TREEUSDT', 'GALAUSDT', 'ONTUSDT', 'CFXUSDT', 'AIUSDT', 'RENDERUSDT', 'ICPUSDT', 'ALGOUSDT', 'FETUSDT', 'RUNEUSDT', 'ORDIUSDT', 'PAXGUSDT', 'BFUSDUSDT', 'KAIAUSDT', 'CAKEUSDT', 'ARKMUSDT', 'JSTUSDT', 'ATOMUSDT', 'HYPERUSDT', 'IDUSDT', 'JUPUSDT']
[2025-08-27T12:41:08.770+0000] {subprocess.py:93} INFO - 🔹 Lưu lịch sử giá vào DB bằng threading...
[2025-08-27T12:41:08.770+0000] {subprocess.py:93} INFO - ✅ BTCUSDT: thêm 1 dòng mới
[2025-08-27T12:41:08.771+0000] {subprocess.py:93} INFO - 1/100 BTCUSDT lưu OK
[2025-08-27T12:41:08.771+0000] {subprocess.py:93} INFO - 2/100 NMRUSDT lỗi: relation "cryptocurrency.nmrusdt" does not exist
[2025-08-27T12:41:08.771+0000] {subprocess.py:93} INFO - LINE 1: SELECT MAX(time) FROM cryptocurrency.nmrusdt;
[2025-08-27T12:41:08.772+0000] {subprocess.py:93} INFO -                               ^
[2025-08-27T12:41:08.772+0000] {subprocess.py:93} INFO - 
[2025-08-27T12:41:08.772+0000] {subprocess.py:93} INFO - ✅ TRXUSDT: thêm 1 dòng mới
[2025-08-27T12:41:08.772+0000] {subprocess.py:93} INFO - ✅ SOLUSDT: thêm 1 dòng mới
[2025-08-27T12:41:08.773+0000] {subprocess.py:93} INFO - ✅ USDCUSDT: thêm 1 dòng mới
[2025-08-27T12:41:08.773+0000] {subprocess.py:93} INFO - ✅ FDUSDUSDT: thêm 1 dòng mới
[2025-08-27T12:41:08.773+0000] {subprocess.py:93} INFO - ✅ LINKUSDT: thêm 1 dòng mới
[2025-08-27T12:41:08.774+0000] {subprocess.py:93} INFO - ✅ DOGEUSDT: thêm 1 dòng mới
[2025-08-27T12:41:08.774+0000] {subprocess.py:93} INFO - ✅ SUIUSDT: thêm 1 dòng mới
[2025-08-27T12:41:08.774+0000] {subprocess.py:93} INFO - 3/100 SOLUSDT lưu OK
[2025-08-27T12:41:08.774+0000] {subprocess.py:93} INFO - 4/100 TRXUSDT lưu OK
[2025-08-27T12:41:08.775+0000] {subprocess.py:93} INFO - 5/100 USDCUSDT lưu OK
[2025-08-27T12:41:08.775+0000] {subprocess.py:93} INFO - 6/100 FDUSDUSDT lưu OK
[2025-08-27T12:41:08.775+0000] {subprocess.py:93} INFO - 7/100 LINKUSDT lưu OK
[2025-08-27T12:41:08.775+0000] {subprocess.py:93} INFO - 8/100 DOGEUSDT lưu OK
[2025-08-27T12:41:08.776+0000] {subprocess.py:93} INFO - ✅ XRPUSDT: thêm 1 dòng mới
[2025-08-27T12:41:08.776+0000] {subprocess.py:93} INFO - ✅ ETHUSDT: thêm 1 dòng mới
[2025-08-27T12:41:08.776+0000] {subprocess.py:93} INFO - 9/100 SUIUSDT lưu OK
[2025-08-27T12:41:08.777+0000] {subprocess.py:93} INFO - 10/100 XRPUSDT lưu OK
[2025-08-27T12:41:08.777+0000] {subprocess.py:93} INFO - 11/100 ETHUSDT lưu OK
[2025-08-27T12:41:08.777+0000] {subprocess.py:93} INFO - ✅ BNBUSDT: thêm 1 dòng mới
[2025-08-27T12:41:08.777+0000] {subprocess.py:93} INFO - 12/100 BNBUSDT lưu OK
[2025-08-27T12:41:08.778+0000] {subprocess.py:93} INFO - ✅ ENAUSDT: thêm 1 dòng mới
[2025-08-27T12:41:08.778+0000] {subprocess.py:93} INFO - 13/100 ENAUSDT lưu OK
[2025-08-27T12:41:08.778+0000] {subprocess.py:93} INFO - 14/100 BIOUSDT lỗi: relation "cryptocurrency.biousdt" does not exist
[2025-08-27T12:41:08.779+0000] {subprocess.py:93} INFO - LINE 1: SELECT MAX(time) FROM cryptocurrency.biousdt;
[2025-08-27T12:41:08.779+0000] {subprocess.py:93} INFO -                               ^
[2025-08-27T12:41:08.779+0000] {subprocess.py:93} INFO - 
[2025-08-27T12:41:08.779+0000] {subprocess.py:93} INFO - ✅ ADAUSDT: thêm 1 dòng mới
[2025-08-27T12:41:08.780+0000] {subprocess.py:93} INFO - 15/100 ADAUSDT lưu OK
[2025-08-27T12:41:08.780+0000] {subprocess.py:93} INFO - ✅ PEPEUSDT: thêm 1 dòng mới
[2025-08-27T12:41:08.780+0000] {subprocess.py:93} INFO - 16/100 PEPEUSDT lưu OK
[2025-08-27T12:41:08.781+0000] {subprocess.py:93} INFO - ✅ UNIUSDT: thêm 1 dòng mới
[2025-08-27T12:41:08.781+0000] {subprocess.py:93} INFO - 17/100 UNIUSDT lưu OK
[2025-08-27T12:41:08.781+0000] {subprocess.py:93} INFO - ✅ AVAXUSDT: thêm 1 dòng mới
[2025-08-27T12:41:08.781+0000] {subprocess.py:93} INFO - 18/100 AVAXUSDT lưu OK
[2025-08-27T12:41:08.782+0000] {subprocess.py:93} INFO - ✅ ARBUSDT: thêm 1 dòng mới
[2025-08-27T12:41:08.782+0000] {subprocess.py:93} INFO - 19/100 ARBUSDT lưu OK
[2025-08-27T12:41:08.782+0000] {subprocess.py:93} INFO - ✅ XLMUSDT: thêm 1 dòng mới
[2025-08-27T12:41:08.783+0000] {subprocess.py:93} INFO - 20/100 XLMUSDT lưu OK
[2025-08-27T12:41:08.783+0000] {subprocess.py:93} INFO - 21/100 LPTUSDT lỗi: relation "cryptocurrency.lptusdt" does not exist
[2025-08-27T12:41:08.783+0000] {subprocess.py:93} INFO - LINE 1: SELECT MAX(time) FROM cryptocurrency.lptusdt;
[2025-08-27T12:41:08.783+0000] {subprocess.py:93} INFO -                               ^
[2025-08-27T12:41:08.784+0000] {subprocess.py:93} INFO - 
[2025-08-27T12:41:08.784+0000] {subprocess.py:93} INFO - ✅ LTCUSDT: thêm 1 dòng mới
[2025-08-27T12:41:08.784+0000] {subprocess.py:93} INFO - 22/100 LTCUSDT lưu OK
[2025-08-27T12:41:08.784+0000] {subprocess.py:93} INFO - ✅ AAVEUSDT: thêm 1 dòng mới
[2025-08-27T12:41:08.785+0000] {subprocess.py:93} INFO - 23/100 AAVEUSDT lưu OK
[2025-08-27T12:41:08.785+0000] {subprocess.py:93} INFO - ✅ PENGUUSDT: thêm 1 dòng mới
[2025-08-27T12:41:08.785+0000] {subprocess.py:93} INFO - 24/100 PENGUUSDT lưu OK
[2025-08-27T12:41:08.786+0000] {subprocess.py:93} INFO - 25/100 PLUMEUSDT lỗi: relation "cryptocurrency.plumeusdt" does not exist
[2025-08-27T12:41:08.786+0000] {subprocess.py:93} INFO - LINE 1: SELECT MAX(time) FROM cryptocurrency.plumeusdt;
[2025-08-27T12:41:08.786+0000] {subprocess.py:93} INFO -                               ^
[2025-08-27T12:41:08.786+0000] {subprocess.py:93} INFO - 
[2025-08-27T12:41:08.787+0000] {subprocess.py:93} INFO - ✅ BCHUSDT: thêm 1 dòng mới
[2025-08-27T12:41:08.787+0000] {subprocess.py:93} INFO - 26/100 BCHUSDT lưu OK
[2025-08-27T12:41:08.787+0000] {subprocess.py:93} INFO - ✅ PENDLEUSDT: thêm 1 dòng mới
[2025-08-27T12:41:08.788+0000] {subprocess.py:93} INFO - 27/100 PENDLEUSDT lưu OK
[2025-08-27T12:41:08.788+0000] {subprocess.py:93} INFO - ✅ WLDUSDT: thêm 1 dòng mới
[2025-08-27T12:41:08.788+0000] {subprocess.py:93} INFO - 28/100 WLDUSDT lưu OK
[2025-08-27T12:41:08.788+0000] {subprocess.py:93} INFO - 29/100 MEMEUSDT lỗi: relation "cryptocurrency.memeusdt" does not exist
[2025-08-27T12:41:08.789+0000] {subprocess.py:93} INFO - LINE 1: SELECT MAX(time) FROM cryptocurrency.memeusdt;
[2025-08-27T12:41:08.789+0000] {subprocess.py:93} INFO -                               ^
[2025-08-27T12:41:08.789+0000] {subprocess.py:93} INFO - 
[2025-08-27T12:41:08.789+0000] {subprocess.py:93} INFO - ✅ BERAUSDT: thêm 1 dòng mới
[2025-08-27T12:41:08.790+0000] {subprocess.py:93} INFO - 30/100 BERAUSDT lưu OK
[2025-08-27T12:41:08.790+0000] {subprocess.py:93} INFO - ✅ TRUMPUSDT: thêm 1 dòng mới
[2025-08-27T12:41:08.790+0000] {subprocess.py:93} INFO - 31/100 TRUMPUSDT lưu OK
[2025-08-27T12:41:08.791+0000] {subprocess.py:93} INFO - 32/100 CKBUSDT lỗi: relation "cryptocurrency.ckbusdt" does not exist
[2025-08-27T12:41:08.791+0000] {subprocess.py:93} INFO - LINE 1: SELECT MAX(time) FROM cryptocurrency.ckbusdt;
[2025-08-27T12:41:08.791+0000] {subprocess.py:93} INFO -                               ^
[2025-08-27T12:41:08.791+0000] {subprocess.py:93} INFO - 
[2025-08-27T12:41:08.792+0000] {subprocess.py:93} INFO - ✅ SEIUSDT: thêm 1 dòng mới
[2025-08-27T12:41:08.792+0000] {subprocess.py:93} INFO - 33/100 SEIUSDT lưu OK
[2025-08-27T12:41:08.792+0000] {subprocess.py:93} INFO - ✅ HBARUSDT: thêm 1 dòng mới
[2025-08-27T12:41:08.792+0000] {subprocess.py:93} INFO - 34/100 HBARUSDT lưu OK
[2025-08-27T12:41:08.793+0000] {subprocess.py:93} INFO - ✅ CRVUSDT: thêm 1 dòng mới
[2025-08-27T12:41:08.793+0000] {subprocess.py:93} INFO - 35/100 CRVUSDT lưu OK
[2025-08-27T12:41:08.793+0000] {subprocess.py:93} INFO - ✅ ETHFIUSDT: thêm 1 dòng mới
[2025-08-27T12:41:08.794+0000] {subprocess.py:93} INFO - 36/100 ETHFIUSDT lưu OK
[2025-08-27T12:41:08.794+0000] {subprocess.py:93} INFO - ✅ SYRUPUSDT: thêm 1 dòng mới
[2025-08-27T12:41:08.794+0000] {subprocess.py:93} INFO - 37/100 SYRUPUSDT lưu OK
[2025-08-27T12:41:08.794+0000] {subprocess.py:93} INFO - ✅ BONKUSDT: thêm 1 dòng mới
[2025-08-27T12:41:08.795+0000] {subprocess.py:93} INFO - 38/100 BONKUSDT lưu OK
[2025-08-27T12:41:08.795+0000] {subprocess.py:93} INFO - ✅ WIFUSDT: thêm 1 dòng mới
[2025-08-27T12:41:08.795+0000] {subprocess.py:93} INFO - 39/100 WIFUSDT lưu OK
[2025-08-27T12:41:08.795+0000] {subprocess.py:93} INFO - 40/100 SNXUSDT lỗi: relation "cryptocurrency.snxusdt" does not exist
[2025-08-27T12:41:08.796+0000] {subprocess.py:93} INFO - LINE 1: SELECT MAX(time) FROM cryptocurrency.snxusdt;
[2025-08-27T12:41:08.796+0000] {subprocess.py:93} INFO -                               ^
[2025-08-27T12:41:08.796+0000] {subprocess.py:93} INFO - 
[2025-08-27T12:41:08.796+0000] {subprocess.py:93} INFO - ✅ OPUSDT: thêm 1 dòng mới
[2025-08-27T12:41:08.797+0000] {subprocess.py:93} INFO - 41/100 OPUSDT lưu OK
[2025-08-27T12:41:08.797+0000] {subprocess.py:93} INFO - ✅ NEARUSDT: thêm 1 dòng mới
[2025-08-27T12:41:08.797+0000] {subprocess.py:93} INFO - 42/100 NEARUSDT lưu OK
[2025-08-27T12:41:08.797+0000] {subprocess.py:93} INFO - ✅ LDOUSDT: thêm 1 dòng mới
[2025-08-27T12:41:08.798+0000] {subprocess.py:93} INFO - 43/100 LDOUSDT lưu OK
[2025-08-27T12:41:08.798+0000] {subprocess.py:93} INFO - ✅ EURUSDT: thêm 1 dòng mới
[2025-08-27T12:41:08.798+0000] {subprocess.py:93} INFO - 44/100 EURUSDT lưu OK
[2025-08-27T12:41:08.798+0000] {subprocess.py:93} INFO - ✅ ONDOUSDT: thêm 1 dòng mới
[2025-08-27T12:41:08.799+0000] {subprocess.py:93} INFO - 45/100 ONDOUSDT lưu OK
[2025-08-27T12:41:08.799+0000] {subprocess.py:93} INFO - ✅ DOTUSDT: thêm 1 dòng mới
[2025-08-27T12:41:08.799+0000] {subprocess.py:93} INFO - 46/100 DOTUSDT lưu OK
[2025-08-27T12:41:08.800+0000] {subprocess.py:93} INFO - ✅ RAYUSDT: thêm 1 dòng mới
[2025-08-27T12:41:08.800+0000] {subprocess.py:93} INFO - 47/100 RAYUSDT lưu OK
[2025-08-27T12:41:08.800+0000] {subprocess.py:93} INFO - ✅ APTUSDT: thêm 1 dòng mới
[2025-08-27T12:41:08.800+0000] {subprocess.py:93} INFO - 48/100 APTUSDT lưu OK
[2025-08-27T12:41:08.801+0000] {subprocess.py:93} INFO - ✅ TONUSDT: thêm 1 dòng mới
[2025-08-27T12:41:08.801+0000] {subprocess.py:93} INFO - 49/100 TONUSDT lưu OK
[2025-08-27T12:41:08.801+0000] {subprocess.py:93} INFO - 50/100 NTRNUSDT lỗi: relation "cryptocurrency.ntrnusdt" does not exist
[2025-08-27T12:41:08.801+0000] {subprocess.py:93} INFO - LINE 1: SELECT MAX(time) FROM cryptocurrency.ntrnusdt;
[2025-08-27T12:41:08.802+0000] {subprocess.py:93} INFO -                               ^
[2025-08-27T12:41:08.802+0000] {subprocess.py:93} INFO - 
[2025-08-27T12:41:08.802+0000] {subprocess.py:93} INFO - ✅ TAOUSDT: thêm 1 dòng mới
[2025-08-27T12:41:08.802+0000] {subprocess.py:93} INFO - 51/100 TAOUSDT lưu OK
[2025-08-27T12:41:08.803+0000] {subprocess.py:93} INFO - ✅ SHIBUSDT: thêm 1 dòng mới
[2025-08-27T12:41:08.803+0000] {subprocess.py:93} INFO - 52/100 SHIBUSDT lưu OK
[2025-08-27T12:41:08.803+0000] {subprocess.py:93} INFO - ✅ SUSDT: thêm 1 dòng mới
[2025-08-27T12:41:08.803+0000] {subprocess.py:93} INFO - 53/100 SUSDT lưu OK
[2025-08-27T12:41:08.804+0000] {subprocess.py:93} INFO - ✅ FLOKIUSDT: thêm 1 dòng mới
[2025-08-27T12:41:08.804+0000] {subprocess.py:93} INFO - 54/100 FLOKIUSDT lưu OK
[2025-08-27T12:41:08.804+0000] {subprocess.py:93} INFO - 55/100 QTUMUSDT lỗi: relation "cryptocurrency.qtumusdt" does not exist
[2025-08-27T12:41:08.804+0000] {subprocess.py:93} INFO - LINE 1: SELECT MAX(time) FROM cryptocurrency.qtumusdt;
[2025-08-27T12:41:08.805+0000] {subprocess.py:93} INFO -                               ^
[2025-08-27T12:41:08.805+0000] {subprocess.py:93} INFO - 
[2025-08-27T12:41:08.805+0000] {subprocess.py:93} INFO - 56/100 USD1USDT lỗi: relation "cryptocurrency.usd1usdt" does not exist
[2025-08-27T12:41:08.805+0000] {subprocess.py:93} INFO - LINE 1: SELECT MAX(time) FROM cryptocurrency.usd1usdt;
[2025-08-27T12:41:08.806+0000] {subprocess.py:93} INFO -                               ^
[2025-08-27T12:41:08.806+0000] {subprocess.py:93} INFO - 
[2025-08-27T12:41:08.806+0000] {subprocess.py:93} INFO - 57/100 MOVRUSDT lỗi: relation "cryptocurrency.movrusdt" does not exist
[2025-08-27T12:41:08.806+0000] {subprocess.py:93} INFO - LINE 1: SELECT MAX(time) FROM cryptocurrency.movrusdt;
[2025-08-27T12:41:08.807+0000] {subprocess.py:93} INFO -                               ^
[2025-08-27T12:41:08.807+0000] {subprocess.py:93} INFO - 
[2025-08-27T12:41:08.807+0000] {subprocess.py:93} INFO - ✅ PNUTUSDT: thêm 1 dòng mới
[2025-08-27T12:41:08.807+0000] {subprocess.py:93} INFO - 58/100 PNUTUSDT lưu OK
[2025-08-27T12:41:08.807+0000] {subprocess.py:93} INFO - 59/100 RLCUSDT lỗi: relation "cryptocurrency.rlcusdt" does not exist
[2025-08-27T12:41:08.808+0000] {subprocess.py:93} INFO - LINE 1: SELECT MAX(time) FROM cryptocurrency.rlcusdt;
[2025-08-27T12:41:08.808+0000] {subprocess.py:93} INFO -                               ^
[2025-08-27T12:41:08.808+0000] {subprocess.py:93} INFO - 
[2025-08-27T12:41:08.808+0000] {subprocess.py:93} INFO - ✅ ETCUSDT: thêm 1 dòng mới
[2025-08-27T12:41:08.809+0000] {subprocess.py:93} INFO - 60/100 BBUSDT lỗi: relation "cryptocurrency.bbusdt" does not exist
[2025-08-27T12:41:08.809+0000] {subprocess.py:93} INFO - LINE 1: SELECT MAX(time) FROM cryptocurrency.bbusdt;
[2025-08-27T12:41:08.809+0000] {subprocess.py:93} INFO -                               ^
[2025-08-27T12:41:08.809+0000] {subprocess.py:93} INFO - 
[2025-08-27T12:41:08.810+0000] {subprocess.py:93} INFO - 61/100 ETCUSDT lưu OK
[2025-08-27T12:41:08.810+0000] {subprocess.py:93} INFO - 62/100 NEOUSDT lỗi: relation "cryptocurrency.neousdt" does not exist
[2025-08-27T12:41:08.810+0000] {subprocess.py:93} INFO - LINE 1: SELECT MAX(time) FROM cryptocurrency.neousdt;
[2025-08-27T12:41:08.810+0000] {subprocess.py:93} INFO -                               ^
[2025-08-27T12:41:08.811+0000] {subprocess.py:93} INFO - 
[2025-08-27T12:41:08.811+0000] {subprocess.py:93} INFO - ✅ FILUSDT: thêm 1 dòng mới
[2025-08-27T12:41:08.811+0000] {subprocess.py:93} INFO - 63/100 FILUSDT lưu OK
[2025-08-27T12:41:08.811+0000] {subprocess.py:93} INFO - 64/100 BOMEUSDT lỗi: relation "cryptocurrency.bomeusdt" does not exist
[2025-08-27T12:41:08.812+0000] {subprocess.py:93} INFO - LINE 1: SELECT MAX(time) FROM cryptocurrency.bomeusdt;
[2025-08-27T12:41:08.812+0000] {subprocess.py:93} INFO -                               ^
[2025-08-27T12:41:08.812+0000] {subprocess.py:93} INFO - 
[2025-08-27T12:41:08.812+0000] {subprocess.py:93} INFO - ✅ VIRTUALUSDT: thêm 1 dòng mới
[2025-08-27T12:41:08.813+0000] {subprocess.py:93} INFO - 65/100 VIRTUALUSDT lưu OK
[2025-08-27T12:41:08.813+0000] {subprocess.py:93} INFO - ✅ MAGICUSDT: thêm 1 dòng mới
[2025-08-27T12:41:08.813+0000] {subprocess.py:93} INFO - 66/100 MAGICUSDT lưu OK
[2025-08-27T12:41:08.813+0000] {subprocess.py:93} INFO - 67/100 MKRUSDT lỗi: relation "cryptocurrency.mkrusdt" does not exist
[2025-08-27T12:41:08.814+0000] {subprocess.py:93} INFO - LINE 1: SELECT MAX(time) FROM cryptocurrency.mkrusdt;
[2025-08-27T12:41:08.814+0000] {subprocess.py:93} INFO -                               ^
[2025-08-27T12:41:08.814+0000] {subprocess.py:93} INFO - 
[2025-08-27T12:41:08.814+0000] {subprocess.py:93} INFO - ✅ INJUSDT: thêm 1 dòng mới
[2025-08-27T12:41:08.815+0000] {subprocess.py:93} INFO - 68/100 INJUSDT lưu OK
[2025-08-27T12:41:08.815+0000] {subprocess.py:93} INFO - ✅ POLUSDT: thêm 1 dòng mới
[2025-08-27T12:41:08.815+0000] {subprocess.py:93} INFO - 69/100 POLUSDT lưu OK
[2025-08-27T12:41:08.815+0000] {subprocess.py:93} INFO - ✅ NEIROUSDT: thêm 1 dòng mới
[2025-08-27T12:41:08.816+0000] {subprocess.py:93} INFO - 70/100 NEIROUSDT lưu OK
[2025-08-27T12:41:08.816+0000] {subprocess.py:93} INFO - ✅ XUSDUSDT: thêm 1 dòng mới
[2025-08-27T12:41:08.816+0000] {subprocess.py:93} INFO - 71/100 XUSDUSDT lưu OK
[2025-08-27T12:41:08.816+0000] {subprocess.py:93} INFO - ✅ SPKUSDT: thêm 1 dòng mới
[2025-08-27T12:41:08.817+0000] {subprocess.py:93} INFO - 72/100 SPKUSDT lưu OK
[2025-08-27T12:41:08.817+0000] {subprocess.py:93} INFO - 73/100 PARTIUSDT lỗi: relation "cryptocurrency.partiusdt" does not exist
[2025-08-27T12:41:08.817+0000] {subprocess.py:93} INFO - LINE 1: SELECT MAX(time) FROM cryptocurrency.partiusdt;
[2025-08-27T12:41:08.817+0000] {subprocess.py:93} INFO -                               ^
[2025-08-27T12:41:08.817+0000] {subprocess.py:93} INFO - 
[2025-08-27T12:41:08.818+0000] {subprocess.py:93} INFO - 74/100 VETUSDT lỗi: relation "cryptocurrency.vetusdt" does not exist
[2025-08-27T12:41:08.818+0000] {subprocess.py:93} INFO - LINE 1: SELECT MAX(time) FROM cryptocurrency.vetusdt;
[2025-08-27T12:41:08.818+0000] {subprocess.py:93} INFO -                               ^
[2025-08-27T12:41:08.818+0000] {subprocess.py:93} INFO - 
[2025-08-27T12:41:08.819+0000] {subprocess.py:93} INFO - 75/100 EDUUSDT lỗi: relation "cryptocurrency.eduusdt" does not exist
[2025-08-27T12:41:08.819+0000] {subprocess.py:93} INFO - LINE 1: SELECT MAX(time) FROM cryptocurrency.eduusdt;
[2025-08-27T12:41:08.819+0000] {subprocess.py:93} INFO -                               ^
[2025-08-27T12:41:08.819+0000] {subprocess.py:93} INFO - 
[2025-08-27T12:41:08.820+0000] {subprocess.py:93} INFO - ✅ MAVUSDT: thêm 1 dòng mới
[2025-08-27T12:41:08.820+0000] {subprocess.py:93} INFO - 76/100 MAVUSDT lưu OK
[2025-08-27T12:41:08.820+0000] {subprocess.py:93} INFO - 77/100 TREEUSDT lỗi: relation "cryptocurrency.treeusdt" does not exist
[2025-08-27T12:41:08.820+0000] {subprocess.py:93} INFO - LINE 1: SELECT MAX(time) FROM cryptocurrency.treeusdt;
[2025-08-27T12:41:08.821+0000] {subprocess.py:93} INFO -                               ^
[2025-08-27T12:41:08.821+0000] {subprocess.py:93} INFO - 
[2025-08-27T12:41:08.821+0000] {subprocess.py:93} INFO - 78/100 WBTCUSDT lỗi: relation "cryptocurrency.wbtcusdt" does not exist
[2025-08-27T12:41:08.821+0000] {subprocess.py:93} INFO - LINE 1: SELECT MAX(time) FROM cryptocurrency.wbtcusdt;
[2025-08-27T12:41:08.822+0000] {subprocess.py:93} INFO -                               ^
[2025-08-27T12:41:08.822+0000] {subprocess.py:93} INFO - 
[2025-08-27T12:41:08.822+0000] {subprocess.py:93} INFO - ✅ GALAUSDT: thêm 1 dòng mới
[2025-08-27T12:41:08.822+0000] {subprocess.py:93} INFO - 79/100 GALAUSDT lưu OK
[2025-08-27T12:41:08.822+0000] {subprocess.py:93} INFO - 80/100 ONTUSDT lỗi: relation "cryptocurrency.ontusdt" does not exist
[2025-08-27T12:41:08.823+0000] {subprocess.py:93} INFO - LINE 1: SELECT MAX(time) FROM cryptocurrency.ontusdt;
[2025-08-27T12:41:08.823+0000] {subprocess.py:93} INFO -                               ^
[2025-08-27T12:41:08.823+0000] {subprocess.py:93} INFO - 
[2025-08-27T12:41:08.823+0000] {subprocess.py:93} INFO - ✅ CFXUSDT: thêm 1 dòng mới
[2025-08-27T12:41:08.824+0000] {subprocess.py:93} INFO - 81/100 CFXUSDT lưu OK
[2025-08-27T12:41:24.904+0000] {subprocess.py:93} INFO - 82/100 AIUSDT lỗi: relation "cryptocurrency.aiusdt" does not exist
[2025-08-27T12:41:24.904+0000] {subprocess.py:93} INFO - LINE 1: SELECT MAX(time) FROM cryptocurrency.aiusdt;
[2025-08-27T12:41:24.905+0000] {subprocess.py:93} INFO -                               ^
[2025-08-27T12:41:24.905+0000] {subprocess.py:93} INFO - 
[2025-08-27T12:41:24.905+0000] {subprocess.py:93} INFO - ✅ RENDERUSDT: thêm 1 dòng mới
[2025-08-27T12:41:24.905+0000] {subprocess.py:93} INFO - 83/100 RENDERUSDT lưu OK
[2025-08-27T12:41:24.905+0000] {subprocess.py:93} INFO - ✅ ICPUSDT: thêm 1 dòng mới
[2025-08-27T12:41:24.906+0000] {subprocess.py:93} INFO - 84/100 ICPUSDT lưu OK
[2025-08-27T12:41:24.906+0000] {subprocess.py:93} INFO - ✅ EIGENUSDT: thêm 1 dòng mới
[2025-08-27T12:41:24.906+0000] {subprocess.py:93} INFO - 85/100 EIGENUSDT lưu OK
[2025-08-27T12:41:24.906+0000] {subprocess.py:93} INFO - 86/100 RUNEUSDT lỗi: relation "cryptocurrency.runeusdt" does not exist
[2025-08-27T12:41:24.907+0000] {subprocess.py:93} INFO - LINE 1: SELECT MAX(time) FROM cryptocurrency.runeusdt;
[2025-08-27T12:41:24.907+0000] {subprocess.py:93} INFO -                               ^
[2025-08-27T12:41:24.907+0000] {subprocess.py:93} INFO - 
[2025-08-27T12:41:24.907+0000] {subprocess.py:93} INFO - ✅ ALGOUSDT: thêm 1 dòng mới
[2025-08-27T12:41:24.908+0000] {subprocess.py:93} INFO - 87/100 ALGOUSDT lưu OK
[2025-08-27T12:41:24.908+0000] {subprocess.py:93} INFO - 88/100 PAXGUSDT lỗi: relation "cryptocurrency.paxgusdt" does not exist
[2025-08-27T12:41:24.908+0000] {subprocess.py:93} INFO - LINE 1: SELECT MAX(time) FROM cryptocurrency.paxgusdt;
[2025-08-27T12:41:24.908+0000] {subprocess.py:93} INFO -                               ^
[2025-08-27T12:41:24.909+0000] {subprocess.py:93} INFO - 
[2025-08-27T12:41:24.909+0000] {subprocess.py:93} INFO - ✅ ORDIUSDT: thêm 1 dòng mới
[2025-08-27T12:41:24.909+0000] {subprocess.py:93} INFO - 89/100 ORDIUSDT lưu OK
[2025-08-27T12:41:24.910+0000] {subprocess.py:93} INFO - ✅ BFUSDUSDT: thêm 1 dòng mới
[2025-08-27T12:41:24.910+0000] {subprocess.py:93} INFO - 90/100 BFUSDUSDT lưu OK
[2025-08-27T12:41:24.910+0000] {subprocess.py:93} INFO - ✅ FETUSDT: thêm 1 dòng mới
[2025-08-27T12:41:24.910+0000] {subprocess.py:93} INFO - 91/100 FETUSDT lưu OK
[2025-08-27T12:41:24.911+0000] {subprocess.py:93} INFO - 92/100 KAIAUSDT lỗi: relation "cryptocurrency.kaiausdt" does not exist
[2025-08-27T12:41:24.911+0000] {subprocess.py:93} INFO - LINE 1: SELECT MAX(time) FROM cryptocurrency.kaiausdt;
[2025-08-27T12:41:24.911+0000] {subprocess.py:93} INFO -                               ^
[2025-08-27T12:41:24.911+0000] {subprocess.py:93} INFO - 
[2025-08-27T12:41:24.912+0000] {subprocess.py:93} INFO - ✅ CAKEUSDT: thêm 1 dòng mới
[2025-08-27T12:41:24.912+0000] {subprocess.py:93} INFO - 93/100 CAKEUSDT lưu OK
[2025-08-27T12:41:24.912+0000] {subprocess.py:93} INFO - ✅ ARKMUSDT: thêm 1 dòng mới
[2025-08-27T12:41:24.912+0000] {subprocess.py:93} INFO - 94/100 ARKMUSDT lưu OK
[2025-08-27T12:41:24.913+0000] {subprocess.py:93} INFO - 95/100 ATOMUSDT lỗi: relation "cryptocurrency.atomusdt" does not exist
[2025-08-27T12:41:24.913+0000] {subprocess.py:93} INFO - LINE 1: SELECT MAX(time) FROM cryptocurrency.atomusdt;
[2025-08-27T12:41:24.913+0000] {subprocess.py:93} INFO -                               ^
[2025-08-27T12:41:24.913+0000] {subprocess.py:93} INFO - 
[2025-08-27T12:41:24.913+0000] {subprocess.py:93} INFO - 96/100 JSTUSDT lỗi: relation "cryptocurrency.jstusdt" does not exist
[2025-08-27T12:41:24.914+0000] {subprocess.py:93} INFO - LINE 1: SELECT MAX(time) FROM cryptocurrency.jstusdt;
[2025-08-27T12:41:24.914+0000] {subprocess.py:93} INFO -                               ^
[2025-08-27T12:41:24.914+0000] {subprocess.py:93} INFO - 
[2025-08-27T12:41:24.914+0000] {subprocess.py:93} INFO - 97/100 JUPUSDT lỗi: relation "cryptocurrency.jupusdt" does not exist
[2025-08-27T12:41:24.915+0000] {subprocess.py:93} INFO - LINE 1: SELECT MAX(time) FROM cryptocurrency.jupusdt;
[2025-08-27T12:41:24.915+0000] {subprocess.py:93} INFO -                               ^
[2025-08-27T12:41:24.915+0000] {subprocess.py:93} INFO - 
[2025-08-27T12:41:24.915+0000] {subprocess.py:93} INFO - 98/100 IDUSDT lỗi: relation "cryptocurrency.idusdt" does not exist
[2025-08-27T12:41:24.916+0000] {subprocess.py:93} INFO - LINE 1: SELECT MAX(time) FROM cryptocurrency.idusdt;
[2025-08-27T12:41:24.916+0000] {subprocess.py:93} INFO -                               ^
[2025-08-27T12:41:24.916+0000] {subprocess.py:93} INFO - 
[2025-08-27T12:41:24.916+0000] {subprocess.py:93} INFO - 99/100 HYPERUSDT lỗi: relation "cryptocurrency.hyperusdt" does not exist
[2025-08-27T12:41:24.916+0000] {subprocess.py:93} INFO - LINE 1: SELECT MAX(time) FROM cryptocurrency.hyperusdt;
[2025-08-27T12:41:24.917+0000] {subprocess.py:93} INFO -                               ^
[2025-08-27T12:41:24.917+0000] {subprocess.py:93} INFO - 
[2025-08-27T12:41:24.917+0000] {subprocess.py:93} INFO - ⚠️ TIAUSDT lỗi lần 1/3: HTTPSConnectionPool(host='api.binance.com', port=443): Read timed out. (read timeout=15)
[2025-08-27T12:41:24.917+0000] {subprocess.py:93} INFO - ✅ TIAUSDT: thêm 1 dòng mới
[2025-08-27T12:41:24.918+0000] {subprocess.py:93} INFO - 100/100 TIAUSDT lưu OK
[2025-08-27T12:41:25.036+0000] {subprocess.py:97} INFO - Command exited with return code 0
[2025-08-27T12:41:25.037+0000] {taskinstance.py:441} INFO - ::group::Post task execution logs
[2025-08-27T12:41:25.066+0000] {taskinstance.py:1206} INFO - Marking task as SUCCESS. dag_id=crypto_collector_dag, task_id=run_crypto_collector, run_id=scheduled__2025-08-27T12:40:00+00:00, execution_date=20250827T124000, start_date=20250827T124101, end_date=20250827T124125
[2025-08-27T12:41:25.117+0000] {local_task_job_runner.py:240} INFO - Task exited with return code 0
[2025-08-27T12:41:25.143+0000] {taskinstance.py:3498} INFO - 0 downstream tasks scheduled from follow-on schedule check
[2025-08-27T12:41:25.144+0000] {local_task_job_runner.py:222} INFO - ::endgroup::
