[2025-09-04T07:51:02.003+0000] {local_task_job_runner.py:120} INFO - ::group::Pre task execution logs
[2025-09-04T07:51:02.031+0000] {taskinstance.py:2076} INFO - Dependencies all met for dep_context=non-requeueable deps ti=<TaskInstance: foreign_1_live.save_foreign_1 scheduled__2025-09-04T07:50:00+00:00 [queued]>
[2025-09-04T07:51:02.041+0000] {taskinstance.py:2076} INFO - Dependencies all met for dep_context=requeueable deps ti=<TaskInstance: foreign_1_live.save_foreign_1 scheduled__2025-09-04T07:50:00+00:00 [queued]>
[2025-09-04T07:51:02.042+0000] {taskinstance.py:2306} INFO - Starting attempt 1 of 11
[2025-09-04T07:51:02.056+0000] {taskinstance.py:2330} INFO - Executing <Task(PythonOperator): save_foreign_1> on 2025-09-04 07:50:00+00:00
[2025-09-04T07:51:02.065+0000] {standard_task_runner.py:63} INFO - Started process 2944422 to run task
[2025-09-04T07:51:02.070+0000] {standard_task_runner.py:90} INFO - Running: ['***', 'tasks', 'run', 'foreign_1_live', 'save_foreign_1', 'scheduled__2025-09-04T07:50:00+00:00', '--job-id', '95328', '--raw', '--subdir', 'DAGS_FOLDER/dag_foreign_1_live.py', '--cfg-path', '/tmp/tmpvjcl1u32']
[2025-09-04T07:51:02.073+0000] {standard_task_runner.py:91} INFO - Job 95328: Subtask save_foreign_1
[2025-09-04T07:51:02.124+0000] {task_command.py:426} INFO - Running <TaskInstance: foreign_1_live.save_foreign_1 scheduled__2025-09-04T07:50:00+00:00 [running]> on host 1877907bc043
[2025-09-04T07:51:02.256+0000] {taskinstance.py:2648} INFO - Exporting env vars: AIRFLOW_CTX_DAG_OWNER='***' AIRFLOW_CTX_DAG_ID='foreign_1_live' AIRFLOW_CTX_TASK_ID='save_foreign_1' AIRFLOW_CTX_EXECUTION_DATE='2025-09-04T07:50:00+00:00' AIRFLOW_CTX_TRY_NUMBER='1' AIRFLOW_CTX_DAG_RUN_ID='scheduled__2025-09-04T07:50:00+00:00'
[2025-09-04T07:51:02.258+0000] {taskinstance.py:430} INFO - ::endgroup::
[2025-09-04T07:51:02.287+0000] {foreign_1.py:18} INFO - Kết nối DB
[2025-09-04T07:51:02.939+0000] {foreign_1.py:28} INFO - Đã lưu foreign_ALL
[2025-09-04T07:51:02.940+0000] {foreign_1.py:18} INFO - Kết nối DB
[2025-09-04T07:51:03.522+0000] {foreign_1.py:28} INFO - Đã lưu foreign_HOSE
[2025-09-04T07:51:03.524+0000] {foreign_1.py:18} INFO - Kết nối DB
[2025-09-04T07:51:04.152+0000] {foreign_1.py:28} INFO - Đã lưu foreign_HNX
[2025-09-04T07:51:04.154+0000] {foreign_1.py:18} INFO - Kết nối DB
[2025-09-04T07:51:05.687+0000] {foreign_1.py:28} INFO - Đã lưu foreign_UPCOM
[2025-09-04T07:51:05.688+0000] {python.py:237} INFO - Done. Returned value was: None
[2025-09-04T07:51:05.689+0000] {taskinstance.py:441} INFO - ::group::Post task execution logs
[2025-09-04T07:51:05.703+0000] {taskinstance.py:1206} INFO - Marking task as SUCCESS. dag_id=foreign_1_live, task_id=save_foreign_1, run_id=scheduled__2025-09-04T07:50:00+00:00, execution_date=20250904T075000, start_date=20250904T075102, end_date=20250904T075105
[2025-09-04T07:51:05.772+0000] {local_task_job_runner.py:240} INFO - Task exited with return code 0
[2025-09-04T07:51:05.814+0000] {taskinstance.py:3498} INFO - 4 downstream tasks scheduled from follow-on schedule check
[2025-09-04T07:51:05.816+0000] {local_task_job_runner.py:222} INFO - ::endgroup::
