[2025-09-01T10:26:20.539+0000] {local_task_job_runner.py:120} INFO - ::group::Pre task execution logs
[2025-09-01T10:26:20.563+0000] {taskinstance.py:2076} INFO - Dependencies all met for dep_context=non-requeueable deps ti=<TaskInstance: market_table_foreign.foreign_UPCOM scheduled__2025-08-31T17:19:00+00:00 [queued]>
[2025-09-01T10:26:20.572+0000] {taskinstance.py:2076} INFO - Dependencies all met for dep_context=requeueable deps ti=<TaskInstance: market_table_foreign.foreign_UPCOM scheduled__2025-08-31T17:19:00+00:00 [queued]>
[2025-09-01T10:26:20.572+0000] {taskinstance.py:2306} INFO - Starting attempt 1 of 11
[2025-09-01T10:26:20.584+0000] {taskinstance.py:2330} INFO - Executing <Task(PythonOperator): foreign_UPCOM> on 2025-08-31 17:19:00+00:00
[2025-09-01T10:26:20.592+0000] {standard_task_runner.py:63} INFO - Started process 2318236 to run task
[2025-09-01T10:26:20.595+0000] {standard_task_runner.py:90} INFO - Running: ['***', 'tasks', 'run', 'market_table_foreign', 'foreign_UPCOM', 'scheduled__2025-08-31T17:19:00+00:00', '--job-id', '42208', '--raw', '--subdir', 'DAGS_FOLDER/dag_market_live.py', '--cfg-path', '/tmp/tmp_fafigc8']
[2025-09-01T10:26:20.597+0000] {standard_task_runner.py:91} INFO - Job 42208: Subtask foreign_UPCOM
[2025-09-01T10:26:20.647+0000] {task_command.py:426} INFO - Running <TaskInstance: market_table_foreign.foreign_UPCOM scheduled__2025-08-31T17:19:00+00:00 [running]> on host 1877907bc043
[2025-09-01T10:26:20.749+0000] {taskinstance.py:2648} INFO - Exporting env vars: AIRFLOW_CTX_DAG_OWNER='***' AIRFLOW_CTX_DAG_ID='market_table_foreign' AIRFLOW_CTX_TASK_ID='foreign_UPCOM' AIRFLOW_CTX_EXECUTION_DATE='2025-08-31T17:19:00+00:00' AIRFLOW_CTX_TRY_NUMBER='1' AIRFLOW_CTX_DAG_RUN_ID='scheduled__2025-08-31T17:19:00+00:00'
[2025-09-01T10:26:20.750+0000] {taskinstance.py:430} INFO - ::endgroup::
[2025-09-01T10:26:20.765+0000] {foreign_UPCOM.py:17} INFO - Kết nối DB
[2025-09-01T10:26:21.258+0000] {foreign_UPCOM.py:42} INFO - Đã lưu foreign_UPCOM
[2025-09-01T10:26:21.259+0000] {python.py:237} INFO - Done. Returned value was: None
[2025-09-01T10:26:21.260+0000] {taskinstance.py:441} INFO - ::group::Post task execution logs
[2025-09-01T10:26:21.271+0000] {taskinstance.py:1206} INFO - Marking task as SUCCESS. dag_id=market_table_foreign, task_id=foreign_UPCOM, run_id=scheduled__2025-08-31T17:19:00+00:00, execution_date=20250831T171900, start_date=20250901T102620, end_date=20250901T102621
[2025-09-01T10:26:21.329+0000] {local_task_job_runner.py:240} INFO - Task exited with return code 0
[2025-09-01T10:26:21.368+0000] {taskinstance.py:3498} INFO - 0 downstream tasks scheduled from follow-on schedule check
[2025-09-01T10:26:21.370+0000] {local_task_job_runner.py:222} INFO - ::endgroup::
[2025-09-01T10:27:26.702+0000] {local_task_job_runner.py:120} INFO - ::group::Pre task execution logs
[2025-09-01T10:27:26.728+0000] {taskinstance.py:2076} INFO - Dependencies all met for dep_context=non-requeueable deps ti=<TaskInstance: market_table_foreign.foreign_UPCOM scheduled__2025-08-31T17:19:00+00:00 [queued]>
[2025-09-01T10:27:26.738+0000] {taskinstance.py:2076} INFO - Dependencies all met for dep_context=requeueable deps ti=<TaskInstance: market_table_foreign.foreign_UPCOM scheduled__2025-08-31T17:19:00+00:00 [queued]>
[2025-09-01T10:27:26.739+0000] {taskinstance.py:2306} INFO - Starting attempt 1 of 11
[2025-09-01T10:27:26.754+0000] {taskinstance.py:2330} INFO - Executing <Task(PythonOperator): foreign_UPCOM> on 2025-08-31 17:19:00+00:00
[2025-09-01T10:27:26.762+0000] {standard_task_runner.py:63} INFO - Started process 2319051 to run task
[2025-09-01T10:27:26.766+0000] {standard_task_runner.py:90} INFO - Running: ['***', 'tasks', 'run', 'market_table_foreign', 'foreign_UPCOM', 'scheduled__2025-08-31T17:19:00+00:00', '--job-id', '42450', '--raw', '--subdir', 'DAGS_FOLDER/dag_market_live.py', '--cfg-path', '/tmp/tmpw_qa8bmh']
[2025-09-01T10:27:26.770+0000] {standard_task_runner.py:91} INFO - Job 42450: Subtask foreign_UPCOM
[2025-09-01T10:27:26.825+0000] {task_command.py:426} INFO - Running <TaskInstance: market_table_foreign.foreign_UPCOM scheduled__2025-08-31T17:19:00+00:00 [running]> on host 1877907bc043
[2025-09-01T10:27:26.938+0000] {taskinstance.py:2648} INFO - Exporting env vars: AIRFLOW_CTX_DAG_OWNER='***' AIRFLOW_CTX_DAG_ID='market_table_foreign' AIRFLOW_CTX_TASK_ID='foreign_UPCOM' AIRFLOW_CTX_EXECUTION_DATE='2025-08-31T17:19:00+00:00' AIRFLOW_CTX_TRY_NUMBER='1' AIRFLOW_CTX_DAG_RUN_ID='scheduled__2025-08-31T17:19:00+00:00'
[2025-09-01T10:27:26.939+0000] {taskinstance.py:430} INFO - ::endgroup::
[2025-09-01T10:27:26.967+0000] {foreign_UPCOM.py:17} INFO - Kết nối DB
[2025-09-01T10:27:27.273+0000] {foreign_UPCOM.py:42} INFO - Đã lưu foreign_UPCOM
[2025-09-01T10:27:27.277+0000] {python.py:237} INFO - Done. Returned value was: None
[2025-09-01T10:27:27.278+0000] {taskinstance.py:441} INFO - ::group::Post task execution logs
[2025-09-01T10:27:27.292+0000] {taskinstance.py:1206} INFO - Marking task as SUCCESS. dag_id=market_table_foreign, task_id=foreign_UPCOM, run_id=scheduled__2025-08-31T17:19:00+00:00, execution_date=20250831T171900, start_date=20250901T102726, end_date=20250901T102727
[2025-09-01T10:27:27.339+0000] {local_task_job_runner.py:240} INFO - Task exited with return code 0
[2025-09-01T10:27:27.350+0000] {local_task_job_runner.py:222} INFO - ::endgroup::
