[2025-08-25T06:25:01.158+0000] {local_task_job_runner.py:120} INFO - ::group::Pre task execution logs
[2025-08-25T06:25:01.193+0000] {taskinstance.py:2076} INFO - Dependencies all met for dep_context=non-requeueable deps ti=<TaskInstance: crypto_collector_dag.run_crypto_collector scheduled__2025-08-25T06:24:00+00:00 [queued]>
[2025-08-25T06:25:01.203+0000] {taskinstance.py:2076} INFO - Dependencies all met for dep_context=requeueable deps ti=<TaskInstance: crypto_collector_dag.run_crypto_collector scheduled__2025-08-25T06:24:00+00:00 [queued]>
[2025-08-25T06:25:01.204+0000] {taskinstance.py:2306} INFO - Starting attempt 1 of 2
[2025-08-25T06:25:01.218+0000] {taskinstance.py:2330} INFO - Executing <Task(BashOperator): run_crypto_collector> on 2025-08-25 06:24:00+00:00
[2025-08-25T06:25:01.224+0000] {standard_task_runner.py:63} INFO - Started process 1165566 to run task
[2025-08-25T06:25:01.230+0000] {standard_task_runner.py:90} INFO - Running: ['***', 'tasks', 'run', 'crypto_collector_dag', 'run_crypto_collector', 'scheduled__2025-08-25T06:24:00+00:00', '--job-id', '23204', '--raw', '--subdir', 'DAGS_FOLDER/crawl_crypto/dags_crypto.py', '--cfg-path', '/tmp/tmptg6ktwdi']
[2025-08-25T06:25:01.231+0000] {standard_task_runner.py:91} INFO - Job 23204: Subtask run_crypto_collector
[2025-08-25T06:25:01.292+0000] {task_command.py:426} INFO - Running <TaskInstance: crypto_collector_dag.run_crypto_collector scheduled__2025-08-25T06:24:00+00:00 [running]> on host 1877907bc043
[2025-08-25T06:25:01.397+0000] {taskinstance.py:2648} INFO - Exporting env vars: AIRFLOW_CTX_DAG_OWNER='***' AIRFLOW_CTX_DAG_ID='crypto_collector_dag' AIRFLOW_CTX_TASK_ID='run_crypto_collector' AIRFLOW_CTX_EXECUTION_DATE='2025-08-25T06:24:00+00:00' AIRFLOW_CTX_TRY_NUMBER='1' AIRFLOW_CTX_DAG_RUN_ID='scheduled__2025-08-25T06:24:00+00:00'
[2025-08-25T06:25:01.398+0000] {taskinstance.py:430} INFO - ::endgroup::
[2025-08-25T06:25:01.415+0000] {subprocess.py:63} INFO - Tmp dir root location: /tmp
[2025-08-25T06:25:01.416+0000] {subprocess.py:75} INFO - Running command: ['/usr/bin/bash', '-c', 'python3 /opt/***/dags/crawl_crypto/crawl_data_crypto.py']
[2025-08-25T06:25:01.430+0000] {subprocess.py:86} INFO - Output:
[2025-08-25T06:25:07.192+0000] {subprocess.py:93} INFO - 🔹 Kết nối DB...
[2025-08-25T06:25:07.193+0000] {subprocess.py:93} INFO - 🔹 Lấy top 100 crypto...
[2025-08-25T06:25:07.193+0000] {subprocess.py:93} INFO - Top 100: ['ETHUSDT', 'BTCUSDT', 'USDCUSDT', 'SOLUSDT', 'XRPUSDT', 'DOGEUSDT', 'FDUSDUSDT', 'BIOUSDT', 'ADAUSDT', 'BNBUSDT', 'SUIUSDT', 'TRXUSDT', 'LINKUSDT', 'PEPEUSDT', 'ENAUSDT', 'ARBUSDT', 'MEMEUSDT', 'AVAXUSDT', 'PENGUUSDT', 'UNIUSDT', 'LTCUSDT', 'PLUMEUSDT', 'AAVEUSDT', 'WIFUSDT', 'SEIUSDT', 'QTUMUSDT', 'HBARUSDT', 'NEOUSDT', 'WLDUSDT', 'DOTUSDT', 'BONKUSDT', 'LDOUSDT', 'NEARUSDT', 'ETHFIUSDT', 'OPUSDT', 'FILUSDT', 'TRUMPUSDT', 'CRVUSDT', 'ONDOUSDT', 'XLMUSDT', 'BOMEUSDT', 'AEURUSDT', 'ETCUSDT', 'APTUSDT', 'PENDLEUSDT', 'VETUSDT', 'SHIBUSDT', 'SUSDT', 'RAYUSDT', 'FLOKIUSDT', 'TAOUSDT', 'ONTUSDT', 'PNUTUSDT', 'VIRTUALUSDT', 'POLUSDT', 'RADUSDT', 'BCHUSDT', 'TIAUSDT', 'ALGOUSDT', 'NEIROUSDT', 'GALAUSDT', 'EURUSDT', 'SYRUPUSDT', 'EIGENUSDT', 'MAVUSDT', 'TONUSDT', 'SLFUSDT', 'INJUSDT', 'RUNEUSDT', 'CFXUSDT', 'ZKUSDT', 'ICPUSDT', 'FETUSDT', 'SPELLUSDT', 'ATOMUSDT', 'CAKEUSDT', 'BBUSDT', 'HAEDALUSDT', 'RENDERUSDT', 'ZROUSDT', 'ORDIUSDT', 'ASRUSDT', 'JUPUSDT', 'BERAUSDT', 'ENSUSDT', 'SPKUSDT', 'MKRUSDT', 'HOOKUSDT', 'GASUSDT', 'SHELLUSDT', 'ARKMUSDT', 'WCTUSDT', 'ONGUSDT', 'NTRNUSDT', 'WBTCUSDT', 'TKOUSDT', 'AUCTIONUSDT', 'WBETHUSDT', 'STRKUSDT', 'OMUSDT']
[2025-08-25T06:25:07.194+0000] {subprocess.py:93} INFO - 🔹 Lưu lịch sử giá vào DB bằng threading...
[2025-08-25T06:25:07.194+0000] {subprocess.py:93} INFO - ✅ SOLUSDT: thêm 1 dòng mới
[2025-08-25T06:25:07.194+0000] {subprocess.py:93} INFO - 1/100 SOLUSDT lưu OK
[2025-08-25T06:25:07.195+0000] {subprocess.py:93} INFO - 2/100 BIOUSDT lỗi: relation "cryptocurrency.biousdt" does not exist
[2025-08-25T06:25:07.195+0000] {subprocess.py:93} INFO - LINE 1: SELECT MAX(time) FROM cryptocurrency.biousdt;
[2025-08-25T06:25:07.195+0000] {subprocess.py:93} INFO -                               ^
[2025-08-25T06:25:07.195+0000] {subprocess.py:93} INFO - 
[2025-08-25T06:25:07.196+0000] {subprocess.py:93} INFO - ✅ BTCUSDT: thêm 1 dòng mới
[2025-08-25T06:25:07.196+0000] {subprocess.py:93} INFO - 3/100 BTCUSDT lưu OK
[2025-08-25T06:25:07.196+0000] {subprocess.py:93} INFO - ✅ ETHUSDT: thêm 1 dòng mới
[2025-08-25T06:25:07.197+0000] {subprocess.py:93} INFO - 4/100 ETHUSDT lưu OK
[2025-08-25T06:25:07.197+0000] {subprocess.py:93} INFO - ✅ USDCUSDT: thêm 1 dòng mới
[2025-08-25T06:25:07.197+0000] {subprocess.py:93} INFO - 5/100 USDCUSDT lưu OK
[2025-08-25T06:25:07.198+0000] {subprocess.py:93} INFO - ✅ ADAUSDT: thêm 1 dòng mới
[2025-08-25T06:25:07.198+0000] {subprocess.py:93} INFO - 6/100 ADAUSDT lưu OK
[2025-08-25T06:25:07.198+0000] {subprocess.py:93} INFO - ✅ DOGEUSDT: thêm 1 dòng mới
[2025-08-25T06:25:07.198+0000] {subprocess.py:93} INFO - 7/100 DOGEUSDT lưu OK
[2025-08-25T06:25:07.199+0000] {subprocess.py:93} INFO - ✅ BNBUSDT: thêm 1 dòng mới
[2025-08-25T06:25:07.199+0000] {subprocess.py:93} INFO - 8/100 BNBUSDT lưu OK
[2025-08-25T06:25:07.199+0000] {subprocess.py:93} INFO - ✅ XRPUSDT: thêm 1 dòng mới
[2025-08-25T06:25:07.199+0000] {subprocess.py:93} INFO - 9/100 XRPUSDT lưu OK
[2025-08-25T06:25:07.200+0000] {subprocess.py:93} INFO - ✅ FDUSDUSDT: thêm 1 dòng mới
[2025-08-25T06:25:07.200+0000] {subprocess.py:93} INFO - 10/100 FDUSDUSDT lưu OK
[2025-08-25T06:25:07.200+0000] {subprocess.py:93} INFO - ✅ SUIUSDT: thêm 1 dòng mới
[2025-08-25T06:25:07.200+0000] {subprocess.py:93} INFO - 11/100 SUIUSDT lưu OK
[2025-08-25T06:25:07.200+0000] {subprocess.py:93} INFO - ✅ LINKUSDT: thêm 1 dòng mới
[2025-08-25T06:25:07.201+0000] {subprocess.py:93} INFO - 12/100 LINKUSDT lưu OK
[2025-08-25T06:25:07.201+0000] {subprocess.py:93} INFO - ✅ TRXUSDT: thêm 1 dòng mới
[2025-08-25T06:25:07.201+0000] {subprocess.py:93} INFO - 13/100 TRXUSDT lưu OK
[2025-08-25T06:25:07.201+0000] {subprocess.py:93} INFO - 14/100 MEMEUSDT lỗi: relation "cryptocurrency.memeusdt" does not exist
[2025-08-25T06:25:07.201+0000] {subprocess.py:93} INFO - LINE 1: SELECT MAX(time) FROM cryptocurrency.memeusdt;
[2025-08-25T06:25:07.202+0000] {subprocess.py:93} INFO -                               ^
[2025-08-25T06:25:07.202+0000] {subprocess.py:93} INFO - 
[2025-08-25T06:25:07.202+0000] {subprocess.py:93} INFO - ✅ ENAUSDT: thêm 1 dòng mới
[2025-08-25T06:25:07.202+0000] {subprocess.py:93} INFO - 15/100 ENAUSDT lưu OK
[2025-08-25T06:25:07.202+0000] {subprocess.py:93} INFO - ✅ UNIUSDT: thêm 1 dòng mới
[2025-08-25T06:25:07.203+0000] {subprocess.py:93} INFO - 16/100 UNIUSDT lưu OK
[2025-08-25T06:25:07.203+0000] {subprocess.py:93} INFO - ✅ AVAXUSDT: thêm 1 dòng mới
[2025-08-25T06:25:07.203+0000] {subprocess.py:93} INFO - 17/100 AVAXUSDT lưu OK
[2025-08-25T06:25:07.203+0000] {subprocess.py:93} INFO - ✅ PEPEUSDT: thêm 1 dòng mới
[2025-08-25T06:25:07.204+0000] {subprocess.py:93} INFO - 18/100 PEPEUSDT lưu OK
[2025-08-25T06:25:07.204+0000] {subprocess.py:93} INFO - ✅ ARBUSDT: thêm 1 dòng mới
[2025-08-25T06:25:07.204+0000] {subprocess.py:93} INFO - 19/100 ARBUSDT lưu OK
[2025-08-25T06:25:07.204+0000] {subprocess.py:93} INFO - ✅ PENGUUSDT: thêm 1 dòng mới
[2025-08-25T06:25:07.205+0000] {subprocess.py:93} INFO - 20/100 PENGUUSDT lưu OK
[2025-08-25T06:25:07.205+0000] {subprocess.py:93} INFO - ✅ LTCUSDT: thêm 1 dòng mới
[2025-08-25T06:25:07.206+0000] {subprocess.py:93} INFO - 21/100 LTCUSDT lưu OK
[2025-08-25T06:25:07.206+0000] {subprocess.py:93} INFO - 22/100 PLUMEUSDT lỗi: relation "cryptocurrency.plumeusdt" does not exist
[2025-08-25T06:25:07.206+0000] {subprocess.py:93} INFO - LINE 1: SELECT MAX(time) FROM cryptocurrency.plumeusdt;
[2025-08-25T06:25:07.206+0000] {subprocess.py:93} INFO -                               ^
[2025-08-25T06:25:07.207+0000] {subprocess.py:93} INFO - 
[2025-08-25T06:25:07.207+0000] {subprocess.py:93} INFO - ✅ AAVEUSDT: thêm 1 dòng mới
[2025-08-25T06:25:07.207+0000] {subprocess.py:93} INFO - 23/100 AAVEUSDT lưu OK
[2025-08-25T06:25:07.207+0000] {subprocess.py:93} INFO - ✅ SEIUSDT: thêm 1 dòng mới
[2025-08-25T06:25:07.207+0000] {subprocess.py:93} INFO - 24/100 SEIUSDT lưu OK
[2025-08-25T06:25:07.208+0000] {subprocess.py:93} INFO - 25/100 QTUMUSDT lỗi: relation "cryptocurrency.qtumusdt" does not exist
[2025-08-25T06:25:07.208+0000] {subprocess.py:93} INFO - LINE 1: SELECT MAX(time) FROM cryptocurrency.qtumusdt;
[2025-08-25T06:25:07.208+0000] {subprocess.py:93} INFO -                               ^
[2025-08-25T06:25:07.208+0000] {subprocess.py:93} INFO - 
[2025-08-25T06:25:07.209+0000] {subprocess.py:93} INFO - ✅ HBARUSDT: thêm 1 dòng mới
[2025-08-25T06:25:07.209+0000] {subprocess.py:93} INFO - 26/100 HBARUSDT lưu OK
[2025-08-25T06:25:07.209+0000] {subprocess.py:93} INFO - 27/100 NEOUSDT lỗi: relation "cryptocurrency.neousdt" does not exist
[2025-08-25T06:25:07.209+0000] {subprocess.py:93} INFO - LINE 1: SELECT MAX(time) FROM cryptocurrency.neousdt;
[2025-08-25T06:25:07.209+0000] {subprocess.py:93} INFO -                               ^
[2025-08-25T06:25:07.210+0000] {subprocess.py:93} INFO - 
[2025-08-25T06:25:07.210+0000] {subprocess.py:93} INFO - ✅ DOTUSDT: thêm 1 dòng mới
[2025-08-25T06:25:07.210+0000] {subprocess.py:93} INFO - 28/100 DOTUSDT lưu OK
[2025-08-25T06:25:07.210+0000] {subprocess.py:93} INFO - ✅ WIFUSDT: thêm 1 dòng mới
[2025-08-25T06:25:07.210+0000] {subprocess.py:93} INFO - 29/100 WIFUSDT lưu OK
[2025-08-25T06:25:07.211+0000] {subprocess.py:93} INFO - ✅ WLDUSDT: thêm 1 dòng mới
[2025-08-25T06:25:07.211+0000] {subprocess.py:93} INFO - 30/100 WLDUSDT lưu OK
[2025-08-25T06:25:07.211+0000] {subprocess.py:93} INFO - ✅ BONKUSDT: thêm 1 dòng mới
[2025-08-25T06:25:07.211+0000] {subprocess.py:93} INFO - 31/100 BONKUSDT lưu OK
[2025-08-25T06:25:07.212+0000] {subprocess.py:93} INFO - ✅ LDOUSDT: thêm 1 dòng mới
[2025-08-25T06:25:07.212+0000] {subprocess.py:93} INFO - 32/100 LDOUSDT lưu OK
[2025-08-25T06:25:07.212+0000] {subprocess.py:93} INFO - ✅ NEARUSDT: thêm 1 dòng mới
[2025-08-25T06:25:07.213+0000] {subprocess.py:93} INFO - 33/100 NEARUSDT lưu OK
[2025-08-25T06:25:07.213+0000] {subprocess.py:93} INFO - ✅ ETHFIUSDT: thêm 1 dòng mới
[2025-08-25T06:25:07.213+0000] {subprocess.py:93} INFO - 34/100 ETHFIUSDT lưu OK
[2025-08-25T06:25:07.213+0000] {subprocess.py:93} INFO - ✅ OPUSDT: thêm 1 dòng mới
[2025-08-25T06:25:07.214+0000] {subprocess.py:93} INFO - 35/100 OPUSDT lưu OK
[2025-08-25T06:25:07.214+0000] {subprocess.py:93} INFO - ✅ FILUSDT: thêm 1 dòng mới
[2025-08-25T06:25:07.214+0000] {subprocess.py:93} INFO - 36/100 FILUSDT lưu OK
[2025-08-25T06:25:07.215+0000] {subprocess.py:93} INFO - 37/100 BOMEUSDT lỗi: relation "cryptocurrency.bomeusdt" does not exist
[2025-08-25T06:25:07.215+0000] {subprocess.py:93} INFO - LINE 1: SELECT MAX(time) FROM cryptocurrency.bomeusdt;
[2025-08-25T06:25:07.215+0000] {subprocess.py:93} INFO -                               ^
[2025-08-25T06:25:07.215+0000] {subprocess.py:93} INFO - 
[2025-08-25T06:25:07.216+0000] {subprocess.py:93} INFO - ✅ ONDOUSDT: thêm 1 dòng mới
[2025-08-25T06:25:07.216+0000] {subprocess.py:93} INFO - ✅ TRUMPUSDT: thêm 1 dòng mới
[2025-08-25T06:25:07.216+0000] {subprocess.py:93} INFO - 38/100 ONDOUSDT lưu OK
[2025-08-25T06:25:07.216+0000] {subprocess.py:93} INFO - 39/100 TRUMPUSDT lưu OK
[2025-08-25T06:25:07.217+0000] {subprocess.py:93} INFO - ✅ CRVUSDT: thêm 1 dòng mới
[2025-08-25T06:25:07.217+0000] {subprocess.py:93} INFO - 40/100 CRVUSDT lưu OK
[2025-08-25T06:25:07.217+0000] {subprocess.py:93} INFO - ✅ XLMUSDT: thêm 1 dòng mới
[2025-08-25T06:25:07.218+0000] {subprocess.py:93} INFO - 41/100 XLMUSDT lưu OK
[2025-08-25T06:25:07.218+0000] {subprocess.py:93} INFO - 42/100 AEURUSDT lỗi: relation "cryptocurrency.aeurusdt" does not exist
[2025-08-25T06:25:07.218+0000] {subprocess.py:93} INFO - LINE 1: SELECT MAX(time) FROM cryptocurrency.aeurusdt;
[2025-08-25T06:25:07.218+0000] {subprocess.py:93} INFO -                               ^
[2025-08-25T06:25:07.219+0000] {subprocess.py:93} INFO - 
[2025-08-25T06:25:07.219+0000] {subprocess.py:93} INFO - ✅ ETCUSDT: thêm 1 dòng mới
[2025-08-25T06:25:07.219+0000] {subprocess.py:93} INFO - 43/100 ETCUSDT lưu OK
[2025-08-25T06:25:07.220+0000] {subprocess.py:93} INFO - ✅ PENDLEUSDT: thêm 1 dòng mới
[2025-08-25T06:25:07.220+0000] {subprocess.py:93} INFO - 44/100 PENDLEUSDT lưu OK
[2025-08-25T06:25:07.220+0000] {subprocess.py:93} INFO - 45/100 VETUSDT lỗi: relation "cryptocurrency.vetusdt" does not exist
[2025-08-25T06:25:07.220+0000] {subprocess.py:93} INFO - LINE 1: SELECT MAX(time) FROM cryptocurrency.vetusdt;
[2025-08-25T06:25:07.221+0000] {subprocess.py:93} INFO -                               ^
[2025-08-25T06:25:07.221+0000] {subprocess.py:93} INFO - 
[2025-08-25T06:25:07.221+0000] {subprocess.py:93} INFO - ✅ APTUSDT: thêm 1 dòng mới
[2025-08-25T06:25:07.221+0000] {subprocess.py:93} INFO - 46/100 APTUSDT lưu OK
[2025-08-25T06:25:07.222+0000] {subprocess.py:93} INFO - ✅ SHIBUSDT: thêm 1 dòng mới
[2025-08-25T06:25:07.222+0000] {subprocess.py:93} INFO - 47/100 SHIBUSDT lưu OK
[2025-08-25T06:25:07.222+0000] {subprocess.py:93} INFO - ✅ SUSDT: thêm 1 dòng mới
[2025-08-25T06:25:07.223+0000] {subprocess.py:93} INFO - 48/100 SUSDT lưu OK
[2025-08-25T06:25:07.223+0000] {subprocess.py:93} INFO - ✅ POLUSDT: thêm 1 dòng mới
[2025-08-25T06:25:07.223+0000] {subprocess.py:93} INFO - 49/100 POLUSDT lưu OK
[2025-08-25T06:25:07.223+0000] {subprocess.py:93} INFO - ✅ RAYUSDT: thêm 1 dòng mới
[2025-08-25T06:25:07.224+0000] {subprocess.py:93} INFO - 50/100 RAYUSDT lưu OK
[2025-08-25T06:25:07.224+0000] {subprocess.py:93} INFO - ✅ TAOUSDT: thêm 1 dòng mới
[2025-08-25T06:25:07.224+0000] {subprocess.py:93} INFO - 51/100 ONTUSDT lỗi: relation "cryptocurrency.ontusdt" does not exist
[2025-08-25T06:25:07.225+0000] {subprocess.py:93} INFO - LINE 1: SELECT MAX(time) FROM cryptocurrency.ontusdt;
[2025-08-25T06:25:07.225+0000] {subprocess.py:93} INFO -                               ^
[2025-08-25T06:25:07.225+0000] {subprocess.py:93} INFO - 
[2025-08-25T06:25:07.225+0000] {subprocess.py:93} INFO - 52/100 TAOUSDT lưu OK
[2025-08-25T06:25:07.226+0000] {subprocess.py:93} INFO - ✅ FLOKIUSDT: thêm 1 dòng mới
[2025-08-25T06:25:07.226+0000] {subprocess.py:93} INFO - 53/100 FLOKIUSDT lưu OK
[2025-08-25T06:25:07.226+0000] {subprocess.py:93} INFO - ✅ PNUTUSDT: thêm 1 dòng mới
[2025-08-25T06:25:07.226+0000] {subprocess.py:93} INFO - 54/100 PNUTUSDT lưu OK
[2025-08-25T06:25:07.227+0000] {subprocess.py:93} INFO - ✅ VIRTUALUSDT: thêm 1 dòng mới
[2025-08-25T06:25:07.227+0000] {subprocess.py:93} INFO - 55/100 VIRTUALUSDT lưu OK
[2025-08-25T06:25:07.227+0000] {subprocess.py:93} INFO - 56/100 RADUSDT lỗi: relation "cryptocurrency.radusdt" does not exist
[2025-08-25T06:25:07.228+0000] {subprocess.py:93} INFO - LINE 1: SELECT MAX(time) FROM cryptocurrency.radusdt;
[2025-08-25T06:25:07.228+0000] {subprocess.py:93} INFO -                               ^
[2025-08-25T06:25:07.228+0000] {subprocess.py:93} INFO - 
[2025-08-25T06:25:07.228+0000] {subprocess.py:93} INFO - ✅ BCHUSDT: thêm 1 dòng mới
[2025-08-25T06:25:07.229+0000] {subprocess.py:93} INFO - 57/100 BCHUSDT lưu OK
[2025-08-25T06:25:07.229+0000] {subprocess.py:93} INFO - ✅ TIAUSDT: thêm 1 dòng mới
[2025-08-25T06:25:07.229+0000] {subprocess.py:93} INFO - 58/100 TIAUSDT lưu OK
[2025-08-25T06:25:07.229+0000] {subprocess.py:93} INFO - ✅ NEIROUSDT: thêm 1 dòng mới
[2025-08-25T06:25:07.230+0000] {subprocess.py:93} INFO - 59/100 NEIROUSDT lưu OK
[2025-08-25T06:25:07.230+0000] {subprocess.py:93} INFO - ✅ GALAUSDT: thêm 1 dòng mới
[2025-08-25T06:25:07.230+0000] {subprocess.py:93} INFO - ✅ ALGOUSDT: thêm 1 dòng mới
[2025-08-25T06:25:07.231+0000] {subprocess.py:93} INFO - 60/100 GALAUSDT lưu OK
[2025-08-25T06:25:07.231+0000] {subprocess.py:93} INFO - 61/100 ALGOUSDT lưu OK
[2025-08-25T06:25:07.231+0000] {subprocess.py:93} INFO - ✅ EIGENUSDT: thêm 1 dòng mới
[2025-08-25T06:25:07.231+0000] {subprocess.py:93} INFO - 62/100 EIGENUSDT lưu OK
[2025-08-25T06:25:07.232+0000] {subprocess.py:93} INFO - ✅ EURUSDT: thêm 1 dòng mới
[2025-08-25T06:25:07.232+0000] {subprocess.py:93} INFO - 63/100 EURUSDT lưu OK
[2025-08-25T06:25:07.232+0000] {subprocess.py:93} INFO - ✅ SYRUPUSDT: thêm 1 dòng mới
[2025-08-25T06:25:07.233+0000] {subprocess.py:93} INFO - 64/100 SYRUPUSDT lưu OK
[2025-08-25T06:25:07.233+0000] {subprocess.py:93} INFO - ✅ MAVUSDT: thêm 1 dòng mới
[2025-08-25T06:25:07.233+0000] {subprocess.py:93} INFO - 65/100 MAVUSDT lưu OK
[2025-08-25T06:25:07.233+0000] {subprocess.py:93} INFO - 66/100 SLFUSDT lỗi: relation "cryptocurrency.slfusdt" does not exist
[2025-08-25T06:25:07.234+0000] {subprocess.py:93} INFO - LINE 1: SELECT MAX(time) FROM cryptocurrency.slfusdt;
[2025-08-25T06:25:07.234+0000] {subprocess.py:93} INFO -                               ^
[2025-08-25T06:25:07.234+0000] {subprocess.py:93} INFO - 
[2025-08-25T06:25:07.235+0000] {subprocess.py:93} INFO - ✅ TONUSDT: thêm 1 dòng mới
[2025-08-25T06:25:07.235+0000] {subprocess.py:93} INFO - 67/100 TONUSDT lưu OK
[2025-08-25T06:25:07.235+0000] {subprocess.py:93} INFO - ✅ INJUSDT: thêm 1 dòng mới
[2025-08-25T06:25:07.235+0000] {subprocess.py:93} INFO - 68/100 INJUSDT lưu OK
[2025-08-25T06:25:07.236+0000] {subprocess.py:93} INFO - 69/100 RUNEUSDT lỗi: relation "cryptocurrency.runeusdt" does not exist
[2025-08-25T06:25:07.236+0000] {subprocess.py:93} INFO - LINE 1: SELECT MAX(time) FROM cryptocurrency.runeusdt;
[2025-08-25T06:25:07.236+0000] {subprocess.py:93} INFO -                               ^
[2025-08-25T06:25:07.236+0000] {subprocess.py:93} INFO - 
[2025-08-25T06:25:07.237+0000] {subprocess.py:93} INFO - ✅ CFXUSDT: thêm 1 dòng mới
[2025-08-25T06:25:07.237+0000] {subprocess.py:93} INFO - 70/100 CFXUSDT lưu OK
[2025-08-25T06:25:07.237+0000] {subprocess.py:93} INFO - 71/100 HAEDALUSDT lỗi: relation "cryptocurrency.haedalusdt" does not exist
[2025-08-25T06:25:07.238+0000] {subprocess.py:93} INFO - LINE 1: SELECT MAX(time) FROM cryptocurrency.haedalusdt;
[2025-08-25T06:25:07.238+0000] {subprocess.py:93} INFO -                               ^
[2025-08-25T06:25:07.238+0000] {subprocess.py:93} INFO - 
[2025-08-25T06:25:07.238+0000] {subprocess.py:93} INFO - ✅ ICPUSDT: thêm 1 dòng mới
[2025-08-25T06:25:07.239+0000] {subprocess.py:93} INFO - 72/100 SPELLUSDT lỗi: relation "cryptocurrency.spellusdt" does not exist
[2025-08-25T06:25:07.239+0000] {subprocess.py:93} INFO - LINE 1: SELECT MAX(time) FROM cryptocurrency.spellusdt;
[2025-08-25T06:25:07.239+0000] {subprocess.py:93} INFO -                               ^
[2025-08-25T06:25:07.240+0000] {subprocess.py:93} INFO - 
[2025-08-25T06:25:07.240+0000] {subprocess.py:93} INFO - 73/100 ICPUSDT lưu OK
[2025-08-25T06:25:07.240+0000] {subprocess.py:93} INFO - 74/100 BBUSDT lỗi: relation "cryptocurrency.bbusdt" does not exist
[2025-08-25T06:25:07.240+0000] {subprocess.py:93} INFO - LINE 1: SELECT MAX(time) FROM cryptocurrency.bbusdt;
[2025-08-25T06:25:07.241+0000] {subprocess.py:93} INFO -                               ^
[2025-08-25T06:25:07.241+0000] {subprocess.py:93} INFO - 
[2025-08-25T06:25:07.241+0000] {subprocess.py:93} INFO - 75/100 ZKUSDT lỗi: relation "cryptocurrency.zkusdt" does not exist
[2025-08-25T06:25:07.242+0000] {subprocess.py:93} INFO - LINE 1: SELECT MAX(time) FROM cryptocurrency.zkusdt;
[2025-08-25T06:25:07.242+0000] {subprocess.py:93} INFO -                               ^
[2025-08-25T06:25:07.242+0000] {subprocess.py:93} INFO - 
[2025-08-25T06:25:07.242+0000] {subprocess.py:93} INFO - 76/100 ATOMUSDT lỗi: relation "cryptocurrency.atomusdt" does not exist
[2025-08-25T06:25:07.243+0000] {subprocess.py:93} INFO - LINE 1: SELECT MAX(time) FROM cryptocurrency.atomusdt;
[2025-08-25T06:25:07.243+0000] {subprocess.py:93} INFO -                               ^
[2025-08-25T06:25:07.243+0000] {subprocess.py:93} INFO - 
[2025-08-25T06:25:07.243+0000] {subprocess.py:93} INFO - ✅ CAKEUSDT: thêm 1 dòng mới
[2025-08-25T06:25:07.244+0000] {subprocess.py:93} INFO - 77/100 CAKEUSDT lưu OK
[2025-08-25T06:25:07.244+0000] {subprocess.py:93} INFO - ✅ RENDERUSDT: thêm 1 dòng mới
[2025-08-25T06:25:07.244+0000] {subprocess.py:93} INFO - 78/100 RENDERUSDT lưu OK
[2025-08-25T06:25:07.245+0000] {subprocess.py:93} INFO - ✅ FETUSDT: thêm 1 dòng mới
[2025-08-25T06:25:07.245+0000] {subprocess.py:93} INFO - 79/100 FETUSDT lưu OK
[2025-08-25T06:25:07.245+0000] {subprocess.py:93} INFO - 80/100 ZROUSDT lỗi: relation "cryptocurrency.zrousdt" does not exist
[2025-08-25T06:25:07.245+0000] {subprocess.py:93} INFO - LINE 1: SELECT MAX(time) FROM cryptocurrency.zrousdt;
[2025-08-25T06:25:07.246+0000] {subprocess.py:93} INFO -                               ^
[2025-08-25T06:25:07.246+0000] {subprocess.py:93} INFO - 
[2025-08-25T06:25:07.246+0000] {subprocess.py:93} INFO - ✅ ORDIUSDT: thêm 1 dòng mới
[2025-08-25T06:25:07.247+0000] {subprocess.py:93} INFO - 81/100 ORDIUSDT lưu OK
[2025-08-25T06:25:07.247+0000] {subprocess.py:93} INFO - 82/100 JUPUSDT lỗi: relation "cryptocurrency.jupusdt" does not exist
[2025-08-25T06:25:07.247+0000] {subprocess.py:93} INFO - LINE 1: SELECT MAX(time) FROM cryptocurrency.jupusdt;
[2025-08-25T06:25:07.247+0000] {subprocess.py:93} INFO -                               ^
[2025-08-25T06:25:07.248+0000] {subprocess.py:93} INFO - 
[2025-08-25T06:25:07.248+0000] {subprocess.py:93} INFO - ✅ ASRUSDT: thêm 1 dòng mới
[2025-08-25T06:25:07.248+0000] {subprocess.py:93} INFO - 83/100 ASRUSDT lưu OK
[2025-08-25T06:25:07.249+0000] {subprocess.py:93} INFO - ✅ BERAUSDT: thêm 1 dòng mới
[2025-08-25T06:25:07.249+0000] {subprocess.py:93} INFO - 84/100 BERAUSDT lưu OK
[2025-08-25T06:25:07.249+0000] {subprocess.py:93} INFO - ✅ SPKUSDT: thêm 1 dòng mới
[2025-08-25T06:25:07.249+0000] {subprocess.py:93} INFO - 85/100 SPKUSDT lưu OK
[2025-08-25T06:25:07.250+0000] {subprocess.py:93} INFO - ✅ ENSUSDT: thêm 1 dòng mới
[2025-08-25T06:25:07.250+0000] {subprocess.py:93} INFO - 86/100 ENSUSDT lưu OK
[2025-08-25T06:25:07.626+0000] {subprocess.py:93} INFO - 87/100 HOOKUSDT lỗi: relation "cryptocurrency.hookusdt" does not exist
[2025-08-25T06:25:07.626+0000] {subprocess.py:93} INFO - LINE 1: SELECT MAX(time) FROM cryptocurrency.hookusdt;
[2025-08-25T06:25:07.627+0000] {subprocess.py:93} INFO -                               ^
[2025-08-25T06:25:07.627+0000] {subprocess.py:93} INFO - 
[2025-08-25T06:25:07.627+0000] {subprocess.py:93} INFO - 88/100 GASUSDT lỗi: relation "cryptocurrency.gasusdt" does not exist
[2025-08-25T06:25:07.627+0000] {subprocess.py:93} INFO - LINE 1: SELECT MAX(time) FROM cryptocurrency.gasusdt;
[2025-08-25T06:25:07.627+0000] {subprocess.py:93} INFO -                               ^
[2025-08-25T06:25:07.628+0000] {subprocess.py:93} INFO - 
[2025-08-25T06:25:07.628+0000] {subprocess.py:93} INFO - ✅ ARKMUSDT: thêm 1 dòng mới
[2025-08-25T06:25:07.628+0000] {subprocess.py:93} INFO - 89/100 ARKMUSDT lưu OK
[2025-08-25T06:25:07.628+0000] {subprocess.py:93} INFO - 90/100 SHELLUSDT lỗi: relation "cryptocurrency.shellusdt" does not exist
[2025-08-25T06:25:07.628+0000] {subprocess.py:93} INFO - LINE 1: SELECT MAX(time) FROM cryptocurrency.shellusdt;
[2025-08-25T06:25:07.629+0000] {subprocess.py:93} INFO -                               ^
[2025-08-25T06:25:07.629+0000] {subprocess.py:93} INFO - 
[2025-08-25T06:25:07.629+0000] {subprocess.py:93} INFO - 91/100 WCTUSDT lỗi: relation "cryptocurrency.wctusdt" does not exist
[2025-08-25T06:25:07.630+0000] {subprocess.py:93} INFO - LINE 1: SELECT MAX(time) FROM cryptocurrency.wctusdt;
[2025-08-25T06:25:07.630+0000] {subprocess.py:93} INFO -                               ^
[2025-08-25T06:25:07.630+0000] {subprocess.py:93} INFO - 
[2025-08-25T06:25:07.630+0000] {subprocess.py:93} INFO - 92/100 WBTCUSDT lỗi: relation "cryptocurrency.wbtcusdt" does not exist
[2025-08-25T06:25:07.630+0000] {subprocess.py:93} INFO - LINE 1: SELECT MAX(time) FROM cryptocurrency.wbtcusdt;
[2025-08-25T06:25:07.631+0000] {subprocess.py:93} INFO -                               ^
[2025-08-25T06:25:07.631+0000] {subprocess.py:93} INFO - 
[2025-08-25T06:25:07.631+0000] {subprocess.py:93} INFO - 93/100 ONGUSDT lỗi: relation "cryptocurrency.ongusdt" does not exist
[2025-08-25T06:25:07.631+0000] {subprocess.py:93} INFO - LINE 1: SELECT MAX(time) FROM cryptocurrency.ongusdt;
[2025-08-25T06:25:07.631+0000] {subprocess.py:93} INFO -                               ^
[2025-08-25T06:25:07.632+0000] {subprocess.py:93} INFO - 
[2025-08-25T06:25:07.632+0000] {subprocess.py:93} INFO - 94/100 NTRNUSDT lỗi: relation "cryptocurrency.ntrnusdt" does not exist
[2025-08-25T06:25:07.632+0000] {subprocess.py:93} INFO - LINE 1: SELECT MAX(time) FROM cryptocurrency.ntrnusdt;
[2025-08-25T06:25:07.632+0000] {subprocess.py:93} INFO -                               ^
[2025-08-25T06:25:07.632+0000] {subprocess.py:93} INFO - 
[2025-08-25T06:25:07.633+0000] {subprocess.py:93} INFO - 95/100 TKOUSDT lỗi: relation "cryptocurrency.tkousdt" does not exist
[2025-08-25T06:25:07.633+0000] {subprocess.py:93} INFO - LINE 1: SELECT MAX(time) FROM cryptocurrency.tkousdt;
[2025-08-25T06:25:07.633+0000] {subprocess.py:93} INFO -                               ^
[2025-08-25T06:25:07.633+0000] {subprocess.py:93} INFO - 
[2025-08-25T06:25:07.633+0000] {subprocess.py:93} INFO - 96/100 MKRUSDT lỗi: relation "cryptocurrency.mkrusdt" does not exist
[2025-08-25T06:25:07.634+0000] {subprocess.py:93} INFO - LINE 1: SELECT MAX(time) FROM cryptocurrency.mkrusdt;
[2025-08-25T06:25:07.634+0000] {subprocess.py:93} INFO -                               ^
[2025-08-25T06:25:07.634+0000] {subprocess.py:93} INFO - 
[2025-08-25T06:25:07.634+0000] {subprocess.py:93} INFO - 97/100 WBETHUSDT lỗi: relation "cryptocurrency.wbethusdt" does not exist
[2025-08-25T06:25:07.634+0000] {subprocess.py:93} INFO - LINE 1: SELECT MAX(time) FROM cryptocurrency.wbethusdt;
[2025-08-25T06:25:07.635+0000] {subprocess.py:93} INFO -                               ^
[2025-08-25T06:25:07.635+0000] {subprocess.py:93} INFO - 
[2025-08-25T06:25:07.635+0000] {subprocess.py:93} INFO - 98/100 AUCTIONUSDT lỗi: relation "cryptocurrency.auctionusdt" does not exist
[2025-08-25T06:25:07.635+0000] {subprocess.py:93} INFO - LINE 1: SELECT MAX(time) FROM cryptocurrency.auctionusdt;
[2025-08-25T06:25:07.635+0000] {subprocess.py:93} INFO -                               ^
[2025-08-25T06:25:07.636+0000] {subprocess.py:93} INFO - 
[2025-08-25T06:25:07.636+0000] {subprocess.py:93} INFO - 99/100 STRKUSDT lỗi: relation "cryptocurrency.strkusdt" does not exist
[2025-08-25T06:25:07.636+0000] {subprocess.py:93} INFO - LINE 1: SELECT MAX(time) FROM cryptocurrency.strkusdt;
[2025-08-25T06:25:07.636+0000] {subprocess.py:93} INFO -                               ^
[2025-08-25T06:25:07.636+0000] {subprocess.py:93} INFO - 
[2025-08-25T06:25:07.636+0000] {subprocess.py:93} INFO - ✅ OMUSDT: thêm 1 dòng mới
[2025-08-25T06:25:07.637+0000] {subprocess.py:93} INFO - 100/100 OMUSDT lưu OK
[2025-08-25T06:25:07.735+0000] {subprocess.py:97} INFO - Command exited with return code 0
[2025-08-25T06:25:07.736+0000] {taskinstance.py:441} INFO - ::group::Post task execution logs
[2025-08-25T06:25:07.776+0000] {taskinstance.py:1206} INFO - Marking task as SUCCESS. dag_id=crypto_collector_dag, task_id=run_crypto_collector, run_id=scheduled__2025-08-25T06:24:00+00:00, execution_date=20250825T062400, start_date=20250825T062501, end_date=20250825T062507
[2025-08-25T06:25:07.827+0000] {local_task_job_runner.py:240} INFO - Task exited with return code 0
[2025-08-25T06:25:07.854+0000] {taskinstance.py:3498} INFO - 0 downstream tasks scheduled from follow-on schedule check
[2025-08-25T06:25:07.855+0000] {local_task_job_runner.py:222} INFO - ::endgroup::
