[2025-08-07T10:33:02.936+0000] {local_task_job_runner.py:120} INFO - ::group::Pre task execution logs
[2025-08-07T10:33:02.971+0000] {taskinstance.py:2076} INFO - Dependencies all met for dep_context=non-requeueable deps ti=<TaskInstance: run_all_alerts_and_save_to_postgres.run_alert_intraday scheduled__2025-08-07T10:20:00+00:00 [queued]>
[2025-08-07T10:33:02.982+0000] {taskinstance.py:2076} INFO - Dependencies all met for dep_context=requeueable deps ti=<TaskInstance: run_all_alerts_and_save_to_postgres.run_alert_intraday scheduled__2025-08-07T10:20:00+00:00 [queued]>
[2025-08-07T10:33:02.983+0000] {taskinstance.py:2306} INFO - Starting attempt 2 of 3
[2025-08-07T10:33:02.999+0000] {taskinstance.py:2330} INFO - Executing <Task(PythonOperator): run_alert_intraday> on 2025-08-07 10:20:00+00:00
[2025-08-07T10:33:03.010+0000] {standard_task_runner.py:63} INFO - Started process 141758 to run task
[2025-08-07T10:33:03.016+0000] {standard_task_runner.py:90} INFO - Running: ['***', 'tasks', 'run', 'run_all_alerts_and_save_to_postgres', 'run_alert_intraday', 'scheduled__2025-08-07T10:20:00+00:00', '--job-id', '2876', '--raw', '--subdir', 'DAGS_FOLDER/alert_to_db/alert_all_to_postgres_dag.py', '--cfg-path', '/tmp/tmpdz52uxzi']
[2025-08-07T10:33:03.017+0000] {standard_task_runner.py:91} INFO - Job 2876: Subtask run_alert_intraday
[2025-08-07T10:33:03.072+0000] {task_command.py:426} INFO - Running <TaskInstance: run_all_alerts_and_save_to_postgres.run_alert_intraday scheduled__2025-08-07T10:20:00+00:00 [running]> on host 1877907bc043
[2025-08-07T10:33:03.156+0000] {taskinstance.py:2648} INFO - Exporting env vars: AIRFLOW_CTX_DAG_OWNER='alert_system' AIRFLOW_CTX_DAG_ID='run_all_alerts_and_save_to_postgres' AIRFLOW_CTX_TASK_ID='run_alert_intraday' AIRFLOW_CTX_EXECUTION_DATE='2025-08-07T10:20:00+00:00' AIRFLOW_CTX_TRY_NUMBER='2' AIRFLOW_CTX_DAG_RUN_ID='scheduled__2025-08-07T10:20:00+00:00'
[2025-08-07T10:33:03.156+0000] {taskinstance.py:430} INFO - ::endgroup::
[2025-08-07T10:33:03.170+0000] {logging_mixin.py:188} INFO - [INFO] Running script: /opt/***/dags/alert_to_db/alert_scripts/Alert_Intraday.py
[2025-08-07T10:33:04.198+0000] {logging_mixin.py:188} INFO - [ERROR] Alert_Intraday.py failed:
Traceback (most recent call last):
  File "/opt/***/dags/alert_to_db/alert_scripts/Alert_Intraday.py", line 4, in <module>
    from kafka import KafkaConsumer
ModuleNotFoundError: No module named 'kafka'
[2025-08-07T10:33:04.198+0000] {taskinstance.py:441} INFO - ::group::Post task execution logs
[2025-08-07T10:33:04.199+0000] {taskinstance.py:2905} ERROR - Task failed with exception
Traceback (most recent call last):
  File "/home/airflow/.local/lib/python3.10/site-packages/airflow/models/taskinstance.py", line 465, in _execute_task
    result = _execute_callable(context=context, **execute_callable_kwargs)
  File "/home/airflow/.local/lib/python3.10/site-packages/airflow/models/taskinstance.py", line 432, in _execute_callable
    return execute_callable(context=context, **execute_callable_kwargs)
  File "/home/airflow/.local/lib/python3.10/site-packages/airflow/models/baseoperator.py", line 400, in wrapper
    return func(self, *args, **kwargs)
  File "/home/airflow/.local/lib/python3.10/site-packages/airflow/operators/python.py", line 235, in execute
    return_value = self.execute_callable()
  File "/home/airflow/.local/lib/python3.10/site-packages/airflow/operators/python.py", line 252, in execute_callable
    return self.python_callable(*self.op_args, **self.op_kwargs)
  File "/opt/airflow/dags/alert_to_db/alert_all_to_postgres_dag.py", line 20, in run_alert_script
    result = subprocess.run(
  File "/usr/local/lib/python3.10/subprocess.py", line 526, in run
    raise CalledProcessError(retcode, process.args,
subprocess.CalledProcessError: Command '['python', '/opt/airflow/dags/alert_to_db/alert_scripts/Alert_Intraday.py']' returned non-zero exit status 1.
[2025-08-07T10:33:04.208+0000] {taskinstance.py:1206} INFO - Marking task as UP_FOR_RETRY. dag_id=run_all_alerts_and_save_to_postgres, task_id=run_alert_intraday, run_id=scheduled__2025-08-07T10:20:00+00:00, execution_date=20250807T102000, start_date=20250807T103302, end_date=20250807T103304
[2025-08-07T10:33:04.221+0000] {standard_task_runner.py:110} ERROR - Failed to execute job 2876 for task run_alert_intraday (Command '['python', '/opt/airflow/dags/alert_to_db/alert_scripts/Alert_Intraday.py']' returned non-zero exit status 1.; 141758)
[2025-08-07T10:33:04.269+0000] {local_task_job_runner.py:240} INFO - Task exited with return code 1
[2025-08-07T10:33:04.313+0000] {taskinstance.py:3498} INFO - 0 downstream tasks scheduled from follow-on schedule check
[2025-08-07T10:33:04.314+0000] {local_task_job_runner.py:222} INFO - ::endgroup::
[2025-08-07T10:42:08.748+0000] {local_task_job_runner.py:120} INFO - ::group::Pre task execution logs
[2025-08-07T10:42:08.769+0000] {taskinstance.py:2076} INFO - Dependencies all met for dep_context=non-requeueable deps ti=<TaskInstance: run_all_alerts_and_save_to_postgres.run_alert_intraday scheduled__2025-08-07T10:20:00+00:00 [queued]>
[2025-08-07T10:42:08.776+0000] {taskinstance.py:2076} INFO - Dependencies all met for dep_context=requeueable deps ti=<TaskInstance: run_all_alerts_and_save_to_postgres.run_alert_intraday scheduled__2025-08-07T10:20:00+00:00 [queued]>
[2025-08-07T10:42:08.776+0000] {taskinstance.py:2306} INFO - Starting attempt 2 of 3
[2025-08-07T10:42:08.785+0000] {taskinstance.py:2330} INFO - Executing <Task(PythonOperator): run_alert_intraday> on 2025-08-07 10:20:00+00:00
[2025-08-07T10:42:08.792+0000] {standard_task_runner.py:63} INFO - Started process 142079 to run task
[2025-08-07T10:42:08.797+0000] {standard_task_runner.py:90} INFO - Running: ['***', 'tasks', 'run', 'run_all_alerts_and_save_to_postgres', 'run_alert_intraday', 'scheduled__2025-08-07T10:20:00+00:00', '--job-id', '2879', '--raw', '--subdir', 'DAGS_FOLDER/alert_to_db/alert_all_to_postgres_dag.py', '--cfg-path', '/tmp/tmpdybgv10x']
[2025-08-07T10:42:08.798+0000] {standard_task_runner.py:91} INFO - Job 2879: Subtask run_alert_intraday
[2025-08-07T10:42:08.848+0000] {task_command.py:426} INFO - Running <TaskInstance: run_all_alerts_and_save_to_postgres.run_alert_intraday scheduled__2025-08-07T10:20:00+00:00 [running]> on host 1877907bc043
[2025-08-07T10:42:08.924+0000] {taskinstance.py:2648} INFO - Exporting env vars: AIRFLOW_CTX_DAG_OWNER='alert_system' AIRFLOW_CTX_DAG_ID='run_all_alerts_and_save_to_postgres' AIRFLOW_CTX_TASK_ID='run_alert_intraday' AIRFLOW_CTX_EXECUTION_DATE='2025-08-07T10:20:00+00:00' AIRFLOW_CTX_TRY_NUMBER='2' AIRFLOW_CTX_DAG_RUN_ID='scheduled__2025-08-07T10:20:00+00:00'
[2025-08-07T10:42:08.925+0000] {taskinstance.py:430} INFO - ::endgroup::
[2025-08-07T10:42:08.938+0000] {logging_mixin.py:188} INFO - [INFO] Running script: /opt/***/dags/alert_to_db/alert_scripts/Alert_Intraday.py
[2025-08-07T10:42:09.973+0000] {logging_mixin.py:188} INFO - [ERROR] Alert_Intraday.py failed:
Traceback (most recent call last):
  File "/opt/***/dags/alert_to_db/alert_scripts/Alert_Intraday.py", line 4, in <module>
    from kafka import KafkaConsumer
ModuleNotFoundError: No module named 'kafka'
[2025-08-07T10:42:09.973+0000] {taskinstance.py:441} INFO - ::group::Post task execution logs
[2025-08-07T10:42:09.974+0000] {taskinstance.py:2905} ERROR - Task failed with exception
Traceback (most recent call last):
  File "/home/airflow/.local/lib/python3.10/site-packages/airflow/models/taskinstance.py", line 465, in _execute_task
    result = _execute_callable(context=context, **execute_callable_kwargs)
  File "/home/airflow/.local/lib/python3.10/site-packages/airflow/models/taskinstance.py", line 432, in _execute_callable
    return execute_callable(context=context, **execute_callable_kwargs)
  File "/home/airflow/.local/lib/python3.10/site-packages/airflow/models/baseoperator.py", line 400, in wrapper
    return func(self, *args, **kwargs)
  File "/home/airflow/.local/lib/python3.10/site-packages/airflow/operators/python.py", line 235, in execute
    return_value = self.execute_callable()
  File "/home/airflow/.local/lib/python3.10/site-packages/airflow/operators/python.py", line 252, in execute_callable
    return self.python_callable(*self.op_args, **self.op_kwargs)
  File "/opt/airflow/dags/alert_to_db/alert_all_to_postgres_dag.py", line 20, in run_alert_script
    result = subprocess.run(
  File "/usr/local/lib/python3.10/subprocess.py", line 526, in run
    raise CalledProcessError(retcode, process.args,
subprocess.CalledProcessError: Command '['python', '/opt/airflow/dags/alert_to_db/alert_scripts/Alert_Intraday.py']' returned non-zero exit status 1.
[2025-08-07T10:42:09.985+0000] {taskinstance.py:1206} INFO - Marking task as UP_FOR_RETRY. dag_id=run_all_alerts_and_save_to_postgres, task_id=run_alert_intraday, run_id=scheduled__2025-08-07T10:20:00+00:00, execution_date=20250807T102000, start_date=20250807T104208, end_date=20250807T104209
[2025-08-07T10:42:09.997+0000] {standard_task_runner.py:110} ERROR - Failed to execute job 2879 for task run_alert_intraday (Command '['python', '/opt/airflow/dags/alert_to_db/alert_scripts/Alert_Intraday.py']' returned non-zero exit status 1.; 142079)
[2025-08-07T10:42:10.051+0000] {local_task_job_runner.py:240} INFO - Task exited with return code 1
[2025-08-07T10:42:10.094+0000] {taskinstance.py:3498} INFO - 0 downstream tasks scheduled from follow-on schedule check
[2025-08-07T10:42:10.095+0000] {local_task_job_runner.py:222} INFO - ::endgroup::
