[2025-08-17T08:25:00.702+0000] {local_task_job_runner.py:120} INFO - ::group::Pre task execution logs
[2025-08-17T08:25:00.729+0000] {taskinstance.py:2076} INFO - Dependencies all met for dep_context=non-requeueable deps ti=<TaskInstance: crypto_collector_dag.run_crypto_collector scheduled__2025-08-17T08:24:00+00:00 [queued]>
[2025-08-17T08:25:00.738+0000] {taskinstance.py:2076} INFO - Dependencies all met for dep_context=requeueable deps ti=<TaskInstance: crypto_collector_dag.run_crypto_collector scheduled__2025-08-17T08:24:00+00:00 [queued]>
[2025-08-17T08:25:00.738+0000] {taskinstance.py:2306} INFO - Starting attempt 1 of 2
[2025-08-17T08:25:00.751+0000] {taskinstance.py:2330} INFO - Executing <Task(BashOperator): run_crypto_collector> on 2025-08-17 08:24:00+00:00
[2025-08-17T08:25:00.756+0000] {standard_task_runner.py:63} INFO - Started process 45470 to run task
[2025-08-17T08:25:00.761+0000] {standard_task_runner.py:90} INFO - Running: ['***', 'tasks', 'run', 'crypto_collector_dag', 'run_crypto_collector', 'scheduled__2025-08-17T08:24:00+00:00', '--job-id', '7387', '--raw', '--subdir', 'DAGS_FOLDER/crawl_crypto/dags_crypto.py', '--cfg-path', '/tmp/tmpvj8nr8ka']
[2025-08-17T08:25:00.763+0000] {standard_task_runner.py:91} INFO - Job 7387: Subtask run_crypto_collector
[2025-08-17T08:25:00.817+0000] {task_command.py:426} INFO - Running <TaskInstance: crypto_collector_dag.run_crypto_collector scheduled__2025-08-17T08:24:00+00:00 [running]> on host 1877907bc043
[2025-08-17T08:25:00.916+0000] {taskinstance.py:2648} INFO - Exporting env vars: AIRFLOW_CTX_DAG_OWNER='***' AIRFLOW_CTX_DAG_ID='crypto_collector_dag' AIRFLOW_CTX_TASK_ID='run_crypto_collector' AIRFLOW_CTX_EXECUTION_DATE='2025-08-17T08:24:00+00:00' AIRFLOW_CTX_TRY_NUMBER='1' AIRFLOW_CTX_DAG_RUN_ID='scheduled__2025-08-17T08:24:00+00:00'
[2025-08-17T08:25:00.916+0000] {taskinstance.py:430} INFO - ::endgroup::
[2025-08-17T08:25:00.932+0000] {subprocess.py:63} INFO - Tmp dir root location: /tmp
[2025-08-17T08:25:00.932+0000] {subprocess.py:75} INFO - Running command: ['/usr/bin/bash', '-c', 'python3 /opt/***/dags/crawl_crypto/crawl_data_crypto.py']
[2025-08-17T08:25:00.943+0000] {subprocess.py:86} INFO - Output:
[2025-08-17T08:25:37.494+0000] {subprocess.py:93} INFO - 🔹 Kết nối DB...
[2025-08-17T08:25:37.495+0000] {subprocess.py:93} INFO - 🔹 Lấy top 100 crypto...
[2025-08-17T08:25:37.495+0000] {subprocess.py:93} INFO - Top 100: ['ETHUSDT', 'USDCUSDT', 'BTCUSDT', 'SOLUSDT', 'ADAUSDT', 'DOGEUSDT', 'XRPUSDT', 'LINKUSDT', 'FDUSDUSDT', 'TRXUSDT', 'PROVEUSDT', 'BNBUSDT', 'ENAUSDT', 'SUIUSDT', 'CTSIUSDT', 'ARBUSDT', 'PEPEUSDT', 'UNIUSDT', 'LTCUSDT', 'AVAXUSDT', 'ALPINEUSDT', 'PENGUUSDT', 'TSTUSDT', 'SKLUSDT', 'HBARUSDT', 'API3USDT', 'SEIUSDT', 'TRUMPUSDT', 'AAVEUSDT', 'SUSDT', 'LDOUSDT', 'WLDUSDT', 'BFUSDUSDT', 'EPICUSDT', 'NEARUSDT', 'CRVUSDT', 'BONKUSDT', 'CHRUSDT', 'OGUSDT', 'WIFUSDT', 'BERAUSDT', 'APTUSDT', 'MAVUSDT', 'OGNUSDT', 'LRCUSDT', 'RAYUSDT', 'TOWNSUSDT', 'XLMUSDT', 'OPUSDT', 'LPTUSDT', 'FLOKIUSDT', 'DOTUSDT', 'TONUSDT', 'PORTOUSDT', 'GALAUSDT', 'CELRUSDT', 'ONDOUSDT', 'CYBERUSDT', 'BCHUSDT', 'LAUSDT', 'PONDUSDT', 'TIAUSDT', 'LUNCUSDT', 'BATUSDT', 'ETHFIUSDT', 'TAOUSDT', 'MOVRUSDT', 'EIGENUSDT', 'BANDUSDT', 'INJUSDT', 'FILUSDT', 'BBUSDT', 'NEIROUSDT', 'ETCUSDT', 'RENDERUSDT', 'ALGOUSDT', 'POLUSDT', 'PENDLEUSDT', 'ASRUSDT', 'SPKUSDT', 'SYRUPUSDT', 'SHIBUSDT', 'VIRTUALUSDT', 'ERAUSDT', 'MDTUSDT', 'CAKEUSDT', 'ICPUSDT', 'PNUTUSDT', 'XUSDUSDT', 'CFXUSDT', 'EURUSDT', 'STRKUSDT', 'BIOUSDT', 'ARKMUSDT', 'TREEUSDT', 'FETUSDT', 'LAZIOUSDT', 'NMRUSDT', 'JUVUSDT', 'ENSUSDT']
[2025-08-17T08:25:37.496+0000] {subprocess.py:93} INFO - 🔹 Lưu lịch sử giá vào DB bằng threading...
[2025-08-17T08:25:37.496+0000] {subprocess.py:93} INFO - ✅ FDUSDUSDT: thêm 1 dòng mới
[2025-08-17T08:25:37.496+0000] {subprocess.py:93} INFO - 1/100 FDUSDUSDT lưu OK
[2025-08-17T08:25:37.497+0000] {subprocess.py:93} INFO - ✅ LINKUSDT: thêm 1 dòng mới
[2025-08-17T08:25:37.497+0000] {subprocess.py:93} INFO - 2/100 LINKUSDT lưu OK
[2025-08-17T08:25:37.497+0000] {subprocess.py:93} INFO - ✅ BTCUSDT: thêm 1 dòng mới
[2025-08-17T08:25:37.498+0000] {subprocess.py:93} INFO - 3/100 BTCUSDT lưu OK
[2025-08-17T08:25:37.498+0000] {subprocess.py:93} INFO - ✅ USDCUSDT: thêm 1 dòng mới
[2025-08-17T08:25:37.499+0000] {subprocess.py:93} INFO - 4/100 USDCUSDT lưu OK
[2025-08-17T08:25:37.499+0000] {subprocess.py:93} INFO - ✅ ETHUSDT: thêm 1 dòng mới
[2025-08-17T08:25:37.499+0000] {subprocess.py:93} INFO - 5/100 ETHUSDT lưu OK
[2025-08-17T08:25:37.499+0000] {subprocess.py:93} INFO - ✅ SOLUSDT: thêm 1 dòng mới
[2025-08-17T08:25:37.500+0000] {subprocess.py:93} INFO - 6/100 SOLUSDT lưu OK
[2025-08-17T08:25:37.500+0000] {subprocess.py:93} INFO - ✅ DOGEUSDT: thêm 1 dòng mới
[2025-08-17T08:25:37.500+0000] {subprocess.py:93} INFO - 7/100 DOGEUSDT lưu OK
[2025-08-17T08:25:37.500+0000] {subprocess.py:93} INFO - ✅ ADAUSDT: thêm 1 dòng mới
[2025-08-17T08:25:37.501+0000] {subprocess.py:93} INFO - 8/100 ADAUSDT lưu OK
[2025-08-17T08:25:37.501+0000] {subprocess.py:93} INFO - ✅ XRPUSDT: thêm 1 dòng mới
[2025-08-17T08:25:37.501+0000] {subprocess.py:93} INFO - 9/100 XRPUSDT lưu OK
[2025-08-17T08:25:37.501+0000] {subprocess.py:93} INFO - ✅ TRXUSDT: thêm 1 dòng mới
[2025-08-17T08:25:37.502+0000] {subprocess.py:93} INFO - 10/100 TRXUSDT lưu OK
[2025-08-17T08:25:37.502+0000] {subprocess.py:93} INFO - ✅ ARBUSDT: thêm 1 dòng mới
[2025-08-17T08:25:37.502+0000] {subprocess.py:93} INFO - 11/100 ARBUSDT lưu OK
[2025-08-17T08:25:37.503+0000] {subprocess.py:93} INFO - ✅ ALPINEUSDT: thêm 1 dòng mới
[2025-08-17T08:25:37.503+0000] {subprocess.py:93} INFO - 12/100 ALPINEUSDT lưu OK
[2025-08-17T08:25:37.503+0000] {subprocess.py:93} INFO - ✅ PENGUUSDT: thêm 1 dòng mới
[2025-08-17T08:25:37.503+0000] {subprocess.py:93} INFO - 13/100 PENGUUSDT lưu OK
[2025-08-17T08:25:37.504+0000] {subprocess.py:93} INFO - ✅ PROVEUSDT: thêm 1 dòng mới
[2025-08-17T08:25:37.504+0000] {subprocess.py:93} INFO - 14/100 PROVEUSDT lưu OK
[2025-08-17T08:25:37.504+0000] {subprocess.py:93} INFO - ✅ BNBUSDT: thêm 1 dòng mới
[2025-08-17T08:25:37.504+0000] {subprocess.py:93} INFO - 15/100 BNBUSDT lưu OK
[2025-08-17T08:25:37.505+0000] {subprocess.py:93} INFO - ✅ TSTUSDT: thêm 1 dòng mới
[2025-08-17T08:25:37.505+0000] {subprocess.py:93} INFO - 16/100 TSTUSDT lưu OK
[2025-08-17T08:25:37.505+0000] {subprocess.py:93} INFO - ✅ CTSIUSDT: thêm 1 dòng mới
[2025-08-17T08:25:37.506+0000] {subprocess.py:93} INFO - 17/100 CTSIUSDT lưu OK
[2025-08-17T08:25:37.506+0000] {subprocess.py:93} INFO - ✅ SUIUSDT: thêm 1 dòng mới
[2025-08-17T08:25:37.506+0000] {subprocess.py:93} INFO - ✅ ENAUSDT: thêm 1 dòng mới
[2025-08-17T08:25:37.506+0000] {subprocess.py:93} INFO - 18/100 SUIUSDT lưu OK
[2025-08-17T08:25:37.507+0000] {subprocess.py:93} INFO - 19/100 ENAUSDT lưu OK
[2025-08-17T08:25:37.507+0000] {subprocess.py:93} INFO - ✅ PEPEUSDT: thêm 1 dòng mới
[2025-08-17T08:25:37.507+0000] {subprocess.py:93} INFO - 20/100 PEPEUSDT lưu OK
[2025-08-17T08:25:37.507+0000] {subprocess.py:93} INFO - ✅ LTCUSDT: thêm 1 dòng mới
[2025-08-17T08:25:37.508+0000] {subprocess.py:93} INFO - 21/100 LTCUSDT lưu OK
[2025-08-17T08:25:37.508+0000] {subprocess.py:93} INFO - ✅ UNIUSDT: thêm 1 dòng mới
[2025-08-17T08:25:37.508+0000] {subprocess.py:93} INFO - 22/100 UNIUSDT lưu OK
[2025-08-17T08:25:37.509+0000] {subprocess.py:93} INFO - ✅ AVAXUSDT: thêm 1 dòng mới
[2025-08-17T08:25:37.509+0000] {subprocess.py:93} INFO - 23/100 AVAXUSDT lưu OK
[2025-08-17T08:25:37.509+0000] {subprocess.py:93} INFO - ✅ SKLUSDT: thêm 1 dòng mới
[2025-08-17T08:25:37.509+0000] {subprocess.py:93} INFO - 24/100 SKLUSDT lưu OK
[2025-08-17T08:25:37.510+0000] {subprocess.py:93} INFO - ✅ HBARUSDT: thêm 1 dòng mới
[2025-08-17T08:25:37.510+0000] {subprocess.py:93} INFO - 25/100 HBARUSDT lưu OK
[2025-08-17T08:25:37.510+0000] {subprocess.py:93} INFO - ✅ API3USDT: thêm 1 dòng mới
[2025-08-17T08:25:37.510+0000] {subprocess.py:93} INFO - 26/100 API3USDT lưu OK
[2025-08-17T08:25:37.511+0000] {subprocess.py:93} INFO - ✅ TRUMPUSDT: thêm 1 dòng mới
[2025-08-17T08:25:37.511+0000] {subprocess.py:93} INFO - 27/100 TRUMPUSDT lưu OK
[2025-08-17T08:25:37.511+0000] {subprocess.py:93} INFO - ✅ AAVEUSDT: thêm 1 dòng mới
[2025-08-17T08:25:37.511+0000] {subprocess.py:93} INFO - 28/100 AAVEUSDT lưu OK
[2025-08-17T08:25:37.512+0000] {subprocess.py:93} INFO - ✅ SUSDT: thêm 1 dòng mới
[2025-08-17T08:25:37.512+0000] {subprocess.py:93} INFO - 29/100 SUSDT lưu OK
[2025-08-17T08:25:37.512+0000] {subprocess.py:93} INFO - ✅ LDOUSDT: thêm 1 dòng mới
[2025-08-17T08:25:37.512+0000] {subprocess.py:93} INFO - 30/100 LDOUSDT lưu OK
[2025-08-17T08:25:37.513+0000] {subprocess.py:93} INFO - ✅ WLDUSDT: thêm 1 dòng mới
[2025-08-17T08:25:37.513+0000] {subprocess.py:93} INFO - 31/100 WLDUSDT lưu OK
[2025-08-17T08:25:37.513+0000] {subprocess.py:93} INFO - ✅ SEIUSDT: thêm 1 dòng mới
[2025-08-17T08:25:37.513+0000] {subprocess.py:93} INFO - 32/100 SEIUSDT lưu OK
[2025-08-17T08:25:37.514+0000] {subprocess.py:93} INFO - ✅ EPICUSDT: thêm 1 dòng mới
[2025-08-17T08:25:37.514+0000] {subprocess.py:93} INFO - 33/100 EPICUSDT lưu OK
[2025-08-17T08:25:37.514+0000] {subprocess.py:93} INFO - ✅ NEARUSDT: thêm 1 dòng mới
[2025-08-17T08:25:37.514+0000] {subprocess.py:93} INFO - 34/100 NEARUSDT lưu OK
[2025-08-17T08:25:37.515+0000] {subprocess.py:93} INFO - ✅ CRVUSDT: thêm 1 dòng mới
[2025-08-17T08:25:37.515+0000] {subprocess.py:93} INFO - 35/100 CRVUSDT lưu OK
[2025-08-17T08:25:37.515+0000] {subprocess.py:93} INFO - ✅ CHRUSDT: thêm 1 dòng mới
[2025-08-17T08:25:37.515+0000] {subprocess.py:93} INFO - 36/100 CHRUSDT lưu OK
[2025-08-17T08:25:37.516+0000] {subprocess.py:93} INFO - ✅ BONKUSDT: thêm 1 dòng mới
[2025-08-17T08:25:37.516+0000] {subprocess.py:93} INFO - 37/100 BONKUSDT lưu OK
[2025-08-17T08:25:37.516+0000] {subprocess.py:93} INFO - ✅ BERAUSDT: thêm 1 dòng mới
[2025-08-17T08:25:37.516+0000] {subprocess.py:93} INFO - 38/100 BERAUSDT lưu OK
[2025-08-17T08:25:37.517+0000] {subprocess.py:93} INFO - ✅ WIFUSDT: thêm 1 dòng mới
[2025-08-17T08:25:37.517+0000] {subprocess.py:93} INFO - 39/100 WIFUSDT lưu OK
[2025-08-17T08:25:37.517+0000] {subprocess.py:93} INFO - ✅ MAVUSDT: thêm 1 dòng mới
[2025-08-17T08:25:37.517+0000] {subprocess.py:93} INFO - 40/100 MAVUSDT lưu OK
[2025-08-17T08:25:37.518+0000] {subprocess.py:93} INFO - ✅ OGUSDT: thêm 1 dòng mới
[2025-08-17T08:25:37.518+0000] {subprocess.py:93} INFO - 41/100 OGUSDT lưu OK
[2025-08-17T08:25:37.518+0000] {subprocess.py:93} INFO - ✅ OGNUSDT: thêm 1 dòng mới
[2025-08-17T08:25:37.518+0000] {subprocess.py:93} INFO - 42/100 OGNUSDT lưu OK
[2025-08-17T08:25:37.518+0000] {subprocess.py:93} INFO - ✅ RAYUSDT: thêm 1 dòng mới
[2025-08-17T08:25:37.519+0000] {subprocess.py:93} INFO - 43/100 RAYUSDT lưu OK
[2025-08-17T08:25:37.519+0000] {subprocess.py:93} INFO - ✅ TOWNSUSDT: thêm 1 dòng mới
[2025-08-17T08:25:37.519+0000] {subprocess.py:93} INFO - 44/100 TOWNSUSDT lưu OK
[2025-08-17T08:25:37.519+0000] {subprocess.py:93} INFO - ✅ LRCUSDT: thêm 1 dòng mới
[2025-08-17T08:25:37.520+0000] {subprocess.py:93} INFO - 45/100 LRCUSDT lưu OK
[2025-08-17T08:25:37.520+0000] {subprocess.py:93} INFO - ✅ XLMUSDT: thêm 1 dòng mới
[2025-08-17T08:25:37.520+0000] {subprocess.py:93} INFO - 46/100 XLMUSDT lưu OK
[2025-08-17T08:25:37.520+0000] {subprocess.py:93} INFO - 47/100 LPTUSDT lỗi: relation "cryptocurrency.lptusdt" does not exist
[2025-08-17T08:25:37.521+0000] {subprocess.py:93} INFO - LINE 1: SELECT MAX(time) FROM cryptocurrency.lptusdt;
[2025-08-17T08:25:37.521+0000] {subprocess.py:93} INFO -                               ^
[2025-08-17T08:25:37.521+0000] {subprocess.py:93} INFO - 
[2025-08-17T08:25:37.521+0000] {subprocess.py:93} INFO - ✅ APTUSDT: thêm 1 dòng mới
[2025-08-17T08:25:37.522+0000] {subprocess.py:93} INFO - 48/100 APTUSDT lưu OK
[2025-08-17T08:25:37.522+0000] {subprocess.py:93} INFO - ✅ BFUSDUSDT: thêm 1 dòng mới
[2025-08-17T08:25:37.522+0000] {subprocess.py:93} INFO - 49/100 BFUSDUSDT lưu OK
[2025-08-17T08:25:37.522+0000] {subprocess.py:93} INFO - ✅ OPUSDT: thêm 1 dòng mới
[2025-08-17T08:25:37.523+0000] {subprocess.py:93} INFO - 50/100 OPUSDT lưu OK
[2025-08-17T08:25:37.523+0000] {subprocess.py:93} INFO - 51/100 CYBERUSDT lỗi: relation "cryptocurrency.cyberusdt" does not exist
[2025-08-17T08:25:37.523+0000] {subprocess.py:93} INFO - LINE 1: SELECT MAX(time) FROM cryptocurrency.cyberusdt;
[2025-08-17T08:25:37.523+0000] {subprocess.py:93} INFO -                               ^
[2025-08-17T08:25:37.523+0000] {subprocess.py:93} INFO - 
[2025-08-17T08:25:37.524+0000] {subprocess.py:93} INFO - ✅ FLOKIUSDT: thêm 1 dòng mới
[2025-08-17T08:25:37.524+0000] {subprocess.py:93} INFO - 52/100 FLOKIUSDT lưu OK
[2025-08-17T08:25:37.524+0000] {subprocess.py:93} INFO - ✅ GALAUSDT: thêm 1 dòng mới
[2025-08-17T08:25:37.524+0000] {subprocess.py:93} INFO - 53/100 GALAUSDT lưu OK
[2025-08-17T08:25:37.525+0000] {subprocess.py:93} INFO - ✅ LAUSDT: thêm 1 dòng mới
[2025-08-17T08:25:37.525+0000] {subprocess.py:93} INFO - 54/100 LAUSDT lưu OK
[2025-08-17T08:25:37.525+0000] {subprocess.py:93} INFO - 55/100 PONDUSDT lỗi: relation "cryptocurrency.pondusdt" does not exist
[2025-08-17T08:25:37.525+0000] {subprocess.py:93} INFO - LINE 1: SELECT MAX(time) FROM cryptocurrency.pondusdt;
[2025-08-17T08:25:37.526+0000] {subprocess.py:93} INFO -                               ^
[2025-08-17T08:25:37.526+0000] {subprocess.py:93} INFO - 
[2025-08-17T08:25:37.526+0000] {subprocess.py:93} INFO - ✅ ONDOUSDT: thêm 1 dòng mới
[2025-08-17T08:25:37.526+0000] {subprocess.py:93} INFO - 56/100 ONDOUSDT lưu OK
[2025-08-17T08:25:37.527+0000] {subprocess.py:93} INFO - ✅ TIAUSDT: thêm 1 dòng mới
[2025-08-17T08:25:37.527+0000] {subprocess.py:93} INFO - 57/100 TIAUSDT lưu OK
[2025-08-17T08:25:37.527+0000] {subprocess.py:93} INFO - ✅ BATUSDT: thêm 1 dòng mới
[2025-08-17T08:25:37.527+0000] {subprocess.py:93} INFO - 58/100 BATUSDT lưu OK
[2025-08-17T08:25:37.527+0000] {subprocess.py:93} INFO - ✅ TAOUSDT: thêm 1 dòng mới
[2025-08-17T08:25:37.528+0000] {subprocess.py:93} INFO - 59/100 TAOUSDT lưu OK
[2025-08-17T08:25:37.528+0000] {subprocess.py:93} INFO - ✅ BCHUSDT: thêm 1 dòng mới
[2025-08-17T08:25:37.528+0000] {subprocess.py:93} INFO - 60/100 BCHUSDT lưu OK
[2025-08-17T08:25:37.528+0000] {subprocess.py:93} INFO - 61/100 BANDUSDT lỗi: relation "cryptocurrency.bandusdt" does not exist
[2025-08-17T08:25:37.529+0000] {subprocess.py:93} INFO - LINE 1: SELECT MAX(time) FROM cryptocurrency.bandusdt;
[2025-08-17T08:25:37.529+0000] {subprocess.py:93} INFO -                               ^
[2025-08-17T08:25:37.529+0000] {subprocess.py:93} INFO - 
[2025-08-17T08:25:37.529+0000] {subprocess.py:93} INFO - ✅ INJUSDT: thêm 1 dòng mới
[2025-08-17T08:25:37.530+0000] {subprocess.py:93} INFO - 62/100 INJUSDT lưu OK
[2025-08-17T08:25:37.530+0000] {subprocess.py:93} INFO - ✅ FILUSDT: thêm 1 dòng mới
[2025-08-17T08:25:37.530+0000] {subprocess.py:93} INFO - 63/100 FILUSDT lưu OK
[2025-08-17T08:25:37.530+0000] {subprocess.py:93} INFO - ✅ DOTUSDT: thêm 1 dòng mới
[2025-08-17T08:25:37.530+0000] {subprocess.py:93} INFO - ✅ PORTOUSDT: thêm 1 dòng mới
[2025-08-17T08:25:37.531+0000] {subprocess.py:93} INFO - 64/100 DOTUSDT lưu OK
[2025-08-17T08:25:37.531+0000] {subprocess.py:93} INFO - 65/100 PORTOUSDT lưu OK
[2025-08-17T08:25:37.531+0000] {subprocess.py:93} INFO - ✅ CELRUSDT: thêm 1 dòng mới
[2025-08-17T08:25:37.531+0000] {subprocess.py:93} INFO - 66/100 CELRUSDT lưu OK
[2025-08-17T08:25:37.532+0000] {subprocess.py:93} INFO - ✅ TONUSDT: thêm 1 dòng mới
[2025-08-17T08:25:37.532+0000] {subprocess.py:93} INFO - 67/100 TONUSDT lưu OK
[2025-08-17T08:25:37.532+0000] {subprocess.py:93} INFO - 68/100 BBUSDT lỗi: relation "cryptocurrency.bbusdt" does not exist
[2025-08-17T08:25:37.532+0000] {subprocess.py:93} INFO - LINE 1: SELECT MAX(time) FROM cryptocurrency.bbusdt;
[2025-08-17T08:25:37.533+0000] {subprocess.py:93} INFO -                               ^
[2025-08-17T08:25:37.533+0000] {subprocess.py:93} INFO - 
[2025-08-17T08:25:37.533+0000] {subprocess.py:93} INFO - ✅ LUNCUSDT: thêm 1 dòng mới
[2025-08-17T08:25:37.533+0000] {subprocess.py:93} INFO - 69/100 LUNCUSDT lưu OK
[2025-08-17T08:25:37.534+0000] {subprocess.py:93} INFO - ✅ NEIROUSDT: thêm 1 dòng mới
[2025-08-17T08:25:37.534+0000] {subprocess.py:93} INFO - 70/100 NEIROUSDT lưu OK
[2025-08-17T08:25:37.534+0000] {subprocess.py:93} INFO - ✅ RENDERUSDT: thêm 1 dòng mới
[2025-08-17T08:25:37.534+0000] {subprocess.py:93} INFO - 71/100 RENDERUSDT lưu OK
[2025-08-17T08:25:37.534+0000] {subprocess.py:93} INFO - ✅ PENDLEUSDT: thêm 1 dòng mới
[2025-08-17T08:25:37.535+0000] {subprocess.py:93} INFO - 72/100 PENDLEUSDT lưu OK
[2025-08-17T08:25:37.535+0000] {subprocess.py:93} INFO - ✅ ALGOUSDT: thêm 1 dòng mới
[2025-08-17T08:25:37.535+0000] {subprocess.py:93} INFO - 73/100 ALGOUSDT lưu OK
[2025-08-17T08:25:37.535+0000] {subprocess.py:93} INFO - ✅ POLUSDT: thêm 1 dòng mới
[2025-08-17T08:25:37.536+0000] {subprocess.py:93} INFO - 74/100 POLUSDT lưu OK
[2025-08-17T08:25:37.536+0000] {subprocess.py:93} INFO - ✅ ETCUSDT: thêm 1 dòng mới
[2025-08-17T08:25:37.536+0000] {subprocess.py:93} INFO - 75/100 ETCUSDT lưu OK
[2025-08-17T08:25:37.536+0000] {subprocess.py:93} INFO - ✅ ASRUSDT: thêm 1 dòng mới
[2025-08-17T08:25:37.537+0000] {subprocess.py:93} INFO - 76/100 MOVRUSDT lỗi: relation "cryptocurrency.movrusdt" does not exist
[2025-08-17T08:25:37.537+0000] {subprocess.py:93} INFO - LINE 1: SELECT MAX(time) FROM cryptocurrency.movrusdt;
[2025-08-17T08:25:37.537+0000] {subprocess.py:93} INFO -                               ^
[2025-08-17T08:25:37.537+0000] {subprocess.py:93} INFO - 
[2025-08-17T08:25:37.537+0000] {subprocess.py:93} INFO - 77/100 ASRUSDT lưu OK
[2025-08-17T08:25:37.538+0000] {subprocess.py:93} INFO - ✅ SYRUPUSDT: thêm 1 dòng mới
[2025-08-17T08:25:37.538+0000] {subprocess.py:93} INFO - 78/100 SYRUPUSDT lưu OK
[2025-08-17T08:25:37.538+0000] {subprocess.py:93} INFO - ✅ SHIBUSDT: thêm 1 dòng mới
[2025-08-17T08:25:37.538+0000] {subprocess.py:93} INFO - 79/100 SHIBUSDT lưu OK
[2025-08-17T08:25:37.539+0000] {subprocess.py:93} INFO - ✅ ERAUSDT: thêm 1 dòng mới
[2025-08-17T08:25:37.539+0000] {subprocess.py:93} INFO - 80/100 ERAUSDT lưu OK
[2025-08-17T08:25:37.539+0000] {subprocess.py:93} INFO - ✅ XUSDUSDT: thêm 1 dòng mới
[2025-08-17T08:25:37.539+0000] {subprocess.py:93} INFO - 81/100 XUSDUSDT lưu OK
[2025-08-17T08:25:37.539+0000] {subprocess.py:93} INFO - ✅ ETHFIUSDT: thêm 1 dòng mới
[2025-08-17T08:25:37.540+0000] {subprocess.py:93} INFO - 82/100 ETHFIUSDT lưu OK
[2025-08-17T08:25:37.540+0000] {subprocess.py:93} INFO - ✅ MDTUSDT: thêm 1 dòng mới
[2025-08-17T08:25:37.540+0000] {subprocess.py:93} INFO - 83/100 MDTUSDT lưu OK
[2025-08-17T08:25:37.540+0000] {subprocess.py:93} INFO - ✅ ICPUSDT: thêm 1 dòng mới
[2025-08-17T08:25:37.541+0000] {subprocess.py:93} INFO - 84/100 ICPUSDT lưu OK
[2025-08-17T08:25:37.541+0000] {subprocess.py:93} INFO - ✅ VIRTUALUSDT: thêm 1 dòng mới
[2025-08-17T08:25:37.541+0000] {subprocess.py:93} INFO - 85/100 VIRTUALUSDT lưu OK
[2025-08-17T08:25:37.541+0000] {subprocess.py:93} INFO - 86/100 BIOUSDT lỗi: relation "cryptocurrency.biousdt" does not exist
[2025-08-17T08:25:37.541+0000] {subprocess.py:93} INFO - LINE 1: SELECT MAX(time) FROM cryptocurrency.biousdt;
[2025-08-17T08:25:37.542+0000] {subprocess.py:93} INFO -                               ^
[2025-08-17T08:25:37.542+0000] {subprocess.py:93} INFO - 
[2025-08-17T08:25:37.542+0000] {subprocess.py:93} INFO - 87/100 STRKUSDT lỗi: relation "cryptocurrency.strkusdt" does not exist
[2025-08-17T08:25:37.542+0000] {subprocess.py:93} INFO - LINE 1: SELECT MAX(time) FROM cryptocurrency.strkusdt;
[2025-08-17T08:25:37.543+0000] {subprocess.py:93} INFO -                               ^
[2025-08-17T08:25:37.543+0000] {subprocess.py:93} INFO - 
[2025-08-17T08:25:37.543+0000] {subprocess.py:93} INFO - ✅ CFXUSDT: thêm 1 dòng mới
[2025-08-17T08:25:37.543+0000] {subprocess.py:93} INFO - 88/100 CFXUSDT lưu OK
[2025-08-17T08:25:37.543+0000] {subprocess.py:93} INFO - ✅ PNUTUSDT: thêm 1 dòng mới
[2025-08-17T08:25:37.544+0000] {subprocess.py:93} INFO - 89/100 PNUTUSDT lưu OK
[2025-08-17T08:25:37.544+0000] {subprocess.py:93} INFO - ✅ LAZIOUSDT: thêm 1 dòng mới
[2025-08-17T08:25:37.544+0000] {subprocess.py:93} INFO - 90/100 LAZIOUSDT lưu OK
[2025-08-17T08:25:37.544+0000] {subprocess.py:93} INFO - 91/100 TREEUSDT lỗi: relation "cryptocurrency.treeusdt" does not exist
[2025-08-17T08:25:37.545+0000] {subprocess.py:93} INFO - LINE 1: SELECT MAX(time) FROM cryptocurrency.treeusdt;
[2025-08-17T08:25:37.545+0000] {subprocess.py:93} INFO -                               ^
[2025-08-17T08:25:37.545+0000] {subprocess.py:93} INFO - 
[2025-08-17T08:25:37.545+0000] {subprocess.py:93} INFO - ✅ FETUSDT: thêm 1 dòng mới
[2025-08-17T08:25:37.546+0000] {subprocess.py:93} INFO - 92/100 FETUSDT lưu OK
[2025-08-17T08:25:37.546+0000] {subprocess.py:93} INFO - ✅ SPKUSDT: thêm 1 dòng mới
[2025-08-17T08:25:37.546+0000] {subprocess.py:93} INFO - 93/100 SPKUSDT lưu OK
[2025-08-17T08:25:37.546+0000] {subprocess.py:93} INFO - ✅ ENSUSDT: thêm 1 dòng mới
[2025-08-17T08:25:37.546+0000] {subprocess.py:93} INFO - 94/100 ENSUSDT lưu OK
[2025-08-17T08:25:37.547+0000] {subprocess.py:93} INFO - ⚠️ CAKEUSDT lỗi lần 1/3: HTTPSConnectionPool(host='api.binance.com', port=443): Max retries exceeded with url: /api/v3/klines?symbol=CAKEUSDT&interval=1m&limit=100 (Caused by ConnectTimeoutError(<urllib3.connection.HTTPSConnection object at 0x7f6f24d635e0>, 'Connection to api.binance.com timed out. (connect timeout=15)'))
[2025-08-17T08:25:37.547+0000] {subprocess.py:93} INFO - ✅ EIGENUSDT: thêm 1 dòng mới
[2025-08-17T08:25:37.547+0000] {subprocess.py:93} INFO - 95/100 EIGENUSDT lưu OK
[2025-08-17T08:25:37.547+0000] {subprocess.py:93} INFO - ✅ CAKEUSDT: thêm 1 dòng mới
[2025-08-17T08:25:37.548+0000] {subprocess.py:93} INFO - 96/100 CAKEUSDT lưu OK
[2025-08-17T08:25:37.548+0000] {subprocess.py:93} INFO - ✅ EURUSDT: thêm 1 dòng mới
[2025-08-17T08:25:37.548+0000] {subprocess.py:93} INFO - 97/100 EURUSDT lưu OK
[2025-08-17T08:25:37.548+0000] {subprocess.py:93} INFO - ✅ JUVUSDT: thêm 1 dòng mới
[2025-08-17T08:25:37.549+0000] {subprocess.py:93} INFO - 98/100 JUVUSDT lưu OK
[2025-08-17T08:25:37.549+0000] {subprocess.py:93} INFO - 99/100 NMRUSDT lỗi: relation "cryptocurrency.nmrusdt" does not exist
[2025-08-17T08:25:37.549+0000] {subprocess.py:93} INFO - LINE 1: SELECT MAX(time) FROM cryptocurrency.nmrusdt;
[2025-08-17T08:25:37.549+0000] {subprocess.py:93} INFO -                               ^
[2025-08-17T08:25:37.549+0000] {subprocess.py:93} INFO - 
[2025-08-17T08:25:37.550+0000] {subprocess.py:93} INFO - ✅ ARKMUSDT: thêm 1 dòng mới
[2025-08-17T08:25:37.550+0000] {subprocess.py:93} INFO - 100/100 ARKMUSDT lưu OK
[2025-08-17T08:25:37.625+0000] {subprocess.py:97} INFO - Command exited with return code 0
[2025-08-17T08:25:37.626+0000] {taskinstance.py:441} INFO - ::group::Post task execution logs
[2025-08-17T08:25:37.655+0000] {taskinstance.py:1206} INFO - Marking task as SUCCESS. dag_id=crypto_collector_dag, task_id=run_crypto_collector, run_id=scheduled__2025-08-17T08:24:00+00:00, execution_date=20250817T082400, start_date=20250817T082500, end_date=20250817T082537
[2025-08-17T08:25:37.710+0000] {local_task_job_runner.py:240} INFO - Task exited with return code 0
[2025-08-17T08:25:37.738+0000] {taskinstance.py:3498} INFO - 0 downstream tasks scheduled from follow-on schedule check
[2025-08-17T08:25:37.739+0000] {local_task_job_runner.py:222} INFO - ::endgroup::
