[2025-09-08T02:04:01.463+0000] {local_task_job_runner.py:120} INFO - ::group::Pre task execution logs
[2025-09-08T02:04:01.493+0000] {taskinstance.py:2076} INFO - Dependencies all met for dep_context=non-requeueable deps ti=<TaskInstance: liquidity.save_liquidity scheduled__2025-09-08T02:03:00+00:00 [queued]>
[2025-09-08T02:04:01.503+0000] {taskinstance.py:2076} INFO - Dependencies all met for dep_context=requeueable deps ti=<TaskInstance: liquidity.save_liquidity scheduled__2025-09-08T02:03:00+00:00 [queued]>
[2025-09-08T02:04:01.504+0000] {taskinstance.py:2306} INFO - Starting attempt 1 of 11
[2025-09-08T02:04:01.523+0000] {taskinstance.py:2330} INFO - Executing <Task(PythonOperator): save_liquidity> on 2025-09-08 02:03:00+00:00
[2025-09-08T02:04:01.534+0000] {standard_task_runner.py:63} INFO - Started process 296082 to run task
[2025-09-08T02:04:01.538+0000] {standard_task_runner.py:90} INFO - Running: ['***', 'tasks', 'run', 'liquidity', 'save_liquidity', 'scheduled__2025-09-08T02:03:00+00:00', '--job-id', '155942', '--raw', '--subdir', 'DAGS_FOLDER/dag_liquidity.py', '--cfg-path', '/tmp/tmp013yu2ca']
[2025-09-08T02:04:01.541+0000] {standard_task_runner.py:91} INFO - Job 155942: Subtask save_liquidity
[2025-09-08T02:04:01.597+0000] {task_command.py:426} INFO - Running <TaskInstance: liquidity.save_liquidity scheduled__2025-09-08T02:03:00+00:00 [running]> on host 8d9cea3aac78
[2025-09-08T02:04:01.988+0000] {taskinstance.py:2648} INFO - Exporting env vars: AIRFLOW_CTX_DAG_OWNER='***' AIRFLOW_CTX_DAG_ID='liquidity' AIRFLOW_CTX_TASK_ID='save_liquidity' AIRFLOW_CTX_EXECUTION_DATE='2025-09-08T02:03:00+00:00' AIRFLOW_CTX_TRY_NUMBER='1' AIRFLOW_CTX_DAG_RUN_ID='scheduled__2025-09-08T02:03:00+00:00'
[2025-09-08T02:04:01.989+0000] {taskinstance.py:430} INFO - ::endgroup::
[2025-09-08T02:04:02.390+0000] {liquidity.py:93} INFO - Đã lưu liquidity_ALL
[2025-09-08T02:04:02.766+0000] {liquidity.py:93} INFO - Đã lưu liquidity_HOSE
[2025-09-08T02:04:03.227+0000] {liquidity.py:93} INFO - Đã lưu liquidity_HNX
[2025-09-08T02:04:03.644+0000] {liquidity.py:93} INFO - Đã lưu liquidity_UPCOM
[2025-09-08T02:04:03.645+0000] {python.py:237} INFO - Done. Returned value was: None
[2025-09-08T02:04:03.646+0000] {taskinstance.py:441} INFO - ::group::Post task execution logs
[2025-09-08T02:04:03.658+0000] {taskinstance.py:1206} INFO - Marking task as SUCCESS. dag_id=liquidity, task_id=save_liquidity, run_id=scheduled__2025-09-08T02:03:00+00:00, execution_date=20250908T020300, start_date=20250908T020401, end_date=20250908T020403
[2025-09-08T02:04:03.718+0000] {local_task_job_runner.py:240} INFO - Task exited with return code 0
[2025-09-08T02:04:03.734+0000] {local_task_job_runner.py:222} INFO - ::endgroup::
