[2025-08-17T14:45:35.575+0000] {local_task_job_runner.py:120} INFO - ::group::Pre task execution logs
[2025-08-17T14:45:35.600+0000] {taskinstance.py:2076} INFO - Dependencies all met for dep_context=non-requeueable deps ti=<TaskInstance: crypto_collector_dag.run_crypto_collector scheduled__2025-08-17T14:44:00+00:00 [queued]>
[2025-08-17T14:45:35.608+0000] {taskinstance.py:2076} INFO - Dependencies all met for dep_context=requeueable deps ti=<TaskInstance: crypto_collector_dag.run_crypto_collector scheduled__2025-08-17T14:44:00+00:00 [queued]>
[2025-08-17T14:45:35.609+0000] {taskinstance.py:2306} INFO - Starting attempt 1 of 2
[2025-08-17T14:45:35.620+0000] {taskinstance.py:2330} INFO - Executing <Task(BashOperator): run_crypto_collector> on 2025-08-17 14:44:00+00:00
[2025-08-17T14:45:35.626+0000] {standard_task_runner.py:63} INFO - Started process 57276 to run task
[2025-08-17T14:45:35.630+0000] {standard_task_runner.py:90} INFO - Running: ['***', 'tasks', 'run', 'crypto_collector_dag', 'run_crypto_collector', 'scheduled__2025-08-17T14:44:00+00:00', '--job-id', '7479', '--raw', '--subdir', 'DAGS_FOLDER/crawl_crypto/dags_crypto.py', '--cfg-path', '/tmp/tmphhtt3z_c']
[2025-08-17T14:45:35.632+0000] {standard_task_runner.py:91} INFO - Job 7479: Subtask run_crypto_collector
[2025-08-17T14:45:35.684+0000] {task_command.py:426} INFO - Running <TaskInstance: crypto_collector_dag.run_crypto_collector scheduled__2025-08-17T14:44:00+00:00 [running]> on host 1877907bc043
[2025-08-17T14:45:35.785+0000] {taskinstance.py:2648} INFO - Exporting env vars: AIRFLOW_CTX_DAG_OWNER='***' AIRFLOW_CTX_DAG_ID='crypto_collector_dag' AIRFLOW_CTX_TASK_ID='run_crypto_collector' AIRFLOW_CTX_EXECUTION_DATE='2025-08-17T14:44:00+00:00' AIRFLOW_CTX_TRY_NUMBER='1' AIRFLOW_CTX_DAG_RUN_ID='scheduled__2025-08-17T14:44:00+00:00'
[2025-08-17T14:45:35.786+0000] {taskinstance.py:430} INFO - ::endgroup::
[2025-08-17T14:45:35.800+0000] {subprocess.py:63} INFO - Tmp dir root location: /tmp
[2025-08-17T14:45:35.801+0000] {subprocess.py:75} INFO - Running command: ['/usr/bin/bash', '-c', 'python3 /opt/***/dags/crawl_crypto/crawl_data_crypto.py']
[2025-08-17T14:45:35.813+0000] {subprocess.py:86} INFO - Output:
[2025-08-17T14:46:40.847+0000] {subprocess.py:93} INFO - 🔹 Kết nối DB...
[2025-08-17T14:46:40.848+0000] {subprocess.py:93} INFO - 🔹 Lấy top 100 crypto...
[2025-08-17T14:46:40.848+0000] {subprocess.py:93} INFO - Top 100: ['ETHUSDT', 'USDCUSDT', 'BTCUSDT', 'SOLUSDT', 'ADAUSDT', 'LINKUSDT', 'DOGEUSDT', 'FDUSDUSDT', 'XRPUSDT', 'PROVEUSDT', 'BNBUSDT', 'TRXUSDT', 'ENAUSDT', 'SUIUSDT', 'ARBUSDT', 'CTSIUSDT', 'PEPEUSDT', 'LTCUSDT', 'TRUMPUSDT', 'SEIUSDT', 'UNIUSDT', 'AVAXUSDT', 'CYBERUSDT', 'SUSDT', 'ALPINEUSDT', 'ASRUSDT', 'SKLUSDT', 'TSTUSDT', 'LDOUSDT', 'PONDUSDT', 'PENGUUSDT', 'BFUSDUSDT', 'HBARUSDT', 'AAVEUSDT', 'WLDUSDT', 'EPICUSDT', 'NEARUSDT', 'CRVUSDT', 'TOWNSUSDT', 'OGUSDT', 'MAVUSDT', 'CHRUSDT', 'WIFUSDT', 'OPUSDT', 'APTUSDT', 'BONKUSDT', 'OGNUSDT', 'DOTUSDT', 'XLMUSDT', 'RAYUSDT', 'LPTUSDT', 'BERAUSDT', 'INJUSDT', 'MOVRUSDT', 'TONUSDT', 'PENDLEUSDT', 'ETHFIUSDT', 'FLOKIUSDT', 'BCHUSDT', 'GALAUSDT', 'EIGENUSDT', 'ONDOUSDT', 'TAOUSDT', 'TIAUSDT', 'NMRUSDT', 'VIRTUALUSDT', 'CELRUSDT', 'BIOUSDT', 'BANDUSDT', 'NEIROUSDT', 'PORTOUSDT', 'API3USDT', 'POLUSDT', 'BBUSDT', 'BATUSDT', 'XUSDUSDT', 'RENDERUSDT', 'CAKEUSDT', 'FILUSDT', 'ZKUSDT', 'ETCUSDT', 'FETUSDT', 'ALGOUSDT', 'STRKUSDT', 'SYRUPUSDT', 'SPKUSDT', 'ERAUSDT', 'ICPUSDT', 'PNUTUSDT', 'LAUSDT', 'HOTUSDT', 'SHIBUSDT', 'MKRUSDT', 'ENSUSDT', 'EURUSDT', 'TREEUSDT', 'CFXUSDT', 'ARKMUSDT', 'VETUSDT', 'LRCUSDT']
[2025-08-17T14:46:40.848+0000] {subprocess.py:93} INFO - 🔹 Lưu lịch sử giá vào DB bằng threading...
[2025-08-17T14:46:40.849+0000] {subprocess.py:93} INFO - ⚠️ ADAUSDT lỗi lần 1/3: HTTPSConnectionPool(host='api.binance.com', port=443): Max retries exceeded with url: /api/v3/klines?symbol=ADAUSDT&interval=1m&limit=100 (Caused by ConnectTimeoutError(<urllib3.connection.HTTPSConnection object at 0x7fddb8d46cb0>, 'Connection to api.binance.com timed out. (connect timeout=15)'))
[2025-08-17T14:46:40.849+0000] {subprocess.py:93} INFO - ⚠️ ETHUSDT lỗi lần 1/3: HTTPSConnectionPool(host='api.binance.com', port=443): Max retries exceeded with url: /api/v3/klines?symbol=ETHUSDT&interval=1m&limit=100 (Caused by ConnectTimeoutError(<urllib3.connection.HTTPSConnection object at 0x7fddb8d774c0>, 'Connection to api.binance.com timed out. (connect timeout=15)'))
[2025-08-17T14:46:40.849+0000] {subprocess.py:93} INFO - ⚠️ BTCUSDT lỗi lần 1/3: HTTPSConnectionPool(host='api.binance.com', port=443): Max retries exceeded with url: /api/v3/klines?symbol=BTCUSDT&interval=1m&limit=100 (Caused by ConnectTimeoutError(<urllib3.connection.HTTPSConnection object at 0x7fddb8d756f0>, 'Connection to api.binance.com timed out. (connect timeout=15)'))
[2025-08-17T14:46:40.850+0000] {subprocess.py:93} INFO - ⚠️ USDCUSDT lỗi lần 1/3: HTTPSConnectionPool(host='api.binance.com', port=443): Max retries exceeded with url: /api/v3/klines?symbol=USDCUSDT&interval=1m&limit=100 (Caused by ConnectTimeoutError(<urllib3.connection.HTTPSConnection object at 0x7fddb8d769b0>, 'Connection to api.binance.com timed out. (connect timeout=15)'))
[2025-08-17T14:46:40.850+0000] {subprocess.py:93} INFO - ⚠️ SOLUSDT lỗi lần 1/3: HTTPSConnectionPool(host='api.binance.com', port=443): Max retries exceeded with url: /api/v3/klines?symbol=SOLUSDT&interval=1m&limit=100 (Caused by ConnectTimeoutError(<urllib3.connection.HTTPSConnection object at 0x7fddb8d45d50>, 'Connection to api.binance.com timed out. (connect timeout=15)'))
[2025-08-17T14:46:40.850+0000] {subprocess.py:93} INFO - ⚠️ PROVEUSDT lỗi lần 1/3: HTTPSConnectionPool(host='api.binance.com', port=443): Max retries exceeded with url: /api/v3/klines?symbol=PROVEUSDT&interval=1m&limit=100 (Caused by ConnectTimeoutError(<urllib3.connection.HTTPSConnection object at 0x7fddb8d6df90>, 'Connection to api.binance.com timed out. (connect timeout=15)'))
[2025-08-17T14:46:40.850+0000] {subprocess.py:93} INFO - ⚠️ LINKUSDT lỗi lần 1/3: HTTPSConnectionPool(host='api.binance.com', port=443): Max retries exceeded with url: /api/v3/klines?symbol=LINKUSDT&interval=1m&limit=100 (Caused by ConnectTimeoutError(<urllib3.connection.HTTPSConnection object at 0x7fddb8d45f30>, 'Connection to api.binance.com timed out. (connect timeout=15)'))
[2025-08-17T14:46:40.850+0000] {subprocess.py:93} INFO - ⚠️ FDUSDUSDT lỗi lần 1/3: HTTPSConnectionPool(host='api.binance.com', port=443): Max retries exceeded with url: /api/v3/klines?symbol=FDUSDUSDT&interval=1m&limit=100 (Caused by ConnectTimeoutError(<urllib3.connection.HTTPSConnection object at 0x7fddb8d46ad0>, 'Connection to api.binance.com timed out. (connect timeout=15)'))
[2025-08-17T14:46:40.851+0000] {subprocess.py:93} INFO - ⚠️ DOGEUSDT lỗi lần 1/3: HTTPSConnectionPool(host='api.binance.com', port=443): Max retries exceeded with url: /api/v3/klines?symbol=DOGEUSDT&interval=1m&limit=100 (Caused by ConnectTimeoutError(<urllib3.connection.HTTPSConnection object at 0x7fddb8d46e90>, 'Connection to api.binance.com timed out. (connect timeout=15)'))
[2025-08-17T14:46:40.851+0000] {subprocess.py:93} INFO - ⚠️ XRPUSDT lỗi lần 1/3: HTTPSConnectionPool(host='api.binance.com', port=443): Max retries exceeded with url: /api/v3/klines?symbol=XRPUSDT&interval=1m&limit=100 (Caused by ConnectTimeoutError(<urllib3.connection.HTTPSConnection object at 0x7fddb8d6e170>, 'Connection to api.binance.com timed out. (connect timeout=15)'))
[2025-08-17T14:46:40.851+0000] {subprocess.py:93} INFO - ⚠️ FDUSDUSDT lỗi lần 2/3: HTTPSConnectionPool(host='api.binance.com', port=443): Max retries exceeded with url: /api/v3/klines?symbol=FDUSDUSDT&interval=1m&limit=100 (Caused by ConnectTimeoutError(<urllib3.connection.HTTPSConnection object at 0x7fddb8d74730>, 'Connection to api.binance.com timed out. (connect timeout=15)'))
[2025-08-17T14:46:40.851+0000] {subprocess.py:93} INFO - ⚠️ PROVEUSDT lỗi lần 2/3: HTTPSConnectionPool(host='api.binance.com', port=443): Max retries exceeded with url: /api/v3/klines?symbol=PROVEUSDT&interval=1m&limit=100 (Caused by ConnectTimeoutError(<urllib3.connection.HTTPSConnection object at 0x7fddb8d79660>, 'Connection to api.binance.com timed out. (connect timeout=15)'))
[2025-08-17T14:46:40.852+0000] {subprocess.py:93} INFO - ⚠️ LINKUSDT lỗi lần 2/3: HTTPSConnectionPool(host='api.binance.com', port=443): Max retries exceeded with url: /api/v3/klines?symbol=LINKUSDT&interval=1m&limit=100 (Caused by ConnectTimeoutError(<urllib3.connection.HTTPSConnection object at 0x7fddb8d79480>, 'Connection to api.binance.com timed out. (connect timeout=15)'))
[2025-08-17T14:46:40.852+0000] {subprocess.py:93} INFO - ⚠️ XRPUSDT lỗi lần 2/3: HTTPSConnectionPool(host='api.binance.com', port=443): Max retries exceeded with url: /api/v3/klines?symbol=XRPUSDT&interval=1m&limit=100 (Caused by ConnectTimeoutError(<urllib3.connection.HTTPSConnection object at 0x7fddb8d79cf0>, 'Connection to api.binance.com timed out. (connect timeout=15)'))
[2025-08-17T14:46:40.852+0000] {subprocess.py:93} INFO - ⚠️ BTCUSDT lỗi lần 2/3: HTTPSConnectionPool(host='api.binance.com', port=443): Max retries exceeded with url: /api/v3/klines?symbol=BTCUSDT&interval=1m&limit=100 (Caused by ConnectTimeoutError(<urllib3.connection.HTTPSConnection object at 0x7fddb8d74cd0>, 'Connection to api.binance.com timed out. (connect timeout=15)'))
[2025-08-17T14:46:40.852+0000] {subprocess.py:93} INFO - ⚠️ DOGEUSDT lỗi lần 2/3: HTTPSConnectionPool(host='api.binance.com', port=443): Max retries exceeded with url: /api/v3/klines?symbol=DOGEUSDT&interval=1m&limit=100 (Caused by ConnectTimeoutError(<urllib3.connection.HTTPSConnection object at 0x7fddb8d79ff0>, 'Connection to api.binance.com timed out. (connect timeout=15)'))
[2025-08-17T14:46:40.852+0000] {subprocess.py:93} INFO - ✅ ADAUSDT: thêm 53 dòng mới
[2025-08-17T14:46:40.853+0000] {subprocess.py:93} INFO - ✅ ETHUSDT: thêm 19 dòng mới
[2025-08-17T14:46:40.853+0000] {subprocess.py:93} INFO - 1/100 ADAUSDT lưu OK
[2025-08-17T14:46:40.853+0000] {subprocess.py:93} INFO - 2/100 ETHUSDT lưu OK
[2025-08-17T14:46:40.853+0000] {subprocess.py:93} INFO - ✅ SOLUSDT: thêm 100 dòng mới
[2025-08-17T14:46:40.853+0000] {subprocess.py:93} INFO - 3/100 SOLUSDT lưu OK
[2025-08-17T14:46:40.854+0000] {subprocess.py:93} INFO - ✅ USDCUSDT: thêm 100 dòng mới
[2025-08-17T14:46:40.854+0000] {subprocess.py:93} INFO - 4/100 USDCUSDT lưu OK
[2025-08-17T14:46:40.854+0000] {subprocess.py:93} INFO - ⚠️ FDUSDUSDT lỗi lần 3/3: HTTPSConnectionPool(host='api.binance.com', port=443): Max retries exceeded with url: /api/v3/klines?symbol=FDUSDUSDT&interval=1m&limit=100 (Caused by ConnectTimeoutError(<urllib3.connection.HTTPSConnection object at 0x7fddb8d7aa70>, 'Connection to api.binance.com timed out. (connect timeout=15)'))
[2025-08-17T14:46:40.854+0000] {subprocess.py:93} INFO - ⚠️ PROVEUSDT lỗi lần 3/3: HTTPSConnectionPool(host='api.binance.com', port=443): Max retries exceeded with url: /api/v3/klines?symbol=PROVEUSDT&interval=1m&limit=100 (Caused by ConnectTimeoutError(<urllib3.connection.HTTPSConnection object at 0x7fddb8d784c0>, 'Connection to api.binance.com timed out. (connect timeout=15)'))
[2025-08-17T14:46:40.855+0000] {subprocess.py:93} INFO - ⚠️ LINKUSDT lỗi lần 3/3: HTTPSConnectionPool(host='api.binance.com', port=443): Max retries exceeded with url: /api/v3/klines?symbol=LINKUSDT&interval=1m&limit=100 (Caused by ConnectTimeoutError(<urllib3.connection.HTTPSConnection object at 0x7fddb8d78340>, 'Connection to api.binance.com timed out. (connect timeout=15)'))
[2025-08-17T14:46:40.855+0000] {subprocess.py:93} INFO - ⚠️ XRPUSDT lỗi lần 3/3: HTTPSConnectionPool(host='api.binance.com', port=443): Max retries exceeded with url: /api/v3/klines?symbol=XRPUSDT&interval=1m&limit=100 (Caused by ConnectTimeoutError(<urllib3.connection.HTTPSConnection object at 0x7fddb8d78670>, 'Connection to api.binance.com timed out. (connect timeout=15)'))
[2025-08-17T14:47:49.009+0000] {subprocess.py:93} INFO - ⚠️ BTCUSDT lỗi lần 3/3: HTTPSConnectionPool(host='api.binance.com', port=443): Max retries exceeded with url: /api/v3/klines?symbol=BTCUSDT&interval=1m&limit=100 (Caused by ConnectTimeoutError(<urllib3.connection.HTTPSConnection object at 0x7fddb8d7afe0>, 'Connection to api.binance.com timed out. (connect timeout=15)'))
[2025-08-17T14:47:49.010+0000] {subprocess.py:93} INFO - ⚠️ DOGEUSDT lỗi lần 3/3: HTTPSConnectionPool(host='api.binance.com', port=443): Max retries exceeded with url: /api/v3/klines?symbol=DOGEUSDT&interval=1m&limit=100 (Caused by ConnectTimeoutError(<urllib3.connection.HTTPSConnection object at 0x7fddb3ff8280>, 'Connection to api.binance.com timed out. (connect timeout=15)'))
[2025-08-17T14:47:49.010+0000] {subprocess.py:93} INFO - 5/100 FDUSDUSDT bỏ qua (fail)
[2025-08-17T14:47:49.010+0000] {subprocess.py:93} INFO - 6/100 PROVEUSDT bỏ qua (fail)
[2025-08-17T14:47:49.010+0000] {subprocess.py:93} INFO - 7/100 XRPUSDT bỏ qua (fail)
[2025-08-17T14:47:49.011+0000] {subprocess.py:93} INFO - 8/100 BTCUSDT bỏ qua (fail)
[2025-08-17T14:47:49.011+0000] {subprocess.py:93} INFO - 9/100 DOGEUSDT bỏ qua (fail)
[2025-08-17T14:47:49.011+0000] {subprocess.py:93} INFO - 10/100 LINKUSDT bỏ qua (fail)
[2025-08-17T14:47:49.012+0000] {subprocess.py:93} INFO - ⚠️ CTSIUSDT lỗi lần 1/3: HTTPSConnectionPool(host='api.binance.com', port=443): Max retries exceeded with url: /api/v3/klines?symbol=CTSIUSDT&interval=1m&limit=100 (Caused by ConnectTimeoutError(<urllib3.connection.HTTPSConnection object at 0x7fddb8d79d80>, 'Connection to api.binance.com timed out. (connect timeout=15)'))
[2025-08-17T14:47:49.012+0000] {subprocess.py:93} INFO - ⚠️ PEPEUSDT lỗi lần 1/3: HTTPSConnectionPool(host='api.binance.com', port=443): Max retries exceeded with url: /api/v3/klines?symbol=PEPEUSDT&interval=1m&limit=100 (Caused by ConnectTimeoutError(<urllib3.connection.HTTPSConnection object at 0x7fddb8d772b0>, 'Connection to api.binance.com timed out. (connect timeout=15)'))
[2025-08-17T14:47:49.012+0000] {subprocess.py:93} INFO - ⚠️ LTCUSDT lỗi lần 1/3: HTTPSConnectionPool(host='api.binance.com', port=443): Max retries exceeded with url: /api/v3/klines?symbol=LTCUSDT&interval=1m&limit=100 (Caused by ConnectTimeoutError(<urllib3.connection.HTTPSConnection object at 0x7fddb8d786d0>, 'Connection to api.binance.com timed out. (connect timeout=15)'))
[2025-08-17T14:47:49.012+0000] {subprocess.py:93} INFO - ⚠️ ARBUSDT lỗi lần 1/3: HTTPSConnectionPool(host='api.binance.com', port=443): Max retries exceeded with url: /api/v3/klines?symbol=ARBUSDT&interval=1m&limit=100 (Caused by ConnectTimeoutError(<urllib3.connection.HTTPSConnection object at 0x7fddb8d787f0>, 'Connection to api.binance.com timed out. (connect timeout=15)'))
[2025-08-17T14:47:49.013+0000] {subprocess.py:93} INFO - ⚠️ SEIUSDT lỗi lần 1/3: HTTPSConnectionPool(host='api.binance.com', port=443): Max retries exceeded with url: /api/v3/klines?symbol=SEIUSDT&interval=1m&limit=100 (Caused by ConnectTimeoutError(<urllib3.connection.HTTPSConnection object at 0x7fddb8d7abc0>, 'Connection to api.binance.com timed out. (connect timeout=15)'))
[2025-08-17T14:47:49.013+0000] {subprocess.py:93} INFO - ⚠️ TRUMPUSDT lỗi lần 1/3: HTTPSConnectionPool(host='api.binance.com', port=443): Max retries exceeded with url: /api/v3/klines?symbol=TRUMPUSDT&interval=1m&limit=100 (Caused by ConnectTimeoutError(<urllib3.connection.HTTPSConnection object at 0x7fddb8d78700>, 'Connection to api.binance.com timed out. (connect timeout=15)'))
[2025-08-17T14:47:49.013+0000] {subprocess.py:93} INFO - ⚠️ ARBUSDT lỗi lần 2/3: HTTPSConnectionPool(host='api.binance.com', port=443): Max retries exceeded with url: /api/v3/klines?symbol=ARBUSDT&interval=1m&limit=100 (Caused by ConnectTimeoutError(<urllib3.connection.HTTPSConnection object at 0x7fddb3ff8c10>, 'Connection to api.binance.com timed out. (connect timeout=15)'))
[2025-08-17T14:47:49.014+0000] {subprocess.py:93} INFO - ⚠️ LTCUSDT lỗi lần 2/3: HTTPSConnectionPool(host='api.binance.com', port=443): Max retries exceeded with url: /api/v3/klines?symbol=LTCUSDT&interval=1m&limit=100 (Caused by ConnectTimeoutError(<urllib3.connection.HTTPSConnection object at 0x7fddb3ff96f0>, 'Connection to api.binance.com timed out. (connect timeout=15)'))
[2025-08-17T14:47:49.014+0000] {subprocess.py:93} INFO - ⚠️ CTSIUSDT lỗi lần 2/3: HTTPSConnectionPool(host='api.binance.com', port=443): Max retries exceeded with url: /api/v3/klines?symbol=CTSIUSDT&interval=1m&limit=100 (Caused by ConnectTimeoutError(<urllib3.connection.HTTPSConnection object at 0x7fddb3ffa590>, 'Connection to api.binance.com timed out. (connect timeout=15)'))
[2025-08-17T14:47:49.014+0000] {subprocess.py:93} INFO - ⚠️ TRUMPUSDT lỗi lần 2/3: HTTPSConnectionPool(host='api.binance.com', port=443): Max retries exceeded with url: /api/v3/klines?symbol=TRUMPUSDT&interval=1m&limit=100 (Caused by ConnectTimeoutError(<urllib3.connection.HTTPSConnection object at 0x7fddb3ffb4f0>, 'Connection to api.binance.com timed out. (connect timeout=15)'))
[2025-08-17T14:47:49.014+0000] {subprocess.py:93} INFO - ⚠️ SEIUSDT lỗi lần 2/3: HTTPSConnectionPool(host='api.binance.com', port=443): Max retries exceeded with url: /api/v3/klines?symbol=SEIUSDT&interval=1m&limit=100 (Caused by ConnectTimeoutError(<urllib3.connection.HTTPSConnection object at 0x7fddb3ffb310>, 'Connection to api.binance.com timed out. (connect timeout=15)'))
[2025-08-17T14:47:49.015+0000] {subprocess.py:93} INFO - ⚠️ PEPEUSDT lỗi lần 2/3: HTTPSConnectionPool(host='api.binance.com', port=443): Max retries exceeded with url: /api/v3/klines?symbol=PEPEUSDT&interval=1m&limit=100 (Caused by ConnectTimeoutError(<urllib3.connection.HTTPSConnection object at 0x7fddb3ff8eb0>, 'Connection to api.binance.com timed out. (connect timeout=15)'))
[2025-08-17T14:47:49.015+0000] {subprocess.py:93} INFO - ⚠️ LTCUSDT lỗi lần 3/3: HTTPSConnectionPool(host='api.binance.com', port=443): Max retries exceeded with url: /api/v3/klines?symbol=LTCUSDT&interval=1m&limit=100 (Caused by ConnectTimeoutError(<urllib3.connection.HTTPSConnection object at 0x7fddb3ffae90>, 'Connection to api.binance.com timed out. (connect timeout=15)'))
[2025-08-17T14:47:49.015+0000] {subprocess.py:93} INFO - ⚠️ ARBUSDT lỗi lần 3/3: HTTPSConnectionPool(host='api.binance.com', port=443): Max retries exceeded with url: /api/v3/klines?symbol=ARBUSDT&interval=1m&limit=100 (Caused by ConnectTimeoutError(<urllib3.connection.HTTPSConnection object at 0x7fddb3f1d330>, 'Connection to api.binance.com timed out. (connect timeout=15)'))
[2025-08-17T14:47:49.016+0000] {subprocess.py:93} INFO - ⚠️ PEPEUSDT lỗi lần 3/3: HTTPSConnectionPool(host='api.binance.com', port=443): Max retries exceeded with url: /api/v3/klines?symbol=PEPEUSDT&interval=1m&limit=100 (Caused by ConnectTimeoutError(<urllib3.connection.HTTPSConnection object at 0x7fddb3f1d150>, 'Connection to api.binance.com timed out. (connect timeout=15)'))
[2025-08-17T14:47:49.016+0000] {subprocess.py:93} INFO - ⚠️ SEIUSDT lỗi lần 3/3: HTTPSConnectionPool(host='api.binance.com', port=443): Max retries exceeded with url: /api/v3/klines?symbol=SEIUSDT&interval=1m&limit=100 (Caused by ConnectTimeoutError(<urllib3.connection.HTTPSConnection object at 0x7fddb3f1d510>, 'Connection to api.binance.com timed out. (connect timeout=15)'))
[2025-08-17T14:47:49.016+0000] {subprocess.py:93} INFO - ⚠️ CTSIUSDT lỗi lần 3/3: HTTPSConnectionPool(host='api.binance.com', port=443): Max retries exceeded with url: /api/v3/klines?symbol=CTSIUSDT&interval=1m&limit=100 (Caused by ConnectTimeoutError(<urllib3.connection.HTTPSConnection object at 0x7fddb8d78850>, 'Connection to api.binance.com timed out. (connect timeout=15)'))
[2025-08-17T14:47:49.016+0000] {subprocess.py:93} INFO - ⚠️ TRUMPUSDT lỗi lần 3/3: HTTPSConnectionPool(host='api.binance.com', port=443): Max retries exceeded with url: /api/v3/klines?symbol=TRUMPUSDT&interval=1m&limit=100 (Caused by ConnectTimeoutError(<urllib3.connection.HTTPSConnection object at 0x7fddb3f1cd30>, 'Connection to api.binance.com timed out. (connect timeout=15)'))
[2025-08-17T14:47:49.017+0000] {subprocess.py:93} INFO - 11/100 LTCUSDT bỏ qua (fail)
[2025-08-17T14:47:49.017+0000] {subprocess.py:93} INFO - 12/100 PEPEUSDT bỏ qua (fail)
[2025-08-17T14:47:49.017+0000] {subprocess.py:93} INFO - 13/100 ARBUSDT bỏ qua (fail)
[2025-08-17T14:47:49.018+0000] {subprocess.py:93} INFO - 14/100 TRUMPUSDT bỏ qua (fail)
[2025-08-17T14:47:49.018+0000] {subprocess.py:93} INFO - 15/100 SEIUSDT bỏ qua (fail)
[2025-08-17T14:47:49.018+0000] {subprocess.py:93} INFO - 16/100 CTSIUSDT bỏ qua (fail)
[2025-08-17T14:47:49.018+0000] {subprocess.py:93} INFO - ✅ AVAXUSDT: thêm 41 dòng mới
[2025-08-17T14:47:49.019+0000] {subprocess.py:93} INFO - 17/100 AVAXUSDT lưu OK
[2025-08-17T14:47:49.019+0000] {subprocess.py:93} INFO - ⚠️ ALPINEUSDT lỗi lần 1/3: HTTPSConnectionPool(host='api.binance.com', port=443): Max retries exceeded with url: /api/v3/klines?symbol=ALPINEUSDT&interval=1m&limit=100 (Caused by ConnectTimeoutError(<urllib3.connection.HTTPSConnection object at 0x7fddb3f906a0>, 'Connection to api.binance.com timed out. (connect timeout=15)'))
[2025-08-17T14:47:49.019+0000] {subprocess.py:93} INFO - ⚠️ UNIUSDT lỗi lần 1/3: HTTPSConnectionPool(host='api.binance.com', port=443): Max retries exceeded with url: /api/v3/klines?symbol=UNIUSDT&interval=1m&limit=100 (Caused by ConnectTimeoutError(<urllib3.connection.HTTPSConnection object at 0x7fddb3f90100>, 'Connection to api.binance.com timed out. (connect timeout=15)'))
[2025-08-17T14:47:49.020+0000] {subprocess.py:93} INFO - ⚠️ SUSDT lỗi lần 1/3: HTTPSConnectionPool(host='api.binance.com', port=443): Max retries exceeded with url: /api/v3/klines?symbol=SUSDT&interval=1m&limit=100 (Caused by ConnectTimeoutError(<urllib3.connection.HTTPSConnection object at 0x7fddb3f1eda0>, 'Connection to api.binance.com timed out. (connect timeout=15)'))
[2025-08-17T14:49:24.907+0000] {subprocess.py:93} INFO - ⚠️ ASRUSDT lỗi lần 1/3: HTTPSConnectionPool(host='api.binance.com', port=443): Max retries exceeded with url: /api/v3/klines?symbol=ASRUSDT&interval=1m&limit=100 (Caused by ConnectTimeoutError(<urllib3.connection.HTTPSConnection object at 0x7fddb3f902e0>, 'Connection to api.binance.com timed out. (connect timeout=15)'))
[2025-08-17T14:49:24.908+0000] {subprocess.py:93} INFO - ⚠️ CYBERUSDT lỗi lần 1/3: HTTPSConnectionPool(host='api.binance.com', port=443): Max retries exceeded with url: /api/v3/klines?symbol=CYBERUSDT&interval=1m&limit=100 (Caused by ConnectTimeoutError(<urllib3.connection.HTTPSConnection object at 0x7fddb3f904c0>, 'Connection to api.binance.com timed out. (connect timeout=15)'))
[2025-08-17T14:49:24.908+0000] {subprocess.py:93} INFO - ⚠️ SUSDT lỗi lần 2/3: HTTPSConnectionPool(host='api.binance.com', port=443): Max retries exceeded with url: /api/v3/klines?symbol=SUSDT&interval=1m&limit=100 (Caused by ConnectTimeoutError(<urllib3.connection.HTTPSConnection object at 0x7fddb3ffb9a0>, 'Connection to api.binance.com timed out. (connect timeout=15)'))
[2025-08-17T14:49:24.909+0000] {subprocess.py:93} INFO - ⚠️ ASRUSDT lỗi lần 2/3: HTTPSConnectionPool(host='api.binance.com', port=443): Max retries exceeded with url: /api/v3/klines?symbol=ASRUSDT&interval=1m&limit=100 (Caused by ConnectTimeoutError(<urllib3.connection.HTTPSConnection object at 0x7fddb3f1e1d0>, 'Connection to api.binance.com timed out. (connect timeout=15)'))
[2025-08-17T14:49:24.909+0000] {subprocess.py:93} INFO - ⚠️ UNIUSDT lỗi lần 2/3: HTTPSConnectionPool(host='api.binance.com', port=443): Max retries exceeded with url: /api/v3/klines?symbol=UNIUSDT&interval=1m&limit=100 (Caused by ConnectTimeoutError(<urllib3.connection.HTTPSConnection object at 0x7fddb3ffbb20>, 'Connection to api.binance.com timed out. (connect timeout=15)'))
[2025-08-17T14:49:24.909+0000] {subprocess.py:93} INFO - ⚠️ ALPINEUSDT lỗi lần 2/3: HTTPSConnectionPool(host='api.binance.com', port=443): Max retries exceeded with url: /api/v3/klines?symbol=ALPINEUSDT&interval=1m&limit=100 (Caused by ConnectTimeoutError(<urllib3.connection.HTTPSConnection object at 0x7fddb3f1e260>, 'Connection to api.binance.com timed out. (connect timeout=15)'))
[2025-08-17T14:49:24.910+0000] {subprocess.py:93} INFO - ⚠️ CYBERUSDT lỗi lần 2/3: HTTPSConnectionPool(host='api.binance.com', port=443): Max retries exceeded with url: /api/v3/klines?symbol=CYBERUSDT&interval=1m&limit=100 (Caused by ConnectTimeoutError(<urllib3.connection.HTTPSConnection object at 0x7fddb3f1e050>, 'Connection to api.binance.com timed out. (connect timeout=15)'))
[2025-08-17T14:49:24.910+0000] {subprocess.py:93} INFO - ⚠️ ASRUSDT lỗi lần 3/3: HTTPSConnectionPool(host='api.binance.com', port=443): Max retries exceeded with url: /api/v3/klines?symbol=ASRUSDT&interval=1m&limit=100 (Caused by ConnectTimeoutError(<urllib3.connection.HTTPSConnection object at 0x7fddb3f92620>, 'Connection to api.binance.com timed out. (connect timeout=15)'))
[2025-08-17T14:49:24.911+0000] {subprocess.py:93} INFO - ⚠️ SUSDT lỗi lần 3/3: HTTPSConnectionPool(host='api.binance.com', port=443): Max retries exceeded with url: /api/v3/klines?symbol=SUSDT&interval=1m&limit=100 (Caused by ConnectTimeoutError(<urllib3.connection.HTTPSConnection object at 0x7fddb3f90100>, 'Connection to api.binance.com timed out. (connect timeout=15)'))
[2025-08-17T14:49:24.911+0000] {subprocess.py:93} INFO - 18/100 CYBERUSDT lỗi: relation "cryptocurrency.cyberusdt" does not exist
[2025-08-17T14:49:24.911+0000] {subprocess.py:93} INFO - LINE 1: SELECT MAX(time) FROM cryptocurrency.cyberusdt;
[2025-08-17T14:49:24.912+0000] {subprocess.py:93} INFO -                               ^
[2025-08-17T14:49:24.912+0000] {subprocess.py:93} INFO - 
[2025-08-17T14:49:24.912+0000] {subprocess.py:93} INFO - ✅ ALPINEUSDT: thêm 53 dòng mới
[2025-08-17T14:49:24.912+0000] {subprocess.py:93} INFO - 19/100 ALPINEUSDT lưu OK
[2025-08-17T14:49:24.913+0000] {subprocess.py:93} INFO - ✅ UNIUSDT: thêm 19 dòng mới
[2025-08-17T14:49:24.913+0000] {subprocess.py:93} INFO - 20/100 UNIUSDT lưu OK
[2025-08-17T14:49:24.913+0000] {subprocess.py:93} INFO - 21/100 ASRUSDT bỏ qua (fail)
[2025-08-17T14:49:24.913+0000] {subprocess.py:93} INFO - 22/100 SUSDT bỏ qua (fail)
[2025-08-17T14:49:24.914+0000] {subprocess.py:93} INFO - 23/100 BNBUSDT lỗi: connection to server at "videv.cloud" (27.74.74.29), port 5432 failed: Connection timed out
[2025-08-17T14:49:24.914+0000] {subprocess.py:93} INFO - 	Is the server running on that host and accepting TCP/IP connections?
[2025-08-17T14:49:24.914+0000] {subprocess.py:93} INFO - 
[2025-08-17T14:49:24.914+0000] {subprocess.py:93} INFO - 24/100 ENAUSDT lỗi: connection to server at "videv.cloud" (27.74.74.29), port 5432 failed: Connection timed out
[2025-08-17T14:49:24.915+0000] {subprocess.py:93} INFO - 	Is the server running on that host and accepting TCP/IP connections?
[2025-08-17T14:49:24.915+0000] {subprocess.py:93} INFO - 
[2025-08-17T14:49:24.915+0000] {subprocess.py:93} INFO - 25/100 TRXUSDT lỗi: connection to server at "videv.cloud" (27.74.74.29), port 5432 failed: Connection timed out
[2025-08-17T14:49:24.916+0000] {subprocess.py:93} INFO - 	Is the server running on that host and accepting TCP/IP connections?
[2025-08-17T14:49:24.916+0000] {subprocess.py:93} INFO - 
[2025-08-17T14:49:24.916+0000] {subprocess.py:93} INFO - 26/100 SUIUSDT lỗi: connection to server at "videv.cloud" (27.74.74.29), port 5432 failed: Connection timed out
[2025-08-17T14:49:24.916+0000] {subprocess.py:93} INFO - 	Is the server running on that host and accepting TCP/IP connections?
[2025-08-17T14:49:24.917+0000] {subprocess.py:93} INFO - 
[2025-08-17T14:49:24.917+0000] {subprocess.py:93} INFO - ⚠️ PENGUUSDT lỗi lần 1/3: HTTPSConnectionPool(host='api.binance.com', port=443): Max retries exceeded with url: /api/v3/klines?symbol=PENGUUSDT&interval=1m&limit=100 (Caused by ConnectTimeoutError(<urllib3.connection.HTTPSConnection object at 0x7fddb3f90580>, 'Connection to api.binance.com timed out. (connect timeout=15)'))
[2025-08-17T14:49:24.917+0000] {subprocess.py:93} INFO - ⚠️ AAVEUSDT lỗi lần 1/3: HTTPSConnectionPool(host='api.binance.com', port=443): Max retries exceeded with url: /api/v3/klines?symbol=AAVEUSDT&interval=1m&limit=100 (Caused by ConnectTimeoutError(<urllib3.connection.HTTPSConnection object at 0x7fddb3f1feb0>, 'Connection to api.binance.com timed out. (connect timeout=15)'))
[2025-08-17T14:49:24.917+0000] {subprocess.py:93} INFO - ⚠️ HBARUSDT lỗi lần 1/3: HTTPSConnectionPool(host='api.binance.com', port=443): Max retries exceeded with url: /api/v3/klines?symbol=HBARUSDT&interval=1m&limit=100 (Caused by ConnectTimeoutError(<urllib3.connection.HTTPSConnection object at 0x7fddb3f1d8a0>, 'Connection to api.binance.com timed out. (connect timeout=15)'))
[2025-08-17T14:49:24.918+0000] {subprocess.py:93} INFO - ⚠️ WLDUSDT lỗi lần 1/3: HTTPSConnectionPool(host='api.binance.com', port=443): Max retries exceeded with url: /api/v3/klines?symbol=WLDUSDT&interval=1m&limit=100 (Caused by ConnectTimeoutError(<urllib3.connection.HTTPSConnection object at 0x7fddb3f92800>, 'Connection to api.binance.com timed out. (connect timeout=15)'))
[2025-08-17T14:49:24.918+0000] {subprocess.py:93} INFO - ⚠️ EPICUSDT lỗi lần 1/3: HTTPSConnectionPool(host='api.binance.com', port=443): Max retries exceeded with url: /api/v3/klines?symbol=EPICUSDT&interval=1m&limit=100 (Caused by ConnectTimeoutError(<urllib3.connection.HTTPSConnection object at 0x7fddb3f1faf0>, 'Connection to api.binance.com timed out. (connect timeout=15)'))
[2025-08-17T14:49:24.918+0000] {subprocess.py:93} INFO - ⚠️ PENGUUSDT lỗi lần 2/3: HTTPSConnectionPool(host='api.binance.com', port=443): Max retries exceeded with url: /api/v3/klines?symbol=PENGUUSDT&interval=1m&limit=100 (Caused by ConnectTimeoutError(<urllib3.connection.HTTPSConnection object at 0x7fddb3f90a90>, 'Connection to api.binance.com timed out. (connect timeout=15)'))
[2025-08-17T14:49:24.919+0000] {subprocess.py:93} INFO - ⚠️ AAVEUSDT lỗi lần 2/3: HTTPSConnectionPool(host='api.binance.com', port=443): Max retries exceeded with url: /api/v3/klines?symbol=AAVEUSDT&interval=1m&limit=100 (Caused by ConnectTimeoutError(<urllib3.connection.HTTPSConnection object at 0x7fddb3f1d420>, 'Connection to api.binance.com timed out. (connect timeout=15)'))
[2025-08-17T14:49:24.919+0000] {subprocess.py:93} INFO - ⚠️ EPICUSDT lỗi lần 2/3: HTTPSConnectionPool(host='api.binance.com', port=443): Max retries exceeded with url: /api/v3/klines?symbol=EPICUSDT&interval=1m&limit=100 (Caused by ConnectTimeoutError(<urllib3.connection.HTTPSConnection object at 0x7fddb3f1d1b0>, 'Connection to api.binance.com timed out. (connect timeout=15)'))
[2025-08-17T14:49:24.919+0000] {subprocess.py:93} INFO - ⚠️ HBARUSDT lỗi lần 2/3: HTTPSConnectionPool(host='api.binance.com', port=443): Max retries exceeded with url: /api/v3/klines?symbol=HBARUSDT&interval=1m&limit=100 (Caused by ConnectTimeoutError(<urllib3.connection.HTTPSConnection object at 0x7fddb3f1c340>, 'Connection to api.binance.com timed out. (connect timeout=15)'))
[2025-08-17T14:49:24.919+0000] {subprocess.py:93} INFO - ⚠️ WLDUSDT lỗi lần 2/3: HTTPSConnectionPool(host='api.binance.com', port=443): Max retries exceeded with url: /api/v3/klines?symbol=WLDUSDT&interval=1m&limit=100 (Caused by ConnectTimeoutError(<urllib3.connection.HTTPSConnection object at 0x7fddb3f1c580>, 'Connection to api.binance.com timed out. (connect timeout=15)'))
[2025-08-17T14:49:24.920+0000] {subprocess.py:93} INFO - ⚠️ PENGUUSDT lỗi lần 3/3: HTTPSConnectionPool(host='api.binance.com', port=443): Max retries exceeded with url: /api/v3/klines?symbol=PENGUUSDT&interval=1m&limit=100 (Caused by ConnectTimeoutError(<urllib3.connection.HTTPSConnection object at 0x7fddb3f1cfd0>, 'Connection to api.binance.com timed out. (connect timeout=15)'))
[2025-08-17T14:49:24.920+0000] {subprocess.py:93} INFO - 27/100 PENGUUSDT bỏ qua (fail)
[2025-08-17T14:49:24.920+0000] {subprocess.py:93} INFO - ⚠️ EPICUSDT lỗi lần 3/3: HTTPSConnectionPool(host='api.binance.com', port=443): Max retries exceeded with url: /api/v3/klines?symbol=EPICUSDT&interval=1m&limit=100 (Caused by ConnectTimeoutError(<urllib3.connection.HTTPSConnection object at 0x7fddb3ffbd90>, 'Connection to api.binance.com timed out. (connect timeout=15)'))
[2025-08-17T14:51:08.647+0000] {subprocess.py:93} INFO - ⚠️ WLDUSDT lỗi lần 3/3: HTTPSConnectionPool(host='api.binance.com', port=443): Max retries exceeded with url: /api/v3/klines?symbol=WLDUSDT&interval=1m&limit=100 (Caused by ConnectTimeoutError(<urllib3.connection.HTTPSConnection object at 0x7fddb3ff8e80>, 'Connection to api.binance.com timed out. (connect timeout=15)'))
[2025-08-17T14:51:08.648+0000] {subprocess.py:93} INFO - 28/100 EPICUSDT bỏ qua (fail)
[2025-08-17T14:51:08.649+0000] {subprocess.py:93} INFO - 29/100 AAVEUSDT bỏ qua (fail)
[2025-08-17T14:51:08.649+0000] {subprocess.py:93} INFO - 30/100 WLDUSDT bỏ qua (fail)
[2025-08-17T14:51:08.649+0000] {subprocess.py:93} INFO - ⚠️ NEARUSDT lỗi lần 1/3: HTTPSConnectionPool(host='api.binance.com', port=443): Max retries exceeded with url: /api/v3/klines?symbol=NEARUSDT&interval=1m&limit=100 (Caused by ConnectTimeoutError(<urllib3.connection.HTTPSConnection object at 0x7fddb3ffb010>, 'Connection to api.binance.com timed out. (connect timeout=15)'))
[2025-08-17T14:51:08.650+0000] {subprocess.py:93} INFO - ✅ NEARUSDT: thêm 65 dòng mới
[2025-08-17T14:51:08.650+0000] {subprocess.py:93} INFO - 31/100 NEARUSDT lưu OK
[2025-08-17T14:51:08.650+0000] {subprocess.py:93} INFO - ⚠️ OGUSDT lỗi lần 1/3: HTTPSConnectionPool(host='api.binance.com', port=443): Max retries exceeded with url: /api/v3/klines?symbol=OGUSDT&interval=1m&limit=100 (Caused by ConnectTimeoutError(<urllib3.connection.HTTPSConnection object at 0x7fddb3ffa680>, 'Connection to api.binance.com timed out. (connect timeout=15)'))
[2025-08-17T14:51:08.651+0000] {subprocess.py:93} INFO - ⚠️ CRVUSDT lỗi lần 1/3: HTTPSConnectionPool(host='api.binance.com', port=443): Max retries exceeded with url: /api/v3/klines?symbol=CRVUSDT&interval=1m&limit=100 (Caused by ConnectTimeoutError(<urllib3.connection.HTTPSConnection object at 0x7fddb3ffaa10>, 'Connection to api.binance.com timed out. (connect timeout=15)'))
[2025-08-17T14:51:08.651+0000] {subprocess.py:93} INFO - ⚠️ TOWNSUSDT lỗi lần 1/3: HTTPSConnectionPool(host='api.binance.com', port=443): Max retries exceeded with url: /api/v3/klines?symbol=TOWNSUSDT&interval=1m&limit=100 (Caused by ConnectTimeoutError(<urllib3.connection.HTTPSConnection object at 0x7fddb3ff9d50>, 'Connection to api.binance.com timed out. (connect timeout=15)'))
[2025-08-17T14:51:08.651+0000] {subprocess.py:93} INFO - 32/100 SKLUSDT lỗi: connection to server at "videv.cloud" (27.74.74.29), port 5432 failed: Connection timed out
[2025-08-17T14:51:08.652+0000] {subprocess.py:93} INFO - 	Is the server running on that host and accepting TCP/IP connections?
[2025-08-17T14:51:08.652+0000] {subprocess.py:93} INFO - 
[2025-08-17T14:51:08.652+0000] {subprocess.py:93} INFO - ⚠️ MAVUSDT lỗi lần 1/3: HTTPSConnectionPool(host='api.binance.com', port=443): Max retries exceeded with url: /api/v3/klines?symbol=MAVUSDT&interval=1m&limit=100 (Caused by ConnectTimeoutError(<urllib3.connection.HTTPSConnection object at 0x7fddb3ff8190>, 'Connection to api.binance.com timed out. (connect timeout=15)'))
[2025-08-17T14:51:08.653+0000] {subprocess.py:93} INFO - ⚠️ CRVUSDT lỗi lần 2/3: HTTPSConnectionPool(host='api.binance.com', port=443): Max retries exceeded with url: /api/v3/klines?symbol=CRVUSDT&interval=1m&limit=100 (Caused by ConnectTimeoutError(<urllib3.connection.HTTPSConnection object at 0x7fddb3f1d060>, 'Connection to api.binance.com timed out. (connect timeout=15)'))
[2025-08-17T14:51:08.653+0000] {subprocess.py:93} INFO - ⚠️ TOWNSUSDT lỗi lần 2/3: HTTPSConnectionPool(host='api.binance.com', port=443): Max retries exceeded with url: /api/v3/klines?symbol=TOWNSUSDT&interval=1m&limit=100 (Caused by ConnectTimeoutError(<urllib3.connection.HTTPSConnection object at 0x7fddb8d2f8b0>, 'Connection to api.binance.com timed out. (connect timeout=15)'))
[2025-08-17T14:51:08.653+0000] {subprocess.py:93} INFO - ⚠️ CHRUSDT lỗi lần 1/3: HTTPSConnectionPool(host='api.binance.com', port=443): Max retries exceeded with url: /api/v3/klines?symbol=CHRUSDT&interval=1m&limit=100 (Caused by ConnectTimeoutError(<urllib3.connection.HTTPSConnection object at 0x7fddb3ff9cf0>, 'Connection to api.binance.com timed out. (connect timeout=15)'))
[2025-08-17T14:51:08.653+0000] {subprocess.py:93} INFO - ✅ CHRUSDT: thêm 54 dòng mới
[2025-08-17T14:51:08.654+0000] {subprocess.py:93} INFO - 33/100 CHRUSDT lưu OK
[2025-08-17T14:51:08.654+0000] {subprocess.py:93} INFO - ⚠️ MAVUSDT lỗi lần 2/3: HTTPSConnectionPool(host='api.binance.com', port=443): Max retries exceeded with url: /api/v3/klines?symbol=MAVUSDT&interval=1m&limit=100 (Caused by ConnectTimeoutError(<urllib3.connection.HTTPSConnection object at 0x7fddb3ffb220>, 'Connection to api.binance.com timed out. (connect timeout=15)'))
[2025-08-17T14:51:08.654+0000] {subprocess.py:93} INFO - ⚠️ CRVUSDT lỗi lần 3/3: HTTPSConnectionPool(host='api.binance.com', port=443): Max retries exceeded with url: /api/v3/klines?symbol=CRVUSDT&interval=1m&limit=100 (Caused by ConnectTimeoutError(<urllib3.connection.HTTPSConnection object at 0x7fddb8d7aad0>, 'Connection to api.binance.com timed out. (connect timeout=15)'))
[2025-08-17T14:51:08.655+0000] {subprocess.py:93} INFO - ⚠️ TOWNSUSDT lỗi lần 3/3: HTTPSConnectionPool(host='api.binance.com', port=443): Max retries exceeded with url: /api/v3/klines?symbol=TOWNSUSDT&interval=1m&limit=100 (Caused by ConnectTimeoutError(<urllib3.connection.HTTPSConnection object at 0x7fddb8d7b9a0>, 'Connection to api.binance.com timed out. (connect timeout=15)'))
[2025-08-17T14:51:08.655+0000] {subprocess.py:93} INFO - 34/100 CRVUSDT bỏ qua (fail)
[2025-08-17T14:51:08.655+0000] {subprocess.py:93} INFO - 35/100 TOWNSUSDT bỏ qua (fail)
[2025-08-17T14:51:08.656+0000] {subprocess.py:93} INFO - ✅ OPUSDT: thêm 42 dòng mới
[2025-08-17T14:51:08.656+0000] {subprocess.py:93} INFO - 36/100 OPUSDT lưu OK
[2025-08-17T14:51:08.656+0000] {subprocess.py:93} INFO - ✅ APTUSDT: thêm 18 dòng mới
[2025-08-17T14:51:08.657+0000] {subprocess.py:93} INFO - 37/100 APTUSDT lưu OK
[2025-08-17T14:51:08.657+0000] {subprocess.py:93} INFO - ✅ OGNUSDT: thêm 17 dòng mới
[2025-08-17T14:51:08.657+0000] {subprocess.py:93} INFO - 38/100 OGNUSDT lưu OK
[2025-08-17T14:51:08.658+0000] {subprocess.py:93} INFO - 39/100 TSTUSDT lỗi: connection to server at "videv.cloud" (27.74.74.29), port 5432 failed: Connection timed out
[2025-08-17T14:51:08.658+0000] {subprocess.py:93} INFO - 	Is the server running on that host and accepting TCP/IP connections?
[2025-08-17T14:51:08.658+0000] {subprocess.py:93} INFO - 
[2025-08-17T14:51:08.658+0000] {subprocess.py:93} INFO - 40/100 PONDUSDT lỗi: connection to server at "videv.cloud" (27.74.74.29), port 5432 failed: Connection timed out
[2025-08-17T14:51:08.659+0000] {subprocess.py:93} INFO - 	Is the server running on that host and accepting TCP/IP connections?
[2025-08-17T14:51:08.659+0000] {subprocess.py:93} INFO - 
[2025-08-17T14:51:08.659+0000] {subprocess.py:93} INFO - 41/100 BFUSDUSDT lỗi: connection to server at "videv.cloud" (27.74.74.29), port 5432 failed: Connection timed out
[2025-08-17T14:51:08.660+0000] {subprocess.py:93} INFO - 	Is the server running on that host and accepting TCP/IP connections?
[2025-08-17T14:51:08.660+0000] {subprocess.py:93} INFO - 
[2025-08-17T14:51:08.660+0000] {subprocess.py:93} INFO - 42/100 LDOUSDT lỗi: connection to server at "videv.cloud" (27.74.74.29), port 5432 failed: Connection timed out
[2025-08-17T14:51:08.661+0000] {subprocess.py:93} INFO - 	Is the server running on that host and accepting TCP/IP connections?
[2025-08-17T14:51:08.661+0000] {subprocess.py:93} INFO - 
[2025-08-17T14:51:08.661+0000] {subprocess.py:93} INFO - ⚠️ DOTUSDT lỗi lần 1/3: HTTPSConnectionPool(host='api.binance.com', port=443): Max retries exceeded with url: /api/v3/klines?symbol=DOTUSDT&interval=1m&limit=100 (Caused by ConnectTimeoutError(<urllib3.connection.HTTPSConnection object at 0x7fddb3ff8fd0>, 'Connection to api.binance.com timed out. (connect timeout=15)'))
[2025-08-17T14:51:08.662+0000] {subprocess.py:93} INFO - ⚠️ XLMUSDT lỗi lần 1/3: HTTPSConnectionPool(host='api.binance.com', port=443): Max retries exceeded with url: /api/v3/klines?symbol=XLMUSDT&interval=1m&limit=100 (Caused by ConnectTimeoutError(<urllib3.connection.HTTPSConnection object at 0x7fddb3ff9630>, 'Connection to api.binance.com timed out. (connect timeout=15)'))
[2025-08-17T14:51:08.662+0000] {subprocess.py:93} INFO - ⚠️ RAYUSDT lỗi lần 1/3: HTTPSConnectionPool(host='api.binance.com', port=443): Max retries exceeded with url: /api/v3/klines?symbol=RAYUSDT&interval=1m&limit=100 (Caused by ConnectTimeoutError(<urllib3.connection.HTTPSConnection object at 0x7fddb8d7b4c0>, 'Connection to api.binance.com timed out. (connect timeout=15)'))
[2025-08-17T14:51:08.662+0000] {subprocess.py:93} INFO - ⚠️ LPTUSDT lỗi lần 1/3: HTTPSConnectionPool(host='api.binance.com', port=443): Max retries exceeded with url: /api/v3/klines?symbol=LPTUSDT&interval=1m&limit=100 (Caused by ConnectTimeoutError(<urllib3.connection.HTTPSConnection object at 0x7fddb8d78070>, 'Connection to api.binance.com timed out. (connect timeout=15)'))
[2025-08-17T14:51:08.662+0000] {subprocess.py:93} INFO - ⚠️ BERAUSDT lỗi lần 1/3: HTTPSConnectionPool(host='api.binance.com', port=443): Max retries exceeded with url: /api/v3/klines?symbol=BERAUSDT&interval=1m&limit=100 (Caused by ConnectTimeoutError(<urllib3.connection.HTTPSConnection object at 0x7fddb8d7a980>, 'Connection to api.binance.com timed out. (connect timeout=15)'))
[2025-08-17T14:51:08.663+0000] {subprocess.py:93} INFO - ⚠️ DOTUSDT lỗi lần 2/3: HTTPSConnectionPool(host='api.binance.com', port=443): Max retries exceeded with url: /api/v3/klines?symbol=DOTUSDT&interval=1m&limit=100 (Caused by ConnectTimeoutError(<urllib3.connection.HTTPSConnection object at 0x7fddb3ff81c0>, 'Connection to api.binance.com timed out. (connect timeout=15)'))
[2025-08-17T14:51:08.663+0000] {subprocess.py:93} INFO - ⚠️ XLMUSDT lỗi lần 2/3: HTTPSConnectionPool(host='api.binance.com', port=443): Max retries exceeded with url: /api/v3/klines?symbol=XLMUSDT&interval=1m&limit=100 (Caused by ConnectTimeoutError(<urllib3.connection.HTTPSConnection object at 0x7fddb8d79870>, 'Connection to api.binance.com timed out. (connect timeout=15)'))
[2025-08-17T14:52:55.190+0000] {subprocess.py:93} INFO - \xff\xff\xff\xff\xff\xff\xff\xff       \x84       \xe65\xddq\xda                                                                                                                  Q      \xac	\x8c\xdd  0\xb0\x8c\xdd                                                  P       D       6\xa0\xddq\xda      \xff\xff\xff\xff\xfe\xff\xff\xff\xff\xff\xff\xff\xff\xff\xff\xff\xff\xff\xff\xff\xff\xff\xff\xff\xff\xff\xff\xff\xff\xff\xff\xff\xff\xff\xff\xff        \xc1       \xd0\xf4\x8c\xdd  \xc0\x8c\xdd  \xa0c\x8c\xdd  @m\x8c\xdd  \xcb  ⚠️ LPTUSDT lỗi lần 2/3: HTTPSConnectionPool(host='api.binance.com', port=443): Max retries exceeded with url: /api/v3/klines?symbol=LPTUSDT&interval=1m&limit=100 (Caused by ConnectTimeoutError(<urllib3.connection.HTTPSConnection object at 0x7fddb8d76710>, 'Connection to api.binance.com timed out. (connect timeout=15)'))
[2025-08-17T14:52:55.191+0000] {subprocess.py:93} INFO - ⚠️ BERAUSDT lỗi lần 2/3: HTTPSConnectionPool(host='api.binance.com', port=443): Max retries exceeded with url: /api/v3/klines?symbol=BERAUSDT&interval=1m&limit=100 (Caused by ConnectTimeoutError(<urllib3.connection.HTTPSConnection object at 0x7fddb8d769e0>, 'Connection to api.binance.com timed out. (connect timeout=15)'))
[2025-08-17T14:52:55.191+0000] {subprocess.py:93} INFO - ⚠️ RAYUSDT lỗi lần 2/3: HTTPSConnectionPool(host='api.binance.com', port=443): Max retries exceeded with url: /api/v3/klines?symbol=RAYUSDT&interval=1m&limit=100 (Caused by ConnectTimeoutError(<urllib3.connection.HTTPSConnection object at 0x7fddb8d76890>, 'Connection to api.binance.com timed out. (connect timeout=15)'))
[2025-08-17T14:52:55.192+0000] {subprocess.py:93} INFO - ⚠️ DOTUSDT lỗi lần 3/3: HTTPSConnectionPool(host='api.binance.com', port=443): Max retries exceeded with url: /api/v3/klines?symbol=DOTUSDT&interval=1m&limit=100 (Caused by ConnectTimeoutError(<urllib3.connection.HTTPSConnection object at 0x7fddb8d77640>, 'Connection to api.binance.com timed out. (connect timeout=15)'))
[2025-08-17T14:52:55.192+0000] {subprocess.py:93} INFO - 43/100 DOTUSDT bỏ qua (fail)
[2025-08-17T14:52:55.193+0000] {subprocess.py:93} INFO - 44/100 HBARUSDT lỗi: connection to server at "videv.cloud" (27.74.74.29), port 5432 failed: Connection timed out
[2025-08-17T14:52:55.193+0000] {subprocess.py:93} INFO - 	Is the server running on that host and accepting TCP/IP connections?
[2025-08-17T14:52:55.194+0000] {subprocess.py:93} INFO - 
[2025-08-17T14:52:55.194+0000] {subprocess.py:93} INFO - ⚠️ LPTUSDT lỗi lần 3/3: HTTPSConnectionPool(host='api.binance.com', port=443): Max retries exceeded with url: /api/v3/klines?symbol=LPTUSDT&interval=1m&limit=100 (Caused by ConnectTimeoutError(<urllib3.connection.HTTPSConnection object at 0x7fddb8d78e50>, 'Connection to api.binance.com timed out. (connect timeout=15)'))
[2025-08-17T14:52:55.194+0000] {subprocess.py:93} INFO - ⚠️ RAYUSDT lỗi lần 3/3: HTTPSConnectionPool(host='api.binance.com', port=443): Max retries exceeded with url: /api/v3/klines?symbol=RAYUSDT&interval=1m&limit=100 (Caused by ConnectTimeoutError(<urllib3.connection.HTTPSConnection object at 0x7fddb8d7b8e0>, 'Connection to api.binance.com timed out. (connect timeout=15)'))
[2025-08-17T14:52:55.195+0000] {subprocess.py:93} INFO - ⚠️ BERAUSDT lỗi lần 3/3: HTTPSConnectionPool(host='api.binance.com', port=443): Max retries exceeded with url: /api/v3/klines?symbol=BERAUSDT&interval=1m&limit=100 (Caused by ConnectTimeoutError(<urllib3.connection.HTTPSConnection object at 0x7fddb8d7b220>, 'Connection to api.binance.com timed out. (connect timeout=15)'))
[2025-08-17T14:52:55.195+0000] {subprocess.py:93} INFO - 45/100 LPTUSDT bỏ qua (fail)
[2025-08-17T14:52:55.196+0000] {subprocess.py:93} INFO - 46/100 BERAUSDT bỏ qua (fail)
[2025-08-17T14:52:55.196+0000] {subprocess.py:93} INFO - 47/100 RAYUSDT bỏ qua (fail)
[2025-08-17T14:52:55.197+0000] {subprocess.py:93} INFO - ⚠️ INJUSDT lỗi lần 1/3: HTTPSConnectionPool(host='api.binance.com', port=443): Max retries exceeded with url: /api/v3/klines?symbol=INJUSDT&interval=1m&limit=100 (Caused by ConnectTimeoutError(<urllib3.connection.HTTPSConnection object at 0x7fddb3ff9000>, 'Connection to api.binance.com timed out. (connect timeout=15)'))
[2025-08-17T14:52:55.197+0000] {subprocess.py:93} INFO - ⚠️ MOVRUSDT lỗi lần 1/3: HTTPSConnectionPool(host='api.binance.com', port=443): Max retries exceeded with url: /api/v3/klines?symbol=MOVRUSDT&interval=1m&limit=100 (Caused by ConnectTimeoutError(<urllib3.connection.HTTPSConnection object at 0x7fddb3ffaef0>, 'Connection to api.binance.com timed out. (connect timeout=15)'))
[2025-08-17T14:52:55.197+0000] {subprocess.py:93} INFO - ⚠️ PENDLEUSDT lỗi lần 1/3: HTTPSConnectionPool(host='api.binance.com', port=443): Max retries exceeded with url: /api/v3/klines?symbol=PENDLEUSDT&interval=1m&limit=100 (Caused by ConnectTimeoutError(<urllib3.connection.HTTPSConnection object at 0x7fddb8d6c040>, 'Connection to api.binance.com timed out. (connect timeout=15)'))
[2025-08-17T14:52:55.198+0000] {subprocess.py:93} INFO - ⚠️ TONUSDT lỗi lần 1/3: HTTPSConnectionPool(host='api.binance.com', port=443): Max retries exceeded with url: /api/v3/klines?symbol=TONUSDT&interval=1m&limit=100 (Caused by ConnectTimeoutError(<urllib3.connection.HTTPSConnection object at 0x7fddb8d6f280>, 'Connection to api.binance.com timed out. (connect timeout=15)'))
[2025-08-17T14:52:55.198+0000] {subprocess.py:93} INFO - ⚠️ ETHFIUSDT lỗi lần 1/3: HTTPSConnectionPool(host='api.binance.com', port=443): Max retries exceeded with url: /api/v3/klines?symbol=ETHFIUSDT&interval=1m&limit=100 (Caused by ConnectTimeoutError(<urllib3.connection.HTTPSConnection object at 0x7fddb8d6f9d0>, 'Connection to api.binance.com timed out. (connect timeout=15)'))
[2025-08-17T14:52:55.199+0000] {subprocess.py:93} INFO - 48/100 OGUSDT lỗi: connection to server at "videv.cloud" (27.74.74.29), port 5432 failed: Connection timed out
[2025-08-17T14:52:55.199+0000] {subprocess.py:93} INFO - 	Is the server running on that host and accepting TCP/IP connections?
[2025-08-17T14:52:55.199+0000] {subprocess.py:93} INFO - 
[2025-08-17T14:52:55.200+0000] {subprocess.py:93} INFO - ⚠️ TONUSDT lỗi lần 2/3: HTTPSConnectionPool(host='api.binance.com', port=443): Max retries exceeded with url: /api/v3/klines?symbol=TONUSDT&interval=1m&limit=100 (Caused by ConnectTimeoutError(<urllib3.connection.HTTPSConnection object at 0x7fddb3ffbb50>, 'Connection to api.binance.com timed out. (connect timeout=15)'))
[2025-08-17T14:52:55.200+0000] {subprocess.py:93} INFO - ⚠️ ETHFIUSDT lỗi lần 2/3: HTTPSConnectionPool(host='api.binance.com', port=443): Max retries exceeded with url: /api/v3/klines?symbol=ETHFIUSDT&interval=1m&limit=100 (Caused by ConnectTimeoutError(<urllib3.connection.HTTPSConnection object at 0x7fddb8d6f6a0>, 'Connection to api.binance.com timed out. (connect timeout=15)'))
[2025-08-17T14:52:55.201+0000] {subprocess.py:93} INFO - ⚠️ FLOKIUSDT lỗi lần 1/3: HTTPSConnectionPool(host='api.binance.com', port=443): Max retries exceeded with url: /api/v3/klines?symbol=FLOKIUSDT&interval=1m&limit=100 (Caused by ConnectTimeoutError(<urllib3.connection.HTTPSConnection object at 0x7fddb8d74f70>, 'Connection to api.binance.com timed out. (connect timeout=15)'))
[2025-08-17T14:52:55.201+0000] {subprocess.py:93} INFO - 49/100 MOVRUSDT lỗi: relation "cryptocurrency.movrusdt" does not exist
[2025-08-17T14:52:55.202+0000] {subprocess.py:93} INFO - LINE 1: SELECT MAX(time) FROM cryptocurrency.movrusdt;
[2025-08-17T14:52:55.202+0000] {subprocess.py:93} INFO -                               ^
[2025-08-17T14:52:55.202+0000] {subprocess.py:93} INFO - 
[2025-08-17T14:52:55.203+0000] {subprocess.py:93} INFO - ⚠️ TONUSDT lỗi lần 3/3: HTTPSConnectionPool(host='api.binance.com', port=443): Max retries exceeded with url: /api/v3/klines?symbol=TONUSDT&interval=1m&limit=100 (Caused by ConnectTimeoutError(<urllib3.connection.HTTPSConnection object at 0x7fddb8d7aad0>, 'Connection to api.binance.com timed out. (connect timeout=15)'))
[2025-08-17T14:52:55.204+0000] {subprocess.py:93} INFO - ⚠️ ETHFIUSDT lỗi lần 3/3: HTTPSConnectionPool(host='api.binance.com', port=443): Max retries exceeded with url: /api/v3/klines?symbol=ETHFIUSDT&interval=1m&limit=100 (Caused by ConnectTimeoutError(<urllib3.connection.HTTPSConnection object at 0x7fddb8d79f90>, 'Connection to api.binance.com timed out. (connect timeout=15)'))
[2025-08-17T14:52:55.204+0000] {subprocess.py:93} INFO - 50/100 TONUSDT bỏ qua (fail)
[2025-08-17T14:52:55.204+0000] {subprocess.py:93} INFO - 51/100 ETHFIUSDT bỏ qua (fail)
[2025-08-17T14:52:55.205+0000] {subprocess.py:93} INFO - 52/100 WIFUSDT lỗi: connection to server at "videv.cloud" (27.74.74.29), port 5432 failed: Connection timed out
[2025-08-17T14:52:55.205+0000] {subprocess.py:93} INFO - 	Is the server running on that host and accepting TCP/IP connections?
[2025-08-17T14:52:55.206+0000] {subprocess.py:93} INFO - 
[2025-08-17T14:52:55.206+0000] {subprocess.py:93} INFO - 53/100 MAVUSDT lỗi: connection to server at "videv.cloud" (27.74.74.29), port 5432 failed: Connection timed out
[2025-08-17T14:52:55.206+0000] {subprocess.py:93} INFO - 	Is the server running on that host and accepting TCP/IP connections?
[2025-08-17T14:52:55.207+0000] {subprocess.py:93} INFO - 
[2025-08-17T14:52:55.207+0000] {subprocess.py:93} INFO - ✅ EIGENUSDT: thêm 77 dòng mới
[2025-08-17T14:52:55.208+0000] {subprocess.py:93} INFO - 54/100 EIGENUSDT lưu OK
[2025-08-17T14:52:55.208+0000] {subprocess.py:93} INFO - ✅ GALAUSDT: thêm 95 dòng mới
[2025-08-17T14:52:55.208+0000] {subprocess.py:93} INFO - 55/100 GALAUSDT lưu OK
[2025-08-17T14:52:55.209+0000] {subprocess.py:93} INFO - ✅ TAOUSDT: thêm 42 dòng mới
[2025-08-17T14:52:55.209+0000] {subprocess.py:93} INFO - 56/100 TAOUSDT lưu OK
[2025-08-17T14:52:55.210+0000] {subprocess.py:93} INFO - 57/100 BONKUSDT lỗi: connection to server at "videv.cloud" (27.74.74.29), port 5432 failed: Connection timed out
[2025-08-17T14:52:55.210+0000] {subprocess.py:93} INFO - 	Is the server running on that host and accepting TCP/IP connections?
[2025-08-17T14:52:55.210+0000] {subprocess.py:93} INFO - 
[2025-08-17T14:52:55.211+0000] {subprocess.py:93} INFO - ⚠️ ONDOUSDT lỗi lần 1/3: HTTPSConnectionPool(host='api.binance.com', port=443): Max retries exceeded with url: /api/v3/klines?symbol=ONDOUSDT&interval=1m&limit=100 (Caused by ConnectTimeoutError(<urllib3.connection.HTTPSConnection object at 0x7fddb8d76bc0>, 'Connection to api.binance.com timed out. (connect timeout=15)'))
[2025-08-17T14:52:55.211+0000] {subprocess.py:93} INFO - ⚠️ NMRUSDT lỗi lần 1/3: HTTPSConnectionPool(host='api.binance.com', port=443): Max retries exceeded with url: /api/v3/klines?symbol=NMRUSDT&interval=1m&limit=100 (Caused by ConnectTimeoutError(<urllib3.connection.HTTPSConnection object at 0x7fddb8d76830>, 'Connection to api.binance.com timed out. (connect timeout=15)'))
[2025-08-17T14:52:55.212+0000] {subprocess.py:93} INFO - ⚠️ CELRUSDT lỗi lần 1/3: HTTPSConnectionPool(host='api.binance.com', port=443): Max retries exceeded with url: /api/v3/klines?symbol=CELRUSDT&interval=1m&limit=100 (Caused by ConnectTimeoutError(<urllib3.connection.HTTPSConnection object at 0x7fddb8d75030>, 'Connection to api.binance.com timed out. (connect timeout=15)'))
[2025-08-17T14:54:37.680+0000] {subprocess.py:93} INFO - ⚠️ ONDOUSDT lỗi lần 2/3: HTTPSConnectionPool(host='api.binance.com', port=443): Max retries exceeded with url: /api/v3/klines?symbol=ONDOUSDT&interval=1m&limit=100 (Caused by ConnectTimeoutError(<urllib3.connection.HTTPSConnection object at 0x7fddb8d771c0>, 'Connection to api.binance.com timed out. (connect timeout=15)'))
[2025-08-17T14:54:37.681+0000] {subprocess.py:93} INFO - ⚠️ NMRUSDT lỗi lần 2/3: HTTPSConnectionPool(host='api.binance.com', port=443): Max retries exceeded with url: /api/v3/klines?symbol=NMRUSDT&interval=1m&limit=100 (Caused by ConnectTimeoutError(<urllib3.connection.HTTPSConnection object at 0x7fddb8d79d80>, 'Connection to api.binance.com timed out. (connect timeout=15)'))
[2025-08-17T14:54:37.681+0000] {subprocess.py:93} INFO - ⚠️ CELRUSDT lỗi lần 2/3: HTTPSConnectionPool(host='api.binance.com', port=443): Max retries exceeded with url: /api/v3/klines?symbol=CELRUSDT&interval=1m&limit=100 (Caused by ConnectTimeoutError(<urllib3.connection.HTTPSConnection object at 0x7fddb8d2e6b0>, 'Connection to api.binance.com timed out. (connect timeout=15)'))
[2025-08-17T14:54:37.682+0000] {subprocess.py:93} INFO - ⚠️ ONDOUSDT lỗi lần 3/3: HTTPSConnectionPool(host='api.binance.com', port=443): Max retries exceeded with url: /api/v3/klines?symbol=ONDOUSDT&interval=1m&limit=100 (Caused by ConnectTimeoutError(<urllib3.connection.HTTPSConnection object at 0x7fddb8d74d90>, 'Connection to api.binance.com timed out. (connect timeout=15)'))
[2025-08-17T14:54:37.682+0000] {subprocess.py:93} INFO - 58/100 ONDOUSDT bỏ qua (fail)
[2025-08-17T14:54:37.683+0000] {subprocess.py:93} INFO - ⚠️ NMRUSDT lỗi lần 3/3: HTTPSConnectionPool(host='api.binance.com', port=443): Max retries exceeded with url: /api/v3/klines?symbol=NMRUSDT&interval=1m&limit=100 (Caused by ConnectTimeoutError(<urllib3.connection.HTTPSConnection object at 0x7fddb8d763e0>, 'Connection to api.binance.com timed out. (connect timeout=15)'))
[2025-08-17T14:54:37.683+0000] {subprocess.py:93} INFO - 59/100 NMRUSDT bỏ qua (fail)
[2025-08-17T14:54:37.684+0000] {subprocess.py:93} INFO - 60/100 XLMUSDT lỗi: connection to server at "videv.cloud" (27.74.74.29), port 5432 failed: Connection timed out
[2025-08-17T14:54:37.684+0000] {subprocess.py:93} INFO - 	Is the server running on that host and accepting TCP/IP connections?
[2025-08-17T14:54:37.684+0000] {subprocess.py:93} INFO - 
[2025-08-17T14:54:37.685+0000] {subprocess.py:93} INFO - ⚠️ CELRUSDT lỗi lần 3/3: HTTPSConnectionPool(host='api.binance.com', port=443): Max retries exceeded with url: /api/v3/klines?symbol=CELRUSDT&interval=1m&limit=100 (Caused by ConnectTimeoutError(<urllib3.connection.HTTPSConnection object at 0x7fddb8d75810>, 'Connection to api.binance.com timed out. (connect timeout=15)'))
[2025-08-17T14:54:37.685+0000] {subprocess.py:93} INFO - 61/100 CELRUSDT bỏ qua (fail)
[2025-08-17T14:54:37.686+0000] {subprocess.py:93} INFO - ⚠️ BIOUSDT lỗi lần 1/3: HTTPSConnectionPool(host='api.binance.com', port=443): Max retries exceeded with url: /api/v3/klines?symbol=BIOUSDT&interval=1m&limit=100 (Caused by ConnectTimeoutError(<urllib3.connection.HTTPSConnection object at 0x7fddb8d6feb0>, 'Connection to api.binance.com timed out. (connect timeout=15)'))
[2025-08-17T14:54:37.686+0000] {subprocess.py:93} INFO - ⚠️ BANDUSDT lỗi lần 1/3: HTTPSConnectionPool(host='api.binance.com', port=443): Max retries exceeded with url: /api/v3/klines?symbol=BANDUSDT&interval=1m&limit=100 (Caused by ConnectTimeoutError(<urllib3.connection.HTTPSConnection object at 0x7fddb8d2cdc0>, 'Connection to api.binance.com timed out. (connect timeout=15)'))
[2025-08-17T14:54:37.686+0000] {subprocess.py:93} INFO - ⚠️ NEIROUSDT lỗi lần 1/3: HTTPSConnectionPool(host='api.binance.com', port=443): Max retries exceeded with url: /api/v3/klines?symbol=NEIROUSDT&interval=1m&limit=100 (Caused by ConnectTimeoutError(<urllib3.connection.HTTPSConnection object at 0x7fddb3ff9180>, 'Connection to api.binance.com timed out. (connect timeout=15)'))
[2025-08-17T14:54:37.687+0000] {subprocess.py:93} INFO - ⚠️ PORTOUSDT lỗi lần 1/3: HTTPSConnectionPool(host='api.binance.com', port=443): Max retries exceeded with url: /api/v3/klines?symbol=PORTOUSDT&interval=1m&limit=100 (Caused by ConnectTimeoutError(<urllib3.connection.HTTPSConnection object at 0x7fddb8d2df00>, 'Connection to api.binance.com timed out. (connect timeout=15)'))
[2025-08-17T14:54:37.688+0000] {subprocess.py:93} INFO - ⚠️ BIOUSDT lỗi lần 2/3: HTTPSConnectionPool(host='api.binance.com', port=443): Max retries exceeded with url: /api/v3/klines?symbol=BIOUSDT&interval=1m&limit=100 (Caused by ConnectTimeoutError(<urllib3.connection.HTTPSConnection object at 0x7fddb8d776a0>, 'Connection to api.binance.com timed out. (connect timeout=15)'))
[2025-08-17T14:54:37.688+0000] {subprocess.py:93} INFO - 62/100 INJUSDT lỗi: connection to server at "videv.cloud" (27.74.74.29), port 5432 failed: Connection timed out
[2025-08-17T14:54:37.689+0000] {subprocess.py:93} INFO - 	Is the server running on that host and accepting TCP/IP connections?
[2025-08-17T14:54:37.689+0000] {subprocess.py:93} INFO - 
[2025-08-17T14:54:37.690+0000] {subprocess.py:93} INFO - ⚠️ NEIROUSDT lỗi lần 2/3: HTTPSConnectionPool(host='api.binance.com', port=443): Max retries exceeded with url: /api/v3/klines?symbol=NEIROUSDT&interval=1m&limit=100 (Caused by ConnectTimeoutError(<urllib3.connection.HTTPSConnection object at 0x7fddb8d74fd0>, 'Connection to api.binance.com timed out. (connect timeout=15)'))
[2025-08-17T14:54:37.690+0000] {subprocess.py:93} INFO - 63/100 PENDLEUSDT lỗi: connection to server at "videv.cloud" (27.74.74.29), port 5432 failed: Connection timed out
[2025-08-17T14:54:37.690+0000] {subprocess.py:93} INFO - 	Is the server running on that host and accepting TCP/IP connections?
[2025-08-17T14:54:37.691+0000] {subprocess.py:93} INFO - 
[2025-08-17T14:54:37.691+0000] {subprocess.py:93} INFO - ⚠️ PORTOUSDT lỗi lần 2/3: HTTPSConnectionPool(host='api.binance.com', port=443): Max retries exceeded with url: /api/v3/klines?symbol=PORTOUSDT&interval=1m&limit=100 (Caused by ConnectTimeoutError(<urllib3.connection.HTTPSConnection object at 0x7fddb3ff9510>, 'Connection to api.binance.com timed out. (connect timeout=15)'))
[2025-08-17T14:54:37.692+0000] {subprocess.py:93} INFO - ⚠️ BIOUSDT lỗi lần 3/3: HTTPSConnectionPool(host='api.binance.com', port=443): Max retries exceeded with url: /api/v3/klines?symbol=BIOUSDT&interval=1m&limit=100 (Caused by ConnectTimeoutError(<urllib3.connection.HTTPSConnection object at 0x7fddb8d2f0d0>, 'Connection to api.binance.com timed out. (connect timeout=15)'))
[2025-08-17T14:54:37.692+0000] {subprocess.py:93} INFO - ⚠️ API3USDT lỗi lần 1/3: HTTPSConnectionPool(host='api.binance.com', port=443): Max retries exceeded with url: /api/v3/klines?symbol=API3USDT&interval=1m&limit=100 (Caused by ConnectTimeoutError(<urllib3.connection.HTTPSConnection object at 0x7fddb8d6fd60>, 'Connection to api.binance.com timed out. (connect timeout=15)'))
[2025-08-17T14:54:37.692+0000] {subprocess.py:93} INFO - 64/100 BIOUSDT bỏ qua (fail)
[2025-08-17T14:54:37.693+0000] {subprocess.py:93} INFO - ⚠️ NEIROUSDT lỗi lần 3/3: HTTPSConnectionPool(host='api.binance.com', port=443): Max retries exceeded with url: /api/v3/klines?symbol=NEIROUSDT&interval=1m&limit=100 (Caused by ConnectTimeoutError(<urllib3.connection.HTTPSConnection object at 0x7fddb8d6c250>, 'Connection to api.binance.com timed out. (connect timeout=15)'))
[2025-08-17T14:54:37.693+0000] {subprocess.py:93} INFO - 65/100 NEIROUSDT bỏ qua (fail)
[2025-08-17T14:54:37.694+0000] {subprocess.py:93} INFO - 66/100 BANDUSDT lỗi: relation "cryptocurrency.bandusdt" does not exist
[2025-08-17T14:54:37.694+0000] {subprocess.py:93} INFO - LINE 1: SELECT MAX(time) FROM cryptocurrency.bandusdt;
[2025-08-17T14:54:37.694+0000] {subprocess.py:93} INFO -                               ^
[2025-08-17T14:54:37.695+0000] {subprocess.py:93} INFO - 
[2025-08-17T14:54:37.695+0000] {subprocess.py:93} INFO - ⚠️ PORTOUSDT lỗi lần 3/3: HTTPSConnectionPool(host='api.binance.com', port=443): Max retries exceeded with url: /api/v3/klines?symbol=PORTOUSDT&interval=1m&limit=100 (Caused by ConnectTimeoutError(<urllib3.connection.HTTPSConnection object at 0x7fddb3ff8130>, 'Connection to api.binance.com timed out. (connect timeout=15)'))
[2025-08-17T14:54:37.696+0000] {subprocess.py:93} INFO - 67/100 PORTOUSDT bỏ qua (fail)
[2025-08-17T14:54:37.696+0000] {subprocess.py:93} INFO - ⚠️ BBUSDT lỗi lần 1/3: HTTPSConnectionPool(host='api.binance.com', port=443): Max retries exceeded with url: /api/v3/klines?symbol=BBUSDT&interval=1m&limit=100 (Caused by ConnectTimeoutError(<urllib3.connection.HTTPSConnection object at 0x7fddb8d76440>, 'Connection to api.binance.com timed out. (connect timeout=15)'))
[2025-08-17T14:54:37.696+0000] {subprocess.py:93} INFO - 68/100 BCHUSDT lỗi: connection to server at "videv.cloud" (27.74.74.29), port 5432 failed: Connection timed out
[2025-08-17T14:54:37.697+0000] {subprocess.py:93} INFO - 	Is the server running on that host and accepting TCP/IP connections?
[2025-08-17T14:54:37.697+0000] {subprocess.py:93} INFO - 
[2025-08-17T14:54:37.698+0000] {subprocess.py:93} INFO - ⚠️ BATUSDT lỗi lần 1/3: HTTPSConnectionPool(host='api.binance.com', port=443): Max retries exceeded with url: /api/v3/klines?symbol=BATUSDT&interval=1m&limit=100 (Caused by ConnectTimeoutError(<urllib3.connection.HTTPSConnection object at 0x7fddb3ffa080>, 'Connection to api.binance.com timed out. (connect timeout=15)'))
[2025-08-17T14:54:37.698+0000] {subprocess.py:93} INFO - ✅ CAKEUSDT: thêm 66 dòng mới
[2025-08-17T14:54:37.698+0000] {subprocess.py:93} INFO - 69/100 CAKEUSDT lưu OK
[2025-08-17T14:54:37.699+0000] {subprocess.py:93} INFO - ✅ FILUSDT: thêm 43 dòng mới
[2025-08-17T14:54:37.699+0000] {subprocess.py:93} INFO - 70/100 FILUSDT lưu OK
[2025-08-17T14:54:37.700+0000] {subprocess.py:93} INFO - ⚠️ XUSDUSDT lỗi lần 1/3: HTTPSConnectionPool(host='api.binance.com', port=443): Max retries exceeded with url: /api/v3/klines?symbol=XUSDUSDT&interval=1m&limit=100 (Caused by ConnectTimeoutError(<urllib3.connection.HTTPSConnection object at 0x7fddb3ff9f60>, 'Connection to api.binance.com timed out. (connect timeout=15)'))
[2025-08-17T14:54:37.700+0000] {subprocess.py:93} INFO - 71/100 FLOKIUSDT lỗi: connection to server at "videv.cloud" (27.74.74.29), port 5432 failed: Connection timed out
[2025-08-17T14:54:37.700+0000] {subprocess.py:93} INFO - 	Is the server running on that host and accepting TCP/IP connections?
[2025-08-17T14:54:37.701+0000] {subprocess.py:93} INFO - 
[2025-08-17T14:54:37.701+0000] {subprocess.py:93} INFO - 72/100 ZKUSDT lỗi: relation "cryptocurrency.zkusdt" does not exist
[2025-08-17T14:54:37.702+0000] {subprocess.py:93} INFO - LINE 1: SELECT MAX(time) FROM cryptocurrency.zkusdt;
[2025-08-17T14:54:37.702+0000] {subprocess.py:93} INFO -                               ^
[2025-08-17T14:54:37.702+0000] {subprocess.py:93} INFO - 
[2025-08-17T14:55:44.347+0000] {subprocess.py:93} INFO - ⚠️ BBUSDT lỗi lần 2/3: HTTPSConnectionPool(host='api.binance.com', port=443): Max retries exceeded with url: /api/v3/klines?symbol=BBUSDT&interval=1m&limit=100 (Caused by ConnectTimeoutError(<urllib3.connection.HTTPSConnection object at 0x7fddb8d6df00>, 'Connection to api.binance.com timed out. (connect timeout=15)'))
[2025-08-17T14:55:44.348+0000] {subprocess.py:93} INFO - 73/100 TIAUSDT lỗi: connection to server at "videv.cloud" (27.74.74.29), port 5432 failed: Connection timed out
[2025-08-17T14:55:44.348+0000] {subprocess.py:93} INFO - 	Is the server running on that host and accepting TCP/IP connections?
[2025-08-17T14:55:44.348+0000] {subprocess.py:93} INFO - 
[2025-08-17T14:55:44.349+0000] {subprocess.py:93} INFO - 74/100 VIRTUALUSDT lỗi: connection to server at "videv.cloud" (27.74.74.29), port 5432 failed: Connection timed out
[2025-08-17T14:55:44.349+0000] {subprocess.py:93} INFO - 	Is the server running on that host and accepting TCP/IP connections?
[2025-08-17T14:55:44.349+0000] {subprocess.py:93} INFO - 
[2025-08-17T14:55:44.349+0000] {subprocess.py:93} INFO - ⚠️ ETCUSDT lỗi lần 1/3: HTTPSConnectionPool(host='api.binance.com', port=443): Max retries exceeded with url: /api/v3/klines?symbol=ETCUSDT&interval=1m&limit=100 (Caused by ConnectTimeoutError(<urllib3.connection.HTTPSConnection object at 0x7fddb3ffa4a0>, 'Connection to api.binance.com timed out. (connect timeout=15)'))
[2025-08-17T14:55:44.350+0000] {subprocess.py:93} INFO - ⚠️ XUSDUSDT lỗi lần 2/3: HTTPSConnectionPool(host='api.binance.com', port=443): Max retries exceeded with url: /api/v3/klines?symbol=XUSDUSDT&interval=1m&limit=100 (Caused by ConnectTimeoutError(<urllib3.connection.HTTPSConnection object at 0x7fddb8d2dcc0>, 'Connection to api.binance.com timed out. (connect timeout=15)'))
[2025-08-17T14:55:44.350+0000] {subprocess.py:93} INFO - ⚠️ FETUSDT lỗi lần 1/3: HTTPSConnectionPool(host='api.binance.com', port=443): Max retries exceeded with url: /api/v3/klines?symbol=FETUSDT&interval=1m&limit=100 (Caused by ConnectTimeoutError(<urllib3.connection.HTTPSConnection object at 0x7fddb8d75960>, 'Connection to api.binance.com timed out. (connect timeout=15)'))
[2025-08-17T14:55:44.350+0000] {subprocess.py:93} INFO - ⚠️ ALGOUSDT lỗi lần 1/3: HTTPSConnectionPool(host='api.binance.com', port=443): Max retries exceeded with url: /api/v3/klines?symbol=ALGOUSDT&interval=1m&limit=100 (Caused by ConnectTimeoutError(<urllib3.connection.HTTPSConnection object at 0x7fddb8d6f3d0>, 'Connection to api.binance.com timed out. (connect timeout=15)'))
[2025-08-17T14:55:44.351+0000] {subprocess.py:93} INFO - ⚠️ BBUSDT lỗi lần 3/3: HTTPSConnectionPool(host='api.binance.com', port=443): Max retries exceeded with url: /api/v3/klines?symbol=BBUSDT&interval=1m&limit=100 (Caused by ConnectTimeoutError(<urllib3.connection.HTTPSConnection object at 0x7fddb8d6c250>, 'Connection to api.binance.com timed out. (connect timeout=15)'))
[2025-08-17T14:55:44.351+0000] {subprocess.py:93} INFO - 75/100 BBUSDT bỏ qua (fail)
[2025-08-17T14:55:44.351+0000] {subprocess.py:93} INFO - ⚠️ STRKUSDT lỗi lần 1/3: HTTPSConnectionPool(host='api.binance.com', port=443): Max retries exceeded with url: /api/v3/klines?symbol=STRKUSDT&interval=1m&limit=100 (Caused by ConnectTimeoutError(<urllib3.connection.HTTPSConnection object at 0x7fddb3ffa320>, 'Connection to api.binance.com timed out. (connect timeout=15)'))
[2025-08-17T14:55:44.352+0000] {subprocess.py:93} INFO - ✅ SYRUPUSDT: thêm 18 dòng mới
[2025-08-17T14:55:44.352+0000] {subprocess.py:93} INFO - 76/100 SYRUPUSDT lưu OK
[2025-08-17T14:55:44.352+0000] {subprocess.py:93} INFO - ⚠️ ETCUSDT lỗi lần 2/3: HTTPSConnectionPool(host='api.binance.com', port=443): Max retries exceeded with url: /api/v3/klines?symbol=ETCUSDT&interval=1m&limit=100 (Caused by ConnectTimeoutError(<urllib3.connection.HTTPSConnection object at 0x7fddb3ffaf80>, 'Connection to api.binance.com timed out. (connect timeout=15)'))
[2025-08-17T14:55:44.353+0000] {subprocess.py:93} INFO - ⚠️ XUSDUSDT lỗi lần 3/3: HTTPSConnectionPool(host='api.binance.com', port=443): Max retries exceeded with url: /api/v3/klines?symbol=XUSDUSDT&interval=1m&limit=100 (Caused by ConnectTimeoutError(<urllib3.connection.HTTPSConnection object at 0x7fddb8d6c0d0>, 'Connection to api.binance.com timed out. (connect timeout=15)'))
[2025-08-17T14:55:44.353+0000] {subprocess.py:93} INFO - ⚠️ FETUSDT lỗi lần 2/3: HTTPSConnectionPool(host='api.binance.com', port=443): Max retries exceeded with url: /api/v3/klines?symbol=FETUSDT&interval=1m&limit=100 (Caused by ConnectTimeoutError(<urllib3.connection.HTTPSConnection object at 0x7fddb8d76f80>, 'Connection to api.binance.com timed out. (connect timeout=15)'))
[2025-08-17T14:55:44.353+0000] {subprocess.py:93} INFO - 77/100 XUSDUSDT bỏ qua (fail)
[2025-08-17T14:55:44.353+0000] {subprocess.py:93} INFO - ⚠️ ALGOUSDT lỗi lần 2/3: HTTPSConnectionPool(host='api.binance.com', port=443): Max retries exceeded with url: /api/v3/klines?symbol=ALGOUSDT&interval=1m&limit=100 (Caused by ConnectTimeoutError(<urllib3.connection.HTTPSConnection object at 0x7fddb3ffb700>, 'Connection to api.binance.com timed out. (connect timeout=15)'))
[2025-08-17T14:55:44.354+0000] {subprocess.py:93} INFO - ⚠️ SPKUSDT lỗi lần 1/3: HTTPSConnectionPool(host='api.binance.com', port=443): Max retries exceeded with url: /api/v3/klines?symbol=SPKUSDT&interval=1m&limit=100 (Caused by ConnectTimeoutError(<urllib3.connection.HTTPSConnection object at 0x7fddb3ff8880>, 'Connection to api.binance.com timed out. (connect timeout=15)'))
[2025-08-17T14:55:44.354+0000] {subprocess.py:93} INFO - ⚠️ STRKUSDT lỗi lần 2/3: HTTPSConnectionPool(host='api.binance.com', port=443): Max retries exceeded with url: /api/v3/klines?symbol=STRKUSDT&interval=1m&limit=100 (Caused by ConnectTimeoutError(<urllib3.connection.HTTPSConnection object at 0x7fddb3f1ca90>, 'Connection to api.binance.com timed out. (connect timeout=15)'))
[2025-08-17T14:55:44.354+0000] {subprocess.py:93} INFO - ⚠️ ETCUSDT lỗi lần 3/3: HTTPSConnectionPool(host='api.binance.com', port=443): Max retries exceeded with url: /api/v3/klines?symbol=ETCUSDT&interval=1m&limit=100 (Caused by ConnectTimeoutError(<urllib3.connection.HTTPSConnection object at 0x7fddb3f1feb0>, 'Connection to api.binance.com timed out. (connect timeout=15)'))
[2025-08-17T14:55:44.355+0000] {subprocess.py:93} INFO - ⚠️ ERAUSDT lỗi lần 1/3: HTTPSConnectionPool(host='api.binance.com', port=443): Max retries exceeded with url: /api/v3/klines?symbol=ERAUSDT&interval=1m&limit=100 (Caused by ConnectTimeoutError(<urllib3.connection.HTTPSConnection object at 0x7fddb3ff93f0>, 'Connection to api.binance.com timed out. (connect timeout=15)'))
[2025-08-17T14:55:44.355+0000] {subprocess.py:93} INFO - 78/100 ETCUSDT bỏ qua (fail)
[2025-08-17T14:55:44.355+0000] {subprocess.py:93} INFO - ⚠️ FETUSDT lỗi lần 3/3: HTTPSConnectionPool(host='api.binance.com', port=443): Max retries exceeded with url: /api/v3/klines?symbol=FETUSDT&interval=1m&limit=100 (Caused by ConnectTimeoutError(<urllib3.connection.HTTPSConnection object at 0x7fddb3ffb430>, 'Connection to api.binance.com timed out. (connect timeout=15)'))
[2025-08-17T14:55:44.356+0000] {subprocess.py:93} INFO - 79/100 FETUSDT bỏ qua (fail)
[2025-08-17T14:55:44.356+0000] {subprocess.py:93} INFO - ⚠️ ALGOUSDT lỗi lần 3/3: HTTPSConnectionPool(host='api.binance.com', port=443): Max retries exceeded with url: /api/v3/klines?symbol=ALGOUSDT&interval=1m&limit=100 (Caused by ConnectTimeoutError(<urllib3.connection.HTTPSConnection object at 0x7fddb8d76a70>, 'Connection to api.binance.com timed out. (connect timeout=15)'))
[2025-08-17T14:55:44.356+0000] {subprocess.py:93} INFO - 80/100 ALGOUSDT bỏ qua (fail)
[2025-08-17T14:55:44.357+0000] {subprocess.py:93} INFO - ⚠️ SPKUSDT lỗi lần 2/3: HTTPSConnectionPool(host='api.binance.com', port=443): Max retries exceeded with url: /api/v3/klines?symbol=SPKUSDT&interval=1m&limit=100 (Caused by ConnectTimeoutError(<urllib3.connection.HTTPSConnection object at 0x7fddb8d6d570>, 'Connection to api.binance.com timed out. (connect timeout=15)'))
[2025-08-17T14:55:44.357+0000] {subprocess.py:93} INFO - ⚠️ STRKUSDT lỗi lần 3/3: HTTPSConnectionPool(host='api.binance.com', port=443): Max retries exceeded with url: /api/v3/klines?symbol=STRKUSDT&interval=1m&limit=100 (Caused by ConnectTimeoutError(<urllib3.connection.HTTPSConnection object at 0x7fddb8d6f310>, 'Connection to api.binance.com timed out. (connect timeout=15)'))
[2025-08-17T14:55:44.357+0000] {subprocess.py:93} INFO - 81/100 STRKUSDT bỏ qua (fail)
[2025-08-17T14:55:44.357+0000] {subprocess.py:93} INFO - ⚠️ ICPUSDT lỗi lần 1/3: HTTPSConnectionPool(host='api.binance.com', port=443): Max retries exceeded with url: /api/v3/klines?symbol=ICPUSDT&interval=1m&limit=100 (Caused by ConnectTimeoutError(<urllib3.connection.HTTPSConnection object at 0x7fddb8d6c040>, 'Connection to api.binance.com timed out. (connect timeout=15)'))
[2025-08-17T14:55:44.358+0000] {subprocess.py:93} INFO - ⚠️ ERAUSDT lỗi lần 2/3: HTTPSConnectionPool(host='api.binance.com', port=443): Max retries exceeded with url: /api/v3/klines?symbol=ERAUSDT&interval=1m&limit=100 (Caused by ConnectTimeoutError(<urllib3.connection.HTTPSConnection object at 0x7fddb3ff9a50>, 'Connection to api.binance.com timed out. (connect timeout=15)'))
[2025-08-17T14:55:44.358+0000] {subprocess.py:93} INFO - ⚠️ PNUTUSDT lỗi lần 1/3: HTTPSConnectionPool(host='api.binance.com', port=443): Max retries exceeded with url: /api/v3/klines?symbol=PNUTUSDT&interval=1m&limit=100 (Caused by ConnectTimeoutError(<urllib3.connection.HTTPSConnection object at 0x7fddb3f1d390>, 'Connection to api.binance.com timed out. (connect timeout=15)'))
[2025-08-17T14:57:58.967+0000] {subprocess.py:93} INFO - ⚠️ LAUSDT lỗi lần 1/3: HTTPSConnectionPool(host='api.binance.com', port=443): Max retries exceeded with url: /api/v3/klines?symbol=LAUSDT&interval=1m&limit=100 (Caused by ConnectTimeoutError(<urllib3.connection.HTTPSConnection object at 0x7fddb3f1caf0>, 'Connection to api.binance.com timed out. (connect timeout=15)'))
[2025-08-17T14:57:58.968+0000] {subprocess.py:93} INFO - ⚠️ SPKUSDT lỗi lần 3/3: HTTPSConnectionPool(host='api.binance.com', port=443): Max retries exceeded with url: /api/v3/klines?symbol=SPKUSDT&interval=1m&limit=100 (Caused by ConnectTimeoutError(<urllib3.connection.HTTPSConnection object at 0x7fddb3f1f220>, 'Connection to api.binance.com timed out. (connect timeout=15)'))
[2025-08-17T14:57:58.968+0000] {subprocess.py:93} INFO - ⚠️ HOTUSDT lỗi lần 1/3: HTTPSConnectionPool(host='api.binance.com', port=443): Max retries exceeded with url: /api/v3/klines?symbol=HOTUSDT&interval=1m&limit=100 (Caused by ConnectTimeoutError(<urllib3.connection.HTTPSConnection object at 0x7fddb8d796c0>, 'Connection to api.binance.com timed out. (connect timeout=15)'))
[2025-08-17T14:57:58.969+0000] {subprocess.py:93} INFO - 82/100 SPKUSDT bỏ qua (fail)
[2025-08-17T14:57:58.969+0000] {subprocess.py:93} INFO - ⚠️ ICPUSDT lỗi lần 2/3: HTTPSConnectionPool(host='api.binance.com', port=443): Max retries exceeded with url: /api/v3/klines?symbol=ICPUSDT&interval=1m&limit=100 (Caused by ConnectTimeoutError(<urllib3.connection.HTTPSConnection object at 0x7fddb3ffb0d0>, 'Connection to api.binance.com timed out. (connect timeout=15)'))
[2025-08-17T14:57:58.970+0000] {subprocess.py:93} INFO - ⚠️ PNUTUSDT lỗi lần 2/3: HTTPSConnectionPool(host='api.binance.com', port=443): Max retries exceeded with url: /api/v3/klines?symbol=PNUTUSDT&interval=1m&limit=100 (Caused by ConnectTimeoutError(<urllib3.connection.HTTPSConnection object at 0x7fddb8d6f760>, 'Connection to api.binance.com timed out. (connect timeout=15)'))
[2025-08-17T14:57:58.970+0000] {subprocess.py:93} INFO - ⚠️ LAUSDT lỗi lần 2/3: HTTPSConnectionPool(host='api.binance.com', port=443): Max retries exceeded with url: /api/v3/klines?symbol=LAUSDT&interval=1m&limit=100 (Caused by ConnectTimeoutError(<urllib3.connection.HTTPSConnection object at 0x7fddb8d6c0a0>, 'Connection to api.binance.com timed out. (connect timeout=15)'))
[2025-08-17T14:57:58.970+0000] {subprocess.py:93} INFO - ⚠️ HOTUSDT lỗi lần 2/3: HTTPSConnectionPool(host='api.binance.com', port=443): Max retries exceeded with url: /api/v3/klines?symbol=HOTUSDT&interval=1m&limit=100 (Caused by ConnectTimeoutError(<urllib3.connection.HTTPSConnection object at 0x7fddb3ff8cd0>, 'Connection to api.binance.com timed out. (connect timeout=15)'))
[2025-08-17T14:57:58.971+0000] {subprocess.py:93} INFO - ⚠️ ICPUSDT lỗi lần 3/3: HTTPSConnectionPool(host='api.binance.com', port=443): Max retries exceeded with url: /api/v3/klines?symbol=ICPUSDT&interval=1m&limit=100 (Caused by ConnectTimeoutError(<urllib3.connection.HTTPSConnection object at 0x7fddb3f1d3c0>, 'Connection to api.binance.com timed out. (connect timeout=15)'))
[2025-08-17T14:57:58.971+0000] {subprocess.py:93} INFO - 83/100 ICPUSDT bỏ qua (fail)
[2025-08-17T14:57:58.972+0000] {subprocess.py:93} INFO - 84/100 POLUSDT lỗi: connection to server at "videv.cloud" (27.74.74.29), port 5432 failed: Connection timed out
[2025-08-17T14:57:58.972+0000] {subprocess.py:93} INFO - 	Is the server running on that host and accepting TCP/IP connections?
[2025-08-17T14:57:58.972+0000] {subprocess.py:93} INFO - 
[2025-08-17T14:57:58.973+0000] {subprocess.py:93} INFO - ⚠️ PNUTUSDT lỗi lần 3/3: HTTPSConnectionPool(host='api.binance.com', port=443): Max retries exceeded with url: /api/v3/klines?symbol=PNUTUSDT&interval=1m&limit=100 (Caused by ConnectTimeoutError(<urllib3.connection.HTTPSConnection object at 0x7fddb3f1c190>, 'Connection to api.binance.com timed out. (connect timeout=15)'))
[2025-08-17T14:57:58.973+0000] {subprocess.py:93} INFO - 85/100 PNUTUSDT bỏ qua (fail)
[2025-08-17T14:57:58.974+0000] {subprocess.py:93} INFO - ⚠️ LAUSDT lỗi lần 3/3: HTTPSConnectionPool(host='api.binance.com', port=443): Max retries exceeded with url: /api/v3/klines?symbol=LAUSDT&interval=1m&limit=100 (Caused by ConnectTimeoutError(<urllib3.connection.HTTPSConnection object at 0x7fddb8d79a80>, 'Connection to api.binance.com timed out. (connect timeout=15)'))
[2025-08-17T14:57:58.974+0000] {subprocess.py:93} INFO - 86/100 LAUSDT bỏ qua (fail)
[2025-08-17T14:57:58.974+0000] {subprocess.py:93} INFO - 87/100 TREEUSDT lỗi: relation "cryptocurrency.treeusdt" does not exist
[2025-08-17T14:57:58.975+0000] {subprocess.py:93} INFO - LINE 1: SELECT MAX(time) FROM cryptocurrency.treeusdt;
[2025-08-17T14:57:58.975+0000] {subprocess.py:93} INFO -                               ^
[2025-08-17T14:57:58.975+0000] {subprocess.py:93} INFO - 
[2025-08-17T14:57:58.976+0000] {subprocess.py:93} INFO - ⚠️ HOTUSDT lỗi lần 3/3: HTTPSConnectionPool(host='api.binance.com', port=443): Max retries exceeded with url: /api/v3/klines?symbol=HOTUSDT&interval=1m&limit=100 (Caused by ConnectTimeoutError(<urllib3.connection.HTTPSConnection object at 0x7fddb8d799c0>, 'Connection to api.binance.com timed out. (connect timeout=15)'))
[2025-08-17T14:57:58.976+0000] {subprocess.py:93} INFO - 88/100 HOTUSDT bỏ qua (fail)
[2025-08-17T14:57:58.977+0000] {subprocess.py:93} INFO - 89/100 API3USDT lỗi: connection to server at "videv.cloud" (27.74.74.29), port 5432 failed: Connection timed out
[2025-08-17T14:57:58.977+0000] {subprocess.py:93} INFO - 	Is the server running on that host and accepting TCP/IP connections?
[2025-08-17T14:57:58.977+0000] {subprocess.py:93} INFO - 
[2025-08-17T14:57:58.978+0000] {subprocess.py:93} INFO - ⚠️ MKRUSDT lỗi lần 1/3: HTTPSConnectionPool(host='api.binance.com', port=443): Max retries exceeded with url: /api/v3/klines?symbol=MKRUSDT&interval=1m&limit=100 (Caused by ConnectTimeoutError(<urllib3.connection.HTTPSConnection object at 0x7fddb3f1cb20>, 'Connection to api.binance.com timed out. (connect timeout=15)'))
[2025-08-17T14:57:58.978+0000] {subprocess.py:93} INFO - ⚠️ ENSUSDT lỗi lần 1/3: HTTPSConnectionPool(host='api.binance.com', port=443): Max retries exceeded with url: /api/v3/klines?symbol=ENSUSDT&interval=1m&limit=100 (Caused by ConnectTimeoutError(<urllib3.connection.HTTPSConnection object at 0x7fddb8d74f70>, 'Connection to api.binance.com timed out. (connect timeout=15)'))
[2025-08-17T14:57:58.979+0000] {subprocess.py:93} INFO - ✅ ARKMUSDT: thêm 18 dòng mới
[2025-08-17T14:57:58.979+0000] {subprocess.py:93} INFO - 90/100 ARKMUSDT lưu OK
[2025-08-17T14:57:58.979+0000] {subprocess.py:93} INFO - ⚠️ EURUSDT lỗi lần 1/3: HTTPSConnectionPool(host='api.binance.com', port=443): Max retries exceeded with url: /api/v3/klines?symbol=EURUSDT&interval=1m&limit=100 (Caused by ConnectTimeoutError(<urllib3.connection.HTTPSConnection object at 0x7fddb3ff9810>, 'Connection to api.binance.com timed out. (connect timeout=15)'))
[2025-08-17T14:57:58.980+0000] {subprocess.py:93} INFO - 91/100 RENDERUSDT lỗi: connection to server at "videv.cloud" (27.74.74.29), port 5432 failed: Connection timed out
[2025-08-17T14:57:58.980+0000] {subprocess.py:93} INFO - 	Is the server running on that host and accepting TCP/IP connections?
[2025-08-17T14:57:58.981+0000] {subprocess.py:93} INFO - 
[2025-08-17T14:57:58.981+0000] {subprocess.py:93} INFO - ✅ LRCUSDT: thêm 43 dòng mới
[2025-08-17T14:57:58.981+0000] {subprocess.py:93} INFO - 92/100 LRCUSDT lưu OK
[2025-08-17T14:57:58.982+0000] {subprocess.py:93} INFO - ⚠️ CFXUSDT lỗi lần 1/3: HTTPSConnectionPool(host='api.binance.com', port=443): Max retries exceeded with url: /api/v3/klines?symbol=CFXUSDT&interval=1m&limit=100 (Caused by ConnectTimeoutError(<urllib3.connection.HTTPSConnection object at 0x7fddb8d6c1c0>, 'Connection to api.binance.com timed out. (connect timeout=15)'))
[2025-08-17T14:57:58.982+0000] {subprocess.py:93} INFO - 93/100 BATUSDT lỗi: connection to server at "videv.cloud" (27.74.74.29), port 5432 failed: Connection timed out
[2025-08-17T14:57:58.982+0000] {subprocess.py:93} INFO - 	Is the server running on that host and accepting TCP/IP connections?
[2025-08-17T14:57:58.983+0000] {subprocess.py:93} INFO - 
[2025-08-17T14:57:58.983+0000] {subprocess.py:93} INFO - ⚠️ MKRUSDT lỗi lần 2/3: HTTPSConnectionPool(host='api.binance.com', port=443): Max retries exceeded with url: /api/v3/klines?symbol=MKRUSDT&interval=1m&limit=100 (Caused by ConnectTimeoutError(<urllib3.connection.HTTPSConnection object at 0x7fddb3f1e500>, 'Connection to api.binance.com timed out. (connect timeout=15)'))
[2025-08-17T14:57:58.984+0000] {subprocess.py:93} INFO - ⚠️ ENSUSDT lỗi lần 2/3: HTTPSConnectionPool(host='api.binance.com', port=443): Max retries exceeded with url: /api/v3/klines?symbol=ENSUSDT&interval=1m&limit=100 (Caused by ConnectTimeoutError(<urllib3.connection.HTTPSConnection object at 0x7fddb8d6f430>, 'Connection to api.binance.com timed out. (connect timeout=15)'))
[2025-08-17T14:57:58.984+0000] {subprocess.py:93} INFO - ⚠️ CFXUSDT lỗi lần 2/3: HTTPSConnectionPool(host='api.binance.com', port=443): Max retries exceeded with url: /api/v3/klines?symbol=CFXUSDT&interval=1m&limit=100 (Caused by ConnectTimeoutError(<urllib3.connection.HTTPSConnection object at 0x7fddb8d6d570>, 'Connection to api.binance.com timed out. (connect timeout=15)'))
[2025-08-17T14:57:58.984+0000] {subprocess.py:93} INFO - ⚠️ MKRUSDT lỗi lần 3/3: HTTPSConnectionPool(host='api.binance.com', port=443): Max retries exceeded with url: /api/v3/klines?symbol=MKRUSDT&interval=1m&limit=100 (Caused by ConnectTimeoutError(<urllib3.connection.HTTPSConnection object at 0x7fddb8d2d480>, 'Connection to api.binance.com timed out. (connect timeout=15)'))
[2025-08-17T14:57:58.985+0000] {subprocess.py:93} INFO - ⚠️ ENSUSDT lỗi lần 3/3: HTTPSConnectionPool(host='api.binance.com', port=443): Max retries exceeded with url: /api/v3/klines?symbol=ENSUSDT&interval=1m&limit=100 (Caused by ConnectTimeoutError(<urllib3.connection.HTTPSConnection object at 0x7fddb3f1d900>, 'Connection to api.binance.com timed out. (connect timeout=15)'))
[2025-08-17T14:57:58.985+0000] {subprocess.py:93} INFO - 94/100 MKRUSDT bỏ qua (fail)
[2025-08-17T14:57:58.985+0000] {subprocess.py:93} INFO - 95/100 ENSUSDT bỏ qua (fail)
[2025-08-17T14:57:58.986+0000] {subprocess.py:93} INFO - 96/100 ERAUSDT lỗi: connection to server at "videv.cloud" (27.74.74.29), port 5432 failed: Connection timed out
[2025-08-17T14:57:58.986+0000] {subprocess.py:93} INFO - 	Is the server running on that host and accepting TCP/IP connections?
[2025-08-17T14:57:58.987+0000] {subprocess.py:93} INFO - 
[2025-08-17T14:59:12.697+0000] {subprocess.py:93} INFO - 97/100 SHIBUSDT lỗi: connection to server at "videv.cloud" (27.74.74.29), port 5432 failed: Connection timed out
[2025-08-17T14:59:12.697+0000] {subprocess.py:93} INFO - 	Is the server running on that host and accepting TCP/IP connections?
[2025-08-17T14:59:12.698+0000] {subprocess.py:93} INFO - 
[2025-08-17T14:59:12.698+0000] {subprocess.py:93} INFO - 98/100 VETUSDT lỗi: connection to server at "videv.cloud" (27.74.74.29), port 5432 failed: Connection timed out
[2025-08-17T14:59:12.699+0000] {subprocess.py:93} INFO - 	Is the server running on that host and accepting TCP/IP connections?
[2025-08-17T14:59:12.699+0000] {subprocess.py:93} INFO - 
[2025-08-17T14:59:12.700+0000] {subprocess.py:93} INFO - 99/100 EURUSDT lỗi: connection to server at "videv.cloud" (27.74.74.29), port 5432 failed: Connection timed out
[2025-08-17T14:59:12.700+0000] {subprocess.py:93} INFO - 	Is the server running on that host and accepting TCP/IP connections?
[2025-08-17T14:59:12.701+0000] {subprocess.py:93} INFO - 
[2025-08-17T14:59:12.701+0000] {subprocess.py:93} INFO - 100/100 CFXUSDT lỗi: connection to server at "videv.cloud" (27.74.74.29), port 5432 failed: Connection timed out
[2025-08-17T14:59:12.701+0000] {subprocess.py:93} INFO - 	Is the server running on that host and accepting TCP/IP connections?
[2025-08-17T14:59:12.702+0000] {subprocess.py:93} INFO - 
[2025-08-17T14:59:12.833+0000] {subprocess.py:97} INFO - Command exited with return code 0
[2025-08-17T14:59:12.835+0000] {taskinstance.py:441} INFO - ::group::Post task execution logs
[2025-08-17T14:59:12.873+0000] {taskinstance.py:1206} INFO - Marking task as SUCCESS. dag_id=crypto_collector_dag, task_id=run_crypto_collector, run_id=scheduled__2025-08-17T14:44:00+00:00, execution_date=20250817T144400, start_date=20250817T144535, end_date=20250817T145912
[2025-08-17T14:59:12.924+0000] {local_task_job_runner.py:240} INFO - Task exited with return code 0
[2025-08-17T14:59:12.960+0000] {taskinstance.py:3498} INFO - 0 downstream tasks scheduled from follow-on schedule check
[2025-08-17T14:59:12.961+0000] {local_task_job_runner.py:222} INFO - ::endgroup::
