[2025-08-24T05:51:01.334+0000] {local_task_job_runner.py:120} INFO - ::group::Pre task execution logs
[2025-08-24T05:51:01.357+0000] {taskinstance.py:2076} INFO - Dependencies all met for dep_context=non-requeueable deps ti=<TaskInstance: crypto_collector_dag.run_crypto_collector scheduled__2025-08-24T05:50:00+00:00 [queued]>
[2025-08-24T05:51:01.364+0000] {taskinstance.py:2076} INFO - Dependencies all met for dep_context=requeueable deps ti=<TaskInstance: crypto_collector_dag.run_crypto_collector scheduled__2025-08-24T05:50:00+00:00 [queued]>
[2025-08-24T05:51:01.365+0000] {taskinstance.py:2306} INFO - Starting attempt 1 of 2
[2025-08-24T05:51:01.375+0000] {taskinstance.py:2330} INFO - Executing <Task(BashOperator): run_crypto_collector> on 2025-08-24 05:50:00+00:00
[2025-08-24T05:51:01.380+0000] {standard_task_runner.py:63} INFO - Started process 1013314 to run task
[2025-08-24T05:51:01.384+0000] {standard_task_runner.py:90} INFO - Running: ['***', 'tasks', 'run', 'crypto_collector_dag', 'run_crypto_collector', 'scheduled__2025-08-24T05:50:00+00:00', '--job-id', '21139', '--raw', '--subdir', 'DAGS_FOLDER/crawl_crypto/dags_crypto.py', '--cfg-path', '/tmp/tmpwpqskjox']
[2025-08-24T05:51:01.385+0000] {standard_task_runner.py:91} INFO - Job 21139: Subtask run_crypto_collector
[2025-08-24T05:51:01.453+0000] {task_command.py:426} INFO - Running <TaskInstance: crypto_collector_dag.run_crypto_collector scheduled__2025-08-24T05:50:00+00:00 [running]> on host 1877907bc043
[2025-08-24T05:51:01.597+0000] {taskinstance.py:2648} INFO - Exporting env vars: AIRFLOW_CTX_DAG_OWNER='***' AIRFLOW_CTX_DAG_ID='crypto_collector_dag' AIRFLOW_CTX_TASK_ID='run_crypto_collector' AIRFLOW_CTX_EXECUTION_DATE='2025-08-24T05:50:00+00:00' AIRFLOW_CTX_TRY_NUMBER='1' AIRFLOW_CTX_DAG_RUN_ID='scheduled__2025-08-24T05:50:00+00:00'
[2025-08-24T05:51:01.598+0000] {taskinstance.py:430} INFO - ::endgroup::
[2025-08-24T05:51:01.617+0000] {subprocess.py:63} INFO - Tmp dir root location: /tmp
[2025-08-24T05:51:01.618+0000] {subprocess.py:75} INFO - Running command: ['/usr/bin/bash', '-c', 'python3 /opt/***/dags/crawl_crypto/crawl_data_crypto.py']
[2025-08-24T05:51:01.632+0000] {subprocess.py:86} INFO - Output:
[2025-08-24T05:51:08.012+0000] {subprocess.py:93} INFO - 🔹 Kết nối DB...
[2025-08-24T05:51:08.013+0000] {subprocess.py:93} INFO - 🔹 Lấy top 100 crypto...
[2025-08-24T05:51:08.013+0000] {subprocess.py:93} INFO - Top 100: ['ETHUSDT', 'BTCUSDT', 'USDCUSDT', 'SOLUSDT', 'FDUSDUSDT', 'XRPUSDT', 'DOGEUSDT', 'BNBUSDT', 'AVAXUSDT', 'LINKUSDT', 'AAVEUSDT', 'ENAUSDT', 'SUIUSDT', 'MEMEUSDT', 'ADAUSDT', 'TRXUSDT', 'PEPEUSDT', 'ARBUSDT', 'BIOUSDT', 'BOMEUSDT', 'UNIUSDT', 'PENGUUSDT', 'TRUMPUSDT', 'WCTUSDT', 'PLUMEUSDT', 'LTCUSDT', 'DOTUSDT', 'DOGSUSDT', 'OPUSDT', 'SEIUSDT', 'WIFUSDT', 'PENDLEUSDT', 'BERAUSDT', 'LDOUSDT', 'WLDUSDT', 'RAYUSDT', 'BONKUSDT', 'HBARUSDT', 'XLMUSDT', 'ETCUSDT', 'BCHUSDT', 'UMAUSDT', 'ETHFIUSDT', 'NEIROUSDT', '1000SATSUSDT', 'CRVUSDT', 'ONDOUSDT', 'AEURUSDT', 'TONUSDT', 'SYRUPUSDT', 'PNUTUSDT', 'APTUSDT', 'NEARUSDT', 'SHELLUSDT', 'FILUSDT', 'BANDUSDT', 'SUSDT', 'SPELLUSDT', 'FLOKIUSDT', 'GALAUSDT', 'TIAUSDT', 'SHIBUSDT', 'FORTHUSDT', 'BBUSDT', 'POLUSDT', 'OGUSDT', 'EIGENUSDT', 'RADUSDT', 'HAEDALUSDT', 'ORDIUSDT', 'USUALUSDT', 'TAOUSDT', 'ATOMUSDT', 'MAVUSDT', 'PEOPLEUSDT', 'MKRUSDT', 'EURUSDT', 'API3USDT', 'VIRTUALUSDT', 'ASRUSDT', 'SNXUSDT', 'SKLUSDT', 'VETUSDT', 'KERNELUSDT', 'MUBARAKUSDT', 'INJUSDT', 'QTUMUSDT', 'TKOUSDT', 'CFXUSDT', 'FETUSDT', 'JUPUSDT', 'ZKUSDT', 'ACTUSDT', 'AUCTIONUSDT', 'CAKEUSDT', 'SPKUSDT', 'ICPUSDT', 'XUSDUSDT', 'CYBERUSDT', 'STRKUSDT']
[2025-08-24T05:51:08.014+0000] {subprocess.py:93} INFO - 🔹 Lưu lịch sử giá vào DB bằng threading...
[2025-08-24T05:51:08.014+0000] {subprocess.py:93} INFO - ✅ BTCUSDT: thêm 1 dòng mới
[2025-08-24T05:51:08.014+0000] {subprocess.py:93} INFO - 1/100 BTCUSDT lưu OK
[2025-08-24T05:51:08.015+0000] {subprocess.py:93} INFO - ✅ BNBUSDT: thêm 1 dòng mới
[2025-08-24T05:51:08.015+0000] {subprocess.py:93} INFO - 2/100 BNBUSDT lưu OK
[2025-08-24T05:51:08.015+0000] {subprocess.py:93} INFO - ✅ ETHUSDT: thêm 1 dòng mới
[2025-08-24T05:51:08.016+0000] {subprocess.py:93} INFO - 3/100 ETHUSDT lưu OK
[2025-08-24T05:51:08.016+0000] {subprocess.py:93} INFO - ✅ FDUSDUSDT: thêm 1 dòng mới
[2025-08-24T05:51:08.016+0000] {subprocess.py:93} INFO - ✅ SOLUSDT: thêm 1 dòng mới
[2025-08-24T05:51:08.017+0000] {subprocess.py:93} INFO - 4/100 FDUSDUSDT lưu OK
[2025-08-24T05:51:08.017+0000] {subprocess.py:93} INFO - 5/100 SOLUSDT lưu OK
[2025-08-24T05:51:08.017+0000] {subprocess.py:93} INFO - ✅ USDCUSDT: thêm 1 dòng mới
[2025-08-24T05:51:08.017+0000] {subprocess.py:93} INFO - 6/100 USDCUSDT lưu OK
[2025-08-24T05:51:08.018+0000] {subprocess.py:93} INFO - ✅ XRPUSDT: thêm 1 dòng mới
[2025-08-24T05:51:08.018+0000] {subprocess.py:93} INFO - 7/100 XRPUSDT lưu OK
[2025-08-24T05:51:08.018+0000] {subprocess.py:93} INFO - ✅ LINKUSDT: thêm 1 dòng mới
[2025-08-24T05:51:08.019+0000] {subprocess.py:93} INFO - 8/100 LINKUSDT lưu OK
[2025-08-24T05:51:08.019+0000] {subprocess.py:93} INFO - ✅ AVAXUSDT: thêm 1 dòng mới
[2025-08-24T05:51:08.019+0000] {subprocess.py:93} INFO - 9/100 AVAXUSDT lưu OK
[2025-08-24T05:51:08.020+0000] {subprocess.py:93} INFO - ✅ DOGEUSDT: thêm 1 dòng mới
[2025-08-24T05:51:08.020+0000] {subprocess.py:93} INFO - 10/100 DOGEUSDT lưu OK
[2025-08-24T05:51:08.020+0000] {subprocess.py:93} INFO - ✅ AAVEUSDT: thêm 1 dòng mới
[2025-08-24T05:51:08.021+0000] {subprocess.py:93} INFO - 11/100 AAVEUSDT lưu OK
[2025-08-24T05:51:08.021+0000] {subprocess.py:93} INFO - ✅ ENAUSDT: thêm 1 dòng mới
[2025-08-24T05:51:08.021+0000] {subprocess.py:93} INFO - 12/100 ENAUSDT lưu OK
[2025-08-24T05:51:08.022+0000] {subprocess.py:93} INFO - ✅ ADAUSDT: thêm 1 dòng mới
[2025-08-24T05:51:08.022+0000] {subprocess.py:93} INFO - 13/100 ADAUSDT lưu OK
[2025-08-24T05:51:08.022+0000] {subprocess.py:93} INFO - ✅ TRXUSDT: thêm 1 dòng mới
[2025-08-24T05:51:08.022+0000] {subprocess.py:93} INFO - 14/100 TRXUSDT lưu OK
[2025-08-24T05:51:08.023+0000] {subprocess.py:93} INFO - ✅ SUIUSDT: thêm 1 dòng mới
[2025-08-24T05:51:08.023+0000] {subprocess.py:93} INFO - 15/100 MEMEUSDT lỗi: relation "cryptocurrency.memeusdt" does not exist
[2025-08-24T05:51:08.023+0000] {subprocess.py:93} INFO - LINE 1: SELECT MAX(time) FROM cryptocurrency.memeusdt;
[2025-08-24T05:51:08.024+0000] {subprocess.py:93} INFO -                               ^
[2025-08-24T05:51:08.024+0000] {subprocess.py:93} INFO - 
[2025-08-24T05:51:08.024+0000] {subprocess.py:93} INFO - 16/100 SUIUSDT lưu OK
[2025-08-24T05:51:08.025+0000] {subprocess.py:93} INFO - 17/100 BIOUSDT lỗi: relation "cryptocurrency.biousdt" does not exist
[2025-08-24T05:51:08.025+0000] {subprocess.py:93} INFO - LINE 1: SELECT MAX(time) FROM cryptocurrency.biousdt;
[2025-08-24T05:51:08.025+0000] {subprocess.py:93} INFO -                               ^
[2025-08-24T05:51:08.025+0000] {subprocess.py:93} INFO - 
[2025-08-24T05:51:08.026+0000] {subprocess.py:93} INFO - ✅ PEPEUSDT: thêm 1 dòng mới
[2025-08-24T05:51:08.026+0000] {subprocess.py:93} INFO - 18/100 BOMEUSDT lỗi: relation "cryptocurrency.bomeusdt" does not exist
[2025-08-24T05:51:08.026+0000] {subprocess.py:93} INFO - LINE 1: SELECT MAX(time) FROM cryptocurrency.bomeusdt;
[2025-08-24T05:51:08.027+0000] {subprocess.py:93} INFO -                               ^
[2025-08-24T05:51:08.027+0000] {subprocess.py:93} INFO - 
[2025-08-24T05:51:08.027+0000] {subprocess.py:93} INFO - 19/100 PEPEUSDT lưu OK
[2025-08-24T05:51:08.027+0000] {subprocess.py:93} INFO - ✅ ARBUSDT: thêm 1 dòng mới
[2025-08-24T05:51:08.028+0000] {subprocess.py:93} INFO - 20/100 ARBUSDT lưu OK
[2025-08-24T05:51:08.028+0000] {subprocess.py:93} INFO - ✅ UNIUSDT: thêm 1 dòng mới
[2025-08-24T05:51:08.028+0000] {subprocess.py:93} INFO - 21/100 UNIUSDT lưu OK
[2025-08-24T05:51:08.029+0000] {subprocess.py:93} INFO - ✅ PENGUUSDT: thêm 1 dòng mới
[2025-08-24T05:51:08.029+0000] {subprocess.py:93} INFO - 22/100 PENGUUSDT lưu OK
[2025-08-24T05:51:08.029+0000] {subprocess.py:93} INFO - 23/100 WCTUSDT lỗi: relation "cryptocurrency.wctusdt" does not exist
[2025-08-24T05:51:08.030+0000] {subprocess.py:93} INFO - LINE 1: SELECT MAX(time) FROM cryptocurrency.wctusdt;
[2025-08-24T05:51:08.030+0000] {subprocess.py:93} INFO -                               ^
[2025-08-24T05:51:08.030+0000] {subprocess.py:93} INFO - 
[2025-08-24T05:51:08.030+0000] {subprocess.py:93} INFO - ✅ LTCUSDT: thêm 1 dòng mới
[2025-08-24T05:51:08.031+0000] {subprocess.py:93} INFO - 24/100 LTCUSDT lưu OK
[2025-08-24T05:51:08.031+0000] {subprocess.py:93} INFO - ✅ DOTUSDT: thêm 1 dòng mới
[2025-08-24T05:51:08.031+0000] {subprocess.py:93} INFO - 25/100 DOTUSDT lưu OK
[2025-08-24T05:51:08.032+0000] {subprocess.py:93} INFO - 26/100 PLUMEUSDT lỗi: relation "cryptocurrency.plumeusdt" does not exist
[2025-08-24T05:51:08.032+0000] {subprocess.py:93} INFO - LINE 1: SELECT MAX(time) FROM cryptocurrency.plumeusdt;
[2025-08-24T05:51:08.032+0000] {subprocess.py:93} INFO -                               ^
[2025-08-24T05:51:08.033+0000] {subprocess.py:93} INFO - 
[2025-08-24T05:51:08.033+0000] {subprocess.py:93} INFO - ✅ SEIUSDT: thêm 1 dòng mới
[2025-08-24T05:51:08.033+0000] {subprocess.py:93} INFO - 27/100 SEIUSDT lưu OK
[2025-08-24T05:51:08.034+0000] {subprocess.py:93} INFO - ✅ OPUSDT: thêm 1 dòng mới
[2025-08-24T05:51:08.034+0000] {subprocess.py:93} INFO - 28/100 OPUSDT lưu OK
[2025-08-24T05:51:08.034+0000] {subprocess.py:93} INFO - 29/100 DOGSUSDT lỗi: relation "cryptocurrency.dogsusdt" does not exist
[2025-08-24T05:51:08.034+0000] {subprocess.py:93} INFO - LINE 1: SELECT MAX(time) FROM cryptocurrency.dogsusdt;
[2025-08-24T05:51:08.035+0000] {subprocess.py:93} INFO -                               ^
[2025-08-24T05:51:08.035+0000] {subprocess.py:93} INFO - 
[2025-08-24T05:51:08.035+0000] {subprocess.py:93} INFO - ✅ PENDLEUSDT: thêm 1 dòng mới
[2025-08-24T05:51:08.036+0000] {subprocess.py:93} INFO - 30/100 PENDLEUSDT lưu OK
[2025-08-24T05:51:08.036+0000] {subprocess.py:93} INFO - ✅ TRUMPUSDT: thêm 1 dòng mới
[2025-08-24T05:51:08.036+0000] {subprocess.py:93} INFO - 31/100 TRUMPUSDT lưu OK
[2025-08-24T05:51:08.036+0000] {subprocess.py:93} INFO - ✅ WIFUSDT: thêm 1 dòng mới
[2025-08-24T05:51:08.037+0000] {subprocess.py:93} INFO - 32/100 WIFUSDT lưu OK
[2025-08-24T05:51:08.037+0000] {subprocess.py:93} INFO - ✅ BERAUSDT: thêm 1 dòng mới
[2025-08-24T05:51:08.037+0000] {subprocess.py:93} INFO - 33/100 BERAUSDT lưu OK
[2025-08-24T05:51:08.038+0000] {subprocess.py:93} INFO - ✅ LDOUSDT: thêm 1 dòng mới
[2025-08-24T05:51:08.038+0000] {subprocess.py:93} INFO - 34/100 LDOUSDT lưu OK
[2025-08-24T05:51:08.038+0000] {subprocess.py:93} INFO - ✅ RAYUSDT: thêm 1 dòng mới
[2025-08-24T05:51:08.039+0000] {subprocess.py:93} INFO - 35/100 RAYUSDT lưu OK
[2025-08-24T05:51:08.039+0000] {subprocess.py:93} INFO - ✅ HBARUSDT: thêm 1 dòng mới
[2025-08-24T05:51:08.039+0000] {subprocess.py:93} INFO - 36/100 HBARUSDT lưu OK
[2025-08-24T05:51:08.039+0000] {subprocess.py:93} INFO - ✅ BONKUSDT: thêm 1 dòng mới
[2025-08-24T05:51:08.040+0000] {subprocess.py:93} INFO - 37/100 BONKUSDT lưu OK
[2025-08-24T05:51:08.040+0000] {subprocess.py:93} INFO - ✅ ETCUSDT: thêm 1 dòng mới
[2025-08-24T05:51:08.040+0000] {subprocess.py:93} INFO - 38/100 ETCUSDT lưu OK
[2025-08-24T05:51:08.041+0000] {subprocess.py:93} INFO - ✅ XLMUSDT: thêm 1 dòng mới
[2025-08-24T05:51:08.041+0000] {subprocess.py:93} INFO - 39/100 XLMUSDT lưu OK
[2025-08-24T05:51:08.041+0000] {subprocess.py:93} INFO - ✅ BCHUSDT: thêm 1 dòng mới
[2025-08-24T05:51:08.042+0000] {subprocess.py:93} INFO - 40/100 BCHUSDT lưu OK
[2025-08-24T05:51:08.042+0000] {subprocess.py:93} INFO - 41/100 UMAUSDT lỗi: relation "cryptocurrency.umausdt" does not exist
[2025-08-24T05:51:08.042+0000] {subprocess.py:93} INFO - LINE 1: SELECT MAX(time) FROM cryptocurrency.umausdt;
[2025-08-24T05:51:08.042+0000] {subprocess.py:93} INFO -                               ^
[2025-08-24T05:51:08.043+0000] {subprocess.py:93} INFO - 
[2025-08-24T05:51:08.043+0000] {subprocess.py:93} INFO - ✅ ETHFIUSDT: thêm 1 dòng mới
[2025-08-24T05:51:08.043+0000] {subprocess.py:93} INFO - 42/100 ETHFIUSDT lưu OK
[2025-08-24T05:51:08.044+0000] {subprocess.py:93} INFO - ✅ WLDUSDT: thêm 1 dòng mới
[2025-08-24T05:51:08.044+0000] {subprocess.py:93} INFO - 43/100 WLDUSDT lưu OK
[2025-08-24T05:51:08.044+0000] {subprocess.py:93} INFO - ✅ NEIROUSDT: thêm 1 dòng mới
[2025-08-24T05:51:08.045+0000] {subprocess.py:93} INFO - 44/100 NEIROUSDT lưu OK
[2025-08-24T05:51:08.045+0000] {subprocess.py:93} INFO - 45/100 1000SATSUSDT lỗi: trailing junk after numeric literal at or near ".1000s"
[2025-08-24T05:51:08.045+0000] {subprocess.py:93} INFO - LINE 1: SELECT MAX(time) FROM cryptocurrency.1000satsusdt;
[2025-08-24T05:51:08.045+0000] {subprocess.py:93} INFO -                                             ^
[2025-08-24T05:51:08.046+0000] {subprocess.py:93} INFO - 
[2025-08-24T05:51:08.046+0000] {subprocess.py:93} INFO - ✅ CRVUSDT: thêm 1 dòng mới
[2025-08-24T05:51:08.046+0000] {subprocess.py:93} INFO - 46/100 CRVUSDT lưu OK
[2025-08-24T05:51:08.047+0000] {subprocess.py:93} INFO - ✅ SYRUPUSDT: thêm 1 dòng mới
[2025-08-24T05:51:08.047+0000] {subprocess.py:93} INFO - 47/100 SYRUPUSDT lưu OK
[2025-08-24T05:51:08.047+0000] {subprocess.py:93} INFO - 48/100 AEURUSDT lỗi: relation "cryptocurrency.aeurusdt" does not exist
[2025-08-24T05:51:08.047+0000] {subprocess.py:93} INFO - LINE 1: SELECT MAX(time) FROM cryptocurrency.aeurusdt;
[2025-08-24T05:51:08.048+0000] {subprocess.py:93} INFO -                               ^
[2025-08-24T05:51:08.048+0000] {subprocess.py:93} INFO - 
[2025-08-24T05:51:08.048+0000] {subprocess.py:93} INFO - ✅ ONDOUSDT: thêm 1 dòng mới
[2025-08-24T05:51:08.049+0000] {subprocess.py:93} INFO - 49/100 ONDOUSDT lưu OK
[2025-08-24T05:51:08.049+0000] {subprocess.py:93} INFO - ✅ TONUSDT: thêm 1 dòng mới
[2025-08-24T05:51:08.049+0000] {subprocess.py:93} INFO - 50/100 TONUSDT lưu OK
[2025-08-24T05:51:08.050+0000] {subprocess.py:93} INFO - ✅ PNUTUSDT: thêm 1 dòng mới
[2025-08-24T05:51:08.050+0000] {subprocess.py:93} INFO - 51/100 PNUTUSDT lưu OK
[2025-08-24T05:51:08.050+0000] {subprocess.py:93} INFO - ✅ APTUSDT: thêm 1 dòng mới
[2025-08-24T05:51:08.050+0000] {subprocess.py:93} INFO - 52/100 APTUSDT lưu OK
[2025-08-24T05:51:08.051+0000] {subprocess.py:93} INFO - ✅ NEARUSDT: thêm 1 dòng mới
[2025-08-24T05:51:08.051+0000] {subprocess.py:93} INFO - 53/100 NEARUSDT lưu OK
[2025-08-24T05:51:08.051+0000] {subprocess.py:93} INFO - 54/100 SHELLUSDT lỗi: relation "cryptocurrency.shellusdt" does not exist
[2025-08-24T05:51:08.052+0000] {subprocess.py:93} INFO - LINE 1: SELECT MAX(time) FROM cryptocurrency.shellusdt;
[2025-08-24T05:51:08.052+0000] {subprocess.py:93} INFO -                               ^
[2025-08-24T05:51:08.052+0000] {subprocess.py:93} INFO - 
[2025-08-24T05:51:08.053+0000] {subprocess.py:93} INFO - ✅ FILUSDT: thêm 1 dòng mới
[2025-08-24T05:51:08.053+0000] {subprocess.py:93} INFO - 55/100 FILUSDT lưu OK
[2025-08-24T05:51:08.053+0000] {subprocess.py:93} INFO - 56/100 BANDUSDT lỗi: relation "cryptocurrency.bandusdt" does not exist
[2025-08-24T05:51:08.053+0000] {subprocess.py:93} INFO - LINE 1: SELECT MAX(time) FROM cryptocurrency.bandusdt;
[2025-08-24T05:51:08.054+0000] {subprocess.py:93} INFO -                               ^
[2025-08-24T05:51:08.054+0000] {subprocess.py:93} INFO - 
[2025-08-24T05:51:08.054+0000] {subprocess.py:93} INFO - ✅ SUSDT: thêm 1 dòng mới
[2025-08-24T05:51:08.055+0000] {subprocess.py:93} INFO - 57/100 SUSDT lưu OK
[2025-08-24T05:51:08.055+0000] {subprocess.py:93} INFO - 58/100 SPELLUSDT lỗi: relation "cryptocurrency.spellusdt" does not exist
[2025-08-24T05:51:08.055+0000] {subprocess.py:93} INFO - LINE 1: SELECT MAX(time) FROM cryptocurrency.spellusdt;
[2025-08-24T05:51:08.056+0000] {subprocess.py:93} INFO -                               ^
[2025-08-24T05:51:08.056+0000] {subprocess.py:93} INFO - 
[2025-08-24T05:51:08.056+0000] {subprocess.py:93} INFO - ✅ FLOKIUSDT: thêm 1 dòng mới
[2025-08-24T05:51:08.056+0000] {subprocess.py:93} INFO - 59/100 FLOKIUSDT lưu OK
[2025-08-24T05:51:08.057+0000] {subprocess.py:93} INFO - ✅ GALAUSDT: thêm 1 dòng mới
[2025-08-24T05:51:08.057+0000] {subprocess.py:93} INFO - 60/100 GALAUSDT lưu OK
[2025-08-24T05:51:08.057+0000] {subprocess.py:93} INFO - ✅ TIAUSDT: thêm 1 dòng mới
[2025-08-24T05:51:08.058+0000] {subprocess.py:93} INFO - 61/100 TIAUSDT lưu OK
[2025-08-24T05:51:08.058+0000] {subprocess.py:93} INFO - ✅ SHIBUSDT: thêm 1 dòng mới
[2025-08-24T05:51:08.058+0000] {subprocess.py:93} INFO - 62/100 SHIBUSDT lưu OK
[2025-08-24T05:51:08.058+0000] {subprocess.py:93} INFO - 63/100 BBUSDT lỗi: relation "cryptocurrency.bbusdt" does not exist
[2025-08-24T05:51:08.059+0000] {subprocess.py:93} INFO - LINE 1: SELECT MAX(time) FROM cryptocurrency.bbusdt;
[2025-08-24T05:51:08.059+0000] {subprocess.py:93} INFO -                               ^
[2025-08-24T05:51:08.059+0000] {subprocess.py:93} INFO - 
[2025-08-24T05:51:08.060+0000] {subprocess.py:93} INFO - ✅ OGUSDT: thêm 1 dòng mới
[2025-08-24T05:51:08.060+0000] {subprocess.py:93} INFO - 64/100 OGUSDT lưu OK
[2025-08-24T05:51:08.060+0000] {subprocess.py:93} INFO - ✅ POLUSDT: thêm 1 dòng mới
[2025-08-24T05:51:08.061+0000] {subprocess.py:93} INFO - 65/100 POLUSDT lưu OK
[2025-08-24T05:51:08.061+0000] {subprocess.py:93} INFO - 66/100 FORTHUSDT lỗi: relation "cryptocurrency.forthusdt" does not exist
[2025-08-24T05:51:08.061+0000] {subprocess.py:93} INFO - LINE 1: SELECT MAX(time) FROM cryptocurrency.forthusdt;
[2025-08-24T05:51:08.062+0000] {subprocess.py:93} INFO -                               ^
[2025-08-24T05:51:08.062+0000] {subprocess.py:93} INFO - 
[2025-08-24T05:51:08.062+0000] {subprocess.py:93} INFO - ✅ EIGENUSDT: thêm 1 dòng mới
[2025-08-24T05:51:08.062+0000] {subprocess.py:93} INFO - 67/100 EIGENUSDT lưu OK
[2025-08-24T05:51:08.063+0000] {subprocess.py:93} INFO - 68/100 RADUSDT lỗi: relation "cryptocurrency.radusdt" does not exist
[2025-08-24T05:51:08.063+0000] {subprocess.py:93} INFO - LINE 1: SELECT MAX(time) FROM cryptocurrency.radusdt;
[2025-08-24T05:51:08.063+0000] {subprocess.py:93} INFO -                               ^
[2025-08-24T05:51:08.064+0000] {subprocess.py:93} INFO - 
[2025-08-24T05:51:08.064+0000] {subprocess.py:93} INFO - 69/100 HAEDALUSDT lỗi: relation "cryptocurrency.haedalusdt" does not exist
[2025-08-24T05:51:08.064+0000] {subprocess.py:93} INFO - LINE 1: SELECT MAX(time) FROM cryptocurrency.haedalusdt;
[2025-08-24T05:51:08.064+0000] {subprocess.py:93} INFO -                               ^
[2025-08-24T05:51:08.065+0000] {subprocess.py:93} INFO - 
[2025-08-24T05:51:08.065+0000] {subprocess.py:93} INFO - ✅ ORDIUSDT: thêm 1 dòng mới
[2025-08-24T05:51:08.065+0000] {subprocess.py:93} INFO - 70/100 ORDIUSDT lưu OK
[2025-08-24T05:51:08.065+0000] {subprocess.py:93} INFO - 71/100 USUALUSDT lỗi: relation "cryptocurrency.usualusdt" does not exist
[2025-08-24T05:51:08.066+0000] {subprocess.py:93} INFO - LINE 1: SELECT MAX(time) FROM cryptocurrency.usualusdt;
[2025-08-24T05:51:08.066+0000] {subprocess.py:93} INFO -                               ^
[2025-08-24T05:51:08.066+0000] {subprocess.py:93} INFO - 
[2025-08-24T05:51:08.067+0000] {subprocess.py:93} INFO - ✅ TAOUSDT: thêm 1 dòng mới
[2025-08-24T05:51:08.067+0000] {subprocess.py:93} INFO - 72/100 TAOUSDT lưu OK
[2025-08-24T05:51:08.067+0000] {subprocess.py:93} INFO - 73/100 ATOMUSDT lỗi: relation "cryptocurrency.atomusdt" does not exist
[2025-08-24T05:51:08.067+0000] {subprocess.py:93} INFO - LINE 1: SELECT MAX(time) FROM cryptocurrency.atomusdt;
[2025-08-24T05:51:08.068+0000] {subprocess.py:93} INFO -                               ^
[2025-08-24T05:51:08.068+0000] {subprocess.py:93} INFO - 
[2025-08-24T05:51:08.068+0000] {subprocess.py:93} INFO - 74/100 PEOPLEUSDT lỗi: relation "cryptocurrency.peopleusdt" does not exist
[2025-08-24T05:51:08.069+0000] {subprocess.py:93} INFO - LINE 1: SELECT MAX(time) FROM cryptocurrency.peopleusdt;
[2025-08-24T05:51:08.069+0000] {subprocess.py:93} INFO -                               ^
[2025-08-24T05:51:08.069+0000] {subprocess.py:93} INFO - 
[2025-08-24T05:51:08.069+0000] {subprocess.py:93} INFO - ✅ MAVUSDT: thêm 1 dòng mới
[2025-08-24T05:51:08.070+0000] {subprocess.py:93} INFO - 75/100 MAVUSDT lưu OK
[2025-08-24T05:51:08.070+0000] {subprocess.py:93} INFO - 76/100 MKRUSDT lỗi: relation "cryptocurrency.mkrusdt" does not exist
[2025-08-24T05:51:08.070+0000] {subprocess.py:93} INFO - LINE 1: SELECT MAX(time) FROM cryptocurrency.mkrusdt;
[2025-08-24T05:51:08.071+0000] {subprocess.py:93} INFO -                               ^
[2025-08-24T05:51:08.071+0000] {subprocess.py:93} INFO - 
[2025-08-24T05:51:08.071+0000] {subprocess.py:93} INFO - ✅ API3USDT: thêm 1 dòng mới
[2025-08-24T05:51:08.071+0000] {subprocess.py:93} INFO - 77/100 API3USDT lưu OK
[2025-08-24T05:51:08.072+0000] {subprocess.py:93} INFO - ✅ VIRTUALUSDT: thêm 1 dòng mới
[2025-08-24T05:51:08.072+0000] {subprocess.py:93} INFO - 78/100 VIRTUALUSDT lưu OK
[2025-08-24T05:51:08.072+0000] {subprocess.py:93} INFO - ✅ EURUSDT: thêm 1 dòng mới
[2025-08-24T05:51:08.072+0000] {subprocess.py:93} INFO - 79/100 EURUSDT lưu OK
[2025-08-24T05:51:08.073+0000] {subprocess.py:93} INFO - ✅ ASRUSDT: thêm 1 dòng mới
[2025-08-24T05:51:08.073+0000] {subprocess.py:93} INFO - 80/100 ASRUSDT lưu OK
[2025-08-24T05:51:08.073+0000] {subprocess.py:93} INFO - ✅ SKLUSDT: thêm 1 dòng mới
[2025-08-24T05:51:08.073+0000] {subprocess.py:93} INFO - 81/100 SKLUSDT lưu OK
[2025-08-24T05:51:08.074+0000] {subprocess.py:93} INFO - 82/100 SNXUSDT lỗi: relation "cryptocurrency.snxusdt" does not exist
[2025-08-24T05:51:08.074+0000] {subprocess.py:93} INFO - LINE 1: SELECT MAX(time) FROM cryptocurrency.snxusdt;
[2025-08-24T05:51:08.074+0000] {subprocess.py:93} INFO -                               ^
[2025-08-24T05:51:08.075+0000] {subprocess.py:93} INFO - 
[2025-08-24T05:51:08.632+0000] {subprocess.py:93} INFO - 83/100 VETUSDT lỗi: relation "cryptocurrency.vetusdt" does not exist
[2025-08-24T05:51:08.632+0000] {subprocess.py:93} INFO - LINE 1: SELECT MAX(time) FROM cryptocurrency.vetusdt;
[2025-08-24T05:51:08.633+0000] {subprocess.py:93} INFO -                               ^
[2025-08-24T05:51:08.633+0000] {subprocess.py:93} INFO - 
[2025-08-24T05:51:08.633+0000] {subprocess.py:93} INFO - ✅ INJUSDT: thêm 1 dòng mới
[2025-08-24T05:51:08.633+0000] {subprocess.py:93} INFO - 84/100 INJUSDT lưu OK
[2025-08-24T05:51:08.633+0000] {subprocess.py:93} INFO - 85/100 MUBARAKUSDT lỗi: relation "cryptocurrency.mubarakusdt" does not exist
[2025-08-24T05:51:08.634+0000] {subprocess.py:93} INFO - LINE 1: SELECT MAX(time) FROM cryptocurrency.mubarakusdt;
[2025-08-24T05:51:08.634+0000] {subprocess.py:93} INFO -                               ^
[2025-08-24T05:51:08.634+0000] {subprocess.py:93} INFO - 
[2025-08-24T05:51:08.634+0000] {subprocess.py:93} INFO - 86/100 KERNELUSDT lỗi: relation "cryptocurrency.kernelusdt" does not exist
[2025-08-24T05:51:08.634+0000] {subprocess.py:93} INFO - LINE 1: SELECT MAX(time) FROM cryptocurrency.kernelusdt;
[2025-08-24T05:51:08.635+0000] {subprocess.py:93} INFO -                               ^
[2025-08-24T05:51:08.635+0000] {subprocess.py:93} INFO - 
[2025-08-24T05:51:08.635+0000] {subprocess.py:93} INFO - 87/100 QTUMUSDT lỗi: relation "cryptocurrency.qtumusdt" does not exist
[2025-08-24T05:51:08.635+0000] {subprocess.py:93} INFO - LINE 1: SELECT MAX(time) FROM cryptocurrency.qtumusdt;
[2025-08-24T05:51:08.635+0000] {subprocess.py:93} INFO -                               ^
[2025-08-24T05:51:08.636+0000] {subprocess.py:93} INFO - 
[2025-08-24T05:51:08.636+0000] {subprocess.py:93} INFO - ✅ CFXUSDT: thêm 1 dòng mới
[2025-08-24T05:51:08.636+0000] {subprocess.py:93} INFO - 88/100 CFXUSDT lưu OK
[2025-08-24T05:51:08.637+0000] {subprocess.py:93} INFO - 89/100 TKOUSDT lỗi: relation "cryptocurrency.tkousdt" does not exist
[2025-08-24T05:51:08.637+0000] {subprocess.py:93} INFO - LINE 1: SELECT MAX(time) FROM cryptocurrency.tkousdt;
[2025-08-24T05:51:08.637+0000] {subprocess.py:93} INFO -                               ^
[2025-08-24T05:51:08.637+0000] {subprocess.py:93} INFO - 
[2025-08-24T05:51:08.637+0000] {subprocess.py:93} INFO - 90/100 JUPUSDT lỗi: relation "cryptocurrency.jupusdt" does not exist
[2025-08-24T05:51:08.638+0000] {subprocess.py:93} INFO - LINE 1: SELECT MAX(time) FROM cryptocurrency.jupusdt;
[2025-08-24T05:51:08.638+0000] {subprocess.py:93} INFO -                               ^
[2025-08-24T05:51:08.638+0000] {subprocess.py:93} INFO - 
[2025-08-24T05:51:08.638+0000] {subprocess.py:93} INFO - ✅ FETUSDT: thêm 1 dòng mới
[2025-08-24T05:51:08.639+0000] {subprocess.py:93} INFO - 91/100 FETUSDT lưu OK
[2025-08-24T05:51:08.639+0000] {subprocess.py:93} INFO - 92/100 ZKUSDT lỗi: relation "cryptocurrency.zkusdt" does not exist
[2025-08-24T05:51:08.639+0000] {subprocess.py:93} INFO - LINE 1: SELECT MAX(time) FROM cryptocurrency.zkusdt;
[2025-08-24T05:51:08.639+0000] {subprocess.py:93} INFO -                               ^
[2025-08-24T05:51:08.639+0000] {subprocess.py:93} INFO - 
[2025-08-24T05:51:08.640+0000] {subprocess.py:93} INFO - 93/100 ACTUSDT lỗi: relation "cryptocurrency.actusdt" does not exist
[2025-08-24T05:51:08.640+0000] {subprocess.py:93} INFO - LINE 1: SELECT MAX(time) FROM cryptocurrency.actusdt;
[2025-08-24T05:51:08.640+0000] {subprocess.py:93} INFO -                               ^
[2025-08-24T05:51:08.640+0000] {subprocess.py:93} INFO - 
[2025-08-24T05:51:08.640+0000] {subprocess.py:93} INFO - 94/100 AUCTIONUSDT lỗi: relation "cryptocurrency.auctionusdt" does not exist
[2025-08-24T05:51:08.641+0000] {subprocess.py:93} INFO - LINE 1: SELECT MAX(time) FROM cryptocurrency.auctionusdt;
[2025-08-24T05:51:08.641+0000] {subprocess.py:93} INFO -                               ^
[2025-08-24T05:51:08.641+0000] {subprocess.py:93} INFO - 
[2025-08-24T05:51:08.641+0000] {subprocess.py:93} INFO - ✅ SPKUSDT: thêm 1 dòng mới
[2025-08-24T05:51:08.641+0000] {subprocess.py:93} INFO - 95/100 SPKUSDT lưu OK
[2025-08-24T05:51:08.642+0000] {subprocess.py:93} INFO - ✅ CAKEUSDT: thêm 1 dòng mới
[2025-08-24T05:51:08.642+0000] {subprocess.py:93} INFO - 96/100 CAKEUSDT lưu OK
[2025-08-24T05:51:08.642+0000] {subprocess.py:93} INFO - ✅ ICPUSDT: thêm 1 dòng mới
[2025-08-24T05:51:08.642+0000] {subprocess.py:93} INFO - 97/100 ICPUSDT lưu OK
[2025-08-24T05:51:08.642+0000] {subprocess.py:93} INFO - ✅ XUSDUSDT: thêm 1 dòng mới
[2025-08-24T05:51:08.643+0000] {subprocess.py:93} INFO - 98/100 XUSDUSDT lưu OK
[2025-08-24T05:51:08.643+0000] {subprocess.py:93} INFO - 99/100 CYBERUSDT lỗi: relation "cryptocurrency.cyberusdt" does not exist
[2025-08-24T05:51:08.643+0000] {subprocess.py:93} INFO - LINE 1: SELECT MAX(time) FROM cryptocurrency.cyberusdt;
[2025-08-24T05:51:08.643+0000] {subprocess.py:93} INFO -                               ^
[2025-08-24T05:51:08.643+0000] {subprocess.py:93} INFO - 
[2025-08-24T05:51:08.644+0000] {subprocess.py:93} INFO - 100/100 STRKUSDT lỗi: relation "cryptocurrency.strkusdt" does not exist
[2025-08-24T05:51:08.644+0000] {subprocess.py:93} INFO - LINE 1: SELECT MAX(time) FROM cryptocurrency.strkusdt;
[2025-08-24T05:51:08.644+0000] {subprocess.py:93} INFO -                               ^
[2025-08-24T05:51:08.644+0000] {subprocess.py:93} INFO - 
[2025-08-24T05:51:08.752+0000] {subprocess.py:97} INFO - Command exited with return code 0
[2025-08-24T05:51:08.753+0000] {taskinstance.py:441} INFO - ::group::Post task execution logs
[2025-08-24T05:51:08.783+0000] {taskinstance.py:1206} INFO - Marking task as SUCCESS. dag_id=crypto_collector_dag, task_id=run_crypto_collector, run_id=scheduled__2025-08-24T05:50:00+00:00, execution_date=20250824T055000, start_date=20250824T055101, end_date=20250824T055108
[2025-08-24T05:51:08.823+0000] {local_task_job_runner.py:240} INFO - Task exited with return code 0
[2025-08-24T05:51:08.848+0000] {taskinstance.py:3498} INFO - 0 downstream tasks scheduled from follow-on schedule check
[2025-08-24T05:51:08.849+0000] {local_task_job_runner.py:222} INFO - ::endgroup::
