[2025-09-03T09:36:01.071+0000] {local_task_job_runner.py:120} INFO - ::group::Pre task execution logs
[2025-09-03T09:36:01.103+0000] {taskinstance.py:2076} INFO - Dependencies all met for dep_context=non-requeueable deps ti=<TaskInstance: crypto_collector_dag.run_crypto_collector scheduled__2025-09-03T09:35:00+00:00 [queued]>
[2025-09-03T09:36:01.113+0000] {taskinstance.py:2076} INFO - Dependencies all met for dep_context=requeueable deps ti=<TaskInstance: crypto_collector_dag.run_crypto_collector scheduled__2025-09-03T09:35:00+00:00 [queued]>
[2025-09-03T09:36:01.113+0000] {taskinstance.py:2306} INFO - Starting attempt 1 of 2
[2025-09-03T09:36:01.127+0000] {taskinstance.py:2330} INFO - Executing <Task(BashOperator): run_crypto_collector> on 2025-09-03 09:35:00+00:00
[2025-09-03T09:36:01.133+0000] {standard_task_runner.py:63} INFO - Started process 2724338 to run task
[2025-09-03T09:36:01.138+0000] {standard_task_runner.py:90} INFO - Running: ['***', 'tasks', 'run', 'crypto_collector_dag', 'run_crypto_collector', 'scheduled__2025-09-03T09:35:00+00:00', '--job-id', '70282', '--raw', '--subdir', 'DAGS_FOLDER/crawl_crypto/dags_crypto.py', '--cfg-path', '/tmp/tmp0i70bsne']
[2025-09-03T09:36:01.139+0000] {standard_task_runner.py:91} INFO - Job 70282: Subtask run_crypto_collector
[2025-09-03T09:36:01.198+0000] {task_command.py:426} INFO - Running <TaskInstance: crypto_collector_dag.run_crypto_collector scheduled__2025-09-03T09:35:00+00:00 [running]> on host 1877907bc043
[2025-09-03T09:36:01.302+0000] {taskinstance.py:2648} INFO - Exporting env vars: AIRFLOW_CTX_DAG_OWNER='***' AIRFLOW_CTX_DAG_ID='crypto_collector_dag' AIRFLOW_CTX_TASK_ID='run_crypto_collector' AIRFLOW_CTX_EXECUTION_DATE='2025-09-03T09:35:00+00:00' AIRFLOW_CTX_TRY_NUMBER='1' AIRFLOW_CTX_DAG_RUN_ID='scheduled__2025-09-03T09:35:00+00:00'
[2025-09-03T09:36:01.302+0000] {taskinstance.py:430} INFO - ::endgroup::
[2025-09-03T09:36:01.317+0000] {subprocess.py:63} INFO - Tmp dir root location: /tmp
[2025-09-03T09:36:01.318+0000] {subprocess.py:75} INFO - Running command: ['/usr/bin/bash', '-c', 'python3 /opt/***/dags/crawl_crypto/crawl_data_crypto.py']
[2025-09-03T09:36:01.333+0000] {subprocess.py:86} INFO - Output:
[2025-09-03T09:36:08.609+0000] {subprocess.py:93} INFO - 🔹 Kết nối DB...
[2025-09-03T09:36:08.610+0000] {subprocess.py:93} INFO - 🔹 Lấy top 100 crypto...
[2025-09-03T09:36:08.610+0000] {subprocess.py:93} INFO - Top 100: ['ETHUSDT', 'BTCUSDT', 'USDCUSDT', 'SOLUSDT', 'XRPUSDT', 'WLFIUSDT', 'FDUSDUSDT', 'DOGEUSDT', 'ENAUSDT', 'SOMIUSDT', 'TRXUSDT', 'LINKUSDT', 'BNBUSDT', 'ADAUSDT', 'AVAXUSDT', 'SUIUSDT', 'PENGUUSDT', 'PEPEUSDT', 'BCHUSDT', 'UNIUSDT', 'ARBUSDT', 'LTCUSDT', 'POLUSDT', 'HBARUSDT', 'AAVEUSDT', 'BONKUSDT', 'USD1USDT', 'TRUMPUSDT', 'ONDOUSDT', 'SEIUSDT', 'WIFUSDT', 'XLMUSDT', 'PAXGUSDT', 'DOLOUSDT', 'NEARUSDT', 'ETHFIUSDT', 'WLDUSDT', 'PYTHUSDT', 'EURUSDT', 'MKRUSDT', 'SYRUPUSDT', 'APTUSDT', 'PNUTUSDT', 'DOTUSDT', 'BIOUSDT', 'CFXUSDT', 'PENDLEUSDT', 'OPUSDT', 'LDOUSDT', 'MAVUSDT', 'CRVUSDT', 'FILUSDT', 'PLUMEUSDT', 'FORMUSDT', 'SUSDT', 'RAYUSDT', 'SHIBUSDT', 'TAOUSDT', 'A2ZUSDT', 'BAKEUSDT', 'HFTUSDT', 'PROVEUSDT', 'INJUSDT', 'FLOKIUSDT', 'MITOUSDT', 'TIAUSDT', 'VIRTUALUSDT', 'RLCUSDT', 'TONUSDT', 'NEIROUSDT', 'BEAMXUSDT', 'GALAUSDT', 'BERAUSDT', 'HIFIUSDT', 'FETUSDT', 'RUNEUSDT', 'CAKEUSDT', 'WBTCUSDT', 'ICPUSDT', 'LRCUSDT', 'NTRNUSDT', 'EIGENUSDT', 'DYDXUSDT', 'ETCUSDT', 'BFUSDUSDT', 'CTSIUSDT', 'CUSDT', 'MEMEUSDT', 'RESOLVUSDT', 'JUPUSDT', 'NMRUSDT', 'RENDERUSDT', 'ORDIUSDT', 'ARKMUSDT', 'TUTUSDT', 'OMUSDT', 'VETUSDT', 'AIXBTUSDT', 'SLFUSDT', 'ALGOUSDT']
[2025-09-03T09:36:08.610+0000] {subprocess.py:93} INFO - 🔹 Lưu lịch sử giá vào DB bằng threading...
[2025-09-03T09:36:08.611+0000] {subprocess.py:93} INFO - ✅ ETHUSDT: thêm 1 dòng mới
[2025-09-03T09:36:08.611+0000] {subprocess.py:93} INFO - ✅ BTCUSDT: thêm 1 dòng mới
[2025-09-03T09:36:08.611+0000] {subprocess.py:93} INFO - 1/100 ETHUSDT lưu OK
[2025-09-03T09:36:08.611+0000] {subprocess.py:93} INFO - 2/100 BTCUSDT lưu OK
[2025-09-03T09:36:08.612+0000] {subprocess.py:93} INFO - ✅ FDUSDUSDT: thêm 1 dòng mới
[2025-09-03T09:36:08.612+0000] {subprocess.py:93} INFO - 3/100 FDUSDUSDT lưu OK
[2025-09-03T09:36:08.612+0000] {subprocess.py:93} INFO - 4/100 SOMIUSDT lỗi: relation "cryptocurrency.somiusdt" does not exist
[2025-09-03T09:36:08.612+0000] {subprocess.py:93} INFO - LINE 1: SELECT MAX(time) FROM cryptocurrency.somiusdt;
[2025-09-03T09:36:08.613+0000] {subprocess.py:93} INFO -                               ^
[2025-09-03T09:36:08.613+0000] {subprocess.py:93} INFO - 
[2025-09-03T09:36:08.613+0000] {subprocess.py:93} INFO - ✅ ENAUSDT: thêm 1 dòng mới
[2025-09-03T09:36:08.613+0000] {subprocess.py:93} INFO - 5/100 ENAUSDT lưu OK
[2025-09-03T09:36:08.613+0000] {subprocess.py:93} INFO - ✅ SOLUSDT: thêm 1 dòng mới
[2025-09-03T09:36:08.614+0000] {subprocess.py:93} INFO - 6/100 SOLUSDT lưu OK
[2025-09-03T09:36:08.614+0000] {subprocess.py:93} INFO - ✅ USDCUSDT: thêm 1 dòng mới
[2025-09-03T09:36:08.614+0000] {subprocess.py:93} INFO - 7/100 USDCUSDT lưu OK
[2025-09-03T09:36:08.614+0000] {subprocess.py:93} INFO - ✅ DOGEUSDT: thêm 1 dòng mới
[2025-09-03T09:36:08.615+0000] {subprocess.py:93} INFO - 8/100 WLFIUSDT lỗi: relation "cryptocurrency.wlfiusdt" does not exist
[2025-09-03T09:36:08.615+0000] {subprocess.py:93} INFO - LINE 1: SELECT MAX(time) FROM cryptocurrency.wlfiusdt;
[2025-09-03T09:36:08.615+0000] {subprocess.py:93} INFO -                               ^
[2025-09-03T09:36:08.615+0000] {subprocess.py:93} INFO - 
[2025-09-03T09:36:08.615+0000] {subprocess.py:93} INFO - 9/100 DOGEUSDT lưu OK
[2025-09-03T09:36:08.616+0000] {subprocess.py:93} INFO - ✅ XRPUSDT: thêm 1 dòng mới
[2025-09-03T09:36:08.616+0000] {subprocess.py:93} INFO - 10/100 XRPUSDT lưu OK
[2025-09-03T09:36:08.616+0000] {subprocess.py:93} INFO - ✅ TRXUSDT: thêm 1 dòng mới
[2025-09-03T09:36:08.616+0000] {subprocess.py:93} INFO - 11/100 TRXUSDT lưu OK
[2025-09-03T09:36:08.617+0000] {subprocess.py:93} INFO - ✅ BNBUSDT: thêm 1 dòng mới
[2025-09-03T09:36:08.617+0000] {subprocess.py:93} INFO - 12/100 BNBUSDT lưu OK
[2025-09-03T09:36:08.617+0000] {subprocess.py:93} INFO - ✅ LINKUSDT: thêm 1 dòng mới
[2025-09-03T09:36:08.617+0000] {subprocess.py:93} INFO - 13/100 LINKUSDT lưu OK
[2025-09-03T09:36:08.617+0000] {subprocess.py:93} INFO - ✅ SUIUSDT: thêm 1 dòng mới
[2025-09-03T09:36:08.618+0000] {subprocess.py:93} INFO - 14/100 SUIUSDT lưu OK
[2025-09-03T09:36:08.618+0000] {subprocess.py:93} INFO - ✅ AVAXUSDT: thêm 1 dòng mới
[2025-09-03T09:36:08.618+0000] {subprocess.py:93} INFO - 15/100 AVAXUSDT lưu OK
[2025-09-03T09:36:08.618+0000] {subprocess.py:93} INFO - ✅ ADAUSDT: thêm 1 dòng mới
[2025-09-03T09:36:08.619+0000] {subprocess.py:93} INFO - 16/100 ADAUSDT lưu OK
[2025-09-03T09:36:08.619+0000] {subprocess.py:93} INFO - ✅ LTCUSDT: thêm 1 dòng mới
[2025-09-03T09:36:08.619+0000] {subprocess.py:93} INFO - 17/100 LTCUSDT lưu OK
[2025-09-03T09:36:08.619+0000] {subprocess.py:93} INFO - ✅ UNIUSDT: thêm 1 dòng mới
[2025-09-03T09:36:08.619+0000] {subprocess.py:93} INFO - 18/100 UNIUSDT lưu OK
[2025-09-03T09:36:08.620+0000] {subprocess.py:93} INFO - ✅ BCHUSDT: thêm 1 dòng mới
[2025-09-03T09:36:08.620+0000] {subprocess.py:93} INFO - 19/100 BCHUSDT lưu OK
[2025-09-03T09:36:08.620+0000] {subprocess.py:93} INFO - ✅ POLUSDT: thêm 1 dòng mới
[2025-09-03T09:36:08.620+0000] {subprocess.py:93} INFO - 20/100 POLUSDT lưu OK
[2025-09-03T09:36:08.621+0000] {subprocess.py:93} INFO - ✅ PEPEUSDT: thêm 1 dòng mới
[2025-09-03T09:36:08.621+0000] {subprocess.py:93} INFO - 21/100 PEPEUSDT lưu OK
[2025-09-03T09:36:08.621+0000] {subprocess.py:93} INFO - ✅ PENGUUSDT: thêm 1 dòng mới
[2025-09-03T09:36:08.621+0000] {subprocess.py:93} INFO - 22/100 PENGUUSDT lưu OK
[2025-09-03T09:36:08.621+0000] {subprocess.py:93} INFO - ✅ ARBUSDT: thêm 1 dòng mới
[2025-09-03T09:36:08.622+0000] {subprocess.py:93} INFO - 23/100 ARBUSDT lưu OK
[2025-09-03T09:36:08.622+0000] {subprocess.py:93} INFO - ✅ HBARUSDT: thêm 1 dòng mới
[2025-09-03T09:36:08.622+0000] {subprocess.py:93} INFO - 24/100 HBARUSDT lưu OK
[2025-09-03T09:36:08.622+0000] {subprocess.py:93} INFO - ✅ BONKUSDT: thêm 1 dòng mới
[2025-09-03T09:36:08.623+0000] {subprocess.py:93} INFO - 25/100 BONKUSDT lưu OK
[2025-09-03T09:36:08.623+0000] {subprocess.py:93} INFO - ✅ AAVEUSDT: thêm 1 dòng mới
[2025-09-03T09:36:08.623+0000] {subprocess.py:93} INFO - 26/100 AAVEUSDT lưu OK
[2025-09-03T09:36:08.623+0000] {subprocess.py:93} INFO - 27/100 USD1USDT lỗi: relation "cryptocurrency.usd1usdt" does not exist
[2025-09-03T09:36:08.623+0000] {subprocess.py:93} INFO - LINE 1: SELECT MAX(time) FROM cryptocurrency.usd1usdt;
[2025-09-03T09:36:08.624+0000] {subprocess.py:93} INFO -                               ^
[2025-09-03T09:36:08.624+0000] {subprocess.py:93} INFO - 
[2025-09-03T09:36:08.624+0000] {subprocess.py:93} INFO - ✅ SEIUSDT: thêm 1 dòng mới
[2025-09-03T09:36:08.624+0000] {subprocess.py:93} INFO - 28/100 SEIUSDT lưu OK
[2025-09-03T09:36:08.624+0000] {subprocess.py:93} INFO - 29/100 DOLOUSDT lỗi: relation "cryptocurrency.dolousdt" does not exist
[2025-09-03T09:36:08.625+0000] {subprocess.py:93} INFO - LINE 1: SELECT MAX(time) FROM cryptocurrency.dolousdt;
[2025-09-03T09:36:08.625+0000] {subprocess.py:93} INFO -                               ^
[2025-09-03T09:36:08.625+0000] {subprocess.py:93} INFO - 
[2025-09-03T09:36:08.625+0000] {subprocess.py:93} INFO - ✅ ONDOUSDT: thêm 1 dòng mới
[2025-09-03T09:36:08.625+0000] {subprocess.py:93} INFO - 30/100 ONDOUSDT lưu OK
[2025-09-03T09:36:08.626+0000] {subprocess.py:93} INFO - ✅ WIFUSDT: thêm 1 dòng mới
[2025-09-03T09:36:08.626+0000] {subprocess.py:93} INFO - 31/100 WIFUSDT lưu OK
[2025-09-03T09:36:08.626+0000] {subprocess.py:93} INFO - ✅ NEARUSDT: thêm 1 dòng mới
[2025-09-03T09:36:08.626+0000] {subprocess.py:93} INFO - 32/100 NEARUSDT lưu OK
[2025-09-03T09:36:08.627+0000] {subprocess.py:93} INFO - 33/100 PAXGUSDT lỗi: relation "cryptocurrency.paxgusdt" does not exist
[2025-09-03T09:36:08.627+0000] {subprocess.py:93} INFO - LINE 1: SELECT MAX(time) FROM cryptocurrency.paxgusdt;
[2025-09-03T09:36:08.627+0000] {subprocess.py:93} INFO -                               ^
[2025-09-03T09:36:08.627+0000] {subprocess.py:93} INFO - 
[2025-09-03T09:36:08.627+0000] {subprocess.py:93} INFO - ✅ XLMUSDT: thêm 1 dòng mới
[2025-09-03T09:36:08.628+0000] {subprocess.py:93} INFO - 34/100 XLMUSDT lưu OK
[2025-09-03T09:36:08.628+0000] {subprocess.py:93} INFO - ✅ TRUMPUSDT: thêm 1 dòng mới
[2025-09-03T09:36:08.628+0000] {subprocess.py:93} INFO - 35/100 TRUMPUSDT lưu OK
[2025-09-03T09:36:08.628+0000] {subprocess.py:93} INFO - 36/100 PYTHUSDT lỗi: relation "cryptocurrency.pythusdt" does not exist
[2025-09-03T09:36:08.628+0000] {subprocess.py:93} INFO - LINE 1: SELECT MAX(time) FROM cryptocurrency.pythusdt;
[2025-09-03T09:36:08.629+0000] {subprocess.py:93} INFO -                               ^
[2025-09-03T09:36:08.629+0000] {subprocess.py:93} INFO - 
[2025-09-03T09:36:08.629+0000] {subprocess.py:93} INFO - ✅ ETHFIUSDT: thêm 1 dòng mới
[2025-09-03T09:36:08.629+0000] {subprocess.py:93} INFO - 37/100 ETHFIUSDT lưu OK
[2025-09-03T09:36:08.629+0000] {subprocess.py:93} INFO - ✅ EURUSDT: thêm 1 dòng mới
[2025-09-03T09:36:08.630+0000] {subprocess.py:93} INFO - 38/100 EURUSDT lưu OK
[2025-09-03T09:36:08.630+0000] {subprocess.py:93} INFO - 39/100 MKRUSDT lỗi: relation "cryptocurrency.mkrusdt" does not exist
[2025-09-03T09:36:08.630+0000] {subprocess.py:93} INFO - LINE 1: SELECT MAX(time) FROM cryptocurrency.mkrusdt;
[2025-09-03T09:36:08.630+0000] {subprocess.py:93} INFO -                               ^
[2025-09-03T09:36:08.631+0000] {subprocess.py:93} INFO - 
[2025-09-03T09:36:08.631+0000] {subprocess.py:93} INFO - ✅ WLDUSDT: thêm 1 dòng mới
[2025-09-03T09:36:08.631+0000] {subprocess.py:93} INFO - 40/100 WLDUSDT lưu OK
[2025-09-03T09:36:08.631+0000] {subprocess.py:93} INFO - ✅ SYRUPUSDT: thêm 1 dòng mới
[2025-09-03T09:36:08.631+0000] {subprocess.py:93} INFO - 41/100 SYRUPUSDT lưu OK
[2025-09-03T09:36:08.632+0000] {subprocess.py:93} INFO - ✅ PNUTUSDT: thêm 1 dòng mới
[2025-09-03T09:36:08.632+0000] {subprocess.py:93} INFO - 42/100 PNUTUSDT lưu OK
[2025-09-03T09:36:08.632+0000] {subprocess.py:93} INFO - ✅ APTUSDT: thêm 1 dòng mới
[2025-09-03T09:36:08.632+0000] {subprocess.py:93} INFO - 43/100 APTUSDT lưu OK
[2025-09-03T09:36:08.632+0000] {subprocess.py:93} INFO - ✅ DOTUSDT: thêm 1 dòng mới
[2025-09-03T09:36:08.633+0000] {subprocess.py:93} INFO - 44/100 DOTUSDT lưu OK
[2025-09-03T09:36:08.633+0000] {subprocess.py:93} INFO - 45/100 BIOUSDT lỗi: relation "cryptocurrency.biousdt" does not exist
[2025-09-03T09:36:08.633+0000] {subprocess.py:93} INFO - LINE 1: SELECT MAX(time) FROM cryptocurrency.biousdt;
[2025-09-03T09:36:08.633+0000] {subprocess.py:93} INFO -                               ^
[2025-09-03T09:36:08.633+0000] {subprocess.py:93} INFO - 
[2025-09-03T09:36:08.634+0000] {subprocess.py:93} INFO - ✅ CFXUSDT: thêm 1 dòng mới
[2025-09-03T09:36:08.634+0000] {subprocess.py:93} INFO - 46/100 CFXUSDT lưu OK
[2025-09-03T09:36:08.634+0000] {subprocess.py:93} INFO - ✅ PENDLEUSDT: thêm 1 dòng mới
[2025-09-03T09:36:08.634+0000] {subprocess.py:93} INFO - 47/100 PENDLEUSDT lưu OK
[2025-09-03T09:36:08.635+0000] {subprocess.py:93} INFO - ✅ OPUSDT: thêm 1 dòng mới
[2025-09-03T09:36:08.635+0000] {subprocess.py:93} INFO - 48/100 OPUSDT lưu OK
[2025-09-03T09:36:08.635+0000] {subprocess.py:93} INFO - ✅ LDOUSDT: thêm 1 dòng mới
[2025-09-03T09:36:08.635+0000] {subprocess.py:93} INFO - 49/100 LDOUSDT lưu OK
[2025-09-03T09:36:08.635+0000] {subprocess.py:93} INFO - ✅ MAVUSDT: thêm 1 dòng mới
[2025-09-03T09:36:08.636+0000] {subprocess.py:93} INFO - 50/100 MAVUSDT lưu OK
[2025-09-03T09:36:08.636+0000] {subprocess.py:93} INFO - ✅ CRVUSDT: thêm 1 dòng mới
[2025-09-03T09:36:08.636+0000] {subprocess.py:93} INFO - 51/100 CRVUSDT lưu OK
[2025-09-03T09:36:08.636+0000] {subprocess.py:93} INFO - ✅ FILUSDT: thêm 1 dòng mới
[2025-09-03T09:36:08.636+0000] {subprocess.py:93} INFO - 52/100 FILUSDT lưu OK
[2025-09-03T09:36:08.637+0000] {subprocess.py:93} INFO - 53/100 PLUMEUSDT lỗi: relation "cryptocurrency.plumeusdt" does not exist
[2025-09-03T09:36:08.637+0000] {subprocess.py:93} INFO - LINE 1: SELECT MAX(time) FROM cryptocurrency.plumeusdt;
[2025-09-03T09:36:08.637+0000] {subprocess.py:93} INFO -                               ^
[2025-09-03T09:36:08.637+0000] {subprocess.py:93} INFO - 
[2025-09-03T09:36:08.637+0000] {subprocess.py:93} INFO - 54/100 FORMUSDT lỗi: relation "cryptocurrency.formusdt" does not exist
[2025-09-03T09:36:08.638+0000] {subprocess.py:93} INFO - LINE 1: SELECT MAX(time) FROM cryptocurrency.formusdt;
[2025-09-03T09:36:08.638+0000] {subprocess.py:93} INFO -                               ^
[2025-09-03T09:36:08.638+0000] {subprocess.py:93} INFO - 
[2025-09-03T09:36:08.638+0000] {subprocess.py:93} INFO - ✅ SUSDT: thêm 1 dòng mới
[2025-09-03T09:36:08.638+0000] {subprocess.py:93} INFO - 55/100 SUSDT lưu OK
[2025-09-03T09:36:08.639+0000] {subprocess.py:93} INFO - ✅ RAYUSDT: thêm 1 dòng mới
[2025-09-03T09:36:08.639+0000] {subprocess.py:93} INFO - 56/100 RAYUSDT lưu OK
[2025-09-03T09:36:08.639+0000] {subprocess.py:93} INFO - ✅ SHIBUSDT: thêm 1 dòng mới
[2025-09-03T09:36:08.639+0000] {subprocess.py:93} INFO - 57/100 SHIBUSDT lưu OK
[2025-09-03T09:36:08.640+0000] {subprocess.py:93} INFO - ✅ VIRTUALUSDT: thêm 1 dòng mới
[2025-09-03T09:36:08.640+0000] {subprocess.py:93} INFO - 58/100 VIRTUALUSDT lưu OK
[2025-09-03T09:36:08.640+0000] {subprocess.py:93} INFO - ✅ TIAUSDT: thêm 1 dòng mới
[2025-09-03T09:36:08.640+0000] {subprocess.py:93} INFO - 59/100 HFTUSDT lỗi: relation "cryptocurrency.hftusdt" does not exist
[2025-09-03T09:36:08.640+0000] {subprocess.py:93} INFO - LINE 1: SELECT MAX(time) FROM cryptocurrency.hftusdt;
[2025-09-03T09:36:08.641+0000] {subprocess.py:93} INFO -                               ^
[2025-09-03T09:36:08.641+0000] {subprocess.py:93} INFO - 
[2025-09-03T09:36:08.641+0000] {subprocess.py:93} INFO - 60/100 TIAUSDT lưu OK
[2025-09-03T09:36:08.641+0000] {subprocess.py:93} INFO - 61/100 BAKEUSDT lỗi: relation "cryptocurrency.bakeusdt" does not exist
[2025-09-03T09:36:08.641+0000] {subprocess.py:93} INFO - LINE 1: SELECT MAX(time) FROM cryptocurrency.bakeusdt;
[2025-09-03T09:36:08.642+0000] {subprocess.py:93} INFO -                               ^
[2025-09-03T09:36:08.642+0000] {subprocess.py:93} INFO - 
[2025-09-03T09:36:08.642+0000] {subprocess.py:93} INFO - ✅ FLOKIUSDT: thêm 1 dòng mới
[2025-09-03T09:36:08.642+0000] {subprocess.py:93} INFO - 62/100 FLOKIUSDT lưu OK
[2025-09-03T09:36:08.643+0000] {subprocess.py:93} INFO - 63/100 MITOUSDT lỗi: relation "cryptocurrency.mitousdt" does not exist
[2025-09-03T09:36:08.643+0000] {subprocess.py:93} INFO - LINE 1: SELECT MAX(time) FROM cryptocurrency.mitousdt;
[2025-09-03T09:36:08.643+0000] {subprocess.py:93} INFO -                               ^
[2025-09-03T09:36:08.643+0000] {subprocess.py:93} INFO - 
[2025-09-03T09:36:08.643+0000] {subprocess.py:93} INFO - ✅ TAOUSDT: thêm 1 dòng mới
[2025-09-03T09:36:08.644+0000] {subprocess.py:93} INFO - 64/100 TAOUSDT lưu OK
[2025-09-03T09:36:08.644+0000] {subprocess.py:93} INFO - ✅ INJUSDT: thêm 1 dòng mới
[2025-09-03T09:36:08.644+0000] {subprocess.py:93} INFO - 65/100 INJUSDT lưu OK
[2025-09-03T09:36:08.644+0000] {subprocess.py:93} INFO - ✅ PROVEUSDT: thêm 1 dòng mới
[2025-09-03T09:36:08.645+0000] {subprocess.py:93} INFO - 66/100 PROVEUSDT lưu OK
[2025-09-03T09:36:08.645+0000] {subprocess.py:93} INFO - ✅ A2ZUSDT: thêm 1 dòng mới
[2025-09-03T09:36:08.645+0000] {subprocess.py:93} INFO - 67/100 A2ZUSDT lưu OK
[2025-09-03T09:36:08.645+0000] {subprocess.py:93} INFO - ✅ TONUSDT: thêm 1 dòng mới
[2025-09-03T09:36:08.645+0000] {subprocess.py:93} INFO - 68/100 TONUSDT lưu OK
[2025-09-03T09:36:08.646+0000] {subprocess.py:93} INFO - ✅ GALAUSDT: thêm 1 dòng mới
[2025-09-03T09:36:08.646+0000] {subprocess.py:93} INFO - 69/100 GALAUSDT lưu OK
[2025-09-03T09:36:08.646+0000] {subprocess.py:93} INFO - 70/100 RLCUSDT lỗi: relation "cryptocurrency.rlcusdt" does not exist
[2025-09-03T09:36:08.646+0000] {subprocess.py:93} INFO - LINE 1: SELECT MAX(time) FROM cryptocurrency.rlcusdt;
[2025-09-03T09:36:08.647+0000] {subprocess.py:93} INFO -                               ^
[2025-09-03T09:36:08.647+0000] {subprocess.py:93} INFO - 
[2025-09-03T09:36:08.647+0000] {subprocess.py:93} INFO - 71/100 RUNEUSDT lỗi: relation "cryptocurrency.runeusdt" does not exist
[2025-09-03T09:36:08.647+0000] {subprocess.py:93} INFO - LINE 1: SELECT MAX(time) FROM cryptocurrency.runeusdt;
[2025-09-03T09:36:08.647+0000] {subprocess.py:93} INFO -                               ^
[2025-09-03T09:36:08.648+0000] {subprocess.py:93} INFO - 
[2025-09-03T09:36:08.648+0000] {subprocess.py:93} INFO - 72/100 HIFIUSDT lỗi: relation "cryptocurrency.hifiusdt" does not exist
[2025-09-03T09:36:08.648+0000] {subprocess.py:93} INFO - LINE 1: SELECT MAX(time) FROM cryptocurrency.hifiusdt;
[2025-09-03T09:36:08.648+0000] {subprocess.py:93} INFO -                               ^
[2025-09-03T09:36:08.648+0000] {subprocess.py:93} INFO - 
[2025-09-03T09:36:08.649+0000] {subprocess.py:93} INFO - ✅ BERAUSDT: thêm 1 dòng mới
[2025-09-03T09:36:08.649+0000] {subprocess.py:93} INFO - ✅ FETUSDT: thêm 1 dòng mới
[2025-09-03T09:36:08.649+0000] {subprocess.py:93} INFO - 73/100 BERAUSDT lưu OK
[2025-09-03T09:36:08.649+0000] {subprocess.py:93} INFO - 74/100 FETUSDT lưu OK
[2025-09-03T09:36:08.649+0000] {subprocess.py:93} INFO - ✅ CAKEUSDT: thêm 1 dòng mới
[2025-09-03T09:36:08.650+0000] {subprocess.py:93} INFO - 75/100 CAKEUSDT lưu OK
[2025-09-03T09:36:08.650+0000] {subprocess.py:93} INFO - ✅ NEIROUSDT: thêm 1 dòng mới
[2025-09-03T09:36:08.650+0000] {subprocess.py:93} INFO - 76/100 NEIROUSDT lưu OK
[2025-09-03T09:36:08.650+0000] {subprocess.py:93} INFO - 77/100 BEAMXUSDT lỗi: relation "cryptocurrency.beamxusdt" does not exist
[2025-09-03T09:36:08.650+0000] {subprocess.py:93} INFO - LINE 1: SELECT MAX(time) FROM cryptocurrency.beamxusdt;
[2025-09-03T09:36:08.651+0000] {subprocess.py:93} INFO -                               ^
[2025-09-03T09:36:08.651+0000] {subprocess.py:93} INFO - 
[2025-09-03T09:36:08.651+0000] {subprocess.py:93} INFO - 78/100 WBTCUSDT lỗi: relation "cryptocurrency.wbtcusdt" does not exist
[2025-09-03T09:36:08.651+0000] {subprocess.py:93} INFO - LINE 1: SELECT MAX(time) FROM cryptocurrency.wbtcusdt;
[2025-09-03T09:36:08.652+0000] {subprocess.py:93} INFO -                               ^
[2025-09-03T09:36:08.652+0000] {subprocess.py:93} INFO - 
[2025-09-03T09:36:08.652+0000] {subprocess.py:93} INFO - ✅ ICPUSDT: thêm 1 dòng mới
[2025-09-03T09:36:08.652+0000] {subprocess.py:93} INFO - 79/100 ICPUSDT lưu OK
[2025-09-03T09:36:08.652+0000] {subprocess.py:93} INFO - ✅ LRCUSDT: thêm 1 dòng mới
[2025-09-03T09:36:08.653+0000] {subprocess.py:93} INFO - 80/100 LRCUSDT lưu OK
[2025-09-03T09:36:08.653+0000] {subprocess.py:93} INFO - ✅ EIGENUSDT: thêm 1 dòng mới
[2025-09-03T09:36:08.653+0000] {subprocess.py:93} INFO - 81/100 EIGENUSDT lưu OK
[2025-09-03T09:36:08.653+0000] {subprocess.py:93} INFO - 82/100 NTRNUSDT lỗi: relation "cryptocurrency.ntrnusdt" does not exist
[2025-09-03T09:36:08.653+0000] {subprocess.py:93} INFO - LINE 1: SELECT MAX(time) FROM cryptocurrency.ntrnusdt;
[2025-09-03T09:36:08.654+0000] {subprocess.py:93} INFO -                               ^
[2025-09-03T09:36:08.654+0000] {subprocess.py:93} INFO - 
[2025-09-03T09:36:08.654+0000] {subprocess.py:93} INFO - ✅ ETCUSDT: thêm 1 dòng mới
[2025-09-03T09:36:08.654+0000] {subprocess.py:93} INFO - 83/100 ETCUSDT lưu OK
[2025-09-03T09:36:08.654+0000] {subprocess.py:93} INFO - ✅ BFUSDUSDT: thêm 1 dòng mới
[2025-09-03T09:36:08.655+0000] {subprocess.py:93} INFO - 84/100 BFUSDUSDT lưu OK
[2025-09-03T09:36:09.171+0000] {subprocess.py:93} INFO - 85/100 DYDXUSDT lỗi: relation "cryptocurrency.dydxusdt" does not exist
[2025-09-03T09:36:09.172+0000] {subprocess.py:93} INFO - LINE 1: SELECT MAX(time) FROM cryptocurrency.dydxusdt;
[2025-09-03T09:36:09.172+0000] {subprocess.py:93} INFO -                               ^
[2025-09-03T09:36:09.172+0000] {subprocess.py:93} INFO - 
[2025-09-03T09:36:09.172+0000] {subprocess.py:93} INFO - ✅ CTSIUSDT: thêm 1 dòng mới
[2025-09-03T09:36:09.173+0000] {subprocess.py:93} INFO - 86/100 CTSIUSDT lưu OK
[2025-09-03T09:36:09.173+0000] {subprocess.py:93} INFO - 87/100 MEMEUSDT lỗi: relation "cryptocurrency.memeusdt" does not exist
[2025-09-03T09:36:09.173+0000] {subprocess.py:93} INFO - LINE 1: SELECT MAX(time) FROM cryptocurrency.memeusdt;
[2025-09-03T09:36:09.173+0000] {subprocess.py:93} INFO -                               ^
[2025-09-03T09:36:09.174+0000] {subprocess.py:93} INFO - 
[2025-09-03T09:36:09.174+0000] {subprocess.py:93} INFO - 88/100 CUSDT lỗi: relation "cryptocurrency.cusdt" does not exist
[2025-09-03T09:36:09.174+0000] {subprocess.py:93} INFO - LINE 1: SELECT MAX(time) FROM cryptocurrency.cusdt;
[2025-09-03T09:36:09.174+0000] {subprocess.py:93} INFO -                               ^
[2025-09-03T09:36:09.175+0000] {subprocess.py:93} INFO - 
[2025-09-03T09:36:09.175+0000] {subprocess.py:93} INFO - 89/100 JUPUSDT lỗi: relation "cryptocurrency.jupusdt" does not exist
[2025-09-03T09:36:09.175+0000] {subprocess.py:93} INFO - LINE 1: SELECT MAX(time) FROM cryptocurrency.jupusdt;
[2025-09-03T09:36:09.175+0000] {subprocess.py:93} INFO -                               ^
[2025-09-03T09:36:09.175+0000] {subprocess.py:93} INFO - 
[2025-09-03T09:36:09.176+0000] {subprocess.py:93} INFO - 90/100 NMRUSDT lỗi: relation "cryptocurrency.nmrusdt" does not exist
[2025-09-03T09:36:09.176+0000] {subprocess.py:93} INFO - LINE 1: SELECT MAX(time) FROM cryptocurrency.nmrusdt;
[2025-09-03T09:36:09.176+0000] {subprocess.py:93} INFO -                               ^
[2025-09-03T09:36:09.177+0000] {subprocess.py:93} INFO - 
[2025-09-03T09:36:09.177+0000] {subprocess.py:93} INFO - ✅ RENDERUSDT: thêm 1 dòng mới
[2025-09-03T09:36:09.177+0000] {subprocess.py:93} INFO - 91/100 RENDERUSDT lưu OK
[2025-09-03T09:36:09.177+0000] {subprocess.py:93} INFO - 92/100 RESOLVUSDT lỗi: relation "cryptocurrency.resolvusdt" does not exist
[2025-09-03T09:36:09.178+0000] {subprocess.py:93} INFO - LINE 1: SELECT MAX(time) FROM cryptocurrency.resolvusdt;
[2025-09-03T09:36:09.178+0000] {subprocess.py:93} INFO -                               ^
[2025-09-03T09:36:09.178+0000] {subprocess.py:93} INFO - 
[2025-09-03T09:36:09.178+0000] {subprocess.py:93} INFO - ✅ ORDIUSDT: thêm 1 dòng mới
[2025-09-03T09:36:09.179+0000] {subprocess.py:93} INFO - 93/100 ORDIUSDT lưu OK
[2025-09-03T09:36:09.179+0000] {subprocess.py:93} INFO - ✅ ARKMUSDT: thêm 1 dòng mới
[2025-09-03T09:36:09.179+0000] {subprocess.py:93} INFO - 94/100 ARKMUSDT lưu OK
[2025-09-03T09:36:09.179+0000] {subprocess.py:93} INFO - ✅ OMUSDT: thêm 1 dòng mới
[2025-09-03T09:36:09.180+0000] {subprocess.py:93} INFO - 95/100 OMUSDT lưu OK
[2025-09-03T09:36:09.180+0000] {subprocess.py:93} INFO - 96/100 VETUSDT lỗi: relation "cryptocurrency.vetusdt" does not exist
[2025-09-03T09:36:09.180+0000] {subprocess.py:93} INFO - LINE 1: SELECT MAX(time) FROM cryptocurrency.vetusdt;
[2025-09-03T09:36:09.180+0000] {subprocess.py:93} INFO -                               ^
[2025-09-03T09:36:09.180+0000] {subprocess.py:93} INFO - 
[2025-09-03T09:36:09.181+0000] {subprocess.py:93} INFO - 97/100 AIXBTUSDT lỗi: relation "cryptocurrency.aixbtusdt" does not exist
[2025-09-03T09:36:09.181+0000] {subprocess.py:93} INFO - LINE 1: SELECT MAX(time) FROM cryptocurrency.aixbtusdt;
[2025-09-03T09:36:09.181+0000] {subprocess.py:93} INFO -                               ^
[2025-09-03T09:36:09.181+0000] {subprocess.py:93} INFO - 
[2025-09-03T09:36:09.182+0000] {subprocess.py:93} INFO - ✅ ALGOUSDT: thêm 1 dòng mới
[2025-09-03T09:36:09.182+0000] {subprocess.py:93} INFO - 98/100 ALGOUSDT lưu OK
[2025-09-03T09:36:09.182+0000] {subprocess.py:93} INFO - 99/100 TUTUSDT lỗi: relation "cryptocurrency.tutusdt" does not exist
[2025-09-03T09:36:09.182+0000] {subprocess.py:93} INFO - LINE 1: SELECT MAX(time) FROM cryptocurrency.tutusdt;
[2025-09-03T09:36:09.183+0000] {subprocess.py:93} INFO -                               ^
[2025-09-03T09:36:09.183+0000] {subprocess.py:93} INFO - 
[2025-09-03T09:36:09.183+0000] {subprocess.py:93} INFO - 100/100 SLFUSDT lỗi: relation "cryptocurrency.slfusdt" does not exist
[2025-09-03T09:36:09.183+0000] {subprocess.py:93} INFO - LINE 1: SELECT MAX(time) FROM cryptocurrency.slfusdt;
[2025-09-03T09:36:09.183+0000] {subprocess.py:93} INFO -                               ^
[2025-09-03T09:36:09.184+0000] {subprocess.py:93} INFO - 
[2025-09-03T09:36:09.287+0000] {subprocess.py:97} INFO - Command exited with return code 0
[2025-09-03T09:36:09.288+0000] {taskinstance.py:441} INFO - ::group::Post task execution logs
[2025-09-03T09:36:09.318+0000] {taskinstance.py:1206} INFO - Marking task as SUCCESS. dag_id=crypto_collector_dag, task_id=run_crypto_collector, run_id=scheduled__2025-09-03T09:35:00+00:00, execution_date=20250903T093500, start_date=20250903T093601, end_date=20250903T093609
[2025-09-03T09:36:09.346+0000] {local_task_job_runner.py:240} INFO - Task exited with return code 0
[2025-09-03T09:36:09.370+0000] {taskinstance.py:3498} INFO - 0 downstream tasks scheduled from follow-on schedule check
[2025-09-03T09:36:09.371+0000] {local_task_job_runner.py:222} INFO - ::endgroup::
