[2025-09-01T10:26:33.234+0000] {local_task_job_runner.py:120} INFO - ::group::Pre task execution logs
[2025-09-01T10:26:33.260+0000] {taskinstance.py:2076} INFO - Dependencies all met for dep_context=non-requeueable deps ti=<TaskInstance: market_table_foreign.foreign_UPCOM scheduled__2025-08-31T17:27:00+00:00 [queued]>
[2025-09-01T10:26:33.270+0000] {taskinstance.py:2076} INFO - Dependencies all met for dep_context=requeueable deps ti=<TaskInstance: market_table_foreign.foreign_UPCOM scheduled__2025-08-31T17:27:00+00:00 [queued]>
[2025-09-01T10:26:33.271+0000] {taskinstance.py:2306} INFO - Starting attempt 1 of 11
[2025-09-01T10:26:33.283+0000] {taskinstance.py:2330} INFO - Executing <Task(PythonOperator): foreign_UPCOM> on 2025-08-31 17:27:00+00:00
[2025-09-01T10:26:33.292+0000] {standard_task_runner.py:63} INFO - Started process 2318459 to run task
[2025-09-01T10:26:33.297+0000] {standard_task_runner.py:90} INFO - Running: ['***', 'tasks', 'run', 'market_table_foreign', 'foreign_UPCOM', 'scheduled__2025-08-31T17:27:00+00:00', '--job-id', '42287', '--raw', '--subdir', 'DAGS_FOLDER/dag_market_live.py', '--cfg-path', '/tmp/tmpj_8l71f8']
[2025-09-01T10:26:33.301+0000] {standard_task_runner.py:91} INFO - Job 42287: Subtask foreign_UPCOM
[2025-09-01T10:26:33.351+0000] {task_command.py:426} INFO - Running <TaskInstance: market_table_foreign.foreign_UPCOM scheduled__2025-08-31T17:27:00+00:00 [running]> on host 1877907bc043
[2025-09-01T10:26:33.456+0000] {taskinstance.py:2648} INFO - Exporting env vars: AIRFLOW_CTX_DAG_OWNER='***' AIRFLOW_CTX_DAG_ID='market_table_foreign' AIRFLOW_CTX_TASK_ID='foreign_UPCOM' AIRFLOW_CTX_EXECUTION_DATE='2025-08-31T17:27:00+00:00' AIRFLOW_CTX_TRY_NUMBER='1' AIRFLOW_CTX_DAG_RUN_ID='scheduled__2025-08-31T17:27:00+00:00'
[2025-09-01T10:26:33.458+0000] {taskinstance.py:430} INFO - ::endgroup::
[2025-09-01T10:26:33.475+0000] {foreign_UPCOM.py:17} INFO - Kết nối DB
[2025-09-01T10:26:33.882+0000] {foreign_UPCOM.py:42} INFO - Đã lưu foreign_UPCOM
[2025-09-01T10:26:33.882+0000] {python.py:237} INFO - Done. Returned value was: None
[2025-09-01T10:26:33.883+0000] {taskinstance.py:441} INFO - ::group::Post task execution logs
[2025-09-01T10:26:33.893+0000] {taskinstance.py:1206} INFO - Marking task as SUCCESS. dag_id=market_table_foreign, task_id=foreign_UPCOM, run_id=scheduled__2025-08-31T17:27:00+00:00, execution_date=20250831T172700, start_date=20250901T102633, end_date=20250901T102633
[2025-09-01T10:26:33.949+0000] {local_task_job_runner.py:240} INFO - Task exited with return code 0
[2025-09-01T10:26:33.977+0000] {taskinstance.py:3498} INFO - 0 downstream tasks scheduled from follow-on schedule check
[2025-09-01T10:26:33.979+0000] {local_task_job_runner.py:222} INFO - ::endgroup::
[2025-09-01T10:27:40.792+0000] {local_task_job_runner.py:120} INFO - ::group::Pre task execution logs
[2025-09-01T10:27:40.820+0000] {taskinstance.py:2076} INFO - Dependencies all met for dep_context=non-requeueable deps ti=<TaskInstance: market_table_foreign.foreign_UPCOM scheduled__2025-08-31T17:27:00+00:00 [queued]>
[2025-09-01T10:27:40.830+0000] {taskinstance.py:2076} INFO - Dependencies all met for dep_context=requeueable deps ti=<TaskInstance: market_table_foreign.foreign_UPCOM scheduled__2025-08-31T17:27:00+00:00 [queued]>
[2025-09-01T10:27:40.830+0000] {taskinstance.py:2306} INFO - Starting attempt 1 of 11
[2025-09-01T10:27:40.846+0000] {taskinstance.py:2330} INFO - Executing <Task(PythonOperator): foreign_UPCOM> on 2025-08-31 17:27:00+00:00
[2025-09-01T10:27:40.854+0000] {standard_task_runner.py:63} INFO - Started process 2319251 to run task
[2025-09-01T10:27:40.858+0000] {standard_task_runner.py:90} INFO - Running: ['***', 'tasks', 'run', 'market_table_foreign', 'foreign_UPCOM', 'scheduled__2025-08-31T17:27:00+00:00', '--job-id', '42523', '--raw', '--subdir', 'DAGS_FOLDER/dag_market_live.py', '--cfg-path', '/tmp/tmpey5561b2']
[2025-09-01T10:27:40.861+0000] {standard_task_runner.py:91} INFO - Job 42523: Subtask foreign_UPCOM
[2025-09-01T10:27:40.910+0000] {task_command.py:426} INFO - Running <TaskInstance: market_table_foreign.foreign_UPCOM scheduled__2025-08-31T17:27:00+00:00 [running]> on host 1877907bc043
[2025-09-01T10:27:41.005+0000] {taskinstance.py:2648} INFO - Exporting env vars: AIRFLOW_CTX_DAG_OWNER='***' AIRFLOW_CTX_DAG_ID='market_table_foreign' AIRFLOW_CTX_TASK_ID='foreign_UPCOM' AIRFLOW_CTX_EXECUTION_DATE='2025-08-31T17:27:00+00:00' AIRFLOW_CTX_TRY_NUMBER='1' AIRFLOW_CTX_DAG_RUN_ID='scheduled__2025-08-31T17:27:00+00:00'
[2025-09-01T10:27:41.006+0000] {taskinstance.py:430} INFO - ::endgroup::
[2025-09-01T10:27:41.021+0000] {foreign_UPCOM.py:17} INFO - Kết nối DB
[2025-09-01T10:27:41.308+0000] {foreign_UPCOM.py:42} INFO - Đã lưu foreign_UPCOM
[2025-09-01T10:27:41.309+0000] {python.py:237} INFO - Done. Returned value was: None
[2025-09-01T10:27:41.310+0000] {taskinstance.py:441} INFO - ::group::Post task execution logs
[2025-09-01T10:27:41.326+0000] {taskinstance.py:1206} INFO - Marking task as SUCCESS. dag_id=market_table_foreign, task_id=foreign_UPCOM, run_id=scheduled__2025-08-31T17:27:00+00:00, execution_date=20250831T172700, start_date=20250901T102740, end_date=20250901T102741
[2025-09-01T10:27:41.392+0000] {local_task_job_runner.py:240} INFO - Task exited with return code 0
[2025-09-01T10:27:41.425+0000] {taskinstance.py:3498} INFO - 0 downstream tasks scheduled from follow-on schedule check
[2025-09-01T10:27:41.426+0000] {local_task_job_runner.py:222} INFO - ::endgroup::
