[2025-09-01T05:16:33.900+0000] {local_task_job_runner.py:120} INFO - ::group::Pre task execution logs
[2025-09-01T05:16:33.924+0000] {taskinstance.py:2076} INFO - Dependencies all met for dep_context=non-requeueable deps ti=<TaskInstance: stock_detail_dag.run_stock_details scheduled__2025-09-01T05:15:00+00:00 [queued]>
[2025-09-01T05:16:33.935+0000] {taskinstance.py:2076} INFO - Dependencies all met for dep_context=requeueable deps ti=<TaskInstance: stock_detail_dag.run_stock_details scheduled__2025-09-01T05:15:00+00:00 [queued]>
[2025-09-01T05:16:33.935+0000] {taskinstance.py:2306} INFO - Starting attempt 1 of 2
[2025-09-01T05:16:33.949+0000] {taskinstance.py:2330} INFO - Executing <Task(BashOperator): run_stock_details> on 2025-09-01 05:15:00+00:00
[2025-09-01T05:16:33.956+0000] {standard_task_runner.py:63} INFO - Started process 2254597 to run task
[2025-09-01T05:16:33.961+0000] {standard_task_runner.py:90} INFO - Running: ['***', 'tasks', 'run', 'stock_detail_dag', 'run_stock_details', 'scheduled__2025-09-01T05:15:00+00:00', '--job-id', '38219', '--raw', '--subdir', 'DAGS_FOLDER/stock_detail/dags.py', '--cfg-path', '/tmp/tmpu20v6np8']
[2025-09-01T05:16:33.962+0000] {standard_task_runner.py:91} INFO - Job 38219: Subtask run_stock_details
[2025-09-01T05:16:34.017+0000] {task_command.py:426} INFO - Running <TaskInstance: stock_detail_dag.run_stock_details scheduled__2025-09-01T05:15:00+00:00 [running]> on host 1877907bc043
[2025-09-01T05:16:34.117+0000] {taskinstance.py:2648} INFO - Exporting env vars: AIRFLOW_CTX_DAG_OWNER='***' AIRFLOW_CTX_DAG_ID='stock_detail_dag' AIRFLOW_CTX_TASK_ID='run_stock_details' AIRFLOW_CTX_EXECUTION_DATE='2025-09-01T05:15:00+00:00' AIRFLOW_CTX_TRY_NUMBER='1' AIRFLOW_CTX_DAG_RUN_ID='scheduled__2025-09-01T05:15:00+00:00'
[2025-09-01T05:16:34.117+0000] {taskinstance.py:430} INFO - ::endgroup::
[2025-09-01T05:16:34.133+0000] {subprocess.py:63} INFO - Tmp dir root location: /tmp
[2025-09-01T05:16:34.134+0000] {subprocess.py:75} INFO - Running command: ['/usr/bin/bash', '-c', 'python3 /opt/***/dags/stock_detail/stockdetail.py']
[2025-09-01T05:16:34.147+0000] {subprocess.py:86} INFO - Output:
[2025-09-01T05:20:30.691+0000] {subprocess.py:93} INFO - ✅ Đã lưu 2084 bản ghi vào history_data.stock_details
[2025-09-01T05:20:30.833+0000] {subprocess.py:97} INFO - Command exited with return code 0
[2025-09-01T05:20:30.834+0000] {taskinstance.py:441} INFO - ::group::Post task execution logs
[2025-09-01T05:20:30.863+0000] {taskinstance.py:1206} INFO - Marking task as SUCCESS. dag_id=stock_detail_dag, task_id=run_stock_details, run_id=scheduled__2025-09-01T05:15:00+00:00, execution_date=20250901T051500, start_date=20250901T051633, end_date=20250901T052030
[2025-09-01T05:20:30.904+0000] {local_task_job_runner.py:240} INFO - Task exited with return code 0
[2025-09-01T05:20:30.930+0000] {taskinstance.py:3498} INFO - 0 downstream tasks scheduled from follow-on schedule check
[2025-09-01T05:20:30.931+0000] {local_task_job_runner.py:222} INFO - ::endgroup::
