[2025-08-19T02:21:01.294+0000] {local_task_job_runner.py:120} INFO - ::group::Pre task execution logs
[2025-08-19T02:21:01.334+0000] {taskinstance.py:2076} INFO - Dependencies all met for dep_context=non-requeueable deps ti=<TaskInstance: update_stock_history.run_get_py scheduled__2025-08-19T02:20:00+00:00 [queued]>
[2025-08-19T02:21:01.344+0000] {taskinstance.py:2076} INFO - Dependencies all met for dep_context=requeueable deps ti=<TaskInstance: update_stock_history.run_get_py scheduled__2025-08-19T02:20:00+00:00 [queued]>
[2025-08-19T02:21:01.345+0000] {taskinstance.py:2306} INFO - Starting attempt 1 of 2
[2025-08-19T02:21:01.359+0000] {taskinstance.py:2330} INFO - Executing <Task(BashOperator): run_get_py> on 2025-08-19 02:20:00+00:00
[2025-08-19T02:21:01.365+0000] {standard_task_runner.py:63} INFO - Started process 226164 to run task
[2025-08-19T02:21:01.369+0000] {standard_task_runner.py:90} INFO - Running: ['***', 'tasks', 'run', 'update_stock_history', 'run_get_py', 'scheduled__2025-08-19T02:20:00+00:00', '--job-id', '10098', '--raw', '--subdir', 'DAGS_FOLDER/crawlchart/dags.py', '--cfg-path', '/tmp/tmpijsb0dik']
[2025-08-19T02:21:01.370+0000] {standard_task_runner.py:91} INFO - Job 10098: Subtask run_get_py
[2025-08-19T02:21:01.427+0000] {task_command.py:426} INFO - Running <TaskInstance: update_stock_history.run_get_py scheduled__2025-08-19T02:20:00+00:00 [running]> on host 1877907bc043
[2025-08-19T02:21:01.530+0000] {taskinstance.py:2648} INFO - Exporting env vars: AIRFLOW_CTX_DAG_OWNER='***' AIRFLOW_CTX_DAG_ID='update_stock_history' AIRFLOW_CTX_TASK_ID='run_get_py' AIRFLOW_CTX_EXECUTION_DATE='2025-08-19T02:20:00+00:00' AIRFLOW_CTX_TRY_NUMBER='1' AIRFLOW_CTX_DAG_RUN_ID='scheduled__2025-08-19T02:20:00+00:00'
[2025-08-19T02:21:01.531+0000] {taskinstance.py:430} INFO - ::endgroup::
[2025-08-19T02:21:01.550+0000] {subprocess.py:63} INFO - Tmp dir root location: /tmp
[2025-08-19T02:21:01.550+0000] {subprocess.py:75} INFO - Running command: ['/usr/bin/bash', '-c', 'python3 /opt/***/dags/crawlchart/get.py']
[2025-08-19T02:21:01.562+0000] {subprocess.py:86} INFO - Output:
[2025-08-19T02:30:07.345+0000] {subprocess.py:93} INFO - 🚀 Bắt đầu cập nhật dữ liệu...
[2025-08-19T02:30:07.346+0000] {subprocess.py:93} INFO - 
[2025-08-19T02:30:07.346+0000] {subprocess.py:93} INFO - 📋 Kết quả cập nhật:
[2025-08-19T02:30:07.347+0000] {subprocess.py:93} INFO - ✅ Đã lưu HNX Mid/Small Cap Index vào bảng HNX Mid/Small Cap Index
[2025-08-19T02:30:07.347+0000] {subprocess.py:93} INFO - ✅ Đã lưu HNX Construction Index vào bảng HNX Construction Index
[2025-08-19T02:30:07.347+0000] {subprocess.py:93} INFO - ✅ Đã lưu HNX30 vào bảng HNX30
[2025-08-19T02:30:07.348+0000] {subprocess.py:93} INFO - ✅ Đã lưu HNXIndex vào bảng HNXIndex
[2025-08-19T02:30:07.348+0000] {subprocess.py:93} INFO - ❌ Lỗi khi xử lý HNX Financials Index: (psycopg2.OperationalError) connection to server at "videv.cloud" (27.74.74.29), port 5432 failed: Connection timed out
[2025-08-19T02:30:07.348+0000] {subprocess.py:93} INFO - 	Is the server running on that host and accepting TCP/IP connections?
[2025-08-19T02:30:07.348+0000] {subprocess.py:93} INFO - 
[2025-08-19T02:30:07.349+0000] {subprocess.py:93} INFO - (Background on this error at: https://sqlalche.me/e/14/e3q8)
[2025-08-19T02:30:07.349+0000] {subprocess.py:93} INFO - ✅ Đã lưu HNXUpcomIndex vào bảng UpcomIndex
[2025-08-19T02:30:07.349+0000] {subprocess.py:93} INFO - ❌ Lỗi khi xử lý HNX Large Cap Index: HTTPSConnectionPool(host='trading.vietcap.com.vn', port=443): Max retries exceeded with url: /api/chart/OHLCChart/gap-chart (Caused by ConnectTimeoutError(<urllib3.connection.HTTPSConnection object at 0x7f212a5ecaf0>, 'Connection to trading.vietcap.com.vn timed out. (connect timeout=None)'))
[2025-08-19T02:30:07.349+0000] {subprocess.py:93} INFO - ✅ Đã lưu UPCOM Medium Index vào bảng UPCOM Medium Index
[2025-08-19T02:30:07.350+0000] {subprocess.py:93} INFO - ✅ Đã lưu VN100 vào bảng VN100
[2025-08-19T02:30:07.350+0000] {subprocess.py:93} INFO - ✅ Đã lưu VN30 vào bảng VN30
[2025-08-19T02:30:07.350+0000] {subprocess.py:93} INFO - ❌ Lỗi khi xử lý HNX Manufacturing Index: (psycopg2.OperationalError) connection to server at "videv.cloud" (27.74.74.29), port 5432 failed: Connection timed out
[2025-08-19T02:30:07.351+0000] {subprocess.py:93} INFO - 	Is the server running on that host and accepting TCP/IP connections?
[2025-08-19T02:30:07.351+0000] {subprocess.py:93} INFO - 
[2025-08-19T02:30:07.351+0000] {subprocess.py:93} INFO - (Background on this error at: https://sqlalche.me/e/14/e3q8)
[2025-08-19T02:30:07.352+0000] {subprocess.py:93} INFO - ✅ Đã lưu UPCOM Large Index vào bảng UPCOM Large Index
[2025-08-19T02:30:07.352+0000] {subprocess.py:93} INFO - ⚠️ Không có dữ liệu cho UPCOM Small Index
[2025-08-19T02:30:07.352+0000] {subprocess.py:93} INFO - ✅ Đã lưu VNALLSHARE vào bảng VNALLSHARE
[2025-08-19T02:30:07.352+0000] {subprocess.py:93} INFO - ✅ Đã lưu VNDIAMOND vào bảng VNDIAMOND
[2025-08-19T02:30:07.353+0000] {subprocess.py:93} INFO - ✅ Đã lưu VNFINLEAD vào bảng VNFINLEAD
[2025-08-19T02:30:07.353+0000] {subprocess.py:93} INFO - ✅ Đã lưu VNCONS vào bảng VNCONS
[2025-08-19T02:30:07.353+0000] {subprocess.py:93} INFO - ✅ Đã lưu VNFINSELECT vào bảng VNFINSELECT
[2025-08-19T02:30:07.353+0000] {subprocess.py:93} INFO - ✅ Đã lưu VNENE vào bảng VNENE
[2025-08-19T02:30:07.354+0000] {subprocess.py:93} INFO - ⚠️ Không có dữ liệu cho VNINDEXVNIT
[2025-08-19T02:30:07.354+0000] {subprocess.py:93} INFO - ✅ Đã lưu VNCOND vào bảng VNCOND
[2025-08-19T02:30:07.354+0000] {subprocess.py:93} INFO - ✅ Đã lưu VNHEAL vào bảng VNHEAL
[2025-08-19T02:30:07.354+0000] {subprocess.py:93} INFO - ✅ Đã lưu VNFIN vào bảng VNFIN
[2025-08-19T02:30:07.355+0000] {subprocess.py:93} INFO - ✅ Đã lưu VNIND vào bảng VNIND
[2025-08-19T02:30:07.355+0000] {subprocess.py:93} INFO - ✅ Đã lưu VNMAT vào bảng VNMAT
[2025-08-19T02:30:07.355+0000] {subprocess.py:93} INFO - ✅ Đã lưu VNMIDCAP vào bảng VNMIDCAP
[2025-08-19T02:30:07.356+0000] {subprocess.py:93} INFO - ✅ Đã lưu VNREAL vào bảng VNREAL
[2025-08-19T02:30:07.356+0000] {subprocess.py:93} INFO - ✅ Đã lưu VNX50 vào bảng VNX50
[2025-08-19T02:30:07.356+0000] {subprocess.py:93} INFO - ✅ Đã lưu VNSI vào bảng VNSI
[2025-08-19T02:30:07.356+0000] {subprocess.py:93} INFO - ✅ Đã lưu VNSMALLCAP vào bảng VNSMALLCAP
[2025-08-19T02:30:07.356+0000] {subprocess.py:93} INFO - ✅ Đã lưu VNUTI vào bảng VNUTI
[2025-08-19T02:30:07.357+0000] {subprocess.py:93} INFO - ✅ Đã hoàn tất cập nhật dữ liệu vào cơ sở dữ liệu.
[2025-08-19T02:30:07.528+0000] {subprocess.py:97} INFO - Command exited with return code 0
[2025-08-19T02:30:07.530+0000] {taskinstance.py:441} INFO - ::group::Post task execution logs
[2025-08-19T02:30:07.563+0000] {taskinstance.py:1206} INFO - Marking task as SUCCESS. dag_id=update_stock_history, task_id=run_get_py, run_id=scheduled__2025-08-19T02:20:00+00:00, execution_date=20250819T022000, start_date=20250819T022101, end_date=20250819T023007
[2025-08-19T02:30:07.621+0000] {local_task_job_runner.py:240} INFO - Task exited with return code 0
[2025-08-19T02:30:07.649+0000] {taskinstance.py:3498} INFO - 0 downstream tasks scheduled from follow-on schedule check
[2025-08-19T02:30:07.650+0000] {local_task_job_runner.py:222} INFO - ::endgroup::
