[2025-09-01T10:25:56.449+0000] {local_task_job_runner.py:120} INFO - ::group::Pre task execution logs
[2025-09-01T10:25:56.482+0000] {taskinstance.py:2076} INFO - Dependencies all met for dep_context=non-requeueable deps ti=<TaskInstance: market_table_foreign.foreign_HOSE scheduled__2025-08-31T17:05:00+00:00 [queued]>
[2025-09-01T10:25:56.493+0000] {taskinstance.py:2076} INFO - Dependencies all met for dep_context=requeueable deps ti=<TaskInstance: market_table_foreign.foreign_HOSE scheduled__2025-08-31T17:05:00+00:00 [queued]>
[2025-09-01T10:25:56.494+0000] {taskinstance.py:2306} INFO - Starting attempt 1 of 11
[2025-09-01T10:25:56.509+0000] {taskinstance.py:2330} INFO - Executing <Task(PythonOperator): foreign_HOSE> on 2025-08-31 17:05:00+00:00
[2025-09-01T10:25:56.524+0000] {standard_task_runner.py:63} INFO - Started process 2317797 to run task
[2025-09-01T10:25:56.528+0000] {standard_task_runner.py:90} INFO - Running: ['***', 'tasks', 'run', 'market_table_foreign', 'foreign_HOSE', 'scheduled__2025-08-31T17:05:00+00:00', '--job-id', '42091', '--raw', '--subdir', 'DAGS_FOLDER/dag_market_live.py', '--cfg-path', '/tmp/tmp8_s6aak5']
[2025-09-01T10:25:56.535+0000] {standard_task_runner.py:91} INFO - Job 42091: Subtask foreign_HOSE
[2025-09-01T10:25:56.594+0000] {task_command.py:426} INFO - Running <TaskInstance: market_table_foreign.foreign_HOSE scheduled__2025-08-31T17:05:00+00:00 [running]> on host 1877907bc043
[2025-09-01T10:25:56.709+0000] {taskinstance.py:2648} INFO - Exporting env vars: AIRFLOW_CTX_DAG_OWNER='***' AIRFLOW_CTX_DAG_ID='market_table_foreign' AIRFLOW_CTX_TASK_ID='foreign_HOSE' AIRFLOW_CTX_EXECUTION_DATE='2025-08-31T17:05:00+00:00' AIRFLOW_CTX_TRY_NUMBER='1' AIRFLOW_CTX_DAG_RUN_ID='scheduled__2025-08-31T17:05:00+00:00'
[2025-09-01T10:25:56.711+0000] {taskinstance.py:430} INFO - ::endgroup::
[2025-09-01T10:25:56.729+0000] {foreign_HOSE.py:17} INFO - Kết nối DB
[2025-09-01T10:25:56.994+0000] {foreign_HOSE.py:42} INFO - Đã lưu foreign_HOSE
[2025-09-01T10:25:56.996+0000] {python.py:237} INFO - Done. Returned value was: None
[2025-09-01T10:25:56.997+0000] {taskinstance.py:441} INFO - ::group::Post task execution logs
[2025-09-01T10:25:57.014+0000] {taskinstance.py:1206} INFO - Marking task as SUCCESS. dag_id=market_table_foreign, task_id=foreign_HOSE, run_id=scheduled__2025-08-31T17:05:00+00:00, execution_date=20250831T170500, start_date=20250901T102556, end_date=20250901T102557
[2025-09-01T10:25:57.062+0000] {local_task_job_runner.py:240} INFO - Task exited with return code 0
[2025-09-01T10:25:57.086+0000] {taskinstance.py:3498} INFO - 0 downstream tasks scheduled from follow-on schedule check
[2025-09-01T10:25:57.087+0000] {local_task_job_runner.py:222} INFO - ::endgroup::
[2025-09-01T10:27:04.595+0000] {local_task_job_runner.py:120} INFO - ::group::Pre task execution logs
[2025-09-01T10:27:04.615+0000] {taskinstance.py:2076} INFO - Dependencies all met for dep_context=non-requeueable deps ti=<TaskInstance: market_table_foreign.foreign_HOSE scheduled__2025-08-31T17:05:00+00:00 [queued]>
[2025-09-01T10:27:04.623+0000] {taskinstance.py:2076} INFO - Dependencies all met for dep_context=requeueable deps ti=<TaskInstance: market_table_foreign.foreign_HOSE scheduled__2025-08-31T17:05:00+00:00 [queued]>
[2025-09-01T10:27:04.623+0000] {taskinstance.py:2306} INFO - Starting attempt 1 of 11
[2025-09-01T10:27:04.632+0000] {taskinstance.py:2330} INFO - Executing <Task(PythonOperator): foreign_HOSE> on 2025-08-31 17:05:00+00:00
[2025-09-01T10:27:04.640+0000] {standard_task_runner.py:63} INFO - Started process 2318694 to run task
[2025-09-01T10:27:04.645+0000] {standard_task_runner.py:90} INFO - Running: ['***', 'tasks', 'run', 'market_table_foreign', 'foreign_HOSE', 'scheduled__2025-08-31T17:05:00+00:00', '--job-id', '42339', '--raw', '--subdir', 'DAGS_FOLDER/dag_market_live.py', '--cfg-path', '/tmp/tmpargtc33a']
[2025-09-01T10:27:04.647+0000] {standard_task_runner.py:91} INFO - Job 42339: Subtask foreign_HOSE
[2025-09-01T10:27:04.695+0000] {task_command.py:426} INFO - Running <TaskInstance: market_table_foreign.foreign_HOSE scheduled__2025-08-31T17:05:00+00:00 [running]> on host 1877907bc043
[2025-09-01T10:27:04.801+0000] {taskinstance.py:2648} INFO - Exporting env vars: AIRFLOW_CTX_DAG_OWNER='***' AIRFLOW_CTX_DAG_ID='market_table_foreign' AIRFLOW_CTX_TASK_ID='foreign_HOSE' AIRFLOW_CTX_EXECUTION_DATE='2025-08-31T17:05:00+00:00' AIRFLOW_CTX_TRY_NUMBER='1' AIRFLOW_CTX_DAG_RUN_ID='scheduled__2025-08-31T17:05:00+00:00'
[2025-09-01T10:27:04.802+0000] {taskinstance.py:430} INFO - ::endgroup::
[2025-09-01T10:27:04.818+0000] {foreign_HOSE.py:17} INFO - Kết nối DB
[2025-09-01T10:27:05.081+0000] {foreign_HOSE.py:42} INFO - Đã lưu foreign_HOSE
[2025-09-01T10:27:05.082+0000] {python.py:237} INFO - Done. Returned value was: None
[2025-09-01T10:27:05.083+0000] {taskinstance.py:441} INFO - ::group::Post task execution logs
[2025-09-01T10:27:05.095+0000] {taskinstance.py:1206} INFO - Marking task as SUCCESS. dag_id=market_table_foreign, task_id=foreign_HOSE, run_id=scheduled__2025-08-31T17:05:00+00:00, execution_date=20250831T170500, start_date=20250901T102704, end_date=20250901T102705
[2025-09-01T10:27:05.136+0000] {local_task_job_runner.py:240} INFO - Task exited with return code 0
[2025-09-01T10:27:05.172+0000] {taskinstance.py:3498} INFO - 0 downstream tasks scheduled from follow-on schedule check
[2025-09-01T10:27:05.173+0000] {local_task_job_runner.py:222} INFO - ::endgroup::
