[2025-08-11T12:35:08.200+0000] {local_task_job_runner.py:120} INFO - ::group::Pre task execution logs
[2025-08-11T12:35:08.223+0000] {taskinstance.py:2076} INFO - Dependencies all met for dep_context=non-requeueable deps ti=<TaskInstance: stock_streaming.streaming_stock scheduled__2025-08-11T08:50:00+00:00 [queued]>
[2025-08-11T12:35:08.230+0000] {taskinstance.py:2076} INFO - Dependencies all met for dep_context=requeueable deps ti=<TaskInstance: stock_streaming.streaming_stock scheduled__2025-08-11T08:50:00+00:00 [queued]>
[2025-08-11T12:35:08.230+0000] {taskinstance.py:2306} INFO - Starting attempt 1 of 2
[2025-08-11T12:35:08.240+0000] {taskinstance.py:2330} INFO - Executing <Task(PythonOperator): streaming_stock> on 2025-08-11 08:50:00+00:00
[2025-08-11T12:35:08.247+0000] {standard_task_runner.py:63} INFO - Started process 333946 to run task
[2025-08-11T12:35:08.251+0000] {standard_task_runner.py:90} INFO - Running: ['***', 'tasks', 'run', 'stock_streaming', 'streaming_stock', 'scheduled__2025-08-11T08:50:00+00:00', '--job-id', '4701', '--raw', '--subdir', 'DAGS_FOLDER/dags_streamingstock/dags_streaming_stock.py', '--cfg-path', '/tmp/tmpck942vr8']
[2025-08-11T12:35:08.252+0000] {standard_task_runner.py:91} INFO - Job 4701: Subtask streaming_stock
[2025-08-11T12:35:08.321+0000] {task_command.py:426} INFO - Running <TaskInstance: stock_streaming.streaming_stock scheduled__2025-08-11T08:50:00+00:00 [running]> on host 1877907bc043
[2025-08-11T12:35:08.432+0000] {taskinstance.py:2648} INFO - Exporting env vars: AIRFLOW_CTX_DAG_OWNER='videv' AIRFLOW_CTX_DAG_ID='stock_streaming' AIRFLOW_CTX_TASK_ID='streaming_stock' AIRFLOW_CTX_EXECUTION_DATE='2025-08-11T08:50:00+00:00' AIRFLOW_CTX_TRY_NUMBER='1' AIRFLOW_CTX_DAG_RUN_ID='scheduled__2025-08-11T08:50:00+00:00'
[2025-08-11T12:35:08.432+0000] {taskinstance.py:430} INFO - ::endgroup::
[2025-08-11T12:35:08.558+0000] {taskinstance.py:441} INFO - ::group::Post task execution logs
[2025-08-11T12:35:08.558+0000] {taskinstance.py:2905} ERROR - Task failed with exception
Traceback (most recent call last):
  File "/home/airflow/.local/lib/python3.10/site-packages/airflow/models/taskinstance.py", line 465, in _execute_task
    result = _execute_callable(context=context, **execute_callable_kwargs)
  File "/home/airflow/.local/lib/python3.10/site-packages/airflow/models/taskinstance.py", line 432, in _execute_callable
    return execute_callable(context=context, **execute_callable_kwargs)
  File "/home/airflow/.local/lib/python3.10/site-packages/airflow/models/baseoperator.py", line 400, in wrapper
    return func(self, *args, **kwargs)
  File "/home/airflow/.local/lib/python3.10/site-packages/airflow/operators/python.py", line 235, in execute
    return_value = self.execute_callable()
  File "/home/airflow/.local/lib/python3.10/site-packages/airflow/operators/python.py", line 252, in execute_callable
    return self.python_callable(*self.op_args, **self.op_kwargs)
  File "/opt/airflow/dags/dags_streamingstock/dags_streaming_stock.py", line 34, in <lambda>
    python_callable=lambda: run_script('streaming_stock.py'),
  File "/opt/airflow/dags/dags_streamingstock/dags_streaming_stock.py", line 30, in run_script
    subprocess.run(['python3', f'/opt/airflow/dags/{script_name}'], check=True)
  File "/usr/local/lib/python3.10/subprocess.py", line 526, in run
    raise CalledProcessError(retcode, process.args,
subprocess.CalledProcessError: Command '['python3', '/opt/airflow/dags/streaming_stock.py']' returned non-zero exit status 2.
[2025-08-11T12:35:08.568+0000] {taskinstance.py:1206} INFO - Marking task as UP_FOR_RETRY. dag_id=stock_streaming, task_id=streaming_stock, run_id=scheduled__2025-08-11T08:50:00+00:00, execution_date=20250811T085000, start_date=20250811T123508, end_date=20250811T123508
[2025-08-11T12:35:08.579+0000] {standard_task_runner.py:110} ERROR - Failed to execute job 4701 for task streaming_stock (Command '['python3', '/opt/airflow/dags/streaming_stock.py']' returned non-zero exit status 2.; 333946)
[2025-08-11T12:35:08.624+0000] {local_task_job_runner.py:240} INFO - Task exited with return code 1
[2025-08-11T12:35:08.657+0000] {taskinstance.py:3498} INFO - 0 downstream tasks scheduled from follow-on schedule check
[2025-08-11T12:35:08.659+0000] {local_task_job_runner.py:222} INFO - ::endgroup::
