[2025-08-29T04:33:36.745+0000] {local_task_job_runner.py:120} INFO - ::group::Pre task execution logs
[2025-08-29T04:33:36.786+0000] {taskinstance.py:2076} INFO - Dependencies all met for dep_context=non-requeueable deps ti=<TaskInstance: stock_detail_dag.run_stock_details scheduled__2025-08-29T04:32:00+00:00 [queued]>
[2025-08-29T04:33:36.796+0000] {taskinstance.py:2076} INFO - Dependencies all met for dep_context=requeueable deps ti=<TaskInstance: stock_detail_dag.run_stock_details scheduled__2025-08-29T04:32:00+00:00 [queued]>
[2025-08-29T04:33:36.797+0000] {taskinstance.py:2306} INFO - Starting attempt 1 of 2
[2025-08-29T04:33:36.812+0000] {taskinstance.py:2330} INFO - Executing <Task(BashOperator): run_stock_details> on 2025-08-29 04:32:00+00:00
[2025-08-29T04:33:36.819+0000] {standard_task_runner.py:63} INFO - Started process 1796262 to run task
[2025-08-29T04:33:36.825+0000] {standard_task_runner.py:90} INFO - Running: ['***', 'tasks', 'run', 'stock_detail_dag', 'run_stock_details', 'scheduled__2025-08-29T04:32:00+00:00', '--job-id', '32472', '--raw', '--subdir', 'DAGS_FOLDER/stock_detail/dags.py', '--cfg-path', '/tmp/tmpx4yo0ygy']
[2025-08-29T04:33:36.826+0000] {standard_task_runner.py:91} INFO - Job 32472: Subtask run_stock_details
[2025-08-29T04:33:36.886+0000] {task_command.py:426} INFO - Running <TaskInstance: stock_detail_dag.run_stock_details scheduled__2025-08-29T04:32:00+00:00 [running]> on host 1877907bc043
[2025-08-29T04:33:36.990+0000] {taskinstance.py:2648} INFO - Exporting env vars: AIRFLOW_CTX_DAG_OWNER='***' AIRFLOW_CTX_DAG_ID='stock_detail_dag' AIRFLOW_CTX_TASK_ID='run_stock_details' AIRFLOW_CTX_EXECUTION_DATE='2025-08-29T04:32:00+00:00' AIRFLOW_CTX_TRY_NUMBER='1' AIRFLOW_CTX_DAG_RUN_ID='scheduled__2025-08-29T04:32:00+00:00'
[2025-08-29T04:33:36.991+0000] {taskinstance.py:430} INFO - ::endgroup::
[2025-08-29T04:33:37.006+0000] {subprocess.py:63} INFO - Tmp dir root location: /tmp
[2025-08-29T04:33:37.008+0000] {subprocess.py:75} INFO - Running command: ['/usr/bin/bash', '-c', 'python3 /opt/***/dags/stock_detail/stockdetail.py']
[2025-08-29T04:33:37.020+0000] {subprocess.py:86} INFO - Output:
[2025-08-29T04:34:47.616+0000] {subprocess.py:93} INFO - ✅ Đã lưu 566 bản ghi vào history_data.stock_details
[2025-08-29T04:34:47.770+0000] {subprocess.py:97} INFO - Command exited with return code 0
[2025-08-29T04:34:47.771+0000] {taskinstance.py:441} INFO - ::group::Post task execution logs
[2025-08-29T04:34:47.806+0000] {taskinstance.py:1206} INFO - Marking task as SUCCESS. dag_id=stock_detail_dag, task_id=run_stock_details, run_id=scheduled__2025-08-29T04:32:00+00:00, execution_date=20250829T043200, start_date=20250829T043336, end_date=20250829T043447
[2025-08-29T04:34:47.878+0000] {local_task_job_runner.py:240} INFO - Task exited with return code 0
[2025-08-29T04:34:47.903+0000] {taskinstance.py:3498} INFO - 0 downstream tasks scheduled from follow-on schedule check
[2025-08-29T04:34:47.904+0000] {local_task_job_runner.py:222} INFO - ::endgroup::
