[2025-09-03T23:43:02.640+0000] {local_task_job_runner.py:120} INFO - ::group::Pre task execution logs
[2025-09-03T23:43:02.667+0000] {taskinstance.py:2076} INFO - Dependencies all met for dep_context=non-requeueable deps ti=<TaskInstance: foreign_1_live.save_foreign_1 scheduled__2025-09-03T23:42:00+00:00 [queued]>
[2025-09-03T23:43:02.676+0000] {taskinstance.py:2076} INFO - Dependencies all met for dep_context=requeueable deps ti=<TaskInstance: foreign_1_live.save_foreign_1 scheduled__2025-09-03T23:42:00+00:00 [queued]>
[2025-09-03T23:43:02.677+0000] {taskinstance.py:2306} INFO - Starting attempt 1 of 11
[2025-09-03T23:43:02.691+0000] {taskinstance.py:2330} INFO - Executing <Task(PythonOperator): save_foreign_1> on 2025-09-03 23:42:00+00:00
[2025-09-03T23:43:02.700+0000] {standard_task_runner.py:63} INFO - Started process 2856055 to run task
[2025-09-03T23:43:02.703+0000] {standard_task_runner.py:90} INFO - Running: ['***', 'tasks', 'run', 'foreign_1_live', 'save_foreign_1', 'scheduled__2025-09-03T23:42:00+00:00', '--job-id', '89664', '--raw', '--subdir', 'DAGS_FOLDER/dag_foreign_1_live.py', '--cfg-path', '/tmp/tmpjm11kmfk']
[2025-09-03T23:43:02.706+0000] {standard_task_runner.py:91} INFO - Job 89664: Subtask save_foreign_1
[2025-09-03T23:43:02.756+0000] {task_command.py:426} INFO - Running <TaskInstance: foreign_1_live.save_foreign_1 scheduled__2025-09-03T23:42:00+00:00 [running]> on host 1877907bc043
[2025-09-03T23:43:02.898+0000] {taskinstance.py:2648} INFO - Exporting env vars: AIRFLOW_CTX_DAG_OWNER='***' AIRFLOW_CTX_DAG_ID='foreign_1_live' AIRFLOW_CTX_TASK_ID='save_foreign_1' AIRFLOW_CTX_EXECUTION_DATE='2025-09-03T23:42:00+00:00' AIRFLOW_CTX_TRY_NUMBER='1' AIRFLOW_CTX_DAG_RUN_ID='scheduled__2025-09-03T23:42:00+00:00'
[2025-09-03T23:43:02.900+0000] {taskinstance.py:430} INFO - ::endgroup::
[2025-09-03T23:43:02.913+0000] {foreign_1.py:18} INFO - Kết nối DB
[2025-09-03T23:43:03.636+0000] {foreign_1.py:28} INFO - Đã lưu foreign_ALL
[2025-09-03T23:43:03.638+0000] {foreign_1.py:18} INFO - Kết nối DB
[2025-09-03T23:43:04.088+0000] {foreign_1.py:28} INFO - Đã lưu foreign_HOSE
[2025-09-03T23:43:04.090+0000] {foreign_1.py:18} INFO - Kết nối DB
[2025-09-03T23:43:04.660+0000] {foreign_1.py:28} INFO - Đã lưu foreign_HNX
[2025-09-03T23:43:04.661+0000] {foreign_1.py:18} INFO - Kết nối DB
[2025-09-03T23:43:05.170+0000] {foreign_1.py:28} INFO - Đã lưu foreign_UPCOM
[2025-09-03T23:43:05.171+0000] {python.py:237} INFO - Done. Returned value was: None
[2025-09-03T23:43:05.172+0000] {taskinstance.py:441} INFO - ::group::Post task execution logs
[2025-09-03T23:43:05.186+0000] {taskinstance.py:1206} INFO - Marking task as SUCCESS. dag_id=foreign_1_live, task_id=save_foreign_1, run_id=scheduled__2025-09-03T23:42:00+00:00, execution_date=20250903T234200, start_date=20250903T234302, end_date=20250903T234305
[2025-09-03T23:43:05.243+0000] {local_task_job_runner.py:240} INFO - Task exited with return code 0
[2025-09-03T23:43:05.278+0000] {taskinstance.py:3498} INFO - 4 downstream tasks scheduled from follow-on schedule check
[2025-09-03T23:43:05.279+0000] {local_task_job_runner.py:222} INFO - ::endgroup::
