[2025-09-03T14:47:53.561+0000] {local_task_job_runner.py:120} INFO - ::group::Pre task execution logs
[2025-09-03T14:47:53.603+0000] {taskinstance.py:2076} INFO - Dependencies all met for dep_context=non-requeueable deps ti=<TaskInstance: foreign_1_live.save_foreign_1 scheduled__2025-09-02T18:57:00+00:00 [queued]>
[2025-09-03T14:47:53.618+0000] {taskinstance.py:2076} INFO - Dependencies all met for dep_context=requeueable deps ti=<TaskInstance: foreign_1_live.save_foreign_1 scheduled__2025-09-02T18:57:00+00:00 [queued]>
[2025-09-03T14:47:53.619+0000] {taskinstance.py:2306} INFO - Starting attempt 1 of 11
[2025-09-03T14:47:53.638+0000] {taskinstance.py:2330} INFO - Executing <Task(PythonOperator): save_foreign_1> on 2025-09-02 18:57:00+00:00
[2025-09-03T14:47:53.647+0000] {standard_task_runner.py:63} INFO - Started process 2759860 to run task
[2025-09-03T14:47:53.651+0000] {standard_task_runner.py:90} INFO - Running: ['***', 'tasks', 'run', 'foreign_1_live', 'save_foreign_1', 'scheduled__2025-09-02T18:57:00+00:00', '--job-id', '73089', '--raw', '--subdir', 'DAGS_FOLDER/dag_foreign_1_live.py', '--cfg-path', '/tmp/tmpm0gg_9be']
[2025-09-03T14:47:53.655+0000] {standard_task_runner.py:91} INFO - Job 73089: Subtask save_foreign_1
[2025-09-03T14:47:53.713+0000] {task_command.py:426} INFO - Running <TaskInstance: foreign_1_live.save_foreign_1 scheduled__2025-09-02T18:57:00+00:00 [running]> on host 1877907bc043
[2025-09-03T14:47:53.844+0000] {taskinstance.py:2648} INFO - Exporting env vars: AIRFLOW_CTX_DAG_OWNER='***' AIRFLOW_CTX_DAG_ID='foreign_1_live' AIRFLOW_CTX_TASK_ID='save_foreign_1' AIRFLOW_CTX_EXECUTION_DATE='2025-09-02T18:57:00+00:00' AIRFLOW_CTX_TRY_NUMBER='1' AIRFLOW_CTX_DAG_RUN_ID='scheduled__2025-09-02T18:57:00+00:00'
[2025-09-03T14:47:53.845+0000] {taskinstance.py:430} INFO - ::endgroup::
[2025-09-03T14:47:53.872+0000] {foreign_1.py:18} INFO - Kết nối DB
[2025-09-03T14:47:54.431+0000] {foreign_1.py:28} INFO - Đã lưu foreign_ALL
[2025-09-03T14:47:54.432+0000] {foreign_1.py:18} INFO - Kết nối DB
[2025-09-03T14:47:54.792+0000] {foreign_1.py:28} INFO - Đã lưu foreign_HOSE
[2025-09-03T14:47:54.794+0000] {foreign_1.py:18} INFO - Kết nối DB
[2025-09-03T14:47:55.316+0000] {foreign_1.py:28} INFO - Đã lưu foreign_HNX
[2025-09-03T14:47:55.318+0000] {foreign_1.py:18} INFO - Kết nối DB
[2025-09-03T14:47:55.705+0000] {foreign_1.py:28} INFO - Đã lưu foreign_UPCOM
[2025-09-03T14:47:55.706+0000] {python.py:237} INFO - Done. Returned value was: None
[2025-09-03T14:47:55.707+0000] {taskinstance.py:441} INFO - ::group::Post task execution logs
[2025-09-03T14:47:55.723+0000] {taskinstance.py:1206} INFO - Marking task as SUCCESS. dag_id=foreign_1_live, task_id=save_foreign_1, run_id=scheduled__2025-09-02T18:57:00+00:00, execution_date=20250902T185700, start_date=20250903T144753, end_date=20250903T144755
[2025-09-03T14:47:55.910+0000] {local_task_job_runner.py:240} INFO - Task exited with return code 0
[2025-09-03T14:47:55.944+0000] {taskinstance.py:3498} INFO - 4 downstream tasks scheduled from follow-on schedule check
[2025-09-03T14:47:55.946+0000] {local_task_job_runner.py:222} INFO - ::endgroup::
