[2025-09-04T06:30:01.821+0000] {local_task_job_runner.py:120} INFO - ::group::Pre task execution logs
[2025-09-04T06:30:01.847+0000] {taskinstance.py:2076} INFO - Dependencies all met for dep_context=non-requeueable deps ti=<TaskInstance: foreign_1_live.save_foreign_1 scheduled__2025-09-04T06:29:00+00:00 [queued]>
[2025-09-04T06:30:01.856+0000] {taskinstance.py:2076} INFO - Dependencies all met for dep_context=requeueable deps ti=<TaskInstance: foreign_1_live.save_foreign_1 scheduled__2025-09-04T06:29:00+00:00 [queued]>
[2025-09-04T06:30:01.856+0000] {taskinstance.py:2306} INFO - Starting attempt 1 of 11
[2025-09-04T06:30:01.871+0000] {taskinstance.py:2330} INFO - Executing <Task(PythonOperator): save_foreign_1> on 2025-09-04 06:29:00+00:00
[2025-09-04T06:30:01.879+0000] {standard_task_runner.py:63} INFO - Started process 2927727 to run task
[2025-09-04T06:30:01.884+0000] {standard_task_runner.py:90} INFO - Running: ['***', 'tasks', 'run', 'foreign_1_live', 'save_foreign_1', 'scheduled__2025-09-04T06:29:00+00:00', '--job-id', '94342', '--raw', '--subdir', 'DAGS_FOLDER/dag_foreign_1_live.py', '--cfg-path', '/tmp/tmpiunthw9d']
[2025-09-04T06:30:01.887+0000] {standard_task_runner.py:91} INFO - Job 94342: Subtask save_foreign_1
[2025-09-04T06:30:01.944+0000] {task_command.py:426} INFO - Running <TaskInstance: foreign_1_live.save_foreign_1 scheduled__2025-09-04T06:29:00+00:00 [running]> on host 1877907bc043
[2025-09-04T06:30:02.108+0000] {taskinstance.py:2648} INFO - Exporting env vars: AIRFLOW_CTX_DAG_OWNER='***' AIRFLOW_CTX_DAG_ID='foreign_1_live' AIRFLOW_CTX_TASK_ID='save_foreign_1' AIRFLOW_CTX_EXECUTION_DATE='2025-09-04T06:29:00+00:00' AIRFLOW_CTX_TRY_NUMBER='1' AIRFLOW_CTX_DAG_RUN_ID='scheduled__2025-09-04T06:29:00+00:00'
[2025-09-04T06:30:02.109+0000] {taskinstance.py:430} INFO - ::endgroup::
[2025-09-04T06:30:02.123+0000] {foreign_1.py:18} INFO - Kết nối DB
[2025-09-04T06:30:02.637+0000] {foreign_1.py:28} INFO - Đã lưu foreign_ALL
[2025-09-04T06:30:02.638+0000] {foreign_1.py:18} INFO - Kết nối DB
[2025-09-04T06:30:03.104+0000] {foreign_1.py:28} INFO - Đã lưu foreign_HOSE
[2025-09-04T06:30:03.105+0000] {foreign_1.py:18} INFO - Kết nối DB
[2025-09-04T06:30:03.609+0000] {foreign_1.py:28} INFO - Đã lưu foreign_HNX
[2025-09-04T06:30:03.610+0000] {foreign_1.py:18} INFO - Kết nối DB
[2025-09-04T06:30:04.171+0000] {foreign_1.py:28} INFO - Đã lưu foreign_UPCOM
[2025-09-04T06:30:04.171+0000] {python.py:237} INFO - Done. Returned value was: None
[2025-09-04T06:30:04.172+0000] {taskinstance.py:441} INFO - ::group::Post task execution logs
[2025-09-04T06:30:04.186+0000] {taskinstance.py:1206} INFO - Marking task as SUCCESS. dag_id=foreign_1_live, task_id=save_foreign_1, run_id=scheduled__2025-09-04T06:29:00+00:00, execution_date=20250904T062900, start_date=20250904T063001, end_date=20250904T063004
[2025-09-04T06:30:04.268+0000] {local_task_job_runner.py:240} INFO - Task exited with return code 0
[2025-09-04T06:30:04.283+0000] {local_task_job_runner.py:222} INFO - ::endgroup::
