[2025-08-18T15:21:06.715+0000] {local_task_job_runner.py:120} INFO - ::group::Pre task execution logs
[2025-08-18T15:21:06.751+0000] {taskinstance.py:2076} INFO - Dependencies all met for dep_context=non-requeueable deps ti=<TaskInstance: crypto_collector_dag.run_crypto_collector scheduled__2025-08-18T15:20:00+00:00 [queued]>
[2025-08-18T15:21:06.762+0000] {taskinstance.py:2076} INFO - Dependencies all met for dep_context=requeueable deps ti=<TaskInstance: crypto_collector_dag.run_crypto_collector scheduled__2025-08-18T15:20:00+00:00 [queued]>
[2025-08-18T15:21:06.762+0000] {taskinstance.py:2306} INFO - Starting attempt 1 of 2
[2025-08-18T15:21:06.775+0000] {taskinstance.py:2330} INFO - Executing <Task(BashOperator): run_crypto_collector> on 2025-08-18 15:20:00+00:00
[2025-08-18T15:21:06.782+0000] {standard_task_runner.py:63} INFO - Started process 185389 to run task
[2025-08-18T15:21:06.787+0000] {standard_task_runner.py:90} INFO - Running: ['***', 'tasks', 'run', 'crypto_collector_dag', 'run_crypto_collector', 'scheduled__2025-08-18T15:20:00+00:00', '--job-id', '9645', '--raw', '--subdir', 'DAGS_FOLDER/crawl_crypto/dags_crypto.py', '--cfg-path', '/tmp/tmpllqe70gb']
[2025-08-18T15:21:06.788+0000] {standard_task_runner.py:91} INFO - Job 9645: Subtask run_crypto_collector
[2025-08-18T15:21:06.844+0000] {task_command.py:426} INFO - Running <TaskInstance: crypto_collector_dag.run_crypto_collector scheduled__2025-08-18T15:20:00+00:00 [running]> on host 1877907bc043
[2025-08-18T15:21:06.945+0000] {taskinstance.py:2648} INFO - Exporting env vars: AIRFLOW_CTX_DAG_OWNER='***' AIRFLOW_CTX_DAG_ID='crypto_collector_dag' AIRFLOW_CTX_TASK_ID='run_crypto_collector' AIRFLOW_CTX_EXECUTION_DATE='2025-08-18T15:20:00+00:00' AIRFLOW_CTX_TRY_NUMBER='1' AIRFLOW_CTX_DAG_RUN_ID='scheduled__2025-08-18T15:20:00+00:00'
[2025-08-18T15:21:06.946+0000] {taskinstance.py:430} INFO - ::endgroup::
[2025-08-18T15:21:06.961+0000] {subprocess.py:63} INFO - Tmp dir root location: /tmp
[2025-08-18T15:21:06.962+0000] {subprocess.py:75} INFO - Running command: ['/usr/bin/bash', '-c', 'python3 /opt/***/dags/crawl_crypto/crawl_data_crypto.py']
[2025-08-18T15:21:06.975+0000] {subprocess.py:86} INFO - Output:
[2025-08-18T15:21:41.788+0000] {subprocess.py:93} INFO - 🔹 Kết nối DB...
[2025-08-18T15:21:41.789+0000] {subprocess.py:93} INFO - 🔹 Lấy top 100 crypto...
[2025-08-18T15:21:41.789+0000] {subprocess.py:93} INFO - Top 100: ['ETHUSDT', 'USDCUSDT', 'BTCUSDT', 'SOLUSDT', 'FDUSDUSDT', 'XRPUSDT', 'DOGEUSDT', 'LINKUSDT', 'ADAUSDT', 'PROVEUSDT', 'SUIUSDT', 'BNBUSDT', 'TRXUSDT', 'ARBUSDT', 'ENAUSDT', 'PEPEUSDT', 'AVAXUSDT', 'BIOUSDT', 'UNIUSDT', 'TOWNSUSDT', 'LTCUSDT', 'PENGUUSDT', 'SEIUSDT', 'HBARUSDT', 'SKLUSDT', 'TRUMPUSDT', 'DOTUSDT', 'AEURUSDT', 'POLUSDT', 'AAVEUSDT', 'NEARUSDT', 'WIFUSDT', 'BONKUSDT', 'BFUSDUSDT', 'CRVUSDT', 'WLDUSDT', 'INJUSDT', 'VIRTUALUSDT', 'LDOUSDT', 'XLMUSDT', 'APTUSDT', 'SUSDT', 'TAOUSDT', 'TONUSDT', 'FETUSDT', 'OPUSDT', 'ONDOUSDT', 'API3USDT', 'FLOKIUSDT', 'PONDUSDT', 'PENDLEUSDT', 'ALPINEUSDT', 'ETHFIUSDT', 'EPICUSDT', 'TIAUSDT', 'NEIROUSDT', 'RAYUSDT', 'PNUTUSDT', 'BCHUSDT', 'EURUSDT', 'CYBERUSDT', 'SHIBUSDT', 'FILUSDT', 'ETCUSDT', 'MEMEUSDT', 'ALGOUSDT', 'PLUMEUSDT', 'EIGENUSDT', 'MAGICUSDT', 'GALAUSDT', 'CTSIUSDT', 'XUSDUSDT', 'RENDERUSDT', 'SPKUSDT', 'ICPUSDT', 'CAKEUSDT', 'TSTUSDT', 'VETUSDT', 'CFXUSDT', 'JUVUSDT', 'RUNEUSDT', 'ORDIUSDT', 'ASRUSDT', 'OGUSDT', 'MAVUSDT', 'ARKMUSDT', 'ATOMUSDT', 'BERAUSDT', 'MDTUSDT', 'PAXGUSDT', 'OMUSDT', 'ENSUSDT', 'AIXBTUSDT', 'MKRUSDT', 'SYRUPUSDT', 'WBTCUSDT', 'ZKUSDT', 'FUNUSDT', 'JUPUSDT', 'PORTOUSDT']
[2025-08-18T15:21:41.789+0000] {subprocess.py:93} INFO - 🔹 Lưu lịch sử giá vào DB bằng threading...
[2025-08-18T15:21:41.790+0000] {subprocess.py:93} INFO - ✅ ETHUSDT: thêm 2 dòng mới
[2025-08-18T15:21:41.790+0000] {subprocess.py:93} INFO - 1/100 ETHUSDT lưu OK
[2025-08-18T15:21:41.790+0000] {subprocess.py:93} INFO - ✅ LINKUSDT: thêm 2 dòng mới
[2025-08-18T15:21:41.790+0000] {subprocess.py:93} INFO - 2/100 LINKUSDT lưu OK
[2025-08-18T15:21:41.791+0000] {subprocess.py:93} INFO - ✅ FDUSDUSDT: thêm 2 dòng mới
[2025-08-18T15:21:41.791+0000] {subprocess.py:93} INFO - 3/100 FDUSDUSDT lưu OK
[2025-08-18T15:21:41.791+0000] {subprocess.py:93} INFO - ✅ BTCUSDT: thêm 2 dòng mới
[2025-08-18T15:21:41.791+0000] {subprocess.py:93} INFO - 4/100 BTCUSDT lưu OK
[2025-08-18T15:21:41.792+0000] {subprocess.py:93} INFO - ✅ DOGEUSDT: thêm 2 dòng mới
[2025-08-18T15:21:41.792+0000] {subprocess.py:93} INFO - 5/100 DOGEUSDT lưu OK
[2025-08-18T15:21:41.792+0000] {subprocess.py:93} INFO - ✅ SOLUSDT: thêm 2 dòng mới
[2025-08-18T15:21:41.792+0000] {subprocess.py:93} INFO - 6/100 SOLUSDT lưu OK
[2025-08-18T15:21:41.792+0000] {subprocess.py:93} INFO - ✅ ADAUSDT: thêm 2 dòng mới
[2025-08-18T15:21:41.793+0000] {subprocess.py:93} INFO - 7/100 ADAUSDT lưu OK
[2025-08-18T15:21:41.793+0000] {subprocess.py:93} INFO - ✅ USDCUSDT: thêm 2 dòng mới
[2025-08-18T15:21:41.793+0000] {subprocess.py:93} INFO - 8/100 USDCUSDT lưu OK
[2025-08-18T15:21:41.793+0000] {subprocess.py:93} INFO - ✅ XRPUSDT: thêm 2 dòng mới
[2025-08-18T15:21:41.794+0000] {subprocess.py:93} INFO - 9/100 XRPUSDT lưu OK
[2025-08-18T15:21:41.794+0000] {subprocess.py:93} INFO - ✅ PROVEUSDT: thêm 2 dòng mới
[2025-08-18T15:21:41.794+0000] {subprocess.py:93} INFO - 10/100 PROVEUSDT lưu OK
[2025-08-18T15:21:41.794+0000] {subprocess.py:93} INFO - ✅ SUIUSDT: thêm 2 dòng mới
[2025-08-18T15:21:41.794+0000] {subprocess.py:93} INFO - 11/100 SUIUSDT lưu OK
[2025-08-18T15:21:41.795+0000] {subprocess.py:93} INFO - ✅ BNBUSDT: thêm 2 dòng mới
[2025-08-18T15:21:41.795+0000] {subprocess.py:93} INFO - 12/100 BNBUSDT lưu OK
[2025-08-18T15:21:41.795+0000] {subprocess.py:93} INFO - ✅ TRXUSDT: thêm 2 dòng mới
[2025-08-18T15:21:41.795+0000] {subprocess.py:93} INFO - 13/100 TRXUSDT lưu OK
[2025-08-18T15:21:41.795+0000] {subprocess.py:93} INFO - ✅ ARBUSDT: thêm 2 dòng mới
[2025-08-18T15:21:41.796+0000] {subprocess.py:93} INFO - 14/100 ARBUSDT lưu OK
[2025-08-18T15:21:41.796+0000] {subprocess.py:93} INFO - ✅ ENAUSDT: thêm 2 dòng mới
[2025-08-18T15:21:41.796+0000] {subprocess.py:93} INFO - 15/100 ENAUSDT lưu OK
[2025-08-18T15:21:41.796+0000] {subprocess.py:93} INFO - ✅ TOWNSUSDT: thêm 2 dòng mới
[2025-08-18T15:21:41.796+0000] {subprocess.py:93} INFO - 16/100 TOWNSUSDT lưu OK
[2025-08-18T15:21:41.797+0000] {subprocess.py:93} INFO - ✅ AVAXUSDT: thêm 2 dòng mới
[2025-08-18T15:21:41.797+0000] {subprocess.py:93} INFO - 17/100 AVAXUSDT lưu OK
[2025-08-18T15:21:41.797+0000] {subprocess.py:93} INFO - ✅ PEPEUSDT: thêm 2 dòng mới
[2025-08-18T15:21:41.797+0000] {subprocess.py:93} INFO - 18/100 PEPEUSDT lưu OK
[2025-08-18T15:21:41.797+0000] {subprocess.py:93} INFO - ✅ UNIUSDT: thêm 2 dòng mới
[2025-08-18T15:21:41.798+0000] {subprocess.py:93} INFO - 19/100 UNIUSDT lưu OK
[2025-08-18T15:21:41.798+0000] {subprocess.py:93} INFO - 20/100 BIOUSDT lỗi: relation "cryptocurrency.biousdt" does not exist
[2025-08-18T15:21:41.798+0000] {subprocess.py:93} INFO - LINE 1: SELECT MAX(time) FROM cryptocurrency.biousdt;
[2025-08-18T15:21:41.798+0000] {subprocess.py:93} INFO -                               ^
[2025-08-18T15:21:41.798+0000] {subprocess.py:93} INFO - 
[2025-08-18T15:21:41.799+0000] {subprocess.py:93} INFO - ✅ PENGUUSDT: thêm 2 dòng mới
[2025-08-18T15:21:41.799+0000] {subprocess.py:93} INFO - 21/100 PENGUUSDT lưu OK
[2025-08-18T15:21:41.799+0000] {subprocess.py:93} INFO - ✅ LTCUSDT: thêm 2 dòng mới
[2025-08-18T15:21:41.799+0000] {subprocess.py:93} INFO - 22/100 LTCUSDT lưu OK
[2025-08-18T15:21:41.799+0000] {subprocess.py:93} INFO - ✅ SEIUSDT: thêm 2 dòng mới
[2025-08-18T15:21:41.800+0000] {subprocess.py:93} INFO - 23/100 SEIUSDT lưu OK
[2025-08-18T15:21:41.800+0000] {subprocess.py:93} INFO - ✅ HBARUSDT: thêm 2 dòng mới
[2025-08-18T15:21:41.800+0000] {subprocess.py:93} INFO - 24/100 HBARUSDT lưu OK
[2025-08-18T15:21:41.800+0000] {subprocess.py:93} INFO - ✅ SKLUSDT: thêm 2 dòng mới
[2025-08-18T15:21:41.801+0000] {subprocess.py:93} INFO - 25/100 SKLUSDT lưu OK
[2025-08-18T15:21:41.801+0000] {subprocess.py:93} INFO - ✅ TRUMPUSDT: thêm 2 dòng mới
[2025-08-18T15:21:41.801+0000] {subprocess.py:93} INFO - 26/100 TRUMPUSDT lưu OK
[2025-08-18T15:21:41.801+0000] {subprocess.py:93} INFO - ✅ DOTUSDT: thêm 2 dòng mới
[2025-08-18T15:21:41.801+0000] {subprocess.py:93} INFO - 27/100 DOTUSDT lưu OK
[2025-08-18T15:21:41.802+0000] {subprocess.py:93} INFO - 28/100 AEURUSDT lỗi: relation "cryptocurrency.aeurusdt" does not exist
[2025-08-18T15:21:41.802+0000] {subprocess.py:93} INFO - LINE 1: SELECT MAX(time) FROM cryptocurrency.aeurusdt;
[2025-08-18T15:21:41.802+0000] {subprocess.py:93} INFO -                               ^
[2025-08-18T15:21:41.802+0000] {subprocess.py:93} INFO - 
[2025-08-18T15:21:41.802+0000] {subprocess.py:93} INFO - ✅ POLUSDT: thêm 2 dòng mới
[2025-08-18T15:21:41.803+0000] {subprocess.py:93} INFO - 29/100 POLUSDT lưu OK
[2025-08-18T15:21:41.803+0000] {subprocess.py:93} INFO - ✅ AAVEUSDT: thêm 2 dòng mới
[2025-08-18T15:21:41.803+0000] {subprocess.py:93} INFO - 30/100 AAVEUSDT lưu OK
[2025-08-18T15:21:41.803+0000] {subprocess.py:93} INFO - ✅ NEARUSDT: thêm 2 dòng mới
[2025-08-18T15:21:41.803+0000] {subprocess.py:93} INFO - 31/100 NEARUSDT lưu OK
[2025-08-18T15:21:41.804+0000] {subprocess.py:93} INFO - ✅ BFUSDUSDT: thêm 2 dòng mới
[2025-08-18T15:21:41.804+0000] {subprocess.py:93} INFO - 32/100 BFUSDUSDT lưu OK
[2025-08-18T15:21:41.804+0000] {subprocess.py:93} INFO - ✅ CRVUSDT: thêm 2 dòng mới
[2025-08-18T15:21:41.804+0000] {subprocess.py:93} INFO - 33/100 CRVUSDT lưu OK
[2025-08-18T15:21:41.804+0000] {subprocess.py:93} INFO - ⚠️ LDOUSDT lỗi lần 1/3: HTTPSConnectionPool(host='api.binance.com', port=443): Max retries exceeded with url: /api/v3/klines?symbol=LDOUSDT&interval=1m&limit=100 (Caused by ConnectTimeoutError(<urllib3.connection.HTTPSConnection object at 0x7f8208763be0>, 'Connection to api.binance.com timed out. (connect timeout=15)'))
[2025-08-18T15:21:41.805+0000] {subprocess.py:93} INFO - ⚠️ XLMUSDT lỗi lần 1/3: HTTPSConnectionPool(host='api.binance.com', port=443): Max retries exceeded with url: /api/v3/klines?symbol=XLMUSDT&interval=1m&limit=100 (Caused by ConnectTimeoutError(<urllib3.connection.HTTPSConnection object at 0x7f82087632e0>, 'Connection to api.binance.com timed out. (connect timeout=15)'))
[2025-08-18T15:21:41.805+0000] {subprocess.py:93} INFO - ⚠️ APTUSDT lỗi lần 1/3: HTTPSConnectionPool(host='api.binance.com', port=443): Max retries exceeded with url: /api/v3/klines?symbol=APTUSDT&interval=1m&limit=100 (Caused by ConnectTimeoutError(<urllib3.connection.HTTPSConnection object at 0x7f82087922f0>, 'Connection to api.binance.com timed out. (connect timeout=15)'))
[2025-08-18T15:21:41.805+0000] {subprocess.py:93} INFO - ✅ BONKUSDT: thêm 2 dòng mới
[2025-08-18T15:21:41.805+0000] {subprocess.py:93} INFO - 34/100 BONKUSDT lưu OK
[2025-08-18T15:21:41.805+0000] {subprocess.py:93} INFO - ✅ WIFUSDT: thêm 2 dòng mới
[2025-08-18T15:21:41.806+0000] {subprocess.py:93} INFO - 35/100 WIFUSDT lưu OK
[2025-08-18T15:21:41.806+0000] {subprocess.py:93} INFO - ✅ LDOUSDT: thêm 2 dòng mới
[2025-08-18T15:21:41.806+0000] {subprocess.py:93} INFO - 36/100 LDOUSDT lưu OK
[2025-08-18T15:21:41.806+0000] {subprocess.py:93} INFO - ✅ OPUSDT: thêm 2 dòng mới
[2025-08-18T15:21:41.806+0000] {subprocess.py:93} INFO - 37/100 OPUSDT lưu OK
[2025-08-18T15:21:41.807+0000] {subprocess.py:93} INFO - ✅ APTUSDT: thêm 2 dòng mới
[2025-08-18T15:21:41.807+0000] {subprocess.py:93} INFO - 38/100 APTUSDT lưu OK
[2025-08-18T15:21:41.807+0000] {subprocess.py:93} INFO - ✅ API3USDT: thêm 2 dòng mới
[2025-08-18T15:21:41.807+0000] {subprocess.py:93} INFO - 39/100 API3USDT lưu OK
[2025-08-18T15:21:41.807+0000] {subprocess.py:93} INFO - ✅ FLOKIUSDT: thêm 2 dòng mới
[2025-08-18T15:21:41.808+0000] {subprocess.py:93} INFO - 40/100 FLOKIUSDT lưu OK
[2025-08-18T15:21:41.808+0000] {subprocess.py:93} INFO - 41/100 PONDUSDT lỗi: relation "cryptocurrency.pondusdt" does not exist
[2025-08-18T15:21:41.808+0000] {subprocess.py:93} INFO - LINE 1: SELECT MAX(time) FROM cryptocurrency.pondusdt;
[2025-08-18T15:21:41.808+0000] {subprocess.py:93} INFO -                               ^
[2025-08-18T15:21:41.808+0000] {subprocess.py:93} INFO - 
[2025-08-18T15:21:41.809+0000] {subprocess.py:93} INFO - ✅ PENDLEUSDT: thêm 2 dòng mới
[2025-08-18T15:21:41.809+0000] {subprocess.py:93} INFO - 42/100 PENDLEUSDT lưu OK
[2025-08-18T15:21:41.809+0000] {subprocess.py:93} INFO - ✅ TONUSDT: thêm 2 dòng mới
[2025-08-18T15:21:41.809+0000] {subprocess.py:93} INFO - 43/100 TONUSDT lưu OK
[2025-08-18T15:21:41.809+0000] {subprocess.py:93} INFO - ✅ FETUSDT: thêm 2 dòng mới
[2025-08-18T15:21:41.810+0000] {subprocess.py:93} INFO - 44/100 FETUSDT lưu OK
[2025-08-18T15:21:41.810+0000] {subprocess.py:93} INFO - ✅ XLMUSDT: thêm 2 dòng mới
[2025-08-18T15:21:41.810+0000] {subprocess.py:93} INFO - 45/100 XLMUSDT lưu OK
[2025-08-18T15:21:41.810+0000] {subprocess.py:93} INFO - ✅ TIAUSDT: thêm 2 dòng mới
[2025-08-18T15:21:41.810+0000] {subprocess.py:93} INFO - 46/100 TIAUSDT lưu OK
[2025-08-18T15:21:41.811+0000] {subprocess.py:93} INFO - ✅ ONDOUSDT: thêm 2 dòng mới
[2025-08-18T15:21:41.811+0000] {subprocess.py:93} INFO - 47/100 ONDOUSDT lưu OK
[2025-08-18T15:21:41.811+0000] {subprocess.py:93} INFO - ✅ ALPINEUSDT: thêm 2 dòng mới
[2025-08-18T15:21:41.811+0000] {subprocess.py:93} INFO - 48/100 ALPINEUSDT lưu OK
[2025-08-18T15:21:41.812+0000] {subprocess.py:93} INFO - ✅ EPICUSDT: thêm 2 dòng mới
[2025-08-18T15:21:41.812+0000] {subprocess.py:93} INFO - 49/100 EPICUSDT lưu OK
[2025-08-18T15:21:41.812+0000] {subprocess.py:93} INFO - ✅ ETHFIUSDT: thêm 2 dòng mới
[2025-08-18T15:21:41.812+0000] {subprocess.py:93} INFO - 50/100 ETHFIUSDT lưu OK
[2025-08-18T15:21:41.812+0000] {subprocess.py:93} INFO - ✅ NEIROUSDT: thêm 2 dòng mới
[2025-08-18T15:21:41.813+0000] {subprocess.py:93} INFO - 51/100 NEIROUSDT lưu OK
[2025-08-18T15:21:41.813+0000] {subprocess.py:93} INFO - ✅ RAYUSDT: thêm 2 dòng mới
[2025-08-18T15:21:41.813+0000] {subprocess.py:93} INFO - 52/100 RAYUSDT lưu OK
[2025-08-18T15:21:41.813+0000] {subprocess.py:93} INFO - ✅ PNUTUSDT: thêm 2 dòng mới
[2025-08-18T15:21:41.813+0000] {subprocess.py:93} INFO - 53/100 PNUTUSDT lưu OK
[2025-08-18T15:21:41.814+0000] {subprocess.py:93} INFO - ✅ EURUSDT: thêm 2 dòng mới
[2025-08-18T15:21:41.814+0000] {subprocess.py:93} INFO - 54/100 EURUSDT lưu OK
[2025-08-18T15:21:41.814+0000] {subprocess.py:93} INFO - ✅ BCHUSDT: thêm 2 dòng mới
[2025-08-18T15:21:41.814+0000] {subprocess.py:93} INFO - 55/100 BCHUSDT lưu OK
[2025-08-18T15:21:41.814+0000] {subprocess.py:93} INFO - ✅ SHIBUSDT: thêm 2 dòng mới
[2025-08-18T15:21:41.815+0000] {subprocess.py:93} INFO - 56/100 SHIBUSDT lưu OK
[2025-08-18T15:21:41.815+0000] {subprocess.py:93} INFO - ✅ FILUSDT: thêm 2 dòng mới
[2025-08-18T15:21:41.815+0000] {subprocess.py:93} INFO - 57/100 CYBERUSDT lỗi: relation "cryptocurrency.cyberusdt" does not exist
[2025-08-18T15:21:41.815+0000] {subprocess.py:93} INFO - LINE 1: SELECT MAX(time) FROM cryptocurrency.cyberusdt;
[2025-08-18T15:21:41.815+0000] {subprocess.py:93} INFO -                               ^
[2025-08-18T15:21:41.816+0000] {subprocess.py:93} INFO - 
[2025-08-18T15:21:41.816+0000] {subprocess.py:93} INFO - 58/100 FILUSDT lưu OK
[2025-08-18T15:21:41.816+0000] {subprocess.py:93} INFO - 59/100 MEMEUSDT lỗi: relation "cryptocurrency.memeusdt" does not exist
[2025-08-18T15:21:41.816+0000] {subprocess.py:93} INFO - LINE 1: SELECT MAX(time) FROM cryptocurrency.memeusdt;
[2025-08-18T15:21:41.816+0000] {subprocess.py:93} INFO -                               ^
[2025-08-18T15:21:41.817+0000] {subprocess.py:93} INFO - 
[2025-08-18T15:21:41.817+0000] {subprocess.py:93} INFO - ✅ ETCUSDT: thêm 2 dòng mới
[2025-08-18T15:21:41.817+0000] {subprocess.py:93} INFO - 60/100 ETCUSDT lưu OK
[2025-08-18T15:21:41.817+0000] {subprocess.py:93} INFO - 61/100 PLUMEUSDT lỗi: relation "cryptocurrency.plumeusdt" does not exist
[2025-08-18T15:21:41.817+0000] {subprocess.py:93} INFO - LINE 1: SELECT MAX(time) FROM cryptocurrency.plumeusdt;
[2025-08-18T15:21:41.818+0000] {subprocess.py:93} INFO -                               ^
[2025-08-18T15:21:41.818+0000] {subprocess.py:93} INFO - 
[2025-08-18T15:21:41.818+0000] {subprocess.py:93} INFO - ✅ ALGOUSDT: thêm 2 dòng mới
[2025-08-18T15:21:41.818+0000] {subprocess.py:93} INFO - 62/100 ALGOUSDT lưu OK
[2025-08-18T15:21:41.818+0000] {subprocess.py:93} INFO - ✅ EIGENUSDT: thêm 2 dòng mới
[2025-08-18T15:21:41.819+0000] {subprocess.py:93} INFO - 63/100 EIGENUSDT lưu OK
[2025-08-18T15:21:41.819+0000] {subprocess.py:93} INFO - ✅ GALAUSDT: thêm 2 dòng mới
[2025-08-18T15:21:41.819+0000] {subprocess.py:93} INFO - 64/100 GALAUSDT lưu OK
[2025-08-18T15:21:41.819+0000] {subprocess.py:93} INFO - ✅ MAGICUSDT: thêm 2 dòng mới
[2025-08-18T15:21:41.819+0000] {subprocess.py:93} INFO - 65/100 MAGICUSDT lưu OK
[2025-08-18T15:21:41.820+0000] {subprocess.py:93} INFO - ✅ XUSDUSDT: thêm 2 dòng mới
[2025-08-18T15:21:41.820+0000] {subprocess.py:93} INFO - ✅ CTSIUSDT: thêm 2 dòng mới
[2025-08-18T15:21:41.820+0000] {subprocess.py:93} INFO - 66/100 XUSDUSDT lưu OK
[2025-08-18T15:21:41.820+0000] {subprocess.py:93} INFO - 67/100 CTSIUSDT lưu OK
[2025-08-18T15:21:41.820+0000] {subprocess.py:93} INFO - ✅ RENDERUSDT: thêm 2 dòng mới
[2025-08-18T15:21:41.821+0000] {subprocess.py:93} INFO - 68/100 RENDERUSDT lưu OK
[2025-08-18T15:21:41.821+0000] {subprocess.py:93} INFO - ✅ ICPUSDT: thêm 2 dòng mới
[2025-08-18T15:21:41.821+0000] {subprocess.py:93} INFO - 69/100 ICPUSDT lưu OK
[2025-08-18T15:21:41.821+0000] {subprocess.py:93} INFO - ✅ SPKUSDT: thêm 2 dòng mới
[2025-08-18T15:21:41.821+0000] {subprocess.py:93} INFO - 70/100 SPKUSDT lưu OK
[2025-08-18T15:21:41.822+0000] {subprocess.py:93} INFO - ✅ TSTUSDT: thêm 2 dòng mới
[2025-08-18T15:21:41.822+0000] {subprocess.py:93} INFO - 71/100 TSTUSDT lưu OK
[2025-08-18T15:21:41.822+0000] {subprocess.py:93} INFO - 72/100 VETUSDT lỗi: relation "cryptocurrency.vetusdt" does not exist
[2025-08-18T15:21:41.822+0000] {subprocess.py:93} INFO - LINE 1: SELECT MAX(time) FROM cryptocurrency.vetusdt;
[2025-08-18T15:21:41.822+0000] {subprocess.py:93} INFO -                               ^
[2025-08-18T15:21:41.823+0000] {subprocess.py:93} INFO - 
[2025-08-18T15:21:41.823+0000] {subprocess.py:93} INFO - ✅ CAKEUSDT: thêm 2 dòng mới
[2025-08-18T15:21:41.823+0000] {subprocess.py:93} INFO - 73/100 CAKEUSDT lưu OK
[2025-08-18T15:21:41.823+0000] {subprocess.py:93} INFO - ✅ JUVUSDT: thêm 1 dòng mới
[2025-08-18T15:21:41.823+0000] {subprocess.py:93} INFO - 74/100 JUVUSDT lưu OK
[2025-08-18T15:21:41.824+0000] {subprocess.py:93} INFO - ✅ CFXUSDT: thêm 2 dòng mới
[2025-08-18T15:21:41.824+0000] {subprocess.py:93} INFO - 75/100 CFXUSDT lưu OK
[2025-08-18T15:21:41.824+0000] {subprocess.py:93} INFO - 76/100 RUNEUSDT lỗi: relation "cryptocurrency.runeusdt" does not exist
[2025-08-18T15:21:41.824+0000] {subprocess.py:93} INFO - LINE 1: SELECT MAX(time) FROM cryptocurrency.runeusdt;
[2025-08-18T15:21:41.824+0000] {subprocess.py:93} INFO -                               ^
[2025-08-18T15:21:41.825+0000] {subprocess.py:93} INFO - 
[2025-08-18T15:21:41.825+0000] {subprocess.py:93} INFO - ✅ ORDIUSDT: thêm 2 dòng mới
[2025-08-18T15:21:41.825+0000] {subprocess.py:93} INFO - 77/100 ORDIUSDT lưu OK
[2025-08-18T15:21:41.825+0000] {subprocess.py:93} INFO - ✅ ASRUSDT: thêm 2 dòng mới
[2025-08-18T15:21:41.825+0000] {subprocess.py:93} INFO - 78/100 ASRUSDT lưu OK
[2025-08-18T15:21:41.826+0000] {subprocess.py:93} INFO - ✅ OGUSDT: thêm 2 dòng mới
[2025-08-18T15:21:41.826+0000] {subprocess.py:93} INFO - 79/100 OGUSDT lưu OK
[2025-08-18T15:21:41.826+0000] {subprocess.py:93} INFO - ✅ MAVUSDT: thêm 2 dòng mới
[2025-08-18T15:21:41.826+0000] {subprocess.py:93} INFO - 80/100 MAVUSDT lưu OK
[2025-08-18T15:21:41.826+0000] {subprocess.py:93} INFO - 81/100 ATOMUSDT lỗi: relation "cryptocurrency.atomusdt" does not exist
[2025-08-18T15:21:41.827+0000] {subprocess.py:93} INFO - LINE 1: SELECT MAX(time) FROM cryptocurrency.atomusdt;
[2025-08-18T15:21:41.827+0000] {subprocess.py:93} INFO -                               ^
[2025-08-18T15:21:41.827+0000] {subprocess.py:93} INFO - 
[2025-08-18T15:21:41.827+0000] {subprocess.py:93} INFO - ✅ ARKMUSDT: thêm 1 dòng mới
[2025-08-18T15:21:41.827+0000] {subprocess.py:93} INFO - 82/100 ARKMUSDT lưu OK
[2025-08-18T15:21:41.828+0000] {subprocess.py:93} INFO - ✅ BERAUSDT: thêm 1 dòng mới
[2025-08-18T15:21:41.828+0000] {subprocess.py:93} INFO - 83/100 BERAUSDT lưu OK
[2025-08-18T15:21:41.828+0000] {subprocess.py:93} INFO - 84/100 PAXGUSDT lỗi: relation "cryptocurrency.paxgusdt" does not exist
[2025-08-18T15:21:41.828+0000] {subprocess.py:93} INFO - LINE 1: SELECT MAX(time) FROM cryptocurrency.paxgusdt;
[2025-08-18T15:21:41.828+0000] {subprocess.py:93} INFO -                               ^
[2025-08-18T15:21:41.829+0000] {subprocess.py:93} INFO - 
[2025-08-18T15:21:41.829+0000] {subprocess.py:93} INFO - ✅ MDTUSDT: thêm 1 dòng mới
[2025-08-18T15:21:41.829+0000] {subprocess.py:93} INFO - 85/100 MDTUSDT lưu OK
[2025-08-18T15:21:46.457+0000] {subprocess.py:93} INFO - ✅ OMUSDT: thêm 1 dòng mới
[2025-08-18T15:21:46.457+0000] {subprocess.py:93} INFO - 86/100 OMUSDT lưu OK
[2025-08-18T15:21:46.457+0000] {subprocess.py:93} INFO - ✅ ENSUSDT: thêm 1 dòng mới
[2025-08-18T15:21:46.457+0000] {subprocess.py:93} INFO - 87/100 ENSUSDT lưu OK
[2025-08-18T15:21:46.458+0000] {subprocess.py:93} INFO - 88/100 AIXBTUSDT lỗi: relation "cryptocurrency.aixbtusdt" does not exist
[2025-08-18T15:21:46.458+0000] {subprocess.py:93} INFO - LINE 1: SELECT MAX(time) FROM cryptocurrency.aixbtusdt;
[2025-08-18T15:21:46.458+0000] {subprocess.py:93} INFO -                               ^
[2025-08-18T15:21:46.458+0000] {subprocess.py:93} INFO - 
[2025-08-18T15:21:46.459+0000] {subprocess.py:93} INFO - 89/100 MKRUSDT lỗi: relation "cryptocurrency.mkrusdt" does not exist
[2025-08-18T15:21:46.459+0000] {subprocess.py:93} INFO - LINE 1: SELECT MAX(time) FROM cryptocurrency.mkrusdt;
[2025-08-18T15:21:46.459+0000] {subprocess.py:93} INFO -                               ^
[2025-08-18T15:21:46.459+0000] {subprocess.py:93} INFO - 
[2025-08-18T15:21:46.459+0000] {subprocess.py:93} INFO - ✅ SYRUPUSDT: thêm 1 dòng mới
[2025-08-18T15:21:46.460+0000] {subprocess.py:93} INFO - 90/100 SYRUPUSDT lưu OK
[2025-08-18T15:21:46.460+0000] {subprocess.py:93} INFO - 91/100 WBTCUSDT lỗi: relation "cryptocurrency.wbtcusdt" does not exist
[2025-08-18T15:21:46.460+0000] {subprocess.py:93} INFO - LINE 1: SELECT MAX(time) FROM cryptocurrency.wbtcusdt;
[2025-08-18T15:21:46.460+0000] {subprocess.py:93} INFO -                               ^
[2025-08-18T15:21:46.461+0000] {subprocess.py:93} INFO - 
[2025-08-18T15:21:46.461+0000] {subprocess.py:93} INFO - 92/100 ZKUSDT lỗi: relation "cryptocurrency.zkusdt" does not exist
[2025-08-18T15:21:46.461+0000] {subprocess.py:93} INFO - LINE 1: SELECT MAX(time) FROM cryptocurrency.zkusdt;
[2025-08-18T15:21:46.461+0000] {subprocess.py:93} INFO -                               ^
[2025-08-18T15:21:46.461+0000] {subprocess.py:93} INFO - 
[2025-08-18T15:21:46.462+0000] {subprocess.py:93} INFO - ✅ WLDUSDT: thêm 2 dòng mới
[2025-08-18T15:21:46.462+0000] {subprocess.py:93} INFO - 93/100 WLDUSDT lưu OK
[2025-08-18T15:21:46.462+0000] {subprocess.py:93} INFO - ✅ INJUSDT: thêm 2 dòng mới
[2025-08-18T15:21:46.462+0000] {subprocess.py:93} INFO - 94/100 INJUSDT lưu OK
[2025-08-18T15:21:46.462+0000] {subprocess.py:93} INFO - ✅ VIRTUALUSDT: thêm 2 dòng mới
[2025-08-18T15:21:46.463+0000] {subprocess.py:93} INFO - 95/100 VIRTUALUSDT lưu OK
[2025-08-18T15:21:46.463+0000] {subprocess.py:93} INFO - 96/100 FUNUSDT lỗi: relation "cryptocurrency.funusdt" does not exist
[2025-08-18T15:21:46.463+0000] {subprocess.py:93} INFO - LINE 1: SELECT MAX(time) FROM cryptocurrency.funusdt;
[2025-08-18T15:21:46.463+0000] {subprocess.py:93} INFO -                               ^
[2025-08-18T15:21:46.464+0000] {subprocess.py:93} INFO - 
[2025-08-18T15:21:46.464+0000] {subprocess.py:93} INFO - 97/100 JUPUSDT lỗi: relation "cryptocurrency.jupusdt" does not exist
[2025-08-18T15:21:46.464+0000] {subprocess.py:93} INFO - LINE 1: SELECT MAX(time) FROM cryptocurrency.jupusdt;
[2025-08-18T15:21:46.465+0000] {subprocess.py:93} INFO -                               ^
[2025-08-18T15:21:46.465+0000] {subprocess.py:93} INFO - 
[2025-08-18T15:21:46.465+0000] {subprocess.py:93} INFO - ✅ PORTOUSDT: thêm 1 dòng mới
[2025-08-18T15:21:46.465+0000] {subprocess.py:93} INFO - 98/100 PORTOUSDT lưu OK
[2025-08-18T15:21:46.465+0000] {subprocess.py:93} INFO - ✅ TAOUSDT: thêm 2 dòng mới
[2025-08-18T15:21:46.466+0000] {subprocess.py:93} INFO - 99/100 TAOUSDT lưu OK
[2025-08-18T15:21:46.466+0000] {subprocess.py:93} INFO - ✅ SUSDT: thêm 2 dòng mới
[2025-08-18T15:21:46.466+0000] {subprocess.py:93} INFO - 100/100 SUSDT lưu OK
[2025-08-18T15:21:46.568+0000] {subprocess.py:97} INFO - Command exited with return code 0
[2025-08-18T15:21:46.568+0000] {taskinstance.py:441} INFO - ::group::Post task execution logs
[2025-08-18T15:21:46.597+0000] {taskinstance.py:1206} INFO - Marking task as SUCCESS. dag_id=crypto_collector_dag, task_id=run_crypto_collector, run_id=scheduled__2025-08-18T15:20:00+00:00, execution_date=20250818T152000, start_date=20250818T152106, end_date=20250818T152146
[2025-08-18T15:21:46.657+0000] {local_task_job_runner.py:240} INFO - Task exited with return code 0
[2025-08-18T15:21:46.679+0000] {taskinstance.py:3498} INFO - 0 downstream tasks scheduled from follow-on schedule check
[2025-08-18T15:21:46.680+0000] {local_task_job_runner.py:222} INFO - ::endgroup::
