[2025-08-18T03:55:00.743+0000] {local_task_job_runner.py:120} INFO - ::group::Pre task execution logs
[2025-08-18T03:55:00.772+0000] {taskinstance.py:2076} INFO - Dependencies all met for dep_context=non-requeueable deps ti=<TaskInstance: run_all_alerts_and_save_to_postgres.run_alert_setup scheduled__2025-08-18T03:50:00+00:00 [queued]>
[2025-08-18T03:55:00.783+0000] {taskinstance.py:2076} INFO - Dependencies all met for dep_context=requeueable deps ti=<TaskInstance: run_all_alerts_and_save_to_postgres.run_alert_setup scheduled__2025-08-18T03:50:00+00:00 [queued]>
[2025-08-18T03:55:00.783+0000] {taskinstance.py:2306} INFO - Starting attempt 1 of 2
[2025-08-18T03:55:00.797+0000] {taskinstance.py:2330} INFO - Executing <Task(PythonOperator): run_alert_setup> on 2025-08-18 03:50:00+00:00
[2025-08-18T03:55:00.803+0000] {standard_task_runner.py:63} INFO - Started process 102760 to run task
[2025-08-18T03:55:00.807+0000] {standard_task_runner.py:90} INFO - Running: ['***', 'tasks', 'run', 'run_all_alerts_and_save_to_postgres', 'run_alert_setup', 'scheduled__2025-08-18T03:50:00+00:00', '--job-id', '8295', '--raw', '--subdir', 'DAGS_FOLDER/alert_***_project/dags/alert_functions_dag.py', '--cfg-path', '/tmp/tmpv9ldohm5']
[2025-08-18T03:55:00.808+0000] {standard_task_runner.py:91} INFO - Job 8295: Subtask run_alert_setup
[2025-08-18T03:55:00.869+0000] {task_command.py:426} INFO - Running <TaskInstance: run_all_alerts_and_save_to_postgres.run_alert_setup scheduled__2025-08-18T03:50:00+00:00 [running]> on host 1877907bc043
[2025-08-18T03:55:00.977+0000] {taskinstance.py:2648} INFO - Exporting env vars: AIRFLOW_CTX_DAG_OWNER='alert_system' AIRFLOW_CTX_DAG_ID='run_all_alerts_and_save_to_postgres' AIRFLOW_CTX_TASK_ID='run_alert_setup' AIRFLOW_CTX_EXECUTION_DATE='2025-08-18T03:50:00+00:00' AIRFLOW_CTX_TRY_NUMBER='1' AIRFLOW_CTX_DAG_RUN_ID='scheduled__2025-08-18T03:50:00+00:00'
[2025-08-18T03:55:00.977+0000] {taskinstance.py:430} INFO - ::endgroup::
[2025-08-18T03:55:00.993+0000] {logging_mixin.py:188} INFO - ⏹ Outside trading time: 2025-08-18 03:55:00.993118. Skipping Alert_Setup.py...
[2025-08-18T03:55:00.993+0000] {python.py:237} INFO - Done. Returned value was: None
[2025-08-18T03:55:00.995+0000] {taskinstance.py:441} INFO - ::group::Post task execution logs
[2025-08-18T03:55:01.005+0000] {taskinstance.py:1206} INFO - Marking task as SUCCESS. dag_id=run_all_alerts_and_save_to_postgres, task_id=run_alert_setup, run_id=scheduled__2025-08-18T03:50:00+00:00, execution_date=20250818T035000, start_date=20250818T035500, end_date=20250818T035501
[2025-08-18T03:55:01.059+0000] {local_task_job_runner.py:240} INFO - Task exited with return code 0
[2025-08-18T03:55:01.080+0000] {taskinstance.py:3498} INFO - 0 downstream tasks scheduled from follow-on schedule check
[2025-08-18T03:55:01.081+0000] {local_task_job_runner.py:222} INFO - ::endgroup::
[2025-08-18T03:57:22.268+0000] {local_task_job_runner.py:120} INFO - ::group::Pre task execution logs
[2025-08-18T03:57:22.294+0000] {taskinstance.py:2076} INFO - Dependencies all met for dep_context=non-requeueable deps ti=<TaskInstance: run_all_alerts_and_save_to_postgres.run_alert_setup scheduled__2025-08-18T03:50:00+00:00 [queued]>
[2025-08-18T03:57:22.303+0000] {taskinstance.py:2076} INFO - Dependencies all met for dep_context=requeueable deps ti=<TaskInstance: run_all_alerts_and_save_to_postgres.run_alert_setup scheduled__2025-08-18T03:50:00+00:00 [queued]>
[2025-08-18T03:57:22.304+0000] {taskinstance.py:2306} INFO - Starting attempt 1 of 2
[2025-08-18T03:57:22.316+0000] {taskinstance.py:2330} INFO - Executing <Task(PythonOperator): run_alert_setup> on 2025-08-18 03:50:00+00:00
[2025-08-18T03:57:22.323+0000] {standard_task_runner.py:63} INFO - Started process 103251 to run task
[2025-08-18T03:57:22.327+0000] {standard_task_runner.py:90} INFO - Running: ['***', 'tasks', 'run', 'run_all_alerts_and_save_to_postgres', 'run_alert_setup', 'scheduled__2025-08-18T03:50:00+00:00', '--job-id', '8308', '--raw', '--subdir', 'DAGS_FOLDER/alert_***_project/dags/alert_functions_dag.py', '--cfg-path', '/tmp/tmp5n9_it8u']
[2025-08-18T03:57:22.329+0000] {standard_task_runner.py:91} INFO - Job 8308: Subtask run_alert_setup
[2025-08-18T03:57:22.386+0000] {task_command.py:426} INFO - Running <TaskInstance: run_all_alerts_and_save_to_postgres.run_alert_setup scheduled__2025-08-18T03:50:00+00:00 [running]> on host 1877907bc043
[2025-08-18T03:57:22.485+0000] {taskinstance.py:2648} INFO - Exporting env vars: AIRFLOW_CTX_DAG_OWNER='alert_system' AIRFLOW_CTX_DAG_ID='run_all_alerts_and_save_to_postgres' AIRFLOW_CTX_TASK_ID='run_alert_setup' AIRFLOW_CTX_EXECUTION_DATE='2025-08-18T03:50:00+00:00' AIRFLOW_CTX_TRY_NUMBER='1' AIRFLOW_CTX_DAG_RUN_ID='scheduled__2025-08-18T03:50:00+00:00'
[2025-08-18T03:57:22.486+0000] {taskinstance.py:430} INFO - ::endgroup::
[2025-08-18T03:57:22.498+0000] {logging_mixin.py:188} INFO - ⏹ Outside trading time: 2025-08-18 03:57:22.498757. Skipping Alert_Setup.py...
[2025-08-18T03:57:22.499+0000] {python.py:237} INFO - Done. Returned value was: None
[2025-08-18T03:57:22.500+0000] {taskinstance.py:441} INFO - ::group::Post task execution logs
[2025-08-18T03:57:22.512+0000] {taskinstance.py:1206} INFO - Marking task as SUCCESS. dag_id=run_all_alerts_and_save_to_postgres, task_id=run_alert_setup, run_id=scheduled__2025-08-18T03:50:00+00:00, execution_date=20250818T035000, start_date=20250818T035722, end_date=20250818T035722
[2025-08-18T03:57:22.538+0000] {local_task_job_runner.py:240} INFO - Task exited with return code 0
[2025-08-18T03:57:22.560+0000] {taskinstance.py:3498} INFO - 0 downstream tasks scheduled from follow-on schedule check
[2025-08-18T03:57:22.561+0000] {local_task_job_runner.py:222} INFO - ::endgroup::
