[2025-09-08T03:58:01.894+0000] {local_task_job_runner.py:120} INFO - ::group::Pre task execution logs
[2025-09-08T03:58:02.149+0000] {taskinstance.py:2076} INFO - Dependencies all met for dep_context=non-requeueable deps ti=<TaskInstance: liquidity.save_liquidity scheduled__2025-09-08T03:57:00+00:00 [queued]>
[2025-09-08T03:58:02.158+0000] {taskinstance.py:2076} INFO - Dependencies all met for dep_context=requeueable deps ti=<TaskInstance: liquidity.save_liquidity scheduled__2025-09-08T03:57:00+00:00 [queued]>
[2025-09-08T03:58:02.159+0000] {taskinstance.py:2306} INFO - Starting attempt 1 of 11
[2025-09-08T03:58:02.173+0000] {taskinstance.py:2330} INFO - Executing <Task(PythonOperator): save_liquidity> on 2025-09-08 03:57:00+00:00
[2025-09-08T03:58:02.181+0000] {standard_task_runner.py:63} INFO - Started process 310705 to run task
[2025-09-08T03:58:02.185+0000] {standard_task_runner.py:90} INFO - Running: ['***', 'tasks', 'run', 'liquidity', 'save_liquidity', 'scheduled__2025-09-08T03:57:00+00:00', '--job-id', '157562', '--raw', '--subdir', 'DAGS_FOLDER/dag_liquidity.py', '--cfg-path', '/tmp/tmpem7ruc1q']
[2025-09-08T03:58:02.188+0000] {standard_task_runner.py:91} INFO - Job 157562: Subtask save_liquidity
[2025-09-08T03:58:02.242+0000] {task_command.py:426} INFO - Running <TaskInstance: liquidity.save_liquidity scheduled__2025-09-08T03:57:00+00:00 [running]> on host 8d9cea3aac78
[2025-09-08T03:58:02.339+0000] {taskinstance.py:2648} INFO - Exporting env vars: AIRFLOW_CTX_DAG_OWNER='***' AIRFLOW_CTX_DAG_ID='liquidity' AIRFLOW_CTX_TASK_ID='save_liquidity' AIRFLOW_CTX_EXECUTION_DATE='2025-09-08T03:57:00+00:00' AIRFLOW_CTX_TRY_NUMBER='1' AIRFLOW_CTX_DAG_RUN_ID='scheduled__2025-09-08T03:57:00+00:00'
[2025-09-08T03:58:02.340+0000] {taskinstance.py:430} INFO - ::endgroup::
[2025-09-08T03:58:03.043+0000] {liquidity.py:93} INFO - Đã lưu liquidity_ALL
[2025-09-08T03:58:03.931+0000] {liquidity.py:93} INFO - Đã lưu liquidity_HOSE
[2025-09-08T03:58:04.565+0000] {liquidity.py:93} INFO - Đã lưu liquidity_HNX
[2025-09-08T03:58:05.801+0000] {liquidity.py:93} INFO - Đã lưu liquidity_UPCOM
[2025-09-08T03:58:05.802+0000] {python.py:237} INFO - Done. Returned value was: None
[2025-09-08T03:58:05.803+0000] {taskinstance.py:441} INFO - ::group::Post task execution logs
[2025-09-08T03:58:05.819+0000] {taskinstance.py:1206} INFO - Marking task as SUCCESS. dag_id=liquidity, task_id=save_liquidity, run_id=scheduled__2025-09-08T03:57:00+00:00, execution_date=20250908T035700, start_date=20250908T035802, end_date=20250908T035805
[2025-09-08T03:58:05.887+0000] {local_task_job_runner.py:240} INFO - Task exited with return code 0
[2025-09-08T03:58:05.913+0000] {taskinstance.py:3503} INFO - 0 downstream tasks scheduled from follow-on schedule check
[2025-09-08T03:58:05.914+0000] {local_task_job_runner.py:222} INFO - ::endgroup::
