[2025-09-06T03:00:13.228+0000] {local_task_job_runner.py:120} INFO - ::group::Pre task execution logs
[2025-09-06T03:00:13.256+0000] {taskinstance.py:2076} INFO - Dependencies all met for dep_context=non-requeueable deps ti=<TaskInstance: news_pipeline.add_postgre scheduled__2025-09-05T01:00:00+00:00 [queued]>
[2025-09-06T03:00:13.267+0000] {taskinstance.py:2076} INFO - Dependencies all met for dep_context=requeueable deps ti=<TaskInstance: news_pipeline.add_postgre scheduled__2025-09-05T01:00:00+00:00 [queued]>
[2025-09-06T03:00:13.267+0000] {taskinstance.py:2306} INFO - Starting attempt 3 of 11
[2025-09-06T03:00:13.281+0000] {taskinstance.py:2330} INFO - Executing <Task(PythonOperator): add_postgre> on 2025-09-05 01:00:00+00:00
[2025-09-06T03:00:13.292+0000] {standard_task_runner.py:63} INFO - Started process 109484 to run task
[2025-09-06T03:00:13.297+0000] {standard_task_runner.py:90} INFO - Running: ['***', 'tasks', 'run', 'news_pipeline', 'add_postgre', 'scheduled__2025-09-05T01:00:00+00:00', '--job-id', '124794', '--raw', '--subdir', 'DAGS_FOLDER/dag_news.py', '--cfg-path', '/tmp/tmpwrkak96h']
[2025-09-06T03:00:13.301+0000] {standard_task_runner.py:91} INFO - Job 124794: Subtask add_postgre
[2025-09-06T03:00:13.358+0000] {task_command.py:426} INFO - Running <TaskInstance: news_pipeline.add_postgre scheduled__2025-09-05T01:00:00+00:00 [running]> on host d4d2fe648a81
[2025-09-06T03:00:13.443+0000] {taskinstance.py:2648} INFO - Exporting env vars: AIRFLOW_CTX_DAG_OWNER='***' AIRFLOW_CTX_DAG_ID='news_pipeline' AIRFLOW_CTX_TASK_ID='add_postgre' AIRFLOW_CTX_EXECUTION_DATE='2025-09-05T01:00:00+00:00' AIRFLOW_CTX_TRY_NUMBER='3' AIRFLOW_CTX_DAG_RUN_ID='scheduled__2025-09-05T01:00:00+00:00'
[2025-09-06T03:00:13.445+0000] {taskinstance.py:430} INFO - ::endgroup::
[2025-09-06T03:00:13.460+0000] {logger.py:11} INFO - ====== WebDriver manager ======
[2025-09-06T03:00:13.460+0000] {logger.py:11} INFO - ====== WebDriver manager ======
[2025-09-06T03:00:13.461+0000] {logger.py:11} INFO - ====== WebDriver manager ======
[2025-09-06T03:00:13.615+0000] {logger.py:11} INFO - Get LATEST chromedriver version for google-chrome
[2025-09-06T03:00:13.624+0000] {logger.py:11} INFO - Get LATEST chromedriver version for google-chrome
[2025-09-06T03:00:13.627+0000] {logger.py:11} INFO - Get LATEST chromedriver version for google-chrome
[2025-09-06T03:00:13.968+0000] {logger.py:11} INFO - Get LATEST chromedriver version for google-chrome
[2025-09-06T03:00:14.011+0000] {logger.py:11} INFO - Get LATEST chromedriver version for google-chrome
[2025-09-06T03:00:14.044+0000] {logger.py:11} INFO - Get LATEST chromedriver version for google-chrome
[2025-09-06T03:00:14.262+0000] {logger.py:11} INFO - Driver [/home/***/.wdm/drivers/chromedriver/linux64/140.0.7339.80/chromedriver-linux64/chromedriver] found in cache
[2025-09-06T03:00:14.302+0000] {logger.py:11} INFO - Driver [/home/***/.wdm/drivers/chromedriver/linux64/140.0.7339.80/chromedriver-linux64/chromedriver] found in cache
[2025-09-06T03:00:14.344+0000] {logger.py:11} INFO - Driver [/home/***/.wdm/drivers/chromedriver/linux64/140.0.7339.80/chromedriver-linux64/chromedriver] found in cache
[2025-09-06T03:00:14.451+0000] {logging_mixin.py:188} INFO - Error in vietstock: Message: session not created
from disconnected: unable to connect to renderer; For documentation on this error, please visit: https://www.selenium.dev/documentation/webdriver/troubleshooting/errors#sessionnotcreatedexception
Stacktrace:
#0 0x561586d5f94a <unknown>
#1 0x5615867d48a0 <unknown>
#2 0x561586814b8e <unknown>
#3 0x561586810775 <unknown>
#4 0x56158680a288 <unknown>
#5 0x56158685a386 <unknown>
#6 0x561586859a56 <unknown>
#7 0x56158684be03 <unknown>
#8 0x561586818968 <unknown>
#9 0x5615868195e1 <unknown>
#10 0x561586d23548 <unknown>
#11 0x561586d27272 <unknown>
#12 0x561586d0a313 <unknown>
#13 0x561586d27dc5 <unknown>
#14 0x561586cef49f <unknown>
#15 0x561586d4c158 <unknown>
#16 0x561586d4c332 <unknown>
#17 0x561586d5ea53 <unknown>
#18 0x7fc53fe58134 <unknown>
[2025-09-06T03:00:14.452+0000] {logging_mixin.py:188} INFO - Error in tinnhanh: Message: session not created
from disconnected: unable to connect to renderer; For documentation on this error, please visit: https://www.selenium.dev/documentation/webdriver/troubleshooting/errors#sessionnotcreatedexception
Stacktrace:
#0 0x555e89f1a94a <unknown>
#1 0x555e8998f8a0 <unknown>
#2 0x555e899cfb8e <unknown>
#3 0x555e899cb775 <unknown>
#4 0x555e899c5288 <unknown>
#5 0x555e89a15386 <unknown>
#6 0x555e89a14a56 <unknown>
#7 0x555e89a06e03 <unknown>
#8 0x555e899d3968 <unknown>
#9 0x555e899d45e1 <unknown>
#10 0x555e89ede548 <unknown>
#11 0x555e89ee2272 <unknown>
#12 0x555e89ec5313 <unknown>
#13 0x555e89ee2dc5 <unknown>
#14 0x555e89eaa49f <unknown>
#15 0x555e89f07158 <unknown>
#16 0x555e89f07332 <unknown>
#17 0x555e89f19a53 <unknown>
#18 0x7fdee2341134 <unknown>
[2025-09-06T03:00:14.452+0000] {logging_mixin.py:188} INFO - Error in cafef: Message: session not created
from disconnected: unable to connect to renderer; For documentation on this error, please visit: https://www.selenium.dev/documentation/webdriver/troubleshooting/errors#sessionnotcreatedexception
Stacktrace:
#0 0x55dc4b58094a <unknown>
#1 0x55dc4aff58a0 <unknown>
#2 0x55dc4b035b8e <unknown>
#3 0x55dc4b031775 <unknown>
#4 0x55dc4b02b288 <unknown>
#5 0x55dc4b07b386 <unknown>
#6 0x55dc4b07aa56 <unknown>
#7 0x55dc4b06ce03 <unknown>
#8 0x55dc4b039968 <unknown>
#9 0x55dc4b03a5e1 <unknown>
#10 0x55dc4b544548 <unknown>
#11 0x55dc4b548272 <unknown>
#12 0x55dc4b52b313 <unknown>
#13 0x55dc4b548dc5 <unknown>
#14 0x55dc4b51049f <unknown>
#15 0x55dc4b56d158 <unknown>
#16 0x55dc4b56d332 <unknown>
#17 0x55dc4b57fa53 <unknown>
#18 0x7fcb876b3134 <unknown>
[2025-09-06T03:00:14.453+0000] {add_postgre.py:48} ERROR - ❌ Lỗi trong add_postgres: No objects to concatenate
[2025-09-06T03:00:14.454+0000] {taskinstance.py:441} INFO - ::group::Post task execution logs
[2025-09-06T03:00:14.454+0000] {taskinstance.py:2905} ERROR - Task failed with exception
Traceback (most recent call last):
  File "/home/airflow/.local/lib/python3.10/site-packages/airflow/models/taskinstance.py", line 465, in _execute_task
    result = _execute_callable(context=context, **execute_callable_kwargs)
  File "/home/airflow/.local/lib/python3.10/site-packages/airflow/models/taskinstance.py", line 432, in _execute_callable
    return execute_callable(context=context, **execute_callable_kwargs)
  File "/home/airflow/.local/lib/python3.10/site-packages/airflow/models/baseoperator.py", line 400, in wrapper
    return func(self, *args, **kwargs)
  File "/home/airflow/.local/lib/python3.10/site-packages/airflow/operators/python.py", line 235, in execute
    return_value = self.execute_callable()
  File "/home/airflow/.local/lib/python3.10/site-packages/airflow/operators/python.py", line 252, in execute_callable
    return self.python_callable(*self.op_args, **self.op_kwargs)
  File "/opt/airflow/dags/utils/new_pipeline/add_postgre.py", line 15, in add_postgres
    df=tintuc()
  File "/opt/airflow/dags/utils/new_pipeline/merge.py", line 31, in tintuc
    return asyncio.run(tintuc_async())
  File "/usr/local/lib/python3.10/asyncio/runners.py", line 44, in run
    return loop.run_until_complete(main)
  File "/usr/local/lib/python3.10/asyncio/base_events.py", line 649, in run_until_complete
    return future.result()
  File "/opt/airflow/dags/utils/new_pipeline/merge.py", line 26, in tintuc_async
    df_all = pd.concat(results, ignore_index=True)
  File "/home/airflow/.local/lib/python3.10/site-packages/pandas/core/reshape/concat.py", line 380, in concat
    op = _Concatenator(
  File "/home/airflow/.local/lib/python3.10/site-packages/pandas/core/reshape/concat.py", line 443, in __init__
    objs, keys = self._clean_keys_and_objs(objs, keys)
  File "/home/airflow/.local/lib/python3.10/site-packages/pandas/core/reshape/concat.py", line 505, in _clean_keys_and_objs
    raise ValueError("No objects to concatenate")
ValueError: No objects to concatenate
[2025-09-06T03:00:14.469+0000] {taskinstance.py:1206} INFO - Marking task as UP_FOR_RETRY. dag_id=news_pipeline, task_id=add_postgre, run_id=scheduled__2025-09-05T01:00:00+00:00, execution_date=20250905T010000, start_date=20250906T030013, end_date=20250906T030014
[2025-09-06T03:00:14.490+0000] {standard_task_runner.py:110} ERROR - Failed to execute job 124794 for task add_postgre (No objects to concatenate; 109484)
[2025-09-06T03:00:14.552+0000] {local_task_job_runner.py:240} INFO - Task exited with return code 1
[2025-09-06T03:00:14.568+0000] {local_task_job_runner.py:222} INFO - ::endgroup::
