[2025-09-06T07:31:19.562+0000] {local_task_job_runner.py:120} INFO - ::group::Pre task execution logs
[2025-09-06T07:31:19.601+0000] {taskinstance.py:2076} INFO - Dependencies all met for dep_context=non-requeueable deps ti=<TaskInstance: news_pipeline.add_postgre scheduled__2025-09-05T01:00:00+00:00 [queued]>
[2025-09-06T07:31:19.618+0000] {taskinstance.py:2076} INFO - Dependencies all met for dep_context=requeueable deps ti=<TaskInstance: news_pipeline.add_postgre scheduled__2025-09-05T01:00:00+00:00 [queued]>
[2025-09-06T07:31:19.618+0000] {taskinstance.py:2306} INFO - Starting attempt 8 of 18
[2025-09-06T07:31:19.637+0000] {taskinstance.py:2330} INFO - Executing <Task(PythonOperator): add_postgre> on 2025-09-05 01:00:00+00:00
[2025-09-06T07:31:19.648+0000] {standard_task_runner.py:63} INFO - Started process 142555 to run task
[2025-09-06T07:31:19.653+0000] {standard_task_runner.py:90} INFO - Running: ['***', 'tasks', 'run', 'news_pipeline', 'add_postgre', 'scheduled__2025-09-05T01:00:00+00:00', '--job-id', '127784', '--raw', '--subdir', 'DAGS_FOLDER/dag_news.py', '--cfg-path', '/tmp/tmppn7iu8v0']
[2025-09-06T07:31:19.656+0000] {standard_task_runner.py:91} INFO - Job 127784: Subtask add_postgre
[2025-09-06T07:31:19.711+0000] {task_command.py:426} INFO - Running <TaskInstance: news_pipeline.add_postgre scheduled__2025-09-05T01:00:00+00:00 [running]> on host d4d2fe648a81
[2025-09-06T07:31:19.800+0000] {taskinstance.py:2648} INFO - Exporting env vars: AIRFLOW_CTX_DAG_OWNER='***' AIRFLOW_CTX_DAG_ID='news_pipeline' AIRFLOW_CTX_TASK_ID='add_postgre' AIRFLOW_CTX_EXECUTION_DATE='2025-09-05T01:00:00+00:00' AIRFLOW_CTX_TRY_NUMBER='8' AIRFLOW_CTX_DAG_RUN_ID='scheduled__2025-09-05T01:00:00+00:00'
[2025-09-06T07:31:19.801+0000] {taskinstance.py:430} INFO - ::endgroup::
[2025-09-06T07:31:19.818+0000] {logger.py:11} INFO - ====== WebDriver manager ======
[2025-09-06T07:31:19.819+0000] {logger.py:11} INFO - ====== WebDriver manager ======
[2025-09-06T07:31:19.956+0000] {logger.py:11} INFO - Get LATEST chromedriver version for google-chrome
[2025-09-06T07:31:19.960+0000] {logger.py:11} INFO - Get LATEST chromedriver version for google-chrome
[2025-09-06T07:31:20.240+0000] {logger.py:11} INFO - Get LATEST chromedriver version for google-chrome
[2025-09-06T07:31:20.249+0000] {logger.py:11} INFO - Get LATEST chromedriver version for google-chrome
[2025-09-06T07:31:20.497+0000] {logger.py:11} INFO - Driver [/home/***/.wdm/drivers/chromedriver/linux64/140.0.7339.80/chromedriver-linux64/chromedriver] found in cache
[2025-09-06T07:31:20.551+0000] {logger.py:11} INFO - Driver [/home/***/.wdm/drivers/chromedriver/linux64/140.0.7339.80/chromedriver-linux64/chromedriver] found in cache
[2025-09-06T07:31:20.654+0000] {logging_mixin.py:188} INFO - Error in vietstock: ChromeDriverManager.__init__() got an unexpected keyword argument 'cache_valid_range'
[2025-09-06T07:31:20.654+0000] {logging_mixin.py:188} INFO - Error in tinnhanh: Message: session not created
from disconnected: unable to connect to renderer; For documentation on this error, please visit: https://www.selenium.dev/documentation/webdriver/troubleshooting/errors#sessionnotcreatedexception
Stacktrace:
#0 0x55a93803694a <unknown>
#1 0x55a937aab8a0 <unknown>
#2 0x55a937aebb8e <unknown>
#3 0x55a937ae7775 <unknown>
#4 0x55a937ae1288 <unknown>
#5 0x55a937b31386 <unknown>
#6 0x55a937b30a56 <unknown>
#7 0x55a937b22e03 <unknown>
#8 0x55a937aef968 <unknown>
#9 0x55a937af05e1 <unknown>
#10 0x55a937ffa548 <unknown>
#11 0x55a937ffe272 <unknown>
#12 0x55a937fe1313 <unknown>
#13 0x55a937ffedc5 <unknown>
#14 0x55a937fc649f <unknown>
#15 0x55a938023158 <unknown>
#16 0x55a938023332 <unknown>
#17 0x55a938035a53 <unknown>
#18 0x7f03baa41134 <unknown>
[2025-09-06T07:31:20.655+0000] {logging_mixin.py:188} INFO - Error in cafef: Message: session not created
from disconnected: unable to connect to renderer; For documentation on this error, please visit: https://www.selenium.dev/documentation/webdriver/troubleshooting/errors#sessionnotcreatedexception
Stacktrace:
#0 0x55a98053094a <unknown>
#1 0x55a97ffa58a0 <unknown>
#2 0x55a97ffe5b8e <unknown>
#3 0x55a97ffe1775 <unknown>
#4 0x55a97ffdb288 <unknown>
#5 0x55a98002b386 <unknown>
#6 0x55a98002aa56 <unknown>
#7 0x55a98001ce03 <unknown>
#8 0x55a97ffe9968 <unknown>
#9 0x55a97ffea5e1 <unknown>
#10 0x55a9804f4548 <unknown>
#11 0x55a9804f8272 <unknown>
#12 0x55a9804db313 <unknown>
#13 0x55a9804f8dc5 <unknown>
#14 0x55a9804c049f <unknown>
#15 0x55a98051d158 <unknown>
#16 0x55a98051d332 <unknown>
#17 0x55a98052fa53 <unknown>
#18 0x7f8b23640134 <unknown>
[2025-09-06T07:31:20.656+0000] {add_postgre.py:48} ERROR - ❌ Lỗi trong add_postgres: No objects to concatenate
[2025-09-06T07:31:20.656+0000] {taskinstance.py:441} INFO - ::group::Post task execution logs
[2025-09-06T07:31:20.656+0000] {taskinstance.py:2905} ERROR - Task failed with exception
Traceback (most recent call last):
  File "/home/airflow/.local/lib/python3.10/site-packages/airflow/models/taskinstance.py", line 465, in _execute_task
    result = _execute_callable(context=context, **execute_callable_kwargs)
  File "/home/airflow/.local/lib/python3.10/site-packages/airflow/models/taskinstance.py", line 432, in _execute_callable
    return execute_callable(context=context, **execute_callable_kwargs)
  File "/home/airflow/.local/lib/python3.10/site-packages/airflow/models/baseoperator.py", line 400, in wrapper
    return func(self, *args, **kwargs)
  File "/home/airflow/.local/lib/python3.10/site-packages/airflow/operators/python.py", line 235, in execute
    return_value = self.execute_callable()
  File "/home/airflow/.local/lib/python3.10/site-packages/airflow/operators/python.py", line 252, in execute_callable
    return self.python_callable(*self.op_args, **self.op_kwargs)
  File "/opt/airflow/dags/utils/new_pipeline/add_postgre.py", line 15, in add_postgres
    df=tintuc()
  File "/opt/airflow/dags/utils/new_pipeline/merge.py", line 31, in tintuc
    return asyncio.run(tintuc_async())
  File "/usr/local/lib/python3.10/asyncio/runners.py", line 44, in run
    return loop.run_until_complete(main)
  File "/usr/local/lib/python3.10/asyncio/base_events.py", line 649, in run_until_complete
    return future.result()
  File "/opt/airflow/dags/utils/new_pipeline/merge.py", line 26, in tintuc_async
    df_all = pd.concat(results, ignore_index=True)
  File "/home/airflow/.local/lib/python3.10/site-packages/pandas/core/reshape/concat.py", line 380, in concat
    op = _Concatenator(
  File "/home/airflow/.local/lib/python3.10/site-packages/pandas/core/reshape/concat.py", line 443, in __init__
    objs, keys = self._clean_keys_and_objs(objs, keys)
  File "/home/airflow/.local/lib/python3.10/site-packages/pandas/core/reshape/concat.py", line 505, in _clean_keys_and_objs
    raise ValueError("No objects to concatenate")
ValueError: No objects to concatenate
[2025-09-06T07:31:20.668+0000] {taskinstance.py:1206} INFO - Marking task as UP_FOR_RETRY. dag_id=news_pipeline, task_id=add_postgre, run_id=scheduled__2025-09-05T01:00:00+00:00, execution_date=20250905T010000, start_date=20250906T073119, end_date=20250906T073120
[2025-09-06T07:31:20.682+0000] {standard_task_runner.py:110} ERROR - Failed to execute job 127784 for task add_postgre (No objects to concatenate; 142555)
[2025-09-06T07:31:20.708+0000] {local_task_job_runner.py:240} INFO - Task exited with return code 1
[2025-09-06T07:31:20.736+0000] {taskinstance.py:3498} INFO - 0 downstream tasks scheduled from follow-on schedule check
[2025-09-06T07:31:20.737+0000] {local_task_job_runner.py:222} INFO - ::endgroup::
