[2025-09-06T08:06:39.713+0000] {local_task_job_runner.py:120} INFO - ::group::Pre task execution logs
[2025-09-06T08:06:39.734+0000] {taskinstance.py:2076} INFO - Dependencies all met for dep_context=non-requeueable deps ti=<TaskInstance: news_pipeline.add_postgre scheduled__2025-09-05T01:00:00+00:00 [queued]>
[2025-09-06T08:06:39.741+0000] {taskinstance.py:2076} INFO - Dependencies all met for dep_context=requeueable deps ti=<TaskInstance: news_pipeline.add_postgre scheduled__2025-09-05T01:00:00+00:00 [queued]>
[2025-09-06T08:06:39.741+0000] {taskinstance.py:2306} INFO - Starting attempt 12 of 22
[2025-09-06T08:06:39.751+0000] {taskinstance.py:2330} INFO - Executing <Task(PythonOperator): add_postgre> on 2025-09-05 01:00:00+00:00
[2025-09-06T08:06:39.759+0000] {standard_task_runner.py:63} INFO - Started process 350 to run task
[2025-09-06T08:06:39.764+0000] {standard_task_runner.py:90} INFO - Running: ['***', 'tasks', 'run', 'news_pipeline', 'add_postgre', 'scheduled__2025-09-05T01:00:00+00:00', '--job-id', '128178', '--raw', '--subdir', 'DAGS_FOLDER/dag_news.py', '--cfg-path', '/tmp/tmplh1oqevi']
[2025-09-06T08:06:39.768+0000] {standard_task_runner.py:91} INFO - Job 128178: Subtask add_postgre
[2025-09-06T08:06:39.818+0000] {task_command.py:426} INFO - Running <TaskInstance: news_pipeline.add_postgre scheduled__2025-09-05T01:00:00+00:00 [running]> on host c941e39aca90
[2025-09-06T08:06:39.897+0000] {taskinstance.py:2648} INFO - Exporting env vars: AIRFLOW_CTX_DAG_OWNER='***' AIRFLOW_CTX_DAG_ID='news_pipeline' AIRFLOW_CTX_TASK_ID='add_postgre' AIRFLOW_CTX_EXECUTION_DATE='2025-09-05T01:00:00+00:00' AIRFLOW_CTX_TRY_NUMBER='12' AIRFLOW_CTX_DAG_RUN_ID='scheduled__2025-09-05T01:00:00+00:00'
[2025-09-06T08:06:39.898+0000] {taskinstance.py:430} INFO - ::endgroup::
[2025-09-06T08:06:39.916+0000] {logging_mixin.py:188} INFO - Error in vietstock: Message: Unable to obtain driver for chrome; For documentation on this error, please visit: https://www.selenium.dev/documentation/webdriver/troubleshooting/errors/driver_location
[2025-09-06T08:06:39.916+0000] {logging_mixin.py:188} INFO - Error in tinnhanh: Message: Unable to obtain driver for chrome; For documentation on this error, please visit: https://www.selenium.dev/documentation/webdriver/troubleshooting/errors/driver_location
[2025-09-06T08:06:39.917+0000] {logging_mixin.py:188} INFO - Error in cafef: Message: Unable to obtain driver for chrome; For documentation on this error, please visit: https://www.selenium.dev/documentation/webdriver/troubleshooting/errors/driver_location
[2025-09-06T08:06:39.917+0000] {add_postgre.py:48} ERROR - ❌ Lỗi trong add_postgres: No objects to concatenate
[2025-09-06T08:06:39.917+0000] {taskinstance.py:441} INFO - ::group::Post task execution logs
[2025-09-06T08:06:39.918+0000] {taskinstance.py:2905} ERROR - Task failed with exception
Traceback (most recent call last):
  File "/home/airflow/.local/lib/python3.10/site-packages/airflow/models/taskinstance.py", line 465, in _execute_task
    result = _execute_callable(context=context, **execute_callable_kwargs)
  File "/home/airflow/.local/lib/python3.10/site-packages/airflow/models/taskinstance.py", line 432, in _execute_callable
    return execute_callable(context=context, **execute_callable_kwargs)
  File "/home/airflow/.local/lib/python3.10/site-packages/airflow/models/baseoperator.py", line 400, in wrapper
    return func(self, *args, **kwargs)
  File "/home/airflow/.local/lib/python3.10/site-packages/airflow/operators/python.py", line 235, in execute
    return_value = self.execute_callable()
  File "/home/airflow/.local/lib/python3.10/site-packages/airflow/operators/python.py", line 252, in execute_callable
    return self.python_callable(*self.op_args, **self.op_kwargs)
  File "/opt/airflow/dags/utils/new_pipeline/add_postgre.py", line 15, in add_postgres
    df=tintuc()
  File "/opt/airflow/dags/utils/new_pipeline/merge.py", line 31, in tintuc
    return asyncio.run(tintuc_async())
  File "/usr/local/lib/python3.10/asyncio/runners.py", line 44, in run
    return loop.run_until_complete(main)
  File "/usr/local/lib/python3.10/asyncio/base_events.py", line 649, in run_until_complete
    return future.result()
  File "/opt/airflow/dags/utils/new_pipeline/merge.py", line 26, in tintuc_async
    df_all = pd.concat(results, ignore_index=True)
  File "/home/airflow/.local/lib/python3.10/site-packages/pandas/core/reshape/concat.py", line 380, in concat
    op = _Concatenator(
  File "/home/airflow/.local/lib/python3.10/site-packages/pandas/core/reshape/concat.py", line 443, in __init__
    objs, keys = self._clean_keys_and_objs(objs, keys)
  File "/home/airflow/.local/lib/python3.10/site-packages/pandas/core/reshape/concat.py", line 505, in _clean_keys_and_objs
    raise ValueError("No objects to concatenate")
ValueError: No objects to concatenate
[2025-09-06T08:06:39.927+0000] {taskinstance.py:1206} INFO - Marking task as UP_FOR_RETRY. dag_id=news_pipeline, task_id=add_postgre, run_id=scheduled__2025-09-05T01:00:00+00:00, execution_date=20250905T010000, start_date=20250906T080639, end_date=20250906T080639
[2025-09-06T08:06:39.936+0000] {standard_task_runner.py:110} ERROR - Failed to execute job 128178 for task add_postgre (No objects to concatenate; 350)
[2025-09-06T08:06:39.974+0000] {local_task_job_runner.py:240} INFO - Task exited with return code 1
[2025-09-06T08:06:40.018+0000] {taskinstance.py:3498} INFO - 0 downstream tasks scheduled from follow-on schedule check
[2025-09-06T08:06:40.019+0000] {local_task_job_runner.py:222} INFO - ::endgroup::
