[2025-09-06T05:00:18.501+0000] {local_task_job_runner.py:120} INFO - ::group::Pre task execution logs
[2025-09-06T05:00:18.524+0000] {taskinstance.py:2076} INFO - Dependencies all met for dep_context=non-requeueable deps ti=<TaskInstance: news_pipeline.add_postgre scheduled__2025-09-05T01:00:00+00:00 [queued]>
[2025-09-06T05:00:18.533+0000] {taskinstance.py:2076} INFO - Dependencies all met for dep_context=requeueable deps ti=<TaskInstance: news_pipeline.add_postgre scheduled__2025-09-05T01:00:00+00:00 [queued]>
[2025-09-06T05:00:18.533+0000] {taskinstance.py:2306} INFO - Starting attempt 5 of 11
[2025-09-06T05:00:18.544+0000] {taskinstance.py:2330} INFO - Executing <Task(PythonOperator): add_postgre> on 2025-09-05 01:00:00+00:00
[2025-09-06T05:00:18.553+0000] {standard_task_runner.py:63} INFO - Started process 124107 to run task
[2025-09-06T05:00:18.558+0000] {standard_task_runner.py:90} INFO - Running: ['***', 'tasks', 'run', 'news_pipeline', 'add_postgre', 'scheduled__2025-09-05T01:00:00+00:00', '--job-id', '126118', '--raw', '--subdir', 'DAGS_FOLDER/dag_news.py', '--cfg-path', '/tmp/tmpbo7ixxma']
[2025-09-06T05:00:18.561+0000] {standard_task_runner.py:91} INFO - Job 126118: Subtask add_postgre
[2025-09-06T05:00:18.618+0000] {task_command.py:426} INFO - Running <TaskInstance: news_pipeline.add_postgre scheduled__2025-09-05T01:00:00+00:00 [running]> on host d4d2fe648a81
[2025-09-06T05:00:18.705+0000] {taskinstance.py:2648} INFO - Exporting env vars: AIRFLOW_CTX_DAG_OWNER='***' AIRFLOW_CTX_DAG_ID='news_pipeline' AIRFLOW_CTX_TASK_ID='add_postgre' AIRFLOW_CTX_EXECUTION_DATE='2025-09-05T01:00:00+00:00' AIRFLOW_CTX_TRY_NUMBER='5' AIRFLOW_CTX_DAG_RUN_ID='scheduled__2025-09-05T01:00:00+00:00'
[2025-09-06T05:00:18.706+0000] {taskinstance.py:430} INFO - ::endgroup::
[2025-09-06T05:00:18.721+0000] {logger.py:11} INFO - ====== WebDriver manager ======
[2025-09-06T05:00:18.722+0000] {logger.py:11} INFO - ====== WebDriver manager ======
[2025-09-06T05:00:18.723+0000] {logger.py:11} INFO - ====== WebDriver manager ======
[2025-09-06T05:00:18.861+0000] {logger.py:11} INFO - Get LATEST chromedriver version for google-chrome
[2025-09-06T05:00:18.861+0000] {logger.py:11} INFO - Get LATEST chromedriver version for google-chrome
[2025-09-06T05:00:18.866+0000] {logger.py:11} INFO - Get LATEST chromedriver version for google-chrome
[2025-09-06T05:00:19.224+0000] {logger.py:11} INFO - Get LATEST chromedriver version for google-chrome
[2025-09-06T05:00:19.245+0000] {logger.py:11} INFO - Get LATEST chromedriver version for google-chrome
[2025-09-06T05:00:19.344+0000] {logger.py:11} INFO - Get LATEST chromedriver version for google-chrome
[2025-09-06T05:00:19.508+0000] {logger.py:11} INFO - Driver [/home/***/.wdm/drivers/chromedriver/linux64/140.0.7339.80/chromedriver-linux64/chromedriver] found in cache
[2025-09-06T05:00:19.570+0000] {logger.py:11} INFO - Driver [/home/***/.wdm/drivers/chromedriver/linux64/140.0.7339.80/chromedriver-linux64/chromedriver] found in cache
[2025-09-06T05:00:19.633+0000] {logger.py:11} INFO - Driver [/home/***/.wdm/drivers/chromedriver/linux64/140.0.7339.80/chromedriver-linux64/chromedriver] found in cache
[2025-09-06T05:00:19.737+0000] {logging_mixin.py:188} INFO - Error in vietstock: Message: session not created
from disconnected: unable to connect to renderer; For documentation on this error, please visit: https://www.selenium.dev/documentation/webdriver/troubleshooting/errors#sessionnotcreatedexception
Stacktrace:
#0 0x56512b92b94a <unknown>
#1 0x56512b3a08a0 <unknown>
#2 0x56512b3e0b8e <unknown>
#3 0x56512b3dc775 <unknown>
#4 0x56512b3d6288 <unknown>
#5 0x56512b426386 <unknown>
#6 0x56512b425a56 <unknown>
#7 0x56512b417e03 <unknown>
#8 0x56512b3e4968 <unknown>
#9 0x56512b3e55e1 <unknown>
#10 0x56512b8ef548 <unknown>
#11 0x56512b8f3272 <unknown>
#12 0x56512b8d6313 <unknown>
#13 0x56512b8f3dc5 <unknown>
#14 0x56512b8bb49f <unknown>
#15 0x56512b918158 <unknown>
#16 0x56512b918332 <unknown>
#17 0x56512b92aa53 <unknown>
#18 0x7f13659ec134 <unknown>
[2025-09-06T05:00:19.737+0000] {logging_mixin.py:188} INFO - Error in tinnhanh: Message: session not created
from disconnected: unable to connect to renderer; For documentation on this error, please visit: https://www.selenium.dev/documentation/webdriver/troubleshooting/errors#sessionnotcreatedexception
Stacktrace:
#0 0x561f36d8194a <unknown>
#1 0x561f367f68a0 <unknown>
#2 0x561f36836b8e <unknown>
#3 0x561f36832775 <unknown>
#4 0x561f3682c288 <unknown>
#5 0x561f3687c386 <unknown>
#6 0x561f3687ba56 <unknown>
#7 0x561f3686de03 <unknown>
#8 0x561f3683a968 <unknown>
#9 0x561f3683b5e1 <unknown>
#10 0x561f36d45548 <unknown>
#11 0x561f36d49272 <unknown>
#12 0x561f36d2c313 <unknown>
#13 0x561f36d49dc5 <unknown>
#14 0x561f36d1149f <unknown>
#15 0x561f36d6e158 <unknown>
#16 0x561f36d6e332 <unknown>
#17 0x561f36d80a53 <unknown>
#18 0x7fb879f24134 <unknown>
[2025-09-06T05:00:19.738+0000] {logging_mixin.py:188} INFO - Error in cafef: Message: session not created
from disconnected: unable to connect to renderer; For documentation on this error, please visit: https://www.selenium.dev/documentation/webdriver/troubleshooting/errors#sessionnotcreatedexception
Stacktrace:
#0 0x5621d2fde94a <unknown>
#1 0x5621d2a538a0 <unknown>
#2 0x5621d2a93b8e <unknown>
#3 0x5621d2a8f775 <unknown>
#4 0x5621d2a89288 <unknown>
#5 0x5621d2ad9386 <unknown>
#6 0x5621d2ad8a56 <unknown>
#7 0x5621d2acae03 <unknown>
#8 0x5621d2a97968 <unknown>
#9 0x5621d2a985e1 <unknown>
#10 0x5621d2fa2548 <unknown>
#11 0x5621d2fa6272 <unknown>
#12 0x5621d2f89313 <unknown>
#13 0x5621d2fa6dc5 <unknown>
#14 0x5621d2f6e49f <unknown>
#15 0x5621d2fcb158 <unknown>
#16 0x5621d2fcb332 <unknown>
#17 0x5621d2fdda53 <unknown>
#18 0x7ffbfca6b134 <unknown>
[2025-09-06T05:00:19.739+0000] {add_postgre.py:48} ERROR - ❌ Lỗi trong add_postgres: No objects to concatenate
[2025-09-06T05:00:19.740+0000] {taskinstance.py:441} INFO - ::group::Post task execution logs
[2025-09-06T05:00:19.740+0000] {taskinstance.py:2905} ERROR - Task failed with exception
Traceback (most recent call last):
  File "/home/airflow/.local/lib/python3.10/site-packages/airflow/models/taskinstance.py", line 465, in _execute_task
    result = _execute_callable(context=context, **execute_callable_kwargs)
  File "/home/airflow/.local/lib/python3.10/site-packages/airflow/models/taskinstance.py", line 432, in _execute_callable
    return execute_callable(context=context, **execute_callable_kwargs)
  File "/home/airflow/.local/lib/python3.10/site-packages/airflow/models/baseoperator.py", line 400, in wrapper
    return func(self, *args, **kwargs)
  File "/home/airflow/.local/lib/python3.10/site-packages/airflow/operators/python.py", line 235, in execute
    return_value = self.execute_callable()
  File "/home/airflow/.local/lib/python3.10/site-packages/airflow/operators/python.py", line 252, in execute_callable
    return self.python_callable(*self.op_args, **self.op_kwargs)
  File "/opt/airflow/dags/utils/new_pipeline/add_postgre.py", line 15, in add_postgres
    df=tintuc()
  File "/opt/airflow/dags/utils/new_pipeline/merge.py", line 31, in tintuc
    return asyncio.run(tintuc_async())
  File "/usr/local/lib/python3.10/asyncio/runners.py", line 44, in run
    return loop.run_until_complete(main)
  File "/usr/local/lib/python3.10/asyncio/base_events.py", line 649, in run_until_complete
    return future.result()
  File "/opt/airflow/dags/utils/new_pipeline/merge.py", line 26, in tintuc_async
    df_all = pd.concat(results, ignore_index=True)
  File "/home/airflow/.local/lib/python3.10/site-packages/pandas/core/reshape/concat.py", line 380, in concat
    op = _Concatenator(
  File "/home/airflow/.local/lib/python3.10/site-packages/pandas/core/reshape/concat.py", line 443, in __init__
    objs, keys = self._clean_keys_and_objs(objs, keys)
  File "/home/airflow/.local/lib/python3.10/site-packages/pandas/core/reshape/concat.py", line 505, in _clean_keys_and_objs
    raise ValueError("No objects to concatenate")
ValueError: No objects to concatenate
[2025-09-06T05:00:19.757+0000] {taskinstance.py:1206} INFO - Marking task as UP_FOR_RETRY. dag_id=news_pipeline, task_id=add_postgre, run_id=scheduled__2025-09-05T01:00:00+00:00, execution_date=20250905T010000, start_date=20250906T050018, end_date=20250906T050019
[2025-09-06T05:00:19.778+0000] {standard_task_runner.py:110} ERROR - Failed to execute job 126118 for task add_postgre (No objects to concatenate; 124107)
[2025-09-06T05:00:19.813+0000] {local_task_job_runner.py:240} INFO - Task exited with return code 1
[2025-09-06T05:00:19.858+0000] {taskinstance.py:3498} INFO - 0 downstream tasks scheduled from follow-on schedule check
[2025-09-06T05:00:19.859+0000] {local_task_job_runner.py:222} INFO - ::endgroup::
