[2025-08-19T05:04:57.230+0000] {local_task_job_runner.py:120} INFO - ::group::Pre task execution logs
[2025-08-19T05:04:57.261+0000] {taskinstance.py:2076} INFO - Dependencies all met for dep_context=non-requeueable deps ti=<TaskInstance: crypto_collector_dag.run_crypto_collector scheduled__2025-08-19T05:03:00+00:00 [queued]>
[2025-08-19T05:04:57.273+0000] {taskinstance.py:2076} INFO - Dependencies all met for dep_context=requeueable deps ti=<TaskInstance: crypto_collector_dag.run_crypto_collector scheduled__2025-08-19T05:03:00+00:00 [queued]>
[2025-08-19T05:04:57.273+0000] {taskinstance.py:2306} INFO - Starting attempt 1 of 2
[2025-08-19T05:04:57.288+0000] {taskinstance.py:2330} INFO - Executing <Task(BashOperator): run_crypto_collector> on 2025-08-19 05:03:00+00:00
[2025-08-19T05:04:57.295+0000] {standard_task_runner.py:63} INFO - Started process 252061 to run task
[2025-08-19T05:04:57.299+0000] {standard_task_runner.py:90} INFO - Running: ['***', 'tasks', 'run', 'crypto_collector_dag', 'run_crypto_collector', 'scheduled__2025-08-19T05:03:00+00:00', '--job-id', '10605', '--raw', '--subdir', 'DAGS_FOLDER/crawl_crypto/dags_crypto.py', '--cfg-path', '/tmp/tmp3yabnv85']
[2025-08-19T05:04:57.300+0000] {standard_task_runner.py:91} INFO - Job 10605: Subtask run_crypto_collector
[2025-08-19T05:04:57.357+0000] {task_command.py:426} INFO - Running <TaskInstance: crypto_collector_dag.run_crypto_collector scheduled__2025-08-19T05:03:00+00:00 [running]> on host 1877907bc043
[2025-08-19T05:04:57.461+0000] {taskinstance.py:2648} INFO - Exporting env vars: AIRFLOW_CTX_DAG_OWNER='***' AIRFLOW_CTX_DAG_ID='crypto_collector_dag' AIRFLOW_CTX_TASK_ID='run_crypto_collector' AIRFLOW_CTX_EXECUTION_DATE='2025-08-19T05:03:00+00:00' AIRFLOW_CTX_TRY_NUMBER='1' AIRFLOW_CTX_DAG_RUN_ID='scheduled__2025-08-19T05:03:00+00:00'
[2025-08-19T05:04:57.462+0000] {taskinstance.py:430} INFO - ::endgroup::
[2025-08-19T05:04:57.478+0000] {subprocess.py:63} INFO - Tmp dir root location: /tmp
[2025-08-19T05:04:57.478+0000] {subprocess.py:75} INFO - Running command: ['/usr/bin/bash', '-c', 'python3 /opt/***/dags/crawl_crypto/crawl_data_crypto.py']
[2025-08-19T05:04:57.490+0000] {subprocess.py:86} INFO - Output:
[2025-08-19T05:05:47.170+0000] {subprocess.py:93} INFO - 🔹 Kết nối DB...
[2025-08-19T05:05:47.170+0000] {subprocess.py:93} INFO - 🔹 Lấy top 100 crypto...
[2025-08-19T05:05:47.171+0000] {subprocess.py:93} INFO - Top 100: ['ETHUSDT', 'USDCUSDT', 'BTCUSDT', 'SOLUSDT', 'FDUSDUSDT', 'XRPUSDT', 'DOGEUSDT', 'LINKUSDT', 'ADAUSDT', 'PROVEUSDT', 'TRXUSDT', 'BNBUSDT', 'SUIUSDT', 'TOWNSUSDT', 'ENAUSDT', 'ARBUSDT', 'UNIUSDT', 'PEPEUSDT', 'AVAXUSDT', 'BIOUSDT', 'PENGUUSDT', 'SEIUSDT', 'PLUMEUSDT', 'POLUSDT', 'LTCUSDT', 'HBARUSDT', 'AEURUSDT', 'CRVUSDT', 'AAVEUSDT', 'BFUSDUSDT', 'NEARUSDT', 'BONKUSDT', 'WLDUSDT', 'SUSDT', 'TONUSDT', 'DOTUSDT', 'API3USDT', 'XLMUSDT', 'TRUMPUSDT', 'INJUSDT', 'WIFUSDT', 'MEMEUSDT', 'LDOUSDT', 'VIRTUALUSDT', 'APTUSDT', 'FLOKIUSDT', 'TAOUSDT', 'ONDOUSDT', 'ETHFIUSDT', 'SKLUSDT', 'PENDLEUSDT', 'OPUSDT', 'SHIBUSDT', 'EPICUSDT', 'EURUSDT', 'RAYUSDT', 'PNUTUSDT', 'NEIROUSDT', 'MAGICUSDT', 'FETUSDT', 'XUSDUSDT', 'ALGOUSDT', 'TIAUSDT', 'ALPINEUSDT', 'ETCUSDT', 'UTKUSDT', 'JUVUSDT', 'BCHUSDT', 'CFXUSDT', 'OGUSDT', 'EIGENUSDT', 'FILUSDT', 'GALAUSDT', 'RENDERUSDT', 'ASRUSDT', 'CAKEUSDT', 'MDTUSDT', 'PONDUSDT', 'SPKUSDT', 'BERAUSDT', 'VETUSDT', 'CTSIUSDT', 'ICPUSDT', 'WBTCUSDT', 'TSTUSDT', 'RUNEUSDT', 'MKRUSDT', 'MAVUSDT', 'ATOMUSDT', 'SYRUPUSDT', 'LAYERUSDT', 'ORDIUSDT', 'CYBERUSDT', 'PAXGUSDT', 'AIXBTUSDT', 'RESOLVUSDT', 'ENSUSDT', 'PORTOUSDT', 'WCTUSDT', 'STRKUSDT']
[2025-08-19T05:05:47.171+0000] {subprocess.py:93} INFO - 🔹 Lưu lịch sử giá vào DB bằng threading...
[2025-08-19T05:05:47.171+0000] {subprocess.py:93} INFO - ✅ XRPUSDT: thêm 3 dòng mới
[2025-08-19T05:05:47.171+0000] {subprocess.py:93} INFO - 1/100 XRPUSDT lưu OK
[2025-08-19T05:05:47.172+0000] {subprocess.py:93} INFO - ✅ TRXUSDT: thêm 3 dòng mới
[2025-08-19T05:05:47.172+0000] {subprocess.py:93} INFO - 2/100 TRXUSDT lưu OK
[2025-08-19T05:05:47.172+0000] {subprocess.py:93} INFO - ✅ BNBUSDT: thêm 3 dòng mới
[2025-08-19T05:05:47.172+0000] {subprocess.py:93} INFO - 3/100 BNBUSDT lưu OK
[2025-08-19T05:05:47.173+0000] {subprocess.py:93} INFO - ✅ SUIUSDT: thêm 3 dòng mới
[2025-08-19T05:05:47.173+0000] {subprocess.py:93} INFO - 4/100 SUIUSDT lưu OK
[2025-08-19T05:05:47.173+0000] {subprocess.py:93} INFO - ✅ TOWNSUSDT: thêm 3 dòng mới
[2025-08-19T05:05:47.173+0000] {subprocess.py:93} INFO - 5/100 TOWNSUSDT lưu OK
[2025-08-19T05:05:47.173+0000] {subprocess.py:93} INFO - ✅ ENAUSDT: thêm 3 dòng mới
[2025-08-19T05:05:47.174+0000] {subprocess.py:93} INFO - 6/100 ENAUSDT lưu OK
[2025-08-19T05:05:47.174+0000] {subprocess.py:93} INFO - ✅ ARBUSDT: thêm 3 dòng mới
[2025-08-19T05:05:47.174+0000] {subprocess.py:93} INFO - 7/100 ARBUSDT lưu OK
[2025-08-19T05:05:47.174+0000] {subprocess.py:93} INFO - ✅ UNIUSDT: thêm 3 dòng mới
[2025-08-19T05:05:47.175+0000] {subprocess.py:93} INFO - 8/100 UNIUSDT lưu OK
[2025-08-19T05:05:47.175+0000] {subprocess.py:93} INFO - ⚠️ DOGEUSDT lỗi lần 1/3: HTTPSConnectionPool(host='api.binance.com', port=443): Max retries exceeded with url: /api/v3/klines?symbol=DOGEUSDT&interval=1m&limit=100 (Caused by ConnectTimeoutError(<urllib3.connection.HTTPSConnection object at 0x7fef2eabba90>, 'Connection to api.binance.com timed out. (connect timeout=15)'))
[2025-08-19T05:05:47.175+0000] {subprocess.py:93} INFO - ⚠️ SOLUSDT lỗi lần 1/3: HTTPSConnectionPool(host='api.binance.com', port=443): Max retries exceeded with url: /api/v3/klines?symbol=SOLUSDT&interval=1m&limit=100 (Caused by ConnectTimeoutError(<urllib3.connection.HTTPSConnection object at 0x7fef2eaed210>, 'Connection to api.binance.com timed out. (connect timeout=15)'))
[2025-08-19T05:05:47.175+0000] {subprocess.py:93} INFO - ⚠️ ADAUSDT lỗi lần 1/3: HTTPSConnectionPool(host='api.binance.com', port=443): Max retries exceeded with url: /api/v3/klines?symbol=ADAUSDT&interval=1m&limit=100 (Caused by ConnectTimeoutError(<urllib3.connection.HTTPSConnection object at 0x7fef2eab91b0>, 'Connection to api.binance.com timed out. (connect timeout=15)'))
[2025-08-19T05:05:47.176+0000] {subprocess.py:93} INFO - ⚠️ LINKUSDT lỗi lần 1/3: HTTPSConnectionPool(host='api.binance.com', port=443): Max retries exceeded with url: /api/v3/klines?symbol=LINKUSDT&interval=1m&limit=100 (Caused by ConnectTimeoutError(<urllib3.connection.HTTPSConnection object at 0x7fef2eabaaa0>, 'Connection to api.binance.com timed out. (connect timeout=15)'))
[2025-08-19T05:05:47.176+0000] {subprocess.py:93} INFO - ⚠️ FDUSDUSDT lỗi lần 1/3: HTTPSConnectionPool(host='api.binance.com', port=443): Max retries exceeded with url: /api/v3/klines?symbol=FDUSDUSDT&interval=1m&limit=100 (Caused by ConnectTimeoutError(<urllib3.connection.HTTPSConnection object at 0x7fef2eab9b70>, 'Connection to api.binance.com timed out. (connect timeout=15)'))
[2025-08-19T05:05:47.176+0000] {subprocess.py:93} INFO - ⚠️ PROVEUSDT lỗi lần 1/3: HTTPSConnectionPool(host='api.binance.com', port=443): Max retries exceeded with url: /api/v3/klines?symbol=PROVEUSDT&interval=1m&limit=100 (Caused by ConnectTimeoutError(<urllib3.connection.HTTPSConnection object at 0x7fef2eae5d50>, 'Connection to api.binance.com timed out. (connect timeout=15)'))
[2025-08-19T05:05:47.176+0000] {subprocess.py:93} INFO - ⚠️ ETHUSDT lỗi lần 1/3: HTTPSConnectionPool(host='api.binance.com', port=443): Max retries exceeded with url: /api/v3/klines?symbol=ETHUSDT&interval=1m&limit=100 (Caused by ConnectTimeoutError(<urllib3.connection.HTTPSConnection object at 0x7fef2eaee9b0>, 'Connection to api.binance.com timed out. (connect timeout=15)'))
[2025-08-19T05:05:47.177+0000] {subprocess.py:93} INFO - ⚠️ BTCUSDT lỗi lần 1/3: HTTPSConnectionPool(host='api.binance.com', port=443): Max retries exceeded with url: /api/v3/klines?symbol=BTCUSDT&interval=1m&limit=100 (Caused by ConnectTimeoutError(<urllib3.connection.HTTPSConnection object at 0x7fef2eaede10>, 'Connection to api.binance.com timed out. (connect timeout=15)'))
[2025-08-19T05:05:47.177+0000] {subprocess.py:93} INFO - ⚠️ USDCUSDT lỗi lần 1/3: HTTPSConnectionPool(host='api.binance.com', port=443): Max retries exceeded with url: /api/v3/klines?symbol=USDCUSDT&interval=1m&limit=100 (Caused by ConnectTimeoutError(<urllib3.connection.HTTPSConnection object at 0x7fef2eaeee30>, 'Connection to api.binance.com timed out. (connect timeout=15)'))
[2025-08-19T05:05:47.177+0000] {subprocess.py:93} INFO - ✅ PEPEUSDT: thêm 3 dòng mới
[2025-08-19T05:05:47.177+0000] {subprocess.py:93} INFO - 9/100 PEPEUSDT lưu OK
[2025-08-19T05:05:47.177+0000] {subprocess.py:93} INFO - ⚠️ DOGEUSDT lỗi lần 2/3: HTTPSConnectionPool(host='api.binance.com', port=443): Max retries exceeded with url: /api/v3/klines?symbol=DOGEUSDT&interval=1m&limit=100 (Caused by ConnectTimeoutError(<urllib3.connection.HTTPSConnection object at 0x7fef2eae5ed0>, 'Connection to api.binance.com timed out. (connect timeout=15)'))
[2025-08-19T05:05:47.178+0000] {subprocess.py:93} INFO - ⚠️ BTCUSDT lỗi lần 2/3: HTTPSConnectionPool(host='api.binance.com', port=443): Max retries exceeded with url: /api/v3/klines?symbol=BTCUSDT&interval=1m&limit=100 (Caused by ConnectTimeoutError(<urllib3.connection.HTTPSConnection object at 0x7fef2d756740>, 'Connection to api.binance.com timed out. (connect timeout=15)'))
[2025-08-19T05:05:47.178+0000] {subprocess.py:93} INFO - ⚠️ PROVEUSDT lỗi lần 2/3: HTTPSConnectionPool(host='api.binance.com', port=443): Max retries exceeded with url: /api/v3/klines?symbol=PROVEUSDT&interval=1m&limit=100 (Caused by ConnectTimeoutError(<urllib3.connection.HTTPSConnection object at 0x7fef2d7556c0>, 'Connection to api.binance.com timed out. (connect timeout=15)'))
[2025-08-19T05:05:47.178+0000] {subprocess.py:93} INFO - ⚠️ ETHUSDT lỗi lần 2/3: HTTPSConnectionPool(host='api.binance.com', port=443): Max retries exceeded with url: /api/v3/klines?symbol=ETHUSDT&interval=1m&limit=100 (Caused by ConnectTimeoutError(<urllib3.connection.HTTPSConnection object at 0x7fef2d755f90>, 'Connection to api.binance.com timed out. (connect timeout=15)'))
[2025-08-19T05:05:47.178+0000] {subprocess.py:93} INFO - ⚠️ ADAUSDT lỗi lần 2/3: HTTPSConnectionPool(host='api.binance.com', port=443): Max retries exceeded with url: /api/v3/klines?symbol=ADAUSDT&interval=1m&limit=100 (Caused by ConnectTimeoutError(<urllib3.connection.HTTPSConnection object at 0x7fef2d756fb0>, 'Connection to api.binance.com timed out. (connect timeout=15)'))
[2025-08-19T05:05:47.178+0000] {subprocess.py:93} INFO - ⚠️ SOLUSDT lỗi lần 2/3: HTTPSConnectionPool(host='api.binance.com', port=443): Max retries exceeded with url: /api/v3/klines?symbol=SOLUSDT&interval=1m&limit=100 (Caused by ConnectTimeoutError(<urllib3.connection.HTTPSConnection object at 0x7fef2eae7bb0>, 'Connection to api.binance.com timed out. (connect timeout=15)'))
[2025-08-19T05:05:47.179+0000] {subprocess.py:93} INFO - ⚠️ LINKUSDT lỗi lần 2/3: HTTPSConnectionPool(host='api.binance.com', port=443): Max retries exceeded with url: /api/v3/klines?symbol=LINKUSDT&interval=1m&limit=100 (Caused by ConnectTimeoutError(<urllib3.connection.HTTPSConnection object at 0x7fef2d754df0>, 'Connection to api.binance.com timed out. (connect timeout=15)'))
[2025-08-19T05:05:47.179+0000] {subprocess.py:93} INFO - ⚠️ FDUSDUSDT lỗi lần 2/3: HTTPSConnectionPool(host='api.binance.com', port=443): Max retries exceeded with url: /api/v3/klines?symbol=FDUSDUSDT&interval=1m&limit=100 (Caused by ConnectTimeoutError(<urllib3.connection.HTTPSConnection object at 0x7fef2d7572b0>, 'Connection to api.binance.com timed out. (connect timeout=15)'))
[2025-08-19T05:05:47.179+0000] {subprocess.py:93} INFO - ⚠️ USDCUSDT lỗi lần 2/3: HTTPSConnectionPool(host='api.binance.com', port=443): Max retries exceeded with url: /api/v3/klines?symbol=USDCUSDT&interval=1m&limit=100 (Caused by ConnectTimeoutError(<urllib3.connection.HTTPSConnection object at 0x7fef2d756920>, 'Connection to api.binance.com timed out. (connect timeout=15)'))
[2025-08-19T05:05:47.179+0000] {subprocess.py:93} INFO - ✅ LINKUSDT: thêm 3 dòng mới
[2025-08-19T05:05:47.179+0000] {subprocess.py:93} INFO - 10/100 LINKUSDT lưu OK
[2025-08-19T05:05:47.180+0000] {subprocess.py:93} INFO - ✅ PROVEUSDT: thêm 3 dòng mới
[2025-08-19T05:05:47.180+0000] {subprocess.py:93} INFO - 11/100 PROVEUSDT lưu OK
[2025-08-19T05:05:47.180+0000] {subprocess.py:93} INFO - 12/100 BIOUSDT lỗi: relation "cryptocurrency.biousdt" does not exist
[2025-08-19T05:05:47.180+0000] {subprocess.py:93} INFO - LINE 1: SELECT MAX(time) FROM cryptocurrency.biousdt;
[2025-08-19T05:05:47.180+0000] {subprocess.py:93} INFO -                               ^
[2025-08-19T05:05:47.181+0000] {subprocess.py:93} INFO - 
[2025-08-19T05:05:47.181+0000] {subprocess.py:93} INFO - ✅ PENGUUSDT: thêm 3 dòng mới
[2025-08-19T05:05:47.181+0000] {subprocess.py:93} INFO - 13/100 PENGUUSDT lưu OK
[2025-08-19T05:06:27.168+0000] {subprocess.py:93} INFO - 14/100 PLUMEUSDT lỗi: relation "cryptocurrency.plumeusdt" does not exist
[2025-08-19T05:06:27.169+0000] {subprocess.py:93} INFO - LINE 1: SELECT MAX(time) FROM cryptocurrency.plumeusdt;
[2025-08-19T05:06:27.169+0000] {subprocess.py:93} INFO -                               ^
[2025-08-19T05:06:27.169+0000] {subprocess.py:93} INFO - 
[2025-08-19T05:06:27.170+0000] {subprocess.py:93} INFO - ✅ SEIUSDT: thêm 3 dòng mới
[2025-08-19T05:06:27.170+0000] {subprocess.py:93} INFO - 15/100 SEIUSDT lưu OK
[2025-08-19T05:06:27.170+0000] {subprocess.py:93} INFO - ✅ LTCUSDT: thêm 3 dòng mới
[2025-08-19T05:06:27.170+0000] {subprocess.py:93} INFO - 16/100 LTCUSDT lưu OK
[2025-08-19T05:06:27.171+0000] {subprocess.py:93} INFO - ⚠️ DOGEUSDT lỗi lần 3/3: HTTPSConnectionPool(host='api.binance.com', port=443): Max retries exceeded with url: /api/v3/klines?symbol=DOGEUSDT&interval=1m&limit=100 (Caused by ConnectTimeoutError(<urllib3.connection.HTTPSConnection object at 0x7fef2d7573d0>, 'Connection to api.binance.com timed out. (connect timeout=15)'))
[2025-08-19T05:06:27.171+0000] {subprocess.py:93} INFO - ⚠️ SOLUSDT lỗi lần 3/3: HTTPSConnectionPool(host='api.binance.com', port=443): Max retries exceeded with url: /api/v3/klines?symbol=SOLUSDT&interval=1m&limit=100 (Caused by ConnectTimeoutError(<urllib3.connection.HTTPSConnection object at 0x7fef2d7570d0>, 'Connection to api.binance.com timed out. (connect timeout=15)'))
[2025-08-19T05:06:27.171+0000] {subprocess.py:93} INFO - ⚠️ ETHUSDT lỗi lần 3/3: HTTPSConnectionPool(host='api.binance.com', port=443): Max retries exceeded with url: /api/v3/klines?symbol=ETHUSDT&interval=1m&limit=100 (Caused by ConnectTimeoutError(<urllib3.connection.HTTPSConnection object at 0x7fef2d755570>, 'Connection to api.binance.com timed out. (connect timeout=15)'))
[2025-08-19T05:06:27.171+0000] {subprocess.py:93} INFO - ⚠️ ADAUSDT lỗi lần 3/3: HTTPSConnectionPool(host='api.binance.com', port=443): Max retries exceeded with url: /api/v3/klines?symbol=ADAUSDT&interval=1m&limit=100 (Caused by ConnectTimeoutError(<urllib3.connection.HTTPSConnection object at 0x7fef2eae5c30>, 'Connection to api.binance.com timed out. (connect timeout=15)'))
[2025-08-19T05:06:27.171+0000] {subprocess.py:93} INFO - ⚠️ USDCUSDT lỗi lần 3/3: HTTPSConnectionPool(host='api.binance.com', port=443): Max retries exceeded with url: /api/v3/klines?symbol=USDCUSDT&interval=1m&limit=100 (Caused by ConnectTimeoutError(<urllib3.connection.HTTPSConnection object at 0x7fef2eae5a50>, 'Connection to api.binance.com timed out. (connect timeout=15)'))
[2025-08-19T05:06:27.172+0000] {subprocess.py:93} INFO - 17/100 DOGEUSDT bỏ qua (fail)
[2025-08-19T05:06:27.172+0000] {subprocess.py:93} INFO - 18/100 SOLUSDT bỏ qua (fail)
[2025-08-19T05:06:27.172+0000] {subprocess.py:93} INFO - 19/100 ETHUSDT bỏ qua (fail)
[2025-08-19T05:06:27.172+0000] {subprocess.py:93} INFO - 20/100 ADAUSDT bỏ qua (fail)
[2025-08-19T05:06:27.172+0000] {subprocess.py:93} INFO - 21/100 USDCUSDT bỏ qua (fail)
[2025-08-19T05:06:27.173+0000] {subprocess.py:93} INFO - ✅ AVAXUSDT: thêm 3 dòng mới
[2025-08-19T05:06:27.173+0000] {subprocess.py:93} INFO - 22/100 AVAXUSDT lưu OK
[2025-08-19T05:06:27.173+0000] {subprocess.py:93} INFO - ✅ NEARUSDT: thêm 6 dòng mới
[2025-08-19T05:06:27.173+0000] {subprocess.py:93} INFO - 23/100 NEARUSDT lưu OK
[2025-08-19T05:06:27.174+0000] {subprocess.py:93} INFO - ✅ WLDUSDT: thêm 3 dòng mới
[2025-08-19T05:06:27.174+0000] {subprocess.py:93} INFO - 24/100 WLDUSDT lưu OK
[2025-08-19T05:06:27.174+0000] {subprocess.py:93} INFO - ✅ BONKUSDT: thêm 3 dòng mới
[2025-08-19T05:06:27.174+0000] {subprocess.py:93} INFO - 25/100 BONKUSDT lưu OK
[2025-08-19T05:06:27.174+0000] {subprocess.py:93} INFO - ✅ POLUSDT: thêm 3 dòng mới
[2025-08-19T05:06:27.175+0000] {subprocess.py:93} INFO - 26/100 POLUSDT lưu OK
[2025-08-19T05:06:27.175+0000] {subprocess.py:93} INFO - ✅ SUSDT: thêm 3 dòng mới
[2025-08-19T05:06:27.175+0000] {subprocess.py:93} INFO - 27/100 SUSDT lưu OK
[2025-08-19T05:06:27.175+0000] {subprocess.py:93} INFO - ✅ DOTUSDT: thêm 4 dòng mới
[2025-08-19T05:06:27.175+0000] {subprocess.py:93} INFO - 28/100 DOTUSDT lưu OK
[2025-08-19T05:06:27.176+0000] {subprocess.py:93} INFO - ⚠️ HBARUSDT lỗi lần 1/3: HTTPSConnectionPool(host='api.binance.com', port=443): Max retries exceeded with url: /api/v3/klines?symbol=HBARUSDT&interval=1m&limit=100 (Caused by ConnectTimeoutError(<urllib3.connection.HTTPSConnection object at 0x7fef2eae74c0>, 'Connection to api.binance.com timed out. (connect timeout=15)'))
[2025-08-19T05:06:27.176+0000] {subprocess.py:93} INFO - ✅ XLMUSDT: thêm 4 dòng mới
[2025-08-19T05:06:27.176+0000] {subprocess.py:93} INFO - 29/100 XLMUSDT lưu OK
[2025-08-19T05:06:27.176+0000] {subprocess.py:93} INFO - ✅ TRUMPUSDT: thêm 4 dòng mới
[2025-08-19T05:06:27.177+0000] {subprocess.py:93} INFO - 30/100 TRUMPUSDT lưu OK
[2025-08-19T05:06:27.177+0000] {subprocess.py:93} INFO - ✅ TONUSDT: thêm 4 dòng mới
[2025-08-19T05:06:27.177+0000] {subprocess.py:93} INFO - 31/100 TONUSDT lưu OK
[2025-08-19T05:06:27.178+0000] {subprocess.py:93} INFO - ✅ API3USDT: thêm 6 dòng mới
[2025-08-19T05:06:27.178+0000] {subprocess.py:93} INFO - 32/100 API3USDT lưu OK
[2025-08-19T05:06:27.179+0000] {subprocess.py:93} INFO - ⚠️ AEURUSDT lỗi lần 1/3: HTTPSConnectionPool(host='api.binance.com', port=443): Max retries exceeded with url: /api/v3/klines?symbol=AEURUSDT&interval=1m&limit=100 (Caused by ConnectTimeoutError(<urllib3.connection.HTTPSConnection object at 0x7fef2d75f850>, 'Connection to api.binance.com timed out. (connect timeout=15)'))
[2025-08-19T05:06:27.179+0000] {subprocess.py:93} INFO - ⚠️ AAVEUSDT lỗi lần 1/3: HTTPSConnectionPool(host='api.binance.com', port=443): Max retries exceeded with url: /api/v3/klines?symbol=AAVEUSDT&interval=1m&limit=100 (Caused by ConnectTimeoutError(<urllib3.connection.HTTPSConnection object at 0x7fef2d75f670>, 'Connection to api.binance.com timed out. (connect timeout=15)'))
[2025-08-19T05:06:27.179+0000] {subprocess.py:93} INFO - ⚠️ CRVUSDT lỗi lần 1/3: HTTPSConnectionPool(host='api.binance.com', port=443): Max retries exceeded with url: /api/v3/klines?symbol=CRVUSDT&interval=1m&limit=100 (Caused by ConnectTimeoutError(<urllib3.connection.HTTPSConnection object at 0x7fef2d75ebc0>, 'Connection to api.binance.com timed out. (connect timeout=15)'))
[2025-08-19T05:06:27.180+0000] {subprocess.py:93} INFO - ⚠️ BFUSDUSDT lỗi lần 1/3: HTTPSConnectionPool(host='api.binance.com', port=443): Max retries exceeded with url: /api/v3/klines?symbol=BFUSDUSDT&interval=1m&limit=100 (Caused by ConnectTimeoutError(<urllib3.connection.HTTPSConnection object at 0x7fef2d757040>, 'Connection to api.binance.com timed out. (connect timeout=15)'))
[2025-08-19T05:06:27.180+0000] {subprocess.py:93} INFO - ✅ FDUSDUSDT: thêm 3 dòng mới
[2025-08-19T05:06:27.180+0000] {subprocess.py:93} INFO - 33/100 FDUSDUSDT lưu OK
[2025-08-19T05:06:27.181+0000] {subprocess.py:93} INFO - ✅ BTCUSDT: thêm 6 dòng mới
[2025-08-19T05:06:27.181+0000] {subprocess.py:93} INFO - 34/100 BTCUSDT lưu OK
[2025-08-19T05:06:27.182+0000] {subprocess.py:93} INFO - 35/100 AEURUSDT lỗi: relation "cryptocurrency.aeurusdt" does not exist
[2025-08-19T05:06:27.182+0000] {subprocess.py:93} INFO - LINE 1: SELECT MAX(time) FROM cryptocurrency.aeurusdt;
[2025-08-19T05:06:27.182+0000] {subprocess.py:93} INFO -                               ^
[2025-08-19T05:06:27.182+0000] {subprocess.py:93} INFO - 
[2025-08-19T05:06:27.182+0000] {subprocess.py:93} INFO - ✅ BFUSDUSDT: thêm 4 dòng mới
[2025-08-19T05:06:27.183+0000] {subprocess.py:93} INFO - 36/100 BFUSDUSDT lưu OK
[2025-08-19T05:06:27.183+0000] {subprocess.py:93} INFO - ✅ FLOKIUSDT: thêm 4 dòng mới
[2025-08-19T05:06:27.183+0000] {subprocess.py:93} INFO - 37/100 FLOKIUSDT lưu OK
[2025-08-19T05:06:27.183+0000] {subprocess.py:93} INFO - ✅ TAOUSDT: thêm 3 dòng mới
[2025-08-19T05:06:27.183+0000] {subprocess.py:93} INFO - 38/100 TAOUSDT lưu OK
[2025-08-19T05:06:27.184+0000] {subprocess.py:93} INFO - ✅ ONDOUSDT: thêm 4 dòng mới
[2025-08-19T05:06:27.184+0000] {subprocess.py:93} INFO - 39/100 ONDOUSDT lưu OK
[2025-08-19T05:06:27.185+0000] {subprocess.py:93} INFO - ✅ ETHFIUSDT: thêm 4 dòng mới
[2025-08-19T05:06:27.185+0000] {subprocess.py:93} INFO - 40/100 ETHFIUSDT lưu OK
[2025-08-19T05:06:27.185+0000] {subprocess.py:93} INFO - ✅ SKLUSDT: thêm 4 dòng mới
[2025-08-19T05:06:27.186+0000] {subprocess.py:93} INFO - 41/100 SKLUSDT lưu OK
[2025-08-19T05:06:27.186+0000] {subprocess.py:93} INFO - ✅ PENDLEUSDT: thêm 4 dòng mới
[2025-08-19T05:06:27.186+0000] {subprocess.py:93} INFO - 42/100 PENDLEUSDT lưu OK
[2025-08-19T05:06:27.187+0000] {subprocess.py:93} INFO - ✅ OPUSDT: thêm 4 dòng mới
[2025-08-19T05:06:27.187+0000] {subprocess.py:93} INFO - 43/100 OPUSDT lưu OK
[2025-08-19T05:06:27.187+0000] {subprocess.py:93} INFO - ✅ SHIBUSDT: thêm 3 dòng mới
[2025-08-19T05:06:27.188+0000] {subprocess.py:93} INFO - 44/100 SHIBUSDT lưu OK
[2025-08-19T05:06:27.188+0000] {subprocess.py:93} INFO - ✅ EPICUSDT: thêm 3 dòng mới
[2025-08-19T05:06:27.188+0000] {subprocess.py:93} INFO - 45/100 EPICUSDT lưu OK
[2025-08-19T05:06:27.188+0000] {subprocess.py:93} INFO - ✅ EURUSDT: thêm 3 dòng mới
[2025-08-19T05:06:27.189+0000] {subprocess.py:93} INFO - 46/100 EURUSDT lưu OK
[2025-08-19T05:06:27.189+0000] {subprocess.py:93} INFO - ✅ RAYUSDT: thêm 3 dòng mới
[2025-08-19T05:06:27.189+0000] {subprocess.py:93} INFO - 47/100 RAYUSDT lưu OK
[2025-08-19T05:06:27.189+0000] {subprocess.py:93} INFO - ⚠️ WIFUSDT lỗi lần 1/3: HTTPSConnectionPool(host='api.binance.com', port=443): Max retries exceeded with url: /api/v3/klines?symbol=WIFUSDT&interval=1m&limit=100 (Caused by ConnectTimeoutError(<urllib3.connection.HTTPSConnection object at 0x7fef2d7544f0>, 'Connection to api.binance.com timed out. (connect timeout=15)'))
[2025-08-19T05:06:27.189+0000] {subprocess.py:93} INFO - ⚠️ VIRTUALUSDT lỗi lần 1/3: HTTPSConnectionPool(host='api.binance.com', port=443): Max retries exceeded with url: /api/v3/klines?symbol=VIRTUALUSDT&interval=1m&limit=100 (Caused by ConnectTimeoutError(<urllib3.connection.HTTPSConnection object at 0x7fef2d7a1480>, 'Connection to api.binance.com timed out. (connect timeout=15)'))
[2025-08-19T05:06:27.190+0000] {subprocess.py:93} INFO - ✅ PNUTUSDT: thêm 3 dòng mới
[2025-08-19T05:06:27.190+0000] {subprocess.py:93} INFO - 48/100 PNUTUSDT lưu OK
[2025-08-19T05:06:27.190+0000] {subprocess.py:93} INFO - ✅ NEIROUSDT: thêm 3 dòng mới
[2025-08-19T05:06:27.190+0000] {subprocess.py:93} INFO - 49/100 NEIROUSDT lưu OK
[2025-08-19T05:06:27.191+0000] {subprocess.py:93} INFO - ⚠️ APTUSDT lỗi lần 1/3: HTTPSConnectionPool(host='api.binance.com', port=443): Max retries exceeded with url: /api/v3/klines?symbol=APTUSDT&interval=1m&limit=100 (Caused by ConnectTimeoutError(<urllib3.connection.HTTPSConnection object at 0x7fef2d75e050>, 'Connection to api.binance.com timed out. (connect timeout=15)'))
[2025-08-19T05:06:27.191+0000] {subprocess.py:93} INFO - ✅ MAGICUSDT: thêm 3 dòng mới
[2025-08-19T05:06:27.191+0000] {subprocess.py:93} INFO - 50/100 MAGICUSDT lưu OK
[2025-08-19T05:06:27.191+0000] {subprocess.py:93} INFO - ✅ HBARUSDT: thêm 4 dòng mới
[2025-08-19T05:06:27.191+0000] {subprocess.py:93} INFO - ✅ CRVUSDT: thêm 4 dòng mới
[2025-08-19T05:06:27.192+0000] {subprocess.py:93} INFO - 51/100 HBARUSDT lưu OK
[2025-08-19T05:06:27.192+0000] {subprocess.py:93} INFO - 52/100 CRVUSDT lưu OK
[2025-08-19T05:06:27.192+0000] {subprocess.py:93} INFO - ✅ AAVEUSDT: thêm 4 dòng mới
[2025-08-19T05:06:27.192+0000] {subprocess.py:93} INFO - 53/100 MEMEUSDT lỗi: relation "cryptocurrency.memeusdt" does not exist
[2025-08-19T05:06:27.192+0000] {subprocess.py:93} INFO - LINE 1: SELECT MAX(time) FROM cryptocurrency.memeusdt;
[2025-08-19T05:06:27.193+0000] {subprocess.py:93} INFO -                               ^
[2025-08-19T05:06:27.193+0000] {subprocess.py:93} INFO - 
[2025-08-19T05:06:27.193+0000] {subprocess.py:93} INFO - ✅ INJUSDT: thêm 4 dòng mới
[2025-08-19T05:06:27.193+0000] {subprocess.py:93} INFO - 54/100 AAVEUSDT lưu OK
[2025-08-19T05:06:27.193+0000] {subprocess.py:93} INFO - ✅ LDOUSDT: thêm 4 dòng mới
[2025-08-19T05:06:27.193+0000] {subprocess.py:93} INFO - 55/100 INJUSDT lưu OK
[2025-08-19T05:06:27.194+0000] {subprocess.py:93} INFO - 56/100 LDOUSDT lưu OK
[2025-08-19T05:06:27.194+0000] {subprocess.py:93} INFO - ✅ FETUSDT: thêm 3 dòng mới
[2025-08-19T05:06:27.194+0000] {subprocess.py:93} INFO - 57/100 FETUSDT lưu OK
[2025-08-19T05:06:27.194+0000] {subprocess.py:93} INFO - 58/100 UTKUSDT lỗi: relation "cryptocurrency.utkusdt" does not exist
[2025-08-19T05:06:27.195+0000] {subprocess.py:93} INFO - LINE 1: SELECT MAX(time) FROM cryptocurrency.utkusdt;
[2025-08-19T05:06:27.195+0000] {subprocess.py:93} INFO -                               ^
[2025-08-19T05:06:27.195+0000] {subprocess.py:93} INFO - 
[2025-08-19T05:06:27.195+0000] {subprocess.py:93} INFO - ✅ ETCUSDT: thêm 3 dòng mới
[2025-08-19T05:06:27.195+0000] {subprocess.py:93} INFO - 59/100 ETCUSDT lưu OK
[2025-08-19T05:06:27.196+0000] {subprocess.py:93} INFO - ✅ ALPINEUSDT: thêm 3 dòng mới
[2025-08-19T05:06:27.196+0000] {subprocess.py:93} INFO - 60/100 ALPINEUSDT lưu OK
[2025-08-19T05:06:27.196+0000] {subprocess.py:93} INFO - ✅ XUSDUSDT: thêm 3 dòng mới
[2025-08-19T05:06:27.196+0000] {subprocess.py:93} INFO - ✅ ALGOUSDT: thêm 3 dòng mới
[2025-08-19T05:06:27.196+0000] {subprocess.py:93} INFO - 61/100 XUSDUSDT lưu OK
[2025-08-19T05:06:27.197+0000] {subprocess.py:93} INFO - ✅ TIAUSDT: thêm 3 dòng mới
[2025-08-19T05:06:27.197+0000] {subprocess.py:93} INFO - 62/100 ALGOUSDT lưu OK
[2025-08-19T05:06:27.197+0000] {subprocess.py:93} INFO - 63/100 TIAUSDT lưu OK
[2025-08-19T05:06:27.197+0000] {subprocess.py:93} INFO - ✅ JUVUSDT: thêm 3 dòng mới
[2025-08-19T05:06:27.198+0000] {subprocess.py:93} INFO - 64/100 JUVUSDT lưu OK
[2025-08-19T05:06:27.198+0000] {subprocess.py:93} INFO - ✅ CFXUSDT: thêm 3 dòng mới
[2025-08-19T05:06:27.198+0000] {subprocess.py:93} INFO - 65/100 CFXUSDT lưu OK
[2025-08-19T05:06:27.198+0000] {subprocess.py:93} INFO - ✅ OGUSDT: thêm 3 dòng mới
[2025-08-19T05:06:27.198+0000] {subprocess.py:93} INFO - ✅ GALAUSDT: thêm 3 dòng mới
[2025-08-19T05:06:27.199+0000] {subprocess.py:93} INFO - 66/100 OGUSDT lưu OK
[2025-08-19T05:06:27.199+0000] {subprocess.py:93} INFO - 67/100 GALAUSDT lưu OK
[2025-08-19T05:06:27.199+0000] {subprocess.py:93} INFO - ✅ BCHUSDT: thêm 3 dòng mới
[2025-08-19T05:06:27.199+0000] {subprocess.py:93} INFO - 68/100 BCHUSDT lưu OK
[2025-08-19T05:06:27.199+0000] {subprocess.py:93} INFO - ✅ RENDERUSDT: thêm 3 dòng mới
[2025-08-19T05:06:27.200+0000] {subprocess.py:93} INFO - 69/100 RENDERUSDT lưu OK
[2025-08-19T05:06:27.200+0000] {subprocess.py:93} INFO - ✅ EIGENUSDT: thêm 3 dòng mới
[2025-08-19T05:06:27.200+0000] {subprocess.py:93} INFO - 70/100 EIGENUSDT lưu OK
[2025-08-19T05:06:27.200+0000] {subprocess.py:93} INFO - ✅ FILUSDT: thêm 3 dòng mới
[2025-08-19T05:06:27.200+0000] {subprocess.py:93} INFO - 71/100 FILUSDT lưu OK
[2025-08-19T05:06:27.201+0000] {subprocess.py:93} INFO - ✅ WIFUSDT: thêm 4 dòng mới
[2025-08-19T05:06:27.201+0000] {subprocess.py:93} INFO - 72/100 WIFUSDT lưu OK
[2025-08-19T05:06:27.201+0000] {subprocess.py:93} INFO - 73/100 VETUSDT lỗi: relation "cryptocurrency.vetusdt" does not exist
[2025-08-19T05:06:27.201+0000] {subprocess.py:93} INFO - LINE 1: SELECT MAX(time) FROM cryptocurrency.vetusdt;
[2025-08-19T05:06:27.202+0000] {subprocess.py:93} INFO -                               ^
[2025-08-19T05:06:27.202+0000] {subprocess.py:93} INFO - 
[2025-08-19T05:06:27.202+0000] {subprocess.py:93} INFO - ✅ SPKUSDT: thêm 3 dòng mới
[2025-08-19T05:06:29.149+0000] {subprocess.py:93} INFO - 74/100 SPKUSDT lưu OK
[2025-08-19T05:06:29.150+0000] {subprocess.py:93} INFO - 75/100 PONDUSDT lỗi: relation "cryptocurrency.pondusdt" does not exist
[2025-08-19T05:06:29.150+0000] {subprocess.py:93} INFO - LINE 1: SELECT MAX(time) FROM cryptocurrency.pondusdt;
[2025-08-19T05:06:29.151+0000] {subprocess.py:93} INFO -                               ^
[2025-08-19T05:06:29.151+0000] {subprocess.py:93} INFO - 
[2025-08-19T05:06:29.151+0000] {subprocess.py:93} INFO - ✅ CAKEUSDT: thêm 3 dòng mới
[2025-08-19T05:06:29.151+0000] {subprocess.py:93} INFO - ✅ BERAUSDT: thêm 2 dòng mới
[2025-08-19T05:06:29.152+0000] {subprocess.py:93} INFO - 76/100 CAKEUSDT lưu OK
[2025-08-19T05:06:29.152+0000] {subprocess.py:93} INFO - 77/100 BERAUSDT lưu OK
[2025-08-19T05:06:29.152+0000] {subprocess.py:93} INFO - ✅ ASRUSDT: thêm 3 dòng mới
[2025-08-19T05:06:29.152+0000] {subprocess.py:93} INFO - ✅ MDTUSDT: thêm 3 dòng mới
[2025-08-19T05:06:29.152+0000] {subprocess.py:93} INFO - 78/100 MDTUSDT lưu OK
[2025-08-19T05:06:29.153+0000] {subprocess.py:93} INFO - 79/100 ASRUSDT lưu OK
[2025-08-19T05:06:29.153+0000] {subprocess.py:93} INFO - ✅ VIRTUALUSDT: thêm 4 dòng mới
[2025-08-19T05:06:29.153+0000] {subprocess.py:93} INFO - 80/100 VIRTUALUSDT lưu OK
[2025-08-19T05:06:29.153+0000] {subprocess.py:93} INFO - ✅ TSTUSDT: thêm 2 dòng mới
[2025-08-19T05:06:29.154+0000] {subprocess.py:93} INFO - 81/100 TSTUSDT lưu OK
[2025-08-19T05:06:29.154+0000] {subprocess.py:93} INFO - ✅ CTSIUSDT: thêm 2 dòng mới
[2025-08-19T05:06:29.154+0000] {subprocess.py:93} INFO - 82/100 CTSIUSDT lưu OK
[2025-08-19T05:06:29.154+0000] {subprocess.py:93} INFO - ✅ MAVUSDT: thêm 2 dòng mới
[2025-08-19T05:06:29.154+0000] {subprocess.py:93} INFO - 83/100 MAVUSDT lưu OK
[2025-08-19T05:06:29.155+0000] {subprocess.py:93} INFO - 84/100 RUNEUSDT lỗi: relation "cryptocurrency.runeusdt" does not exist
[2025-08-19T05:06:29.155+0000] {subprocess.py:93} INFO - LINE 1: SELECT MAX(time) FROM cryptocurrency.runeusdt;
[2025-08-19T05:06:29.155+0000] {subprocess.py:93} INFO -                               ^
[2025-08-19T05:06:29.155+0000] {subprocess.py:93} INFO - 
[2025-08-19T05:06:29.155+0000] {subprocess.py:93} INFO - 85/100 WBTCUSDT lỗi: relation "cryptocurrency.wbtcusdt" does not exist
[2025-08-19T05:06:29.156+0000] {subprocess.py:93} INFO - LINE 1: SELECT MAX(time) FROM cryptocurrency.wbtcusdt;
[2025-08-19T05:06:29.156+0000] {subprocess.py:93} INFO -                               ^
[2025-08-19T05:06:29.156+0000] {subprocess.py:93} INFO - 
[2025-08-19T05:06:29.156+0000] {subprocess.py:93} INFO - ✅ ICPUSDT: thêm 2 dòng mới
[2025-08-19T05:06:29.156+0000] {subprocess.py:93} INFO - 86/100 ICPUSDT lưu OK
[2025-08-19T05:06:29.157+0000] {subprocess.py:93} INFO - 87/100 MKRUSDT lỗi: relation "cryptocurrency.mkrusdt" does not exist
[2025-08-19T05:06:29.157+0000] {subprocess.py:93} INFO - LINE 1: SELECT MAX(time) FROM cryptocurrency.mkrusdt;
[2025-08-19T05:06:29.157+0000] {subprocess.py:93} INFO -                               ^
[2025-08-19T05:06:29.157+0000] {subprocess.py:93} INFO - 
[2025-08-19T05:06:29.157+0000] {subprocess.py:93} INFO - ✅ SYRUPUSDT: thêm 2 dòng mới
[2025-08-19T05:06:29.158+0000] {subprocess.py:93} INFO - 88/100 ATOMUSDT lỗi: relation "cryptocurrency.atomusdt" does not exist
[2025-08-19T05:06:29.158+0000] {subprocess.py:93} INFO - LINE 1: SELECT MAX(time) FROM cryptocurrency.atomusdt;
[2025-08-19T05:06:29.158+0000] {subprocess.py:93} INFO -                               ^
[2025-08-19T05:06:29.158+0000] {subprocess.py:93} INFO - 
[2025-08-19T05:06:29.159+0000] {subprocess.py:93} INFO - 89/100 SYRUPUSDT lưu OK
[2025-08-19T05:06:29.159+0000] {subprocess.py:93} INFO - ✅ APTUSDT: thêm 4 dòng mới
[2025-08-19T05:06:29.159+0000] {subprocess.py:93} INFO - 90/100 APTUSDT lưu OK
[2025-08-19T05:06:29.160+0000] {subprocess.py:93} INFO - 91/100 LAYERUSDT lỗi: relation "cryptocurrency.layerusdt" does not exist
[2025-08-19T05:06:29.160+0000] {subprocess.py:93} INFO - LINE 1: SELECT MAX(time) FROM cryptocurrency.layerusdt;
[2025-08-19T05:06:29.160+0000] {subprocess.py:93} INFO -                               ^
[2025-08-19T05:06:29.160+0000] {subprocess.py:93} INFO - 
[2025-08-19T05:06:29.160+0000] {subprocess.py:93} INFO - 92/100 WCTUSDT lỗi: relation "cryptocurrency.wctusdt" does not exist
[2025-08-19T05:06:29.161+0000] {subprocess.py:93} INFO - LINE 1: SELECT MAX(time) FROM cryptocurrency.wctusdt;
[2025-08-19T05:06:29.161+0000] {subprocess.py:93} INFO -                               ^
[2025-08-19T05:06:29.161+0000] {subprocess.py:93} INFO - 
[2025-08-19T05:06:29.161+0000] {subprocess.py:93} INFO - ✅ ORDIUSDT: thêm 2 dòng mới
[2025-08-19T05:06:29.161+0000] {subprocess.py:93} INFO - 93/100 ORDIUSDT lưu OK
[2025-08-19T05:06:29.162+0000] {subprocess.py:93} INFO - 94/100 CYBERUSDT lỗi: relation "cryptocurrency.cyberusdt" does not exist
[2025-08-19T05:06:29.162+0000] {subprocess.py:93} INFO - LINE 1: SELECT MAX(time) FROM cryptocurrency.cyberusdt;
[2025-08-19T05:06:29.162+0000] {subprocess.py:93} INFO -                               ^
[2025-08-19T05:06:29.162+0000] {subprocess.py:93} INFO - 
[2025-08-19T05:06:29.162+0000] {subprocess.py:93} INFO - 95/100 AIXBTUSDT lỗi: relation "cryptocurrency.aixbtusdt" does not exist
[2025-08-19T05:06:29.163+0000] {subprocess.py:93} INFO - LINE 1: SELECT MAX(time) FROM cryptocurrency.aixbtusdt;
[2025-08-19T05:06:29.163+0000] {subprocess.py:93} INFO -                               ^
[2025-08-19T05:06:29.163+0000] {subprocess.py:93} INFO - 
[2025-08-19T05:06:29.163+0000] {subprocess.py:93} INFO - 96/100 RESOLVUSDT lỗi: relation "cryptocurrency.resolvusdt" does not exist
[2025-08-19T05:06:29.163+0000] {subprocess.py:93} INFO - LINE 1: SELECT MAX(time) FROM cryptocurrency.resolvusdt;
[2025-08-19T05:06:29.164+0000] {subprocess.py:93} INFO -                               ^
[2025-08-19T05:06:29.164+0000] {subprocess.py:93} INFO - 
[2025-08-19T05:06:29.164+0000] {subprocess.py:93} INFO - 97/100 PAXGUSDT lỗi: relation "cryptocurrency.paxgusdt" does not exist
[2025-08-19T05:06:29.164+0000] {subprocess.py:93} INFO - LINE 1: SELECT MAX(time) FROM cryptocurrency.paxgusdt;
[2025-08-19T05:06:29.164+0000] {subprocess.py:93} INFO -                               ^
[2025-08-19T05:06:29.165+0000] {subprocess.py:93} INFO - 
[2025-08-19T05:06:29.165+0000] {subprocess.py:93} INFO - ✅ PORTOUSDT: thêm 2 dòng mới
[2025-08-19T05:06:29.165+0000] {subprocess.py:93} INFO - 98/100 PORTOUSDT lưu OK
[2025-08-19T05:06:29.165+0000] {subprocess.py:93} INFO - ✅ ENSUSDT: thêm 2 dòng mới
[2025-08-19T05:06:29.165+0000] {subprocess.py:93} INFO - 99/100 ENSUSDT lưu OK
[2025-08-19T05:06:29.166+0000] {subprocess.py:93} INFO - 100/100 STRKUSDT lỗi: relation "cryptocurrency.strkusdt" does not exist
[2025-08-19T05:06:29.166+0000] {subprocess.py:93} INFO - LINE 1: SELECT MAX(time) FROM cryptocurrency.strkusdt;
[2025-08-19T05:06:29.166+0000] {subprocess.py:93} INFO -                               ^
[2025-08-19T05:06:29.166+0000] {subprocess.py:93} INFO - 
[2025-08-19T05:06:29.308+0000] {subprocess.py:97} INFO - Command exited with return code 0
[2025-08-19T05:06:29.308+0000] {taskinstance.py:441} INFO - ::group::Post task execution logs
[2025-08-19T05:06:29.337+0000] {taskinstance.py:1206} INFO - Marking task as SUCCESS. dag_id=crypto_collector_dag, task_id=run_crypto_collector, run_id=scheduled__2025-08-19T05:03:00+00:00, execution_date=20250819T050300, start_date=20250819T050457, end_date=20250819T050629
[2025-08-19T05:06:29.361+0000] {local_task_job_runner.py:240} INFO - Task exited with return code 0
[2025-08-19T05:06:29.395+0000] {taskinstance.py:3498} INFO - 0 downstream tasks scheduled from follow-on schedule check
[2025-08-19T05:06:29.397+0000] {local_task_job_runner.py:222} INFO - ::endgroup::
