[2025-08-17T10:40:17.104+0000] {local_task_job_runner.py:120} INFO - ::group::Pre task execution logs
[2025-08-17T10:40:17.132+0000] {taskinstance.py:2076} INFO - Dependencies all met for dep_context=non-requeueable deps ti=<TaskInstance: crypto_collector_dag.run_crypto_collector scheduled__2025-08-17T10:39:00+00:00 [queued]>
[2025-08-17T10:40:17.140+0000] {taskinstance.py:2076} INFO - Dependencies all met for dep_context=requeueable deps ti=<TaskInstance: crypto_collector_dag.run_crypto_collector scheduled__2025-08-17T10:39:00+00:00 [queued]>
[2025-08-17T10:40:17.141+0000] {taskinstance.py:2306} INFO - Starting attempt 1 of 2
[2025-08-17T10:40:17.153+0000] {taskinstance.py:2330} INFO - Executing <Task(BashOperator): run_crypto_collector> on 2025-08-17 10:39:00+00:00
[2025-08-17T10:40:17.159+0000] {standard_task_runner.py:63} INFO - Started process 51604 to run task
[2025-08-17T10:40:17.164+0000] {standard_task_runner.py:90} INFO - Running: ['***', 'tasks', 'run', 'crypto_collector_dag', 'run_crypto_collector', 'scheduled__2025-08-17T10:39:00+00:00', '--job-id', '7445', '--raw', '--subdir', 'DAGS_FOLDER/crawl_crypto/dags_crypto.py', '--cfg-path', '/tmp/tmpezo9daji']
[2025-08-17T10:40:17.166+0000] {standard_task_runner.py:91} INFO - Job 7445: Subtask run_crypto_collector
[2025-08-17T10:40:17.219+0000] {task_command.py:426} INFO - Running <TaskInstance: crypto_collector_dag.run_crypto_collector scheduled__2025-08-17T10:39:00+00:00 [running]> on host 1877907bc043
[2025-08-17T10:40:17.316+0000] {taskinstance.py:2648} INFO - Exporting env vars: AIRFLOW_CTX_DAG_OWNER='***' AIRFLOW_CTX_DAG_ID='crypto_collector_dag' AIRFLOW_CTX_TASK_ID='run_crypto_collector' AIRFLOW_CTX_EXECUTION_DATE='2025-08-17T10:39:00+00:00' AIRFLOW_CTX_TRY_NUMBER='1' AIRFLOW_CTX_DAG_RUN_ID='scheduled__2025-08-17T10:39:00+00:00'
[2025-08-17T10:40:17.316+0000] {taskinstance.py:430} INFO - ::endgroup::
[2025-08-17T10:40:17.329+0000] {subprocess.py:63} INFO - Tmp dir root location: /tmp
[2025-08-17T10:40:17.330+0000] {subprocess.py:75} INFO - Running command: ['/usr/bin/bash', '-c', 'python3 /opt/***/dags/crawl_crypto/crawl_data_crypto.py']
[2025-08-17T10:40:17.341+0000] {subprocess.py:86} INFO - Output:
[2025-08-17T10:42:44.741+0000] {subprocess.py:93} INFO - 🔹 Kết nối DB...
[2025-08-17T10:42:44.741+0000] {subprocess.py:93} INFO - 🔹 Lấy top 100 crypto...
[2025-08-17T10:42:44.741+0000] {subprocess.py:93} INFO - Top 100: ['ETHUSDT', 'USDCUSDT', 'BTCUSDT', 'SOLUSDT', 'ADAUSDT', 'DOGEUSDT', 'LINKUSDT', 'FDUSDUSDT', 'XRPUSDT', 'TRXUSDT', 'BNBUSDT', 'PROVEUSDT', 'ENAUSDT', 'SUIUSDT', 'CTSIUSDT', 'ARBUSDT', 'PEPEUSDT', 'UNIUSDT', 'LTCUSDT', 'AVAXUSDT', 'PENGUUSDT', 'TSTUSDT', 'ALPINEUSDT', 'SKLUSDT', 'SEIUSDT', 'BFUSDUSDT', 'HBARUSDT', 'SUSDT', 'API3USDT', 'TRUMPUSDT', 'AAVEUSDT', 'LDOUSDT', 'EPICUSDT', 'WLDUSDT', 'OGUSDT', 'WIFUSDT', 'NEARUSDT', 'BONKUSDT', 'CRVUSDT', 'CHRUSDT', 'CYBERUSDT', 'PONDUSDT', 'MAVUSDT', 'XLMUSDT', 'OGNUSDT', 'TOWNSUSDT', 'BERAUSDT', 'OPUSDT', 'RAYUSDT', 'LRCUSDT', 'APTUSDT', 'DOTUSDT', 'LPTUSDT', 'FLOKIUSDT', 'TONUSDT', 'CELRUSDT', 'GALAUSDT', 'BCHUSDT', 'ASRUSDT', 'ONDOUSDT', 'MOVRUSDT', 'EIGENUSDT', 'ETHFIUSDT', 'INJUSDT', 'PORTOUSDT', 'TIAUSDT', 'TAOUSDT', 'PENDLEUSDT', 'BANDUSDT', 'BATUSDT', 'NMRUSDT', 'NEIROUSDT', 'ETCUSDT', 'BBUSDT', 'ALGOUSDT', 'RENDERUSDT', 'FILUSDT', 'LAUSDT', 'BIOUSDT', 'CAKEUSDT', 'SYRUPUSDT', 'POLUSDT', 'FETUSDT', 'ERAUSDT', 'SPKUSDT', 'VIRTUALUSDT', 'SHIBUSDT', 'STRKUSDT', 'ICPUSDT', 'PNUTUSDT', 'CFXUSDT', 'MDTUSDT', 'EURUSDT', 'HOTUSDT', 'ENSUSDT', 'TREEUSDT', 'ARKMUSDT', 'VETUSDT', 'LUNCUSDT', 'ATOMUSDT']
[2025-08-17T10:42:44.742+0000] {subprocess.py:93} INFO - 🔹 Lưu lịch sử giá vào DB bằng threading...
[2025-08-17T10:42:44.742+0000] {subprocess.py:93} INFO - ✅ BTCUSDT: thêm 7 dòng mới
[2025-08-17T10:42:44.742+0000] {subprocess.py:93} INFO - 1/100 BTCUSDT lưu OK
[2025-08-17T10:42:44.742+0000] {subprocess.py:93} INFO - ✅ LINKUSDT: thêm 6 dòng mới
[2025-08-17T10:42:44.743+0000] {subprocess.py:93} INFO - 2/100 LINKUSDT lưu OK
[2025-08-17T10:42:44.743+0000] {subprocess.py:93} INFO - ⚠️ XRPUSDT lỗi lần 1/3: HTTPSConnectionPool(host='api.binance.com', port=443): Max retries exceeded with url: /api/v3/klines?symbol=XRPUSDT&interval=1m&limit=100 (Caused by ConnectTimeoutError(<urllib3.connection.HTTPSConnection object at 0x7f04edf85d50>, 'Connection to api.binance.com timed out. (connect timeout=15)'))
[2025-08-17T10:42:44.743+0000] {subprocess.py:93} INFO - ⚠️ TRXUSDT lỗi lần 1/3: HTTPSConnectionPool(host='api.binance.com', port=443): Max retries exceeded with url: /api/v3/klines?symbol=TRXUSDT&interval=1m&limit=100 (Caused by ConnectTimeoutError(<urllib3.connection.HTTPSConnection object at 0x7f04edf86140>, 'Connection to api.binance.com timed out. (connect timeout=15)'))
[2025-08-17T10:42:44.743+0000] {subprocess.py:93} INFO - ⚠️ BNBUSDT lỗi lần 1/3: HTTPSConnectionPool(host='api.binance.com', port=443): Max retries exceeded with url: /api/v3/klines?symbol=BNBUSDT&interval=1m&limit=100 (Caused by ConnectTimeoutError(<urllib3.connection.HTTPSConnection object at 0x7f04edf5d6f0>, 'Connection to api.binance.com timed out. (connect timeout=15)'))
[2025-08-17T10:42:44.743+0000] {subprocess.py:93} INFO - ⚠️ PROVEUSDT lỗi lần 1/3: HTTPSConnectionPool(host='api.binance.com', port=443): Max retries exceeded with url: /api/v3/klines?symbol=PROVEUSDT&interval=1m&limit=100 (Caused by ConnectTimeoutError(<urllib3.connection.HTTPSConnection object at 0x7f04edf5c490>, 'Connection to api.binance.com timed out. (connect timeout=15)'))
[2025-08-17T10:42:44.744+0000] {subprocess.py:93} INFO - ⚠️ XRPUSDT lỗi lần 2/3: HTTPSConnectionPool(host='api.binance.com', port=443): Max retries exceeded with url: /api/v3/klines?symbol=XRPUSDT&interval=1m&limit=100 (Caused by ConnectTimeoutError(<urllib3.connection.HTTPSConnection object at 0x7f04edf8cf40>, 'Connection to api.binance.com timed out. (connect timeout=15)'))
[2025-08-17T10:42:44.744+0000] {subprocess.py:93} INFO - ⚠️ TRXUSDT lỗi lần 2/3: HTTPSConnectionPool(host='api.binance.com', port=443): Max retries exceeded with url: /api/v3/klines?symbol=TRXUSDT&interval=1m&limit=100 (Caused by ConnectTimeoutError(<urllib3.connection.HTTPSConnection object at 0x7f04edf8ddb0>, 'Connection to api.binance.com timed out. (connect timeout=15)'))
[2025-08-17T10:42:44.744+0000] {subprocess.py:93} INFO - ✅ XRPUSDT: thêm 7 dòng mới
[2025-08-17T10:42:44.744+0000] {subprocess.py:93} INFO - 3/100 XRPUSDT lưu OK
[2025-08-17T10:42:44.744+0000] {subprocess.py:93} INFO - ✅ TRXUSDT: thêm 11 dòng mới
[2025-08-17T10:42:44.745+0000] {subprocess.py:93} INFO - 4/100 TRXUSDT lưu OK
[2025-08-17T10:42:44.745+0000] {subprocess.py:93} INFO - ⚠️ BNBUSDT lỗi lần 2/3: HTTPSConnectionPool(host='api.binance.com', port=443): Max retries exceeded with url: /api/v3/klines?symbol=BNBUSDT&interval=1m&limit=100 (Caused by ConnectTimeoutError(<urllib3.connection.HTTPSConnection object at 0x7f04edf8d9c0>, 'Connection to api.binance.com timed out. (connect timeout=15)'))
[2025-08-17T10:42:44.745+0000] {subprocess.py:93} INFO - ⚠️ PROVEUSDT lỗi lần 2/3: HTTPSConnectionPool(host='api.binance.com', port=443): Max retries exceeded with url: /api/v3/klines?symbol=PROVEUSDT&interval=1m&limit=100 (Caused by ConnectTimeoutError(<urllib3.connection.HTTPSConnection object at 0x7f04edf5cdf0>, 'Connection to api.binance.com timed out. (connect timeout=15)'))
[2025-08-17T10:42:44.745+0000] {subprocess.py:93} INFO - ⚠️ ENAUSDT lỗi lần 1/3: HTTPSConnectionPool(host='api.binance.com', port=443): Max retries exceeded with url: /api/v3/klines?symbol=ENAUSDT&interval=1m&limit=100 (Caused by ConnectTimeoutError(<urllib3.connection.HTTPSConnection object at 0x7f04edf5ead0>, 'Connection to api.binance.com timed out. (connect timeout=15)'))
[2025-08-17T10:42:44.745+0000] {subprocess.py:93} INFO - ⚠️ PROVEUSDT lỗi lần 3/3: HTTPSConnectionPool(host='api.binance.com', port=443): Max retries exceeded with url: /api/v3/klines?symbol=PROVEUSDT&interval=1m&limit=100 (Caused by ConnectTimeoutError(<urllib3.connection.HTTPSConnection object at 0x7f04edf5c3a0>, 'Connection to api.binance.com timed out. (connect timeout=15)'))
[2025-08-17T10:42:44.745+0000] {subprocess.py:93} INFO - ✅ ENAUSDT: thêm 8 dòng mới
[2025-08-17T10:42:44.746+0000] {subprocess.py:93} INFO - 5/100 ENAUSDT lưu OK
[2025-08-17T10:42:44.746+0000] {subprocess.py:93} INFO - 6/100 PROVEUSDT bỏ qua (fail)
[2025-08-17T10:42:44.746+0000] {subprocess.py:93} INFO - ✅ ARBUSDT: thêm 7 dòng mới
[2025-08-17T10:42:44.746+0000] {subprocess.py:93} INFO - 7/100 ARBUSDT lưu OK
[2025-08-17T10:42:44.746+0000] {subprocess.py:93} INFO - ✅ PEPEUSDT: thêm 7 dòng mới
[2025-08-17T10:42:44.746+0000] {subprocess.py:93} INFO - 8/100 PEPEUSDT lưu OK
[2025-08-17T10:42:44.747+0000] {subprocess.py:93} INFO - ✅ UNIUSDT: thêm 7 dòng mới
[2025-08-17T10:42:44.747+0000] {subprocess.py:93} INFO - 9/100 UNIUSDT lưu OK
[2025-08-17T10:42:44.747+0000] {subprocess.py:93} INFO - ✅ LTCUSDT: thêm 7 dòng mới
[2025-08-17T10:42:44.747+0000] {subprocess.py:93} INFO - 10/100 LTCUSDT lưu OK
[2025-08-17T10:42:44.747+0000] {subprocess.py:93} INFO - ✅ AVAXUSDT: thêm 12 dòng mới
[2025-08-17T10:42:44.747+0000] {subprocess.py:93} INFO - 11/100 AVAXUSDT lưu OK
[2025-08-17T10:42:44.748+0000] {subprocess.py:93} INFO - ✅ CTSIUSDT: thêm 8 dòng mới
[2025-08-17T10:42:44.748+0000] {subprocess.py:93} INFO - 12/100 CTSIUSDT lưu OK
[2025-08-17T10:42:44.748+0000] {subprocess.py:93} INFO - ✅ TSTUSDT: thêm 17 dòng mới
[2025-08-17T10:42:44.748+0000] {subprocess.py:93} INFO - 13/100 TSTUSDT lưu OK
[2025-08-17T10:42:44.748+0000] {subprocess.py:93} INFO - ✅ SUIUSDT: thêm 7 dòng mới
[2025-08-17T10:42:44.749+0000] {subprocess.py:93} INFO - 14/100 SUIUSDT lưu OK
[2025-08-17T10:42:44.749+0000] {subprocess.py:93} INFO - ✅ SKLUSDT: thêm 7 dòng mới
[2025-08-17T10:42:44.749+0000] {subprocess.py:93} INFO - 15/100 SKLUSDT lưu OK
[2025-08-17T10:42:44.749+0000] {subprocess.py:93} INFO - ✅ SEIUSDT: thêm 7 dòng mới
[2025-08-17T10:42:44.749+0000] {subprocess.py:93} INFO - 16/100 SEIUSDT lưu OK
[2025-08-17T10:42:44.749+0000] {subprocess.py:93} INFO - ✅ BFUSDUSDT: thêm 12 dòng mới
[2025-08-17T10:42:44.750+0000] {subprocess.py:93} INFO - 17/100 BFUSDUSDT lưu OK
[2025-08-17T10:42:44.750+0000] {subprocess.py:93} INFO - ✅ HBARUSDT: thêm 17 dòng mới
[2025-08-17T10:42:44.750+0000] {subprocess.py:93} INFO - 18/100 HBARUSDT lưu OK
[2025-08-17T10:42:44.750+0000] {subprocess.py:93} INFO - ✅ SUSDT: thêm 7 dòng mới
[2025-08-17T10:42:44.750+0000] {subprocess.py:93} INFO - 19/100 SUSDT lưu OK
[2025-08-17T10:42:44.750+0000] {subprocess.py:93} INFO - ⚠️ PENGUUSDT lỗi lần 1/3: HTTPSConnectionPool(host='api.binance.com', port=443): Max retries exceeded with url: /api/v3/klines?symbol=PENGUUSDT&interval=1m&limit=100 (Caused by ConnectTimeoutError(<urllib3.connection.HTTPSConnection object at 0x7f04edf5c370>, 'Connection to api.binance.com timed out. (connect timeout=15)'))
[2025-08-17T10:42:44.751+0000] {subprocess.py:93} INFO - ✅ ALPINEUSDT: thêm 7 dòng mới
[2025-08-17T10:42:44.751+0000] {subprocess.py:93} INFO - 20/100 ALPINEUSDT lưu OK
[2025-08-17T10:42:44.751+0000] {subprocess.py:93} INFO - ✅ TRUMPUSDT: thêm 7 dòng mới
[2025-08-17T10:42:44.751+0000] {subprocess.py:93} INFO - 21/100 TRUMPUSDT lưu OK
[2025-08-17T10:42:44.751+0000] {subprocess.py:93} INFO - ✅ PENGUUSDT: thêm 7 dòng mới
[2025-08-17T10:42:44.751+0000] {subprocess.py:93} INFO - 22/100 PENGUUSDT lưu OK
[2025-08-17T10:42:44.752+0000] {subprocess.py:93} INFO - ✅ LDOUSDT: thêm 12 dòng mới
[2025-08-17T10:42:44.752+0000] {subprocess.py:93} INFO - 23/100 LDOUSDT lưu OK
[2025-08-17T10:42:44.752+0000] {subprocess.py:93} INFO - ✅ EPICUSDT: thêm 6 dòng mới
[2025-08-17T10:42:44.752+0000] {subprocess.py:93} INFO - 24/100 EPICUSDT lưu OK
[2025-08-17T10:42:44.752+0000] {subprocess.py:93} INFO - ✅ WLDUSDT: thêm 6 dòng mới
[2025-08-17T10:42:44.752+0000] {subprocess.py:93} INFO - 25/100 WLDUSDT lưu OK
[2025-08-17T10:42:44.753+0000] {subprocess.py:93} INFO - ✅ OGUSDT: thêm 6 dòng mới
[2025-08-17T10:42:44.753+0000] {subprocess.py:93} INFO - 26/100 OGUSDT lưu OK
[2025-08-17T10:42:44.753+0000] {subprocess.py:93} INFO - ✅ WIFUSDT: thêm 12 dòng mới
[2025-08-17T10:42:44.753+0000] {subprocess.py:93} INFO - 27/100 WIFUSDT lưu OK
[2025-08-17T10:42:44.753+0000] {subprocess.py:93} INFO - ✅ BNBUSDT: thêm 6 dòng mới
[2025-08-17T10:42:44.753+0000] {subprocess.py:93} INFO - 28/100 BNBUSDT lưu OK
[2025-08-17T10:42:44.754+0000] {subprocess.py:93} INFO - ✅ AAVEUSDT: thêm 7 dòng mới
[2025-08-17T10:42:44.754+0000] {subprocess.py:93} INFO - 29/100 AAVEUSDT lưu OK
[2025-08-17T10:42:44.754+0000] {subprocess.py:93} INFO - 30/100 SOLUSDT lỗi: connection to server at "videv.cloud" (27.74.74.29), port 5432 failed: Connection timed out
[2025-08-17T10:42:44.754+0000] {subprocess.py:93} INFO - 	Is the server running on that host and accepting TCP/IP connections?
[2025-08-17T10:42:44.754+0000] {subprocess.py:93} INFO - 
[2025-08-17T10:42:44.754+0000] {subprocess.py:93} INFO - 31/100 DOGEUSDT lỗi: connection to server at "videv.cloud" (27.74.74.29), port 5432 failed: Connection timed out
[2025-08-17T10:42:44.755+0000] {subprocess.py:93} INFO - 	Is the server running on that host and accepting TCP/IP connections?
[2025-08-17T10:42:44.755+0000] {subprocess.py:93} INFO - 
[2025-08-17T10:42:44.755+0000] {subprocess.py:93} INFO - 32/100 ETHUSDT lỗi: connection to server at "videv.cloud" (27.74.74.29), port 5432 failed: Connection timed out
[2025-08-17T10:42:44.755+0000] {subprocess.py:93} INFO - 	Is the server running on that host and accepting TCP/IP connections?
[2025-08-17T10:42:44.755+0000] {subprocess.py:93} INFO - 
[2025-08-17T10:42:44.755+0000] {subprocess.py:93} INFO - 33/100 ADAUSDT lỗi: connection to server at "videv.cloud" (27.74.74.29), port 5432 failed: Connection timed out
[2025-08-17T10:42:44.756+0000] {subprocess.py:93} INFO - 	Is the server running on that host and accepting TCP/IP connections?
[2025-08-17T10:42:44.756+0000] {subprocess.py:93} INFO - 
[2025-08-17T10:42:44.756+0000] {subprocess.py:93} INFO - 34/100 FDUSDUSDT lỗi: connection to server at "videv.cloud" (27.74.74.29), port 5432 failed: Connection timed out
[2025-08-17T10:42:44.756+0000] {subprocess.py:93} INFO - 	Is the server running on that host and accepting TCP/IP connections?
[2025-08-17T10:42:44.756+0000] {subprocess.py:93} INFO - 
[2025-08-17T10:42:44.756+0000] {subprocess.py:93} INFO - 35/100 USDCUSDT lỗi: connection to server at "videv.cloud" (27.74.74.29), port 5432 failed: Connection timed out
[2025-08-17T10:42:44.757+0000] {subprocess.py:93} INFO - 	Is the server running on that host and accepting TCP/IP connections?
[2025-08-17T10:42:44.757+0000] {subprocess.py:93} INFO - 
[2025-08-17T10:42:44.757+0000] {subprocess.py:93} INFO - 36/100 PONDUSDT lỗi: relation "cryptocurrency.pondusdt" does not exist
[2025-08-17T10:42:44.757+0000] {subprocess.py:93} INFO - LINE 1: SELECT MAX(time) FROM cryptocurrency.pondusdt;
[2025-08-17T10:42:44.757+0000] {subprocess.py:93} INFO -                               ^
[2025-08-17T10:42:44.757+0000] {subprocess.py:93} INFO - 
[2025-08-17T10:42:44.758+0000] {subprocess.py:93} INFO - ✅ API3USDT: thêm 7 dòng mới
[2025-08-17T10:42:44.758+0000] {subprocess.py:93} INFO - 37/100 API3USDT lưu OK
[2025-08-17T10:42:44.758+0000] {subprocess.py:93} INFO - ✅ TOWNSUSDT: thêm 7 dòng mới
[2025-08-17T10:42:44.758+0000] {subprocess.py:93} INFO - 38/100 TOWNSUSDT lưu OK
[2025-08-17T10:44:10.255+0000] {subprocess.py:93} INFO - ⚠️ OGNUSDT lỗi lần 1/3: HTTPSConnectionPool(host='api.binance.com', port=443): Max retries exceeded with url: /api/v3/klines?symbol=OGNUSDT&interval=1m&limit=100 (Caused by ConnectTimeoutError(<urllib3.connection.HTTPSConnection object at 0x7f04edf8f220>, 'Connection to api.binance.com timed out. (connect timeout=15)'))
[2025-08-17T10:44:10.256+0000] {subprocess.py:93} INFO - ⚠️ XLMUSDT lỗi lần 1/3: HTTPSConnectionPool(host='api.binance.com', port=443): Max retries exceeded with url: /api/v3/klines?symbol=XLMUSDT&interval=1m&limit=100 (Caused by ConnectTimeoutError(<urllib3.connection.HTTPSConnection object at 0x7f04edf8ea40>, 'Connection to api.binance.com timed out. (connect timeout=15)'))
[2025-08-17T10:44:10.256+0000] {subprocess.py:93} INFO - ⚠️ CHRUSDT lỗi lần 1/3: HTTPSConnectionPool(host='api.binance.com', port=443): Max retries exceeded with url: /api/v3/klines?symbol=CHRUSDT&interval=1m&limit=100 (Caused by ConnectTimeoutError(<urllib3.connection.HTTPSConnection object at 0x7f04edf8c7f0>, 'Connection to api.binance.com timed out. (connect timeout=15)'))
[2025-08-17T10:44:10.256+0000] {subprocess.py:93} INFO - ⚠️ MAVUSDT lỗi lần 1/3: HTTPSConnectionPool(host='api.binance.com', port=443): Max retries exceeded with url: /api/v3/klines?symbol=MAVUSDT&interval=1m&limit=100 (Caused by ConnectTimeoutError(<urllib3.connection.HTTPSConnection object at 0x7f04edf5d9f0>, 'Connection to api.binance.com timed out. (connect timeout=15)'))
[2025-08-17T10:44:10.256+0000] {subprocess.py:93} INFO - ⚠️ BERAUSDT lỗi lần 1/3: HTTPSConnectionPool(host='api.binance.com', port=443): Max retries exceeded with url: /api/v3/klines?symbol=BERAUSDT&interval=1m&limit=100 (Caused by ConnectTimeoutError(<urllib3.connection.HTTPSConnection object at 0x7f04edf8e590>, 'Connection to api.binance.com timed out. (connect timeout=15)'))
[2025-08-17T10:44:10.257+0000] {subprocess.py:93} INFO - ⚠️ OGNUSDT lỗi lần 2/3: HTTPSConnectionPool(host='api.binance.com', port=443): Max retries exceeded with url: /api/v3/klines?symbol=OGNUSDT&interval=1m&limit=100 (Caused by ConnectTimeoutError(<urllib3.connection.HTTPSConnection object at 0x7f04edf5d390>, 'Connection to api.binance.com timed out. (connect timeout=15)'))
[2025-08-17T10:44:10.257+0000] {subprocess.py:93} INFO - ⚠️ MAVUSDT lỗi lần 2/3: HTTPSConnectionPool(host='api.binance.com', port=443): Max retries exceeded with url: /api/v3/klines?symbol=MAVUSDT&interval=1m&limit=100 (Caused by ConnectTimeoutError(<urllib3.connection.HTTPSConnection object at 0x7f04edf85cc0>, 'Connection to api.binance.com timed out. (connect timeout=15)'))
[2025-08-17T10:44:10.257+0000] {subprocess.py:93} INFO - ⚠️ XLMUSDT lỗi lần 2/3: HTTPSConnectionPool(host='api.binance.com', port=443): Max retries exceeded with url: /api/v3/klines?symbol=XLMUSDT&interval=1m&limit=100 (Caused by ConnectTimeoutError(<urllib3.connection.HTTPSConnection object at 0x7f04edf87ee0>, 'Connection to api.binance.com timed out. (connect timeout=15)'))
[2025-08-17T10:44:10.258+0000] {subprocess.py:93} INFO - ⚠️ CHRUSDT lỗi lần 2/3: HTTPSConnectionPool(host='api.binance.com', port=443): Max retries exceeded with url: /api/v3/klines?symbol=CHRUSDT&interval=1m&limit=100 (Caused by ConnectTimeoutError(<urllib3.connection.HTTPSConnection object at 0x7f04edf87d60>, 'Connection to api.binance.com timed out. (connect timeout=15)'))
[2025-08-17T10:44:10.258+0000] {subprocess.py:93} INFO - ✅ BERAUSDT: thêm 7 dòng mới
[2025-08-17T10:44:10.258+0000] {subprocess.py:93} INFO - 39/100 BERAUSDT lưu OK
[2025-08-17T10:44:10.259+0000] {subprocess.py:93} INFO - ✅ BONKUSDT: thêm 7 dòng mới
[2025-08-17T10:44:10.259+0000] {subprocess.py:93} INFO - 40/100 BONKUSDT lưu OK
[2025-08-17T10:44:10.259+0000] {subprocess.py:93} INFO - ⚠️ RAYUSDT lỗi lần 1/3: HTTPSConnectionPool(host='api.binance.com', port=443): Max retries exceeded with url: /api/v3/klines?symbol=RAYUSDT&interval=1m&limit=100 (Caused by ConnectTimeoutError(<urllib3.connection.HTTPSConnection object at 0x7f04edf5f5b0>, 'Connection to api.binance.com timed out. (connect timeout=15)'))
[2025-08-17T10:44:10.259+0000] {subprocess.py:93} INFO - ⚠️ CHRUSDT lỗi lần 3/3: HTTPSConnectionPool(host='api.binance.com', port=443): Max retries exceeded with url: /api/v3/klines?symbol=CHRUSDT&interval=1m&limit=100 (Caused by ConnectTimeoutError(<urllib3.connection.HTTPSConnection object at 0x7f04edf8e800>, 'Connection to api.binance.com timed out. (connect timeout=15)'))
[2025-08-17T10:44:10.260+0000] {subprocess.py:93} INFO - ⚠️ OGNUSDT lỗi lần 3/3: HTTPSConnectionPool(host='api.binance.com', port=443): Max retries exceeded with url: /api/v3/klines?symbol=OGNUSDT&interval=1m&limit=100 (Caused by ConnectTimeoutError(<urllib3.connection.HTTPSConnection object at 0x7f04edf8c370>, 'Connection to api.binance.com timed out. (connect timeout=15)'))
[2025-08-17T10:44:10.260+0000] {subprocess.py:93} INFO - ⚠️ XLMUSDT lỗi lần 3/3: HTTPSConnectionPool(host='api.binance.com', port=443): Max retries exceeded with url: /api/v3/klines?symbol=XLMUSDT&interval=1m&limit=100 (Caused by ConnectTimeoutError(<urllib3.connection.HTTPSConnection object at 0x7f04edf8df00>, 'Connection to api.binance.com timed out. (connect timeout=15)'))
[2025-08-17T10:44:10.260+0000] {subprocess.py:93} INFO - ⚠️ MAVUSDT lỗi lần 3/3: HTTPSConnectionPool(host='api.binance.com', port=443): Max retries exceeded with url: /api/v3/klines?symbol=MAVUSDT&interval=1m&limit=100 (Caused by ConnectTimeoutError(<urllib3.connection.HTTPSConnection object at 0x7f04edf8d1e0>, 'Connection to api.binance.com timed out. (connect timeout=15)'))
[2025-08-17T10:44:10.261+0000] {subprocess.py:93} INFO - 41/100 CHRUSDT bỏ qua (fail)
[2025-08-17T10:44:10.261+0000] {subprocess.py:93} INFO - 42/100 OGNUSDT bỏ qua (fail)
[2025-08-17T10:44:10.261+0000] {subprocess.py:93} INFO - 43/100 XLMUSDT bỏ qua (fail)
[2025-08-17T10:44:10.261+0000] {subprocess.py:93} INFO - 44/100 MAVUSDT bỏ qua (fail)
[2025-08-17T10:44:10.262+0000] {subprocess.py:93} INFO - ✅ RAYUSDT: thêm 7 dòng mới
[2025-08-17T10:44:10.262+0000] {subprocess.py:93} INFO - 45/100 RAYUSDT lưu OK
[2025-08-17T10:44:10.262+0000] {subprocess.py:93} INFO - ✅ APTUSDT: thêm 7 dòng mới
[2025-08-17T10:44:10.262+0000] {subprocess.py:93} INFO - 46/100 APTUSDT lưu OK
[2025-08-17T10:44:10.263+0000] {subprocess.py:93} INFO - 47/100 LPTUSDT lỗi: relation "cryptocurrency.lptusdt" does not exist
[2025-08-17T10:44:10.263+0000] {subprocess.py:93} INFO - LINE 1: SELECT MAX(time) FROM cryptocurrency.lptusdt;
[2025-08-17T10:44:10.263+0000] {subprocess.py:93} INFO -                               ^
[2025-08-17T10:44:10.264+0000] {subprocess.py:93} INFO - 
[2025-08-17T10:44:10.264+0000] {subprocess.py:93} INFO - ⚠️ LRCUSDT lỗi lần 1/3: HTTPSConnectionPool(host='api.binance.com', port=443): Max retries exceeded with url: /api/v3/klines?symbol=LRCUSDT&interval=1m&limit=100 (Caused by ConnectTimeoutError(<urllib3.connection.HTTPSConnection object at 0x7f04ecb440d0>, 'Connection to api.binance.com timed out. (connect timeout=15)'))
[2025-08-17T10:44:10.264+0000] {subprocess.py:93} INFO - ✅ LRCUSDT: thêm 13 dòng mới
[2025-08-17T10:44:10.264+0000] {subprocess.py:93} INFO - 48/100 LRCUSDT lưu OK
[2025-08-17T10:44:10.265+0000] {subprocess.py:93} INFO - ✅ BCHUSDT: thêm 6 dòng mới
[2025-08-17T10:44:10.265+0000] {subprocess.py:93} INFO - 49/100 BCHUSDT lưu OK
[2025-08-17T10:44:10.265+0000] {subprocess.py:93} INFO - ✅ ASRUSDT: thêm 6 dòng mới
[2025-08-17T10:44:10.265+0000] {subprocess.py:93} INFO - 50/100 ASRUSDT lưu OK
[2025-08-17T10:44:10.266+0000] {subprocess.py:93} INFO - ✅ ONDOUSDT: thêm 6 dòng mới
[2025-08-17T10:44:10.266+0000] {subprocess.py:93} INFO - 51/100 ONDOUSDT lưu OK
[2025-08-17T10:44:10.266+0000] {subprocess.py:93} INFO - ✅ GALAUSDT: thêm 6 dòng mới
[2025-08-17T10:44:10.267+0000] {subprocess.py:93} INFO - 52/100 GALAUSDT lưu OK
[2025-08-17T10:44:10.267+0000] {subprocess.py:93} INFO - ⚠️ CELRUSDT lỗi lần 1/3: HTTPSConnectionPool(host='api.binance.com', port=443): Max retries exceeded with url: /api/v3/klines?symbol=CELRUSDT&interval=1m&limit=100 (Caused by ConnectTimeoutError(<urllib3.connection.HTTPSConnection object at 0x7f04edf5ec80>, 'Connection to api.binance.com timed out. (connect timeout=15)'))
[2025-08-17T10:44:10.267+0000] {subprocess.py:93} INFO - ✅ EIGENUSDT: thêm 6 dòng mới
[2025-08-17T10:44:10.268+0000] {subprocess.py:93} INFO - 53/100 EIGENUSDT lưu OK
[2025-08-17T10:44:10.268+0000] {subprocess.py:93} INFO - ✅ TONUSDT: thêm 7 dòng mới
[2025-08-17T10:44:10.268+0000] {subprocess.py:93} INFO - 54/100 TONUSDT lưu OK
[2025-08-17T10:44:10.268+0000] {subprocess.py:93} INFO - 55/100 MOVRUSDT lỗi: relation "cryptocurrency.movrusdt" does not exist
[2025-08-17T10:44:10.269+0000] {subprocess.py:93} INFO - LINE 1: SELECT MAX(time) FROM cryptocurrency.movrusdt;
[2025-08-17T10:44:10.269+0000] {subprocess.py:93} INFO -                               ^
[2025-08-17T10:44:10.269+0000] {subprocess.py:93} INFO - 
[2025-08-17T10:44:10.270+0000] {subprocess.py:93} INFO - ✅ PORTOUSDT: thêm 6 dòng mới
[2025-08-17T10:44:10.270+0000] {subprocess.py:93} INFO - 56/100 PORTOUSDT lưu OK
[2025-08-17T10:44:10.270+0000] {subprocess.py:93} INFO - ✅ TIAUSDT: thêm 6 dòng mới
[2025-08-17T10:44:10.270+0000] {subprocess.py:93} INFO - 57/100 TIAUSDT lưu OK
[2025-08-17T10:44:10.271+0000] {subprocess.py:93} INFO - ✅ TAOUSDT: thêm 6 dòng mới
[2025-08-17T10:44:10.271+0000] {subprocess.py:93} INFO - 58/100 TAOUSDT lưu OK
[2025-08-17T10:44:10.271+0000] {subprocess.py:93} INFO - ✅ PENDLEUSDT: thêm 6 dòng mới
[2025-08-17T10:44:10.272+0000] {subprocess.py:93} INFO - 59/100 PENDLEUSDT lưu OK
[2025-08-17T10:44:10.272+0000] {subprocess.py:93} INFO - 60/100 BANDUSDT lỗi: relation "cryptocurrency.bandusdt" does not exist
[2025-08-17T10:44:10.272+0000] {subprocess.py:93} INFO - LINE 1: SELECT MAX(time) FROM cryptocurrency.bandusdt;
[2025-08-17T10:44:10.272+0000] {subprocess.py:93} INFO -                               ^
[2025-08-17T10:44:10.273+0000] {subprocess.py:93} INFO - 
[2025-08-17T10:44:10.273+0000] {subprocess.py:93} INFO - ✅ BATUSDT: thêm 6 dòng mới
[2025-08-17T10:44:10.273+0000] {subprocess.py:93} INFO - 61/100 BATUSDT lưu OK
[2025-08-17T10:44:10.273+0000] {subprocess.py:93} INFO - 62/100 NMRUSDT lỗi: relation "cryptocurrency.nmrusdt" does not exist
[2025-08-17T10:44:10.274+0000] {subprocess.py:93} INFO - LINE 1: SELECT MAX(time) FROM cryptocurrency.nmrusdt;
[2025-08-17T10:44:10.274+0000] {subprocess.py:93} INFO -                               ^
[2025-08-17T10:44:10.274+0000] {subprocess.py:93} INFO - 
[2025-08-17T10:44:10.274+0000] {subprocess.py:93} INFO - ✅ CELRUSDT: thêm 6 dòng mới
[2025-08-17T10:44:10.275+0000] {subprocess.py:93} INFO - ✅ INJUSDT: thêm 6 dòng mới
[2025-08-17T10:44:10.275+0000] {subprocess.py:93} INFO - 63/100 CELRUSDT lưu OK
[2025-08-17T10:44:10.275+0000] {subprocess.py:93} INFO - 64/100 INJUSDT lưu OK
[2025-08-17T10:44:10.276+0000] {subprocess.py:93} INFO - ✅ ETHFIUSDT: thêm 6 dòng mới
[2025-08-17T10:44:10.276+0000] {subprocess.py:93} INFO - 65/100 ETHFIUSDT lưu OK
[2025-08-17T10:44:10.276+0000] {subprocess.py:93} INFO - 66/100 BBUSDT lỗi: relation "cryptocurrency.bbusdt" does not exist
[2025-08-17T10:44:10.276+0000] {subprocess.py:93} INFO - LINE 1: SELECT MAX(time) FROM cryptocurrency.bbusdt;
[2025-08-17T10:44:10.277+0000] {subprocess.py:93} INFO -                               ^
[2025-08-17T10:44:10.277+0000] {subprocess.py:93} INFO - 
[2025-08-17T10:44:10.277+0000] {subprocess.py:93} INFO - 67/100 NEARUSDT lỗi: connection to server at "videv.cloud" (27.74.74.29), port 5432 failed: Connection timed out
[2025-08-17T10:44:10.277+0000] {subprocess.py:93} INFO - 	Is the server running on that host and accepting TCP/IP connections?
[2025-08-17T10:44:10.278+0000] {subprocess.py:93} INFO - 
[2025-08-17T10:44:10.278+0000] {subprocess.py:93} INFO - ✅ RENDERUSDT: thêm 7 dòng mới
[2025-08-17T10:44:10.278+0000] {subprocess.py:93} INFO - 68/100 RENDERUSDT lưu OK
[2025-08-17T10:44:10.278+0000] {subprocess.py:93} INFO - ⚠️ ALGOUSDT lỗi lần 1/3: HTTPSConnectionPool(host='api.binance.com', port=443): Max retries exceeded with url: /api/v3/klines?symbol=ALGOUSDT&interval=1m&limit=100 (Caused by ConnectTimeoutError(<urllib3.connection.HTTPSConnection object at 0x7f04edf45120>, 'Connection to api.binance.com timed out. (connect timeout=15)'))
[2025-08-17T10:46:17.017+0000] {subprocess.py:93} INFO - ⚠️ ETCUSDT lỗi lần 1/3: HTTPSConnectionPool(host='api.binance.com', port=443): Max retries exceeded with url: /api/v3/klines?symbol=ETCUSDT&interval=1m&limit=100 (Caused by ConnectTimeoutError(<urllib3.connection.HTTPSConnection object at 0x7f04edf8f0a0>, 'Connection to api.binance.com timed out. (connect timeout=15)'))
[2025-08-17T10:46:17.018+0000] {subprocess.py:93} INFO - ✅ ETCUSDT: thêm 7 dòng mới
[2025-08-17T10:46:17.018+0000] {subprocess.py:93} INFO - 69/100 ETCUSDT lưu OK
[2025-08-17T10:46:17.018+0000] {subprocess.py:93} INFO - 70/100 BIOUSDT lỗi: relation "cryptocurrency.biousdt" does not exist
[2025-08-17T10:46:17.019+0000] {subprocess.py:93} INFO - LINE 1: SELECT MAX(time) FROM cryptocurrency.biousdt;
[2025-08-17T10:46:17.019+0000] {subprocess.py:93} INFO -                               ^
[2025-08-17T10:46:17.019+0000] {subprocess.py:93} INFO - 
[2025-08-17T10:46:17.019+0000] {subprocess.py:93} INFO - ✅ CAKEUSDT: thêm 7 dòng mới
[2025-08-17T10:46:17.020+0000] {subprocess.py:93} INFO - 71/100 CAKEUSDT lưu OK
[2025-08-17T10:46:17.020+0000] {subprocess.py:93} INFO - ✅ SYRUPUSDT: thêm 7 dòng mới
[2025-08-17T10:46:17.020+0000] {subprocess.py:93} INFO - 72/100 SYRUPUSDT lưu OK
[2025-08-17T10:46:17.020+0000] {subprocess.py:93} INFO - ✅ POLUSDT: thêm 7 dòng mới
[2025-08-17T10:46:17.020+0000] {subprocess.py:93} INFO - 73/100 POLUSDT lưu OK
[2025-08-17T10:46:17.021+0000] {subprocess.py:93} INFO - ✅ ALGOUSDT: thêm 6 dòng mới
[2025-08-17T10:46:17.021+0000] {subprocess.py:93} INFO - 74/100 ALGOUSDT lưu OK
[2025-08-17T10:46:17.021+0000] {subprocess.py:93} INFO - ✅ ERAUSDT: thêm 7 dòng mới
[2025-08-17T10:46:17.021+0000] {subprocess.py:93} INFO - 75/100 ERAUSDT lưu OK
[2025-08-17T10:46:17.021+0000] {subprocess.py:93} INFO - ✅ SPKUSDT: thêm 6 dòng mới
[2025-08-17T10:46:17.022+0000] {subprocess.py:93} INFO - 76/100 SPKUSDT lưu OK
[2025-08-17T10:46:17.022+0000] {subprocess.py:93} INFO - ✅ VIRTUALUSDT: thêm 6 dòng mới
[2025-08-17T10:46:17.022+0000] {subprocess.py:93} INFO - 77/100 VIRTUALUSDT lưu OK
[2025-08-17T10:46:17.023+0000] {subprocess.py:93} INFO - ✅ SHIBUSDT: thêm 13 dòng mới
[2025-08-17T10:46:17.023+0000] {subprocess.py:93} INFO - 78/100 SHIBUSDT lưu OK
[2025-08-17T10:46:17.023+0000] {subprocess.py:93} INFO - ✅ FETUSDT: thêm 6 dòng mới
[2025-08-17T10:46:17.023+0000] {subprocess.py:93} INFO - 79/100 FETUSDT lưu OK
[2025-08-17T10:46:17.024+0000] {subprocess.py:93} INFO - ✅ LAUSDT: thêm 7 dòng mới
[2025-08-17T10:46:17.024+0000] {subprocess.py:93} INFO - 80/100 LAUSDT lưu OK
[2025-08-17T10:46:17.024+0000] {subprocess.py:93} INFO - 81/100 CRVUSDT lỗi: connection to server at "videv.cloud" (27.74.74.29), port 5432 failed: Connection timed out
[2025-08-17T10:46:17.024+0000] {subprocess.py:93} INFO - 	Is the server running on that host and accepting TCP/IP connections?
[2025-08-17T10:46:17.025+0000] {subprocess.py:93} INFO - 
[2025-08-17T10:46:17.025+0000] {subprocess.py:93} INFO - 82/100 STRKUSDT lỗi: relation "cryptocurrency.strkusdt" does not exist
[2025-08-17T10:46:17.025+0000] {subprocess.py:93} INFO - LINE 1: SELECT MAX(time) FROM cryptocurrency.strkusdt;
[2025-08-17T10:46:17.025+0000] {subprocess.py:93} INFO -                               ^
[2025-08-17T10:46:17.026+0000] {subprocess.py:93} INFO - 
[2025-08-17T10:46:17.026+0000] {subprocess.py:93} INFO - ✅ MDTUSDT: thêm 13 dòng mới
[2025-08-17T10:46:17.026+0000] {subprocess.py:93} INFO - 83/100 MDTUSDT lưu OK
[2025-08-17T10:46:17.026+0000] {subprocess.py:93} INFO - ⚠️ PNUTUSDT lỗi lần 1/3: HTTPSConnectionPool(host='api.binance.com', port=443): Max retries exceeded with url: /api/v3/klines?symbol=PNUTUSDT&interval=1m&limit=100 (Caused by ConnectTimeoutError(<urllib3.connection.HTTPSConnection object at 0x7f04edf45330>, 'Connection to api.binance.com timed out. (connect timeout=15)'))
[2025-08-17T10:46:17.027+0000] {subprocess.py:93} INFO - ⚠️ CFXUSDT lỗi lần 1/3: HTTPSConnectionPool(host='api.binance.com', port=443): Max retries exceeded with url: /api/v3/klines?symbol=CFXUSDT&interval=1m&limit=100 (Caused by ConnectTimeoutError(<urllib3.connection.HTTPSConnection object at 0x7f04edf5e5c0>, 'Connection to api.binance.com timed out. (connect timeout=15)'))
[2025-08-17T10:46:17.027+0000] {subprocess.py:93} INFO - ⚠️ EURUSDT lỗi lần 1/3: HTTPSConnectionPool(host='api.binance.com', port=443): Max retries exceeded with url: /api/v3/klines?symbol=EURUSDT&interval=1m&limit=100 (Caused by ConnectTimeoutError(<urllib3.connection.HTTPSConnection object at 0x7f04edf5f9d0>, 'Connection to api.binance.com timed out. (connect timeout=15)'))
[2025-08-17T10:46:17.027+0000] {subprocess.py:93} INFO - 84/100 CYBERUSDT lỗi: connection to server at "videv.cloud" (27.74.74.29), port 5432 failed: Connection timed out
[2025-08-17T10:46:17.028+0000] {subprocess.py:93} INFO - 	Is the server running on that host and accepting TCP/IP connections?
[2025-08-17T10:46:17.028+0000] {subprocess.py:93} INFO - 
[2025-08-17T10:46:17.028+0000] {subprocess.py:93} INFO - ✅ EURUSDT: thêm 6 dòng mới
[2025-08-17T10:46:17.028+0000] {subprocess.py:93} INFO - 85/100 EURUSDT lưu OK
[2025-08-17T10:46:17.029+0000] {subprocess.py:93} INFO - 86/100 OPUSDT lỗi: connection to server at "videv.cloud" (27.74.74.29), port 5432 failed: Connection timed out
[2025-08-17T10:46:17.029+0000] {subprocess.py:93} INFO - 	Is the server running on that host and accepting TCP/IP connections?
[2025-08-17T10:46:17.029+0000] {subprocess.py:93} INFO - 
[2025-08-17T10:46:17.030+0000] {subprocess.py:93} INFO - ⚠️ PNUTUSDT lỗi lần 2/3: HTTPSConnectionPool(host='api.binance.com', port=443): Max retries exceeded with url: /api/v3/klines?symbol=PNUTUSDT&interval=1m&limit=100 (Caused by ConnectTimeoutError(<urllib3.connection.HTTPSConnection object at 0x7f04edf8ee60>, 'Connection to api.binance.com timed out. (connect timeout=15)'))
[2025-08-17T10:46:17.032+0000] {subprocess.py:93} INFO - ⚠️ CFXUSDT lỗi lần 2/3: HTTPSConnectionPool(host='api.binance.com', port=443): Max retries exceeded with url: /api/v3/klines?symbol=CFXUSDT&interval=1m&limit=100 (Caused by ConnectTimeoutError(<urllib3.connection.HTTPSConnection object at 0x7f04edf8ce50>, 'Connection to api.binance.com timed out. (connect timeout=15)'))
[2025-08-17T10:46:17.032+0000] {subprocess.py:93} INFO - ✅ ENSUSDT: thêm 6 dòng mới
[2025-08-17T10:46:17.032+0000] {subprocess.py:93} INFO - 87/100 ENSUSDT lưu OK
[2025-08-17T10:46:17.032+0000] {subprocess.py:93} INFO - ⚠️ HOTUSDT lỗi lần 1/3: HTTPSConnectionPool(host='api.binance.com', port=443): Max retries exceeded with url: /api/v3/klines?symbol=HOTUSDT&interval=1m&limit=100 (Caused by ConnectTimeoutError(<urllib3.connection.HTTPSConnection object at 0x7f04edf5c2e0>, 'Connection to api.binance.com timed out. (connect timeout=15)'))
[2025-08-17T10:46:17.033+0000] {subprocess.py:93} INFO - ✅ CFXUSDT: thêm 6 dòng mới
[2025-08-17T10:46:17.033+0000] {subprocess.py:93} INFO - 88/100 CFXUSDT lưu OK
[2025-08-17T10:46:17.033+0000] {subprocess.py:93} INFO - ⚠️ TREEUSDT lỗi lần 1/3: HTTPSConnectionPool(host='api.binance.com', port=443): Max retries exceeded with url: /api/v3/klines?symbol=TREEUSDT&interval=1m&limit=100 (Caused by ConnectTimeoutError(<urllib3.connection.HTTPSConnection object at 0x7f04edf45720>, 'Connection to api.binance.com timed out. (connect timeout=15)'))
[2025-08-17T10:46:17.033+0000] {subprocess.py:93} INFO - 89/100 TREEUSDT lỗi: relation "cryptocurrency.treeusdt" does not exist
[2025-08-17T10:46:17.034+0000] {subprocess.py:93} INFO - LINE 1: SELECT MAX(time) FROM cryptocurrency.treeusdt;
[2025-08-17T10:46:17.034+0000] {subprocess.py:93} INFO -                               ^
[2025-08-17T10:46:17.034+0000] {subprocess.py:93} INFO - 
[2025-08-17T10:46:17.034+0000] {subprocess.py:93} INFO - 90/100 VETUSDT lỗi: relation "cryptocurrency.vetusdt" does not exist
[2025-08-17T10:46:17.035+0000] {subprocess.py:93} INFO - LINE 1: SELECT MAX(time) FROM cryptocurrency.vetusdt;
[2025-08-17T10:46:17.035+0000] {subprocess.py:93} INFO -                               ^
[2025-08-17T10:46:17.035+0000] {subprocess.py:93} INFO - 
[2025-08-17T10:46:17.035+0000] {subprocess.py:93} INFO - ⚠️ HOTUSDT lỗi lần 2/3: HTTPSConnectionPool(host='api.binance.com', port=443): Max retries exceeded with url: /api/v3/klines?symbol=HOTUSDT&interval=1m&limit=100 (Caused by ConnectTimeoutError(<urllib3.connection.HTTPSConnection object at 0x7f04edf45ab0>, 'Connection to api.binance.com timed out. (connect timeout=15)'))
[2025-08-17T10:46:17.035+0000] {subprocess.py:93} INFO - ✅ LUNCUSDT: thêm 7 dòng mới
[2025-08-17T10:46:17.036+0000] {subprocess.py:93} INFO - 91/100 LUNCUSDT lưu OK
[2025-08-17T10:46:17.036+0000] {subprocess.py:93} INFO - 92/100 HOTUSDT lỗi: relation "cryptocurrency.hotusdt" does not exist
[2025-08-17T10:46:17.036+0000] {subprocess.py:93} INFO - LINE 1: SELECT MAX(time) FROM cryptocurrency.hotusdt;
[2025-08-17T10:46:17.036+0000] {subprocess.py:93} INFO -                               ^
[2025-08-17T10:46:17.037+0000] {subprocess.py:93} INFO - 
[2025-08-17T10:46:17.037+0000] {subprocess.py:93} INFO - 93/100 ATOMUSDT lỗi: relation "cryptocurrency.atomusdt" does not exist
[2025-08-17T10:46:17.037+0000] {subprocess.py:93} INFO - LINE 1: SELECT MAX(time) FROM cryptocurrency.atomusdt;
[2025-08-17T10:46:17.037+0000] {subprocess.py:93} INFO -                               ^
[2025-08-17T10:46:17.038+0000] {subprocess.py:93} INFO - 
[2025-08-17T10:46:17.038+0000] {subprocess.py:93} INFO - ✅ ICPUSDT: thêm 6 dòng mới
[2025-08-17T10:46:17.038+0000] {subprocess.py:93} INFO - 94/100 ICPUSDT lưu OK
[2025-08-17T10:46:17.038+0000] {subprocess.py:93} INFO - ✅ PNUTUSDT: thêm 6 dòng mới
[2025-08-17T10:46:17.039+0000] {subprocess.py:93} INFO - 95/100 PNUTUSDT lưu OK
[2025-08-17T10:46:17.039+0000] {subprocess.py:93} INFO - ✅ ARKMUSDT: thêm 6 dòng mới
[2025-08-17T10:46:17.039+0000] {subprocess.py:93} INFO - 96/100 ARKMUSDT lưu OK
[2025-08-17T10:46:17.039+0000] {subprocess.py:93} INFO - 97/100 FLOKIUSDT lỗi: connection to server at "videv.cloud" (27.74.74.29), port 5432 failed: Connection timed out
[2025-08-17T10:46:17.040+0000] {subprocess.py:93} INFO - 	Is the server running on that host and accepting TCP/IP connections?
[2025-08-17T10:46:17.040+0000] {subprocess.py:93} INFO - 
[2025-08-17T10:46:17.040+0000] {subprocess.py:93} INFO - 98/100 DOTUSDT lỗi: connection to server at "videv.cloud" (27.74.74.29), port 5432 failed: Connection timed out
[2025-08-17T10:46:17.040+0000] {subprocess.py:93} INFO - 	Is the server running on that host and accepting TCP/IP connections?
[2025-08-17T10:46:17.041+0000] {subprocess.py:93} INFO - 
[2025-08-17T10:46:17.041+0000] {subprocess.py:93} INFO - 99/100 NEIROUSDT lỗi: connection to server at "videv.cloud" (27.74.74.29), port 5432 failed: Connection timed out
[2025-08-17T10:46:17.041+0000] {subprocess.py:93} INFO - 	Is the server running on that host and accepting TCP/IP connections?
[2025-08-17T10:46:17.041+0000] {subprocess.py:93} INFO - 
[2025-08-17T10:46:17.041+0000] {subprocess.py:93} INFO - 100/100 FILUSDT lỗi: connection to server at "videv.cloud" (27.74.74.29), port 5432 failed: Connection timed out
[2025-08-17T10:46:17.042+0000] {subprocess.py:93} INFO - 	Is the server running on that host and accepting TCP/IP connections?
[2025-08-17T10:46:17.042+0000] {subprocess.py:93} INFO - 
[2025-08-17T10:46:17.160+0000] {subprocess.py:97} INFO - Command exited with return code 0
[2025-08-17T10:46:17.161+0000] {taskinstance.py:441} INFO - ::group::Post task execution logs
[2025-08-17T10:46:17.189+0000] {taskinstance.py:1206} INFO - Marking task as SUCCESS. dag_id=crypto_collector_dag, task_id=run_crypto_collector, run_id=scheduled__2025-08-17T10:39:00+00:00, execution_date=20250817T103900, start_date=20250817T104017, end_date=20250817T104617
[2025-08-17T10:46:17.225+0000] {local_task_job_runner.py:240} INFO - Task exited with return code 0
[2025-08-17T10:46:17.243+0000] {taskinstance.py:3498} INFO - 0 downstream tasks scheduled from follow-on schedule check
[2025-08-17T10:46:17.244+0000] {local_task_job_runner.py:222} INFO - ::endgroup::
