[2025-09-01T10:25:56.330+0000] {local_task_job_runner.py:120} INFO - ::group::Pre task execution logs
[2025-09-01T10:25:56.366+0000] {taskinstance.py:2076} INFO - Dependencies all met for dep_context=non-requeueable deps ti=<TaskInstance: market_table_foreign.activity_ALL scheduled__2025-08-31T17:03:00+00:00 [queued]>
[2025-09-01T10:25:56.380+0000] {taskinstance.py:2076} INFO - Dependencies all met for dep_context=requeueable deps ti=<TaskInstance: market_table_foreign.activity_ALL scheduled__2025-08-31T17:03:00+00:00 [queued]>
[2025-09-01T10:25:56.381+0000] {taskinstance.py:2306} INFO - Starting attempt 1 of 11
[2025-09-01T10:25:56.399+0000] {taskinstance.py:2330} INFO - Executing <Task(PythonOperator): activity_ALL> on 2025-08-31 17:03:00+00:00
[2025-09-01T10:25:56.408+0000] {standard_task_runner.py:63} INFO - Started process 2317794 to run task
[2025-09-01T10:25:56.414+0000] {standard_task_runner.py:90} INFO - Running: ['***', 'tasks', 'run', 'market_table_foreign', 'activity_ALL', 'scheduled__2025-08-31T17:03:00+00:00', '--job-id', '42089', '--raw', '--subdir', 'DAGS_FOLDER/dag_market_live.py', '--cfg-path', '/tmp/tmpl6jcw5db']
[2025-09-01T10:25:56.418+0000] {standard_task_runner.py:91} INFO - Job 42089: Subtask activity_ALL
[2025-09-01T10:25:56.487+0000] {task_command.py:426} INFO - Running <TaskInstance: market_table_foreign.activity_ALL scheduled__2025-08-31T17:03:00+00:00 [running]> on host 1877907bc043
[2025-09-01T10:25:56.622+0000] {taskinstance.py:2648} INFO - Exporting env vars: AIRFLOW_CTX_DAG_OWNER='***' AIRFLOW_CTX_DAG_ID='market_table_foreign' AIRFLOW_CTX_TASK_ID='activity_ALL' AIRFLOW_CTX_EXECUTION_DATE='2025-08-31T17:03:00+00:00' AIRFLOW_CTX_TRY_NUMBER='1' AIRFLOW_CTX_DAG_RUN_ID='scheduled__2025-08-31T17:03:00+00:00'
[2025-09-01T10:25:56.623+0000] {taskinstance.py:430} INFO - ::endgroup::
[2025-09-01T10:25:56.637+0000] {activity_ALL.py:17} INFO - Kết nối DB
[2025-09-01T10:25:57.025+0000] {activity_ALL.py:53} INFO - Đã lưu activity_ALL
[2025-09-01T10:25:57.026+0000] {python.py:237} INFO - Done. Returned value was: None
[2025-09-01T10:25:57.027+0000] {taskinstance.py:441} INFO - ::group::Post task execution logs
[2025-09-01T10:25:57.039+0000] {taskinstance.py:1206} INFO - Marking task as SUCCESS. dag_id=market_table_foreign, task_id=activity_ALL, run_id=scheduled__2025-08-31T17:03:00+00:00, execution_date=20250831T170300, start_date=20250901T102556, end_date=20250901T102557
[2025-09-01T10:25:57.066+0000] {local_task_job_runner.py:240} INFO - Task exited with return code 0
[2025-09-01T10:25:57.088+0000] {taskinstance.py:3498} INFO - 0 downstream tasks scheduled from follow-on schedule check
[2025-09-01T10:25:57.089+0000] {local_task_job_runner.py:222} INFO - ::endgroup::
[2025-09-01T10:27:01.305+0000] {local_task_job_runner.py:120} INFO - ::group::Pre task execution logs
[2025-09-01T10:27:01.335+0000] {taskinstance.py:2076} INFO - Dependencies all met for dep_context=non-requeueable deps ti=<TaskInstance: market_table_foreign.activity_ALL scheduled__2025-08-31T17:03:00+00:00 [queued]>
[2025-09-01T10:27:01.345+0000] {taskinstance.py:2076} INFO - Dependencies all met for dep_context=requeueable deps ti=<TaskInstance: market_table_foreign.activity_ALL scheduled__2025-08-31T17:03:00+00:00 [queued]>
[2025-09-01T10:27:01.345+0000] {taskinstance.py:2306} INFO - Starting attempt 1 of 11
[2025-09-01T10:27:01.360+0000] {taskinstance.py:2330} INFO - Executing <Task(PythonOperator): activity_ALL> on 2025-08-31 17:03:00+00:00
[2025-09-01T10:27:01.371+0000] {standard_task_runner.py:63} INFO - Started process 2318567 to run task
[2025-09-01T10:27:01.387+0000] {standard_task_runner.py:90} INFO - Running: ['***', 'tasks', 'run', 'market_table_foreign', 'activity_ALL', 'scheduled__2025-08-31T17:03:00+00:00', '--job-id', '42322', '--raw', '--subdir', 'DAGS_FOLDER/dag_market_live.py', '--cfg-path', '/tmp/tmppmg_sxm9']
[2025-09-01T10:27:01.415+0000] {standard_task_runner.py:91} INFO - Job 42322: Subtask activity_ALL
[2025-09-01T10:27:01.489+0000] {task_command.py:426} INFO - Running <TaskInstance: market_table_foreign.activity_ALL scheduled__2025-08-31T17:03:00+00:00 [running]> on host 1877907bc043
[2025-09-01T10:27:01.620+0000] {taskinstance.py:2648} INFO - Exporting env vars: AIRFLOW_CTX_DAG_OWNER='***' AIRFLOW_CTX_DAG_ID='market_table_foreign' AIRFLOW_CTX_TASK_ID='activity_ALL' AIRFLOW_CTX_EXECUTION_DATE='2025-08-31T17:03:00+00:00' AIRFLOW_CTX_TRY_NUMBER='1' AIRFLOW_CTX_DAG_RUN_ID='scheduled__2025-08-31T17:03:00+00:00'
[2025-09-01T10:27:01.622+0000] {taskinstance.py:430} INFO - ::endgroup::
[2025-09-01T10:27:01.636+0000] {activity_ALL.py:17} INFO - Kết nối DB
[2025-09-01T10:27:01.955+0000] {activity_ALL.py:53} INFO - Đã lưu activity_ALL
[2025-09-01T10:27:01.956+0000] {python.py:237} INFO - Done. Returned value was: None
[2025-09-01T10:27:01.957+0000] {taskinstance.py:441} INFO - ::group::Post task execution logs
[2025-09-01T10:27:01.974+0000] {taskinstance.py:1206} INFO - Marking task as SUCCESS. dag_id=market_table_foreign, task_id=activity_ALL, run_id=scheduled__2025-08-31T17:03:00+00:00, execution_date=20250831T170300, start_date=20250901T102701, end_date=20250901T102701
[2025-09-01T10:27:02.046+0000] {local_task_job_runner.py:240} INFO - Task exited with return code 0
[2025-09-01T10:27:02.070+0000] {taskinstance.py:3498} INFO - 0 downstream tasks scheduled from follow-on schedule check
[2025-09-01T10:27:02.072+0000] {local_task_job_runner.py:222} INFO - ::endgroup::
