[2025-09-08T03:32:01.638+0000] {local_task_job_runner.py:120} INFO - ::group::Pre task execution logs
[2025-09-08T03:32:01.665+0000] {taskinstance.py:2076} INFO - Dependencies all met for dep_context=non-requeueable deps ti=<TaskInstance: liquidity.save_liquidity scheduled__2025-09-08T03:31:00+00:00 [queued]>
[2025-09-08T03:32:01.673+0000] {taskinstance.py:2076} INFO - Dependencies all met for dep_context=requeueable deps ti=<TaskInstance: liquidity.save_liquidity scheduled__2025-09-08T03:31:00+00:00 [queued]>
[2025-09-08T03:32:01.674+0000] {taskinstance.py:2306} INFO - Starting attempt 1 of 11
[2025-09-08T03:32:01.687+0000] {taskinstance.py:2330} INFO - Executing <Task(PythonOperator): save_liquidity> on 2025-09-08 03:31:00+00:00
[2025-09-08T03:32:01.695+0000] {standard_task_runner.py:63} INFO - Started process 307358 to run task
[2025-09-08T03:32:01.700+0000] {standard_task_runner.py:90} INFO - Running: ['***', 'tasks', 'run', 'liquidity', 'save_liquidity', 'scheduled__2025-09-08T03:31:00+00:00', '--job-id', '157194', '--raw', '--subdir', 'DAGS_FOLDER/dag_liquidity.py', '--cfg-path', '/tmp/tmpozxi31ty']
[2025-09-08T03:32:01.703+0000] {standard_task_runner.py:91} INFO - Job 157194: Subtask save_liquidity
[2025-09-08T03:32:01.758+0000] {task_command.py:426} INFO - Running <TaskInstance: liquidity.save_liquidity scheduled__2025-09-08T03:31:00+00:00 [running]> on host 8d9cea3aac78
[2025-09-08T03:32:01.860+0000] {taskinstance.py:2648} INFO - Exporting env vars: AIRFLOW_CTX_DAG_OWNER='***' AIRFLOW_CTX_DAG_ID='liquidity' AIRFLOW_CTX_TASK_ID='save_liquidity' AIRFLOW_CTX_EXECUTION_DATE='2025-09-08T03:31:00+00:00' AIRFLOW_CTX_TRY_NUMBER='1' AIRFLOW_CTX_DAG_RUN_ID='scheduled__2025-09-08T03:31:00+00:00'
[2025-09-08T03:32:01.862+0000] {taskinstance.py:430} INFO - ::endgroup::
[2025-09-08T03:32:02.259+0000] {liquidity.py:93} INFO - Đã lưu liquidity_ALL
[2025-09-08T03:32:06.391+0000] {liquidity.py:93} INFO - Đã lưu liquidity_HOSE
[2025-09-08T03:32:06.955+0000] {liquidity.py:93} INFO - Đã lưu liquidity_HNX
[2025-09-08T03:32:07.413+0000] {liquidity.py:93} INFO - Đã lưu liquidity_UPCOM
[2025-09-08T03:32:07.414+0000] {python.py:237} INFO - Done. Returned value was: None
[2025-09-08T03:32:07.414+0000] {taskinstance.py:441} INFO - ::group::Post task execution logs
[2025-09-08T03:32:07.425+0000] {taskinstance.py:1206} INFO - Marking task as SUCCESS. dag_id=liquidity, task_id=save_liquidity, run_id=scheduled__2025-09-08T03:31:00+00:00, execution_date=20250908T033100, start_date=20250908T033201, end_date=20250908T033207
[2025-09-08T03:32:07.454+0000] {local_task_job_runner.py:240} INFO - Task exited with return code 0
[2025-09-08T03:32:07.476+0000] {taskinstance.py:3503} INFO - 0 downstream tasks scheduled from follow-on schedule check
[2025-09-08T03:32:07.477+0000] {local_task_job_runner.py:222} INFO - ::endgroup::
