[2025-09-05T06:47:01.484+0000] {local_task_job_runner.py:120} INFO - ::group::Pre task execution logs
[2025-09-05T06:47:01.725+0000] {taskinstance.py:2076} INFO - Dependencies all met for dep_context=non-requeueable deps ti=<TaskInstance: liquidity.save_liquidity scheduled__2025-09-05T06:46:00+00:00 [queued]>
[2025-09-05T06:47:01.736+0000] {taskinstance.py:2076} INFO - Dependencies all met for dep_context=requeueable deps ti=<TaskInstance: liquidity.save_liquidity scheduled__2025-09-05T06:46:00+00:00 [queued]>
[2025-09-05T06:47:01.736+0000] {taskinstance.py:2306} INFO - Starting attempt 1 of 11
[2025-09-05T06:47:01.754+0000] {taskinstance.py:2330} INFO - Executing <Task(PythonOperator): save_liquidity> on 2025-09-05 06:46:00+00:00
[2025-09-05T06:47:01.763+0000] {standard_task_runner.py:63} INFO - Started process 3140612 to run task
[2025-09-05T06:47:01.767+0000] {standard_task_runner.py:90} INFO - Running: ['***', 'tasks', 'run', 'liquidity', 'save_liquidity', 'scheduled__2025-09-05T06:46:00+00:00', '--job-id', '111056', '--raw', '--subdir', 'DAGS_FOLDER/dag_liquidity.py', '--cfg-path', '/tmp/tmp4pj8zlhk']
[2025-09-05T06:47:01.769+0000] {standard_task_runner.py:91} INFO - Job 111056: Subtask save_liquidity
[2025-09-05T06:47:01.817+0000] {task_command.py:426} INFO - Running <TaskInstance: liquidity.save_liquidity scheduled__2025-09-05T06:46:00+00:00 [running]> on host 1877907bc043
[2025-09-05T06:47:01.979+0000] {taskinstance.py:2648} INFO - Exporting env vars: AIRFLOW_CTX_DAG_OWNER='***' AIRFLOW_CTX_DAG_ID='liquidity' AIRFLOW_CTX_TASK_ID='save_liquidity' AIRFLOW_CTX_EXECUTION_DATE='2025-09-05T06:46:00+00:00' AIRFLOW_CTX_TRY_NUMBER='1' AIRFLOW_CTX_DAG_RUN_ID='scheduled__2025-09-05T06:46:00+00:00'
[2025-09-05T06:47:01.981+0000] {taskinstance.py:430} INFO - ::endgroup::
[2025-09-05T06:47:02.530+0000] {liquidity.py:93} INFO - Đã lưu liquidity_ALL
[2025-09-05T06:47:02.939+0000] {liquidity.py:93} INFO - Đã lưu liquidity_HOSE
[2025-09-05T06:47:03.405+0000] {liquidity.py:93} INFO - Đã lưu liquidity_HNX
[2025-09-05T06:47:03.806+0000] {liquidity.py:93} INFO - Đã lưu liquidity_UPCOM
[2025-09-05T06:47:03.807+0000] {python.py:237} INFO - Done. Returned value was: None
[2025-09-05T06:47:03.808+0000] {taskinstance.py:441} INFO - ::group::Post task execution logs
[2025-09-05T06:47:03.821+0000] {taskinstance.py:1206} INFO - Marking task as SUCCESS. dag_id=liquidity, task_id=save_liquidity, run_id=scheduled__2025-09-05T06:46:00+00:00, execution_date=20250905T064600, start_date=20250905T064701, end_date=20250905T064703
[2025-09-05T06:47:03.865+0000] {local_task_job_runner.py:240} INFO - Task exited with return code 0
[2025-09-05T06:47:03.887+0000] {taskinstance.py:3498} INFO - 0 downstream tasks scheduled from follow-on schedule check
[2025-09-05T06:47:03.888+0000] {local_task_job_runner.py:222} INFO - ::endgroup::
