[2025-08-17T09:20:59.409+0000] {local_task_job_runner.py:120} INFO - ::group::Pre task execution logs
[2025-08-17T09:20:59.437+0000] {taskinstance.py:2076} INFO - Dependencies all met for dep_context=non-requeueable deps ti=<TaskInstance: crypto_collector_dag.run_crypto_collector scheduled__2025-08-17T09:18:00+00:00 [queued]>
[2025-08-17T09:20:59.446+0000] {taskinstance.py:2076} INFO - Dependencies all met for dep_context=requeueable deps ti=<TaskInstance: crypto_collector_dag.run_crypto_collector scheduled__2025-08-17T09:18:00+00:00 [queued]>
[2025-08-17T09:20:59.446+0000] {taskinstance.py:2306} INFO - Starting attempt 2 of 2
[2025-08-17T09:20:59.459+0000] {taskinstance.py:2330} INFO - Executing <Task(BashOperator): run_crypto_collector> on 2025-08-17 09:18:00+00:00
[2025-08-17T09:20:59.466+0000] {standard_task_runner.py:63} INFO - Started process 48632 to run task
[2025-08-17T09:20:59.471+0000] {standard_task_runner.py:90} INFO - Running: ['***', 'tasks', 'run', 'crypto_collector_dag', 'run_crypto_collector', 'scheduled__2025-08-17T09:18:00+00:00', '--job-id', '7419', '--raw', '--subdir', 'DAGS_FOLDER/crawl_crypto/dags_crypto.py', '--cfg-path', '/tmp/tmp1q5g6y52']
[2025-08-17T09:20:59.472+0000] {standard_task_runner.py:91} INFO - Job 7419: Subtask run_crypto_collector
[2025-08-17T09:20:59.530+0000] {task_command.py:426} INFO - Running <TaskInstance: crypto_collector_dag.run_crypto_collector scheduled__2025-08-17T09:18:00+00:00 [running]> on host 1877907bc043
[2025-08-17T09:20:59.659+0000] {taskinstance.py:2648} INFO - Exporting env vars: AIRFLOW_CTX_DAG_OWNER='***' AIRFLOW_CTX_DAG_ID='crypto_collector_dag' AIRFLOW_CTX_TASK_ID='run_crypto_collector' AIRFLOW_CTX_EXECUTION_DATE='2025-08-17T09:18:00+00:00' AIRFLOW_CTX_TRY_NUMBER='2' AIRFLOW_CTX_DAG_RUN_ID='scheduled__2025-08-17T09:18:00+00:00'
[2025-08-17T09:20:59.660+0000] {taskinstance.py:430} INFO - ::endgroup::
[2025-08-17T09:20:59.677+0000] {subprocess.py:63} INFO - Tmp dir root location: /tmp
[2025-08-17T09:20:59.678+0000] {subprocess.py:75} INFO - Running command: ['/usr/bin/bash', '-c', 'python3 /opt/***/dags/crawl_crypto/crawl_data_crypto.py']
[2025-08-17T09:20:59.691+0000] {subprocess.py:86} INFO - Output:
[2025-08-17T09:21:45.791+0000] {subprocess.py:93} INFO - 🔹 Kết nối DB...
[2025-08-17T09:21:45.791+0000] {subprocess.py:93} INFO - 🔹 Lấy top 100 crypto...
[2025-08-17T09:21:45.792+0000] {subprocess.py:93} INFO - Top 100: ['ETHUSDT', 'USDCUSDT', 'BTCUSDT', 'SOLUSDT', 'ADAUSDT', 'DOGEUSDT', 'XRPUSDT', 'LINKUSDT', 'FDUSDUSDT', 'TRXUSDT', 'PROVEUSDT', 'BNBUSDT', 'ENAUSDT', 'SUIUSDT', 'CTSIUSDT', 'ARBUSDT', 'PEPEUSDT', 'UNIUSDT', 'LTCUSDT', 'AVAXUSDT', 'PENGUUSDT', 'ALPINEUSDT', 'TSTUSDT', 'SKLUSDT', 'HBARUSDT', 'SEIUSDT', 'AAVEUSDT', 'BFUSDUSDT', 'API3USDT', 'SUSDT', 'TRUMPUSDT', 'LDOUSDT', 'WLDUSDT', 'NEARUSDT', 'EPICUSDT', 'BONKUSDT', 'OGUSDT', 'CRVUSDT', 'WIFUSDT', 'CHRUSDT', 'APTUSDT', 'MAVUSDT', 'BERAUSDT', 'OGNUSDT', 'XLMUSDT', 'RAYUSDT', 'LRCUSDT', 'TOWNSUSDT', 'OPUSDT', 'DOTUSDT', 'LPTUSDT', 'FLOKIUSDT', 'TONUSDT', 'CYBERUSDT', 'GALAUSDT', 'PONDUSDT', 'CELRUSDT', 'ONDOUSDT', 'BCHUSDT', 'PORTOUSDT', 'ETHFIUSDT', 'EIGENUSDT', 'TIAUSDT', 'MOVRUSDT', 'TAOUSDT', 'INJUSDT', 'LAUSDT', 'BATUSDT', 'BANDUSDT', 'PENDLEUSDT', 'NEIROUSDT', 'FILUSDT', 'ASRUSDT', 'ALGOUSDT', 'ETCUSDT', 'LUNCUSDT', 'POLUSDT', 'RENDERUSDT', 'BBUSDT', 'SHIBUSDT', 'VIRTUALUSDT', 'NMRUSDT', 'SYRUPUSDT', 'ERAUSDT', 'PNUTUSDT', 'SPKUSDT', 'ICPUSDT', 'CAKEUSDT', 'MDTUSDT', 'CFXUSDT', 'STRKUSDT', 'XUSDUSDT', 'BIOUSDT', 'EURUSDT', 'ARKMUSDT', 'FETUSDT', 'ENSUSDT', 'TREEUSDT', 'ATOMUSDT', 'VETUSDT']
[2025-08-17T09:21:45.792+0000] {subprocess.py:93} INFO - 🔹 Lưu lịch sử giá vào DB bằng threading...
[2025-08-17T09:21:45.792+0000] {subprocess.py:93} INFO - ✅ DOGEUSDT: thêm 4 dòng mới
[2025-08-17T09:21:45.792+0000] {subprocess.py:93} INFO - 1/100 DOGEUSDT lưu OK
[2025-08-17T09:21:45.793+0000] {subprocess.py:93} INFO - ✅ BTCUSDT: thêm 4 dòng mới
[2025-08-17T09:21:45.793+0000] {subprocess.py:93} INFO - 2/100 BTCUSDT lưu OK
[2025-08-17T09:21:45.793+0000] {subprocess.py:93} INFO - ⚠️ XRPUSDT lỗi lần 1/3: HTTPSConnectionPool(host='api.binance.com', port=443): Max retries exceeded with url: /api/v3/klines?symbol=XRPUSDT&interval=1m&limit=100 (Caused by ConnectTimeoutError(<urllib3.connection.HTTPSConnection object at 0x7f1c180c4ee0>, 'Connection to api.binance.com timed out. (connect timeout=15)'))
[2025-08-17T09:21:45.793+0000] {subprocess.py:93} INFO - ⚠️ SOLUSDT lỗi lần 1/3: HTTPSConnectionPool(host='api.binance.com', port=443): Max retries exceeded with url: /api/v3/klines?symbol=SOLUSDT&interval=1m&limit=100 (Caused by ConnectTimeoutError(<urllib3.connection.HTTPSConnection object at 0x7f1c180f5510>, 'Connection to api.binance.com timed out. (connect timeout=15)'))
[2025-08-17T09:21:45.794+0000] {subprocess.py:93} INFO - ⚠️ LINKUSDT lỗi lần 1/3: HTTPSConnectionPool(host='api.binance.com', port=443): Max retries exceeded with url: /api/v3/klines?symbol=LINKUSDT&interval=1m&limit=100 (Caused by ConnectTimeoutError(<urllib3.connection.HTTPSConnection object at 0x7f1c180c5000>, 'Connection to api.binance.com timed out. (connect timeout=15)'))
[2025-08-17T09:21:45.794+0000] {subprocess.py:93} INFO - ⚠️ TRXUSDT lỗi lần 1/3: HTTPSConnectionPool(host='api.binance.com', port=443): Max retries exceeded with url: /api/v3/klines?symbol=TRXUSDT&interval=1m&limit=100 (Caused by ConnectTimeoutError(<urllib3.connection.HTTPSConnection object at 0x7f1c180ee140>, 'Connection to api.binance.com timed out. (connect timeout=15)'))
[2025-08-17T09:21:45.794+0000] {subprocess.py:93} INFO - ⚠️ FDUSDUSDT lỗi lần 1/3: HTTPSConnectionPool(host='api.binance.com', port=443): Max retries exceeded with url: /api/v3/klines?symbol=FDUSDUSDT&interval=1m&limit=100 (Caused by ConnectTimeoutError(<urllib3.connection.HTTPSConnection object at 0x7f1c180edd50>, 'Connection to api.binance.com timed out. (connect timeout=15)'))
[2025-08-17T09:21:45.794+0000] {subprocess.py:93} INFO - ✅ USDCUSDT: thêm 4 dòng mới
[2025-08-17T09:21:45.795+0000] {subprocess.py:93} INFO - 3/100 USDCUSDT lưu OK
[2025-08-17T09:21:45.795+0000] {subprocess.py:93} INFO - ✅ ETHUSDT: thêm 4 dòng mới
[2025-08-17T09:21:45.795+0000] {subprocess.py:93} INFO - 4/100 ETHUSDT lưu OK
[2025-08-17T09:21:45.795+0000] {subprocess.py:93} INFO - ✅ SUIUSDT: thêm 4 dòng mới
[2025-08-17T09:21:45.796+0000] {subprocess.py:93} INFO - 5/100 SUIUSDT lưu OK
[2025-08-17T09:21:45.796+0000] {subprocess.py:93} INFO - ✅ ENAUSDT: thêm 4 dòng mới
[2025-08-17T09:21:45.796+0000] {subprocess.py:93} INFO - 6/100 ENAUSDT lưu OK
[2025-08-17T09:21:45.796+0000] {subprocess.py:93} INFO - ✅ CTSIUSDT: thêm 4 dòng mới
[2025-08-17T09:21:45.797+0000] {subprocess.py:93} INFO - 7/100 CTSIUSDT lưu OK
[2025-08-17T09:21:45.797+0000] {subprocess.py:93} INFO - ✅ ARBUSDT: thêm 4 dòng mới
[2025-08-17T09:21:45.797+0000] {subprocess.py:93} INFO - 8/100 ARBUSDT lưu OK
[2025-08-17T09:21:45.797+0000] {subprocess.py:93} INFO - ✅ PEPEUSDT: thêm 4 dòng mới
[2025-08-17T09:21:45.797+0000] {subprocess.py:93} INFO - 9/100 PEPEUSDT lưu OK
[2025-08-17T09:21:45.798+0000] {subprocess.py:93} INFO - ✅ UNIUSDT: thêm 4 dòng mới
[2025-08-17T09:21:45.798+0000] {subprocess.py:93} INFO - 10/100 UNIUSDT lưu OK
[2025-08-17T09:21:45.798+0000] {subprocess.py:93} INFO - ✅ LTCUSDT: thêm 4 dòng mới
[2025-08-17T09:21:45.798+0000] {subprocess.py:93} INFO - 11/100 LTCUSDT lưu OK
[2025-08-17T09:21:45.799+0000] {subprocess.py:93} INFO - ✅ AVAXUSDT: thêm 4 dòng mới
[2025-08-17T09:21:45.799+0000] {subprocess.py:93} INFO - 12/100 AVAXUSDT lưu OK
[2025-08-17T09:21:45.799+0000] {subprocess.py:93} INFO - ✅ XRPUSDT: thêm 4 dòng mới
[2025-08-17T09:21:45.799+0000] {subprocess.py:93} INFO - 13/100 XRPUSDT lưu OK
[2025-08-17T09:21:45.800+0000] {subprocess.py:93} INFO - ✅ LINKUSDT: thêm 4 dòng mới
[2025-08-17T09:21:45.800+0000] {subprocess.py:93} INFO - 14/100 LINKUSDT lưu OK
[2025-08-17T09:21:45.800+0000] {subprocess.py:93} INFO - ✅ SOLUSDT: thêm 4 dòng mới
[2025-08-17T09:21:45.800+0000] {subprocess.py:93} INFO - 15/100 SOLUSDT lưu OK
[2025-08-17T09:21:45.800+0000] {subprocess.py:93} INFO - ⚠️ PROVEUSDT lỗi lần 1/3: HTTPSConnectionPool(host='api.binance.com', port=443): Max retries exceeded with url: /api/v3/klines?symbol=PROVEUSDT&interval=1m&limit=100 (Caused by ConnectTimeoutError(<urllib3.connection.HTTPSConnection object at 0x7f1c180f5090>, 'Connection to api.binance.com timed out. (connect timeout=15)'))
[2025-08-17T09:21:45.801+0000] {subprocess.py:93} INFO - ✅ TSTUSDT: thêm 4 dòng mới
[2025-08-17T09:21:45.801+0000] {subprocess.py:93} INFO - 16/100 TSTUSDT lưu OK
[2025-08-17T09:21:45.801+0000] {subprocess.py:93} INFO - ✅ ADAUSDT: thêm 4 dòng mới
[2025-08-17T09:21:45.801+0000] {subprocess.py:93} INFO - 17/100 ADAUSDT lưu OK
[2025-08-17T09:21:45.802+0000] {subprocess.py:93} INFO - ✅ SKLUSDT: thêm 3 dòng mới
[2025-08-17T09:21:45.802+0000] {subprocess.py:93} INFO - 18/100 SKLUSDT lưu OK
[2025-08-17T09:21:45.802+0000] {subprocess.py:93} INFO - ✅ HBARUSDT: thêm 4 dòng mới
[2025-08-17T09:21:45.802+0000] {subprocess.py:93} INFO - 19/100 HBARUSDT lưu OK
[2025-08-17T09:21:45.803+0000] {subprocess.py:93} INFO - ✅ BFUSDUSDT: thêm 3 dòng mới
[2025-08-17T09:21:45.803+0000] {subprocess.py:93} INFO - 20/100 BFUSDUSDT lưu OK
[2025-08-17T09:21:45.803+0000] {subprocess.py:93} INFO - ✅ AAVEUSDT: thêm 4 dòng mới
[2025-08-17T09:21:45.803+0000] {subprocess.py:93} INFO - 21/100 AAVEUSDT lưu OK
[2025-08-17T09:21:45.803+0000] {subprocess.py:93} INFO - ✅ TRUMPUSDT: thêm 4 dòng mới
[2025-08-17T09:21:45.804+0000] {subprocess.py:93} INFO - 22/100 TRUMPUSDT lưu OK
[2025-08-17T09:21:45.804+0000] {subprocess.py:93} INFO - ✅ TRXUSDT: thêm 4 dòng mới
[2025-08-17T09:21:45.804+0000] {subprocess.py:93} INFO - 23/100 TRXUSDT lưu OK
[2025-08-17T09:21:45.804+0000] {subprocess.py:93} INFO - ✅ WLDUSDT: thêm 3 dòng mới
[2025-08-17T09:21:45.805+0000] {subprocess.py:93} INFO - 24/100 WLDUSDT lưu OK
[2025-08-17T09:21:45.805+0000] {subprocess.py:93} INFO - ✅ SEIUSDT: thêm 3 dòng mới
[2025-08-17T09:21:45.805+0000] {subprocess.py:93} INFO - 25/100 SEIUSDT lưu OK
[2025-08-17T09:21:45.805+0000] {subprocess.py:93} INFO - ✅ ALPINEUSDT: thêm 3 dòng mới
[2025-08-17T09:21:45.805+0000] {subprocess.py:93} INFO - 26/100 ALPINEUSDT lưu OK
[2025-08-17T09:21:45.806+0000] {subprocess.py:93} INFO - ✅ EPICUSDT: thêm 3 dòng mới
[2025-08-17T09:21:45.806+0000] {subprocess.py:93} INFO - 27/100 EPICUSDT lưu OK
[2025-08-17T09:21:45.806+0000] {subprocess.py:93} INFO - ✅ BONKUSDT: thêm 3 dòng mới
[2025-08-17T09:21:45.806+0000] {subprocess.py:93} INFO - 28/100 BONKUSDT lưu OK
[2025-08-17T09:21:45.806+0000] {subprocess.py:93} INFO - ✅ PROVEUSDT: thêm 4 dòng mới
[2025-08-17T09:21:45.807+0000] {subprocess.py:93} INFO - 29/100 PROVEUSDT lưu OK
[2025-08-17T09:21:45.807+0000] {subprocess.py:93} INFO - ✅ OGUSDT: thêm 3 dòng mới
[2025-08-17T09:21:45.807+0000] {subprocess.py:93} INFO - 30/100 OGUSDT lưu OK
[2025-08-17T09:21:45.807+0000] {subprocess.py:93} INFO - ✅ CRVUSDT: thêm 3 dòng mới
[2025-08-17T09:21:45.808+0000] {subprocess.py:93} INFO - 31/100 CRVUSDT lưu OK
[2025-08-17T09:21:45.808+0000] {subprocess.py:93} INFO - ✅ API3USDT: thêm 4 dòng mới
[2025-08-17T09:21:45.808+0000] {subprocess.py:93} INFO - 32/100 API3USDT lưu OK
[2025-08-17T09:21:45.808+0000] {subprocess.py:93} INFO - ✅ WIFUSDT: thêm 3 dòng mới
[2025-08-17T09:21:45.808+0000] {subprocess.py:93} INFO - 33/100 WIFUSDT lưu OK
[2025-08-17T09:21:45.809+0000] {subprocess.py:93} INFO - ✅ NEARUSDT: thêm 3 dòng mới
[2025-08-17T09:21:45.809+0000] {subprocess.py:93} INFO - 34/100 NEARUSDT lưu OK
[2025-08-17T09:21:45.809+0000] {subprocess.py:93} INFO - ✅ MAVUSDT: thêm 3 dòng mới
[2025-08-17T09:21:45.809+0000] {subprocess.py:93} INFO - 35/100 MAVUSDT lưu OK
[2025-08-17T09:21:45.809+0000] {subprocess.py:93} INFO - ✅ PENGUUSDT: thêm 4 dòng mới
[2025-08-17T09:21:45.810+0000] {subprocess.py:93} INFO - 36/100 PENGUUSDT lưu OK
[2025-08-17T09:21:45.810+0000] {subprocess.py:93} INFO - ✅ BERAUSDT: thêm 3 dòng mới
[2025-08-17T09:21:45.810+0000] {subprocess.py:93} INFO - 37/100 BERAUSDT lưu OK
[2025-08-17T09:21:45.810+0000] {subprocess.py:93} INFO - ✅ LRCUSDT: thêm 3 dòng mới
[2025-08-17T09:21:45.811+0000] {subprocess.py:93} INFO - 38/100 LRCUSDT lưu OK
[2025-08-17T09:21:45.811+0000] {subprocess.py:93} INFO - ✅ TOWNSUSDT: thêm 3 dòng mới
[2025-08-17T09:21:45.811+0000] {subprocess.py:93} INFO - 39/100 TOWNSUSDT lưu OK
[2025-08-17T09:21:45.811+0000] {subprocess.py:93} INFO - ✅ LDOUSDT: thêm 4 dòng mới
[2025-08-17T09:21:45.812+0000] {subprocess.py:93} INFO - 40/100 LDOUSDT lưu OK
[2025-08-17T09:21:45.812+0000] {subprocess.py:93} INFO - ✅ SUSDT: thêm 4 dòng mới
[2025-08-17T09:21:45.812+0000] {subprocess.py:93} INFO - 41/100 SUSDT lưu OK
[2025-08-17T09:21:45.812+0000] {subprocess.py:93} INFO - ✅ DOTUSDT: thêm 3 dòng mới
[2025-08-17T09:21:45.812+0000] {subprocess.py:93} INFO - 42/100 DOTUSDT lưu OK
[2025-08-17T09:21:45.813+0000] {subprocess.py:93} INFO - 43/100 LPTUSDT lỗi: relation "cryptocurrency.lptusdt" does not exist
[2025-08-17T09:21:45.813+0000] {subprocess.py:93} INFO - LINE 1: SELECT MAX(time) FROM cryptocurrency.lptusdt;
[2025-08-17T09:21:45.813+0000] {subprocess.py:93} INFO -                               ^
[2025-08-17T09:21:45.813+0000] {subprocess.py:93} INFO - 
[2025-08-17T09:21:45.814+0000] {subprocess.py:93} INFO - ✅ OPUSDT: thêm 3 dòng mới
[2025-08-17T09:21:45.814+0000] {subprocess.py:93} INFO - 44/100 OPUSDT lưu OK
[2025-08-17T09:21:45.814+0000] {subprocess.py:93} INFO - ✅ FLOKIUSDT: thêm 3 dòng mới
[2025-08-17T09:21:45.814+0000] {subprocess.py:93} INFO - 45/100 FLOKIUSDT lưu OK
[2025-08-17T09:21:45.814+0000] {subprocess.py:93} INFO - ✅ TONUSDT: thêm 3 dòng mới
[2025-08-17T09:21:45.815+0000] {subprocess.py:93} INFO - 46/100 TONUSDT lưu OK
[2025-08-17T09:21:45.815+0000] {subprocess.py:93} INFO - 47/100 CYBERUSDT lỗi: relation "cryptocurrency.cyberusdt" does not exist
[2025-08-17T09:21:45.815+0000] {subprocess.py:93} INFO - LINE 1: SELECT MAX(time) FROM cryptocurrency.cyberusdt;
[2025-08-17T09:21:45.815+0000] {subprocess.py:93} INFO -                               ^
[2025-08-17T09:21:45.816+0000] {subprocess.py:93} INFO - 
[2025-08-17T09:21:45.816+0000] {subprocess.py:93} INFO - ✅ GALAUSDT: thêm 3 dòng mới
[2025-08-17T09:21:45.816+0000] {subprocess.py:93} INFO - 48/100 GALAUSDT lưu OK
[2025-08-17T09:21:45.816+0000] {subprocess.py:93} INFO - ✅ CHRUSDT: thêm 3 dòng mới
[2025-08-17T09:21:45.816+0000] {subprocess.py:93} INFO - 49/100 CHRUSDT lưu OK
[2025-08-17T09:21:45.817+0000] {subprocess.py:93} INFO - ✅ CELRUSDT: thêm 3 dòng mới
[2025-08-17T09:21:45.817+0000] {subprocess.py:93} INFO - 50/100 CELRUSDT lưu OK
[2025-08-17T09:21:45.817+0000] {subprocess.py:93} INFO - ✅ OGNUSDT: thêm 3 dòng mới
[2025-08-17T09:21:45.817+0000] {subprocess.py:93} INFO - 51/100 OGNUSDT lưu OK
[2025-08-17T09:21:45.817+0000] {subprocess.py:93} INFO - 52/100 PONDUSDT lỗi: relation "cryptocurrency.pondusdt" does not exist
[2025-08-17T09:21:45.818+0000] {subprocess.py:93} INFO - LINE 1: SELECT MAX(time) FROM cryptocurrency.pondusdt;
[2025-08-17T09:21:45.818+0000] {subprocess.py:93} INFO -                               ^
[2025-08-17T09:21:45.818+0000] {subprocess.py:93} INFO - 
[2025-08-17T09:21:45.818+0000] {subprocess.py:93} INFO - ⚠️ FDUSDUSDT lỗi lần 2/3: HTTPSConnectionPool(host='api.binance.com', port=443): Max retries exceeded with url: /api/v3/klines?symbol=FDUSDUSDT&interval=1m&limit=100 (Caused by ConnectTimeoutError(<urllib3.connection.HTTPSConnection object at 0x7f1c180ee6b0>, 'Connection to api.binance.com timed out. (connect timeout=15)'))
[2025-08-17T09:21:45.819+0000] {subprocess.py:93} INFO - ✅ ETHFIUSDT: thêm 3 dòng mới
[2025-08-17T09:21:45.819+0000] {subprocess.py:93} INFO - 53/100 ETHFIUSDT lưu OK
[2025-08-17T09:21:45.819+0000] {subprocess.py:93} INFO - ✅ FDUSDUSDT: thêm 7 dòng mới
[2025-08-17T09:21:45.819+0000] {subprocess.py:93} INFO - 54/100 FDUSDUSDT lưu OK
[2025-08-17T09:21:45.819+0000] {subprocess.py:93} INFO - ✅ TIAUSDT: thêm 3 dòng mới
[2025-08-17T09:21:45.820+0000] {subprocess.py:93} INFO - 55/100 TIAUSDT lưu OK
[2025-08-17T09:21:45.820+0000] {subprocess.py:93} INFO - 56/100 MOVRUSDT lỗi: relation "cryptocurrency.movrusdt" does not exist
[2025-08-17T09:21:45.820+0000] {subprocess.py:93} INFO - LINE 1: SELECT MAX(time) FROM cryptocurrency.movrusdt;
[2025-08-17T09:21:45.820+0000] {subprocess.py:93} INFO -                               ^
[2025-08-17T09:21:45.821+0000] {subprocess.py:93} INFO - 
[2025-08-17T09:21:45.821+0000] {subprocess.py:93} INFO - ✅ INJUSDT: thêm 3 dòng mới
[2025-08-17T09:21:45.821+0000] {subprocess.py:93} INFO - 57/100 INJUSDT lưu OK
[2025-08-17T09:21:45.821+0000] {subprocess.py:93} INFO - ✅ TAOUSDT: thêm 3 dòng mới
[2025-08-17T09:21:45.821+0000] {subprocess.py:93} INFO - 58/100 TAOUSDT lưu OK
[2025-08-17T09:21:45.822+0000] {subprocess.py:93} INFO - ✅ ONDOUSDT: thêm 3 dòng mới
[2025-08-17T09:21:45.822+0000] {subprocess.py:93} INFO - 59/100 ONDOUSDT lưu OK
[2025-08-17T09:21:45.822+0000] {subprocess.py:93} INFO - ✅ BATUSDT: thêm 3 dòng mới
[2025-08-17T09:21:45.823+0000] {subprocess.py:93} INFO - 60/100 BATUSDT lưu OK
[2025-08-17T09:21:45.823+0000] {subprocess.py:93} INFO - ✅ LAUSDT: thêm 3 dòng mới
[2025-08-17T09:21:45.824+0000] {subprocess.py:93} INFO - 61/100 LAUSDT lưu OK
[2025-08-17T09:21:45.824+0000] {subprocess.py:93} INFO - 62/100 BANDUSDT lỗi: relation "cryptocurrency.bandusdt" does not exist
[2025-08-17T09:21:45.824+0000] {subprocess.py:93} INFO - LINE 1: SELECT MAX(time) FROM cryptocurrency.bandusdt;
[2025-08-17T09:21:45.825+0000] {subprocess.py:93} INFO -                               ^
[2025-08-17T09:21:45.825+0000] {subprocess.py:93} INFO - 
[2025-08-17T09:21:45.825+0000] {subprocess.py:93} INFO - ✅ PENDLEUSDT: thêm 3 dòng mới
[2025-08-17T09:21:45.825+0000] {subprocess.py:93} INFO - 63/100 PENDLEUSDT lưu OK
[2025-08-17T09:21:45.826+0000] {subprocess.py:93} INFO - ✅ BCHUSDT: thêm 3 dòng mới
[2025-08-17T09:21:45.826+0000] {subprocess.py:93} INFO - 64/100 BCHUSDT lưu OK
[2025-08-17T09:21:45.826+0000] {subprocess.py:93} INFO - ✅ NEIROUSDT: thêm 3 dòng mới
[2025-08-17T09:21:45.826+0000] {subprocess.py:93} INFO - 65/100 NEIROUSDT lưu OK
[2025-08-17T09:21:45.826+0000] {subprocess.py:93} INFO - ✅ FILUSDT: thêm 3 dòng mới
[2025-08-17T09:21:45.827+0000] {subprocess.py:93} INFO - 66/100 FILUSDT lưu OK
[2025-08-17T09:24:07.482+0000] {subprocess.py:93} INFO - ⚠️ APTUSDT lỗi lần 1/3: HTTPSConnectionPool(host='api.binance.com', port=443): Max retries exceeded with url: /api/v3/klines?symbol=APTUSDT&interval=1m&limit=100 (Caused by ConnectTimeoutError(<urllib3.connection.HTTPSConnection object at 0x7f1c1295b970>, 'Connection to api.binance.com timed out. (connect timeout=15)'))
[2025-08-17T09:24:07.483+0000] {subprocess.py:93} INFO - ✅ ASRUSDT: thêm 3 dòng mới
[2025-08-17T09:24:07.483+0000] {subprocess.py:93} INFO - 67/100 ASRUSDT lưu OK
[2025-08-17T09:24:07.484+0000] {subprocess.py:93} INFO - ✅ ALGOUSDT: thêm 3 dòng mới
[2025-08-17T09:24:07.484+0000] {subprocess.py:93} INFO - 68/100 ALGOUSDT lưu OK
[2025-08-17T09:24:07.484+0000] {subprocess.py:93} INFO - ✅ ETCUSDT: thêm 3 dòng mới
[2025-08-17T09:24:07.485+0000] {subprocess.py:93} INFO - 69/100 ETCUSDT lưu OK
[2025-08-17T09:24:07.485+0000] {subprocess.py:93} INFO - ✅ LUNCUSDT: thêm 3 dòng mới
[2025-08-17T09:24:07.485+0000] {subprocess.py:93} INFO - 70/100 LUNCUSDT lưu OK
[2025-08-17T09:24:07.485+0000] {subprocess.py:93} INFO - ✅ POLUSDT: thêm 3 dòng mới
[2025-08-17T09:24:07.486+0000] {subprocess.py:93} INFO - 71/100 POLUSDT lưu OK
[2025-08-17T09:24:07.486+0000] {subprocess.py:93} INFO - ✅ XLMUSDT: thêm 3 dòng mới
[2025-08-17T09:24:07.486+0000] {subprocess.py:93} INFO - 72/100 XLMUSDT lưu OK
[2025-08-17T09:24:07.487+0000] {subprocess.py:93} INFO - ⚠️ RAYUSDT lỗi lần 1/3: HTTPSConnectionPool(host='api.binance.com', port=443): Max retries exceeded with url: /api/v3/klines?symbol=RAYUSDT&interval=1m&limit=100 (Caused by ConnectTimeoutError(<urllib3.connection.HTTPSConnection object at 0x7f1c180ed810>, 'Connection to api.binance.com timed out. (connect timeout=15)'))
[2025-08-17T09:24:07.487+0000] {subprocess.py:93} INFO - 73/100 NMRUSDT lỗi: relation "cryptocurrency.nmrusdt" does not exist
[2025-08-17T09:24:07.487+0000] {subprocess.py:93} INFO - LINE 1: SELECT MAX(time) FROM cryptocurrency.nmrusdt;
[2025-08-17T09:24:07.487+0000] {subprocess.py:93} INFO -                               ^
[2025-08-17T09:24:07.488+0000] {subprocess.py:93} INFO - 
[2025-08-17T09:24:07.488+0000] {subprocess.py:93} INFO - ✅ SYRUPUSDT: thêm 3 dòng mới
[2025-08-17T09:24:07.488+0000] {subprocess.py:93} INFO - 74/100 SYRUPUSDT lưu OK
[2025-08-17T09:24:07.489+0000] {subprocess.py:93} INFO - ⚠️ PORTOUSDT lỗi lần 1/3: HTTPSConnectionPool(host='api.binance.com', port=443): Max retries exceeded with url: /api/v3/klines?symbol=PORTOUSDT&interval=1m&limit=100 (Caused by ConnectTimeoutError(<urllib3.connection.HTTPSConnection object at 0x7f1c180f4670>, 'Connection to api.binance.com timed out. (connect timeout=15)'))
[2025-08-17T09:24:07.489+0000] {subprocess.py:93} INFO - ⚠️ EIGENUSDT lỗi lần 1/3: HTTPSConnectionPool(host='api.binance.com', port=443): Max retries exceeded with url: /api/v3/klines?symbol=EIGENUSDT&interval=1m&limit=100 (Caused by ConnectTimeoutError(<urllib3.connection.HTTPSConnection object at 0x7f1c129592a0>, 'Connection to api.binance.com timed out. (connect timeout=15)'))
[2025-08-17T09:24:07.489+0000] {subprocess.py:93} INFO - ✅ ERAUSDT: thêm 3 dòng mới
[2025-08-17T09:24:07.489+0000] {subprocess.py:93} INFO - 75/100 ERAUSDT lưu OK
[2025-08-17T09:24:07.490+0000] {subprocess.py:93} INFO - ⚠️ BBUSDT lỗi lần 1/3: HTTPSConnectionPool(host='api.binance.com', port=443): Max retries exceeded with url: /api/v3/klines?symbol=BBUSDT&interval=1m&limit=100 (Caused by ConnectTimeoutError(<urllib3.connection.HTTPSConnection object at 0x7f1c180ae0e0>, 'Connection to api.binance.com timed out. (connect timeout=15)'))
[2025-08-17T09:24:07.490+0000] {subprocess.py:93} INFO - ⚠️ SHIBUSDT lỗi lần 1/3: HTTPSConnectionPool(host='api.binance.com', port=443): Max retries exceeded with url: /api/v3/klines?symbol=SHIBUSDT&interval=1m&limit=100 (Caused by ConnectTimeoutError(<urllib3.connection.HTTPSConnection object at 0x7f1c1295ae60>, 'Connection to api.binance.com timed out. (connect timeout=15)'))
[2025-08-17T09:24:07.490+0000] {subprocess.py:93} INFO - ⚠️ VIRTUALUSDT lỗi lần 1/3: HTTPSConnectionPool(host='api.binance.com', port=443): Max retries exceeded with url: /api/v3/klines?symbol=VIRTUALUSDT&interval=1m&limit=100 (Caused by ConnectTimeoutError(<urllib3.connection.HTTPSConnection object at 0x7f1c1295b8b0>, 'Connection to api.binance.com timed out. (connect timeout=15)'))
[2025-08-17T09:24:07.491+0000] {subprocess.py:93} INFO - ✅ PNUTUSDT: thêm 3 dòng mới
[2025-08-17T09:24:07.491+0000] {subprocess.py:93} INFO - 76/100 PNUTUSDT lưu OK
[2025-08-17T09:24:07.491+0000] {subprocess.py:93} INFO - ✅ PORTOUSDT: thêm 3 dòng mới
[2025-08-17T09:24:07.491+0000] {subprocess.py:93} INFO - 77/100 PORTOUSDT lưu OK
[2025-08-17T09:24:07.492+0000] {subprocess.py:93} INFO - ✅ APTUSDT: thêm 3 dòng mới
[2025-08-17T09:24:07.492+0000] {subprocess.py:93} INFO - 78/100 APTUSDT lưu OK
[2025-08-17T09:24:07.492+0000] {subprocess.py:93} INFO - 79/100 BBUSDT lỗi: relation "cryptocurrency.bbusdt" does not exist
[2025-08-17T09:24:07.493+0000] {subprocess.py:93} INFO - LINE 1: SELECT MAX(time) FROM cryptocurrency.bbusdt;
[2025-08-17T09:24:07.493+0000] {subprocess.py:93} INFO -                               ^
[2025-08-17T09:24:07.493+0000] {subprocess.py:93} INFO - 
[2025-08-17T09:24:07.493+0000] {subprocess.py:93} INFO - ✅ SPKUSDT: thêm 4 dòng mới
[2025-08-17T09:24:07.494+0000] {subprocess.py:93} INFO - 80/100 SPKUSDT lưu OK
[2025-08-17T09:24:07.494+0000] {subprocess.py:93} INFO - ✅ VIRTUALUSDT: thêm 4 dòng mới
[2025-08-17T09:24:07.494+0000] {subprocess.py:93} INFO - 81/100 VIRTUALUSDT lưu OK
[2025-08-17T09:24:07.495+0000] {subprocess.py:93} INFO - ✅ SHIBUSDT: thêm 4 dòng mới
[2025-08-17T09:24:07.495+0000] {subprocess.py:93} INFO - 82/100 SHIBUSDT lưu OK
[2025-08-17T09:24:07.495+0000] {subprocess.py:93} INFO - ✅ CAKEUSDT: thêm 4 dòng mới
[2025-08-17T09:24:07.496+0000] {subprocess.py:93} INFO - 83/100 CAKEUSDT lưu OK
[2025-08-17T09:24:07.496+0000] {subprocess.py:93} INFO - ⚠️ RAYUSDT lỗi lần 2/3: HTTPSConnectionPool(host='api.binance.com', port=443): Max retries exceeded with url: /api/v3/klines?symbol=RAYUSDT&interval=1m&limit=100 (Caused by ConnectTimeoutError(<urllib3.connection.HTTPSConnection object at 0x7f1c12959bd0>, 'Connection to api.binance.com timed out. (connect timeout=15)'))
[2025-08-17T09:24:07.496+0000] {subprocess.py:93} INFO - 84/100 STRKUSDT lỗi: relation "cryptocurrency.strkusdt" does not exist
[2025-08-17T09:24:07.496+0000] {subprocess.py:93} INFO - LINE 1: SELECT MAX(time) FROM cryptocurrency.strkusdt;
[2025-08-17T09:24:07.497+0000] {subprocess.py:93} INFO -                               ^
[2025-08-17T09:24:07.497+0000] {subprocess.py:93} INFO - 
[2025-08-17T09:24:07.497+0000] {subprocess.py:93} INFO - ✅ ICPUSDT: thêm 4 dòng mới
[2025-08-17T09:24:07.498+0000] {subprocess.py:93} INFO - 85/100 ICPUSDT lưu OK
[2025-08-17T09:24:07.498+0000] {subprocess.py:93} INFO - ✅ EURUSDT: thêm 4 dòng mới
[2025-08-17T09:24:07.498+0000] {subprocess.py:93} INFO - 86/100 EURUSDT lưu OK
[2025-08-17T09:24:07.498+0000] {subprocess.py:93} INFO - ✅ ARKMUSDT: thêm 4 dòng mới
[2025-08-17T09:24:07.499+0000] {subprocess.py:93} INFO - 87/100 ARKMUSDT lưu OK
[2025-08-17T09:24:07.499+0000] {subprocess.py:93} INFO - ✅ FETUSDT: thêm 4 dòng mới
[2025-08-17T09:24:07.499+0000] {subprocess.py:93} INFO - 88/100 FETUSDT lưu OK
[2025-08-17T09:24:07.500+0000] {subprocess.py:93} INFO - ✅ ENSUSDT: thêm 4 dòng mới
[2025-08-17T09:24:07.500+0000] {subprocess.py:93} INFO - 89/100 ENSUSDT lưu OK
[2025-08-17T09:24:07.500+0000] {subprocess.py:93} INFO - 90/100 TREEUSDT lỗi: relation "cryptocurrency.treeusdt" does not exist
[2025-08-17T09:24:07.500+0000] {subprocess.py:93} INFO - LINE 1: SELECT MAX(time) FROM cryptocurrency.treeusdt;
[2025-08-17T09:24:07.501+0000] {subprocess.py:93} INFO -                               ^
[2025-08-17T09:24:07.501+0000] {subprocess.py:93} INFO - 
[2025-08-17T09:24:07.501+0000] {subprocess.py:93} INFO - ✅ RAYUSDT: thêm 4 dòng mới
[2025-08-17T09:24:07.501+0000] {subprocess.py:93} INFO - 91/100 RAYUSDT lưu OK
[2025-08-17T09:24:07.502+0000] {subprocess.py:93} INFO - 92/100 VETUSDT lỗi: relation "cryptocurrency.vetusdt" does not exist
[2025-08-17T09:24:07.502+0000] {subprocess.py:93} INFO - LINE 1: SELECT MAX(time) FROM cryptocurrency.vetusdt;
[2025-08-17T09:24:07.502+0000] {subprocess.py:93} INFO -                               ^
[2025-08-17T09:24:07.502+0000] {subprocess.py:93} INFO - 
[2025-08-17T09:24:07.503+0000] {subprocess.py:93} INFO - ✅ XUSDUSDT: thêm 4 dòng mới
[2025-08-17T09:24:07.503+0000] {subprocess.py:93} INFO - 93/100 XUSDUSDT lưu OK
[2025-08-17T09:24:07.503+0000] {subprocess.py:93} INFO - 94/100 ATOMUSDT lỗi: relation "cryptocurrency.atomusdt" does not exist
[2025-08-17T09:24:07.504+0000] {subprocess.py:93} INFO - LINE 1: SELECT MAX(time) FROM cryptocurrency.atomusdt;
[2025-08-17T09:24:07.504+0000] {subprocess.py:93} INFO -                               ^
[2025-08-17T09:24:07.504+0000] {subprocess.py:93} INFO - 
[2025-08-17T09:24:07.504+0000] {subprocess.py:93} INFO - 95/100 BIOUSDT lỗi: relation "cryptocurrency.biousdt" does not exist
[2025-08-17T09:24:07.505+0000] {subprocess.py:93} INFO - LINE 1: SELECT MAX(time) FROM cryptocurrency.biousdt;
[2025-08-17T09:24:07.505+0000] {subprocess.py:93} INFO -                               ^
[2025-08-17T09:24:07.505+0000] {subprocess.py:93} INFO - 
[2025-08-17T09:24:07.505+0000] {subprocess.py:93} INFO - ✅ BNBUSDT: thêm 4 dòng mới
[2025-08-17T09:24:07.506+0000] {subprocess.py:93} INFO - 96/100 BNBUSDT lưu OK
[2025-08-17T09:24:07.506+0000] {subprocess.py:93} INFO - ✅ RENDERUSDT: thêm 3 dòng mới
[2025-08-17T09:24:07.506+0000] {subprocess.py:93} INFO - 97/100 RENDERUSDT lưu OK
[2025-08-17T09:24:07.506+0000] {subprocess.py:93} INFO - ✅ CFXUSDT: thêm 4 dòng mới
[2025-08-17T09:24:07.507+0000] {subprocess.py:93} INFO - 98/100 CFXUSDT lưu OK
[2025-08-17T09:24:07.507+0000] {subprocess.py:93} INFO - ✅ MDTUSDT: thêm 4 dòng mới
[2025-08-17T09:24:07.507+0000] {subprocess.py:93} INFO - 99/100 MDTUSDT lưu OK
[2025-08-17T09:24:07.508+0000] {subprocess.py:93} INFO - 100/100 EIGENUSDT lỗi: connection to server at "videv.cloud" (27.74.74.29), port 5432 failed: Connection timed out
[2025-08-17T09:24:07.508+0000] {subprocess.py:93} INFO - 	Is the server running on that host and accepting TCP/IP connections?
[2025-08-17T09:24:07.508+0000] {subprocess.py:93} INFO - 
[2025-08-17T09:24:07.665+0000] {subprocess.py:97} INFO - Command exited with return code 0
[2025-08-17T09:24:07.666+0000] {taskinstance.py:441} INFO - ::group::Post task execution logs
[2025-08-17T09:24:07.704+0000] {taskinstance.py:1206} INFO - Marking task as SUCCESS. dag_id=crypto_collector_dag, task_id=run_crypto_collector, run_id=scheduled__2025-08-17T09:18:00+00:00, execution_date=20250817T091800, start_date=20250817T092059, end_date=20250817T092407
[2025-08-17T09:24:07.739+0000] {local_task_job_runner.py:240} INFO - Task exited with return code 0
[2025-08-17T09:24:07.768+0000] {taskinstance.py:3498} INFO - 0 downstream tasks scheduled from follow-on schedule check
[2025-08-17T09:24:07.770+0000] {local_task_job_runner.py:222} INFO - ::endgroup::
