[2025-09-08T07:47:01.817+0000] {local_task_job_runner.py:120} INFO - ::group::Pre task execution logs
[2025-09-08T07:47:01.845+0000] {taskinstance.py:2076} INFO - Dependencies all met for dep_context=non-requeueable deps ti=<TaskInstance: foreign_1_live.save_foreign_1 scheduled__2025-09-08T07:46:00+00:00 [queued]>
[2025-09-08T07:47:01.854+0000] {taskinstance.py:2076} INFO - Dependencies all met for dep_context=requeueable deps ti=<TaskInstance: foreign_1_live.save_foreign_1 scheduled__2025-09-08T07:46:00+00:00 [queued]>
[2025-09-08T07:47:01.855+0000] {taskinstance.py:2306} INFO - Starting attempt 1 of 11
[2025-09-08T07:47:01.869+0000] {taskinstance.py:2330} INFO - Executing <Task(PythonOperator): save_foreign_1> on 2025-09-08 07:46:00+00:00
[2025-09-08T07:47:01.878+0000] {standard_task_runner.py:63} INFO - Started process 339922 to run task
[2025-09-08T07:47:01.882+0000] {standard_task_runner.py:90} INFO - Running: ['***', 'tasks', 'run', 'foreign_1_live', 'save_foreign_1', 'scheduled__2025-09-08T07:46:00+00:00', '--job-id', '160818', '--raw', '--subdir', 'DAGS_FOLDER/dag_foreign_1_live.py', '--cfg-path', '/tmp/tmpj8bmqkn2']
[2025-09-08T07:47:01.886+0000] {standard_task_runner.py:91} INFO - Job 160818: Subtask save_foreign_1
[2025-09-08T07:47:01.943+0000] {task_command.py:426} INFO - Running <TaskInstance: foreign_1_live.save_foreign_1 scheduled__2025-09-08T07:46:00+00:00 [running]> on host 8d9cea3aac78
[2025-09-08T07:47:02.057+0000] {taskinstance.py:2648} INFO - Exporting env vars: AIRFLOW_CTX_DAG_OWNER='***' AIRFLOW_CTX_DAG_ID='foreign_1_live' AIRFLOW_CTX_TASK_ID='save_foreign_1' AIRFLOW_CTX_EXECUTION_DATE='2025-09-08T07:46:00+00:00' AIRFLOW_CTX_TRY_NUMBER='1' AIRFLOW_CTX_DAG_RUN_ID='scheduled__2025-09-08T07:46:00+00:00'
[2025-09-08T07:47:02.058+0000] {taskinstance.py:430} INFO - ::endgroup::
[2025-09-08T07:47:02.075+0000] {foreign_1.py:18} INFO - Kết nối DB
[2025-09-08T07:47:02.614+0000] {foreign_1.py:28} INFO - Đã lưu foreign_ALL
[2025-09-08T07:47:02.616+0000] {foreign_1.py:18} INFO - Kết nối DB
[2025-09-08T07:47:03.143+0000] {foreign_1.py:28} INFO - Đã lưu foreign_HOSE
[2025-09-08T07:47:03.145+0000] {foreign_1.py:18} INFO - Kết nối DB
[2025-09-08T07:47:03.670+0000] {foreign_1.py:28} INFO - Đã lưu foreign_HNX
[2025-09-08T07:47:03.672+0000] {foreign_1.py:18} INFO - Kết nối DB
[2025-09-08T07:47:04.253+0000] {foreign_1.py:28} INFO - Đã lưu foreign_UPCOM
[2025-09-08T07:47:04.256+0000] {python.py:237} INFO - Done. Returned value was: None
[2025-09-08T07:47:04.257+0000] {taskinstance.py:441} INFO - ::group::Post task execution logs
[2025-09-08T07:47:04.271+0000] {taskinstance.py:1206} INFO - Marking task as SUCCESS. dag_id=foreign_1_live, task_id=save_foreign_1, run_id=scheduled__2025-09-08T07:46:00+00:00, execution_date=20250908T074600, start_date=20250908T074701, end_date=20250908T074704
[2025-09-08T07:47:04.340+0000] {local_task_job_runner.py:240} INFO - Task exited with return code 0
[2025-09-08T07:47:04.380+0000] {taskinstance.py:3503} INFO - 4 downstream tasks scheduled from follow-on schedule check
[2025-09-08T07:47:04.381+0000] {local_task_job_runner.py:222} INFO - ::endgroup::
