[2025-08-22T06:01:00.987+0000] {local_task_job_runner.py:120} INFO - ::group::Pre task execution logs
[2025-08-22T06:01:01.013+0000] {taskinstance.py:2076} INFO - Dependencies all met for dep_context=non-requeueable deps ti=<TaskInstance: update_stock_history.run_get_py scheduled__2025-08-22T06:00:00+00:00 [queued]>
[2025-08-22T06:01:01.022+0000] {taskinstance.py:2076} INFO - Dependencies all met for dep_context=requeueable deps ti=<TaskInstance: update_stock_history.run_get_py scheduled__2025-08-22T06:00:00+00:00 [queued]>
[2025-08-22T06:01:01.022+0000] {taskinstance.py:2306} INFO - Starting attempt 1 of 2
[2025-08-22T06:01:01.034+0000] {taskinstance.py:2330} INFO - Executing <Task(BashOperator): run_get_py> on 2025-08-22 06:00:00+00:00
[2025-08-22T06:01:01.039+0000] {standard_task_runner.py:63} INFO - Started process 742008 to run task
[2025-08-22T06:01:01.044+0000] {standard_task_runner.py:90} INFO - Running: ['***', 'tasks', 'run', 'update_stock_history', 'run_get_py', 'scheduled__2025-08-22T06:00:00+00:00', '--job-id', '17878', '--raw', '--subdir', 'DAGS_FOLDER/crawlchart/dags.py', '--cfg-path', '/tmp/tmpx6jexz0b']
[2025-08-22T06:01:01.045+0000] {standard_task_runner.py:91} INFO - Job 17878: Subtask run_get_py
[2025-08-22T06:01:01.098+0000] {task_command.py:426} INFO - Running <TaskInstance: update_stock_history.run_get_py scheduled__2025-08-22T06:00:00+00:00 [running]> on host 1877907bc043
[2025-08-22T06:01:01.192+0000] {taskinstance.py:2648} INFO - Exporting env vars: AIRFLOW_CTX_DAG_OWNER='***' AIRFLOW_CTX_DAG_ID='update_stock_history' AIRFLOW_CTX_TASK_ID='run_get_py' AIRFLOW_CTX_EXECUTION_DATE='2025-08-22T06:00:00+00:00' AIRFLOW_CTX_TRY_NUMBER='1' AIRFLOW_CTX_DAG_RUN_ID='scheduled__2025-08-22T06:00:00+00:00'
[2025-08-22T06:01:01.193+0000] {taskinstance.py:430} INFO - ::endgroup::
[2025-08-22T06:01:01.206+0000] {subprocess.py:63} INFO - Tmp dir root location: /tmp
[2025-08-22T06:01:01.207+0000] {subprocess.py:75} INFO - Running command: ['/usr/bin/bash', '-c', 'python3 /opt/***/dags/crawlchart/get.py']
[2025-08-22T06:01:01.216+0000] {subprocess.py:86} INFO - Output:
[2025-08-22T06:09:01.441+0000] {subprocess.py:93} INFO - 🚀 Bắt đầu cập nhật dữ liệu...
[2025-08-22T06:09:01.442+0000] {subprocess.py:93} INFO - 
[2025-08-22T06:09:01.442+0000] {subprocess.py:93} INFO - 📋 Kết quả cập nhật:
[2025-08-22T06:09:01.443+0000] {subprocess.py:93} INFO - ✅ Đã lưu HNX Construction Index vào bảng HNX Construction Index
[2025-08-22T06:09:01.443+0000] {subprocess.py:93} INFO - ✅ Đã lưu HNX Manufacturing Index vào bảng HNX Manufacturing Index
[2025-08-22T06:09:01.443+0000] {subprocess.py:93} INFO - ❌ Lỗi khi xử lý HNX Financials Index: Response ended prematurely
[2025-08-22T06:09:01.443+0000] {subprocess.py:93} INFO - ✅ Đã lưu HNX Large Cap Index vào bảng HNX Large Cap Index
[2025-08-22T06:09:01.443+0000] {subprocess.py:93} INFO - ❌ Lỗi khi xử lý HNX Mid/Small Cap Index: Response ended prematurely
[2025-08-22T06:09:01.444+0000] {subprocess.py:93} INFO - ✅ Đã lưu HNXIndex vào bảng HNXIndex
[2025-08-22T06:09:01.444+0000] {subprocess.py:93} INFO - ⚠️ Không có dữ liệu cho UPCOM Small Index
[2025-08-22T06:09:01.444+0000] {subprocess.py:93} INFO - ✅ Đã lưu UPCOM Medium Index vào bảng UPCOM Medium Index
[2025-08-22T06:09:01.444+0000] {subprocess.py:93} INFO - ❌ Lỗi khi xử lý HNXUpcomIndex: Response ended prematurely
[2025-08-22T06:09:01.445+0000] {subprocess.py:93} INFO - ✅ Đã lưu HNX30 vào bảng HNX30
[2025-08-22T06:09:01.445+0000] {subprocess.py:93} INFO - ❌ Lỗi khi xử lý UPCOM Large Index: Response ended prematurely
[2025-08-22T06:09:01.445+0000] {subprocess.py:93} INFO - ❌ Lỗi khi xử lý VNCOND: Response ended prematurely
[2025-08-22T06:09:01.445+0000] {subprocess.py:93} INFO - ✅ Đã lưu VN30 vào bảng VN30
[2025-08-22T06:09:01.445+0000] {subprocess.py:93} INFO - ✅ Đã lưu VNALLSHARE vào bảng VNALLSHARE
[2025-08-22T06:09:01.446+0000] {subprocess.py:93} INFO - ✅ Đã lưu VNCONS vào bảng VNCONS
[2025-08-22T06:09:01.446+0000] {subprocess.py:93} INFO - ✅ Đã lưu VN100 vào bảng VN100
[2025-08-22T06:09:01.446+0000] {subprocess.py:93} INFO - ✅ Đã lưu VNFINLEAD vào bảng VNFINLEAD
[2025-08-22T06:09:01.446+0000] {subprocess.py:93} INFO - ✅ Đã lưu VNFINSELECT vào bảng VNFINSELECT
[2025-08-22T06:09:01.446+0000] {subprocess.py:93} INFO - ✅ Đã lưu VNENE vào bảng VNENE
[2025-08-22T06:09:01.447+0000] {subprocess.py:93} INFO - ⚠️ Không có dữ liệu cho VNINDEXVNIT
[2025-08-22T06:09:01.447+0000] {subprocess.py:93} INFO - ❌ Lỗi khi xử lý VNDIAMOND: Response ended prematurely
[2025-08-22T06:09:01.447+0000] {subprocess.py:93} INFO - ✅ Đã lưu VNHEAL vào bảng VNHEAL
[2025-08-22T06:09:01.447+0000] {subprocess.py:93} INFO - ✅ Đã lưu VNIND vào bảng VNIND
[2025-08-22T06:09:01.447+0000] {subprocess.py:93} INFO - ✅ Đã lưu VNMAT vào bảng VNMAT
[2025-08-22T06:09:01.448+0000] {subprocess.py:93} INFO - ❌ Lỗi khi xử lý VNFIN: Response ended prematurely
[2025-08-22T06:09:01.448+0000] {subprocess.py:93} INFO - ✅ Đã lưu VNREAL vào bảng VNREAL
[2025-08-22T06:09:01.448+0000] {subprocess.py:93} INFO - ✅ Đã lưu VNSMALLCAP vào bảng VNSMALLCAP
[2025-08-22T06:09:01.448+0000] {subprocess.py:93} INFO - ✅ Đã lưu VNUTI vào bảng VNUTI
[2025-08-22T06:09:01.448+0000] {subprocess.py:93} INFO - ❌ Lỗi khi xử lý VNMIDCAP: Response ended prematurely
[2025-08-22T06:09:01.449+0000] {subprocess.py:93} INFO - ✅ Đã lưu VNSI vào bảng VNSI
[2025-08-22T06:09:01.449+0000] {subprocess.py:93} INFO - ✅ Đã lưu VNX50 vào bảng VNX50
[2025-08-22T06:09:01.449+0000] {subprocess.py:93} INFO - ✅ Đã hoàn tất cập nhật dữ liệu vào cơ sở dữ liệu.
[2025-08-22T06:09:01.586+0000] {subprocess.py:97} INFO - Command exited with return code 0
[2025-08-22T06:09:01.587+0000] {taskinstance.py:441} INFO - ::group::Post task execution logs
[2025-08-22T06:09:01.615+0000] {taskinstance.py:1206} INFO - Marking task as SUCCESS. dag_id=update_stock_history, task_id=run_get_py, run_id=scheduled__2025-08-22T06:00:00+00:00, execution_date=20250822T060000, start_date=20250822T060101, end_date=20250822T060901
[2025-08-22T06:09:01.676+0000] {local_task_job_runner.py:240} INFO - Task exited with return code 0
[2025-08-22T06:09:01.687+0000] {local_task_job_runner.py:222} INFO - ::endgroup::
