[2025-09-01T10:25:58.614+0000] {local_task_job_runner.py:120} INFO - ::group::Pre task execution logs
[2025-09-01T10:25:58.646+0000] {taskinstance.py:2076} INFO - Dependencies all met for dep_context=non-requeueable deps ti=<TaskInstance: market_table_foreign.foreign_HNX scheduled__2025-08-31T17:06:00+00:00 [queued]>
[2025-09-01T10:25:58.662+0000] {taskinstance.py:2076} INFO - Dependencies all met for dep_context=requeueable deps ti=<TaskInstance: market_table_foreign.foreign_HNX scheduled__2025-08-31T17:06:00+00:00 [queued]>
[2025-09-01T10:25:58.662+0000] {taskinstance.py:2306} INFO - Starting attempt 1 of 11
[2025-09-01T10:25:58.677+0000] {taskinstance.py:2330} INFO - Executing <Task(PythonOperator): foreign_HNX> on 2025-08-31 17:06:00+00:00
[2025-09-01T10:25:58.691+0000] {standard_task_runner.py:63} INFO - Started process 2317842 to run task
[2025-09-01T10:25:58.697+0000] {standard_task_runner.py:90} INFO - Running: ['***', 'tasks', 'run', 'market_table_foreign', 'foreign_HNX', 'scheduled__2025-08-31T17:06:00+00:00', '--job-id', '42107', '--raw', '--subdir', 'DAGS_FOLDER/dag_market_live.py', '--cfg-path', '/tmp/tmp4022vip6']
[2025-09-01T10:25:58.701+0000] {standard_task_runner.py:91} INFO - Job 42107: Subtask foreign_HNX
[2025-09-01T10:25:58.751+0000] {task_command.py:426} INFO - Running <TaskInstance: market_table_foreign.foreign_HNX scheduled__2025-08-31T17:06:00+00:00 [running]> on host 1877907bc043
[2025-09-01T10:25:58.853+0000] {taskinstance.py:2648} INFO - Exporting env vars: AIRFLOW_CTX_DAG_OWNER='***' AIRFLOW_CTX_DAG_ID='market_table_foreign' AIRFLOW_CTX_TASK_ID='foreign_HNX' AIRFLOW_CTX_EXECUTION_DATE='2025-08-31T17:06:00+00:00' AIRFLOW_CTX_TRY_NUMBER='1' AIRFLOW_CTX_DAG_RUN_ID='scheduled__2025-08-31T17:06:00+00:00'
[2025-09-01T10:25:58.854+0000] {taskinstance.py:430} INFO - ::endgroup::
[2025-09-01T10:25:58.871+0000] {foreign_HNX.py:17} INFO - Kết nối DB
[2025-09-01T10:25:59.152+0000] {foreign_HNX.py:42} INFO - Đã lưu foreign_HNX
[2025-09-01T10:25:59.153+0000] {python.py:237} INFO - Done. Returned value was: None
[2025-09-01T10:25:59.154+0000] {taskinstance.py:441} INFO - ::group::Post task execution logs
[2025-09-01T10:25:59.169+0000] {taskinstance.py:1206} INFO - Marking task as SUCCESS. dag_id=market_table_foreign, task_id=foreign_HNX, run_id=scheduled__2025-08-31T17:06:00+00:00, execution_date=20250831T170600, start_date=20250901T102558, end_date=20250901T102559
[2025-09-01T10:25:59.229+0000] {local_task_job_runner.py:240} INFO - Task exited with return code 0
[2025-09-01T10:25:59.249+0000] {taskinstance.py:3498} INFO - 0 downstream tasks scheduled from follow-on schedule check
[2025-09-01T10:25:59.250+0000] {local_task_job_runner.py:222} INFO - ::endgroup::
[2025-09-01T10:27:06.674+0000] {local_task_job_runner.py:120} INFO - ::group::Pre task execution logs
[2025-09-01T10:27:06.701+0000] {taskinstance.py:2076} INFO - Dependencies all met for dep_context=non-requeueable deps ti=<TaskInstance: market_table_foreign.foreign_HNX scheduled__2025-08-31T17:06:00+00:00 [queued]>
[2025-09-01T10:27:06.709+0000] {taskinstance.py:2076} INFO - Dependencies all met for dep_context=requeueable deps ti=<TaskInstance: market_table_foreign.foreign_HNX scheduled__2025-08-31T17:06:00+00:00 [queued]>
[2025-09-01T10:27:06.710+0000] {taskinstance.py:2306} INFO - Starting attempt 1 of 11
[2025-09-01T10:27:06.724+0000] {taskinstance.py:2330} INFO - Executing <Task(PythonOperator): foreign_HNX> on 2025-08-31 17:06:00+00:00
[2025-09-01T10:27:06.732+0000] {standard_task_runner.py:63} INFO - Started process 2318729 to run task
[2025-09-01T10:27:06.736+0000] {standard_task_runner.py:90} INFO - Running: ['***', 'tasks', 'run', 'market_table_foreign', 'foreign_HNX', 'scheduled__2025-08-31T17:06:00+00:00', '--job-id', '42347', '--raw', '--subdir', 'DAGS_FOLDER/dag_market_live.py', '--cfg-path', '/tmp/tmplm0etgja']
[2025-09-01T10:27:06.740+0000] {standard_task_runner.py:91} INFO - Job 42347: Subtask foreign_HNX
[2025-09-01T10:27:06.797+0000] {task_command.py:426} INFO - Running <TaskInstance: market_table_foreign.foreign_HNX scheduled__2025-08-31T17:06:00+00:00 [running]> on host 1877907bc043
[2025-09-01T10:27:06.900+0000] {taskinstance.py:2648} INFO - Exporting env vars: AIRFLOW_CTX_DAG_OWNER='***' AIRFLOW_CTX_DAG_ID='market_table_foreign' AIRFLOW_CTX_TASK_ID='foreign_HNX' AIRFLOW_CTX_EXECUTION_DATE='2025-08-31T17:06:00+00:00' AIRFLOW_CTX_TRY_NUMBER='1' AIRFLOW_CTX_DAG_RUN_ID='scheduled__2025-08-31T17:06:00+00:00'
[2025-09-01T10:27:06.901+0000] {taskinstance.py:430} INFO - ::endgroup::
[2025-09-01T10:27:06.915+0000] {foreign_HNX.py:17} INFO - Kết nối DB
[2025-09-01T10:27:07.318+0000] {foreign_HNX.py:42} INFO - Đã lưu foreign_HNX
[2025-09-01T10:27:07.319+0000] {python.py:237} INFO - Done. Returned value was: None
[2025-09-01T10:27:07.319+0000] {taskinstance.py:441} INFO - ::group::Post task execution logs
[2025-09-01T10:27:07.331+0000] {taskinstance.py:1206} INFO - Marking task as SUCCESS. dag_id=market_table_foreign, task_id=foreign_HNX, run_id=scheduled__2025-08-31T17:06:00+00:00, execution_date=20250831T170600, start_date=20250901T102706, end_date=20250901T102707
[2025-09-01T10:27:07.389+0000] {local_task_job_runner.py:240} INFO - Task exited with return code 0
[2025-09-01T10:27:07.402+0000] {local_task_job_runner.py:222} INFO - ::endgroup::
