[2025-09-07T02:48:01.711+0000] {local_task_job_runner.py:120} INFO - ::group::Pre task execution logs
[2025-09-07T02:48:01.949+0000] {taskinstance.py:2076} INFO - Dependencies all met for dep_context=non-requeueable deps ti=<TaskInstance: liquidity.save_liquidity scheduled__2025-09-07T02:47:00+00:00 [queued]>
[2025-09-07T02:48:01.965+0000] {taskinstance.py:2076} INFO - Dependencies all met for dep_context=requeueable deps ti=<TaskInstance: liquidity.save_liquidity scheduled__2025-09-07T02:47:00+00:00 [queued]>
[2025-09-07T02:48:01.966+0000] {taskinstance.py:2306} INFO - Starting attempt 1 of 11
[2025-09-07T02:48:01.990+0000] {taskinstance.py:2330} INFO - Executing <Task(PythonOperator): save_liquidity> on 2025-09-07 02:47:00+00:00
[2025-09-07T02:48:02.005+0000] {standard_task_runner.py:63} INFO - Started process 128649 to run task
[2025-09-07T02:48:02.012+0000] {standard_task_runner.py:90} INFO - Running: ['***', 'tasks', 'run', 'liquidity', 'save_liquidity', 'scheduled__2025-09-07T02:47:00+00:00', '--job-id', '140548', '--raw', '--subdir', 'DAGS_FOLDER/dag_liquidity.py', '--cfg-path', '/tmp/tmp2uv146ps']
[2025-09-07T02:48:02.017+0000] {standard_task_runner.py:91} INFO - Job 140548: Subtask save_liquidity
[2025-09-07T02:48:02.083+0000] {task_command.py:426} INFO - Running <TaskInstance: liquidity.save_liquidity scheduled__2025-09-07T02:47:00+00:00 [running]> on host 8d9cea3aac78
[2025-09-07T02:48:02.169+0000] {taskinstance.py:2648} INFO - Exporting env vars: AIRFLOW_CTX_DAG_OWNER='***' AIRFLOW_CTX_DAG_ID='liquidity' AIRFLOW_CTX_TASK_ID='save_liquidity' AIRFLOW_CTX_EXECUTION_DATE='2025-09-07T02:47:00+00:00' AIRFLOW_CTX_TRY_NUMBER='1' AIRFLOW_CTX_DAG_RUN_ID='scheduled__2025-09-07T02:47:00+00:00'
[2025-09-07T02:48:02.170+0000] {taskinstance.py:430} INFO - ::endgroup::
[2025-09-07T02:48:02.495+0000] {liquidity.py:95} ERROR - Lỗi lưu liquidity_ALL
Traceback (most recent call last):
  File "/opt/airflow/dags/utils/market_history/liquidity/liquidity.py", line 84, in save_liquidity
    data=liquidity(realsymbol)
  File "/opt/airflow/dags/utils/market_history/liquidity/liquidity.py", line 56, in liquidity
    data = response.json()[0]
IndexError: list index out of range
[2025-09-07T02:48:02.842+0000] {liquidity.py:95} ERROR - Lỗi lưu liquidity_HOSE
Traceback (most recent call last):
  File "/opt/airflow/dags/utils/market_history/liquidity/liquidity.py", line 84, in save_liquidity
    data=liquidity(realsymbol)
  File "/opt/airflow/dags/utils/market_history/liquidity/liquidity.py", line 56, in liquidity
    data = response.json()[0]
IndexError: list index out of range
[2025-09-07T02:48:03.214+0000] {liquidity.py:95} ERROR - Lỗi lưu liquidity_HNX
Traceback (most recent call last):
  File "/opt/airflow/dags/utils/market_history/liquidity/liquidity.py", line 84, in save_liquidity
    data=liquidity(realsymbol)
  File "/opt/airflow/dags/utils/market_history/liquidity/liquidity.py", line 56, in liquidity
    data = response.json()[0]
IndexError: list index out of range
[2025-09-07T02:48:03.420+0000] {liquidity.py:95} ERROR - Lỗi lưu liquidity_UPCOM
Traceback (most recent call last):
  File "/opt/airflow/dags/utils/market_history/liquidity/liquidity.py", line 84, in save_liquidity
    data=liquidity(realsymbol)
  File "/opt/airflow/dags/utils/market_history/liquidity/liquidity.py", line 56, in liquidity
    data = response.json()[0]
IndexError: list index out of range
[2025-09-07T02:48:03.422+0000] {python.py:237} INFO - Done. Returned value was: None
[2025-09-07T02:48:03.423+0000] {taskinstance.py:441} INFO - ::group::Post task execution logs
[2025-09-07T02:48:03.438+0000] {taskinstance.py:1206} INFO - Marking task as SUCCESS. dag_id=liquidity, task_id=save_liquidity, run_id=scheduled__2025-09-07T02:47:00+00:00, execution_date=20250907T024700, start_date=20250907T024801, end_date=20250907T024803
[2025-09-07T02:48:03.507+0000] {local_task_job_runner.py:240} INFO - Task exited with return code 0
[2025-09-07T02:48:03.538+0000] {taskinstance.py:3503} INFO - 0 downstream tasks scheduled from follow-on schedule check
[2025-09-07T02:48:03.539+0000] {local_task_job_runner.py:222} INFO - ::endgroup::
