[2025-08-17T10:06:22.688+0000] {local_task_job_runner.py:120} INFO - ::group::Pre task execution logs
[2025-08-17T10:06:22.715+0000] {taskinstance.py:2076} INFO - Dependencies all met for dep_context=non-requeueable deps ti=<TaskInstance: crypto_collector_dag.run_crypto_collector scheduled__2025-08-17T10:05:00+00:00 [queued]>
[2025-08-17T10:06:22.725+0000] {taskinstance.py:2076} INFO - Dependencies all met for dep_context=requeueable deps ti=<TaskInstance: crypto_collector_dag.run_crypto_collector scheduled__2025-08-17T10:05:00+00:00 [queued]>
[2025-08-17T10:06:22.725+0000] {taskinstance.py:2306} INFO - Starting attempt 1 of 2
[2025-08-17T10:06:22.738+0000] {taskinstance.py:2330} INFO - Executing <Task(BashOperator): run_crypto_collector> on 2025-08-17 10:05:00+00:00
[2025-08-17T10:06:22.744+0000] {standard_task_runner.py:63} INFO - Started process 50486 to run task
[2025-08-17T10:06:22.747+0000] {standard_task_runner.py:90} INFO - Running: ['***', 'tasks', 'run', 'crypto_collector_dag', 'run_crypto_collector', 'scheduled__2025-08-17T10:05:00+00:00', '--job-id', '7436', '--raw', '--subdir', 'DAGS_FOLDER/crawl_crypto/dags_crypto.py', '--cfg-path', '/tmp/tmps31bhf73']
[2025-08-17T10:06:22.749+0000] {standard_task_runner.py:91} INFO - Job 7436: Subtask run_crypto_collector
[2025-08-17T10:06:22.803+0000] {task_command.py:426} INFO - Running <TaskInstance: crypto_collector_dag.run_crypto_collector scheduled__2025-08-17T10:05:00+00:00 [running]> on host 1877907bc043
[2025-08-17T10:06:22.905+0000] {taskinstance.py:2648} INFO - Exporting env vars: AIRFLOW_CTX_DAG_OWNER='***' AIRFLOW_CTX_DAG_ID='crypto_collector_dag' AIRFLOW_CTX_TASK_ID='run_crypto_collector' AIRFLOW_CTX_EXECUTION_DATE='2025-08-17T10:05:00+00:00' AIRFLOW_CTX_TRY_NUMBER='1' AIRFLOW_CTX_DAG_RUN_ID='scheduled__2025-08-17T10:05:00+00:00'
[2025-08-17T10:06:22.906+0000] {taskinstance.py:430} INFO - ::endgroup::
[2025-08-17T10:06:22.921+0000] {subprocess.py:63} INFO - Tmp dir root location: /tmp
[2025-08-17T10:06:22.922+0000] {subprocess.py:75} INFO - Running command: ['/usr/bin/bash', '-c', 'python3 /opt/***/dags/crawl_crypto/crawl_data_crypto.py']
[2025-08-17T10:06:22.935+0000] {subprocess.py:86} INFO - Output:
[2025-08-17T10:07:53.816+0000] {subprocess.py:93} INFO - 🔹 Kết nối DB...
[2025-08-17T10:07:53.817+0000] {subprocess.py:93} INFO - 🔹 Lấy top 100 crypto...
[2025-08-17T10:07:53.818+0000] {subprocess.py:93} INFO - Top 100: ['ETHUSDT', 'USDCUSDT', 'BTCUSDT', 'SOLUSDT', 'ADAUSDT', 'DOGEUSDT', 'XRPUSDT', 'LINKUSDT', 'FDUSDUSDT', 'TRXUSDT', 'BNBUSDT', 'PROVEUSDT', 'ENAUSDT', 'SUIUSDT', 'CTSIUSDT', 'ARBUSDT', 'PEPEUSDT', 'UNIUSDT', 'LTCUSDT', 'AVAXUSDT', 'PENGUUSDT', 'ALPINEUSDT', 'TSTUSDT', 'SKLUSDT', 'SEIUSDT', 'HBARUSDT', 'BFUSDUSDT', 'SUSDT', 'API3USDT', 'TRUMPUSDT', 'AAVEUSDT', 'LDOUSDT', 'WLDUSDT', 'EPICUSDT', 'NEARUSDT', 'OGUSDT', 'BONKUSDT', 'CRVUSDT', 'CHRUSDT', 'WIFUSDT', 'MAVUSDT', 'XLMUSDT', 'OGNUSDT', 'BERAUSDT', 'APTUSDT', 'TOWNSUSDT', 'OPUSDT', 'PONDUSDT', 'RAYUSDT', 'LRCUSDT', 'CYBERUSDT', 'DOTUSDT', 'LPTUSDT', 'FLOKIUSDT', 'TONUSDT', 'CELRUSDT', 'GALAUSDT', 'BCHUSDT', 'ONDOUSDT', 'ASRUSDT', 'EIGENUSDT', 'PORTOUSDT', 'ETHFIUSDT', 'MOVRUSDT', 'INJUSDT', 'TIAUSDT', 'PENDLEUSDT', 'TAOUSDT', 'BATUSDT', 'BANDUSDT', 'NEIROUSDT', 'ETCUSDT', 'LAUSDT', 'NMRUSDT', 'ALGOUSDT', 'BBUSDT', 'RENDERUSDT', 'FILUSDT', 'SYRUPUSDT', 'POLUSDT', 'CAKEUSDT', 'VIRTUALUSDT', 'SPKUSDT', 'ERAUSDT', 'BIOUSDT', 'FETUSDT', 'ICPUSDT', 'SHIBUSDT', 'PNUTUSDT', 'STRKUSDT', 'MDTUSDT', 'CFXUSDT', 'EURUSDT', 'LUNCUSDT', 'ENSUSDT', 'ARKMUSDT', 'TREEUSDT', 'HOTUSDT', 'ATOMUSDT', 'VETUSDT']
[2025-08-17T10:07:53.818+0000] {subprocess.py:93} INFO - 🔹 Lưu lịch sử giá vào DB bằng threading...
[2025-08-17T10:07:53.818+0000] {subprocess.py:93} INFO - ✅ ADAUSDT: thêm 4 dòng mới
[2025-08-17T10:07:53.819+0000] {subprocess.py:93} INFO - 1/100 ADAUSDT lưu OK
[2025-08-17T10:07:53.819+0000] {subprocess.py:93} INFO - ✅ LINKUSDT: thêm 4 dòng mới
[2025-08-17T10:07:53.819+0000] {subprocess.py:93} INFO - 2/100 LINKUSDT lưu OK
[2025-08-17T10:07:53.820+0000] {subprocess.py:93} INFO - ✅ USDCUSDT: thêm 4 dòng mới
[2025-08-17T10:07:53.820+0000] {subprocess.py:93} INFO - 3/100 USDCUSDT lưu OK
[2025-08-17T10:07:53.820+0000] {subprocess.py:93} INFO - ✅ BTCUSDT: thêm 4 dòng mới
[2025-08-17T10:07:53.820+0000] {subprocess.py:93} INFO - 4/100 BTCUSDT lưu OK
[2025-08-17T10:07:53.821+0000] {subprocess.py:93} INFO - ✅ FDUSDUSDT: thêm 4 dòng mới
[2025-08-17T10:07:53.821+0000] {subprocess.py:93} INFO - ✅ SOLUSDT: thêm 4 dòng mới
[2025-08-17T10:07:53.821+0000] {subprocess.py:93} INFO - 5/100 FDUSDUSDT lưu OK
[2025-08-17T10:07:53.821+0000] {subprocess.py:93} INFO - 6/100 SOLUSDT lưu OK
[2025-08-17T10:07:53.822+0000] {subprocess.py:93} INFO - ✅ XRPUSDT: thêm 4 dòng mới
[2025-08-17T10:07:53.822+0000] {subprocess.py:93} INFO - 7/100 XRPUSDT lưu OK
[2025-08-17T10:07:53.822+0000] {subprocess.py:93} INFO - ✅ TRXUSDT: thêm 3 dòng mới
[2025-08-17T10:07:53.822+0000] {subprocess.py:93} INFO - 8/100 TRXUSDT lưu OK
[2025-08-17T10:07:53.822+0000] {subprocess.py:93} INFO - ✅ DOGEUSDT: thêm 3 dòng mới
[2025-08-17T10:07:53.823+0000] {subprocess.py:93} INFO - 9/100 DOGEUSDT lưu OK
[2025-08-17T10:07:53.823+0000] {subprocess.py:93} INFO - ✅ BNBUSDT: thêm 4 dòng mới
[2025-08-17T10:07:53.823+0000] {subprocess.py:93} INFO - 10/100 BNBUSDT lưu OK
[2025-08-17T10:07:53.823+0000] {subprocess.py:93} INFO - ✅ AVAXUSDT: thêm 4 dòng mới
[2025-08-17T10:07:53.823+0000] {subprocess.py:93} INFO - 11/100 AVAXUSDT lưu OK
[2025-08-17T10:07:53.824+0000] {subprocess.py:93} INFO - ✅ PENGUUSDT: thêm 4 dòng mới
[2025-08-17T10:07:53.824+0000] {subprocess.py:93} INFO - 12/100 PENGUUSDT lưu OK
[2025-08-17T10:07:53.824+0000] {subprocess.py:93} INFO - ✅ ALPINEUSDT: thêm 4 dòng mới
[2025-08-17T10:07:53.824+0000] {subprocess.py:93} INFO - 13/100 ALPINEUSDT lưu OK
[2025-08-17T10:07:53.825+0000] {subprocess.py:93} INFO - ⚠️ ENAUSDT lỗi lần 1/3: HTTPSConnectionPool(host='api.binance.com', port=443): Max retries exceeded with url: /api/v3/klines?symbol=ENAUSDT&interval=1m&limit=100 (Caused by ConnectTimeoutError(<urllib3.connection.HTTPSConnection object at 0x7fcf2ad49750>, 'Connection to api.binance.com timed out. (connect timeout=15)'))
[2025-08-17T10:07:53.825+0000] {subprocess.py:93} INFO - ⚠️ PEPEUSDT lỗi lần 1/3: HTTPSConnectionPool(host='api.binance.com', port=443): Max retries exceeded with url: /api/v3/klines?symbol=PEPEUSDT&interval=1m&limit=100 (Caused by ConnectTimeoutError(<urllib3.connection.HTTPSConnection object at 0x7fcf2ad79930>, 'Connection to api.binance.com timed out. (connect timeout=15)'))
[2025-08-17T10:07:53.825+0000] {subprocess.py:93} INFO - ✅ PROVEUSDT: thêm 4 dòng mới
[2025-08-17T10:07:53.825+0000] {subprocess.py:93} INFO - 14/100 PROVEUSDT lưu OK
[2025-08-17T10:07:53.825+0000] {subprocess.py:93} INFO - ⚠️ LTCUSDT lỗi lần 1/3: HTTPSConnectionPool(host='api.binance.com', port=443): Max retries exceeded with url: /api/v3/klines?symbol=LTCUSDT&interval=1m&limit=100 (Caused by ConnectTimeoutError(<urllib3.connection.HTTPSConnection object at 0x7fcf2ad4acb0>, 'Connection to api.binance.com timed out. (connect timeout=15)'))
[2025-08-17T10:07:53.826+0000] {subprocess.py:93} INFO - ✅ UNIUSDT: thêm 4 dòng mới
[2025-08-17T10:07:53.826+0000] {subprocess.py:93} INFO - 15/100 UNIUSDT lưu OK
[2025-08-17T10:07:53.826+0000] {subprocess.py:93} INFO - ✅ CTSIUSDT: thêm 4 dòng mới
[2025-08-17T10:07:53.826+0000] {subprocess.py:93} INFO - ✅ SUIUSDT: thêm 4 dòng mới
[2025-08-17T10:07:53.826+0000] {subprocess.py:93} INFO - ✅ ARBUSDT: thêm 12 dòng mới
[2025-08-17T10:07:53.827+0000] {subprocess.py:93} INFO - ✅ SKLUSDT: thêm 4 dòng mới
[2025-08-17T10:07:53.827+0000] {subprocess.py:93} INFO - 16/100 CTSIUSDT lưu OK
[2025-08-17T10:07:53.827+0000] {subprocess.py:93} INFO - 17/100 SUIUSDT lưu OK
[2025-08-17T10:07:53.827+0000] {subprocess.py:93} INFO - 18/100 ARBUSDT lưu OK
[2025-08-17T10:07:53.827+0000] {subprocess.py:93} INFO - 19/100 SKLUSDT lưu OK
[2025-08-17T10:07:53.828+0000] {subprocess.py:93} INFO - ✅ SEIUSDT: thêm 4 dòng mới
[2025-08-17T10:07:53.828+0000] {subprocess.py:93} INFO - 20/100 SEIUSDT lưu OK
[2025-08-17T10:07:53.828+0000] {subprocess.py:93} INFO - ✅ TRUMPUSDT: thêm 15 dòng mới
[2025-08-17T10:07:53.828+0000] {subprocess.py:93} INFO - 21/100 TRUMPUSDT lưu OK
[2025-08-17T10:07:53.829+0000] {subprocess.py:93} INFO - ✅ AAVEUSDT: thêm 3 dòng mới
[2025-08-17T10:07:53.829+0000] {subprocess.py:93} INFO - 22/100 AAVEUSDT lưu OK
[2025-08-17T10:07:53.829+0000] {subprocess.py:93} INFO - ✅ LDOUSDT: thêm 3 dòng mới
[2025-08-17T10:07:53.829+0000] {subprocess.py:93} INFO - 23/100 LDOUSDT lưu OK
[2025-08-17T10:07:53.829+0000] {subprocess.py:93} INFO - ✅ WLDUSDT: thêm 12 dòng mới
[2025-08-17T10:07:53.830+0000] {subprocess.py:93} INFO - 24/100 WLDUSDT lưu OK
[2025-08-17T10:07:53.830+0000] {subprocess.py:93} INFO - ✅ TSTUSDT: thêm 4 dòng mới
[2025-08-17T10:07:53.830+0000] {subprocess.py:93} INFO - 25/100 TSTUSDT lưu OK
[2025-08-17T10:07:53.830+0000] {subprocess.py:93} INFO - ✅ NEARUSDT: thêm 3 dòng mới
[2025-08-17T10:07:53.830+0000] {subprocess.py:93} INFO - 26/100 NEARUSDT lưu OK
[2025-08-17T10:07:53.831+0000] {subprocess.py:93} INFO - ✅ OGUSDT: thêm 12 dòng mới
[2025-08-17T10:07:53.831+0000] {subprocess.py:93} INFO - 27/100 OGUSDT lưu OK
[2025-08-17T10:07:53.831+0000] {subprocess.py:93} INFO - ✅ SUSDT: thêm 12 dòng mới
[2025-08-17T10:07:53.831+0000] {subprocess.py:93} INFO - 28/100 SUSDT lưu OK
[2025-08-17T10:07:53.831+0000] {subprocess.py:93} INFO - ✅ API3USDT: thêm 3 dòng mới
[2025-08-17T10:07:53.832+0000] {subprocess.py:93} INFO - 29/100 API3USDT lưu OK
[2025-08-17T10:07:53.832+0000] {subprocess.py:93} INFO - ✅ ENAUSDT: thêm 4 dòng mới
[2025-08-17T10:07:53.832+0000] {subprocess.py:93} INFO - 30/100 ENAUSDT lưu OK
[2025-08-17T10:07:53.832+0000] {subprocess.py:93} INFO - ✅ PEPEUSDT: thêm 3 dòng mới
[2025-08-17T10:07:53.832+0000] {subprocess.py:93} INFO - 31/100 PEPEUSDT lưu OK
[2025-08-17T10:07:53.833+0000] {subprocess.py:93} INFO - ✅ BONKUSDT: thêm 3 dòng mới
[2025-08-17T10:07:53.833+0000] {subprocess.py:93} INFO - 32/100 BONKUSDT lưu OK
[2025-08-17T10:07:53.833+0000] {subprocess.py:93} INFO - ✅ CRVUSDT: thêm 4 dòng mới
[2025-08-17T10:07:53.833+0000] {subprocess.py:93} INFO - 33/100 CRVUSDT lưu OK
[2025-08-17T10:07:53.834+0000] {subprocess.py:93} INFO - ✅ BFUSDUSDT: thêm 4 dòng mới
[2025-08-17T10:07:53.834+0000] {subprocess.py:93} INFO - 34/100 BFUSDUSDT lưu OK
[2025-08-17T10:07:53.834+0000] {subprocess.py:93} INFO - ✅ WIFUSDT: thêm 4 dòng mới
[2025-08-17T10:07:53.834+0000] {subprocess.py:93} INFO - 35/100 WIFUSDT lưu OK
[2025-08-17T10:07:53.834+0000] {subprocess.py:93} INFO - ✅ ETHUSDT: thêm 4 dòng mới
[2025-08-17T10:07:53.835+0000] {subprocess.py:93} INFO - 36/100 ETHUSDT lưu OK
[2025-08-17T10:07:53.835+0000] {subprocess.py:93} INFO - ✅ MAVUSDT: thêm 4 dòng mới
[2025-08-17T10:07:53.835+0000] {subprocess.py:93} INFO - 37/100 MAVUSDT lưu OK
[2025-08-17T10:07:53.835+0000] {subprocess.py:93} INFO - ✅ CHRUSDT: thêm 4 dòng mới
[2025-08-17T10:07:53.835+0000] {subprocess.py:93} INFO - 38/100 CHRUSDT lưu OK
[2025-08-17T10:07:53.836+0000] {subprocess.py:93} INFO - ✅ BERAUSDT: thêm 4 dòng mới
[2025-08-17T10:07:53.836+0000] {subprocess.py:93} INFO - 39/100 BERAUSDT lưu OK
[2025-08-17T10:07:53.836+0000] {subprocess.py:93} INFO - ⚠️ EPICUSDT lỗi lần 1/3: HTTPSConnectionPool(host='api.binance.com', port=443): Max retries exceeded with url: /api/v3/klines?symbol=EPICUSDT&interval=1m&limit=100 (Caused by ConnectTimeoutError(<urllib3.connection.HTTPSConnection object at 0x7fcf2ad79d80>, 'Connection to api.binance.com timed out. (connect timeout=15)'))
[2025-08-17T10:07:53.836+0000] {subprocess.py:93} INFO - ✅ OPUSDT: thêm 4 dòng mới
[2025-08-17T10:07:53.836+0000] {subprocess.py:93} INFO - 40/100 OPUSDT lưu OK
[2025-08-17T10:07:53.837+0000] {subprocess.py:93} INFO - ⚠️ XLMUSDT lỗi lần 1/3: HTTPSConnectionPool(host='api.binance.com', port=443): Max retries exceeded with url: /api/v3/klines?symbol=XLMUSDT&interval=1m&limit=100 (Caused by ConnectTimeoutError(<urllib3.connection.HTTPSConnection object at 0x7fcf2ad73eb0>, 'Connection to api.binance.com timed out. (connect timeout=15)'))
[2025-08-17T10:07:53.837+0000] {subprocess.py:93} INFO - ⚠️ OGNUSDT lỗi lần 1/3: HTTPSConnectionPool(host='api.binance.com', port=443): Max retries exceeded with url: /api/v3/klines?symbol=OGNUSDT&interval=1m&limit=100 (Caused by ConnectTimeoutError(<urllib3.connection.HTTPSConnection object at 0x7fcf2ad79b10>, 'Connection to api.binance.com timed out. (connect timeout=15)'))
[2025-08-17T10:07:53.837+0000] {subprocess.py:93} INFO - ⚠️ APTUSDT lỗi lần 1/3: HTTPSConnectionPool(host='api.binance.com', port=443): Max retries exceeded with url: /api/v3/klines?symbol=APTUSDT&interval=1m&limit=100 (Caused by ConnectTimeoutError(<urllib3.connection.HTTPSConnection object at 0x7fcf2ad4a1d0>, 'Connection to api.binance.com timed out. (connect timeout=15)'))
[2025-08-17T10:07:53.837+0000] {subprocess.py:93} INFO - ✅ OGNUSDT: thêm 4 dòng mới
[2025-08-17T10:07:53.837+0000] {subprocess.py:93} INFO - 41/100 OGNUSDT lưu OK
[2025-08-17T10:07:53.838+0000] {subprocess.py:93} INFO - ✅ APTUSDT: thêm 4 dòng mới
[2025-08-17T10:07:53.838+0000] {subprocess.py:93} INFO - 42/100 APTUSDT lưu OK
[2025-08-17T10:07:53.838+0000] {subprocess.py:93} INFO - ⚠️ EPICUSDT lỗi lần 2/3: HTTPSConnectionPool(host='api.binance.com', port=443): Max retries exceeded with url: /api/v3/klines?symbol=EPICUSDT&interval=1m&limit=100 (Caused by ConnectTimeoutError(<urllib3.connection.HTTPSConnection object at 0x7fcf2ad7b4c0>, 'Connection to api.binance.com timed out. (connect timeout=15)'))
[2025-08-17T10:07:53.838+0000] {subprocess.py:93} INFO - ⚠️ LRCUSDT lỗi lần 1/3: HTTPSConnectionPool(host='api.binance.com', port=443): Max retries exceeded with url: /api/v3/klines?symbol=LRCUSDT&interval=1m&limit=100 (Caused by ConnectTimeoutError(<urllib3.connection.HTTPSConnection object at 0x7fcf2ad78d60>, 'Connection to api.binance.com timed out. (connect timeout=15)'))
[2025-08-17T10:07:53.839+0000] {subprocess.py:93} INFO - ✅ XLMUSDT: thêm 4 dòng mới
[2025-08-17T10:07:53.839+0000] {subprocess.py:93} INFO - 43/100 XLMUSDT lưu OK
[2025-08-17T10:07:53.839+0000] {subprocess.py:93} INFO - ⚠️ DOTUSDT lỗi lần 1/3: HTTPSConnectionPool(host='api.binance.com', port=443): Max retries exceeded with url: /api/v3/klines?symbol=DOTUSDT&interval=1m&limit=100 (Caused by ConnectTimeoutError(<urllib3.connection.HTTPSConnection object at 0x7fcf2ad70100>, 'Connection to api.binance.com timed out. (connect timeout=15)'))
[2025-08-17T10:07:53.839+0000] {subprocess.py:93} INFO - ⚠️ EPICUSDT lỗi lần 3/3: HTTPSConnectionPool(host='api.binance.com', port=443): Max retries exceeded with url: /api/v3/klines?symbol=EPICUSDT&interval=1m&limit=100 (Caused by ConnectTimeoutError(<urllib3.connection.HTTPSConnection object at 0x7fcf2ad78670>, 'Connection to api.binance.com timed out. (connect timeout=15)'))
[2025-08-17T10:07:53.839+0000] {subprocess.py:93} INFO - ⚠️ LRCUSDT lỗi lần 2/3: HTTPSConnectionPool(host='api.binance.com', port=443): Max retries exceeded with url: /api/v3/klines?symbol=LRCUSDT&interval=1m&limit=100 (Caused by ConnectTimeoutError(<urllib3.connection.HTTPSConnection object at 0x7fcf2ad78a30>, 'Connection to api.binance.com timed out. (connect timeout=15)'))
[2025-08-17T10:07:53.840+0000] {subprocess.py:93} INFO - 44/100 EPICUSDT bỏ qua (fail)
[2025-08-17T10:07:53.840+0000] {subprocess.py:93} INFO - ✅ FLOKIUSDT: thêm 4 dòng mới
[2025-08-17T10:07:53.840+0000] {subprocess.py:93} INFO - 45/100 FLOKIUSDT lưu OK
[2025-08-17T10:07:53.840+0000] {subprocess.py:93} INFO - 46/100 LPTUSDT lỗi: relation "cryptocurrency.lptusdt" does not exist
[2025-08-17T10:07:53.840+0000] {subprocess.py:93} INFO - LINE 1: SELECT MAX(time) FROM cryptocurrency.lptusdt;
[2025-08-17T10:07:53.841+0000] {subprocess.py:93} INFO -                               ^
[2025-08-17T10:07:53.841+0000] {subprocess.py:93} INFO - 
[2025-08-17T10:07:53.841+0000] {subprocess.py:93} INFO - ✅ TONUSDT: thêm 4 dòng mới
[2025-08-17T10:07:53.841+0000] {subprocess.py:93} INFO - 47/100 TONUSDT lưu OK
[2025-08-17T10:07:53.841+0000] {subprocess.py:93} INFO - ✅ DOTUSDT: thêm 4 dòng mới
[2025-08-17T10:07:53.842+0000] {subprocess.py:93} INFO - 48/100 DOTUSDT lưu OK
[2025-08-17T10:07:53.842+0000] {subprocess.py:93} INFO - ✅ BCHUSDT: thêm 4 dòng mới
[2025-08-17T10:07:53.842+0000] {subprocess.py:93} INFO - 49/100 BCHUSDT lưu OK
[2025-08-17T10:07:53.842+0000] {subprocess.py:93} INFO - ✅ CELRUSDT: thêm 4 dòng mới
[2025-08-17T10:07:53.842+0000] {subprocess.py:93} INFO - 50/100 CELRUSDT lưu OK
[2025-08-17T10:10:04.089+0000] {subprocess.py:93} INFO - ✅ ONDOUSDT: thêm 4 dòng mới
[2025-08-17T10:10:04.090+0000] {subprocess.py:93} INFO - 51/100 ONDOUSDT lưu OK
[2025-08-17T10:10:04.090+0000] {subprocess.py:93} INFO - ✅ ASRUSDT: thêm 4 dòng mới
[2025-08-17T10:10:04.090+0000] {subprocess.py:93} INFO - 52/100 ASRUSDT lưu OK
[2025-08-17T10:10:04.091+0000] {subprocess.py:93} INFO - ✅ LRCUSDT: thêm 4 dòng mới
[2025-08-17T10:10:04.091+0000] {subprocess.py:93} INFO - 53/100 LRCUSDT lưu OK
[2025-08-17T10:10:04.091+0000] {subprocess.py:93} INFO - ✅ ETHFIUSDT: thêm 4 dòng mới
[2025-08-17T10:10:04.091+0000] {subprocess.py:93} INFO - 54/100 ETHFIUSDT lưu OK
[2025-08-17T10:10:04.092+0000] {subprocess.py:93} INFO - 55/100 MOVRUSDT lỗi: relation "cryptocurrency.movrusdt" does not exist
[2025-08-17T10:10:04.092+0000] {subprocess.py:93} INFO - LINE 1: SELECT MAX(time) FROM cryptocurrency.movrusdt;
[2025-08-17T10:10:04.092+0000] {subprocess.py:93} INFO -                               ^
[2025-08-17T10:10:04.092+0000] {subprocess.py:93} INFO - 
[2025-08-17T10:10:04.093+0000] {subprocess.py:93} INFO - ✅ EIGENUSDT: thêm 4 dòng mới
[2025-08-17T10:10:04.093+0000] {subprocess.py:93} INFO - 56/100 EIGENUSDT lưu OK
[2025-08-17T10:10:04.093+0000] {subprocess.py:93} INFO - ✅ INJUSDT: thêm 4 dòng mới
[2025-08-17T10:10:04.093+0000] {subprocess.py:93} INFO - 57/100 INJUSDT lưu OK
[2025-08-17T10:10:04.094+0000] {subprocess.py:93} INFO - ✅ TIAUSDT: thêm 4 dòng mới
[2025-08-17T10:10:04.094+0000] {subprocess.py:93} INFO - 58/100 TIAUSDT lưu OK
[2025-08-17T10:10:04.094+0000] {subprocess.py:93} INFO - ✅ TAOUSDT: thêm 3 dòng mới
[2025-08-17T10:10:04.095+0000] {subprocess.py:93} INFO - 59/100 TAOUSDT lưu OK
[2025-08-17T10:10:04.095+0000] {subprocess.py:93} INFO - ✅ BATUSDT: thêm 3 dòng mới
[2025-08-17T10:10:04.095+0000] {subprocess.py:93} INFO - 60/100 BATUSDT lưu OK
[2025-08-17T10:10:04.095+0000] {subprocess.py:93} INFO - 61/100 BANDUSDT lỗi: relation "cryptocurrency.bandusdt" does not exist
[2025-08-17T10:10:04.096+0000] {subprocess.py:93} INFO - LINE 1: SELECT MAX(time) FROM cryptocurrency.bandusdt;
[2025-08-17T10:10:04.096+0000] {subprocess.py:93} INFO -                               ^
[2025-08-17T10:10:04.096+0000] {subprocess.py:93} INFO - 
[2025-08-17T10:10:04.096+0000] {subprocess.py:93} INFO - ✅ LTCUSDT: thêm 4 dòng mới
[2025-08-17T10:10:04.097+0000] {subprocess.py:93} INFO - 62/100 LTCUSDT lưu OK
[2025-08-17T10:10:04.097+0000] {subprocess.py:93} INFO - ✅ NEIROUSDT: thêm 3 dòng mới
[2025-08-17T10:10:04.097+0000] {subprocess.py:93} INFO - 63/100 NEIROUSDT lưu OK
[2025-08-17T10:10:04.097+0000] {subprocess.py:93} INFO - ✅ PORTOUSDT: thêm 4 dòng mới
[2025-08-17T10:10:04.098+0000] {subprocess.py:93} INFO - 64/100 PORTOUSDT lưu OK
[2025-08-17T10:10:04.098+0000] {subprocess.py:93} INFO - ✅ PENDLEUSDT: thêm 3 dòng mới
[2025-08-17T10:10:04.098+0000] {subprocess.py:93} INFO - 65/100 PENDLEUSDT lưu OK
[2025-08-17T10:10:04.098+0000] {subprocess.py:93} INFO - ✅ LAUSDT: thêm 4 dòng mới
[2025-08-17T10:10:04.099+0000] {subprocess.py:93} INFO - 66/100 LAUSDT lưu OK
[2025-08-17T10:10:04.099+0000] {subprocess.py:93} INFO - 67/100 BBUSDT lỗi: relation "cryptocurrency.bbusdt" does not exist
[2025-08-17T10:10:04.099+0000] {subprocess.py:93} INFO - LINE 1: SELECT MAX(time) FROM cryptocurrency.bbusdt;
[2025-08-17T10:10:04.100+0000] {subprocess.py:93} INFO -                               ^
[2025-08-17T10:10:04.100+0000] {subprocess.py:93} INFO - 
[2025-08-17T10:10:04.100+0000] {subprocess.py:93} INFO - ✅ TOWNSUSDT: thêm 4 dòng mới
[2025-08-17T10:10:04.100+0000] {subprocess.py:93} INFO - 68/100 TOWNSUSDT lưu OK
[2025-08-17T10:10:04.101+0000] {subprocess.py:93} INFO - ✅ FILUSDT: thêm 4 dòng mới
[2025-08-17T10:10:04.101+0000] {subprocess.py:93} INFO - 69/100 FILUSDT lưu OK
[2025-08-17T10:10:04.101+0000] {subprocess.py:93} INFO - ✅ SYRUPUSDT: thêm 13 dòng mới
[2025-08-17T10:10:04.101+0000] {subprocess.py:93} INFO - 70/100 SYRUPUSDT lưu OK
[2025-08-17T10:10:04.102+0000] {subprocess.py:93} INFO - ✅ POLUSDT: thêm 4 dòng mới
[2025-08-17T10:10:04.102+0000] {subprocess.py:93} INFO - 71/100 POLUSDT lưu OK
[2025-08-17T10:10:04.102+0000] {subprocess.py:93} INFO - ✅ ALGOUSDT: thêm 4 dòng mới
[2025-08-17T10:10:04.103+0000] {subprocess.py:93} INFO - 72/100 ALGOUSDT lưu OK
[2025-08-17T10:10:04.103+0000] {subprocess.py:93} INFO - ✅ VIRTUALUSDT: thêm 4 dòng mới
[2025-08-17T10:10:04.103+0000] {subprocess.py:93} INFO - 73/100 VIRTUALUSDT lưu OK
[2025-08-17T10:10:04.103+0000] {subprocess.py:93} INFO - ✅ SPKUSDT: thêm 4 dòng mới
[2025-08-17T10:10:04.104+0000] {subprocess.py:93} INFO - 74/100 SPKUSDT lưu OK
[2025-08-17T10:10:04.104+0000] {subprocess.py:93} INFO - ⚠️ ETCUSDT lỗi lần 1/3: HTTPSConnectionPool(host='api.binance.com', port=443): Max retries exceeded with url: /api/v3/klines?symbol=ETCUSDT&interval=1m&limit=100 (Caused by ConnectTimeoutError(<urllib3.connection.HTTPSConnection object at 0x7fcf2ad49ff0>, 'Connection to api.binance.com timed out. (connect timeout=15)'))
[2025-08-17T10:10:04.104+0000] {subprocess.py:93} INFO - ⚠️ NMRUSDT lỗi lần 1/3: HTTPSConnectionPool(host='api.binance.com', port=443): Max retries exceeded with url: /api/v3/klines?symbol=NMRUSDT&interval=1m&limit=100 (Caused by ConnectTimeoutError(<urllib3.connection.HTTPSConnection object at 0x7fcf2ad79450>, 'Connection to api.binance.com timed out. (connect timeout=15)'))
[2025-08-17T10:10:04.104+0000] {subprocess.py:93} INFO - ✅ ETCUSDT: thêm 4 dòng mới
[2025-08-17T10:10:04.105+0000] {subprocess.py:93} INFO - 75/100 ETCUSDT lưu OK
[2025-08-17T10:10:04.105+0000] {subprocess.py:93} INFO - ⚠️ CAKEUSDT lỗi lần 1/3: HTTPSConnectionPool(host='api.binance.com', port=443): Max retries exceeded with url: /api/v3/klines?symbol=CAKEUSDT&interval=1m&limit=100 (Caused by ConnectTimeoutError(<urllib3.connection.HTTPSConnection object at 0x7fcf2ad79ed0>, 'Connection to api.binance.com timed out. (connect timeout=15)'))
[2025-08-17T10:10:04.105+0000] {subprocess.py:93} INFO - 76/100 BIOUSDT lỗi: relation "cryptocurrency.biousdt" does not exist
[2025-08-17T10:10:04.105+0000] {subprocess.py:93} INFO - LINE 1: SELECT MAX(time) FROM cryptocurrency.biousdt;
[2025-08-17T10:10:04.106+0000] {subprocess.py:93} INFO -                               ^
[2025-08-17T10:10:04.106+0000] {subprocess.py:93} INFO - 
[2025-08-17T10:10:04.106+0000] {subprocess.py:93} INFO - ✅ FETUSDT: thêm 4 dòng mới
[2025-08-17T10:10:04.107+0000] {subprocess.py:93} INFO - 77/100 FETUSDT lưu OK
[2025-08-17T10:10:04.107+0000] {subprocess.py:93} INFO - ⚠️ ERAUSDT lỗi lần 1/3: HTTPSConnectionPool(host='api.binance.com', port=443): Max retries exceeded with url: /api/v3/klines?symbol=ERAUSDT&interval=1m&limit=100 (Caused by ConnectTimeoutError(<urllib3.connection.HTTPSConnection object at 0x7fcf2ad71fc0>, 'Connection to api.binance.com timed out. (connect timeout=15)'))
[2025-08-17T10:10:04.107+0000] {subprocess.py:93} INFO - ✅ ERAUSDT: thêm 4 dòng mới
[2025-08-17T10:10:04.107+0000] {subprocess.py:93} INFO - 78/100 ERAUSDT lưu OK
[2025-08-17T10:10:04.108+0000] {subprocess.py:93} INFO - ✅ SHIBUSDT: thêm 4 dòng mới
[2025-08-17T10:10:04.108+0000] {subprocess.py:93} INFO - 79/100 SHIBUSDT lưu OK
[2025-08-17T10:10:04.108+0000] {subprocess.py:93} INFO - ✅ PNUTUSDT: thêm 4 dòng mới
[2025-08-17T10:10:04.108+0000] {subprocess.py:93} INFO - 80/100 PNUTUSDT lưu OK
[2025-08-17T10:10:04.109+0000] {subprocess.py:93} INFO - ✅ ICPUSDT: thêm 4 dòng mới
[2025-08-17T10:10:04.109+0000] {subprocess.py:93} INFO - 81/100 ICPUSDT lưu OK
[2025-08-17T10:10:04.109+0000] {subprocess.py:93} INFO - 82/100 STRKUSDT lỗi: relation "cryptocurrency.strkusdt" does not exist
[2025-08-17T10:10:04.109+0000] {subprocess.py:93} INFO - LINE 1: SELECT MAX(time) FROM cryptocurrency.strkusdt;
[2025-08-17T10:10:04.110+0000] {subprocess.py:93} INFO -                               ^
[2025-08-17T10:10:04.110+0000] {subprocess.py:93} INFO - 
[2025-08-17T10:10:04.110+0000] {subprocess.py:93} INFO - ✅ CAKEUSDT: thêm 4 dòng mới
[2025-08-17T10:10:04.110+0000] {subprocess.py:93} INFO - 83/100 CAKEUSDT lưu OK
[2025-08-17T10:10:04.111+0000] {subprocess.py:93} INFO - ✅ MDTUSDT: thêm 4 dòng mới
[2025-08-17T10:10:04.111+0000] {subprocess.py:93} INFO - 84/100 MDTUSDT lưu OK
[2025-08-17T10:10:04.111+0000] {subprocess.py:93} INFO - ✅ CFXUSDT: thêm 4 dòng mới
[2025-08-17T10:10:04.111+0000] {subprocess.py:93} INFO - 85/100 CFXUSDT lưu OK
[2025-08-17T10:10:04.112+0000] {subprocess.py:93} INFO - ✅ EURUSDT: thêm 4 dòng mới
[2025-08-17T10:10:04.112+0000] {subprocess.py:93} INFO - 86/100 EURUSDT lưu OK
[2025-08-17T10:10:04.112+0000] {subprocess.py:93} INFO - ✅ LUNCUSDT: thêm 4 dòng mới
[2025-08-17T10:10:04.112+0000] {subprocess.py:93} INFO - 87/100 LUNCUSDT lưu OK
[2025-08-17T10:10:04.113+0000] {subprocess.py:93} INFO - ✅ ENSUSDT: thêm 4 dòng mới
[2025-08-17T10:10:04.113+0000] {subprocess.py:93} INFO - 88/100 ENSUSDT lưu OK
[2025-08-17T10:10:04.113+0000] {subprocess.py:93} INFO - ✅ RENDERUSDT: thêm 4 dòng mới
[2025-08-17T10:10:04.113+0000] {subprocess.py:93} INFO - 89/100 RENDERUSDT lưu OK
[2025-08-17T10:10:04.114+0000] {subprocess.py:93} INFO - 90/100 ATOMUSDT lỗi: relation "cryptocurrency.atomusdt" does not exist
[2025-08-17T10:10:04.114+0000] {subprocess.py:93} INFO - LINE 1: SELECT MAX(time) FROM cryptocurrency.atomusdt;
[2025-08-17T10:10:04.114+0000] {subprocess.py:93} INFO -                               ^
[2025-08-17T10:10:04.114+0000] {subprocess.py:93} INFO - 
[2025-08-17T10:10:04.115+0000] {subprocess.py:93} INFO - 91/100 VETUSDT lỗi: relation "cryptocurrency.vetusdt" does not exist
[2025-08-17T10:10:04.115+0000] {subprocess.py:93} INFO - LINE 1: SELECT MAX(time) FROM cryptocurrency.vetusdt;
[2025-08-17T10:10:04.115+0000] {subprocess.py:93} INFO -                               ^
[2025-08-17T10:10:04.115+0000] {subprocess.py:93} INFO - 
[2025-08-17T10:10:04.116+0000] {subprocess.py:93} INFO - 92/100 TREEUSDT lỗi: relation "cryptocurrency.treeusdt" does not exist
[2025-08-17T10:10:04.116+0000] {subprocess.py:93} INFO - LINE 1: SELECT MAX(time) FROM cryptocurrency.treeusdt;
[2025-08-17T10:10:04.116+0000] {subprocess.py:93} INFO -                               ^
[2025-08-17T10:10:04.116+0000] {subprocess.py:93} INFO - 
[2025-08-17T10:10:04.117+0000] {subprocess.py:93} INFO - ✅ ARKMUSDT: thêm 4 dòng mới
[2025-08-17T10:10:04.117+0000] {subprocess.py:93} INFO - 93/100 ARKMUSDT lưu OK
[2025-08-17T10:10:04.117+0000] {subprocess.py:93} INFO - 94/100 HOTUSDT lỗi: relation "cryptocurrency.hotusdt" does not exist
[2025-08-17T10:10:04.117+0000] {subprocess.py:93} INFO - LINE 1: SELECT MAX(time) FROM cryptocurrency.hotusdt;
[2025-08-17T10:10:04.118+0000] {subprocess.py:93} INFO -                               ^
[2025-08-17T10:10:04.118+0000] {subprocess.py:93} INFO - 
[2025-08-17T10:10:04.118+0000] {subprocess.py:93} INFO - 95/100 NMRUSDT lỗi: relation "cryptocurrency.nmrusdt" does not exist
[2025-08-17T10:10:04.118+0000] {subprocess.py:93} INFO - LINE 1: SELECT MAX(time) FROM cryptocurrency.nmrusdt;
[2025-08-17T10:10:04.119+0000] {subprocess.py:93} INFO -                               ^
[2025-08-17T10:10:04.119+0000] {subprocess.py:93} INFO - 
[2025-08-17T10:10:04.119+0000] {subprocess.py:93} INFO - 96/100 HBARUSDT lỗi: connection to server at "videv.cloud" (27.74.74.29), port 5432 failed: Connection timed out
[2025-08-17T10:10:04.120+0000] {subprocess.py:93} INFO - 	Is the server running on that host and accepting TCP/IP connections?
[2025-08-17T10:10:04.120+0000] {subprocess.py:93} INFO - 
[2025-08-17T10:10:04.120+0000] {subprocess.py:93} INFO - 97/100 RAYUSDT lỗi: connection to server at "videv.cloud" (27.74.74.29), port 5432 failed: Connection timed out
[2025-08-17T10:10:04.120+0000] {subprocess.py:93} INFO - 	Is the server running on that host and accepting TCP/IP connections?
[2025-08-17T10:10:04.121+0000] {subprocess.py:93} INFO - 
[2025-08-17T10:10:04.121+0000] {subprocess.py:93} INFO - 98/100 PONDUSDT lỗi: connection to server at "videv.cloud" (27.74.74.29), port 5432 failed: Connection timed out
[2025-08-17T10:10:04.121+0000] {subprocess.py:93} INFO - 	Is the server running on that host and accepting TCP/IP connections?
[2025-08-17T10:10:04.121+0000] {subprocess.py:93} INFO - 
[2025-08-17T10:10:04.122+0000] {subprocess.py:93} INFO - 99/100 CYBERUSDT lỗi: connection to server at "videv.cloud" (27.74.74.29), port 5432 failed: Connection timed out
[2025-08-17T10:10:04.122+0000] {subprocess.py:93} INFO - 	Is the server running on that host and accepting TCP/IP connections?
[2025-08-17T10:10:04.122+0000] {subprocess.py:93} INFO - 
[2025-08-17T10:10:04.122+0000] {subprocess.py:93} INFO - 100/100 GALAUSDT lỗi: connection to server at "videv.cloud" (27.74.74.29), port 5432 failed: Connection timed out
[2025-08-17T10:10:04.123+0000] {subprocess.py:93} INFO - 	Is the server running on that host and accepting TCP/IP connections?
[2025-08-17T10:10:04.123+0000] {subprocess.py:93} INFO - 
[2025-08-17T10:10:04.248+0000] {subprocess.py:97} INFO - Command exited with return code 0
[2025-08-17T10:10:04.248+0000] {taskinstance.py:441} INFO - ::group::Post task execution logs
[2025-08-17T10:10:04.279+0000] {taskinstance.py:1206} INFO - Marking task as SUCCESS. dag_id=crypto_collector_dag, task_id=run_crypto_collector, run_id=scheduled__2025-08-17T10:05:00+00:00, execution_date=20250817T100500, start_date=20250817T100622, end_date=20250817T101004
[2025-08-17T10:10:04.319+0000] {local_task_job_runner.py:240} INFO - Task exited with return code 0
[2025-08-17T10:10:04.350+0000] {taskinstance.py:3498} INFO - 0 downstream tasks scheduled from follow-on schedule check
[2025-08-17T10:10:04.351+0000] {local_task_job_runner.py:222} INFO - ::endgroup::
