[2025-09-01T03:03:02.443+0000] {local_task_job_runner.py:120} INFO - ::group::Pre task execution logs
[2025-09-01T03:03:02.509+0000] {taskinstance.py:2076} INFO - Dependencies all met for dep_context=non-requeueable deps ti=<TaskInstance: crypto_collector_dag.run_crypto_collector scheduled__2025-09-01T03:02:00+00:00 [queued]>
[2025-09-01T03:03:02.537+0000] {taskinstance.py:2076} INFO - Dependencies all met for dep_context=requeueable deps ti=<TaskInstance: crypto_collector_dag.run_crypto_collector scheduled__2025-09-01T03:02:00+00:00 [queued]>
[2025-09-01T03:03:02.538+0000] {taskinstance.py:2306} INFO - Starting attempt 1 of 2
[2025-09-01T03:03:02.574+0000] {taskinstance.py:2330} INFO - Executing <Task(BashOperator): run_crypto_collector> on 2025-09-01 03:02:00+00:00
[2025-09-01T03:03:02.597+0000] {standard_task_runner.py:63} INFO - Started process 2226706 to run task
[2025-09-01T03:03:02.615+0000] {standard_task_runner.py:90} INFO - Running: ['***', 'tasks', 'run', 'crypto_collector_dag', 'run_crypto_collector', 'scheduled__2025-09-01T03:02:00+00:00', '--job-id', '37754', '--raw', '--subdir', 'DAGS_FOLDER/crawl_crypto/dags_crypto.py', '--cfg-path', '/tmp/tmp2mxtnujm']
[2025-09-01T03:03:02.622+0000] {standard_task_runner.py:91} INFO - Job 37754: Subtask run_crypto_collector
[2025-09-01T03:03:02.834+0000] {task_command.py:426} INFO - Running <TaskInstance: crypto_collector_dag.run_crypto_collector scheduled__2025-09-01T03:02:00+00:00 [running]> on host 1877907bc043
[2025-09-01T03:03:03.070+0000] {taskinstance.py:2648} INFO - Exporting env vars: AIRFLOW_CTX_DAG_OWNER='***' AIRFLOW_CTX_DAG_ID='crypto_collector_dag' AIRFLOW_CTX_TASK_ID='run_crypto_collector' AIRFLOW_CTX_EXECUTION_DATE='2025-09-01T03:02:00+00:00' AIRFLOW_CTX_TRY_NUMBER='1' AIRFLOW_CTX_DAG_RUN_ID='scheduled__2025-09-01T03:02:00+00:00'
[2025-09-01T03:03:03.071+0000] {taskinstance.py:430} INFO - ::endgroup::
[2025-09-01T03:03:03.085+0000] {subprocess.py:63} INFO - Tmp dir root location: /tmp
[2025-09-01T03:03:03.086+0000] {subprocess.py:75} INFO - Running command: ['/usr/bin/bash', '-c', 'python3 /opt/***/dags/crawl_crypto/crawl_data_crypto.py']
[2025-09-01T03:03:03.102+0000] {subprocess.py:86} INFO - Output:
[2025-09-01T03:03:16.852+0000] {subprocess.py:93} INFO - 🔹 Kết nối DB...
[2025-09-01T03:03:16.854+0000] {subprocess.py:93} INFO - 🔹 Lấy top 100 crypto...
[2025-09-01T03:03:16.855+0000] {subprocess.py:93} INFO - Top 100: ['ETHUSDT', 'BTCUSDT', 'USDCUSDT', 'SOLUSDT', 'FDUSDUSDT', 'XRPUSDT', 'DOGEUSDT', 'LINKUSDT', 'BNBUSDT', 'POLUSDT', 'ENAUSDT', 'PLUMEUSDT', 'TRXUSDT', 'USD1USDT', 'DOLOUSDT', 'TRUMPUSDT', 'ADAUSDT', 'SUIUSDT', 'FORMUSDT', 'MITOUSDT', 'PEPEUSDT', 'LRCUSDT', 'ARBUSDT', 'PENGUUSDT', 'BONKUSDT', 'AVAXUSDT', 'AAVEUSDT', 'PYTHUSDT', 'BIOUSDT', 'LTCUSDT', 'AXSUSDT', 'UNIUSDT', 'CUSDT', 'SKLUSDT', 'HBARUSDT', 'PENDLEUSDT', 'DOTUSDT', 'IDEXUSDT', 'MAVUSDT', 'NEARUSDT', 'RAYUSDT', 'FLOWUSDT', 'LDOUSDT', 'CFXUSDT', 'XLMUSDT', 'SEIUSDT', 'OPUSDT', 'ONDOUSDT', 'WLDUSDT', 'QTUMUSDT', 'PAXGUSDT', 'WIFUSDT', 'RLCUSDT', 'KERNELUSDT', 'NMRUSDT', 'SUSDT', 'ENSUSDT', 'ETHFIUSDT', 'CRVUSDT', 'TREEUSDT', 'BCHUSDT', 'FLOKIUSDT', 'BERAUSDT', 'FILUSDT', 'APTUSDT', 'TAOUSDT', 'SYRUPUSDT', 'GALAUSDT', 'SHIBUSDT', 'ICPUSDT', 'TONUSDT', 'ZRXUSDT', 'TIAUSDT', 'PNUTUSDT', 'BFUSDUSDT', 'INJUSDT', 'NEIROUSDT', 'ETCUSDT', 'MDTUSDT', 'CYBERUSDT', 'XUSDUSDT', 'EURUSDT', 'VIRTUALUSDT', 'WUSDT', 'JOEUSDT', 'FETUSDT', 'OMUSDT', 'WBTCUSDT', 'NEOUSDT', 'MEMEUSDT', 'ALGOUSDT', 'ARKMUSDT', 'CAKEUSDT', 'SPKUSDT', 'REDUSDT', 'RUNEUSDT', 'CHZUSDT', 'RENDERUSDT', 'KAITOUSDT', 'VETUSDT']
[2025-09-01T03:03:16.856+0000] {subprocess.py:93} INFO - 🔹 Lưu lịch sử giá vào DB bằng threading...
[2025-09-01T03:03:16.857+0000] {subprocess.py:93} INFO - ✅ BNBUSDT: thêm 1 dòng mới
[2025-09-01T03:03:16.858+0000] {subprocess.py:93} INFO - 1/100 BNBUSDT lưu OK
[2025-09-01T03:03:16.859+0000] {subprocess.py:93} INFO - ✅ XRPUSDT: thêm 1 dòng mới
[2025-09-01T03:03:16.860+0000] {subprocess.py:93} INFO - 2/100 XRPUSDT lưu OK
[2025-09-01T03:03:16.861+0000] {subprocess.py:93} INFO - ✅ POLUSDT: thêm 1 dòng mới
[2025-09-01T03:03:16.861+0000] {subprocess.py:93} INFO - 3/100 POLUSDT lưu OK
[2025-09-01T03:03:16.862+0000] {subprocess.py:93} INFO - ✅ SOLUSDT: thêm 1 dòng mới
[2025-09-01T03:03:16.863+0000] {subprocess.py:93} INFO - ✅ BTCUSDT: thêm 1 dòng mới
[2025-09-01T03:03:16.864+0000] {subprocess.py:93} INFO - 4/100 SOLUSDT lưu OK
[2025-09-01T03:03:16.864+0000] {subprocess.py:93} INFO - 5/100 PLUMEUSDT lỗi: relation "cryptocurrency.plumeusdt" does not exist
[2025-09-01T03:03:16.865+0000] {subprocess.py:93} INFO - LINE 1: SELECT MAX(time) FROM cryptocurrency.plumeusdt;
[2025-09-01T03:03:16.866+0000] {subprocess.py:93} INFO -                               ^
[2025-09-01T03:03:16.867+0000] {subprocess.py:93} INFO - 
[2025-09-01T03:03:16.868+0000] {subprocess.py:93} INFO - 6/100 BTCUSDT lưu OK
[2025-09-01T03:03:16.868+0000] {subprocess.py:93} INFO - ✅ FDUSDUSDT: thêm 1 dòng mới
[2025-09-01T03:03:16.869+0000] {subprocess.py:93} INFO - ✅ DOGEUSDT: thêm 1 dòng mới
[2025-09-01T03:03:16.870+0000] {subprocess.py:93} INFO - ✅ ETHUSDT: thêm 1 dòng mới
[2025-09-01T03:03:16.871+0000] {subprocess.py:93} INFO - 7/100 FDUSDUSDT lưu OK
[2025-09-01T03:03:16.872+0000] {subprocess.py:93} INFO - 8/100 DOGEUSDT lưu OK
[2025-09-01T03:03:16.873+0000] {subprocess.py:93} INFO - 9/100 ETHUSDT lưu OK
[2025-09-01T03:03:16.874+0000] {subprocess.py:93} INFO - ✅ USDCUSDT: thêm 1 dòng mới
[2025-09-01T03:03:16.875+0000] {subprocess.py:93} INFO - ✅ LINKUSDT: thêm 1 dòng mới
[2025-09-01T03:03:16.876+0000] {subprocess.py:93} INFO - ✅ ENAUSDT: thêm 1 dòng mới
[2025-09-01T03:03:16.877+0000] {subprocess.py:93} INFO - 10/100 USDCUSDT lưu OK
[2025-09-01T03:03:16.878+0000] {subprocess.py:93} INFO - 11/100 LINKUSDT lưu OK
[2025-09-01T03:03:16.878+0000] {subprocess.py:93} INFO - 12/100 ENAUSDT lưu OK
[2025-09-01T03:03:16.879+0000] {subprocess.py:93} INFO - 13/100 DOLOUSDT lỗi: relation "cryptocurrency.dolousdt" does not exist
[2025-09-01T03:03:16.880+0000] {subprocess.py:93} INFO - LINE 1: SELECT MAX(time) FROM cryptocurrency.dolousdt;
[2025-09-01T03:03:16.881+0000] {subprocess.py:93} INFO -                               ^
[2025-09-01T03:03:16.882+0000] {subprocess.py:93} INFO - 
[2025-09-01T03:03:16.882+0000] {subprocess.py:93} INFO - ✅ PEPEUSDT: thêm 1 dòng mới
[2025-09-01T03:03:16.883+0000] {subprocess.py:93} INFO - 14/100 PEPEUSDT lưu OK
[2025-09-01T03:03:16.884+0000] {subprocess.py:93} INFO - ✅ TRUMPUSDT: thêm 1 dòng mới
[2025-09-01T03:03:16.885+0000] {subprocess.py:93} INFO - 15/100 TRUMPUSDT lưu OK
[2025-09-01T03:03:16.886+0000] {subprocess.py:93} INFO - ✅ TRXUSDT: thêm 1 dòng mới
[2025-09-01T03:03:16.887+0000] {subprocess.py:93} INFO - 16/100 TRXUSDT lưu OK
[2025-09-01T03:03:16.888+0000] {subprocess.py:93} INFO - ✅ ADAUSDT: thêm 1 dòng mới
[2025-09-01T03:03:16.889+0000] {subprocess.py:93} INFO - 17/100 ADAUSDT lưu OK
[2025-09-01T03:03:16.890+0000] {subprocess.py:93} INFO - 18/100 FORMUSDT lỗi: relation "cryptocurrency.formusdt" does not exist
[2025-09-01T03:03:16.890+0000] {subprocess.py:93} INFO - LINE 1: SELECT MAX(time) FROM cryptocurrency.formusdt;
[2025-09-01T03:03:16.891+0000] {subprocess.py:93} INFO -                               ^
[2025-09-01T03:03:16.892+0000] {subprocess.py:93} INFO - 
[2025-09-01T03:03:16.893+0000] {subprocess.py:93} INFO - ✅ SUIUSDT: thêm 1 dòng mới
[2025-09-01T03:03:16.894+0000] {subprocess.py:93} INFO - 19/100 SUIUSDT lưu OK
[2025-09-01T03:03:16.895+0000] {subprocess.py:93} INFO - 20/100 MITOUSDT lỗi: relation "cryptocurrency.mitousdt" does not exist
[2025-09-01T03:03:16.895+0000] {subprocess.py:93} INFO - LINE 1: SELECT MAX(time) FROM cryptocurrency.mitousdt;
[2025-09-01T03:03:16.896+0000] {subprocess.py:93} INFO -                               ^
[2025-09-01T03:03:16.897+0000] {subprocess.py:93} INFO - 
[2025-09-01T03:03:16.898+0000] {subprocess.py:93} INFO - 21/100 USD1USDT lỗi: relation "cryptocurrency.usd1usdt" does not exist
[2025-09-01T03:03:16.899+0000] {subprocess.py:93} INFO - LINE 1: SELECT MAX(time) FROM cryptocurrency.usd1usdt;
[2025-09-01T03:03:16.900+0000] {subprocess.py:93} INFO -                               ^
[2025-09-01T03:03:16.901+0000] {subprocess.py:93} INFO - 
[2025-09-01T03:03:16.902+0000] {subprocess.py:93} INFO - ✅ LRCUSDT: thêm 1 dòng mới
[2025-09-01T03:03:16.902+0000] {subprocess.py:93} INFO - ✅ PENGUUSDT: thêm 1 dòng mới
[2025-09-01T03:03:16.903+0000] {subprocess.py:93} INFO - 22/100 LRCUSDT lưu OK
[2025-09-01T03:03:16.904+0000] {subprocess.py:93} INFO - 23/100 PENGUUSDT lưu OK
[2025-09-01T03:03:16.905+0000] {subprocess.py:93} INFO - ✅ BONKUSDT: thêm 1 dòng mới
[2025-09-01T03:03:16.906+0000] {subprocess.py:93} INFO - 24/100 BONKUSDT lưu OK
[2025-09-01T03:03:16.907+0000] {subprocess.py:93} INFO - ✅ ARBUSDT: thêm 1 dòng mới
[2025-09-01T03:03:16.908+0000] {subprocess.py:93} INFO - 25/100 ARBUSDT lưu OK
[2025-09-01T03:03:16.908+0000] {subprocess.py:93} INFO - ✅ AVAXUSDT: thêm 1 dòng mới
[2025-09-01T03:03:16.909+0000] {subprocess.py:93} INFO - 26/100 AVAXUSDT lưu OK
[2025-09-01T03:03:16.910+0000] {subprocess.py:93} INFO - 27/100 AXSUSDT lỗi: relation "cryptocurrency.axsusdt" does not exist
[2025-09-01T03:03:16.911+0000] {subprocess.py:93} INFO - LINE 1: SELECT MAX(time) FROM cryptocurrency.axsusdt;
[2025-09-01T03:03:16.912+0000] {subprocess.py:93} INFO -                               ^
[2025-09-01T03:03:16.913+0000] {subprocess.py:93} INFO - 
[2025-09-01T03:03:16.913+0000] {subprocess.py:93} INFO - 28/100 BIOUSDT lỗi: relation "cryptocurrency.biousdt" does not exist
[2025-09-01T03:03:16.914+0000] {subprocess.py:93} INFO - LINE 1: SELECT MAX(time) FROM cryptocurrency.biousdt;
[2025-09-01T03:03:16.915+0000] {subprocess.py:93} INFO -                               ^
[2025-09-01T03:03:16.916+0000] {subprocess.py:93} INFO - 
[2025-09-01T03:03:16.917+0000] {subprocess.py:93} INFO - ✅ SKLUSDT: thêm 1 dòng mới
[2025-09-01T03:03:16.918+0000] {subprocess.py:93} INFO - ✅ LTCUSDT: thêm 1 dòng mới
[2025-09-01T03:03:16.919+0000] {subprocess.py:93} INFO - 29/100 SKLUSDT lưu OK
[2025-09-01T03:03:16.919+0000] {subprocess.py:93} INFO - 30/100 LTCUSDT lưu OK
[2025-09-01T03:03:16.920+0000] {subprocess.py:93} INFO - ✅ PENDLEUSDT: thêm 1 dòng mới
[2025-09-01T03:03:16.921+0000] {subprocess.py:93} INFO - 31/100 PENDLEUSDT lưu OK
[2025-09-01T03:03:16.922+0000] {subprocess.py:93} INFO - 32/100 PYTHUSDT lỗi: relation "cryptocurrency.pythusdt" does not exist
[2025-09-01T03:03:16.923+0000] {subprocess.py:93} INFO - LINE 1: SELECT MAX(time) FROM cryptocurrency.pythusdt;
[2025-09-01T03:03:16.924+0000] {subprocess.py:93} INFO -                               ^
[2025-09-01T03:03:16.925+0000] {subprocess.py:93} INFO - 
[2025-09-01T03:03:16.926+0000] {subprocess.py:93} INFO - 33/100 CUSDT lỗi: relation "cryptocurrency.cusdt" does not exist
[2025-09-01T03:03:16.927+0000] {subprocess.py:93} INFO - LINE 1: SELECT MAX(time) FROM cryptocurrency.cusdt;
[2025-09-01T03:03:16.927+0000] {subprocess.py:93} INFO -                               ^
[2025-09-01T03:03:16.928+0000] {subprocess.py:93} INFO - 
[2025-09-01T03:03:16.929+0000] {subprocess.py:93} INFO - ✅ AAVEUSDT: thêm 1 dòng mới
[2025-09-01T03:03:16.930+0000] {subprocess.py:93} INFO - 34/100 AAVEUSDT lưu OK
[2025-09-01T03:03:16.931+0000] {subprocess.py:93} INFO - 35/100 FLOWUSDT lỗi: relation "cryptocurrency.flowusdt" does not exist
[2025-09-01T03:03:16.932+0000] {subprocess.py:93} INFO - LINE 1: SELECT MAX(time) FROM cryptocurrency.flowusdt;
[2025-09-01T03:03:16.933+0000] {subprocess.py:93} INFO -                               ^
[2025-09-01T03:03:16.934+0000] {subprocess.py:93} INFO - 
[2025-09-01T03:03:16.935+0000] {subprocess.py:93} INFO - 36/100 IDEXUSDT lỗi: relation "cryptocurrency.idexusdt" does not exist
[2025-09-01T03:03:16.936+0000] {subprocess.py:93} INFO - LINE 1: SELECT MAX(time) FROM cryptocurrency.idexusdt;
[2025-09-01T03:03:16.936+0000] {subprocess.py:93} INFO -                               ^
[2025-09-01T03:03:16.937+0000] {subprocess.py:93} INFO - 
[2025-09-01T03:03:16.938+0000] {subprocess.py:93} INFO - ✅ UNIUSDT: thêm 1 dòng mới
[2025-09-01T03:03:16.939+0000] {subprocess.py:93} INFO - ✅ DOTUSDT: thêm 1 dòng mới
[2025-09-01T03:03:16.940+0000] {subprocess.py:93} INFO - ✅ RAYUSDT: thêm 1 dòng mới
[2025-09-01T03:03:16.941+0000] {subprocess.py:93} INFO - 37/100 UNIUSDT lưu OK
[2025-09-01T03:03:16.942+0000] {subprocess.py:93} INFO - 38/100 DOTUSDT lưu OK
[2025-09-01T03:03:16.943+0000] {subprocess.py:93} INFO - ✅ CFXUSDT: thêm 1 dòng mới
[2025-09-01T03:03:16.944+0000] {subprocess.py:93} INFO - ✅ HBARUSDT: thêm 1 dòng mới
[2025-09-01T03:03:16.945+0000] {subprocess.py:93} INFO - ✅ LDOUSDT: thêm 1 dòng mới
[2025-09-01T03:03:16.946+0000] {subprocess.py:93} INFO - 39/100 HBARUSDT lưu OK
[2025-09-01T03:03:16.946+0000] {subprocess.py:93} INFO - 40/100 RAYUSDT lưu OK
[2025-09-01T03:03:16.948+0000] {subprocess.py:93} INFO - 41/100 CFXUSDT lưu OK
[2025-09-01T03:03:16.948+0000] {subprocess.py:93} INFO - 42/100 LDOUSDT lưu OK
[2025-09-01T03:03:16.949+0000] {subprocess.py:93} INFO - ✅ MAVUSDT: thêm 1 dòng mới
[2025-09-01T03:03:16.950+0000] {subprocess.py:93} INFO - 43/100 MAVUSDT lưu OK
[2025-09-01T03:03:16.951+0000] {subprocess.py:93} INFO - ✅ NEARUSDT: thêm 1 dòng mới
[2025-09-01T03:03:16.952+0000] {subprocess.py:93} INFO - 44/100 NEARUSDT lưu OK
[2025-09-01T03:03:16.953+0000] {subprocess.py:93} INFO - ✅ ONDOUSDT: thêm 1 dòng mới
[2025-09-01T03:03:16.955+0000] {subprocess.py:93} INFO - 45/100 ONDOUSDT lưu OK
[2025-09-01T03:03:16.956+0000] {subprocess.py:93} INFO - 46/100 PAXGUSDT lỗi: relation "cryptocurrency.paxgusdt" does not exist
[2025-09-01T03:03:16.957+0000] {subprocess.py:93} INFO - LINE 1: SELECT MAX(time) FROM cryptocurrency.paxgusdt;
[2025-09-01T03:03:16.958+0000] {subprocess.py:93} INFO -                               ^
[2025-09-01T03:03:16.958+0000] {subprocess.py:93} INFO - 
[2025-09-01T03:03:16.959+0000] {subprocess.py:93} INFO - ✅ XLMUSDT: thêm 1 dòng mới
[2025-09-01T03:03:16.960+0000] {subprocess.py:93} INFO - 47/100 XLMUSDT lưu OK
[2025-09-01T03:03:16.962+0000] {subprocess.py:93} INFO - ✅ WIFUSDT: thêm 1 dòng mới
[2025-09-01T03:03:16.962+0000] {subprocess.py:93} INFO - 48/100 WIFUSDT lưu OK
[2025-09-01T03:03:16.963+0000] {subprocess.py:93} INFO - ✅ OPUSDT: thêm 1 dòng mới
[2025-09-01T03:03:16.964+0000] {subprocess.py:93} INFO - 49/100 OPUSDT lưu OK
[2025-09-01T03:03:16.965+0000] {subprocess.py:93} INFO - 50/100 RLCUSDT lỗi: relation "cryptocurrency.rlcusdt" does not exist
[2025-09-01T03:03:16.966+0000] {subprocess.py:93} INFO - LINE 1: SELECT MAX(time) FROM cryptocurrency.rlcusdt;
[2025-09-01T03:03:16.967+0000] {subprocess.py:93} INFO -                               ^
[2025-09-01T03:03:16.968+0000] {subprocess.py:93} INFO - 
[2025-09-01T03:03:16.969+0000] {subprocess.py:93} INFO - 51/100 KERNELUSDT lỗi: relation "cryptocurrency.kernelusdt" does not exist
[2025-09-01T03:03:16.970+0000] {subprocess.py:93} INFO - LINE 1: SELECT MAX(time) FROM cryptocurrency.kernelusdt;
[2025-09-01T03:03:16.970+0000] {subprocess.py:93} INFO -                               ^
[2025-09-01T03:03:16.972+0000] {subprocess.py:93} INFO - 
[2025-09-01T03:03:16.972+0000] {subprocess.py:93} INFO - ✅ SEIUSDT: thêm 1 dòng mới
[2025-09-01T03:03:16.973+0000] {subprocess.py:93} INFO - 52/100 SEIUSDT lưu OK
[2025-09-01T03:03:16.974+0000] {subprocess.py:93} INFO - 53/100 QTUMUSDT lỗi: relation "cryptocurrency.qtumusdt" does not exist
[2025-09-01T03:03:16.975+0000] {subprocess.py:93} INFO - LINE 1: SELECT MAX(time) FROM cryptocurrency.qtumusdt;
[2025-09-01T03:03:16.976+0000] {subprocess.py:93} INFO -                               ^
[2025-09-01T03:03:16.977+0000] {subprocess.py:93} INFO - 
[2025-09-01T03:03:16.978+0000] {subprocess.py:93} INFO - ✅ ENSUSDT: thêm 1 dòng mới
[2025-09-01T03:03:16.979+0000] {subprocess.py:93} INFO - 54/100 ENSUSDT lưu OK
[2025-09-01T03:03:16.979+0000] {subprocess.py:93} INFO - ✅ SUSDT: thêm 1 dòng mới
[2025-09-01T03:03:16.980+0000] {subprocess.py:93} INFO - 55/100 SUSDT lưu OK
[2025-09-01T03:03:16.981+0000] {subprocess.py:93} INFO - 56/100 NMRUSDT lỗi: relation "cryptocurrency.nmrusdt" does not exist
[2025-09-01T03:03:16.982+0000] {subprocess.py:93} INFO - LINE 1: SELECT MAX(time) FROM cryptocurrency.nmrusdt;
[2025-09-01T03:03:16.983+0000] {subprocess.py:93} INFO -                               ^
[2025-09-01T03:03:16.984+0000] {subprocess.py:93} INFO - 
[2025-09-01T03:03:16.985+0000] {subprocess.py:93} INFO - ✅ CRVUSDT: thêm 1 dòng mới
[2025-09-01T03:03:16.985+0000] {subprocess.py:93} INFO - 57/100 CRVUSDT lưu OK
[2025-09-01T03:03:16.986+0000] {subprocess.py:93} INFO - ✅ WLDUSDT: thêm 1 dòng mới
[2025-09-01T03:03:16.987+0000] {subprocess.py:93} INFO - 58/100 WLDUSDT lưu OK
[2025-09-01T03:03:16.988+0000] {subprocess.py:93} INFO - ✅ ETHFIUSDT: thêm 1 dòng mới
[2025-09-01T03:03:16.989+0000] {subprocess.py:93} INFO - 59/100 ETHFIUSDT lưu OK
[2025-09-01T03:03:16.990+0000] {subprocess.py:93} INFO - ✅ BCHUSDT: thêm 1 dòng mới
[2025-09-01T03:03:16.991+0000] {subprocess.py:93} INFO - 60/100 BCHUSDT lưu OK
[2025-09-01T03:03:16.992+0000] {subprocess.py:93} INFO - 61/100 TREEUSDT lỗi: relation "cryptocurrency.treeusdt" does not exist
[2025-09-01T03:03:16.993+0000] {subprocess.py:93} INFO - LINE 1: SELECT MAX(time) FROM cryptocurrency.treeusdt;
[2025-09-01T03:03:16.994+0000] {subprocess.py:93} INFO -                               ^
[2025-09-01T03:03:16.995+0000] {subprocess.py:93} INFO - 
[2025-09-01T03:03:16.996+0000] {subprocess.py:93} INFO - ✅ BERAUSDT: thêm 1 dòng mới
[2025-09-01T03:03:16.997+0000] {subprocess.py:93} INFO - 62/100 BERAUSDT lưu OK
[2025-09-01T03:03:16.997+0000] {subprocess.py:93} INFO - ✅ FLOKIUSDT: thêm 1 dòng mới
[2025-09-01T03:03:16.999+0000] {subprocess.py:93} INFO - 63/100 FLOKIUSDT lưu OK
[2025-09-01T03:03:17.000+0000] {subprocess.py:93} INFO - 64/100 ZRXUSDT lỗi: relation "cryptocurrency.zrxusdt" does not exist
[2025-09-01T03:03:17.001+0000] {subprocess.py:93} INFO - LINE 1: SELECT MAX(time) FROM cryptocurrency.zrxusdt;
[2025-09-01T03:03:17.002+0000] {subprocess.py:93} INFO -                               ^
[2025-09-01T03:03:17.003+0000] {subprocess.py:93} INFO - 
[2025-09-01T03:03:17.003+0000] {subprocess.py:93} INFO - ✅ ICPUSDT: thêm 1 dòng mới
[2025-09-01T03:03:17.004+0000] {subprocess.py:93} INFO - 65/100 ICPUSDT lưu OK
[2025-09-01T03:03:17.005+0000] {subprocess.py:93} INFO - ✅ SYRUPUSDT: thêm 1 dòng mới
[2025-09-01T03:03:17.006+0000] {subprocess.py:93} INFO - 66/100 SYRUPUSDT lưu OK
[2025-09-01T03:03:17.007+0000] {subprocess.py:93} INFO - ✅ TONUSDT: thêm 1 dòng mới
[2025-09-01T03:03:17.009+0000] {subprocess.py:93} INFO - 67/100 TONUSDT lưu OK
[2025-09-01T03:03:17.010+0000] {subprocess.py:93} INFO - ✅ TIAUSDT: thêm 1 dòng mới
[2025-09-01T03:03:17.011+0000] {subprocess.py:93} INFO - 68/100 TIAUSDT lưu OK
[2025-09-01T03:03:17.011+0000] {subprocess.py:93} INFO - ✅ SHIBUSDT: thêm 1 dòng mới
[2025-09-01T03:03:17.012+0000] {subprocess.py:93} INFO - 69/100 SHIBUSDT lưu OK
[2025-09-01T03:03:17.013+0000] {subprocess.py:93} INFO - ✅ APTUSDT: thêm 1 dòng mới
[2025-09-01T03:03:17.014+0000] {subprocess.py:93} INFO - 70/100 APTUSDT lưu OK
[2025-09-01T03:03:17.015+0000] {subprocess.py:93} INFO - ✅ BFUSDUSDT: thêm 1 dòng mới
[2025-09-01T03:03:17.016+0000] {subprocess.py:93} INFO - 71/100 BFUSDUSDT lưu OK
[2025-09-01T03:03:17.017+0000] {subprocess.py:93} INFO - ✅ FILUSDT: thêm 1 dòng mới
[2025-09-01T03:03:17.018+0000] {subprocess.py:93} INFO - 72/100 FILUSDT lưu OK
[2025-09-01T03:03:17.019+0000] {subprocess.py:93} INFO - ✅ GALAUSDT: thêm 1 dòng mới
[2025-09-01T03:03:17.020+0000] {subprocess.py:93} INFO - 73/100 GALAUSDT lưu OK
[2025-09-01T03:03:17.021+0000] {subprocess.py:93} INFO - ✅ TAOUSDT: thêm 1 dòng mới
[2025-09-01T03:03:17.021+0000] {subprocess.py:93} INFO - 74/100 TAOUSDT lưu OK
[2025-09-01T03:03:17.022+0000] {subprocess.py:93} INFO - ✅ INJUSDT: thêm 1 dòng mới
[2025-09-01T03:03:17.023+0000] {subprocess.py:93} INFO - 75/100 INJUSDT lưu OK
[2025-09-01T03:03:17.024+0000] {subprocess.py:93} INFO - ✅ PNUTUSDT: thêm 1 dòng mới
[2025-09-01T03:03:17.025+0000] {subprocess.py:93} INFO - 76/100 PNUTUSDT lưu OK
[2025-09-01T03:03:17.026+0000] {subprocess.py:93} INFO - 77/100 WUSDT lỗi: relation "cryptocurrency.wusdt" does not exist
[2025-09-01T03:03:17.027+0000] {subprocess.py:93} INFO - LINE 1: SELECT MAX(time) FROM cryptocurrency.wusdt;
[2025-09-01T03:03:17.028+0000] {subprocess.py:93} INFO -                               ^
[2025-09-01T03:03:17.029+0000] {subprocess.py:93} INFO - 
[2025-09-01T03:03:17.030+0000] {subprocess.py:93} INFO - ✅ MDTUSDT: thêm 1 dòng mới
[2025-09-01T03:03:17.031+0000] {subprocess.py:93} INFO - 78/100 MDTUSDT lưu OK
[2025-09-01T03:03:17.031+0000] {subprocess.py:93} INFO - ✅ NEIROUSDT: thêm 1 dòng mới
[2025-09-01T03:03:17.032+0000] {subprocess.py:93} INFO - 79/100 NEIROUSDT lưu OK
[2025-09-01T03:03:17.033+0000] {subprocess.py:93} INFO - ✅ ETCUSDT: thêm 1 dòng mới
[2025-09-01T03:03:17.034+0000] {subprocess.py:93} INFO - 80/100 ETCUSDT lưu OK
[2025-09-01T03:03:17.035+0000] {subprocess.py:93} INFO - 81/100 CYBERUSDT lỗi: relation "cryptocurrency.cyberusdt" does not exist
[2025-09-01T03:03:17.036+0000] {subprocess.py:93} INFO - LINE 1: SELECT MAX(time) FROM cryptocurrency.cyberusdt;
[2025-09-01T03:03:17.037+0000] {subprocess.py:93} INFO -                               ^
[2025-09-01T03:03:17.037+0000] {subprocess.py:93} INFO - 
[2025-09-01T03:03:17.038+0000] {subprocess.py:93} INFO - ✅ XUSDUSDT: thêm 1 dòng mới
[2025-09-01T03:03:17.039+0000] {subprocess.py:93} INFO - 82/100 XUSDUSDT lưu OK
[2025-09-01T03:03:17.040+0000] {subprocess.py:93} INFO - ✅ FETUSDT: thêm 1 dòng mới
[2025-09-01T03:03:17.041+0000] {subprocess.py:93} INFO - 83/100 FETUSDT lưu OK
[2025-09-01T03:03:17.042+0000] {subprocess.py:93} INFO - ✅ VIRTUALUSDT: thêm 1 dòng mới
[2025-09-01T03:03:17.043+0000] {subprocess.py:93} INFO - 84/100 VIRTUALUSDT lưu OK
[2025-09-01T03:03:19.867+0000] {subprocess.py:93} INFO - 85/100 NEOUSDT lỗi: relation "cryptocurrency.neousdt" does not exist
[2025-09-01T03:03:19.868+0000] {subprocess.py:93} INFO - LINE 1: SELECT MAX(time) FROM cryptocurrency.neousdt;
[2025-09-01T03:03:19.869+0000] {subprocess.py:93} INFO -                               ^
[2025-09-01T03:03:19.869+0000] {subprocess.py:93} INFO - 
[2025-09-01T03:03:19.870+0000] {subprocess.py:93} INFO - 86/100 JOEUSDT lỗi: relation "cryptocurrency.joeusdt" does not exist
[2025-09-01T03:03:19.871+0000] {subprocess.py:93} INFO - LINE 1: SELECT MAX(time) FROM cryptocurrency.joeusdt;
[2025-09-01T03:03:19.872+0000] {subprocess.py:93} INFO -                               ^
[2025-09-01T03:03:19.872+0000] {subprocess.py:93} INFO - 
[2025-09-01T03:03:19.873+0000] {subprocess.py:93} INFO - 87/100 WBTCUSDT lỗi: relation "cryptocurrency.wbtcusdt" does not exist
[2025-09-01T03:03:19.874+0000] {subprocess.py:93} INFO - LINE 1: SELECT MAX(time) FROM cryptocurrency.wbtcusdt;
[2025-09-01T03:03:19.874+0000] {subprocess.py:93} INFO -                               ^
[2025-09-01T03:03:19.875+0000] {subprocess.py:93} INFO - 
[2025-09-01T03:03:19.876+0000] {subprocess.py:93} INFO - 88/100 MEMEUSDT lỗi: relation "cryptocurrency.memeusdt" does not exist
[2025-09-01T03:03:19.876+0000] {subprocess.py:93} INFO - LINE 1: SELECT MAX(time) FROM cryptocurrency.memeusdt;
[2025-09-01T03:03:19.877+0000] {subprocess.py:93} INFO -                               ^
[2025-09-01T03:03:19.878+0000] {subprocess.py:93} INFO - 
[2025-09-01T03:03:19.879+0000] {subprocess.py:93} INFO - ✅ OMUSDT: thêm 1 dòng mới
[2025-09-01T03:03:19.879+0000] {subprocess.py:93} INFO - ✅ SPKUSDT: thêm 1 dòng mới
[2025-09-01T03:03:19.880+0000] {subprocess.py:93} INFO - ✅ ARKMUSDT: thêm 1 dòng mới
[2025-09-01T03:03:19.882+0000] {subprocess.py:93} INFO - 89/100 OMUSDT lưu OK
[2025-09-01T03:03:19.882+0000] {subprocess.py:93} INFO - ✅ EURUSDT: thêm 1 dòng mới
[2025-09-01T03:03:19.883+0000] {subprocess.py:93} INFO - 90/100 SPKUSDT lưu OK
[2025-09-01T03:03:19.884+0000] {subprocess.py:93} INFO - 91/100 ARKMUSDT lưu OK
[2025-09-01T03:03:19.885+0000] {subprocess.py:93} INFO - ✅ CAKEUSDT: thêm 1 dòng mới
[2025-09-01T03:03:19.886+0000] {subprocess.py:93} INFO - ✅ ALGOUSDT: thêm 1 dòng mới
[2025-09-01T03:03:19.886+0000] {subprocess.py:93} INFO - 92/100 EURUSDT lưu OK
[2025-09-01T03:03:19.887+0000] {subprocess.py:93} INFO - 93/100 CAKEUSDT lưu OK
[2025-09-01T03:03:19.888+0000] {subprocess.py:93} INFO - 94/100 ALGOUSDT lưu OK
[2025-09-01T03:03:19.888+0000] {subprocess.py:93} INFO - 95/100 CHZUSDT lỗi: relation "cryptocurrency.chzusdt" does not exist
[2025-09-01T03:03:19.889+0000] {subprocess.py:93} INFO - LINE 1: SELECT MAX(time) FROM cryptocurrency.chzusdt;
[2025-09-01T03:03:19.890+0000] {subprocess.py:93} INFO -                               ^
[2025-09-01T03:03:19.891+0000] {subprocess.py:93} INFO - 
[2025-09-01T03:03:19.891+0000] {subprocess.py:93} INFO - 96/100 KAITOUSDT lỗi: relation "cryptocurrency.kaitousdt" does not exist
[2025-09-01T03:03:19.892+0000] {subprocess.py:93} INFO - LINE 1: SELECT MAX(time) FROM cryptocurrency.kaitousdt;
[2025-09-01T03:03:19.893+0000] {subprocess.py:93} INFO -                               ^
[2025-09-01T03:03:19.893+0000] {subprocess.py:93} INFO - 
[2025-09-01T03:03:19.894+0000] {subprocess.py:93} INFO - 97/100 VETUSDT lỗi: relation "cryptocurrency.vetusdt" does not exist
[2025-09-01T03:03:19.895+0000] {subprocess.py:93} INFO - LINE 1: SELECT MAX(time) FROM cryptocurrency.vetusdt;
[2025-09-01T03:03:19.895+0000] {subprocess.py:93} INFO -                               ^
[2025-09-01T03:03:19.896+0000] {subprocess.py:93} INFO - 
[2025-09-01T03:03:19.896+0000] {subprocess.py:93} INFO - 98/100 RUNEUSDT lỗi: relation "cryptocurrency.runeusdt" does not exist
[2025-09-01T03:03:19.897+0000] {subprocess.py:93} INFO - LINE 1: SELECT MAX(time) FROM cryptocurrency.runeusdt;
[2025-09-01T03:03:19.898+0000] {subprocess.py:93} INFO -                               ^
[2025-09-01T03:03:19.899+0000] {subprocess.py:93} INFO - 
[2025-09-01T03:03:19.899+0000] {subprocess.py:93} INFO - 99/100 REDUSDT lỗi: relation "cryptocurrency.redusdt" does not exist
[2025-09-01T03:03:19.900+0000] {subprocess.py:93} INFO - LINE 1: SELECT MAX(time) FROM cryptocurrency.redusdt;
[2025-09-01T03:03:19.901+0000] {subprocess.py:93} INFO -                               ^
[2025-09-01T03:03:19.901+0000] {subprocess.py:93} INFO - 
[2025-09-01T03:03:19.902+0000] {subprocess.py:93} INFO - ✅ RENDERUSDT: thêm 1 dòng mới
[2025-09-01T03:03:19.903+0000] {subprocess.py:93} INFO - 100/100 RENDERUSDT lưu OK
[2025-09-01T03:03:20.011+0000] {subprocess.py:97} INFO - Command exited with return code 0
[2025-09-01T03:03:20.014+0000] {taskinstance.py:441} INFO - ::group::Post task execution logs
[2025-09-01T03:03:20.076+0000] {taskinstance.py:1206} INFO - Marking task as SUCCESS. dag_id=crypto_collector_dag, task_id=run_crypto_collector, run_id=scheduled__2025-09-01T03:02:00+00:00, execution_date=20250901T030200, start_date=20250901T030302, end_date=20250901T030320
[2025-09-01T03:03:20.132+0000] {local_task_job_runner.py:240} INFO - Task exited with return code 0
[2025-09-01T03:03:20.170+0000] {taskinstance.py:3498} INFO - 0 downstream tasks scheduled from follow-on schedule check
[2025-09-01T03:03:20.176+0000] {local_task_job_runner.py:222} INFO - ::endgroup::
