[2025-09-04T16:22:01.787+0000] {local_task_job_runner.py:120} INFO - ::group::Pre task execution logs
[2025-09-04T16:22:01.816+0000] {taskinstance.py:2076} INFO - Dependencies all met for dep_context=non-requeueable deps ti=<TaskInstance: foreign_1_live.save_foreign_1 scheduled__2025-09-04T16:21:00+00:00 [queued]>
[2025-09-04T16:22:01.825+0000] {taskinstance.py:2076} INFO - Dependencies all met for dep_context=requeueable deps ti=<TaskInstance: foreign_1_live.save_foreign_1 scheduled__2025-09-04T16:21:00+00:00 [queued]>
[2025-09-04T16:22:01.825+0000] {taskinstance.py:2306} INFO - Starting attempt 1 of 11
[2025-09-04T16:22:01.838+0000] {taskinstance.py:2330} INFO - Executing <Task(PythonOperator): save_foreign_1> on 2025-09-04 16:21:00+00:00
[2025-09-04T16:22:01.846+0000] {standard_task_runner.py:63} INFO - Started process 3011215 to run task
[2025-09-04T16:22:01.850+0000] {standard_task_runner.py:90} INFO - Running: ['***', 'tasks', 'run', 'foreign_1_live', 'save_foreign_1', 'scheduled__2025-09-04T16:21:00+00:00', '--job-id', '100888', '--raw', '--subdir', 'DAGS_FOLDER/dag_foreign_1_live.py', '--cfg-path', '/tmp/tmpb3_2xepf']
[2025-09-04T16:22:01.853+0000] {standard_task_runner.py:91} INFO - Job 100888: Subtask save_foreign_1
[2025-09-04T16:22:01.907+0000] {task_command.py:426} INFO - Running <TaskInstance: foreign_1_live.save_foreign_1 scheduled__2025-09-04T16:21:00+00:00 [running]> on host 1877907bc043
[2025-09-04T16:22:02.003+0000] {taskinstance.py:2648} INFO - Exporting env vars: AIRFLOW_CTX_DAG_OWNER='***' AIRFLOW_CTX_DAG_ID='foreign_1_live' AIRFLOW_CTX_TASK_ID='save_foreign_1' AIRFLOW_CTX_EXECUTION_DATE='2025-09-04T16:21:00+00:00' AIRFLOW_CTX_TRY_NUMBER='1' AIRFLOW_CTX_DAG_RUN_ID='scheduled__2025-09-04T16:21:00+00:00'
[2025-09-04T16:22:02.004+0000] {taskinstance.py:430} INFO - ::endgroup::
[2025-09-04T16:22:02.018+0000] {foreign_1.py:18} INFO - Kết nối DB
[2025-09-04T16:22:02.553+0000] {foreign_1.py:28} INFO - Đã lưu foreign_ALL
[2025-09-04T16:22:02.555+0000] {foreign_1.py:18} INFO - Kết nối DB
[2025-09-04T16:22:03.069+0000] {foreign_1.py:28} INFO - Đã lưu foreign_HOSE
[2025-09-04T16:22:03.071+0000] {foreign_1.py:18} INFO - Kết nối DB
[2025-09-04T16:22:03.601+0000] {foreign_1.py:28} INFO - Đã lưu foreign_HNX
[2025-09-04T16:22:03.603+0000] {foreign_1.py:18} INFO - Kết nối DB
[2025-09-04T16:22:04.154+0000] {foreign_1.py:28} INFO - Đã lưu foreign_UPCOM
[2025-09-04T16:22:04.155+0000] {python.py:237} INFO - Done. Returned value was: None
[2025-09-04T16:22:04.156+0000] {taskinstance.py:441} INFO - ::group::Post task execution logs
[2025-09-04T16:22:04.168+0000] {taskinstance.py:1206} INFO - Marking task as SUCCESS. dag_id=foreign_1_live, task_id=save_foreign_1, run_id=scheduled__2025-09-04T16:21:00+00:00, execution_date=20250904T162100, start_date=20250904T162201, end_date=20250904T162204
[2025-09-04T16:22:04.229+0000] {local_task_job_runner.py:240} INFO - Task exited with return code 0
[2025-09-04T16:22:04.243+0000] {local_task_job_runner.py:222} INFO - ::endgroup::
