[2025-08-18T22:56:00.306+0000] {local_task_job_runner.py:120} INFO - ::group::Pre task execution logs
[2025-08-18T22:56:00.336+0000] {taskinstance.py:2076} INFO - Dependencies all met for dep_context=non-requeueable deps ti=<TaskInstance: crypto_collector_dag.run_crypto_collector scheduled__2025-08-18T22:53:00+00:00 [queued]>
[2025-08-18T22:56:00.346+0000] {taskinstance.py:2076} INFO - Dependencies all met for dep_context=requeueable deps ti=<TaskInstance: crypto_collector_dag.run_crypto_collector scheduled__2025-08-18T22:53:00+00:00 [queued]>
[2025-08-18T22:56:00.346+0000] {taskinstance.py:2306} INFO - Starting attempt 2 of 2
[2025-08-18T22:56:00.363+0000] {taskinstance.py:2330} INFO - Executing <Task(BashOperator): run_crypto_collector> on 2025-08-18 22:53:00+00:00
[2025-08-18T22:56:00.373+0000] {standard_task_runner.py:63} INFO - Started process 217581 to run task
[2025-08-18T22:56:00.378+0000] {standard_task_runner.py:90} INFO - Running: ['***', 'tasks', 'run', 'crypto_collector_dag', 'run_crypto_collector', 'scheduled__2025-08-18T22:53:00+00:00', '--job-id', '9988', '--raw', '--subdir', 'DAGS_FOLDER/crawl_crypto/dags_crypto.py', '--cfg-path', '/tmp/tmps148qqnv']
[2025-08-18T22:56:00.379+0000] {standard_task_runner.py:91} INFO - Job 9988: Subtask run_crypto_collector
[2025-08-18T22:56:00.436+0000] {task_command.py:426} INFO - Running <TaskInstance: crypto_collector_dag.run_crypto_collector scheduled__2025-08-18T22:53:00+00:00 [running]> on host 1877907bc043
[2025-08-18T22:56:00.535+0000] {taskinstance.py:2648} INFO - Exporting env vars: AIRFLOW_CTX_DAG_OWNER='***' AIRFLOW_CTX_DAG_ID='crypto_collector_dag' AIRFLOW_CTX_TASK_ID='run_crypto_collector' AIRFLOW_CTX_EXECUTION_DATE='2025-08-18T22:53:00+00:00' AIRFLOW_CTX_TRY_NUMBER='2' AIRFLOW_CTX_DAG_RUN_ID='scheduled__2025-08-18T22:53:00+00:00'
[2025-08-18T22:56:00.536+0000] {taskinstance.py:430} INFO - ::endgroup::
[2025-08-18T22:56:00.552+0000] {subprocess.py:63} INFO - Tmp dir root location: /tmp
[2025-08-18T22:56:00.553+0000] {subprocess.py:75} INFO - Running command: ['/usr/bin/bash', '-c', 'python3 /opt/***/dags/crawl_crypto/crawl_data_crypto.py']
[2025-08-18T22:56:00.567+0000] {subprocess.py:86} INFO - Output:
[2025-08-18T22:56:52.355+0000] {subprocess.py:93} INFO - 🔹 Kết nối DB...
[2025-08-18T22:56:52.356+0000] {subprocess.py:93} INFO - 🔹 Lấy top 100 crypto...
[2025-08-18T22:56:52.357+0000] {subprocess.py:93} INFO - Top 100: ['ETHUSDT', 'USDCUSDT', 'BTCUSDT', 'SOLUSDT', 'FDUSDUSDT', 'XRPUSDT', 'DOGEUSDT', 'LINKUSDT', 'ADAUSDT', 'SUIUSDT', 'PROVEUSDT', 'BNBUSDT', 'TRXUSDT', 'ENAUSDT', 'TOWNSUSDT', 'ARBUSDT', 'PEPEUSDT', 'UNIUSDT', 'AVAXUSDT', 'BIOUSDT', 'AEURUSDT', 'PENGUUSDT', 'SEIUSDT', 'LTCUSDT', 'HBARUSDT', 'PLUMEUSDT', 'POLUSDT', 'CRVUSDT', 'AAVEUSDT', 'BFUSDUSDT', 'TRUMPUSDT', 'NEARUSDT', 'DOTUSDT', 'WLDUSDT', 'BONKUSDT', 'INJUSDT', 'WIFUSDT', 'XLMUSDT', 'SUSDT', 'VIRTUALUSDT', 'API3USDT', 'LDOUSDT', 'TAOUSDT', 'APTUSDT', 'SKLUSDT', 'MEMEUSDT', 'TONUSDT', 'FLOKIUSDT', 'OPUSDT', 'ONDOUSDT', 'PENDLEUSDT', 'ETHFIUSDT', 'FETUSDT', 'EURUSDT', 'PONDUSDT', 'BCHUSDT', 'TIAUSDT', 'PNUTUSDT', 'RAYUSDT', 'EPICUSDT', 'SHIBUSDT', 'NEIROUSDT', 'ETCUSDT', 'ALGOUSDT', 'ALPINEUSDT', 'MAGICUSDT', 'EIGENUSDT', 'FILUSDT', 'XUSDUSDT', 'GALAUSDT', 'CYBERUSDT', 'JUVUSDT', 'RENDERUSDT', 'CTSIUSDT', 'ASRUSDT', 'CAKEUSDT', 'SPKUSDT', 'TSTUSDT', 'OGUSDT', 'VETUSDT', 'ICPUSDT', 'RUNEUSDT', 'PAXGUSDT', 'MDTUSDT', 'CFXUSDT', 'BERAUSDT', 'WBTCUSDT', 'ORDIUSDT', 'MAVUSDT', 'MKRUSDT', 'SYRUPUSDT', 'ATOMUSDT', 'ENSUSDT', 'AIXBTUSDT', 'ARKMUSDT', 'RESOLVUSDT', 'LAYERUSDT', 'OMUSDT', 'WCTUSDT', 'PORTOUSDT']
[2025-08-18T22:56:52.357+0000] {subprocess.py:93} INFO - 🔹 Lưu lịch sử giá vào DB bằng threading...
[2025-08-18T22:56:52.357+0000] {subprocess.py:93} INFO - ⚠️ ETHUSDT lỗi lần 1/3: HTTPSConnectionPool(host='api.binance.com', port=443): Max retries exceeded with url: /api/v3/klines?symbol=ETHUSDT&interval=1m&limit=100 (Caused by ConnectTimeoutError(<urllib3.connection.HTTPSConnection object at 0x7f09b97774c0>, 'Connection to api.binance.com timed out. (connect timeout=15)'))
[2025-08-18T22:56:52.358+0000] {subprocess.py:93} INFO - ⚠️ FDUSDUSDT lỗi lần 1/3: HTTPSConnectionPool(host='api.binance.com', port=443): Max retries exceeded with url: /api/v3/klines?symbol=FDUSDUSDT&interval=1m&limit=100 (Caused by ConnectTimeoutError(<urllib3.connection.HTTPSConnection object at 0x7f09b97408e0>, 'Connection to api.binance.com timed out. (connect timeout=15)'))
[2025-08-18T22:56:52.358+0000] {subprocess.py:93} INFO - ⚠️ BTCUSDT lỗi lần 1/3: HTTPSConnectionPool(host='api.binance.com', port=443): Max retries exceeded with url: /api/v3/klines?symbol=BTCUSDT&interval=1m&limit=100 (Caused by ConnectTimeoutError(<urllib3.connection.HTTPSConnection object at 0x7f09b9775e10>, 'Connection to api.binance.com timed out. (connect timeout=15)'))
[2025-08-18T22:56:52.358+0000] {subprocess.py:93} INFO - ⚠️ LINKUSDT lỗi lần 1/3: HTTPSConnectionPool(host='api.binance.com', port=443): Max retries exceeded with url: /api/v3/klines?symbol=LINKUSDT&interval=1m&limit=100 (Caused by ConnectTimeoutError(<urllib3.connection.HTTPSConnection object at 0x7f09b976e140>, 'Connection to api.binance.com timed out. (connect timeout=15)'))
[2025-08-18T22:56:52.359+0000] {subprocess.py:93} INFO - ⚠️ SOLUSDT lỗi lần 1/3: HTTPSConnectionPool(host='api.binance.com', port=443): Max retries exceeded with url: /api/v3/klines?symbol=SOLUSDT&interval=1m&limit=100 (Caused by ConnectTimeoutError(<urllib3.connection.HTTPSConnection object at 0x7f09b9774cd0>, 'Connection to api.binance.com timed out. (connect timeout=15)'))
[2025-08-18T22:56:52.359+0000] {subprocess.py:93} INFO - ⚠️ ADAUSDT lỗi lần 1/3: HTTPSConnectionPool(host='api.binance.com', port=443): Max retries exceeded with url: /api/v3/klines?symbol=ADAUSDT&interval=1m&limit=100 (Caused by ConnectTimeoutError(<urllib3.connection.HTTPSConnection object at 0x7f09b9741390>, 'Connection to api.binance.com timed out. (connect timeout=15)'))
[2025-08-18T22:56:52.359+0000] {subprocess.py:93} INFO - ⚠️ XRPUSDT lỗi lần 1/3: HTTPSConnectionPool(host='api.binance.com', port=443): Max retries exceeded with url: /api/v3/klines?symbol=XRPUSDT&interval=1m&limit=100 (Caused by ConnectTimeoutError(<urllib3.connection.HTTPSConnection object at 0x7f09b9743d00>, 'Connection to api.binance.com timed out. (connect timeout=15)'))
[2025-08-18T22:56:52.359+0000] {subprocess.py:93} INFO - ⚠️ DOGEUSDT lỗi lần 1/3: HTTPSConnectionPool(host='api.binance.com', port=443): Max retries exceeded with url: /api/v3/klines?symbol=DOGEUSDT&interval=1m&limit=100 (Caused by ConnectTimeoutError(<urllib3.connection.HTTPSConnection object at 0x7f09b9743430>, 'Connection to api.binance.com timed out. (connect timeout=15)'))
[2025-08-18T22:56:52.360+0000] {subprocess.py:93} INFO - ⚠️ SUIUSDT lỗi lần 1/3: HTTPSConnectionPool(host='api.binance.com', port=443): Max retries exceeded with url: /api/v3/klines?symbol=SUIUSDT&interval=1m&limit=100 (Caused by ConnectTimeoutError(<urllib3.connection.HTTPSConnection object at 0x7f09b976dd50>, 'Connection to api.binance.com timed out. (connect timeout=15)'))
[2025-08-18T22:56:52.360+0000] {subprocess.py:93} INFO - ✅ FDUSDUSDT: thêm 18 dòng mới
[2025-08-18T22:56:52.360+0000] {subprocess.py:93} INFO - 1/100 FDUSDUSDT lưu OK
[2025-08-18T22:56:52.361+0000] {subprocess.py:93} INFO - ✅ ETHUSDT: thêm 18 dòng mới
[2025-08-18T22:56:52.361+0000] {subprocess.py:93} INFO - 2/100 ETHUSDT lưu OK
[2025-08-18T22:56:52.361+0000] {subprocess.py:93} INFO - ✅ PROVEUSDT: thêm 26 dòng mới
[2025-08-18T22:56:52.361+0000] {subprocess.py:93} INFO - 3/100 PROVEUSDT lưu OK
[2025-08-18T22:56:52.362+0000] {subprocess.py:93} INFO - ✅ BNBUSDT: thêm 9 dòng mới
[2025-08-18T22:56:52.362+0000] {subprocess.py:93} INFO - 4/100 BNBUSDT lưu OK
[2025-08-18T22:56:52.362+0000] {subprocess.py:93} INFO - ✅ TRXUSDT: thêm 9 dòng mới
[2025-08-18T22:56:52.363+0000] {subprocess.py:93} INFO - 5/100 TRXUSDT lưu OK
[2025-08-18T22:56:52.363+0000] {subprocess.py:93} INFO - ✅ ENAUSDT: thêm 9 dòng mới
[2025-08-18T22:56:52.363+0000] {subprocess.py:93} INFO - 6/100 ENAUSDT lưu OK
[2025-08-18T22:56:52.364+0000] {subprocess.py:93} INFO - ✅ TOWNSUSDT: thêm 9 dòng mới
[2025-08-18T22:56:52.364+0000] {subprocess.py:93} INFO - 7/100 TOWNSUSDT lưu OK
[2025-08-18T22:56:52.364+0000] {subprocess.py:93} INFO - ✅ ARBUSDT: thêm 25 dòng mới
[2025-08-18T22:56:52.364+0000] {subprocess.py:93} INFO - 8/100 ARBUSDT lưu OK
[2025-08-18T22:56:52.365+0000] {subprocess.py:93} INFO - ✅ PEPEUSDT: thêm 9 dòng mới
[2025-08-18T22:56:52.365+0000] {subprocess.py:93} INFO - 9/100 PEPEUSDT lưu OK
[2025-08-18T22:56:52.365+0000] {subprocess.py:93} INFO - ⚠️ SOLUSDT lỗi lần 2/3: HTTPSConnectionPool(host='api.binance.com', port=443): Max retries exceeded with url: /api/v3/klines?symbol=SOLUSDT&interval=1m&limit=100 (Caused by ConnectTimeoutError(<urllib3.connection.HTTPSConnection object at 0x7f09b9776f20>, 'Connection to api.binance.com timed out. (connect timeout=15)'))
[2025-08-18T22:56:52.366+0000] {subprocess.py:93} INFO - ⚠️ XRPUSDT lỗi lần 2/3: HTTPSConnectionPool(host='api.binance.com', port=443): Max retries exceeded with url: /api/v3/klines?symbol=XRPUSDT&interval=1m&limit=100 (Caused by ConnectTimeoutError(<urllib3.connection.HTTPSConnection object at 0x7f09b8344bb0>, 'Connection to api.binance.com timed out. (connect timeout=15)'))
[2025-08-18T22:56:52.366+0000] {subprocess.py:93} INFO - ⚠️ LINKUSDT lỗi lần 2/3: HTTPSConnectionPool(host='api.binance.com', port=443): Max retries exceeded with url: /api/v3/klines?symbol=LINKUSDT&interval=1m&limit=100 (Caused by ConnectTimeoutError(<urllib3.connection.HTTPSConnection object at 0x7f09b9776560>, 'Connection to api.binance.com timed out. (connect timeout=15)'))
[2025-08-18T22:56:52.366+0000] {subprocess.py:93} INFO - ⚠️ ADAUSDT lỗi lần 2/3: HTTPSConnectionPool(host='api.binance.com', port=443): Max retries exceeded with url: /api/v3/klines?symbol=ADAUSDT&interval=1m&limit=100 (Caused by ConnectTimeoutError(<urllib3.connection.HTTPSConnection object at 0x7f09b97750f0>, 'Connection to api.binance.com timed out. (connect timeout=15)'))
[2025-08-18T22:56:52.366+0000] {subprocess.py:93} INFO - ⚠️ SUIUSDT lỗi lần 2/3: HTTPSConnectionPool(host='api.binance.com', port=443): Max retries exceeded with url: /api/v3/klines?symbol=SUIUSDT&interval=1m&limit=100 (Caused by ConnectTimeoutError(<urllib3.connection.HTTPSConnection object at 0x7f09b8345090>, 'Connection to api.binance.com timed out. (connect timeout=15)'))
[2025-08-18T22:56:52.367+0000] {subprocess.py:93} INFO - ⚠️ DOGEUSDT lỗi lần 2/3: HTTPSConnectionPool(host='api.binance.com', port=443): Max retries exceeded with url: /api/v3/klines?symbol=DOGEUSDT&interval=1m&limit=100 (Caused by ConnectTimeoutError(<urllib3.connection.HTTPSConnection object at 0x7f09b8345270>, 'Connection to api.binance.com timed out. (connect timeout=15)'))
[2025-08-18T22:56:52.367+0000] {subprocess.py:93} INFO - ⚠️ BTCUSDT lỗi lần 2/3: HTTPSConnectionPool(host='api.binance.com', port=443): Max retries exceeded with url: /api/v3/klines?symbol=BTCUSDT&interval=1m&limit=100 (Caused by ConnectTimeoutError(<urllib3.connection.HTTPSConnection object at 0x7f09b8344eb0>, 'Connection to api.binance.com timed out. (connect timeout=15)'))
[2025-08-18T22:56:52.367+0000] {subprocess.py:93} INFO - ⚠️ AVAXUSDT lỗi lần 1/3: HTTPSConnectionPool(host='api.binance.com', port=443): Max retries exceeded with url: /api/v3/klines?symbol=AVAXUSDT&interval=1m&limit=100 (Caused by ConnectTimeoutError(<urllib3.connection.HTTPSConnection object at 0x7f09b9777220>, 'Connection to api.binance.com timed out. (connect timeout=15)'))
[2025-08-18T22:56:52.367+0000] {subprocess.py:93} INFO - ⚠️ DOGEUSDT lỗi lần 3/3: HTTPSConnectionPool(host='api.binance.com', port=443): Max retries exceeded with url: /api/v3/klines?symbol=DOGEUSDT&interval=1m&limit=100 (Caused by ConnectTimeoutError(<urllib3.connection.HTTPSConnection object at 0x7f09b9775fc0>, 'Connection to api.binance.com timed out. (connect timeout=15)'))
[2025-08-18T22:56:52.368+0000] {subprocess.py:93} INFO - ⚠️ ADAUSDT lỗi lần 3/3: HTTPSConnectionPool(host='api.binance.com', port=443): Max retries exceeded with url: /api/v3/klines?symbol=ADAUSDT&interval=1m&limit=100 (Caused by ConnectTimeoutError(<urllib3.connection.HTTPSConnection object at 0x7f09b8345270>, 'Connection to api.binance.com timed out. (connect timeout=15)'))
[2025-08-18T22:57:43.454+0000] {subprocess.py:93} INFO - ⚠️ XRPUSDT lỗi lần 3/3: HTTPSConnectionPool(host='api.binance.com', port=443): Max retries exceeded with url: /api/v3/klines?symbol=XRPUSDT&interval=1m&limit=100 (Caused by ConnectTimeoutError(<urllib3.connection.HTTPSConnection object at 0x7f09b97776a0>, 'Connection to api.binance.com timed out. (connect timeout=15)'))
[2025-08-18T22:57:43.454+0000] {subprocess.py:93} INFO - ⚠️ BTCUSDT lỗi lần 3/3: HTTPSConnectionPool(host='api.binance.com', port=443): Max retries exceeded with url: /api/v3/klines?symbol=BTCUSDT&interval=1m&limit=100 (Caused by ConnectTimeoutError(<urllib3.connection.HTTPSConnection object at 0x7f09b9776710>, 'Connection to api.binance.com timed out. (connect timeout=15)'))
[2025-08-18T22:57:43.455+0000] {subprocess.py:93} INFO - ⚠️ SOLUSDT lỗi lần 3/3: HTTPSConnectionPool(host='api.binance.com', port=443): Max retries exceeded with url: /api/v3/klines?symbol=SOLUSDT&interval=1m&limit=100 (Caused by ConnectTimeoutError(<urllib3.connection.HTTPSConnection object at 0x7f09b8344a00>, 'Connection to api.binance.com timed out. (connect timeout=15)'))
[2025-08-18T22:57:43.455+0000] {subprocess.py:93} INFO - ⚠️ SUIUSDT lỗi lần 3/3: HTTPSConnectionPool(host='api.binance.com', port=443): Max retries exceeded with url: /api/v3/klines?symbol=SUIUSDT&interval=1m&limit=100 (Caused by ConnectTimeoutError(<urllib3.connection.HTTPSConnection object at 0x7f09b8346650>, 'Connection to api.binance.com timed out. (connect timeout=15)'))
[2025-08-18T22:57:43.455+0000] {subprocess.py:93} INFO - ⚠️ LINKUSDT lỗi lần 3/3: HTTPSConnectionPool(host='api.binance.com', port=443): Max retries exceeded with url: /api/v3/klines?symbol=LINKUSDT&interval=1m&limit=100 (Caused by ConnectTimeoutError(<urllib3.connection.HTTPSConnection object at 0x7f09b8345780>, 'Connection to api.binance.com timed out. (connect timeout=15)'))
[2025-08-18T22:57:43.456+0000] {subprocess.py:93} INFO - 10/100 DOGEUSDT bỏ qua (fail)
[2025-08-18T22:57:43.456+0000] {subprocess.py:93} INFO - 11/100 ADAUSDT bỏ qua (fail)
[2025-08-18T22:57:43.457+0000] {subprocess.py:93} INFO - 12/100 XRPUSDT bỏ qua (fail)
[2025-08-18T22:57:43.457+0000] {subprocess.py:93} INFO - 13/100 LINKUSDT bỏ qua (fail)
[2025-08-18T22:57:43.457+0000] {subprocess.py:93} INFO - 14/100 SUIUSDT bỏ qua (fail)
[2025-08-18T22:57:43.458+0000] {subprocess.py:93} INFO - 15/100 SOLUSDT bỏ qua (fail)
[2025-08-18T22:57:43.458+0000] {subprocess.py:93} INFO - 16/100 BTCUSDT bỏ qua (fail)
[2025-08-18T22:57:43.458+0000] {subprocess.py:93} INFO - ⚠️ AVAXUSDT lỗi lần 2/3: HTTPSConnectionPool(host='api.binance.com', port=443): Max retries exceeded with url: /api/v3/klines?symbol=AVAXUSDT&interval=1m&limit=100 (Caused by ConnectTimeoutError(<urllib3.connection.HTTPSConnection object at 0x7f09b8346860>, 'Connection to api.binance.com timed out. (connect timeout=15)'))
[2025-08-18T22:57:43.458+0000] {subprocess.py:93} INFO - ⚠️ AEURUSDT lỗi lần 1/3: HTTPSConnectionPool(host='api.binance.com', port=443): Max retries exceeded with url: /api/v3/klines?symbol=AEURUSDT&interval=1m&limit=100 (Caused by ConnectTimeoutError(<urllib3.connection.HTTPSConnection object at 0x7f09b83596f0>, 'Connection to api.binance.com timed out. (connect timeout=15)'))
[2025-08-18T22:57:43.459+0000] {subprocess.py:93} INFO - ⚠️ SEIUSDT lỗi lần 1/3: HTTPSConnectionPool(host='api.binance.com', port=443): Max retries exceeded with url: /api/v3/klines?symbol=SEIUSDT&interval=1m&limit=100 (Caused by ConnectTimeoutError(<urllib3.connection.HTTPSConnection object at 0x7f09b97767a0>, 'Connection to api.binance.com timed out. (connect timeout=15)'))
[2025-08-18T22:57:43.459+0000] {subprocess.py:93} INFO - ⚠️ BIOUSDT lỗi lần 1/3: HTTPSConnectionPool(host='api.binance.com', port=443): Max retries exceeded with url: /api/v3/klines?symbol=BIOUSDT&interval=1m&limit=100 (Caused by ConnectTimeoutError(<urllib3.connection.HTTPSConnection object at 0x7f09b8346aa0>, 'Connection to api.binance.com timed out. (connect timeout=15)'))
[2025-08-18T22:57:43.459+0000] {subprocess.py:93} INFO - ⚠️ PENGUUSDT lỗi lần 1/3: HTTPSConnectionPool(host='api.binance.com', port=443): Max retries exceeded with url: /api/v3/klines?symbol=PENGUUSDT&interval=1m&limit=100 (Caused by ConnectTimeoutError(<urllib3.connection.HTTPSConnection object at 0x7f09b83598d0>, 'Connection to api.binance.com timed out. (connect timeout=15)'))
[2025-08-18T22:57:43.460+0000] {subprocess.py:93} INFO - ⚠️ HBARUSDT lỗi lần 1/3: HTTPSConnectionPool(host='api.binance.com', port=443): Max retries exceeded with url: /api/v3/klines?symbol=HBARUSDT&interval=1m&limit=100 (Caused by ConnectTimeoutError(<urllib3.connection.HTTPSConnection object at 0x7f09b83459c0>, 'Connection to api.binance.com timed out. (connect timeout=15)'))
[2025-08-18T22:57:43.460+0000] {subprocess.py:93} INFO - ⚠️ LTCUSDT lỗi lần 1/3: HTTPSConnectionPool(host='api.binance.com', port=443): Max retries exceeded with url: /api/v3/klines?symbol=LTCUSDT&interval=1m&limit=100 (Caused by ConnectTimeoutError(<urllib3.connection.HTTPSConnection object at 0x7f09b8359c90>, 'Connection to api.binance.com timed out. (connect timeout=15)'))
[2025-08-18T22:57:43.460+0000] {subprocess.py:93} INFO - ⚠️ PLUMEUSDT lỗi lần 1/3: HTTPSConnectionPool(host='api.binance.com', port=443): Max retries exceeded with url: /api/v3/klines?symbol=PLUMEUSDT&interval=1m&limit=100 (Caused by ConnectTimeoutError(<urllib3.connection.HTTPSConnection object at 0x7f09b8359ab0>, 'Connection to api.binance.com timed out. (connect timeout=15)'))
[2025-08-18T22:57:43.461+0000] {subprocess.py:93} INFO - ⚠️ AVAXUSDT lỗi lần 3/3: HTTPSConnectionPool(host='api.binance.com', port=443): Max retries exceeded with url: /api/v3/klines?symbol=AVAXUSDT&interval=1m&limit=100 (Caused by ConnectTimeoutError(<urllib3.connection.HTTPSConnection object at 0x7f09b835a440>, 'Connection to api.binance.com timed out. (connect timeout=15)'))
[2025-08-18T22:57:43.461+0000] {subprocess.py:93} INFO - 17/100 AVAXUSDT bỏ qua (fail)
[2025-08-18T22:57:43.461+0000] {subprocess.py:93} INFO - ⚠️ SEIUSDT lỗi lần 2/3: HTTPSConnectionPool(host='api.binance.com', port=443): Max retries exceeded with url: /api/v3/klines?symbol=SEIUSDT&interval=1m&limit=100 (Caused by ConnectTimeoutError(<urllib3.connection.HTTPSConnection object at 0x7f09b835ac80>, 'Connection to api.binance.com timed out. (connect timeout=15)'))
[2025-08-18T22:57:43.462+0000] {subprocess.py:93} INFO - ⚠️ PLUMEUSDT lỗi lần 2/3: HTTPSConnectionPool(host='api.binance.com', port=443): Max retries exceeded with url: /api/v3/klines?symbol=PLUMEUSDT&interval=1m&limit=100 (Caused by ConnectTimeoutError(<urllib3.connection.HTTPSConnection object at 0x7f09b8318820>, 'Connection to api.binance.com timed out. (connect timeout=15)'))
[2025-08-18T22:57:43.462+0000] {subprocess.py:93} INFO - ⚠️ BIOUSDT lỗi lần 2/3: HTTPSConnectionPool(host='api.binance.com', port=443): Max retries exceeded with url: /api/v3/klines?symbol=BIOUSDT&interval=1m&limit=100 (Caused by ConnectTimeoutError(<urllib3.connection.HTTPSConnection object at 0x7f09b835b280>, 'Connection to api.binance.com timed out. (connect timeout=15)'))
[2025-08-18T22:57:43.462+0000] {subprocess.py:93} INFO - ⚠️ LTCUSDT lỗi lần 2/3: HTTPSConnectionPool(host='api.binance.com', port=443): Max retries exceeded with url: /api/v3/klines?symbol=LTCUSDT&interval=1m&limit=100 (Caused by ConnectTimeoutError(<urllib3.connection.HTTPSConnection object at 0x7f09b835ba30>, 'Connection to api.binance.com timed out. (connect timeout=15)'))
[2025-08-18T22:57:43.463+0000] {subprocess.py:93} INFO - ⚠️ AEURUSDT lỗi lần 2/3: HTTPSConnectionPool(host='api.binance.com', port=443): Max retries exceeded with url: /api/v3/klines?symbol=AEURUSDT&interval=1m&limit=100 (Caused by ConnectTimeoutError(<urllib3.connection.HTTPSConnection object at 0x7f09b8318dc0>, 'Connection to api.binance.com timed out. (connect timeout=15)'))
[2025-08-18T22:57:43.463+0000] {subprocess.py:93} INFO - ⚠️ HBARUSDT lỗi lần 2/3: HTTPSConnectionPool(host='api.binance.com', port=443): Max retries exceeded with url: /api/v3/klines?symbol=HBARUSDT&interval=1m&limit=100 (Caused by ConnectTimeoutError(<urllib3.connection.HTTPSConnection object at 0x7f09b8318a00>, 'Connection to api.binance.com timed out. (connect timeout=15)'))
[2025-08-18T22:57:43.463+0000] {subprocess.py:93} INFO - ⚠️ PENGUUSDT lỗi lần 2/3: HTTPSConnectionPool(host='api.binance.com', port=443): Max retries exceeded with url: /api/v3/klines?symbol=PENGUUSDT&interval=1m&limit=100 (Caused by ConnectTimeoutError(<urllib3.connection.HTTPSConnection object at 0x7f09b8318be0>, 'Connection to api.binance.com timed out. (connect timeout=15)'))
[2025-08-18T22:57:43.464+0000] {subprocess.py:93} INFO - ✅ UNIUSDT: thêm 37 dòng mới
[2025-08-18T22:57:43.464+0000] {subprocess.py:93} INFO - 18/100 UNIUSDT lưu OK
[2025-08-18T22:57:43.464+0000] {subprocess.py:93} INFO - ⚠️ SEIUSDT lỗi lần 3/3: HTTPSConnectionPool(host='api.binance.com', port=443): Max retries exceeded with url: /api/v3/klines?symbol=SEIUSDT&interval=1m&limit=100 (Caused by ConnectTimeoutError(<urllib3.connection.HTTPSConnection object at 0x7f09b8319ed0>, 'Connection to api.binance.com timed out. (connect timeout=15)'))
[2025-08-18T22:57:43.465+0000] {subprocess.py:93} INFO - ⚠️ PENGUUSDT lỗi lần 3/3: HTTPSConnectionPool(host='api.binance.com', port=443): Max retries exceeded with url: /api/v3/klines?symbol=PENGUUSDT&interval=1m&limit=100 (Caused by ConnectTimeoutError(<urllib3.connection.HTTPSConnection object at 0x7f09b835b520>, 'Connection to api.binance.com timed out. (connect timeout=15)'))
[2025-08-18T22:58:34.550+0000] {subprocess.py:93} INFO - ⚠️ PLUMEUSDT lỗi lần 3/3: HTTPSConnectionPool(host='api.binance.com', port=443): Max retries exceeded with url: /api/v3/klines?symbol=PLUMEUSDT&interval=1m&limit=100 (Caused by ConnectTimeoutError(<urllib3.connection.HTTPSConnection object at 0x7f09b835b7c0>, 'Connection to api.binance.com timed out. (connect timeout=15)'))
[2025-08-18T22:58:34.550+0000] {subprocess.py:93} INFO - ⚠️ LTCUSDT lỗi lần 3/3: HTTPSConnectionPool(host='api.binance.com', port=443): Max retries exceeded with url: /api/v3/klines?symbol=LTCUSDT&interval=1m&limit=100 (Caused by ConnectTimeoutError(<urllib3.connection.HTTPSConnection object at 0x7f09b835a200>, 'Connection to api.binance.com timed out. (connect timeout=15)'))
[2025-08-18T22:58:34.551+0000] {subprocess.py:93} INFO - ⚠️ HBARUSDT lỗi lần 3/3: HTTPSConnectionPool(host='api.binance.com', port=443): Max retries exceeded with url: /api/v3/klines?symbol=HBARUSDT&interval=1m&limit=100 (Caused by ConnectTimeoutError(<urllib3.connection.HTTPSConnection object at 0x7f09b8359e70>, 'Connection to api.binance.com timed out. (connect timeout=15)'))
[2025-08-18T22:58:34.551+0000] {subprocess.py:93} INFO - ⚠️ AEURUSDT lỗi lần 3/3: HTTPSConnectionPool(host='api.binance.com', port=443): Max retries exceeded with url: /api/v3/klines?symbol=AEURUSDT&interval=1m&limit=100 (Caused by ConnectTimeoutError(<urllib3.connection.HTTPSConnection object at 0x7f09b835a680>, 'Connection to api.binance.com timed out. (connect timeout=15)'))
[2025-08-18T22:58:34.551+0000] {subprocess.py:93} INFO - ⚠️ BIOUSDT lỗi lần 3/3: HTTPSConnectionPool(host='api.binance.com', port=443): Max retries exceeded with url: /api/v3/klines?symbol=BIOUSDT&interval=1m&limit=100 (Caused by ConnectTimeoutError(<urllib3.connection.HTTPSConnection object at 0x7f09b835a350>, 'Connection to api.binance.com timed out. (connect timeout=15)'))
[2025-08-18T22:58:34.551+0000] {subprocess.py:93} INFO - 19/100 SEIUSDT bỏ qua (fail)
[2025-08-18T22:58:34.552+0000] {subprocess.py:93} INFO - 20/100 PENGUUSDT bỏ qua (fail)
[2025-08-18T22:58:34.552+0000] {subprocess.py:93} INFO - 21/100 PLUMEUSDT bỏ qua (fail)
[2025-08-18T22:58:34.552+0000] {subprocess.py:93} INFO - 22/100 LTCUSDT bỏ qua (fail)
[2025-08-18T22:58:34.552+0000] {subprocess.py:93} INFO - 23/100 HBARUSDT bỏ qua (fail)
[2025-08-18T22:58:34.553+0000] {subprocess.py:93} INFO - 24/100 BIOUSDT bỏ qua (fail)
[2025-08-18T22:58:34.553+0000] {subprocess.py:93} INFO - 25/100 AEURUSDT bỏ qua (fail)
[2025-08-18T22:58:34.553+0000] {subprocess.py:93} INFO - ⚠️ CRVUSDT lỗi lần 1/3: HTTPSConnectionPool(host='api.binance.com', port=443): Max retries exceeded with url: /api/v3/klines?symbol=CRVUSDT&interval=1m&limit=100 (Caused by ConnectTimeoutError(<urllib3.connection.HTTPSConnection object at 0x7f09b831a350>, 'Connection to api.binance.com timed out. (connect timeout=15)'))
[2025-08-18T22:58:34.553+0000] {subprocess.py:93} INFO - ⚠️ TRUMPUSDT lỗi lần 1/3: HTTPSConnectionPool(host='api.binance.com', port=443): Max retries exceeded with url: /api/v3/klines?symbol=TRUMPUSDT&interval=1m&limit=100 (Caused by ConnectTimeoutError(<urllib3.connection.HTTPSConnection object at 0x7f09b83d03a0>, 'Connection to api.binance.com timed out. (connect timeout=15)'))
[2025-08-18T22:58:34.554+0000] {subprocess.py:93} INFO - ⚠️ BFUSDUSDT lỗi lần 1/3: HTTPSConnectionPool(host='api.binance.com', port=443): Max retries exceeded with url: /api/v3/klines?symbol=BFUSDUSDT&interval=1m&limit=100 (Caused by ConnectTimeoutError(<urllib3.connection.HTTPSConnection object at 0x7f09b831b220>, 'Connection to api.binance.com timed out. (connect timeout=15)'))
[2025-08-18T22:58:34.554+0000] {subprocess.py:93} INFO - ⚠️ AAVEUSDT lỗi lần 1/3: HTTPSConnectionPool(host='api.binance.com', port=443): Max retries exceeded with url: /api/v3/klines?symbol=AAVEUSDT&interval=1m&limit=100 (Caused by ConnectTimeoutError(<urllib3.connection.HTTPSConnection object at 0x7f09b831b040>, 'Connection to api.binance.com timed out. (connect timeout=15)'))
[2025-08-18T22:58:34.554+0000] {subprocess.py:93} INFO - ⚠️ BONKUSDT lỗi lần 1/3: HTTPSConnectionPool(host='api.binance.com', port=443): Max retries exceeded with url: /api/v3/klines?symbol=BONKUSDT&interval=1m&limit=100 (Caused by ConnectTimeoutError(<urllib3.connection.HTTPSConnection object at 0x7f09b83d1e70>, 'Connection to api.binance.com timed out. (connect timeout=15)'))
[2025-08-18T22:58:34.554+0000] {subprocess.py:93} INFO - ⚠️ NEARUSDT lỗi lần 1/3: HTTPSConnectionPool(host='api.binance.com', port=443): Max retries exceeded with url: /api/v3/klines?symbol=NEARUSDT&interval=1m&limit=100 (Caused by ConnectTimeoutError(<urllib3.connection.HTTPSConnection object at 0x7f09b83d1c90>, 'Connection to api.binance.com timed out. (connect timeout=15)'))
[2025-08-18T22:58:34.555+0000] {subprocess.py:93} INFO - ⚠️ WLDUSDT lỗi lần 1/3: HTTPSConnectionPool(host='api.binance.com', port=443): Max retries exceeded with url: /api/v3/klines?symbol=WLDUSDT&interval=1m&limit=100 (Caused by ConnectTimeoutError(<urllib3.connection.HTTPSConnection object at 0x7f09b83d2230>, 'Connection to api.binance.com timed out. (connect timeout=15)'))
[2025-08-18T22:58:34.555+0000] {subprocess.py:93} INFO - ✅ TRUMPUSDT: thêm 10 dòng mới
[2025-08-18T22:58:34.555+0000] {subprocess.py:93} INFO - 26/100 TRUMPUSDT lưu OK
[2025-08-18T22:58:34.556+0000] {subprocess.py:93} INFO - ⚠️ CRVUSDT lỗi lần 2/3: HTTPSConnectionPool(host='api.binance.com', port=443): Max retries exceeded with url: /api/v3/klines?symbol=CRVUSDT&interval=1m&limit=100 (Caused by ConnectTimeoutError(<urllib3.connection.HTTPSConnection object at 0x7f09b83d2470>, 'Connection to api.binance.com timed out. (connect timeout=15)'))
[2025-08-18T22:58:34.556+0000] {subprocess.py:93} INFO - 27/100 USDCUSDT lỗi: connection to server at "videv.cloud" (27.74.74.29), port 5432 failed: Connection timed out
[2025-08-18T22:58:34.556+0000] {subprocess.py:93} INFO - 	Is the server running on that host and accepting TCP/IP connections?
[2025-08-18T22:58:34.556+0000] {subprocess.py:93} INFO - 
[2025-08-18T22:58:34.557+0000] {subprocess.py:93} INFO - ⚠️ WLDUSDT lỗi lần 2/3: HTTPSConnectionPool(host='api.binance.com', port=443): Max retries exceeded with url: /api/v3/klines?symbol=WLDUSDT&interval=1m&limit=100 (Caused by ConnectTimeoutError(<urllib3.connection.HTTPSConnection object at 0x7f09b83d3340>, 'Connection to api.binance.com timed out. (connect timeout=15)'))
[2025-08-18T22:58:34.557+0000] {subprocess.py:93} INFO - ⚠️ BFUSDUSDT lỗi lần 2/3: HTTPSConnectionPool(host='api.binance.com', port=443): Max retries exceeded with url: /api/v3/klines?symbol=BFUSDUSDT&interval=1m&limit=100 (Caused by ConnectTimeoutError(<urllib3.connection.HTTPSConnection object at 0x7f09b831aec0>, 'Connection to api.binance.com timed out. (connect timeout=15)'))
[2025-08-18T22:58:34.557+0000] {subprocess.py:93} INFO - ⚠️ NEARUSDT lỗi lần 2/3: HTTPSConnectionPool(host='api.binance.com', port=443): Max retries exceeded with url: /api/v3/klines?symbol=NEARUSDT&interval=1m&limit=100 (Caused by ConnectTimeoutError(<urllib3.connection.HTTPSConnection object at 0x7f09b83d03a0>, 'Connection to api.binance.com timed out. (connect timeout=15)'))
[2025-08-18T22:58:34.557+0000] {subprocess.py:93} INFO - ✅ AAVEUSDT: thêm 10 dòng mới
[2025-08-18T22:58:34.558+0000] {subprocess.py:93} INFO - 28/100 AAVEUSDT lưu OK
[2025-08-18T22:58:34.558+0000] {subprocess.py:93} INFO - ⚠️ INJUSDT lỗi lần 1/3: HTTPSConnectionPool(host='api.binance.com', port=443): Max retries exceeded with url: /api/v3/klines?symbol=INJUSDT&interval=1m&limit=100 (Caused by ConnectTimeoutError(<urllib3.connection.HTTPSConnection object at 0x7f09b8319000>, 'Connection to api.binance.com timed out. (connect timeout=15)'))
[2025-08-18T22:58:34.558+0000] {subprocess.py:93} INFO - ⚠️ CRVUSDT lỗi lần 3/3: HTTPSConnectionPool(host='api.binance.com', port=443): Max retries exceeded with url: /api/v3/klines?symbol=CRVUSDT&interval=1m&limit=100 (Caused by ConnectTimeoutError(<urllib3.connection.HTTPSConnection object at 0x7f09b83d37f0>, 'Connection to api.binance.com timed out. (connect timeout=15)'))
[2025-08-18T22:58:34.558+0000] {subprocess.py:93} INFO - 29/100 CRVUSDT bỏ qua (fail)
[2025-08-18T22:58:34.559+0000] {subprocess.py:93} INFO - ✅ SUSDT: thêm 18 dòng mới
[2025-08-18T22:58:34.559+0000] {subprocess.py:93} INFO - 30/100 SUSDT lưu OK
[2025-08-18T22:58:34.559+0000] {subprocess.py:93} INFO - ⚠️ WIFUSDT lỗi lần 1/3: HTTPSConnectionPool(host='api.binance.com', port=443): Max retries exceeded with url: /api/v3/klines?symbol=WIFUSDT&interval=1m&limit=100 (Caused by ConnectTimeoutError(<urllib3.connection.HTTPSConnection object at 0x7f09b83d3b80>, 'Connection to api.binance.com timed out. (connect timeout=15)'))
[2025-08-18T22:58:34.559+0000] {subprocess.py:93} INFO - ✅ WIFUSDT: thêm 18 dòng mới
[2025-08-18T22:58:34.560+0000] {subprocess.py:93} INFO - 31/100 WIFUSDT lưu OK
[2025-08-18T22:58:34.560+0000] {subprocess.py:93} INFO - ✅ POLUSDT: thêm 10 dòng mới
[2025-08-18T22:58:34.560+0000] {subprocess.py:93} INFO - 32/100 POLUSDT lưu OK
[2025-08-18T22:58:34.560+0000] {subprocess.py:93} INFO - ✅ API3USDT: thêm 9 dòng mới
[2025-08-18T22:58:34.561+0000] {subprocess.py:93} INFO - 33/100 API3USDT lưu OK
[2025-08-18T22:58:34.561+0000] {subprocess.py:93} INFO - ✅ LDOUSDT: thêm 9 dòng mới
[2025-08-18T22:58:34.561+0000] {subprocess.py:93} INFO - 34/100 LDOUSDT lưu OK
[2025-08-18T22:58:34.561+0000] {subprocess.py:93} INFO - ✅ TAOUSDT: thêm 45 dòng mới
[2025-08-18T22:58:34.562+0000] {subprocess.py:93} INFO - 35/100 TAOUSDT lưu OK
[2025-08-18T22:58:34.562+0000] {subprocess.py:93} INFO - ✅ INJUSDT: thêm 18 dòng mới
[2025-08-18T22:58:34.562+0000] {subprocess.py:93} INFO - 36/100 INJUSDT lưu OK
[2025-08-18T22:58:34.562+0000] {subprocess.py:93} INFO - ✅ APTUSDT: thêm 8 dòng mới
[2025-08-18T22:58:34.563+0000] {subprocess.py:93} INFO - 37/100 APTUSDT lưu OK
[2025-08-18T22:58:34.563+0000] {subprocess.py:93} INFO - ✅ SKLUSDT: thêm 9 dòng mới
[2025-08-18T22:58:34.563+0000] {subprocess.py:93} INFO - 38/100 SKLUSDT lưu OK
[2025-08-18T22:58:34.563+0000] {subprocess.py:93} INFO - ⚠️ XLMUSDT lỗi lần 1/3: HTTPSConnectionPool(host='api.binance.com', port=443): Max retries exceeded with url: /api/v3/klines?symbol=XLMUSDT&interval=1m&limit=100 (Caused by ConnectTimeoutError(<urllib3.connection.HTTPSConnection object at 0x7f09b8b1c4c0>, 'Connection to api.binance.com timed out. (connect timeout=15)'))
[2025-08-18T22:58:34.564+0000] {subprocess.py:93} INFO - ⚠️ WLDUSDT lỗi lần 3/3: HTTPSConnectionPool(host='api.binance.com', port=443): Max retries exceeded with url: /api/v3/klines?symbol=WLDUSDT&interval=1m&limit=100 (Caused by ConnectTimeoutError(<urllib3.connection.HTTPSConnection object at 0x7f09b8b1ce50>, 'Connection to api.binance.com timed out. (connect timeout=15)'))
[2025-08-18T22:59:59.671+0000] {subprocess.py:93} INFO - ⚠️ NEARUSDT lỗi lần 3/3: HTTPSConnectionPool(host='api.binance.com', port=443): Max retries exceeded with url: /api/v3/klines?symbol=NEARUSDT&interval=1m&limit=100 (Caused by ConnectTimeoutError(<urllib3.connection.HTTPSConnection object at 0x7f09b83d32b0>, 'Connection to api.binance.com timed out. (connect timeout=15)'))
[2025-08-18T22:59:59.672+0000] {subprocess.py:93} INFO - 39/100 WLDUSDT bỏ qua (fail)
[2025-08-18T22:59:59.672+0000] {subprocess.py:93} INFO - 40/100 NEARUSDT bỏ qua (fail)
[2025-08-18T22:59:59.673+0000] {subprocess.py:93} INFO - 41/100 BFUSDUSDT bỏ qua (fail)
[2025-08-18T22:59:59.673+0000] {subprocess.py:93} INFO - ⚠️ VIRTUALUSDT lỗi lần 1/3: HTTPSConnectionPool(host='api.binance.com', port=443): Max retries exceeded with url: /api/v3/klines?symbol=VIRTUALUSDT&interval=1m&limit=100 (Caused by ConnectTimeoutError(<urllib3.connection.HTTPSConnection object at 0x7f09b83d1b70>, 'Connection to api.binance.com timed out. (connect timeout=15)'))
[2025-08-18T22:59:59.673+0000] {subprocess.py:93} INFO - ⚠️ FLOKIUSDT lỗi lần 1/3: HTTPSConnectionPool(host='api.binance.com', port=443): Max retries exceeded with url: /api/v3/klines?symbol=FLOKIUSDT&interval=1m&limit=100 (Caused by ConnectTimeoutError(<urllib3.connection.HTTPSConnection object at 0x7f09b83d19c0>, 'Connection to api.binance.com timed out. (connect timeout=15)'))
[2025-08-18T22:59:59.674+0000] {subprocess.py:93} INFO - ⚠️ XLMUSDT lỗi lần 2/3: HTTPSConnectionPool(host='api.binance.com', port=443): Max retries exceeded with url: /api/v3/klines?symbol=XLMUSDT&interval=1m&limit=100 (Caused by ConnectTimeoutError(<urllib3.connection.HTTPSConnection object at 0x7f09b83d0ca0>, 'Connection to api.binance.com timed out. (connect timeout=15)'))
[2025-08-18T22:59:59.674+0000] {subprocess.py:93} INFO - ⚠️ PENDLEUSDT lỗi lần 1/3: HTTPSConnectionPool(host='api.binance.com', port=443): Max retries exceeded with url: /api/v3/klines?symbol=PENDLEUSDT&interval=1m&limit=100 (Caused by ConnectTimeoutError(<urllib3.connection.HTTPSConnection object at 0x7f09b83d1bd0>, 'Connection to api.binance.com timed out. (connect timeout=15)'))
[2025-08-18T22:59:59.675+0000] {subprocess.py:93} INFO - ⚠️ OPUSDT lỗi lần 1/3: HTTPSConnectionPool(host='api.binance.com', port=443): Max retries exceeded with url: /api/v3/klines?symbol=OPUSDT&interval=1m&limit=100 (Caused by ConnectTimeoutError(<urllib3.connection.HTTPSConnection object at 0x7f09b835a260>, 'Connection to api.binance.com timed out. (connect timeout=15)'))
[2025-08-18T22:59:59.675+0000] {subprocess.py:93} INFO - ⚠️ ONDOUSDT lỗi lần 1/3: HTTPSConnectionPool(host='api.binance.com', port=443): Max retries exceeded with url: /api/v3/klines?symbol=ONDOUSDT&interval=1m&limit=100 (Caused by ConnectTimeoutError(<urllib3.connection.HTTPSConnection object at 0x7f09b835b280>, 'Connection to api.binance.com timed out. (connect timeout=15)'))
[2025-08-18T22:59:59.675+0000] {subprocess.py:93} INFO - ⚠️ XLMUSDT lỗi lần 3/3: HTTPSConnectionPool(host='api.binance.com', port=443): Max retries exceeded with url: /api/v3/klines?symbol=XLMUSDT&interval=1m&limit=100 (Caused by ConnectTimeoutError(<urllib3.connection.HTTPSConnection object at 0x7f09b83d1db0>, 'Connection to api.binance.com timed out. (connect timeout=15)'))
[2025-08-18T22:59:59.676+0000] {subprocess.py:93} INFO - ⚠️ PENDLEUSDT lỗi lần 2/3: HTTPSConnectionPool(host='api.binance.com', port=443): Max retries exceeded with url: /api/v3/klines?symbol=PENDLEUSDT&interval=1m&limit=100 (Caused by ConnectTimeoutError(<urllib3.connection.HTTPSConnection object at 0x7f09b83d3fd0>, 'Connection to api.binance.com timed out. (connect timeout=15)'))
[2025-08-18T22:59:59.676+0000] {subprocess.py:93} INFO - ⚠️ ONDOUSDT lỗi lần 2/3: HTTPSConnectionPool(host='api.binance.com', port=443): Max retries exceeded with url: /api/v3/klines?symbol=ONDOUSDT&interval=1m&limit=100 (Caused by ConnectTimeoutError(<urllib3.connection.HTTPSConnection object at 0x7f09b835b640>, 'Connection to api.binance.com timed out. (connect timeout=15)'))
[2025-08-18T22:59:59.676+0000] {subprocess.py:93} INFO - ⚠️ OPUSDT lỗi lần 2/3: HTTPSConnectionPool(host='api.binance.com', port=443): Max retries exceeded with url: /api/v3/klines?symbol=OPUSDT&interval=1m&limit=100 (Caused by ConnectTimeoutError(<urllib3.connection.HTTPSConnection object at 0x7f09b972ebf0>, 'Connection to api.binance.com timed out. (connect timeout=15)'))
[2025-08-18T22:59:59.677+0000] {subprocess.py:93} INFO - 42/100 XLMUSDT bỏ qua (fail)
[2025-08-18T22:59:59.677+0000] {subprocess.py:93} INFO - ✅ VIRTUALUSDT: thêm 9 dòng mới
[2025-08-18T22:59:59.678+0000] {subprocess.py:93} INFO - 43/100 VIRTUALUSDT lưu OK
[2025-08-18T22:59:59.678+0000] {subprocess.py:93} INFO - ⚠️ ETHFIUSDT lỗi lần 1/3: HTTPSConnectionPool(host='api.binance.com', port=443): Max retries exceeded with url: /api/v3/klines?symbol=ETHFIUSDT&interval=1m&limit=100 (Caused by ConnectTimeoutError(<urllib3.connection.HTTPSConnection object at 0x7f09b83d0eb0>, 'Connection to api.binance.com timed out. (connect timeout=15)'))
[2025-08-18T22:59:59.678+0000] {subprocess.py:93} INFO - ⚠️ OPUSDT lỗi lần 3/3: HTTPSConnectionPool(host='api.binance.com', port=443): Max retries exceeded with url: /api/v3/klines?symbol=OPUSDT&interval=1m&limit=100 (Caused by ConnectTimeoutError(<urllib3.connection.HTTPSConnection object at 0x7f09b83d0ca0>, 'Connection to api.binance.com timed out. (connect timeout=15)'))
[2025-08-18T22:59:59.679+0000] {subprocess.py:93} INFO - ⚠️ PENDLEUSDT lỗi lần 3/3: HTTPSConnectionPool(host='api.binance.com', port=443): Max retries exceeded with url: /api/v3/klines?symbol=PENDLEUSDT&interval=1m&limit=100 (Caused by ConnectTimeoutError(<urllib3.connection.HTTPSConnection object at 0x7f09b83d3a60>, 'Connection to api.binance.com timed out. (connect timeout=15)'))
[2025-08-18T22:59:59.679+0000] {subprocess.py:93} INFO - ⚠️ ONDOUSDT lỗi lần 3/3: HTTPSConnectionPool(host='api.binance.com', port=443): Max retries exceeded with url: /api/v3/klines?symbol=ONDOUSDT&interval=1m&limit=100 (Caused by ConnectTimeoutError(<urllib3.connection.HTTPSConnection object at 0x7f09b83d1f30>, 'Connection to api.binance.com timed out. (connect timeout=15)'))
[2025-08-18T22:59:59.679+0000] {subprocess.py:93} INFO - ✅ FETUSDT: thêm 9 dòng mới
[2025-08-18T22:59:59.680+0000] {subprocess.py:93} INFO - 44/100 FETUSDT lưu OK
[2025-08-18T22:59:59.680+0000] {subprocess.py:93} INFO - 45/100 OPUSDT bỏ qua (fail)
[2025-08-18T22:59:59.680+0000] {subprocess.py:93} INFO - 46/100 PENDLEUSDT bỏ qua (fail)
[2025-08-18T22:59:59.681+0000] {subprocess.py:93} INFO - 47/100 ONDOUSDT bỏ qua (fail)
[2025-08-18T22:59:59.681+0000] {subprocess.py:93} INFO - ⚠️ EURUSDT lỗi lần 1/3: HTTPSConnectionPool(host='api.binance.com', port=443): Max retries exceeded with url: /api/v3/klines?symbol=EURUSDT&interval=1m&limit=100 (Caused by ConnectTimeoutError(<urllib3.connection.HTTPSConnection object at 0x7f09b83d33a0>, 'Connection to api.binance.com timed out. (connect timeout=15)'))
[2025-08-18T22:59:59.682+0000] {subprocess.py:93} INFO - ⚠️ ETHFIUSDT lỗi lần 2/3: HTTPSConnectionPool(host='api.binance.com', port=443): Max retries exceeded with url: /api/v3/klines?symbol=ETHFIUSDT&interval=1m&limit=100 (Caused by ConnectTimeoutError(<urllib3.connection.HTTPSConnection object at 0x7f09b83d1540>, 'Connection to api.binance.com timed out. (connect timeout=15)'))
[2025-08-18T22:59:59.682+0000] {subprocess.py:93} INFO - ⚠️ BCHUSDT lỗi lần 1/3: HTTPSConnectionPool(host='api.binance.com', port=443): Max retries exceeded with url: /api/v3/klines?symbol=BCHUSDT&interval=1m&limit=100 (Caused by ConnectTimeoutError(<urllib3.connection.HTTPSConnection object at 0x7f09b835a230>, 'Connection to api.binance.com timed out. (connect timeout=15)'))
[2025-08-18T22:59:59.682+0000] {subprocess.py:93} INFO - ⚠️ PONDUSDT lỗi lần 1/3: HTTPSConnectionPool(host='api.binance.com', port=443): Max retries exceeded with url: /api/v3/klines?symbol=PONDUSDT&interval=1m&limit=100 (Caused by ConnectTimeoutError(<urllib3.connection.HTTPSConnection object at 0x7f09b835a290>, 'Connection to api.binance.com timed out. (connect timeout=15)'))
[2025-08-18T22:59:59.683+0000] {subprocess.py:93} INFO - ⚠️ TIAUSDT lỗi lần 1/3: HTTPSConnectionPool(host='api.binance.com', port=443): Max retries exceeded with url: /api/v3/klines?symbol=TIAUSDT&interval=1m&limit=100 (Caused by ConnectTimeoutError(<urllib3.connection.HTTPSConnection object at 0x7f09b835acb0>, 'Connection to api.binance.com timed out. (connect timeout=15)'))
[2025-08-18T22:59:59.683+0000] {subprocess.py:93} INFO - ✅ FLOKIUSDT: thêm 9 dòng mới
[2025-08-18T22:59:59.683+0000] {subprocess.py:93} INFO - 48/100 FLOKIUSDT lưu OK
[2025-08-18T22:59:59.684+0000] {subprocess.py:93} INFO - ✅ EURUSDT: thêm 9 dòng mới
[2025-08-18T22:59:59.684+0000] {subprocess.py:93} INFO - 49/100 EURUSDT lưu OK
[2025-08-18T22:59:59.684+0000] {subprocess.py:93} INFO - ⚠️ ETHFIUSDT lỗi lần 3/3: HTTPSConnectionPool(host='api.binance.com', port=443): Max retries exceeded with url: /api/v3/klines?symbol=ETHFIUSDT&interval=1m&limit=100 (Caused by ConnectTimeoutError(<urllib3.connection.HTTPSConnection object at 0x7f09b835af80>, 'Connection to api.binance.com timed out. (connect timeout=15)'))
[2025-08-18T22:59:59.685+0000] {subprocess.py:93} INFO - ⚠️ BCHUSDT lỗi lần 2/3: HTTPSConnectionPool(host='api.binance.com', port=443): Max retries exceeded with url: /api/v3/klines?symbol=BCHUSDT&interval=1m&limit=100 (Caused by ConnectTimeoutError(<urllib3.connection.HTTPSConnection object at 0x7f09b83594e0>, 'Connection to api.binance.com timed out. (connect timeout=15)'))
[2025-08-18T23:01:49.021+0000] {subprocess.py:93} INFO -                                                                                                                                                                                                                                                                                                                                               ⚠️ PONDUSDT lỗi lần 2/3: HTTPSConnectionPool(host='api.binance.com', port=443): Max retries exceeded with url: /api/v3/klines?symbol=PONDUSDT&interval=1m&limit=100 (Caused by ConnectTimeoutError(<urllib3.connection.HTTPSConnection object at 0x7f09b8358c70>, 'Connection to api.binance.com timed out. (connect timeout=15)'))
[2025-08-18T23:01:49.022+0000] {subprocess.py:93} INFO - 50/100 DOTUSDT lỗi: connection to server at "videv.cloud" (27.74.74.29), port 5432 failed: Connection timed out
[2025-08-18T23:01:49.022+0000] {subprocess.py:93} INFO - 	Is the server running on that host and accepting TCP/IP connections?
[2025-08-18T23:01:49.023+0000] {subprocess.py:93} INFO - 
[2025-08-18T23:01:49.023+0000] {subprocess.py:93} INFO - 51/100 ETHFIUSDT bỏ qua (fail)
[2025-08-18T23:01:49.023+0000] {subprocess.py:93} INFO - ✅ BCHUSDT: thêm 10 dòng mới
[2025-08-18T23:01:49.024+0000] {subprocess.py:93} INFO - 52/100 BCHUSDT lưu OK
[2025-08-18T23:01:49.024+0000] {subprocess.py:93} INFO - ✅ SHIBUSDT: thêm 18 dòng mới
[2025-08-18T23:01:49.025+0000] {subprocess.py:93} INFO - 53/100 SHIBUSDT lưu OK
[2025-08-18T23:01:49.025+0000] {subprocess.py:93} INFO - ⚠️ PNUTUSDT lỗi lần 1/3: HTTPSConnectionPool(host='api.binance.com', port=443): Max retries exceeded with url: /api/v3/klines?symbol=PNUTUSDT&interval=1m&limit=100 (Caused by ConnectTimeoutError(<urllib3.connection.HTTPSConnection object at 0x7f09b8359420>, 'Connection to api.binance.com timed out. (connect timeout=15)'))
[2025-08-18T23:01:49.025+0000] {subprocess.py:93} INFO - ⚠️ RAYUSDT lỗi lần 1/3: HTTPSConnectionPool(host='api.binance.com', port=443): Max retries exceeded with url: /api/v3/klines?symbol=RAYUSDT&interval=1m&limit=100 (Caused by ConnectTimeoutError(<urllib3.connection.HTTPSConnection object at 0x7f09b83581f0>, 'Connection to api.binance.com timed out. (connect timeout=15)'))
[2025-08-18T23:01:49.026+0000] {subprocess.py:93} INFO - 54/100 BONKUSDT lỗi: connection to server at "videv.cloud" (27.74.74.29), port 5432 failed: Connection timed out
[2025-08-18T23:01:49.026+0000] {subprocess.py:93} INFO - 	Is the server running on that host and accepting TCP/IP connections?
[2025-08-18T23:01:49.027+0000] {subprocess.py:93} INFO - 
[2025-08-18T23:01:49.027+0000] {subprocess.py:93} INFO - ⚠️ EPICUSDT lỗi lần 1/3: HTTPSConnectionPool(host='api.binance.com', port=443): Max retries exceeded with url: /api/v3/klines?symbol=EPICUSDT&interval=1m&limit=100 (Caused by ConnectTimeoutError(<urllib3.connection.HTTPSConnection object at 0x7f09b8346050>, 'Connection to api.binance.com timed out. (connect timeout=15)'))
[2025-08-18T23:01:49.027+0000] {subprocess.py:93} INFO - ⚠️ NEIROUSDT lỗi lần 1/3: HTTPSConnectionPool(host='api.binance.com', port=443): Max retries exceeded with url: /api/v3/klines?symbol=NEIROUSDT&interval=1m&limit=100 (Caused by ConnectTimeoutError(<urllib3.connection.HTTPSConnection object at 0x7f09b8359120>, 'Connection to api.binance.com timed out. (connect timeout=15)'))
[2025-08-18T23:01:49.028+0000] {subprocess.py:93} INFO - ✅ EPICUSDT: thêm 10 dòng mới
[2025-08-18T23:01:49.028+0000] {subprocess.py:93} INFO - 55/100 EPICUSDT lưu OK
[2025-08-18T23:01:49.029+0000] {subprocess.py:93} INFO - ⚠️ ETCUSDT lỗi lần 1/3: HTTPSConnectionPool(host='api.binance.com', port=443): Max retries exceeded with url: /api/v3/klines?symbol=ETCUSDT&interval=1m&limit=100 (Caused by ConnectTimeoutError(<urllib3.connection.HTTPSConnection object at 0x7f09b8359060>, 'Connection to api.binance.com timed out. (connect timeout=15)'))
[2025-08-18T23:01:49.029+0000] {subprocess.py:93} INFO - ⚠️ PNUTUSDT lỗi lần 2/3: HTTPSConnectionPool(host='api.binance.com', port=443): Max retries exceeded with url: /api/v3/klines?symbol=PNUTUSDT&interval=1m&limit=100 (Caused by ConnectTimeoutError(<urllib3.connection.HTTPSConnection object at 0x7f09b83466b0>, 'Connection to api.binance.com timed out. (connect timeout=15)'))
[2025-08-18T23:01:49.029+0000] {subprocess.py:93} INFO - ✅ NEIROUSDT: thêm 9 dòng mới
[2025-08-18T23:01:49.030+0000] {subprocess.py:93} INFO - 56/100 NEIROUSDT lưu OK
[2025-08-18T23:01:49.030+0000] {subprocess.py:93} INFO - ⚠️ ALGOUSDT lỗi lần 1/3: HTTPSConnectionPool(host='api.binance.com', port=443): Max retries exceeded with url: /api/v3/klines?symbol=ALGOUSDT&interval=1m&limit=100 (Caused by ConnectTimeoutError(<urllib3.connection.HTTPSConnection object at 0x7f09b835a320>, 'Connection to api.binance.com timed out. (connect timeout=15)'))
[2025-08-18T23:01:49.031+0000] {subprocess.py:93} INFO - ⚠️ RAYUSDT lỗi lần 2/3: HTTPSConnectionPool(host='api.binance.com', port=443): Max retries exceeded with url: /api/v3/klines?symbol=RAYUSDT&interval=1m&limit=100 (Caused by ConnectTimeoutError(<urllib3.connection.HTTPSConnection object at 0x7f09b8345900>, 'Connection to api.binance.com timed out. (connect timeout=15)'))
[2025-08-18T23:01:49.031+0000] {subprocess.py:93} INFO - ✅ PNUTUSDT: thêm 10 dòng mới
[2025-08-18T23:01:49.031+0000] {subprocess.py:93} INFO - 57/100 PNUTUSDT lưu OK
[2025-08-18T23:01:49.032+0000] {subprocess.py:93} INFO - ✅ EIGENUSDT: thêm 9 dòng mới
[2025-08-18T23:01:49.032+0000] {subprocess.py:93} INFO - 58/100 EIGENUSDT lưu OK
[2025-08-18T23:01:49.033+0000] {subprocess.py:93} INFO - ✅ ALGOUSDT: thêm 9 dòng mới
[2025-08-18T23:01:49.033+0000] {subprocess.py:93} INFO - 59/100 ALGOUSDT lưu OK
[2025-08-18T23:01:49.033+0000] {subprocess.py:93} INFO - ✅ FILUSDT: thêm 18 dòng mới
[2025-08-18T23:01:49.034+0000] {subprocess.py:93} INFO - 60/100 FILUSDT lưu OK
[2025-08-18T23:01:49.034+0000] {subprocess.py:93} INFO - ✅ XUSDUSDT: thêm 8 dòng mới
[2025-08-18T23:01:49.035+0000] {subprocess.py:93} INFO - 61/100 XUSDUSDT lưu OK
[2025-08-18T23:01:49.035+0000] {subprocess.py:93} INFO - ✅ GALAUSDT: thêm 9 dòng mới
[2025-08-18T23:01:49.035+0000] {subprocess.py:93} INFO - 62/100 GALAUSDT lưu OK
[2025-08-18T23:01:49.036+0000] {subprocess.py:93} INFO - 63/100 CYBERUSDT lỗi: relation "cryptocurrency.cyberusdt" does not exist
[2025-08-18T23:01:49.036+0000] {subprocess.py:93} INFO - LINE 1: SELECT MAX(time) FROM cryptocurrency.cyberusdt;
[2025-08-18T23:01:49.036+0000] {subprocess.py:93} INFO -                               ^
[2025-08-18T23:01:49.037+0000] {subprocess.py:93} INFO - 
[2025-08-18T23:01:49.037+0000] {subprocess.py:93} INFO - ⚠️ ETCUSDT lỗi lần 2/3: HTTPSConnectionPool(host='api.binance.com', port=443): Max retries exceeded with url: /api/v3/klines?symbol=ETCUSDT&interval=1m&limit=100 (Caused by ConnectTimeoutError(<urllib3.connection.HTTPSConnection object at 0x7f09b8344070>, 'Connection to api.binance.com timed out. (connect timeout=15)'))
[2025-08-18T23:01:49.038+0000] {subprocess.py:93} INFO - 64/100 MEMEUSDT lỗi: connection to server at "videv.cloud" (27.74.74.29), port 5432 failed: Connection timed out
[2025-08-18T23:01:49.038+0000] {subprocess.py:93} INFO - 	Is the server running on that host and accepting TCP/IP connections?
[2025-08-18T23:01:49.038+0000] {subprocess.py:93} INFO - 
[2025-08-18T23:01:49.039+0000] {subprocess.py:93} INFO - 65/100 TONUSDT lỗi: connection to server at "videv.cloud" (27.74.74.29), port 5432 failed: Connection timed out
[2025-08-18T23:01:49.039+0000] {subprocess.py:93} INFO - 	Is the server running on that host and accepting TCP/IP connections?
[2025-08-18T23:01:49.039+0000] {subprocess.py:93} INFO - 
[2025-08-18T23:01:49.040+0000] {subprocess.py:93} INFO - ✅ RAYUSDT: thêm 26 dòng mới
[2025-08-18T23:01:49.040+0000] {subprocess.py:93} INFO - 66/100 RAYUSDT lưu OK
[2025-08-18T23:01:49.041+0000] {subprocess.py:93} INFO - ⚠️ ETCUSDT lỗi lần 3/3: HTTPSConnectionPool(host='api.binance.com', port=443): Max retries exceeded with url: /api/v3/klines?symbol=ETCUSDT&interval=1m&limit=100 (Caused by ConnectTimeoutError(<urllib3.connection.HTTPSConnection object at 0x7f09b8347010>, 'Connection to api.binance.com timed out. (connect timeout=15)'))
[2025-08-18T23:01:49.041+0000] {subprocess.py:93} INFO - ✅ CAKEUSDT: thêm 9 dòng mới
[2025-08-18T23:01:49.041+0000] {subprocess.py:93} INFO - 67/100 CAKEUSDT lưu OK
[2025-08-18T23:01:49.042+0000] {subprocess.py:93} INFO - 68/100 ETCUSDT bỏ qua (fail)
[2025-08-18T23:01:49.042+0000] {subprocess.py:93} INFO - ⚠️ CTSIUSDT lỗi lần 1/3: HTTPSConnectionPool(host='api.binance.com', port=443): Max retries exceeded with url: /api/v3/klines?symbol=CTSIUSDT&interval=1m&limit=100 (Caused by ConnectTimeoutError(<urllib3.connection.HTTPSConnection object at 0x7f09b972f6d0>, 'Connection to api.binance.com timed out. (connect timeout=15)'))
[2025-08-18T23:01:49.043+0000] {subprocess.py:93} INFO - ⚠️ ASRUSDT lỗi lần 1/3: HTTPSConnectionPool(host='api.binance.com', port=443): Max retries exceeded with url: /api/v3/klines?symbol=ASRUSDT&interval=1m&limit=100 (Caused by ConnectTimeoutError(<urllib3.connection.HTTPSConnection object at 0x7f09b83594e0>, 'Connection to api.binance.com timed out. (connect timeout=15)'))
[2025-08-18T23:01:49.043+0000] {subprocess.py:93} INFO - ⚠️ TSTUSDT lỗi lần 1/3: HTTPSConnectionPool(host='api.binance.com', port=443): Max retries exceeded with url: /api/v3/klines?symbol=TSTUSDT&interval=1m&limit=100 (Caused by ConnectTimeoutError(<urllib3.connection.HTTPSConnection object at 0x7f09b972d510>, 'Connection to api.binance.com timed out. (connect timeout=15)'))
[2025-08-18T23:01:49.043+0000] {subprocess.py:93} INFO - ⚠️ CTSIUSDT lỗi lần 2/3: HTTPSConnectionPool(host='api.binance.com', port=443): Max retries exceeded with url: /api/v3/klines?symbol=CTSIUSDT&interval=1m&limit=100 (Caused by ConnectTimeoutError(<urllib3.connection.HTTPSConnection object at 0x7f09b83d2b60>, 'Connection to api.binance.com timed out. (connect timeout=15)'))
[2025-08-18T23:01:49.044+0000] {subprocess.py:93} INFO - ⚠️ ASRUSDT lỗi lần 2/3: HTTPSConnectionPool(host='api.binance.com', port=443): Max retries exceeded with url: /api/v3/klines?symbol=ASRUSDT&interval=1m&limit=100 (Caused by ConnectTimeoutError(<urllib3.connection.HTTPSConnection object at 0x7f09b83d2d10>, 'Connection to api.binance.com timed out. (connect timeout=15)'))
[2025-08-18T23:01:49.044+0000] {subprocess.py:93} INFO - ✅ SPKUSDT: thêm 9 dòng mới
[2025-08-18T23:01:49.045+0000] {subprocess.py:93} INFO - 69/100 SPKUSDT lưu OK
[2025-08-18T23:01:49.045+0000] {subprocess.py:93} INFO - ⚠️ TSTUSDT lỗi lần 2/3: HTTPSConnectionPool(host='api.binance.com', port=443): Max retries exceeded with url: /api/v3/klines?symbol=TSTUSDT&interval=1m&limit=100 (Caused by ConnectTimeoutError(<urllib3.connection.HTTPSConnection object at 0x7f09b83d1ae0>, 'Connection to api.binance.com timed out. (connect timeout=15)'))
[2025-08-18T23:01:49.045+0000] {subprocess.py:93} INFO - ✅ OGUSDT: thêm 10 dòng mới
[2025-08-18T23:01:49.046+0000] {subprocess.py:93} INFO - 70/100 OGUSDT lưu OK
[2025-08-18T23:01:49.046+0000] {subprocess.py:93} INFO - ⚠️ ASRUSDT lỗi lần 3/3: HTTPSConnectionPool(host='api.binance.com', port=443): Max retries exceeded with url: /api/v3/klines?symbol=ASRUSDT&interval=1m&limit=100 (Caused by ConnectTimeoutError(<urllib3.connection.HTTPSConnection object at 0x7f09b972f190>, 'Connection to api.binance.com timed out. (connect timeout=15)'))
[2025-08-18T23:01:49.047+0000] {subprocess.py:93} INFO - 71/100 ASRUSDT bỏ qua (fail)
[2025-08-18T23:01:49.047+0000] {subprocess.py:93} INFO - ⚠️ VETUSDT lỗi lần 1/3: HTTPSConnectionPool(host='api.binance.com', port=443): Max retries exceeded with url: /api/v3/klines?symbol=VETUSDT&interval=1m&limit=100 (Caused by ConnectTimeoutError(<urllib3.connection.HTTPSConnection object at 0x7f09b83d1ba0>, 'Connection to api.binance.com timed out. (connect timeout=15)'))
[2025-08-18T23:04:44.472+0000] {subprocess.py:93} INFO - ⚠️ ICPUSDT lỗi lần 1/3: HTTPSConnectionPool(host='api.binance.com', port=443): Max retries exceeded with url: /api/v3/klines?symbol=ICPUSDT&interval=1m&limit=100 (Caused by ConnectTimeoutError(<urllib3.connection.HTTPSConnection object at 0x7f09b83d3f40>, 'Connection to api.binance.com timed out. (connect timeout=15)'))
[2025-08-18T23:04:44.473+0000] {subprocess.py:93} INFO - ✅ ICPUSDT: thêm 9 dòng mới
[2025-08-18T23:04:44.474+0000] {subprocess.py:93} INFO - 72/100 ICPUSDT lưu OK
[2025-08-18T23:04:44.474+0000] {subprocess.py:93} INFO - 73/100 TIAUSDT lỗi: connection to server at "videv.cloud" (27.74.74.29), port 5432 failed: Connection timed out
[2025-08-18T23:04:44.474+0000] {subprocess.py:93} INFO - 	Is the server running on that host and accepting TCP/IP connections?
[2025-08-18T23:04:44.475+0000] {subprocess.py:93} INFO - 
[2025-08-18T23:04:44.475+0000] {subprocess.py:93} INFO - ⚠️ VETUSDT lỗi lần 2/3: HTTPSConnectionPool(host='api.binance.com', port=443): Max retries exceeded with url: /api/v3/klines?symbol=VETUSDT&interval=1m&limit=100 (Caused by ConnectTimeoutError(<urllib3.connection.HTTPSConnection object at 0x7f09b83d32b0>, 'Connection to api.binance.com timed out. (connect timeout=15)'))
[2025-08-18T23:04:44.476+0000] {subprocess.py:93} INFO - 74/100 VETUSDT lỗi: relation "cryptocurrency.vetusdt" does not exist
[2025-08-18T23:04:44.476+0000] {subprocess.py:93} INFO - LINE 1: SELECT MAX(time) FROM cryptocurrency.vetusdt;
[2025-08-18T23:04:44.476+0000] {subprocess.py:93} INFO -                               ^
[2025-08-18T23:04:44.477+0000] {subprocess.py:93} INFO - 
[2025-08-18T23:04:44.477+0000] {subprocess.py:93} INFO - ✅ MDTUSDT: thêm 10 dòng mới
[2025-08-18T23:04:44.478+0000] {subprocess.py:93} INFO - 75/100 MDTUSDT lưu OK
[2025-08-18T23:04:44.478+0000] {subprocess.py:93} INFO - 76/100 PONDUSDT lỗi: connection to server at "videv.cloud" (27.74.74.29), port 5432 failed: Connection timed out
[2025-08-18T23:04:44.478+0000] {subprocess.py:93} INFO - 	Is the server running on that host and accepting TCP/IP connections?
[2025-08-18T23:04:44.479+0000] {subprocess.py:93} INFO - 
[2025-08-18T23:04:44.479+0000] {subprocess.py:93} INFO - ⚠️ PAXGUSDT lỗi lần 1/3: HTTPSConnectionPool(host='api.binance.com', port=443): Max retries exceeded with url: /api/v3/klines?symbol=PAXGUSDT&interval=1m&limit=100 (Caused by ConnectTimeoutError(<urllib3.connection.HTTPSConnection object at 0x7f09b972e710>, 'Connection to api.binance.com timed out. (connect timeout=15)'))
[2025-08-18T23:04:44.480+0000] {subprocess.py:93} INFO - 77/100 PAXGUSDT lỗi: relation "cryptocurrency.paxgusdt" does not exist
[2025-08-18T23:04:44.480+0000] {subprocess.py:93} INFO - LINE 1: SELECT MAX(time) FROM cryptocurrency.paxgusdt;
[2025-08-18T23:04:44.480+0000] {subprocess.py:93} INFO -                               ^
[2025-08-18T23:04:44.481+0000] {subprocess.py:93} INFO - 
[2025-08-18T23:04:44.481+0000] {subprocess.py:93} INFO - ✅ CTSIUSDT: thêm 10 dòng mới
[2025-08-18T23:04:44.481+0000] {subprocess.py:93} INFO - 78/100 CTSIUSDT lưu OK
[2025-08-18T23:04:44.482+0000] {subprocess.py:93} INFO - ⚠️ BERAUSDT lỗi lần 1/3: HTTPSConnectionPool(host='api.binance.com', port=443): Max retries exceeded with url: /api/v3/klines?symbol=BERAUSDT&interval=1m&limit=100 (Caused by ConnectTimeoutError(<urllib3.connection.HTTPSConnection object at 0x7f09b83d3ee0>, 'Connection to api.binance.com timed out. (connect timeout=15)'))
[2025-08-18T23:04:44.482+0000] {subprocess.py:93} INFO - 79/100 RUNEUSDT lỗi: relation "cryptocurrency.runeusdt" does not exist
[2025-08-18T23:04:44.483+0000] {subprocess.py:93} INFO - LINE 1: SELECT MAX(time) FROM cryptocurrency.runeusdt;
[2025-08-18T23:04:44.483+0000] {subprocess.py:93} INFO -                               ^
[2025-08-18T23:04:44.483+0000] {subprocess.py:93} INFO - 
[2025-08-18T23:04:44.484+0000] {subprocess.py:93} INFO - 80/100 ALPINEUSDT lỗi: connection to server at "videv.cloud" (27.74.74.29), port 5432 failed: Connection timed out
[2025-08-18T23:04:44.484+0000] {subprocess.py:93} INFO - 	Is the server running on that host and accepting TCP/IP connections?
[2025-08-18T23:04:44.485+0000] {subprocess.py:93} INFO - 
[2025-08-18T23:04:44.485+0000] {subprocess.py:93} INFO - 81/100 MKRUSDT lỗi: relation "cryptocurrency.mkrusdt" does not exist
[2025-08-18T23:04:44.485+0000] {subprocess.py:93} INFO - LINE 1: SELECT MAX(time) FROM cryptocurrency.mkrusdt;
[2025-08-18T23:04:44.486+0000] {subprocess.py:93} INFO -                               ^
[2025-08-18T23:04:44.486+0000] {subprocess.py:93} INFO - 
[2025-08-18T23:04:44.486+0000] {subprocess.py:93} INFO - ✅ ORDIUSDT: thêm 19 dòng mới
[2025-08-18T23:04:44.487+0000] {subprocess.py:93} INFO - 82/100 ORDIUSDT lưu OK
[2025-08-18T23:04:44.487+0000] {subprocess.py:93} INFO - ✅ BERAUSDT: thêm 10 dòng mới
[2025-08-18T23:04:44.488+0000] {subprocess.py:93} INFO - 83/100 BERAUSDT lưu OK
[2025-08-18T23:04:44.488+0000] {subprocess.py:93} INFO - ✅ ENSUSDT: thêm 9 dòng mới
[2025-08-18T23:04:44.488+0000] {subprocess.py:93} INFO - 84/100 ENSUSDT lưu OK
[2025-08-18T23:04:44.489+0000] {subprocess.py:93} INFO - 85/100 AIXBTUSDT lỗi: relation "cryptocurrency.aixbtusdt" does not exist
[2025-08-18T23:04:44.489+0000] {subprocess.py:93} INFO - LINE 1: SELECT MAX(time) FROM cryptocurrency.aixbtusdt;
[2025-08-18T23:04:44.490+0000] {subprocess.py:93} INFO -                               ^
[2025-08-18T23:04:44.490+0000] {subprocess.py:93} INFO - 
[2025-08-18T23:04:44.490+0000] {subprocess.py:93} INFO - 86/100 ATOMUSDT lỗi: relation "cryptocurrency.atomusdt" does not exist
[2025-08-18T23:04:44.491+0000] {subprocess.py:93} INFO - LINE 1: SELECT MAX(time) FROM cryptocurrency.atomusdt;
[2025-08-18T23:04:44.491+0000] {subprocess.py:93} INFO -                               ^
[2025-08-18T23:04:44.492+0000] {subprocess.py:93} INFO - 
[2025-08-18T23:04:44.492+0000] {subprocess.py:93} INFO - 87/100 MAGICUSDT lỗi: connection to server at "videv.cloud" (27.74.74.29), port 5432 failed: Connection timed out
[2025-08-18T23:04:44.492+0000] {subprocess.py:93} INFO - 	Is the server running on that host and accepting TCP/IP connections?
[2025-08-18T23:04:44.493+0000] {subprocess.py:93} INFO - 
[2025-08-18T23:04:44.493+0000] {subprocess.py:93} INFO - 88/100 RENDERUSDT lỗi: connection to server at "videv.cloud" (27.74.74.29), port 5432 failed: Connection timed out
[2025-08-18T23:04:44.494+0000] {subprocess.py:93} INFO - 	Is the server running on that host and accepting TCP/IP connections?
[2025-08-18T23:04:44.494+0000] {subprocess.py:93} INFO - 
[2025-08-18T23:04:44.494+0000] {subprocess.py:93} INFO - 89/100 JUVUSDT lỗi: connection to server at "videv.cloud" (27.74.74.29), port 5432 failed: Connection timed out
[2025-08-18T23:04:44.495+0000] {subprocess.py:93} INFO - 	Is the server running on that host and accepting TCP/IP connections?
[2025-08-18T23:04:44.495+0000] {subprocess.py:93} INFO - 
[2025-08-18T23:04:44.495+0000] {subprocess.py:93} INFO - ⚠️ RESOLVUSDT lỗi lần 1/3: HTTPSConnectionPool(host='api.binance.com', port=443): Max retries exceeded with url: /api/v3/klines?symbol=RESOLVUSDT&interval=1m&limit=100 (Caused by ConnectTimeoutError(<urllib3.connection.HTTPSConnection object at 0x7f09b83d3c70>, 'Connection to api.binance.com timed out. (connect timeout=15)'))
[2025-08-18T23:04:44.496+0000] {subprocess.py:93} INFO - ✅ SYRUPUSDT: thêm 9 dòng mới
[2025-08-18T23:04:44.496+0000] {subprocess.py:93} INFO - 90/100 SYRUPUSDT lưu OK
[2025-08-18T23:04:44.497+0000] {subprocess.py:93} INFO - ⚠️ LAYERUSDT lỗi lần 1/3: HTTPSConnectionPool(host='api.binance.com', port=443): Max retries exceeded with url: /api/v3/klines?symbol=LAYERUSDT&interval=1m&limit=100 (Caused by ConnectTimeoutError(<urllib3.connection.HTTPSConnection object at 0x7f09b972f310>, 'Connection to api.binance.com timed out. (connect timeout=15)'))
[2025-08-18T23:04:44.497+0000] {subprocess.py:93} INFO - 91/100 LAYERUSDT lỗi: relation "cryptocurrency.layerusdt" does not exist
[2025-08-18T23:04:44.497+0000] {subprocess.py:93} INFO - LINE 1: SELECT MAX(time) FROM cryptocurrency.layerusdt;
[2025-08-18T23:04:44.498+0000] {subprocess.py:93} INFO -                               ^
[2025-08-18T23:04:44.498+0000] {subprocess.py:93} INFO - 
[2025-08-18T23:04:44.498+0000] {subprocess.py:93} INFO - ✅ PORTOUSDT: thêm 9 dòng mới
[2025-08-18T23:04:44.499+0000] {subprocess.py:93} INFO - 92/100 PORTOUSDT lưu OK
[2025-08-18T23:04:44.499+0000] {subprocess.py:93} INFO - 93/100 RESOLVUSDT lỗi: relation "cryptocurrency.resolvusdt" does not exist
[2025-08-18T23:04:44.500+0000] {subprocess.py:93} INFO - LINE 1: SELECT MAX(time) FROM cryptocurrency.resolvusdt;
[2025-08-18T23:04:44.500+0000] {subprocess.py:93} INFO -                               ^
[2025-08-18T23:04:44.500+0000] {subprocess.py:93} INFO - 
[2025-08-18T23:04:44.501+0000] {subprocess.py:93} INFO - ⚠️ WCTUSDT lỗi lần 1/3: HTTPSConnectionPool(host='api.binance.com', port=443): Max retries exceeded with url: /api/v3/klines?symbol=WCTUSDT&interval=1m&limit=100 (Caused by ConnectTimeoutError(<urllib3.connection.HTTPSConnection object at 0x7f09b83d3eb0>, 'Connection to api.binance.com timed out. (connect timeout=15)'))
[2025-08-18T23:04:44.501+0000] {subprocess.py:93} INFO - ⚠️ OMUSDT lỗi lần 1/3: HTTPSConnectionPool(host='api.binance.com', port=443): Max retries exceeded with url: /api/v3/klines?symbol=OMUSDT&interval=1m&limit=100 (Caused by ConnectTimeoutError(<urllib3.connection.HTTPSConnection object at 0x7f09b83d2b00>, 'Connection to api.binance.com timed out. (connect timeout=15)'))
[2025-08-18T23:04:44.502+0000] {subprocess.py:93} INFO - ⚠️ WCTUSDT lỗi lần 2/3: HTTPSConnectionPool(host='api.binance.com', port=443): Max retries exceeded with url: /api/v3/klines?symbol=WCTUSDT&interval=1m&limit=100 (Caused by ConnectTimeoutError(<urllib3.connection.HTTPSConnection object at 0x7f09b83d3f70>, 'Connection to api.binance.com timed out. (connect timeout=15)'))
[2025-08-18T23:04:44.502+0000] {subprocess.py:93} INFO - ⚠️ OMUSDT lỗi lần 2/3: HTTPSConnectionPool(host='api.binance.com', port=443): Max retries exceeded with url: /api/v3/klines?symbol=OMUSDT&interval=1m&limit=100 (Caused by ConnectTimeoutError(<urllib3.connection.HTTPSConnection object at 0x7f09b972d120>, 'Connection to api.binance.com timed out. (connect timeout=15)'))
[2025-08-18T23:04:44.502+0000] {subprocess.py:93} INFO - 94/100 WCTUSDT lỗi: relation "cryptocurrency.wctusdt" does not exist
[2025-08-18T23:04:44.503+0000] {subprocess.py:93} INFO - LINE 1: SELECT MAX(time) FROM cryptocurrency.wctusdt;
[2025-08-18T23:04:44.503+0000] {subprocess.py:93} INFO -                               ^
[2025-08-18T23:04:44.504+0000] {subprocess.py:93} INFO - 
[2025-08-18T23:04:44.504+0000] {subprocess.py:93} INFO - ⚠️ OMUSDT lỗi lần 3/3: HTTPSConnectionPool(host='api.binance.com', port=443): Max retries exceeded with url: /api/v3/klines?symbol=OMUSDT&interval=1m&limit=100 (Caused by ConnectTimeoutError(<urllib3.connection.HTTPSConnection object at 0x7f09b8359360>, 'Connection to api.binance.com timed out. (connect timeout=15)'))
[2025-08-18T23:04:44.504+0000] {subprocess.py:93} INFO - 95/100 OMUSDT bỏ qua (fail)
[2025-08-18T23:04:44.505+0000] {subprocess.py:93} INFO - ✅ MAVUSDT: thêm 10 dòng mới
[2025-08-18T23:04:44.505+0000] {subprocess.py:93} INFO - 96/100 MAVUSDT lưu OK
[2025-08-18T23:04:44.505+0000] {subprocess.py:93} INFO - 97/100 TSTUSDT lỗi: connection to server at "videv.cloud" (27.74.74.29), port 5432 failed: Connection timed out
[2025-08-18T23:04:44.506+0000] {subprocess.py:93} INFO - 	Is the server running on that host and accepting TCP/IP connections?
[2025-08-18T23:04:44.506+0000] {subprocess.py:93} INFO - 
[2025-08-18T23:04:44.507+0000] {subprocess.py:93} INFO - 98/100 CFXUSDT lỗi: connection to server at "videv.cloud" (27.74.74.29), port 5432 failed: Connection timed out
[2025-08-18T23:04:44.507+0000] {subprocess.py:93} INFO - 	Is the server running on that host and accepting TCP/IP connections?
[2025-08-18T23:04:44.507+0000] {subprocess.py:93} INFO - 
[2025-08-18T23:04:44.508+0000] {subprocess.py:93} INFO - 99/100 WBTCUSDT lỗi: connection to server at "videv.cloud" (27.74.74.29), port 5432 failed: Connection timed out
[2025-08-18T23:04:44.508+0000] {subprocess.py:93} INFO - 	Is the server running on that host and accepting TCP/IP connections?
[2025-08-18T23:04:44.509+0000] {subprocess.py:93} INFO - 
[2025-08-18T23:04:44.509+0000] {subprocess.py:93} INFO - 100/100 ARKMUSDT lỗi: connection to server at "videv.cloud" (27.74.74.29), port 5432 failed: Connection timed out
[2025-08-18T23:04:44.509+0000] {subprocess.py:93} INFO - 	Is the server running on that host and accepting TCP/IP connections?
[2025-08-18T23:04:44.510+0000] {subprocess.py:93} INFO - 
[2025-08-18T23:04:44.597+0000] {subprocess.py:97} INFO - Command exited with return code 0
[2025-08-18T23:04:44.598+0000] {taskinstance.py:441} INFO - ::group::Post task execution logs
[2025-08-18T23:04:44.626+0000] {taskinstance.py:1206} INFO - Marking task as SUCCESS. dag_id=crypto_collector_dag, task_id=run_crypto_collector, run_id=scheduled__2025-08-18T22:53:00+00:00, execution_date=20250818T225300, start_date=20250818T225600, end_date=20250818T230444
[2025-08-18T23:04:44.670+0000] {local_task_job_runner.py:240} INFO - Task exited with return code 0
[2025-08-18T23:04:44.700+0000] {taskinstance.py:3498} INFO - 0 downstream tasks scheduled from follow-on schedule check
[2025-08-18T23:04:44.702+0000] {local_task_job_runner.py:222} INFO - ::endgroup::
