[2025-08-19T01:42:32.491+0000] {local_task_job_runner.py:120} INFO - ::group::Pre task execution logs
[2025-08-19T01:42:32.514+0000] {taskinstance.py:2076} INFO - Dependencies all met for dep_context=non-requeueable deps ti=<TaskInstance: crypto_collector_dag.run_crypto_collector scheduled__2025-08-19T01:41:00+00:00 [queued]>
[2025-08-19T01:42:32.523+0000] {taskinstance.py:2076} INFO - Dependencies all met for dep_context=requeueable deps ti=<TaskInstance: crypto_collector_dag.run_crypto_collector scheduled__2025-08-19T01:41:00+00:00 [queued]>
[2025-08-19T01:42:32.523+0000] {taskinstance.py:2306} INFO - Starting attempt 1 of 2
[2025-08-19T01:42:32.533+0000] {taskinstance.py:2330} INFO - Executing <Task(BashOperator): run_crypto_collector> on 2025-08-19 01:41:00+00:00
[2025-08-19T01:42:32.539+0000] {standard_task_runner.py:63} INFO - Started process 223511 to run task
[2025-08-19T01:42:32.544+0000] {standard_task_runner.py:90} INFO - Running: ['***', 'tasks', 'run', 'crypto_collector_dag', 'run_crypto_collector', 'scheduled__2025-08-19T01:41:00+00:00', '--job-id', '10038', '--raw', '--subdir', 'DAGS_FOLDER/crawl_crypto/dags_crypto.py', '--cfg-path', '/tmp/tmpghrt3xux']
[2025-08-19T01:42:32.546+0000] {standard_task_runner.py:91} INFO - Job 10038: Subtask run_crypto_collector
[2025-08-19T01:42:32.599+0000] {task_command.py:426} INFO - Running <TaskInstance: crypto_collector_dag.run_crypto_collector scheduled__2025-08-19T01:41:00+00:00 [running]> on host 1877907bc043
[2025-08-19T01:42:32.703+0000] {taskinstance.py:2648} INFO - Exporting env vars: AIRFLOW_CTX_DAG_OWNER='***' AIRFLOW_CTX_DAG_ID='crypto_collector_dag' AIRFLOW_CTX_TASK_ID='run_crypto_collector' AIRFLOW_CTX_EXECUTION_DATE='2025-08-19T01:41:00+00:00' AIRFLOW_CTX_TRY_NUMBER='1' AIRFLOW_CTX_DAG_RUN_ID='scheduled__2025-08-19T01:41:00+00:00'
[2025-08-19T01:42:32.704+0000] {taskinstance.py:430} INFO - ::endgroup::
[2025-08-19T01:42:32.719+0000] {subprocess.py:63} INFO - Tmp dir root location: /tmp
[2025-08-19T01:42:32.719+0000] {subprocess.py:75} INFO - Running command: ['/usr/bin/bash', '-c', 'python3 /opt/***/dags/crawl_crypto/crawl_data_crypto.py']
[2025-08-19T01:42:32.731+0000] {subprocess.py:86} INFO - Output:
[2025-08-19T01:43:58.724+0000] {subprocess.py:93} INFO - 🔹 Kết nối DB...
[2025-08-19T01:43:58.725+0000] {subprocess.py:93} INFO - 🔹 Lấy top 100 crypto...
[2025-08-19T01:43:58.725+0000] {subprocess.py:93} INFO - Top 100: ['ETHUSDT', 'USDCUSDT', 'BTCUSDT', 'SOLUSDT', 'FDUSDUSDT', 'XRPUSDT', 'DOGEUSDT', 'LINKUSDT', 'ADAUSDT', 'PROVEUSDT', 'SUIUSDT', 'BNBUSDT', 'TRXUSDT', 'TOWNSUSDT', 'ENAUSDT', 'ARBUSDT', 'PEPEUSDT', 'UNIUSDT', 'AVAXUSDT', 'BIOUSDT', 'PENGUUSDT', 'LTCUSDT', 'SEIUSDT', 'POLUSDT', 'HBARUSDT', 'PLUMEUSDT', 'CRVUSDT', 'AEURUSDT', 'BFUSDUSDT', 'AAVEUSDT', 'TRUMPUSDT', 'WLDUSDT', 'BONKUSDT', 'DOTUSDT', 'NEARUSDT', 'INJUSDT', 'XLMUSDT', 'SUSDT', 'WIFUSDT', 'API3USDT', 'LDOUSDT', 'VIRTUALUSDT', 'MEMEUSDT', 'TAOUSDT', 'APTUSDT', 'SKLUSDT', 'TONUSDT', 'ONDOUSDT', 'FLOKIUSDT', 'OPUSDT', 'PENDLEUSDT', 'ETHFIUSDT', 'FETUSDT', 'EURUSDT', 'PONDUSDT', 'BCHUSDT', 'EPICUSDT', 'TIAUSDT', 'RAYUSDT', 'SHIBUSDT', 'NEIROUSDT', 'ETCUSDT', 'PNUTUSDT', 'MAGICUSDT', 'ALGOUSDT', 'ALPINEUSDT', 'XUSDUSDT', 'EIGENUSDT', 'FILUSDT', 'RENDERUSDT', 'GALAUSDT', 'JUVUSDT', 'CTSIUSDT', 'CAKEUSDT', 'ASRUSDT', 'OGUSDT', 'CYBERUSDT', 'TSTUSDT', 'RUNEUSDT', 'VETUSDT', 'SPKUSDT', 'MDTUSDT', 'PAXGUSDT', 'WBTCUSDT', 'CFXUSDT', 'ICPUSDT', 'UTKUSDT', 'BERAUSDT', 'MKRUSDT', 'MAVUSDT', 'ORDIUSDT', 'ATOMUSDT', 'SYRUPUSDT', 'ENSUSDT', 'RESOLVUSDT', 'LAYERUSDT', 'AIXBTUSDT', 'ARKMUSDT', 'WCTUSDT', 'PORTOUSDT']
[2025-08-19T01:43:58.726+0000] {subprocess.py:93} INFO - 🔹 Lưu lịch sử giá vào DB bằng threading...
[2025-08-19T01:43:58.726+0000] {subprocess.py:93} INFO - ✅ USDCUSDT: thêm 4 dòng mới
[2025-08-19T01:43:58.726+0000] {subprocess.py:93} INFO - 1/100 USDCUSDT lưu OK
[2025-08-19T01:43:58.727+0000] {subprocess.py:93} INFO - ✅ FDUSDUSDT: thêm 4 dòng mới
[2025-08-19T01:43:58.727+0000] {subprocess.py:93} INFO - 2/100 FDUSDUSDT lưu OK
[2025-08-19T01:43:58.727+0000] {subprocess.py:93} INFO - ✅ ETHUSDT: thêm 4 dòng mới
[2025-08-19T01:43:58.728+0000] {subprocess.py:93} INFO - 3/100 ETHUSDT lưu OK
[2025-08-19T01:43:58.728+0000] {subprocess.py:93} INFO - ✅ SOLUSDT: thêm 4 dòng mới
[2025-08-19T01:43:58.728+0000] {subprocess.py:93} INFO - ✅ PROVEUSDT: thêm 4 dòng mới
[2025-08-19T01:43:58.728+0000] {subprocess.py:93} INFO - 4/100 SOLUSDT lưu OK
[2025-08-19T01:43:58.729+0000] {subprocess.py:93} INFO - 5/100 PROVEUSDT lưu OK
[2025-08-19T01:43:58.729+0000] {subprocess.py:93} INFO - ✅ BTCUSDT: thêm 4 dòng mới
[2025-08-19T01:43:58.729+0000] {subprocess.py:93} INFO - 6/100 BTCUSDT lưu OK
[2025-08-19T01:43:58.730+0000] {subprocess.py:93} INFO - ✅ DOGEUSDT: thêm 4 dòng mới
[2025-08-19T01:43:58.730+0000] {subprocess.py:93} INFO - 7/100 DOGEUSDT lưu OK
[2025-08-19T01:43:58.730+0000] {subprocess.py:93} INFO - ✅ LINKUSDT: thêm 4 dòng mới
[2025-08-19T01:43:58.730+0000] {subprocess.py:93} INFO - 8/100 LINKUSDT lưu OK
[2025-08-19T01:43:58.731+0000] {subprocess.py:93} INFO - ✅ ADAUSDT: thêm 4 dòng mới
[2025-08-19T01:43:58.731+0000] {subprocess.py:93} INFO - 9/100 ADAUSDT lưu OK
[2025-08-19T01:43:58.731+0000] {subprocess.py:93} INFO - ✅ XRPUSDT: thêm 4 dòng mới
[2025-08-19T01:43:58.732+0000] {subprocess.py:93} INFO - 10/100 XRPUSDT lưu OK
[2025-08-19T01:43:58.732+0000] {subprocess.py:93} INFO - ✅ TRXUSDT: thêm 4 dòng mới
[2025-08-19T01:43:58.732+0000] {subprocess.py:93} INFO - 11/100 TRXUSDT lưu OK
[2025-08-19T01:43:58.732+0000] {subprocess.py:93} INFO - ✅ BNBUSDT: thêm 4 dòng mới
[2025-08-19T01:43:58.733+0000] {subprocess.py:93} INFO - 12/100 BNBUSDT lưu OK
[2025-08-19T01:43:58.733+0000] {subprocess.py:93} INFO - ✅ SUIUSDT: thêm 4 dòng mới
[2025-08-19T01:43:58.733+0000] {subprocess.py:93} INFO - 13/100 SUIUSDT lưu OK
[2025-08-19T01:43:58.734+0000] {subprocess.py:93} INFO - ✅ UNIUSDT: thêm 4 dòng mới
[2025-08-19T01:43:58.734+0000] {subprocess.py:93} INFO - 14/100 UNIUSDT lưu OK
[2025-08-19T01:43:58.734+0000] {subprocess.py:93} INFO - ✅ ARBUSDT: thêm 4 dòng mới
[2025-08-19T01:43:58.734+0000] {subprocess.py:93} INFO - 15/100 ARBUSDT lưu OK
[2025-08-19T01:43:58.735+0000] {subprocess.py:93} INFO - ✅ TOWNSUSDT: thêm 4 dòng mới
[2025-08-19T01:43:58.735+0000] {subprocess.py:93} INFO - 16/100 TOWNSUSDT lưu OK
[2025-08-19T01:43:58.735+0000] {subprocess.py:93} INFO - ✅ ENAUSDT: thêm 4 dòng mới
[2025-08-19T01:43:58.736+0000] {subprocess.py:93} INFO - 17/100 ENAUSDT lưu OK
[2025-08-19T01:43:58.736+0000] {subprocess.py:93} INFO - ✅ PEPEUSDT: thêm 4 dòng mới
[2025-08-19T01:43:58.736+0000] {subprocess.py:93} INFO - 18/100 PEPEUSDT lưu OK
[2025-08-19T01:43:58.736+0000] {subprocess.py:93} INFO - 19/100 BIOUSDT lỗi: relation "cryptocurrency.biousdt" does not exist
[2025-08-19T01:43:58.737+0000] {subprocess.py:93} INFO - LINE 1: SELECT MAX(time) FROM cryptocurrency.biousdt;
[2025-08-19T01:43:58.737+0000] {subprocess.py:93} INFO -                               ^
[2025-08-19T01:43:58.737+0000] {subprocess.py:93} INFO - 
[2025-08-19T01:43:58.737+0000] {subprocess.py:93} INFO - ⚠️ PLUMEUSDT lỗi lần 1/3: HTTPSConnectionPool(host='api.binance.com', port=443): Max retries exceeded with url: /api/v3/klines?symbol=PLUMEUSDT&interval=1m&limit=100 (Caused by ConnectTimeoutError(<urllib3.connection.HTTPSConnection object at 0x7f4546744df0>, 'Connection to api.binance.com timed out. (connect timeout=15)'))
[2025-08-19T01:43:58.738+0000] {subprocess.py:93} INFO - ⚠️ CRVUSDT lỗi lần 1/3: HTTPSConnectionPool(host='api.binance.com', port=443): Max retries exceeded with url: /api/v3/klines?symbol=CRVUSDT&interval=1m&limit=100 (Caused by ConnectTimeoutError(<urllib3.connection.HTTPSConnection object at 0x7f45467468c0>, 'Connection to api.binance.com timed out. (connect timeout=15)'))
[2025-08-19T01:43:58.738+0000] {subprocess.py:93} INFO - ⚠️ AEURUSDT lỗi lần 1/3: HTTPSConnectionPool(host='api.binance.com', port=443): Max retries exceeded with url: /api/v3/klines?symbol=AEURUSDT&interval=1m&limit=100 (Caused by ConnectTimeoutError(<urllib3.connection.HTTPSConnection object at 0x7f4546744370>, 'Connection to api.binance.com timed out. (connect timeout=15)'))
[2025-08-19T01:43:58.738+0000] {subprocess.py:93} INFO - ⚠️ BFUSDUSDT lỗi lần 1/3: HTTPSConnectionPool(host='api.binance.com', port=443): Max retries exceeded with url: /api/v3/klines?symbol=BFUSDUSDT&interval=1m&limit=100 (Caused by ConnectTimeoutError(<urllib3.connection.HTTPSConnection object at 0x7f4546746260>, 'Connection to api.binance.com timed out. (connect timeout=15)'))
[2025-08-19T01:43:58.739+0000] {subprocess.py:93} INFO - ⚠️ PLUMEUSDT lỗi lần 2/3: HTTPSConnectionPool(host='api.binance.com', port=443): Max retries exceeded with url: /api/v3/klines?symbol=PLUMEUSDT&interval=1m&limit=100 (Caused by ConnectTimeoutError(<urllib3.connection.HTTPSConnection object at 0x7f45467458d0>, 'Connection to api.binance.com timed out. (connect timeout=15)'))
[2025-08-19T01:43:58.739+0000] {subprocess.py:93} INFO - ⚠️ CRVUSDT lỗi lần 2/3: HTTPSConnectionPool(host='api.binance.com', port=443): Max retries exceeded with url: /api/v3/klines?symbol=CRVUSDT&interval=1m&limit=100 (Caused by ConnectTimeoutError(<urllib3.connection.HTTPSConnection object at 0x7f454677b5e0>, 'Connection to api.binance.com timed out. (connect timeout=15)'))
[2025-08-19T01:43:58.739+0000] {subprocess.py:93} INFO - ⚠️ AEURUSDT lỗi lần 2/3: HTTPSConnectionPool(host='api.binance.com', port=443): Max retries exceeded with url: /api/v3/klines?symbol=AEURUSDT&interval=1m&limit=100 (Caused by ConnectTimeoutError(<urllib3.connection.HTTPSConnection object at 0x7f454677a980>, 'Connection to api.binance.com timed out. (connect timeout=15)'))
[2025-08-19T01:43:58.740+0000] {subprocess.py:93} INFO - ⚠️ BFUSDUSDT lỗi lần 2/3: HTTPSConnectionPool(host='api.binance.com', port=443): Max retries exceeded with url: /api/v3/klines?symbol=BFUSDUSDT&interval=1m&limit=100 (Caused by ConnectTimeoutError(<urllib3.connection.HTTPSConnection object at 0x7f454677a770>, 'Connection to api.binance.com timed out. (connect timeout=15)'))
[2025-08-19T01:43:58.740+0000] {subprocess.py:93} INFO - ⚠️ CRVUSDT lỗi lần 3/3: HTTPSConnectionPool(host='api.binance.com', port=443): Max retries exceeded with url: /api/v3/klines?symbol=CRVUSDT&interval=1m&limit=100 (Caused by ConnectTimeoutError(<urllib3.connection.HTTPSConnection object at 0x7f4546746530>, 'Connection to api.binance.com timed out. (connect timeout=15)'))
[2025-08-19T01:43:58.740+0000] {subprocess.py:93} INFO - ⚠️ PLUMEUSDT lỗi lần 3/3: HTTPSConnectionPool(host='api.binance.com', port=443): Max retries exceeded with url: /api/v3/klines?symbol=PLUMEUSDT&interval=1m&limit=100 (Caused by ConnectTimeoutError(<urllib3.connection.HTTPSConnection object at 0x7f45467460e0>, 'Connection to api.binance.com timed out. (connect timeout=15)'))
[2025-08-19T01:43:58.740+0000] {subprocess.py:93} INFO - ⚠️ AEURUSDT lỗi lần 3/3: HTTPSConnectionPool(host='api.binance.com', port=443): Max retries exceeded with url: /api/v3/klines?symbol=AEURUSDT&interval=1m&limit=100 (Caused by ConnectTimeoutError(<urllib3.connection.HTTPSConnection object at 0x7f45467462f0>, 'Connection to api.binance.com timed out. (connect timeout=15)'))
[2025-08-19T01:43:58.741+0000] {subprocess.py:93} INFO - 20/100 CRVUSDT bỏ qua (fail)
[2025-08-19T01:43:58.741+0000] {subprocess.py:93} INFO - 21/100 PLUMEUSDT bỏ qua (fail)
[2025-08-19T01:43:58.741+0000] {subprocess.py:93} INFO - 22/100 AEURUSDT bỏ qua (fail)
[2025-08-19T01:43:58.741+0000] {subprocess.py:93} INFO - ⚠️ BFUSDUSDT lỗi lần 3/3: HTTPSConnectionPool(host='api.binance.com', port=443): Max retries exceeded with url: /api/v3/klines?symbol=BFUSDUSDT&interval=1m&limit=100 (Caused by ConnectTimeoutError(<urllib3.connection.HTTPSConnection object at 0x7f4546745360>, 'Connection to api.binance.com timed out. (connect timeout=15)'))
[2025-08-19T01:43:58.742+0000] {subprocess.py:93} INFO - 23/100 BFUSDUSDT bỏ qua (fail)
[2025-08-19T01:43:58.742+0000] {subprocess.py:93} INFO - ✅ TRUMPUSDT: thêm 14 dòng mới
[2025-08-19T01:43:58.742+0000] {subprocess.py:93} INFO - 24/100 TRUMPUSDT lưu OK
[2025-08-19T01:43:58.743+0000] {subprocess.py:93} INFO - ✅ DOTUSDT: thêm 13 dòng mới
[2025-08-19T01:43:58.743+0000] {subprocess.py:93} INFO - 25/100 DOTUSDT lưu OK
[2025-08-19T01:43:58.743+0000] {subprocess.py:93} INFO - ⚠️ AAVEUSDT lỗi lần 1/3: HTTPSConnectionPool(host='api.binance.com', port=443): Max retries exceeded with url: /api/v3/klines?symbol=AAVEUSDT&interval=1m&limit=100 (Caused by ConnectTimeoutError(<urllib3.connection.HTTPSConnection object at 0x7f4546745750>, 'Connection to api.binance.com timed out. (connect timeout=15)'))
[2025-08-19T01:43:58.743+0000] {subprocess.py:93} INFO - ⚠️ WLDUSDT lỗi lần 1/3: HTTPSConnectionPool(host='api.binance.com', port=443): Max retries exceeded with url: /api/v3/klines?symbol=WLDUSDT&interval=1m&limit=100 (Caused by ConnectTimeoutError(<urllib3.connection.HTTPSConnection object at 0x7f45467458d0>, 'Connection to api.binance.com timed out. (connect timeout=15)'))
[2025-08-19T01:43:58.744+0000] {subprocess.py:93} INFO - ⚠️ BONKUSDT lỗi lần 1/3: HTTPSConnectionPool(host='api.binance.com', port=443): Max retries exceeded with url: /api/v3/klines?symbol=BONKUSDT&interval=1m&limit=100 (Caused by ConnectTimeoutError(<urllib3.connection.HTTPSConnection object at 0x7f4546779960>, 'Connection to api.binance.com timed out. (connect timeout=15)'))
[2025-08-19T01:43:58.744+0000] {subprocess.py:93} INFO - ⚠️ NEARUSDT lỗi lần 1/3: HTTPSConnectionPool(host='api.binance.com', port=443): Max retries exceeded with url: /api/v3/klines?symbol=NEARUSDT&interval=1m&limit=100 (Caused by ConnectTimeoutError(<urllib3.connection.HTTPSConnection object at 0x7f4546779ae0>, 'Connection to api.binance.com timed out. (connect timeout=15)'))
[2025-08-19T01:45:17.536+0000] {subprocess.py:93} INFO - ⚠️ AAVEUSDT lỗi lần 2/3: HTTPSConnectionPool(host='api.binance.com', port=443): Max retries exceeded with url: /api/v3/klines?symbol=AAVEUSDT&interval=1m&limit=100 (Caused by ConnectTimeoutError(<urllib3.connection.HTTPSConnection object at 0x7f4546773f70>, 'Connection to api.binance.com timed out. (connect timeout=15)'))
[2025-08-19T01:45:17.536+0000] {subprocess.py:93} INFO - ⚠️ WLDUSDT lỗi lần 2/3: HTTPSConnectionPool(host='api.binance.com', port=443): Max retries exceeded with url: /api/v3/klines?symbol=WLDUSDT&interval=1m&limit=100 (Caused by ConnectTimeoutError(<urllib3.connection.HTTPSConnection object at 0x7f4546773340>, 'Connection to api.binance.com timed out. (connect timeout=15)'))
[2025-08-19T01:45:17.537+0000] {subprocess.py:93} INFO - ✅ AAVEUSDT: thêm 10 dòng mới
[2025-08-19T01:45:17.537+0000] {subprocess.py:93} INFO - 26/100 AAVEUSDT lưu OK
[2025-08-19T01:45:17.537+0000] {subprocess.py:93} INFO - ⚠️ BONKUSDT lỗi lần 2/3: HTTPSConnectionPool(host='api.binance.com', port=443): Max retries exceeded with url: /api/v3/klines?symbol=BONKUSDT&interval=1m&limit=100 (Caused by ConnectTimeoutError(<urllib3.connection.HTTPSConnection object at 0x7f4545354190>, 'Connection to api.binance.com timed out. (connect timeout=15)'))
[2025-08-19T01:45:17.537+0000] {subprocess.py:93} INFO - ⚠️ NEARUSDT lỗi lần 2/3: HTTPSConnectionPool(host='api.binance.com', port=443): Max retries exceeded with url: /api/v3/klines?symbol=NEARUSDT&interval=1m&limit=100 (Caused by ConnectTimeoutError(<urllib3.connection.HTTPSConnection object at 0x7f4546747640>, 'Connection to api.binance.com timed out. (connect timeout=15)'))
[2025-08-19T01:45:17.538+0000] {subprocess.py:93} INFO - ✅ BONKUSDT: thêm 10 dòng mới
[2025-08-19T01:45:17.538+0000] {subprocess.py:93} INFO - 27/100 BONKUSDT lưu OK
[2025-08-19T01:45:17.538+0000] {subprocess.py:93} INFO - ⚠️ INJUSDT lỗi lần 1/3: HTTPSConnectionPool(host='api.binance.com', port=443): Max retries exceeded with url: /api/v3/klines?symbol=INJUSDT&interval=1m&limit=100 (Caused by ConnectTimeoutError(<urllib3.connection.HTTPSConnection object at 0x7f45467739d0>, 'Connection to api.binance.com timed out. (connect timeout=15)'))
[2025-08-19T01:45:17.539+0000] {subprocess.py:93} INFO - ✅ XLMUSDT: thêm 10 dòng mới
[2025-08-19T01:45:17.539+0000] {subprocess.py:93} INFO - 28/100 XLMUSDT lưu OK
[2025-08-19T01:45:17.539+0000] {subprocess.py:93} INFO - ✅ SUSDT: thêm 10 dòng mới
[2025-08-19T01:45:17.539+0000] {subprocess.py:93} INFO - 29/100 SUSDT lưu OK
[2025-08-19T01:45:17.540+0000] {subprocess.py:93} INFO - ✅ INJUSDT: thêm 14 dòng mới
[2025-08-19T01:45:17.540+0000] {subprocess.py:93} INFO - 30/100 INJUSDT lưu OK
[2025-08-19T01:45:17.540+0000] {subprocess.py:93} INFO - ✅ WIFUSDT: thêm 5 dòng mới
[2025-08-19T01:45:17.540+0000] {subprocess.py:93} INFO - 31/100 WIFUSDT lưu OK
[2025-08-19T01:45:17.541+0000] {subprocess.py:93} INFO - ✅ API3USDT: thêm 9 dòng mới
[2025-08-19T01:45:17.541+0000] {subprocess.py:93} INFO - 32/100 API3USDT lưu OK
[2025-08-19T01:45:17.541+0000] {subprocess.py:93} INFO - ✅ LDOUSDT: thêm 4 dòng mới
[2025-08-19T01:45:17.541+0000] {subprocess.py:93} INFO - 33/100 LDOUSDT lưu OK
[2025-08-19T01:45:17.542+0000] {subprocess.py:93} INFO - 34/100 MEMEUSDT lỗi: relation "cryptocurrency.memeusdt" does not exist
[2025-08-19T01:45:17.542+0000] {subprocess.py:93} INFO - LINE 1: SELECT MAX(time) FROM cryptocurrency.memeusdt;
[2025-08-19T01:45:17.542+0000] {subprocess.py:93} INFO -                               ^
[2025-08-19T01:45:17.543+0000] {subprocess.py:93} INFO - 
[2025-08-19T01:45:17.543+0000] {subprocess.py:93} INFO - ✅ NEARUSDT: thêm 10 dòng mới
[2025-08-19T01:45:17.543+0000] {subprocess.py:93} INFO - 35/100 NEARUSDT lưu OK
[2025-08-19T01:45:17.543+0000] {subprocess.py:93} INFO - ✅ VIRTUALUSDT: thêm 4 dòng mới
[2025-08-19T01:45:17.544+0000] {subprocess.py:93} INFO - 36/100 VIRTUALUSDT lưu OK
[2025-08-19T01:45:17.544+0000] {subprocess.py:93} INFO - ✅ APTUSDT: thêm 4 dòng mới
[2025-08-19T01:45:17.544+0000] {subprocess.py:93} INFO - 37/100 APTUSDT lưu OK
[2025-08-19T01:45:17.544+0000] {subprocess.py:93} INFO - ✅ SKLUSDT: thêm 4 dòng mới
[2025-08-19T01:45:17.545+0000] {subprocess.py:93} INFO - 38/100 SKLUSDT lưu OK
[2025-08-19T01:45:17.545+0000] {subprocess.py:93} INFO - ✅ TONUSDT: thêm 4 dòng mới
[2025-08-19T01:45:17.545+0000] {subprocess.py:93} INFO - 39/100 TONUSDT lưu OK
[2025-08-19T01:45:17.545+0000] {subprocess.py:93} INFO - ✅ ONDOUSDT: thêm 4 dòng mới
[2025-08-19T01:45:17.546+0000] {subprocess.py:93} INFO - 40/100 ONDOUSDT lưu OK
[2025-08-19T01:45:17.546+0000] {subprocess.py:93} INFO - ✅ FLOKIUSDT: thêm 4 dòng mới
[2025-08-19T01:45:17.546+0000] {subprocess.py:93} INFO - 41/100 FLOKIUSDT lưu OK
[2025-08-19T01:45:17.546+0000] {subprocess.py:93} INFO - ✅ OPUSDT: thêm 4 dòng mới
[2025-08-19T01:45:17.547+0000] {subprocess.py:93} INFO - 42/100 OPUSDT lưu OK
[2025-08-19T01:45:17.547+0000] {subprocess.py:93} INFO - ✅ PENDLEUSDT: thêm 4 dòng mới
[2025-08-19T01:45:17.547+0000] {subprocess.py:93} INFO - 43/100 PENDLEUSDT lưu OK
[2025-08-19T01:45:17.547+0000] {subprocess.py:93} INFO - ✅ FETUSDT: thêm 4 dòng mới
[2025-08-19T01:45:17.548+0000] {subprocess.py:93} INFO - 44/100 FETUSDT lưu OK
[2025-08-19T01:45:17.548+0000] {subprocess.py:93} INFO - ✅ ETHFIUSDT: thêm 4 dòng mới
[2025-08-19T01:45:17.548+0000] {subprocess.py:93} INFO - 45/100 ETHFIUSDT lưu OK
[2025-08-19T01:45:17.548+0000] {subprocess.py:93} INFO - ✅ EURUSDT: thêm 4 dòng mới
[2025-08-19T01:45:17.549+0000] {subprocess.py:93} INFO - 46/100 EURUSDT lưu OK
[2025-08-19T01:45:17.549+0000] {subprocess.py:93} INFO - 47/100 PONDUSDT lỗi: relation "cryptocurrency.pondusdt" does not exist
[2025-08-19T01:45:17.549+0000] {subprocess.py:93} INFO - LINE 1: SELECT MAX(time) FROM cryptocurrency.pondusdt;
[2025-08-19T01:45:17.549+0000] {subprocess.py:93} INFO -                               ^
[2025-08-19T01:45:17.550+0000] {subprocess.py:93} INFO - 
[2025-08-19T01:45:17.550+0000] {subprocess.py:93} INFO - ✅ EPICUSDT: thêm 4 dòng mới
[2025-08-19T01:45:17.550+0000] {subprocess.py:93} INFO - 48/100 EPICUSDT lưu OK
[2025-08-19T01:45:17.550+0000] {subprocess.py:93} INFO - ✅ BCHUSDT: thêm 4 dòng mới
[2025-08-19T01:45:17.551+0000] {subprocess.py:93} INFO - 49/100 BCHUSDT lưu OK
[2025-08-19T01:45:17.551+0000] {subprocess.py:93} INFO - ✅ TIAUSDT: thêm 4 dòng mới
[2025-08-19T01:45:17.551+0000] {subprocess.py:93} INFO - 50/100 TIAUSDT lưu OK
[2025-08-19T01:45:17.551+0000] {subprocess.py:93} INFO - ✅ TAOUSDT: thêm 4 dòng mới
[2025-08-19T01:45:17.552+0000] {subprocess.py:93} INFO - 51/100 TAOUSDT lưu OK
[2025-08-19T01:45:17.552+0000] {subprocess.py:93} INFO - ✅ RAYUSDT: thêm 4 dòng mới
[2025-08-19T01:45:17.552+0000] {subprocess.py:93} INFO - 52/100 RAYUSDT lưu OK
[2025-08-19T01:45:17.552+0000] {subprocess.py:93} INFO - ✅ SHIBUSDT: thêm 4 dòng mới
[2025-08-19T01:45:17.553+0000] {subprocess.py:93} INFO - 53/100 SHIBUSDT lưu OK
[2025-08-19T01:45:17.553+0000] {subprocess.py:93} INFO - ✅ NEIROUSDT: thêm 4 dòng mới
[2025-08-19T01:45:17.553+0000] {subprocess.py:93} INFO - 54/100 NEIROUSDT lưu OK
[2025-08-19T01:45:17.553+0000] {subprocess.py:93} INFO - ✅ ETCUSDT: thêm 4 dòng mới
[2025-08-19T01:45:17.554+0000] {subprocess.py:93} INFO - 55/100 ETCUSDT lưu OK
[2025-08-19T01:45:17.554+0000] {subprocess.py:93} INFO - ✅ MAGICUSDT: thêm 4 dòng mới
[2025-08-19T01:45:17.554+0000] {subprocess.py:93} INFO - 56/100 MAGICUSDT lưu OK
[2025-08-19T01:45:17.555+0000] {subprocess.py:93} INFO - ✅ PNUTUSDT: thêm 4 dòng mới
[2025-08-19T01:45:17.555+0000] {subprocess.py:93} INFO - 57/100 PNUTUSDT lưu OK
[2025-08-19T01:45:17.555+0000] {subprocess.py:93} INFO - ✅ ALGOUSDT: thêm 4 dòng mới
[2025-08-19T01:45:17.555+0000] {subprocess.py:93} INFO - 58/100 ALGOUSDT lưu OK
[2025-08-19T01:45:17.556+0000] {subprocess.py:93} INFO - ✅ ALPINEUSDT: thêm 4 dòng mới
[2025-08-19T01:45:17.556+0000] {subprocess.py:93} INFO - 59/100 ALPINEUSDT lưu OK
[2025-08-19T01:45:17.556+0000] {subprocess.py:93} INFO - ✅ XUSDUSDT: thêm 4 dòng mới
[2025-08-19T01:45:17.556+0000] {subprocess.py:93} INFO - 60/100 XUSDUSDT lưu OK
[2025-08-19T01:45:17.557+0000] {subprocess.py:93} INFO - ✅ EIGENUSDT: thêm 4 dòng mới
[2025-08-19T01:45:17.557+0000] {subprocess.py:93} INFO - 61/100 EIGENUSDT lưu OK
[2025-08-19T01:45:17.557+0000] {subprocess.py:93} INFO - ✅ FILUSDT: thêm 4 dòng mới
[2025-08-19T01:45:17.557+0000] {subprocess.py:93} INFO - 62/100 FILUSDT lưu OK
[2025-08-19T01:45:17.558+0000] {subprocess.py:93} INFO - ✅ RENDERUSDT: thêm 4 dòng mới
[2025-08-19T01:45:17.558+0000] {subprocess.py:93} INFO - 63/100 RENDERUSDT lưu OK
[2025-08-19T01:45:17.558+0000] {subprocess.py:93} INFO - ✅ GALAUSDT: thêm 4 dòng mới
[2025-08-19T01:45:17.558+0000] {subprocess.py:93} INFO - 64/100 GALAUSDT lưu OK
[2025-08-19T01:45:17.559+0000] {subprocess.py:93} INFO - ✅ JUVUSDT: thêm 4 dòng mới
[2025-08-19T01:45:17.559+0000] {subprocess.py:93} INFO - 65/100 JUVUSDT lưu OK
[2025-08-19T01:45:17.559+0000] {subprocess.py:93} INFO - ✅ CTSIUSDT: thêm 4 dòng mới
[2025-08-19T01:45:17.559+0000] {subprocess.py:93} INFO - 66/100 CTSIUSDT lưu OK
[2025-08-19T01:45:17.560+0000] {subprocess.py:93} INFO - ✅ CAKEUSDT: thêm 13 dòng mới
[2025-08-19T01:45:17.560+0000] {subprocess.py:93} INFO - 67/100 CAKEUSDT lưu OK
[2025-08-19T01:45:17.560+0000] {subprocess.py:93} INFO - ✅ ASRUSDT: thêm 4 dòng mới
[2025-08-19T01:45:17.560+0000] {subprocess.py:93} INFO - 68/100 ASRUSDT lưu OK
[2025-08-19T01:45:17.561+0000] {subprocess.py:93} INFO - ✅ OGUSDT: thêm 9 dòng mới
[2025-08-19T01:45:17.561+0000] {subprocess.py:93} INFO - 69/100 OGUSDT lưu OK
[2025-08-19T01:45:17.561+0000] {subprocess.py:93} INFO - 70/100 AVAXUSDT lỗi: connection to server at "videv.cloud" (27.74.74.29), port 5432 failed: Connection timed out
[2025-08-19T01:45:17.561+0000] {subprocess.py:93} INFO - 	Is the server running on that host and accepting TCP/IP connections?
[2025-08-19T01:45:17.562+0000] {subprocess.py:93} INFO - 
[2025-08-19T01:45:17.562+0000] {subprocess.py:93} INFO - 71/100 SEIUSDT lỗi: connection to server at "videv.cloud" (27.74.74.29), port 5432 failed: Connection timed out
[2025-08-19T01:45:17.562+0000] {subprocess.py:93} INFO - 	Is the server running on that host and accepting TCP/IP connections?
[2025-08-19T01:45:17.562+0000] {subprocess.py:93} INFO - 
[2025-08-19T01:45:17.563+0000] {subprocess.py:93} INFO - 72/100 POLUSDT lỗi: connection to server at "videv.cloud" (27.74.74.29), port 5432 failed: Connection timed out
[2025-08-19T01:45:17.563+0000] {subprocess.py:93} INFO - 	Is the server running on that host and accepting TCP/IP connections?
[2025-08-19T01:45:17.563+0000] {subprocess.py:93} INFO - 
[2025-08-19T01:45:17.563+0000] {subprocess.py:93} INFO - 73/100 PENGUUSDT lỗi: connection to server at "videv.cloud" (27.74.74.29), port 5432 failed: Connection timed out
[2025-08-19T01:45:17.564+0000] {subprocess.py:93} INFO - 	Is the server running on that host and accepting TCP/IP connections?
[2025-08-19T01:45:17.564+0000] {subprocess.py:93} INFO - 
[2025-08-19T01:45:17.564+0000] {subprocess.py:93} INFO - 74/100 LTCUSDT lỗi: connection to server at "videv.cloud" (27.74.74.29), port 5432 failed: Connection timed out
[2025-08-19T01:45:17.564+0000] {subprocess.py:93} INFO - 	Is the server running on that host and accepting TCP/IP connections?
[2025-08-19T01:45:17.565+0000] {subprocess.py:93} INFO - 
[2025-08-19T01:45:17.565+0000] {subprocess.py:93} INFO - 75/100 HBARUSDT lỗi: connection to server at "videv.cloud" (27.74.74.29), port 5432 failed: Connection timed out
[2025-08-19T01:45:17.565+0000] {subprocess.py:93} INFO - 	Is the server running on that host and accepting TCP/IP connections?
[2025-08-19T01:45:17.565+0000] {subprocess.py:93} INFO - 
[2025-08-19T01:45:17.566+0000] {subprocess.py:93} INFO - 76/100 RUNEUSDT lỗi: relation "cryptocurrency.runeusdt" does not exist
[2025-08-19T01:45:17.566+0000] {subprocess.py:93} INFO - LINE 1: SELECT MAX(time) FROM cryptocurrency.runeusdt;
[2025-08-19T01:45:17.566+0000] {subprocess.py:93} INFO -                               ^
[2025-08-19T01:45:17.566+0000] {subprocess.py:93} INFO - 
[2025-08-19T01:45:17.567+0000] {subprocess.py:93} INFO - ⚠️ SPKUSDT lỗi lần 1/3: HTTPSConnectionPool(host='api.binance.com', port=443): Max retries exceeded with url: /api/v3/klines?symbol=SPKUSDT&interval=1m&limit=100 (Caused by ConnectTimeoutError(<urllib3.connection.HTTPSConnection object at 0x7f45467307c0>, 'Connection to api.binance.com timed out. (connect timeout=15)'))
[2025-08-19T01:45:17.567+0000] {subprocess.py:93} INFO - ⚠️ PAXGUSDT lỗi lần 1/3: HTTPSConnectionPool(host='api.binance.com', port=443): Max retries exceeded with url: /api/v3/klines?symbol=PAXGUSDT&interval=1m&limit=100 (Caused by ConnectTimeoutError(<urllib3.connection.HTTPSConnection object at 0x7f4546744130>, 'Connection to api.binance.com timed out. (connect timeout=15)'))
[2025-08-19T01:45:17.567+0000] {subprocess.py:93} INFO - ⚠️ VETUSDT lỗi lần 1/3: HTTPSConnectionPool(host='api.binance.com', port=443): Max retries exceeded with url: /api/v3/klines?symbol=VETUSDT&interval=1m&limit=100 (Caused by ConnectTimeoutError(<urllib3.connection.HTTPSConnection object at 0x7f4546779120>, 'Connection to api.binance.com timed out. (connect timeout=15)'))
[2025-08-19T01:45:17.568+0000] {subprocess.py:93} INFO - ⚠️ MDTUSDT lỗi lần 1/3: HTTPSConnectionPool(host='api.binance.com', port=443): Max retries exceeded with url: /api/v3/klines?symbol=MDTUSDT&interval=1m&limit=100 (Caused by ConnectTimeoutError(<urllib3.connection.HTTPSConnection object at 0x7f45467470d0>, 'Connection to api.binance.com timed out. (connect timeout=15)'))
[2025-08-19T01:45:17.568+0000] {subprocess.py:93} INFO - ⚠️ WBTCUSDT lỗi lần 1/3: HTTPSConnectionPool(host='api.binance.com', port=443): Max retries exceeded with url: /api/v3/klines?symbol=WBTCUSDT&interval=1m&limit=100 (Caused by ConnectTimeoutError(<urllib3.connection.HTTPSConnection object at 0x7f4546744e20>, 'Connection to api.binance.com timed out. (connect timeout=15)'))
[2025-08-19T01:45:17.568+0000] {subprocess.py:93} INFO - ⚠️ CFXUSDT lỗi lần 1/3: HTTPSConnectionPool(host='api.binance.com', port=443): Max retries exceeded with url: /api/v3/klines?symbol=CFXUSDT&interval=1m&limit=100 (Caused by ConnectTimeoutError(<urllib3.connection.HTTPSConnection object at 0x7f4545354040>, 'Connection to api.binance.com timed out. (connect timeout=15)'))
[2025-08-19T01:45:17.568+0000] {subprocess.py:93} INFO - ⚠️ ICPUSDT lỗi lần 1/3: HTTPSConnectionPool(host='api.binance.com', port=443): Max retries exceeded with url: /api/v3/klines?symbol=ICPUSDT&interval=1m&limit=100 (Caused by ConnectTimeoutError(<urllib3.connection.HTTPSConnection object at 0x7f45453545e0>, 'Connection to api.binance.com timed out. (connect timeout=15)'))
[2025-08-19T01:46:08.625+0000] {subprocess.py:93} INFO - ⚠️ SPKUSDT lỗi lần 2/3: HTTPSConnectionPool(host='api.binance.com', port=443): Max retries exceeded with url: /api/v3/klines?symbol=SPKUSDT&interval=1m&limit=100 (Caused by ConnectTimeoutError(<urllib3.connection.HTTPSConnection object at 0x7f4545355270>, 'Connection to api.binance.com timed out. (connect timeout=15)'))
[2025-08-19T01:46:08.626+0000] {subprocess.py:93} INFO - ⚠️ WBTCUSDT lỗi lần 2/3: HTTPSConnectionPool(host='api.binance.com', port=443): Max retries exceeded with url: /api/v3/klines?symbol=WBTCUSDT&interval=1m&limit=100 (Caused by ConnectTimeoutError(<urllib3.connection.HTTPSConnection object at 0x7f4546732cb0>, 'Connection to api.binance.com timed out. (connect timeout=15)'))
[2025-08-19T01:46:08.626+0000] {subprocess.py:93} INFO - ⚠️ CFXUSDT lỗi lần 2/3: HTTPSConnectionPool(host='api.binance.com', port=443): Max retries exceeded with url: /api/v3/klines?symbol=CFXUSDT&interval=1m&limit=100 (Caused by ConnectTimeoutError(<urllib3.connection.HTTPSConnection object at 0x7f45467336a0>, 'Connection to api.binance.com timed out. (connect timeout=15)'))
[2025-08-19T01:46:08.626+0000] {subprocess.py:93} INFO - ⚠️ VETUSDT lỗi lần 2/3: HTTPSConnectionPool(host='api.binance.com', port=443): Max retries exceeded with url: /api/v3/klines?symbol=VETUSDT&interval=1m&limit=100 (Caused by ConnectTimeoutError(<urllib3.connection.HTTPSConnection object at 0x7f45467308b0>, 'Connection to api.binance.com timed out. (connect timeout=15)'))
[2025-08-19T01:46:08.627+0000] {subprocess.py:93} INFO - ⚠️ PAXGUSDT lỗi lần 2/3: HTTPSConnectionPool(host='api.binance.com', port=443): Max retries exceeded with url: /api/v3/klines?symbol=PAXGUSDT&interval=1m&limit=100 (Caused by ConnectTimeoutError(<urllib3.connection.HTTPSConnection object at 0x7f4546730ee0>, 'Connection to api.binance.com timed out. (connect timeout=15)'))
[2025-08-19T01:46:08.627+0000] {subprocess.py:93} INFO - ⚠️ MDTUSDT lỗi lần 2/3: HTTPSConnectionPool(host='api.binance.com', port=443): Max retries exceeded with url: /api/v3/klines?symbol=MDTUSDT&interval=1m&limit=100 (Caused by ConnectTimeoutError(<urllib3.connection.HTTPSConnection object at 0x7f45453561d0>, 'Connection to api.binance.com timed out. (connect timeout=15)'))
[2025-08-19T01:46:08.627+0000] {subprocess.py:93} INFO - ⚠️ WBTCUSDT lỗi lần 3/3: HTTPSConnectionPool(host='api.binance.com', port=443): Max retries exceeded with url: /api/v3/klines?symbol=WBTCUSDT&interval=1m&limit=100 (Caused by ConnectTimeoutError(<urllib3.connection.HTTPSConnection object at 0x7f45453570d0>, 'Connection to api.binance.com timed out. (connect timeout=15)'))
[2025-08-19T01:46:08.627+0000] {subprocess.py:93} INFO - ⚠️ SPKUSDT lỗi lần 3/3: HTTPSConnectionPool(host='api.binance.com', port=443): Max retries exceeded with url: /api/v3/klines?symbol=SPKUSDT&interval=1m&limit=100 (Caused by ConnectTimeoutError(<urllib3.connection.HTTPSConnection object at 0x7f4545354670>, 'Connection to api.binance.com timed out. (connect timeout=15)'))
[2025-08-19T01:46:08.628+0000] {subprocess.py:93} INFO - ⚠️ CFXUSDT lỗi lần 3/3: HTTPSConnectionPool(host='api.binance.com', port=443): Max retries exceeded with url: /api/v3/klines?symbol=CFXUSDT&interval=1m&limit=100 (Caused by ConnectTimeoutError(<urllib3.connection.HTTPSConnection object at 0x7f45467783a0>, 'Connection to api.binance.com timed out. (connect timeout=15)'))
[2025-08-19T01:46:08.628+0000] {subprocess.py:93} INFO - ⚠️ MDTUSDT lỗi lần 3/3: HTTPSConnectionPool(host='api.binance.com', port=443): Max retries exceeded with url: /api/v3/klines?symbol=MDTUSDT&interval=1m&limit=100 (Caused by ConnectTimeoutError(<urllib3.connection.HTTPSConnection object at 0x7f4546773f70>, 'Connection to api.binance.com timed out. (connect timeout=15)'))
[2025-08-19T01:46:08.628+0000] {subprocess.py:93} INFO - ⚠️ VETUSDT lỗi lần 3/3: HTTPSConnectionPool(host='api.binance.com', port=443): Max retries exceeded with url: /api/v3/klines?symbol=VETUSDT&interval=1m&limit=100 (Caused by ConnectTimeoutError(<urllib3.connection.HTTPSConnection object at 0x7f4545354d30>, 'Connection to api.binance.com timed out. (connect timeout=15)'))
[2025-08-19T01:46:08.629+0000] {subprocess.py:93} INFO - ⚠️ PAXGUSDT lỗi lần 3/3: HTTPSConnectionPool(host='api.binance.com', port=443): Max retries exceeded with url: /api/v3/klines?symbol=PAXGUSDT&interval=1m&limit=100 (Caused by ConnectTimeoutError(<urllib3.connection.HTTPSConnection object at 0x7f45467719c0>, 'Connection to api.binance.com timed out. (connect timeout=15)'))
[2025-08-19T01:46:08.629+0000] {subprocess.py:93} INFO - ✅ ICPUSDT: thêm 10 dòng mới
[2025-08-19T01:46:08.629+0000] {subprocess.py:93} INFO - 77/100 ICPUSDT lưu OK
[2025-08-19T01:46:08.629+0000] {subprocess.py:93} INFO - 78/100 WBTCUSDT bỏ qua (fail)
[2025-08-19T01:46:08.630+0000] {subprocess.py:93} INFO - 79/100 SPKUSDT bỏ qua (fail)
[2025-08-19T01:46:08.630+0000] {subprocess.py:93} INFO - 80/100 CFXUSDT bỏ qua (fail)
[2025-08-19T01:46:08.630+0000] {subprocess.py:93} INFO - 81/100 MDTUSDT bỏ qua (fail)
[2025-08-19T01:46:08.630+0000] {subprocess.py:93} INFO - 82/100 VETUSDT bỏ qua (fail)
[2025-08-19T01:46:08.631+0000] {subprocess.py:93} INFO - 83/100 PAXGUSDT bỏ qua (fail)
[2025-08-19T01:46:08.631+0000] {subprocess.py:93} INFO - ✅ BERAUSDT: thêm 3 dòng mới
[2025-08-19T01:46:08.631+0000] {subprocess.py:93} INFO - 84/100 BERAUSDT lưu OK
[2025-08-19T01:46:08.631+0000] {subprocess.py:93} INFO - ⚠️ UTKUSDT lỗi lần 1/3: HTTPSConnectionPool(host='api.binance.com', port=443): Max retries exceeded with url: /api/v3/klines?symbol=UTKUSDT&interval=1m&limit=100 (Caused by ConnectTimeoutError(<urllib3.connection.HTTPSConnection object at 0x7f4546731bd0>, 'Connection to api.binance.com timed out. (connect timeout=15)'))
[2025-08-19T01:46:08.632+0000] {subprocess.py:93} INFO - ⚠️ MKRUSDT lỗi lần 1/3: HTTPSConnectionPool(host='api.binance.com', port=443): Max retries exceeded with url: /api/v3/klines?symbol=MKRUSDT&interval=1m&limit=100 (Caused by ConnectTimeoutError(<urllib3.connection.HTTPSConnection object at 0x7f4545355ed0>, 'Connection to api.binance.com timed out. (connect timeout=15)'))
[2025-08-19T01:46:08.632+0000] {subprocess.py:93} INFO - ⚠️ MAVUSDT lỗi lần 1/3: HTTPSConnectionPool(host='api.binance.com', port=443): Max retries exceeded with url: /api/v3/klines?symbol=MAVUSDT&interval=1m&limit=100 (Caused by ConnectTimeoutError(<urllib3.connection.HTTPSConnection object at 0x7f4545354820>, 'Connection to api.binance.com timed out. (connect timeout=15)'))
[2025-08-19T01:46:08.632+0000] {subprocess.py:93} INFO - ⚠️ ATOMUSDT lỗi lần 1/3: HTTPSConnectionPool(host='api.binance.com', port=443): Max retries exceeded with url: /api/v3/klines?symbol=ATOMUSDT&interval=1m&limit=100 (Caused by ConnectTimeoutError(<urllib3.connection.HTTPSConnection object at 0x7f4545356f50>, 'Connection to api.binance.com timed out. (connect timeout=15)'))
[2025-08-19T01:46:08.633+0000] {subprocess.py:93} INFO - ⚠️ ORDIUSDT lỗi lần 1/3: HTTPSConnectionPool(host='api.binance.com', port=443): Max retries exceeded with url: /api/v3/klines?symbol=ORDIUSDT&interval=1m&limit=100 (Caused by ConnectTimeoutError(<urllib3.connection.HTTPSConnection object at 0x7f4545354790>, 'Connection to api.binance.com timed out. (connect timeout=15)'))
[2025-08-19T01:46:08.633+0000] {subprocess.py:93} INFO - ⚠️ SYRUPUSDT lỗi lần 1/3: HTTPSConnectionPool(host='api.binance.com', port=443): Max retries exceeded with url: /api/v3/klines?symbol=SYRUPUSDT&interval=1m&limit=100 (Caused by ConnectTimeoutError(<urllib3.connection.HTTPSConnection object at 0x7f4545356590>, 'Connection to api.binance.com timed out. (connect timeout=15)'))
[2025-08-19T01:46:08.633+0000] {subprocess.py:93} INFO - ⚠️ ENSUSDT lỗi lần 1/3: HTTPSConnectionPool(host='api.binance.com', port=443): Max retries exceeded with url: /api/v3/klines?symbol=ENSUSDT&interval=1m&limit=100 (Caused by ConnectTimeoutError(<urllib3.connection.HTTPSConnection object at 0x7f4546773cd0>, 'Connection to api.binance.com timed out. (connect timeout=15)'))
[2025-08-19T01:46:08.633+0000] {subprocess.py:93} INFO - ✅ ENSUSDT: thêm 4 dòng mới
[2025-08-19T01:46:08.634+0000] {subprocess.py:93} INFO - 85/100 ENSUSDT lưu OK
[2025-08-19T01:46:08.634+0000] {subprocess.py:93} INFO - 86/100 RESOLVUSDT lỗi: relation "cryptocurrency.resolvusdt" does not exist
[2025-08-19T01:46:08.634+0000] {subprocess.py:93} INFO - LINE 1: SELECT MAX(time) FROM cryptocurrency.resolvusdt;
[2025-08-19T01:46:08.634+0000] {subprocess.py:93} INFO -                               ^
[2025-08-19T01:46:08.635+0000] {subprocess.py:93} INFO - 
[2025-08-19T01:46:08.635+0000] {subprocess.py:93} INFO - ⚠️ UTKUSDT lỗi lần 2/3: HTTPSConnectionPool(host='api.binance.com', port=443): Max retries exceeded with url: /api/v3/klines?symbol=UTKUSDT&interval=1m&limit=100 (Caused by ConnectTimeoutError(<urllib3.connection.HTTPSConnection object at 0x7f45467739d0>, 'Connection to api.binance.com timed out. (connect timeout=15)'))
[2025-08-19T01:46:08.636+0000] {subprocess.py:93} INFO - ⚠️ MKRUSDT lỗi lần 2/3: HTTPSConnectionPool(host='api.binance.com', port=443): Max retries exceeded with url: /api/v3/klines?symbol=MKRUSDT&interval=1m&limit=100 (Caused by ConnectTimeoutError(<urllib3.connection.HTTPSConnection object at 0x7f4546733fa0>, 'Connection to api.binance.com timed out. (connect timeout=15)'))
[2025-08-19T01:46:08.636+0000] {subprocess.py:93} INFO - ⚠️ ATOMUSDT lỗi lần 2/3: HTTPSConnectionPool(host='api.binance.com', port=443): Max retries exceeded with url: /api/v3/klines?symbol=ATOMUSDT&interval=1m&limit=100 (Caused by ConnectTimeoutError(<urllib3.connection.HTTPSConnection object at 0x7f45453557e0>, 'Connection to api.binance.com timed out. (connect timeout=15)'))
[2025-08-19T01:46:08.636+0000] {subprocess.py:93} INFO - ⚠️ MAVUSDT lỗi lần 2/3: HTTPSConnectionPool(host='api.binance.com', port=443): Max retries exceeded with url: /api/v3/klines?symbol=MAVUSDT&interval=1m&limit=100 (Caused by ConnectTimeoutError(<urllib3.connection.HTTPSConnection object at 0x7f4546733070>, 'Connection to api.binance.com timed out. (connect timeout=15)'))
[2025-08-19T01:46:48.377+0000] {subprocess.py:93} INFO - ⚠️ ORDIUSDT lỗi lần 2/3: HTTPSConnectionPool(host='api.binance.com', port=443): Max retries exceeded with url: /api/v3/klines?symbol=ORDIUSDT&interval=1m&limit=100 (Caused by ConnectTimeoutError(<urllib3.connection.HTTPSConnection object at 0x7f4545355ff0>, 'Connection to api.binance.com timed out. (connect timeout=15)'))
[2025-08-19T01:46:48.377+0000] {subprocess.py:93} INFO - ⚠️ SYRUPUSDT lỗi lần 2/3: HTTPSConnectionPool(host='api.binance.com', port=443): Max retries exceeded with url: /api/v3/klines?symbol=SYRUPUSDT&interval=1m&limit=100 (Caused by ConnectTimeoutError(<urllib3.connection.HTTPSConnection object at 0x7f45453562c0>, 'Connection to api.binance.com timed out. (connect timeout=15)'))
[2025-08-19T01:46:48.378+0000] {subprocess.py:93} INFO - 87/100 WLDUSDT lỗi: connection to server at "videv.cloud" (27.74.74.29), port 5432 failed: Connection timed out
[2025-08-19T01:46:48.378+0000] {subprocess.py:93} INFO - 	Is the server running on that host and accepting TCP/IP connections?
[2025-08-19T01:46:48.378+0000] {subprocess.py:93} INFO - 
[2025-08-19T01:46:48.378+0000] {subprocess.py:93} INFO - 88/100 AIXBTUSDT lỗi: relation "cryptocurrency.aixbtusdt" does not exist
[2025-08-19T01:46:48.378+0000] {subprocess.py:93} INFO - LINE 1: SELECT MAX(time) FROM cryptocurrency.aixbtusdt;
[2025-08-19T01:46:48.379+0000] {subprocess.py:93} INFO -                               ^
[2025-08-19T01:46:48.379+0000] {subprocess.py:93} INFO - 
[2025-08-19T01:46:48.379+0000] {subprocess.py:93} INFO - ✅ ARKMUSDT: thêm 4 dòng mới
[2025-08-19T01:46:48.379+0000] {subprocess.py:93} INFO - 89/100 ARKMUSDT lưu OK
[2025-08-19T01:46:48.380+0000] {subprocess.py:93} INFO - 90/100 WCTUSDT lỗi: relation "cryptocurrency.wctusdt" does not exist
[2025-08-19T01:46:48.380+0000] {subprocess.py:93} INFO - LINE 1: SELECT MAX(time) FROM cryptocurrency.wctusdt;
[2025-08-19T01:46:48.380+0000] {subprocess.py:93} INFO -                               ^
[2025-08-19T01:46:48.380+0000] {subprocess.py:93} INFO - 
[2025-08-19T01:46:48.381+0000] {subprocess.py:93} INFO - ✅ PORTOUSDT: thêm 4 dòng mới
[2025-08-19T01:46:48.381+0000] {subprocess.py:93} INFO - 91/100 PORTOUSDT lưu OK
[2025-08-19T01:46:48.381+0000] {subprocess.py:93} INFO - ⚠️ LAYERUSDT lỗi lần 1/3: HTTPSConnectionPool(host='api.binance.com', port=443): Max retries exceeded with url: /api/v3/klines?symbol=LAYERUSDT&interval=1m&limit=100 (Caused by ConnectTimeoutError(<urllib3.connection.HTTPSConnection object at 0x7f4545356950>, 'Connection to api.binance.com timed out. (connect timeout=15)'))
[2025-08-19T01:46:48.381+0000] {subprocess.py:93} INFO - 92/100 LAYERUSDT lỗi: relation "cryptocurrency.layerusdt" does not exist
[2025-08-19T01:46:48.381+0000] {subprocess.py:93} INFO - LINE 1: SELECT MAX(time) FROM cryptocurrency.layerusdt;
[2025-08-19T01:46:48.382+0000] {subprocess.py:93} INFO -                               ^
[2025-08-19T01:46:48.382+0000] {subprocess.py:93} INFO - 
[2025-08-19T01:46:48.382+0000] {subprocess.py:93} INFO - ⚠️ UTKUSDT lỗi lần 3/3: HTTPSConnectionPool(host='api.binance.com', port=443): Max retries exceeded with url: /api/v3/klines?symbol=UTKUSDT&interval=1m&limit=100 (Caused by ConnectTimeoutError(<urllib3.connection.HTTPSConnection object at 0x7f4546746f20>, 'Connection to api.binance.com timed out. (connect timeout=15)'))
[2025-08-19T01:46:48.382+0000] {subprocess.py:93} INFO - ⚠️ MKRUSDT lỗi lần 3/3: HTTPSConnectionPool(host='api.binance.com', port=443): Max retries exceeded with url: /api/v3/klines?symbol=MKRUSDT&interval=1m&limit=100 (Caused by ConnectTimeoutError(<urllib3.connection.HTTPSConnection object at 0x7f45467462c0>, 'Connection to api.binance.com timed out. (connect timeout=15)'))
[2025-08-19T01:46:48.383+0000] {subprocess.py:93} INFO - ⚠️ ATOMUSDT lỗi lần 3/3: HTTPSConnectionPool(host='api.binance.com', port=443): Max retries exceeded with url: /api/v3/klines?symbol=ATOMUSDT&interval=1m&limit=100 (Caused by ConnectTimeoutError(<urllib3.connection.HTTPSConnection object at 0x7f4546745a80>, 'Connection to api.binance.com timed out. (connect timeout=15)'))
[2025-08-19T01:46:48.383+0000] {subprocess.py:93} INFO - ⚠️ MAVUSDT lỗi lần 3/3: HTTPSConnectionPool(host='api.binance.com', port=443): Max retries exceeded with url: /api/v3/klines?symbol=MAVUSDT&interval=1m&limit=100 (Caused by ConnectTimeoutError(<urllib3.connection.HTTPSConnection object at 0x7f4546745600>, 'Connection to api.binance.com timed out. (connect timeout=15)'))
[2025-08-19T01:46:48.383+0000] {subprocess.py:93} INFO - ⚠️ ORDIUSDT lỗi lần 3/3: HTTPSConnectionPool(host='api.binance.com', port=443): Max retries exceeded with url: /api/v3/klines?symbol=ORDIUSDT&interval=1m&limit=100 (Caused by ConnectTimeoutError(<urllib3.connection.HTTPSConnection object at 0x7f45467302b0>, 'Connection to api.binance.com timed out. (connect timeout=15)'))
[2025-08-19T01:46:48.383+0000] {subprocess.py:93} INFO - ⚠️ SYRUPUSDT lỗi lần 3/3: HTTPSConnectionPool(host='api.binance.com', port=443): Max retries exceeded with url: /api/v3/klines?symbol=SYRUPUSDT&interval=1m&limit=100 (Caused by ConnectTimeoutError(<urllib3.connection.HTTPSConnection object at 0x7f4546731cc0>, 'Connection to api.binance.com timed out. (connect timeout=15)'))
[2025-08-19T01:46:48.384+0000] {subprocess.py:93} INFO - 93/100 UTKUSDT bỏ qua (fail)
[2025-08-19T01:46:48.384+0000] {subprocess.py:93} INFO - 94/100 MKRUSDT bỏ qua (fail)
[2025-08-19T01:46:48.384+0000] {subprocess.py:93} INFO - 95/100 ATOMUSDT bỏ qua (fail)
[2025-08-19T01:46:48.384+0000] {subprocess.py:93} INFO - 96/100 MAVUSDT bỏ qua (fail)
[2025-08-19T01:46:48.384+0000] {subprocess.py:93} INFO - 97/100 ORDIUSDT bỏ qua (fail)
[2025-08-19T01:46:48.385+0000] {subprocess.py:93} INFO - 98/100 SYRUPUSDT bỏ qua (fail)
[2025-08-19T01:46:48.385+0000] {subprocess.py:93} INFO - 99/100 CYBERUSDT lỗi: connection to server at "videv.cloud" (27.74.74.29), port 5432 failed: Connection timed out
[2025-08-19T01:46:48.385+0000] {subprocess.py:93} INFO - 	Is the server running on that host and accepting TCP/IP connections?
[2025-08-19T01:46:48.385+0000] {subprocess.py:93} INFO - 
[2025-08-19T01:46:48.386+0000] {subprocess.py:93} INFO - 100/100 TSTUSDT lỗi: connection to server at "videv.cloud" (27.74.74.29), port 5432 failed: Connection timed out
[2025-08-19T01:46:48.386+0000] {subprocess.py:93} INFO - 	Is the server running on that host and accepting TCP/IP connections?
[2025-08-19T01:46:48.386+0000] {subprocess.py:93} INFO - 
[2025-08-19T01:46:48.528+0000] {subprocess.py:97} INFO - Command exited with return code 0
[2025-08-19T01:46:48.529+0000] {taskinstance.py:441} INFO - ::group::Post task execution logs
[2025-08-19T01:46:48.562+0000] {taskinstance.py:1206} INFO - Marking task as SUCCESS. dag_id=crypto_collector_dag, task_id=run_crypto_collector, run_id=scheduled__2025-08-19T01:41:00+00:00, execution_date=20250819T014100, start_date=20250819T014232, end_date=20250819T014648
[2025-08-19T01:46:48.608+0000] {local_task_job_runner.py:240} INFO - Task exited with return code 0
[2025-08-19T01:46:48.635+0000] {taskinstance.py:3498} INFO - 0 downstream tasks scheduled from follow-on schedule check
[2025-08-19T01:46:48.636+0000] {local_task_job_runner.py:222} INFO - ::endgroup::
