[2025-08-18T13:08:20.640+0000] {local_task_job_runner.py:120} INFO - ::group::Pre task execution logs
[2025-08-18T13:08:20.667+0000] {taskinstance.py:2076} INFO - Dependencies all met for dep_context=non-requeueable deps ti=<TaskInstance: crypto_collector_dag.run_crypto_collector scheduled__2025-08-18T13:07:00+00:00 [queued]>
[2025-08-18T13:08:20.677+0000] {taskinstance.py:2076} INFO - Dependencies all met for dep_context=requeueable deps ti=<TaskInstance: crypto_collector_dag.run_crypto_collector scheduled__2025-08-18T13:07:00+00:00 [queued]>
[2025-08-18T13:08:20.677+0000] {taskinstance.py:2306} INFO - Starting attempt 1 of 2
[2025-08-18T13:08:20.691+0000] {taskinstance.py:2330} INFO - Executing <Task(BashOperator): run_crypto_collector> on 2025-08-18 13:07:00+00:00
[2025-08-18T13:08:20.698+0000] {standard_task_runner.py:63} INFO - Started process 174834 to run task
[2025-08-18T13:08:20.702+0000] {standard_task_runner.py:90} INFO - Running: ['***', 'tasks', 'run', 'crypto_collector_dag', 'run_crypto_collector', 'scheduled__2025-08-18T13:07:00+00:00', '--job-id', '9530', '--raw', '--subdir', 'DAGS_FOLDER/crawl_crypto/dags_crypto.py', '--cfg-path', '/tmp/tmp5ftq8t57']
[2025-08-18T13:08:20.704+0000] {standard_task_runner.py:91} INFO - Job 9530: Subtask run_crypto_collector
[2025-08-18T13:08:20.763+0000] {task_command.py:426} INFO - Running <TaskInstance: crypto_collector_dag.run_crypto_collector scheduled__2025-08-18T13:07:00+00:00 [running]> on host 1877907bc043
[2025-08-18T13:08:20.889+0000] {taskinstance.py:2648} INFO - Exporting env vars: AIRFLOW_CTX_DAG_OWNER='***' AIRFLOW_CTX_DAG_ID='crypto_collector_dag' AIRFLOW_CTX_TASK_ID='run_crypto_collector' AIRFLOW_CTX_EXECUTION_DATE='2025-08-18T13:07:00+00:00' AIRFLOW_CTX_TRY_NUMBER='1' AIRFLOW_CTX_DAG_RUN_ID='scheduled__2025-08-18T13:07:00+00:00'
[2025-08-18T13:08:20.890+0000] {taskinstance.py:430} INFO - ::endgroup::
[2025-08-18T13:08:20.906+0000] {subprocess.py:63} INFO - Tmp dir root location: /tmp
[2025-08-18T13:08:20.907+0000] {subprocess.py:75} INFO - Running command: ['/usr/bin/bash', '-c', 'python3 /opt/***/dags/crawl_crypto/crawl_data_crypto.py']
[2025-08-18T13:08:20.921+0000] {subprocess.py:86} INFO - Output:
[2025-08-18T13:08:50.057+0000] {subprocess.py:93} INFO - 🔹 Kết nối DB...
[2025-08-18T13:08:50.058+0000] {subprocess.py:93} INFO - 🔹 Lấy top 100 crypto...
[2025-08-18T13:08:50.058+0000] {subprocess.py:93} INFO - Top 100: ['ETHUSDT', 'USDCUSDT', 'BTCUSDT', 'SOLUSDT', 'FDUSDUSDT', 'XRPUSDT', 'DOGEUSDT', 'LINKUSDT', 'ADAUSDT', 'PROVEUSDT', 'SUIUSDT', 'BNBUSDT', 'TRXUSDT', 'ARBUSDT', 'ENAUSDT', 'PEPEUSDT', 'AVAXUSDT', 'UNIUSDT', 'BIOUSDT', 'LTCUSDT', 'TOWNSUSDT', 'SEIUSDT', 'PENGUUSDT', 'TRUMPUSDT', 'HBARUSDT', 'SKLUSDT', 'DOTUSDT', 'WIFUSDT', 'NEARUSDT', 'AAVEUSDT', 'BONKUSDT', 'WLDUSDT', 'POLUSDT', 'LDOUSDT', 'CRVUSDT', 'BFUSDUSDT', 'INJUSDT', 'VIRTUALUSDT', 'XLMUSDT', 'APTUSDT', 'ALPINEUSDT', 'SUSDT', 'AEURUSDT', 'PONDUSDT', 'CYBERUSDT', 'FETUSDT', 'OPUSDT', 'TONUSDT', 'ONDOUSDT', 'API3USDT', 'TAOUSDT', 'PENDLEUSDT', 'FLOKIUSDT', 'ETHFIUSDT', 'BCHUSDT', 'RAYUSDT', 'TIAUSDT', 'NEIROUSDT', 'EPICUSDT', 'PNUTUSDT', 'FILUSDT', 'EURUSDT', 'ETCUSDT', 'SHIBUSDT', 'EIGENUSDT', 'CTSIUSDT', 'ALGOUSDT', 'GALAUSDT', 'MAGICUSDT', 'XUSDUSDT', 'RENDERUSDT', 'ASRUSDT', 'SPKUSDT', 'MEMEUSDT', 'TSTUSDT', 'CAKEUSDT', 'ICPUSDT', 'CFXUSDT', 'VETUSDT', 'MAVUSDT', 'RUNEUSDT', 'JUVUSDT', 'OGUSDT', 'ARKMUSDT', 'BERAUSDT', 'ORDIUSDT', 'ATOMUSDT', 'OMUSDT', 'PAXGUSDT', 'ENSUSDT', 'AIXBTUSDT', 'MDTUSDT', 'MKRUSDT', 'ZKUSDT', 'SYRUPUSDT', 'JUPUSDT', 'PORTOUSDT', 'LPTUSDT', 'WBTCUSDT', 'FUNUSDT']
[2025-08-18T13:08:50.058+0000] {subprocess.py:93} INFO - 🔹 Lưu lịch sử giá vào DB bằng threading...
[2025-08-18T13:08:50.058+0000] {subprocess.py:93} INFO - ✅ ETHUSDT: thêm 1 dòng mới
[2025-08-18T13:08:50.059+0000] {subprocess.py:93} INFO - 1/100 ETHUSDT lưu OK
[2025-08-18T13:08:50.059+0000] {subprocess.py:93} INFO - ✅ SOLUSDT: thêm 1 dòng mới
[2025-08-18T13:08:50.059+0000] {subprocess.py:93} INFO - 2/100 SOLUSDT lưu OK
[2025-08-18T13:08:50.059+0000] {subprocess.py:93} INFO - ✅ FDUSDUSDT: thêm 1 dòng mới
[2025-08-18T13:08:50.060+0000] {subprocess.py:93} INFO - 3/100 FDUSDUSDT lưu OK
[2025-08-18T13:08:50.060+0000] {subprocess.py:93} INFO - ✅ DOGEUSDT: thêm 1 dòng mới
[2025-08-18T13:08:50.060+0000] {subprocess.py:93} INFO - 4/100 DOGEUSDT lưu OK
[2025-08-18T13:08:50.060+0000] {subprocess.py:93} INFO - ✅ BTCUSDT: thêm 1 dòng mới
[2025-08-18T13:08:50.060+0000] {subprocess.py:93} INFO - 5/100 BTCUSDT lưu OK
[2025-08-18T13:08:50.061+0000] {subprocess.py:93} INFO - ✅ USDCUSDT: thêm 1 dòng mới
[2025-08-18T13:08:50.061+0000] {subprocess.py:93} INFO - 6/100 USDCUSDT lưu OK
[2025-08-18T13:08:50.061+0000] {subprocess.py:93} INFO - ✅ XRPUSDT: thêm 2 dòng mới
[2025-08-18T13:08:50.061+0000] {subprocess.py:93} INFO - 7/100 XRPUSDT lưu OK
[2025-08-18T13:08:50.061+0000] {subprocess.py:93} INFO - ✅ LINKUSDT: thêm 1 dòng mới
[2025-08-18T13:08:50.062+0000] {subprocess.py:93} INFO - 8/100 LINKUSDT lưu OK
[2025-08-18T13:08:50.062+0000] {subprocess.py:93} INFO - ✅ PROVEUSDT: thêm 1 dòng mới
[2025-08-18T13:08:50.062+0000] {subprocess.py:93} INFO - 9/100 PROVEUSDT lưu OK
[2025-08-18T13:08:50.062+0000] {subprocess.py:93} INFO - ✅ ADAUSDT: thêm 1 dòng mới
[2025-08-18T13:08:50.063+0000] {subprocess.py:93} INFO - 10/100 ADAUSDT lưu OK
[2025-08-18T13:08:50.063+0000] {subprocess.py:93} INFO - ✅ SUIUSDT: thêm 1 dòng mới
[2025-08-18T13:08:50.063+0000] {subprocess.py:93} INFO - 11/100 SUIUSDT lưu OK
[2025-08-18T13:08:50.063+0000] {subprocess.py:93} INFO - ✅ BNBUSDT: thêm 1 dòng mới
[2025-08-18T13:08:50.063+0000] {subprocess.py:93} INFO - 12/100 BNBUSDT lưu OK
[2025-08-18T13:08:50.064+0000] {subprocess.py:93} INFO - ✅ ARBUSDT: thêm 1 dòng mới
[2025-08-18T13:08:50.064+0000] {subprocess.py:93} INFO - 13/100 ARBUSDT lưu OK
[2025-08-18T13:08:50.064+0000] {subprocess.py:93} INFO - ✅ AVAXUSDT: thêm 1 dòng mới
[2025-08-18T13:08:50.064+0000] {subprocess.py:93} INFO - ✅ ENAUSDT: thêm 1 dòng mới
[2025-08-18T13:08:50.064+0000] {subprocess.py:93} INFO - 14/100 AVAXUSDT lưu OK
[2025-08-18T13:08:50.065+0000] {subprocess.py:93} INFO - 15/100 ENAUSDT lưu OK
[2025-08-18T13:08:50.065+0000] {subprocess.py:93} INFO - ✅ UNIUSDT: thêm 1 dòng mới
[2025-08-18T13:08:50.065+0000] {subprocess.py:93} INFO - 16/100 UNIUSDT lưu OK
[2025-08-18T13:08:50.065+0000] {subprocess.py:93} INFO - ✅ LTCUSDT: thêm 1 dòng mới
[2025-08-18T13:08:50.066+0000] {subprocess.py:93} INFO - 17/100 LTCUSDT lưu OK
[2025-08-18T13:08:50.066+0000] {subprocess.py:93} INFO - ✅ TRXUSDT: thêm 1 dòng mới
[2025-08-18T13:08:50.066+0000] {subprocess.py:93} INFO - 18/100 TRXUSDT lưu OK
[2025-08-18T13:08:50.066+0000] {subprocess.py:93} INFO - 19/100 BIOUSDT lỗi: relation "cryptocurrency.biousdt" does not exist
[2025-08-18T13:08:50.066+0000] {subprocess.py:93} INFO - LINE 1: SELECT MAX(time) FROM cryptocurrency.biousdt;
[2025-08-18T13:08:50.067+0000] {subprocess.py:93} INFO -                               ^
[2025-08-18T13:08:50.067+0000] {subprocess.py:93} INFO - 
[2025-08-18T13:08:50.067+0000] {subprocess.py:93} INFO - ✅ PEPEUSDT: thêm 1 dòng mới
[2025-08-18T13:08:50.067+0000] {subprocess.py:93} INFO - 20/100 PEPEUSDT lưu OK
[2025-08-18T13:08:50.068+0000] {subprocess.py:93} INFO - ✅ WIFUSDT: thêm 1 dòng mới
[2025-08-18T13:08:50.068+0000] {subprocess.py:93} INFO - 21/100 WIFUSDT lưu OK
[2025-08-18T13:08:50.068+0000] {subprocess.py:93} INFO - ✅ AAVEUSDT: thêm 1 dòng mới
[2025-08-18T13:08:50.068+0000] {subprocess.py:93} INFO - 22/100 AAVEUSDT lưu OK
[2025-08-18T13:08:50.068+0000] {subprocess.py:93} INFO - ✅ DOTUSDT: thêm 1 dòng mới
[2025-08-18T13:08:50.069+0000] {subprocess.py:93} INFO - 23/100 DOTUSDT lưu OK
[2025-08-18T13:08:50.069+0000] {subprocess.py:93} INFO - ✅ NEARUSDT: thêm 1 dòng mới
[2025-08-18T13:08:50.069+0000] {subprocess.py:93} INFO - 24/100 NEARUSDT lưu OK
[2025-08-18T13:08:50.069+0000] {subprocess.py:93} INFO - ✅ SKLUSDT: thêm 1 dòng mới
[2025-08-18T13:08:50.069+0000] {subprocess.py:93} INFO - 25/100 SKLUSDT lưu OK
[2025-08-18T13:08:50.070+0000] {subprocess.py:93} INFO - ✅ SEIUSDT: thêm 1 dòng mới
[2025-08-18T13:08:50.070+0000] {subprocess.py:93} INFO - ✅ TRUMPUSDT: thêm 1 dòng mới
[2025-08-18T13:08:50.070+0000] {subprocess.py:93} INFO - 26/100 SEIUSDT lưu OK
[2025-08-18T13:08:50.070+0000] {subprocess.py:93} INFO - 27/100 TRUMPUSDT lưu OK
[2025-08-18T13:08:50.070+0000] {subprocess.py:93} INFO - ✅ PENGUUSDT: thêm 1 dòng mới
[2025-08-18T13:08:50.071+0000] {subprocess.py:93} INFO - ✅ HBARUSDT: thêm 1 dòng mới
[2025-08-18T13:08:50.071+0000] {subprocess.py:93} INFO - ✅ TOWNSUSDT: thêm 1 dòng mới
[2025-08-18T13:08:50.071+0000] {subprocess.py:93} INFO - 28/100 PENGUUSDT lưu OK
[2025-08-18T13:08:50.071+0000] {subprocess.py:93} INFO - 29/100 HBARUSDT lưu OK
[2025-08-18T13:08:50.072+0000] {subprocess.py:93} INFO - 30/100 TOWNSUSDT lưu OK
[2025-08-18T13:08:50.072+0000] {subprocess.py:93} INFO - ✅ WLDUSDT: thêm 1 dòng mới
[2025-08-18T13:08:50.072+0000] {subprocess.py:93} INFO - 31/100 WLDUSDT lưu OK
[2025-08-18T13:08:50.072+0000] {subprocess.py:93} INFO - ✅ APTUSDT: thêm 1 dòng mới
[2025-08-18T13:08:50.072+0000] {subprocess.py:93} INFO - 32/100 APTUSDT lưu OK
[2025-08-18T13:08:50.073+0000] {subprocess.py:93} INFO - ✅ ALPINEUSDT: thêm 1 dòng mới
[2025-08-18T13:08:50.073+0000] {subprocess.py:93} INFO - 33/100 ALPINEUSDT lưu OK
[2025-08-18T13:08:50.073+0000] {subprocess.py:93} INFO - ⚠️ BONKUSDT lỗi lần 1/3: HTTPSConnectionPool(host='api.binance.com', port=443): Max retries exceeded with url: /api/v3/klines?symbol=BONKUSDT&interval=1m&limit=100 (Caused by ConnectTimeoutError(<urllib3.connection.HTTPSConnection object at 0x7fd21b14e110>, 'Connection to api.binance.com timed out. (connect timeout=15)'))
[2025-08-18T13:08:50.073+0000] {subprocess.py:93} INFO - ✅ SUSDT: thêm 1 dòng mới
[2025-08-18T13:08:50.073+0000] {subprocess.py:93} INFO - 34/100 SUSDT lưu OK
[2025-08-18T13:08:50.074+0000] {subprocess.py:93} INFO - 35/100 AEURUSDT lỗi: relation "cryptocurrency.aeurusdt" does not exist
[2025-08-18T13:08:50.074+0000] {subprocess.py:93} INFO - LINE 1: SELECT MAX(time) FROM cryptocurrency.aeurusdt;
[2025-08-18T13:08:50.074+0000] {subprocess.py:93} INFO -                               ^
[2025-08-18T13:08:50.074+0000] {subprocess.py:93} INFO - 
[2025-08-18T13:08:50.075+0000] {subprocess.py:93} INFO - 36/100 PONDUSDT lỗi: relation "cryptocurrency.pondusdt" does not exist
[2025-08-18T13:08:50.075+0000] {subprocess.py:93} INFO - LINE 1: SELECT MAX(time) FROM cryptocurrency.pondusdt;
[2025-08-18T13:08:50.075+0000] {subprocess.py:93} INFO -                               ^
[2025-08-18T13:08:50.075+0000] {subprocess.py:93} INFO - 
[2025-08-18T13:08:50.075+0000] {subprocess.py:93} INFO - 37/100 CYBERUSDT lỗi: relation "cryptocurrency.cyberusdt" does not exist
[2025-08-18T13:08:50.076+0000] {subprocess.py:93} INFO - LINE 1: SELECT MAX(time) FROM cryptocurrency.cyberusdt;
[2025-08-18T13:08:50.076+0000] {subprocess.py:93} INFO -                               ^
[2025-08-18T13:08:50.076+0000] {subprocess.py:93} INFO - 
[2025-08-18T13:08:50.076+0000] {subprocess.py:93} INFO - ✅ BONKUSDT: thêm 1 dòng mới
[2025-08-18T13:08:50.076+0000] {subprocess.py:93} INFO - 38/100 BONKUSDT lưu OK
[2025-08-18T13:08:50.077+0000] {subprocess.py:93} INFO - ✅ FETUSDT: thêm 1 dòng mới
[2025-08-18T13:08:50.077+0000] {subprocess.py:93} INFO - 39/100 FETUSDT lưu OK
[2025-08-18T13:08:50.077+0000] {subprocess.py:93} INFO - ⏩ ONDOUSDT: không có dữ liệu mới, skip.
[2025-08-18T13:08:50.077+0000] {subprocess.py:93} INFO - 40/100 ONDOUSDT lưu OK
[2025-08-18T13:08:50.077+0000] {subprocess.py:93} INFO - ✅ POLUSDT: thêm 1 dòng mới
[2025-08-18T13:08:50.078+0000] {subprocess.py:93} INFO - 41/100 POLUSDT lưu OK
[2025-08-18T13:08:50.078+0000] {subprocess.py:93} INFO - ⏩ OPUSDT: không có dữ liệu mới, skip.
[2025-08-18T13:08:50.078+0000] {subprocess.py:93} INFO - 42/100 OPUSDT lưu OK
[2025-08-18T13:08:50.078+0000] {subprocess.py:93} INFO - ⏩ TONUSDT: không có dữ liệu mới, skip.
[2025-08-18T13:08:50.079+0000] {subprocess.py:93} INFO - 43/100 TONUSDT lưu OK
[2025-08-18T13:08:50.079+0000] {subprocess.py:93} INFO - ✅ API3USDT: thêm 1 dòng mới
[2025-08-18T13:08:50.079+0000] {subprocess.py:93} INFO - 44/100 API3USDT lưu OK
[2025-08-18T13:08:50.079+0000] {subprocess.py:93} INFO - ⏩ PENDLEUSDT: không có dữ liệu mới, skip.
[2025-08-18T13:08:50.079+0000] {subprocess.py:93} INFO - 45/100 PENDLEUSDT lưu OK
[2025-08-18T13:08:50.080+0000] {subprocess.py:93} INFO - ⏩ FLOKIUSDT: không có dữ liệu mới, skip.
[2025-08-18T13:08:50.080+0000] {subprocess.py:93} INFO - 46/100 FLOKIUSDT lưu OK
[2025-08-18T13:08:50.080+0000] {subprocess.py:93} INFO - ⚠️ XLMUSDT lỗi lần 1/3: HTTPSConnectionPool(host='api.binance.com', port=443): Max retries exceeded with url: /api/v3/klines?symbol=XLMUSDT&interval=1m&limit=100 (Caused by ConnectTimeoutError(<urllib3.connection.HTTPSConnection object at 0x7fd21b14b8b0>, 'Connection to api.binance.com timed out. (connect timeout=15)'))
[2025-08-18T13:08:50.080+0000] {subprocess.py:93} INFO - ⚠️ BFUSDUSDT lỗi lần 1/3: HTTPSConnectionPool(host='api.binance.com', port=443): Max retries exceeded with url: /api/v3/klines?symbol=BFUSDUSDT&interval=1m&limit=100 (Caused by ConnectTimeoutError(<urllib3.connection.HTTPSConnection object at 0x7fd21b14a800>, 'Connection to api.binance.com timed out. (connect timeout=15)'))
[2025-08-18T13:08:50.081+0000] {subprocess.py:93} INFO - ⚠️ INJUSDT lỗi lần 1/3: HTTPSConnectionPool(host='api.binance.com', port=443): Max retries exceeded with url: /api/v3/klines?symbol=INJUSDT&interval=1m&limit=100 (Caused by ConnectTimeoutError(<urllib3.connection.HTTPSConnection object at 0x7fd21b1481f0>, 'Connection to api.binance.com timed out. (connect timeout=15)'))
[2025-08-18T13:08:50.081+0000] {subprocess.py:93} INFO - ⏩ BCHUSDT: không có dữ liệu mới, skip.
[2025-08-18T13:08:50.081+0000] {subprocess.py:93} INFO - 47/100 BCHUSDT lưu OK
[2025-08-18T13:08:50.081+0000] {subprocess.py:93} INFO - ✅ TIAUSDT: thêm 1 dòng mới
[2025-08-18T13:08:50.081+0000] {subprocess.py:93} INFO - 48/100 TIAUSDT lưu OK
[2025-08-18T13:08:50.082+0000] {subprocess.py:93} INFO - ⏩ NEIROUSDT: không có dữ liệu mới, skip.
[2025-08-18T13:08:50.082+0000] {subprocess.py:93} INFO - 49/100 NEIROUSDT lưu OK
[2025-08-18T13:08:50.082+0000] {subprocess.py:93} INFO - ⏩ CRVUSDT: không có dữ liệu mới, skip.
[2025-08-18T13:08:50.082+0000] {subprocess.py:93} INFO - ✅ VIRTUALUSDT: thêm 1 dòng mới
[2025-08-18T13:08:50.082+0000] {subprocess.py:93} INFO - 50/100 VIRTUALUSDT lưu OK
[2025-08-18T13:08:50.083+0000] {subprocess.py:93} INFO - 51/100 CRVUSDT lưu OK
[2025-08-18T13:08:50.083+0000] {subprocess.py:93} INFO - ⏩ EPICUSDT: không có dữ liệu mới, skip.
[2025-08-18T13:08:50.083+0000] {subprocess.py:93} INFO - 52/100 EPICUSDT lưu OK
[2025-08-18T13:08:50.083+0000] {subprocess.py:93} INFO - ✅ TAOUSDT: thêm 1 dòng mới
[2025-08-18T13:08:50.084+0000] {subprocess.py:93} INFO - 53/100 TAOUSDT lưu OK
[2025-08-18T13:08:50.084+0000] {subprocess.py:93} INFO - ⏩ PNUTUSDT: không có dữ liệu mới, skip.
[2025-08-18T13:08:50.084+0000] {subprocess.py:93} INFO - 54/100 PNUTUSDT lưu OK
[2025-08-18T13:08:50.084+0000] {subprocess.py:93} INFO - ⏩ ETCUSDT: không có dữ liệu mới, skip.
[2025-08-18T13:08:50.084+0000] {subprocess.py:93} INFO - 55/100 ETCUSDT lưu OK
[2025-08-18T13:08:50.085+0000] {subprocess.py:93} INFO - ⏩ SHIBUSDT: không có dữ liệu mới, skip.
[2025-08-18T13:08:50.085+0000] {subprocess.py:93} INFO - 56/100 SHIBUSDT lưu OK
[2025-08-18T13:08:50.085+0000] {subprocess.py:93} INFO - ⏩ CTSIUSDT: không có dữ liệu mới, skip.
[2025-08-18T13:08:50.085+0000] {subprocess.py:93} INFO - ✅ INJUSDT: thêm 1 dòng mới
[2025-08-18T13:08:50.086+0000] {subprocess.py:93} INFO - 57/100 CTSIUSDT lưu OK
[2025-08-18T13:08:50.086+0000] {subprocess.py:93} INFO - 58/100 INJUSDT lưu OK
[2025-08-18T13:08:50.086+0000] {subprocess.py:93} INFO - ⏩ BFUSDUSDT: không có dữ liệu mới, skip.
[2025-08-18T13:08:50.086+0000] {subprocess.py:93} INFO - 59/100 BFUSDUSDT lưu OK
[2025-08-18T13:08:50.086+0000] {subprocess.py:93} INFO - ⏩ EIGENUSDT: không có dữ liệu mới, skip.
[2025-08-18T13:08:50.087+0000] {subprocess.py:93} INFO - 60/100 EIGENUSDT lưu OK
[2025-08-18T13:08:50.087+0000] {subprocess.py:93} INFO - ✅ XLMUSDT: thêm 1 dòng mới
[2025-08-18T13:08:50.087+0000] {subprocess.py:93} INFO - 61/100 XLMUSDT lưu OK
[2025-08-18T13:08:50.087+0000] {subprocess.py:93} INFO - ⏩ ALGOUSDT: không có dữ liệu mới, skip.
[2025-08-18T13:08:50.088+0000] {subprocess.py:93} INFO - 62/100 ALGOUSDT lưu OK
[2025-08-18T13:08:50.088+0000] {subprocess.py:93} INFO - ⏩ ASRUSDT: không có dữ liệu mới, skip.
[2025-08-18T13:08:50.088+0000] {subprocess.py:93} INFO - 63/100 ASRUSDT lưu OK
[2025-08-18T13:08:50.088+0000] {subprocess.py:93} INFO - ⏩ ETHFIUSDT: không có dữ liệu mới, skip.
[2025-08-18T13:08:50.089+0000] {subprocess.py:93} INFO - ⏩ RAYUSDT: không có dữ liệu mới, skip.
[2025-08-18T13:08:50.089+0000] {subprocess.py:93} INFO - 64/100 ETHFIUSDT lưu OK
[2025-08-18T13:08:50.089+0000] {subprocess.py:93} INFO - 65/100 RAYUSDT lưu OK
[2025-08-18T13:08:50.089+0000] {subprocess.py:93} INFO - ⏩ SPKUSDT: không có dữ liệu mới, skip.
[2025-08-18T13:08:50.089+0000] {subprocess.py:93} INFO - 66/100 SPKUSDT lưu OK
[2025-08-18T13:08:50.090+0000] {subprocess.py:93} INFO - ⏩ TSTUSDT: không có dữ liệu mới, skip.
[2025-08-18T13:08:50.090+0000] {subprocess.py:93} INFO - 67/100 TSTUSDT lưu OK
[2025-08-18T13:08:50.090+0000] {subprocess.py:93} INFO - 68/100 MEMEUSDT lỗi: relation "cryptocurrency.memeusdt" does not exist
[2025-08-18T13:08:50.090+0000] {subprocess.py:93} INFO - LINE 1: SELECT MAX(time) FROM cryptocurrency.memeusdt;
[2025-08-18T13:08:50.090+0000] {subprocess.py:93} INFO -                               ^
[2025-08-18T13:08:50.091+0000] {subprocess.py:93} INFO - 
[2025-08-18T13:08:50.091+0000] {subprocess.py:93} INFO - ⏩ CAKEUSDT: không có dữ liệu mới, skip.
[2025-08-18T13:08:50.091+0000] {subprocess.py:93} INFO - 69/100 CAKEUSDT lưu OK
[2025-08-18T13:08:50.091+0000] {subprocess.py:93} INFO - ⏩ ICPUSDT: không có dữ liệu mới, skip.
[2025-08-18T13:08:50.091+0000] {subprocess.py:93} INFO - 70/100 ICPUSDT lưu OK
[2025-08-18T13:08:50.092+0000] {subprocess.py:93} INFO - ⏩ CFXUSDT: không có dữ liệu mới, skip.
[2025-08-18T13:08:50.092+0000] {subprocess.py:93} INFO - 71/100 CFXUSDT lưu OK
[2025-08-18T13:08:50.092+0000] {subprocess.py:93} INFO - 72/100 VETUSDT lỗi: relation "cryptocurrency.vetusdt" does not exist
[2025-08-18T13:08:50.092+0000] {subprocess.py:93} INFO - LINE 1: SELECT MAX(time) FROM cryptocurrency.vetusdt;
[2025-08-18T13:08:50.092+0000] {subprocess.py:93} INFO -                               ^
[2025-08-18T13:08:50.093+0000] {subprocess.py:93} INFO - 
[2025-08-18T13:08:50.093+0000] {subprocess.py:93} INFO - ⏩ GALAUSDT: không có dữ liệu mới, skip.
[2025-08-18T13:08:50.093+0000] {subprocess.py:93} INFO - 73/100 GALAUSDT lưu OK
[2025-08-18T13:08:50.093+0000] {subprocess.py:93} INFO - ⏩ XUSDUSDT: không có dữ liệu mới, skip.
[2025-08-18T13:08:50.094+0000] {subprocess.py:93} INFO - ⏩ MAGICUSDT: không có dữ liệu mới, skip.
[2025-08-18T13:08:50.094+0000] {subprocess.py:93} INFO - 74/100 XUSDUSDT lưu OK
[2025-08-18T13:08:50.094+0000] {subprocess.py:93} INFO - 75/100 MAGICUSDT lưu OK
[2025-08-18T13:08:50.094+0000] {subprocess.py:93} INFO - ⏩ RENDERUSDT: không có dữ liệu mới, skip.
[2025-08-18T13:08:50.095+0000] {subprocess.py:93} INFO - 76/100 RENDERUSDT lưu OK
[2025-08-18T13:08:50.095+0000] {subprocess.py:93} INFO - ⏩ MAVUSDT: không có dữ liệu mới, skip.
[2025-08-18T13:08:50.095+0000] {subprocess.py:93} INFO - 77/100 MAVUSDT lưu OK
[2025-08-18T13:09:02.811+0000] {subprocess.py:93} INFO - 78/100 RUNEUSDT lỗi: relation "cryptocurrency.runeusdt" does not exist
[2025-08-18T13:09:02.812+0000] {subprocess.py:93} INFO - LINE 1: SELECT MAX(time) FROM cryptocurrency.runeusdt;
[2025-08-18T13:09:02.812+0000] {subprocess.py:93} INFO -                               ^
[2025-08-18T13:09:02.813+0000] {subprocess.py:93} INFO - 
[2025-08-18T13:09:02.813+0000] {subprocess.py:93} INFO - ⏩ JUVUSDT: không có dữ liệu mới, skip.
[2025-08-18T13:09:02.814+0000] {subprocess.py:93} INFO - 79/100 JUVUSDT lưu OK
[2025-08-18T13:09:02.814+0000] {subprocess.py:93} INFO - ⏩ OGUSDT: không có dữ liệu mới, skip.
[2025-08-18T13:09:02.815+0000] {subprocess.py:93} INFO - 80/100 OGUSDT lưu OK
[2025-08-18T13:09:02.815+0000] {subprocess.py:93} INFO - ⏩ ARKMUSDT: không có dữ liệu mới, skip.
[2025-08-18T13:09:02.815+0000] {subprocess.py:93} INFO - 81/100 ARKMUSDT lưu OK
[2025-08-18T13:09:02.816+0000] {subprocess.py:93} INFO - ⏩ BERAUSDT: không có dữ liệu mới, skip.
[2025-08-18T13:09:02.816+0000] {subprocess.py:93} INFO - 82/100 BERAUSDT lưu OK
[2025-08-18T13:09:02.816+0000] {subprocess.py:93} INFO - ⏩ ORDIUSDT: không có dữ liệu mới, skip.
[2025-08-18T13:09:02.816+0000] {subprocess.py:93} INFO - 83/100 ORDIUSDT lưu OK
[2025-08-18T13:09:02.817+0000] {subprocess.py:93} INFO - 84/100 ATOMUSDT lỗi: relation "cryptocurrency.atomusdt" does not exist
[2025-08-18T13:09:02.817+0000] {subprocess.py:93} INFO - LINE 1: SELECT MAX(time) FROM cryptocurrency.atomusdt;
[2025-08-18T13:09:02.817+0000] {subprocess.py:93} INFO -                               ^
[2025-08-18T13:09:02.817+0000] {subprocess.py:93} INFO - 
[2025-08-18T13:09:02.818+0000] {subprocess.py:93} INFO - ⏩ OMUSDT: không có dữ liệu mới, skip.
[2025-08-18T13:09:02.818+0000] {subprocess.py:93} INFO - 85/100 OMUSDT lưu OK
[2025-08-18T13:09:02.818+0000] {subprocess.py:93} INFO - ⏩ ENSUSDT: không có dữ liệu mới, skip.
[2025-08-18T13:09:02.819+0000] {subprocess.py:93} INFO - 86/100 ENSUSDT lưu OK
[2025-08-18T13:09:02.819+0000] {subprocess.py:93} INFO - 87/100 PAXGUSDT lỗi: relation "cryptocurrency.paxgusdt" does not exist
[2025-08-18T13:09:02.819+0000] {subprocess.py:93} INFO - LINE 1: SELECT MAX(time) FROM cryptocurrency.paxgusdt;
[2025-08-18T13:09:02.819+0000] {subprocess.py:93} INFO -                               ^
[2025-08-18T13:09:02.820+0000] {subprocess.py:93} INFO - 
[2025-08-18T13:09:02.820+0000] {subprocess.py:93} INFO - 88/100 AIXBTUSDT lỗi: relation "cryptocurrency.aixbtusdt" does not exist
[2025-08-18T13:09:02.820+0000] {subprocess.py:93} INFO - LINE 1: SELECT MAX(time) FROM cryptocurrency.aixbtusdt;
[2025-08-18T13:09:02.820+0000] {subprocess.py:93} INFO -                               ^
[2025-08-18T13:09:02.821+0000] {subprocess.py:93} INFO - 
[2025-08-18T13:09:02.821+0000] {subprocess.py:93} INFO - ⏩ MDTUSDT: không có dữ liệu mới, skip.
[2025-08-18T13:09:02.821+0000] {subprocess.py:93} INFO - 89/100 MDTUSDT lưu OK
[2025-08-18T13:09:02.821+0000] {subprocess.py:93} INFO - 90/100 MKRUSDT lỗi: relation "cryptocurrency.mkrusdt" does not exist
[2025-08-18T13:09:02.822+0000] {subprocess.py:93} INFO - LINE 1: SELECT MAX(time) FROM cryptocurrency.mkrusdt;
[2025-08-18T13:09:02.822+0000] {subprocess.py:93} INFO -                               ^
[2025-08-18T13:09:02.822+0000] {subprocess.py:93} INFO - 
[2025-08-18T13:09:02.822+0000] {subprocess.py:93} INFO - 91/100 ZKUSDT lỗi: relation "cryptocurrency.zkusdt" does not exist
[2025-08-18T13:09:02.823+0000] {subprocess.py:93} INFO - LINE 1: SELECT MAX(time) FROM cryptocurrency.zkusdt;
[2025-08-18T13:09:02.823+0000] {subprocess.py:93} INFO -                               ^
[2025-08-18T13:09:02.823+0000] {subprocess.py:93} INFO - 
[2025-08-18T13:09:02.823+0000] {subprocess.py:93} INFO - ⏩ PORTOUSDT: không có dữ liệu mới, skip.
[2025-08-18T13:09:02.824+0000] {subprocess.py:93} INFO - 92/100 PORTOUSDT lưu OK
[2025-08-18T13:09:02.824+0000] {subprocess.py:93} INFO - ⏩ SYRUPUSDT: không có dữ liệu mới, skip.
[2025-08-18T13:09:02.824+0000] {subprocess.py:93} INFO - 93/100 SYRUPUSDT lưu OK
[2025-08-18T13:09:02.824+0000] {subprocess.py:93} INFO - 94/100 JUPUSDT lỗi: relation "cryptocurrency.jupusdt" does not exist
[2025-08-18T13:09:02.825+0000] {subprocess.py:93} INFO - LINE 1: SELECT MAX(time) FROM cryptocurrency.jupusdt;
[2025-08-18T13:09:02.825+0000] {subprocess.py:93} INFO -                               ^
[2025-08-18T13:09:02.825+0000] {subprocess.py:93} INFO - 
[2025-08-18T13:09:02.825+0000] {subprocess.py:93} INFO - 95/100 LPTUSDT lỗi: relation "cryptocurrency.lptusdt" does not exist
[2025-08-18T13:09:02.826+0000] {subprocess.py:93} INFO - LINE 1: SELECT MAX(time) FROM cryptocurrency.lptusdt;
[2025-08-18T13:09:02.826+0000] {subprocess.py:93} INFO -                               ^
[2025-08-18T13:09:02.826+0000] {subprocess.py:93} INFO - 
[2025-08-18T13:09:02.826+0000] {subprocess.py:93} INFO - 96/100 WBTCUSDT lỗi: relation "cryptocurrency.wbtcusdt" does not exist
[2025-08-18T13:09:02.827+0000] {subprocess.py:93} INFO - LINE 1: SELECT MAX(time) FROM cryptocurrency.wbtcusdt;
[2025-08-18T13:09:02.827+0000] {subprocess.py:93} INFO -                               ^
[2025-08-18T13:09:02.827+0000] {subprocess.py:93} INFO - 
[2025-08-18T13:09:02.828+0000] {subprocess.py:93} INFO - 97/100 FUNUSDT lỗi: relation "cryptocurrency.funusdt" does not exist
[2025-08-18T13:09:02.828+0000] {subprocess.py:93} INFO - LINE 1: SELECT MAX(time) FROM cryptocurrency.funusdt;
[2025-08-18T13:09:02.828+0000] {subprocess.py:93} INFO -                               ^
[2025-08-18T13:09:02.828+0000] {subprocess.py:93} INFO - 
[2025-08-18T13:09:02.829+0000] {subprocess.py:93} INFO - ⏩ FILUSDT: không có dữ liệu mới, skip.
[2025-08-18T13:09:02.829+0000] {subprocess.py:93} INFO - 98/100 FILUSDT lưu OK
[2025-08-18T13:09:02.829+0000] {subprocess.py:93} INFO - ⏩ EURUSDT: không có dữ liệu mới, skip.
[2025-08-18T13:09:02.829+0000] {subprocess.py:93} INFO - 99/100 EURUSDT lưu OK
[2025-08-18T13:09:02.830+0000] {subprocess.py:93} INFO - ✅ LDOUSDT: thêm 1 dòng mới
[2025-08-18T13:09:02.830+0000] {subprocess.py:93} INFO - 100/100 LDOUSDT lưu OK
[2025-08-18T13:09:02.933+0000] {subprocess.py:97} INFO - Command exited with return code 0
[2025-08-18T13:09:02.934+0000] {taskinstance.py:441} INFO - ::group::Post task execution logs
[2025-08-18T13:09:02.965+0000] {taskinstance.py:1206} INFO - Marking task as SUCCESS. dag_id=crypto_collector_dag, task_id=run_crypto_collector, run_id=scheduled__2025-08-18T13:07:00+00:00, execution_date=20250818T130700, start_date=20250818T130820, end_date=20250818T130902
[2025-08-18T13:09:03.023+0000] {local_task_job_runner.py:240} INFO - Task exited with return code 0
[2025-08-18T13:09:03.052+0000] {taskinstance.py:3498} INFO - 0 downstream tasks scheduled from follow-on schedule check
[2025-08-18T13:09:03.053+0000] {local_task_job_runner.py:222} INFO - ::endgroup::
