[2025-09-05T18:09:01.590+0000] {local_task_job_runner.py:120} INFO - ::group::Pre task execution logs
[2025-09-05T18:09:01.615+0000] {taskinstance.py:2076} INFO - Dependencies all met for dep_context=non-requeueable deps ti=<TaskInstance: foreign_1_live.save_foreign_1 scheduled__2025-09-05T18:08:00+00:00 [queued]>
[2025-09-05T18:09:01.624+0000] {taskinstance.py:2076} INFO - Dependencies all met for dep_context=requeueable deps ti=<TaskInstance: foreign_1_live.save_foreign_1 scheduled__2025-09-05T18:08:00+00:00 [queued]>
[2025-09-05T18:09:01.624+0000] {taskinstance.py:2306} INFO - Starting attempt 1 of 11
[2025-09-05T18:09:01.637+0000] {taskinstance.py:2330} INFO - Executing <Task(PythonOperator): save_foreign_1> on 2025-09-05 18:08:00+00:00
[2025-09-05T18:09:01.644+0000] {standard_task_runner.py:63} INFO - Started process 45295 to run task
[2025-09-05T18:09:01.650+0000] {standard_task_runner.py:90} INFO - Running: ['***', 'tasks', 'run', 'foreign_1_live', 'save_foreign_1', 'scheduled__2025-09-05T18:08:00+00:00', '--job-id', '118937', '--raw', '--subdir', 'DAGS_FOLDER/dag_foreign_1_live.py', '--cfg-path', '/tmp/tmpxnzkc7c7']
[2025-09-05T18:09:01.653+0000] {standard_task_runner.py:91} INFO - Job 118937: Subtask save_foreign_1
[2025-09-05T18:09:01.717+0000] {task_command.py:426} INFO - Running <TaskInstance: foreign_1_live.save_foreign_1 scheduled__2025-09-05T18:08:00+00:00 [running]> on host d4d2fe648a81
[2025-09-05T18:09:01.862+0000] {taskinstance.py:2648} INFO - Exporting env vars: AIRFLOW_CTX_DAG_OWNER='***' AIRFLOW_CTX_DAG_ID='foreign_1_live' AIRFLOW_CTX_TASK_ID='save_foreign_1' AIRFLOW_CTX_EXECUTION_DATE='2025-09-05T18:08:00+00:00' AIRFLOW_CTX_TRY_NUMBER='1' AIRFLOW_CTX_DAG_RUN_ID='scheduled__2025-09-05T18:08:00+00:00'
[2025-09-05T18:09:01.863+0000] {taskinstance.py:430} INFO - ::endgroup::
[2025-09-05T18:09:01.878+0000] {foreign_1.py:18} INFO - Kết nối DB
[2025-09-05T18:09:02.382+0000] {foreign_1.py:28} INFO - Đã lưu foreign_ALL
[2025-09-05T18:09:02.383+0000] {foreign_1.py:18} INFO - Kết nối DB
[2025-09-05T18:09:02.900+0000] {foreign_1.py:28} INFO - Đã lưu foreign_HOSE
[2025-09-05T18:09:02.902+0000] {foreign_1.py:18} INFO - Kết nối DB
[2025-09-05T18:09:03.412+0000] {foreign_1.py:28} INFO - Đã lưu foreign_HNX
[2025-09-05T18:09:03.413+0000] {foreign_1.py:18} INFO - Kết nối DB
[2025-09-05T18:09:03.983+0000] {foreign_1.py:28} INFO - Đã lưu foreign_UPCOM
[2025-09-05T18:09:03.984+0000] {python.py:237} INFO - Done. Returned value was: None
[2025-09-05T18:09:03.985+0000] {taskinstance.py:441} INFO - ::group::Post task execution logs
[2025-09-05T18:09:04.002+0000] {taskinstance.py:1206} INFO - Marking task as SUCCESS. dag_id=foreign_1_live, task_id=save_foreign_1, run_id=scheduled__2025-09-05T18:08:00+00:00, execution_date=20250905T180800, start_date=20250905T180901, end_date=20250905T180904
[2025-09-05T18:09:04.067+0000] {local_task_job_runner.py:240} INFO - Task exited with return code 0
[2025-09-05T18:09:04.099+0000] {taskinstance.py:3498} INFO - 4 downstream tasks scheduled from follow-on schedule check
[2025-09-05T18:09:04.100+0000] {local_task_job_runner.py:222} INFO - ::endgroup::
