[2025-09-01T10:26:28.984+0000] {local_task_job_runner.py:120} INFO - ::group::Pre task execution logs
[2025-09-01T10:26:29.012+0000] {taskinstance.py:2076} INFO - Dependencies all met for dep_context=non-requeueable deps ti=<TaskInstance: market_table_foreign.foreign_HNX scheduled__2025-08-31T17:25:00+00:00 [queued]>
[2025-09-01T10:26:29.022+0000] {taskinstance.py:2076} INFO - Dependencies all met for dep_context=requeueable deps ti=<TaskInstance: market_table_foreign.foreign_HNX scheduled__2025-08-31T17:25:00+00:00 [queued]>
[2025-09-01T10:26:29.022+0000] {taskinstance.py:2306} INFO - Starting attempt 1 of 11
[2025-09-01T10:26:29.036+0000] {taskinstance.py:2330} INFO - Executing <Task(PythonOperator): foreign_HNX> on 2025-08-31 17:25:00+00:00
[2025-09-01T10:26:29.044+0000] {standard_task_runner.py:63} INFO - Started process 2318364 to run task
[2025-09-01T10:26:29.049+0000] {standard_task_runner.py:90} INFO - Running: ['***', 'tasks', 'run', 'market_table_foreign', 'foreign_HNX', 'scheduled__2025-08-31T17:25:00+00:00', '--job-id', '42254', '--raw', '--subdir', 'DAGS_FOLDER/dag_market_live.py', '--cfg-path', '/tmp/tmphd111r62']
[2025-09-01T10:26:29.052+0000] {standard_task_runner.py:91} INFO - Job 42254: Subtask foreign_HNX
[2025-09-01T10:26:29.102+0000] {task_command.py:426} INFO - Running <TaskInstance: market_table_foreign.foreign_HNX scheduled__2025-08-31T17:25:00+00:00 [running]> on host 1877907bc043
[2025-09-01T10:26:29.217+0000] {taskinstance.py:2648} INFO - Exporting env vars: AIRFLOW_CTX_DAG_OWNER='***' AIRFLOW_CTX_DAG_ID='market_table_foreign' AIRFLOW_CTX_TASK_ID='foreign_HNX' AIRFLOW_CTX_EXECUTION_DATE='2025-08-31T17:25:00+00:00' AIRFLOW_CTX_TRY_NUMBER='1' AIRFLOW_CTX_DAG_RUN_ID='scheduled__2025-08-31T17:25:00+00:00'
[2025-09-01T10:26:29.219+0000] {taskinstance.py:430} INFO - ::endgroup::
[2025-09-01T10:26:29.234+0000] {foreign_HNX.py:17} INFO - Kết nối DB
[2025-09-01T10:26:29.531+0000] {foreign_HNX.py:42} INFO - Đã lưu foreign_HNX
[2025-09-01T10:26:29.532+0000] {python.py:237} INFO - Done. Returned value was: None
[2025-09-01T10:26:29.533+0000] {taskinstance.py:441} INFO - ::group::Post task execution logs
[2025-09-01T10:26:29.544+0000] {taskinstance.py:1206} INFO - Marking task as SUCCESS. dag_id=market_table_foreign, task_id=foreign_HNX, run_id=scheduled__2025-08-31T17:25:00+00:00, execution_date=20250831T172500, start_date=20250901T102629, end_date=20250901T102629
[2025-09-01T10:26:29.581+0000] {local_task_job_runner.py:240} INFO - Task exited with return code 0
[2025-09-01T10:26:29.599+0000] {local_task_job_runner.py:222} INFO - ::endgroup::
[2025-09-01T10:27:38.235+0000] {local_task_job_runner.py:120} INFO - ::group::Pre task execution logs
[2025-09-01T10:27:38.263+0000] {taskinstance.py:2076} INFO - Dependencies all met for dep_context=non-requeueable deps ti=<TaskInstance: market_table_foreign.foreign_HNX scheduled__2025-08-31T17:25:00+00:00 [queued]>
[2025-09-01T10:27:38.273+0000] {taskinstance.py:2076} INFO - Dependencies all met for dep_context=requeueable deps ti=<TaskInstance: market_table_foreign.foreign_HNX scheduled__2025-08-31T17:25:00+00:00 [queued]>
[2025-09-01T10:27:38.274+0000] {taskinstance.py:2306} INFO - Starting attempt 1 of 11
[2025-09-01T10:27:38.288+0000] {taskinstance.py:2330} INFO - Executing <Task(PythonOperator): foreign_HNX> on 2025-08-31 17:25:00+00:00
[2025-09-01T10:27:38.296+0000] {standard_task_runner.py:63} INFO - Started process 2319192 to run task
[2025-09-01T10:27:38.300+0000] {standard_task_runner.py:90} INFO - Running: ['***', 'tasks', 'run', 'market_table_foreign', 'foreign_HNX', 'scheduled__2025-08-31T17:25:00+00:00', '--job-id', '42495', '--raw', '--subdir', 'DAGS_FOLDER/dag_market_live.py', '--cfg-path', '/tmp/tmpygxxc6r0']
[2025-09-01T10:27:38.303+0000] {standard_task_runner.py:91} INFO - Job 42495: Subtask foreign_HNX
[2025-09-01T10:27:38.355+0000] {task_command.py:426} INFO - Running <TaskInstance: market_table_foreign.foreign_HNX scheduled__2025-08-31T17:25:00+00:00 [running]> on host 1877907bc043
[2025-09-01T10:27:38.475+0000] {taskinstance.py:2648} INFO - Exporting env vars: AIRFLOW_CTX_DAG_OWNER='***' AIRFLOW_CTX_DAG_ID='market_table_foreign' AIRFLOW_CTX_TASK_ID='foreign_HNX' AIRFLOW_CTX_EXECUTION_DATE='2025-08-31T17:25:00+00:00' AIRFLOW_CTX_TRY_NUMBER='1' AIRFLOW_CTX_DAG_RUN_ID='scheduled__2025-08-31T17:25:00+00:00'
[2025-09-01T10:27:38.477+0000] {taskinstance.py:430} INFO - ::endgroup::
[2025-09-01T10:27:38.491+0000] {foreign_HNX.py:17} INFO - Kết nối DB
[2025-09-01T10:27:38.876+0000] {foreign_HNX.py:42} INFO - Đã lưu foreign_HNX
[2025-09-01T10:27:38.877+0000] {python.py:237} INFO - Done. Returned value was: None
[2025-09-01T10:27:38.878+0000] {taskinstance.py:441} INFO - ::group::Post task execution logs
[2025-09-01T10:27:38.888+0000] {taskinstance.py:1206} INFO - Marking task as SUCCESS. dag_id=market_table_foreign, task_id=foreign_HNX, run_id=scheduled__2025-08-31T17:25:00+00:00, execution_date=20250831T172500, start_date=20250901T102738, end_date=20250901T102738
[2025-09-01T10:27:38.954+0000] {local_task_job_runner.py:240} INFO - Task exited with return code 0
[2025-09-01T10:27:38.982+0000] {taskinstance.py:3498} INFO - 0 downstream tasks scheduled from follow-on schedule check
[2025-09-01T10:27:38.983+0000] {local_task_job_runner.py:222} INFO - ::endgroup::
