[2025-08-30T15:50:01.240+0000] {local_task_job_runner.py:120} INFO - ::group::Pre task execution logs
[2025-08-30T15:50:01.267+0000] {taskinstance.py:2076} INFO - Dependencies all met for dep_context=non-requeueable deps ti=<TaskInstance: crypto_collector_dag.run_crypto_collector scheduled__2025-08-30T15:49:00+00:00 [queued]>
[2025-08-30T15:50:01.275+0000] {taskinstance.py:2076} INFO - Dependencies all met for dep_context=requeueable deps ti=<TaskInstance: crypto_collector_dag.run_crypto_collector scheduled__2025-08-30T15:49:00+00:00 [queued]>
[2025-08-30T15:50:01.276+0000] {taskinstance.py:2306} INFO - Starting attempt 1 of 2
[2025-08-30T15:50:01.287+0000] {taskinstance.py:2330} INFO - Executing <Task(BashOperator): run_crypto_collector> on 2025-08-30 15:49:00+00:00
[2025-08-30T15:50:01.293+0000] {standard_task_runner.py:63} INFO - Started process 2029296 to run task
[2025-08-30T15:50:01.298+0000] {standard_task_runner.py:90} INFO - Running: ['***', 'tasks', 'run', 'crypto_collector_dag', 'run_crypto_collector', 'scheduled__2025-08-30T15:49:00+00:00', '--job-id', '35447', '--raw', '--subdir', 'DAGS_FOLDER/crawl_crypto/dags_crypto.py', '--cfg-path', '/tmp/tmpa9rlb2dd']
[2025-08-30T15:50:01.300+0000] {standard_task_runner.py:91} INFO - Job 35447: Subtask run_crypto_collector
[2025-08-30T15:50:01.364+0000] {task_command.py:426} INFO - Running <TaskInstance: crypto_collector_dag.run_crypto_collector scheduled__2025-08-30T15:49:00+00:00 [running]> on host 1877907bc043
[2025-08-30T15:50:01.479+0000] {taskinstance.py:2648} INFO - Exporting env vars: AIRFLOW_CTX_DAG_OWNER='***' AIRFLOW_CTX_DAG_ID='crypto_collector_dag' AIRFLOW_CTX_TASK_ID='run_crypto_collector' AIRFLOW_CTX_EXECUTION_DATE='2025-08-30T15:49:00+00:00' AIRFLOW_CTX_TRY_NUMBER='1' AIRFLOW_CTX_DAG_RUN_ID='scheduled__2025-08-30T15:49:00+00:00'
[2025-08-30T15:50:01.480+0000] {taskinstance.py:430} INFO - ::endgroup::
[2025-08-30T15:50:01.496+0000] {subprocess.py:63} INFO - Tmp dir root location: /tmp
[2025-08-30T15:50:01.497+0000] {subprocess.py:75} INFO - Running command: ['/usr/bin/bash', '-c', 'python3 /opt/***/dags/crawl_crypto/crawl_data_crypto.py']
[2025-08-30T15:50:01.510+0000] {subprocess.py:86} INFO - Output:
[2025-08-30T15:50:59.933+0000] {subprocess.py:93} INFO - 🔹 Kết nối DB...
[2025-08-30T15:50:59.934+0000] {subprocess.py:93} INFO - 🔹 Lấy top 100 crypto...
[2025-08-30T15:50:59.934+0000] {subprocess.py:93} INFO - Top 100: ['ETHUSDT', 'BTCUSDT', 'USDCUSDT', 'SOLUSDT', 'FDUSDUSDT', 'XRPUSDT', 'DOGEUSDT', 'PYTHUSDT', 'SUIUSDT', 'BNBUSDT', 'ENAUSDT', 'TRXUSDT', 'ADAUSDT', 'BONKUSDT', 'LINKUSDT', 'PEPEUSDT', 'PLUMEUSDT', 'ARBUSDT', 'PENGUUSDT', 'CFXUSDT', 'AVAXUSDT', 'DOLOUSDT', 'AAVEUSDT', 'SKLUSDT', 'MITOUSDT', 'LTCUSDT', 'REDUSDT', 'BIOUSDT', 'HBARUSDT', 'UNIUSDT', 'SPKUSDT', 'QTUMUSDT', 'USD1USDT', 'MAVUSDT', 'SEIUSDT', 'XLMUSDT', 'WIFUSDT', 'BCHUSDT', 'DOTUSDT', 'HOOKUSDT', 'TONUSDT', 'WUSDT', 'TRUMPUSDT', 'BBUSDT', 'LDOUSDT', 'RAYUSDT', 'POLUSDT', 'SHIBUSDT', 'APTUSDT', 'SYRUPUSDT', 'OPUSDT', 'NEARUSDT', 'ONDOUSDT', 'SUSDT', 'PNUTUSDT', 'ETHFIUSDT', 'FLOKIUSDT', 'TAOUSDT', 'PAXGUSDT', 'WLDUSDT', 'PENDLEUSDT', 'MEMEUSDT', 'BERAUSDT', 'TREEUSDT', 'NEOUSDT', 'NMRUSDT', 'TIAUSDT', 'CRVUSDT', 'TOWNSUSDT', 'FILUSDT', 'EURUSDT', 'OMUSDT', 'LPTUSDT', 'NEIROUSDT', 'MAGICUSDT', 'FORMUSDT', 'OGNUSDT', 'CUSDT', 'CITYUSDT', 'ONTUSDT', 'INJUSDT', 'CATIUSDT', 'PROVEUSDT', 'VIRTUALUSDT', 'RENDERUSDT', 'ORDIUSDT', 'BFUSDUSDT', 'ETCUSDT', 'JUPUSDT', 'XUSDUSDT', 'ICPUSDT', 'A2ZUSDT', 'NTRNUSDT', 'GALAUSDT', 'CAKEUSDT', 'HYPERUSDT', 'RUNEUSDT', 'ALGOUSDT', 'ATOMUSDT', 'FETUSDT']
[2025-08-30T15:50:59.935+0000] {subprocess.py:93} INFO - 🔹 Lưu lịch sử giá vào DB bằng threading...
[2025-08-30T15:50:59.935+0000] {subprocess.py:93} INFO - ✅ BTCUSDT: thêm 1 dòng mới
[2025-08-30T15:50:59.935+0000] {subprocess.py:93} INFO - 1/100 BTCUSDT lưu OK
[2025-08-30T15:50:59.935+0000] {subprocess.py:93} INFO - ✅ ETHUSDT: thêm 1 dòng mới
[2025-08-30T15:50:59.936+0000] {subprocess.py:93} INFO - 2/100 ETHUSDT lưu OK
[2025-08-30T15:50:59.936+0000] {subprocess.py:93} INFO - ✅ BNBUSDT: thêm 1 dòng mới
[2025-08-30T15:50:59.936+0000] {subprocess.py:93} INFO - ✅ USDCUSDT: thêm 1 dòng mới
[2025-08-30T15:50:59.937+0000] {subprocess.py:93} INFO - 3/100 BNBUSDT lưu OK
[2025-08-30T15:50:59.937+0000] {subprocess.py:93} INFO - 4/100 USDCUSDT lưu OK
[2025-08-30T15:50:59.937+0000] {subprocess.py:93} INFO - ✅ XRPUSDT: thêm 1 dòng mới
[2025-08-30T15:50:59.937+0000] {subprocess.py:93} INFO - 5/100 XRPUSDT lưu OK
[2025-08-30T15:50:59.938+0000] {subprocess.py:93} INFO - ✅ SOLUSDT: thêm 1 dòng mới
[2025-08-30T15:50:59.938+0000] {subprocess.py:93} INFO - 6/100 SOLUSDT lưu OK
[2025-08-30T15:50:59.938+0000] {subprocess.py:93} INFO - ✅ DOGEUSDT: thêm 1 dòng mới
[2025-08-30T15:50:59.939+0000] {subprocess.py:93} INFO - 7/100 DOGEUSDT lưu OK
[2025-08-30T15:50:59.939+0000] {subprocess.py:93} INFO - 8/100 PYTHUSDT lỗi: relation "cryptocurrency.pythusdt" does not exist
[2025-08-30T15:50:59.939+0000] {subprocess.py:93} INFO - LINE 1: SELECT MAX(time) FROM cryptocurrency.pythusdt;
[2025-08-30T15:50:59.939+0000] {subprocess.py:93} INFO -                               ^
[2025-08-30T15:50:59.940+0000] {subprocess.py:93} INFO - 
[2025-08-30T15:50:59.940+0000] {subprocess.py:93} INFO - ✅ SUIUSDT: thêm 1 dòng mới
[2025-08-30T15:50:59.940+0000] {subprocess.py:93} INFO - 9/100 SUIUSDT lưu OK
[2025-08-30T15:50:59.940+0000] {subprocess.py:93} INFO - ✅ FDUSDUSDT: thêm 1 dòng mới
[2025-08-30T15:50:59.941+0000] {subprocess.py:93} INFO - 10/100 FDUSDUSDT lưu OK
[2025-08-30T15:50:59.941+0000] {subprocess.py:93} INFO - ✅ PEPEUSDT: thêm 1 dòng mới
[2025-08-30T15:50:59.941+0000] {subprocess.py:93} INFO - 11/100 PEPEUSDT lưu OK
[2025-08-30T15:50:59.942+0000] {subprocess.py:93} INFO - ✅ AVAXUSDT: thêm 1 dòng mới
[2025-08-30T15:50:59.942+0000] {subprocess.py:93} INFO - 12/100 AVAXUSDT lưu OK
[2025-08-30T15:50:59.942+0000] {subprocess.py:93} INFO - 13/100 DOLOUSDT lỗi: relation "cryptocurrency.dolousdt" does not exist
[2025-08-30T15:50:59.942+0000] {subprocess.py:93} INFO - LINE 1: SELECT MAX(time) FROM cryptocurrency.dolousdt;
[2025-08-30T15:50:59.943+0000] {subprocess.py:93} INFO -                               ^
[2025-08-30T15:50:59.943+0000] {subprocess.py:93} INFO - 
[2025-08-30T15:50:59.943+0000] {subprocess.py:93} INFO - ✅ ENAUSDT: thêm 1 dòng mới
[2025-08-30T15:50:59.943+0000] {subprocess.py:93} INFO - 14/100 ENAUSDT lưu OK
[2025-08-30T15:50:59.944+0000] {subprocess.py:93} INFO - ✅ AAVEUSDT: thêm 1 dòng mới
[2025-08-30T15:50:59.944+0000] {subprocess.py:93} INFO - ✅ PENGUUSDT: thêm 1 dòng mới
[2025-08-30T15:50:59.944+0000] {subprocess.py:93} INFO - 15/100 AAVEUSDT lưu OK
[2025-08-30T15:50:59.944+0000] {subprocess.py:93} INFO - 16/100 PENGUUSDT lưu OK
[2025-08-30T15:50:59.945+0000] {subprocess.py:93} INFO - ✅ CFXUSDT: thêm 1 dòng mới
[2025-08-30T15:50:59.945+0000] {subprocess.py:93} INFO - 17/100 CFXUSDT lưu OK
[2025-08-30T15:50:59.945+0000] {subprocess.py:93} INFO - ✅ ADAUSDT: thêm 1 dòng mới
[2025-08-30T15:50:59.945+0000] {subprocess.py:93} INFO - 18/100 ADAUSDT lưu OK
[2025-08-30T15:50:59.946+0000] {subprocess.py:93} INFO - 19/100 BIOUSDT lỗi: relation "cryptocurrency.biousdt" does not exist
[2025-08-30T15:50:59.946+0000] {subprocess.py:93} INFO - LINE 1: SELECT MAX(time) FROM cryptocurrency.biousdt;
[2025-08-30T15:50:59.946+0000] {subprocess.py:93} INFO -                               ^
[2025-08-30T15:50:59.946+0000] {subprocess.py:93} INFO - 
[2025-08-30T15:50:59.947+0000] {subprocess.py:93} INFO - ✅ HBARUSDT: thêm 1 dòng mới
[2025-08-30T15:50:59.947+0000] {subprocess.py:93} INFO - 20/100 HBARUSDT lưu OK
[2025-08-30T15:50:59.947+0000] {subprocess.py:93} INFO - ✅ UNIUSDT: thêm 1 dòng mới
[2025-08-30T15:50:59.947+0000] {subprocess.py:93} INFO - 21/100 UNIUSDT lưu OK
[2025-08-30T15:50:59.948+0000] {subprocess.py:93} INFO - ✅ SPKUSDT: thêm 1 dòng mới
[2025-08-30T15:50:59.948+0000] {subprocess.py:93} INFO - 22/100 SPKUSDT lưu OK
[2025-08-30T15:50:59.948+0000] {subprocess.py:93} INFO - ✅ SKLUSDT: thêm 1 dòng mới
[2025-08-30T15:50:59.948+0000] {subprocess.py:93} INFO - 23/100 SKLUSDT lưu OK
[2025-08-30T15:50:59.949+0000] {subprocess.py:93} INFO - ✅ LTCUSDT: thêm 1 dòng mới
[2025-08-30T15:50:59.949+0000] {subprocess.py:93} INFO - 24/100 LTCUSDT lưu OK
[2025-08-30T15:50:59.949+0000] {subprocess.py:93} INFO - 25/100 REDUSDT lỗi: relation "cryptocurrency.redusdt" does not exist
[2025-08-30T15:50:59.949+0000] {subprocess.py:93} INFO - LINE 1: SELECT MAX(time) FROM cryptocurrency.redusdt;
[2025-08-30T15:50:59.950+0000] {subprocess.py:93} INFO -                               ^
[2025-08-30T15:50:59.950+0000] {subprocess.py:93} INFO - 
[2025-08-30T15:50:59.950+0000] {subprocess.py:93} INFO - 26/100 MITOUSDT lỗi: relation "cryptocurrency.mitousdt" does not exist
[2025-08-30T15:50:59.950+0000] {subprocess.py:93} INFO - LINE 1: SELECT MAX(time) FROM cryptocurrency.mitousdt;
[2025-08-30T15:50:59.951+0000] {subprocess.py:93} INFO -                               ^
[2025-08-30T15:50:59.951+0000] {subprocess.py:93} INFO - 
[2025-08-30T15:50:59.951+0000] {subprocess.py:93} INFO - 27/100 USD1USDT lỗi: relation "cryptocurrency.usd1usdt" does not exist
[2025-08-30T15:50:59.951+0000] {subprocess.py:93} INFO - LINE 1: SELECT MAX(time) FROM cryptocurrency.usd1usdt;
[2025-08-30T15:50:59.952+0000] {subprocess.py:93} INFO -                               ^
[2025-08-30T15:50:59.952+0000] {subprocess.py:93} INFO - 
[2025-08-30T15:50:59.952+0000] {subprocess.py:93} INFO - ✅ MAVUSDT: thêm 1 dòng mới
[2025-08-30T15:50:59.952+0000] {subprocess.py:93} INFO - 28/100 MAVUSDT lưu OK
[2025-08-30T15:50:59.953+0000] {subprocess.py:93} INFO - ⚠️ XLMUSDT lỗi lần 1/3: HTTPSConnectionPool(host='api.binance.com', port=443): Max retries exceeded with url: /api/v3/klines?symbol=XLMUSDT&interval=1m&limit=100 (Caused by ConnectTimeoutError(<urllib3.connection.HTTPSConnection object at 0x7f4d541843a0>, 'Connection to api.binance.com timed out. (connect timeout=15)'))
[2025-08-30T15:50:59.953+0000] {subprocess.py:93} INFO - ⚠️ WIFUSDT lỗi lần 1/3: HTTPSConnectionPool(host='api.binance.com', port=443): Max retries exceeded with url: /api/v3/klines?symbol=WIFUSDT&interval=1m&limit=100 (Caused by ConnectTimeoutError(<urllib3.connection.HTTPSConnection object at 0x7f4d541866e0>, 'Connection to api.binance.com timed out. (connect timeout=15)'))
[2025-08-30T15:50:59.953+0000] {subprocess.py:93} INFO - ✅ XLMUSDT: thêm 1 dòng mới
[2025-08-30T15:50:59.954+0000] {subprocess.py:93} INFO - 29/100 XLMUSDT lưu OK
[2025-08-30T15:50:59.954+0000] {subprocess.py:93} INFO - ⚠️ BCHUSDT lỗi lần 1/3: HTTPSConnectionPool(host='api.binance.com', port=443): Max retries exceeded with url: /api/v3/klines?symbol=BCHUSDT&interval=1m&limit=100 (Caused by ConnectTimeoutError(<urllib3.connection.HTTPSConnection object at 0x7f4d54187280>, 'Connection to api.binance.com timed out. (connect timeout=15)'))
[2025-08-30T15:50:59.954+0000] {subprocess.py:93} INFO - ✅ SEIUSDT: thêm 1 dòng mới
[2025-08-30T15:50:59.954+0000] {subprocess.py:93} INFO - 30/100 SEIUSDT lưu OK
[2025-08-30T15:50:59.955+0000] {subprocess.py:93} INFO - ✅ BCHUSDT: thêm 1 dòng mới
[2025-08-30T15:50:59.955+0000] {subprocess.py:93} INFO - 31/100 BCHUSDT lưu OK
[2025-08-30T15:50:59.955+0000] {subprocess.py:93} INFO - ✅ TONUSDT: thêm 1 dòng mới
[2025-08-30T15:50:59.955+0000] {subprocess.py:93} INFO - 32/100 TONUSDT lưu OK
[2025-08-30T15:50:59.956+0000] {subprocess.py:93} INFO - 33/100 HOOKUSDT lỗi: relation "cryptocurrency.hookusdt" does not exist
[2025-08-30T15:50:59.956+0000] {subprocess.py:93} INFO - LINE 1: SELECT MAX(time) FROM cryptocurrency.hookusdt;
[2025-08-30T15:50:59.956+0000] {subprocess.py:93} INFO -                               ^
[2025-08-30T15:50:59.956+0000] {subprocess.py:93} INFO - 
[2025-08-30T15:50:59.957+0000] {subprocess.py:93} INFO - 34/100 WUSDT lỗi: relation "cryptocurrency.wusdt" does not exist
[2025-08-30T15:50:59.957+0000] {subprocess.py:93} INFO - LINE 1: SELECT MAX(time) FROM cryptocurrency.wusdt;
[2025-08-30T15:50:59.957+0000] {subprocess.py:93} INFO -                               ^
[2025-08-30T15:50:59.957+0000] {subprocess.py:93} INFO - 
[2025-08-30T15:50:59.957+0000] {subprocess.py:93} INFO - ⚠️ WIFUSDT lỗi lần 2/3: HTTPSConnectionPool(host='api.binance.com', port=443): Max retries exceeded with url: /api/v3/klines?symbol=WIFUSDT&interval=1m&limit=100 (Caused by ConnectTimeoutError(<urllib3.connection.HTTPSConnection object at 0x7f4d541543d0>, 'Connection to api.binance.com timed out. (connect timeout=15)'))
[2025-08-30T15:50:59.958+0000] {subprocess.py:93} INFO - ⚠️ DOTUSDT lỗi lần 1/3: HTTPSConnectionPool(host='api.binance.com', port=443): Max retries exceeded with url: /api/v3/klines?symbol=DOTUSDT&interval=1m&limit=100 (Caused by ConnectTimeoutError(<urllib3.connection.HTTPSConnection object at 0x7f4d54185d80>, 'Connection to api.binance.com timed out. (connect timeout=15)'))
[2025-08-30T15:50:59.958+0000] {subprocess.py:93} INFO - 35/100 BBUSDT lỗi: relation "cryptocurrency.bbusdt" does not exist
[2025-08-30T15:50:59.958+0000] {subprocess.py:93} INFO - LINE 1: SELECT MAX(time) FROM cryptocurrency.bbusdt;
[2025-08-30T15:50:59.958+0000] {subprocess.py:93} INFO -                               ^
[2025-08-30T15:50:59.959+0000] {subprocess.py:93} INFO - 
[2025-08-30T15:50:59.959+0000] {subprocess.py:93} INFO - ✅ WIFUSDT: thêm 1 dòng mới
[2025-08-30T15:50:59.959+0000] {subprocess.py:93} INFO - 36/100 WIFUSDT lưu OK
[2025-08-30T15:50:59.959+0000] {subprocess.py:93} INFO - ✅ RAYUSDT: thêm 1 dòng mới
[2025-08-30T15:50:59.960+0000] {subprocess.py:93} INFO - 37/100 RAYUSDT lưu OK
[2025-08-30T15:50:59.960+0000] {subprocess.py:93} INFO - ✅ TRUMPUSDT: thêm 1 dòng mới
[2025-08-30T15:50:59.960+0000] {subprocess.py:93} INFO - 38/100 TRUMPUSDT lưu OK
[2025-08-30T15:50:59.960+0000] {subprocess.py:93} INFO - ✅ SHIBUSDT: thêm 1 dòng mới
[2025-08-30T15:50:59.961+0000] {subprocess.py:93} INFO - 39/100 SHIBUSDT lưu OK
[2025-08-30T15:50:59.961+0000] {subprocess.py:93} INFO - ✅ APTUSDT: thêm 1 dòng mới
[2025-08-30T15:50:59.961+0000] {subprocess.py:93} INFO - 40/100 APTUSDT lưu OK
[2025-08-30T15:50:59.961+0000] {subprocess.py:93} INFO - ✅ SYRUPUSDT: thêm 1 dòng mới
[2025-08-30T15:50:59.962+0000] {subprocess.py:93} INFO - 41/100 SYRUPUSDT lưu OK
[2025-08-30T15:50:59.962+0000] {subprocess.py:93} INFO - ✅ OPUSDT: thêm 1 dòng mới
[2025-08-30T15:50:59.962+0000] {subprocess.py:93} INFO - 42/100 OPUSDT lưu OK
[2025-08-30T15:50:59.962+0000] {subprocess.py:93} INFO - ✅ NEARUSDT: thêm 1 dòng mới
[2025-08-30T15:50:59.963+0000] {subprocess.py:93} INFO - 43/100 NEARUSDT lưu OK
[2025-08-30T15:50:59.963+0000] {subprocess.py:93} INFO - ✅ ONDOUSDT: thêm 1 dòng mới
[2025-08-30T15:50:59.963+0000] {subprocess.py:93} INFO - 44/100 ONDOUSDT lưu OK
[2025-08-30T15:50:59.963+0000] {subprocess.py:93} INFO - ✅ SUSDT: thêm 1 dòng mới
[2025-08-30T15:50:59.964+0000] {subprocess.py:93} INFO - 45/100 SUSDT lưu OK
[2025-08-30T15:50:59.964+0000] {subprocess.py:93} INFO - ✅ PNUTUSDT: thêm 1 dòng mới
[2025-08-30T15:50:59.964+0000] {subprocess.py:93} INFO - 46/100 PNUTUSDT lưu OK
[2025-08-30T15:50:59.964+0000] {subprocess.py:93} INFO - ✅ POLUSDT: thêm 1 dòng mới
[2025-08-30T15:50:59.964+0000] {subprocess.py:93} INFO - 47/100 POLUSDT lưu OK
[2025-08-30T15:50:59.965+0000] {subprocess.py:93} INFO - ✅ ETHFIUSDT: thêm 1 dòng mới
[2025-08-30T15:50:59.965+0000] {subprocess.py:93} INFO - 48/100 ETHFIUSDT lưu OK
[2025-08-30T15:50:59.965+0000] {subprocess.py:93} INFO - ✅ FLOKIUSDT: thêm 1 dòng mới
[2025-08-30T15:50:59.965+0000] {subprocess.py:93} INFO - 49/100 FLOKIUSDT lưu OK
[2025-08-30T15:50:59.966+0000] {subprocess.py:93} INFO - ✅ TAOUSDT: thêm 1 dòng mới
[2025-08-30T15:50:59.966+0000] {subprocess.py:93} INFO - 50/100 TAOUSDT lưu OK
[2025-08-30T15:50:59.966+0000] {subprocess.py:93} INFO - 51/100 PAXGUSDT lỗi: relation "cryptocurrency.paxgusdt" does not exist
[2025-08-30T15:50:59.966+0000] {subprocess.py:93} INFO - LINE 1: SELECT MAX(time) FROM cryptocurrency.paxgusdt;
[2025-08-30T15:50:59.967+0000] {subprocess.py:93} INFO -                               ^
[2025-08-30T15:50:59.967+0000] {subprocess.py:93} INFO - 
[2025-08-30T15:50:59.967+0000] {subprocess.py:93} INFO - ✅ WLDUSDT: thêm 1 dòng mới
[2025-08-30T15:50:59.967+0000] {subprocess.py:93} INFO - 52/100 WLDUSDT lưu OK
[2025-08-30T15:50:59.968+0000] {subprocess.py:93} INFO - ✅ PENDLEUSDT: thêm 1 dòng mới
[2025-08-30T15:50:59.968+0000] {subprocess.py:93} INFO - 53/100 PENDLEUSDT lưu OK
[2025-08-30T15:50:59.968+0000] {subprocess.py:93} INFO - 54/100 MEMEUSDT lỗi: relation "cryptocurrency.memeusdt" does not exist
[2025-08-30T15:50:59.968+0000] {subprocess.py:93} INFO - LINE 1: SELECT MAX(time) FROM cryptocurrency.memeusdt;
[2025-08-30T15:50:59.969+0000] {subprocess.py:93} INFO -                               ^
[2025-08-30T15:50:59.969+0000] {subprocess.py:93} INFO - 
[2025-08-30T15:50:59.969+0000] {subprocess.py:93} INFO - ✅ BERAUSDT: thêm 1 dòng mới
[2025-08-30T15:50:59.969+0000] {subprocess.py:93} INFO - 55/100 BERAUSDT lưu OK
[2025-08-30T15:50:59.969+0000] {subprocess.py:93} INFO - 56/100 TREEUSDT lỗi: relation "cryptocurrency.treeusdt" does not exist
[2025-08-30T15:50:59.970+0000] {subprocess.py:93} INFO - LINE 1: SELECT MAX(time) FROM cryptocurrency.treeusdt;
[2025-08-30T15:50:59.970+0000] {subprocess.py:93} INFO -                               ^
[2025-08-30T15:50:59.970+0000] {subprocess.py:93} INFO - 
[2025-08-30T15:50:59.970+0000] {subprocess.py:93} INFO - ⚠️ DOTUSDT lỗi lần 2/3: HTTPSConnectionPool(host='api.binance.com', port=443): Max retries exceeded with url: /api/v3/klines?symbol=DOTUSDT&interval=1m&limit=100 (Caused by ConnectTimeoutError(<urllib3.connection.HTTPSConnection object at 0x7f4d5413cfd0>, 'Connection to api.binance.com timed out. (connect timeout=15)'))
[2025-08-30T15:50:59.971+0000] {subprocess.py:93} INFO - 57/100 NEOUSDT lỗi: relation "cryptocurrency.neousdt" does not exist
[2025-08-30T15:50:59.971+0000] {subprocess.py:93} INFO - LINE 1: SELECT MAX(time) FROM cryptocurrency.neousdt;
[2025-08-30T15:50:59.971+0000] {subprocess.py:93} INFO -                               ^
[2025-08-30T15:50:59.971+0000] {subprocess.py:93} INFO - 
[2025-08-30T15:50:59.972+0000] {subprocess.py:93} INFO - ⚠️ LDOUSDT lỗi lần 1/3: HTTPSConnectionPool(host='api.binance.com', port=443): Max retries exceeded with url: /api/v3/klines?symbol=LDOUSDT&interval=1m&limit=100 (Caused by ConnectTimeoutError(<urllib3.connection.HTTPSConnection object at 0x7f4d54155d80>, 'Connection to api.binance.com timed out. (connect timeout=15)'))
[2025-08-30T15:51:14.899+0000] {subprocess.py:93} INFO - 58/100 NMRUSDT lỗi: relation "cryptocurrency.nmrusdt" does not exist
[2025-08-30T15:51:14.899+0000] {subprocess.py:93} INFO - LINE 1: SELECT MAX(time) FROM cryptocurrency.nmrusdt;
[2025-08-30T15:51:14.900+0000] {subprocess.py:93} INFO -                               ^
[2025-08-30T15:51:14.900+0000] {subprocess.py:93} INFO - 
[2025-08-30T15:51:14.900+0000] {subprocess.py:93} INFO - ✅ TIAUSDT: thêm 1 dòng mới
[2025-08-30T15:51:14.900+0000] {subprocess.py:93} INFO - 59/100 TIAUSDT lưu OK
[2025-08-30T15:51:14.900+0000] {subprocess.py:93} INFO - ✅ CRVUSDT: thêm 2 dòng mới
[2025-08-30T15:51:14.901+0000] {subprocess.py:93} INFO - 60/100 CRVUSDT lưu OK
[2025-08-30T15:51:14.901+0000] {subprocess.py:93} INFO - ✅ TOWNSUSDT: thêm 1 dòng mới
[2025-08-30T15:51:14.901+0000] {subprocess.py:93} INFO - 61/100 TOWNSUSDT lưu OK
[2025-08-30T15:51:14.901+0000] {subprocess.py:93} INFO - ✅ FILUSDT: thêm 1 dòng mới
[2025-08-30T15:51:14.902+0000] {subprocess.py:93} INFO - 62/100 FILUSDT lưu OK
[2025-08-30T15:51:14.902+0000] {subprocess.py:93} INFO - ✅ EURUSDT: thêm 2 dòng mới
[2025-08-30T15:51:14.902+0000] {subprocess.py:93} INFO - 63/100 EURUSDT lưu OK
[2025-08-30T15:51:14.902+0000] {subprocess.py:93} INFO - ✅ OMUSDT: thêm 1 dòng mới
[2025-08-30T15:51:14.902+0000] {subprocess.py:93} INFO - 64/100 OMUSDT lưu OK
[2025-08-30T15:51:14.903+0000] {subprocess.py:93} INFO - 65/100 LPTUSDT lỗi: relation "cryptocurrency.lptusdt" does not exist
[2025-08-30T15:51:14.903+0000] {subprocess.py:93} INFO - LINE 1: SELECT MAX(time) FROM cryptocurrency.lptusdt;
[2025-08-30T15:51:14.903+0000] {subprocess.py:93} INFO -                               ^
[2025-08-30T15:51:14.903+0000] {subprocess.py:93} INFO - 
[2025-08-30T15:51:14.904+0000] {subprocess.py:93} INFO - ✅ NEIROUSDT: thêm 1 dòng mới
[2025-08-30T15:51:14.904+0000] {subprocess.py:93} INFO - 66/100 NEIROUSDT lưu OK
[2025-08-30T15:51:14.904+0000] {subprocess.py:93} INFO - ✅ MAGICUSDT: thêm 2 dòng mới
[2025-08-30T15:51:14.904+0000] {subprocess.py:93} INFO - 67/100 MAGICUSDT lưu OK
[2025-08-30T15:51:14.904+0000] {subprocess.py:93} INFO - 68/100 FORMUSDT lỗi: relation "cryptocurrency.formusdt" does not exist
[2025-08-30T15:51:14.905+0000] {subprocess.py:93} INFO - LINE 1: SELECT MAX(time) FROM cryptocurrency.formusdt;
[2025-08-30T15:51:14.905+0000] {subprocess.py:93} INFO -                               ^
[2025-08-30T15:51:14.905+0000] {subprocess.py:93} INFO - 
[2025-08-30T15:51:14.905+0000] {subprocess.py:93} INFO - ✅ OGNUSDT: thêm 2 dòng mới
[2025-08-30T15:51:14.905+0000] {subprocess.py:93} INFO - 69/100 OGNUSDT lưu OK
[2025-08-30T15:51:14.906+0000] {subprocess.py:93} INFO - 70/100 CUSDT lỗi: relation "cryptocurrency.cusdt" does not exist
[2025-08-30T15:51:14.906+0000] {subprocess.py:93} INFO - LINE 1: SELECT MAX(time) FROM cryptocurrency.cusdt;
[2025-08-30T15:51:14.906+0000] {subprocess.py:93} INFO -                               ^
[2025-08-30T15:51:14.906+0000] {subprocess.py:93} INFO - 
[2025-08-30T15:51:14.906+0000] {subprocess.py:93} INFO - 71/100 CITYUSDT lỗi: relation "cryptocurrency.cityusdt" does not exist
[2025-08-30T15:51:14.907+0000] {subprocess.py:93} INFO - LINE 1: SELECT MAX(time) FROM cryptocurrency.cityusdt;
[2025-08-30T15:51:14.907+0000] {subprocess.py:93} INFO -                               ^
[2025-08-30T15:51:14.907+0000] {subprocess.py:93} INFO - 
[2025-08-30T15:51:14.907+0000] {subprocess.py:93} INFO - 72/100 ONTUSDT lỗi: relation "cryptocurrency.ontusdt" does not exist
[2025-08-30T15:51:14.908+0000] {subprocess.py:93} INFO - LINE 1: SELECT MAX(time) FROM cryptocurrency.ontusdt;
[2025-08-30T15:51:14.908+0000] {subprocess.py:93} INFO -                               ^
[2025-08-30T15:51:14.908+0000] {subprocess.py:93} INFO - 
[2025-08-30T15:51:14.908+0000] {subprocess.py:93} INFO - ✅ INJUSDT: thêm 2 dòng mới
[2025-08-30T15:51:14.908+0000] {subprocess.py:93} INFO - 73/100 INJUSDT lưu OK
[2025-08-30T15:51:14.909+0000] {subprocess.py:93} INFO - ✅ DOTUSDT: thêm 2 dòng mới
[2025-08-30T15:51:14.909+0000] {subprocess.py:93} INFO - 74/100 DOTUSDT lưu OK
[2025-08-30T15:51:14.909+0000] {subprocess.py:93} INFO - 75/100 CATIUSDT lỗi: relation "cryptocurrency.catiusdt" does not exist
[2025-08-30T15:51:14.909+0000] {subprocess.py:93} INFO - LINE 1: SELECT MAX(time) FROM cryptocurrency.catiusdt;
[2025-08-30T15:51:14.909+0000] {subprocess.py:93} INFO -                               ^
[2025-08-30T15:51:14.910+0000] {subprocess.py:93} INFO - 
[2025-08-30T15:51:14.910+0000] {subprocess.py:93} INFO - ✅ LDOUSDT: thêm 2 dòng mới
[2025-08-30T15:51:14.910+0000] {subprocess.py:93} INFO - 76/100 LDOUSDT lưu OK
[2025-08-30T15:51:14.910+0000] {subprocess.py:93} INFO - ✅ PROVEUSDT: thêm 2 dòng mới
[2025-08-30T15:51:14.910+0000] {subprocess.py:93} INFO - 77/100 PROVEUSDT lưu OK
[2025-08-30T15:51:14.911+0000] {subprocess.py:93} INFO - ✅ VIRTUALUSDT: thêm 2 dòng mới
[2025-08-30T15:51:14.911+0000] {subprocess.py:93} INFO - 78/100 VIRTUALUSDT lưu OK
[2025-08-30T15:51:14.911+0000] {subprocess.py:93} INFO - ✅ RENDERUSDT: thêm 2 dòng mới
[2025-08-30T15:51:14.911+0000] {subprocess.py:93} INFO - 79/100 RENDERUSDT lưu OK
[2025-08-30T15:51:14.912+0000] {subprocess.py:93} INFO - ✅ ORDIUSDT: thêm 2 dòng mới
[2025-08-30T15:51:14.912+0000] {subprocess.py:93} INFO - 80/100 ORDIUSDT lưu OK
[2025-08-30T15:51:14.912+0000] {subprocess.py:93} INFO - 81/100 JUPUSDT lỗi: relation "cryptocurrency.jupusdt" does not exist
[2025-08-30T15:51:14.912+0000] {subprocess.py:93} INFO - LINE 1: SELECT MAX(time) FROM cryptocurrency.jupusdt;
[2025-08-30T15:51:14.912+0000] {subprocess.py:93} INFO -                               ^
[2025-08-30T15:51:14.913+0000] {subprocess.py:93} INFO - 
[2025-08-30T15:51:14.913+0000] {subprocess.py:93} INFO - ✅ ETCUSDT: thêm 2 dòng mới
[2025-08-30T15:51:14.913+0000] {subprocess.py:93} INFO - 82/100 ETCUSDT lưu OK
[2025-08-30T15:51:14.913+0000] {subprocess.py:93} INFO - ✅ BFUSDUSDT: thêm 2 dòng mới
[2025-08-30T15:51:14.913+0000] {subprocess.py:93} INFO - 83/100 BFUSDUSDT lưu OK
[2025-08-30T15:51:14.914+0000] {subprocess.py:93} INFO - ✅ XUSDUSDT: thêm 2 dòng mới
[2025-08-30T15:51:14.914+0000] {subprocess.py:93} INFO - 84/100 XUSDUSDT lưu OK
[2025-08-30T15:51:14.914+0000] {subprocess.py:93} INFO - ✅ A2ZUSDT: thêm 2 dòng mới
[2025-08-30T15:51:14.914+0000] {subprocess.py:93} INFO - 85/100 A2ZUSDT lưu OK
[2025-08-30T15:51:14.914+0000] {subprocess.py:93} INFO - ✅ ICPUSDT: thêm 2 dòng mới
[2025-08-30T15:51:14.915+0000] {subprocess.py:93} INFO - 86/100 NTRNUSDT lỗi: relation "cryptocurrency.ntrnusdt" does not exist
[2025-08-30T15:51:14.915+0000] {subprocess.py:93} INFO - LINE 1: SELECT MAX(time) FROM cryptocurrency.ntrnusdt;
[2025-08-30T15:51:14.915+0000] {subprocess.py:93} INFO -                               ^
[2025-08-30T15:51:14.915+0000] {subprocess.py:93} INFO - 
[2025-08-30T15:51:14.916+0000] {subprocess.py:93} INFO - 87/100 ICPUSDT lưu OK
[2025-08-30T15:51:14.916+0000] {subprocess.py:93} INFO - ✅ GALAUSDT: thêm 2 dòng mới
[2025-08-30T15:51:14.916+0000] {subprocess.py:93} INFO - 88/100 GALAUSDT lưu OK
[2025-08-30T15:51:14.917+0000] {subprocess.py:93} INFO - ✅ CAKEUSDT: thêm 2 dòng mới
[2025-08-30T15:51:14.917+0000] {subprocess.py:93} INFO - 89/100 CAKEUSDT lưu OK
[2025-08-30T15:51:14.917+0000] {subprocess.py:93} INFO - 90/100 RUNEUSDT lỗi: relation "cryptocurrency.runeusdt" does not exist
[2025-08-30T15:51:14.917+0000] {subprocess.py:93} INFO - LINE 1: SELECT MAX(time) FROM cryptocurrency.runeusdt;
[2025-08-30T15:51:14.917+0000] {subprocess.py:93} INFO -                               ^
[2025-08-30T15:51:14.918+0000] {subprocess.py:93} INFO - 
[2025-08-30T15:51:14.918+0000] {subprocess.py:93} INFO - 91/100 HYPERUSDT lỗi: relation "cryptocurrency.hyperusdt" does not exist
[2025-08-30T15:51:14.918+0000] {subprocess.py:93} INFO - LINE 1: SELECT MAX(time) FROM cryptocurrency.hyperusdt;
[2025-08-30T15:51:14.918+0000] {subprocess.py:93} INFO -                               ^
[2025-08-30T15:51:14.918+0000] {subprocess.py:93} INFO - 
[2025-08-30T15:51:14.919+0000] {subprocess.py:93} INFO - ✅ ALGOUSDT: thêm 2 dòng mới
[2025-08-30T15:51:14.919+0000] {subprocess.py:93} INFO - 92/100 ALGOUSDT lưu OK
[2025-08-30T15:51:14.919+0000] {subprocess.py:93} INFO - 93/100 ATOMUSDT lỗi: relation "cryptocurrency.atomusdt" does not exist
[2025-08-30T15:51:14.919+0000] {subprocess.py:93} INFO - LINE 1: SELECT MAX(time) FROM cryptocurrency.atomusdt;
[2025-08-30T15:51:14.919+0000] {subprocess.py:93} INFO -                               ^
[2025-08-30T15:51:14.920+0000] {subprocess.py:93} INFO - 
[2025-08-30T15:51:14.920+0000] {subprocess.py:93} INFO - ✅ FETUSDT: thêm 2 dòng mới
[2025-08-30T15:51:14.920+0000] {subprocess.py:93} INFO - 94/100 FETUSDT lưu OK
[2025-08-30T15:51:14.920+0000] {subprocess.py:93} INFO - 95/100 PLUMEUSDT lỗi: relation "cryptocurrency.plumeusdt" does not exist
[2025-08-30T15:51:14.921+0000] {subprocess.py:93} INFO - LINE 1: SELECT MAX(time) FROM cryptocurrency.plumeusdt;
[2025-08-30T15:51:14.921+0000] {subprocess.py:93} INFO -                               ^
[2025-08-30T15:51:14.921+0000] {subprocess.py:93} INFO - 
[2025-08-30T15:51:14.921+0000] {subprocess.py:93} INFO - ✅ ARBUSDT: thêm 1 dòng mới
[2025-08-30T15:51:14.921+0000] {subprocess.py:93} INFO - ✅ BONKUSDT: thêm 1 dòng mới
[2025-08-30T15:51:14.922+0000] {subprocess.py:93} INFO - ✅ LINKUSDT: thêm 1 dòng mới
[2025-08-30T15:51:14.922+0000] {subprocess.py:93} INFO - 96/100 ARBUSDT lưu OK
[2025-08-30T15:51:14.922+0000] {subprocess.py:93} INFO - 97/100 BONKUSDT lưu OK
[2025-08-30T15:51:14.922+0000] {subprocess.py:93} INFO - 98/100 LINKUSDT lưu OK
[2025-08-30T15:51:14.922+0000] {subprocess.py:93} INFO - ✅ TRXUSDT: thêm 1 dòng mới
[2025-08-30T15:51:14.923+0000] {subprocess.py:93} INFO - 99/100 TRXUSDT lưu OK
[2025-08-30T15:51:14.923+0000] {subprocess.py:93} INFO - 100/100 QTUMUSDT lỗi: relation "cryptocurrency.qtumusdt" does not exist
[2025-08-30T15:51:14.923+0000] {subprocess.py:93} INFO - LINE 1: SELECT MAX(time) FROM cryptocurrency.qtumusdt;
[2025-08-30T15:51:14.923+0000] {subprocess.py:93} INFO -                               ^
[2025-08-30T15:51:14.923+0000] {subprocess.py:93} INFO - 
[2025-08-30T15:51:15.025+0000] {subprocess.py:97} INFO - Command exited with return code 0
[2025-08-30T15:51:15.026+0000] {taskinstance.py:441} INFO - ::group::Post task execution logs
[2025-08-30T15:51:15.063+0000] {taskinstance.py:1206} INFO - Marking task as SUCCESS. dag_id=crypto_collector_dag, task_id=run_crypto_collector, run_id=scheduled__2025-08-30T15:49:00+00:00, execution_date=20250830T154900, start_date=20250830T155001, end_date=20250830T155115
[2025-08-30T15:51:15.134+0000] {local_task_job_runner.py:240} INFO - Task exited with return code 0
[2025-08-30T15:51:15.162+0000] {taskinstance.py:3498} INFO - 0 downstream tasks scheduled from follow-on schedule check
[2025-08-30T15:51:15.164+0000] {local_task_job_runner.py:222} INFO - ::endgroup::
