[2025-08-17T11:45:29.002+0000] {local_task_job_runner.py:120} INFO - ::group::Pre task execution logs
[2025-08-17T11:45:29.042+0000] {taskinstance.py:2076} INFO - Dependencies all met for dep_context=non-requeueable deps ti=<TaskInstance: crypto_collector_dag.run_crypto_collector scheduled__2025-08-17T11:44:00+00:00 [queued]>
[2025-08-17T11:45:29.058+0000] {taskinstance.py:2076} INFO - Dependencies all met for dep_context=requeueable deps ti=<TaskInstance: crypto_collector_dag.run_crypto_collector scheduled__2025-08-17T11:44:00+00:00 [queued]>
[2025-08-17T11:45:29.058+0000] {taskinstance.py:2306} INFO - Starting attempt 1 of 2
[2025-08-17T11:45:29.074+0000] {taskinstance.py:2330} INFO - Executing <Task(BashOperator): run_crypto_collector> on 2025-08-17 11:44:00+00:00
[2025-08-17T11:45:29.082+0000] {standard_task_runner.py:63} INFO - Started process 53193 to run task
[2025-08-17T11:45:29.087+0000] {standard_task_runner.py:90} INFO - Running: ['***', 'tasks', 'run', 'crypto_collector_dag', 'run_crypto_collector', 'scheduled__2025-08-17T11:44:00+00:00', '--job-id', '7455', '--raw', '--subdir', 'DAGS_FOLDER/crawl_crypto/dags_crypto.py', '--cfg-path', '/tmp/tmpox5kmrv5']
[2025-08-17T11:45:29.088+0000] {standard_task_runner.py:91} INFO - Job 7455: Subtask run_crypto_collector
[2025-08-17T11:45:29.148+0000] {task_command.py:426} INFO - Running <TaskInstance: crypto_collector_dag.run_crypto_collector scheduled__2025-08-17T11:44:00+00:00 [running]> on host 1877907bc043
[2025-08-17T11:45:29.248+0000] {taskinstance.py:2648} INFO - Exporting env vars: AIRFLOW_CTX_DAG_OWNER='***' AIRFLOW_CTX_DAG_ID='crypto_collector_dag' AIRFLOW_CTX_TASK_ID='run_crypto_collector' AIRFLOW_CTX_EXECUTION_DATE='2025-08-17T11:44:00+00:00' AIRFLOW_CTX_TRY_NUMBER='1' AIRFLOW_CTX_DAG_RUN_ID='scheduled__2025-08-17T11:44:00+00:00'
[2025-08-17T11:45:29.249+0000] {taskinstance.py:430} INFO - ::endgroup::
[2025-08-17T11:45:29.263+0000] {subprocess.py:63} INFO - Tmp dir root location: /tmp
[2025-08-17T11:45:29.264+0000] {subprocess.py:75} INFO - Running command: ['/usr/bin/bash', '-c', 'python3 /opt/***/dags/crawl_crypto/crawl_data_crypto.py']
[2025-08-17T11:45:29.276+0000] {subprocess.py:86} INFO - Output:
[2025-08-17T11:46:23.043+0000] {subprocess.py:93} INFO - 🔹 Kết nối DB...
[2025-08-17T11:46:23.044+0000] {subprocess.py:93} INFO - 🔹 Lấy top 100 crypto...
[2025-08-17T11:46:23.044+0000] {subprocess.py:93} INFO - Top 100: ['ETHUSDT', 'USDCUSDT', 'BTCUSDT', 'SOLUSDT', 'ADAUSDT', 'DOGEUSDT', 'LINKUSDT', 'FDUSDUSDT', 'XRPUSDT', 'TRXUSDT', 'BNBUSDT', 'PROVEUSDT', 'ENAUSDT', 'SUIUSDT', 'CTSIUSDT', 'ARBUSDT', 'PEPEUSDT', 'UNIUSDT', 'LTCUSDT', 'AVAXUSDT', 'PENGUUSDT', 'TSTUSDT', 'SEIUSDT', 'ALPINEUSDT', 'SKLUSDT', 'SUSDT', 'BFUSDUSDT', 'HBARUSDT', 'AAVEUSDT', 'TRUMPUSDT', 'LDOUSDT', 'EPICUSDT', 'API3USDT', 'WLDUSDT', 'CYBERUSDT', 'PONDUSDT', 'ASRUSDT', 'OGUSDT', 'WIFUSDT', 'NEARUSDT', 'CRVUSDT', 'BONKUSDT', 'CHRUSDT', 'MAVUSDT', 'TOWNSUSDT', 'OPUSDT', 'XLMUSDT', 'OGNUSDT', 'RAYUSDT', 'BERAUSDT', 'DOTUSDT', 'APTUSDT', 'LPTUSDT', 'FLOKIUSDT', 'BCHUSDT', 'CELRUSDT', 'GALAUSDT', 'TONUSDT', 'ONDOUSDT', 'MOVRUSDT', 'INJUSDT', 'EIGENUSDT', 'XUSDUSDT', 'ETHFIUSDT', 'PENDLEUSDT', 'TAOUSDT', 'TIAUSDT', 'PORTOUSDT', 'LRCUSDT', 'NMRUSDT', 'BANDUSDT', 'BATUSDT', 'NEIROUSDT', 'BBUSDT', 'ETCUSDT', 'RENDERUSDT', 'ALGOUSDT', 'BIOUSDT', 'FILUSDT', 'CAKEUSDT', 'FETUSDT', 'STRKUSDT', 'SPKUSDT', 'VIRTUALUSDT', 'POLUSDT', 'ERAUSDT', 'SYRUPUSDT', 'LAUSDT', 'CFXUSDT', 'ICPUSDT', 'ZKUSDT', 'SHIBUSDT', 'PNUTUSDT', 'ENSUSDT', 'EURUSDT', 'HOTUSDT', 'MDTUSDT', 'TREEUSDT', 'ARKMUSDT', 'VETUSDT']
[2025-08-17T11:46:23.045+0000] {subprocess.py:93} INFO - 🔹 Lưu lịch sử giá vào DB bằng threading...
[2025-08-17T11:46:23.045+0000] {subprocess.py:93} INFO - ⚠️ ETHUSDT lỗi lần 1/3: HTTPSConnectionPool(host='api.binance.com', port=443): Max retries exceeded with url: /api/v3/klines?symbol=ETHUSDT&interval=1m&limit=100 (Caused by ConnectTimeoutError(<urllib3.connection.HTTPSConnection object at 0x7f8f6af8b4c0>, 'Connection to api.binance.com timed out. (connect timeout=15)'))
[2025-08-17T11:46:23.045+0000] {subprocess.py:93} INFO - ⚠️ USDCUSDT lỗi lần 1/3: HTTPSConnectionPool(host='api.binance.com', port=443): Max retries exceeded with url: /api/v3/klines?symbol=USDCUSDT&interval=1m&limit=100 (Caused by ConnectTimeoutError(<urllib3.connection.HTTPSConnection object at 0x7f8f6af8a9b0>, 'Connection to api.binance.com timed out. (connect timeout=15)'))
[2025-08-17T11:46:23.045+0000] {subprocess.py:93} INFO - ⚠️ BTCUSDT lỗi lần 1/3: HTTPSConnectionPool(host='api.binance.com', port=443): Max retries exceeded with url: /api/v3/klines?symbol=BTCUSDT&interval=1m&limit=100 (Caused by ConnectTimeoutError(<urllib3.connection.HTTPSConnection object at 0x7f8f6af89e10>, 'Connection to api.binance.com timed out. (connect timeout=15)'))
[2025-08-17T11:46:23.046+0000] {subprocess.py:93} INFO - ⚠️ ADAUSDT lỗi lần 1/3: HTTPSConnectionPool(host='api.binance.com', port=443): Max retries exceeded with url: /api/v3/klines?symbol=ADAUSDT&interval=1m&limit=100 (Caused by ConnectTimeoutError(<urllib3.connection.HTTPSConnection object at 0x7f8f6af540d0>, 'Connection to api.binance.com timed out. (connect timeout=15)'))
[2025-08-17T11:46:23.046+0000] {subprocess.py:93} INFO - ⚠️ DOGEUSDT lỗi lần 1/3: HTTPSConnectionPool(host='api.binance.com', port=443): Max retries exceeded with url: /api/v3/klines?symbol=DOGEUSDT&interval=1m&limit=100 (Caused by ConnectTimeoutError(<urllib3.connection.HTTPSConnection object at 0x7f8f6af55b40>, 'Connection to api.binance.com timed out. (connect timeout=15)'))
[2025-08-17T11:46:23.046+0000] {subprocess.py:93} INFO - ⚠️ TRXUSDT lỗi lần 1/3: HTTPSConnectionPool(host='api.binance.com', port=443): Max retries exceeded with url: /api/v3/klines?symbol=TRXUSDT&interval=1m&limit=100 (Caused by ConnectTimeoutError(<urllib3.connection.HTTPSConnection object at 0x7f8f6af81f90>, 'Connection to api.binance.com timed out. (connect timeout=15)'))
[2025-08-17T11:46:23.047+0000] {subprocess.py:93} INFO - ⚠️ XRPUSDT lỗi lần 1/3: HTTPSConnectionPool(host='api.binance.com', port=443): Max retries exceeded with url: /api/v3/klines?symbol=XRPUSDT&interval=1m&limit=100 (Caused by ConnectTimeoutError(<urllib3.connection.HTTPSConnection object at 0x7f8f6af54610>, 'Connection to api.binance.com timed out. (connect timeout=15)'))
[2025-08-17T11:46:23.047+0000] {subprocess.py:93} INFO - ⚠️ LINKUSDT lỗi lần 1/3: HTTPSConnectionPool(host='api.binance.com', port=443): Max retries exceeded with url: /api/v3/klines?symbol=LINKUSDT&interval=1m&limit=100 (Caused by ConnectTimeoutError(<urllib3.connection.HTTPSConnection object at 0x7f8f6af57ac0>, 'Connection to api.binance.com timed out. (connect timeout=15)'))
[2025-08-17T11:46:23.047+0000] {subprocess.py:93} INFO - ⚠️ SOLUSDT lỗi lần 1/3: HTTPSConnectionPool(host='api.binance.com', port=443): Max retries exceeded with url: /api/v3/klines?symbol=SOLUSDT&interval=1m&limit=100 (Caused by ConnectTimeoutError(<urllib3.connection.HTTPSConnection object at 0x7f8f6af54460>, 'Connection to api.binance.com timed out. (connect timeout=15)'))
[2025-08-17T11:46:23.047+0000] {subprocess.py:93} INFO - ⚠️ FDUSDUSDT lỗi lần 1/3: HTTPSConnectionPool(host='api.binance.com', port=443): Max retries exceeded with url: /api/v3/klines?symbol=FDUSDUSDT&interval=1m&limit=100 (Caused by ConnectTimeoutError(<urllib3.connection.HTTPSConnection object at 0x7f8f6af54dc0>, 'Connection to api.binance.com timed out. (connect timeout=15)'))
[2025-08-17T11:46:23.048+0000] {subprocess.py:93} INFO - ⚠️ BTCUSDT lỗi lần 2/3: HTTPSConnectionPool(host='api.binance.com', port=443): Max retries exceeded with url: /api/v3/klines?symbol=BTCUSDT&interval=1m&limit=100 (Caused by ConnectTimeoutError(<urllib3.connection.HTTPSConnection object at 0x7f8f6af8c8e0>, 'Connection to api.binance.com timed out. (connect timeout=15)'))
[2025-08-17T11:46:23.048+0000] {subprocess.py:93} INFO - ⚠️ USDCUSDT lỗi lần 2/3: HTTPSConnectionPool(host='api.binance.com', port=443): Max retries exceeded with url: /api/v3/klines?symbol=USDCUSDT&interval=1m&limit=100 (Caused by ConnectTimeoutError(<urllib3.connection.HTTPSConnection object at 0x7f8f6af8c130>, 'Connection to api.binance.com timed out. (connect timeout=15)'))
[2025-08-17T11:46:23.048+0000] {subprocess.py:93} INFO - ⚠️ ADAUSDT lỗi lần 2/3: HTTPSConnectionPool(host='api.binance.com', port=443): Max retries exceeded with url: /api/v3/klines?symbol=ADAUSDT&interval=1m&limit=100 (Caused by ConnectTimeoutError(<urllib3.connection.HTTPSConnection object at 0x7f8f6af89360>, 'Connection to api.binance.com timed out. (connect timeout=15)'))
[2025-08-17T11:46:23.049+0000] {subprocess.py:93} INFO - ⚠️ DOGEUSDT lỗi lần 2/3: HTTPSConnectionPool(host='api.binance.com', port=443): Max retries exceeded with url: /api/v3/klines?symbol=DOGEUSDT&interval=1m&limit=100 (Caused by ConnectTimeoutError(<urllib3.connection.HTTPSConnection object at 0x7f8f6af89030>, 'Connection to api.binance.com timed out. (connect timeout=15)'))
[2025-08-17T11:46:23.049+0000] {subprocess.py:93} INFO - ⚠️ ETHUSDT lỗi lần 2/3: HTTPSConnectionPool(host='api.binance.com', port=443): Max retries exceeded with url: /api/v3/klines?symbol=ETHUSDT&interval=1m&limit=100 (Caused by ConnectTimeoutError(<urllib3.connection.HTTPSConnection object at 0x7f8f6af83ee0>, 'Connection to api.binance.com timed out. (connect timeout=15)'))
[2025-08-17T11:46:23.049+0000] {subprocess.py:93} INFO - ⚠️ XRPUSDT lỗi lần 2/3: HTTPSConnectionPool(host='api.binance.com', port=443): Max retries exceeded with url: /api/v3/klines?symbol=XRPUSDT&interval=1m&limit=100 (Caused by ConnectTimeoutError(<urllib3.connection.HTTPSConnection object at 0x7f8f6af88670>, 'Connection to api.binance.com timed out. (connect timeout=15)'))
[2025-08-17T11:46:23.049+0000] {subprocess.py:93} INFO - ⚠️ TRXUSDT lỗi lần 2/3: HTTPSConnectionPool(host='api.binance.com', port=443): Max retries exceeded with url: /api/v3/klines?symbol=TRXUSDT&interval=1m&limit=100 (Caused by ConnectTimeoutError(<urllib3.connection.HTTPSConnection object at 0x7f8f6af8d480>, 'Connection to api.binance.com timed out. (connect timeout=15)'))
[2025-08-17T11:46:23.050+0000] {subprocess.py:93} INFO - ⚠️ FDUSDUSDT lỗi lần 2/3: HTTPSConnectionPool(host='api.binance.com', port=443): Max retries exceeded with url: /api/v3/klines?symbol=FDUSDUSDT&interval=1m&limit=100 (Caused by ConnectTimeoutError(<urllib3.connection.HTTPSConnection object at 0x7f8f6af8dff0>, 'Connection to api.binance.com timed out. (connect timeout=15)'))
[2025-08-17T11:46:23.050+0000] {subprocess.py:93} INFO - ⚠️ SOLUSDT lỗi lần 2/3: HTTPSConnectionPool(host='api.binance.com', port=443): Max retries exceeded with url: /api/v3/klines?symbol=SOLUSDT&interval=1m&limit=100 (Caused by ConnectTimeoutError(<urllib3.connection.HTTPSConnection object at 0x7f8f6af8d840>, 'Connection to api.binance.com timed out. (connect timeout=15)'))
[2025-08-17T11:46:23.050+0000] {subprocess.py:93} INFO - ⚠️ LINKUSDT lỗi lần 2/3: HTTPSConnectionPool(host='api.binance.com', port=443): Max retries exceeded with url: /api/v3/klines?symbol=LINKUSDT&interval=1m&limit=100 (Caused by ConnectTimeoutError(<urllib3.connection.HTTPSConnection object at 0x7f8f6af8d660>, 'Connection to api.binance.com timed out. (connect timeout=15)'))
[2025-08-17T11:47:03.430+0000] {subprocess.py:93} INFO - ⚠️ USDCUSDT lỗi lần 3/3: HTTPSConnectionPool(host='api.binance.com', port=443): Max retries exceeded with url: /api/v3/klines?symbol=USDCUSDT&interval=1m&limit=100 (Caused by ConnectTimeoutError(<urllib3.connection.HTTPSConnection object at 0x7f8f6af8f190>, 'Connection to api.binance.com timed out. (connect timeout=15)'))
[2025-08-17T11:47:03.431+0000] {subprocess.py:93} INFO - ⚠️ ADAUSDT lỗi lần 3/3: HTTPSConnectionPool(host='api.binance.com', port=443): Max retries exceeded with url: /api/v3/klines?symbol=ADAUSDT&interval=1m&limit=100 (Caused by ConnectTimeoutError(<urllib3.connection.HTTPSConnection object at 0x7f8f6af8f940>, 'Connection to api.binance.com timed out. (connect timeout=15)'))
[2025-08-17T11:47:03.431+0000] {subprocess.py:93} INFO - ⚠️ BTCUSDT lỗi lần 3/3: HTTPSConnectionPool(host='api.binance.com', port=443): Max retries exceeded with url: /api/v3/klines?symbol=BTCUSDT&interval=1m&limit=100 (Caused by ConnectTimeoutError(<urllib3.connection.HTTPSConnection object at 0x7f8f6af8e9e0>, 'Connection to api.binance.com timed out. (connect timeout=15)'))
[2025-08-17T11:47:03.431+0000] {subprocess.py:93} INFO - ⚠️ ETHUSDT lỗi lần 3/3: HTTPSConnectionPool(host='api.binance.com', port=443): Max retries exceeded with url: /api/v3/klines?symbol=ETHUSDT&interval=1m&limit=100 (Caused by ConnectTimeoutError(<urllib3.connection.HTTPSConnection object at 0x7f8f6af890f0>, 'Connection to api.binance.com timed out. (connect timeout=15)'))
[2025-08-17T11:47:03.431+0000] {subprocess.py:93} INFO - ⚠️ FDUSDUSDT lỗi lần 3/3: HTTPSConnectionPool(host='api.binance.com', port=443): Max retries exceeded with url: /api/v3/klines?symbol=FDUSDUSDT&interval=1m&limit=100 (Caused by ConnectTimeoutError(<urllib3.connection.HTTPSConnection object at 0x7f8f6af8c130>, 'Connection to api.binance.com timed out. (connect timeout=15)'))
[2025-08-17T11:47:03.432+0000] {subprocess.py:93} INFO - ⚠️ SOLUSDT lỗi lần 3/3: HTTPSConnectionPool(host='api.binance.com', port=443): Max retries exceeded with url: /api/v3/klines?symbol=SOLUSDT&interval=1m&limit=100 (Caused by ConnectTimeoutError(<urllib3.connection.HTTPSConnection object at 0x7f8f69bcd090>, 'Connection to api.binance.com timed out. (connect timeout=15)'))
[2025-08-17T11:47:03.432+0000] {subprocess.py:93} INFO - ⚠️ DOGEUSDT lỗi lần 3/3: HTTPSConnectionPool(host='api.binance.com', port=443): Max retries exceeded with url: /api/v3/klines?symbol=DOGEUSDT&interval=1m&limit=100 (Caused by ConnectTimeoutError(<urllib3.connection.HTTPSConnection object at 0x7f8f69bccaf0>, 'Connection to api.binance.com timed out. (connect timeout=15)'))
[2025-08-17T11:47:03.432+0000] {subprocess.py:93} INFO - ⚠️ XRPUSDT lỗi lần 3/3: HTTPSConnectionPool(host='api.binance.com', port=443): Max retries exceeded with url: /api/v3/klines?symbol=XRPUSDT&interval=1m&limit=100 (Caused by ConnectTimeoutError(<urllib3.connection.HTTPSConnection object at 0x7f8f6af8c910>, 'Connection to api.binance.com timed out. (connect timeout=15)'))
[2025-08-17T11:47:03.432+0000] {subprocess.py:93} INFO - ⚠️ TRXUSDT lỗi lần 3/3: HTTPSConnectionPool(host='api.binance.com', port=443): Max retries exceeded with url: /api/v3/klines?symbol=TRXUSDT&interval=1m&limit=100 (Caused by ConnectTimeoutError(<urllib3.connection.HTTPSConnection object at 0x7f8f69bcccd0>, 'Connection to api.binance.com timed out. (connect timeout=15)'))
[2025-08-17T11:47:03.432+0000] {subprocess.py:93} INFO - ⚠️ LINKUSDT lỗi lần 3/3: HTTPSConnectionPool(host='api.binance.com', port=443): Max retries exceeded with url: /api/v3/klines?symbol=LINKUSDT&interval=1m&limit=100 (Caused by ConnectTimeoutError(<urllib3.connection.HTTPSConnection object at 0x7f8f69bcceb0>, 'Connection to api.binance.com timed out. (connect timeout=15)'))
[2025-08-17T11:47:03.433+0000] {subprocess.py:93} INFO - 1/100 USDCUSDT bỏ qua (fail)
[2025-08-17T11:47:03.433+0000] {subprocess.py:93} INFO - 2/100 ADAUSDT bỏ qua (fail)
[2025-08-17T11:47:03.433+0000] {subprocess.py:93} INFO - 3/100 BTCUSDT bỏ qua (fail)
[2025-08-17T11:47:03.434+0000] {subprocess.py:93} INFO - 4/100 ETHUSDT bỏ qua (fail)
[2025-08-17T11:47:03.434+0000] {subprocess.py:93} INFO - 5/100 FDUSDUSDT bỏ qua (fail)
[2025-08-17T11:47:03.434+0000] {subprocess.py:93} INFO - 6/100 DOGEUSDT bỏ qua (fail)
[2025-08-17T11:47:03.434+0000] {subprocess.py:93} INFO - 7/100 SOLUSDT bỏ qua (fail)
[2025-08-17T11:47:03.435+0000] {subprocess.py:93} INFO - 8/100 LINKUSDT bỏ qua (fail)
[2025-08-17T11:47:03.435+0000] {subprocess.py:93} INFO - 9/100 XRPUSDT bỏ qua (fail)
[2025-08-17T11:47:03.435+0000] {subprocess.py:93} INFO - 10/100 TRXUSDT bỏ qua (fail)
[2025-08-17T11:47:03.435+0000] {subprocess.py:93} INFO - ✅ AVAXUSDT: thêm 39 dòng mới
[2025-08-17T11:47:03.436+0000] {subprocess.py:93} INFO - ✅ PEPEUSDT: thêm 22 dòng mới
[2025-08-17T11:47:03.436+0000] {subprocess.py:93} INFO - 11/100 AVAXUSDT lưu OK
[2025-08-17T11:47:03.436+0000] {subprocess.py:93} INFO - 12/100 PEPEUSDT lưu OK
[2025-08-17T11:47:03.436+0000] {subprocess.py:93} INFO - ✅ PROVEUSDT: thêm 10 dòng mới
[2025-08-17T11:47:03.436+0000] {subprocess.py:93} INFO - 13/100 PROVEUSDT lưu OK
[2025-08-17T11:47:03.437+0000] {subprocess.py:93} INFO - ✅ CTSIUSDT: thêm 22 dòng mới
[2025-08-17T11:47:03.437+0000] {subprocess.py:93} INFO - 14/100 CTSIUSDT lưu OK
[2025-08-17T11:47:03.437+0000] {subprocess.py:93} INFO - ⚠️ ENAUSDT lỗi lần 1/3: HTTPSConnectionPool(host='api.binance.com', port=443): Max retries exceeded with url: /api/v3/klines?symbol=ENAUSDT&interval=1m&limit=100 (Caused by ConnectTimeoutError(<urllib3.connection.HTTPSConnection object at 0x7f8f6af8e8f0>, 'Connection to api.binance.com timed out. (connect timeout=15)'))
[2025-08-17T11:47:03.437+0000] {subprocess.py:93} INFO - ⚠️ BNBUSDT lỗi lần 1/3: HTTPSConnectionPool(host='api.binance.com', port=443): Max retries exceeded with url: /api/v3/klines?symbol=BNBUSDT&interval=1m&limit=100 (Caused by ConnectTimeoutError(<urllib3.connection.HTTPSConnection object at 0x7f8f6af8e9b0>, 'Connection to api.binance.com timed out. (connect timeout=15)'))
[2025-08-17T11:47:03.438+0000] {subprocess.py:93} INFO - ⚠️ SUIUSDT lỗi lần 1/3: HTTPSConnectionPool(host='api.binance.com', port=443): Max retries exceeded with url: /api/v3/klines?symbol=SUIUSDT&interval=1m&limit=100 (Caused by ConnectTimeoutError(<urllib3.connection.HTTPSConnection object at 0x7f8f6af8ec80>, 'Connection to api.binance.com timed out. (connect timeout=15)'))
[2025-08-17T11:47:03.438+0000] {subprocess.py:93} INFO - ⚠️ LTCUSDT lỗi lần 1/3: HTTPSConnectionPool(host='api.binance.com', port=443): Max retries exceeded with url: /api/v3/klines?symbol=LTCUSDT&interval=1m&limit=100 (Caused by ConnectTimeoutError(<urllib3.connection.HTTPSConnection object at 0x7f8f69b014e0>, 'Connection to api.binance.com timed out. (connect timeout=15)'))
[2025-08-17T11:47:03.438+0000] {subprocess.py:93} INFO - ⚠️ UNIUSDT lỗi lần 1/3: HTTPSConnectionPool(host='api.binance.com', port=443): Max retries exceeded with url: /api/v3/klines?symbol=UNIUSDT&interval=1m&limit=100 (Caused by ConnectTimeoutError(<urllib3.connection.HTTPSConnection object at 0x7f8f69b00c40>, 'Connection to api.binance.com timed out. (connect timeout=15)'))
[2025-08-17T11:47:03.438+0000] {subprocess.py:93} INFO - ⚠️ ARBUSDT lỗi lần 1/3: HTTPSConnectionPool(host='api.binance.com', port=443): Max retries exceeded with url: /api/v3/klines?symbol=ARBUSDT&interval=1m&limit=100 (Caused by ConnectTimeoutError(<urllib3.connection.HTTPSConnection object at 0x7f8f69b01300>, 'Connection to api.binance.com timed out. (connect timeout=15)'))
[2025-08-17T11:47:03.438+0000] {subprocess.py:93} INFO - ✅ ALPINEUSDT: thêm 10 dòng mới
[2025-08-17T11:47:03.439+0000] {subprocess.py:93} INFO - 15/100 ALPINEUSDT lưu OK
[2025-08-17T11:47:03.439+0000] {subprocess.py:93} INFO - ⚠️ ENAUSDT lỗi lần 2/3: HTTPSConnectionPool(host='api.binance.com', port=443): Max retries exceeded with url: /api/v3/klines?symbol=ENAUSDT&interval=1m&limit=100 (Caused by ConnectTimeoutError(<urllib3.connection.HTTPSConnection object at 0x7f8f69bcdc60>, 'Connection to api.binance.com timed out. (connect timeout=15)'))
[2025-08-17T11:47:03.439+0000] {subprocess.py:93} INFO - ⚠️ BNBUSDT lỗi lần 2/3: HTTPSConnectionPool(host='api.binance.com', port=443): Max retries exceeded with url: /api/v3/klines?symbol=BNBUSDT&interval=1m&limit=100 (Caused by ConnectTimeoutError(<urllib3.connection.HTTPSConnection object at 0x7f8f69bce170>, 'Connection to api.binance.com timed out. (connect timeout=15)'))
[2025-08-17T11:47:03.439+0000] {subprocess.py:93} INFO - ⚠️ SUIUSDT lỗi lần 2/3: HTTPSConnectionPool(host='api.binance.com', port=443): Max retries exceeded with url: /api/v3/klines?symbol=SUIUSDT&interval=1m&limit=100 (Caused by ConnectTimeoutError(<urllib3.connection.HTTPSConnection object at 0x7f8f69b01600>, 'Connection to api.binance.com timed out. (connect timeout=15)'))
[2025-08-17T11:47:03.440+0000] {subprocess.py:93} INFO - ⚠️ LTCUSDT lỗi lần 2/3: HTTPSConnectionPool(host='api.binance.com', port=443): Max retries exceeded with url: /api/v3/klines?symbol=LTCUSDT&interval=1m&limit=100 (Caused by ConnectTimeoutError(<urllib3.connection.HTTPSConnection object at 0x7f8f69b031f0>, 'Connection to api.binance.com timed out. (connect timeout=15)'))
[2025-08-17T11:47:03.440+0000] {subprocess.py:93} INFO - ⚠️ ARBUSDT lỗi lần 2/3: HTTPSConnectionPool(host='api.binance.com', port=443): Max retries exceeded with url: /api/v3/klines?symbol=ARBUSDT&interval=1m&limit=100 (Caused by ConnectTimeoutError(<urllib3.connection.HTTPSConnection object at 0x7f8f69b034f0>, 'Connection to api.binance.com timed out. (connect timeout=15)'))
[2025-08-17T11:47:03.440+0000] {subprocess.py:93} INFO - ⚠️ UNIUSDT lỗi lần 2/3: HTTPSConnectionPool(host='api.binance.com', port=443): Max retries exceeded with url: /api/v3/klines?symbol=UNIUSDT&interval=1m&limit=100 (Caused by ConnectTimeoutError(<urllib3.connection.HTTPSConnection object at 0x7f8f69b036d0>, 'Connection to api.binance.com timed out. (connect timeout=15)'))
[2025-08-17T11:48:03.982+0000] {subprocess.py:93} INFO - ⚠️ SKLUSDT lỗi lần 1/3: HTTPSConnectionPool(host='api.binance.com', port=443): Max retries exceeded with url: /api/v3/klines?symbol=SKLUSDT&interval=1m&limit=100 (Caused by ConnectTimeoutError(<urllib3.connection.HTTPSConnection object at 0x7f8f69bcf1c0>, 'Connection to api.binance.com timed out. (connect timeout=15)'))
[2025-08-17T11:48:03.983+0000] {subprocess.py:93} INFO - ✅ PENGUUSDT: thêm 21 dòng mới
[2025-08-17T11:48:03.983+0000] {subprocess.py:93} INFO - 16/100 PENGUUSDT lưu OK
[2025-08-17T11:48:03.984+0000] {subprocess.py:93} INFO - ⚠️ ENAUSDT lỗi lần 3/3: HTTPSConnectionPool(host='api.binance.com', port=443): Max retries exceeded with url: /api/v3/klines?symbol=ENAUSDT&interval=1m&limit=100 (Caused by ConnectTimeoutError(<urllib3.connection.HTTPSConnection object at 0x7f8f69b01990>, 'Connection to api.binance.com timed out. (connect timeout=15)'))
[2025-08-17T11:48:03.984+0000] {subprocess.py:93} INFO - ⚠️ BNBUSDT lỗi lần 3/3: HTTPSConnectionPool(host='api.binance.com', port=443): Max retries exceeded with url: /api/v3/klines?symbol=BNBUSDT&interval=1m&limit=100 (Caused by ConnectTimeoutError(<urllib3.connection.HTTPSConnection object at 0x7f8f69b03f10>, 'Connection to api.binance.com timed out. (connect timeout=15)'))
[2025-08-17T11:48:03.984+0000] {subprocess.py:93} INFO - ⚠️ SUIUSDT lỗi lần 3/3: HTTPSConnectionPool(host='api.binance.com', port=443): Max retries exceeded with url: /api/v3/klines?symbol=SUIUSDT&interval=1m&limit=100 (Caused by ConnectTimeoutError(<urllib3.connection.HTTPSConnection object at 0x7f8f69b24700>, 'Connection to api.binance.com timed out. (connect timeout=15)'))
[2025-08-17T11:48:03.985+0000] {subprocess.py:93} INFO - ⚠️ LTCUSDT lỗi lần 3/3: HTTPSConnectionPool(host='api.binance.com', port=443): Max retries exceeded with url: /api/v3/klines?symbol=LTCUSDT&interval=1m&limit=100 (Caused by ConnectTimeoutError(<urllib3.connection.HTTPSConnection object at 0x7f8f69b25120>, 'Connection to api.binance.com timed out. (connect timeout=15)'))
[2025-08-17T11:48:03.985+0000] {subprocess.py:93} INFO - ⚠️ ARBUSDT lỗi lần 3/3: HTTPSConnectionPool(host='api.binance.com', port=443): Max retries exceeded with url: /api/v3/klines?symbol=ARBUSDT&interval=1m&limit=100 (Caused by ConnectTimeoutError(<urllib3.connection.HTTPSConnection object at 0x7f8f69b030a0>, 'Connection to api.binance.com timed out. (connect timeout=15)'))
[2025-08-17T11:48:03.985+0000] {subprocess.py:93} INFO - ⚠️ UNIUSDT lỗi lần 3/3: HTTPSConnectionPool(host='api.binance.com', port=443): Max retries exceeded with url: /api/v3/klines?symbol=UNIUSDT&interval=1m&limit=100 (Caused by ConnectTimeoutError(<urllib3.connection.HTTPSConnection object at 0x7f8f69b01c90>, 'Connection to api.binance.com timed out. (connect timeout=15)'))
[2025-08-17T11:48:03.986+0000] {subprocess.py:93} INFO - ✅ SUSDT: thêm 10 dòng mới
[2025-08-17T11:48:03.986+0000] {subprocess.py:93} INFO - 17/100 SUSDT lưu OK
[2025-08-17T11:48:03.986+0000] {subprocess.py:93} INFO - 18/100 ENAUSDT bỏ qua (fail)
[2025-08-17T11:48:03.986+0000] {subprocess.py:93} INFO - 19/100 BNBUSDT bỏ qua (fail)
[2025-08-17T11:48:03.987+0000] {subprocess.py:93} INFO - 20/100 SUIUSDT bỏ qua (fail)
[2025-08-17T11:48:03.987+0000] {subprocess.py:93} INFO - 21/100 LTCUSDT bỏ qua (fail)
[2025-08-17T11:48:03.987+0000] {subprocess.py:93} INFO - 22/100 ARBUSDT bỏ qua (fail)
[2025-08-17T11:48:03.987+0000] {subprocess.py:93} INFO - 23/100 UNIUSDT bỏ qua (fail)
[2025-08-17T11:48:03.988+0000] {subprocess.py:93} INFO - ✅ TRUMPUSDT: thêm 10 dòng mới
[2025-08-17T11:48:03.988+0000] {subprocess.py:93} INFO - 24/100 TRUMPUSDT lưu OK
[2025-08-17T11:48:03.988+0000] {subprocess.py:93} INFO - ⚠️ SKLUSDT lỗi lần 2/3: HTTPSConnectionPool(host='api.binance.com', port=443): Max retries exceeded with url: /api/v3/klines?symbol=SKLUSDT&interval=1m&limit=100 (Caused by ConnectTimeoutError(<urllib3.connection.HTTPSConnection object at 0x7f8f69b00a30>, 'Connection to api.binance.com timed out. (connect timeout=15)'))
[2025-08-17T11:48:03.989+0000] {subprocess.py:93} INFO - ✅ SKLUSDT: thêm 11 dòng mới
[2025-08-17T11:48:03.989+0000] {subprocess.py:93} INFO - 25/100 SKLUSDT lưu OK
[2025-08-17T11:48:03.989+0000] {subprocess.py:93} INFO - 26/100 CYBERUSDT lỗi: relation "cryptocurrency.cyberusdt" does not exist
[2025-08-17T11:48:03.989+0000] {subprocess.py:93} INFO - LINE 1: SELECT MAX(time) FROM cryptocurrency.cyberusdt;
[2025-08-17T11:48:03.990+0000] {subprocess.py:93} INFO -                               ^
[2025-08-17T11:48:03.990+0000] {subprocess.py:93} INFO - 
[2025-08-17T11:48:03.990+0000] {subprocess.py:93} INFO - 27/100 PONDUSDT lỗi: relation "cryptocurrency.pondusdt" does not exist
[2025-08-17T11:48:03.990+0000] {subprocess.py:93} INFO - LINE 1: SELECT MAX(time) FROM cryptocurrency.pondusdt;
[2025-08-17T11:48:03.991+0000] {subprocess.py:93} INFO -                               ^
[2025-08-17T11:48:03.991+0000] {subprocess.py:93} INFO - 
[2025-08-17T11:48:03.991+0000] {subprocess.py:93} INFO - ✅ ASRUSDT: thêm 21 dòng mới
[2025-08-17T11:48:03.991+0000] {subprocess.py:93} INFO - 28/100 ASRUSDT lưu OK
[2025-08-17T11:48:03.992+0000] {subprocess.py:93} INFO - ✅ OGUSDT: thêm 39 dòng mới
[2025-08-17T11:48:03.992+0000] {subprocess.py:93} INFO - 29/100 OGUSDT lưu OK
[2025-08-17T11:48:03.992+0000] {subprocess.py:93} INFO - ⚠️ AAVEUSDT lỗi lần 1/3: HTTPSConnectionPool(host='api.binance.com', port=443): Max retries exceeded with url: /api/v3/klines?symbol=AAVEUSDT&interval=1m&limit=100 (Caused by ConnectTimeoutError(<urllib3.connection.HTTPSConnection object at 0x7f8f6af8ef80>, 'Connection to api.binance.com timed out. (connect timeout=15)'))
[2025-08-17T11:48:03.993+0000] {subprocess.py:93} INFO - ⚠️ HBARUSDT lỗi lần 1/3: HTTPSConnectionPool(host='api.binance.com', port=443): Max retries exceeded with url: /api/v3/klines?symbol=HBARUSDT&interval=1m&limit=100 (Caused by ConnectTimeoutError(<urllib3.connection.HTTPSConnection object at 0x7f8f69bced40>, 'Connection to api.binance.com timed out. (connect timeout=15)'))
[2025-08-17T11:48:03.993+0000] {subprocess.py:93} INFO - ⚠️ LDOUSDT lỗi lần 1/3: HTTPSConnectionPool(host='api.binance.com', port=443): Max retries exceeded with url: /api/v3/klines?symbol=LDOUSDT&interval=1m&limit=100 (Caused by ConnectTimeoutError(<urllib3.connection.HTTPSConnection object at 0x7f8f69b01960>, 'Connection to api.binance.com timed out. (connect timeout=15)'))
[2025-08-17T11:48:03.993+0000] {subprocess.py:93} INFO - ⚠️ EPICUSDT lỗi lần 1/3: HTTPSConnectionPool(host='api.binance.com', port=443): Max retries exceeded with url: /api/v3/klines?symbol=EPICUSDT&interval=1m&limit=100 (Caused by ConnectTimeoutError(<urllib3.connection.HTTPSConnection object at 0x7f8f69b26080>, 'Connection to api.binance.com timed out. (connect timeout=15)'))
[2025-08-17T11:48:03.993+0000] {subprocess.py:93} INFO - ⚠️ API3USDT lỗi lần 1/3: HTTPSConnectionPool(host='api.binance.com', port=443): Max retries exceeded with url: /api/v3/klines?symbol=API3USDT&interval=1m&limit=100 (Caused by ConnectTimeoutError(<urllib3.connection.HTTPSConnection object at 0x7f8f69b26a10>, 'Connection to api.binance.com timed out. (connect timeout=15)'))
[2025-08-17T11:48:03.994+0000] {subprocess.py:93} INFO - ✅ BFUSDUSDT: thêm 10 dòng mới
[2025-08-17T11:48:03.994+0000] {subprocess.py:93} INFO - 30/100 BFUSDUSDT lưu OK
[2025-08-17T11:48:03.994+0000] {subprocess.py:93} INFO - ✅ HBARUSDT: thêm 22 dòng mới
[2025-08-17T11:48:03.995+0000] {subprocess.py:93} INFO - 31/100 HBARUSDT lưu OK
[2025-08-17T11:48:03.995+0000] {subprocess.py:93} INFO - ⚠️ WIFUSDT lỗi lần 1/3: HTTPSConnectionPool(host='api.binance.com', port=443): Max retries exceeded with url: /api/v3/klines?symbol=WIFUSDT&interval=1m&limit=100 (Caused by ConnectTimeoutError(<urllib3.connection.HTTPSConnection object at 0x7f8f69b26b00>, 'Connection to api.binance.com timed out. (connect timeout=15)'))
[2025-08-17T11:48:03.995+0000] {subprocess.py:93} INFO - ⚠️ NEARUSDT lỗi lần 1/3: HTTPSConnectionPool(host='api.binance.com', port=443): Max retries exceeded with url: /api/v3/klines?symbol=NEARUSDT&interval=1m&limit=100 (Caused by ConnectTimeoutError(<urllib3.connection.HTTPSConnection object at 0x7f8f69b27b50>, 'Connection to api.binance.com timed out. (connect timeout=15)'))
[2025-08-17T11:48:03.995+0000] {subprocess.py:93} INFO - ⚠️ AAVEUSDT lỗi lần 2/3: HTTPSConnectionPool(host='api.binance.com', port=443): Max retries exceeded with url: /api/v3/klines?symbol=AAVEUSDT&interval=1m&limit=100 (Caused by ConnectTimeoutError(<urllib3.connection.HTTPSConnection object at 0x7f8f69b24820>, 'Connection to api.binance.com timed out. (connect timeout=15)'))
[2025-08-17T11:48:03.996+0000] {subprocess.py:93} INFO - ⚠️ EPICUSDT lỗi lần 2/3: HTTPSConnectionPool(host='api.binance.com', port=443): Max retries exceeded with url: /api/v3/klines?symbol=EPICUSDT&interval=1m&limit=100 (Caused by ConnectTimeoutError(<urllib3.connection.HTTPSConnection object at 0x7f8f69b03e50>, 'Connection to api.binance.com timed out. (connect timeout=15)'))
[2025-08-17T11:48:03.996+0000] {subprocess.py:93} INFO - ⚠️ LDOUSDT lỗi lần 2/3: HTTPSConnectionPool(host='api.binance.com', port=443): Max retries exceeded with url: /api/v3/klines?symbol=LDOUSDT&interval=1m&limit=100 (Caused by ConnectTimeoutError(<urllib3.connection.HTTPSConnection object at 0x7f8f69b015d0>, 'Connection to api.binance.com timed out. (connect timeout=15)'))
[2025-08-17T11:48:03.996+0000] {subprocess.py:93} INFO - ⚠️ API3USDT lỗi lần 2/3: HTTPSConnectionPool(host='api.binance.com', port=443): Max retries exceeded with url: /api/v3/klines?symbol=API3USDT&interval=1m&limit=100 (Caused by ConnectTimeoutError(<urllib3.connection.HTTPSConnection object at 0x7f8f69b26140>, 'Connection to api.binance.com timed out. (connect timeout=15)'))
[2025-08-17T11:48:03.996+0000] {subprocess.py:93} INFO - ⚠️ CRVUSDT lỗi lần 1/3: HTTPSConnectionPool(host='api.binance.com', port=443): Max retries exceeded with url: /api/v3/klines?symbol=CRVUSDT&interval=1m&limit=100 (Caused by ConnectTimeoutError(<urllib3.connection.HTTPSConnection object at 0x7f8f69b25090>, 'Connection to api.binance.com timed out. (connect timeout=15)'))
[2025-08-17T11:48:03.997+0000] {subprocess.py:93} INFO - ⚠️ WIFUSDT lỗi lần 2/3: HTTPSConnectionPool(host='api.binance.com', port=443): Max retries exceeded with url: /api/v3/klines?symbol=WIFUSDT&interval=1m&limit=100 (Caused by ConnectTimeoutError(<urllib3.connection.HTTPSConnection object at 0x7f8f69b02200>, 'Connection to api.binance.com timed out. (connect timeout=15)'))
[2025-08-17T11:49:12.165+0000] {subprocess.py:93} INFO - ⚠️ NEARUSDT lỗi lần 2/3: HTTPSConnectionPool(host='api.binance.com', port=443): Max retries exceeded with url: /api/v3/klines?symbol=NEARUSDT&interval=1m&limit=100 (Caused by ConnectTimeoutError(<urllib3.connection.HTTPSConnection object at 0x7f8f69b03a90>, 'Connection to api.binance.com timed out. (connect timeout=15)'))
[2025-08-17T11:49:12.165+0000] {subprocess.py:93} INFO - ⚠️ EPICUSDT lỗi lần 3/3: HTTPSConnectionPool(host='api.binance.com', port=443): Max retries exceeded with url: /api/v3/klines?symbol=EPICUSDT&interval=1m&limit=100 (Caused by ConnectTimeoutError(<urllib3.connection.HTTPSConnection object at 0x7f8f69b03040>, 'Connection to api.binance.com timed out. (connect timeout=15)'))
[2025-08-17T11:49:12.166+0000] {subprocess.py:93} INFO - ⚠️ AAVEUSDT lỗi lần 3/3: HTTPSConnectionPool(host='api.binance.com', port=443): Max retries exceeded with url: /api/v3/klines?symbol=AAVEUSDT&interval=1m&limit=100 (Caused by ConnectTimeoutError(<urllib3.connection.HTTPSConnection object at 0x7f8f69b03dc0>, 'Connection to api.binance.com timed out. (connect timeout=15)'))
[2025-08-17T11:49:12.166+0000] {subprocess.py:93} INFO - ⚠️ LDOUSDT lỗi lần 3/3: HTTPSConnectionPool(host='api.binance.com', port=443): Max retries exceeded with url: /api/v3/klines?symbol=LDOUSDT&interval=1m&limit=100 (Caused by ConnectTimeoutError(<urllib3.connection.HTTPSConnection object at 0x7f8f6af42ec0>, 'Connection to api.binance.com timed out. (connect timeout=15)'))
[2025-08-17T11:49:12.167+0000] {subprocess.py:93} INFO - ⚠️ API3USDT lỗi lần 3/3: HTTPSConnectionPool(host='api.binance.com', port=443): Max retries exceeded with url: /api/v3/klines?symbol=API3USDT&interval=1m&limit=100 (Caused by ConnectTimeoutError(<urllib3.connection.HTTPSConnection object at 0x7f8f69b243d0>, 'Connection to api.binance.com timed out. (connect timeout=15)'))
[2025-08-17T11:49:12.167+0000] {subprocess.py:93} INFO - ⚠️ CRVUSDT lỗi lần 2/3: HTTPSConnectionPool(host='api.binance.com', port=443): Max retries exceeded with url: /api/v3/klines?symbol=CRVUSDT&interval=1m&limit=100 (Caused by ConnectTimeoutError(<urllib3.connection.HTTPSConnection object at 0x7f8f69b24d30>, 'Connection to api.binance.com timed out. (connect timeout=15)'))
[2025-08-17T11:49:12.167+0000] {subprocess.py:93} INFO - 32/100 EPICUSDT bỏ qua (fail)
[2025-08-17T11:49:12.168+0000] {subprocess.py:93} INFO - 33/100 AAVEUSDT bỏ qua (fail)
[2025-08-17T11:49:12.168+0000] {subprocess.py:93} INFO - 34/100 LDOUSDT bỏ qua (fail)
[2025-08-17T11:49:12.168+0000] {subprocess.py:93} INFO - 35/100 API3USDT bỏ qua (fail)
[2025-08-17T11:49:12.169+0000] {subprocess.py:93} INFO - ⚠️ WIFUSDT lỗi lần 3/3: HTTPSConnectionPool(host='api.binance.com', port=443): Max retries exceeded with url: /api/v3/klines?symbol=WIFUSDT&interval=1m&limit=100 (Caused by ConnectTimeoutError(<urllib3.connection.HTTPSConnection object at 0x7f8f69b27b80>, 'Connection to api.binance.com timed out. (connect timeout=15)'))
[2025-08-17T11:49:12.169+0000] {subprocess.py:93} INFO - ⚠️ NEARUSDT lỗi lần 3/3: HTTPSConnectionPool(host='api.binance.com', port=443): Max retries exceeded with url: /api/v3/klines?symbol=NEARUSDT&interval=1m&limit=100 (Caused by ConnectTimeoutError(<urllib3.connection.HTTPSConnection object at 0x7f8f69b00910>, 'Connection to api.binance.com timed out. (connect timeout=15)'))
[2025-08-17T11:49:12.169+0000] {subprocess.py:93} INFO - 36/100 WIFUSDT bỏ qua (fail)
[2025-08-17T11:49:12.169+0000] {subprocess.py:93} INFO - ⚠️ CHRUSDT lỗi lần 1/3: HTTPSConnectionPool(host='api.binance.com', port=443): Max retries exceeded with url: /api/v3/klines?symbol=CHRUSDT&interval=1m&limit=100 (Caused by ConnectTimeoutError(<urllib3.connection.HTTPSConnection object at 0x7f8f69b02710>, 'Connection to api.binance.com timed out. (connect timeout=15)'))
[2025-08-17T11:49:12.170+0000] {subprocess.py:93} INFO - ⚠️ MAVUSDT lỗi lần 1/3: HTTPSConnectionPool(host='api.binance.com', port=443): Max retries exceeded with url: /api/v3/klines?symbol=MAVUSDT&interval=1m&limit=100 (Caused by ConnectTimeoutError(<urllib3.connection.HTTPSConnection object at 0x7f8f69b01570>, 'Connection to api.binance.com timed out. (connect timeout=15)'))
[2025-08-17T11:49:12.170+0000] {subprocess.py:93} INFO - ⚠️ BONKUSDT lỗi lần 1/3: HTTPSConnectionPool(host='api.binance.com', port=443): Max retries exceeded with url: /api/v3/klines?symbol=BONKUSDT&interval=1m&limit=100 (Caused by ConnectTimeoutError(<urllib3.connection.HTTPSConnection object at 0x7f8f69b255a0>, 'Connection to api.binance.com timed out. (connect timeout=15)'))
[2025-08-17T11:49:12.170+0000] {subprocess.py:93} INFO - ⚠️ TOWNSUSDT lỗi lần 1/3: HTTPSConnectionPool(host='api.binance.com', port=443): Max retries exceeded with url: /api/v3/klines?symbol=TOWNSUSDT&interval=1m&limit=100 (Caused by ConnectTimeoutError(<urllib3.connection.HTTPSConnection object at 0x7f8f69b01960>, 'Connection to api.binance.com timed out. (connect timeout=15)'))
[2025-08-17T11:49:12.171+0000] {subprocess.py:93} INFO - 37/100 NEARUSDT bỏ qua (fail)
[2025-08-17T11:49:12.171+0000] {subprocess.py:93} INFO - ⚠️ CRVUSDT lỗi lần 3/3: HTTPSConnectionPool(host='api.binance.com', port=443): Max retries exceeded with url: /api/v3/klines?symbol=CRVUSDT&interval=1m&limit=100 (Caused by ConnectTimeoutError(<urllib3.connection.HTTPSConnection object at 0x7f8f69b03fd0>, 'Connection to api.binance.com timed out. (connect timeout=15)'))
[2025-08-17T11:49:12.171+0000] {subprocess.py:93} INFO - 38/100 CRVUSDT bỏ qua (fail)
[2025-08-17T11:49:12.172+0000] {subprocess.py:93} INFO - ✅ OGNUSDT: thêm 9 dòng mới
[2025-08-17T11:49:12.172+0000] {subprocess.py:93} INFO - 39/100 OGNUSDT lưu OK
[2025-08-17T11:49:12.172+0000] {subprocess.py:93} INFO - ✅ RAYUSDT: thêm 22 dòng mới
[2025-08-17T11:49:12.172+0000] {subprocess.py:93} INFO - 40/100 RAYUSDT lưu OK
[2025-08-17T11:49:12.173+0000] {subprocess.py:93} INFO - ✅ BERAUSDT: thêm 9 dòng mới
[2025-08-17T11:49:12.173+0000] {subprocess.py:93} INFO - 41/100 BERAUSDT lưu OK
[2025-08-17T11:49:12.173+0000] {subprocess.py:93} INFO - ⚠️ OPUSDT lỗi lần 1/3: HTTPSConnectionPool(host='api.binance.com', port=443): Max retries exceeded with url: /api/v3/klines?symbol=OPUSDT&interval=1m&limit=100 (Caused by ConnectTimeoutError(<urllib3.connection.HTTPSConnection object at 0x7f8f69b01a80>, 'Connection to api.binance.com timed out. (connect timeout=15)'))
[2025-08-17T11:49:12.174+0000] {subprocess.py:93} INFO - ⚠️ CHRUSDT lỗi lần 2/3: HTTPSConnectionPool(host='api.binance.com', port=443): Max retries exceeded with url: /api/v3/klines?symbol=CHRUSDT&interval=1m&limit=100 (Caused by ConnectTimeoutError(<urllib3.connection.HTTPSConnection object at 0x7f8f69b26f50>, 'Connection to api.binance.com timed out. (connect timeout=15)'))
[2025-08-17T11:49:12.174+0000] {subprocess.py:93} INFO - ⚠️ TOWNSUSDT lỗi lần 2/3: HTTPSConnectionPool(host='api.binance.com', port=443): Max retries exceeded with url: /api/v3/klines?symbol=TOWNSUSDT&interval=1m&limit=100 (Caused by ConnectTimeoutError(<urllib3.connection.HTTPSConnection object at 0x7f8f69bcf0a0>, 'Connection to api.binance.com timed out. (connect timeout=15)'))
[2025-08-17T11:49:12.174+0000] {subprocess.py:93} INFO - ⚠️ MAVUSDT lỗi lần 2/3: HTTPSConnectionPool(host='api.binance.com', port=443): Max retries exceeded with url: /api/v3/klines?symbol=MAVUSDT&interval=1m&limit=100 (Caused by ConnectTimeoutError(<urllib3.connection.HTTPSConnection object at 0x7f8f69b27040>, 'Connection to api.binance.com timed out. (connect timeout=15)'))
[2025-08-17T11:49:12.175+0000] {subprocess.py:93} INFO - ⚠️ BONKUSDT lỗi lần 2/3: HTTPSConnectionPool(host='api.binance.com', port=443): Max retries exceeded with url: /api/v3/klines?symbol=BONKUSDT&interval=1m&limit=100 (Caused by ConnectTimeoutError(<urllib3.connection.HTTPSConnection object at 0x7f8f69bced10>, 'Connection to api.binance.com timed out. (connect timeout=15)'))
[2025-08-17T11:49:12.175+0000] {subprocess.py:93} INFO - ✅ OPUSDT: thêm 9 dòng mới
[2025-08-17T11:49:12.175+0000] {subprocess.py:93} INFO - 42/100 OPUSDT lưu OK
[2025-08-17T11:49:12.176+0000] {subprocess.py:93} INFO - ✅ APTUSDT: thêm 22 dòng mới
[2025-08-17T11:49:12.176+0000] {subprocess.py:93} INFO - 43/100 APTUSDT lưu OK
[2025-08-17T11:49:12.176+0000] {subprocess.py:93} INFO - ✅ MAVUSDT: thêm 22 dòng mới
[2025-08-17T11:49:12.177+0000] {subprocess.py:93} INFO - 44/100 MAVUSDT lưu OK
[2025-08-17T11:49:12.177+0000] {subprocess.py:93} INFO - 45/100 TSTUSDT lỗi: connection to server at "videv.cloud" (27.74.74.29), port 5432 failed: Connection timed out
[2025-08-17T11:49:12.177+0000] {subprocess.py:93} INFO - 	Is the server running on that host and accepting TCP/IP connections?
[2025-08-17T11:49:12.177+0000] {subprocess.py:93} INFO - 
[2025-08-17T11:49:12.178+0000] {subprocess.py:93} INFO - 46/100 SEIUSDT lỗi: connection to server at "videv.cloud" (27.74.74.29), port 5432 failed: Connection timed out
[2025-08-17T11:49:12.178+0000] {subprocess.py:93} INFO - 	Is the server running on that host and accepting TCP/IP connections?
[2025-08-17T11:49:12.178+0000] {subprocess.py:93} INFO - 
[2025-08-17T11:49:12.179+0000] {subprocess.py:93} INFO - ⚠️ LPTUSDT lỗi lần 1/3: HTTPSConnectionPool(host='api.binance.com', port=443): Max retries exceeded with url: /api/v3/klines?symbol=LPTUSDT&interval=1m&limit=100 (Caused by ConnectTimeoutError(<urllib3.connection.HTTPSConnection object at 0x7f8f69b01360>, 'Connection to api.binance.com timed out. (connect timeout=15)'))
[2025-08-17T11:49:12.179+0000] {subprocess.py:93} INFO - ⚠️ FLOKIUSDT lỗi lần 1/3: HTTPSConnectionPool(host='api.binance.com', port=443): Max retries exceeded with url: /api/v3/klines?symbol=FLOKIUSDT&interval=1m&limit=100 (Caused by ConnectTimeoutError(<urllib3.connection.HTTPSConnection object at 0x7f8f69bccdc0>, 'Connection to api.binance.com timed out. (connect timeout=15)'))
[2025-08-17T11:49:12.179+0000] {subprocess.py:93} INFO - ⚠️ BCHUSDT lỗi lần 1/3: HTTPSConnectionPool(host='api.binance.com', port=443): Max retries exceeded with url: /api/v3/klines?symbol=BCHUSDT&interval=1m&limit=100 (Caused by ConnectTimeoutError(<urllib3.connection.HTTPSConnection object at 0x7f8f69bcdbd0>, 'Connection to api.binance.com timed out. (connect timeout=15)'))
[2025-08-17T11:50:55.582+0000] {subprocess.py:93} INFO - ⚠️ CELRUSDT lỗi lần 1/3: HTTPSConnectionPool(host='api.binance.com', port=443): Max retries exceeded with url: /api/v3/klines?symbol=CELRUSDT&interval=1m&limit=100 (Caused by ConnectTimeoutError(<urllib3.connection.HTTPSConnection object at 0x7f8f69bcefb0>, 'Connection to api.binance.com timed out. (connect timeout=15)'))
[2025-08-17T11:50:55.582+0000] {subprocess.py:93} INFO - ✅ TOWNSUSDT: thêm 9 dòng mới
[2025-08-17T11:50:55.583+0000] {subprocess.py:93} INFO - 47/100 TOWNSUSDT lưu OK
[2025-08-17T11:50:55.583+0000] {subprocess.py:93} INFO - ✅ GALAUSDT: thêm 9 dòng mới
[2025-08-17T11:50:55.584+0000] {subprocess.py:93} INFO - 48/100 GALAUSDT lưu OK
[2025-08-17T11:50:55.584+0000] {subprocess.py:93} INFO - ⚠️ LPTUSDT lỗi lần 2/3: HTTPSConnectionPool(host='api.binance.com', port=443): Max retries exceeded with url: /api/v3/klines?symbol=LPTUSDT&interval=1m&limit=100 (Caused by ConnectTimeoutError(<urllib3.connection.HTTPSConnection object at 0x7f8f6af54190>, 'Connection to api.binance.com timed out. (connect timeout=15)'))
[2025-08-17T11:50:55.584+0000] {subprocess.py:93} INFO - ⚠️ FLOKIUSDT lỗi lần 2/3: HTTPSConnectionPool(host='api.binance.com', port=443): Max retries exceeded with url: /api/v3/klines?symbol=FLOKIUSDT&interval=1m&limit=100 (Caused by ConnectTimeoutError(<urllib3.connection.HTTPSConnection object at 0x7f8f6af81f30>, 'Connection to api.binance.com timed out. (connect timeout=15)'))
[2025-08-17T11:50:55.585+0000] {subprocess.py:93} INFO - ⚠️ BCHUSDT lỗi lần 2/3: HTTPSConnectionPool(host='api.binance.com', port=443): Max retries exceeded with url: /api/v3/klines?symbol=BCHUSDT&interval=1m&limit=100 (Caused by ConnectTimeoutError(<urllib3.connection.HTTPSConnection object at 0x7f8f69b00220>, 'Connection to api.binance.com timed out. (connect timeout=15)'))
[2025-08-17T11:50:55.585+0000] {subprocess.py:93} INFO - 49/100 WLDUSDT lỗi: connection to server at "videv.cloud" (27.74.74.29), port 5432 failed: Connection timed out
[2025-08-17T11:50:55.585+0000] {subprocess.py:93} INFO - 	Is the server running on that host and accepting TCP/IP connections?
[2025-08-17T11:50:55.586+0000] {subprocess.py:93} INFO - 
[2025-08-17T11:50:55.586+0000] {subprocess.py:93} INFO - ⚠️ CELRUSDT lỗi lần 2/3: HTTPSConnectionPool(host='api.binance.com', port=443): Max retries exceeded with url: /api/v3/klines?symbol=CELRUSDT&interval=1m&limit=100 (Caused by ConnectTimeoutError(<urllib3.connection.HTTPSConnection object at 0x7f8f69bcde40>, 'Connection to api.binance.com timed out. (connect timeout=15)'))
[2025-08-17T11:50:55.586+0000] {subprocess.py:93} INFO - ✅ ONDOUSDT: thêm 9 dòng mới
[2025-08-17T11:50:55.587+0000] {subprocess.py:93} INFO - 50/100 ONDOUSDT lưu OK
[2025-08-17T11:50:55.587+0000] {subprocess.py:93} INFO - ✅ FLOKIUSDT: thêm 56 dòng mới
[2025-08-17T11:50:55.588+0000] {subprocess.py:93} INFO - 51/100 FLOKIUSDT lưu OK
[2025-08-17T11:50:55.588+0000] {subprocess.py:93} INFO - 52/100 MOVRUSDT lỗi: relation "cryptocurrency.movrusdt" does not exist
[2025-08-17T11:50:55.588+0000] {subprocess.py:93} INFO - LINE 1: SELECT MAX(time) FROM cryptocurrency.movrusdt;
[2025-08-17T11:50:55.589+0000] {subprocess.py:93} INFO -                               ^
[2025-08-17T11:50:55.589+0000] {subprocess.py:93} INFO - 
[2025-08-17T11:50:55.589+0000] {subprocess.py:93} INFO - ✅ BCHUSDT: thêm 9 dòng mới
[2025-08-17T11:50:55.590+0000] {subprocess.py:93} INFO - 53/100 BCHUSDT lưu OK
[2025-08-17T11:50:55.590+0000] {subprocess.py:93} INFO - ✅ CELRUSDT: thêm 9 dòng mới
[2025-08-17T11:50:55.590+0000] {subprocess.py:93} INFO - 54/100 CELRUSDT lưu OK
[2025-08-17T11:50:55.591+0000] {subprocess.py:93} INFO - ⚠️ LPTUSDT lỗi lần 3/3: HTTPSConnectionPool(host='api.binance.com', port=443): Max retries exceeded with url: /api/v3/klines?symbol=LPTUSDT&interval=1m&limit=100 (Caused by ConnectTimeoutError(<urllib3.connection.HTTPSConnection object at 0x7f8f69bcc700>, 'Connection to api.binance.com timed out. (connect timeout=15)'))
[2025-08-17T11:50:55.591+0000] {subprocess.py:93} INFO - 55/100 LPTUSDT bỏ qua (fail)
[2025-08-17T11:50:55.591+0000] {subprocess.py:93} INFO - ⚠️ INJUSDT lỗi lần 1/3: HTTPSConnectionPool(host='api.binance.com', port=443): Max retries exceeded with url: /api/v3/klines?symbol=INJUSDT&interval=1m&limit=100 (Caused by ConnectTimeoutError(<urllib3.connection.HTTPSConnection object at 0x7f8f69b02830>, 'Connection to api.binance.com timed out. (connect timeout=15)'))
[2025-08-17T11:50:55.592+0000] {subprocess.py:93} INFO - ⚠️ EIGENUSDT lỗi lần 1/3: HTTPSConnectionPool(host='api.binance.com', port=443): Max retries exceeded with url: /api/v3/klines?symbol=EIGENUSDT&interval=1m&limit=100 (Caused by ConnectTimeoutError(<urllib3.connection.HTTPSConnection object at 0x7f8f69bce7d0>, 'Connection to api.binance.com timed out. (connect timeout=15)'))
[2025-08-17T11:50:55.592+0000] {subprocess.py:93} INFO - ⚠️ XUSDUSDT lỗi lần 1/3: HTTPSConnectionPool(host='api.binance.com', port=443): Max retries exceeded with url: /api/v3/klines?symbol=XUSDUSDT&interval=1m&limit=100 (Caused by ConnectTimeoutError(<urllib3.connection.HTTPSConnection object at 0x7f8f6af83a60>, 'Connection to api.binance.com timed out. (connect timeout=15)'))
[2025-08-17T11:50:55.592+0000] {subprocess.py:93} INFO - ⚠️ PENDLEUSDT lỗi lần 1/3: HTTPSConnectionPool(host='api.binance.com', port=443): Max retries exceeded with url: /api/v3/klines?symbol=PENDLEUSDT&interval=1m&limit=100 (Caused by ConnectTimeoutError(<urllib3.connection.HTTPSConnection object at 0x7f8f6af814e0>, 'Connection to api.binance.com timed out. (connect timeout=15)'))
[2025-08-17T11:50:55.593+0000] {subprocess.py:93} INFO - ⚠️ EIGENUSDT lỗi lần 2/3: HTTPSConnectionPool(host='api.binance.com', port=443): Max retries exceeded with url: /api/v3/klines?symbol=EIGENUSDT&interval=1m&limit=100 (Caused by ConnectTimeoutError(<urllib3.connection.HTTPSConnection object at 0x7f8f6af8b310>, 'Connection to api.binance.com timed out. (connect timeout=15)'))
[2025-08-17T11:50:55.593+0000] {subprocess.py:93} INFO - ⚠️ XUSDUSDT lỗi lần 2/3: HTTPSConnectionPool(host='api.binance.com', port=443): Max retries exceeded with url: /api/v3/klines?symbol=XUSDUSDT&interval=1m&limit=100 (Caused by ConnectTimeoutError(<urllib3.connection.HTTPSConnection object at 0x7f8f6af88e50>, 'Connection to api.binance.com timed out. (connect timeout=15)'))
[2025-08-17T11:50:55.594+0000] {subprocess.py:93} INFO - ⚠️ PENDLEUSDT lỗi lần 2/3: HTTPSConnectionPool(host='api.binance.com', port=443): Max retries exceeded with url: /api/v3/klines?symbol=PENDLEUSDT&interval=1m&limit=100 (Caused by ConnectTimeoutError(<urllib3.connection.HTTPSConnection object at 0x7f8f6af433d0>, 'Connection to api.binance.com timed out. (connect timeout=15)'))
[2025-08-17T11:50:55.594+0000] {subprocess.py:93} INFO - ⚠️ EIGENUSDT lỗi lần 3/3: HTTPSConnectionPool(host='api.binance.com', port=443): Max retries exceeded with url: /api/v3/klines?symbol=EIGENUSDT&interval=1m&limit=100 (Caused by ConnectTimeoutError(<urllib3.connection.HTTPSConnection object at 0x7f8f6af83b80>, 'Connection to api.binance.com timed out. (connect timeout=15)'))
[2025-08-17T11:50:55.594+0000] {subprocess.py:93} INFO - ⚠️ XUSDUSDT lỗi lần 3/3: HTTPSConnectionPool(host='api.binance.com', port=443): Max retries exceeded with url: /api/v3/klines?symbol=XUSDUSDT&interval=1m&limit=100 (Caused by ConnectTimeoutError(<urllib3.connection.HTTPSConnection object at 0x7f8f6af82710>, 'Connection to api.binance.com timed out. (connect timeout=15)'))
[2025-08-17T11:50:55.595+0000] {subprocess.py:93} INFO - 56/100 EIGENUSDT bỏ qua (fail)
[2025-08-17T11:50:55.595+0000] {subprocess.py:93} INFO - 57/100 XUSDUSDT bỏ qua (fail)
[2025-08-17T11:50:55.595+0000] {subprocess.py:93} INFO - ⚠️ PENDLEUSDT lỗi lần 3/3: HTTPSConnectionPool(host='api.binance.com', port=443): Max retries exceeded with url: /api/v3/klines?symbol=PENDLEUSDT&interval=1m&limit=100 (Caused by ConnectTimeoutError(<urllib3.connection.HTTPSConnection object at 0x7f8f69bcc220>, 'Connection to api.binance.com timed out. (connect timeout=15)'))
[2025-08-17T11:50:55.596+0000] {subprocess.py:93} INFO - 58/100 PENDLEUSDT bỏ qua (fail)
[2025-08-17T11:50:55.596+0000] {subprocess.py:93} INFO - ✅ PORTOUSDT: thêm 9 dòng mới
[2025-08-17T11:50:55.596+0000] {subprocess.py:93} INFO - 59/100 PORTOUSDT lưu OK
[2025-08-17T11:50:55.597+0000] {subprocess.py:93} INFO - ✅ LRCUSDT: thêm 9 dòng mới
[2025-08-17T11:50:55.597+0000] {subprocess.py:93} INFO - 60/100 LRCUSDT lưu OK
[2025-08-17T11:50:55.597+0000] {subprocess.py:93} INFO - 61/100 NMRUSDT lỗi: relation "cryptocurrency.nmrusdt" does not exist
[2025-08-17T11:50:55.598+0000] {subprocess.py:93} INFO - LINE 1: SELECT MAX(time) FROM cryptocurrency.nmrusdt;
[2025-08-17T11:50:55.598+0000] {subprocess.py:93} INFO -                               ^
[2025-08-17T11:50:55.598+0000] {subprocess.py:93} INFO - 
[2025-08-17T11:50:55.599+0000] {subprocess.py:93} INFO - 62/100 XLMUSDT lỗi: connection to server at "videv.cloud" (27.74.74.29), port 5432 failed: Connection timed out
[2025-08-17T11:50:55.599+0000] {subprocess.py:93} INFO - 	Is the server running on that host and accepting TCP/IP connections?
[2025-08-17T11:50:55.599+0000] {subprocess.py:93} INFO - 
[2025-08-17T11:50:55.600+0000] {subprocess.py:93} INFO - ⚠️ TIAUSDT lỗi lần 1/3: HTTPSConnectionPool(host='api.binance.com', port=443): Max retries exceeded with url: /api/v3/klines?symbol=TIAUSDT&interval=1m&limit=100 (Caused by ConnectTimeoutError(<urllib3.connection.HTTPSConnection object at 0x7f8f6af8aec0>, 'Connection to api.binance.com timed out. (connect timeout=15)'))
[2025-08-17T11:50:55.600+0000] {subprocess.py:93} INFO - ✅ TAOUSDT: thêm 9 dòng mới
[2025-08-17T11:50:55.600+0000] {subprocess.py:93} INFO - 63/100 TAOUSDT lưu OK
[2025-08-17T11:50:55.601+0000] {subprocess.py:93} INFO - 64/100 DOTUSDT lỗi: connection to server at "videv.cloud" (27.74.74.29), port 5432 failed: Connection timed out
[2025-08-17T11:50:55.601+0000] {subprocess.py:93} INFO - 	Is the server running on that host and accepting TCP/IP connections?
[2025-08-17T11:50:55.601+0000] {subprocess.py:93} INFO - 
[2025-08-17T11:50:55.602+0000] {subprocess.py:93} INFO - 65/100 BBUSDT lỗi: relation "cryptocurrency.bbusdt" does not exist
[2025-08-17T11:50:55.602+0000] {subprocess.py:93} INFO - LINE 1: SELECT MAX(time) FROM cryptocurrency.bbusdt;
[2025-08-17T11:50:55.602+0000] {subprocess.py:93} INFO -                               ^
[2025-08-17T11:50:55.603+0000] {subprocess.py:93} INFO - 
[2025-08-17T11:50:55.603+0000] {subprocess.py:93} INFO - ⚠️ BANDUSDT lỗi lần 1/3: HTTPSConnectionPool(host='api.binance.com', port=443): Max retries exceeded with url: /api/v3/klines?symbol=BANDUSDT&interval=1m&limit=100 (Caused by ConnectTimeoutError(<urllib3.connection.HTTPSConnection object at 0x7f8f6af83310>, 'Connection to api.binance.com timed out. (connect timeout=15)'))
[2025-08-17T11:50:55.603+0000] {subprocess.py:93} INFO - ⚠️ BATUSDT lỗi lần 1/3: HTTPSConnectionPool(host='api.binance.com', port=443): Max retries exceeded with url: /api/v3/klines?symbol=BATUSDT&interval=1m&limit=100 (Caused by ConnectTimeoutError(<urllib3.connection.HTTPSConnection object at 0x7f8f6af41cc0>, 'Connection to api.binance.com timed out. (connect timeout=15)'))
[2025-08-17T11:50:55.604+0000] {subprocess.py:93} INFO - 66/100 CHRUSDT lỗi: connection to server at "videv.cloud" (27.74.74.29), port 5432 failed: Connection timed out
[2025-08-17T11:50:55.604+0000] {subprocess.py:93} INFO - 	Is the server running on that host and accepting TCP/IP connections?
[2025-08-17T11:50:55.604+0000] {subprocess.py:93} INFO - 
[2025-08-17T11:52:44.620+0000] {subprocess.py:93} INFO - ⚠️ TIAUSDT lỗi lần 2/3: HTTPSConnectionPool(host='api.binance.com', port=443): Max retries exceeded with url: /api/v3/klines?symbol=TIAUSDT&interval=1m&limit=100 (Caused by ConnectTimeoutError(<urllib3.connection.HTTPSConnection object at 0x7f8f69b01210>, 'Connection to api.binance.com timed out. (connect timeout=15)'))
[2025-08-17T11:52:44.621+0000] {subprocess.py:93} INFO - 67/100 BONKUSDT lỗi: connection to server at "videv.cloud" (27.74.74.29), port 5432 failed: Connection timed out
[2025-08-17T11:52:44.622+0000] {subprocess.py:93} INFO - 	Is the server running on that host and accepting TCP/IP connections?
[2025-08-17T11:52:44.622+0000] {subprocess.py:93} INFO - 
[2025-08-17T11:52:44.622+0000] {subprocess.py:93} INFO - ⚠️ RENDERUSDT lỗi lần 1/3: HTTPSConnectionPool(host='api.binance.com', port=443): Max retries exceeded with url: /api/v3/klines?symbol=RENDERUSDT&interval=1m&limit=100 (Caused by ConnectTimeoutError(<urllib3.connection.HTTPSConnection object at 0x7f8f6af40640>, 'Connection to api.binance.com timed out. (connect timeout=15)'))
[2025-08-17T11:52:44.623+0000] {subprocess.py:93} INFO - ⚠️ BANDUSDT lỗi lần 2/3: HTTPSConnectionPool(host='api.binance.com', port=443): Max retries exceeded with url: /api/v3/klines?symbol=BANDUSDT&interval=1m&limit=100 (Caused by ConnectTimeoutError(<urllib3.connection.HTTPSConnection object at 0x7f8f69b00fa0>, 'Connection to api.binance.com timed out. (connect timeout=15)'))
[2025-08-17T11:52:44.623+0000] {subprocess.py:93} INFO - ⚠️ BATUSDT lỗi lần 2/3: HTTPSConnectionPool(host='api.binance.com', port=443): Max retries exceeded with url: /api/v3/klines?symbol=BATUSDT&interval=1m&limit=100 (Caused by ConnectTimeoutError(<urllib3.connection.HTTPSConnection object at 0x7f8f69b01c90>, 'Connection to api.binance.com timed out. (connect timeout=15)'))
[2025-08-17T11:52:44.624+0000] {subprocess.py:93} INFO - ⚠️ TIAUSDT lỗi lần 3/3: HTTPSConnectionPool(host='api.binance.com', port=443): Max retries exceeded with url: /api/v3/klines?symbol=TIAUSDT&interval=1m&limit=100 (Caused by ConnectTimeoutError(<urllib3.connection.HTTPSConnection object at 0x7f8f69b03f70>, 'Connection to api.binance.com timed out. (connect timeout=15)'))
[2025-08-17T11:52:44.624+0000] {subprocess.py:93} INFO - ⚠️ ALGOUSDT lỗi lần 1/3: HTTPSConnectionPool(host='api.binance.com', port=443): Max retries exceeded with url: /api/v3/klines?symbol=ALGOUSDT&interval=1m&limit=100 (Caused by ConnectTimeoutError(<urllib3.connection.HTTPSConnection object at 0x7f8f69b02ad0>, 'Connection to api.binance.com timed out. (connect timeout=15)'))
[2025-08-17T11:52:44.624+0000] {subprocess.py:93} INFO - 68/100 TIAUSDT bỏ qua (fail)
[2025-08-17T11:52:44.625+0000] {subprocess.py:93} INFO - ✅ BATUSDT: thêm 22 dòng mới
[2025-08-17T11:52:44.625+0000] {subprocess.py:93} INFO - 69/100 BATUSDT lưu OK
[2025-08-17T11:52:44.626+0000] {subprocess.py:93} INFO - 70/100 BIOUSDT lỗi: relation "cryptocurrency.biousdt" does not exist
[2025-08-17T11:52:44.626+0000] {subprocess.py:93} INFO - LINE 1: SELECT MAX(time) FROM cryptocurrency.biousdt;
[2025-08-17T11:52:44.626+0000] {subprocess.py:93} INFO -                               ^
[2025-08-17T11:52:44.627+0000] {subprocess.py:93} INFO - 
[2025-08-17T11:52:44.627+0000] {subprocess.py:93} INFO - ⚠️ RENDERUSDT lỗi lần 2/3: HTTPSConnectionPool(host='api.binance.com', port=443): Max retries exceeded with url: /api/v3/klines?symbol=RENDERUSDT&interval=1m&limit=100 (Caused by ConnectTimeoutError(<urllib3.connection.HTTPSConnection object at 0x7f8f6af81930>, 'Connection to api.binance.com timed out. (connect timeout=15)'))
[2025-08-17T11:52:44.628+0000] {subprocess.py:93} INFO - ⚠️ BANDUSDT lỗi lần 3/3: HTTPSConnectionPool(host='api.binance.com', port=443): Max retries exceeded with url: /api/v3/klines?symbol=BANDUSDT&interval=1m&limit=100 (Caused by ConnectTimeoutError(<urllib3.connection.HTTPSConnection object at 0x7f8f6af83c40>, 'Connection to api.binance.com timed out. (connect timeout=15)'))
[2025-08-17T11:52:44.628+0000] {subprocess.py:93} INFO - 71/100 BANDUSDT bỏ qua (fail)
[2025-08-17T11:52:44.628+0000] {subprocess.py:93} INFO - ⚠️ ALGOUSDT lỗi lần 2/3: HTTPSConnectionPool(host='api.binance.com', port=443): Max retries exceeded with url: /api/v3/klines?symbol=ALGOUSDT&interval=1m&limit=100 (Caused by ConnectTimeoutError(<urllib3.connection.HTTPSConnection object at 0x7f8f69b005e0>, 'Connection to api.binance.com timed out. (connect timeout=15)'))
[2025-08-17T11:52:44.629+0000] {subprocess.py:93} INFO - 72/100 TONUSDT lỗi: connection to server at "videv.cloud" (27.74.74.29), port 5432 failed: Connection timed out
[2025-08-17T11:52:44.629+0000] {subprocess.py:93} INFO - 	Is the server running on that host and accepting TCP/IP connections?
[2025-08-17T11:52:44.630+0000] {subprocess.py:93} INFO - 
[2025-08-17T11:52:44.630+0000] {subprocess.py:93} INFO - ✅ FILUSDT: thêm 9 dòng mới
[2025-08-17T11:52:44.630+0000] {subprocess.py:93} INFO - 73/100 FILUSDT lưu OK
[2025-08-17T11:52:44.631+0000] {subprocess.py:93} INFO - ✅ SPKUSDT: thêm 9 dòng mới
[2025-08-17T11:52:44.631+0000] {subprocess.py:93} INFO - 74/100 SPKUSDT lưu OK
[2025-08-17T11:52:44.631+0000] {subprocess.py:93} INFO - 75/100 STRKUSDT lỗi: relation "cryptocurrency.strkusdt" does not exist
[2025-08-17T11:52:44.632+0000] {subprocess.py:93} INFO - LINE 1: SELECT MAX(time) FROM cryptocurrency.strkusdt;
[2025-08-17T11:52:44.632+0000] {subprocess.py:93} INFO -                               ^
[2025-08-17T11:52:44.633+0000] {subprocess.py:93} INFO - 
[2025-08-17T11:52:44.633+0000] {subprocess.py:93} INFO - ⚠️ CAKEUSDT lỗi lần 1/3: HTTPSConnectionPool(host='api.binance.com', port=443): Max retries exceeded with url: /api/v3/klines?symbol=CAKEUSDT&interval=1m&limit=100 (Caused by ConnectTimeoutError(<urllib3.connection.HTTPSConnection object at 0x7f8f69b03b50>, 'Connection to api.binance.com timed out. (connect timeout=15)'))
[2025-08-17T11:52:44.633+0000] {subprocess.py:93} INFO - ✅ CAKEUSDT: thêm 33 dòng mới
[2025-08-17T11:52:44.634+0000] {subprocess.py:93} INFO - 76/100 CAKEUSDT lưu OK
[2025-08-17T11:52:44.634+0000] {subprocess.py:93} INFO - ✅ ERAUSDT: thêm 9 dòng mới
[2025-08-17T11:52:44.635+0000] {subprocess.py:93} INFO - 77/100 ERAUSDT lưu OK
[2025-08-17T11:52:44.635+0000] {subprocess.py:93} INFO - ⚠️ FETUSDT lỗi lần 1/3: HTTPSConnectionPool(host='api.binance.com', port=443): Max retries exceeded with url: /api/v3/klines?symbol=FETUSDT&interval=1m&limit=100 (Caused by ConnectTimeoutError(<urllib3.connection.HTTPSConnection object at 0x7f8f69b00e80>, 'Connection to api.binance.com timed out. (connect timeout=15)'))
[2025-08-17T11:52:44.635+0000] {subprocess.py:93} INFO - 78/100 ETHFIUSDT lỗi: connection to server at "videv.cloud" (27.74.74.29), port 5432 failed: Connection timed out
[2025-08-17T11:52:44.636+0000] {subprocess.py:93} INFO - 	Is the server running on that host and accepting TCP/IP connections?
[2025-08-17T11:52:44.636+0000] {subprocess.py:93} INFO - 
[2025-08-17T11:52:44.637+0000] {subprocess.py:93} INFO - ⚠️ SYRUPUSDT lỗi lần 1/3: HTTPSConnectionPool(host='api.binance.com', port=443): Max retries exceeded with url: /api/v3/klines?symbol=SYRUPUSDT&interval=1m&limit=100 (Caused by ConnectTimeoutError(<urllib3.connection.HTTPSConnection object at 0x7f8f69b03010>, 'Connection to api.binance.com timed out. (connect timeout=15)'))
[2025-08-17T11:52:44.637+0000] {subprocess.py:93} INFO - 79/100 INJUSDT lỗi: connection to server at "videv.cloud" (27.74.74.29), port 5432 failed: Connection timed out
[2025-08-17T11:52:44.637+0000] {subprocess.py:93} INFO - 	Is the server running on that host and accepting TCP/IP connections?
[2025-08-17T11:52:44.638+0000] {subprocess.py:93} INFO - 
[2025-08-17T11:52:44.638+0000] {subprocess.py:93} INFO - ⚠️ LAUSDT lỗi lần 1/3: HTTPSConnectionPool(host='api.binance.com', port=443): Max retries exceeded with url: /api/v3/klines?symbol=LAUSDT&interval=1m&limit=100 (Caused by ConnectTimeoutError(<urllib3.connection.HTTPSConnection object at 0x7f8f69b01f00>, 'Connection to api.binance.com timed out. (connect timeout=15)'))
[2025-08-17T11:52:44.638+0000] {subprocess.py:93} INFO - ⚠️ SYRUPUSDT lỗi lần 2/3: HTTPSConnectionPool(host='api.binance.com', port=443): Max retries exceeded with url: /api/v3/klines?symbol=SYRUPUSDT&interval=1m&limit=100 (Caused by ConnectTimeoutError(<urllib3.connection.HTTPSConnection object at 0x7f8f6af81810>, 'Connection to api.binance.com timed out. (connect timeout=15)'))
[2025-08-17T11:52:44.639+0000] {subprocess.py:93} INFO - ⚠️ CFXUSDT lỗi lần 1/3: HTTPSConnectionPool(host='api.binance.com', port=443): Max retries exceeded with url: /api/v3/klines?symbol=CFXUSDT&interval=1m&limit=100 (Caused by ConnectTimeoutError(<urllib3.connection.HTTPSConnection object at 0x7f8f6af41cf0>, 'Connection to api.binance.com timed out. (connect timeout=15)'))
[2025-08-17T11:52:44.639+0000] {subprocess.py:93} INFO - ⚠️ LAUSDT lỗi lần 2/3: HTTPSConnectionPool(host='api.binance.com', port=443): Max retries exceeded with url: /api/v3/klines?symbol=LAUSDT&interval=1m&limit=100 (Caused by ConnectTimeoutError(<urllib3.connection.HTTPSConnection object at 0x7f8f69b01120>, 'Connection to api.binance.com timed out. (connect timeout=15)'))
[2025-08-17T11:52:44.639+0000] {subprocess.py:93} INFO - ⚠️ SYRUPUSDT lỗi lần 3/3: HTTPSConnectionPool(host='api.binance.com', port=443): Max retries exceeded with url: /api/v3/klines?symbol=SYRUPUSDT&interval=1m&limit=100 (Caused by ConnectTimeoutError(<urllib3.connection.HTTPSConnection object at 0x7f8f69b01bd0>, 'Connection to api.binance.com timed out. (connect timeout=15)'))
[2025-08-17T11:52:44.640+0000] {subprocess.py:93} INFO - 80/100 SYRUPUSDT bỏ qua (fail)
[2025-08-17T11:52:44.640+0000] {subprocess.py:93} INFO - ⚠️ CFXUSDT lỗi lần 2/3: HTTPSConnectionPool(host='api.binance.com', port=443): Max retries exceeded with url: /api/v3/klines?symbol=CFXUSDT&interval=1m&limit=100 (Caused by ConnectTimeoutError(<urllib3.connection.HTTPSConnection object at 0x7f8f69b25000>, 'Connection to api.binance.com timed out. (connect timeout=15)'))
[2025-08-17T11:52:44.641+0000] {subprocess.py:93} INFO - ✅ CFXUSDT: thêm 10 dòng mới
[2025-08-17T11:52:44.641+0000] {subprocess.py:93} INFO - 81/100 CFXUSDT lưu OK
[2025-08-17T11:52:44.641+0000] {subprocess.py:93} INFO - 82/100 ZKUSDT lỗi: relation "cryptocurrency.zkusdt" does not exist
[2025-08-17T11:52:44.642+0000] {subprocess.py:93} INFO - LINE 1: SELECT MAX(time) FROM cryptocurrency.zkusdt;
[2025-08-17T11:52:44.642+0000] {subprocess.py:93} INFO -                               ^
[2025-08-17T11:52:44.642+0000] {subprocess.py:93} INFO - 
[2025-08-17T11:52:44.643+0000] {subprocess.py:93} INFO - ⚠️ LAUSDT lỗi lần 3/3: HTTPSConnectionPool(host='api.binance.com', port=443): Max retries exceeded with url: /api/v3/klines?symbol=LAUSDT&interval=1m&limit=100 (Caused by ConnectTimeoutError(<urllib3.connection.HTTPSConnection object at 0x7f8f69b24f40>, 'Connection to api.binance.com timed out. (connect timeout=15)'))
[2025-08-17T11:52:44.643+0000] {subprocess.py:93} INFO - 83/100 LAUSDT bỏ qua (fail)
[2025-08-17T11:52:44.644+0000] {subprocess.py:93} INFO - ✅ PNUTUSDT: thêm 9 dòng mới
[2025-08-17T11:52:44.644+0000] {subprocess.py:93} INFO - 84/100 PNUTUSDT lưu OK
[2025-08-17T11:54:51.449+0000] {subprocess.py:93} INFO - ⚠️ ICPUSDT lỗi lần 1/3: HTTPSConnectionPool(host='api.binance.com', port=443): Max retries exceeded with url: /api/v3/klines?symbol=ICPUSDT&interval=1m&limit=100 (Caused by ConnectTimeoutError(<urllib3.connection.HTTPSConnection object at 0x7f8f69b24340>, 'Connection to api.binance.com timed out. (connect timeout=15)'))
[2025-08-17T11:54:51.450+0000] {subprocess.py:93} INFO - ✅ ICPUSDT: thêm 34 dòng mới
[2025-08-17T11:54:51.451+0000] {subprocess.py:93} INFO - 85/100 ICPUSDT lưu OK
[2025-08-17T11:54:51.451+0000] {subprocess.py:93} INFO - 86/100 NEIROUSDT lỗi: connection to server at "videv.cloud" (27.74.74.29), port 5432 failed: Connection timed out
[2025-08-17T11:54:51.451+0000] {subprocess.py:93} INFO - 	Is the server running on that host and accepting TCP/IP connections?
[2025-08-17T11:54:51.452+0000] {subprocess.py:93} INFO - 
[2025-08-17T11:54:51.452+0000] {subprocess.py:93} INFO - ⚠️ ENSUSDT lỗi lần 1/3: HTTPSConnectionPool(host='api.binance.com', port=443): Max retries exceeded with url: /api/v3/klines?symbol=ENSUSDT&interval=1m&limit=100 (Caused by ConnectTimeoutError(<urllib3.connection.HTTPSConnection object at 0x7f8f69b03460>, 'Connection to api.binance.com timed out. (connect timeout=15)'))
[2025-08-17T11:54:51.453+0000] {subprocess.py:93} INFO - 87/100 ETCUSDT lỗi: connection to server at "videv.cloud" (27.74.74.29), port 5432 failed: Connection timed out
[2025-08-17T11:54:51.453+0000] {subprocess.py:93} INFO - 	Is the server running on that host and accepting TCP/IP connections?
[2025-08-17T11:54:51.454+0000] {subprocess.py:93} INFO - 
[2025-08-17T11:54:51.454+0000] {subprocess.py:93} INFO - ⚠️ EURUSDT lỗi lần 1/3: HTTPSConnectionPool(host='api.binance.com', port=443): Max retries exceeded with url: /api/v3/klines?symbol=EURUSDT&interval=1m&limit=100 (Caused by ConnectTimeoutError(<urllib3.connection.HTTPSConnection object at 0x7f8f69b01b10>, 'Connection to api.binance.com timed out. (connect timeout=15)'))
[2025-08-17T11:54:51.454+0000] {subprocess.py:93} INFO - ⚠️ HOTUSDT lỗi lần 1/3: HTTPSConnectionPool(host='api.binance.com', port=443): Max retries exceeded with url: /api/v3/klines?symbol=HOTUSDT&interval=1m&limit=100 (Caused by ConnectTimeoutError(<urllib3.connection.HTTPSConnection object at 0x7f8f6af83a30>, 'Connection to api.binance.com timed out. (connect timeout=15)'))
[2025-08-17T11:54:51.455+0000] {subprocess.py:93} INFO - ⚠️ ENSUSDT lỗi lần 2/3: HTTPSConnectionPool(host='api.binance.com', port=443): Max retries exceeded with url: /api/v3/klines?symbol=ENSUSDT&interval=1m&limit=100 (Caused by ConnectTimeoutError(<urllib3.connection.HTTPSConnection object at 0x7f8f69b00f70>, 'Connection to api.binance.com timed out. (connect timeout=15)'))
[2025-08-17T11:54:51.455+0000] {subprocess.py:93} INFO - ⚠️ MDTUSDT lỗi lần 1/3: HTTPSConnectionPool(host='api.binance.com', port=443): Max retries exceeded with url: /api/v3/klines?symbol=MDTUSDT&interval=1m&limit=100 (Caused by ConnectTimeoutError(<urllib3.connection.HTTPSConnection object at 0x7f8f6af41660>, 'Connection to api.binance.com timed out. (connect timeout=15)'))
[2025-08-17T11:54:51.456+0000] {subprocess.py:93} INFO - 88/100 HOTUSDT lỗi: relation "cryptocurrency.hotusdt" does not exist
[2025-08-17T11:54:51.456+0000] {subprocess.py:93} INFO - LINE 1: SELECT MAX(time) FROM cryptocurrency.hotusdt;
[2025-08-17T11:54:51.456+0000] {subprocess.py:93} INFO -                               ^
[2025-08-17T11:54:51.457+0000] {subprocess.py:93} INFO - 
[2025-08-17T11:54:51.457+0000] {subprocess.py:93} INFO - ⚠️ EURUSDT lỗi lần 2/3: HTTPSConnectionPool(host='api.binance.com', port=443): Max retries exceeded with url: /api/v3/klines?symbol=EURUSDT&interval=1m&limit=100 (Caused by ConnectTimeoutError(<urllib3.connection.HTTPSConnection object at 0x7f8f69b26d40>, 'Connection to api.binance.com timed out. (connect timeout=15)'))
[2025-08-17T11:54:51.458+0000] {subprocess.py:93} INFO - 89/100 TREEUSDT lỗi: relation "cryptocurrency.treeusdt" does not exist
[2025-08-17T11:54:51.458+0000] {subprocess.py:93} INFO - LINE 1: SELECT MAX(time) FROM cryptocurrency.treeusdt;
[2025-08-17T11:54:51.458+0000] {subprocess.py:93} INFO -                               ^
[2025-08-17T11:54:51.459+0000] {subprocess.py:93} INFO - 
[2025-08-17T11:54:51.459+0000] {subprocess.py:93} INFO - ⚠️ ENSUSDT lỗi lần 3/3: HTTPSConnectionPool(host='api.binance.com', port=443): Max retries exceeded with url: /api/v3/klines?symbol=ENSUSDT&interval=1m&limit=100 (Caused by ConnectTimeoutError(<urllib3.connection.HTTPSConnection object at 0x7f8f69b02b90>, 'Connection to api.binance.com timed out. (connect timeout=15)'))
[2025-08-17T11:54:51.460+0000] {subprocess.py:93} INFO - ⚠️ MDTUSDT lỗi lần 2/3: HTTPSConnectionPool(host='api.binance.com', port=443): Max retries exceeded with url: /api/v3/klines?symbol=MDTUSDT&interval=1m&limit=100 (Caused by ConnectTimeoutError(<urllib3.connection.HTTPSConnection object at 0x7f8f69b03c70>, 'Connection to api.binance.com timed out. (connect timeout=15)'))
[2025-08-17T11:54:51.460+0000] {subprocess.py:93} INFO - 90/100 ENSUSDT bỏ qua (fail)
[2025-08-17T11:54:51.461+0000] {subprocess.py:93} INFO - ✅ EURUSDT: thêm 23 dòng mới
[2025-08-17T11:54:51.461+0000] {subprocess.py:93} INFO - 91/100 EURUSDT lưu OK
[2025-08-17T11:54:51.461+0000] {subprocess.py:93} INFO - 92/100 VETUSDT lỗi: relation "cryptocurrency.vetusdt" does not exist
[2025-08-17T11:54:51.462+0000] {subprocess.py:93} INFO - LINE 1: SELECT MAX(time) FROM cryptocurrency.vetusdt;
[2025-08-17T11:54:51.462+0000] {subprocess.py:93} INFO -                               ^
[2025-08-17T11:54:51.463+0000] {subprocess.py:93} INFO - 
[2025-08-17T11:54:51.463+0000] {subprocess.py:93} INFO - 93/100 RENDERUSDT lỗi: connection to server at "videv.cloud" (27.74.74.29), port 5432 failed: Connection timed out
[2025-08-17T11:54:51.463+0000] {subprocess.py:93} INFO - 	Is the server running on that host and accepting TCP/IP connections?
[2025-08-17T11:54:51.464+0000] {subprocess.py:93} INFO - 
[2025-08-17T11:54:51.464+0000] {subprocess.py:93} INFO - ✅ MDTUSDT: thêm 23 dòng mới
[2025-08-17T11:54:51.465+0000] {subprocess.py:93} INFO - 94/100 MDTUSDT lưu OK
[2025-08-17T11:54:51.465+0000] {subprocess.py:93} INFO - ⚠️ ARKMUSDT lỗi lần 1/3: HTTPSConnectionPool(host='api.binance.com', port=443): Max retries exceeded with url: /api/v3/klines?symbol=ARKMUSDT&interval=1m&limit=100 (Caused by ConnectTimeoutError(<urllib3.connection.HTTPSConnection object at 0x7f8f69b27040>, 'Connection to api.binance.com timed out. (connect timeout=15)'))
[2025-08-17T11:54:51.465+0000] {subprocess.py:93} INFO - 95/100 VIRTUALUSDT lỗi: connection to server at "videv.cloud" (27.74.74.29), port 5432 failed: Connection timed out
[2025-08-17T11:54:51.466+0000] {subprocess.py:93} INFO - 	Is the server running on that host and accepting TCP/IP connections?
[2025-08-17T11:54:51.466+0000] {subprocess.py:93} INFO - 
[2025-08-17T11:54:51.467+0000] {subprocess.py:93} INFO - 96/100 POLUSDT lỗi: connection to server at "videv.cloud" (27.74.74.29), port 5432 failed: Connection timed out
[2025-08-17T11:54:51.467+0000] {subprocess.py:93} INFO - 	Is the server running on that host and accepting TCP/IP connections?
[2025-08-17T11:54:51.467+0000] {subprocess.py:93} INFO - 
[2025-08-17T11:54:51.468+0000] {subprocess.py:93} INFO - 97/100 ALGOUSDT lỗi: connection to server at "videv.cloud" (27.74.74.29), port 5432 failed: Connection timed out
[2025-08-17T11:54:51.468+0000] {subprocess.py:93} INFO - 	Is the server running on that host and accepting TCP/IP connections?
[2025-08-17T11:54:51.469+0000] {subprocess.py:93} INFO - 
[2025-08-17T11:54:51.469+0000] {subprocess.py:93} INFO - 98/100 FETUSDT lỗi: connection to server at "videv.cloud" (27.74.74.29), port 5432 failed: Connection timed out
[2025-08-17T11:54:51.469+0000] {subprocess.py:93} INFO - 	Is the server running on that host and accepting TCP/IP connections?
[2025-08-17T11:54:51.470+0000] {subprocess.py:93} INFO - 
[2025-08-17T11:54:51.470+0000] {subprocess.py:93} INFO - ✅ ARKMUSDT: thêm 23 dòng mới
[2025-08-17T11:54:51.471+0000] {subprocess.py:93} INFO - 99/100 ARKMUSDT lưu OK
[2025-08-17T11:54:51.471+0000] {subprocess.py:93} INFO - 100/100 SHIBUSDT lỗi: connection to server at "videv.cloud" (27.74.74.29), port 5432 failed: Connection timed out
[2025-08-17T11:54:51.471+0000] {subprocess.py:93} INFO - 	Is the server running on that host and accepting TCP/IP connections?
[2025-08-17T11:54:51.472+0000] {subprocess.py:93} INFO - 
[2025-08-17T11:54:51.597+0000] {subprocess.py:97} INFO - Command exited with return code 0
[2025-08-17T11:54:51.598+0000] {taskinstance.py:441} INFO - ::group::Post task execution logs
[2025-08-17T11:54:51.630+0000] {taskinstance.py:1206} INFO - Marking task as SUCCESS. dag_id=crypto_collector_dag, task_id=run_crypto_collector, run_id=scheduled__2025-08-17T11:44:00+00:00, execution_date=20250817T114400, start_date=20250817T114529, end_date=20250817T115451
[2025-08-17T11:54:51.695+0000] {local_task_job_runner.py:240} INFO - Task exited with return code 0
[2025-08-17T11:54:51.727+0000] {taskinstance.py:3498} INFO - 0 downstream tasks scheduled from follow-on schedule check
[2025-08-17T11:54:51.728+0000] {local_task_job_runner.py:222} INFO - ::endgroup::
